samblaster: Version 0.1.24
samblaster: Inputting from stdin
samblaster: Outputting to stdout
[M::bwa_idx_load_from_disk] read 0 ALT contigs
[M::process] read 1470494 sequences (200000022 bp)...
[M::mem_pestat] # candidate unique pairs for (FF, FR, RF, RR): (57, 567688, 142, 32)
[M::mem_pestat] analyzing insert size distribution for orientation FF...
[M::mem_pestat] (25, 50, 75) percentile: (273, 400, 956)
[M::mem_pestat] low and high boundaries for computing mean and std.dev: (1, 2322)
[M::mem_pestat] mean and std.dev: (540.12, 444.81)
[M::mem_pestat] low and high boundaries for proper pairs: (1, 3005)
[M::mem_pestat] analyzing insert size distribution for orientation FR...
[M::mem_pestat] (25, 50, 75) percentile: (286, 377, 480)
[M::mem_pestat] low and high boundaries for computing mean and std.dev: (1, 868)
[M::mem_pestat] mean and std.dev: (389.63, 144.79)
[M::mem_pestat] low and high boundaries for proper pairs: (1, 1062)
[M::mem_pestat] analyzing insert size distribution for orientation RF...
[M::mem_pestat] (25, 50, 75) percentile: (122, 716, 2984)
[M::mem_pestat] low and high boundaries for computing mean and std.dev: (1, 8708)
[M::mem_pestat] mean and std.dev: (1471.06, 2015.66)
[M::mem_pestat] low and high boundaries for proper pairs: (1, 11570)
[M::mem_pestat] analyzing insert size distribution for orientation RR...
[M::mem_pestat] (25, 50, 75) percentile: (355, 837, 1761)
[M::mem_pestat] low and high boundaries for computing mean and std.dev: (1, 4573)
[M::mem_pestat] mean and std.dev: (1130.23, 1136.70)
[M::mem_pestat] low and high boundaries for proper pairs: (1, 5979)
[M::mem_pestat] skip orientation FF
[M::mem_pestat] skip orientation RF
[M::mem_pestat] skip orientation RR
[M::mem_process_seqs] Processed 1470494 reads in 464.165 CPU sec, 111.386 real sec
samblaster: Loaded 23 header sequence entries.
[M::process] read 1466474 sequences (200000258 bp)...
[M::process] read 1465914 sequences (200000206 bp)...
[M::mem_pestat] # candidate unique pairs for (FF, FR, RF, RR): (49, 565960, 140, 45)
[M::mem_pestat] analyzing insert size distribution for orientation FF...
[M::mem_pestat] (25, 50, 75) percentile: (302, 479, 684)
[M::mem_pestat] low and high boundaries for computing mean and std.dev: (1, 1448)
[M::mem_pestat] mean and std.dev: (461.64, 217.62)
[M::mem_pestat] low and high boundaries for proper pairs: (1, 1830)
[M::mem_pestat] analyzing insert size distribution for orientation FR...
[M::mem_pestat] (25, 50, 75) percentile: (290, 383, 489)
[M::mem_pestat] low and high boundaries for computing mean and std.dev: (1, 887)
[M::mem_pestat] mean and std.dev: (396.64, 148.39)
[M::mem_pestat] low and high boundaries for proper pairs: (1, 1086)
[M::mem_pestat] analyzing insert size distribution for orientation RF...
[M::mem_pestat] (25, 50, 75) percentile: (96, 540, 2343)
[M::mem_pestat] low and high boundaries for computing mean and std.dev: (1, 6837)
[M::mem_pestat] mean and std.dev: (1152.21, 1657.18)
[M::mem_pestat] low and high boundaries for proper pairs: (1, 9084)
[M::mem_pestat] analyzing insert size distribution for orientation RR...
[M::mem_pestat] (25, 50, 75) percentile: (222, 443, 884)
[M::mem_pestat] low and high boundaries for computing mean and std.dev: (1, 2208)
[M::mem_pestat] mean and std.dev: (425.49, 335.62)
[M::mem_pestat] low and high boundaries for proper pairs: (1, 2870)
[M::mem_pestat] skip orientation FF
[M::mem_pestat] skip orientation RF
[M::mem_pestat] skip orientation RR
[M::mem_process_seqs] Processed 1466474 reads in 439.035 CPU sec, 48.051 real sec
[M::process] read 1469694 sequences (200000015 bp)...
[M::mem_pestat] # candidate unique pairs for (FF, FR, RF, RR): (65, 564489, 165, 28)
[M::mem_pestat] analyzing insert size distribution for orientation FF...
[M::mem_pestat] (25, 50, 75) percentile: (263, 460, 735)
[M::mem_pestat] low and high boundaries for computing mean and std.dev: (1, 1679)
[M::mem_pestat] mean and std.dev: (447.24, 261.82)
[M::mem_pestat] low and high boundaries for proper pairs: (1, 2151)
[M::mem_pestat] analyzing insert size distribution for orientation FR...
[M::mem_pestat] (25, 50, 75) percentile: (295, 388, 496)
[M::mem_pestat] low and high boundaries for computing mean and std.dev: (1, 898)
[M::mem_pestat] mean and std.dev: (402.28, 150.73)
[M::mem_pestat] low and high boundaries for proper pairs: (1, 1099)
[M::mem_pestat] analyzing insert size distribution for orientation RF...
[M::mem_pestat] (25, 50, 75) percentile: (169, 689, 2973)
[M::mem_pestat] low and high boundaries for computing mean and std.dev: (1, 8581)
[M::mem_pestat] mean and std.dev: (1629.91, 2003.74)
[M::mem_pestat] low and high boundaries for proper pairs: (1, 11385)
[M::mem_pestat] analyzing insert size distribution for orientation RR...
[M::mem_pestat] (25, 50, 75) percentile: (287, 467, 815)
[M::mem_pestat] low and high boundaries for computing mean and std.dev: (1, 1871)
[M::mem_pestat] mean and std.dev: (519.42, 387.45)
[M::mem_pestat] low and high boundaries for proper pairs: (1, 2399)
[M::mem_pestat] skip orientation FF
[M::mem_pestat] skip orientation RF
[M::mem_pestat] skip orientation RR
[M::mem_process_seqs] Processed 1465914 reads in 439.815 CPU sec, 49.019 real sec
[M::mem_pestat] # candidate unique pairs for (FF, FR, RF, RR): (66, 563299, 124, 39)
[M::mem_pestat] analyzing insert size distribution for orientation FF...
[M::mem_pestat] (25, 50, 75) percentile: (271, 435, 745)
[M::mem_pestat] low and high boundaries for computing mean and std.dev: (1, 1693)
[M::mem_pestat] mean and std.dev: (465.42, 275.14)
[M::mem_pestat] low and high boundaries for proper pairs: (1, 2167)
[M::mem_pestat] analyzing insert size distribution for orientation FR...
[M::mem_pestat] (25, 50, 75) percentile: (292, 385, 491)
[M::mem_pestat] low and high boundaries for computing mean and std.dev: (1, 889)
[M::mem_pestat] mean and std.dev: (398.16, 148.29)
[M::mem_pestat] low and high boundaries for proper pairs: (1, 1088)
[M::mem_pestat] analyzing insert size distribution for orientation RF...
[M::mem_pestat] (25, 50, 75) percentile: (140, 609, 1765)
[M::mem_pestat] low and high boundaries for computing mean and std.dev: (1, 5015)
[M::mem_pestat] mean and std.dev: (966.68, 1287.40)
[M::mem_pestat] low and high boundaries for proper pairs: (1, 6640)
[M::mem_pestat] analyzing insert size distribution for orientation RR...
[M::mem_pestat] (25, 50, 75) percentile: (263, 408, 1023)
[M::mem_pestat] low and high boundaries for computing mean and std.dev: (1, 2543)
[M::mem_pestat] mean and std.dev: (521.00, 467.24)
[M::mem_pestat] low and high boundaries for proper pairs: (1, 3303)
[M::mem_pestat] skip orientation FF
[M::mem_pestat] skip orientation RF
[M::mem_pestat] skip orientation RR
[M::process] read 1466740 sequences (200000215 bp)...
[M::mem_process_seqs] Processed 1469694 reads in 443.820 CPU sec, 48.915 real sec
[M::mem_pestat] # candidate unique pairs for (FF, FR, RF, RR): (59, 566764, 123, 40)
[M::mem_pestat] analyzing insert size distribution for orientation FF...
[M::mem_pestat] (25, 50, 75) percentile: (330, 560, 922)
[M::mem_pestat] low and high boundaries for computing mean and std.dev: (1, 2106)
[M::mem_pestat] mean and std.dev: (585.56, 351.34)
[M::mem_pestat] low and high boundaries for proper pairs: (1, 2698)
[M::mem_pestat] analyzing insert size distribution for orientation FR...
[M::mem_pestat] (25, 50, 75) percentile: (290, 382, 488)
[M::mem_pestat] low and high boundaries for computing mean and std.dev: (1, 884)
[M::mem_pestat] mean and std.dev: (395.69, 148.13)
[M::mem_pestat] low and high boundaries for proper pairs: (1, 1082)
[M::mem_pestat] analyzing insert size distribution for orientation RF...
[M::mem_pestat] (25, 50, 75) percentile: (74, 250, 3105)
[M::mem_pestat] low and high boundaries for computing mean and std.dev: (1, 9167)
[M::mem_pestat] mean and std.dev: (1545.21, 2464.95)
[M::mem_pestat] low and high boundaries for proper pairs: (1, 12198)
[M::mem_pestat] analyzing insert size distribution for orientation RR...
[M::mem_pestat] (25, 50, 75) percentile: (206, 418, 1269)
[M::mem_pestat] low and high boundaries for computing mean and std.dev: (1, 3395)
[M::mem_pestat] mean and std.dev: (612.06, 604.88)
[M::mem_pestat] low and high boundaries for proper pairs: (1, 4458)
[M::mem_pestat] skip orientation FF
[M::mem_pestat] skip orientation RF
[M::mem_pestat] skip orientation RR
[M::process] read 1465692 sequences (200000139 bp)...
[M::mem_process_seqs] Processed 1466740 reads in 435.234 CPU sec, 47.466 real sec
[M::mem_pestat] # candidate unique pairs for (FF, FR, RF, RR): (69, 565035, 141, 51)
[M::mem_pestat] analyzing insert size distribution for orientation FF...
[M::mem_pestat] (25, 50, 75) percentile: (362, 509, 947)
[M::mem_pestat] low and high boundaries for computing mean and std.dev: (1, 2117)
[M::mem_pestat] mean and std.dev: (537.78, 373.73)
[M::mem_pestat] low and high boundaries for proper pairs: (1, 2702)
[M::mem_pestat] analyzing insert size distribution for orientation FR...
[M::mem_pestat] (25, 50, 75) percentile: (295, 388, 497)
[M::mem_pestat] low and high boundaries for computing mean and std.dev: (1, 901)
[M::mem_pestat] mean and std.dev: (402.58, 151.23)
[M::mem_pestat] low and high boundaries for proper pairs: (1, 1103)
[M::mem_pestat] analyzing insert size distribution for orientation RF...
[M::mem_pestat] (25, 50, 75) percentile: (73, 615, 2998)
[M::mem_pestat] low and high boundaries for computing mean and std.dev: (1, 8848)
[M::mem_pestat] mean and std.dev: (1713.59, 2361.36)
[M::mem_pestat] low and high boundaries for proper pairs: (1, 11773)
[M::mem_pestat] analyzing insert size distribution for orientation RR...
[M::mem_pestat] (25, 50, 75) percentile: (296, 446, 925)
[M::mem_pestat] low and high boundaries for computing mean and std.dev: (1, 2183)
[M::mem_pestat] mean and std.dev: (527.56, 389.65)
[M::mem_pestat] low and high boundaries for proper pairs: (1, 2812)
[M::mem_pestat] skip orientation FF
[M::mem_pestat] skip orientation RF
[M::mem_pestat] skip orientation RR
[M::mem_process_seqs] Processed 1465692 reads in 448.516 CPU sec, 66.403 real sec
[M::process] read 1467280 sequences (200000163 bp)...
[M::process] read 1473654 sequences (200000266 bp)...
[M::mem_pestat] # candidate unique pairs for (FF, FR, RF, RR): (57, 563083, 151, 52)
[M::mem_pestat] analyzing insert size distribution for orientation FF...
[M::mem_pestat] (25, 50, 75) percentile: (375, 582, 1031)
[M::mem_pestat] low and high boundaries for computing mean and std.dev: (1, 2343)
[M::mem_pestat] mean and std.dev: (680.02, 407.13)
[M::mem_pestat] low and high boundaries for proper pairs: (1, 2999)
[M::mem_pestat] analyzing insert size distribution for orientation FR...
[M::mem_pestat] (25, 50, 75) percentile: (296, 391, 500)
[M::mem_pestat] low and high boundaries for computing mean and std.dev: (1, 908)
[M::mem_pestat] mean and std.dev: (405.05, 152.01)
[M::mem_pestat] low and high boundaries for proper pairs: (1, 1112)
[M::mem_pestat] analyzing insert size distribution for orientation RF...
[M::mem_pestat] (25, 50, 75) percentile: (118, 574, 2817)
[M::mem_pestat] low and high boundaries for computing mean and std.dev: (1, 8215)
[M::mem_pestat] mean and std.dev: (1343.91, 1986.17)
[M::mem_pestat] low and high boundaries for proper pairs: (1, 10914)
[M::mem_pestat] analyzing insert size distribution for orientation RR...
[M::mem_pestat] (25, 50, 75) percentile: (232, 421, 860)
[M::mem_pestat] low and high boundaries for computing mean and std.dev: (1, 2116)
[M::mem_pestat] mean and std.dev: (521.00, 469.83)
[M::mem_pestat] low and high boundaries for proper pairs: (1, 2744)
[M::mem_pestat] skip orientation FF
[M::mem_pestat] skip orientation RF
[M::mem_pestat] skip orientation RR
[M::mem_process_seqs] Processed 1467280 reads in 443.669 CPU sec, 46.784 real sec
[M::process] read 1466198 sequences (200000086 bp)...
[M::mem_pestat] # candidate unique pairs for (FF, FR, RF, RR): (68, 564390, 145, 38)
[M::mem_pestat] analyzing insert size distribution for orientation FF...
[M::mem_pestat] (25, 50, 75) percentile: (324, 448, 732)
[M::mem_pestat] low and high boundaries for computing mean and std.dev: (1, 1548)
[M::mem_pestat] mean and std.dev: (466.77, 255.18)
[M::mem_pestat] low and high boundaries for proper pairs: (1, 1956)
[M::mem_pestat] analyzing insert size distribution for orientation FR...
[M::mem_pestat] (25, 50, 75) percentile: (293, 386, 491)
[M::mem_pestat] low and high boundaries for computing mean and std.dev: (1, 887)
[M::mem_pestat] mean and std.dev: (398.17, 147.31)
[M::mem_pestat] low and high boundaries for proper pairs: (1, 1085)
[M::mem_pestat] analyzing insert size distribution for orientation RF...
[M::mem_pestat] (25, 50, 75) percentile: (106, 733, 3990)
[M::mem_pestat] low and high boundaries for computing mean and std.dev: (1, 11758)
[M::mem_pestat] mean and std.dev: (2206.46, 2633.90)
[M::mem_pestat] low and high boundaries for proper pairs: (1, 15642)
[M::mem_pestat] analyzing insert size distribution for orientation RR...
[M::mem_pestat] (25, 50, 75) percentile: (253, 557, 1462)
[M::mem_pestat] low and high boundaries for computing mean and std.dev: (1, 3880)
[M::mem_pestat] mean and std.dev: (869.38, 854.58)
[M::mem_pestat] low and high boundaries for proper pairs: (1, 5089)
[M::mem_pestat] skip orientation FF
[M::mem_pestat] skip orientation RF
[M::mem_pestat] skip orientation RR
[M::mem_process_seqs] Processed 1473654 reads in 445.972 CPU sec, 48.825 real sec
[M::mem_pestat] # candidate unique pairs for (FF, FR, RF, RR): (55, 566089, 119, 42)
[M::mem_pestat] analyzing insert size distribution for orientation FF...
[M::mem_pestat] (25, 50, 75) percentile: (365, 454, 951)
[M::mem_pestat] low and high boundaries for computing mean and std.dev: (1, 2123)
[M::mem_pestat] mean and std.dev: (599.10, 453.31)
[M::mem_pestat] low and high boundaries for proper pairs: (1, 2709)
[M::mem_pestat] analyzing insert size distribution for orientation FR...
[M::mem_pestat] (25, 50, 75) percentile: (291, 384, 491)
[M::mem_pestat] low and high boundaries for computing mean and std.dev: (1, 891)
[M::mem_pestat] mean and std.dev: (398.08, 149.58)
[M::mem_pestat] low and high boundaries for proper pairs: (1, 1091)
[M::mem_pestat] analyzing insert size distribution for orientation RF...
[M::mem_pestat] (25, 50, 75) percentile: (86, 447, 2290)
[M::mem_pestat] low and high boundaries for computing mean and std.dev: (1, 6698)
[M::mem_pestat] mean and std.dev: (1193.72, 1681.53)
[M::mem_pestat] low and high boundaries for proper pairs: (1, 8902)
[M::mem_pestat] analyzing insert size distribution for orientation RR...
[M::mem_pestat] (25, 50, 75) percentile: (277, 473, 1003)
[M::mem_pestat] low and high boundaries for computing mean and std.dev: (1, 2455)
[M::mem_pestat] mean and std.dev: (511.80, 413.35)
[M::mem_pestat] low and high boundaries for proper pairs: (1, 3181)
[M::mem_pestat] skip orientation FF
[M::mem_pestat] skip orientation RF
[M::mem_pestat] skip orientation RR
[M::process] read 1464658 sequences (200000077 bp)...
[M::mem_process_seqs] Processed 1466198 reads in 438.551 CPU sec, 47.677 real sec
[M::mem_pestat] # candidate unique pairs for (FF, FR, RF, RR): (54, 564031, 151, 39)
[M::mem_pestat] analyzing insert size distribution for orientation FF...
[M::mem_pestat] (25, 50, 75) percentile: (328, 511, 745)
[M::mem_pestat] low and high boundaries for computing mean and std.dev: (1, 1579)
[M::mem_pestat] mean and std.dev: (525.70, 286.98)
[M::mem_pestat] low and high boundaries for proper pairs: (1, 1996)
[M::mem_pestat] analyzing insert size distribution for orientation FR...
[M::mem_pestat] (25, 50, 75) percentile: (296, 390, 500)
[M::mem_pestat] low and high boundaries for computing mean and std.dev: (1, 908)
[M::mem_pestat] mean and std.dev: (404.56, 152.68)
[M::mem_pestat] low and high boundaries for proper pairs: (1, 1112)
[M::mem_pestat] analyzing insert size distribution for orientation RF...
[M::mem_pestat] (25, 50, 75) percentile: (104, 681, 3432)
[M::mem_pestat] low and high boundaries for computing mean and std.dev: (1, 10088)
[M::mem_pestat] mean and std.dev: (2131.04, 2754.23)
[M::mem_pestat] low and high boundaries for proper pairs: (1, 13416)
[M::mem_pestat] analyzing insert size distribution for orientation RR...
[M::mem_pestat] (25, 50, 75) percentile: (274, 686, 1237)
[M::mem_pestat] low and high boundaries for computing mean and std.dev: (1, 3163)
[M::mem_pestat] mean and std.dev: (844.43, 751.88)
[M::mem_pestat] low and high boundaries for proper pairs: (1, 4126)
[M::mem_pestat] skip orientation FF
[M::mem_pestat] skip orientation RF
[M::mem_pestat] skip orientation RR
[M::process] read 1465722 sequences (200000001 bp)...
[M::mem_process_seqs] Processed 1464658 reads in 441.097 CPU sec, 48.299 real sec
[M::mem_pestat] # candidate unique pairs for (FF, FR, RF, RR): (66, 562123, 157, 42)
[M::mem_pestat] analyzing insert size distribution for orientation FF...
[M::mem_pestat] (25, 50, 75) percentile: (279, 614, 795)
[M::mem_pestat] low and high boundaries for computing mean and std.dev: (1, 1827)
[M::mem_pestat] mean and std.dev: (578.85, 365.03)
[M::mem_pestat] low and high boundaries for proper pairs: (1, 2343)
[M::mem_pestat] analyzing insert size distribution for orientation FR...
[M::mem_pestat] (25, 50, 75) percentile: (297, 392, 502)
[M::mem_pestat] low and high boundaries for computing mean and std.dev: (1, 912)
[M::mem_pestat] mean and std.dev: (406.55, 152.99)
[M::mem_pestat] low and high boundaries for proper pairs: (1, 1117)
[M::mem_pestat] analyzing insert size distribution for orientation RF...
[M::mem_pestat] (25, 50, 75) percentile: (88, 522, 4236)
[M::mem_pestat] low and high boundaries for computing mean and std.dev: (1, 12532)
[M::mem_pestat] mean and std.dev: (2166.45, 2837.73)
[M::mem_pestat] low and high boundaries for proper pairs: (1, 16680)
[M::mem_pestat] analyzing insert size distribution for orientation RR...
[M::mem_pestat] (25, 50, 75) percentile: (283, 470, 2233)
[M::mem_pestat] low and high boundaries for computing mean and std.dev: (1, 6133)
[M::mem_pestat] mean and std.dev: (1142.35, 1381.61)
[M::mem_pestat] low and high boundaries for proper pairs: (1, 8083)
[M::mem_pestat] skip orientation FF
[M::mem_pestat] skip orientation RF
[M::mem_pestat] skip orientation RR
[M::process] read 1473104 sequences (200000237 bp)...
[M::mem_process_seqs] Processed 1465722 reads in 445.857 CPU sec, 48.344 real sec
[M::mem_pestat] # candidate unique pairs for (FF, FR, RF, RR): (46, 563738, 121, 54)
[M::mem_pestat] analyzing insert size distribution for orientation FF...
[M::mem_pestat] (25, 50, 75) percentile: (284, 460, 714)
[M::mem_pestat] low and high boundaries for computing mean and std.dev: (1, 1574)
[M::mem_pestat] mean and std.dev: (492.32, 305.74)
[M::mem_pestat] low and high boundaries for proper pairs: (1, 2004)
[M::mem_pestat] analyzing insert size distribution for orientation FR...
[M::mem_pestat] (25, 50, 75) percentile: (293, 386, 492)
[M::mem_pestat] low and high boundaries for computing mean and std.dev: (1, 890)
[M::mem_pestat] mean and std.dev: (398.99, 148.04)
[M::mem_pestat] low and high boundaries for proper pairs: (1, 1089)
[M::mem_pestat] analyzing insert size distribution for orientation RF...
[M::mem_pestat] (25, 50, 75) percentile: (100, 597, 2565)
[M::mem_pestat] low and high boundaries for computing mean and std.dev: (1, 7495)
[M::mem_pestat] mean and std.dev: (1288.00, 1842.23)
[M::mem_pestat] low and high boundaries for proper pairs: (1, 9960)
[M::mem_pestat] analyzing insert size distribution for orientation RR...
[M::mem_pestat] (25, 50, 75) percentile: (233, 389, 950)
[M::mem_pestat] low and high boundaries for computing mean and std.dev: (1, 2384)
[M::mem_pestat] mean and std.dev: (538.24, 497.33)
[M::mem_pestat] low and high boundaries for proper pairs: (1, 3101)
[M::mem_pestat] skip orientation FF
[M::mem_pestat] skip orientation RF
[M::mem_pestat] skip orientation RR
[M::process] read 1465962 sequences (200000098 bp)...
[M::mem_process_seqs] Processed 1473104 reads in 449.659 CPU sec, 48.749 real sec
[M::mem_pestat] # candidate unique pairs for (FF, FR, RF, RR): (60, 565311, 145, 52)
[M::mem_pestat] analyzing insert size distribution for orientation FF...
[M::mem_pestat] (25, 50, 75) percentile: (308, 709, 1151)
[M::mem_pestat] low and high boundaries for computing mean and std.dev: (1, 2837)
[M::mem_pestat] mean and std.dev: (745.57, 595.72)
[M::mem_pestat] low and high boundaries for proper pairs: (1, 3680)
[M::mem_pestat] analyzing insert size distribution for orientation FR...
[M::mem_pestat] (25, 50, 75) percentile: (293, 386, 493)
[M::mem_pestat] low and high boundaries for computing mean and std.dev: (1, 893)
[M::mem_pestat] mean and std.dev: (399.85, 149.64)
[M::mem_pestat] low and high boundaries for proper pairs: (1, 1093)
[M::mem_pestat] analyzing insert size distribution for orientation RF...
[M::mem_pestat] (25, 50, 75) percentile: (131, 689, 3480)
[M::mem_pestat] low and high boundaries for computing mean and std.dev: (1, 10178)
[M::mem_pestat] mean and std.dev: (1970.83, 2566.30)
[M::mem_pestat] low and high boundaries for proper pairs: (1, 13527)
[M::mem_pestat] analyzing insert size distribution for orientation RR...
[M::mem_pestat] (25, 50, 75) percentile: (244, 533, 1411)
[M::mem_pestat] low and high boundaries for computing mean and std.dev: (1, 3745)
[M::mem_pestat] mean and std.dev: (780.06, 813.97)
[M::mem_pestat] low and high boundaries for proper pairs: (1, 4912)
[M::mem_pestat] skip orientation FF
[M::mem_pestat] skip orientation RF
[M::mem_pestat] skip orientation RR
[M::process] read 1463734 sequences (200000116 bp)...
[M::mem_process_seqs] Processed 1465962 reads in 440.049 CPU sec, 48.302 real sec
[M::mem_pestat] # candidate unique pairs for (FF, FR, RF, RR): (63, 563472, 135, 41)
[M::mem_pestat] analyzing insert size distribution for orientation FF...
[M::mem_pestat] (25, 50, 75) percentile: (452, 585, 1049)
[M::mem_pestat] low and high boundaries for computing mean and std.dev: (1, 2243)
[M::mem_pestat] mean and std.dev: (653.65, 378.33)
[M::mem_pestat] low and high boundaries for proper pairs: (1, 2840)
[M::mem_pestat] analyzing insert size distribution for orientation FR...
[M::mem_pestat] (25, 50, 75) percentile: (298, 393, 503)
[M::mem_pestat] low and high boundaries for computing mean and std.dev: (1, 913)
[M::mem_pestat] mean and std.dev: (407.64, 153.40)
[M::mem_pestat] low and high boundaries for proper pairs: (1, 1118)
[M::mem_pestat] analyzing insert size distribution for orientation RF...
[M::mem_pestat] (25, 50, 75) percentile: (163, 769, 3027)
[M::mem_pestat] low and high boundaries for computing mean and std.dev: (1, 8755)
[M::mem_pestat] mean and std.dev: (1479.00, 1778.46)
[M::mem_pestat] low and high boundaries for proper pairs: (1, 11619)
[M::mem_pestat] analyzing insert size distribution for orientation RR...
[M::mem_pestat] (25, 50, 75) percentile: (298, 456, 1446)
[M::mem_pestat] low and high boundaries for computing mean and std.dev: (1, 3742)
[M::mem_pestat] mean and std.dev: (830.38, 820.59)
[M::mem_pestat] low and high boundaries for proper pairs: (1, 4890)
[M::mem_pestat] skip orientation FF
[M::mem_pestat] skip orientation RF
[M::mem_pestat] skip orientation RR
[M::process] read 1464970 sequences (200000279 bp)...
[M::mem_process_seqs] Processed 1463734 reads in 443.823 CPU sec, 48.164 real sec
[M::mem_pestat] # candidate unique pairs for (FF, FR, RF, RR): (52, 562424, 135, 32)
[M::mem_pestat] analyzing insert size distribution for orientation FF...
[M::mem_pestat] (25, 50, 75) percentile: (387, 500, 806)
[M::mem_pestat] low and high boundaries for computing mean and std.dev: (1, 1644)
[M::mem_pestat] mean and std.dev: (554.52, 345.18)
[M::mem_pestat] low and high boundaries for proper pairs: (1, 2063)
[M::mem_pestat] analyzing insert size distribution for orientation FR...
[M::mem_pestat] (25, 50, 75) percentile: (298, 393, 504)
[M::mem_pestat] low and high boundaries for computing mean and std.dev: (1, 916)
[M::mem_pestat] mean and std.dev: (407.93, 153.59)
[M::mem_pestat] low and high boundaries for proper pairs: (1, 1122)
[M::mem_pestat] analyzing insert size distribution for orientation RF...
[M::mem_pestat] (25, 50, 75) percentile: (78, 655, 2581)
[M::mem_pestat] low and high boundaries for computing mean and std.dev: (1, 7587)
[M::mem_pestat] mean and std.dev: (1357.08, 1757.90)
[M::mem_pestat] low and high boundaries for proper pairs: (1, 10090)
[M::mem_pestat] analyzing insert size distribution for orientation RR...
[M::mem_pestat] (25, 50, 75) percentile: (235, 665, 977)
[M::mem_pestat] low and high boundaries for computing mean and std.dev: (1, 2461)
[M::mem_pestat] mean and std.dev: (577.38, 471.76)
[M::mem_pestat] low and high boundaries for proper pairs: (1, 3203)
[M::mem_pestat] skip orientation FF
[M::mem_pestat] skip orientation RF
[M::mem_pestat] skip orientation RR
[M::mem_process_seqs] Processed 1464970 reads in 457.653 CPU sec, 74.036 real sec
[M::process] read 1471966 sequences (200000006 bp)...
[M::process] read 1466816 sequences (200000112 bp)...
[M::mem_pestat] # candidate unique pairs for (FF, FR, RF, RR): (57, 563687, 136, 35)
[M::mem_pestat] analyzing insert size distribution for orientation FF...
[M::mem_pestat] (25, 50, 75) percentile: (237, 397, 645)
[M::mem_pestat] low and high boundaries for computing mean and std.dev: (1, 1461)
[M::mem_pestat] mean and std.dev: (424.46, 250.02)
[M::mem_pestat] low and high boundaries for proper pairs: (1, 1869)
[M::mem_pestat] analyzing insert size distribution for orientation FR...
[M::mem_pestat] (25, 50, 75) percentile: (294, 387, 493)
[M::mem_pestat] low and high boundaries for computing mean and std.dev: (1, 891)
[M::mem_pestat] mean and std.dev: (399.72, 148.02)
[M::mem_pestat] low and high boundaries for proper pairs: (1, 1090)
[M::mem_pestat] analyzing insert size distribution for orientation RF...
[M::mem_pestat] (25, 50, 75) percentile: (66, 580, 3132)
[M::mem_pestat] low and high boundaries for computing mean and std.dev: (1, 9264)
[M::mem_pestat] mean and std.dev: (1597.05, 2180.37)
[M::mem_pestat] low and high boundaries for proper pairs: (1, 12330)
[M::mem_pestat] analyzing insert size distribution for orientation RR...
[M::mem_pestat] (25, 50, 75) percentile: (239, 446, 2028)
[M::mem_pestat] low and high boundaries for computing mean and std.dev: (1, 5606)
[M::mem_pestat] mean and std.dev: (1116.85, 1225.54)
[M::mem_pestat] low and high boundaries for proper pairs: (1, 7395)
[M::mem_pestat] skip orientation FF
[M::mem_pestat] skip orientation RF
[M::mem_pestat] skip orientation RR
[M::mem_process_seqs] Processed 1471966 reads in 444.270 CPU sec, 46.692 real sec
[M::mem_pestat] # candidate unique pairs for (FF, FR, RF, RR): (61, 565835, 146, 37)
[M::mem_pestat] analyzing insert size distribution for orientation FF...
[M::mem_pestat] (25, 50, 75) percentile: (338, 534, 1067)
[M::mem_pestat] low and high boundaries for computing mean and std.dev: (1, 2525)
[M::mem_pestat] mean and std.dev: (579.37, 417.96)
[M::mem_pestat] low and high boundaries for proper pairs: (1, 3254)
[M::mem_pestat] analyzing insert size distribution for orientation FR...
[M::mem_pestat] (25, 50, 75) percentile: (295, 388, 495)
[M::mem_pestat] low and high boundaries for computing mean and std.dev: (1, 895)
[M::mem_pestat] mean and std.dev: (401.76, 149.94)
[M::mem_pestat] low and high boundaries for proper pairs: (1, 1095)
[M::mem_pestat] analyzing insert size distribution for orientation RF...
[M::mem_pestat] (25, 50, 75) percentile: (47, 560, 2652)
[M::mem_pestat] low and high boundaries for computing mean and std.dev: (1, 7862)
[M::mem_pestat] mean and std.dev: (1394.11, 2054.92)
[M::mem_pestat] low and high boundaries for proper pairs: (1, 10467)
[M::mem_pestat] analyzing insert size distribution for orientation RR...
[M::mem_pestat] (25, 50, 75) percentile: (181, 448, 1268)
[M::mem_pestat] low and high boundaries for computing mean and std.dev: (1, 3442)
[M::mem_pestat] mean and std.dev: (650.80, 648.22)
[M::mem_pestat] low and high boundaries for proper pairs: (1, 4529)
[M::mem_pestat] skip orientation FF
[M::mem_pestat] skip orientation RF
[M::mem_pestat] skip orientation RR
[M::process] read 1464286 sequences (200000149 bp)...
[M::mem_process_seqs] Processed 1466816 reads in 439.353 CPU sec, 47.963 real sec
[M::mem_pestat] # candidate unique pairs for (FF, FR, RF, RR): (69, 564500, 150, 38)
[M::mem_pestat] analyzing insert size distribution for orientation FF...
[M::mem_pestat] (25, 50, 75) percentile: (311, 502, 851)
[M::mem_pestat] low and high boundaries for computing mean and std.dev: (1, 1931)
[M::mem_pestat] mean and std.dev: (548.73, 363.98)
[M::mem_pestat] low and high boundaries for proper pairs: (1, 2471)
[M::mem_pestat] analyzing insert size distribution for orientation FR...
[M::mem_pestat] (25, 50, 75) percentile: (299, 394, 504)
[M::mem_pestat] low and high boundaries for computing mean and std.dev: (1, 914)
[M::mem_pestat] mean and std.dev: (408.20, 153.46)
[M::mem_pestat] low and high boundaries for proper pairs: (1, 1119)
[M::mem_pestat] analyzing insert size distribution for orientation RF...
[M::mem_pestat] (25, 50, 75) percentile: (95, 588, 3070)
[M::mem_pestat] low and high boundaries for computing mean and std.dev: (1, 9020)
[M::mem_pestat] mean and std.dev: (1519.05, 2091.96)
[M::mem_pestat] low and high boundaries for proper pairs: (1, 11995)
[M::mem_pestat] analyzing insert size distribution for orientation RR...
[M::mem_pestat] (25, 50, 75) percentile: (241, 445, 1499)
[M::mem_pestat] low and high boundaries for computing mean and std.dev: (1, 4015)
[M::mem_pestat] mean and std.dev: (750.56, 760.82)
[M::mem_pestat] low and high boundaries for proper pairs: (1, 5273)
[M::mem_pestat] skip orientation FF
[M::mem_pestat] skip orientation RF
[M::mem_pestat] skip orientation RR
[M::process] read 1466896 sequences (200000188 bp)...
[M::mem_process_seqs] Processed 1464286 reads in 442.247 CPU sec, 48.028 real sec
[M::mem_pestat] # candidate unique pairs for (FF, FR, RF, RR): (71, 561492, 134, 44)
[M::mem_pestat] analyzing insert size distribution for orientation FF...
[M::mem_pestat] (25, 50, 75) percentile: (377, 480, 735)
[M::mem_pestat] low and high boundaries for computing mean and std.dev: (1, 1451)
[M::mem_pestat] mean and std.dev: (484.98, 236.20)
[M::mem_pestat] low and high boundaries for proper pairs: (1, 1809)
[M::mem_pestat] analyzing insert size distribution for orientation FR...
[M::mem_pestat] (25, 50, 75) percentile: (298, 394, 504)
[M::mem_pestat] low and high boundaries for computing mean and std.dev: (1, 916)
[M::mem_pestat] mean and std.dev: (408.61, 153.21)
[M::mem_pestat] low and high boundaries for proper pairs: (1, 1122)
[M::mem_pestat] analyzing insert size distribution for orientation RF...
[M::mem_pestat] (25, 50, 75) percentile: (58, 709, 2462)
[M::mem_pestat] low and high boundaries for computing mean and std.dev: (1, 7270)
[M::mem_pestat] mean and std.dev: (1411.47, 1835.32)
[M::mem_pestat] low and high boundaries for proper pairs: (1, 9674)
[M::mem_pestat] analyzing insert size distribution for orientation RR...
[M::mem_pestat] (25, 50, 75) percentile: (230, 458, 925)
[M::mem_pestat] low and high boundaries for computing mean and std.dev: (1, 2315)
[M::mem_pestat] mean and std.dev: (583.02, 507.11)
[M::mem_pestat] low and high boundaries for proper pairs: (1, 3010)
[M::mem_pestat] skip orientation FF
[M::mem_pestat] skip orientation RF
[M::mem_pestat] skip orientation RR
[M::process] read 1473334 sequences (200000178 bp)...
[M::mem_process_seqs] Processed 1466896 reads in 447.176 CPU sec, 48.580 real sec
[M::mem_pestat] # candidate unique pairs for (FF, FR, RF, RR): (62, 563582, 162, 47)
[M::mem_pestat] analyzing insert size distribution for orientation FF...
[M::mem_pestat] (25, 50, 75) percentile: (412, 570, 1292)
[M::mem_pestat] low and high boundaries for computing mean and std.dev: (1, 3052)
[M::mem_pestat] mean and std.dev: (783.86, 607.50)
[M::mem_pestat] low and high boundaries for proper pairs: (1, 3932)
[M::mem_pestat] analyzing insert size distribution for orientation FR...
[M::mem_pestat] (25, 50, 75) percentile: (294, 388, 494)
[M::mem_pestat] low and high boundaries for computing mean and std.dev: (1, 894)
[M::mem_pestat] mean and std.dev: (400.38, 148.05)
[M::mem_pestat] low and high boundaries for proper pairs: (1, 1094)
[M::mem_pestat] analyzing insert size distribution for orientation RF...
[M::mem_pestat] (25, 50, 75) percentile: (112, 608, 2676)
[M::mem_pestat] low and high boundaries for computing mean and std.dev: (1, 7804)
[M::mem_pestat] mean and std.dev: (1361.87, 1911.90)
[M::mem_pestat] low and high boundaries for proper pairs: (1, 10368)
[M::mem_pestat] analyzing insert size distribution for orientation RR...
[M::mem_pestat] (25, 50, 75) percentile: (278, 489, 1129)
[M::mem_pestat] low and high boundaries for computing mean and std.dev: (1, 2831)
[M::mem_pestat] mean and std.dev: (693.84, 600.09)
[M::mem_pestat] low and high boundaries for proper pairs: (1, 3682)
[M::mem_pestat] skip orientation FF
[M::mem_pestat] skip orientation RF
[M::mem_pestat] skip orientation RR
[M::process] read 1466920 sequences (200000177 bp)...
[M::mem_process_seqs] Processed 1473334 reads in 446.819 CPU sec, 48.392 real sec
[M::mem_pestat] # candidate unique pairs for (FF, FR, RF, RR): (65, 566231, 152, 37)
[M::mem_pestat] analyzing insert size distribution for orientation FF...
[M::mem_pestat] (25, 50, 75) percentile: (319, 514, 734)
[M::mem_pestat] low and high boundaries for computing mean and std.dev: (1, 1564)
[M::mem_pestat] mean and std.dev: (534.19, 325.00)
[M::mem_pestat] low and high boundaries for proper pairs: (1, 1979)
[M::mem_pestat] analyzing insert size distribution for orientation FR...
[M::mem_pestat] (25, 50, 75) percentile: (293, 385, 490)
[M::mem_pestat] low and high boundaries for computing mean and std.dev: (1, 884)
[M::mem_pestat] mean and std.dev: (398.28, 147.98)
[M::mem_pestat] low and high boundaries for proper pairs: (1, 1081)
[M::mem_pestat] analyzing insert size distribution for orientation RF...
[M::mem_pestat] (25, 50, 75) percentile: (70, 365, 2498)
[M::mem_pestat] low and high boundaries for computing mean and std.dev: (1, 7354)
[M::mem_pestat] mean and std.dev: (1201.80, 1878.06)
[M::mem_pestat] low and high boundaries for proper pairs: (1, 9782)
[M::mem_pestat] analyzing insert size distribution for orientation RR...
[M::mem_pestat] (25, 50, 75) percentile: (248, 373, 560)
[M::mem_pestat] low and high boundaries for computing mean and std.dev: (1, 1184)
[M::mem_pestat] mean and std.dev: (335.10, 170.62)
[M::mem_pestat] low and high boundaries for proper pairs: (1, 1496)
[M::mem_pestat] skip orientation FF
[M::mem_pestat] skip orientation RF
[M::mem_pestat] skip orientation RR
[M::mem_process_seqs] Processed 1466920 reads in 449.734 CPU sec, 71.516 real sec
[M::process] read 1464738 sequences (200000182 bp)...
[M::process] read 1465738 sequences (200000278 bp)...
[M::mem_pestat] # candidate unique pairs for (FF, FR, RF, RR): (46, 564563, 149, 36)
[M::mem_pestat] analyzing insert size distribution for orientation FF...
[M::mem_pestat] (25, 50, 75) percentile: (287, 548, 929)
[M::mem_pestat] low and high boundaries for computing mean and std.dev: (1, 2213)
[M::mem_pestat] mean and std.dev: (515.90, 309.78)
[M::mem_pestat] low and high boundaries for proper pairs: (1, 2855)
[M::mem_pestat] analyzing insert size distribution for orientation FR...
[M::mem_pestat] (25, 50, 75) percentile: (297, 391, 499)
[M::mem_pestat] low and high boundaries for computing mean and std.dev: (1, 903)
[M::mem_pestat] mean and std.dev: (404.99, 151.50)
[M::mem_pestat] low and high boundaries for proper pairs: (1, 1105)
[M::mem_pestat] analyzing insert size distribution for orientation RF...
[M::mem_pestat] (25, 50, 75) percentile: (94, 646, 3322)
[M::mem_pestat] low and high boundaries for computing mean and std.dev: (1, 9778)
[M::mem_pestat] mean and std.dev: (1797.26, 2396.87)
[M::mem_pestat] low and high boundaries for proper pairs: (1, 13006)
[M::mem_pestat] analyzing insert size distribution for orientation RR...
[M::mem_pestat] (25, 50, 75) percentile: (471, 706, 2796)
[M::mem_pestat] low and high boundaries for computing mean and std.dev: (1, 7446)
[M::mem_pestat] mean and std.dev: (1194.88, 1121.26)
[M::mem_pestat] low and high boundaries for proper pairs: (1, 9771)
[M::mem_pestat] skip orientation FF
[M::mem_pestat] skip orientation RF
[M::mem_pestat] skip orientation RR
[M::mem_process_seqs] Processed 1464738 reads in 438.879 CPU sec, 46.217 real sec
[M::mem_pestat] # candidate unique pairs for (FF, FR, RF, RR): (55, 563107, 155, 61)
[M::mem_pestat] analyzing insert size distribution for orientation FF...
[M::mem_pestat] (25, 50, 75) percentile: (334, 573, 853)
[M::mem_pestat] low and high boundaries for computing mean and std.dev: (1, 1891)
[M::mem_pestat] mean and std.dev: (562.26, 353.01)
[M::mem_pestat] low and high boundaries for proper pairs: (1, 2410)
[M::mem_pestat] analyzing insert size distribution for orientation FR...
[M::mem_pestat] (25, 50, 75) percentile: (298, 392, 502)
[M::mem_pestat] low and high boundaries for computing mean and std.dev: (1, 910)
[M::mem_pestat] mean and std.dev: (406.44, 152.42)
[M::mem_pestat] low and high boundaries for proper pairs: (1, 1114)
[M::mem_pestat] analyzing insert size distribution for orientation RF...
[M::mem_pestat] (25, 50, 75) percentile: (59, 569, 2724)
[M::mem_pestat] low and high boundaries for computing mean and std.dev: (1, 8054)
[M::mem_pestat] mean and std.dev: (1305.12, 1832.03)
[M::mem_pestat] low and high boundaries for proper pairs: (1, 10719)
[M::mem_pestat] analyzing insert size distribution for orientation RR...
[M::mem_pestat] (25, 50, 75) percentile: (242, 385, 1470)
[M::mem_pestat] low and high boundaries for computing mean and std.dev: (1, 3926)
[M::mem_pestat] mean and std.dev: (733.26, 777.64)
[M::mem_pestat] low and high boundaries for proper pairs: (1, 5154)
[M::mem_pestat] skip orientation FF
[M::mem_pestat] skip orientation RF
[M::mem_pestat] skip orientation RR
[M::process] read 1474298 sequences (200000191 bp)...
[M::mem_process_seqs] Processed 1465738 reads in 442.962 CPU sec, 47.991 real sec
[M::mem_pestat] # candidate unique pairs for (FF, FR, RF, RR): (61, 564112, 138, 40)
[M::mem_pestat] analyzing insert size distribution for orientation FF...
[M::mem_pestat] (25, 50, 75) percentile: (343, 608, 875)
[M::mem_pestat] low and high boundaries for computing mean and std.dev: (1, 1939)
[M::mem_pestat] mean and std.dev: (591.93, 332.62)
[M::mem_pestat] low and high boundaries for proper pairs: (1, 2471)
[M::mem_pestat] analyzing insert size distribution for orientation FR...
[M::mem_pestat] (25, 50, 75) percentile: (291, 384, 490)
[M::mem_pestat] low and high boundaries for computing mean and std.dev: (1, 888)
[M::mem_pestat] mean and std.dev: (397.02, 147.69)
[M::mem_pestat] low and high boundaries for proper pairs: (1, 1087)
[M::mem_pestat] analyzing insert size distribution for orientation RF...
[M::mem_pestat] (25, 50, 75) percentile: (141, 749, 3282)
[M::mem_pestat] low and high boundaries for computing mean and std.dev: (1, 9564)
[M::mem_pestat] mean and std.dev: (1884.04, 2370.84)
[M::mem_pestat] low and high boundaries for proper pairs: (1, 12705)
[M::mem_pestat] analyzing insert size distribution for orientation RR...
[M::mem_pestat] (25, 50, 75) percentile: (222, 366, 1084)
[M::mem_pestat] low and high boundaries for computing mean and std.dev: (1, 2808)
[M::mem_pestat] mean and std.dev: (712.87, 748.20)
[M::mem_pestat] low and high boundaries for proper pairs: (1, 3706)
[M::mem_pestat] skip orientation FF
[M::mem_pestat] skip orientation RF
[M::mem_pestat] skip orientation RR
[M::process] read 1480212 sequences (200000225 bp)...
[M::mem_process_seqs] Processed 1474298 reads in 446.708 CPU sec, 48.394 real sec
[M::mem_pestat] # candidate unique pairs for (FF, FR, RF, RR): (73, 568953, 124, 34)
[M::mem_pestat] analyzing insert size distribution for orientation FF...
[M::mem_pestat] (25, 50, 75) percentile: (329, 479, 1217)
[M::mem_pestat] low and high boundaries for computing mean and std.dev: (1, 2993)
[M::mem_pestat] mean and std.dev: (735.52, 671.61)
[M::mem_pestat] low and high boundaries for proper pairs: (1, 3881)
[M::mem_pestat] analyzing insert size distribution for orientation FR...
[M::mem_pestat] (25, 50, 75) percentile: (289, 381, 486)
[M::mem_pestat] low and high boundaries for computing mean and std.dev: (1, 880)
[M::mem_pestat] mean and std.dev: (394.33, 147.30)
[M::mem_pestat] low and high boundaries for proper pairs: (1, 1077)
[M::mem_pestat] analyzing insert size distribution for orientation RF...
[M::mem_pestat] (25, 50, 75) percentile: (171, 692, 2865)
[M::mem_pestat] low and high boundaries for computing mean and std.dev: (1, 8253)
[M::mem_pestat] mean and std.dev: (1346.34, 1782.47)
[M::mem_pestat] low and high boundaries for proper pairs: (1, 10947)
[M::mem_pestat] analyzing insert size distribution for orientation RR...
[M::mem_pestat] (25, 50, 75) percentile: (309, 965, 1390)
[M::mem_pestat] low and high boundaries for computing mean and std.dev: (1, 3552)
[M::mem_pestat] mean and std.dev: (1138.39, 960.59)
[M::mem_pestat] low and high boundaries for proper pairs: (1, 4981)
[M::mem_pestat] skip orientation FF
[M::mem_pestat] skip orientation RF
[M::mem_pestat] skip orientation RR
[M::mem_process_seqs] Processed 1480212 reads in 460.261 CPU sec, 74.689 real sec
[M::process] read 1470592 sequences (200000230 bp)...
[M::process] read 1468578 sequences (200000022 bp)...
[M::mem_pestat] # candidate unique pairs for (FF, FR, RF, RR): (64, 566085, 147, 48)
[M::mem_pestat] analyzing insert size distribution for orientation FF...
[M::mem_pestat] (25, 50, 75) percentile: (342, 536, 834)
[M::mem_pestat] low and high boundaries for computing mean and std.dev: (1, 1818)
[M::mem_pestat] mean and std.dev: (558.30, 304.82)
[M::mem_pestat] low and high boundaries for proper pairs: (1, 2310)
[M::mem_pestat] analyzing insert size distribution for orientation FR...
[M::mem_pestat] (25, 50, 75) percentile: (296, 390, 500)
[M::mem_pestat] low and high boundaries for computing mean and std.dev: (1, 908)
[M::mem_pestat] mean and std.dev: (404.83, 153.39)
[M::mem_pestat] low and high boundaries for proper pairs: (1, 1112)
[M::mem_pestat] analyzing insert size distribution for orientation RF...
[M::mem_pestat] (25, 50, 75) percentile: (108, 609, 2431)
[M::mem_pestat] low and high boundaries for computing mean and std.dev: (1, 7077)
[M::mem_pestat] mean and std.dev: (1207.06, 1718.72)
[M::mem_pestat] low and high boundaries for proper pairs: (1, 9400)
[M::mem_pestat] analyzing insert size distribution for orientation RR...
[M::mem_pestat] (25, 50, 75) percentile: (269, 547, 1473)
[M::mem_pestat] low and high boundaries for computing mean and std.dev: (1, 3881)
[M::mem_pestat] mean and std.dev: (760.09, 706.02)
[M::mem_pestat] low and high boundaries for proper pairs: (1, 5085)
[M::mem_pestat] skip orientation FF
[M::mem_pestat] skip orientation RF
[M::mem_pestat] skip orientation RR
[M::mem_process_seqs] Processed 1470592 reads in 445.149 CPU sec, 46.969 real sec
[M::mem_pestat] # candidate unique pairs for (FF, FR, RF, RR): (46, 563742, 143, 58)
[M::mem_pestat] analyzing insert size distribution for orientation FF...
[M::mem_pestat] (25, 50, 75) percentile: (338, 442, 749)
[M::mem_pestat] low and high boundaries for computing mean and std.dev: (1, 1571)
[M::mem_pestat] mean and std.dev: (479.85, 246.44)
[M::mem_pestat] low and high boundaries for proper pairs: (1, 1982)
[M::mem_pestat] analyzing insert size distribution for orientation FR...
[M::mem_pestat] (25, 50, 75) percentile: (297, 392, 504)
[M::mem_pestat] low and high boundaries for computing mean and std.dev: (1, 918)
[M::mem_pestat] mean and std.dev: (407.82, 155.51)
[M::mem_pestat] low and high boundaries for proper pairs: (1, 1125)
[M::mem_pestat] analyzing insert size distribution for orientation RF...
[M::mem_pestat] (25, 50, 75) percentile: (117, 618, 2834)
[M::mem_pestat] low and high boundaries for computing mean and std.dev: (1, 8268)
[M::mem_pestat] mean and std.dev: (1418.85, 1872.18)
[M::mem_pestat] low and high boundaries for proper pairs: (1, 10985)
[M::mem_pestat] analyzing insert size distribution for orientation RR...
[M::mem_pestat] (25, 50, 75) percentile: (218, 604, 884)
[M::mem_pestat] low and high boundaries for computing mean and std.dev: (1, 2216)
[M::mem_pestat] mean and std.dev: (552.08, 422.57)
[M::mem_pestat] low and high boundaries for proper pairs: (1, 2882)
[M::mem_pestat] skip orientation FF
[M::mem_pestat] skip orientation RF
[M::mem_pestat] skip orientation RR
[M::process] read 1475228 sequences (200000023 bp)...
[M::mem_process_seqs] Processed 1468578 reads in 447.500 CPU sec, 48.518 real sec
[M::mem_pestat] # candidate unique pairs for (FF, FR, RF, RR): (66, 566022, 146, 48)
[M::mem_pestat] analyzing insert size distribution for orientation FF...
[M::mem_pestat] (25, 50, 75) percentile: (322, 691, 1107)
[M::mem_pestat] low and high boundaries for computing mean and std.dev: (1, 2677)
[M::mem_pestat] mean and std.dev: (595.69, 334.84)
[M::mem_pestat] low and high boundaries for proper pairs: (1, 3462)
[M::mem_pestat] analyzing insert size distribution for orientation FR...
[M::mem_pestat] (25, 50, 75) percentile: (293, 387, 496)
[M::mem_pestat] low and high boundaries for computing mean and std.dev: (1, 902)
[M::mem_pestat] mean and std.dev: (401.74, 151.58)
[M::mem_pestat] low and high boundaries for proper pairs: (1, 1105)
[M::mem_pestat] analyzing insert size distribution for orientation RF...
[M::mem_pestat] (25, 50, 75) percentile: (49, 695, 2804)
[M::mem_pestat] low and high boundaries for computing mean and std.dev: (1, 8314)
[M::mem_pestat] mean and std.dev: (1322.20, 1730.92)
[M::mem_pestat] low and high boundaries for proper pairs: (1, 11069)
[M::mem_pestat] analyzing insert size distribution for orientation RR...
[M::mem_pestat] (25, 50, 75) percentile: (345, 683, 2375)
[M::mem_pestat] low and high boundaries for computing mean and std.dev: (1, 6435)
[M::mem_pestat] mean and std.dev: (1398.36, 1692.49)
[M::mem_pestat] low and high boundaries for proper pairs: (1, 8465)
[M::mem_pestat] skip orientation FF
[M::mem_pestat] skip orientation RF
[M::mem_pestat] skip orientation RR
[M::process] read 1469894 sequences (200000140 bp)...
[M::mem_process_seqs] Processed 1475228 reads in 447.285 CPU sec, 48.563 real sec
[M::mem_pestat] # candidate unique pairs for (FF, FR, RF, RR): (81, 565683, 135, 34)
[M::mem_pestat] analyzing insert size distribution for orientation FF...
[M::mem_pestat] (25, 50, 75) percentile: (341, 596, 1053)
[M::mem_pestat] low and high boundaries for computing mean and std.dev: (1, 2477)
[M::mem_pestat] mean and std.dev: (594.61, 370.29)
[M::mem_pestat] low and high boundaries for proper pairs: (1, 3189)
[M::mem_pestat] analyzing insert size distribution for orientation FR...
[M::mem_pestat] (25, 50, 75) percentile: (295, 389, 497)
[M::mem_pestat] low and high boundaries for computing mean and std.dev: (1, 901)
[M::mem_pestat] mean and std.dev: (402.73, 152.02)
[M::mem_pestat] low and high boundaries for proper pairs: (1, 1103)
[M::mem_pestat] analyzing insert size distribution for orientation RF...
[M::mem_pestat] (25, 50, 75) percentile: (73, 641, 3172)
[M::mem_pestat] low and high boundaries for computing mean and std.dev: (1, 9370)
[M::mem_pestat] mean and std.dev: (1796.12, 2341.33)
[M::mem_pestat] low and high boundaries for proper pairs: (1, 12469)
[M::mem_pestat] analyzing insert size distribution for orientation RR...
[M::mem_pestat] (25, 50, 75) percentile: (209, 324, 898)
[M::mem_pestat] low and high boundaries for computing mean and std.dev: (1, 2276)
[M::mem_pestat] mean and std.dev: (535.53, 518.65)
[M::mem_pestat] low and high boundaries for proper pairs: (1, 2965)
[M::mem_pestat] skip orientation FF
[M::mem_pestat] skip orientation RF
[M::mem_pestat] skip orientation RR
[M::mem_process_seqs] Processed 1469894 reads in 450.249 CPU sec, 89.336 real sec
[M::process] read 1467390 sequences (200000136 bp)...
[M::process] read 1467616 sequences (200000027 bp)...
[M::mem_pestat] # candidate unique pairs for (FF, FR, RF, RR): (50, 564896, 145, 47)
[M::mem_pestat] analyzing insert size distribution for orientation FF...
[M::mem_pestat] (25, 50, 75) percentile: (384, 631, 1082)
[M::mem_pestat] low and high boundaries for computing mean and std.dev: (1, 2478)
[M::mem_pestat] mean and std.dev: (677.76, 404.78)
[M::mem_pestat] low and high boundaries for proper pairs: (1, 3176)
[M::mem_pestat] analyzing insert size distribution for orientation FR...
[M::mem_pestat] (25, 50, 75) percentile: (299, 394, 506)
[M::mem_pestat] low and high boundaries for computing mean and std.dev: (1, 920)
[M::mem_pestat] mean and std.dev: (409.75, 155.95)
[M::mem_pestat] low and high boundaries for proper pairs: (1, 1127)
[M::mem_pestat] analyzing insert size distribution for orientation RF...
[M::mem_pestat] (25, 50, 75) percentile: (88, 485, 2400)
[M::mem_pestat] low and high boundaries for computing mean and std.dev: (1, 7024)
[M::mem_pestat] mean and std.dev: (1277.96, 1844.69)
[M::mem_pestat] low and high boundaries for proper pairs: (1, 9336)
[M::mem_pestat] analyzing insert size distribution for orientation RR...
[M::mem_pestat] (25, 50, 75) percentile: (394, 531, 1449)
[M::mem_pestat] low and high boundaries for computing mean and std.dev: (1, 3559)
[M::mem_pestat] mean and std.dev: (798.15, 811.78)
[M::mem_pestat] low and high boundaries for proper pairs: (1, 4614)
[M::mem_pestat] skip orientation FF
[M::mem_pestat] skip orientation RF
[M::mem_pestat] skip orientation RR
[M::mem_process_seqs] Processed 1467390 reads in 442.150 CPU sec, 45.805 real sec
[M::mem_pestat] # candidate unique pairs for (FF, FR, RF, RR): (45, 563068, 158, 35)
[M::mem_pestat] analyzing insert size distribution for orientation FF...
[M::mem_pestat] (25, 50, 75) percentile: (362, 528, 919)
[M::mem_pestat] low and high boundaries for computing mean and std.dev: (1, 2033)
[M::mem_pestat] mean and std.dev: (615.78, 423.66)
[M::mem_pestat] low and high boundaries for proper pairs: (1, 2590)
[M::mem_pestat] analyzing insert size distribution for orientation FR...
[M::mem_pestat] (25, 50, 75) percentile: (299, 396, 509)
[M::mem_pestat] low and high boundaries for computing mean and std.dev: (1, 929)
[M::mem_pestat] mean and std.dev: (411.59, 157.30)
[M::mem_pestat] low and high boundaries for proper pairs: (1, 1139)
[M::mem_pestat] analyzing insert size distribution for orientation RF...
[M::mem_pestat] (25, 50, 75) percentile: (102, 663, 2486)
[M::mem_pestat] low and high boundaries for computing mean and std.dev: (1, 7254)
[M::mem_pestat] mean and std.dev: (1368.93, 1770.63)
[M::mem_pestat] low and high boundaries for proper pairs: (1, 9638)
[M::mem_pestat] analyzing insert size distribution for orientation RR...
[M::mem_pestat] (25, 50, 75) percentile: (434, 970, 3486)
[M::mem_pestat] low and high boundaries for computing mean and std.dev: (1, 9590)
[M::mem_pestat] mean and std.dev: (2213.43, 2594.98)
[M::mem_pestat] low and high boundaries for proper pairs: (1, 12642)
[M::mem_pestat] skip orientation FF
[M::mem_pestat] skip orientation RF
[M::mem_pestat] skip orientation RR
[M::process] read 1474012 sequences (200000215 bp)...
[M::mem_process_seqs] Processed 1467616 reads in 447.711 CPU sec, 48.535 real sec
[M::mem_pestat] # candidate unique pairs for (FF, FR, RF, RR): (63, 565177, 147, 34)
[M::mem_pestat] analyzing insert size distribution for orientation FF...
[M::mem_pestat] (25, 50, 75) percentile: (369, 532, 715)
[M::mem_pestat] low and high boundaries for computing mean and std.dev: (1, 1407)
[M::mem_pestat] mean and std.dev: (529.21, 262.16)
[M::mem_pestat] low and high boundaries for proper pairs: (1, 1753)
[M::mem_pestat] analyzing insert size distribution for orientation FR...
[M::mem_pestat] (25, 50, 75) percentile: (294, 388, 497)
[M::mem_pestat] low and high boundaries for computing mean and std.dev: (1, 903)
[M::mem_pestat] mean and std.dev: (402.55, 152.06)
[M::mem_pestat] low and high boundaries for proper pairs: (1, 1106)
[M::mem_pestat] analyzing insert size distribution for orientation RF...
[M::mem_pestat] (25, 50, 75) percentile: (74, 618, 3440)
[M::mem_pestat] low and high boundaries for computing mean and std.dev: (1, 10172)
[M::mem_pestat] mean and std.dev: (2046.53, 2672.88)
[M::mem_pestat] low and high boundaries for proper pairs: (1, 13538)
[M::mem_pestat] analyzing insert size distribution for orientation RR...
[M::mem_pestat] (25, 50, 75) percentile: (180, 339, 630)
[M::mem_pestat] low and high boundaries for computing mean and std.dev: (1, 1530)
[M::mem_pestat] mean and std.dev: (415.48, 315.65)
[M::mem_pestat] low and high boundaries for proper pairs: (1, 1980)
[M::mem_pestat] skip orientation FF
[M::mem_pestat] skip orientation RF
[M::mem_pestat] skip orientation RR
[M::process] read 1467514 sequences (200000176 bp)...
[M::mem_process_seqs] Processed 1474012 reads in 448.522 CPU sec, 48.622 real sec
[M::mem_pestat] # candidate unique pairs for (FF, FR, RF, RR): (59, 565554, 162, 53)
[M::mem_pestat] analyzing insert size distribution for orientation FF...
[M::mem_pestat] (25, 50, 75) percentile: (317, 450, 754)
[M::mem_pestat] low and high boundaries for computing mean and std.dev: (1, 1628)
[M::mem_pestat] mean and std.dev: (504.73, 277.71)
[M::mem_pestat] low and high boundaries for proper pairs: (1, 2065)
[M::mem_pestat] analyzing insert size distribution for orientation FR...
[M::mem_pestat] (25, 50, 75) percentile: (296, 390, 500)
[M::mem_pestat] low and high boundaries for computing mean and std.dev: (1, 908)
[M::mem_pestat] mean and std.dev: (404.90, 154.09)
[M::mem_pestat] low and high boundaries for proper pairs: (1, 1112)
[M::mem_pestat] analyzing insert size distribution for orientation RF...
[M::mem_pestat] (25, 50, 75) percentile: (100, 619, 3258)
[M::mem_pestat] low and high boundaries for computing mean and std.dev: (1, 9574)
[M::mem_pestat] mean and std.dev: (1938.60, 2538.93)
[M::mem_pestat] low and high boundaries for proper pairs: (1, 12732)
[M::mem_pestat] analyzing insert size distribution for orientation RR...
[M::mem_pestat] (25, 50, 75) percentile: (218, 384, 728)
[M::mem_pestat] low and high boundaries for computing mean and std.dev: (1, 1748)
[M::mem_pestat] mean and std.dev: (425.02, 327.97)
[M::mem_pestat] low and high boundaries for proper pairs: (1, 2258)
[M::mem_pestat] skip orientation FF
[M::mem_pestat] skip orientation RF
[M::mem_pestat] skip orientation RR
[M::process] read 1465622 sequences (200000201 bp)...
[M::mem_process_seqs] Processed 1467514 reads in 441.022 CPU sec, 47.931 real sec
[M::mem_pestat] # candidate unique pairs for (FF, FR, RF, RR): (62, 563003, 145, 39)
[M::mem_pestat] analyzing insert size distribution for orientation FF...
[M::mem_pestat] (25, 50, 75) percentile: (296, 593, 890)
[M::mem_pestat] low and high boundaries for computing mean and std.dev: (1, 2078)
[M::mem_pestat] mean and std.dev: (582.22, 404.79)
[M::mem_pestat] low and high boundaries for proper pairs: (1, 2672)
[M::mem_pestat] analyzing insert size distribution for orientation FR...
[M::mem_pestat] (25, 50, 75) percentile: (299, 395, 509)
[M::mem_pestat] low and high boundaries for computing mean and std.dev: (1, 929)
[M::mem_pestat] mean and std.dev: (411.59, 157.80)
[M::mem_pestat] low and high boundaries for proper pairs: (1, 1139)
[M::mem_pestat] analyzing insert size distribution for orientation RF...
[M::mem_pestat] (25, 50, 75) percentile: (108, 674, 3482)
[M::mem_pestat] low and high boundaries for computing mean and std.dev: (1, 10230)
[M::mem_pestat] mean and std.dev: (1923.48, 2493.99)
[M::mem_pestat] low and high boundaries for proper pairs: (1, 13604)
[M::mem_pestat] analyzing insert size distribution for orientation RR...
[M::mem_pestat] (25, 50, 75) percentile: (333, 507, 842)
[M::mem_pestat] low and high boundaries for computing mean and std.dev: (1, 1860)
[M::mem_pestat] mean and std.dev: (607.44, 450.63)
[M::mem_pestat] low and high boundaries for proper pairs: (1, 2410)
[M::mem_pestat] skip orientation FF
[M::mem_pestat] skip orientation RF
[M::mem_pestat] skip orientation RR
[M::process] read 1465220 sequences (200000048 bp)...
[M::mem_process_seqs] Processed 1465622 reads in 447.761 CPU sec, 48.588 real sec
[M::mem_pestat] # candidate unique pairs for (FF, FR, RF, RR): (58, 561456, 145, 42)
[M::mem_pestat] analyzing insert size distribution for orientation FF...
[M::mem_pestat] (25, 50, 75) percentile: (315, 584, 883)
[M::mem_pestat] low and high boundaries for computing mean and std.dev: (1, 2019)
[M::mem_pestat] mean and std.dev: (613.40, 391.95)
[M::mem_pestat] low and high boundaries for proper pairs: (1, 2587)
[M::mem_pestat] analyzing insert size distribution for orientation FR...
[M::mem_pestat] (25, 50, 75) percentile: (299, 397, 511)
[M::mem_pestat] low and high boundaries for computing mean and std.dev: (1, 935)
[M::mem_pestat] mean and std.dev: (412.71, 158.37)
[M::mem_pestat] low and high boundaries for proper pairs: (1, 1147)
[M::mem_pestat] analyzing insert size distribution for orientation RF...
[M::mem_pestat] (25, 50, 75) percentile: (137, 561, 3199)
[M::mem_pestat] low and high boundaries for computing mean and std.dev: (1, 9323)
[M::mem_pestat] mean and std.dev: (1737.62, 2420.17)
[M::mem_pestat] low and high boundaries for proper pairs: (1, 12385)
[M::mem_pestat] analyzing insert size distribution for orientation RR...
[M::mem_pestat] (25, 50, 75) percentile: (224, 606, 1139)
[M::mem_pestat] low and high boundaries for computing mean and std.dev: (1, 2969)
[M::mem_pestat] mean and std.dev: (691.00, 654.76)
[M::mem_pestat] low and high boundaries for proper pairs: (1, 3884)
[M::mem_pestat] skip orientation FF
[M::mem_pestat] skip orientation RF
[M::mem_pestat] skip orientation RR
[M::process] read 1474424 sequences (200000071 bp)...
[M::mem_process_seqs] Processed 1465220 reads in 447.622 CPU sec, 48.515 real sec
[M::mem_pestat] # candidate unique pairs for (FF, FR, RF, RR): (69, 565365, 169, 45)
[M::mem_pestat] analyzing insert size distribution for orientation FF...
[M::mem_pestat] (25, 50, 75) percentile: (305, 483, 666)
[M::mem_pestat] low and high boundaries for computing mean and std.dev: (1, 1388)
[M::mem_pestat] mean and std.dev: (467.53, 247.41)
[M::mem_pestat] low and high boundaries for proper pairs: (1, 1749)
[M::mem_pestat] analyzing insert size distribution for orientation FR...
[M::mem_pestat] (25, 50, 75) percentile: (295, 389, 498)
[M::mem_pestat] low and high boundaries for computing mean and std.dev: (1, 904)
[M::mem_pestat] mean and std.dev: (403.41, 151.98)
[M::mem_pestat] low and high boundaries for proper pairs: (1, 1107)
[M::mem_pestat] analyzing insert size distribution for orientation RF...
[M::mem_pestat] (25, 50, 75) percentile: (238, 1029, 4164)
[M::mem_pestat] low and high boundaries for computing mean and std.dev: (1, 12016)
[M::mem_pestat] mean and std.dev: (2310.82, 2689.31)
[M::mem_pestat] low and high boundaries for proper pairs: (1, 15942)
[M::mem_pestat] analyzing insert size distribution for orientation RR...
[M::mem_pestat] (25, 50, 75) percentile: (314, 489, 997)
[M::mem_pestat] low and high boundaries for computing mean and std.dev: (1, 2363)
[M::mem_pestat] mean and std.dev: (555.69, 396.35)
[M::mem_pestat] low and high boundaries for proper pairs: (1, 3046)
[M::mem_pestat] skip orientation FF
[M::mem_pestat] skip orientation RF
[M::mem_pestat] skip orientation RR
[M::process] read 1468822 sequences (200000099 bp)...
[M::mem_process_seqs] Processed 1474424 reads in 447.328 CPU sec, 48.507 real sec
[M::mem_pestat] # candidate unique pairs for (FF, FR, RF, RR): (81, 566132, 159, 54)
[M::mem_pestat] analyzing insert size distribution for orientation FF...
[M::mem_pestat] (25, 50, 75) percentile: (303, 482, 896)
[M::mem_pestat] low and high boundaries for computing mean and std.dev: (1, 2082)
[M::mem_pestat] mean and std.dev: (560.23, 379.81)
[M::mem_pestat] low and high boundaries for proper pairs: (1, 2675)
[M::mem_pestat] analyzing insert size distribution for orientation FR...
[M::mem_pestat] (25, 50, 75) percentile: (297, 391, 501)
[M::mem_pestat] low and high boundaries for computing mean and std.dev: (1, 909)
[M::mem_pestat] mean and std.dev: (406.02, 153.44)
[M::mem_pestat] low and high boundaries for proper pairs: (1, 1113)
[M::mem_pestat] analyzing insert size distribution for orientation RF...
[M::mem_pestat] (25, 50, 75) percentile: (191, 739, 3164)
[M::mem_pestat] low and high boundaries for computing mean and std.dev: (1, 9110)
[M::mem_pestat] mean and std.dev: (1804.27, 2355.32)
[M::mem_pestat] low and high boundaries for proper pairs: (1, 12083)
[M::mem_pestat] analyzing insert size distribution for orientation RR...
[M::mem_pestat] (25, 50, 75) percentile: (197, 509, 938)
[M::mem_pestat] low and high boundaries for computing mean and std.dev: (1, 2420)
[M::mem_pestat] mean and std.dev: (577.39, 515.62)
[M::mem_pestat] low and high boundaries for proper pairs: (1, 3161)
[M::mem_pestat] skip orientation FF
[M::mem_pestat] skip orientation RF
[M::mem_pestat] skip orientation RR
[M::process] read 1466344 sequences (200000004 bp)...
[M::mem_process_seqs] Processed 1468822 reads in 444.544 CPU sec, 48.304 real sec
[M::mem_pestat] # candidate unique pairs for (FF, FR, RF, RR): (54, 563460, 133, 55)
[M::mem_pestat] analyzing insert size distribution for orientation FF...
[M::mem_pestat] (25, 50, 75) percentile: (433, 589, 879)
[M::mem_pestat] low and high boundaries for computing mean and std.dev: (1, 1771)
[M::mem_pestat] mean and std.dev: (603.89, 303.45)
[M::mem_pestat] low and high boundaries for proper pairs: (1, 2217)
[M::mem_pestat] analyzing insert size distribution for orientation FR...
[M::mem_pestat] (25, 50, 75) percentile: (301, 397, 511)
[M::mem_pestat] low and high boundaries for computing mean and std.dev: (1, 931)
[M::mem_pestat] mean and std.dev: (413.56, 158.05)
[M::mem_pestat] low and high boundaries for proper pairs: (1, 1141)
[M::mem_pestat] analyzing insert size distribution for orientation RF...
[M::mem_pestat] (25, 50, 75) percentile: (97, 713, 4009)
[M::mem_pestat] low and high boundaries for computing mean and std.dev: (1, 11833)
[M::mem_pestat] mean and std.dev: (2135.80, 2678.45)
[M::mem_pestat] low and high boundaries for proper pairs: (1, 15745)
[M::mem_pestat] analyzing insert size distribution for orientation RR...
[M::mem_pestat] (25, 50, 75) percentile: (288, 533, 1370)
[M::mem_pestat] low and high boundaries for computing mean and std.dev: (1, 3534)
[M::mem_pestat] mean and std.dev: (793.48, 775.44)
[M::mem_pestat] low and high boundaries for proper pairs: (1, 4616)
[M::mem_pestat] skip orientation FF
[M::mem_pestat] skip orientation RF
[M::mem_pestat] skip orientation RR
[M::mem_process_seqs] Processed 1466344 reads in 462.287 CPU sec, 75.373 real sec
[M::process] read 1467254 sequences (200000177 bp)...
[M::process] read 1477748 sequences (200000234 bp)...
[M::mem_pestat] # candidate unique pairs for (FF, FR, RF, RR): (73, 561526, 148, 40)
[M::mem_pestat] analyzing insert size distribution for orientation FF...
[M::mem_pestat] (25, 50, 75) percentile: (397, 583, 1422)
[M::mem_pestat] low and high boundaries for computing mean and std.dev: (1, 3472)
[M::mem_pestat] mean and std.dev: (759.45, 659.93)
[M::mem_pestat] low and high boundaries for proper pairs: (1, 4497)
[M::mem_pestat] analyzing insert size distribution for orientation FR...
[M::mem_pestat] (25, 50, 75) percentile: (300, 397, 511)
[M::mem_pestat] low and high boundaries for computing mean and std.dev: (1, 933)
[M::mem_pestat] mean and std.dev: (413.10, 158.16)
[M::mem_pestat] low and high boundaries for proper pairs: (1, 1144)
[M::mem_pestat] analyzing insert size distribution for orientation RF...
[M::mem_pestat] (25, 50, 75) percentile: (140, 624, 3762)
[M::mem_pestat] low and high boundaries for computing mean and std.dev: (1, 11006)
[M::mem_pestat] mean and std.dev: (2049.10, 2527.52)
[M::mem_pestat] low and high boundaries for proper pairs: (1, 14628)
[M::mem_pestat] analyzing insert size distribution for orientation RR...
[M::mem_pestat] (25, 50, 75) percentile: (238, 584, 2729)
[M::mem_pestat] low and high boundaries for computing mean and std.dev: (1, 7711)
[M::mem_pestat] mean and std.dev: (1251.47, 1687.14)
[M::mem_pestat] low and high boundaries for proper pairs: (1, 10202)
[M::mem_pestat] skip orientation FF
[M::mem_pestat] skip orientation RF
[M::mem_pestat] skip orientation RR
[M::mem_process_seqs] Processed 1467254 reads in 448.908 CPU sec, 47.028 real sec
[M::mem_pestat] # candidate unique pairs for (FF, FR, RF, RR): (67, 565540, 149, 42)
[M::mem_pestat] analyzing insert size distribution for orientation FF...
[M::mem_pestat] (25, 50, 75) percentile: (374, 470, 831)
[M::mem_pestat] low and high boundaries for computing mean and std.dev: (1, 1745)
[M::mem_pestat] mean and std.dev: (512.67, 248.01)
[M::mem_pestat] low and high boundaries for proper pairs: (1, 2202)
[M::mem_pestat] analyzing insert size distribution for orientation FR...
[M::mem_pestat] (25, 50, 75) percentile: (296, 390, 498)
[M::mem_pestat] low and high boundaries for computing mean and std.dev: (1, 902)
[M::mem_pestat] mean and std.dev: (403.57, 151.20)
[M::mem_pestat] low and high boundaries for proper pairs: (1, 1104)
[M::mem_pestat] analyzing insert size distribution for orientation RF...
[M::mem_pestat] (25, 50, 75) percentile: (68, 600, 2545)
[M::mem_pestat] low and high boundaries for computing mean and std.dev: (1, 7499)
[M::mem_pestat] mean and std.dev: (1315.50, 1723.26)
[M::mem_pestat] low and high boundaries for proper pairs: (1, 9976)
[M::mem_pestat] analyzing insert size distribution for orientation RR...
[M::mem_pestat] (25, 50, 75) percentile: (206, 362, 638)
[M::mem_pestat] low and high boundaries for computing mean and std.dev: (1, 1502)
[M::mem_pestat] mean and std.dev: (406.77, 275.92)
[M::mem_pestat] low and high boundaries for proper pairs: (1, 1934)
[M::mem_pestat] skip orientation FF
[M::mem_pestat] skip orientation RF
[M::mem_pestat] skip orientation RR
[M::process] read 1474386 sequences (200000206 bp)...
[M::mem_process_seqs] Processed 1477748 reads in 452.594 CPU sec, 49.034 real sec
[M::mem_pestat] # candidate unique pairs for (FF, FR, RF, RR): (59, 566402, 139, 40)
[M::mem_pestat] analyzing insert size distribution for orientation FF...
[M::mem_pestat] (25, 50, 75) percentile: (355, 608, 1067)
[M::mem_pestat] low and high boundaries for computing mean and std.dev: (1, 2491)
[M::mem_pestat] mean and std.dev: (635.92, 422.34)
[M::mem_pestat] low and high boundaries for proper pairs: (1, 3203)
[M::mem_pestat] analyzing insert size distribution for orientation FR...
[M::mem_pestat] (25, 50, 75) percentile: (298, 393, 502)
[M::mem_pestat] low and high boundaries for computing mean and std.dev: (1, 910)
[M::mem_pestat] mean and std.dev: (407.00, 153.30)
[M::mem_pestat] low and high boundaries for proper pairs: (1, 1114)
[M::mem_pestat] analyzing insert size distribution for orientation RF...
[M::mem_pestat] (25, 50, 75) percentile: (79, 639, 2963)
[M::mem_pestat] low and high boundaries for computing mean and std.dev: (1, 8731)
[M::mem_pestat] mean and std.dev: (1670.42, 2188.64)
[M::mem_pestat] low and high boundaries for proper pairs: (1, 11615)
[M::mem_pestat] analyzing insert size distribution for orientation RR...
[M::mem_pestat] (25, 50, 75) percentile: (197, 610, 1929)
[M::mem_pestat] low and high boundaries for computing mean and std.dev: (1, 5393)
[M::mem_pestat] mean and std.dev: (810.23, 1004.89)
[M::mem_pestat] low and high boundaries for proper pairs: (1, 7125)
[M::mem_pestat] skip orientation FF
[M::mem_pestat] skip orientation RF
[M::mem_pestat] skip orientation RR
[M::mem_process_seqs] Processed 1474386 reads in 461.045 CPU sec, 74.275 real sec
[M::process] read 1471918 sequences (200000200 bp)...
[M::process] read 1472110 sequences (200000154 bp)...
[M::mem_pestat] # candidate unique pairs for (FF, FR, RF, RR): (62, 565791, 130, 37)
[M::mem_pestat] analyzing insert size distribution for orientation FF...
[M::mem_pestat] (25, 50, 75) percentile: (367, 490, 1312)
[M::mem_pestat] low and high boundaries for computing mean and std.dev: (1, 3202)
[M::mem_pestat] mean and std.dev: (761.63, 645.70)
[M::mem_pestat] low and high boundaries for proper pairs: (1, 4147)
[M::mem_pestat] analyzing insert size distribution for orientation FR...
[M::mem_pestat] (25, 50, 75) percentile: (301, 397, 509)
[M::mem_pestat] low and high boundaries for computing mean and std.dev: (1, 925)
[M::mem_pestat] mean and std.dev: (412.33, 156.40)
[M::mem_pestat] low and high boundaries for proper pairs: (1, 1133)
[M::mem_pestat] analyzing insert size distribution for orientation RF...
[M::mem_pestat] (25, 50, 75) percentile: (87, 748, 2967)
[M::mem_pestat] low and high boundaries for computing mean and std.dev: (1, 8727)
[M::mem_pestat] mean and std.dev: (1683.62, 2179.21)
[M::mem_pestat] low and high boundaries for proper pairs: (1, 11607)
[M::mem_pestat] analyzing insert size distribution for orientation RR...
[M::mem_pestat] (25, 50, 75) percentile: (369, 697, 1650)
[M::mem_pestat] low and high boundaries for computing mean and std.dev: (1, 4212)
[M::mem_pestat] mean and std.dev: (738.56, 558.40)
[M::mem_pestat] low and high boundaries for proper pairs: (1, 5493)
[M::mem_pestat] skip orientation FF
[M::mem_pestat] skip orientation RF
[M::mem_pestat] skip orientation RR
[M::mem_process_seqs] Processed 1471918 reads in 447.553 CPU sec, 47.013 real sec
[M::mem_pestat] # candidate unique pairs for (FF, FR, RF, RR): (53, 562851, 170, 53)
[M::mem_pestat] analyzing insert size distribution for orientation FF...
[M::mem_pestat] (25, 50, 75) percentile: (317, 547, 1283)
[M::mem_pestat] low and high boundaries for computing mean and std.dev: (1, 3215)
[M::mem_pestat] mean and std.dev: (728.82, 648.30)
[M::mem_pestat] low and high boundaries for proper pairs: (1, 4181)
[M::mem_pestat] analyzing insert size distribution for orientation FR...
[M::mem_pestat] (25, 50, 75) percentile: (300, 397, 510)
[M::mem_pestat] low and high boundaries for computing mean and std.dev: (1, 930)
[M::mem_pestat] mean and std.dev: (412.73, 157.16)
[M::mem_pestat] low and high boundaries for proper pairs: (1, 1140)
[M::mem_pestat] analyzing insert size distribution for orientation RF...
[M::mem_pestat] (25, 50, 75) percentile: (140, 670, 3676)
[M::mem_pestat] low and high boundaries for computing mean and std.dev: (1, 10748)
[M::mem_pestat] mean and std.dev: (2038.58, 2613.34)
[M::mem_pestat] low and high boundaries for proper pairs: (1, 14284)
[M::mem_pestat] analyzing insert size distribution for orientation RR...
[M::mem_pestat] (25, 50, 75) percentile: (227, 500, 1164)
[M::mem_pestat] low and high boundaries for computing mean and std.dev: (1, 3038)
[M::mem_pestat] mean and std.dev: (713.76, 663.09)
[M::mem_pestat] low and high boundaries for proper pairs: (1, 3975)
[M::mem_pestat] skip orientation FF
[M::mem_pestat] skip orientation RF
[M::mem_pestat] skip orientation RR
[M::process] read 1485890 sequences (200000132 bp)...
[M::mem_process_seqs] Processed 1472110 reads in 450.034 CPU sec, 48.859 real sec
[M::mem_pestat] # candidate unique pairs for (FF, FR, RF, RR): (55, 567470, 158, 39)
[M::mem_pestat] analyzing insert size distribution for orientation FF...
[M::mem_pestat] (25, 50, 75) percentile: (365, 552, 1069)
[M::mem_pestat] low and high boundaries for computing mean and std.dev: (1, 2477)
[M::mem_pestat] mean and std.dev: (684.78, 531.62)
[M::mem_pestat] low and high boundaries for proper pairs: (1, 3181)
[M::mem_pestat] analyzing insert size distribution for orientation FR...
[M::mem_pestat] (25, 50, 75) percentile: (294, 388, 494)
[M::mem_pestat] low and high boundaries for computing mean and std.dev: (1, 894)
[M::mem_pestat] mean and std.dev: (400.84, 149.52)
[M::mem_pestat] low and high boundaries for proper pairs: (1, 1094)
[M::mem_pestat] analyzing insert size distribution for orientation RF...
[M::mem_pestat] (25, 50, 75) percentile: (93, 636, 2627)
[M::mem_pestat] low and high boundaries for computing mean and std.dev: (1, 7695)
[M::mem_pestat] mean and std.dev: (1443.49, 1810.22)
[M::mem_pestat] low and high boundaries for proper pairs: (1, 10229)
[M::mem_pestat] analyzing insert size distribution for orientation RR...
[M::mem_pestat] (25, 50, 75) percentile: (281, 498, 1164)
[M::mem_pestat] low and high boundaries for computing mean and std.dev: (1, 2930)
[M::mem_pestat] mean and std.dev: (641.50, 610.16)
[M::mem_pestat] low and high boundaries for proper pairs: (1, 3813)
[M::mem_pestat] skip orientation FF
[M::mem_pestat] skip orientation RF
[M::mem_pestat] skip orientation RR
[M::process] read 1478218 sequences (200000211 bp)...
[M::mem_process_seqs] Processed 1485890 reads in 460.112 CPU sec, 49.817 real sec
[M::mem_pestat] # candidate unique pairs for (FF, FR, RF, RR): (49, 568152, 155, 30)
[M::mem_pestat] analyzing insert size distribution for orientation FF...
[M::mem_pestat] (25, 50, 75) percentile: (357, 492, 875)
[M::mem_pestat] low and high boundaries for computing mean and std.dev: (1, 1911)
[M::mem_pestat] mean and std.dev: (577.50, 349.93)
[M::mem_pestat] low and high boundaries for proper pairs: (1, 2429)
[M::mem_pestat] analyzing insert size distribution for orientation FR...
[M::mem_pestat] (25, 50, 75) percentile: (296, 389, 496)
[M::mem_pestat] low and high boundaries for computing mean and std.dev: (1, 896)
[M::mem_pestat] mean and std.dev: (402.67, 150.41)
[M::mem_pestat] low and high boundaries for proper pairs: (1, 1096)
[M::mem_pestat] analyzing insert size distribution for orientation RF...
[M::mem_pestat] (25, 50, 75) percentile: (110, 432, 2280)
[M::mem_pestat] low and high boundaries for computing mean and std.dev: (1, 6620)
[M::mem_pestat] mean and std.dev: (1031.24, 1546.98)
[M::mem_pestat] low and high boundaries for proper pairs: (1, 8790)
[M::mem_pestat] analyzing insert size distribution for orientation RR...
[M::mem_pestat] (25, 50, 75) percentile: (261, 378, 1054)
[M::mem_pestat] low and high boundaries for computing mean and std.dev: (1, 2640)
[M::mem_pestat] mean and std.dev: (461.16, 415.96)
[M::mem_pestat] low and high boundaries for proper pairs: (1, 3433)
[M::mem_pestat] skip orientation FF
[M::mem_pestat] skip orientation RF
[M::mem_pestat] skip orientation RR
[M::mem_process_seqs] Processed 1478218 reads in 459.062 CPU sec, 73.609 real sec
[M::process] read 1473220 sequences (200000183 bp)...
[M::process] read 1472502 sequences (200000020 bp)...
[M::mem_pestat] # candidate unique pairs for (FF, FR, RF, RR): (63, 566204, 139, 50)
[M::mem_pestat] analyzing insert size distribution for orientation FF...
[M::mem_pestat] (25, 50, 75) percentile: (433, 617, 1071)
[M::mem_pestat] low and high boundaries for computing mean and std.dev: (1, 2347)
[M::mem_pestat] mean and std.dev: (742.14, 498.29)
[M::mem_pestat] low and high boundaries for proper pairs: (1, 2985)
[M::mem_pestat] analyzing insert size distribution for orientation FR...
[M::mem_pestat] (25, 50, 75) percentile: (300, 395, 506)
[M::mem_pestat] low and high boundaries for computing mean and std.dev: (1, 918)
[M::mem_pestat] mean and std.dev: (410.15, 154.54)
[M::mem_pestat] low and high boundaries for proper pairs: (1, 1124)
[M::mem_pestat] analyzing insert size distribution for orientation RF...
[M::mem_pestat] (25, 50, 75) percentile: (89, 668, 4106)
[M::mem_pestat] low and high boundaries for computing mean and std.dev: (1, 12140)
[M::mem_pestat] mean and std.dev: (2179.86, 2831.37)
[M::mem_pestat] low and high boundaries for proper pairs: (1, 16157)
[M::mem_pestat] analyzing insert size distribution for orientation RR...
[M::mem_pestat] (25, 50, 75) percentile: (287, 545, 925)
[M::mem_pestat] low and high boundaries for computing mean and std.dev: (1, 2201)
[M::mem_pestat] mean and std.dev: (576.36, 475.82)
[M::mem_pestat] low and high boundaries for proper pairs: (1, 2839)
[M::mem_pestat] skip orientation FF
[M::mem_pestat] skip orientation RF
[M::mem_pestat] skip orientation RR
[M::mem_process_seqs] Processed 1473220 reads in 445.350 CPU sec, 46.669 real sec
[M::process] read 556046 sequences (74924822 bp)...
[M::mem_pestat] # candidate unique pairs for (FF, FR, RF, RR): (52, 563592, 162, 33)
[M::mem_pestat] analyzing insert size distribution for orientation FF...
[M::mem_pestat] (25, 50, 75) percentile: (364, 556, 919)
[M::mem_pestat] low and high boundaries for computing mean and std.dev: (1, 2029)
[M::mem_pestat] mean and std.dev: (633.39, 412.95)
[M::mem_pestat] low and high boundaries for proper pairs: (1, 2584)
[M::mem_pestat] analyzing insert size distribution for orientation FR...
[M::mem_pestat] (25, 50, 75) percentile: (299, 395, 508)
[M::mem_pestat] low and high boundaries for computing mean and std.dev: (1, 926)
[M::mem_pestat] mean and std.dev: (411.02, 156.08)
[M::mem_pestat] low and high boundaries for proper pairs: (1, 1135)
[M::mem_pestat] analyzing insert size distribution for orientation RF...
[M::mem_pestat] (25, 50, 75) percentile: (133, 596, 2528)
[M::mem_pestat] low and high boundaries for computing mean and std.dev: (1, 7318)
[M::mem_pestat] mean and std.dev: (1304.46, 1818.27)
[M::mem_pestat] low and high boundaries for proper pairs: (1, 9713)
[M::mem_pestat] analyzing insert size distribution for orientation RR...
[M::mem_pestat] (25, 50, 75) percentile: (253, 629, 1904)
[M::mem_pestat] low and high boundaries for computing mean and std.dev: (1, 5206)
[M::mem_pestat] mean and std.dev: (981.97, 1077.31)
[M::mem_pestat] low and high boundaries for proper pairs: (1, 6857)
[M::mem_pestat] skip orientation FF
[M::mem_pestat] skip orientation RF
[M::mem_pestat] skip orientation RR
[M::mem_process_seqs] Processed 1472502 reads in 448.317 CPU sec, 48.716 real sec
[M::mem_pestat] # candidate unique pairs for (FF, FR, RF, RR): (29, 210957, 57, 23)
[M::mem_pestat] analyzing insert size distribution for orientation FF...
[M::mem_pestat] (25, 50, 75) percentile: (340, 520, 1035)
[M::mem_pestat] low and high boundaries for computing mean and std.dev: (1, 2425)
[M::mem_pestat] mean and std.dev: (592.32, 357.62)
[M::mem_pestat] low and high boundaries for proper pairs: (1, 3120)
[M::mem_pestat] analyzing insert size distribution for orientation FR...
[M::mem_pestat] (25, 50, 75) percentile: (296, 391, 500)
[M::mem_pestat] low and high boundaries for computing mean and std.dev: (1, 908)
[M::mem_pestat] mean and std.dev: (404.87, 151.49)
[M::mem_pestat] low and high boundaries for proper pairs: (1, 1112)
[M::mem_pestat] analyzing insert size distribution for orientation RF...
[M::mem_pestat] (25, 50, 75) percentile: (42, 535, 3719)
[M::mem_pestat] low and high boundaries for computing mean and std.dev: (1, 11073)
[M::mem_pestat] mean and std.dev: (1882.28, 2353.99)
[M::mem_pestat] low and high boundaries for proper pairs: (1, 14750)
[M::mem_pestat] analyzing insert size distribution for orientation RR...
[M::mem_pestat] (25, 50, 75) percentile: (199, 346, 1271)
[M::mem_pestat] low and high boundaries for computing mean and std.dev: (1, 3415)
[M::mem_pestat] mean and std.dev: (586.60, 714.23)
[M::mem_pestat] low and high boundaries for proper pairs: (1, 4487)
[M::mem_pestat] skip orientation FF
[M::mem_pestat] skip orientation RF
[M::mem_pestat] skip orientation RR
[M::mem_process_seqs] Processed 556046 reads in 172.361 CPU sec, 19.219 real sec
[main] Version: 0.7.17-r1188
samblaster: Marked 3599158 of 34818021 (10.34%) read ids as duplicates[main] CMD: using 556048k memory in  bwa1M mem20S -t(80.271S) 20 CPU seconds and  -R43M @RG\tID:SL_HL_19T_258\tPL:ILLUMINA\tPU:HJMNCDSX7.3\tSM:SL_HL_19T_258\tCN:MCGILL\tBC:ATGGTTGACT-NGGACAGGCC10S /storage/scratch/iee/dj20y461/Stickleback/G_aculeatus/FITNESS//data/ref_A_X/stickleback_v5_assembly_A_X.fasta(2590S) /storage/scratch/iee/dj20y461/Stickleback/G_aculeatus/FITNESS//data/trimmed/SL_HL_19T_258.R1.trimmed.fastq.gz wall time.
 /storage/scratch/iee/dj20y461/Stickleback/G_aculeatus/FITNESS//data/trimmed/SL_HL_19T_258.R2.trimmed.fastq.gz
[main] Real time: 2590.629 sec; CPU: 21234.623 sec
[bam_sort_core] merging from 20 files and 20 in-memory blocks...
