samblaster: Version 0.1.24
samblaster: Inputting from stdin
samblaster: Outputting to stdout
[M::bwa_idx_load_from_disk] read 0 ALT contigs
[M::process] read 1460904 sequences (200000105 bp)...
[M::mem_pestat] # candidate unique pairs for (FF, FR, RF, RR): (397, 561123, 118, 161)
[M::mem_pestat] analyzing insert size distribution for orientation FF...
[M::mem_pestat] (25, 50, 75) percentile: (267, 428, 651)
[M::mem_pestat] low and high boundaries for computing mean and std.dev: (1, 1419)
[M::mem_pestat] mean and std.dev: (448.05, 253.83)
[M::mem_pestat] low and high boundaries for proper pairs: (1, 1803)
[M::mem_pestat] analyzing insert size distribution for orientation FR...
[M::mem_pestat] (25, 50, 75) percentile: (255, 346, 460)
[M::mem_pestat] low and high boundaries for computing mean and std.dev: (1, 870)
[M::mem_pestat] mean and std.dev: (367.19, 148.53)
[M::mem_pestat] low and high boundaries for proper pairs: (1, 1075)
[M::mem_pestat] analyzing insert size distribution for orientation RF...
[M::mem_pestat] (25, 50, 75) percentile: (59, 239, 2389)
[M::mem_pestat] low and high boundaries for computing mean and std.dev: (1, 7049)
[M::mem_pestat] mean and std.dev: (1214.92, 1763.73)
[M::mem_pestat] low and high boundaries for proper pairs: (1, 9379)
[M::mem_pestat] analyzing insert size distribution for orientation RR...
[M::mem_pestat] (25, 50, 75) percentile: (235, 384, 817)
[M::mem_pestat] low and high boundaries for computing mean and std.dev: (1, 1981)
[M::mem_pestat] mean and std.dev: (523.47, 395.39)
[M::mem_pestat] low and high boundaries for proper pairs: (1, 2563)
[M::mem_pestat] skip orientation FF
[M::mem_pestat] skip orientation RF
[M::mem_pestat] skip orientation RR
[M::mem_process_seqs] Processed 1460904 reads in 481.559 CPU sec, 116.764 real sec
samblaster: Loaded 23 header sequence entries.
[M::process] read 1461186 sequences (200000122 bp)...
[M::process] read 1463364 sequences (200000094 bp)...
[M::mem_pestat] # candidate unique pairs for (FF, FR, RF, RR): (391, 559362, 132, 186)
[M::mem_pestat] analyzing insert size distribution for orientation FF...
[M::mem_pestat] (25, 50, 75) percentile: (295, 432, 702)
[M::mem_pestat] low and high boundaries for computing mean and std.dev: (1, 1516)
[M::mem_pestat] mean and std.dev: (490.90, 279.77)
[M::mem_pestat] low and high boundaries for proper pairs: (1, 1923)
[M::mem_pestat] analyzing insert size distribution for orientation FR...
[M::mem_pestat] (25, 50, 75) percentile: (257, 348, 463)
[M::mem_pestat] low and high boundaries for computing mean and std.dev: (1, 875)
[M::mem_pestat] mean and std.dev: (369.57, 148.79)
[M::mem_pestat] low and high boundaries for proper pairs: (1, 1081)
[M::mem_pestat] analyzing insert size distribution for orientation RF...
[M::mem_pestat] (25, 50, 75) percentile: (115, 481, 1924)
[M::mem_pestat] low and high boundaries for computing mean and std.dev: (1, 5542)
[M::mem_pestat] mean and std.dev: (970.69, 1378.09)
[M::mem_pestat] low and high boundaries for proper pairs: (1, 7351)
[M::mem_pestat] analyzing insert size distribution for orientation RR...
[M::mem_pestat] (25, 50, 75) percentile: (277, 503, 860)
[M::mem_pestat] low and high boundaries for computing mean and std.dev: (1, 2026)
[M::mem_pestat] mean and std.dev: (569.37, 378.94)
[M::mem_pestat] low and high boundaries for proper pairs: (1, 2609)
[M::mem_pestat] skip orientation FF
[M::mem_pestat] skip orientation RF
[M::mem_pestat] skip orientation RR
[M::mem_process_seqs] Processed 1461186 reads in 455.691 CPU sec, 50.003 real sec
[M::process] read 1461006 sequences (200000157 bp)...
[M::mem_pestat] # candidate unique pairs for (FF, FR, RF, RR): (422, 559909, 159, 173)
[M::mem_pestat] analyzing insert size distribution for orientation FF...
[M::mem_pestat] (25, 50, 75) percentile: (297, 444, 648)
[M::mem_pestat] low and high boundaries for computing mean and std.dev: (1, 1350)
[M::mem_pestat] mean and std.dev: (464.39, 248.59)
[M::mem_pestat] low and high boundaries for proper pairs: (1, 1701)
[M::mem_pestat] analyzing insert size distribution for orientation FR...
[M::mem_pestat] (25, 50, 75) percentile: (256, 346, 459)
[M::mem_pestat] low and high boundaries for computing mean and std.dev: (1, 865)
[M::mem_pestat] mean and std.dev: (366.61, 146.48)
[M::mem_pestat] low and high boundaries for proper pairs: (1, 1068)
[M::mem_pestat] analyzing insert size distribution for orientation RF...
[M::mem_pestat] (25, 50, 75) percentile: (51, 366, 1842)
[M::mem_pestat] low and high boundaries for computing mean and std.dev: (1, 5424)
[M::mem_pestat] mean and std.dev: (890.95, 1264.75)
[M::mem_pestat] low and high boundaries for proper pairs: (1, 7215)
[M::mem_pestat] analyzing insert size distribution for orientation RR...
[M::mem_pestat] (25, 50, 75) percentile: (224, 400, 714)
[M::mem_pestat] low and high boundaries for computing mean and std.dev: (1, 1694)
[M::mem_pestat] mean and std.dev: (481.12, 361.06)
[M::mem_pestat] low and high boundaries for proper pairs: (1, 2184)
[M::mem_pestat] skip orientation FF
[M::mem_pestat] skip orientation RF
[M::mem_pestat] skip orientation RR
[M::mem_process_seqs] Processed 1463364 reads in 455.095 CPU sec, 51.482 real sec
[M::process] read 1467760 sequences (200000091 bp)...
[M::mem_pestat] # candidate unique pairs for (FF, FR, RF, RR): (426, 558613, 140, 166)
[M::mem_pestat] analyzing insert size distribution for orientation FF...
[M::mem_pestat] (25, 50, 75) percentile: (290, 460, 679)
[M::mem_pestat] low and high boundaries for computing mean and std.dev: (1, 1457)
[M::mem_pestat] mean and std.dev: (483.96, 269.77)
[M::mem_pestat] low and high boundaries for proper pairs: (1, 1846)
[M::mem_pestat] analyzing insert size distribution for orientation FR...
[M::mem_pestat] (25, 50, 75) percentile: (259, 352, 467)
[M::mem_pestat] low and high boundaries for computing mean and std.dev: (1, 883)
[M::mem_pestat] mean and std.dev: (372.94, 150.88)
[M::mem_pestat] low and high boundaries for proper pairs: (1, 1091)
[M::mem_pestat] analyzing insert size distribution for orientation RF...
[M::mem_pestat] (25, 50, 75) percentile: (38, 310, 2066)
[M::mem_pestat] low and high boundaries for computing mean and std.dev: (1, 6122)
[M::mem_pestat] mean and std.dev: (1040.70, 1677.29)
[M::mem_pestat] low and high boundaries for proper pairs: (1, 8150)
[M::mem_pestat] analyzing insert size distribution for orientation RR...
[M::mem_pestat] (25, 50, 75) percentile: (251, 488, 1081)
[M::mem_pestat] low and high boundaries for computing mean and std.dev: (1, 2741)
[M::mem_pestat] mean and std.dev: (682.04, 598.37)
[M::mem_pestat] low and high boundaries for proper pairs: (1, 3571)
[M::mem_pestat] skip orientation FF
[M::mem_pestat] skip orientation RF
[M::mem_pestat] skip orientation RR
[M::mem_process_seqs] Processed 1461006 reads in 456.973 CPU sec, 50.316 real sec
[M::process] read 1458820 sequences (200000284 bp)...
[M::mem_pestat] # candidate unique pairs for (FF, FR, RF, RR): (421, 557971, 131, 198)
[M::mem_pestat] analyzing insert size distribution for orientation FF...
[M::mem_pestat] (25, 50, 75) percentile: (281, 434, 668)
[M::mem_pestat] low and high boundaries for computing mean and std.dev: (1, 1442)
[M::mem_pestat] mean and std.dev: (463.19, 252.46)
[M::mem_pestat] low and high boundaries for proper pairs: (1, 1829)
[M::mem_pestat] analyzing insert size distribution for orientation FR...
[M::mem_pestat] (25, 50, 75) percentile: (256, 346, 457)
[M::mem_pestat] low and high boundaries for computing mean and std.dev: (1, 859)
[M::mem_pestat] mean and std.dev: (365.54, 144.24)
[M::mem_pestat] low and high boundaries for proper pairs: (1, 1060)
[M::mem_pestat] analyzing insert size distribution for orientation RF...
[M::mem_pestat] (25, 50, 75) percentile: (43, 211, 1885)
[M::mem_pestat] low and high boundaries for computing mean and std.dev: (1, 5569)
[M::mem_pestat] mean and std.dev: (734.24, 1338.76)
[M::mem_pestat] low and high boundaries for proper pairs: (1, 7411)
[M::mem_pestat] analyzing insert size distribution for orientation RR...
[M::mem_pestat] (25, 50, 75) percentile: (258, 426, 803)
[M::mem_pestat] low and high boundaries for computing mean and std.dev: (1, 1893)
[M::mem_pestat] mean and std.dev: (527.84, 398.28)
[M::mem_pestat] low and high boundaries for proper pairs: (1, 2438)
[M::mem_pestat] skip orientation FF
[M::mem_pestat] skip orientation RF
[M::mem_pestat] skip orientation RR
[M::mem_process_seqs] Processed 1467760 reads in 460.631 CPU sec, 51.380 real sec
[M::mem_pestat] # candidate unique pairs for (FF, FR, RF, RR): (416, 559515, 124, 182)
[M::mem_pestat] analyzing insert size distribution for orientation FF...
[M::mem_pestat] (25, 50, 75) percentile: (282, 422, 656)
[M::mem_pestat] low and high boundaries for computing mean and std.dev: (1, 1404)
[M::mem_pestat] mean and std.dev: (468.10, 261.45)
[M::mem_pestat] low and high boundaries for proper pairs: (1, 1778)
[M::mem_pestat] analyzing insert size distribution for orientation FR...
[M::mem_pestat] (25, 50, 75) percentile: (258, 349, 465)
[M::mem_pestat] low and high boundaries for computing mean and std.dev: (1, 879)
[M::mem_pestat] mean and std.dev: (371.28, 151.20)
[M::mem_pestat] low and high boundaries for proper pairs: (1, 1086)
[M::mem_pestat] analyzing insert size distribution for orientation RF...
[M::mem_pestat] (25, 50, 75) percentile: (77, 362, 2778)
[M::mem_pestat] low and high boundaries for computing mean and std.dev: (1, 8180)
[M::mem_pestat] mean and std.dev: (1343.23, 2039.33)
[M::mem_pestat] low and high boundaries for proper pairs: (1, 10881)
[M::mem_pestat] analyzing insert size distribution for orientation RR...
[M::mem_pestat] (25, 50, 75) percentile: (232, 487, 975)
[M::mem_pestat] low and high boundaries for computing mean and std.dev: (1, 2461)
[M::mem_pestat] mean and std.dev: (638.52, 534.81)
[M::mem_pestat] low and high boundaries for proper pairs: (1, 3204)
[M::mem_pestat] skip orientation FF
[M::mem_pestat] skip orientation RF
[M::mem_pestat] skip orientation RR
[M::process] read 1460804 sequences (200000269 bp)...
[M::mem_process_seqs] Processed 1458820 reads in 451.897 CPU sec, 49.057 real sec
[M::mem_pestat] # candidate unique pairs for (FF, FR, RF, RR): (422, 558301, 128, 182)
[M::mem_pestat] analyzing insert size distribution for orientation FF...
[M::mem_pestat] (25, 50, 75) percentile: (305, 463, 719)
[M::mem_pestat] low and high boundaries for computing mean and std.dev: (1, 1547)
[M::mem_pestat] mean and std.dev: (521.12, 320.48)
[M::mem_pestat] low and high boundaries for proper pairs: (1, 1961)
[M::mem_pestat] analyzing insert size distribution for orientation FR...
[M::mem_pestat] (25, 50, 75) percentile: (258, 350, 464)
[M::mem_pestat] low and high boundaries for computing mean and std.dev: (1, 876)
[M::mem_pestat] mean and std.dev: (370.78, 149.37)
[M::mem_pestat] low and high boundaries for proper pairs: (1, 1082)
[M::mem_pestat] analyzing insert size distribution for orientation RF...
[M::mem_pestat] (25, 50, 75) percentile: (37, 294, 1666)
[M::mem_pestat] low and high boundaries for computing mean and std.dev: (1, 4924)
[M::mem_pestat] mean and std.dev: (761.54, 1010.15)
[M::mem_pestat] low and high boundaries for proper pairs: (1, 6553)
[M::mem_pestat] analyzing insert size distribution for orientation RR...
[M::mem_pestat] (25, 50, 75) percentile: (254, 466, 1064)
[M::mem_pestat] low and high boundaries for computing mean and std.dev: (1, 2684)
[M::mem_pestat] mean and std.dev: (643.55, 564.83)
[M::mem_pestat] low and high boundaries for proper pairs: (1, 3494)
[M::mem_pestat] skip orientation FF
[M::mem_pestat] skip orientation RF
[M::mem_pestat] skip orientation RR
[M::mem_process_seqs] Processed 1460804 reads in 471.142 CPU sec, 77.458 real sec
[M::process] read 1464384 sequences (200000172 bp)...
[M::process] read 1458630 sequences (200000106 bp)...
[M::mem_pestat] # candidate unique pairs for (FF, FR, RF, RR): (439, 559877, 139, 164)
[M::mem_pestat] analyzing insert size distribution for orientation FF...
[M::mem_pestat] (25, 50, 75) percentile: (270, 420, 619)
[M::mem_pestat] low and high boundaries for computing mean and std.dev: (1, 1317)
[M::mem_pestat] mean and std.dev: (442.10, 240.14)
[M::mem_pestat] low and high boundaries for proper pairs: (1, 1666)
[M::mem_pestat] analyzing insert size distribution for orientation FR...
[M::mem_pestat] (25, 50, 75) percentile: (255, 344, 456)
[M::mem_pestat] low and high boundaries for computing mean and std.dev: (1, 858)
[M::mem_pestat] mean and std.dev: (364.29, 145.14)
[M::mem_pestat] low and high boundaries for proper pairs: (1, 1059)
[M::mem_pestat] analyzing insert size distribution for orientation RF...
[M::mem_pestat] (25, 50, 75) percentile: (70, 337, 2872)
[M::mem_pestat] low and high boundaries for computing mean and std.dev: (1, 8476)
[M::mem_pestat] mean and std.dev: (1429.67, 2061.99)
[M::mem_pestat] low and high boundaries for proper pairs: (1, 11278)
[M::mem_pestat] analyzing insert size distribution for orientation RR...
[M::mem_pestat] (25, 50, 75) percentile: (238, 427, 857)
[M::mem_pestat] low and high boundaries for computing mean and std.dev: (1, 2095)
[M::mem_pestat] mean and std.dev: (558.81, 470.79)
[M::mem_pestat] low and high boundaries for proper pairs: (1, 2714)
[M::mem_pestat] skip orientation FF
[M::mem_pestat] skip orientation RF
[M::mem_pestat] skip orientation RR
[M::mem_process_seqs] Processed 1464384 reads in 454.558 CPU sec, 47.861 real sec
[M::mem_pestat] # candidate unique pairs for (FF, FR, RF, RR): (377, 559463, 123, 157)
[M::mem_pestat] analyzing insert size distribution for orientation FF...
[M::mem_pestat] (25, 50, 75) percentile: (267, 408, 650)
[M::mem_pestat] low and high boundaries for computing mean and std.dev: (1, 1416)
[M::mem_pestat] mean and std.dev: (440.82, 261.06)
[M::mem_pestat] low and high boundaries for proper pairs: (1, 1799)
[M::mem_pestat] analyzing insert size distribution for orientation FR...
[M::mem_pestat] (25, 50, 75) percentile: (258, 350, 466)
[M::mem_pestat] low and high boundaries for computing mean and std.dev: (1, 882)
[M::mem_pestat] mean and std.dev: (372.06, 151.22)
[M::mem_pestat] low and high boundaries for proper pairs: (1, 1090)
[M::mem_pestat] analyzing insert size distribution for orientation RF...
[M::mem_pestat] (25, 50, 75) percentile: (40, 221, 1284)
[M::mem_pestat] low and high boundaries for computing mean and std.dev: (1, 3772)
[M::mem_pestat] mean and std.dev: (570.56, 899.92)
[M::mem_pestat] low and high boundaries for proper pairs: (1, 5016)
[M::mem_pestat] analyzing insert size distribution for orientation RR...
[M::mem_pestat] (25, 50, 75) percentile: (213, 391, 834)
[M::mem_pestat] low and high boundaries for computing mean and std.dev: (1, 2076)
[M::mem_pestat] mean and std.dev: (514.73, 419.40)
[M::mem_pestat] low and high boundaries for proper pairs: (1, 2697)
[M::mem_pestat] skip orientation FF
[M::mem_pestat] skip orientation RF
[M::mem_pestat] skip orientation RR
[M::mem_process_seqs] Processed 1458630 reads in 467.728 CPU sec, 73.027 real sec
[M::process] read 1463382 sequences (200000080 bp)...
[M::process] read 1461290 sequences (200000011 bp)...
[M::mem_pestat] # candidate unique pairs for (FF, FR, RF, RR): (439, 557463, 133, 179)
[M::mem_pestat] analyzing insert size distribution for orientation FF...
[M::mem_pestat] (25, 50, 75) percentile: (258, 425, 671)
[M::mem_pestat] low and high boundaries for computing mean and std.dev: (1, 1497)
[M::mem_pestat] mean and std.dev: (468.20, 279.96)
[M::mem_pestat] low and high boundaries for proper pairs: (1, 1910)
[M::mem_pestat] analyzing insert size distribution for orientation FR...
[M::mem_pestat] (25, 50, 75) percentile: (256, 346, 457)
[M::mem_pestat] low and high boundaries for computing mean and std.dev: (1, 859)
[M::mem_pestat] mean and std.dev: (365.53, 145.09)
[M::mem_pestat] low and high boundaries for proper pairs: (1, 1060)
[M::mem_pestat] analyzing insert size distribution for orientation RF...
[M::mem_pestat] (25, 50, 75) percentile: (72, 330, 2897)
[M::mem_pestat] low and high boundaries for computing mean and std.dev: (1, 8547)
[M::mem_pestat] mean and std.dev: (1409.52, 2104.72)
[M::mem_pestat] low and high boundaries for proper pairs: (1, 11372)
[M::mem_pestat] analyzing insert size distribution for orientation RR...
[M::mem_pestat] (25, 50, 75) percentile: (241, 400, 807)
[M::mem_pestat] low and high boundaries for computing mean and std.dev: (1, 1939)
[M::mem_pestat] mean and std.dev: (535.51, 429.61)
[M::mem_pestat] low and high boundaries for proper pairs: (1, 2505)
[M::mem_pestat] skip orientation FF
[M::mem_pestat] skip orientation RF
[M::mem_pestat] skip orientation RR
[M::mem_process_seqs] Processed 1463382 reads in 456.429 CPU sec, 47.986 real sec
[M::mem_pestat] # candidate unique pairs for (FF, FR, RF, RR): (442, 561049, 134, 175)
[M::mem_pestat] analyzing insert size distribution for orientation FF...
[M::mem_pestat] (25, 50, 75) percentile: (272, 435, 705)
[M::mem_pestat] low and high boundaries for computing mean and std.dev: (1, 1571)
[M::mem_pestat] mean and std.dev: (489.31, 297.58)
[M::mem_pestat] low and high boundaries for proper pairs: (1, 2004)
[M::mem_pestat] analyzing insert size distribution for orientation FR...
[M::mem_pestat] (25, 50, 75) percentile: (255, 346, 459)
[M::mem_pestat] low and high boundaries for computing mean and std.dev: (1, 867)
[M::mem_pestat] mean and std.dev: (367.04, 148.47)
[M::mem_pestat] low and high boundaries for proper pairs: (1, 1071)
[M::mem_pestat] analyzing insert size distribution for orientation RF...
[M::mem_pestat] (25, 50, 75) percentile: (35, 218, 1437)
[M::mem_pestat] low and high boundaries for computing mean and std.dev: (1, 4241)
[M::mem_pestat] mean and std.dev: (627.44, 995.14)
[M::mem_pestat] low and high boundaries for proper pairs: (1, 5643)
[M::mem_pestat] analyzing insert size distribution for orientation RR...
[M::mem_pestat] (25, 50, 75) percentile: (249, 451, 860)
[M::mem_pestat] low and high boundaries for computing mean and std.dev: (1, 2082)
[M::mem_pestat] mean and std.dev: (550.69, 424.35)
[M::mem_pestat] low and high boundaries for proper pairs: (1, 2693)
[M::mem_pestat] skip orientation FF
[M::mem_pestat] skip orientation RF
[M::mem_pestat] skip orientation RR
[M::process] read 1460402 sequences (200000179 bp)...
[M::mem_process_seqs] Processed 1461290 reads in 451.405 CPU sec, 49.439 real sec
[M::mem_pestat] # candidate unique pairs for (FF, FR, RF, RR): (423, 558625, 112, 152)
[M::mem_pestat] analyzing insert size distribution for orientation FF...
[M::mem_pestat] (25, 50, 75) percentile: (305, 446, 671)
[M::mem_pestat] low and high boundaries for computing mean and std.dev: (1, 1403)
[M::mem_pestat] mean and std.dev: (488.74, 273.29)
[M::mem_pestat] low and high boundaries for proper pairs: (1, 1769)
[M::mem_pestat] analyzing insert size distribution for orientation FR...
[M::mem_pestat] (25, 50, 75) percentile: (257, 348, 462)
[M::mem_pestat] low and high boundaries for computing mean and std.dev: (1, 872)
[M::mem_pestat] mean and std.dev: (369.13, 148.63)
[M::mem_pestat] low and high boundaries for proper pairs: (1, 1077)
[M::mem_pestat] analyzing insert size distribution for orientation RF...
[M::mem_pestat] (25, 50, 75) percentile: (57, 277, 1342)
[M::mem_pestat] low and high boundaries for computing mean and std.dev: (1, 3912)
[M::mem_pestat] mean and std.dev: (578.42, 883.77)
[M::mem_pestat] low and high boundaries for proper pairs: (1, 5197)
[M::mem_pestat] analyzing insert size distribution for orientation RR...
[M::mem_pestat] (25, 50, 75) percentile: (227, 379, 781)
[M::mem_pestat] low and high boundaries for computing mean and std.dev: (1, 1889)
[M::mem_pestat] mean and std.dev: (510.10, 435.67)
[M::mem_pestat] low and high boundaries for proper pairs: (1, 2443)
[M::mem_pestat] skip orientation FF
[M::mem_pestat] skip orientation RF
[M::mem_pestat] skip orientation RR
[M::process] read 1466546 sequences (200000099 bp)...
[M::mem_process_seqs] Processed 1460402 reads in 455.403 CPU sec, 49.269 real sec
[M::mem_pestat] # candidate unique pairs for (FF, FR, RF, RR): (424, 560367, 134, 191)
[M::mem_pestat] analyzing insert size distribution for orientation FF...
[M::mem_pestat] (25, 50, 75) percentile: (302, 466, 734)
[M::mem_pestat] low and high boundaries for computing mean and std.dev: (1, 1598)
[M::mem_pestat] mean and std.dev: (527.49, 314.29)
[M::mem_pestat] low and high boundaries for proper pairs: (1, 2030)
[M::mem_pestat] analyzing insert size distribution for orientation FR...
[M::mem_pestat] (25, 50, 75) percentile: (251, 339, 448)
[M::mem_pestat] low and high boundaries for computing mean and std.dev: (1, 842)
[M::mem_pestat] mean and std.dev: (358.59, 141.95)
[M::mem_pestat] low and high boundaries for proper pairs: (1, 1039)
[M::mem_pestat] analyzing insert size distribution for orientation RF...
[M::mem_pestat] (25, 50, 75) percentile: (33, 174, 726)
[M::mem_pestat] low and high boundaries for computing mean and std.dev: (1, 2112)
[M::mem_pestat] mean and std.dev: (231.55, 356.93)
[M::mem_pestat] low and high boundaries for proper pairs: (1, 2805)
[M::mem_pestat] analyzing insert size distribution for orientation RR...
[M::mem_pestat] (25, 50, 75) percentile: (234, 380, 861)
[M::mem_pestat] low and high boundaries for computing mean and std.dev: (1, 2115)
[M::mem_pestat] mean and std.dev: (533.93, 435.84)
[M::mem_pestat] low and high boundaries for proper pairs: (1, 2742)
[M::mem_pestat] skip orientation FF
[M::mem_pestat] skip orientation RF
[M::mem_pestat] skip orientation RR
[M::process] read 1461066 sequences (200000110 bp)...
[M::mem_process_seqs] Processed 1466546 reads in 452.900 CPU sec, 49.367 real sec
[M::mem_pestat] # candidate unique pairs for (FF, FR, RF, RR): (424, 560664, 140, 190)
[M::mem_pestat] analyzing insert size distribution for orientation FF...
[M::mem_pestat] (25, 50, 75) percentile: (284, 423, 653)
[M::mem_pestat] low and high boundaries for computing mean and std.dev: (1, 1391)
[M::mem_pestat] mean and std.dev: (473.34, 278.04)
[M::mem_pestat] low and high boundaries for proper pairs: (1, 1760)
[M::mem_pestat] analyzing insert size distribution for orientation FR...
[M::mem_pestat] (25, 50, 75) percentile: (254, 344, 456)
[M::mem_pestat] low and high boundaries for computing mean and std.dev: (1, 860)
[M::mem_pestat] mean and std.dev: (364.73, 146.68)
[M::mem_pestat] low and high boundaries for proper pairs: (1, 1062)
[M::mem_pestat] analyzing insert size distribution for orientation RF...
[M::mem_pestat] (25, 50, 75) percentile: (53, 334, 1491)
[M::mem_pestat] low and high boundaries for computing mean and std.dev: (1, 4367)
[M::mem_pestat] mean and std.dev: (704.48, 1022.30)
[M::mem_pestat] low and high boundaries for proper pairs: (1, 5805)
[M::mem_pestat] analyzing insert size distribution for orientation RR...
[M::mem_pestat] (25, 50, 75) percentile: (263, 498, 905)
[M::mem_pestat] low and high boundaries for computing mean and std.dev: (1, 2189)
[M::mem_pestat] mean and std.dev: (566.46, 408.93)
[M::mem_pestat] low and high boundaries for proper pairs: (1, 2831)
[M::mem_pestat] skip orientation FF
[M::mem_pestat] skip orientation RF
[M::mem_pestat] skip orientation RR
[M::process] read 1464024 sequences (200000059 bp)...
[M::mem_process_seqs] Processed 1461066 reads in 453.441 CPU sec, 49.119 real sec
[M::mem_pestat] # candidate unique pairs for (FF, FR, RF, RR): (466, 559536, 150, 168)
[M::mem_pestat] analyzing insert size distribution for orientation FF...
[M::mem_pestat] (25, 50, 75) percentile: (269, 438, 641)
[M::mem_pestat] low and high boundaries for computing mean and std.dev: (1, 1385)
[M::mem_pestat] mean and std.dev: (452.08, 247.39)
[M::mem_pestat] low and high boundaries for proper pairs: (1, 1757)
[M::mem_pestat] analyzing insert size distribution for orientation FR...
[M::mem_pestat] (25, 50, 75) percentile: (254, 344, 455)
[M::mem_pestat] low and high boundaries for computing mean and std.dev: (1, 857)
[M::mem_pestat] mean and std.dev: (363.79, 145.00)
[M::mem_pestat] low and high boundaries for proper pairs: (1, 1058)
[M::mem_pestat] analyzing insert size distribution for orientation RF...
[M::mem_pestat] (25, 50, 75) percentile: (105, 490, 3289)
[M::mem_pestat] low and high boundaries for computing mean and std.dev: (1, 9657)
[M::mem_pestat] mean and std.dev: (2002.18, 2754.84)
[M::mem_pestat] low and high boundaries for proper pairs: (1, 13022)
[M::mem_pestat] analyzing insert size distribution for orientation RR...
[M::mem_pestat] (25, 50, 75) percentile: (238, 489, 911)
[M::mem_pestat] low and high boundaries for computing mean and std.dev: (1, 2257)
[M::mem_pestat] mean and std.dev: (538.91, 415.46)
[M::mem_pestat] low and high boundaries for proper pairs: (1, 2930)
[M::mem_pestat] skip orientation FF
[M::mem_pestat] skip orientation RF
[M::mem_pestat] skip orientation RR
[M::process] read 1504764 sequences (200000010 bp)...
[M::mem_process_seqs] Processed 1464024 reads in 460.503 CPU sec, 50.144 real sec
[M::mem_pestat] # candidate unique pairs for (FF, FR, RF, RR): (422, 553974, 119, 192)
[M::mem_pestat] analyzing insert size distribution for orientation FF...
[M::mem_pestat] (25, 50, 75) percentile: (323, 498, 724)
[M::mem_pestat] low and high boundaries for computing mean and std.dev: (1, 1526)
[M::mem_pestat] mean and std.dev: (536.41, 294.53)
[M::mem_pestat] low and high boundaries for proper pairs: (1, 1927)
[M::mem_pestat] analyzing insert size distribution for orientation FR...
[M::mem_pestat] (25, 50, 75) percentile: (257, 349, 464)
[M::mem_pestat] low and high boundaries for computing mean and std.dev: (1, 878)
[M::mem_pestat] mean and std.dev: (370.37, 150.40)
[M::mem_pestat] low and high boundaries for proper pairs: (1, 1085)
[M::mem_pestat] analyzing insert size distribution for orientation RF...
[M::mem_pestat] (25, 50, 75) percentile: (47, 441, 3390)
[M::mem_pestat] low and high boundaries for computing mean and std.dev: (1, 10076)
[M::mem_pestat] mean and std.dev: (1893.38, 2658.00)
[M::mem_pestat] low and high boundaries for proper pairs: (1, 13419)
[M::mem_pestat] analyzing insert size distribution for orientation RR...
[M::mem_pestat] (25, 50, 75) percentile: (241, 424, 893)
[M::mem_pestat] low and high boundaries for computing mean and std.dev: (1, 2197)
[M::mem_pestat] mean and std.dev: (550.64, 433.48)
[M::mem_pestat] low and high boundaries for proper pairs: (1, 2849)
[M::mem_pestat] skip orientation FF
[M::mem_pestat] skip orientation RF
[M::mem_pestat] skip orientation RR
[M::process] read 1478936 sequences (200000057 bp)...
[M::mem_process_seqs] Processed 1504764 reads in 595.569 CPU sec, 72.416 real sec
[M::mem_pestat] # candidate unique pairs for (FF, FR, RF, RR): (455, 561535, 120, 158)
[M::mem_pestat] analyzing insert size distribution for orientation FF...
[M::mem_pestat] (25, 50, 75) percentile: (304, 450, 664)
[M::mem_pestat] low and high boundaries for computing mean and std.dev: (1, 1384)
[M::mem_pestat] mean and std.dev: (481.87, 250.87)
[M::mem_pestat] low and high boundaries for proper pairs: (1, 1744)
[M::mem_pestat] analyzing insert size distribution for orientation FR...
[M::mem_pestat] (25, 50, 75) percentile: (259, 351, 467)
[M::mem_pestat] low and high boundaries for computing mean and std.dev: (1, 883)
[M::mem_pestat] mean and std.dev: (372.98, 151.45)
[M::mem_pestat] low and high boundaries for proper pairs: (1, 1091)
[M::mem_pestat] analyzing insert size distribution for orientation RF...
[M::mem_pestat] (25, 50, 75) percentile: (51, 415, 1779)
[M::mem_pestat] low and high boundaries for computing mean and std.dev: (1, 5235)
[M::mem_pestat] mean and std.dev: (807.08, 1107.56)
[M::mem_pestat] low and high boundaries for proper pairs: (1, 6963)
[M::mem_pestat] analyzing insert size distribution for orientation RR...
[M::mem_pestat] (25, 50, 75) percentile: (229, 438, 910)
[M::mem_pestat] low and high boundaries for computing mean and std.dev: (1, 2272)
[M::mem_pestat] mean and std.dev: (618.18, 529.93)
[M::mem_pestat] low and high boundaries for proper pairs: (1, 2953)
[M::mem_pestat] skip orientation FF
[M::mem_pestat] skip orientation RF
[M::mem_pestat] skip orientation RR
[M::process] read 1484906 sequences (200000132 bp)...
[M::mem_process_seqs] Processed 1478936 reads in 520.210 CPU sec, 55.943 real sec
[M::mem_pestat] # candidate unique pairs for (FF, FR, RF, RR): (436, 564980, 131, 191)
[M::mem_pestat] analyzing insert size distribution for orientation FF...
[M::mem_pestat] (25, 50, 75) percentile: (305, 431, 682)
[M::mem_pestat] low and high boundaries for computing mean and std.dev: (1, 1436)
[M::mem_pestat] mean and std.dev: (488.99, 285.02)
[M::mem_pestat] low and high boundaries for proper pairs: (1, 1813)
[M::mem_pestat] analyzing insert size distribution for orientation FR...
[M::mem_pestat] (25, 50, 75) percentile: (259, 352, 469)
[M::mem_pestat] low and high boundaries for computing mean and std.dev: (1, 889)
[M::mem_pestat] mean and std.dev: (373.73, 152.31)
[M::mem_pestat] low and high boundaries for proper pairs: (1, 1099)
[M::mem_pestat] analyzing insert size distribution for orientation RF...
[M::mem_pestat] (25, 50, 75) percentile: (45, 228, 1449)
[M::mem_pestat] low and high boundaries for computing mean and std.dev: (1, 4257)
[M::mem_pestat] mean and std.dev: (455.09, 792.40)
[M::mem_pestat] low and high boundaries for proper pairs: (1, 5661)
[M::mem_pestat] analyzing insert size distribution for orientation RR...
[M::mem_pestat] (25, 50, 75) percentile: (239, 430, 953)
[M::mem_pestat] low and high boundaries for computing mean and std.dev: (1, 2381)
[M::mem_pestat] mean and std.dev: (592.57, 509.03)
[M::mem_pestat] low and high boundaries for proper pairs: (1, 3095)
[M::mem_pestat] skip orientation FF
[M::mem_pestat] skip orientation RF
[M::mem_pestat] skip orientation RR
[M::process] read 1470418 sequences (200000255 bp)...
[M::mem_process_seqs] Processed 1484906 reads in 469.168 CPU sec, 50.722 real sec
[M::mem_pestat] # candidate unique pairs for (FF, FR, RF, RR): (453, 560778, 114, 200)
[M::mem_pestat] analyzing insert size distribution for orientation FF...
[M::mem_pestat] (25, 50, 75) percentile: (314, 456, 683)
[M::mem_pestat] low and high boundaries for computing mean and std.dev: (1, 1421)
[M::mem_pestat] mean and std.dev: (497.56, 275.90)
[M::mem_pestat] low and high boundaries for proper pairs: (1, 1790)
[M::mem_pestat] analyzing insert size distribution for orientation FR...
[M::mem_pestat] (25, 50, 75) percentile: (261, 354, 473)
[M::mem_pestat] low and high boundaries for computing mean and std.dev: (1, 897)
[M::mem_pestat] mean and std.dev: (376.90, 154.10)
[M::mem_pestat] low and high boundaries for proper pairs: (1, 1109)
[M::mem_pestat] analyzing insert size distribution for orientation RF...
[M::mem_pestat] (25, 50, 75) percentile: (59, 270, 2386)
[M::mem_pestat] low and high boundaries for computing mean and std.dev: (1, 7040)
[M::mem_pestat] mean and std.dev: (1110.02, 1798.05)
[M::mem_pestat] low and high boundaries for proper pairs: (1, 9367)
[M::mem_pestat] analyzing insert size distribution for orientation RR...
[M::mem_pestat] (25, 50, 75) percentile: (224, 396, 990)
[M::mem_pestat] low and high boundaries for computing mean and std.dev: (1, 2522)
[M::mem_pestat] mean and std.dev: (578.94, 534.41)
[M::mem_pestat] low and high boundaries for proper pairs: (1, 3288)
[M::mem_pestat] skip orientation FF
[M::mem_pestat] skip orientation RF
[M::mem_pestat] skip orientation RR
[M::process] read 1471018 sequences (200000213 bp)...
[M::mem_process_seqs] Processed 1470418 reads in 508.981 CPU sec, 54.678 real sec
[M::mem_pestat] # candidate unique pairs for (FF, FR, RF, RR): (416, 560052, 126, 174)
[M::mem_pestat] analyzing insert size distribution for orientation FF...
[M::mem_pestat] (25, 50, 75) percentile: (302, 458, 677)
[M::mem_pestat] low and high boundaries for computing mean and std.dev: (1, 1427)
[M::mem_pestat] mean and std.dev: (462.71, 238.96)
[M::mem_pestat] low and high boundaries for proper pairs: (1, 1802)
[M::mem_pestat] analyzing insert size distribution for orientation FR...
[M::mem_pestat] (25, 50, 75) percentile: (258, 350, 465)
[M::mem_pestat] low and high boundaries for computing mean and std.dev: (1, 879)
[M::mem_pestat] mean and std.dev: (370.65, 149.35)
[M::mem_pestat] low and high boundaries for proper pairs: (1, 1086)
[M::mem_pestat] analyzing insert size distribution for orientation RF...
[M::mem_pestat] (25, 50, 75) percentile: (80, 358, 3149)
[M::mem_pestat] low and high boundaries for computing mean and std.dev: (1, 9287)
[M::mem_pestat] mean and std.dev: (1864.15, 2670.18)
[M::mem_pestat] low and high boundaries for proper pairs: (1, 12545)
[M::mem_pestat] analyzing insert size distribution for orientation RR...
[M::mem_pestat] (25, 50, 75) percentile: (246, 418, 955)
[M::mem_pestat] low and high boundaries for computing mean and std.dev: (1, 2373)
[M::mem_pestat] mean and std.dev: (637.67, 553.37)
[M::mem_pestat] low and high boundaries for proper pairs: (1, 3082)
[M::mem_pestat] skip orientation FF
[M::mem_pestat] skip orientation RF
[M::mem_pestat] skip orientation RR
[M::process] read 1463702 sequences (200000135 bp)...
[M::mem_process_seqs] Processed 1471018 reads in 474.072 CPU sec, 51.241 real sec
[M::mem_pestat] # candidate unique pairs for (FF, FR, RF, RR): (431, 560010, 118, 206)
[M::mem_pestat] analyzing insert size distribution for orientation FF...
[M::mem_pestat] (25, 50, 75) percentile: (304, 475, 704)
[M::mem_pestat] low and high boundaries for computing mean and std.dev: (1, 1504)
[M::mem_pestat] mean and std.dev: (508.64, 288.81)
[M::mem_pestat] low and high boundaries for proper pairs: (1, 1904)
[M::mem_pestat] analyzing insert size distribution for orientation FR...
[M::mem_pestat] (25, 50, 75) percentile: (260, 353, 472)
[M::mem_pestat] low and high boundaries for computing mean and std.dev: (1, 896)
[M::mem_pestat] mean and std.dev: (376.04, 154.90)
[M::mem_pestat] low and high boundaries for proper pairs: (1, 1108)
[M::mem_pestat] analyzing insert size distribution for orientation RF...
[M::mem_pestat] (25, 50, 75) percentile: (61, 395, 1490)
[M::mem_pestat] low and high boundaries for computing mean and std.dev: (1, 4348)
[M::mem_pestat] mean and std.dev: (715.12, 952.25)
[M::mem_pestat] low and high boundaries for proper pairs: (1, 5777)
[M::mem_pestat] analyzing insert size distribution for orientation RR...
[M::mem_pestat] (25, 50, 75) percentile: (271, 438, 812)
[M::mem_pestat] low and high boundaries for computing mean and std.dev: (1, 1894)
[M::mem_pestat] mean and std.dev: (536.76, 379.52)
[M::mem_pestat] low and high boundaries for proper pairs: (1, 2435)
[M::mem_pestat] skip orientation FF
[M::mem_pestat] skip orientation RF
[M::mem_pestat] skip orientation RR
[M::process] read 1467136 sequences (200000111 bp)...
[M::mem_process_seqs] Processed 1463702 reads in 466.903 CPU sec, 50.490 real sec
[M::mem_pestat] # candidate unique pairs for (FF, FR, RF, RR): (410, 559766, 119, 174)
[M::mem_pestat] analyzing insert size distribution for orientation FF...
[M::mem_pestat] (25, 50, 75) percentile: (314, 482, 715)
[M::mem_pestat] low and high boundaries for computing mean and std.dev: (1, 1517)
[M::mem_pestat] mean and std.dev: (508.83, 279.86)
[M::mem_pestat] low and high boundaries for proper pairs: (1, 1918)
[M::mem_pestat] analyzing insert size distribution for orientation FR...
[M::mem_pestat] (25, 50, 75) percentile: (259, 352, 470)
[M::mem_pestat] low and high boundaries for computing mean and std.dev: (1, 892)
[M::mem_pestat] mean and std.dev: (374.45, 152.96)
[M::mem_pestat] low and high boundaries for proper pairs: (1, 1103)
[M::mem_pestat] analyzing insert size distribution for orientation RF...
[M::mem_pestat] (25, 50, 75) percentile: (55, 284, 2350)
[M::mem_pestat] low and high boundaries for computing mean and std.dev: (1, 6940)
[M::mem_pestat] mean and std.dev: (1032.79, 1621.31)
[M::mem_pestat] low and high boundaries for proper pairs: (1, 9235)
[M::mem_pestat] analyzing insert size distribution for orientation RR...
[M::mem_pestat] (25, 50, 75) percentile: (209, 434, 791)
[M::mem_pestat] low and high boundaries for computing mean and std.dev: (1, 1955)
[M::mem_pestat] mean and std.dev: (544.55, 442.74)
[M::mem_pestat] low and high boundaries for proper pairs: (1, 2537)
[M::mem_pestat] skip orientation FF
[M::mem_pestat] skip orientation RF
[M::mem_pestat] skip orientation RR
[M::process] read 1468160 sequences (200000269 bp)...
[M::mem_process_seqs] Processed 1467136 reads in 491.996 CPU sec, 52.987 real sec
[M::mem_pestat] # candidate unique pairs for (FF, FR, RF, RR): (448, 560620, 139, 190)
[M::mem_pestat] analyzing insert size distribution for orientation FF...
[M::mem_pestat] (25, 50, 75) percentile: (299, 462, 677)
[M::mem_pestat] low and high boundaries for computing mean and std.dev: (1, 1433)
[M::mem_pestat] mean and std.dev: (482.47, 259.18)
[M::mem_pestat] low and high boundaries for proper pairs: (1, 1811)
[M::mem_pestat] analyzing insert size distribution for orientation FR...
[M::mem_pestat] (25, 50, 75) percentile: (257, 349, 464)
[M::mem_pestat] low and high boundaries for computing mean and std.dev: (1, 878)
[M::mem_pestat] mean and std.dev: (370.15, 150.68)
[M::mem_pestat] low and high boundaries for proper pairs: (1, 1085)
[M::mem_pestat] analyzing insert size distribution for orientation RF...
[M::mem_pestat] (25, 50, 75) percentile: (92, 321, 2792)
[M::mem_pestat] low and high boundaries for computing mean and std.dev: (1, 8192)
[M::mem_pestat] mean and std.dev: (1381.52, 2007.22)
[M::mem_pestat] low and high boundaries for proper pairs: (1, 10892)
[M::mem_pestat] analyzing insert size distribution for orientation RR...
[M::mem_pestat] (25, 50, 75) percentile: (212, 375, 737)
[M::mem_pestat] low and high boundaries for computing mean and std.dev: (1, 1787)
[M::mem_pestat] mean and std.dev: (489.80, 371.31)
[M::mem_pestat] low and high boundaries for proper pairs: (1, 2312)
[M::mem_pestat] skip orientation FF
[M::mem_pestat] skip orientation RF
[M::mem_pestat] skip orientation RR
[M::process] read 1465050 sequences (200000082 bp)...
[M::mem_process_seqs] Processed 1468160 reads in 460.208 CPU sec, 49.774 real sec
[M::mem_pestat] # candidate unique pairs for (FF, FR, RF, RR): (472, 559905, 138, 170)
[M::mem_pestat] analyzing insert size distribution for orientation FF...
[M::mem_pestat] (25, 50, 75) percentile: (270, 425, 697)
[M::mem_pestat] low and high boundaries for computing mean and std.dev: (1, 1551)
[M::mem_pestat] mean and std.dev: (482.86, 293.57)
[M::mem_pestat] low and high boundaries for proper pairs: (1, 1978)
[M::mem_pestat] analyzing insert size distribution for orientation FR...
[M::mem_pestat] (25, 50, 75) percentile: (260, 353, 471)
[M::mem_pestat] low and high boundaries for computing mean and std.dev: (1, 893)
[M::mem_pestat] mean and std.dev: (375.66, 154.07)
[M::mem_pestat] low and high boundaries for proper pairs: (1, 1104)
[M::mem_pestat] analyzing insert size distribution for orientation RF...
[M::mem_pestat] (25, 50, 75) percentile: (44, 379, 1620)
[M::mem_pestat] low and high boundaries for computing mean and std.dev: (1, 4772)
[M::mem_pestat] mean and std.dev: (654.14, 908.83)
[M::mem_pestat] low and high boundaries for proper pairs: (1, 6348)
[M::mem_pestat] analyzing insert size distribution for orientation RR...
[M::mem_pestat] (25, 50, 75) percentile: (247, 463, 798)
[M::mem_pestat] low and high boundaries for computing mean and std.dev: (1, 1900)
[M::mem_pestat] mean and std.dev: (523.01, 389.90)
[M::mem_pestat] low and high boundaries for proper pairs: (1, 2451)
[M::mem_pestat] skip orientation FF
[M::mem_pestat] skip orientation RF
[M::mem_pestat] skip orientation RR
[M::process] read 1468158 sequences (200000026 bp)...
[M::mem_process_seqs] Processed 1465050 reads in 480.178 CPU sec, 51.828 real sec
[M::mem_pestat] # candidate unique pairs for (FF, FR, RF, RR): (451, 560196, 103, 202)
[M::mem_pestat] analyzing insert size distribution for orientation FF...
[M::mem_pestat] (25, 50, 75) percentile: (303, 471, 722)
[M::mem_pestat] low and high boundaries for computing mean and std.dev: (1, 1560)
[M::mem_pestat] mean and std.dev: (510.23, 290.95)
[M::mem_pestat] low and high boundaries for proper pairs: (1, 1979)
[M::mem_pestat] analyzing insert size distribution for orientation FR...
[M::mem_pestat] (25, 50, 75) percentile: (256, 348, 463)
[M::mem_pestat] low and high boundaries for computing mean and std.dev: (1, 877)
[M::mem_pestat] mean and std.dev: (369.17, 149.88)
[M::mem_pestat] low and high boundaries for proper pairs: (1, 1084)
[M::mem_pestat] analyzing insert size distribution for orientation RF...
[M::mem_pestat] (25, 50, 75) percentile: (42, 333, 1653)
[M::mem_pestat] low and high boundaries for computing mean and std.dev: (1, 4875)
[M::mem_pestat] mean and std.dev: (738.25, 1178.99)
[M::mem_pestat] low and high boundaries for proper pairs: (1, 6486)
[M::mem_pestat] analyzing insert size distribution for orientation RR...
[M::mem_pestat] (25, 50, 75) percentile: (222, 413, 901)
[M::mem_pestat] low and high boundaries for computing mean and std.dev: (1, 2259)
[M::mem_pestat] mean and std.dev: (561.01, 448.75)
[M::mem_pestat] low and high boundaries for proper pairs: (1, 2938)
[M::mem_pestat] skip orientation FF
[M::mem_pestat] skip orientation RF
[M::mem_pestat] skip orientation RR
[M::process] read 1468422 sequences (200000063 bp)...
[M::mem_process_seqs] Processed 1468158 reads in 469.649 CPU sec, 50.783 real sec
[M::mem_pestat] # candidate unique pairs for (FF, FR, RF, RR): (459, 561411, 110, 178)
[M::mem_pestat] analyzing insert size distribution for orientation FF...
[M::mem_pestat] (25, 50, 75) percentile: (315, 476, 701)
[M::mem_pestat] low and high boundaries for computing mean and std.dev: (1, 1473)
[M::mem_pestat] mean and std.dev: (509.86, 271.05)
[M::mem_pestat] low and high boundaries for proper pairs: (1, 1859)
[M::mem_pestat] analyzing insert size distribution for orientation FR...
[M::mem_pestat] (25, 50, 75) percentile: (258, 351, 468)
[M::mem_pestat] low and high boundaries for computing mean and std.dev: (1, 888)
[M::mem_pestat] mean and std.dev: (373.17, 152.21)
[M::mem_pestat] low and high boundaries for proper pairs: (1, 1098)
[M::mem_pestat] analyzing insert size distribution for orientation RF...
[M::mem_pestat] (25, 50, 75) percentile: (95, 314, 2506)
[M::mem_pestat] low and high boundaries for computing mean and std.dev: (1, 7328)
[M::mem_pestat] mean and std.dev: (1243.18, 1787.74)
[M::mem_pestat] low and high boundaries for proper pairs: (1, 9739)
[M::mem_pestat] analyzing insert size distribution for orientation RR...
[M::mem_pestat] (25, 50, 75) percentile: (246, 394, 776)
[M::mem_pestat] low and high boundaries for computing mean and std.dev: (1, 1836)
[M::mem_pestat] mean and std.dev: (500.33, 377.29)
[M::mem_pestat] low and high boundaries for proper pairs: (1, 2366)
[M::mem_pestat] skip orientation FF
[M::mem_pestat] skip orientation RF
[M::mem_pestat] skip orientation RR
[M::process] read 1472568 sequences (200000052 bp)...
[M::mem_process_seqs] Processed 1468422 reads in 474.951 CPU sec, 51.315 real sec
[M::mem_pestat] # candidate unique pairs for (FF, FR, RF, RR): (473, 560164, 143, 193)
[M::mem_pestat] analyzing insert size distribution for orientation FF...
[M::mem_pestat] (25, 50, 75) percentile: (292, 464, 667)
[M::mem_pestat] low and high boundaries for computing mean and std.dev: (1, 1417)
[M::mem_pestat] mean and std.dev: (475.69, 261.71)
[M::mem_pestat] low and high boundaries for proper pairs: (1, 1792)
[M::mem_pestat] analyzing insert size distribution for orientation FR...
[M::mem_pestat] (25, 50, 75) percentile: (258, 350, 464)
[M::mem_pestat] low and high boundaries for computing mean and std.dev: (1, 876)
[M::mem_pestat] mean and std.dev: (370.92, 149.62)
[M::mem_pestat] low and high boundaries for proper pairs: (1, 1082)
[M::mem_pestat] analyzing insert size distribution for orientation RF...
[M::mem_pestat] (25, 50, 75) percentile: (64, 358, 1884)
[M::mem_pestat] low and high boundaries for computing mean and std.dev: (1, 5524)
[M::mem_pestat] mean and std.dev: (871.33, 1258.32)
[M::mem_pestat] low and high boundaries for proper pairs: (1, 7344)
[M::mem_pestat] analyzing insert size distribution for orientation RR...
[M::mem_pestat] (25, 50, 75) percentile: (228, 387, 790)
[M::mem_pestat] low and high boundaries for computing mean and std.dev: (1, 1914)
[M::mem_pestat] mean and std.dev: (478.46, 363.27)
[M::mem_pestat] low and high boundaries for proper pairs: (1, 2476)
[M::mem_pestat] skip orientation FF
[M::mem_pestat] skip orientation RF
[M::mem_pestat] skip orientation RR
[M::process] read 1477480 sequences (200000026 bp)...
[M::mem_process_seqs] Processed 1472568 reads in 473.022 CPU sec, 51.125 real sec
[M::mem_pestat] # candidate unique pairs for (FF, FR, RF, RR): (407, 564599, 131, 171)
[M::mem_pestat] analyzing insert size distribution for orientation FF...
[M::mem_pestat] (25, 50, 75) percentile: (287, 441, 707)
[M::mem_pestat] low and high boundaries for computing mean and std.dev: (1, 1547)
[M::mem_pestat] mean and std.dev: (482.69, 289.18)
[M::mem_pestat] low and high boundaries for proper pairs: (1, 1967)
[M::mem_pestat] analyzing insert size distribution for orientation FR...
[M::mem_pestat] (25, 50, 75) percentile: (252, 341, 453)
[M::mem_pestat] low and high boundaries for computing mean and std.dev: (1, 855)
[M::mem_pestat] mean and std.dev: (361.92, 145.82)
[M::mem_pestat] low and high boundaries for proper pairs: (1, 1056)
[M::mem_pestat] analyzing insert size distribution for orientation RF...
[M::mem_pestat] (25, 50, 75) percentile: (39, 323, 1569)
[M::mem_pestat] low and high boundaries for computing mean and std.dev: (1, 4629)
[M::mem_pestat] mean and std.dev: (687.28, 1052.17)
[M::mem_pestat] low and high boundaries for proper pairs: (1, 6159)
[M::mem_pestat] analyzing insert size distribution for orientation RR...
[M::mem_pestat] (25, 50, 75) percentile: (281, 568, 1036)
[M::mem_pestat] low and high boundaries for computing mean and std.dev: (1, 2546)
[M::mem_pestat] mean and std.dev: (669.46, 493.14)
[M::mem_pestat] low and high boundaries for proper pairs: (1, 3301)
[M::mem_pestat] skip orientation FF
[M::mem_pestat] skip orientation RF
[M::mem_pestat] skip orientation RR
[M::process] read 1474820 sequences (200000125 bp)...
[M::mem_process_seqs] Processed 1477480 reads in 500.468 CPU sec, 53.864 real sec
[M::mem_pestat] # candidate unique pairs for (FF, FR, RF, RR): (422, 562058, 144, 186)
[M::mem_pestat] analyzing insert size distribution for orientation FF...
[M::mem_pestat] (25, 50, 75) percentile: (286, 468, 718)
[M::mem_pestat] low and high boundaries for computing mean and std.dev: (1, 1582)
[M::mem_pestat] mean and std.dev: (520.34, 312.40)
[M::mem_pestat] low and high boundaries for proper pairs: (1, 2014)
[M::mem_pestat] analyzing insert size distribution for orientation FR...
[M::mem_pestat] (25, 50, 75) percentile: (256, 346, 460)
[M::mem_pestat] low and high boundaries for computing mean and std.dev: (1, 868)
[M::mem_pestat] mean and std.dev: (367.69, 148.20)
[M::mem_pestat] low and high boundaries for proper pairs: (1, 1072)
[M::mem_pestat] analyzing insert size distribution for orientation RF...
[M::mem_pestat] (25, 50, 75) percentile: (65, 346, 2687)
[M::mem_pestat] low and high boundaries for computing mean and std.dev: (1, 7931)
[M::mem_pestat] mean and std.dev: (1460.26, 2255.93)
[M::mem_pestat] low and high boundaries for proper pairs: (1, 10553)
[M::mem_pestat] analyzing insert size distribution for orientation RR...
[M::mem_pestat] (25, 50, 75) percentile: (266, 499, 808)
[M::mem_pestat] low and high boundaries for computing mean and std.dev: (1, 1892)
[M::mem_pestat] mean and std.dev: (548.22, 379.38)
[M::mem_pestat] low and high boundaries for proper pairs: (1, 2434)
[M::mem_pestat] skip orientation FF
[M::mem_pestat] skip orientation RF
[M::mem_pestat] skip orientation RR
[M::mem_process_seqs] Processed 1474820 reads in 500.604 CPU sec, 92.860 real sec
[M::process] read 579962 sequences (78783094 bp)...
[M::mem_pestat] # candidate unique pairs for (FF, FR, RF, RR): (180, 220988, 56, 75)
[M::mem_pestat] analyzing insert size distribution for orientation FF...
[M::mem_pestat] (25, 50, 75) percentile: (246, 433, 674)
[M::mem_pestat] low and high boundaries for computing mean and std.dev: (1, 1530)
[M::mem_pestat] mean and std.dev: (472.66, 294.54)
[M::mem_pestat] low and high boundaries for proper pairs: (1, 1958)
[M::mem_pestat] analyzing insert size distribution for orientation FR...
[M::mem_pestat] (25, 50, 75) percentile: (256, 346, 459)
[M::mem_pestat] low and high boundaries for computing mean and std.dev: (1, 865)
[M::mem_pestat] mean and std.dev: (366.93, 146.74)
[M::mem_pestat] low and high boundaries for proper pairs: (1, 1068)
[M::mem_pestat] analyzing insert size distribution for orientation RF...
[M::mem_pestat] (25, 50, 75) percentile: (42, 383, 2910)
[M::mem_pestat] low and high boundaries for computing mean and std.dev: (1, 8646)
[M::mem_pestat] mean and std.dev: (1138.23, 1719.74)
[M::mem_pestat] low and high boundaries for proper pairs: (1, 11514)
[M::mem_pestat] analyzing insert size distribution for orientation RR...
[M::mem_pestat] (25, 50, 75) percentile: (247, 527, 1156)
[M::mem_pestat] low and high boundaries for computing mean and std.dev: (1, 2974)
[M::mem_pestat] mean and std.dev: (768.86, 704.16)
[M::mem_pestat] low and high boundaries for proper pairs: (1, 3883)
[M::mem_pestat] skip orientation FF
[M::mem_pestat] skip orientation RF
[M::mem_pestat] skip orientation RR
[M::mem_process_seqs] Processed 579962 reads in 185.164 CPU sec, 19.988 real sec
[main] Version: 0.7.17-r1188
[main] CMD: bwa mem -tsamblaster: Marked 2060287 of 21574534 (9.55%) read ids as duplicates 20 -R using 417004k memory in  @RG\tID:WB_CC_19T_015\tPL:ILLUMINA\tPU:HJMFJDSX7.2\tSM:WB_CC_19T_015\tCN:MCGILL\tBC:CCTGCGGAAC-AGCCTATGAT50.822S /storage/scratch/iee/dj20y461/Stickleback/G_aculeatus/FITNESS//data/ref_A_X/stickleback_v5_assembly_A_X.fasta CPU seconds and  /storage/scratch/iee/dj20y461/Stickleback/G_aculeatus/FITNESS//data/trimmed/WB_CC_19T_015.R1.trimmed.fastq.gz28M /storage/scratch/iee/dj20y461/Stickleback/G_aculeatus/FITNESS//data/trimmed/WB_CC_19T_015.R2.trimmed.fastq.gz11S(1691S)
[main] Real time: 1690.405 sec; CPU: 13972.315 sec
 wall time.
[bam_sort_core] merging from 20 files and 20 in-memory blocks...
