samblaster: Version 0.1.24
samblaster: Inputting from stdin
samblaster: Outputting to stdout
[M::bwa_idx_load_from_disk] read 0 ALT contigs
[M::process] read 1464822 sequences (200000168 bp)...
[M::mem_pestat] # candidate unique pairs for (FF, FR, RF, RR): (67, 570619, 112, 40)
[M::mem_pestat] analyzing insert size distribution for orientation FF...
[M::mem_pestat] (25, 50, 75) percentile: (324, 564, 1011)
[M::mem_pestat] low and high boundaries for computing mean and std.dev: (1, 2385)
[M::mem_pestat] mean and std.dev: (595.72, 440.83)
[M::mem_pestat] low and high boundaries for proper pairs: (1, 3072)
[M::mem_pestat] analyzing insert size distribution for orientation FR...
[M::mem_pestat] (25, 50, 75) percentile: (289, 379, 489)
[M::mem_pestat] low and high boundaries for computing mean and std.dev: (1, 889)
[M::mem_pestat] mean and std.dev: (396.37, 150.80)
[M::mem_pestat] low and high boundaries for proper pairs: (1, 1089)
[M::mem_pestat] analyzing insert size distribution for orientation RF...
[M::mem_pestat] (25, 50, 75) percentile: (147, 438, 2961)
[M::mem_pestat] low and high boundaries for computing mean and std.dev: (1, 8589)
[M::mem_pestat] mean and std.dev: (1587.01, 2253.82)
[M::mem_pestat] low and high boundaries for proper pairs: (1, 11403)
[M::mem_pestat] analyzing insert size distribution for orientation RR...
[M::mem_pestat] (25, 50, 75) percentile: (231, 409, 1225)
[M::mem_pestat] low and high boundaries for computing mean and std.dev: (1, 3213)
[M::mem_pestat] mean and std.dev: (568.54, 567.52)
[M::mem_pestat] low and high boundaries for proper pairs: (1, 4207)
[M::mem_pestat] skip orientation FF
[M::mem_pestat] skip orientation RF
[M::mem_pestat] skip orientation RR
[M::mem_process_seqs] Processed 1464822 reads in 458.671 CPU sec, 110.303 real sec
samblaster: Loaded 23 header sequence entries.
[M::process] read 1462476 sequences (200000195 bp)...
[M::process] read 1463132 sequences (200000156 bp)...
[M::mem_pestat] # candidate unique pairs for (FF, FR, RF, RR): (53, 567891, 101, 38)
[M::mem_pestat] analyzing insert size distribution for orientation FF...
[M::mem_pestat] (25, 50, 75) percentile: (309, 430, 716)
[M::mem_pestat] low and high boundaries for computing mean and std.dev: (1, 1530)
[M::mem_pestat] mean and std.dev: (480.17, 281.14)
[M::mem_pestat] low and high boundaries for proper pairs: (1, 1937)
[M::mem_pestat] analyzing insert size distribution for orientation FR...
[M::mem_pestat] (25, 50, 75) percentile: (291, 382, 494)
[M::mem_pestat] low and high boundaries for computing mean and std.dev: (1, 900)
[M::mem_pestat] mean and std.dev: (399.90, 153.06)
[M::mem_pestat] low and high boundaries for proper pairs: (1, 1103)
[M::mem_pestat] analyzing insert size distribution for orientation RF...
[M::mem_pestat] (25, 50, 75) percentile: (39, 749, 3938)
[M::mem_pestat] low and high boundaries for computing mean and std.dev: (1, 11736)
[M::mem_pestat] mean and std.dev: (2086.75, 2652.92)
[M::mem_pestat] low and high boundaries for proper pairs: (1, 15635)
[M::mem_pestat] analyzing insert size distribution for orientation RR...
[M::mem_pestat] (25, 50, 75) percentile: (175, 422, 1434)
[M::mem_pestat] low and high boundaries for computing mean and std.dev: (1, 3952)
[M::mem_pestat] mean and std.dev: (782.94, 948.66)
[M::mem_pestat] low and high boundaries for proper pairs: (1, 5211)
[M::mem_pestat] skip orientation FF
[M::mem_pestat] skip orientation RF
[M::mem_pestat] skip orientation RR
[M::mem_process_seqs] Processed 1462476 reads in 429.432 CPU sec, 46.949 real sec
[M::mem_pestat] # candidate unique pairs for (FF, FR, RF, RR): (50, 567164, 130, 46)
[M::mem_pestat] analyzing insert size distribution for orientation FF...
[M::mem_pestat] (25, 50, 75) percentile: (357, 501, 748)
[M::mem_pestat] low and high boundaries for computing mean and std.dev: (1, 1530)
[M::mem_pestat] mean and std.dev: (465.84, 209.45)
[M::mem_pestat] low and high boundaries for proper pairs: (1, 1921)
[M::mem_pestat] analyzing insert size distribution for orientation FR...
[M::mem_pestat] (25, 50, 75) percentile: (290, 381, 493)
[M::mem_pestat] low and high boundaries for computing mean and std.dev: (1, 899)
[M::mem_pestat] mean and std.dev: (399.22, 152.59)
[M::mem_pestat] low and high boundaries for proper pairs: (1, 1102)
[M::mem_pestat] analyzing insert size distribution for orientation RF...
[M::mem_pestat] (25, 50, 75) percentile: (116, 927, 4144)
[M::mem_pestat] low and high boundaries for computing mean and std.dev: (1, 12200)
[M::mem_pestat] mean and std.dev: (2336.45, 2801.98)
[M::mem_pestat] low and high boundaries for proper pairs: (1, 16228)
[M::mem_pestat] analyzing insert size distribution for orientation RR...
[M::mem_pestat] (25, 50, 75) percentile: (257, 433, 933)
[M::mem_pestat] low and high boundaries for computing mean and std.dev: (1, 2285)
[M::mem_pestat] mean and std.dev: (544.80, 394.64)
[M::mem_pestat] low and high boundaries for proper pairs: (1, 2961)
[M::mem_pestat] skip orientation FF
[M::mem_pestat] skip orientation RF
[M::mem_pestat] skip orientation RR
[M::process] read 1466546 sequences (200000208 bp)...
[M::mem_process_seqs] Processed 1463132 reads in 430.595 CPU sec, 47.763 real sec
[M::mem_pestat] # candidate unique pairs for (FF, FR, RF, RR): (75, 565137, 114, 58)
[M::mem_pestat] analyzing insert size distribution for orientation FF...
[M::mem_pestat] (25, 50, 75) percentile: (312, 527, 745)
[M::mem_pestat] low and high boundaries for computing mean and std.dev: (1, 1611)
[M::mem_pestat] mean and std.dev: (524.16, 289.80)
[M::mem_pestat] low and high boundaries for proper pairs: (1, 2044)
[M::mem_pestat] analyzing insert size distribution for orientation FR...
[M::mem_pestat] (25, 50, 75) percentile: (287, 378, 486)
[M::mem_pestat] low and high boundaries for computing mean and std.dev: (1, 884)
[M::mem_pestat] mean and std.dev: (394.13, 148.66)
[M::mem_pestat] low and high boundaries for proper pairs: (1, 1083)
[M::mem_pestat] analyzing insert size distribution for orientation RF...
[M::mem_pestat] (25, 50, 75) percentile: (73, 439, 1550)
[M::mem_pestat] low and high boundaries for computing mean and std.dev: (1, 4504)
[M::mem_pestat] mean and std.dev: (787.65, 1078.72)
[M::mem_pestat] low and high boundaries for proper pairs: (1, 5981)
[M::mem_pestat] analyzing insert size distribution for orientation RR...
[M::mem_pestat] (25, 50, 75) percentile: (287, 550, 1961)
[M::mem_pestat] low and high boundaries for computing mean and std.dev: (1, 5309)
[M::mem_pestat] mean and std.dev: (1131.23, 1320.82)
[M::mem_pestat] low and high boundaries for proper pairs: (1, 6983)
[M::mem_pestat] skip orientation FF
[M::mem_pestat] skip orientation RF
[M::mem_pestat] skip orientation RR
[M::process] read 1465586 sequences (200000185 bp)...
[M::mem_process_seqs] Processed 1466546 reads in 443.043 CPU sec, 49.658 real sec
[M::mem_pestat] # candidate unique pairs for (FF, FR, RF, RR): (55, 568604, 98, 36)
[M::mem_pestat] analyzing insert size distribution for orientation FF...
[M::mem_pestat] (25, 50, 75) percentile: (317, 520, 820)
[M::mem_pestat] low and high boundaries for computing mean and std.dev: (1, 1826)
[M::mem_pestat] mean and std.dev: (515.74, 320.07)
[M::mem_pestat] low and high boundaries for proper pairs: (1, 2329)
[M::mem_pestat] analyzing insert size distribution for orientation FR...
[M::mem_pestat] (25, 50, 75) percentile: (291, 382, 494)
[M::mem_pestat] low and high boundaries for computing mean and std.dev: (1, 900)
[M::mem_pestat] mean and std.dev: (400.12, 152.53)
[M::mem_pestat] low and high boundaries for proper pairs: (1, 1103)
[M::mem_pestat] analyzing insert size distribution for orientation RF...
[M::mem_pestat] (25, 50, 75) percentile: (144, 597, 3256)
[M::mem_pestat] low and high boundaries for computing mean and std.dev: (1, 9480)
[M::mem_pestat] mean and std.dev: (1684.76, 2276.49)
[M::mem_pestat] low and high boundaries for proper pairs: (1, 12592)
[M::mem_pestat] analyzing insert size distribution for orientation RR...
[M::mem_pestat] (25, 50, 75) percentile: (199, 325, 941)
[M::mem_pestat] low and high boundaries for computing mean and std.dev: (1, 2425)
[M::mem_pestat] mean and std.dev: (452.97, 400.49)
[M::mem_pestat] low and high boundaries for proper pairs: (1, 3167)
[M::mem_pestat] skip orientation FF
[M::mem_pestat] skip orientation RF
[M::mem_pestat] skip orientation RR
[M::process] read 1462896 sequences (200000020 bp)...
[M::mem_process_seqs] Processed 1465586 reads in 432.297 CPU sec, 47.895 real sec
[M::mem_pestat] # candidate unique pairs for (FF, FR, RF, RR): (60, 567539, 97, 43)
[M::mem_pestat] analyzing insert size distribution for orientation FF...
[M::mem_pestat] (25, 50, 75) percentile: (304, 557, 820)
[M::mem_pestat] low and high boundaries for computing mean and std.dev: (1, 1852)
[M::mem_pestat] mean and std.dev: (541.65, 308.04)
[M::mem_pestat] low and high boundaries for proper pairs: (1, 2368)
[M::mem_pestat] analyzing insert size distribution for orientation FR...
[M::mem_pestat] (25, 50, 75) percentile: (293, 385, 497)
[M::mem_pestat] low and high boundaries for computing mean and std.dev: (1, 905)
[M::mem_pestat] mean and std.dev: (403.10, 154.17)
[M::mem_pestat] low and high boundaries for proper pairs: (1, 1109)
[M::mem_pestat] analyzing insert size distribution for orientation RF...
[M::mem_pestat] (25, 50, 75) percentile: (75, 620, 2726)
[M::mem_pestat] low and high boundaries for computing mean and std.dev: (1, 8028)
[M::mem_pestat] mean and std.dev: (1533.40, 2275.02)
[M::mem_pestat] low and high boundaries for proper pairs: (1, 10679)
[M::mem_pestat] analyzing insert size distribution for orientation RR...
[M::mem_pestat] (25, 50, 75) percentile: (245, 414, 717)
[M::mem_pestat] low and high boundaries for computing mean and std.dev: (1, 1661)
[M::mem_pestat] mean and std.dev: (431.11, 310.29)
[M::mem_pestat] low and high boundaries for proper pairs: (1, 2133)
[M::mem_pestat] skip orientation FF
[M::mem_pestat] skip orientation RF
[M::mem_pestat] skip orientation RR
[M::process] read 1464598 sequences (200000000 bp)...
[M::mem_process_seqs] Processed 1462896 reads in 431.441 CPU sec, 47.972 real sec
[M::mem_pestat] # candidate unique pairs for (FF, FR, RF, RR): (63, 566979, 93, 41)
[M::mem_pestat] analyzing insert size distribution for orientation FF...
[M::mem_pestat] (25, 50, 75) percentile: (315, 429, 996)
[M::mem_pestat] low and high boundaries for computing mean and std.dev: (1, 2358)
[M::mem_pestat] mean and std.dev: (522.00, 352.33)
[M::mem_pestat] low and high boundaries for proper pairs: (1, 3039)
[M::mem_pestat] analyzing insert size distribution for orientation FR...
[M::mem_pestat] (25, 50, 75) percentile: (292, 384, 496)
[M::mem_pestat] low and high boundaries for computing mean and std.dev: (1, 904)
[M::mem_pestat] mean and std.dev: (401.87, 153.32)
[M::mem_pestat] low and high boundaries for proper pairs: (1, 1108)
[M::mem_pestat] analyzing insert size distribution for orientation RF...
[M::mem_pestat] (25, 50, 75) percentile: (72, 383, 3647)
[M::mem_pestat] low and high boundaries for computing mean and std.dev: (1, 10797)
[M::mem_pestat] mean and std.dev: (1810.12, 2554.42)
[M::mem_pestat] low and high boundaries for proper pairs: (1, 14372)
[M::mem_pestat] analyzing insert size distribution for orientation RR...
[M::mem_pestat] (25, 50, 75) percentile: (269, 394, 1054)
[M::mem_pestat] low and high boundaries for computing mean and std.dev: (1, 2624)
[M::mem_pestat] mean and std.dev: (515.56, 405.97)
[M::mem_pestat] low and high boundaries for proper pairs: (1, 3409)
[M::mem_pestat] skip orientation FF
[M::mem_pestat] skip orientation RF
[M::mem_pestat] skip orientation RR
[M::mem_process_seqs] Processed 1464598 reads in 444.274 CPU sec, 66.969 real sec
[M::process] read 1467418 sequences (200000200 bp)...
[M::process] read 1466962 sequences (200000280 bp)...
[M::mem_pestat] # candidate unique pairs for (FF, FR, RF, RR): (67, 566386, 104, 34)
[M::mem_pestat] analyzing insert size distribution for orientation FF...
[M::mem_pestat] (25, 50, 75) percentile: (322, 591, 977)
[M::mem_pestat] low and high boundaries for computing mean and std.dev: (1, 2287)
[M::mem_pestat] mean and std.dev: (656.14, 437.35)
[M::mem_pestat] low and high boundaries for proper pairs: (1, 2942)
[M::mem_pestat] analyzing insert size distribution for orientation FR...
[M::mem_pestat] (25, 50, 75) percentile: (288, 379, 488)
[M::mem_pestat] low and high boundaries for computing mean and std.dev: (1, 888)
[M::mem_pestat] mean and std.dev: (395.70, 148.87)
[M::mem_pestat] low and high boundaries for proper pairs: (1, 1088)
[M::mem_pestat] analyzing insert size distribution for orientation RF...
[M::mem_pestat] (25, 50, 75) percentile: (79, 246, 3211)
[M::mem_pestat] low and high boundaries for computing mean and std.dev: (1, 9475)
[M::mem_pestat] mean and std.dev: (1419.68, 2089.86)
[M::mem_pestat] low and high boundaries for proper pairs: (1, 12607)
[M::mem_pestat] analyzing insert size distribution for orientation RR...
[M::mem_pestat] (25, 50, 75) percentile: (309, 734, 2174)
[M::mem_pestat] low and high boundaries for computing mean and std.dev: (1, 5904)
[M::mem_pestat] mean and std.dev: (1117.64, 1124.50)
[M::mem_pestat] low and high boundaries for proper pairs: (1, 7769)
[M::mem_pestat] skip orientation FF
[M::mem_pestat] skip orientation RF
[M::mem_pestat] skip orientation RR
[M::mem_process_seqs] Processed 1467418 reads in 436.518 CPU sec, 46.578 real sec
[M::mem_pestat] # candidate unique pairs for (FF, FR, RF, RR): (63, 568815, 112, 35)
[M::mem_pestat] analyzing insert size distribution for orientation FF...
[M::mem_pestat] (25, 50, 75) percentile: (284, 389, 771)
[M::mem_pestat] low and high boundaries for computing mean and std.dev: (1, 1745)
[M::mem_pestat] mean and std.dev: (459.60, 278.14)
[M::mem_pestat] low and high boundaries for proper pairs: (1, 2232)
[M::mem_pestat] analyzing insert size distribution for orientation FR...
[M::mem_pestat] (25, 50, 75) percentile: (290, 381, 492)
[M::mem_pestat] low and high boundaries for computing mean and std.dev: (1, 896)
[M::mem_pestat] mean and std.dev: (398.49, 151.53)
[M::mem_pestat] low and high boundaries for proper pairs: (1, 1098)
[M::mem_pestat] analyzing insert size distribution for orientation RF...
[M::mem_pestat] (25, 50, 75) percentile: (85, 694, 3631)
[M::mem_pestat] low and high boundaries for computing mean and std.dev: (1, 10723)
[M::mem_pestat] mean and std.dev: (2162.64, 2824.59)
[M::mem_pestat] low and high boundaries for proper pairs: (1, 14269)
[M::mem_pestat] analyzing insert size distribution for orientation RR...
[M::mem_pestat] (25, 50, 75) percentile: (255, 497, 1486)
[M::mem_pestat] low and high boundaries for computing mean and std.dev: (1, 3948)
[M::mem_pestat] mean and std.dev: (854.85, 957.43)
[M::mem_pestat] low and high boundaries for proper pairs: (1, 5179)
[M::mem_pestat] skip orientation FF
[M::mem_pestat] skip orientation RF
[M::mem_pestat] skip orientation RR
[M::process] read 1461954 sequences (200000253 bp)...
[M::mem_process_seqs] Processed 1466962 reads in 433.627 CPU sec, 47.103 real sec
[M::mem_pestat] # candidate unique pairs for (FF, FR, RF, RR): (59, 567756, 120, 50)
[M::mem_pestat] analyzing insert size distribution for orientation FF...
[M::mem_pestat] (25, 50, 75) percentile: (367, 464, 797)
[M::mem_pestat] low and high boundaries for computing mean and std.dev: (1, 1657)
[M::mem_pestat] mean and std.dev: (532.52, 278.09)
[M::mem_pestat] low and high boundaries for proper pairs: (1, 2087)
[M::mem_pestat] analyzing insert size distribution for orientation FR...
[M::mem_pestat] (25, 50, 75) percentile: (293, 386, 499)
[M::mem_pestat] low and high boundaries for computing mean and std.dev: (1, 911)
[M::mem_pestat] mean and std.dev: (404.09, 155.37)
[M::mem_pestat] low and high boundaries for proper pairs: (1, 1117)
[M::mem_pestat] analyzing insert size distribution for orientation RF...
[M::mem_pestat] (25, 50, 75) percentile: (133, 819, 3781)
[M::mem_pestat] low and high boundaries for computing mean and std.dev: (1, 11077)
[M::mem_pestat] mean and std.dev: (2155.45, 2725.03)
[M::mem_pestat] low and high boundaries for proper pairs: (1, 14725)
[M::mem_pestat] analyzing insert size distribution for orientation RR...
[M::mem_pestat] (25, 50, 75) percentile: (233, 508, 1195)
[M::mem_pestat] low and high boundaries for computing mean and std.dev: (1, 3119)
[M::mem_pestat] mean and std.dev: (537.29, 496.08)
[M::mem_pestat] low and high boundaries for proper pairs: (1, 4081)
[M::mem_pestat] skip orientation FF
[M::mem_pestat] skip orientation RF
[M::mem_pestat] skip orientation RR
[M::process] read 1462994 sequences (200000243 bp)...
[M::mem_process_seqs] Processed 1461954 reads in 431.090 CPU sec, 46.846 real sec
[M::mem_pestat] # candidate unique pairs for (FF, FR, RF, RR): (54, 567008, 104, 46)
[M::mem_pestat] analyzing insert size distribution for orientation FF...
[M::mem_pestat] (25, 50, 75) percentile: (287, 437, 753)
[M::mem_pestat] low and high boundaries for computing mean and std.dev: (1, 1685)
[M::mem_pestat] mean and std.dev: (465.06, 281.85)
[M::mem_pestat] low and high boundaries for proper pairs: (1, 2151)
[M::mem_pestat] analyzing insert size distribution for orientation FR...
[M::mem_pestat] (25, 50, 75) percentile: (292, 384, 497)
[M::mem_pestat] low and high boundaries for computing mean and std.dev: (1, 907)
[M::mem_pestat] mean and std.dev: (402.40, 154.36)
[M::mem_pestat] low and high boundaries for proper pairs: (1, 1112)
[M::mem_pestat] analyzing insert size distribution for orientation RF...
[M::mem_pestat] (25, 50, 75) percentile: (161, 857, 3576)
[M::mem_pestat] low and high boundaries for computing mean and std.dev: (1, 10406)
[M::mem_pestat] mean and std.dev: (1901.50, 2385.10)
[M::mem_pestat] low and high boundaries for proper pairs: (1, 13821)
[M::mem_pestat] analyzing insert size distribution for orientation RR...
[M::mem_pestat] (25, 50, 75) percentile: (239, 530, 794)
[M::mem_pestat] low and high boundaries for computing mean and std.dev: (1, 1904)
[M::mem_pestat] mean and std.dev: (500.40, 335.39)
[M::mem_pestat] low and high boundaries for proper pairs: (1, 2459)
[M::mem_pestat] skip orientation FF
[M::mem_pestat] skip orientation RF
[M::mem_pestat] skip orientation RR
[M::process] read 1465658 sequences (200000100 bp)...
[M::mem_process_seqs] Processed 1462994 reads in 433.268 CPU sec, 47.081 real sec
[M::mem_pestat] # candidate unique pairs for (FF, FR, RF, RR): (60, 565135, 102, 41)
[M::mem_pestat] analyzing insert size distribution for orientation FF...
[M::mem_pestat] (25, 50, 75) percentile: (283, 440, 823)
[M::mem_pestat] low and high boundaries for computing mean and std.dev: (1, 1903)
[M::mem_pestat] mean and std.dev: (524.29, 386.74)
[M::mem_pestat] low and high boundaries for proper pairs: (1, 2443)
[M::mem_pestat] analyzing insert size distribution for orientation FR...
[M::mem_pestat] (25, 50, 75) percentile: (288, 380, 489)
[M::mem_pestat] low and high boundaries for computing mean and std.dev: (1, 891)
[M::mem_pestat] mean and std.dev: (396.60, 150.14)
[M::mem_pestat] low and high boundaries for proper pairs: (1, 1092)
[M::mem_pestat] analyzing insert size distribution for orientation RF...
[M::mem_pestat] (25, 50, 75) percentile: (72, 805, 3284)
[M::mem_pestat] low and high boundaries for computing mean and std.dev: (1, 9708)
[M::mem_pestat] mean and std.dev: (1901.13, 2503.31)
[M::mem_pestat] low and high boundaries for proper pairs: (1, 12920)
[M::mem_pestat] analyzing insert size distribution for orientation RR...
[M::mem_pestat] (25, 50, 75) percentile: (316, 476, 994)
[M::mem_pestat] low and high boundaries for computing mean and std.dev: (1, 2350)
[M::mem_pestat] mean and std.dev: (606.24, 444.65)
[M::mem_pestat] low and high boundaries for proper pairs: (1, 3028)
[M::mem_pestat] skip orientation FF
[M::mem_pestat] skip orientation RF
[M::mem_pestat] skip orientation RR
[M::process] read 1469362 sequences (200000104 bp)...
[M::mem_process_seqs] Processed 1465658 reads in 437.793 CPU sec, 47.743 real sec
[M::mem_pestat] # candidate unique pairs for (FF, FR, RF, RR): (75, 568613, 113, 36)
[M::mem_pestat] analyzing insert size distribution for orientation FF...
[M::mem_pestat] (25, 50, 75) percentile: (328, 457, 1158)
[M::mem_pestat] low and high boundaries for computing mean and std.dev: (1, 2818)
[M::mem_pestat] mean and std.dev: (662.34, 545.76)
[M::mem_pestat] low and high boundaries for proper pairs: (1, 3648)
[M::mem_pestat] analyzing insert size distribution for orientation FR...
[M::mem_pestat] (25, 50, 75) percentile: (287, 378, 486)
[M::mem_pestat] low and high boundaries for computing mean and std.dev: (1, 884)
[M::mem_pestat] mean and std.dev: (393.72, 148.58)
[M::mem_pestat] low and high boundaries for proper pairs: (1, 1083)
[M::mem_pestat] analyzing insert size distribution for orientation RF...
[M::mem_pestat] (25, 50, 75) percentile: (79, 411, 2796)
[M::mem_pestat] low and high boundaries for computing mean and std.dev: (1, 8230)
[M::mem_pestat] mean and std.dev: (1571.65, 2130.14)
[M::mem_pestat] low and high boundaries for proper pairs: (1, 10947)
[M::mem_pestat] analyzing insert size distribution for orientation RR...
[M::mem_pestat] (25, 50, 75) percentile: (226, 478, 2385)
[M::mem_pestat] low and high boundaries for computing mean and std.dev: (1, 6703)
[M::mem_pestat] mean and std.dev: (1333.77, 1659.43)
[M::mem_pestat] low and high boundaries for proper pairs: (1, 8862)
[M::mem_pestat] skip orientation FF
[M::mem_pestat] skip orientation RF
[M::mem_pestat] skip orientation RR
[M::mem_process_seqs] Processed 1469362 reads in 451.296 CPU sec, 70.799 real sec
[M::process] read 1463078 sequences (200000143 bp)...
[M::process] read 1463562 sequences (200000245 bp)...
[M::mem_pestat] # candidate unique pairs for (FF, FR, RF, RR): (58, 567338, 112, 45)
[M::mem_pestat] analyzing insert size distribution for orientation FF...
[M::mem_pestat] (25, 50, 75) percentile: (254, 592, 1114)
[M::mem_pestat] low and high boundaries for computing mean and std.dev: (1, 2834)
[M::mem_pestat] mean and std.dev: (669.25, 609.87)
[M::mem_pestat] low and high boundaries for proper pairs: (1, 3694)
[M::mem_pestat] analyzing insert size distribution for orientation FR...
[M::mem_pestat] (25, 50, 75) percentile: (291, 383, 496)
[M::mem_pestat] low and high boundaries for computing mean and std.dev: (1, 906)
[M::mem_pestat] mean and std.dev: (401.53, 154.08)
[M::mem_pestat] low and high boundaries for proper pairs: (1, 1111)
[M::mem_pestat] analyzing insert size distribution for orientation RF...
[M::mem_pestat] (25, 50, 75) percentile: (151, 1300, 3896)
[M::mem_pestat] low and high boundaries for computing mean and std.dev: (1, 11386)
[M::mem_pestat] mean and std.dev: (2375.95, 2658.91)
[M::mem_pestat] low and high boundaries for proper pairs: (1, 15131)
[M::mem_pestat] analyzing insert size distribution for orientation RR...
[M::mem_pestat] (25, 50, 75) percentile: (348, 495, 1751)
[M::mem_pestat] low and high boundaries for computing mean and std.dev: (1, 4557)
[M::mem_pestat] mean and std.dev: (919.63, 942.80)
[M::mem_pestat] low and high boundaries for proper pairs: (1, 5960)
[M::mem_pestat] skip orientation FF
[M::mem_pestat] skip orientation RF
[M::mem_pestat] skip orientation RR
[M::mem_process_seqs] Processed 1463078 reads in 431.561 CPU sec, 45.327 real sec
[M::mem_pestat] # candidate unique pairs for (FF, FR, RF, RR): (47, 567448, 122, 40)
[M::mem_pestat] analyzing insert size distribution for orientation FF...
[M::mem_pestat] (25, 50, 75) percentile: (371, 519, 837)
[M::mem_pestat] low and high boundaries for computing mean and std.dev: (1, 1769)
[M::mem_pestat] mean and std.dev: (547.54, 319.83)
[M::mem_pestat] low and high boundaries for proper pairs: (1, 2235)
[M::mem_pestat] analyzing insert size distribution for orientation FR...
[M::mem_pestat] (25, 50, 75) percentile: (291, 383, 495)
[M::mem_pestat] low and high boundaries for computing mean and std.dev: (1, 903)
[M::mem_pestat] mean and std.dev: (401.22, 153.64)
[M::mem_pestat] low and high boundaries for proper pairs: (1, 1107)
[M::mem_pestat] analyzing insert size distribution for orientation RF...
[M::mem_pestat] (25, 50, 75) percentile: (116, 736, 3147)
[M::mem_pestat] low and high boundaries for computing mean and std.dev: (1, 9209)
[M::mem_pestat] mean and std.dev: (1728.18, 2224.66)
[M::mem_pestat] low and high boundaries for proper pairs: (1, 12240)
[M::mem_pestat] analyzing insert size distribution for orientation RR...
[M::mem_pestat] (25, 50, 75) percentile: (258, 350, 655)
[M::mem_pestat] low and high boundaries for computing mean and std.dev: (1, 1449)
[M::mem_pestat] mean and std.dev: (368.45, 259.17)
[M::mem_pestat] low and high boundaries for proper pairs: (1, 1846)
[M::mem_pestat] skip orientation FF
[M::mem_pestat] skip orientation RF
[M::mem_pestat] skip orientation RR
[M::process] read 1465762 sequences (200000000 bp)...
[M::mem_process_seqs] Processed 1463562 reads in 432.233 CPU sec, 46.958 real sec
[M::mem_pestat] # candidate unique pairs for (FF, FR, RF, RR): (66, 565439, 127, 43)
[M::mem_pestat] analyzing insert size distribution for orientation FF...
[M::mem_pestat] (25, 50, 75) percentile: (338, 494, 730)
[M::mem_pestat] low and high boundaries for computing mean and std.dev: (1, 1514)
[M::mem_pestat] mean and std.dev: (512.20, 265.19)
[M::mem_pestat] low and high boundaries for proper pairs: (1, 1906)
[M::mem_pestat] analyzing insert size distribution for orientation FR...
[M::mem_pestat] (25, 50, 75) percentile: (288, 378, 488)
[M::mem_pestat] low and high boundaries for computing mean and std.dev: (1, 888)
[M::mem_pestat] mean and std.dev: (395.46, 149.53)
[M::mem_pestat] low and high boundaries for proper pairs: (1, 1088)
[M::mem_pestat] analyzing insert size distribution for orientation RF...
[M::mem_pestat] (25, 50, 75) percentile: (124, 477, 4250)
[M::mem_pestat] low and high boundaries for computing mean and std.dev: (1, 12502)
[M::mem_pestat] mean and std.dev: (2228.14, 2934.05)
[M::mem_pestat] low and high boundaries for proper pairs: (1, 16628)
[M::mem_pestat] analyzing insert size distribution for orientation RR...
[M::mem_pestat] (25, 50, 75) percentile: (255, 446, 1240)
[M::mem_pestat] low and high boundaries for computing mean and std.dev: (1, 3210)
[M::mem_pestat] mean and std.dev: (698.75, 670.79)
[M::mem_pestat] low and high boundaries for proper pairs: (1, 4195)
[M::mem_pestat] skip orientation FF
[M::mem_pestat] skip orientation RF
[M::mem_pestat] skip orientation RR
[M::process] read 1471128 sequences (200000229 bp)...
[M::mem_process_seqs] Processed 1465762 reads in 437.406 CPU sec, 47.511 real sec
[M::mem_pestat] # candidate unique pairs for (FF, FR, RF, RR): (69, 568621, 123, 32)
[M::mem_pestat] analyzing insert size distribution for orientation FF...
[M::mem_pestat] (25, 50, 75) percentile: (283, 456, 668)
[M::mem_pestat] low and high boundaries for computing mean and std.dev: (1, 1438)
[M::mem_pestat] mean and std.dev: (462.32, 241.41)
[M::mem_pestat] low and high boundaries for proper pairs: (1, 1823)
[M::mem_pestat] analyzing insert size distribution for orientation FR...
[M::mem_pestat] (25, 50, 75) percentile: (286, 375, 482)
[M::mem_pestat] low and high boundaries for computing mean and std.dev: (1, 874)
[M::mem_pestat] mean and std.dev: (390.95, 146.15)
[M::mem_pestat] low and high boundaries for proper pairs: (1, 1070)
[M::mem_pestat] analyzing insert size distribution for orientation RF...
[M::mem_pestat] (25, 50, 75) percentile: (118, 735, 3616)
[M::mem_pestat] low and high boundaries for computing mean and std.dev: (1, 10612)
[M::mem_pestat] mean and std.dev: (2193.30, 2546.43)
[M::mem_pestat] low and high boundaries for proper pairs: (1, 14110)
[M::mem_pestat] analyzing insert size distribution for orientation RR...
[M::mem_pestat] (25, 50, 75) percentile: (292, 574, 905)
[M::mem_pestat] low and high boundaries for computing mean and std.dev: (1, 2131)
[M::mem_pestat] mean and std.dev: (462.23, 252.91)
[M::mem_pestat] low and high boundaries for proper pairs: (1, 2744)
[M::mem_pestat] skip orientation FF
[M::mem_pestat] skip orientation RF
[M::mem_pestat] skip orientation RR
[M::process] read 1466538 sequences (200000129 bp)...
[M::mem_process_seqs] Processed 1471128 reads in 435.218 CPU sec, 47.196 real sec
[M::mem_pestat] # candidate unique pairs for (FF, FR, RF, RR): (64, 568406, 95, 41)
[M::mem_pestat] analyzing insert size distribution for orientation FF...
[M::mem_pestat] (25, 50, 75) percentile: (317, 450, 835)
[M::mem_pestat] low and high boundaries for computing mean and std.dev: (1, 1871)
[M::mem_pestat] mean and std.dev: (501.09, 334.07)
[M::mem_pestat] low and high boundaries for proper pairs: (1, 2389)
[M::mem_pestat] analyzing insert size distribution for orientation FR...
[M::mem_pestat] (25, 50, 75) percentile: (290, 380, 491)
[M::mem_pestat] low and high boundaries for computing mean and std.dev: (1, 893)
[M::mem_pestat] mean and std.dev: (397.74, 151.38)
[M::mem_pestat] low and high boundaries for proper pairs: (1, 1094)
[M::mem_pestat] analyzing insert size distribution for orientation RF...
[M::mem_pestat] (25, 50, 75) percentile: (130, 509, 2513)
[M::mem_pestat] low and high boundaries for computing mean and std.dev: (1, 7279)
[M::mem_pestat] mean and std.dev: (1206.85, 1647.54)
[M::mem_pestat] low and high boundaries for proper pairs: (1, 9662)
[M::mem_pestat] analyzing insert size distribution for orientation RR...
[M::mem_pestat] (25, 50, 75) percentile: (207, 456, 963)
[M::mem_pestat] low and high boundaries for computing mean and std.dev: (1, 2475)
[M::mem_pestat] mean and std.dev: (523.30, 432.45)
[M::mem_pestat] low and high boundaries for proper pairs: (1, 3231)
[M::mem_pestat] skip orientation FF
[M::mem_pestat] skip orientation RF
[M::mem_pestat] skip orientation RR
[M::process] read 1465488 sequences (200000114 bp)...
[M::mem_process_seqs] Processed 1466538 reads in 431.741 CPU sec, 46.977 real sec
[M::mem_pestat] # candidate unique pairs for (FF, FR, RF, RR): (63, 566838, 132, 39)
[M::mem_pestat] analyzing insert size distribution for orientation FF...
[M::mem_pestat] (25, 50, 75) percentile: (289, 413, 678)
[M::mem_pestat] low and high boundaries for computing mean and std.dev: (1, 1456)
[M::mem_pestat] mean and std.dev: (440.96, 255.28)
[M::mem_pestat] low and high boundaries for proper pairs: (1, 1845)
[M::mem_pestat] analyzing insert size distribution for orientation FR...
[M::mem_pestat] (25, 50, 75) percentile: (290, 381, 492)
[M::mem_pestat] low and high boundaries for computing mean and std.dev: (1, 896)
[M::mem_pestat] mean and std.dev: (399.17, 152.07)
[M::mem_pestat] low and high boundaries for proper pairs: (1, 1098)
[M::mem_pestat] analyzing insert size distribution for orientation RF...
[M::mem_pestat] (25, 50, 75) percentile: (79, 575, 2885)
[M::mem_pestat] low and high boundaries for computing mean and std.dev: (1, 8497)
[M::mem_pestat] mean and std.dev: (1663.24, 2171.97)
[M::mem_pestat] low and high boundaries for proper pairs: (1, 11303)
[M::mem_pestat] analyzing insert size distribution for orientation RR...
[M::mem_pestat] (25, 50, 75) percentile: (236, 321, 833)
[M::mem_pestat] low and high boundaries for computing mean and std.dev: (1, 2027)
[M::mem_pestat] mean and std.dev: (419.48, 324.41)
[M::mem_pestat] low and high boundaries for proper pairs: (1, 2624)
[M::mem_pestat] skip orientation FF
[M::mem_pestat] skip orientation RF
[M::mem_pestat] skip orientation RR
[M::process] read 1468682 sequences (200000071 bp)...
[M::mem_process_seqs] Processed 1465488 reads in 434.882 CPU sec, 47.208 real sec
[M::mem_pestat] # candidate unique pairs for (FF, FR, RF, RR): (67, 565688, 112, 47)
[M::mem_pestat] analyzing insert size distribution for orientation FF...
[M::mem_pestat] (25, 50, 75) percentile: (355, 473, 891)
[M::mem_pestat] low and high boundaries for computing mean and std.dev: (1, 1963)
[M::mem_pestat] mean and std.dev: (526.86, 318.00)
[M::mem_pestat] low and high boundaries for proper pairs: (1, 2499)
[M::mem_pestat] analyzing insert size distribution for orientation FR...
[M::mem_pestat] (25, 50, 75) percentile: (288, 378, 485)
[M::mem_pestat] low and high boundaries for computing mean and std.dev: (1, 879)
[M::mem_pestat] mean and std.dev: (394.08, 147.85)
[M::mem_pestat] low and high boundaries for proper pairs: (1, 1076)
[M::mem_pestat] analyzing insert size distribution for orientation RF...
[M::mem_pestat] (25, 50, 75) percentile: (64, 831, 3722)
[M::mem_pestat] low and high boundaries for computing mean and std.dev: (1, 11038)
[M::mem_pestat] mean and std.dev: (2058.16, 2662.09)
[M::mem_pestat] low and high boundaries for proper pairs: (1, 14696)
[M::mem_pestat] analyzing insert size distribution for orientation RR...
[M::mem_pestat] (25, 50, 75) percentile: (306, 521, 1108)
[M::mem_pestat] low and high boundaries for computing mean and std.dev: (1, 2712)
[M::mem_pestat] mean and std.dev: (603.20, 521.94)
[M::mem_pestat] low and high boundaries for proper pairs: (1, 3514)
[M::mem_pestat] skip orientation FF
[M::mem_pestat] skip orientation RF
[M::mem_pestat] skip orientation RR
[M::process] read 1474138 sequences (200000029 bp)...
[M::mem_process_seqs] Processed 1468682 reads in 438.577 CPU sec, 47.657 real sec
[M::mem_pestat] # candidate unique pairs for (FF, FR, RF, RR): (57, 569254, 123, 42)
[M::mem_pestat] analyzing insert size distribution for orientation FF...
[M::mem_pestat] (25, 50, 75) percentile: (282, 402, 791)
[M::mem_pestat] low and high boundaries for computing mean and std.dev: (1, 1809)
[M::mem_pestat] mean and std.dev: (523.31, 345.60)
[M::mem_pestat] low and high boundaries for proper pairs: (1, 2318)
[M::mem_pestat] analyzing insert size distribution for orientation FR...
[M::mem_pestat] (25, 50, 75) percentile: (283, 371, 476)
[M::mem_pestat] low and high boundaries for computing mean and std.dev: (1, 862)
[M::mem_pestat] mean and std.dev: (386.71, 144.25)
[M::mem_pestat] low and high boundaries for proper pairs: (1, 1055)
[M::mem_pestat] analyzing insert size distribution for orientation RF...
[M::mem_pestat] (25, 50, 75) percentile: (114, 674, 3192)
[M::mem_pestat] low and high boundaries for computing mean and std.dev: (1, 9348)
[M::mem_pestat] mean and std.dev: (1801.58, 2427.38)
[M::mem_pestat] low and high boundaries for proper pairs: (1, 12426)
[M::mem_pestat] analyzing insert size distribution for orientation RR...
[M::mem_pestat] (25, 50, 75) percentile: (242, 522, 741)
[M::mem_pestat] low and high boundaries for computing mean and std.dev: (1, 1739)
[M::mem_pestat] mean and std.dev: (499.16, 318.39)
[M::mem_pestat] low and high boundaries for proper pairs: (1, 2238)
[M::mem_pestat] skip orientation FF
[M::mem_pestat] skip orientation RF
[M::mem_pestat] skip orientation RR
[M::process] read 1468486 sequences (200000126 bp)...
[M::mem_process_seqs] Processed 1474138 reads in 437.978 CPU sec, 47.561 real sec
[M::mem_pestat] # candidate unique pairs for (FF, FR, RF, RR): (66, 568926, 111, 52)
[M::mem_pestat] analyzing insert size distribution for orientation FF...
[M::mem_pestat] (25, 50, 75) percentile: (277, 468, 854)
[M::mem_pestat] low and high boundaries for computing mean and std.dev: (1, 2008)
[M::mem_pestat] mean and std.dev: (566.80, 414.58)
[M::mem_pestat] low and high boundaries for proper pairs: (1, 2585)
[M::mem_pestat] analyzing insert size distribution for orientation FR...
[M::mem_pestat] (25, 50, 75) percentile: (285, 375, 482)
[M::mem_pestat] low and high boundaries for computing mean and std.dev: (1, 876)
[M::mem_pestat] mean and std.dev: (391.00, 147.79)
[M::mem_pestat] low and high boundaries for proper pairs: (1, 1073)
[M::mem_pestat] analyzing insert size distribution for orientation RF...
[M::mem_pestat] (25, 50, 75) percentile: (167, 771, 4135)
[M::mem_pestat] low and high boundaries for computing mean and std.dev: (1, 12071)
[M::mem_pestat] mean and std.dev: (2301.00, 2775.41)
[M::mem_pestat] low and high boundaries for proper pairs: (1, 16039)
[M::mem_pestat] analyzing insert size distribution for orientation RR...
[M::mem_pestat] (25, 50, 75) percentile: (231, 420, 1567)
[M::mem_pestat] low and high boundaries for computing mean and std.dev: (1, 4239)
[M::mem_pestat] mean and std.dev: (719.61, 841.90)
[M::mem_pestat] low and high boundaries for proper pairs: (1, 5575)
[M::mem_pestat] skip orientation FF
[M::mem_pestat] skip orientation RF
[M::mem_pestat] skip orientation RR
[M::process] read 1468726 sequences (200000192 bp)...
[M::mem_process_seqs] Processed 1468486 reads in 431.324 CPU sec, 46.949 real sec
[M::mem_pestat] # candidate unique pairs for (FF, FR, RF, RR): (62, 568176, 100, 33)
[M::mem_pestat] analyzing insert size distribution for orientation FF...
[M::mem_pestat] (25, 50, 75) percentile: (266, 415, 952)
[M::mem_pestat] low and high boundaries for computing mean and std.dev: (1, 2324)
[M::mem_pestat] mean and std.dev: (474.45, 371.43)
[M::mem_pestat] low and high boundaries for proper pairs: (1, 3010)
[M::mem_pestat] analyzing insert size distribution for orientation FR...
[M::mem_pestat] (25, 50, 75) percentile: (287, 376, 485)
[M::mem_pestat] low and high boundaries for computing mean and std.dev: (1, 881)
[M::mem_pestat] mean and std.dev: (393.24, 148.47)
[M::mem_pestat] low and high boundaries for proper pairs: (1, 1079)
[M::mem_pestat] analyzing insert size distribution for orientation RF...
[M::mem_pestat] (25, 50, 75) percentile: (79, 436, 2838)
[M::mem_pestat] low and high boundaries for computing mean and std.dev: (1, 8356)
[M::mem_pestat] mean and std.dev: (1540.29, 2028.72)
[M::mem_pestat] low and high boundaries for proper pairs: (1, 11115)
[M::mem_pestat] analyzing insert size distribution for orientation RR...
[M::mem_pestat] (25, 50, 75) percentile: (234, 358, 995)
[M::mem_pestat] low and high boundaries for computing mean and std.dev: (1, 2517)
[M::mem_pestat] mean and std.dev: (466.11, 383.85)
[M::mem_pestat] low and high boundaries for proper pairs: (1, 3278)
[M::mem_pestat] skip orientation FF
[M::mem_pestat] skip orientation RF
[M::mem_pestat] skip orientation RR
[M::mem_process_seqs] Processed 1468726 reads in 445.651 CPU sec, 71.073 real sec
[M::process] read 1471670 sequences (200000040 bp)...
[M::process] read 1473278 sequences (200000135 bp)...
[M::mem_pestat] # candidate unique pairs for (FF, FR, RF, RR): (69, 567353, 133, 44)
[M::mem_pestat] analyzing insert size distribution for orientation FF...
[M::mem_pestat] (25, 50, 75) percentile: (336, 423, 795)
[M::mem_pestat] low and high boundaries for computing mean and std.dev: (1, 1713)
[M::mem_pestat] mean and std.dev: (499.38, 290.97)
[M::mem_pestat] low and high boundaries for proper pairs: (1, 2172)
[M::mem_pestat] analyzing insert size distribution for orientation FR...
[M::mem_pestat] (25, 50, 75) percentile: (286, 375, 481)
[M::mem_pestat] low and high boundaries for computing mean and std.dev: (1, 871)
[M::mem_pestat] mean and std.dev: (390.69, 145.96)
[M::mem_pestat] low and high boundaries for proper pairs: (1, 1066)
[M::mem_pestat] analyzing insert size distribution for orientation RF...
[M::mem_pestat] (25, 50, 75) percentile: (229, 720, 2659)
[M::mem_pestat] low and high boundaries for computing mean and std.dev: (1, 7519)
[M::mem_pestat] mean and std.dev: (1526.11, 1932.52)
[M::mem_pestat] low and high boundaries for proper pairs: (1, 9949)
[M::mem_pestat] analyzing insert size distribution for orientation RR...
[M::mem_pestat] (25, 50, 75) percentile: (230, 473, 1585)
[M::mem_pestat] low and high boundaries for computing mean and std.dev: (1, 4295)
[M::mem_pestat] mean and std.dev: (861.64, 981.39)
[M::mem_pestat] low and high boundaries for proper pairs: (1, 5650)
[M::mem_pestat] skip orientation FF
[M::mem_pestat] skip orientation RF
[M::mem_pestat] skip orientation RR
[M::mem_process_seqs] Processed 1471670 reads in 439.170 CPU sec, 45.893 real sec
[M::mem_pestat] # candidate unique pairs for (FF, FR, RF, RR): (53, 570617, 94, 40)
[M::mem_pestat] analyzing insert size distribution for orientation FF...
[M::mem_pestat] (25, 50, 75) percentile: (381, 694, 1110)
[M::mem_pestat] low and high boundaries for computing mean and std.dev: (1, 2568)
[M::mem_pestat] mean and std.dev: (718.42, 438.17)
[M::mem_pestat] low and high boundaries for proper pairs: (1, 3297)
[M::mem_pestat] analyzing insert size distribution for orientation FR...
[M::mem_pestat] (25, 50, 75) percentile: (288, 378, 488)
[M::mem_pestat] low and high boundaries for computing mean and std.dev: (1, 888)
[M::mem_pestat] mean and std.dev: (395.02, 149.39)
[M::mem_pestat] low and high boundaries for proper pairs: (1, 1088)
[M::mem_pestat] analyzing insert size distribution for orientation RF...
[M::mem_pestat] (25, 50, 75) percentile: (56, 415, 2795)
[M::mem_pestat] low and high boundaries for computing mean and std.dev: (1, 8273)
[M::mem_pestat] mean and std.dev: (1563.95, 2063.17)
[M::mem_pestat] low and high boundaries for proper pairs: (1, 11012)
[M::mem_pestat] analyzing insert size distribution for orientation RR...
[M::mem_pestat] (25, 50, 75) percentile: (197, 465, 1253)
[M::mem_pestat] low and high boundaries for computing mean and std.dev: (1, 3365)
[M::mem_pestat] mean and std.dev: (619.83, 658.69)
[M::mem_pestat] low and high boundaries for proper pairs: (1, 4421)
[M::mem_pestat] skip orientation FF
[M::mem_pestat] skip orientation RF
[M::mem_pestat] skip orientation RR
[M::mem_process_seqs] Processed 1473278 reads in 437.249 CPU sec, 61.085 real sec
[M::process] read 1466694 sequences (200000206 bp)...
[M::process] read 1466910 sequences (200000280 bp)...
[M::mem_pestat] # candidate unique pairs for (FF, FR, RF, RR): (64, 568630, 105, 44)
[M::mem_pestat] analyzing insert size distribution for orientation FF...
[M::mem_pestat] (25, 50, 75) percentile: (362, 498, 1158)
[M::mem_pestat] low and high boundaries for computing mean and std.dev: (1, 2750)
[M::mem_pestat] mean and std.dev: (731.17, 634.09)
[M::mem_pestat] low and high boundaries for proper pairs: (1, 3546)
[M::mem_pestat] analyzing insert size distribution for orientation FR...
[M::mem_pestat] (25, 50, 75) percentile: (293, 386, 500)
[M::mem_pestat] low and high boundaries for computing mean and std.dev: (1, 914)
[M::mem_pestat] mean and std.dev: (404.32, 156.25)
[M::mem_pestat] low and high boundaries for proper pairs: (1, 1121)
[M::mem_pestat] analyzing insert size distribution for orientation RF...
[M::mem_pestat] (25, 50, 75) percentile: (65, 395, 2869)
[M::mem_pestat] low and high boundaries for computing mean and std.dev: (1, 8477)
[M::mem_pestat] mean and std.dev: (1444.67, 1943.30)
[M::mem_pestat] low and high boundaries for proper pairs: (1, 11281)
[M::mem_pestat] analyzing insert size distribution for orientation RR...
[M::mem_pestat] (25, 50, 75) percentile: (343, 524, 1271)
[M::mem_pestat] low and high boundaries for computing mean and std.dev: (1, 3127)
[M::mem_pestat] mean and std.dev: (730.85, 642.77)
[M::mem_pestat] low and high boundaries for proper pairs: (1, 4055)
[M::mem_pestat] skip orientation FF
[M::mem_pestat] skip orientation RF
[M::mem_pestat] skip orientation RR
[M::mem_process_seqs] Processed 1466694 reads in 431.461 CPU sec, 44.472 real sec
[M::mem_pestat] # candidate unique pairs for (FF, FR, RF, RR): (59, 568377, 120, 44)
[M::mem_pestat] analyzing insert size distribution for orientation FF...
[M::mem_pestat] (25, 50, 75) percentile: (344, 513, 637)
[M::mem_pestat] low and high boundaries for computing mean and std.dev: (1, 1223)
[M::mem_pestat] mean and std.dev: (481.72, 206.52)
[M::mem_pestat] low and high boundaries for proper pairs: (1, 1516)
[M::mem_pestat] analyzing insert size distribution for orientation FR...
[M::mem_pestat] (25, 50, 75) percentile: (293, 386, 501)
[M::mem_pestat] low and high boundaries for computing mean and std.dev: (1, 917)
[M::mem_pestat] mean and std.dev: (404.89, 156.98)
[M::mem_pestat] low and high boundaries for proper pairs: (1, 1125)
[M::mem_pestat] analyzing insert size distribution for orientation RF...
[M::mem_pestat] (25, 50, 75) percentile: (174, 857, 3220)
[M::mem_pestat] low and high boundaries for computing mean and std.dev: (1, 9312)
[M::mem_pestat] mean and std.dev: (1828.78, 2303.11)
[M::mem_pestat] low and high boundaries for proper pairs: (1, 12358)
[M::mem_pestat] analyzing insert size distribution for orientation RR...
[M::mem_pestat] (25, 50, 75) percentile: (230, 596, 1417)
[M::mem_pestat] low and high boundaries for computing mean and std.dev: (1, 3791)
[M::mem_pestat] mean and std.dev: (715.51, 721.28)
[M::mem_pestat] low and high boundaries for proper pairs: (1, 4978)
[M::mem_pestat] skip orientation FF
[M::mem_pestat] skip orientation RF
[M::mem_pestat] skip orientation RR
[M::process] read 1466760 sequences (200000082 bp)...
[M::mem_process_seqs] Processed 1466910 reads in 433.611 CPU sec, 47.100 real sec
[M::mem_pestat] # candidate unique pairs for (FF, FR, RF, RR): (73, 566598, 97, 43)
[M::mem_pestat] analyzing insert size distribution for orientation FF...
[M::mem_pestat] (25, 50, 75) percentile: (361, 508, 808)
[M::mem_pestat] low and high boundaries for computing mean and std.dev: (1, 1702)
[M::mem_pestat] mean and std.dev: (570.53, 370.70)
[M::mem_pestat] low and high boundaries for proper pairs: (1, 2149)
[M::mem_pestat] analyzing insert size distribution for orientation FR...
[M::mem_pestat] (25, 50, 75) percentile: (291, 384, 498)
[M::mem_pestat] low and high boundaries for computing mean and std.dev: (1, 912)
[M::mem_pestat] mean and std.dev: (402.47, 155.78)
[M::mem_pestat] low and high boundaries for proper pairs: (1, 1119)
[M::mem_pestat] analyzing insert size distribution for orientation RF...
[M::mem_pestat] (25, 50, 75) percentile: (113, 596, 3835)
[M::mem_pestat] low and high boundaries for computing mean and std.dev: (1, 11279)
[M::mem_pestat] mean and std.dev: (2021.47, 2651.35)
[M::mem_pestat] low and high boundaries for proper pairs: (1, 15001)
[M::mem_pestat] analyzing insert size distribution for orientation RR...
[M::mem_pestat] (25, 50, 75) percentile: (227, 340, 1085)
[M::mem_pestat] low and high boundaries for computing mean and std.dev: (1, 2801)
[M::mem_pestat] mean and std.dev: (576.38, 524.69)
[M::mem_pestat] low and high boundaries for proper pairs: (1, 3659)
[M::mem_pestat] skip orientation FF
[M::mem_pestat] skip orientation RF
[M::mem_pestat] skip orientation RR
[M::process] read 1470068 sequences (200000119 bp)...
[M::mem_process_seqs] Processed 1466760 reads in 435.790 CPU sec, 47.363 real sec
[M::mem_pestat] # candidate unique pairs for (FF, FR, RF, RR): (60, 568946, 123, 27)
[M::mem_pestat] analyzing insert size distribution for orientation FF...
[M::mem_pestat] (25, 50, 75) percentile: (310, 505, 896)
[M::mem_pestat] low and high boundaries for computing mean and std.dev: (1, 2068)
[M::mem_pestat] mean and std.dev: (527.81, 364.20)
[M::mem_pestat] low and high boundaries for proper pairs: (1, 2654)
[M::mem_pestat] analyzing insert size distribution for orientation FR...
[M::mem_pestat] (25, 50, 75) percentile: (292, 384, 497)
[M::mem_pestat] low and high boundaries for computing mean and std.dev: (1, 907)
[M::mem_pestat] mean and std.dev: (402.29, 154.23)
[M::mem_pestat] low and high boundaries for proper pairs: (1, 1112)
[M::mem_pestat] analyzing insert size distribution for orientation RF...
[M::mem_pestat] (25, 50, 75) percentile: (84, 420, 3300)
[M::mem_pestat] low and high boundaries for computing mean and std.dev: (1, 9732)
[M::mem_pestat] mean and std.dev: (1812.39, 2526.54)
[M::mem_pestat] low and high boundaries for proper pairs: (1, 12948)
[M::mem_pestat] analyzing insert size distribution for orientation RR...
[M::mem_pestat] (25, 50, 75) percentile: (379, 704, 2660)
[M::mem_pestat] low and high boundaries for computing mean and std.dev: (1, 7222)
[M::mem_pestat] mean and std.dev: (1208.88, 1595.69)
[M::mem_pestat] low and high boundaries for proper pairs: (1, 9503)
[M::mem_pestat] skip orientation FF
[M::mem_pestat] skip orientation RF
[M::mem_pestat] skip orientation RR
[M::mem_process_seqs] Processed 1470068 reads in 437.431 CPU sec, 80.405 real sec
[M::process] read 1466934 sequences (200000047 bp)...
[M::process] read 1468818 sequences (200000013 bp)...
[M::mem_pestat] # candidate unique pairs for (FF, FR, RF, RR): (80, 568974, 95, 47)
[M::mem_pestat] analyzing insert size distribution for orientation FF...
[M::mem_pestat] (25, 50, 75) percentile: (293, 486, 924)
[M::mem_pestat] low and high boundaries for computing mean and std.dev: (1, 2186)
[M::mem_pestat] mean and std.dev: (594.58, 447.09)
[M::mem_pestat] low and high boundaries for proper pairs: (1, 2817)
[M::mem_pestat] analyzing insert size distribution for orientation FR...
[M::mem_pestat] (25, 50, 75) percentile: (295, 388, 504)
[M::mem_pestat] low and high boundaries for computing mean and std.dev: (1, 922)
[M::mem_pestat] mean and std.dev: (407.27, 157.76)
[M::mem_pestat] low and high boundaries for proper pairs: (1, 1131)
[M::mem_pestat] analyzing insert size distribution for orientation RF...
[M::mem_pestat] (25, 50, 75) percentile: (143, 756, 3183)
[M::mem_pestat] low and high boundaries for computing mean and std.dev: (1, 9263)
[M::mem_pestat] mean and std.dev: (1874.70, 2349.64)
[M::mem_pestat] low and high boundaries for proper pairs: (1, 12303)
[M::mem_pestat] analyzing insert size distribution for orientation RR...
[M::mem_pestat] (25, 50, 75) percentile: (319, 425, 1431)
[M::mem_pestat] low and high boundaries for computing mean and std.dev: (1, 3655)
[M::mem_pestat] mean and std.dev: (839.77, 858.30)
[M::mem_pestat] low and high boundaries for proper pairs: (1, 4767)
[M::mem_pestat] skip orientation FF
[M::mem_pestat] skip orientation RF
[M::mem_pestat] skip orientation RR
[M::mem_process_seqs] Processed 1466934 reads in 430.730 CPU sec, 43.717 real sec
[M::mem_pestat] # candidate unique pairs for (FF, FR, RF, RR): (86, 567394, 116, 33)
[M::mem_pestat] analyzing insert size distribution for orientation FF...
[M::mem_pestat] (25, 50, 75) percentile: (307, 412, 723)
[M::mem_pestat] low and high boundaries for computing mean and std.dev: (1, 1555)
[M::mem_pestat] mean and std.dev: (483.08, 301.48)
[M::mem_pestat] low and high boundaries for proper pairs: (1, 1971)
[M::mem_pestat] analyzing insert size distribution for orientation FR...
[M::mem_pestat] (25, 50, 75) percentile: (295, 388, 504)
[M::mem_pestat] low and high boundaries for computing mean and std.dev: (1, 922)
[M::mem_pestat] mean and std.dev: (407.32, 157.83)
[M::mem_pestat] low and high boundaries for proper pairs: (1, 1131)
[M::mem_pestat] analyzing insert size distribution for orientation RF...
[M::mem_pestat] (25, 50, 75) percentile: (64, 684, 4163)
[M::mem_pestat] low and high boundaries for computing mean and std.dev: (1, 12361)
[M::mem_pestat] mean and std.dev: (2059.39, 2543.94)
[M::mem_pestat] low and high boundaries for proper pairs: (1, 16460)
[M::mem_pestat] analyzing insert size distribution for orientation RR...
[M::mem_pestat] (25, 50, 75) percentile: (241, 479, 1296)
[M::mem_pestat] low and high boundaries for computing mean and std.dev: (1, 3406)
[M::mem_pestat] mean and std.dev: (629.23, 525.17)
[M::mem_pestat] low and high boundaries for proper pairs: (1, 4461)
[M::mem_pestat] skip orientation FF
[M::mem_pestat] skip orientation RF
[M::mem_pestat] skip orientation RR
[M::process] read 1467504 sequences (200000007 bp)...
[M::mem_process_seqs] Processed 1468818 reads in 437.304 CPU sec, 47.495 real sec
[M::mem_pestat] # candidate unique pairs for (FF, FR, RF, RR): (56, 566656, 105, 47)
[M::mem_pestat] analyzing insert size distribution for orientation FF...
[M::mem_pestat] (25, 50, 75) percentile: (386, 516, 764)
[M::mem_pestat] low and high boundaries for computing mean and std.dev: (1, 1520)
[M::mem_pestat] mean and std.dev: (520.02, 275.25)
[M::mem_pestat] low and high boundaries for proper pairs: (1, 1898)
[M::mem_pestat] analyzing insert size distribution for orientation FR...
[M::mem_pestat] (25, 50, 75) percentile: (292, 385, 500)
[M::mem_pestat] low and high boundaries for computing mean and std.dev: (1, 916)
[M::mem_pestat] mean and std.dev: (404.16, 156.18)
[M::mem_pestat] low and high boundaries for proper pairs: (1, 1124)
[M::mem_pestat] analyzing insert size distribution for orientation RF...
[M::mem_pestat] (25, 50, 75) percentile: (100, 1029, 4185)
[M::mem_pestat] low and high boundaries for computing mean and std.dev: (1, 12355)
[M::mem_pestat] mean and std.dev: (2244.53, 2647.29)
[M::mem_pestat] low and high boundaries for proper pairs: (1, 16440)
[M::mem_pestat] analyzing insert size distribution for orientation RR...
[M::mem_pestat] (25, 50, 75) percentile: (223, 415, 2702)
[M::mem_pestat] low and high boundaries for computing mean and std.dev: (1, 7660)
[M::mem_pestat] mean and std.dev: (1328.21, 1650.57)
[M::mem_pestat] low and high boundaries for proper pairs: (1, 10139)
[M::mem_pestat] skip orientation FF
[M::mem_pestat] skip orientation RF
[M::mem_pestat] skip orientation RR
[M::process] read 1470452 sequences (200000049 bp)...
[M::mem_process_seqs] Processed 1467504 reads in 435.848 CPU sec, 47.305 real sec
[M::mem_pestat] # candidate unique pairs for (FF, FR, RF, RR): (70, 568484, 107, 47)
[M::mem_pestat] analyzing insert size distribution for orientation FF...
[M::mem_pestat] (25, 50, 75) percentile: (257, 383, 679)
[M::mem_pestat] low and high boundaries for computing mean and std.dev: (1, 1523)
[M::mem_pestat] mean and std.dev: (435.43, 256.88)
[M::mem_pestat] low and high boundaries for proper pairs: (1, 1945)
[M::mem_pestat] analyzing insert size distribution for orientation FR...
[M::mem_pestat] (25, 50, 75) percentile: (291, 383, 496)
[M::mem_pestat] low and high boundaries for computing mean and std.dev: (1, 906)
[M::mem_pestat] mean and std.dev: (401.44, 153.83)
[M::mem_pestat] low and high boundaries for proper pairs: (1, 1111)
[M::mem_pestat] analyzing insert size distribution for orientation RF...
[M::mem_pestat] (25, 50, 75) percentile: (176, 729, 3048)
[M::mem_pestat] low and high boundaries for computing mean and std.dev: (1, 8792)
[M::mem_pestat] mean and std.dev: (1783.41, 2187.53)
[M::mem_pestat] low and high boundaries for proper pairs: (1, 11664)
[M::mem_pestat] analyzing insert size distribution for orientation RR...
[M::mem_pestat] (25, 50, 75) percentile: (203, 399, 1102)
[M::mem_pestat] low and high boundaries for computing mean and std.dev: (1, 2900)
[M::mem_pestat] mean and std.dev: (583.60, 556.10)
[M::mem_pestat] low and high boundaries for proper pairs: (1, 3799)
[M::mem_pestat] skip orientation FF
[M::mem_pestat] skip orientation RF
[M::mem_pestat] skip orientation RR
[M::process] read 1467840 sequences (200000034 bp)...
[M::mem_process_seqs] Processed 1470452 reads in 437.398 CPU sec, 47.463 real sec
[M::mem_pestat] # candidate unique pairs for (FF, FR, RF, RR): (57, 569034, 114, 34)
[M::mem_pestat] analyzing insert size distribution for orientation FF...
[M::mem_pestat] (25, 50, 75) percentile: (334, 473, 1071)
[M::mem_pestat] low and high boundaries for computing mean and std.dev: (1, 2545)
[M::mem_pestat] mean and std.dev: (532.79, 330.03)
[M::mem_pestat] low and high boundaries for proper pairs: (1, 3282)
[M::mem_pestat] analyzing insert size distribution for orientation FR...
[M::mem_pestat] (25, 50, 75) percentile: (295, 388, 504)
[M::mem_pestat] low and high boundaries for computing mean and std.dev: (1, 922)
[M::mem_pestat] mean and std.dev: (407.58, 158.09)
[M::mem_pestat] low and high boundaries for proper pairs: (1, 1131)
[M::mem_pestat] analyzing insert size distribution for orientation RF...
[M::mem_pestat] (25, 50, 75) percentile: (116, 509, 2439)
[M::mem_pestat] low and high boundaries for computing mean and std.dev: (1, 7085)
[M::mem_pestat] mean and std.dev: (1307.92, 1821.81)
[M::mem_pestat] low and high boundaries for proper pairs: (1, 9408)
[M::mem_pestat] analyzing insert size distribution for orientation RR...
[M::mem_pestat] (25, 50, 75) percentile: (355, 603, 1311)
[M::mem_pestat] low and high boundaries for computing mean and std.dev: (1, 3223)
[M::mem_pestat] mean and std.dev: (841.32, 729.22)
[M::mem_pestat] low and high boundaries for proper pairs: (1, 4179)
[M::mem_pestat] skip orientation FF
[M::mem_pestat] skip orientation RF
[M::mem_pestat] skip orientation RR
[M::process] read 1466834 sequences (200000095 bp)...
[M::mem_process_seqs] Processed 1467840 reads in 433.198 CPU sec, 47.396 real sec
[M::mem_pestat] # candidate unique pairs for (FF, FR, RF, RR): (69, 567399, 107, 44)
[M::mem_pestat] analyzing insert size distribution for orientation FF...
[M::mem_pestat] (25, 50, 75) percentile: (300, 474, 652)
[M::mem_pestat] low and high boundaries for computing mean and std.dev: (1, 1356)
[M::mem_pestat] mean and std.dev: (469.45, 225.23)
[M::mem_pestat] low and high boundaries for proper pairs: (1, 1708)
[M::mem_pestat] analyzing insert size distribution for orientation FR...
[M::mem_pestat] (25, 50, 75) percentile: (295, 388, 505)
[M::mem_pestat] low and high boundaries for computing mean and std.dev: (1, 925)
[M::mem_pestat] mean and std.dev: (407.68, 158.56)
[M::mem_pestat] low and high boundaries for proper pairs: (1, 1135)
[M::mem_pestat] analyzing insert size distribution for orientation RF...
[M::mem_pestat] (25, 50, 75) percentile: (97, 684, 4155)
[M::mem_pestat] low and high boundaries for computing mean and std.dev: (1, 12271)
[M::mem_pestat] mean and std.dev: (2252.62, 2995.43)
[M::mem_pestat] low and high boundaries for proper pairs: (1, 16329)
[M::mem_pestat] analyzing insert size distribution for orientation RR...
[M::mem_pestat] (25, 50, 75) percentile: (384, 551, 1777)
[M::mem_pestat] low and high boundaries for computing mean and std.dev: (1, 4563)
[M::mem_pestat] mean and std.dev: (902.23, 942.87)
[M::mem_pestat] low and high boundaries for proper pairs: (1, 5956)
[M::mem_pestat] skip orientation FF
[M::mem_pestat] skip orientation RF
[M::mem_pestat] skip orientation RR
[M::mem_process_seqs] Processed 1466834 reads in 452.570 CPU sec, 73.001 real sec
[M::process] read 1464928 sequences (200000239 bp)...
[M::process] read 1469390 sequences (200000155 bp)...
[M::mem_pestat] # candidate unique pairs for (FF, FR, RF, RR): (74, 565922, 118, 37)
[M::mem_pestat] analyzing insert size distribution for orientation FF...
[M::mem_pestat] (25, 50, 75) percentile: (267, 417, 713)
[M::mem_pestat] low and high boundaries for computing mean and std.dev: (1, 1605)
[M::mem_pestat] mean and std.dev: (484.40, 311.07)
[M::mem_pestat] low and high boundaries for proper pairs: (1, 2051)
[M::mem_pestat] analyzing insert size distribution for orientation FR...
[M::mem_pestat] (25, 50, 75) percentile: (293, 386, 502)
[M::mem_pestat] low and high boundaries for computing mean and std.dev: (1, 920)
[M::mem_pestat] mean and std.dev: (405.47, 157.52)
[M::mem_pestat] low and high boundaries for proper pairs: (1, 1129)
[M::mem_pestat] analyzing insert size distribution for orientation RF...
[M::mem_pestat] (25, 50, 75) percentile: (61, 374, 2604)
[M::mem_pestat] low and high boundaries for computing mean and std.dev: (1, 7690)
[M::mem_pestat] mean and std.dev: (1437.49, 2048.11)
[M::mem_pestat] low and high boundaries for proper pairs: (1, 10233)
[M::mem_pestat] analyzing insert size distribution for orientation RR...
[M::mem_pestat] (25, 50, 75) percentile: (295, 466, 949)
[M::mem_pestat] low and high boundaries for computing mean and std.dev: (1, 2257)
[M::mem_pestat] mean and std.dev: (499.77, 342.48)
[M::mem_pestat] low and high boundaries for proper pairs: (1, 2911)
[M::mem_pestat] skip orientation FF
[M::mem_pestat] skip orientation RF
[M::mem_pestat] skip orientation RR
[M::mem_process_seqs] Processed 1464928 reads in 436.079 CPU sec, 45.965 real sec
[M::mem_pestat] # candidate unique pairs for (FF, FR, RF, RR): (60, 567452, 106, 45)
[M::mem_pestat] analyzing insert size distribution for orientation FF...
[M::mem_pestat] (25, 50, 75) percentile: (318, 496, 876)
[M::mem_pestat] low and high boundaries for computing mean and std.dev: (1, 1992)
[M::mem_pestat] mean and std.dev: (578.31, 379.47)
[M::mem_pestat] low and high boundaries for proper pairs: (1, 2550)
[M::mem_pestat] analyzing insert size distribution for orientation FR...
[M::mem_pestat] (25, 50, 75) percentile: (291, 382, 495)
[M::mem_pestat] low and high boundaries for computing mean and std.dev: (1, 903)
[M::mem_pestat] mean and std.dev: (400.50, 153.70)
[M::mem_pestat] low and high boundaries for proper pairs: (1, 1107)
[M::mem_pestat] analyzing insert size distribution for orientation RF...
[M::mem_pestat] (25, 50, 75) percentile: (89, 652, 3300)
[M::mem_pestat] low and high boundaries for computing mean and std.dev: (1, 9722)
[M::mem_pestat] mean and std.dev: (2025.69, 2610.62)
[M::mem_pestat] low and high boundaries for proper pairs: (1, 12933)
[M::mem_pestat] analyzing insert size distribution for orientation RR...
[M::mem_pestat] (25, 50, 75) percentile: (223, 404, 836)
[M::mem_pestat] low and high boundaries for computing mean and std.dev: (1, 2062)
[M::mem_pestat] mean and std.dev: (507.39, 399.48)
[M::mem_pestat] low and high boundaries for proper pairs: (1, 2675)
[M::mem_pestat] skip orientation FF
[M::mem_pestat] skip orientation RF
[M::mem_pestat] skip orientation RR
[M::process] read 1471168 sequences (200000233 bp)...
[M::mem_process_seqs] Processed 1469390 reads in 435.794 CPU sec, 47.264 real sec
[M::mem_pestat] # candidate unique pairs for (FF, FR, RF, RR): (81, 569631, 98, 40)
[M::mem_pestat] analyzing insert size distribution for orientation FF...
[M::mem_pestat] (25, 50, 75) percentile: (302, 534, 925)
[M::mem_pestat] low and high boundaries for computing mean and std.dev: (1, 2171)
[M::mem_pestat] mean and std.dev: (653.00, 483.59)
[M::mem_pestat] low and high boundaries for proper pairs: (1, 2794)
[M::mem_pestat] analyzing insert size distribution for orientation FR...
[M::mem_pestat] (25, 50, 75) percentile: (293, 385, 500)
[M::mem_pestat] low and high boundaries for computing mean and std.dev: (1, 914)
[M::mem_pestat] mean and std.dev: (404.62, 156.42)
[M::mem_pestat] low and high boundaries for proper pairs: (1, 1121)
[M::mem_pestat] analyzing insert size distribution for orientation RF...
[M::mem_pestat] (25, 50, 75) percentile: (83, 567, 2906)
[M::mem_pestat] low and high boundaries for computing mean and std.dev: (1, 8552)
[M::mem_pestat] mean and std.dev: (1554.16, 2226.51)
[M::mem_pestat] low and high boundaries for proper pairs: (1, 11375)
[M::mem_pestat] analyzing insert size distribution for orientation RR...
[M::mem_pestat] (25, 50, 75) percentile: (284, 529, 807)
[M::mem_pestat] low and high boundaries for computing mean and std.dev: (1, 1853)
[M::mem_pestat] mean and std.dev: (507.86, 324.32)
[M::mem_pestat] low and high boundaries for proper pairs: (1, 2376)
[M::mem_pestat] skip orientation FF
[M::mem_pestat] skip orientation RF
[M::mem_pestat] skip orientation RR
[M::process] read 1468456 sequences (200000051 bp)...
[M::mem_process_seqs] Processed 1471168 reads in 436.435 CPU sec, 47.427 real sec
[M::mem_pestat] # candidate unique pairs for (FF, FR, RF, RR): (67, 568707, 108, 43)
[M::mem_pestat] analyzing insert size distribution for orientation FF...
[M::mem_pestat] (25, 50, 75) percentile: (334, 489, 1088)
[M::mem_pestat] low and high boundaries for computing mean and std.dev: (1, 2596)
[M::mem_pestat] mean and std.dev: (626.49, 520.44)
[M::mem_pestat] low and high boundaries for proper pairs: (1, 3350)
[M::mem_pestat] analyzing insert size distribution for orientation FR...
[M::mem_pestat] (25, 50, 75) percentile: (293, 386, 502)
[M::mem_pestat] low and high boundaries for computing mean and std.dev: (1, 920)
[M::mem_pestat] mean and std.dev: (405.80, 157.24)
[M::mem_pestat] low and high boundaries for proper pairs: (1, 1129)
[M::mem_pestat] analyzing insert size distribution for orientation RF...
[M::mem_pestat] (25, 50, 75) percentile: (114, 498, 2950)
[M::mem_pestat] low and high boundaries for computing mean and std.dev: (1, 8622)
[M::mem_pestat] mean and std.dev: (1576.60, 2217.63)
[M::mem_pestat] low and high boundaries for proper pairs: (1, 11458)
[M::mem_pestat] analyzing insert size distribution for orientation RR...
[M::mem_pestat] (25, 50, 75) percentile: (335, 510, 999)
[M::mem_pestat] low and high boundaries for computing mean and std.dev: (1, 2327)
[M::mem_pestat] mean and std.dev: (601.36, 455.76)
[M::mem_pestat] low and high boundaries for proper pairs: (1, 2991)
[M::mem_pestat] skip orientation FF
[M::mem_pestat] skip orientation RF
[M::mem_pestat] skip orientation RR
[M::process] read 1467864 sequences (200000078 bp)...
[M::mem_process_seqs] Processed 1468456 reads in 435.686 CPU sec, 47.358 real sec
[M::mem_pestat] # candidate unique pairs for (FF, FR, RF, RR): (63, 565772, 120, 42)
[M::mem_pestat] analyzing insert size distribution for orientation FF...
[M::mem_pestat] (25, 50, 75) percentile: (273, 484, 868)
[M::mem_pestat] low and high boundaries for computing mean and std.dev: (1, 2058)
[M::mem_pestat] mean and std.dev: (528.49, 395.32)
[M::mem_pestat] low and high boundaries for proper pairs: (1, 2653)
[M::mem_pestat] analyzing insert size distribution for orientation FR...
[M::mem_pestat] (25, 50, 75) percentile: (291, 384, 499)
[M::mem_pestat] low and high boundaries for computing mean and std.dev: (1, 915)
[M::mem_pestat] mean and std.dev: (403.51, 156.51)
[M::mem_pestat] low and high boundaries for proper pairs: (1, 1123)
[M::mem_pestat] analyzing insert size distribution for orientation RF...
[M::mem_pestat] (25, 50, 75) percentile: (106, 637, 3260)
[M::mem_pestat] low and high boundaries for computing mean and std.dev: (1, 9568)
[M::mem_pestat] mean and std.dev: (1848.93, 2281.77)
[M::mem_pestat] low and high boundaries for proper pairs: (1, 12722)
[M::mem_pestat] analyzing insert size distribution for orientation RR...
[M::mem_pestat] (25, 50, 75) percentile: (297, 445, 1034)
[M::mem_pestat] low and high boundaries for computing mean and std.dev: (1, 2508)
[M::mem_pestat] mean and std.dev: (519.75, 381.23)
[M::mem_pestat] low and high boundaries for proper pairs: (1, 3245)
[M::mem_pestat] skip orientation FF
[M::mem_pestat] skip orientation RF
[M::mem_pestat] skip orientation RR
[M::process] read 1472970 sequences (200000137 bp)...
[M::mem_process_seqs] Processed 1467864 reads in 439.707 CPU sec, 47.841 real sec
[M::mem_pestat] # candidate unique pairs for (FF, FR, RF, RR): (58, 568565, 94, 39)
[M::mem_pestat] analyzing insert size distribution for orientation FF...
[M::mem_pestat] (25, 50, 75) percentile: (265, 437, 713)
[M::mem_pestat] low and high boundaries for computing mean and std.dev: (1, 1609)
[M::mem_pestat] mean and std.dev: (476.07, 265.65)
[M::mem_pestat] low and high boundaries for proper pairs: (1, 2057)
[M::mem_pestat] analyzing insert size distribution for orientation FR...
[M::mem_pestat] (25, 50, 75) percentile: (289, 380, 491)
[M::mem_pestat] low and high boundaries for computing mean and std.dev: (1, 895)
[M::mem_pestat] mean and std.dev: (397.64, 151.82)
[M::mem_pestat] low and high boundaries for proper pairs: (1, 1097)
[M::mem_pestat] analyzing insert size distribution for orientation RF...
[M::mem_pestat] (25, 50, 75) percentile: (145, 531, 2161)
[M::mem_pestat] low and high boundaries for computing mean and std.dev: (1, 6193)
[M::mem_pestat] mean and std.dev: (1198.90, 1509.44)
[M::mem_pestat] low and high boundaries for proper pairs: (1, 8209)
[M::mem_pestat] analyzing insert size distribution for orientation RR...
[M::mem_pestat] (25, 50, 75) percentile: (228, 404, 988)
[M::mem_pestat] low and high boundaries for computing mean and std.dev: (1, 2508)
[M::mem_pestat] mean and std.dev: (527.59, 452.79)
[M::mem_pestat] low and high boundaries for proper pairs: (1, 3268)
[M::mem_pestat] skip orientation FF
[M::mem_pestat] skip orientation RF
[M::mem_pestat] skip orientation RR
[M::process] read 1476668 sequences (200000206 bp)...
[M::mem_process_seqs] Processed 1472970 reads in 441.120 CPU sec, 47.954 real sec
[M::mem_pestat] # candidate unique pairs for (FF, FR, RF, RR): (68, 571440, 132, 33)
[M::mem_pestat] analyzing insert size distribution for orientation FF...
[M::mem_pestat] (25, 50, 75) percentile: (346, 500, 997)
[M::mem_pestat] low and high boundaries for computing mean and std.dev: (1, 2299)
[M::mem_pestat] mean and std.dev: (585.40, 432.06)
[M::mem_pestat] low and high boundaries for proper pairs: (1, 2950)
[M::mem_pestat] analyzing insert size distribution for orientation FR...
[M::mem_pestat] (25, 50, 75) percentile: (291, 382, 493)
[M::mem_pestat] low and high boundaries for computing mean and std.dev: (1, 897)
[M::mem_pestat] mean and std.dev: (399.94, 152.49)
[M::mem_pestat] low and high boundaries for proper pairs: (1, 1099)
[M::mem_pestat] analyzing insert size distribution for orientation RF...
[M::mem_pestat] (25, 50, 75) percentile: (104, 742, 3742)
[M::mem_pestat] low and high boundaries for computing mean and std.dev: (1, 11018)
[M::mem_pestat] mean and std.dev: (2142.83, 2687.38)
[M::mem_pestat] low and high boundaries for proper pairs: (1, 14656)
[M::mem_pestat] analyzing insert size distribution for orientation RR...
[M::mem_pestat] (25, 50, 75) percentile: (251, 463, 1449)
[M::mem_pestat] low and high boundaries for computing mean and std.dev: (1, 3845)
[M::mem_pestat] mean and std.dev: (687.83, 751.07)
[M::mem_pestat] low and high boundaries for proper pairs: (1, 5043)
[M::mem_pestat] skip orientation FF
[M::mem_pestat] skip orientation RF
[M::mem_pestat] skip orientation RR
[M::process] read 1472960 sequences (200000223 bp)...
[M::mem_process_seqs] Processed 1476668 reads in 437.048 CPU sec, 47.579 real sec
[M::mem_pestat] # candidate unique pairs for (FF, FR, RF, RR): (51, 569515, 124, 43)
[M::mem_pestat] analyzing insert size distribution for orientation FF...
[M::mem_pestat] (25, 50, 75) percentile: (251, 334, 758)
[M::mem_pestat] low and high boundaries for computing mean and std.dev: (1, 1772)
[M::mem_pestat] mean and std.dev: (435.69, 308.92)
[M::mem_pestat] low and high boundaries for proper pairs: (1, 2279)
[M::mem_pestat] analyzing insert size distribution for orientation FR...
[M::mem_pestat] (25, 50, 75) percentile: (293, 385, 498)
[M::mem_pestat] low and high boundaries for computing mean and std.dev: (1, 908)
[M::mem_pestat] mean and std.dev: (403.58, 154.84)
[M::mem_pestat] low and high boundaries for proper pairs: (1, 1113)
[M::mem_pestat] analyzing insert size distribution for orientation RF...
[M::mem_pestat] (25, 50, 75) percentile: (108, 718, 3123)
[M::mem_pestat] low and high boundaries for computing mean and std.dev: (1, 9153)
[M::mem_pestat] mean and std.dev: (1736.66, 2107.35)
[M::mem_pestat] low and high boundaries for proper pairs: (1, 12168)
[M::mem_pestat] analyzing insert size distribution for orientation RR...
[M::mem_pestat] (25, 50, 75) percentile: (344, 539, 1426)
[M::mem_pestat] low and high boundaries for computing mean and std.dev: (1, 3590)
[M::mem_pestat] mean and std.dev: (704.63, 622.83)
[M::mem_pestat] low and high boundaries for proper pairs: (1, 4672)
[M::mem_pestat] skip orientation FF
[M::mem_pestat] skip orientation RF
[M::mem_pestat] skip orientation RR
[M::process] read 1471016 sequences (200000028 bp)...
[M::mem_process_seqs] Processed 1472960 reads in 438.314 CPU sec, 47.704 real sec
[M::mem_pestat] # candidate unique pairs for (FF, FR, RF, RR): (56, 566687, 121, 45)
[M::mem_pestat] analyzing insert size distribution for orientation FF...
[M::mem_pestat] (25, 50, 75) percentile: (311, 492, 689)
[M::mem_pestat] low and high boundaries for computing mean and std.dev: (1, 1445)
[M::mem_pestat] mean and std.dev: (468.21, 234.58)
[M::mem_pestat] low and high boundaries for proper pairs: (1, 1823)
[M::mem_pestat] analyzing insert size distribution for orientation FR...
[M::mem_pestat] (25, 50, 75) percentile: (291, 383, 496)
[M::mem_pestat] low and high boundaries for computing mean and std.dev: (1, 906)
[M::mem_pestat] mean and std.dev: (401.60, 154.45)
[M::mem_pestat] low and high boundaries for proper pairs: (1, 1111)
[M::mem_pestat] analyzing insert size distribution for orientation RF...
[M::mem_pestat] (25, 50, 75) percentile: (148, 901, 4161)
[M::mem_pestat] low and high boundaries for computing mean and std.dev: (1, 12187)
[M::mem_pestat] mean and std.dev: (2185.91, 2715.82)
[M::mem_pestat] low and high boundaries for proper pairs: (1, 16200)
[M::mem_pestat] analyzing insert size distribution for orientation RR...
[M::mem_pestat] (25, 50, 75) percentile: (268, 522, 1281)
[M::mem_pestat] low and high boundaries for computing mean and std.dev: (1, 3307)
[M::mem_pestat] mean and std.dev: (643.79, 719.96)
[M::mem_pestat] low and high boundaries for proper pairs: (1, 4320)
[M::mem_pestat] skip orientation FF
[M::mem_pestat] skip orientation RF
[M::mem_pestat] skip orientation RR
[M::process] read 1477774 sequences (200000004 bp)...
[M::mem_process_seqs] Processed 1471016 reads in 440.644 CPU sec, 47.932 real sec
[M::mem_pestat] # candidate unique pairs for (FF, FR, RF, RR): (51, 569653, 105, 36)
[M::mem_pestat] analyzing insert size distribution for orientation FF...
[M::mem_pestat] (25, 50, 75) percentile: (297, 533, 872)
[M::mem_pestat] low and high boundaries for computing mean and std.dev: (1, 2022)
[M::mem_pestat] mean and std.dev: (541.72, 313.04)
[M::mem_pestat] low and high boundaries for proper pairs: (1, 2597)
[M::mem_pestat] analyzing insert size distribution for orientation FR...
[M::mem_pestat] (25, 50, 75) percentile: (287, 376, 485)
[M::mem_pestat] low and high boundaries for computing mean and std.dev: (1, 881)
[M::mem_pestat] mean and std.dev: (392.98, 148.61)
[M::mem_pestat] low and high boundaries for proper pairs: (1, 1079)
[M::mem_pestat] analyzing insert size distribution for orientation RF...
[M::mem_pestat] (25, 50, 75) percentile: (88, 372, 2255)
[M::mem_pestat] low and high boundaries for computing mean and std.dev: (1, 6589)
[M::mem_pestat] mean and std.dev: (1239.59, 1776.26)
[M::mem_pestat] low and high boundaries for proper pairs: (1, 8756)
[M::mem_pestat] analyzing insert size distribution for orientation RR...
[M::mem_pestat] (25, 50, 75) percentile: (259, 459, 791)
[M::mem_pestat] low and high boundaries for computing mean and std.dev: (1, 1855)
[M::mem_pestat] mean and std.dev: (432.41, 255.36)
[M::mem_pestat] low and high boundaries for proper pairs: (1, 2387)
[M::mem_pestat] skip orientation FF
[M::mem_pestat] skip orientation RF
[M::mem_pestat] skip orientation RR
[M::process] read 1482762 sequences (200000124 bp)...
[M::mem_process_seqs] Processed 1477774 reads in 439.417 CPU sec, 47.757 real sec
[M::mem_pestat] # candidate unique pairs for (FF, FR, RF, RR): (56, 572322, 120, 49)
[M::mem_pestat] analyzing insert size distribution for orientation FF...
[M::mem_pestat] (25, 50, 75) percentile: (269, 389, 698)
[M::mem_pestat] low and high boundaries for computing mean and std.dev: (1, 1556)
[M::mem_pestat] mean and std.dev: (422.88, 279.77)
[M::mem_pestat] low and high boundaries for proper pairs: (1, 1985)
[M::mem_pestat] analyzing insert size distribution for orientation FR...
[M::mem_pestat] (25, 50, 75) percentile: (287, 376, 484)
[M::mem_pestat] low and high boundaries for computing mean and std.dev: (1, 878)
[M::mem_pestat] mean and std.dev: (392.45, 148.17)
[M::mem_pestat] low and high boundaries for proper pairs: (1, 1075)
[M::mem_pestat] analyzing insert size distribution for orientation RF...
[M::mem_pestat] (25, 50, 75) percentile: (137, 680, 4527)
[M::mem_pestat] low and high boundaries for computing mean and std.dev: (1, 13307)
[M::mem_pestat] mean and std.dev: (2342.08, 2788.22)
[M::mem_pestat] low and high boundaries for proper pairs: (1, 17697)
[M::mem_pestat] analyzing insert size distribution for orientation RR...
[M::mem_pestat] (25, 50, 75) percentile: (248, 504, 912)
[M::mem_pestat] low and high boundaries for computing mean and std.dev: (1, 2240)
[M::mem_pestat] mean and std.dev: (557.80, 463.53)
[M::mem_pestat] low and high boundaries for proper pairs: (1, 2904)
[M::mem_pestat] skip orientation FF
[M::mem_pestat] skip orientation RF
[M::mem_pestat] skip orientation RR
[M::mem_process_seqs] Processed 1482762 reads in 449.466 CPU sec, 73.066 real sec
[M::process] read 1475910 sequences (200000196 bp)...
[M::process] read 1471280 sequences (200000162 bp)...
[M::mem_pestat] # candidate unique pairs for (FF, FR, RF, RR): (64, 570024, 116, 50)
[M::mem_pestat] analyzing insert size distribution for orientation FF...
[M::mem_pestat] (25, 50, 75) percentile: (320, 486, 938)
[M::mem_pestat] low and high boundaries for computing mean and std.dev: (1, 2174)
[M::mem_pestat] mean and std.dev: (579.18, 444.95)
[M::mem_pestat] low and high boundaries for proper pairs: (1, 2792)
[M::mem_pestat] analyzing insert size distribution for orientation FR...
[M::mem_pestat] (25, 50, 75) percentile: (289, 379, 490)
[M::mem_pestat] low and high boundaries for computing mean and std.dev: (1, 892)
[M::mem_pestat] mean and std.dev: (397.21, 151.26)
[M::mem_pestat] low and high boundaries for proper pairs: (1, 1093)
[M::mem_pestat] analyzing insert size distribution for orientation RF...
[M::mem_pestat] (25, 50, 75) percentile: (127, 566, 3080)
[M::mem_pestat] low and high boundaries for computing mean and std.dev: (1, 8986)
[M::mem_pestat] mean and std.dev: (1639.78, 2215.02)
[M::mem_pestat] low and high boundaries for proper pairs: (1, 11939)
[M::mem_pestat] analyzing insert size distribution for orientation RR...
[M::mem_pestat] (25, 50, 75) percentile: (281, 466, 840)
[M::mem_pestat] low and high boundaries for computing mean and std.dev: (1, 1958)
[M::mem_pestat] mean and std.dev: (520.42, 377.18)
[M::mem_pestat] low and high boundaries for proper pairs: (1, 2517)
[M::mem_pestat] skip orientation FF
[M::mem_pestat] skip orientation RF
[M::mem_pestat] skip orientation RR
[M::mem_process_seqs] Processed 1475910 reads in 436.695 CPU sec, 45.993 real sec
[M::mem_pestat] # candidate unique pairs for (FF, FR, RF, RR): (48, 567723, 130, 48)
[M::mem_pestat] analyzing insert size distribution for orientation FF...
[M::mem_pestat] (25, 50, 75) percentile: (413, 595, 1479)
[M::mem_pestat] low and high boundaries for computing mean and std.dev: (1, 3611)
[M::mem_pestat] mean and std.dev: (790.67, 633.66)
[M::mem_pestat] low and high boundaries for proper pairs: (1, 4677)
[M::mem_pestat] analyzing insert size distribution for orientation FR...
[M::mem_pestat] (25, 50, 75) percentile: (290, 381, 492)
[M::mem_pestat] low and high boundaries for computing mean and std.dev: (1, 896)
[M::mem_pestat] mean and std.dev: (398.86, 152.40)
[M::mem_pestat] low and high boundaries for proper pairs: (1, 1098)
[M::mem_pestat] analyzing insert size distribution for orientation RF...
[M::mem_pestat] (25, 50, 75) percentile: (131, 592, 3761)
[M::mem_pestat] low and high boundaries for computing mean and std.dev: (1, 11021)
[M::mem_pestat] mean and std.dev: (2056.45, 2524.35)
[M::mem_pestat] low and high boundaries for proper pairs: (1, 14651)
[M::mem_pestat] analyzing insert size distribution for orientation RR...
[M::mem_pestat] (25, 50, 75) percentile: (237, 406, 1221)
[M::mem_pestat] low and high boundaries for computing mean and std.dev: (1, 3189)
[M::mem_pestat] mean and std.dev: (532.60, 569.98)
[M::mem_pestat] low and high boundaries for proper pairs: (1, 4173)
[M::mem_pestat] skip orientation FF
[M::mem_pestat] skip orientation RF
[M::mem_pestat] skip orientation RR
[M::process] read 564320 sequences (76367346 bp)...
[M::mem_process_seqs] Processed 1471280 reads in 433.908 CPU sec, 47.194 real sec
[M::mem_pestat] # candidate unique pairs for (FF, FR, RF, RR): (26, 216972, 49, 14)
[M::mem_pestat] analyzing insert size distribution for orientation FF...
[M::mem_pestat] (25, 50, 75) percentile: (320, 457, 615)
[M::mem_pestat] low and high boundaries for computing mean and std.dev: (1, 1205)
[M::mem_pestat] mean and std.dev: (463.04, 235.01)
[M::mem_pestat] low and high boundaries for proper pairs: (1, 1500)
[M::mem_pestat] analyzing insert size distribution for orientation FR...
[M::mem_pestat] (25, 50, 75) percentile: (288, 378, 487)
[M::mem_pestat] low and high boundaries for computing mean and std.dev: (1, 885)
[M::mem_pestat] mean and std.dev: (395.35, 149.33)
[M::mem_pestat] low and high boundaries for proper pairs: (1, 1084)
[M::mem_pestat] analyzing insert size distribution for orientation RF...
[M::mem_pestat] (25, 50, 75) percentile: (141, 663, 3054)
[M::mem_pestat] low and high boundaries for computing mean and std.dev: (1, 8880)
[M::mem_pestat] mean and std.dev: (1356.83, 1666.45)
[M::mem_pestat] low and high boundaries for proper pairs: (1, 11793)
[M::mem_pestat] analyzing insert size distribution for orientation RR...
[M::mem_pestat] (25, 50, 75) percentile: (164, 400, 999)
[M::mem_pestat] low and high boundaries for computing mean and std.dev: (1, 2669)
[M::mem_pestat] mean and std.dev: (433.83, 364.55)
[M::mem_pestat] low and high boundaries for proper pairs: (1, 3504)
[M::mem_pestat] skip orientation FF
[M::mem_pestat] skip orientation RF
[M::mem_pestat] skip orientation RR
[M::mem_process_seqs] Processed 564320 reads in 171.034 CPU sec, 19.071 real sec
[main] Version: 0.7.17-r1188
[main] CMD:samblaster: Marked 3209335 of 35525610 (9.03%) read ids as duplicates bwa mem using 845576k memory in  -t1M 2023S -R(83.228S) @RG\tID:WK_LO_19T_049\tPL:ILLUMINA\tPU:HJMNCDSX7.2\tSM:WK_LO_19T_049\tCN:MCGILL\tBC:AGCTAAGCGG-NCGTATTAAT CPU seconds and  /storage/scratch/iee/dj20y461/Stickleback/G_aculeatus/FITNESS//data/ref_A_X/stickleback_v5_assembly_A_X.fasta42M /storage/scratch/iee/dj20y461/Stickleback/G_aculeatus/FITNESS//data/trimmed/WK_LO_19T_049.R1.trimmed.fastq.gz25S /storage/scratch/iee/dj20y461/Stickleback/G_aculeatus/FITNESS//data/trimmed/WK_LO_19T_049.R2.trimmed.fastq.gz
[main] Real time: 2544.785 sec; CPU: 21196.122 sec
(2545S) wall time.
[bam_sort_core] merging from 20 files and 20 in-memory blocks...
