samblaster: Version 0.1.24
samblaster: Inputting from stdin
samblaster: Outputting to stdout
[M::bwa_idx_load_from_disk] read 0 ALT contigs
[M::process] read 1471624 sequences (200000023 bp)...
[M::mem_pestat] # candidate unique pairs for (FF, FR, RF, RR): (401, 560475, 128, 189)
[M::mem_pestat] analyzing insert size distribution for orientation FF...
[M::mem_pestat] (25, 50, 75) percentile: (358, 507, 755)
[M::mem_pestat] low and high boundaries for computing mean and std.dev: (1, 1549)
[M::mem_pestat] mean and std.dev: (534.30, 288.25)
[M::mem_pestat] low and high boundaries for proper pairs: (1, 1946)
[M::mem_pestat] analyzing insert size distribution for orientation FR...
[M::mem_pestat] (25, 50, 75) percentile: (296, 386, 498)
[M::mem_pestat] low and high boundaries for computing mean and std.dev: (1, 902)
[M::mem_pestat] mean and std.dev: (404.12, 152.53)
[M::mem_pestat] low and high boundaries for proper pairs: (1, 1104)
[M::mem_pestat] analyzing insert size distribution for orientation RF...
[M::mem_pestat] (25, 50, 75) percentile: (126, 703, 4142)
[M::mem_pestat] low and high boundaries for computing mean and std.dev: (1, 12174)
[M::mem_pestat] mean and std.dev: (2122.93, 2726.62)
[M::mem_pestat] low and high boundaries for proper pairs: (1, 16190)
[M::mem_pestat] analyzing insert size distribution for orientation RR...
[M::mem_pestat] (25, 50, 75) percentile: (273, 580, 1412)
[M::mem_pestat] low and high boundaries for computing mean and std.dev: (1, 3690)
[M::mem_pestat] mean and std.dev: (887.23, 843.85)
[M::mem_pestat] low and high boundaries for proper pairs: (1, 4829)
[M::mem_pestat] skip orientation FF
[M::mem_pestat] skip orientation RF
[M::mem_pestat] skip orientation RR
[M::mem_process_seqs] Processed 1471624 reads in 499.980 CPU sec, 120.705 real sec
samblaster: Loaded 23 header sequence entries.
[M::process] read 1469954 sequences (200000147 bp)...
[M::process] read 1471040 sequences (200000209 bp)...
[M::mem_pestat] # candidate unique pairs for (FF, FR, RF, RR): (438, 558740, 108, 168)
[M::mem_pestat] analyzing insert size distribution for orientation FF...
[M::mem_pestat] (25, 50, 75) percentile: (371, 518, 763)
[M::mem_pestat] low and high boundaries for computing mean and std.dev: (1, 1547)
[M::mem_pestat] mean and std.dev: (542.29, 270.48)
[M::mem_pestat] low and high boundaries for proper pairs: (1, 1939)
[M::mem_pestat] analyzing insert size distribution for orientation FR...
[M::mem_pestat] (25, 50, 75) percentile: (299, 390, 504)
[M::mem_pestat] low and high boundaries for computing mean and std.dev: (1, 914)
[M::mem_pestat] mean and std.dev: (408.92, 154.29)
[M::mem_pestat] low and high boundaries for proper pairs: (1, 1119)
[M::mem_pestat] analyzing insert size distribution for orientation RF...
[M::mem_pestat] (25, 50, 75) percentile: (81, 589, 3341)
[M::mem_pestat] low and high boundaries for computing mean and std.dev: (1, 9861)
[M::mem_pestat] mean and std.dev: (2054.59, 2876.42)
[M::mem_pestat] low and high boundaries for proper pairs: (1, 13560)
[M::mem_pestat] analyzing insert size distribution for orientation RR...
[M::mem_pestat] (25, 50, 75) percentile: (309, 638, 1384)
[M::mem_pestat] low and high boundaries for computing mean and std.dev: (1, 3534)
[M::mem_pestat] mean and std.dev: (835.30, 722.70)
[M::mem_pestat] low and high boundaries for proper pairs: (1, 4609)
[M::mem_pestat] skip orientation FF
[M::mem_pestat] skip orientation RF
[M::mem_pestat] skip orientation RR
[M::mem_process_seqs] Processed 1469954 reads in 469.884 CPU sec, 52.069 real sec
[M::process] read 1473658 sequences (200000277 bp)...
[M::mem_pestat] # candidate unique pairs for (FF, FR, RF, RR): (408, 558105, 138, 173)
[M::mem_pestat] analyzing insert size distribution for orientation FF...
[M::mem_pestat] (25, 50, 75) percentile: (326, 521, 806)
[M::mem_pestat] low and high boundaries for computing mean and std.dev: (1, 1766)
[M::mem_pestat] mean and std.dev: (566.83, 340.25)
[M::mem_pestat] low and high boundaries for proper pairs: (1, 2246)
[M::mem_pestat] analyzing insert size distribution for orientation FR...
[M::mem_pestat] (25, 50, 75) percentile: (299, 390, 504)
[M::mem_pestat] low and high boundaries for computing mean and std.dev: (1, 914)
[M::mem_pestat] mean and std.dev: (408.76, 153.34)
[M::mem_pestat] low and high boundaries for proper pairs: (1, 1119)
[M::mem_pestat] analyzing insert size distribution for orientation RF...
[M::mem_pestat] (25, 50, 75) percentile: (157, 587, 3533)
[M::mem_pestat] low and high boundaries for computing mean and std.dev: (1, 10285)
[M::mem_pestat] mean and std.dev: (2006.21, 2591.47)
[M::mem_pestat] low and high boundaries for proper pairs: (1, 13661)
[M::mem_pestat] analyzing insert size distribution for orientation RR...
[M::mem_pestat] (25, 50, 75) percentile: (277, 560, 1204)
[M::mem_pestat] low and high boundaries for computing mean and std.dev: (1, 3058)
[M::mem_pestat] mean and std.dev: (750.99, 665.13)
[M::mem_pestat] low and high boundaries for proper pairs: (1, 3985)
[M::mem_pestat] skip orientation FF
[M::mem_pestat] skip orientation RF
[M::mem_pestat] skip orientation RR
[M::mem_process_seqs] Processed 1471040 reads in 471.228 CPU sec, 52.161 real sec
[M::mem_pestat] # candidate unique pairs for (FF, FR, RF, RR): (419, 557118, 121, 185)
[M::mem_pestat] analyzing insert size distribution for orientation FF...
[M::mem_pestat] (25, 50, 75) percentile: (323, 511, 797)
[M::mem_pestat] low and high boundaries for computing mean and std.dev: (1, 1745)
[M::mem_pestat] mean and std.dev: (561.67, 342.20)
[M::mem_pestat] low and high boundaries for proper pairs: (1, 2219)
[M::mem_pestat] analyzing insert size distribution for orientation FR...
[M::mem_pestat] (25, 50, 75) percentile: (297, 388, 499)
[M::mem_pestat] low and high boundaries for computing mean and std.dev: (1, 903)
[M::mem_pestat] mean and std.dev: (405.34, 150.46)
[M::mem_pestat] low and high boundaries for proper pairs: (1, 1105)
[M::mem_pestat] analyzing insert size distribution for orientation RF...
[M::mem_pestat] (25, 50, 75) percentile: (86, 525, 4150)
[M::mem_pestat] low and high boundaries for computing mean and std.dev: (1, 12278)
[M::mem_pestat] mean and std.dev: (2156.60, 2733.31)
[M::mem_pestat] low and high boundaries for proper pairs: (1, 16342)
[M::mem_pestat] analyzing insert size distribution for orientation RR...
[M::mem_pestat] (25, 50, 75) percentile: (314, 559, 1071)
[M::mem_pestat] low and high boundaries for computing mean and std.dev: (1, 2585)
[M::mem_pestat] mean and std.dev: (682.77, 534.93)
[M::mem_pestat] low and high boundaries for proper pairs: (1, 3342)
[M::mem_pestat] skip orientation FF
[M::mem_pestat] skip orientation RF
[M::mem_pestat] skip orientation RR
[M::process] read 1477030 sequences (200000202 bp)...
[M::mem_process_seqs] Processed 1473658 reads in 473.970 CPU sec, 52.736 real sec
[M::process] read 1469974 sequences (200000229 bp)...
[M::mem_pestat] # candidate unique pairs for (FF, FR, RF, RR): (417, 559314, 142, 178)
[M::mem_pestat] analyzing insert size distribution for orientation FF...
[M::mem_pestat] (25, 50, 75) percentile: (333, 492, 786)
[M::mem_pestat] low and high boundaries for computing mean and std.dev: (1, 1692)
[M::mem_pestat] mean and std.dev: (537.23, 313.63)
[M::mem_pestat] low and high boundaries for proper pairs: (1, 2145)
[M::mem_pestat] analyzing insert size distribution for orientation FR...
[M::mem_pestat] (25, 50, 75) percentile: (297, 387, 499)
[M::mem_pestat] low and high boundaries for computing mean and std.dev: (1, 903)
[M::mem_pestat] mean and std.dev: (404.98, 151.84)
[M::mem_pestat] low and high boundaries for proper pairs: (1, 1105)
[M::mem_pestat] analyzing insert size distribution for orientation RF...
[M::mem_pestat] (25, 50, 75) percentile: (89, 508, 3437)
[M::mem_pestat] low and high boundaries for computing mean and std.dev: (1, 10133)
[M::mem_pestat] mean and std.dev: (2013.67, 2658.19)
[M::mem_pestat] low and high boundaries for proper pairs: (1, 13481)
[M::mem_pestat] analyzing insert size distribution for orientation RR...
[M::mem_pestat] (25, 50, 75) percentile: (235, 481, 1054)
[M::mem_pestat] low and high boundaries for computing mean and std.dev: (1, 2692)
[M::mem_pestat] mean and std.dev: (605.78, 498.51)
[M::mem_pestat] low and high boundaries for proper pairs: (1, 3511)
[M::mem_pestat] skip orientation FF
[M::mem_pestat] skip orientation RF
[M::mem_pestat] skip orientation RR
[M::mem_process_seqs] Processed 1477030 reads in 471.685 CPU sec, 52.160 real sec
[M::mem_pestat] # candidate unique pairs for (FF, FR, RF, RR): (422, 558576, 124, 173)
[M::mem_pestat] analyzing insert size distribution for orientation FF...
[M::mem_pestat] (25, 50, 75) percentile: (372, 542, 886)
[M::mem_pestat] low and high boundaries for computing mean and std.dev: (1, 1914)
[M::mem_pestat] mean and std.dev: (608.10, 369.14)
[M::mem_pestat] low and high boundaries for proper pairs: (1, 2428)
[M::mem_pestat] analyzing insert size distribution for orientation FR...
[M::mem_pestat] (25, 50, 75) percentile: (300, 392, 508)
[M::mem_pestat] low and high boundaries for computing mean and std.dev: (1, 924)
[M::mem_pestat] mean and std.dev: (411.99, 156.09)
[M::mem_pestat] low and high boundaries for proper pairs: (1, 1132)
[M::mem_pestat] analyzing insert size distribution for orientation RF...
[M::mem_pestat] (25, 50, 75) percentile: (102, 587, 3368)
[M::mem_pestat] low and high boundaries for computing mean and std.dev: (1, 9900)
[M::mem_pestat] mean and std.dev: (2063.40, 2581.24)
[M::mem_pestat] low and high boundaries for proper pairs: (1, 13166)
[M::mem_pestat] analyzing insert size distribution for orientation RR...
[M::mem_pestat] (25, 50, 75) percentile: (280, 529, 1175)
[M::mem_pestat] low and high boundaries for computing mean and std.dev: (1, 2965)
[M::mem_pestat] mean and std.dev: (698.24, 615.98)
[M::mem_pestat] low and high boundaries for proper pairs: (1, 3860)
[M::mem_pestat] skip orientation FF
[M::mem_pestat] skip orientation RF
[M::mem_pestat] skip orientation RR
[M::process] read 1473190 sequences (200000253 bp)...
[M::mem_process_seqs] Processed 1469974 reads in 472.485 CPU sec, 51.350 real sec
[M::mem_pestat] # candidate unique pairs for (FF, FR, RF, RR): (421, 557982, 134, 190)
[M::mem_pestat] analyzing insert size distribution for orientation FF...
[M::mem_pestat] (25, 50, 75) percentile: (393, 581, 901)
[M::mem_pestat] low and high boundaries for computing mean and std.dev: (1, 1917)
[M::mem_pestat] mean and std.dev: (626.83, 361.87)
[M::mem_pestat] low and high boundaries for proper pairs: (1, 2425)
[M::mem_pestat] analyzing insert size distribution for orientation FR...
[M::mem_pestat] (25, 50, 75) percentile: (301, 393, 506)
[M::mem_pestat] low and high boundaries for computing mean and std.dev: (1, 916)
[M::mem_pestat] mean and std.dev: (410.99, 153.66)
[M::mem_pestat] low and high boundaries for proper pairs: (1, 1121)
[M::mem_pestat] analyzing insert size distribution for orientation RF...
[M::mem_pestat] (25, 50, 75) percentile: (149, 1140, 3399)
[M::mem_pestat] low and high boundaries for computing mean and std.dev: (1, 9899)
[M::mem_pestat] mean and std.dev: (2237.95, 2717.35)
[M::mem_pestat] low and high boundaries for proper pairs: (1, 13149)
[M::mem_pestat] analyzing insert size distribution for orientation RR...
[M::mem_pestat] (25, 50, 75) percentile: (358, 716, 1468)
[M::mem_pestat] low and high boundaries for computing mean and std.dev: (1, 3688)
[M::mem_pestat] mean and std.dev: (928.58, 785.07)
[M::mem_pestat] low and high boundaries for proper pairs: (1, 4798)
[M::mem_pestat] skip orientation FF
[M::mem_pestat] skip orientation RF
[M::mem_pestat] skip orientation RR
[M::process] read 1478056 sequences (200000026 bp)...
[M::mem_process_seqs] Processed 1473190 reads in 475.264 CPU sec, 51.686 real sec
[M::process] read 1476800 sequences (200000170 bp)...
[M::mem_pestat] # candidate unique pairs for (FF, FR, RF, RR): (430, 557096, 132, 162)
[M::mem_pestat] analyzing insert size distribution for orientation FF...
[M::mem_pestat] (25, 50, 75) percentile: (330, 532, 749)
[M::mem_pestat] low and high boundaries for computing mean and std.dev: (1, 1587)
[M::mem_pestat] mean and std.dev: (541.44, 285.35)
[M::mem_pestat] low and high boundaries for proper pairs: (1, 2006)
[M::mem_pestat] analyzing insert size distribution for orientation FR...
[M::mem_pestat] (25, 50, 75) percentile: (298, 389, 500)
[M::mem_pestat] low and high boundaries for computing mean and std.dev: (1, 904)
[M::mem_pestat] mean and std.dev: (406.30, 150.29)
[M::mem_pestat] low and high boundaries for proper pairs: (1, 1106)
[M::mem_pestat] analyzing insert size distribution for orientation RF...
[M::mem_pestat] (25, 50, 75) percentile: (121, 442, 2366)
[M::mem_pestat] low and high boundaries for computing mean and std.dev: (1, 6856)
[M::mem_pestat] mean and std.dev: (1224.71, 1626.13)
[M::mem_pestat] low and high boundaries for proper pairs: (1, 9101)
[M::mem_pestat] analyzing insert size distribution for orientation RR...
[M::mem_pestat] (25, 50, 75) percentile: (326, 633, 1116)
[M::mem_pestat] low and high boundaries for computing mean and std.dev: (1, 2696)
[M::mem_pestat] mean and std.dev: (691.86, 550.18)
[M::mem_pestat] low and high boundaries for proper pairs: (1, 3486)
[M::mem_pestat] skip orientation FF
[M::mem_pestat] skip orientation RF
[M::mem_pestat] skip orientation RR
[M::mem_process_seqs] Processed 1478056 reads in 476.188 CPU sec, 51.920 real sec
[M::mem_pestat] # candidate unique pairs for (FF, FR, RF, RR): (384, 559427, 133, 175)
[M::mem_pestat] analyzing insert size distribution for orientation FF...
[M::mem_pestat] (25, 50, 75) percentile: (328, 512, 769)
[M::mem_pestat] low and high boundaries for computing mean and std.dev: (1, 1651)
[M::mem_pestat] mean and std.dev: (547.89, 325.99)
[M::mem_pestat] low and high boundaries for proper pairs: (1, 2092)
[M::mem_pestat] analyzing insert size distribution for orientation FR...
[M::mem_pestat] (25, 50, 75) percentile: (296, 387, 499)
[M::mem_pestat] low and high boundaries for computing mean and std.dev: (1, 905)
[M::mem_pestat] mean and std.dev: (404.77, 151.34)
[M::mem_pestat] low and high boundaries for proper pairs: (1, 1108)
[M::mem_pestat] analyzing insert size distribution for orientation RF...
[M::mem_pestat] (25, 50, 75) percentile: (64, 706, 3177)
[M::mem_pestat] low and high boundaries for computing mean and std.dev: (1, 9403)
[M::mem_pestat] mean and std.dev: (1783.95, 2323.34)
[M::mem_pestat] low and high boundaries for proper pairs: (1, 12516)
[M::mem_pestat] analyzing insert size distribution for orientation RR...
[M::mem_pestat] (25, 50, 75) percentile: (277, 484, 1201)
[M::mem_pestat] low and high boundaries for computing mean and std.dev: (1, 3049)
[M::mem_pestat] mean and std.dev: (732.44, 666.54)
[M::mem_pestat] low and high boundaries for proper pairs: (1, 3973)
[M::mem_pestat] skip orientation FF
[M::mem_pestat] skip orientation RF
[M::mem_pestat] skip orientation RR
[M::process] read 1469602 sequences (200000188 bp)...
[M::mem_process_seqs] Processed 1476800 reads in 473.789 CPU sec, 51.617 real sec
[M::mem_pestat] # candidate unique pairs for (FF, FR, RF, RR): (394, 558794, 120, 158)
[M::mem_pestat] analyzing insert size distribution for orientation FF...
[M::mem_pestat] (25, 50, 75) percentile: (354, 536, 806)
[M::mem_pestat] low and high boundaries for computing mean and std.dev: (1, 1710)
[M::mem_pestat] mean and std.dev: (574.21, 322.16)
[M::mem_pestat] low and high boundaries for proper pairs: (1, 2162)
[M::mem_pestat] analyzing insert size distribution for orientation FR...
[M::mem_pestat] (25, 50, 75) percentile: (300, 393, 508)
[M::mem_pestat] low and high boundaries for computing mean and std.dev: (1, 924)
[M::mem_pestat] mean and std.dev: (412.06, 156.56)
[M::mem_pestat] low and high boundaries for proper pairs: (1, 1132)
[M::mem_pestat] analyzing insert size distribution for orientation RF...
[M::mem_pestat] (25, 50, 75) percentile: (63, 597, 2603)
[M::mem_pestat] low and high boundaries for computing mean and std.dev: (1, 7683)
[M::mem_pestat] mean and std.dev: (1311.06, 1673.47)
[M::mem_pestat] low and high boundaries for proper pairs: (1, 10223)
[M::mem_pestat] analyzing insert size distribution for orientation RR...
[M::mem_pestat] (25, 50, 75) percentile: (290, 550, 1332)
[M::mem_pestat] low and high boundaries for computing mean and std.dev: (1, 3416)
[M::mem_pestat] mean and std.dev: (841.46, 800.47)
[M::mem_pestat] low and high boundaries for proper pairs: (1, 4458)
[M::mem_pestat] skip orientation FF
[M::mem_pestat] skip orientation RF
[M::mem_pestat] skip orientation RR
[M::mem_process_seqs] Processed 1469602 reads in 485.859 CPU sec, 78.789 real sec
[M::process] read 1470710 sequences (200000141 bp)...
[M::process] read 1472896 sequences (200000000 bp)...
[M::mem_pestat] # candidate unique pairs for (FF, FR, RF, RR): (419, 557923, 116, 174)
[M::mem_pestat] analyzing insert size distribution for orientation FF...
[M::mem_pestat] (25, 50, 75) percentile: (362, 500, 775)
[M::mem_pestat] low and high boundaries for computing mean and std.dev: (1, 1601)
[M::mem_pestat] mean and std.dev: (549.11, 294.24)
[M::mem_pestat] low and high boundaries for proper pairs: (1, 2014)
[M::mem_pestat] analyzing insert size distribution for orientation FR...
[M::mem_pestat] (25, 50, 75) percentile: (301, 393, 508)
[M::mem_pestat] low and high boundaries for computing mean and std.dev: (1, 922)
[M::mem_pestat] mean and std.dev: (412.23, 155.78)
[M::mem_pestat] low and high boundaries for proper pairs: (1, 1129)
[M::mem_pestat] analyzing insert size distribution for orientation RF...
[M::mem_pestat] (25, 50, 75) percentile: (102, 897, 3548)
[M::mem_pestat] low and high boundaries for computing mean and std.dev: (1, 10440)
[M::mem_pestat] mean and std.dev: (1996.62, 2323.28)
[M::mem_pestat] low and high boundaries for proper pairs: (1, 13886)
[M::mem_pestat] analyzing insert size distribution for orientation RR...
[M::mem_pestat] (25, 50, 75) percentile: (279, 552, 1157)
[M::mem_pestat] low and high boundaries for computing mean and std.dev: (1, 2913)
[M::mem_pestat] mean and std.dev: (686.10, 552.50)
[M::mem_pestat] low and high boundaries for proper pairs: (1, 3791)
[M::mem_pestat] skip orientation FF
[M::mem_pestat] skip orientation RF
[M::mem_pestat] skip orientation RR
[M::mem_process_seqs] Processed 1470710 reads in 471.516 CPU sec, 51.310 real sec
[M::mem_pestat] # candidate unique pairs for (FF, FR, RF, RR): (347, 557256, 129, 192)
[M::mem_pestat] analyzing insert size distribution for orientation FF...
[M::mem_pestat] (25, 50, 75) percentile: (336, 525, 791)
[M::mem_pestat] low and high boundaries for computing mean and std.dev: (1, 1701)
[M::mem_pestat] mean and std.dev: (548.15, 321.49)
[M::mem_pestat] low and high boundaries for proper pairs: (1, 2156)
[M::mem_pestat] analyzing insert size distribution for orientation FR...
[M::mem_pestat] (25, 50, 75) percentile: (299, 390, 502)
[M::mem_pestat] low and high boundaries for computing mean and std.dev: (1, 908)
[M::mem_pestat] mean and std.dev: (407.94, 152.25)
[M::mem_pestat] low and high boundaries for proper pairs: (1, 1111)
[M::mem_pestat] analyzing insert size distribution for orientation RF...
[M::mem_pestat] (25, 50, 75) percentile: (143, 668, 3394)
[M::mem_pestat] low and high boundaries for computing mean and std.dev: (1, 9896)
[M::mem_pestat] mean and std.dev: (1941.60, 2258.09)
[M::mem_pestat] low and high boundaries for proper pairs: (1, 13147)
[M::mem_pestat] analyzing insert size distribution for orientation RR...
[M::mem_pestat] (25, 50, 75) percentile: (269, 525, 1224)
[M::mem_pestat] low and high boundaries for computing mean and std.dev: (1, 3134)
[M::mem_pestat] mean and std.dev: (688.94, 594.23)
[M::mem_pestat] low and high boundaries for proper pairs: (1, 4089)
[M::mem_pestat] skip orientation FF
[M::mem_pestat] skip orientation RF
[M::mem_pestat] skip orientation RR
[M::process] read 1477564 sequences (200000112 bp)...
[M::mem_process_seqs] Processed 1472896 reads in 474.932 CPU sec, 51.329 real sec
[M::mem_pestat] # candidate unique pairs for (FF, FR, RF, RR): (450, 558746, 105, 168)
[M::mem_pestat] analyzing insert size distribution for orientation FF...
[M::mem_pestat] (25, 50, 75) percentile: (328, 498, 789)
[M::mem_pestat] low and high boundaries for computing mean and std.dev: (1, 1711)
[M::mem_pestat] mean and std.dev: (541.00, 315.14)
[M::mem_pestat] low and high boundaries for proper pairs: (1, 2172)
[M::mem_pestat] analyzing insert size distribution for orientation FR...
[M::mem_pestat] (25, 50, 75) percentile: (297, 388, 498)
[M::mem_pestat] low and high boundaries for computing mean and std.dev: (1, 900)
[M::mem_pestat] mean and std.dev: (404.58, 150.19)
[M::mem_pestat] low and high boundaries for proper pairs: (1, 1101)
[M::mem_pestat] analyzing insert size distribution for orientation RF...
[M::mem_pestat] (25, 50, 75) percentile: (69, 385, 2590)
[M::mem_pestat] low and high boundaries for computing mean and std.dev: (1, 7632)
[M::mem_pestat] mean and std.dev: (1391.15, 1947.96)
[M::mem_pestat] low and high boundaries for proper pairs: (1, 10153)
[M::mem_pestat] analyzing insert size distribution for orientation RR...
[M::mem_pestat] (25, 50, 75) percentile: (326, 528, 1082)
[M::mem_pestat] low and high boundaries for computing mean and std.dev: (1, 2594)
[M::mem_pestat] mean and std.dev: (672.16, 514.65)
[M::mem_pestat] low and high boundaries for proper pairs: (1, 3350)
[M::mem_pestat] skip orientation FF
[M::mem_pestat] skip orientation RF
[M::mem_pestat] skip orientation RR
[M::process] read 1467080 sequences (200000010 bp)...
[M::mem_process_seqs] Processed 1477564 reads in 472.973 CPU sec, 51.226 real sec
[M::mem_pestat] # candidate unique pairs for (FF, FR, RF, RR): (428, 558917, 142, 179)
[M::mem_pestat] analyzing insert size distribution for orientation FF...
[M::mem_pestat] (25, 50, 75) percentile: (358, 543, 859)
[M::mem_pestat] low and high boundaries for computing mean and std.dev: (1, 1861)
[M::mem_pestat] mean and std.dev: (600.92, 353.60)
[M::mem_pestat] low and high boundaries for proper pairs: (1, 2362)
[M::mem_pestat] analyzing insert size distribution for orientation FR...
[M::mem_pestat] (25, 50, 75) percentile: (301, 394, 512)
[M::mem_pestat] low and high boundaries for computing mean and std.dev: (1, 934)
[M::mem_pestat] mean and std.dev: (414.74, 158.71)
[M::mem_pestat] low and high boundaries for proper pairs: (1, 1145)
[M::mem_pestat] analyzing insert size distribution for orientation RF...
[M::mem_pestat] (25, 50, 75) percentile: (66, 456, 2791)
[M::mem_pestat] low and high boundaries for computing mean and std.dev: (1, 8241)
[M::mem_pestat] mean and std.dev: (1574.96, 2175.59)
[M::mem_pestat] low and high boundaries for proper pairs: (1, 10966)
[M::mem_pestat] analyzing insert size distribution for orientation RR...
[M::mem_pestat] (25, 50, 75) percentile: (314, 562, 1079)
[M::mem_pestat] low and high boundaries for computing mean and std.dev: (1, 2609)
[M::mem_pestat] mean and std.dev: (714.46, 562.45)
[M::mem_pestat] low and high boundaries for proper pairs: (1, 3374)
[M::mem_pestat] skip orientation FF
[M::mem_pestat] skip orientation RF
[M::mem_pestat] skip orientation RR
[M::process] read 1468542 sequences (200000072 bp)...
[M::mem_process_seqs] Processed 1467080 reads in 472.225 CPU sec, 51.096 real sec
[M::mem_pestat] # candidate unique pairs for (FF, FR, RF, RR): (379, 558207, 127, 187)
[M::mem_pestat] analyzing insert size distribution for orientation FF...
[M::mem_pestat] (25, 50, 75) percentile: (347, 520, 818)
[M::mem_pestat] low and high boundaries for computing mean and std.dev: (1, 1760)
[M::mem_pestat] mean and std.dev: (556.76, 319.47)
[M::mem_pestat] low and high boundaries for proper pairs: (1, 2231)
[M::mem_pestat] analyzing insert size distribution for orientation FR...
[M::mem_pestat] (25, 50, 75) percentile: (302, 395, 511)
[M::mem_pestat] low and high boundaries for computing mean and std.dev: (1, 929)
[M::mem_pestat] mean and std.dev: (414.52, 157.21)
[M::mem_pestat] low and high boundaries for proper pairs: (1, 1138)
[M::mem_pestat] analyzing insert size distribution for orientation RF...
[M::mem_pestat] (25, 50, 75) percentile: (149, 577, 2984)
[M::mem_pestat] low and high boundaries for computing mean and std.dev: (1, 8654)
[M::mem_pestat] mean and std.dev: (1670.81, 2067.77)
[M::mem_pestat] low and high boundaries for proper pairs: (1, 11489)
[M::mem_pestat] analyzing insert size distribution for orientation RR...
[M::mem_pestat] (25, 50, 75) percentile: (285, 625, 1438)
[M::mem_pestat] low and high boundaries for computing mean and std.dev: (1, 3744)
[M::mem_pestat] mean and std.dev: (866.16, 804.97)
[M::mem_pestat] low and high boundaries for proper pairs: (1, 4897)
[M::mem_pestat] skip orientation FF
[M::mem_pestat] skip orientation RF
[M::mem_pestat] skip orientation RR
[M::process] read 1471024 sequences (200000271 bp)...
[M::mem_process_seqs] Processed 1468542 reads in 472.206 CPU sec, 51.025 real sec
[M::mem_pestat] # candidate unique pairs for (FF, FR, RF, RR): (421, 557748, 131, 177)
[M::mem_pestat] analyzing insert size distribution for orientation FF...
[M::mem_pestat] (25, 50, 75) percentile: (354, 520, 817)
[M::mem_pestat] low and high boundaries for computing mean and std.dev: (1, 1743)
[M::mem_pestat] mean and std.dev: (584.94, 332.32)
[M::mem_pestat] low and high boundaries for proper pairs: (1, 2206)
[M::mem_pestat] analyzing insert size distribution for orientation FR...
[M::mem_pestat] (25, 50, 75) percentile: (301, 394, 508)
[M::mem_pestat] low and high boundaries for computing mean and std.dev: (1, 922)
[M::mem_pestat] mean and std.dev: (412.59, 155.18)
[M::mem_pestat] low and high boundaries for proper pairs: (1, 1129)
[M::mem_pestat] analyzing insert size distribution for orientation RF...
[M::mem_pestat] (25, 50, 75) percentile: (116, 388, 2505)
[M::mem_pestat] low and high boundaries for computing mean and std.dev: (1, 7283)
[M::mem_pestat] mean and std.dev: (1204.46, 1649.06)
[M::mem_pestat] low and high boundaries for proper pairs: (1, 9672)
[M::mem_pestat] analyzing insert size distribution for orientation RR...
[M::mem_pestat] (25, 50, 75) percentile: (329, 665, 1565)
[M::mem_pestat] low and high boundaries for computing mean and std.dev: (1, 4037)
[M::mem_pestat] mean and std.dev: (961.97, 908.03)
[M::mem_pestat] low and high boundaries for proper pairs: (1, 5273)
[M::mem_pestat] skip orientation FF
[M::mem_pestat] skip orientation RF
[M::mem_pestat] skip orientation RR
[M::process] read 1478474 sequences (200000211 bp)...
[M::mem_process_seqs] Processed 1471024 reads in 474.849 CPU sec, 51.324 real sec
[M::mem_pestat] # candidate unique pairs for (FF, FR, RF, RR): (423, 557521, 136, 171)
[M::mem_pestat] analyzing insert size distribution for orientation FF...
[M::mem_pestat] (25, 50, 75) percentile: (328, 520, 811)
[M::mem_pestat] low and high boundaries for computing mean and std.dev: (1, 1777)
[M::mem_pestat] mean and std.dev: (541.79, 308.85)
[M::mem_pestat] low and high boundaries for proper pairs: (1, 2260)
[M::mem_pestat] analyzing insert size distribution for orientation FR...
[M::mem_pestat] (25, 50, 75) percentile: (298, 389, 499)
[M::mem_pestat] low and high boundaries for computing mean and std.dev: (1, 901)
[M::mem_pestat] mean and std.dev: (405.54, 149.57)
[M::mem_pestat] low and high boundaries for proper pairs: (1, 1102)
[M::mem_pestat] analyzing insert size distribution for orientation RF...
[M::mem_pestat] (25, 50, 75) percentile: (47, 462, 2525)
[M::mem_pestat] low and high boundaries for computing mean and std.dev: (1, 7481)
[M::mem_pestat] mean and std.dev: (1364.27, 1806.37)
[M::mem_pestat] low and high boundaries for proper pairs: (1, 9959)
[M::mem_pestat] analyzing insert size distribution for orientation RR...
[M::mem_pestat] (25, 50, 75) percentile: (347, 694, 1418)
[M::mem_pestat] low and high boundaries for computing mean and std.dev: (1, 3560)
[M::mem_pestat] mean and std.dev: (902.73, 776.77)
[M::mem_pestat] low and high boundaries for proper pairs: (1, 4631)
[M::mem_pestat] skip orientation FF
[M::mem_pestat] skip orientation RF
[M::mem_pestat] skip orientation RR
[M::process] read 1468020 sequences (200000030 bp)...
[M::mem_process_seqs] Processed 1478474 reads in 478.594 CPU sec, 51.922 real sec
[M::mem_pestat] # candidate unique pairs for (FF, FR, RF, RR): (459, 558446, 120, 174)
[M::mem_pestat] analyzing insert size distribution for orientation FF...
[M::mem_pestat] (25, 50, 75) percentile: (352, 521, 849)
[M::mem_pestat] low and high boundaries for computing mean and std.dev: (1, 1843)
[M::mem_pestat] mean and std.dev: (576.46, 341.53)
[M::mem_pestat] low and high boundaries for proper pairs: (1, 2340)
[M::mem_pestat] analyzing insert size distribution for orientation FR...
[M::mem_pestat] (25, 50, 75) percentile: (302, 396, 515)
[M::mem_pestat] low and high boundaries for computing mean and std.dev: (1, 941)
[M::mem_pestat] mean and std.dev: (416.84, 160.18)
[M::mem_pestat] low and high boundaries for proper pairs: (1, 1154)
[M::mem_pestat] analyzing insert size distribution for orientation RF...
[M::mem_pestat] (25, 50, 75) percentile: (57, 478, 2607)
[M::mem_pestat] low and high boundaries for computing mean and std.dev: (1, 7707)
[M::mem_pestat] mean and std.dev: (1265.11, 1742.36)
[M::mem_pestat] low and high boundaries for proper pairs: (1, 10257)
[M::mem_pestat] analyzing insert size distribution for orientation RR...
[M::mem_pestat] (25, 50, 75) percentile: (353, 634, 1170)
[M::mem_pestat] low and high boundaries for computing mean and std.dev: (1, 2804)
[M::mem_pestat] mean and std.dev: (741.49, 572.41)
[M::mem_pestat] low and high boundaries for proper pairs: (1, 3621)
[M::mem_pestat] skip orientation FF
[M::mem_pestat] skip orientation RF
[M::mem_pestat] skip orientation RR
[M::process] read 1469344 sequences (200000106 bp)...
[M::mem_process_seqs] Processed 1468020 reads in 470.959 CPU sec, 51.115 real sec
[M::mem_pestat] # candidate unique pairs for (FF, FR, RF, RR): (420, 558383, 125, 193)
[M::mem_pestat] analyzing insert size distribution for orientation FF...
[M::mem_pestat] (25, 50, 75) percentile: (334, 506, 778)
[M::mem_pestat] low and high boundaries for computing mean and std.dev: (1, 1666)
[M::mem_pestat] mean and std.dev: (554.22, 318.24)
[M::mem_pestat] low and high boundaries for proper pairs: (1, 2110)
[M::mem_pestat] analyzing insert size distribution for orientation FR...
[M::mem_pestat] (25, 50, 75) percentile: (303, 397, 514)
[M::mem_pestat] low and high boundaries for computing mean and std.dev: (1, 936)
[M::mem_pestat] mean and std.dev: (416.68, 158.55)
[M::mem_pestat] low and high boundaries for proper pairs: (1, 1147)
[M::mem_pestat] analyzing insert size distribution for orientation RF...
[M::mem_pestat] (25, 50, 75) percentile: (108, 553, 2677)
[M::mem_pestat] low and high boundaries for computing mean and std.dev: (1, 7815)
[M::mem_pestat] mean and std.dev: (1383.03, 1796.50)
[M::mem_pestat] low and high boundaries for proper pairs: (1, 10384)
[M::mem_pestat] analyzing insert size distribution for orientation RR...
[M::mem_pestat] (25, 50, 75) percentile: (288, 580, 1206)
[M::mem_pestat] low and high boundaries for computing mean and std.dev: (1, 3042)
[M::mem_pestat] mean and std.dev: (741.55, 667.38)
[M::mem_pestat] low and high boundaries for proper pairs: (1, 3960)
[M::mem_pestat] skip orientation FF
[M::mem_pestat] skip orientation RF
[M::mem_pestat] skip orientation RR
[M::process] read 1470396 sequences (200000047 bp)...
[M::mem_process_seqs] Processed 1469344 reads in 473.532 CPU sec, 51.230 real sec
[M::mem_pestat] # candidate unique pairs for (FF, FR, RF, RR): (454, 556473, 126, 198)
[M::mem_pestat] analyzing insert size distribution for orientation FF...
[M::mem_pestat] (25, 50, 75) percentile: (352, 533, 793)
[M::mem_pestat] low and high boundaries for computing mean and std.dev: (1, 1675)
[M::mem_pestat] mean and std.dev: (569.13, 309.81)
[M::mem_pestat] low and high boundaries for proper pairs: (1, 2116)
[M::mem_pestat] analyzing insert size distribution for orientation FR...
[M::mem_pestat] (25, 50, 75) percentile: (303, 395, 511)
[M::mem_pestat] low and high boundaries for computing mean and std.dev: (1, 927)
[M::mem_pestat] mean and std.dev: (414.83, 156.77)
[M::mem_pestat] low and high boundaries for proper pairs: (1, 1135)
[M::mem_pestat] analyzing insert size distribution for orientation RF...
[M::mem_pestat] (25, 50, 75) percentile: (70, 394, 2806)
[M::mem_pestat] low and high boundaries for computing mean and std.dev: (1, 8278)
[M::mem_pestat] mean and std.dev: (1419.57, 2121.41)
[M::mem_pestat] low and high boundaries for proper pairs: (1, 11014)
[M::mem_pestat] analyzing insert size distribution for orientation RR...
[M::mem_pestat] (25, 50, 75) percentile: (283, 557, 1213)
[M::mem_pestat] low and high boundaries for computing mean and std.dev: (1, 3073)
[M::mem_pestat] mean and std.dev: (754.94, 665.59)
[M::mem_pestat] low and high boundaries for proper pairs: (1, 4003)
[M::mem_pestat] skip orientation FF
[M::mem_pestat] skip orientation RF
[M::mem_pestat] skip orientation RR
[M::process] read 1477466 sequences (200000250 bp)...
[M::mem_process_seqs] Processed 1470396 reads in 475.823 CPU sec, 51.486 real sec
[M::mem_pestat] # candidate unique pairs for (FF, FR, RF, RR): (455, 556387, 122, 181)
[M::mem_pestat] analyzing insert size distribution for orientation FF...
[M::mem_pestat] (25, 50, 75) percentile: (344, 505, 789)
[M::mem_pestat] low and high boundaries for computing mean and std.dev: (1, 1679)
[M::mem_pestat] mean and std.dev: (557.79, 318.69)
[M::mem_pestat] low and high boundaries for proper pairs: (1, 2124)
[M::mem_pestat] analyzing insert size distribution for orientation FR...
[M::mem_pestat] (25, 50, 75) percentile: (300, 391, 504)
[M::mem_pestat] low and high boundaries for computing mean and std.dev: (1, 912)
[M::mem_pestat] mean and std.dev: (409.07, 151.91)
[M::mem_pestat] low and high boundaries for proper pairs: (1, 1116)
[M::mem_pestat] analyzing insert size distribution for orientation RF...
[M::mem_pestat] (25, 50, 75) percentile: (61, 329, 2016)
[M::mem_pestat] low and high boundaries for computing mean and std.dev: (1, 5926)
[M::mem_pestat] mean and std.dev: (971.48, 1419.76)
[M::mem_pestat] low and high boundaries for proper pairs: (1, 7881)
[M::mem_pestat] analyzing insert size distribution for orientation RR...
[M::mem_pestat] (25, 50, 75) percentile: (339, 605, 1225)
[M::mem_pestat] low and high boundaries for computing mean and std.dev: (1, 2997)
[M::mem_pestat] mean and std.dev: (796.18, 664.75)
[M::mem_pestat] low and high boundaries for proper pairs: (1, 3883)
[M::mem_pestat] skip orientation FF
[M::mem_pestat] skip orientation RF
[M::mem_pestat] skip orientation RR
[M::process] read 1471708 sequences (200000018 bp)...
[M::mem_process_seqs] Processed 1477466 reads in 477.953 CPU sec, 51.633 real sec
[M::mem_pestat] # candidate unique pairs for (FF, FR, RF, RR): (412, 558758, 129, 162)
[M::mem_pestat] analyzing insert size distribution for orientation FF...
[M::mem_pestat] (25, 50, 75) percentile: (340, 526, 807)
[M::mem_pestat] low and high boundaries for computing mean and std.dev: (1, 1741)
[M::mem_pestat] mean and std.dev: (569.78, 328.61)
[M::mem_pestat] low and high boundaries for proper pairs: (1, 2208)
[M::mem_pestat] analyzing insert size distribution for orientation FR...
[M::mem_pestat] (25, 50, 75) percentile: (302, 394, 509)
[M::mem_pestat] low and high boundaries for computing mean and std.dev: (1, 923)
[M::mem_pestat] mean and std.dev: (412.99, 155.83)
[M::mem_pestat] low and high boundaries for proper pairs: (1, 1130)
[M::mem_pestat] analyzing insert size distribution for orientation RF...
[M::mem_pestat] (25, 50, 75) percentile: (154, 871, 3894)
[M::mem_pestat] low and high boundaries for computing mean and std.dev: (1, 11374)
[M::mem_pestat] mean and std.dev: (2198.81, 2671.47)
[M::mem_pestat] low and high boundaries for proper pairs: (1, 15114)
[M::mem_pestat] analyzing insert size distribution for orientation RR...
[M::mem_pestat] (25, 50, 75) percentile: (372, 668, 1248)
[M::mem_pestat] low and high boundaries for computing mean and std.dev: (1, 3000)
[M::mem_pestat] mean and std.dev: (850.94, 672.38)
[M::mem_pestat] low and high boundaries for proper pairs: (1, 3876)
[M::mem_pestat] skip orientation FF
[M::mem_pestat] skip orientation RF
[M::mem_pestat] skip orientation RR
[M::process] read 1468394 sequences (200000069 bp)...
[M::mem_process_seqs] Processed 1471708 reads in 473.358 CPU sec, 51.183 real sec
[M::mem_pestat] # candidate unique pairs for (FF, FR, RF, RR): (436, 558527, 127, 179)
[M::mem_pestat] analyzing insert size distribution for orientation FF...
[M::mem_pestat] (25, 50, 75) percentile: (375, 562, 910)
[M::mem_pestat] low and high boundaries for computing mean and std.dev: (1, 1980)
[M::mem_pestat] mean and std.dev: (628.02, 394.39)
[M::mem_pestat] low and high boundaries for proper pairs: (1, 2515)
[M::mem_pestat] analyzing insert size distribution for orientation FR...
[M::mem_pestat] (25, 50, 75) percentile: (304, 397, 515)
[M::mem_pestat] low and high boundaries for computing mean and std.dev: (1, 937)
[M::mem_pestat] mean and std.dev: (417.05, 158.49)
[M::mem_pestat] low and high boundaries for proper pairs: (1, 1148)
[M::mem_pestat] analyzing insert size distribution for orientation RF...
[M::mem_pestat] (25, 50, 75) percentile: (145, 674, 3264)
[M::mem_pestat] low and high boundaries for computing mean and std.dev: (1, 9502)
[M::mem_pestat] mean and std.dev: (1920.32, 2268.61)
[M::mem_pestat] low and high boundaries for proper pairs: (1, 12621)
[M::mem_pestat] analyzing insert size distribution for orientation RR...
[M::mem_pestat] (25, 50, 75) percentile: (283, 604, 1108)
[M::mem_pestat] low and high boundaries for computing mean and std.dev: (1, 2758)
[M::mem_pestat] mean and std.dev: (727.68, 648.42)
[M::mem_pestat] low and high boundaries for proper pairs: (1, 3583)
[M::mem_pestat] skip orientation FF
[M::mem_pestat] skip orientation RF
[M::mem_pestat] skip orientation RR
[M::process] read 1470040 sequences (200000099 bp)...
[M::mem_process_seqs] Processed 1468394 reads in 471.631 CPU sec, 51.036 real sec
[M::mem_pestat] # candidate unique pairs for (FF, FR, RF, RR): (382, 558318, 124, 167)
[M::mem_pestat] analyzing insert size distribution for orientation FF...
[M::mem_pestat] (25, 50, 75) percentile: (358, 557, 913)
[M::mem_pestat] low and high boundaries for computing mean and std.dev: (1, 2023)
[M::mem_pestat] mean and std.dev: (625.30, 382.72)
[M::mem_pestat] low and high boundaries for proper pairs: (1, 2578)
[M::mem_pestat] analyzing insert size distribution for orientation FR...
[M::mem_pestat] (25, 50, 75) percentile: (303, 396, 511)
[M::mem_pestat] low and high boundaries for computing mean and std.dev: (1, 927)
[M::mem_pestat] mean and std.dev: (414.88, 156.15)
[M::mem_pestat] low and high boundaries for proper pairs: (1, 1135)
[M::mem_pestat] analyzing insert size distribution for orientation RF...
[M::mem_pestat] (25, 50, 75) percentile: (244, 1182, 4031)
[M::mem_pestat] low and high boundaries for computing mean and std.dev: (1, 11605)
[M::mem_pestat] mean and std.dev: (2313.38, 2629.73)
[M::mem_pestat] low and high boundaries for proper pairs: (1, 15392)
[M::mem_pestat] analyzing insert size distribution for orientation RR...
[M::mem_pestat] (25, 50, 75) percentile: (336, 671, 1504)
[M::mem_pestat] low and high boundaries for computing mean and std.dev: (1, 3840)
[M::mem_pestat] mean and std.dev: (970.69, 902.17)
[M::mem_pestat] low and high boundaries for proper pairs: (1, 5008)
[M::mem_pestat] skip orientation FF
[M::mem_pestat] skip orientation RF
[M::mem_pestat] skip orientation RR
[M::process] read 1472474 sequences (200000192 bp)...
[M::mem_process_seqs] Processed 1470040 reads in 475.378 CPU sec, 51.989 real sec
[M::mem_pestat] # candidate unique pairs for (FF, FR, RF, RR): (456, 556579, 117, 197)
[M::mem_pestat] analyzing insert size distribution for orientation FF...
[M::mem_pestat] (25, 50, 75) percentile: (352, 509, 813)
[M::mem_pestat] low and high boundaries for computing mean and std.dev: (1, 1735)
[M::mem_pestat] mean and std.dev: (583.02, 344.67)
[M::mem_pestat] low and high boundaries for proper pairs: (1, 2196)
[M::mem_pestat] analyzing insert size distribution for orientation FR...
[M::mem_pestat] (25, 50, 75) percentile: (301, 394, 508)
[M::mem_pestat] low and high boundaries for computing mean and std.dev: (1, 922)
[M::mem_pestat] mean and std.dev: (412.20, 154.09)
[M::mem_pestat] low and high boundaries for proper pairs: (1, 1129)
[M::mem_pestat] analyzing insert size distribution for orientation RF...
[M::mem_pestat] (25, 50, 75) percentile: (91, 474, 2491)
[M::mem_pestat] low and high boundaries for computing mean and std.dev: (1, 7291)
[M::mem_pestat] mean and std.dev: (1315.91, 1816.77)
[M::mem_pestat] low and high boundaries for proper pairs: (1, 9691)
[M::mem_pestat] analyzing insert size distribution for orientation RR...
[M::mem_pestat] (25, 50, 75) percentile: (279, 525, 1140)
[M::mem_pestat] low and high boundaries for computing mean and std.dev: (1, 2862)
[M::mem_pestat] mean and std.dev: (653.68, 512.74)
[M::mem_pestat] low and high boundaries for proper pairs: (1, 3723)
[M::mem_pestat] skip orientation FF
[M::mem_pestat] skip orientation RF
[M::mem_pestat] skip orientation RR
[M::mem_process_seqs] Processed 1472474 reads in 492.635 CPU sec, 81.020 real sec
[M::process] read 1481890 sequences (200000141 bp)...
[M::process] read 1479010 sequences (200000203 bp)...
[M::mem_pestat] # candidate unique pairs for (FF, FR, RF, RR): (447, 559648, 123, 191)
[M::mem_pestat] analyzing insert size distribution for orientation FF...
[M::mem_pestat] (25, 50, 75) percentile: (350, 512, 746)
[M::mem_pestat] low and high boundaries for computing mean and std.dev: (1, 1538)
[M::mem_pestat] mean and std.dev: (533.19, 286.17)
[M::mem_pestat] low and high boundaries for proper pairs: (1, 1934)
[M::mem_pestat] analyzing insert size distribution for orientation FR...
[M::mem_pestat] (25, 50, 75) percentile: (296, 387, 497)
[M::mem_pestat] low and high boundaries for computing mean and std.dev: (1, 899)
[M::mem_pestat] mean and std.dev: (403.58, 149.78)
[M::mem_pestat] low and high boundaries for proper pairs: (1, 1100)
[M::mem_pestat] analyzing insert size distribution for orientation RF...
[M::mem_pestat] (25, 50, 75) percentile: (84, 591, 3086)
[M::mem_pestat] low and high boundaries for computing mean and std.dev: (1, 9090)
[M::mem_pestat] mean and std.dev: (1800.58, 2384.24)
[M::mem_pestat] low and high boundaries for proper pairs: (1, 12092)
[M::mem_pestat] analyzing insert size distribution for orientation RR...
[M::mem_pestat] (25, 50, 75) percentile: (259, 517, 1194)
[M::mem_pestat] low and high boundaries for computing mean and std.dev: (1, 3064)
[M::mem_pestat] mean and std.dev: (752.05, 694.64)
[M::mem_pestat] low and high boundaries for proper pairs: (1, 3999)
[M::mem_pestat] skip orientation FF
[M::mem_pestat] skip orientation RF
[M::mem_pestat] skip orientation RR
[M::mem_process_seqs] Processed 1481890 reads in 476.890 CPU sec, 50.600 real sec
[M::mem_pestat] # candidate unique pairs for (FF, FR, RF, RR): (413, 561243, 130, 184)
[M::mem_pestat] analyzing insert size distribution for orientation FF...
[M::mem_pestat] (25, 50, 75) percentile: (337, 532, 808)
[M::mem_pestat] low and high boundaries for computing mean and std.dev: (1, 1750)
[M::mem_pestat] mean and std.dev: (564.40, 325.37)
[M::mem_pestat] low and high boundaries for proper pairs: (1, 2221)
[M::mem_pestat] analyzing insert size distribution for orientation FR...
[M::mem_pestat] (25, 50, 75) percentile: (299, 391, 506)
[M::mem_pestat] low and high boundaries for computing mean and std.dev: (1, 920)
[M::mem_pestat] mean and std.dev: (410.72, 156.30)
[M::mem_pestat] low and high boundaries for proper pairs: (1, 1127)
[M::mem_pestat] analyzing insert size distribution for orientation RF...
[M::mem_pestat] (25, 50, 75) percentile: (105, 741, 3305)
[M::mem_pestat] low and high boundaries for computing mean and std.dev: (1, 9705)
[M::mem_pestat] mean and std.dev: (1815.47, 2254.78)
[M::mem_pestat] low and high boundaries for proper pairs: (1, 12905)
[M::mem_pestat] analyzing insert size distribution for orientation RR...
[M::mem_pestat] (25, 50, 75) percentile: (318, 570, 1157)
[M::mem_pestat] low and high boundaries for computing mean and std.dev: (1, 2835)
[M::mem_pestat] mean and std.dev: (747.27, 591.41)
[M::mem_pestat] low and high boundaries for proper pairs: (1, 3674)
[M::mem_pestat] skip orientation FF
[M::mem_pestat] skip orientation RF
[M::mem_pestat] skip orientation RR
[M::process] read 1476884 sequences (200000122 bp)...
[M::mem_process_seqs] Processed 1479010 reads in 474.149 CPU sec, 51.338 real sec
[M::mem_pestat] # candidate unique pairs for (FF, FR, RF, RR): (497, 560450, 138, 160)
[M::mem_pestat] analyzing insert size distribution for orientation FF...
[M::mem_pestat] (25, 50, 75) percentile: (384, 572, 878)
[M::mem_pestat] low and high boundaries for computing mean and std.dev: (1, 1866)
[M::mem_pestat] mean and std.dev: (616.77, 349.84)
[M::mem_pestat] low and high boundaries for proper pairs: (1, 2360)
[M::mem_pestat] analyzing insert size distribution for orientation FR...
[M::mem_pestat] (25, 50, 75) percentile: (301, 394, 512)
[M::mem_pestat] low and high boundaries for computing mean and std.dev: (1, 934)
[M::mem_pestat] mean and std.dev: (414.66, 158.43)
[M::mem_pestat] low and high boundaries for proper pairs: (1, 1145)
[M::mem_pestat] analyzing insert size distribution for orientation RF...
[M::mem_pestat] (25, 50, 75) percentile: (145, 619, 3501)
[M::mem_pestat] low and high boundaries for computing mean and std.dev: (1, 10213)
[M::mem_pestat] mean and std.dev: (1971.09, 2515.82)
[M::mem_pestat] low and high boundaries for proper pairs: (1, 13569)
[M::mem_pestat] analyzing insert size distribution for orientation RR...
[M::mem_pestat] (25, 50, 75) percentile: (274, 518, 1139)
[M::mem_pestat] low and high boundaries for computing mean and std.dev: (1, 2869)
[M::mem_pestat] mean and std.dev: (743.80, 654.30)
[M::mem_pestat] low and high boundaries for proper pairs: (1, 3734)
[M::mem_pestat] skip orientation FF
[M::mem_pestat] skip orientation RF
[M::mem_pestat] skip orientation RR
[M::process] read 1477804 sequences (200000209 bp)...
[M::mem_process_seqs] Processed 1476884 reads in 475.377 CPU sec, 51.554 real sec
[M::mem_pestat] # candidate unique pairs for (FF, FR, RF, RR): (404, 559352, 156, 182)
[M::mem_pestat] analyzing insert size distribution for orientation FF...
[M::mem_pestat] (25, 50, 75) percentile: (339, 512, 775)
[M::mem_pestat] low and high boundaries for computing mean and std.dev: (1, 1647)
[M::mem_pestat] mean and std.dev: (546.44, 296.71)
[M::mem_pestat] low and high boundaries for proper pairs: (1, 2083)
[M::mem_pestat] analyzing insert size distribution for orientation FR...
[M::mem_pestat] (25, 50, 75) percentile: (301, 394, 510)
[M::mem_pestat] low and high boundaries for computing mean and std.dev: (1, 928)
[M::mem_pestat] mean and std.dev: (413.58, 157.20)
[M::mem_pestat] low and high boundaries for proper pairs: (1, 1137)
[M::mem_pestat] analyzing insert size distribution for orientation RF...
[M::mem_pestat] (25, 50, 75) percentile: (60, 534, 3164)
[M::mem_pestat] low and high boundaries for computing mean and std.dev: (1, 9372)
[M::mem_pestat] mean and std.dev: (1760.17, 2277.78)
[M::mem_pestat] low and high boundaries for proper pairs: (1, 12476)
[M::mem_pestat] analyzing insert size distribution for orientation RR...
[M::mem_pestat] (25, 50, 75) percentile: (339, 602, 1347)
[M::mem_pestat] low and high boundaries for computing mean and std.dev: (1, 3363)
[M::mem_pestat] mean and std.dev: (797.43, 676.24)
[M::mem_pestat] low and high boundaries for proper pairs: (1, 4371)
[M::mem_pestat] skip orientation FF
[M::mem_pestat] skip orientation RF
[M::mem_pestat] skip orientation RR
[M::mem_process_seqs] Processed 1477804 reads in 486.839 CPU sec, 97.751 real sec
[M::process] read 1481736 sequences (200000058 bp)...
[M::process] read 1477328 sequences (200000079 bp)...
[M::mem_pestat] # candidate unique pairs for (FF, FR, RF, RR): (454, 559762, 172, 197)
[M::mem_pestat] analyzing insert size distribution for orientation FF...
[M::mem_pestat] (25, 50, 75) percentile: (353, 540, 802)
[M::mem_pestat] low and high boundaries for computing mean and std.dev: (1, 1700)
[M::mem_pestat] mean and std.dev: (567.07, 311.73)
[M::mem_pestat] low and high boundaries for proper pairs: (1, 2149)
[M::mem_pestat] analyzing insert size distribution for orientation FR...
[M::mem_pestat] (25, 50, 75) percentile: (298, 390, 504)
[M::mem_pestat] low and high boundaries for computing mean and std.dev: (1, 916)
[M::mem_pestat] mean and std.dev: (408.86, 154.17)
[M::mem_pestat] low and high boundaries for proper pairs: (1, 1122)
[M::mem_pestat] analyzing insert size distribution for orientation RF...
[M::mem_pestat] (25, 50, 75) percentile: (96, 448, 2399)
[M::mem_pestat] low and high boundaries for computing mean and std.dev: (1, 7005)
[M::mem_pestat] mean and std.dev: (1203.83, 1632.80)
[M::mem_pestat] low and high boundaries for proper pairs: (1, 9308)
[M::mem_pestat] analyzing insert size distribution for orientation RR...
[M::mem_pestat] (25, 50, 75) percentile: (316, 642, 1241)
[M::mem_pestat] low and high boundaries for computing mean and std.dev: (1, 3091)
[M::mem_pestat] mean and std.dev: (747.83, 590.54)
[M::mem_pestat] low and high boundaries for proper pairs: (1, 4016)
[M::mem_pestat] skip orientation FF
[M::mem_pestat] skip orientation RF
[M::mem_pestat] skip orientation RR
[M::mem_process_seqs] Processed 1481736 reads in 473.842 CPU sec, 48.070 real sec
[M::mem_pestat] # candidate unique pairs for (FF, FR, RF, RR): (411, 560485, 120, 194)
[M::mem_pestat] analyzing insert size distribution for orientation FF...
[M::mem_pestat] (25, 50, 75) percentile: (360, 565, 858)
[M::mem_pestat] low and high boundaries for computing mean and std.dev: (1, 1854)
[M::mem_pestat] mean and std.dev: (619.32, 377.49)
[M::mem_pestat] low and high boundaries for proper pairs: (1, 2352)
[M::mem_pestat] analyzing insert size distribution for orientation FR...
[M::mem_pestat] (25, 50, 75) percentile: (301, 394, 512)
[M::mem_pestat] low and high boundaries for computing mean and std.dev: (1, 934)
[M::mem_pestat] mean and std.dev: (414.65, 159.35)
[M::mem_pestat] low and high boundaries for proper pairs: (1, 1145)
[M::mem_pestat] analyzing insert size distribution for orientation RF...
[M::mem_pestat] (25, 50, 75) percentile: (105, 620, 2509)
[M::mem_pestat] low and high boundaries for computing mean and std.dev: (1, 7317)
[M::mem_pestat] mean and std.dev: (1412.06, 1867.09)
[M::mem_pestat] low and high boundaries for proper pairs: (1, 9721)
[M::mem_pestat] analyzing insert size distribution for orientation RR...
[M::mem_pestat] (25, 50, 75) percentile: (309, 510, 1131)
[M::mem_pestat] low and high boundaries for computing mean and std.dev: (1, 2775)
[M::mem_pestat] mean and std.dev: (714.04, 607.82)
[M::mem_pestat] low and high boundaries for proper pairs: (1, 3597)
[M::mem_pestat] skip orientation FF
[M::mem_pestat] skip orientation RF
[M::mem_pestat] skip orientation RR
[M::process] read 1474722 sequences (200000258 bp)...
[M::mem_process_seqs] Processed 1477328 reads in 473.449 CPU sec, 51.230 real sec
[M::mem_pestat] # candidate unique pairs for (FF, FR, RF, RR): (393, 559798, 150, 172)
[M::mem_pestat] analyzing insert size distribution for orientation FF...
[M::mem_pestat] (25, 50, 75) percentile: (373, 567, 847)
[M::mem_pestat] low and high boundaries for computing mean and std.dev: (1, 1795)
[M::mem_pestat] mean and std.dev: (613.07, 337.92)
[M::mem_pestat] low and high boundaries for proper pairs: (1, 2269)
[M::mem_pestat] analyzing insert size distribution for orientation FR...
[M::mem_pestat] (25, 50, 75) percentile: (303, 397, 517)
[M::mem_pestat] low and high boundaries for computing mean and std.dev: (1, 945)
[M::mem_pestat] mean and std.dev: (418.42, 160.76)
[M::mem_pestat] low and high boundaries for proper pairs: (1, 1159)
[M::mem_pestat] analyzing insert size distribution for orientation RF...
[M::mem_pestat] (25, 50, 75) percentile: (67, 413, 2192)
[M::mem_pestat] low and high boundaries for computing mean and std.dev: (1, 6442)
[M::mem_pestat] mean and std.dev: (1119.94, 1510.41)
[M::mem_pestat] low and high boundaries for proper pairs: (1, 8567)
[M::mem_pestat] analyzing insert size distribution for orientation RR...
[M::mem_pestat] (25, 50, 75) percentile: (324, 587, 1267)
[M::mem_pestat] low and high boundaries for computing mean and std.dev: (1, 3153)
[M::mem_pestat] mean and std.dev: (754.38, 645.23)
[M::mem_pestat] low and high boundaries for proper pairs: (1, 4096)
[M::mem_pestat] skip orientation FF
[M::mem_pestat] skip orientation RF
[M::mem_pestat] skip orientation RR
[M::process] read 1477954 sequences (200000188 bp)...
[M::mem_process_seqs] Processed 1474722 reads in 474.968 CPU sec, 51.343 real sec
[M::mem_pestat] # candidate unique pairs for (FF, FR, RF, RR): (366, 558561, 131, 167)
[M::mem_pestat] analyzing insert size distribution for orientation FF...
[M::mem_pestat] (25, 50, 75) percentile: (358, 567, 861)
[M::mem_pestat] low and high boundaries for computing mean and std.dev: (1, 1867)
[M::mem_pestat] mean and std.dev: (620.46, 357.64)
[M::mem_pestat] low and high boundaries for proper pairs: (1, 2370)
[M::mem_pestat] analyzing insert size distribution for orientation FR...
[M::mem_pestat] (25, 50, 75) percentile: (303, 396, 513)
[M::mem_pestat] low and high boundaries for computing mean and std.dev: (1, 933)
[M::mem_pestat] mean and std.dev: (416.11, 158.28)
[M::mem_pestat] low and high boundaries for proper pairs: (1, 1143)
[M::mem_pestat] analyzing insert size distribution for orientation RF...
[M::mem_pestat] (25, 50, 75) percentile: (119, 508, 2469)
[M::mem_pestat] low and high boundaries for computing mean and std.dev: (1, 7169)
[M::mem_pestat] mean and std.dev: (1120.35, 1594.24)
[M::mem_pestat] low and high boundaries for proper pairs: (1, 9519)
[M::mem_pestat] analyzing insert size distribution for orientation RR...
[M::mem_pestat] (25, 50, 75) percentile: (278, 447, 909)
[M::mem_pestat] low and high boundaries for computing mean and std.dev: (1, 2171)
[M::mem_pestat] mean and std.dev: (558.54, 434.32)
[M::mem_pestat] low and high boundaries for proper pairs: (1, 2802)
[M::mem_pestat] skip orientation FF
[M::mem_pestat] skip orientation RF
[M::mem_pestat] skip orientation RR
[M::process] read 1484710 sequences (200000182 bp)...
[M::mem_process_seqs] Processed 1477954 reads in 476.717 CPU sec, 51.570 real sec
[M::mem_pestat] # candidate unique pairs for (FF, FR, RF, RR): (482, 559000, 127, 173)
[M::mem_pestat] analyzing insert size distribution for orientation FF...
[M::mem_pestat] (25, 50, 75) percentile: (354, 533, 824)
[M::mem_pestat] low and high boundaries for computing mean and std.dev: (1, 1764)
[M::mem_pestat] mean and std.dev: (586.59, 325.35)
[M::mem_pestat] low and high boundaries for proper pairs: (1, 2234)
[M::mem_pestat] analyzing insert size distribution for orientation FR...
[M::mem_pestat] (25, 50, 75) percentile: (300, 392, 506)
[M::mem_pestat] low and high boundaries for computing mean and std.dev: (1, 918)
[M::mem_pestat] mean and std.dev: (410.50, 154.42)
[M::mem_pestat] low and high boundaries for proper pairs: (1, 1124)
[M::mem_pestat] analyzing insert size distribution for orientation RF...
[M::mem_pestat] (25, 50, 75) percentile: (100, 451, 3660)
[M::mem_pestat] low and high boundaries for computing mean and std.dev: (1, 10780)
[M::mem_pestat] mean and std.dev: (2081.02, 2592.33)
[M::mem_pestat] low and high boundaries for proper pairs: (1, 14340)
[M::mem_pestat] analyzing insert size distribution for orientation RR...
[M::mem_pestat] (25, 50, 75) percentile: (294, 550, 1133)
[M::mem_pestat] low and high boundaries for computing mean and std.dev: (1, 2811)
[M::mem_pestat] mean and std.dev: (674.60, 557.49)
[M::mem_pestat] low and high boundaries for proper pairs: (1, 3650)
[M::mem_pestat] skip orientation FF
[M::mem_pestat] skip orientation RF
[M::mem_pestat] skip orientation RR
[M::process] read 1475132 sequences (200000014 bp)...
[M::mem_process_seqs] Processed 1484710 reads in 478.433 CPU sec, 51.696 real sec
[M::mem_pestat] # candidate unique pairs for (FF, FR, RF, RR): (417, 560962, 138, 167)
[M::mem_pestat] analyzing insert size distribution for orientation FF...
[M::mem_pestat] (25, 50, 75) percentile: (373, 561, 851)
[M::mem_pestat] low and high boundaries for computing mean and std.dev: (1, 1807)
[M::mem_pestat] mean and std.dev: (603.98, 338.73)
[M::mem_pestat] low and high boundaries for proper pairs: (1, 2285)
[M::mem_pestat] analyzing insert size distribution for orientation FR...
[M::mem_pestat] (25, 50, 75) percentile: (301, 394, 513)
[M::mem_pestat] low and high boundaries for computing mean and std.dev: (1, 937)
[M::mem_pestat] mean and std.dev: (414.90, 159.99)
[M::mem_pestat] low and high boundaries for proper pairs: (1, 1149)
[M::mem_pestat] analyzing insert size distribution for orientation RF...
[M::mem_pestat] (25, 50, 75) percentile: (145, 670, 3263)
[M::mem_pestat] low and high boundaries for computing mean and std.dev: (1, 9499)
[M::mem_pestat] mean and std.dev: (1861.04, 2327.04)
[M::mem_pestat] low and high boundaries for proper pairs: (1, 12617)
[M::mem_pestat] analyzing insert size distribution for orientation RR...
[M::mem_pestat] (25, 50, 75) percentile: (307, 583, 1387)
[M::mem_pestat] low and high boundaries for computing mean and std.dev: (1, 3547)
[M::mem_pestat] mean and std.dev: (801.17, 725.73)
[M::mem_pestat] low and high boundaries for proper pairs: (1, 4627)
[M::mem_pestat] skip orientation FF
[M::mem_pestat] skip orientation RF
[M::mem_pestat] skip orientation RR
[M::process] read 1472718 sequences (200000251 bp)...
[M::mem_process_seqs] Processed 1475132 reads in 471.093 CPU sec, 50.984 real sec
[M::mem_pestat] # candidate unique pairs for (FF, FR, RF, RR): (422, 559821, 127, 192)
[M::mem_pestat] analyzing insert size distribution for orientation FF...
[M::mem_pestat] (25, 50, 75) percentile: (357, 531, 813)
[M::mem_pestat] low and high boundaries for computing mean and std.dev: (1, 1725)
[M::mem_pestat] mean and std.dev: (585.59, 334.34)
[M::mem_pestat] low and high boundaries for proper pairs: (1, 2181)
[M::mem_pestat] analyzing insert size distribution for orientation FR...
[M::mem_pestat] (25, 50, 75) percentile: (303, 397, 517)
[M::mem_pestat] low and high boundaries for computing mean and std.dev: (1, 945)
[M::mem_pestat] mean and std.dev: (418.38, 161.39)
[M::mem_pestat] low and high boundaries for proper pairs: (1, 1159)
[M::mem_pestat] analyzing insert size distribution for orientation RF...
[M::mem_pestat] (25, 50, 75) percentile: (167, 689, 3768)
[M::mem_pestat] low and high boundaries for computing mean and std.dev: (1, 10970)
[M::mem_pestat] mean and std.dev: (2169.31, 2726.98)
[M::mem_pestat] low and high boundaries for proper pairs: (1, 14571)
[M::mem_pestat] analyzing insert size distribution for orientation RR...
[M::mem_pestat] (25, 50, 75) percentile: (299, 628, 1170)
[M::mem_pestat] low and high boundaries for computing mean and std.dev: (1, 2912)
[M::mem_pestat] mean and std.dev: (739.15, 588.64)
[M::mem_pestat] low and high boundaries for proper pairs: (1, 3783)
[M::mem_pestat] skip orientation FF
[M::mem_pestat] skip orientation RF
[M::mem_pestat] skip orientation RR
[M::process] read 1473386 sequences (200000116 bp)...
[M::mem_process_seqs] Processed 1472718 reads in 473.457 CPU sec, 51.180 real sec
[M::mem_pestat] # candidate unique pairs for (FF, FR, RF, RR): (443, 558881, 146, 187)
[M::mem_pestat] analyzing insert size distribution for orientation FF...
[M::mem_pestat] (25, 50, 75) percentile: (366, 526, 838)
[M::mem_pestat] low and high boundaries for computing mean and std.dev: (1, 1782)
[M::mem_pestat] mean and std.dev: (593.89, 334.05)
[M::mem_pestat] low and high boundaries for proper pairs: (1, 2254)
[M::mem_pestat] analyzing insert size distribution for orientation FR...
[M::mem_pestat] (25, 50, 75) percentile: (303, 396, 515)
[M::mem_pestat] low and high boundaries for computing mean and std.dev: (1, 939)
[M::mem_pestat] mean and std.dev: (417.14, 160.06)
[M::mem_pestat] low and high boundaries for proper pairs: (1, 1151)
[M::mem_pestat] analyzing insert size distribution for orientation RF...
[M::mem_pestat] (25, 50, 75) percentile: (50, 516, 3288)
[M::mem_pestat] low and high boundaries for computing mean and std.dev: (1, 9764)
[M::mem_pestat] mean and std.dev: (1743.57, 2323.06)
[M::mem_pestat] low and high boundaries for proper pairs: (1, 13002)
[M::mem_pestat] analyzing insert size distribution for orientation RR...
[M::mem_pestat] (25, 50, 75) percentile: (310, 563, 1207)
[M::mem_pestat] low and high boundaries for computing mean and std.dev: (1, 3001)
[M::mem_pestat] mean and std.dev: (717.67, 601.84)
[M::mem_pestat] low and high boundaries for proper pairs: (1, 3898)
[M::mem_pestat] skip orientation FF
[M::mem_pestat] skip orientation RF
[M::mem_pestat] skip orientation RR
[M::process] read 1477754 sequences (200000177 bp)...
[M::mem_process_seqs] Processed 1473386 reads in 474.381 CPU sec, 51.274 real sec
[M::mem_pestat] # candidate unique pairs for (FF, FR, RF, RR): (400, 557846, 126, 170)
[M::mem_pestat] analyzing insert size distribution for orientation FF...
[M::mem_pestat] (25, 50, 75) percentile: (379, 568, 926)
[M::mem_pestat] low and high boundaries for computing mean and std.dev: (1, 2020)
[M::mem_pestat] mean and std.dev: (631.94, 386.50)
[M::mem_pestat] low and high boundaries for proper pairs: (1, 2567)
[M::mem_pestat] analyzing insert size distribution for orientation FR...
[M::mem_pestat] (25, 50, 75) percentile: (302, 394, 510)
[M::mem_pestat] low and high boundaries for computing mean and std.dev: (1, 926)
[M::mem_pestat] mean and std.dev: (413.64, 156.61)
[M::mem_pestat] low and high boundaries for proper pairs: (1, 1134)
[M::mem_pestat] analyzing insert size distribution for orientation RF...
[M::mem_pestat] (25, 50, 75) percentile: (101, 742, 3022)
[M::mem_pestat] low and high boundaries for computing mean and std.dev: (1, 8864)
[M::mem_pestat] mean and std.dev: (1744.00, 2143.99)
[M::mem_pestat] low and high boundaries for proper pairs: (1, 11785)
[M::mem_pestat] analyzing insert size distribution for orientation RR...
[M::mem_pestat] (25, 50, 75) percentile: (301, 604, 1227)
[M::mem_pestat] low and high boundaries for computing mean and std.dev: (1, 3079)
[M::mem_pestat] mean and std.dev: (748.00, 629.13)
[M::mem_pestat] low and high boundaries for proper pairs: (1, 4005)
[M::mem_pestat] skip orientation FF
[M::mem_pestat] skip orientation RF
[M::mem_pestat] skip orientation RR
[M::process] read 1476554 sequences (200000088 bp)...
[M::mem_process_seqs] Processed 1477754 reads in 476.698 CPU sec, 51.526 real sec
[M::mem_pestat] # candidate unique pairs for (FF, FR, RF, RR): (459, 560404, 132, 187)
[M::mem_pestat] analyzing insert size distribution for orientation FF...
[M::mem_pestat] (25, 50, 75) percentile: (330, 500, 762)
[M::mem_pestat] low and high boundaries for computing mean and std.dev: (1, 1626)
[M::mem_pestat] mean and std.dev: (542.66, 296.90)
[M::mem_pestat] low and high boundaries for proper pairs: (1, 2058)
[M::mem_pestat] analyzing insert size distribution for orientation FR...
[M::mem_pestat] (25, 50, 75) percentile: (302, 395, 514)
[M::mem_pestat] low and high boundaries for computing mean and std.dev: (1, 938)
[M::mem_pestat] mean and std.dev: (415.96, 159.73)
[M::mem_pestat] low and high boundaries for proper pairs: (1, 1150)
[M::mem_pestat] analyzing insert size distribution for orientation RF...
[M::mem_pestat] (25, 50, 75) percentile: (200, 810, 3219)
[M::mem_pestat] low and high boundaries for computing mean and std.dev: (1, 9257)
[M::mem_pestat] mean and std.dev: (1872.27, 2245.07)
[M::mem_pestat] low and high boundaries for proper pairs: (1, 12276)
[M::mem_pestat] analyzing insert size distribution for orientation RR...
[M::mem_pestat] (25, 50, 75) percentile: (289, 548, 1119)
[M::mem_pestat] low and high boundaries for computing mean and std.dev: (1, 2779)
[M::mem_pestat] mean and std.dev: (704.07, 594.33)
[M::mem_pestat] low and high boundaries for proper pairs: (1, 3609)
[M::mem_pestat] skip orientation FF
[M::mem_pestat] skip orientation RF
[M::mem_pestat] skip orientation RR
[M::process] read 1472322 sequences (200000006 bp)...
[M::mem_process_seqs] Processed 1476554 reads in 475.208 CPU sec, 51.451 real sec
[M::mem_pestat] # candidate unique pairs for (FF, FR, RF, RR): (412, 559022, 146, 152)
[M::mem_pestat] analyzing insert size distribution for orientation FF...
[M::mem_pestat] (25, 50, 75) percentile: (377, 570, 903)
[M::mem_pestat] low and high boundaries for computing mean and std.dev: (1, 1955)
[M::mem_pestat] mean and std.dev: (621.66, 351.03)
[M::mem_pestat] low and high boundaries for proper pairs: (1, 2481)
[M::mem_pestat] analyzing insert size distribution for orientation FR...
[M::mem_pestat] (25, 50, 75) percentile: (304, 399, 520)
[M::mem_pestat] low and high boundaries for computing mean and std.dev: (1, 952)
[M::mem_pestat] mean and std.dev: (420.34, 162.77)
[M::mem_pestat] low and high boundaries for proper pairs: (1, 1168)
[M::mem_pestat] analyzing insert size distribution for orientation RF...
[M::mem_pestat] (25, 50, 75) percentile: (127, 960, 4625)
[M::mem_pestat] low and high boundaries for computing mean and std.dev: (1, 13621)
[M::mem_pestat] mean and std.dev: (2518.16, 2825.15)
[M::mem_pestat] low and high boundaries for proper pairs: (1, 18119)
[M::mem_pestat] analyzing insert size distribution for orientation RR...
[M::mem_pestat] (25, 50, 75) percentile: (286, 580, 1286)
[M::mem_pestat] low and high boundaries for computing mean and std.dev: (1, 3286)
[M::mem_pestat] mean and std.dev: (726.96, 625.82)
[M::mem_pestat] low and high boundaries for proper pairs: (1, 4286)
[M::mem_pestat] skip orientation FF
[M::mem_pestat] skip orientation RF
[M::mem_pestat] skip orientation RR
[M::process] read 1473656 sequences (200000272 bp)...
[M::mem_process_seqs] Processed 1472322 reads in 475.447 CPU sec, 51.474 real sec
[M::mem_pestat] # candidate unique pairs for (FF, FR, RF, RR): (386, 558412, 126, 188)
[M::mem_pestat] analyzing insert size distribution for orientation FF...
[M::mem_pestat] (25, 50, 75) percentile: (365, 545, 883)
[M::mem_pestat] low and high boundaries for computing mean and std.dev: (1, 1919)
[M::mem_pestat] mean and std.dev: (610.75, 353.73)
[M::mem_pestat] low and high boundaries for proper pairs: (1, 2437)
[M::mem_pestat] analyzing insert size distribution for orientation FR...
[M::mem_pestat] (25, 50, 75) percentile: (304, 399, 519)
[M::mem_pestat] low and high boundaries for computing mean and std.dev: (1, 949)
[M::mem_pestat] mean and std.dev: (420.06, 161.91)
[M::mem_pestat] low and high boundaries for proper pairs: (1, 1164)
[M::mem_pestat] analyzing insert size distribution for orientation RF...
[M::mem_pestat] (25, 50, 75) percentile: (154, 770, 2961)
[M::mem_pestat] low and high boundaries for computing mean and std.dev: (1, 8575)
[M::mem_pestat] mean and std.dev: (1699.80, 2058.88)
[M::mem_pestat] low and high boundaries for proper pairs: (1, 11382)
[M::mem_pestat] analyzing insert size distribution for orientation RR...
[M::mem_pestat] (25, 50, 75) percentile: (324, 628, 1206)
[M::mem_pestat] low and high boundaries for computing mean and std.dev: (1, 2970)
[M::mem_pestat] mean and std.dev: (741.00, 575.05)
[M::mem_pestat] low and high boundaries for proper pairs: (1, 3852)
[M::mem_pestat] skip orientation FF
[M::mem_pestat] skip orientation RF
[M::mem_pestat] skip orientation RR
[M::process] read 1474164 sequences (200000104 bp)...
[M::mem_process_seqs] Processed 1473656 reads in 475.951 CPU sec, 51.436 real sec
[M::mem_pestat] # candidate unique pairs for (FF, FR, RF, RR): (398, 557500, 108, 193)
[M::mem_pestat] analyzing insert size distribution for orientation FF...
[M::mem_pestat] (25, 50, 75) percentile: (353, 572, 895)
[M::mem_pestat] low and high boundaries for computing mean and std.dev: (1, 1979)
[M::mem_pestat] mean and std.dev: (602.48, 333.82)
[M::mem_pestat] low and high boundaries for proper pairs: (1, 2521)
[M::mem_pestat] analyzing insert size distribution for orientation FR...
[M::mem_pestat] (25, 50, 75) percentile: (304, 397, 517)
[M::mem_pestat] low and high boundaries for computing mean and std.dev: (1, 943)
[M::mem_pestat] mean and std.dev: (418.37, 160.53)
[M::mem_pestat] low and high boundaries for proper pairs: (1, 1156)
[M::mem_pestat] analyzing insert size distribution for orientation RF...
[M::mem_pestat] (25, 50, 75) percentile: (107, 403, 2426)
[M::mem_pestat] low and high boundaries for computing mean and std.dev: (1, 7064)
[M::mem_pestat] mean and std.dev: (1112.51, 1665.17)
[M::mem_pestat] low and high boundaries for proper pairs: (1, 9383)
[M::mem_pestat] analyzing insert size distribution for orientation RR...
[M::mem_pestat] (25, 50, 75) percentile: (294, 560, 1401)
[M::mem_pestat] low and high boundaries for computing mean and std.dev: (1, 3615)
[M::mem_pestat] mean and std.dev: (802.95, 762.81)
[M::mem_pestat] low and high boundaries for proper pairs: (1, 4722)
[M::mem_pestat] skip orientation FF
[M::mem_pestat] skip orientation RF
[M::mem_pestat] skip orientation RR
[M::mem_process_seqs] Processed 1474164 reads in 494.434 CPU sec, 81.200 real sec
[M::process] read 1477710 sequences (200000195 bp)...
[M::process] read 1472468 sequences (200000271 bp)...
[M::mem_pestat] # candidate unique pairs for (FF, FR, RF, RR): (437, 558652, 119, 166)
[M::mem_pestat] analyzing insert size distribution for orientation FF...
[M::mem_pestat] (25, 50, 75) percentile: (369, 540, 819)
[M::mem_pestat] low and high boundaries for computing mean and std.dev: (1, 1719)
[M::mem_pestat] mean and std.dev: (575.76, 323.99)
[M::mem_pestat] low and high boundaries for proper pairs: (1, 2169)
[M::mem_pestat] analyzing insert size distribution for orientation FR...
[M::mem_pestat] (25, 50, 75) percentile: (302, 396, 514)
[M::mem_pestat] low and high boundaries for computing mean and std.dev: (1, 938)
[M::mem_pestat] mean and std.dev: (416.02, 159.20)
[M::mem_pestat] low and high boundaries for proper pairs: (1, 1150)
[M::mem_pestat] analyzing insert size distribution for orientation RF...
[M::mem_pestat] (25, 50, 75) percentile: (145, 1247, 3426)
[M::mem_pestat] low and high boundaries for computing mean and std.dev: (1, 9988)
[M::mem_pestat] mean and std.dev: (2154.59, 2502.29)
[M::mem_pestat] low and high boundaries for proper pairs: (1, 13269)
[M::mem_pestat] analyzing insert size distribution for orientation RR...
[M::mem_pestat] (25, 50, 75) percentile: (266, 505, 1262)
[M::mem_pestat] low and high boundaries for computing mean and std.dev: (1, 3254)
[M::mem_pestat] mean and std.dev: (733.25, 653.03)
[M::mem_pestat] low and high boundaries for proper pairs: (1, 4250)
[M::mem_pestat] skip orientation FF
[M::mem_pestat] skip orientation RF
[M::mem_pestat] skip orientation RR
[M::mem_process_seqs] Processed 1477710 reads in 476.416 CPU sec, 49.988 real sec
[M::mem_pestat] # candidate unique pairs for (FF, FR, RF, RR): (451, 559163, 125, 195)
[M::mem_pestat] analyzing insert size distribution for orientation FF...
[M::mem_pestat] (25, 50, 75) percentile: (349, 552, 886)
[M::mem_pestat] low and high boundaries for computing mean and std.dev: (1, 1960)
[M::mem_pestat] mean and std.dev: (618.86, 377.97)
[M::mem_pestat] low and high boundaries for proper pairs: (1, 2497)
[M::mem_pestat] analyzing insert size distribution for orientation FR...
[M::mem_pestat] (25, 50, 75) percentile: (305, 399, 521)
[M::mem_pestat] low and high boundaries for computing mean and std.dev: (1, 953)
[M::mem_pestat] mean and std.dev: (421.20, 163.43)
[M::mem_pestat] low and high boundaries for proper pairs: (1, 1169)
[M::mem_pestat] analyzing insert size distribution for orientation RF...
[M::mem_pestat] (25, 50, 75) percentile: (121, 403, 2149)
[M::mem_pestat] low and high boundaries for computing mean and std.dev: (1, 6205)
[M::mem_pestat] mean and std.dev: (1201.52, 1698.70)
[M::mem_pestat] low and high boundaries for proper pairs: (1, 8233)
[M::mem_pestat] analyzing insert size distribution for orientation RR...
[M::mem_pestat] (25, 50, 75) percentile: (354, 542, 1165)
[M::mem_pestat] low and high boundaries for computing mean and std.dev: (1, 2787)
[M::mem_pestat] mean and std.dev: (720.51, 572.99)
[M::mem_pestat] low and high boundaries for proper pairs: (1, 3598)
[M::mem_pestat] skip orientation FF
[M::mem_pestat] skip orientation RF
[M::mem_pestat] skip orientation RR
[M::process] read 1474134 sequences (200000250 bp)...
[M::mem_process_seqs] Processed 1472468 reads in 475.432 CPU sec, 51.448 real sec
[M::mem_pestat] # candidate unique pairs for (FF, FR, RF, RR): (438, 558833, 129, 188)
[M::mem_pestat] analyzing insert size distribution for orientation FF...
[M::mem_pestat] (25, 50, 75) percentile: (368, 567, 813)
[M::mem_pestat] low and high boundaries for computing mean and std.dev: (1, 1703)
[M::mem_pestat] mean and std.dev: (567.86, 294.79)
[M::mem_pestat] low and high boundaries for proper pairs: (1, 2148)
[M::mem_pestat] analyzing insert size distribution for orientation FR...
[M::mem_pestat] (25, 50, 75) percentile: (306, 400, 521)
[M::mem_pestat] low and high boundaries for computing mean and std.dev: (1, 951)
[M::mem_pestat] mean and std.dev: (421.35, 162.22)
[M::mem_pestat] low and high boundaries for proper pairs: (1, 1166)
[M::mem_pestat] analyzing insert size distribution for orientation RF...
[M::mem_pestat] (25, 50, 75) percentile: (141, 829, 3071)
[M::mem_pestat] low and high boundaries for computing mean and std.dev: (1, 8931)
[M::mem_pestat] mean and std.dev: (1845.38, 2429.82)
[M::mem_pestat] low and high boundaries for proper pairs: (1, 11861)
[M::mem_pestat] analyzing insert size distribution for orientation RR...
[M::mem_pestat] (25, 50, 75) percentile: (315, 660, 1447)
[M::mem_pestat] low and high boundaries for computing mean and std.dev: (1, 3711)
[M::mem_pestat] mean and std.dev: (948.92, 898.43)
[M::mem_pestat] low and high boundaries for proper pairs: (1, 4843)
[M::mem_pestat] skip orientation FF
[M::mem_pestat] skip orientation RF
[M::mem_pestat] skip orientation RR
[M::process] read 1475294 sequences (200000276 bp)...
[M::mem_process_seqs] Processed 1474134 reads in 475.903 CPU sec, 51.459 real sec
[M::mem_pestat] # candidate unique pairs for (FF, FR, RF, RR): (429, 557615, 133, 175)
[M::mem_pestat] analyzing insert size distribution for orientation FF...
[M::mem_pestat] (25, 50, 75) percentile: (383, 574, 864)
[M::mem_pestat] low and high boundaries for computing mean and std.dev: (1, 1826)
[M::mem_pestat] mean and std.dev: (612.37, 350.98)
[M::mem_pestat] low and high boundaries for proper pairs: (1, 2307)
[M::mem_pestat] analyzing insert size distribution for orientation FR...
[M::mem_pestat] (25, 50, 75) percentile: (305, 400, 519)
[M::mem_pestat] low and high boundaries for computing mean and std.dev: (1, 947)
[M::mem_pestat] mean and std.dev: (420.45, 161.58)
[M::mem_pestat] low and high boundaries for proper pairs: (1, 1161)
[M::mem_pestat] analyzing insert size distribution for orientation RF...
[M::mem_pestat] (25, 50, 75) percentile: (59, 444, 2858)
[M::mem_pestat] low and high boundaries for computing mean and std.dev: (1, 8456)
[M::mem_pestat] mean and std.dev: (1749.76, 2448.66)
[M::mem_pestat] low and high boundaries for proper pairs: (1, 11544)
[M::mem_pestat] analyzing insert size distribution for orientation RR...
[M::mem_pestat] (25, 50, 75) percentile: (324, 548, 1004)
[M::mem_pestat] low and high boundaries for computing mean and std.dev: (1, 2364)
[M::mem_pestat] mean and std.dev: (684.76, 529.50)
[M::mem_pestat] low and high boundaries for proper pairs: (1, 3044)
[M::mem_pestat] skip orientation FF
[M::mem_pestat] skip orientation RF
[M::mem_pestat] skip orientation RR
[M::process] read 1480928 sequences (200000106 bp)...
[M::mem_process_seqs] Processed 1475294 reads in 477.801 CPU sec, 51.674 real sec
[M::mem_pestat] # candidate unique pairs for (FF, FR, RF, RR): (403, 558692, 117, 186)
[M::mem_pestat] analyzing insert size distribution for orientation FF...
[M::mem_pestat] (25, 50, 75) percentile: (399, 605, 950)
[M::mem_pestat] low and high boundaries for computing mean and std.dev: (1, 2052)
[M::mem_pestat] mean and std.dev: (670.30, 404.64)
[M::mem_pestat] low and high boundaries for proper pairs: (1, 2603)
[M::mem_pestat] analyzing insert size distribution for orientation FR...
[M::mem_pestat] (25, 50, 75) percentile: (302, 396, 512)
[M::mem_pestat] low and high boundaries for computing mean and std.dev: (1, 932)
[M::mem_pestat] mean and std.dev: (415.48, 157.78)
[M::mem_pestat] low and high boundaries for proper pairs: (1, 1142)
[M::mem_pestat] analyzing insert size distribution for orientation RF...
[M::mem_pestat] (25, 50, 75) percentile: (75, 687, 3559)
[M::mem_pestat] low and high boundaries for computing mean and std.dev: (1, 10527)
[M::mem_pestat] mean and std.dev: (1878.84, 2282.58)
[M::mem_pestat] low and high boundaries for proper pairs: (1, 14011)
[M::mem_pestat] analyzing insert size distribution for orientation RR...
[M::mem_pestat] (25, 50, 75) percentile: (312, 643, 1566)
[M::mem_pestat] low and high boundaries for computing mean and std.dev: (1, 4074)
[M::mem_pestat] mean and std.dev: (977.81, 941.82)
[M::mem_pestat] low and high boundaries for proper pairs: (1, 5328)
[M::mem_pestat] skip orientation FF
[M::mem_pestat] skip orientation RF
[M::mem_pestat] skip orientation RR
[M::process] read 1477526 sequences (200000171 bp)...
[M::mem_process_seqs] Processed 1480928 reads in 479.103 CPU sec, 51.816 real sec
[M::mem_pestat] # candidate unique pairs for (FF, FR, RF, RR): (443, 560909, 124, 187)
[M::mem_pestat] analyzing insert size distribution for orientation FF...
[M::mem_pestat] (25, 50, 75) percentile: (365, 567, 870)
[M::mem_pestat] low and high boundaries for computing mean and std.dev: (1, 1880)
[M::mem_pestat] mean and std.dev: (593.23, 333.55)
[M::mem_pestat] low and high boundaries for proper pairs: (1, 2385)
[M::mem_pestat] analyzing insert size distribution for orientation FR...
[M::mem_pestat] (25, 50, 75) percentile: (305, 399, 519)
[M::mem_pestat] low and high boundaries for computing mean and std.dev: (1, 947)
[M::mem_pestat] mean and std.dev: (419.98, 161.63)
[M::mem_pestat] low and high boundaries for proper pairs: (1, 1161)
[M::mem_pestat] analyzing insert size distribution for orientation RF...
[M::mem_pestat] (25, 50, 75) percentile: (156, 812, 3488)
[M::mem_pestat] low and high boundaries for computing mean and std.dev: (1, 10152)
[M::mem_pestat] mean and std.dev: (1885.30, 2346.37)
[M::mem_pestat] low and high boundaries for proper pairs: (1, 13484)
[M::mem_pestat] analyzing insert size distribution for orientation RR...
[M::mem_pestat] (25, 50, 75) percentile: (330, 568, 1205)
[M::mem_pestat] low and high boundaries for computing mean and std.dev: (1, 2955)
[M::mem_pestat] mean and std.dev: (791.53, 625.60)
[M::mem_pestat] low and high boundaries for proper pairs: (1, 3830)
[M::mem_pestat] skip orientation FF
[M::mem_pestat] skip orientation RF
[M::mem_pestat] skip orientation RR
[M::mem_process_seqs] Processed 1477526 reads in 489.734 CPU sec, 80.162 real sec
[M::process] read 1476290 sequences (200000022 bp)...
[M::process] read 1477014 sequences (200000119 bp)...
[M::mem_pestat] # candidate unique pairs for (FF, FR, RF, RR): (452, 559429, 119, 156)
[M::mem_pestat] analyzing insert size distribution for orientation FF...
[M::mem_pestat] (25, 50, 75) percentile: (339, 524, 846)
[M::mem_pestat] low and high boundaries for computing mean and std.dev: (1, 1860)
[M::mem_pestat] mean and std.dev: (584.18, 353.92)
[M::mem_pestat] low and high boundaries for proper pairs: (1, 2367)
[M::mem_pestat] analyzing insert size distribution for orientation FR...
[M::mem_pestat] (25, 50, 75) percentile: (305, 400, 519)
[M::mem_pestat] low and high boundaries for computing mean and std.dev: (1, 947)
[M::mem_pestat] mean and std.dev: (420.40, 161.21)
[M::mem_pestat] low and high boundaries for proper pairs: (1, 1161)
[M::mem_pestat] analyzing insert size distribution for orientation RF...
[M::mem_pestat] (25, 50, 75) percentile: (151, 814, 3679)
[M::mem_pestat] low and high boundaries for computing mean and std.dev: (1, 10735)
[M::mem_pestat] mean and std.dev: (2091.03, 2438.72)
[M::mem_pestat] low and high boundaries for proper pairs: (1, 14263)
[M::mem_pestat] analyzing insert size distribution for orientation RR...
[M::mem_pestat] (25, 50, 75) percentile: (278, 573, 1223)
[M::mem_pestat] low and high boundaries for computing mean and std.dev: (1, 3113)
[M::mem_pestat] mean and std.dev: (741.24, 654.73)
[M::mem_pestat] low and high boundaries for proper pairs: (1, 4058)
[M::mem_pestat] skip orientation FF
[M::mem_pestat] skip orientation RF
[M::mem_pestat] skip orientation RR
[M::mem_process_seqs] Processed 1476290 reads in 477.383 CPU sec, 50.041 real sec
[M::mem_pestat] # candidate unique pairs for (FF, FR, RF, RR): (431, 559709, 137, 156)
[M::mem_pestat] analyzing insert size distribution for orientation FF...
[M::mem_pestat] (25, 50, 75) percentile: (373, 575, 897)
[M::mem_pestat] low and high boundaries for computing mean and std.dev: (1, 1945)
[M::mem_pestat] mean and std.dev: (640.18, 372.97)
[M::mem_pestat] low and high boundaries for proper pairs: (1, 2469)
[M::mem_pestat] analyzing insert size distribution for orientation FR...
[M::mem_pestat] (25, 50, 75) percentile: (305, 399, 518)
[M::mem_pestat] low and high boundaries for computing mean and std.dev: (1, 944)
[M::mem_pestat] mean and std.dev: (419.83, 160.54)
[M::mem_pestat] low and high boundaries for proper pairs: (1, 1157)
[M::mem_pestat] analyzing insert size distribution for orientation RF...
[M::mem_pestat] (25, 50, 75) percentile: (105, 649, 3679)
[M::mem_pestat] low and high boundaries for computing mean and std.dev: (1, 10827)
[M::mem_pestat] mean and std.dev: (2172.77, 2784.12)
[M::mem_pestat] low and high boundaries for proper pairs: (1, 14401)
[M::mem_pestat] analyzing insert size distribution for orientation RR...
[M::mem_pestat] (25, 50, 75) percentile: (295, 510, 1081)
[M::mem_pestat] low and high boundaries for computing mean and std.dev: (1, 2653)
[M::mem_pestat] mean and std.dev: (669.11, 568.19)
[M::mem_pestat] low and high boundaries for proper pairs: (1, 3439)
[M::mem_pestat] skip orientation FF
[M::mem_pestat] skip orientation RF
[M::mem_pestat] skip orientation RR
[M::mem_process_seqs] Processed 1477014 reads in 491.395 CPU sec, 80.026 real sec
[M::process] read 1476154 sequences (200000224 bp)...
[M::process] read 242878 sequences (32775098 bp)...
[M::mem_pestat] # candidate unique pairs for (FF, FR, RF, RR): (433, 557488, 123, 200)
[M::mem_pestat] analyzing insert size distribution for orientation FF...
[M::mem_pestat] (25, 50, 75) percentile: (333, 531, 821)
[M::mem_pestat] low and high boundaries for computing mean and std.dev: (1, 1797)
[M::mem_pestat] mean and std.dev: (579.21, 338.57)
[M::mem_pestat] low and high boundaries for proper pairs: (1, 2285)
[M::mem_pestat] analyzing insert size distribution for orientation FR...
[M::mem_pestat] (25, 50, 75) percentile: (304, 398, 516)
[M::mem_pestat] low and high boundaries for computing mean and std.dev: (1, 940)
[M::mem_pestat] mean and std.dev: (418.20, 159.26)
[M::mem_pestat] low and high boundaries for proper pairs: (1, 1152)
[M::mem_pestat] analyzing insert size distribution for orientation RF...
[M::mem_pestat] (25, 50, 75) percentile: (69, 424, 3510)
[M::mem_pestat] low and high boundaries for computing mean and std.dev: (1, 10392)
[M::mem_pestat] mean and std.dev: (1843.72, 2426.93)
[M::mem_pestat] low and high boundaries for proper pairs: (1, 13833)
[M::mem_pestat] analyzing insert size distribution for orientation RR...
[M::mem_pestat] (25, 50, 75) percentile: (324, 558, 1218)
[M::mem_pestat] low and high boundaries for computing mean and std.dev: (1, 3006)
[M::mem_pestat] mean and std.dev: (703.28, 581.07)
[M::mem_pestat] low and high boundaries for proper pairs: (1, 3900)
[M::mem_pestat] skip orientation FF
[M::mem_pestat] skip orientation RF
[M::mem_pestat] skip orientation RR
[M::mem_process_seqs] Processed 1476154 reads in 473.577 CPU sec, 50.141 real sec
[M::mem_pestat] # candidate unique pairs for (FF, FR, RF, RR): (71, 91503, 22, 37)
[M::mem_pestat] analyzing insert size distribution for orientation FF...
[M::mem_pestat] (25, 50, 75) percentile: (354, 493, 793)
[M::mem_pestat] low and high boundaries for computing mean and std.dev: (1, 1671)
[M::mem_pestat] mean and std.dev: (530.86, 264.40)
[M::mem_pestat] low and high boundaries for proper pairs: (1, 2110)
[M::mem_pestat] analyzing insert size distribution for orientation FR...
[M::mem_pestat] (25, 50, 75) percentile: (302, 395, 511)
[M::mem_pestat] low and high boundaries for computing mean and std.dev: (1, 929)
[M::mem_pestat] mean and std.dev: (414.40, 156.20)
[M::mem_pestat] low and high boundaries for proper pairs: (1, 1138)
[M::mem_pestat] analyzing insert size distribution for orientation RF...
[M::mem_pestat] (25, 50, 75) percentile: (177, 548, 1637)
[M::mem_pestat] low and high boundaries for computing mean and std.dev: (1, 4557)
[M::mem_pestat] mean and std.dev: (864.95, 1113.52)
[M::mem_pestat] low and high boundaries for proper pairs: (1, 6017)
[M::mem_pestat] analyzing insert size distribution for orientation RR...
[M::mem_pestat] (25, 50, 75) percentile: (324, 666, 1259)
[M::mem_pestat] low and high boundaries for computing mean and std.dev: (1, 3129)
[M::mem_pestat] mean and std.dev: (918.22, 753.58)
[M::mem_pestat] low and high boundaries for proper pairs: (1, 4064)
[M::mem_pestat] skip orientation FF
[M::mem_pestat] skip orientation RF
[M::mem_pestat] skip orientation RR
[M::mem_process_seqs] Processed 242878 reads in 78.153 CPU sec, 8.734 real sec
[main] Version: 0.7.17-r1188
[main] CMD: bwa mem -tsamblaster: Marked 4431618 of 37721590 (11.75%) read ids as duplicates 20 -R using 773760k memory in  @RG\tID:WK_CL_19T_289\tPL:ILLUMINA\tPU:HJMNCDSX7.4\tSM:WK_CL_19T_289\tCN:MCGILL\tBC:ATAGCCAAGA-NAGTGGCACT1M /storage/scratch/iee/dj20y461/Stickleback/G_aculeatus/FITNESS//data/ref_A_X/stickleback_v5_assembly_A_X.fasta32S /storage/scratch/iee/dj20y461/Stickleback/G_aculeatus/FITNESS//data/trimmed/WK_CL_19T_289.R1.trimmed.fastq.gz(92.109S) /storage/scratch/iee/dj20y461/Stickleback/G_aculeatus/FITNESS//data/trimmed/WK_CL_19T_289.R2.trimmed.fastq.gz CPU seconds and 48M
[main] Real time: 2914.500 sec; CPU: 24428.093 sec
34S(2914S) wall time.
[bam_sort_core] merging from 20 files and 20 in-memory blocks...
