samblaster: Version 0.1.24
samblaster: Inputting from stdin
samblaster: Outputting to stdout
[M::bwa_idx_load_from_disk] read 0 ALT contigs
[M::process] read 1463186 sequences (200000050 bp)...
[M::mem_pestat] # candidate unique pairs for (FF, FR, RF, RR): (379, 567215, 119, 174)
[M::mem_pestat] analyzing insert size distribution for orientation FF...
[M::mem_pestat] (25, 50, 75) percentile: (338, 508, 820)
[M::mem_pestat] low and high boundaries for computing mean and std.dev: (1, 1784)
[M::mem_pestat] mean and std.dev: (563.12, 345.40)
[M::mem_pestat] low and high boundaries for proper pairs: (1, 2266)
[M::mem_pestat] analyzing insert size distribution for orientation FR...
[M::mem_pestat] (25, 50, 75) percentile: (297, 389, 500)
[M::mem_pestat] low and high boundaries for computing mean and std.dev: (1, 906)
[M::mem_pestat] mean and std.dev: (405.55, 152.48)
[M::mem_pestat] low and high boundaries for proper pairs: (1, 1109)
[M::mem_pestat] analyzing insert size distribution for orientation RF...
[M::mem_pestat] (25, 50, 75) percentile: (125, 707, 3299)
[M::mem_pestat] low and high boundaries for computing mean and std.dev: (1, 9647)
[M::mem_pestat] mean and std.dev: (2034.79, 2667.48)
[M::mem_pestat] low and high boundaries for proper pairs: (1, 12821)
[M::mem_pestat] analyzing insert size distribution for orientation RR...
[M::mem_pestat] (25, 50, 75) percentile: (297, 544, 1111)
[M::mem_pestat] low and high boundaries for computing mean and std.dev: (1, 2739)
[M::mem_pestat] mean and std.dev: (701.23, 579.34)
[M::mem_pestat] low and high boundaries for proper pairs: (1, 3553)
[M::mem_pestat] skip orientation FF
[M::mem_pestat] skip orientation RF
[M::mem_pestat] skip orientation RR
[M::mem_process_seqs] Processed 1463186 reads in 463.428 CPU sec, 111.900 real sec
samblaster: Loaded 23 header sequence entries.
[M::process] read 1460294 sequences (200000008 bp)...
[M::process] read 1459030 sequences (200000007 bp)...
[M::mem_pestat] # candidate unique pairs for (FF, FR, RF, RR): (370, 565230, 131, 182)
[M::mem_pestat] analyzing insert size distribution for orientation FF...
[M::mem_pestat] (25, 50, 75) percentile: (351, 522, 852)
[M::mem_pestat] low and high boundaries for computing mean and std.dev: (1, 1854)
[M::mem_pestat] mean and std.dev: (585.64, 338.39)
[M::mem_pestat] low and high boundaries for proper pairs: (1, 2355)
[M::mem_pestat] analyzing insert size distribution for orientation FR...
[M::mem_pestat] (25, 50, 75) percentile: (297, 390, 500)
[M::mem_pestat] low and high boundaries for computing mean and std.dev: (1, 906)
[M::mem_pestat] mean and std.dev: (405.99, 152.59)
[M::mem_pestat] low and high boundaries for proper pairs: (1, 1109)
[M::mem_pestat] analyzing insert size distribution for orientation RF...
[M::mem_pestat] (25, 50, 75) percentile: (120, 758, 3212)
[M::mem_pestat] low and high boundaries for computing mean and std.dev: (1, 9396)
[M::mem_pestat] mean and std.dev: (1788.52, 2135.02)
[M::mem_pestat] low and high boundaries for proper pairs: (1, 12488)
[M::mem_pestat] analyzing insert size distribution for orientation RR...
[M::mem_pestat] (25, 50, 75) percentile: (313, 561, 928)
[M::mem_pestat] low and high boundaries for computing mean and std.dev: (1, 2158)
[M::mem_pestat] mean and std.dev: (625.12, 413.09)
[M::mem_pestat] low and high boundaries for proper pairs: (1, 2773)
[M::mem_pestat] skip orientation FF
[M::mem_pestat] skip orientation RF
[M::mem_pestat] skip orientation RR
[M::mem_process_seqs] Processed 1460294 reads in 432.557 CPU sec, 47.480 real sec
[M::process] read 1461546 sequences (200000005 bp)...
[M::mem_pestat] # candidate unique pairs for (FF, FR, RF, RR): (415, 564096, 139, 151)
[M::mem_pestat] analyzing insert size distribution for orientation FF...
[M::mem_pestat] (25, 50, 75) percentile: (325, 493, 756)
[M::mem_pestat] low and high boundaries for computing mean and std.dev: (1, 1618)
[M::mem_pestat] mean and std.dev: (538.44, 305.36)
[M::mem_pestat] low and high boundaries for proper pairs: (1, 2049)
[M::mem_pestat] analyzing insert size distribution for orientation FR...
[M::mem_pestat] (25, 50, 75) percentile: (297, 389, 500)
[M::mem_pestat] low and high boundaries for computing mean and std.dev: (1, 906)
[M::mem_pestat] mean and std.dev: (405.66, 151.88)
[M::mem_pestat] low and high boundaries for proper pairs: (1, 1109)
[M::mem_pestat] analyzing insert size distribution for orientation RF...
[M::mem_pestat] (25, 50, 75) percentile: (58, 618, 3238)
[M::mem_pestat] low and high boundaries for computing mean and std.dev: (1, 9598)
[M::mem_pestat] mean and std.dev: (1856.78, 2508.98)
[M::mem_pestat] low and high boundaries for proper pairs: (1, 12778)
[M::mem_pestat] analyzing insert size distribution for orientation RR...
[M::mem_pestat] (25, 50, 75) percentile: (318, 559, 1283)
[M::mem_pestat] low and high boundaries for computing mean and std.dev: (1, 3213)
[M::mem_pestat] mean and std.dev: (777.32, 664.49)
[M::mem_pestat] low and high boundaries for proper pairs: (1, 4178)
[M::mem_pestat] skip orientation FF
[M::mem_pestat] skip orientation RF
[M::mem_pestat] skip orientation RR
[M::mem_process_seqs] Processed 1459030 reads in 437.902 CPU sec, 48.881 real sec
[M::mem_pestat] # candidate unique pairs for (FF, FR, RF, RR): (396, 564379, 129, 162)
[M::mem_pestat] analyzing insert size distribution for orientation FF...
[M::mem_pestat] (25, 50, 75) percentile: (315, 479, 712)
[M::mem_pestat] low and high boundaries for computing mean and std.dev: (1, 1506)
[M::mem_pestat] mean and std.dev: (511.15, 280.62)
[M::mem_pestat] low and high boundaries for proper pairs: (1, 1903)
[M::mem_pestat] analyzing insert size distribution for orientation FR...
[M::mem_pestat] (25, 50, 75) percentile: (296, 387, 496)
[M::mem_pestat] low and high boundaries for computing mean and std.dev: (1, 896)
[M::mem_pestat] mean and std.dev: (402.55, 149.50)
[M::mem_pestat] low and high boundaries for proper pairs: (1, 1096)
[M::mem_pestat] analyzing insert size distribution for orientation RF...
[M::mem_pestat] (25, 50, 75) percentile: (98, 394, 2880)
[M::mem_pestat] low and high boundaries for computing mean and std.dev: (1, 8444)
[M::mem_pestat] mean and std.dev: (1662.69, 2186.72)
[M::mem_pestat] low and high boundaries for proper pairs: (1, 11226)
[M::mem_pestat] analyzing insert size distribution for orientation RR...
[M::mem_pestat] (25, 50, 75) percentile: (308, 619, 1189)
[M::mem_pestat] low and high boundaries for computing mean and std.dev: (1, 2951)
[M::mem_pestat] mean and std.dev: (740.02, 575.82)
[M::mem_pestat] low and high boundaries for proper pairs: (1, 3832)
[M::mem_pestat] skip orientation FF
[M::mem_pestat] skip orientation RF
[M::mem_pestat] skip orientation RR
[M::process] read 1461388 sequences (200000205 bp)...
[M::mem_process_seqs] Processed 1461546 reads in 448.821 CPU sec, 50.220 real sec
[M::mem_pestat] # candidate unique pairs for (FF, FR, RF, RR): (375, 565895, 135, 139)
[M::mem_pestat] analyzing insert size distribution for orientation FF...
[M::mem_pestat] (25, 50, 75) percentile: (320, 478, 755)
[M::mem_pestat] low and high boundaries for computing mean and std.dev: (1, 1625)
[M::mem_pestat] mean and std.dev: (517.61, 298.37)
[M::mem_pestat] low and high boundaries for proper pairs: (1, 2060)
[M::mem_pestat] analyzing insert size distribution for orientation FR...
[M::mem_pestat] (25, 50, 75) percentile: (299, 391, 502)
[M::mem_pestat] low and high boundaries for computing mean and std.dev: (1, 908)
[M::mem_pestat] mean and std.dev: (407.45, 153.24)
[M::mem_pestat] low and high boundaries for proper pairs: (1, 1111)
[M::mem_pestat] analyzing insert size distribution for orientation RF...
[M::mem_pestat] (25, 50, 75) percentile: (94, 577, 2401)
[M::mem_pestat] low and high boundaries for computing mean and std.dev: (1, 7015)
[M::mem_pestat] mean and std.dev: (1389.22, 1882.08)
[M::mem_pestat] low and high boundaries for proper pairs: (1, 9322)
[M::mem_pestat] analyzing insert size distribution for orientation RR...
[M::mem_pestat] (25, 50, 75) percentile: (273, 441, 747)
[M::mem_pestat] low and high boundaries for computing mean and std.dev: (1, 1695)
[M::mem_pestat] mean and std.dev: (501.98, 338.68)
[M::mem_pestat] low and high boundaries for proper pairs: (1, 2169)
[M::mem_pestat] skip orientation FF
[M::mem_pestat] skip orientation RF
[M::mem_pestat] skip orientation RR
[M::mem_process_seqs] Processed 1461388 reads in 449.146 CPU sec, 74.625 real sec
[M::process] read 1460604 sequences (200000109 bp)...
[M::process] read 1459774 sequences (200000194 bp)...
[M::mem_pestat] # candidate unique pairs for (FF, FR, RF, RR): (410, 565411, 114, 188)
[M::mem_pestat] analyzing insert size distribution for orientation FF...
[M::mem_pestat] (25, 50, 75) percentile: (344, 488, 833)
[M::mem_pestat] low and high boundaries for computing mean and std.dev: (1, 1811)
[M::mem_pestat] mean and std.dev: (562.59, 338.79)
[M::mem_pestat] low and high boundaries for proper pairs: (1, 2300)
[M::mem_pestat] analyzing insert size distribution for orientation FR...
[M::mem_pestat] (25, 50, 75) percentile: (299, 392, 503)
[M::mem_pestat] low and high boundaries for computing mean and std.dev: (1, 911)
[M::mem_pestat] mean and std.dev: (408.33, 153.37)
[M::mem_pestat] low and high boundaries for proper pairs: (1, 1115)
[M::mem_pestat] analyzing insert size distribution for orientation RF...
[M::mem_pestat] (25, 50, 75) percentile: (46, 387, 2214)
[M::mem_pestat] low and high boundaries for computing mean and std.dev: (1, 6550)
[M::mem_pestat] mean and std.dev: (1095.03, 1606.06)
[M::mem_pestat] low and high boundaries for proper pairs: (1, 8718)
[M::mem_pestat] analyzing insert size distribution for orientation RR...
[M::mem_pestat] (25, 50, 75) percentile: (275, 546, 1337)
[M::mem_pestat] low and high boundaries for computing mean and std.dev: (1, 3461)
[M::mem_pestat] mean and std.dev: (789.02, 718.69)
[M::mem_pestat] low and high boundaries for proper pairs: (1, 4523)
[M::mem_pestat] skip orientation FF
[M::mem_pestat] skip orientation RF
[M::mem_pestat] skip orientation RR
[M::mem_process_seqs] Processed 1460604 reads in 434.916 CPU sec, 45.901 real sec
[M::mem_pestat] # candidate unique pairs for (FF, FR, RF, RR): (416, 563085, 105, 149)
[M::mem_pestat] analyzing insert size distribution for orientation FF...
[M::mem_pestat] (25, 50, 75) percentile: (324, 486, 750)
[M::mem_pestat] low and high boundaries for computing mean and std.dev: (1, 1602)
[M::mem_pestat] mean and std.dev: (525.11, 308.52)
[M::mem_pestat] low and high boundaries for proper pairs: (1, 2028)
[M::mem_pestat] analyzing insert size distribution for orientation FR...
[M::mem_pestat] (25, 50, 75) percentile: (298, 391, 501)
[M::mem_pestat] low and high boundaries for computing mean and std.dev: (1, 907)
[M::mem_pestat] mean and std.dev: (406.81, 151.81)
[M::mem_pestat] low and high boundaries for proper pairs: (1, 1110)
[M::mem_pestat] analyzing insert size distribution for orientation RF...
[M::mem_pestat] (25, 50, 75) percentile: (55, 497, 2764)
[M::mem_pestat] low and high boundaries for computing mean and std.dev: (1, 8182)
[M::mem_pestat] mean and std.dev: (1535.29, 2115.51)
[M::mem_pestat] low and high boundaries for proper pairs: (1, 10891)
[M::mem_pestat] analyzing insert size distribution for orientation RR...
[M::mem_pestat] (25, 50, 75) percentile: (260, 485, 1007)
[M::mem_pestat] low and high boundaries for computing mean and std.dev: (1, 2501)
[M::mem_pestat] mean and std.dev: (671.00, 585.60)
[M::mem_pestat] low and high boundaries for proper pairs: (1, 3248)
[M::mem_pestat] skip orientation FF
[M::mem_pestat] skip orientation RF
[M::mem_pestat] skip orientation RR
[M::process] read 1464790 sequences (200000110 bp)...
[M::mem_process_seqs] Processed 1459774 reads in 439.861 CPU sec, 47.992 real sec
[M::mem_pestat] # candidate unique pairs for (FF, FR, RF, RR): (365, 565410, 140, 136)
[M::mem_pestat] analyzing insert size distribution for orientation FF...
[M::mem_pestat] (25, 50, 75) percentile: (324, 450, 716)
[M::mem_pestat] low and high boundaries for computing mean and std.dev: (1, 1500)
[M::mem_pestat] mean and std.dev: (495.29, 265.65)
[M::mem_pestat] low and high boundaries for proper pairs: (1, 1892)
[M::mem_pestat] analyzing insert size distribution for orientation FR...
[M::mem_pestat] (25, 50, 75) percentile: (294, 385, 492)
[M::mem_pestat] low and high boundaries for computing mean and std.dev: (1, 888)
[M::mem_pestat] mean and std.dev: (400.06, 147.82)
[M::mem_pestat] low and high boundaries for proper pairs: (1, 1086)
[M::mem_pestat] analyzing insert size distribution for orientation RF...
[M::mem_pestat] (25, 50, 75) percentile: (116, 699, 3301)
[M::mem_pestat] low and high boundaries for computing mean and std.dev: (1, 9671)
[M::mem_pestat] mean and std.dev: (2007.71, 2669.65)
[M::mem_pestat] low and high boundaries for proper pairs: (1, 12856)
[M::mem_pestat] analyzing insert size distribution for orientation RR...
[M::mem_pestat] (25, 50, 75) percentile: (215, 511, 970)
[M::mem_pestat] low and high boundaries for computing mean and std.dev: (1, 2480)
[M::mem_pestat] mean and std.dev: (617.43, 509.88)
[M::mem_pestat] low and high boundaries for proper pairs: (1, 3235)
[M::mem_pestat] skip orientation FF
[M::mem_pestat] skip orientation RF
[M::mem_pestat] skip orientation RR
[M::mem_process_seqs] Processed 1464790 reads in 443.794 CPU sec, 61.649 real sec
[M::process] read 1462702 sequences (200000122 bp)...
[M::process] read 1460870 sequences (200000104 bp)...
[M::mem_pestat] # candidate unique pairs for (FF, FR, RF, RR): (406, 566847, 123, 162)
[M::mem_pestat] analyzing insert size distribution for orientation FF...
[M::mem_pestat] (25, 50, 75) percentile: (303, 479, 735)
[M::mem_pestat] low and high boundaries for computing mean and std.dev: (1, 1599)
[M::mem_pestat] mean and std.dev: (516.80, 303.33)
[M::mem_pestat] low and high boundaries for proper pairs: (1, 2031)
[M::mem_pestat] analyzing insert size distribution for orientation FR...
[M::mem_pestat] (25, 50, 75) percentile: (294, 386, 495)
[M::mem_pestat] low and high boundaries for computing mean and std.dev: (1, 897)
[M::mem_pestat] mean and std.dev: (401.71, 150.70)
[M::mem_pestat] low and high boundaries for proper pairs: (1, 1098)
[M::mem_pestat] analyzing insert size distribution for orientation RF...
[M::mem_pestat] (25, 50, 75) percentile: (77, 614, 3623)
[M::mem_pestat] low and high boundaries for computing mean and std.dev: (1, 10715)
[M::mem_pestat] mean and std.dev: (1899.11, 2508.73)
[M::mem_pestat] low and high boundaries for proper pairs: (1, 14261)
[M::mem_pestat] analyzing insert size distribution for orientation RR...
[M::mem_pestat] (25, 50, 75) percentile: (254, 536, 1006)
[M::mem_pestat] low and high boundaries for computing mean and std.dev: (1, 2510)
[M::mem_pestat] mean and std.dev: (634.56, 509.41)
[M::mem_pestat] low and high boundaries for proper pairs: (1, 3262)
[M::mem_pestat] skip orientation FF
[M::mem_pestat] skip orientation RF
[M::mem_pestat] skip orientation RR
[M::mem_process_seqs] Processed 1462702 reads in 434.571 CPU sec, 44.777 real sec
[M::mem_pestat] # candidate unique pairs for (FF, FR, RF, RR): (427, 565587, 104, 165)
[M::mem_pestat] analyzing insert size distribution for orientation FF...
[M::mem_pestat] (25, 50, 75) percentile: (329, 488, 762)
[M::mem_pestat] low and high boundaries for computing mean and std.dev: (1, 1628)
[M::mem_pestat] mean and std.dev: (546.69, 320.88)
[M::mem_pestat] low and high boundaries for proper pairs: (1, 2061)
[M::mem_pestat] analyzing insert size distribution for orientation FR...
[M::mem_pestat] (25, 50, 75) percentile: (296, 388, 497)
[M::mem_pestat] low and high boundaries for computing mean and std.dev: (1, 899)
[M::mem_pestat] mean and std.dev: (404.04, 150.90)
[M::mem_pestat] low and high boundaries for proper pairs: (1, 1100)
[M::mem_pestat] analyzing insert size distribution for orientation RF...
[M::mem_pestat] (25, 50, 75) percentile: (82, 395, 2168)
[M::mem_pestat] low and high boundaries for computing mean and std.dev: (1, 6340)
[M::mem_pestat] mean and std.dev: (1163.94, 1671.22)
[M::mem_pestat] low and high boundaries for proper pairs: (1, 8426)
[M::mem_pestat] analyzing insert size distribution for orientation RR...
[M::mem_pestat] (25, 50, 75) percentile: (269, 425, 1046)
[M::mem_pestat] low and high boundaries for computing mean and std.dev: (1, 2600)
[M::mem_pestat] mean and std.dev: (634.28, 528.07)
[M::mem_pestat] low and high boundaries for proper pairs: (1, 3377)
[M::mem_pestat] skip orientation FF
[M::mem_pestat] skip orientation RF
[M::mem_pestat] skip orientation RR
[M::process] read 1461772 sequences (200000043 bp)...
[M::mem_process_seqs] Processed 1460870 reads in 435.341 CPU sec, 47.252 real sec
[M::mem_pestat] # candidate unique pairs for (FF, FR, RF, RR): (395, 563208, 133, 141)
[M::mem_pestat] analyzing insert size distribution for orientation FF...
[M::mem_pestat] (25, 50, 75) percentile: (329, 482, 717)
[M::mem_pestat] low and high boundaries for computing mean and std.dev: (1, 1493)
[M::mem_pestat] mean and std.dev: (498.86, 269.54)
[M::mem_pestat] low and high boundaries for proper pairs: (1, 1881)
[M::mem_pestat] analyzing insert size distribution for orientation FR...
[M::mem_pestat] (25, 50, 75) percentile: (296, 387, 495)
[M::mem_pestat] low and high boundaries for computing mean and std.dev: (1, 893)
[M::mem_pestat] mean and std.dev: (401.82, 148.60)
[M::mem_pestat] low and high boundaries for proper pairs: (1, 1092)
[M::mem_pestat] analyzing insert size distribution for orientation RF...
[M::mem_pestat] (25, 50, 75) percentile: (59, 394, 2997)
[M::mem_pestat] low and high boundaries for computing mean and std.dev: (1, 8873)
[M::mem_pestat] mean and std.dev: (1644.98, 2404.46)
[M::mem_pestat] low and high boundaries for proper pairs: (1, 11811)
[M::mem_pestat] analyzing insert size distribution for orientation RR...
[M::mem_pestat] (25, 50, 75) percentile: (302, 590, 1175)
[M::mem_pestat] low and high boundaries for computing mean and std.dev: (1, 2921)
[M::mem_pestat] mean and std.dev: (758.66, 661.50)
[M::mem_pestat] low and high boundaries for proper pairs: (1, 3794)
[M::mem_pestat] skip orientation FF
[M::mem_pestat] skip orientation RF
[M::mem_pestat] skip orientation RR
[M::process] read 1464888 sequences (200000020 bp)...
[M::mem_process_seqs] Processed 1461772 reads in 443.332 CPU sec, 48.074 real sec
[M::mem_pestat] # candidate unique pairs for (FF, FR, RF, RR): (421, 567541, 117, 165)
[M::mem_pestat] analyzing insert size distribution for orientation FF...
[M::mem_pestat] (25, 50, 75) percentile: (290, 465, 755)
[M::mem_pestat] low and high boundaries for computing mean and std.dev: (1, 1685)
[M::mem_pestat] mean and std.dev: (529.03, 320.25)
[M::mem_pestat] low and high boundaries for proper pairs: (1, 2150)
[M::mem_pestat] analyzing insert size distribution for orientation FR...
[M::mem_pestat] (25, 50, 75) percentile: (294, 384, 492)
[M::mem_pestat] low and high boundaries for computing mean and std.dev: (1, 888)
[M::mem_pestat] mean and std.dev: (399.49, 148.91)
[M::mem_pestat] low and high boundaries for proper pairs: (1, 1086)
[M::mem_pestat] analyzing insert size distribution for orientation RF...
[M::mem_pestat] (25, 50, 75) percentile: (63, 433, 3118)
[M::mem_pestat] low and high boundaries for computing mean and std.dev: (1, 9228)
[M::mem_pestat] mean and std.dev: (1841.28, 2554.80)
[M::mem_pestat] low and high boundaries for proper pairs: (1, 12283)
[M::mem_pestat] analyzing insert size distribution for orientation RR...
[M::mem_pestat] (25, 50, 75) percentile: (274, 556, 1019)
[M::mem_pestat] low and high boundaries for computing mean and std.dev: (1, 2509)
[M::mem_pestat] mean and std.dev: (700.00, 555.39)
[M::mem_pestat] low and high boundaries for proper pairs: (1, 3254)
[M::mem_pestat] skip orientation FF
[M::mem_pestat] skip orientation RF
[M::mem_pestat] skip orientation RR
[M::process] read 1463168 sequences (200000095 bp)...
[M::mem_process_seqs] Processed 1464888 reads in 438.091 CPU sec, 47.572 real sec
[M::mem_pestat] # candidate unique pairs for (FF, FR, RF, RR): (420, 567363, 115, 180)
[M::mem_pestat] analyzing insert size distribution for orientation FF...
[M::mem_pestat] (25, 50, 75) percentile: (321, 487, 732)
[M::mem_pestat] low and high boundaries for computing mean and std.dev: (1, 1554)
[M::mem_pestat] mean and std.dev: (523.52, 303.29)
[M::mem_pestat] low and high boundaries for proper pairs: (1, 1965)
[M::mem_pestat] analyzing insert size distribution for orientation FR...
[M::mem_pestat] (25, 50, 75) percentile: (295, 386, 494)
[M::mem_pestat] low and high boundaries for computing mean and std.dev: (1, 892)
[M::mem_pestat] mean and std.dev: (401.36, 149.90)
[M::mem_pestat] low and high boundaries for proper pairs: (1, 1091)
[M::mem_pestat] analyzing insert size distribution for orientation RF...
[M::mem_pestat] (25, 50, 75) percentile: (65, 270, 1886)
[M::mem_pestat] low and high boundaries for computing mean and std.dev: (1, 5528)
[M::mem_pestat] mean and std.dev: (1035.77, 1434.80)
[M::mem_pestat] low and high boundaries for proper pairs: (1, 7349)
[M::mem_pestat] analyzing insert size distribution for orientation RR...
[M::mem_pestat] (25, 50, 75) percentile: (240, 445, 935)
[M::mem_pestat] low and high boundaries for computing mean and std.dev: (1, 2325)
[M::mem_pestat] mean and std.dev: (586.82, 482.97)
[M::mem_pestat] low and high boundaries for proper pairs: (1, 3020)
[M::mem_pestat] skip orientation FF
[M::mem_pestat] skip orientation RF
[M::mem_pestat] skip orientation RR
[M::mem_process_seqs] Processed 1463168 reads in 448.142 CPU sec, 73.205 real sec
[M::process] read 1461302 sequences (200000246 bp)...
[M::process] read 1464644 sequences (200000139 bp)...
[M::mem_pestat] # candidate unique pairs for (FF, FR, RF, RR): (397, 564705, 134, 161)
[M::mem_pestat] analyzing insert size distribution for orientation FF...
[M::mem_pestat] (25, 50, 75) percentile: (308, 433, 673)
[M::mem_pestat] low and high boundaries for computing mean and std.dev: (1, 1403)
[M::mem_pestat] mean and std.dev: (477.05, 249.47)
[M::mem_pestat] low and high boundaries for proper pairs: (1, 1768)
[M::mem_pestat] analyzing insert size distribution for orientation FR...
[M::mem_pestat] (25, 50, 75) percentile: (296, 387, 497)
[M::mem_pestat] low and high boundaries for computing mean and std.dev: (1, 899)
[M::mem_pestat] mean and std.dev: (403.45, 150.45)
[M::mem_pestat] low and high boundaries for proper pairs: (1, 1100)
[M::mem_pestat] analyzing insert size distribution for orientation RF...
[M::mem_pestat] (25, 50, 75) percentile: (120, 529, 2649)
[M::mem_pestat] low and high boundaries for computing mean and std.dev: (1, 7707)
[M::mem_pestat] mean and std.dev: (1312.46, 1759.77)
[M::mem_pestat] low and high boundaries for proper pairs: (1, 10236)
[M::mem_pestat] analyzing insert size distribution for orientation RR...
[M::mem_pestat] (25, 50, 75) percentile: (269, 499, 957)
[M::mem_pestat] low and high boundaries for computing mean and std.dev: (1, 2333)
[M::mem_pestat] mean and std.dev: (589.33, 451.00)
[M::mem_pestat] low and high boundaries for proper pairs: (1, 3021)
[M::mem_pestat] skip orientation FF
[M::mem_pestat] skip orientation RF
[M::mem_pestat] skip orientation RR
[M::mem_process_seqs] Processed 1461302 reads in 435.191 CPU sec, 45.540 real sec
[M::mem_pestat] # candidate unique pairs for (FF, FR, RF, RR): (433, 564378, 105, 205)
[M::mem_pestat] analyzing insert size distribution for orientation FF...
[M::mem_pestat] (25, 50, 75) percentile: (310, 451, 695)
[M::mem_pestat] low and high boundaries for computing mean and std.dev: (1, 1465)
[M::mem_pestat] mean and std.dev: (503.61, 284.08)
[M::mem_pestat] low and high boundaries for proper pairs: (1, 1850)
[M::mem_pestat] analyzing insert size distribution for orientation FR...
[M::mem_pestat] (25, 50, 75) percentile: (293, 383, 489)
[M::mem_pestat] low and high boundaries for computing mean and std.dev: (1, 881)
[M::mem_pestat] mean and std.dev: (397.87, 146.54)
[M::mem_pestat] low and high boundaries for proper pairs: (1, 1077)
[M::mem_pestat] analyzing insert size distribution for orientation RF...
[M::mem_pestat] (25, 50, 75) percentile: (53, 572, 2125)
[M::mem_pestat] low and high boundaries for computing mean and std.dev: (1, 6269)
[M::mem_pestat] mean and std.dev: (1134.50, 1598.95)
[M::mem_pestat] low and high boundaries for proper pairs: (1, 8341)
[M::mem_pestat] analyzing insert size distribution for orientation RR...
[M::mem_pestat] (25, 50, 75) percentile: (314, 552, 1104)
[M::mem_pestat] low and high boundaries for computing mean and std.dev: (1, 2684)
[M::mem_pestat] mean and std.dev: (698.53, 549.65)
[M::mem_pestat] low and high boundaries for proper pairs: (1, 3474)
[M::mem_pestat] skip orientation FF
[M::mem_pestat] skip orientation RF
[M::mem_pestat] skip orientation RR
[M::process] read 1463574 sequences (200000010 bp)...
[M::mem_process_seqs] Processed 1464644 reads in 438.891 CPU sec, 47.575 real sec
[M::mem_pestat] # candidate unique pairs for (FF, FR, RF, RR): (396, 567582, 133, 169)
[M::mem_pestat] analyzing insert size distribution for orientation FF...
[M::mem_pestat] (25, 50, 75) percentile: (336, 502, 718)
[M::mem_pestat] low and high boundaries for computing mean and std.dev: (1, 1482)
[M::mem_pestat] mean and std.dev: (536.30, 280.14)
[M::mem_pestat] low and high boundaries for proper pairs: (1, 1864)
[M::mem_pestat] analyzing insert size distribution for orientation FR...
[M::mem_pestat] (25, 50, 75) percentile: (295, 386, 495)
[M::mem_pestat] low and high boundaries for computing mean and std.dev: (1, 895)
[M::mem_pestat] mean and std.dev: (402.12, 150.43)
[M::mem_pestat] low and high boundaries for proper pairs: (1, 1095)
[M::mem_pestat] analyzing insert size distribution for orientation RF...
[M::mem_pestat] (25, 50, 75) percentile: (69, 810, 3892)
[M::mem_pestat] low and high boundaries for computing mean and std.dev: (1, 11538)
[M::mem_pestat] mean and std.dev: (2337.21, 3023.11)
[M::mem_pestat] low and high boundaries for proper pairs: (1, 15361)
[M::mem_pestat] analyzing insert size distribution for orientation RR...
[M::mem_pestat] (25, 50, 75) percentile: (276, 458, 1126)
[M::mem_pestat] low and high boundaries for computing mean and std.dev: (1, 2826)
[M::mem_pestat] mean and std.dev: (676.72, 609.82)
[M::mem_pestat] low and high boundaries for proper pairs: (1, 3676)
[M::mem_pestat] skip orientation FF
[M::mem_pestat] skip orientation RF
[M::mem_pestat] skip orientation RR
[M::mem_process_seqs] Processed 1463574 reads in 446.432 CPU sec, 71.639 real sec
[M::process] read 1463296 sequences (200000287 bp)...
[M::process] read 1462774 sequences (200000287 bp)...
[M::mem_pestat] # candidate unique pairs for (FF, FR, RF, RR): (355, 566145, 121, 143)
[M::mem_pestat] analyzing insert size distribution for orientation FF...
[M::mem_pestat] (25, 50, 75) percentile: (326, 501, 741)
[M::mem_pestat] low and high boundaries for computing mean and std.dev: (1, 1571)
[M::mem_pestat] mean and std.dev: (543.41, 311.65)
[M::mem_pestat] low and high boundaries for proper pairs: (1, 1986)
[M::mem_pestat] analyzing insert size distribution for orientation FR...
[M::mem_pestat] (25, 50, 75) percentile: (297, 388, 498)
[M::mem_pestat] low and high boundaries for computing mean and std.dev: (1, 900)
[M::mem_pestat] mean and std.dev: (404.37, 151.41)
[M::mem_pestat] low and high boundaries for proper pairs: (1, 1101)
[M::mem_pestat] analyzing insert size distribution for orientation RF...
[M::mem_pestat] (25, 50, 75) percentile: (145, 1002, 3767)
[M::mem_pestat] low and high boundaries for computing mean and std.dev: (1, 11011)
[M::mem_pestat] mean and std.dev: (2244.75, 2836.90)
[M::mem_pestat] low and high boundaries for proper pairs: (1, 14633)
[M::mem_pestat] analyzing insert size distribution for orientation RR...
[M::mem_pestat] (25, 50, 75) percentile: (252, 433, 739)
[M::mem_pestat] low and high boundaries for computing mean and std.dev: (1, 1713)
[M::mem_pestat] mean and std.dev: (512.66, 355.57)
[M::mem_pestat] low and high boundaries for proper pairs: (1, 2200)
[M::mem_pestat] skip orientation FF
[M::mem_pestat] skip orientation RF
[M::mem_pestat] skip orientation RR
[M::mem_process_seqs] Processed 1463296 reads in 434.119 CPU sec, 45.330 real sec
[M::mem_pestat] # candidate unique pairs for (FF, FR, RF, RR): (384, 563424, 141, 179)
[M::mem_pestat] analyzing insert size distribution for orientation FF...
[M::mem_pestat] (25, 50, 75) percentile: (325, 469, 771)
[M::mem_pestat] low and high boundaries for computing mean and std.dev: (1, 1663)
[M::mem_pestat] mean and std.dev: (548.30, 326.27)
[M::mem_pestat] low and high boundaries for proper pairs: (1, 2109)
[M::mem_pestat] analyzing insert size distribution for orientation FR...
[M::mem_pestat] (25, 50, 75) percentile: (296, 388, 496)
[M::mem_pestat] low and high boundaries for computing mean and std.dev: (1, 896)
[M::mem_pestat] mean and std.dev: (403.12, 149.39)
[M::mem_pestat] low and high boundaries for proper pairs: (1, 1096)
[M::mem_pestat] analyzing insert size distribution for orientation RF...
[M::mem_pestat] (25, 50, 75) percentile: (76, 768, 2874)
[M::mem_pestat] low and high boundaries for computing mean and std.dev: (1, 8470)
[M::mem_pestat] mean and std.dev: (1650.94, 2127.49)
[M::mem_pestat] low and high boundaries for proper pairs: (1, 11268)
[M::mem_pestat] analyzing insert size distribution for orientation RR...
[M::mem_pestat] (25, 50, 75) percentile: (308, 522, 1080)
[M::mem_pestat] low and high boundaries for computing mean and std.dev: (1, 2624)
[M::mem_pestat] mean and std.dev: (703.08, 574.71)
[M::mem_pestat] low and high boundaries for proper pairs: (1, 3396)
[M::mem_pestat] skip orientation FF
[M::mem_pestat] skip orientation RF
[M::mem_pestat] skip orientation RR
[M::process] read 1468780 sequences (200000144 bp)...
[M::mem_process_seqs] Processed 1462774 reads in 441.334 CPU sec, 47.802 real sec
[M::mem_pestat] # candidate unique pairs for (FF, FR, RF, RR): (390, 566275, 133, 143)
[M::mem_pestat] analyzing insert size distribution for orientation FF...
[M::mem_pestat] (25, 50, 75) percentile: (334, 506, 759)
[M::mem_pestat] low and high boundaries for computing mean and std.dev: (1, 1609)
[M::mem_pestat] mean and std.dev: (541.66, 295.87)
[M::mem_pestat] low and high boundaries for proper pairs: (1, 2034)
[M::mem_pestat] analyzing insert size distribution for orientation FR...
[M::mem_pestat] (25, 50, 75) percentile: (292, 382, 488)
[M::mem_pestat] low and high boundaries for computing mean and std.dev: (1, 880)
[M::mem_pestat] mean and std.dev: (396.30, 146.20)
[M::mem_pestat] low and high boundaries for proper pairs: (1, 1076)
[M::mem_pestat] analyzing insert size distribution for orientation RF...
[M::mem_pestat] (25, 50, 75) percentile: (85, 664, 3589)
[M::mem_pestat] low and high boundaries for computing mean and std.dev: (1, 10597)
[M::mem_pestat] mean and std.dev: (2082.54, 2648.00)
[M::mem_pestat] low and high boundaries for proper pairs: (1, 14101)
[M::mem_pestat] analyzing insert size distribution for orientation RR...
[M::mem_pestat] (25, 50, 75) percentile: (289, 532, 958)
[M::mem_pestat] low and high boundaries for computing mean and std.dev: (1, 2296)
[M::mem_pestat] mean and std.dev: (617.77, 496.55)
[M::mem_pestat] low and high boundaries for proper pairs: (1, 2965)
[M::mem_pestat] skip orientation FF
[M::mem_pestat] skip orientation RF
[M::mem_pestat] skip orientation RR
[M::process] read 1462512 sequences (200000211 bp)...
[M::mem_process_seqs] Processed 1468780 reads in 449.385 CPU sec, 48.657 real sec
[M::mem_pestat] # candidate unique pairs for (FF, FR, RF, RR): (404, 566275, 130, 179)
[M::mem_pestat] analyzing insert size distribution for orientation FF...
[M::mem_pestat] (25, 50, 75) percentile: (302, 482, 724)
[M::mem_pestat] low and high boundaries for computing mean and std.dev: (1, 1568)
[M::mem_pestat] mean and std.dev: (508.74, 298.16)
[M::mem_pestat] low and high boundaries for proper pairs: (1, 1990)
[M::mem_pestat] analyzing insert size distribution for orientation FR...
[M::mem_pestat] (25, 50, 75) percentile: (295, 385, 494)
[M::mem_pestat] low and high boundaries for computing mean and std.dev: (1, 892)
[M::mem_pestat] mean and std.dev: (401.44, 150.44)
[M::mem_pestat] low and high boundaries for proper pairs: (1, 1091)
[M::mem_pestat] analyzing insert size distribution for orientation RF...
[M::mem_pestat] (25, 50, 75) percentile: (76, 460, 2728)
[M::mem_pestat] low and high boundaries for computing mean and std.dev: (1, 8032)
[M::mem_pestat] mean and std.dev: (1392.35, 2003.82)
[M::mem_pestat] low and high boundaries for proper pairs: (1, 10684)
[M::mem_pestat] analyzing insert size distribution for orientation RR...
[M::mem_pestat] (25, 50, 75) percentile: (296, 565, 1124)
[M::mem_pestat] low and high boundaries for computing mean and std.dev: (1, 2780)
[M::mem_pestat] mean and std.dev: (700.33, 545.11)
[M::mem_pestat] low and high boundaries for proper pairs: (1, 3608)
[M::mem_pestat] skip orientation FF
[M::mem_pestat] skip orientation RF
[M::mem_pestat] skip orientation RR
[M::process] read 1462818 sequences (200000278 bp)...
[M::mem_process_seqs] Processed 1462512 reads in 435.255 CPU sec, 47.315 real sec
[M::mem_pestat] # candidate unique pairs for (FF, FR, RF, RR): (400, 565464, 118, 177)
[M::mem_pestat] analyzing insert size distribution for orientation FF...
[M::mem_pestat] (25, 50, 75) percentile: (331, 475, 749)
[M::mem_pestat] low and high boundaries for computing mean and std.dev: (1, 1585)
[M::mem_pestat] mean and std.dev: (518.39, 283.96)
[M::mem_pestat] low and high boundaries for proper pairs: (1, 2003)
[M::mem_pestat] analyzing insert size distribution for orientation FR...
[M::mem_pestat] (25, 50, 75) percentile: (295, 386, 495)
[M::mem_pestat] low and high boundaries for computing mean and std.dev: (1, 895)
[M::mem_pestat] mean and std.dev: (401.98, 149.97)
[M::mem_pestat] low and high boundaries for proper pairs: (1, 1095)
[M::mem_pestat] analyzing insert size distribution for orientation RF...
[M::mem_pestat] (25, 50, 75) percentile: (66, 462, 2139)
[M::mem_pestat] low and high boundaries for computing mean and std.dev: (1, 6285)
[M::mem_pestat] mean and std.dev: (1139.92, 1561.10)
[M::mem_pestat] low and high boundaries for proper pairs: (1, 8358)
[M::mem_pestat] analyzing insert size distribution for orientation RR...
[M::mem_pestat] (25, 50, 75) percentile: (264, 529, 1074)
[M::mem_pestat] low and high boundaries for computing mean and std.dev: (1, 2694)
[M::mem_pestat] mean and std.dev: (671.69, 558.50)
[M::mem_pestat] low and high boundaries for proper pairs: (1, 3504)
[M::mem_pestat] skip orientation FF
[M::mem_pestat] skip orientation RF
[M::mem_pestat] skip orientation RR
[M::process] read 1465462 sequences (200000053 bp)...
[M::mem_process_seqs] Processed 1462818 reads in 434.513 CPU sec, 47.171 real sec
[M::mem_pestat] # candidate unique pairs for (FF, FR, RF, RR): (363, 564586, 127, 154)
[M::mem_pestat] analyzing insert size distribution for orientation FF...
[M::mem_pestat] (25, 50, 75) percentile: (357, 506, 781)
[M::mem_pestat] low and high boundaries for computing mean and std.dev: (1, 1629)
[M::mem_pestat] mean and std.dev: (546.48, 302.32)
[M::mem_pestat] low and high boundaries for proper pairs: (1, 2053)
[M::mem_pestat] analyzing insert size distribution for orientation FR...
[M::mem_pestat] (25, 50, 75) percentile: (294, 384, 489)
[M::mem_pestat] low and high boundaries for computing mean and std.dev: (1, 879)
[M::mem_pestat] mean and std.dev: (397.95, 146.21)
[M::mem_pestat] low and high boundaries for proper pairs: (1, 1074)
[M::mem_pestat] analyzing insert size distribution for orientation RF...
[M::mem_pestat] (25, 50, 75) percentile: (68, 449, 2911)
[M::mem_pestat] low and high boundaries for computing mean and std.dev: (1, 8597)
[M::mem_pestat] mean and std.dev: (1545.69, 2040.97)
[M::mem_pestat] low and high boundaries for proper pairs: (1, 11440)
[M::mem_pestat] analyzing insert size distribution for orientation RR...
[M::mem_pestat] (25, 50, 75) percentile: (271, 496, 966)
[M::mem_pestat] low and high boundaries for computing mean and std.dev: (1, 2356)
[M::mem_pestat] mean and std.dev: (622.48, 497.16)
[M::mem_pestat] low and high boundaries for proper pairs: (1, 3051)
[M::mem_pestat] skip orientation FF
[M::mem_pestat] skip orientation RF
[M::mem_pestat] skip orientation RR
[M::process] read 1466732 sequences (200000123 bp)...
[M::mem_process_seqs] Processed 1465462 reads in 441.440 CPU sec, 48.085 real sec
[M::mem_pestat] # candidate unique pairs for (FF, FR, RF, RR): (389, 567617, 129, 158)
[M::mem_pestat] analyzing insert size distribution for orientation FF...
[M::mem_pestat] (25, 50, 75) percentile: (326, 503, 819)
[M::mem_pestat] low and high boundaries for computing mean and std.dev: (1, 1805)
[M::mem_pestat] mean and std.dev: (571.04, 361.91)
[M::mem_pestat] low and high boundaries for proper pairs: (1, 2298)
[M::mem_pestat] analyzing insert size distribution for orientation FR...
[M::mem_pestat] (25, 50, 75) percentile: (299, 391, 504)
[M::mem_pestat] low and high boundaries for computing mean and std.dev: (1, 914)
[M::mem_pestat] mean and std.dev: (408.30, 154.45)
[M::mem_pestat] low and high boundaries for proper pairs: (1, 1119)
[M::mem_pestat] analyzing insert size distribution for orientation RF...
[M::mem_pestat] (25, 50, 75) percentile: (51, 438, 2771)
[M::mem_pestat] low and high boundaries for computing mean and std.dev: (1, 8211)
[M::mem_pestat] mean and std.dev: (1589.40, 2196.71)
[M::mem_pestat] low and high boundaries for proper pairs: (1, 10931)
[M::mem_pestat] analyzing insert size distribution for orientation RR...
[M::mem_pestat] (25, 50, 75) percentile: (249, 426, 791)
[M::mem_pestat] low and high boundaries for computing mean and std.dev: (1, 1875)
[M::mem_pestat] mean and std.dev: (500.28, 386.59)
[M::mem_pestat] low and high boundaries for proper pairs: (1, 2417)
[M::mem_pestat] skip orientation FF
[M::mem_pestat] skip orientation RF
[M::mem_pestat] skip orientation RR
[M::mem_process_seqs] Processed 1466732 reads in 453.483 CPU sec, 73.251 real sec
[M::process] read 1463136 sequences (200000051 bp)...
[M::process] read 1462424 sequences (200000051 bp)...
[M::mem_pestat] # candidate unique pairs for (FF, FR, RF, RR): (374, 566334, 135, 161)
[M::mem_pestat] analyzing insert size distribution for orientation FF...
[M::mem_pestat] (25, 50, 75) percentile: (324, 494, 705)
[M::mem_pestat] low and high boundaries for computing mean and std.dev: (1, 1467)
[M::mem_pestat] mean and std.dev: (527.51, 281.71)
[M::mem_pestat] low and high boundaries for proper pairs: (1, 1848)
[M::mem_pestat] analyzing insert size distribution for orientation FR...
[M::mem_pestat] (25, 50, 75) percentile: (300, 393, 507)
[M::mem_pestat] low and high boundaries for computing mean and std.dev: (1, 921)
[M::mem_pestat] mean and std.dev: (410.54, 155.51)
[M::mem_pestat] low and high boundaries for proper pairs: (1, 1128)
[M::mem_pestat] analyzing insert size distribution for orientation RF...
[M::mem_pestat] (25, 50, 75) percentile: (140, 753, 3718)
[M::mem_pestat] low and high boundaries for computing mean and std.dev: (1, 10874)
[M::mem_pestat] mean and std.dev: (2158.81, 2751.70)
[M::mem_pestat] low and high boundaries for proper pairs: (1, 14452)
[M::mem_pestat] analyzing insert size distribution for orientation RR...
[M::mem_pestat] (25, 50, 75) percentile: (257, 473, 1160)
[M::mem_pestat] low and high boundaries for computing mean and std.dev: (1, 2966)
[M::mem_pestat] mean and std.dev: (672.56, 592.12)
[M::mem_pestat] low and high boundaries for proper pairs: (1, 3869)
[M::mem_pestat] skip orientation FF
[M::mem_pestat] skip orientation RF
[M::mem_pestat] skip orientation RR
[M::mem_process_seqs] Processed 1463136 reads in 438.957 CPU sec, 46.014 real sec
[M::mem_pestat] # candidate unique pairs for (FF, FR, RF, RR): (424, 565249, 132, 143)
[M::mem_pestat] analyzing insert size distribution for orientation FF...
[M::mem_pestat] (25, 50, 75) percentile: (356, 502, 784)
[M::mem_pestat] low and high boundaries for computing mean and std.dev: (1, 1640)
[M::mem_pestat] mean and std.dev: (545.82, 300.39)
[M::mem_pestat] low and high boundaries for proper pairs: (1, 2068)
[M::mem_pestat] analyzing insert size distribution for orientation FR...
[M::mem_pestat] (25, 50, 75) percentile: (301, 394, 508)
[M::mem_pestat] low and high boundaries for computing mean and std.dev: (1, 922)
[M::mem_pestat] mean and std.dev: (411.66, 156.16)
[M::mem_pestat] low and high boundaries for proper pairs: (1, 1129)
[M::mem_pestat] analyzing insert size distribution for orientation RF...
[M::mem_pestat] (25, 50, 75) percentile: (145, 576, 3215)
[M::mem_pestat] low and high boundaries for computing mean and std.dev: (1, 9355)
[M::mem_pestat] mean and std.dev: (1922.98, 2526.67)
[M::mem_pestat] low and high boundaries for proper pairs: (1, 12425)
[M::mem_pestat] analyzing insert size distribution for orientation RR...
[M::mem_pestat] (25, 50, 75) percentile: (209, 437, 869)
[M::mem_pestat] low and high boundaries for computing mean and std.dev: (1, 2189)
[M::mem_pestat] mean and std.dev: (526.09, 436.49)
[M::mem_pestat] low and high boundaries for proper pairs: (1, 2849)
[M::mem_pestat] skip orientation FF
[M::mem_pestat] skip orientation RF
[M::mem_pestat] skip orientation RR
[M::process] read 1462360 sequences (200000102 bp)...
[M::mem_process_seqs] Processed 1462424 reads in 440.624 CPU sec, 47.906 real sec
[M::mem_pestat] # candidate unique pairs for (FF, FR, RF, RR): (395, 564475, 122, 139)
[M::mem_pestat] analyzing insert size distribution for orientation FF...
[M::mem_pestat] (25, 50, 75) percentile: (347, 499, 731)
[M::mem_pestat] low and high boundaries for computing mean and std.dev: (1, 1499)
[M::mem_pestat] mean and std.dev: (536.88, 294.50)
[M::mem_pestat] low and high boundaries for proper pairs: (1, 1883)
[M::mem_pestat] analyzing insert size distribution for orientation FR...
[M::mem_pestat] (25, 50, 75) percentile: (299, 392, 505)
[M::mem_pestat] low and high boundaries for computing mean and std.dev: (1, 917)
[M::mem_pestat] mean and std.dev: (409.32, 155.07)
[M::mem_pestat] low and high boundaries for proper pairs: (1, 1123)
[M::mem_pestat] analyzing insert size distribution for orientation RF...
[M::mem_pestat] (25, 50, 75) percentile: (124, 466, 2640)
[M::mem_pestat] low and high boundaries for computing mean and std.dev: (1, 7672)
[M::mem_pestat] mean and std.dev: (1483.61, 1999.85)
[M::mem_pestat] low and high boundaries for proper pairs: (1, 10188)
[M::mem_pestat] analyzing insert size distribution for orientation RR...
[M::mem_pestat] (25, 50, 75) percentile: (276, 569, 1147)
[M::mem_pestat] low and high boundaries for computing mean and std.dev: (1, 2889)
[M::mem_pestat] mean and std.dev: (753.48, 647.69)
[M::mem_pestat] low and high boundaries for proper pairs: (1, 3760)
[M::mem_pestat] skip orientation FF
[M::mem_pestat] skip orientation RF
[M::mem_pestat] skip orientation RR
[M::process] read 1463956 sequences (200000116 bp)...
[M::mem_process_seqs] Processed 1462360 reads in 442.355 CPU sec, 48.045 real sec
[M::mem_pestat] # candidate unique pairs for (FF, FR, RF, RR): (397, 566176, 120, 135)
[M::mem_pestat] analyzing insert size distribution for orientation FF...
[M::mem_pestat] (25, 50, 75) percentile: (333, 515, 802)
[M::mem_pestat] low and high boundaries for computing mean and std.dev: (1, 1740)
[M::mem_pestat] mean and std.dev: (567.14, 349.21)
[M::mem_pestat] low and high boundaries for proper pairs: (1, 2209)
[M::mem_pestat] analyzing insert size distribution for orientation FR...
[M::mem_pestat] (25, 50, 75) percentile: (300, 394, 507)
[M::mem_pestat] low and high boundaries for computing mean and std.dev: (1, 921)
[M::mem_pestat] mean and std.dev: (411.00, 155.75)
[M::mem_pestat] low and high boundaries for proper pairs: (1, 1128)
[M::mem_pestat] analyzing insert size distribution for orientation RF...
[M::mem_pestat] (25, 50, 75) percentile: (102, 518, 3079)
[M::mem_pestat] low and high boundaries for computing mean and std.dev: (1, 9033)
[M::mem_pestat] mean and std.dev: (1743.19, 2300.14)
[M::mem_pestat] low and high boundaries for proper pairs: (1, 12010)
[M::mem_pestat] analyzing insert size distribution for orientation RR...
[M::mem_pestat] (25, 50, 75) percentile: (271, 557, 858)
[M::mem_pestat] low and high boundaries for computing mean and std.dev: (1, 2032)
[M::mem_pestat] mean and std.dev: (553.42, 358.00)
[M::mem_pestat] low and high boundaries for proper pairs: (1, 2619)
[M::mem_pestat] skip orientation FF
[M::mem_pestat] skip orientation RF
[M::mem_pestat] skip orientation RR
[M::process] read 1462510 sequences (200000117 bp)...
[M::mem_process_seqs] Processed 1463956 reads in 441.009 CPU sec, 47.863 real sec
[M::mem_pestat] # candidate unique pairs for (FF, FR, RF, RR): (401, 564978, 123, 170)
[M::mem_pestat] analyzing insert size distribution for orientation FF...
[M::mem_pestat] (25, 50, 75) percentile: (347, 530, 816)
[M::mem_pestat] low and high boundaries for computing mean and std.dev: (1, 1754)
[M::mem_pestat] mean and std.dev: (575.78, 337.06)
[M::mem_pestat] low and high boundaries for proper pairs: (1, 2223)
[M::mem_pestat] analyzing insert size distribution for orientation FR...
[M::mem_pestat] (25, 50, 75) percentile: (301, 395, 509)
[M::mem_pestat] low and high boundaries for computing mean and std.dev: (1, 925)
[M::mem_pestat] mean and std.dev: (412.68, 156.36)
[M::mem_pestat] low and high boundaries for proper pairs: (1, 1133)
[M::mem_pestat] analyzing insert size distribution for orientation RF...
[M::mem_pestat] (25, 50, 75) percentile: (76, 336, 3622)
[M::mem_pestat] low and high boundaries for computing mean and std.dev: (1, 10714)
[M::mem_pestat] mean and std.dev: (1908.59, 2649.12)
[M::mem_pestat] low and high boundaries for proper pairs: (1, 14260)
[M::mem_pestat] analyzing insert size distribution for orientation RR...
[M::mem_pestat] (25, 50, 75) percentile: (279, 556, 1188)
[M::mem_pestat] low and high boundaries for computing mean and std.dev: (1, 3006)
[M::mem_pestat] mean and std.dev: (754.67, 653.74)
[M::mem_pestat] low and high boundaries for proper pairs: (1, 3915)
[M::mem_pestat] skip orientation FF
[M::mem_pestat] skip orientation RF
[M::mem_pestat] skip orientation RR
[M::process] read 1461462 sequences (200000239 bp)...
[M::mem_process_seqs] Processed 1462510 reads in 440.286 CPU sec, 47.817 real sec
[M::mem_pestat] # candidate unique pairs for (FF, FR, RF, RR): (432, 563202, 131, 154)
[M::mem_pestat] analyzing insert size distribution for orientation FF...
[M::mem_pestat] (25, 50, 75) percentile: (330, 515, 834)
[M::mem_pestat] low and high boundaries for computing mean and std.dev: (1, 1842)
[M::mem_pestat] mean and std.dev: (580.45, 341.04)
[M::mem_pestat] low and high boundaries for proper pairs: (1, 2346)
[M::mem_pestat] analyzing insert size distribution for orientation FR...
[M::mem_pestat] (25, 50, 75) percentile: (301, 394, 509)
[M::mem_pestat] low and high boundaries for computing mean and std.dev: (1, 925)
[M::mem_pestat] mean and std.dev: (412.31, 156.32)
[M::mem_pestat] low and high boundaries for proper pairs: (1, 1133)
[M::mem_pestat] analyzing insert size distribution for orientation RF...
[M::mem_pestat] (25, 50, 75) percentile: (58, 396, 1868)
[M::mem_pestat] low and high boundaries for computing mean and std.dev: (1, 5488)
[M::mem_pestat] mean and std.dev: (883.26, 1271.02)
[M::mem_pestat] low and high boundaries for proper pairs: (1, 7298)
[M::mem_pestat] analyzing insert size distribution for orientation RR...
[M::mem_pestat] (25, 50, 75) percentile: (296, 562, 1122)
[M::mem_pestat] low and high boundaries for computing mean and std.dev: (1, 2774)
[M::mem_pestat] mean and std.dev: (704.76, 564.18)
[M::mem_pestat] low and high boundaries for proper pairs: (1, 3600)
[M::mem_pestat] skip orientation FF
[M::mem_pestat] skip orientation RF
[M::mem_pestat] skip orientation RR
[M::mem_process_seqs] Processed 1461462 reads in 450.259 CPU sec, 86.164 real sec
[M::process] read 1465540 sequences (200000125 bp)...
[M::process] read 1465192 sequences (200000068 bp)...
[M::mem_pestat] # candidate unique pairs for (FF, FR, RF, RR): (378, 565320, 106, 197)
[M::mem_pestat] analyzing insert size distribution for orientation FF...
[M::mem_pestat] (25, 50, 75) percentile: (350, 511, 754)
[M::mem_pestat] low and high boundaries for computing mean and std.dev: (1, 1562)
[M::mem_pestat] mean and std.dev: (555.33, 309.80)
[M::mem_pestat] low and high boundaries for proper pairs: (1, 1966)
[M::mem_pestat] analyzing insert size distribution for orientation FR...
[M::mem_pestat] (25, 50, 75) percentile: (297, 389, 500)
[M::mem_pestat] low and high boundaries for computing mean and std.dev: (1, 906)
[M::mem_pestat] mean and std.dev: (405.71, 152.20)
[M::mem_pestat] low and high boundaries for proper pairs: (1, 1109)
[M::mem_pestat] analyzing insert size distribution for orientation RF...
[M::mem_pestat] (25, 50, 75) percentile: (118, 459, 1940)
[M::mem_pestat] low and high boundaries for computing mean and std.dev: (1, 5584)
[M::mem_pestat] mean and std.dev: (1153.32, 1501.50)
[M::mem_pestat] low and high boundaries for proper pairs: (1, 7406)
[M::mem_pestat] analyzing insert size distribution for orientation RR...
[M::mem_pestat] (25, 50, 75) percentile: (272, 467, 896)
[M::mem_pestat] low and high boundaries for computing mean and std.dev: (1, 2144)
[M::mem_pestat] mean and std.dev: (608.51, 484.93)
[M::mem_pestat] low and high boundaries for proper pairs: (1, 2768)
[M::mem_pestat] skip orientation FF
[M::mem_pestat] skip orientation RF
[M::mem_pestat] skip orientation RR
[M::mem_process_seqs] Processed 1465540 reads in 445.608 CPU sec, 45.158 real sec
[M::mem_pestat] # candidate unique pairs for (FF, FR, RF, RR): (433, 566872, 138, 159)
[M::mem_pestat] analyzing insert size distribution for orientation FF...
[M::mem_pestat] (25, 50, 75) percentile: (330, 517, 789)
[M::mem_pestat] low and high boundaries for computing mean and std.dev: (1, 1707)
[M::mem_pestat] mean and std.dev: (564.77, 312.37)
[M::mem_pestat] low and high boundaries for proper pairs: (1, 2166)
[M::mem_pestat] analyzing insert size distribution for orientation FR...
[M::mem_pestat] (25, 50, 75) percentile: (297, 389, 501)
[M::mem_pestat] low and high boundaries for computing mean and std.dev: (1, 909)
[M::mem_pestat] mean and std.dev: (406.45, 153.62)
[M::mem_pestat] low and high boundaries for proper pairs: (1, 1113)
[M::mem_pestat] analyzing insert size distribution for orientation RF...
[M::mem_pestat] (25, 50, 75) percentile: (117, 500, 2509)
[M::mem_pestat] low and high boundaries for computing mean and std.dev: (1, 7293)
[M::mem_pestat] mean and std.dev: (1275.97, 1557.91)
[M::mem_pestat] low and high boundaries for proper pairs: (1, 9685)
[M::mem_pestat] analyzing insert size distribution for orientation RR...
[M::mem_pestat] (25, 50, 75) percentile: (255, 557, 1142)
[M::mem_pestat] low and high boundaries for computing mean and std.dev: (1, 2916)
[M::mem_pestat] mean and std.dev: (719.93, 575.58)
[M::mem_pestat] low and high boundaries for proper pairs: (1, 3803)
[M::mem_pestat] skip orientation FF
[M::mem_pestat] skip orientation RF
[M::mem_pestat] skip orientation RR
[M::process] read 1464708 sequences (200000002 bp)...
[M::mem_process_seqs] Processed 1465192 reads in 435.945 CPU sec, 47.389 real sec
[M::mem_pestat] # candidate unique pairs for (FF, FR, RF, RR): (416, 564885, 108, 143)
[M::mem_pestat] analyzing insert size distribution for orientation FF...
[M::mem_pestat] (25, 50, 75) percentile: (351, 505, 787)
[M::mem_pestat] low and high boundaries for computing mean and std.dev: (1, 1659)
[M::mem_pestat] mean and std.dev: (566.75, 317.83)
[M::mem_pestat] low and high boundaries for proper pairs: (1, 2095)
[M::mem_pestat] analyzing insert size distribution for orientation FR...
[M::mem_pestat] (25, 50, 75) percentile: (299, 392, 504)
[M::mem_pestat] low and high boundaries for computing mean and std.dev: (1, 914)
[M::mem_pestat] mean and std.dev: (409.21, 154.31)
[M::mem_pestat] low and high boundaries for proper pairs: (1, 1119)
[M::mem_pestat] analyzing insert size distribution for orientation RF...
[M::mem_pestat] (25, 50, 75) percentile: (120, 578, 2275)
[M::mem_pestat] low and high boundaries for computing mean and std.dev: (1, 6585)
[M::mem_pestat] mean and std.dev: (1193.24, 1630.20)
[M::mem_pestat] low and high boundaries for proper pairs: (1, 8740)
[M::mem_pestat] analyzing insert size distribution for orientation RR...
[M::mem_pestat] (25, 50, 75) percentile: (306, 589, 1041)
[M::mem_pestat] low and high boundaries for computing mean and std.dev: (1, 2511)
[M::mem_pestat] mean and std.dev: (622.94, 443.62)
[M::mem_pestat] low and high boundaries for proper pairs: (1, 3246)
[M::mem_pestat] skip orientation FF
[M::mem_pestat] skip orientation RF
[M::mem_pestat] skip orientation RR
[M::process] read 1464320 sequences (200000035 bp)...
[M::mem_process_seqs] Processed 1464708 reads in 441.281 CPU sec, 47.871 real sec
[M::mem_pestat] # candidate unique pairs for (FF, FR, RF, RR): (426, 563505, 126, 164)
[M::mem_pestat] analyzing insert size distribution for orientation FF...
[M::mem_pestat] (25, 50, 75) percentile: (347, 520, 788)
[M::mem_pestat] low and high boundaries for computing mean and std.dev: (1, 1670)
[M::mem_pestat] mean and std.dev: (553.55, 297.46)
[M::mem_pestat] low and high boundaries for proper pairs: (1, 2111)
[M::mem_pestat] analyzing insert size distribution for orientation FR...
[M::mem_pestat] (25, 50, 75) percentile: (299, 391, 504)
[M::mem_pestat] low and high boundaries for computing mean and std.dev: (1, 914)
[M::mem_pestat] mean and std.dev: (408.36, 153.69)
[M::mem_pestat] low and high boundaries for proper pairs: (1, 1119)
[M::mem_pestat] analyzing insert size distribution for orientation RF...
[M::mem_pestat] (25, 50, 75) percentile: (68, 356, 2260)
[M::mem_pestat] low and high boundaries for computing mean and std.dev: (1, 6644)
[M::mem_pestat] mean and std.dev: (1252.93, 1754.60)
[M::mem_pestat] low and high boundaries for proper pairs: (1, 8836)
[M::mem_pestat] analyzing insert size distribution for orientation RR...
[M::mem_pestat] (25, 50, 75) percentile: (278, 535, 900)
[M::mem_pestat] low and high boundaries for computing mean and std.dev: (1, 2144)
[M::mem_pestat] mean and std.dev: (595.07, 448.18)
[M::mem_pestat] low and high boundaries for proper pairs: (1, 2766)
[M::mem_pestat] skip orientation FF
[M::mem_pestat] skip orientation RF
[M::mem_pestat] skip orientation RR
[M::process] read 1467510 sequences (200000243 bp)...
[M::mem_process_seqs] Processed 1464320 reads in 442.614 CPU sec, 48.062 real sec
[M::mem_pestat] # candidate unique pairs for (FF, FR, RF, RR): (388, 568020, 124, 183)
[M::mem_pestat] analyzing insert size distribution for orientation FF...
[M::mem_pestat] (25, 50, 75) percentile: (339, 502, 784)
[M::mem_pestat] low and high boundaries for computing mean and std.dev: (1, 1674)
[M::mem_pestat] mean and std.dev: (542.37, 303.44)
[M::mem_pestat] low and high boundaries for proper pairs: (1, 2119)
[M::mem_pestat] analyzing insert size distribution for orientation FR...
[M::mem_pestat] (25, 50, 75) percentile: (295, 387, 498)
[M::mem_pestat] low and high boundaries for computing mean and std.dev: (1, 904)
[M::mem_pestat] mean and std.dev: (403.54, 152.18)
[M::mem_pestat] low and high boundaries for proper pairs: (1, 1107)
[M::mem_pestat] analyzing insert size distribution for orientation RF...
[M::mem_pestat] (25, 50, 75) percentile: (136, 527, 3284)
[M::mem_pestat] low and high boundaries for computing mean and std.dev: (1, 9580)
[M::mem_pestat] mean and std.dev: (1687.35, 2230.17)
[M::mem_pestat] low and high boundaries for proper pairs: (1, 12728)
[M::mem_pestat] analyzing insert size distribution for orientation RR...
[M::mem_pestat] (25, 50, 75) percentile: (245, 540, 1092)
[M::mem_pestat] low and high boundaries for computing mean and std.dev: (1, 2786)
[M::mem_pestat] mean and std.dev: (691.65, 593.38)
[M::mem_pestat] low and high boundaries for proper pairs: (1, 3633)
[M::mem_pestat] skip orientation FF
[M::mem_pestat] skip orientation RF
[M::mem_pestat] skip orientation RR
[M::process] read 1468276 sequences (200000070 bp)...
[M::mem_process_seqs] Processed 1467510 reads in 440.440 CPU sec, 47.791 real sec
[M::mem_pestat] # candidate unique pairs for (FF, FR, RF, RR): (403, 567610, 116, 152)
[M::mem_pestat] analyzing insert size distribution for orientation FF...
[M::mem_pestat] (25, 50, 75) percentile: (333, 479, 728)
[M::mem_pestat] low and high boundaries for computing mean and std.dev: (1, 1518)
[M::mem_pestat] mean and std.dev: (515.87, 281.13)
[M::mem_pestat] low and high boundaries for proper pairs: (1, 1913)
[M::mem_pestat] analyzing insert size distribution for orientation FR...
[M::mem_pestat] (25, 50, 75) percentile: (297, 388, 499)
[M::mem_pestat] low and high boundaries for computing mean and std.dev: (1, 903)
[M::mem_pestat] mean and std.dev: (405.07, 152.59)
[M::mem_pestat] low and high boundaries for proper pairs: (1, 1105)
[M::mem_pestat] analyzing insert size distribution for orientation RF...
[M::mem_pestat] (25, 50, 75) percentile: (116, 587, 3085)
[M::mem_pestat] low and high boundaries for computing mean and std.dev: (1, 9023)
[M::mem_pestat] mean and std.dev: (1818.69, 2388.25)
[M::mem_pestat] low and high boundaries for proper pairs: (1, 11992)
[M::mem_pestat] analyzing insert size distribution for orientation RR...
[M::mem_pestat] (25, 50, 75) percentile: (307, 559, 1396)
[M::mem_pestat] low and high boundaries for computing mean and std.dev: (1, 3574)
[M::mem_pestat] mean and std.dev: (759.69, 659.44)
[M::mem_pestat] low and high boundaries for proper pairs: (1, 4663)
[M::mem_pestat] skip orientation FF
[M::mem_pestat] skip orientation RF
[M::mem_pestat] skip orientation RR
[M::process] read 1467834 sequences (200000020 bp)...
[M::mem_process_seqs] Processed 1468276 reads in 439.513 CPU sec, 47.778 real sec
[M::mem_pestat] # candidate unique pairs for (FF, FR, RF, RR): (399, 565493, 117, 159)
[M::mem_pestat] analyzing insert size distribution for orientation FF...
[M::mem_pestat] (25, 50, 75) percentile: (336, 505, 772)
[M::mem_pestat] low and high boundaries for computing mean and std.dev: (1, 1644)
[M::mem_pestat] mean and std.dev: (553.90, 315.51)
[M::mem_pestat] low and high boundaries for proper pairs: (1, 2080)
[M::mem_pestat] analyzing insert size distribution for orientation FR...
[M::mem_pestat] (25, 50, 75) percentile: (298, 390, 502)
[M::mem_pestat] low and high boundaries for computing mean and std.dev: (1, 910)
[M::mem_pestat] mean and std.dev: (406.96, 152.74)
[M::mem_pestat] low and high boundaries for proper pairs: (1, 1114)
[M::mem_pestat] analyzing insert size distribution for orientation RF...
[M::mem_pestat] (25, 50, 75) percentile: (79, 390, 3705)
[M::mem_pestat] low and high boundaries for computing mean and std.dev: (1, 10957)
[M::mem_pestat] mean and std.dev: (1969.22, 2640.69)
[M::mem_pestat] low and high boundaries for proper pairs: (1, 14583)
[M::mem_pestat] analyzing insert size distribution for orientation RR...
[M::mem_pestat] (25, 50, 75) percentile: (293, 523, 986)
[M::mem_pestat] low and high boundaries for computing mean and std.dev: (1, 2372)
[M::mem_pestat] mean and std.dev: (634.17, 468.35)
[M::mem_pestat] low and high boundaries for proper pairs: (1, 3065)
[M::mem_pestat] skip orientation FF
[M::mem_pestat] skip orientation RF
[M::mem_pestat] skip orientation RR
[M::process] read 1468556 sequences (200000018 bp)...
[M::mem_process_seqs] Processed 1467834 reads in 443.507 CPU sec, 48.179 real sec
[M::mem_pestat] # candidate unique pairs for (FF, FR, RF, RR): (405, 566583, 130, 145)
[M::mem_pestat] analyzing insert size distribution for orientation FF...
[M::mem_pestat] (25, 50, 75) percentile: (350, 527, 779)
[M::mem_pestat] low and high boundaries for computing mean and std.dev: (1, 1637)
[M::mem_pestat] mean and std.dev: (560.46, 308.77)
[M::mem_pestat] low and high boundaries for proper pairs: (1, 2066)
[M::mem_pestat] analyzing insert size distribution for orientation FR...
[M::mem_pestat] (25, 50, 75) percentile: (297, 388, 497)
[M::mem_pestat] low and high boundaries for computing mean and std.dev: (1, 897)
[M::mem_pestat] mean and std.dev: (403.46, 150.36)
[M::mem_pestat] low and high boundaries for proper pairs: (1, 1097)
[M::mem_pestat] analyzing insert size distribution for orientation RF...
[M::mem_pestat] (25, 50, 75) percentile: (80, 384, 2279)
[M::mem_pestat] low and high boundaries for computing mean and std.dev: (1, 6677)
[M::mem_pestat] mean and std.dev: (1152.43, 1739.71)
[M::mem_pestat] low and high boundaries for proper pairs: (1, 8876)
[M::mem_pestat] analyzing insert size distribution for orientation RR...
[M::mem_pestat] (25, 50, 75) percentile: (311, 441, 1170)
[M::mem_pestat] low and high boundaries for computing mean and std.dev: (1, 2888)
[M::mem_pestat] mean and std.dev: (752.10, 661.59)
[M::mem_pestat] low and high boundaries for proper pairs: (1, 3747)
[M::mem_pestat] skip orientation FF
[M::mem_pestat] skip orientation RF
[M::mem_pestat] skip orientation RR
[M::mem_process_seqs] Processed 1468556 reads in 458.923 CPU sec, 74.162 real sec
[M::process] read 1468564 sequences (200000093 bp)...
[M::process] read 1472162 sequences (200000003 bp)...
[M::mem_pestat] # candidate unique pairs for (FF, FR, RF, RR): (459, 567318, 134, 157)
[M::mem_pestat] analyzing insert size distribution for orientation FF...
[M::mem_pestat] (25, 50, 75) percentile: (319, 508, 750)
[M::mem_pestat] low and high boundaries for computing mean and std.dev: (1, 1612)
[M::mem_pestat] mean and std.dev: (535.72, 290.31)
[M::mem_pestat] low and high boundaries for proper pairs: (1, 2043)
[M::mem_pestat] analyzing insert size distribution for orientation FR...
[M::mem_pestat] (25, 50, 75) percentile: (297, 388, 500)
[M::mem_pestat] low and high boundaries for computing mean and std.dev: (1, 906)
[M::mem_pestat] mean and std.dev: (405.27, 153.00)
[M::mem_pestat] low and high boundaries for proper pairs: (1, 1109)
[M::mem_pestat] analyzing insert size distribution for orientation RF...
[M::mem_pestat] (25, 50, 75) percentile: (44, 352, 2217)
[M::mem_pestat] low and high boundaries for computing mean and std.dev: (1, 6563)
[M::mem_pestat] mean and std.dev: (1052.74, 1618.20)
[M::mem_pestat] low and high boundaries for proper pairs: (1, 8736)
[M::mem_pestat] analyzing insert size distribution for orientation RR...
[M::mem_pestat] (25, 50, 75) percentile: (287, 504, 979)
[M::mem_pestat] low and high boundaries for computing mean and std.dev: (1, 2363)
[M::mem_pestat] mean and std.dev: (634.09, 492.79)
[M::mem_pestat] low and high boundaries for proper pairs: (1, 3055)
[M::mem_pestat] skip orientation FF
[M::mem_pestat] skip orientation RF
[M::mem_pestat] skip orientation RR
[M::mem_process_seqs] Processed 1468564 reads in 438.370 CPU sec, 45.711 real sec
[M::mem_pestat] # candidate unique pairs for (FF, FR, RF, RR): (416, 567465, 126, 153)
[M::mem_pestat] analyzing insert size distribution for orientation FF...
[M::mem_pestat] (25, 50, 75) percentile: (320, 472, 738)
[M::mem_pestat] low and high boundaries for computing mean and std.dev: (1, 1574)
[M::mem_pestat] mean and std.dev: (520.48, 283.48)
[M::mem_pestat] low and high boundaries for proper pairs: (1, 1992)
[M::mem_pestat] analyzing insert size distribution for orientation FR...
[M::mem_pestat] (25, 50, 75) percentile: (298, 391, 502)
[M::mem_pestat] low and high boundaries for computing mean and std.dev: (1, 910)
[M::mem_pestat] mean and std.dev: (407.41, 152.71)
[M::mem_pestat] low and high boundaries for proper pairs: (1, 1114)
[M::mem_pestat] analyzing insert size distribution for orientation RF...
[M::mem_pestat] (25, 50, 75) percentile: (132, 586, 3617)
[M::mem_pestat] low and high boundaries for computing mean and std.dev: (1, 10587)
[M::mem_pestat] mean and std.dev: (2130.49, 2744.32)
[M::mem_pestat] low and high boundaries for proper pairs: (1, 14072)
[M::mem_pestat] analyzing insert size distribution for orientation RR...
[M::mem_pestat] (25, 50, 75) percentile: (298, 486, 781)
[M::mem_pestat] low and high boundaries for computing mean and std.dev: (1, 1747)
[M::mem_pestat] mean and std.dev: (528.75, 335.91)
[M::mem_pestat] low and high boundaries for proper pairs: (1, 2230)
[M::mem_pestat] skip orientation FF
[M::mem_pestat] skip orientation RF
[M::mem_pestat] skip orientation RR
[M::process] read 1470444 sequences (200000083 bp)...
[M::mem_process_seqs] Processed 1472162 reads in 442.854 CPU sec, 48.065 real sec
[M::mem_pestat] # candidate unique pairs for (FF, FR, RF, RR): (435, 565019, 122, 197)
[M::mem_pestat] analyzing insert size distribution for orientation FF...
[M::mem_pestat] (25, 50, 75) percentile: (351, 514, 784)
[M::mem_pestat] low and high boundaries for computing mean and std.dev: (1, 1650)
[M::mem_pestat] mean and std.dev: (545.56, 300.29)
[M::mem_pestat] low and high boundaries for proper pairs: (1, 2083)
[M::mem_pestat] analyzing insert size distribution for orientation FR...
[M::mem_pestat] (25, 50, 75) percentile: (298, 390, 501)
[M::mem_pestat] low and high boundaries for computing mean and std.dev: (1, 907)
[M::mem_pestat] mean and std.dev: (406.70, 151.93)
[M::mem_pestat] low and high boundaries for proper pairs: (1, 1110)
[M::mem_pestat] analyzing insert size distribution for orientation RF...
[M::mem_pestat] (25, 50, 75) percentile: (54, 317, 1804)
[M::mem_pestat] low and high boundaries for computing mean and std.dev: (1, 5304)
[M::mem_pestat] mean and std.dev: (781.88, 1251.49)
[M::mem_pestat] low and high boundaries for proper pairs: (1, 7054)
[M::mem_pestat] analyzing insert size distribution for orientation RR...
[M::mem_pestat] (25, 50, 75) percentile: (252, 449, 962)
[M::mem_pestat] low and high boundaries for computing mean and std.dev: (1, 2382)
[M::mem_pestat] mean and std.dev: (577.01, 461.24)
[M::mem_pestat] low and high boundaries for proper pairs: (1, 3092)
[M::mem_pestat] skip orientation FF
[M::mem_pestat] skip orientation RF
[M::mem_pestat] skip orientation RR
[M::process] read 1473606 sequences (200000035 bp)...
[M::mem_process_seqs] Processed 1470444 reads in 444.995 CPU sec, 48.350 real sec
[M::mem_pestat] # candidate unique pairs for (FF, FR, RF, RR): (400, 567998, 112, 179)
[M::mem_pestat] analyzing insert size distribution for orientation FF...
[M::mem_pestat] (25, 50, 75) percentile: (323, 489, 711)
[M::mem_pestat] low and high boundaries for computing mean and std.dev: (1, 1487)
[M::mem_pestat] mean and std.dev: (509.67, 283.71)
[M::mem_pestat] low and high boundaries for proper pairs: (1, 1875)
[M::mem_pestat] analyzing insert size distribution for orientation FR...
[M::mem_pestat] (25, 50, 75) percentile: (294, 385, 494)
[M::mem_pestat] low and high boundaries for computing mean and std.dev: (1, 894)
[M::mem_pestat] mean and std.dev: (400.80, 149.92)
[M::mem_pestat] low and high boundaries for proper pairs: (1, 1094)
[M::mem_pestat] analyzing insert size distribution for orientation RF...
[M::mem_pestat] (25, 50, 75) percentile: (74, 545, 2885)
[M::mem_pestat] low and high boundaries for computing mean and std.dev: (1, 8507)
[M::mem_pestat] mean and std.dev: (1558.68, 2169.00)
[M::mem_pestat] low and high boundaries for proper pairs: (1, 11318)
[M::mem_pestat] analyzing insert size distribution for orientation RR...
[M::mem_pestat] (25, 50, 75) percentile: (309, 542, 1110)
[M::mem_pestat] low and high boundaries for computing mean and std.dev: (1, 2712)
[M::mem_pestat] mean and std.dev: (720.71, 632.05)
[M::mem_pestat] low and high boundaries for proper pairs: (1, 3513)
[M::mem_pestat] skip orientation FF
[M::mem_pestat] skip orientation RF
[M::mem_pestat] skip orientation RR
[M::process] read 1469122 sequences (200000154 bp)...
[M::mem_process_seqs] Processed 1473606 reads in 443.316 CPU sec, 48.232 real sec
[M::mem_pestat] # candidate unique pairs for (FF, FR, RF, RR): (383, 567520, 118, 169)
[M::mem_pestat] analyzing insert size distribution for orientation FF...
[M::mem_pestat] (25, 50, 75) percentile: (322, 475, 802)
[M::mem_pestat] low and high boundaries for computing mean and std.dev: (1, 1762)
[M::mem_pestat] mean and std.dev: (551.08, 328.24)
[M::mem_pestat] low and high boundaries for proper pairs: (1, 2242)
[M::mem_pestat] analyzing insert size distribution for orientation FR...
[M::mem_pestat] (25, 50, 75) percentile: (297, 389, 500)
[M::mem_pestat] low and high boundaries for computing mean and std.dev: (1, 906)
[M::mem_pestat] mean and std.dev: (405.58, 152.81)
[M::mem_pestat] low and high boundaries for proper pairs: (1, 1109)
[M::mem_pestat] analyzing insert size distribution for orientation RF...
[M::mem_pestat] (25, 50, 75) percentile: (80, 574, 3471)
[M::mem_pestat] low and high boundaries for computing mean and std.dev: (1, 10253)
[M::mem_pestat] mean and std.dev: (1958.63, 2476.73)
[M::mem_pestat] low and high boundaries for proper pairs: (1, 13644)
[M::mem_pestat] analyzing insert size distribution for orientation RR...
[M::mem_pestat] (25, 50, 75) percentile: (298, 484, 999)
[M::mem_pestat] low and high boundaries for computing mean and std.dev: (1, 2401)
[M::mem_pestat] mean and std.dev: (639.57, 515.48)
[M::mem_pestat] low and high boundaries for proper pairs: (1, 3102)
[M::mem_pestat] skip orientation FF
[M::mem_pestat] skip orientation RF
[M::mem_pestat] skip orientation RR
[M::process] read 1472782 sequences (200000089 bp)...
[M::mem_process_seqs] Processed 1469122 reads in 441.958 CPU sec, 48.124 real sec
[M::mem_pestat] # candidate unique pairs for (FF, FR, RF, RR): (380, 566457, 148, 162)
[M::mem_pestat] analyzing insert size distribution for orientation FF...
[M::mem_pestat] (25, 50, 75) percentile: (342, 496, 864)
[M::mem_pestat] low and high boundaries for computing mean and std.dev: (1, 1908)
[M::mem_pestat] mean and std.dev: (588.20, 352.18)
[M::mem_pestat] low and high boundaries for proper pairs: (1, 2430)
[M::mem_pestat] analyzing insert size distribution for orientation FR...
[M::mem_pestat] (25, 50, 75) percentile: (297, 388, 499)
[M::mem_pestat] low and high boundaries for computing mean and std.dev: (1, 903)
[M::mem_pestat] mean and std.dev: (404.64, 151.26)
[M::mem_pestat] low and high boundaries for proper pairs: (1, 1105)
[M::mem_pestat] analyzing insert size distribution for orientation RF...
[M::mem_pestat] (25, 50, 75) percentile: (131, 624, 3195)
[M::mem_pestat] low and high boundaries for computing mean and std.dev: (1, 9323)
[M::mem_pestat] mean and std.dev: (1854.63, 2432.17)
[M::mem_pestat] low and high boundaries for proper pairs: (1, 12387)
[M::mem_pestat] analyzing insert size distribution for orientation RR...
[M::mem_pestat] (25, 50, 75) percentile: (260, 444, 902)
[M::mem_pestat] low and high boundaries for computing mean and std.dev: (1, 2186)
[M::mem_pestat] mean and std.dev: (567.38, 437.81)
[M::mem_pestat] low and high boundaries for proper pairs: (1, 2828)
[M::mem_pestat] skip orientation FF
[M::mem_pestat] skip orientation RF
[M::mem_pestat] skip orientation RR
[M::process] read 1148908 sequences (156086214 bp)...
[M::mem_process_seqs] Processed 1472782 reads in 443.720 CPU sec, 48.257 real sec
[M::mem_pestat] # candidate unique pairs for (FF, FR, RF, RR): (307, 441209, 116, 123)
[M::mem_pestat] analyzing insert size distribution for orientation FF...
[M::mem_pestat] (25, 50, 75) percentile: (343, 490, 774)
[M::mem_pestat] low and high boundaries for computing mean and std.dev: (1, 1636)
[M::mem_pestat] mean and std.dev: (538.10, 308.01)
[M::mem_pestat] low and high boundaries for proper pairs: (1, 2067)
[M::mem_pestat] analyzing insert size distribution for orientation FR...
[M::mem_pestat] (25, 50, 75) percentile: (296, 388, 496)
[M::mem_pestat] low and high boundaries for computing mean and std.dev: (1, 896)
[M::mem_pestat] mean and std.dev: (402.88, 149.31)
[M::mem_pestat] low and high boundaries for proper pairs: (1, 1096)
[M::mem_pestat] analyzing insert size distribution for orientation RF...
[M::mem_pestat] (25, 50, 75) percentile: (147, 1122, 4408)
[M::mem_pestat] low and high boundaries for computing mean and std.dev: (1, 12930)
[M::mem_pestat] mean and std.dev: (2343.77, 2687.94)
[M::mem_pestat] low and high boundaries for proper pairs: (1, 17191)
[M::mem_pestat] analyzing insert size distribution for orientation RR...
[M::mem_pestat] (25, 50, 75) percentile: (279, 456, 928)
[M::mem_pestat] low and high boundaries for computing mean and std.dev: (1, 2226)
[M::mem_pestat] mean and std.dev: (580.93, 464.34)
[M::mem_pestat] low and high boundaries for proper pairs: (1, 2875)
[M::mem_pestat] skip orientation FF
[M::mem_pestat] skip orientation RF
[M::mem_pestat] skip orientation RR
[M::mem_process_seqs] Processed 1148908 reads in 348.134 CPU sec, 38.635 real sec
[main] Version: 0.7.17-r1188
[main] CMD:samblaster: Marked 3146007 of 32064639 (9.81%) read ids as duplicates bwa mem using 526784k memory in  -t1M 2013S -R(73.071S) @RG\tID:WK_HL_19T_031\tPL:ILLUMINA\tPU:HJMNCDSX7.1\tSM:WK_HL_19T_031\tCN:MCGILL\tBC:CCTCCGGTTG-NGGTGTTATG CPU seconds and  /storage/scratch/iee/dj20y461/Stickleback/G_aculeatus/FITNESS//data/ref_A_X/stickleback_v5_assembly_A_X.fasta39M /storage/scratch/iee/dj20y461/Stickleback/G_aculeatus/FITNESS//data/trimmed/WK_HL_19T_031.R1.trimmed.fastq.gz21S /storage/scratch/iee/dj20y461/Stickleback/G_aculeatus/FITNESS//data/trimmed/WK_HL_19T_031.R2.trimmed.fastq.gz(2361S)
[main] Real time: 2360.971 sec; CPU: 19397.083 sec
 wall time.
[bam_sort_core] merging from 20 files and 20 in-memory blocks...
