samblaster: Version 0.1.24
samblaster: Inputting from stdin
samblaster: Outputting to stdout
[M::bwa_idx_load_from_disk] read 0 ALT contigs
[M::process] read 1451994 sequences (200000228 bp)...
[M::mem_pestat] # candidate unique pairs for (FF, FR, RF, RR): (162, 543124, 103, 93)
[M::mem_pestat] analyzing insert size distribution for orientation FF...
[M::mem_pestat] (25, 50, 75) percentile: (135, 196, 341)
[M::mem_pestat] low and high boundaries for computing mean and std.dev: (1, 753)
[M::mem_pestat] mean and std.dev: (230.27, 137.65)
[M::mem_pestat] low and high boundaries for proper pairs: (1, 959)
[M::mem_pestat] analyzing insert size distribution for orientation FR...
[M::mem_pestat] (25, 50, 75) percentile: (167, 211, 267)
[M::mem_pestat] low and high boundaries for computing mean and std.dev: (1, 467)
[M::mem_pestat] mean and std.dev: (222.50, 70.95)
[M::mem_pestat] low and high boundaries for proper pairs: (1, 567)
[M::mem_pestat] analyzing insert size distribution for orientation RF...
[M::mem_pestat] (25, 50, 75) percentile: (94, 293, 2274)
[M::mem_pestat] low and high boundaries for computing mean and std.dev: (1, 6634)
[M::mem_pestat] mean and std.dev: (1104.00, 1673.97)
[M::mem_pestat] low and high boundaries for proper pairs: (1, 8814)
[M::mem_pestat] analyzing insert size distribution for orientation RR...
[M::mem_pestat] (25, 50, 75) percentile: (141, 257, 431)
[M::mem_pestat] low and high boundaries for computing mean and std.dev: (1, 1011)
[M::mem_pestat] mean and std.dev: (257.26, 164.31)
[M::mem_pestat] low and high boundaries for proper pairs: (1, 1301)
[M::mem_pestat] skip orientation FF
[M::mem_pestat] skip orientation RF
[M::mem_pestat] skip orientation RR
[M::mem_process_seqs] Processed 1451994 reads in 530.180 CPU sec, 126.218 real sec
samblaster: Loaded 23 header sequence entries.
[M::process] read 1455826 sequences (200000008 bp)...
[M::process] read 1460358 sequences (200000244 bp)...
[M::mem_pestat] # candidate unique pairs for (FF, FR, RF, RR): (179, 543261, 76, 86)
[M::mem_pestat] analyzing insert size distribution for orientation FF...
[M::mem_pestat] (25, 50, 75) percentile: (150, 237, 395)
[M::mem_pestat] low and high boundaries for computing mean and std.dev: (1, 885)
[M::mem_pestat] mean and std.dev: (262.38, 152.53)
[M::mem_pestat] low and high boundaries for proper pairs: (1, 1130)
[M::mem_pestat] analyzing insert size distribution for orientation FR...
[M::mem_pestat] (25, 50, 75) percentile: (166, 210, 267)
[M::mem_pestat] low and high boundaries for computing mean and std.dev: (1, 469)
[M::mem_pestat] mean and std.dev: (222.12, 70.88)
[M::mem_pestat] low and high boundaries for proper pairs: (1, 570)
[M::mem_pestat] analyzing insert size distribution for orientation RF...
[M::mem_pestat] (25, 50, 75) percentile: (58, 257, 2428)
[M::mem_pestat] low and high boundaries for computing mean and std.dev: (1, 7168)
[M::mem_pestat] mean and std.dev: (1042.72, 1446.06)
[M::mem_pestat] low and high boundaries for proper pairs: (1, 9538)
[M::mem_pestat] analyzing insert size distribution for orientation RR...
[M::mem_pestat] (25, 50, 75) percentile: (132, 217, 349)
[M::mem_pestat] low and high boundaries for computing mean and std.dev: (1, 783)
[M::mem_pestat] mean and std.dev: (242.14, 162.74)
[M::mem_pestat] low and high boundaries for proper pairs: (1, 1000)
[M::mem_pestat] skip orientation FF
[M::mem_pestat] skip orientation RF
[M::mem_pestat] skip orientation RR
[M::mem_process_seqs] Processed 1455826 reads in 517.616 CPU sec, 57.036 real sec
[M::process] read 1150712 sequences (157364302 bp)...
[M::mem_pestat] # candidate unique pairs for (FF, FR, RF, RR): (187, 541893, 101, 110)
[M::mem_pestat] analyzing insert size distribution for orientation FF...
[M::mem_pestat] (25, 50, 75) percentile: (145, 217, 347)
[M::mem_pestat] low and high boundaries for computing mean and std.dev: (1, 751)
[M::mem_pestat] mean and std.dev: (257.92, 157.61)
[M::mem_pestat] low and high boundaries for proper pairs: (1, 953)
[M::mem_pestat] analyzing insert size distribution for orientation FR...
[M::mem_pestat] (25, 50, 75) percentile: (167, 211, 268)
[M::mem_pestat] low and high boundaries for computing mean and std.dev: (1, 470)
[M::mem_pestat] mean and std.dev: (222.88, 71.18)
[M::mem_pestat] low and high boundaries for proper pairs: (1, 571)
[M::mem_pestat] analyzing insert size distribution for orientation RF...
[M::mem_pestat] (25, 50, 75) percentile: (46, 232, 1299)
[M::mem_pestat] low and high boundaries for computing mean and std.dev: (1, 3805)
[M::mem_pestat] mean and std.dev: (622.75, 956.03)
[M::mem_pestat] low and high boundaries for proper pairs: (1, 5058)
[M::mem_pestat] analyzing insert size distribution for orientation RR...
[M::mem_pestat] (25, 50, 75) percentile: (176, 274, 478)
[M::mem_pestat] low and high boundaries for computing mean and std.dev: (1, 1082)
[M::mem_pestat] mean and std.dev: (322.54, 216.32)
[M::mem_pestat] low and high boundaries for proper pairs: (1, 1384)
[M::mem_pestat] skip orientation FF
[M::mem_pestat] skip orientation RF
[M::mem_pestat] skip orientation RR
[M::mem_process_seqs] Processed 1460358 reads in 530.019 CPU sec, 59.933 real sec
[M::mem_pestat] # candidate unique pairs for (FF, FR, RF, RR): (135, 426563, 78, 70)
[M::mem_pestat] analyzing insert size distribution for orientation FF...
[M::mem_pestat] (25, 50, 75) percentile: (179, 241, 390)
[M::mem_pestat] low and high boundaries for computing mean and std.dev: (1, 812)
[M::mem_pestat] mean and std.dev: (261.20, 139.10)
[M::mem_pestat] low and high boundaries for proper pairs: (1, 1023)
[M::mem_pestat] analyzing insert size distribution for orientation FR...
[M::mem_pestat] (25, 50, 75) percentile: (167, 211, 267)
[M::mem_pestat] low and high boundaries for computing mean and std.dev: (1, 467)
[M::mem_pestat] mean and std.dev: (222.38, 70.84)
[M::mem_pestat] low and high boundaries for proper pairs: (1, 567)
[M::mem_pestat] analyzing insert size distribution for orientation RF...
[M::mem_pestat] (25, 50, 75) percentile: (59, 221, 1248)
[M::mem_pestat] low and high boundaries for computing mean and std.dev: (1, 3626)
[M::mem_pestat] mean and std.dev: (428.29, 558.94)
[M::mem_pestat] low and high boundaries for proper pairs: (1, 4815)
[M::mem_pestat] analyzing insert size distribution for orientation RR...
[M::mem_pestat] (25, 50, 75) percentile: (157, 246, 409)
[M::mem_pestat] low and high boundaries for computing mean and std.dev: (1, 913)
[M::mem_pestat] mean and std.dev: (297.75, 201.42)
[M::mem_pestat] low and high boundaries for proper pairs: (1, 1165)
[M::mem_pestat] skip orientation FF
[M::mem_pestat] skip orientation RF
[M::mem_pestat] skip orientation RR
[M::mem_process_seqs] Processed 1150712 reads in 435.145 CPU sec, 47.170 real sec
[main] Version: 0.7.17-r1188
samblaster: Marked 356173 of 2759445 (12.91%) read ids as duplicates[main] CMD: using 50544k memory in  bwa6.214S mem CPU seconds and  -t4M 2059S -R(299S) @RG\tID:SL_CL_19T_170\tPL:ILLUMINA\tPU:HJMFJDSX7.1\tSM:SL_CL_19T_170\tCN:MCGILL\tBC:AACATCGCGC-ACAAGTGGAC wall time.
 /storage/scratch/iee/dj20y461/Stickleback/G_aculeatus/FITNESS//data/ref_A_X/stickleback_v5_assembly_A_X.fasta /storage/scratch/iee/dj20y461/Stickleback/G_aculeatus/FITNESS//data/trimmed/SL_CL_19T_170.R1.trimmed.fastq.gz /storage/scratch/iee/dj20y461/Stickleback/G_aculeatus/FITNESS//data/trimmed/SL_CL_19T_170.R2.trimmed.fastq.gz
[main] Real time: 299.249 sec; CPU: 2020.014 sec
[bam_sort_core] merging from 0 files and 20 in-memory blocks...
