samblaster: Version 0.1.24
samblaster: Inputting from stdin
samblaster: Outputting to stdout
[M::bwa_idx_load_from_disk] read 0 ALT contigs
[M::process] read 1457774 sequences (200000161 bp)...
[M::mem_pestat] # candidate unique pairs for (FF, FR, RF, RR): (67, 565089, 132, 39)
[M::mem_pestat] analyzing insert size distribution for orientation FF...
[M::mem_pestat] (25, 50, 75) percentile: (273, 359, 546)
[M::mem_pestat] low and high boundaries for computing mean and std.dev: (1, 1092)
[M::mem_pestat] mean and std.dev: (373.32, 169.17)
[M::mem_pestat] low and high boundaries for proper pairs: (1, 1365)
[M::mem_pestat] analyzing insert size distribution for orientation FR...
[M::mem_pestat] (25, 50, 75) percentile: (253, 335, 429)
[M::mem_pestat] low and high boundaries for computing mean and std.dev: (1, 781)
[M::mem_pestat] mean and std.dev: (347.34, 129.48)
[M::mem_pestat] low and high boundaries for proper pairs: (1, 957)
[M::mem_pestat] analyzing insert size distribution for orientation RF...
[M::mem_pestat] (25, 50, 75) percentile: (90, 296, 2481)
[M::mem_pestat] low and high boundaries for computing mean and std.dev: (1, 7263)
[M::mem_pestat] mean and std.dev: (1230.62, 1816.67)
[M::mem_pestat] low and high boundaries for proper pairs: (1, 9654)
[M::mem_pestat] analyzing insert size distribution for orientation RR...
[M::mem_pestat] (25, 50, 75) percentile: (202, 343, 482)
[M::mem_pestat] low and high boundaries for computing mean and std.dev: (1, 1042)
[M::mem_pestat] mean and std.dev: (348.78, 198.82)
[M::mem_pestat] low and high boundaries for proper pairs: (1, 1322)
[M::mem_pestat] skip orientation FF
[M::mem_pestat] skip orientation RF
[M::mem_pestat] skip orientation RR
[M::mem_process_seqs] Processed 1457774 reads in 452.731 CPU sec, 107.757 real sec
samblaster: Loaded 23 header sequence entries.
[M::process] read 1455704 sequences (200000085 bp)...
[M::process] read 1455046 sequences (200000287 bp)...
[M::mem_pestat] # candidate unique pairs for (FF, FR, RF, RR): (81, 563218, 133, 59)
[M::mem_pestat] analyzing insert size distribution for orientation FF...
[M::mem_pestat] (25, 50, 75) percentile: (241, 354, 607)
[M::mem_pestat] low and high boundaries for computing mean and std.dev: (1, 1339)
[M::mem_pestat] mean and std.dev: (414.17, 254.39)
[M::mem_pestat] low and high boundaries for proper pairs: (1, 1705)
[M::mem_pestat] analyzing insert size distribution for orientation FR...
[M::mem_pestat] (25, 50, 75) percentile: (254, 337, 432)
[M::mem_pestat] low and high boundaries for computing mean and std.dev: (1, 788)
[M::mem_pestat] mean and std.dev: (349.48, 130.82)
[M::mem_pestat] low and high boundaries for proper pairs: (1, 966)
[M::mem_pestat] analyzing insert size distribution for orientation RF...
[M::mem_pestat] (25, 50, 75) percentile: (53, 369, 1347)
[M::mem_pestat] low and high boundaries for computing mean and std.dev: (1, 3935)
[M::mem_pestat] mean and std.dev: (534.75, 737.41)
[M::mem_pestat] low and high boundaries for proper pairs: (1, 5229)
[M::mem_pestat] analyzing insert size distribution for orientation RR...
[M::mem_pestat] (25, 50, 75) percentile: (207, 293, 864)
[M::mem_pestat] low and high boundaries for computing mean and std.dev: (1, 2178)
[M::mem_pestat] mean and std.dev: (361.20, 270.66)
[M::mem_pestat] low and high boundaries for proper pairs: (1, 2835)
[M::mem_pestat] skip orientation FF
[M::mem_pestat] skip orientation RF
[M::mem_pestat] skip orientation RR
[M::mem_process_seqs] Processed 1455704 reads in 426.416 CPU sec, 48.053 real sec
[M::mem_pestat] # candidate unique pairs for (FF, FR, RF, RR): (64, 561767, 143, 49)
[M::mem_pestat] analyzing insert size distribution for orientation FF...
[M::mem_pestat] (25, 50, 75) percentile: (272, 450, 783)
[M::mem_pestat] low and high boundaries for computing mean and std.dev: (1, 1805)
[M::mem_pestat] mean and std.dev: (507.28, 347.63)
[M::mem_pestat] low and high boundaries for proper pairs: (1, 2316)
[M::mem_pestat] analyzing insert size distribution for orientation FR...
[M::mem_pestat] (25, 50, 75) percentile: (252, 336, 430)
[M::mem_pestat] low and high boundaries for computing mean and std.dev: (1, 786)
[M::mem_pestat] mean and std.dev: (348.66, 130.82)
[M::mem_pestat] low and high boundaries for proper pairs: (1, 964)
[M::mem_pestat] analyzing insert size distribution for orientation RF...
[M::mem_pestat] (25, 50, 75) percentile: (133, 454, 2167)
[M::mem_pestat] low and high boundaries for computing mean and std.dev: (1, 6235)
[M::mem_pestat] mean and std.dev: (1205.74, 1681.83)
[M::mem_pestat] low and high boundaries for proper pairs: (1, 8269)
[M::mem_pestat] analyzing insert size distribution for orientation RR...
[M::mem_pestat] (25, 50, 75) percentile: (157, 316, 696)
[M::mem_pestat] low and high boundaries for computing mean and std.dev: (1, 1774)
[M::mem_pestat] mean and std.dev: (327.56, 268.77)
[M::mem_pestat] low and high boundaries for proper pairs: (1, 2313)
[M::mem_pestat] skip orientation FF
[M::mem_pestat] skip orientation RF
[M::mem_pestat] skip orientation RR
[M::mem_process_seqs] Processed 1455046 reads in 442.251 CPU sec, 72.692 real sec
[M::process] read 1459078 sequences (200000095 bp)...
[M::process] read 1455932 sequences (200000265 bp)...
[M::mem_pestat] # candidate unique pairs for (FF, FR, RF, RR): (68, 562058, 121, 58)
[M::mem_pestat] analyzing insert size distribution for orientation FF...
[M::mem_pestat] (25, 50, 75) percentile: (244, 359, 515)
[M::mem_pestat] low and high boundaries for computing mean and std.dev: (1, 1057)
[M::mem_pestat] mean and std.dev: (364.92, 179.82)
[M::mem_pestat] low and high boundaries for proper pairs: (1, 1328)
[M::mem_pestat] analyzing insert size distribution for orientation FR...
[M::mem_pestat] (25, 50, 75) percentile: (251, 335, 428)
[M::mem_pestat] low and high boundaries for computing mean and std.dev: (1, 782)
[M::mem_pestat] mean and std.dev: (346.64, 129.22)
[M::mem_pestat] low and high boundaries for proper pairs: (1, 959)
[M::mem_pestat] analyzing insert size distribution for orientation RF...
[M::mem_pestat] (25, 50, 75) percentile: (75, 420, 1930)
[M::mem_pestat] low and high boundaries for computing mean and std.dev: (1, 5640)
[M::mem_pestat] mean and std.dev: (835.92, 1245.21)
[M::mem_pestat] low and high boundaries for proper pairs: (1, 7495)
[M::mem_pestat] analyzing insert size distribution for orientation RR...
[M::mem_pestat] (25, 50, 75) percentile: (234, 355, 688)
[M::mem_pestat] low and high boundaries for computing mean and std.dev: (1, 1596)
[M::mem_pestat] mean and std.dev: (429.50, 317.93)
[M::mem_pestat] low and high boundaries for proper pairs: (1, 2050)
[M::mem_pestat] skip orientation FF
[M::mem_pestat] skip orientation RF
[M::mem_pestat] skip orientation RR
[M::mem_process_seqs] Processed 1459078 reads in 438.640 CPU sec, 47.107 real sec
[M::mem_pestat] # candidate unique pairs for (FF, FR, RF, RR): (71, 562769, 130, 60)
[M::mem_pestat] analyzing insert size distribution for orientation FF...
[M::mem_pestat] (25, 50, 75) percentile: (288, 383, 644)
[M::mem_pestat] low and high boundaries for computing mean and std.dev: (1, 1356)
[M::mem_pestat] mean and std.dev: (385.67, 214.84)
[M::mem_pestat] low and high boundaries for proper pairs: (1, 1712)
[M::mem_pestat] analyzing insert size distribution for orientation FR...
[M::mem_pestat] (25, 50, 75) percentile: (255, 339, 434)
[M::mem_pestat] low and high boundaries for computing mean and std.dev: (1, 792)
[M::mem_pestat] mean and std.dev: (351.23, 131.51)
[M::mem_pestat] low and high boundaries for proper pairs: (1, 971)
[M::mem_pestat] analyzing insert size distribution for orientation RF...
[M::mem_pestat] (25, 50, 75) percentile: (118, 448, 2338)
[M::mem_pestat] low and high boundaries for computing mean and std.dev: (1, 6778)
[M::mem_pestat] mean and std.dev: (1179.67, 1687.60)
[M::mem_pestat] low and high boundaries for proper pairs: (1, 8998)
[M::mem_pestat] analyzing insert size distribution for orientation RR...
[M::mem_pestat] (25, 50, 75) percentile: (238, 469, 1081)
[M::mem_pestat] low and high boundaries for computing mean and std.dev: (1, 2767)
[M::mem_pestat] mean and std.dev: (553.22, 485.18)
[M::mem_pestat] low and high boundaries for proper pairs: (1, 3610)
[M::mem_pestat] skip orientation FF
[M::mem_pestat] skip orientation RF
[M::mem_pestat] skip orientation RR
[M::process] read 1455558 sequences (200000059 bp)...
[M::mem_process_seqs] Processed 1455932 reads in 428.373 CPU sec, 47.511 real sec
[M::mem_pestat] # candidate unique pairs for (FF, FR, RF, RR): (72, 562861, 132, 45)
[M::mem_pestat] analyzing insert size distribution for orientation FF...
[M::mem_pestat] (25, 50, 75) percentile: (238, 358, 605)
[M::mem_pestat] low and high boundaries for computing mean and std.dev: (1, 1339)
[M::mem_pestat] mean and std.dev: (388.70, 253.42)
[M::mem_pestat] low and high boundaries for proper pairs: (1, 1706)
[M::mem_pestat] analyzing insert size distribution for orientation FR...
[M::mem_pestat] (25, 50, 75) percentile: (255, 339, 434)
[M::mem_pestat] low and high boundaries for computing mean and std.dev: (1, 792)
[M::mem_pestat] mean and std.dev: (351.40, 131.73)
[M::mem_pestat] low and high boundaries for proper pairs: (1, 971)
[M::mem_pestat] analyzing insert size distribution for orientation RF...
[M::mem_pestat] (25, 50, 75) percentile: (51, 242, 1309)
[M::mem_pestat] low and high boundaries for computing mean and std.dev: (1, 3825)
[M::mem_pestat] mean and std.dev: (622.50, 932.84)
[M::mem_pestat] low and high boundaries for proper pairs: (1, 5083)
[M::mem_pestat] analyzing insert size distribution for orientation RR...
[M::mem_pestat] (25, 50, 75) percentile: (230, 653, 1467)
[M::mem_pestat] low and high boundaries for computing mean and std.dev: (1, 3941)
[M::mem_pestat] mean and std.dev: (856.16, 898.07)
[M::mem_pestat] low and high boundaries for proper pairs: (1, 5178)
[M::mem_pestat] skip orientation FF
[M::mem_pestat] skip orientation RF
[M::mem_pestat] skip orientation RR
[M::mem_process_seqs] Processed 1455558 reads in 434.258 CPU sec, 65.288 real sec
[M::process] read 1456528 sequences (200000200 bp)...
[M::process] read 1459388 sequences (200000104 bp)...
[M::mem_pestat] # candidate unique pairs for (FF, FR, RF, RR): (79, 560505, 126, 46)
[M::mem_pestat] analyzing insert size distribution for orientation FF...
[M::mem_pestat] (25, 50, 75) percentile: (304, 462, 1041)
[M::mem_pestat] low and high boundaries for computing mean and std.dev: (1, 2515)
[M::mem_pestat] mean and std.dev: (548.60, 401.71)
[M::mem_pestat] low and high boundaries for proper pairs: (1, 3252)
[M::mem_pestat] analyzing insert size distribution for orientation FR...
[M::mem_pestat] (25, 50, 75) percentile: (253, 337, 431)
[M::mem_pestat] low and high boundaries for computing mean and std.dev: (1, 787)
[M::mem_pestat] mean and std.dev: (348.79, 130.38)
[M::mem_pestat] low and high boundaries for proper pairs: (1, 965)
[M::mem_pestat] analyzing insert size distribution for orientation RF...
[M::mem_pestat] (25, 50, 75) percentile: (65, 300, 2490)
[M::mem_pestat] low and high boundaries for computing mean and std.dev: (1, 7340)
[M::mem_pestat] mean and std.dev: (1390.77, 2035.14)
[M::mem_pestat] low and high boundaries for proper pairs: (1, 9765)
[M::mem_pestat] analyzing insert size distribution for orientation RR...
[M::mem_pestat] (25, 50, 75) percentile: (169, 363, 666)
[M::mem_pestat] low and high boundaries for computing mean and std.dev: (1, 1660)
[M::mem_pestat] mean and std.dev: (395.90, 286.21)
[M::mem_pestat] low and high boundaries for proper pairs: (1, 2157)
[M::mem_pestat] skip orientation FF
[M::mem_pestat] skip orientation RF
[M::mem_pestat] skip orientation RR
[M::mem_process_seqs] Processed 1456528 reads in 432.505 CPU sec, 44.393 real sec
[M::mem_pestat] # candidate unique pairs for (FF, FR, RF, RR): (72, 562839, 136, 33)
[M::mem_pestat] analyzing insert size distribution for orientation FF...
[M::mem_pestat] (25, 50, 75) percentile: (250, 343, 612)
[M::mem_pestat] low and high boundaries for computing mean and std.dev: (1, 1336)
[M::mem_pestat] mean and std.dev: (414.62, 276.52)
[M::mem_pestat] low and high boundaries for proper pairs: (1, 1698)
[M::mem_pestat] analyzing insert size distribution for orientation FR...
[M::mem_pestat] (25, 50, 75) percentile: (252, 336, 430)
[M::mem_pestat] low and high boundaries for computing mean and std.dev: (1, 786)
[M::mem_pestat] mean and std.dev: (348.18, 129.98)
[M::mem_pestat] low and high boundaries for proper pairs: (1, 964)
[M::mem_pestat] analyzing insert size distribution for orientation RF...
[M::mem_pestat] (25, 50, 75) percentile: (59, 283, 1057)
[M::mem_pestat] low and high boundaries for computing mean and std.dev: (1, 3053)
[M::mem_pestat] mean and std.dev: (469.03, 572.19)
[M::mem_pestat] low and high boundaries for proper pairs: (1, 4051)
[M::mem_pestat] analyzing insert size distribution for orientation RR...
[M::mem_pestat] (25, 50, 75) percentile: (199, 373, 1017)
[M::mem_pestat] low and high boundaries for computing mean and std.dev: (1, 2653)
[M::mem_pestat] mean and std.dev: (613.23, 607.92)
[M::mem_pestat] low and high boundaries for proper pairs: (1, 3471)
[M::mem_pestat] skip orientation FF
[M::mem_pestat] skip orientation RF
[M::mem_pestat] skip orientation RR
[M::process] read 1455532 sequences (200000276 bp)...
[M::mem_process_seqs] Processed 1459388 reads in 430.834 CPU sec, 46.727 real sec
[M::mem_pestat] # candidate unique pairs for (FF, FR, RF, RR): (88, 562619, 116, 45)
[M::mem_pestat] analyzing insert size distribution for orientation FF...
[M::mem_pestat] (25, 50, 75) percentile: (262, 447, 664)
[M::mem_pestat] low and high boundaries for computing mean and std.dev: (1, 1468)
[M::mem_pestat] mean and std.dev: (442.61, 253.54)
[M::mem_pestat] low and high boundaries for proper pairs: (1, 1870)
[M::mem_pestat] analyzing insert size distribution for orientation FR...
[M::mem_pestat] (25, 50, 75) percentile: (255, 339, 434)
[M::mem_pestat] low and high boundaries for computing mean and std.dev: (1, 792)
[M::mem_pestat] mean and std.dev: (351.71, 132.10)
[M::mem_pestat] low and high boundaries for proper pairs: (1, 971)
[M::mem_pestat] analyzing insert size distribution for orientation RF...
[M::mem_pestat] (25, 50, 75) percentile: (127, 705, 3375)
[M::mem_pestat] low and high boundaries for computing mean and std.dev: (1, 9871)
[M::mem_pestat] mean and std.dev: (1856.93, 2384.63)
[M::mem_pestat] low and high boundaries for proper pairs: (1, 13119)
[M::mem_pestat] analyzing insert size distribution for orientation RR...
[M::mem_pestat] (25, 50, 75) percentile: (157, 368, 909)
[M::mem_pestat] low and high boundaries for computing mean and std.dev: (1, 2413)
[M::mem_pestat] mean and std.dev: (439.48, 404.53)
[M::mem_pestat] low and high boundaries for proper pairs: (1, 3165)
[M::mem_pestat] skip orientation FF
[M::mem_pestat] skip orientation RF
[M::mem_pestat] skip orientation RR
[M::process] read 1455166 sequences (200000096 bp)...
[M::mem_process_seqs] Processed 1455532 reads in 427.688 CPU sec, 46.455 real sec
[M::mem_pestat] # candidate unique pairs for (FF, FR, RF, RR): (81, 562097, 128, 42)
[M::mem_pestat] analyzing insert size distribution for orientation FF...
[M::mem_pestat] (25, 50, 75) percentile: (260, 440, 990)
[M::mem_pestat] low and high boundaries for computing mean and std.dev: (1, 2450)
[M::mem_pestat] mean and std.dev: (567.64, 451.52)
[M::mem_pestat] low and high boundaries for proper pairs: (1, 3180)
[M::mem_pestat] analyzing insert size distribution for orientation FR...
[M::mem_pestat] (25, 50, 75) percentile: (254, 338, 433)
[M::mem_pestat] low and high boundaries for computing mean and std.dev: (1, 791)
[M::mem_pestat] mean and std.dev: (350.68, 131.70)
[M::mem_pestat] low and high boundaries for proper pairs: (1, 970)
[M::mem_pestat] analyzing insert size distribution for orientation RF...
[M::mem_pestat] (25, 50, 75) percentile: (133, 404, 3270)
[M::mem_pestat] low and high boundaries for computing mean and std.dev: (1, 9544)
[M::mem_pestat] mean and std.dev: (1777.94, 2392.83)
[M::mem_pestat] low and high boundaries for proper pairs: (1, 12681)
[M::mem_pestat] analyzing insert size distribution for orientation RR...
[M::mem_pestat] (25, 50, 75) percentile: (148, 465, 1173)
[M::mem_pestat] low and high boundaries for computing mean and std.dev: (1, 3223)
[M::mem_pestat] mean and std.dev: (668.23, 665.76)
[M::mem_pestat] low and high boundaries for proper pairs: (1, 4248)
[M::mem_pestat] skip orientation FF
[M::mem_pestat] skip orientation RF
[M::mem_pestat] skip orientation RR
[M::process] read 1459332 sequences (200000001 bp)...
[M::mem_process_seqs] Processed 1455166 reads in 429.220 CPU sec, 46.534 real sec
[M::mem_pestat] # candidate unique pairs for (FF, FR, RF, RR): (93, 560390, 137, 65)
[M::mem_pestat] analyzing insert size distribution for orientation FF...
[M::mem_pestat] (25, 50, 75) percentile: (245, 404, 693)
[M::mem_pestat] low and high boundaries for computing mean and std.dev: (1, 1589)
[M::mem_pestat] mean and std.dev: (405.64, 258.16)
[M::mem_pestat] low and high boundaries for proper pairs: (1, 2037)
[M::mem_pestat] analyzing insert size distribution for orientation FR...
[M::mem_pestat] (25, 50, 75) percentile: (251, 335, 428)
[M::mem_pestat] low and high boundaries for computing mean and std.dev: (1, 782)
[M::mem_pestat] mean and std.dev: (346.98, 129.50)
[M::mem_pestat] low and high boundaries for proper pairs: (1, 959)
[M::mem_pestat] analyzing insert size distribution for orientation RF...
[M::mem_pestat] (25, 50, 75) percentile: (145, 647, 3972)
[M::mem_pestat] low and high boundaries for computing mean and std.dev: (1, 11626)
[M::mem_pestat] mean and std.dev: (2120.33, 2712.26)
[M::mem_pestat] low and high boundaries for proper pairs: (1, 15453)
[M::mem_pestat] analyzing insert size distribution for orientation RR...
[M::mem_pestat] (25, 50, 75) percentile: (263, 414, 722)
[M::mem_pestat] low and high boundaries for computing mean and std.dev: (1, 1640)
[M::mem_pestat] mean and std.dev: (492.65, 371.40)
[M::mem_pestat] low and high boundaries for proper pairs: (1, 2099)
[M::mem_pestat] skip orientation FF
[M::mem_pestat] skip orientation RF
[M::mem_pestat] skip orientation RR
[M::process] read 1457766 sequences (200000270 bp)...
[M::mem_process_seqs] Processed 1459332 reads in 439.267 CPU sec, 47.605 real sec
[M::mem_pestat] # candidate unique pairs for (FF, FR, RF, RR): (71, 564946, 116, 44)
[M::mem_pestat] analyzing insert size distribution for orientation FF...
[M::mem_pestat] (25, 50, 75) percentile: (232, 396, 547)
[M::mem_pestat] low and high boundaries for computing mean and std.dev: (1, 1177)
[M::mem_pestat] mean and std.dev: (370.24, 174.68)
[M::mem_pestat] low and high boundaries for proper pairs: (1, 1492)
[M::mem_pestat] analyzing insert size distribution for orientation FR...
[M::mem_pestat] (25, 50, 75) percentile: (253, 337, 431)
[M::mem_pestat] low and high boundaries for computing mean and std.dev: (1, 787)
[M::mem_pestat] mean and std.dev: (348.73, 130.27)
[M::mem_pestat] low and high boundaries for proper pairs: (1, 965)
[M::mem_pestat] analyzing insert size distribution for orientation RF...
[M::mem_pestat] (25, 50, 75) percentile: (55, 325, 2498)
[M::mem_pestat] low and high boundaries for computing mean and std.dev: (1, 7384)
[M::mem_pestat] mean and std.dev: (1318.32, 1850.32)
[M::mem_pestat] low and high boundaries for proper pairs: (1, 9827)
[M::mem_pestat] analyzing insert size distribution for orientation RR...
[M::mem_pestat] (25, 50, 75) percentile: (169, 360, 651)
[M::mem_pestat] low and high boundaries for computing mean and std.dev: (1, 1615)
[M::mem_pestat] mean and std.dev: (368.30, 276.50)
[M::mem_pestat] low and high boundaries for proper pairs: (1, 2097)
[M::mem_pestat] skip orientation FF
[M::mem_pestat] skip orientation RF
[M::mem_pestat] skip orientation RR
[M::process] read 1455638 sequences (200000046 bp)...
[M::mem_process_seqs] Processed 1457766 reads in 426.698 CPU sec, 46.296 real sec
[M::mem_pestat] # candidate unique pairs for (FF, FR, RF, RR): (62, 562221, 120, 52)
[M::mem_pestat] analyzing insert size distribution for orientation FF...
[M::mem_pestat] (25, 50, 75) percentile: (343, 482, 873)
[M::mem_pestat] low and high boundaries for computing mean and std.dev: (1, 1933)
[M::mem_pestat] mean and std.dev: (607.24, 451.31)
[M::mem_pestat] low and high boundaries for proper pairs: (1, 2463)
[M::mem_pestat] analyzing insert size distribution for orientation FR...
[M::mem_pestat] (25, 50, 75) percentile: (254, 338, 433)
[M::mem_pestat] low and high boundaries for computing mean and std.dev: (1, 791)
[M::mem_pestat] mean and std.dev: (350.37, 131.41)
[M::mem_pestat] low and high boundaries for proper pairs: (1, 970)
[M::mem_pestat] analyzing insert size distribution for orientation RF...
[M::mem_pestat] (25, 50, 75) percentile: (108, 372, 2534)
[M::mem_pestat] low and high boundaries for computing mean and std.dev: (1, 7386)
[M::mem_pestat] mean and std.dev: (1213.08, 1734.29)
[M::mem_pestat] low and high boundaries for proper pairs: (1, 9812)
[M::mem_pestat] analyzing insert size distribution for orientation RR...
[M::mem_pestat] (25, 50, 75) percentile: (210, 402, 631)
[M::mem_pestat] low and high boundaries for computing mean and std.dev: (1, 1473)
[M::mem_pestat] mean and std.dev: (433.02, 327.30)
[M::mem_pestat] low and high boundaries for proper pairs: (1, 1894)
[M::mem_pestat] skip orientation FF
[M::mem_pestat] skip orientation RF
[M::mem_pestat] skip orientation RR
[M::process] read 1456232 sequences (200000255 bp)...
[M::mem_process_seqs] Processed 1455638 reads in 427.506 CPU sec, 46.555 real sec
[M::mem_pestat] # candidate unique pairs for (FF, FR, RF, RR): (64, 561350, 120, 47)
[M::mem_pestat] analyzing insert size distribution for orientation FF...
[M::mem_pestat] (25, 50, 75) percentile: (221, 366, 588)
[M::mem_pestat] low and high boundaries for computing mean and std.dev: (1, 1322)
[M::mem_pestat] mean and std.dev: (423.30, 282.17)
[M::mem_pestat] low and high boundaries for proper pairs: (1, 1689)
[M::mem_pestat] analyzing insert size distribution for orientation FR...
[M::mem_pestat] (25, 50, 75) percentile: (253, 337, 431)
[M::mem_pestat] low and high boundaries for computing mean and std.dev: (1, 787)
[M::mem_pestat] mean and std.dev: (349.46, 130.97)
[M::mem_pestat] low and high boundaries for proper pairs: (1, 965)
[M::mem_pestat] analyzing insert size distribution for orientation RF...
[M::mem_pestat] (25, 50, 75) percentile: (148, 559, 3069)
[M::mem_pestat] low and high boundaries for computing mean and std.dev: (1, 8911)
[M::mem_pestat] mean and std.dev: (1732.76, 2240.29)
[M::mem_pestat] low and high boundaries for proper pairs: (1, 11832)
[M::mem_pestat] analyzing insert size distribution for orientation RR...
[M::mem_pestat] (25, 50, 75) percentile: (141, 232, 737)
[M::mem_pestat] low and high boundaries for computing mean and std.dev: (1, 1929)
[M::mem_pestat] mean and std.dev: (376.09, 364.62)
[M::mem_pestat] low and high boundaries for proper pairs: (1, 2525)
[M::mem_pestat] skip orientation FF
[M::mem_pestat] skip orientation RF
[M::mem_pestat] skip orientation RR
[M::process] read 1461348 sequences (200000201 bp)...
[M::mem_process_seqs] Processed 1456232 reads in 431.064 CPU sec, 46.759 real sec
[M::mem_pestat] # candidate unique pairs for (FF, FR, RF, RR): (63, 562239, 138, 44)
[M::mem_pestat] analyzing insert size distribution for orientation FF...
[M::mem_pestat] (25, 50, 75) percentile: (229, 380, 608)
[M::mem_pestat] low and high boundaries for computing mean and std.dev: (1, 1366)
[M::mem_pestat] mean and std.dev: (389.12, 254.68)
[M::mem_pestat] low and high boundaries for proper pairs: (1, 1745)
[M::mem_pestat] analyzing insert size distribution for orientation FR...
[M::mem_pestat] (25, 50, 75) percentile: (250, 333, 425)
[M::mem_pestat] low and high boundaries for computing mean and std.dev: (1, 775)
[M::mem_pestat] mean and std.dev: (344.85, 128.03)
[M::mem_pestat] low and high boundaries for proper pairs: (1, 950)
[M::mem_pestat] analyzing insert size distribution for orientation RF...
[M::mem_pestat] (25, 50, 75) percentile: (88, 467, 1914)
[M::mem_pestat] low and high boundaries for computing mean and std.dev: (1, 5566)
[M::mem_pestat] mean and std.dev: (1030.98, 1476.64)
[M::mem_pestat] low and high boundaries for proper pairs: (1, 7392)
[M::mem_pestat] analyzing insert size distribution for orientation RR...
[M::mem_pestat] (25, 50, 75) percentile: (268, 404, 1007)
[M::mem_pestat] low and high boundaries for computing mean and std.dev: (1, 2485)
[M::mem_pestat] mean and std.dev: (663.88, 589.12)
[M::mem_pestat] low and high boundaries for proper pairs: (1, 3224)
[M::mem_pestat] skip orientation FF
[M::mem_pestat] skip orientation RF
[M::mem_pestat] skip orientation RR
[M::process] read 1460066 sequences (200000045 bp)...
[M::mem_process_seqs] Processed 1461348 reads in 435.763 CPU sec, 47.211 real sec
[M::mem_pestat] # candidate unique pairs for (FF, FR, RF, RR): (72, 564265, 129, 58)
[M::mem_pestat] analyzing insert size distribution for orientation FF...
[M::mem_pestat] (25, 50, 75) percentile: (235, 402, 739)
[M::mem_pestat] low and high boundaries for computing mean and std.dev: (1, 1747)
[M::mem_pestat] mean and std.dev: (478.88, 361.17)
[M::mem_pestat] low and high boundaries for proper pairs: (1, 2251)
[M::mem_pestat] analyzing insert size distribution for orientation FR...
[M::mem_pestat] (25, 50, 75) percentile: (252, 335, 428)
[M::mem_pestat] low and high boundaries for computing mean and std.dev: (1, 780)
[M::mem_pestat] mean and std.dev: (347.03, 129.18)
[M::mem_pestat] low and high boundaries for proper pairs: (1, 956)
[M::mem_pestat] analyzing insert size distribution for orientation RF...
[M::mem_pestat] (25, 50, 75) percentile: (89, 447, 2124)
[M::mem_pestat] low and high boundaries for computing mean and std.dev: (1, 6194)
[M::mem_pestat] mean and std.dev: (1109.20, 1415.67)
[M::mem_pestat] low and high boundaries for proper pairs: (1, 8229)
[M::mem_pestat] analyzing insert size distribution for orientation RR...
[M::mem_pestat] (25, 50, 75) percentile: (233, 365, 633)
[M::mem_pestat] low and high boundaries for computing mean and std.dev: (1, 1433)
[M::mem_pestat] mean and std.dev: (395.06, 266.47)
[M::mem_pestat] low and high boundaries for proper pairs: (1, 1833)
[M::mem_pestat] skip orientation FF
[M::mem_pestat] skip orientation RF
[M::mem_pestat] skip orientation RR
[M::process] read 1457368 sequences (200000152 bp)...
[M::mem_process_seqs] Processed 1460066 reads in 427.379 CPU sec, 46.460 real sec
[M::mem_pestat] # candidate unique pairs for (FF, FR, RF, RR): (77, 562335, 145, 55)
[M::mem_pestat] analyzing insert size distribution for orientation FF...
[M::mem_pestat] (25, 50, 75) percentile: (310, 389, 632)
[M::mem_pestat] low and high boundaries for computing mean and std.dev: (1, 1276)
[M::mem_pestat] mean and std.dev: (410.62, 170.39)
[M::mem_pestat] low and high boundaries for proper pairs: (1, 1598)
[M::mem_pestat] analyzing insert size distribution for orientation FR...
[M::mem_pestat] (25, 50, 75) percentile: (253, 337, 431)
[M::mem_pestat] low and high boundaries for computing mean and std.dev: (1, 787)
[M::mem_pestat] mean and std.dev: (349.18, 130.61)
[M::mem_pestat] low and high boundaries for proper pairs: (1, 965)
[M::mem_pestat] analyzing insert size distribution for orientation RF...
[M::mem_pestat] (25, 50, 75) percentile: (53, 376, 2304)
[M::mem_pestat] low and high boundaries for computing mean and std.dev: (1, 6806)
[M::mem_pestat] mean and std.dev: (1115.58, 1620.33)
[M::mem_pestat] low and high boundaries for proper pairs: (1, 9057)
[M::mem_pestat] analyzing insert size distribution for orientation RR...
[M::mem_pestat] (25, 50, 75) percentile: (192, 264, 518)
[M::mem_pestat] low and high boundaries for computing mean and std.dev: (1, 1170)
[M::mem_pestat] mean and std.dev: (298.09, 194.48)
[M::mem_pestat] low and high boundaries for proper pairs: (1, 1496)
[M::mem_pestat] skip orientation FF
[M::mem_pestat] skip orientation RF
[M::mem_pestat] skip orientation RR
[M::process] read 1459270 sequences (200000273 bp)...
[M::mem_process_seqs] Processed 1457368 reads in 433.166 CPU sec, 47.119 real sec
[M::mem_pestat] # candidate unique pairs for (FF, FR, RF, RR): (88, 561837, 152, 58)
[M::mem_pestat] analyzing insert size distribution for orientation FF...
[M::mem_pestat] (25, 50, 75) percentile: (243, 426, 945)
[M::mem_pestat] low and high boundaries for computing mean and std.dev: (1, 2349)
[M::mem_pestat] mean and std.dev: (544.06, 422.32)
[M::mem_pestat] low and high boundaries for proper pairs: (1, 3051)
[M::mem_pestat] analyzing insert size distribution for orientation FR...
[M::mem_pestat] (25, 50, 75) percentile: (252, 336, 429)
[M::mem_pestat] low and high boundaries for computing mean and std.dev: (1, 783)
[M::mem_pestat] mean and std.dev: (347.77, 129.66)
[M::mem_pestat] low and high boundaries for proper pairs: (1, 960)
[M::mem_pestat] analyzing insert size distribution for orientation RF...
[M::mem_pestat] (25, 50, 75) percentile: (91, 322, 2423)
[M::mem_pestat] low and high boundaries for computing mean and std.dev: (1, 7087)
[M::mem_pestat] mean and std.dev: (1202.59, 1833.15)
[M::mem_pestat] low and high boundaries for proper pairs: (1, 9419)
[M::mem_pestat] analyzing insert size distribution for orientation RR...
[M::mem_pestat] (25, 50, 75) percentile: (213, 345, 684)
[M::mem_pestat] low and high boundaries for computing mean and std.dev: (1, 1626)
[M::mem_pestat] mean and std.dev: (347.36, 261.11)
[M::mem_pestat] low and high boundaries for proper pairs: (1, 2097)
[M::mem_pestat] skip orientation FF
[M::mem_pestat] skip orientation RF
[M::mem_pestat] skip orientation RR
[M::process] read 1464378 sequences (200000279 bp)...
[M::mem_process_seqs] Processed 1459270 reads in 434.817 CPU sec, 47.160 real sec
[M::mem_pestat] # candidate unique pairs for (FF, FR, RF, RR): (82, 564953, 106, 45)
[M::mem_pestat] analyzing insert size distribution for orientation FF...
[M::mem_pestat] (25, 50, 75) percentile: (320, 437, 698)
[M::mem_pestat] low and high boundaries for computing mean and std.dev: (1, 1454)
[M::mem_pestat] mean and std.dev: (454.23, 266.84)
[M::mem_pestat] low and high boundaries for proper pairs: (1, 1832)
[M::mem_pestat] analyzing insert size distribution for orientation FR...
[M::mem_pestat] (25, 50, 75) percentile: (248, 330, 422)
[M::mem_pestat] low and high boundaries for computing mean and std.dev: (1, 770)
[M::mem_pestat] mean and std.dev: (341.79, 126.37)
[M::mem_pestat] low and high boundaries for proper pairs: (1, 944)
[M::mem_pestat] analyzing insert size distribution for orientation RF...
[M::mem_pestat] (25, 50, 75) percentile: (58, 261, 1644)
[M::mem_pestat] low and high boundaries for computing mean and std.dev: (1, 4816)
[M::mem_pestat] mean and std.dev: (665.44, 1052.15)
[M::mem_pestat] low and high boundaries for proper pairs: (1, 6402)
[M::mem_pestat] analyzing insert size distribution for orientation RR...
[M::mem_pestat] (25, 50, 75) percentile: (193, 373, 1181)
[M::mem_pestat] low and high boundaries for computing mean and std.dev: (1, 3157)
[M::mem_pestat] mean and std.dev: (629.81, 634.14)
[M::mem_pestat] low and high boundaries for proper pairs: (1, 4145)
[M::mem_pestat] skip orientation FF
[M::mem_pestat] skip orientation RF
[M::mem_pestat] skip orientation RR
[M::process] read 1461360 sequences (200000180 bp)...
[M::mem_process_seqs] Processed 1464378 reads in 434.010 CPU sec, 47.096 real sec
[M::mem_pestat] # candidate unique pairs for (FF, FR, RF, RR): (57, 564289, 140, 50)
[M::mem_pestat] analyzing insert size distribution for orientation FF...
[M::mem_pestat] (25, 50, 75) percentile: (224, 369, 697)
[M::mem_pestat] low and high boundaries for computing mean and std.dev: (1, 1643)
[M::mem_pestat] mean and std.dev: (428.06, 351.12)
[M::mem_pestat] low and high boundaries for proper pairs: (1, 2116)
[M::mem_pestat] analyzing insert size distribution for orientation FR...
[M::mem_pestat] (25, 50, 75) percentile: (250, 333, 424)
[M::mem_pestat] low and high boundaries for computing mean and std.dev: (1, 772)
[M::mem_pestat] mean and std.dev: (343.76, 127.51)
[M::mem_pestat] low and high boundaries for proper pairs: (1, 946)
[M::mem_pestat] analyzing insert size distribution for orientation RF...
[M::mem_pestat] (25, 50, 75) percentile: (84, 428, 2536)
[M::mem_pestat] low and high boundaries for computing mean and std.dev: (1, 7440)
[M::mem_pestat] mean and std.dev: (1329.72, 1992.87)
[M::mem_pestat] low and high boundaries for proper pairs: (1, 9892)
[M::mem_pestat] analyzing insert size distribution for orientation RR...
[M::mem_pestat] (25, 50, 75) percentile: (200, 299, 992)
[M::mem_pestat] low and high boundaries for computing mean and std.dev: (1, 2576)
[M::mem_pestat] mean and std.dev: (450.98, 453.89)
[M::mem_pestat] low and high boundaries for proper pairs: (1, 3368)
[M::mem_pestat] skip orientation FF
[M::mem_pestat] skip orientation RF
[M::mem_pestat] skip orientation RR
[M::process] read 1460452 sequences (200000270 bp)...
[M::mem_process_seqs] Processed 1461360 reads in 429.963 CPU sec, 46.728 real sec
[M::mem_pestat] # candidate unique pairs for (FF, FR, RF, RR): (80, 563984, 149, 41)
[M::mem_pestat] analyzing insert size distribution for orientation FF...
[M::mem_pestat] (25, 50, 75) percentile: (229, 385, 672)
[M::mem_pestat] low and high boundaries for computing mean and std.dev: (1, 1558)
[M::mem_pestat] mean and std.dev: (422.90, 285.17)
[M::mem_pestat] low and high boundaries for proper pairs: (1, 2001)
[M::mem_pestat] analyzing insert size distribution for orientation FR...
[M::mem_pestat] (25, 50, 75) percentile: (251, 334, 426)
[M::mem_pestat] low and high boundaries for computing mean and std.dev: (1, 776)
[M::mem_pestat] mean and std.dev: (345.76, 128.37)
[M::mem_pestat] low and high boundaries for proper pairs: (1, 951)
[M::mem_pestat] analyzing insert size distribution for orientation RF...
[M::mem_pestat] (25, 50, 75) percentile: (64, 395, 1908)
[M::mem_pestat] low and high boundaries for computing mean and std.dev: (1, 5596)
[M::mem_pestat] mean and std.dev: (931.64, 1340.12)
[M::mem_pestat] low and high boundaries for proper pairs: (1, 7440)
[M::mem_pestat] analyzing insert size distribution for orientation RR...
[M::mem_pestat] (25, 50, 75) percentile: (285, 486, 1007)
[M::mem_pestat] low and high boundaries for computing mean and std.dev: (1, 2451)
[M::mem_pestat] mean and std.dev: (521.86, 411.03)
[M::mem_pestat] low and high boundaries for proper pairs: (1, 3173)
[M::mem_pestat] skip orientation FF
[M::mem_pestat] skip orientation RF
[M::mem_pestat] skip orientation RR
[M::process] read 1464984 sequences (200000234 bp)...
[M::mem_process_seqs] Processed 1460452 reads in 430.516 CPU sec, 46.796 real sec
[M::mem_pestat] # candidate unique pairs for (FF, FR, RF, RR): (70, 563747, 136, 52)
[M::mem_pestat] analyzing insert size distribution for orientation FF...
[M::mem_pestat] (25, 50, 75) percentile: (292, 411, 601)
[M::mem_pestat] low and high boundaries for computing mean and std.dev: (1, 1219)
[M::mem_pestat] mean and std.dev: (417.24, 238.47)
[M::mem_pestat] low and high boundaries for proper pairs: (1, 1528)
[M::mem_pestat] analyzing insert size distribution for orientation FR...
[M::mem_pestat] (25, 50, 75) percentile: (250, 332, 425)
[M::mem_pestat] low and high boundaries for computing mean and std.dev: (1, 775)
[M::mem_pestat] mean and std.dev: (344.49, 127.52)
[M::mem_pestat] low and high boundaries for proper pairs: (1, 950)
[M::mem_pestat] analyzing insert size distribution for orientation RF...
[M::mem_pestat] (25, 50, 75) percentile: (85, 254, 1689)
[M::mem_pestat] low and high boundaries for computing mean and std.dev: (1, 4897)
[M::mem_pestat] mean and std.dev: (766.23, 1199.42)
[M::mem_pestat] low and high boundaries for proper pairs: (1, 6501)
[M::mem_pestat] analyzing insert size distribution for orientation RR...
[M::mem_pestat] (25, 50, 75) percentile: (188, 333, 830)
[M::mem_pestat] low and high boundaries for computing mean and std.dev: (1, 2114)
[M::mem_pestat] mean and std.dev: (459.44, 407.17)
[M::mem_pestat] low and high boundaries for proper pairs: (1, 2756)
[M::mem_pestat] skip orientation FF
[M::mem_pestat] skip orientation RF
[M::mem_pestat] skip orientation RR
[M::process] read 1461826 sequences (200000156 bp)...
[M::mem_process_seqs] Processed 1464984 reads in 438.199 CPU sec, 47.494 real sec
[M::mem_pestat] # candidate unique pairs for (FF, FR, RF, RR): (68, 564799, 149, 42)
[M::mem_pestat] analyzing insert size distribution for orientation FF...
[M::mem_pestat] (25, 50, 75) percentile: (302, 374, 525)
[M::mem_pestat] low and high boundaries for computing mean and std.dev: (1, 971)
[M::mem_pestat] mean and std.dev: (384.47, 159.35)
[M::mem_pestat] low and high boundaries for proper pairs: (1, 1194)
[M::mem_pestat] analyzing insert size distribution for orientation FR...
[M::mem_pestat] (25, 50, 75) percentile: (254, 338, 432)
[M::mem_pestat] low and high boundaries for computing mean and std.dev: (1, 788)
[M::mem_pestat] mean and std.dev: (349.63, 130.75)
[M::mem_pestat] low and high boundaries for proper pairs: (1, 966)
[M::mem_pestat] analyzing insert size distribution for orientation RF...
[M::mem_pestat] (25, 50, 75) percentile: (41, 448, 3448)
[M::mem_pestat] low and high boundaries for computing mean and std.dev: (1, 10262)
[M::mem_pestat] mean and std.dev: (1849.89, 2665.44)
[M::mem_pestat] low and high boundaries for proper pairs: (1, 13669)
[M::mem_pestat] analyzing insert size distribution for orientation RR...
[M::mem_pestat] (25, 50, 75) percentile: (343, 594, 1297)
[M::mem_pestat] low and high boundaries for computing mean and std.dev: (1, 3205)
[M::mem_pestat] mean and std.dev: (817.36, 785.91)
[M::mem_pestat] low and high boundaries for proper pairs: (1, 4159)
[M::mem_pestat] skip orientation FF
[M::mem_pestat] skip orientation RF
[M::mem_pestat] skip orientation RR
[M::process] read 1459112 sequences (200000088 bp)...
[M::mem_process_seqs] Processed 1461826 reads in 430.538 CPU sec, 46.768 real sec
[M::mem_pestat] # candidate unique pairs for (FF, FR, RF, RR): (85, 563394, 141, 47)
[M::mem_pestat] analyzing insert size distribution for orientation FF...
[M::mem_pestat] (25, 50, 75) percentile: (311, 489, 742)
[M::mem_pestat] low and high boundaries for computing mean and std.dev: (1, 1604)
[M::mem_pestat] mean and std.dev: (506.75, 331.17)
[M::mem_pestat] low and high boundaries for proper pairs: (1, 2035)
[M::mem_pestat] analyzing insert size distribution for orientation FR...
[M::mem_pestat] (25, 50, 75) percentile: (255, 339, 435)
[M::mem_pestat] low and high boundaries for computing mean and std.dev: (1, 795)
[M::mem_pestat] mean and std.dev: (351.73, 132.41)
[M::mem_pestat] low and high boundaries for proper pairs: (1, 975)
[M::mem_pestat] analyzing insert size distribution for orientation RF...
[M::mem_pestat] (25, 50, 75) percentile: (131, 472, 2508)
[M::mem_pestat] low and high boundaries for computing mean and std.dev: (1, 7262)
[M::mem_pestat] mean and std.dev: (1290.72, 1818.03)
[M::mem_pestat] low and high boundaries for proper pairs: (1, 9639)
[M::mem_pestat] analyzing insert size distribution for orientation RR...
[M::mem_pestat] (25, 50, 75) percentile: (165, 346, 650)
[M::mem_pestat] low and high boundaries for computing mean and std.dev: (1, 1620)
[M::mem_pestat] mean and std.dev: (359.03, 269.73)
[M::mem_pestat] low and high boundaries for proper pairs: (1, 2105)
[M::mem_pestat] skip orientation FF
[M::mem_pestat] skip orientation RF
[M::mem_pestat] skip orientation RR
[M::process] read 1457430 sequences (200000233 bp)...
[M::mem_process_seqs] Processed 1459112 reads in 431.952 CPU sec, 46.928 real sec
[M::mem_pestat] # candidate unique pairs for (FF, FR, RF, RR): (82, 560985, 127, 46)
[M::mem_pestat] analyzing insert size distribution for orientation FF...
[M::mem_pestat] (25, 50, 75) percentile: (251, 394, 691)
[M::mem_pestat] low and high boundaries for computing mean and std.dev: (1, 1571)
[M::mem_pestat] mean and std.dev: (423.24, 276.26)
[M::mem_pestat] low and high boundaries for proper pairs: (1, 2011)
[M::mem_pestat] analyzing insert size distribution for orientation FR...
[M::mem_pestat] (25, 50, 75) percentile: (254, 339, 435)
[M::mem_pestat] low and high boundaries for computing mean and std.dev: (1, 797)
[M::mem_pestat] mean and std.dev: (351.58, 132.63)
[M::mem_pestat] low and high boundaries for proper pairs: (1, 978)
[M::mem_pestat] analyzing insert size distribution for orientation RF...
[M::mem_pestat] (25, 50, 75) percentile: (62, 335, 1690)
[M::mem_pestat] low and high boundaries for computing mean and std.dev: (1, 4946)
[M::mem_pestat] mean and std.dev: (696.13, 1134.75)
[M::mem_pestat] low and high boundaries for proper pairs: (1, 6574)
[M::mem_pestat] analyzing insert size distribution for orientation RR...
[M::mem_pestat] (25, 50, 75) percentile: (193, 305, 527)
[M::mem_pestat] low and high boundaries for computing mean and std.dev: (1, 1195)
[M::mem_pestat] mean and std.dev: (302.72, 182.59)
[M::mem_pestat] low and high boundaries for proper pairs: (1, 1529)
[M::mem_pestat] skip orientation FF
[M::mem_pestat] skip orientation RF
[M::mem_pestat] skip orientation RR
[M::process] read 1461506 sequences (200000050 bp)...
[M::mem_process_seqs] Processed 1457430 reads in 434.850 CPU sec, 47.283 real sec
[M::mem_pestat] # candidate unique pairs for (FF, FR, RF, RR): (90, 563833, 103, 46)
[M::mem_pestat] analyzing insert size distribution for orientation FF...
[M::mem_pestat] (25, 50, 75) percentile: (260, 401, 607)
[M::mem_pestat] low and high boundaries for computing mean and std.dev: (1, 1301)
[M::mem_pestat] mean and std.dev: (404.32, 225.37)
[M::mem_pestat] low and high boundaries for proper pairs: (1, 1648)
[M::mem_pestat] analyzing insert size distribution for orientation FR...
[M::mem_pestat] (25, 50, 75) percentile: (254, 338, 433)
[M::mem_pestat] low and high boundaries for computing mean and std.dev: (1, 791)
[M::mem_pestat] mean and std.dev: (350.17, 131.17)
[M::mem_pestat] low and high boundaries for proper pairs: (1, 970)
[M::mem_pestat] analyzing insert size distribution for orientation RF...
[M::mem_pestat] (25, 50, 75) percentile: (115, 420, 2825)
[M::mem_pestat] low and high boundaries for computing mean and std.dev: (1, 8245)
[M::mem_pestat] mean and std.dev: (1577.44, 2196.38)
[M::mem_pestat] low and high boundaries for proper pairs: (1, 10955)
[M::mem_pestat] analyzing insert size distribution for orientation RR...
[M::mem_pestat] (25, 50, 75) percentile: (173, 421, 1382)
[M::mem_pestat] low and high boundaries for computing mean and std.dev: (1, 3800)
[M::mem_pestat] mean and std.dev: (555.23, 637.00)
[M::mem_pestat] low and high boundaries for proper pairs: (1, 5009)
[M::mem_pestat] skip orientation FF
[M::mem_pestat] skip orientation RF
[M::mem_pestat] skip orientation RR
[M::process] read 1459226 sequences (200000125 bp)...
[M::mem_process_seqs] Processed 1461506 reads in 433.723 CPU sec, 47.041 real sec
[M::mem_pestat] # candidate unique pairs for (FF, FR, RF, RR): (67, 563969, 139, 45)
[M::mem_pestat] analyzing insert size distribution for orientation FF...
[M::mem_pestat] (25, 50, 75) percentile: (278, 406, 732)
[M::mem_pestat] low and high boundaries for computing mean and std.dev: (1, 1640)
[M::mem_pestat] mean and std.dev: (466.02, 333.16)
[M::mem_pestat] low and high boundaries for proper pairs: (1, 2094)
[M::mem_pestat] analyzing insert size distribution for orientation FR...
[M::mem_pestat] (25, 50, 75) percentile: (256, 340, 436)
[M::mem_pestat] low and high boundaries for computing mean and std.dev: (1, 796)
[M::mem_pestat] mean and std.dev: (352.86, 132.82)
[M::mem_pestat] low and high boundaries for proper pairs: (1, 976)
[M::mem_pestat] analyzing insert size distribution for orientation RF...
[M::mem_pestat] (25, 50, 75) percentile: (109, 504, 3344)
[M::mem_pestat] low and high boundaries for computing mean and std.dev: (1, 9814)
[M::mem_pestat] mean and std.dev: (1705.22, 2393.77)
[M::mem_pestat] low and high boundaries for proper pairs: (1, 13049)
[M::mem_pestat] analyzing insert size distribution for orientation RR...
[M::mem_pestat] (25, 50, 75) percentile: (322, 534, 1261)
[M::mem_pestat] low and high boundaries for computing mean and std.dev: (1, 3139)
[M::mem_pestat] mean and std.dev: (812.02, 794.84)
[M::mem_pestat] low and high boundaries for proper pairs: (1, 4078)
[M::mem_pestat] skip orientation FF
[M::mem_pestat] skip orientation RF
[M::mem_pestat] skip orientation RR
[M::process] read 1459828 sequences (200000268 bp)...
[M::mem_process_seqs] Processed 1459226 reads in 430.694 CPU sec, 46.757 real sec
[M::mem_pestat] # candidate unique pairs for (FF, FR, RF, RR): (79, 562692, 140, 31)
[M::mem_pestat] analyzing insert size distribution for orientation FF...
[M::mem_pestat] (25, 50, 75) percentile: (286, 398, 656)
[M::mem_pestat] low and high boundaries for computing mean and std.dev: (1, 1396)
[M::mem_pestat] mean and std.dev: (428.69, 269.84)
[M::mem_pestat] low and high boundaries for proper pairs: (1, 1766)
[M::mem_pestat] analyzing insert size distribution for orientation FR...
[M::mem_pestat] (25, 50, 75) percentile: (256, 341, 437)
[M::mem_pestat] low and high boundaries for computing mean and std.dev: (1, 799)
[M::mem_pestat] mean and std.dev: (353.47, 133.25)
[M::mem_pestat] low and high boundaries for proper pairs: (1, 980)
[M::mem_pestat] analyzing insert size distribution for orientation RF...
[M::mem_pestat] (25, 50, 75) percentile: (91, 409, 1837)
[M::mem_pestat] low and high boundaries for computing mean and std.dev: (1, 5329)
[M::mem_pestat] mean and std.dev: (928.28, 1312.83)
[M::mem_pestat] low and high boundaries for proper pairs: (1, 7075)
[M::mem_pestat] analyzing insert size distribution for orientation RR...
[M::mem_pestat] (25, 50, 75) percentile: (332, 431, 1004)
[M::mem_pestat] low and high boundaries for computing mean and std.dev: (1, 2348)
[M::mem_pestat] mean and std.dev: (503.00, 358.92)
[M::mem_pestat] low and high boundaries for proper pairs: (1, 3020)
[M::mem_pestat] skip orientation FF
[M::mem_pestat] skip orientation RF
[M::mem_pestat] skip orientation RR
[M::process] read 1459654 sequences (200000264 bp)...
[M::mem_process_seqs] Processed 1459828 reads in 434.733 CPU sec, 47.186 real sec
[M::mem_pestat] # candidate unique pairs for (FF, FR, RF, RR): (69, 560999, 122, 43)
[M::mem_pestat] analyzing insert size distribution for orientation FF...
[M::mem_pestat] (25, 50, 75) percentile: (325, 452, 818)
[M::mem_pestat] low and high boundaries for computing mean and std.dev: (1, 1804)
[M::mem_pestat] mean and std.dev: (539.39, 356.46)
[M::mem_pestat] low and high boundaries for proper pairs: (1, 2297)
[M::mem_pestat] analyzing insert size distribution for orientation FR...
[M::mem_pestat] (25, 50, 75) percentile: (254, 338, 434)
[M::mem_pestat] low and high boundaries for computing mean and std.dev: (1, 794)
[M::mem_pestat] mean and std.dev: (351.21, 132.21)
[M::mem_pestat] low and high boundaries for proper pairs: (1, 974)
[M::mem_pestat] analyzing insert size distribution for orientation RF...
[M::mem_pestat] (25, 50, 75) percentile: (63, 450, 2473)
[M::mem_pestat] low and high boundaries for computing mean and std.dev: (1, 7293)
[M::mem_pestat] mean and std.dev: (1326.37, 1825.38)
[M::mem_pestat] low and high boundaries for proper pairs: (1, 9703)
[M::mem_pestat] analyzing insert size distribution for orientation RR...
[M::mem_pestat] (25, 50, 75) percentile: (145, 396, 535)
[M::mem_pestat] low and high boundaries for computing mean and std.dev: (1, 1315)
[M::mem_pestat] mean and std.dev: (325.68, 243.06)
[M::mem_pestat] low and high boundaries for proper pairs: (1, 1705)
[M::mem_pestat] skip orientation FF
[M::mem_pestat] skip orientation RF
[M::mem_pestat] skip orientation RR
[M::mem_process_seqs] Processed 1459654 reads in 439.716 CPU sec, 76.855 real sec
[M::process] read 1460814 sequences (200000286 bp)...
[M::process] read 1459960 sequences (200000108 bp)...
[M::mem_pestat] # candidate unique pairs for (FF, FR, RF, RR): (69, 564320, 144, 51)
[M::mem_pestat] analyzing insert size distribution for orientation FF...
[M::mem_pestat] (25, 50, 75) percentile: (300, 408, 676)
[M::mem_pestat] low and high boundaries for computing mean and std.dev: (1, 1428)
[M::mem_pestat] mean and std.dev: (444.98, 262.19)
[M::mem_pestat] low and high boundaries for proper pairs: (1, 1804)
[M::mem_pestat] analyzing insert size distribution for orientation FR...
[M::mem_pestat] (25, 50, 75) percentile: (255, 339, 434)
[M::mem_pestat] low and high boundaries for computing mean and std.dev: (1, 792)
[M::mem_pestat] mean and std.dev: (351.43, 131.79)
[M::mem_pestat] low and high boundaries for proper pairs: (1, 971)
[M::mem_pestat] analyzing insert size distribution for orientation RF...
[M::mem_pestat] (25, 50, 75) percentile: (70, 222, 1049)
[M::mem_pestat] low and high boundaries for computing mean and std.dev: (1, 3007)
[M::mem_pestat] mean and std.dev: (415.75, 603.99)
[M::mem_pestat] low and high boundaries for proper pairs: (1, 3986)
[M::mem_pestat] analyzing insert size distribution for orientation RR...
[M::mem_pestat] (25, 50, 75) percentile: (211, 376, 853)
[M::mem_pestat] low and high boundaries for computing mean and std.dev: (1, 2137)
[M::mem_pestat] mean and std.dev: (547.98, 523.04)
[M::mem_pestat] low and high boundaries for proper pairs: (1, 2779)
[M::mem_pestat] skip orientation FF
[M::mem_pestat] skip orientation RF
[M::mem_pestat] skip orientation RR
[M::mem_process_seqs] Processed 1460814 reads in 429.997 CPU sec, 43.961 real sec
[M::mem_pestat] # candidate unique pairs for (FF, FR, RF, RR): (100, 562566, 116, 54)
[M::mem_pestat] analyzing insert size distribution for orientation FF...
[M::mem_pestat] (25, 50, 75) percentile: (279, 464, 674)
[M::mem_pestat] low and high boundaries for computing mean and std.dev: (1, 1464)
[M::mem_pestat] mean and std.dev: (420.09, 221.28)
[M::mem_pestat] low and high boundaries for proper pairs: (1, 1859)
[M::mem_pestat] analyzing insert size distribution for orientation FR...
[M::mem_pestat] (25, 50, 75) percentile: (256, 341, 437)
[M::mem_pestat] low and high boundaries for computing mean and std.dev: (1, 799)
[M::mem_pestat] mean and std.dev: (353.62, 133.31)
[M::mem_pestat] low and high boundaries for proper pairs: (1, 980)
[M::mem_pestat] analyzing insert size distribution for orientation RF...
[M::mem_pestat] (25, 50, 75) percentile: (98, 332, 1626)
[M::mem_pestat] low and high boundaries for computing mean and std.dev: (1, 4682)
[M::mem_pestat] mean and std.dev: (705.64, 954.87)
[M::mem_pestat] low and high boundaries for proper pairs: (1, 6210)
[M::mem_pestat] analyzing insert size distribution for orientation RR...
[M::mem_pestat] (25, 50, 75) percentile: (219, 475, 1304)
[M::mem_pestat] low and high boundaries for computing mean and std.dev: (1, 3474)
[M::mem_pestat] mean and std.dev: (703.54, 664.99)
[M::mem_pestat] low and high boundaries for proper pairs: (1, 4559)
[M::mem_pestat] skip orientation FF
[M::mem_pestat] skip orientation RF
[M::mem_pestat] skip orientation RR
[M::process] read 1457094 sequences (200000265 bp)...
[M::mem_process_seqs] Processed 1459960 reads in 431.487 CPU sec, 46.847 real sec
[M::mem_pestat] # candidate unique pairs for (FF, FR, RF, RR): (97, 561169, 130, 49)
[M::mem_pestat] analyzing insert size distribution for orientation FF...
[M::mem_pestat] (25, 50, 75) percentile: (234, 330, 604)
[M::mem_pestat] low and high boundaries for computing mean and std.dev: (1, 1344)
[M::mem_pestat] mean and std.dev: (378.69, 252.34)
[M::mem_pestat] low and high boundaries for proper pairs: (1, 1714)
[M::mem_pestat] analyzing insert size distribution for orientation FR...
[M::mem_pestat] (25, 50, 75) percentile: (256, 341, 437)
[M::mem_pestat] low and high boundaries for computing mean and std.dev: (1, 799)
[M::mem_pestat] mean and std.dev: (353.40, 133.55)
[M::mem_pestat] low and high boundaries for proper pairs: (1, 980)
[M::mem_pestat] analyzing insert size distribution for orientation RF...
[M::mem_pestat] (25, 50, 75) percentile: (45, 234, 2072)
[M::mem_pestat] low and high boundaries for computing mean and std.dev: (1, 6126)
[M::mem_pestat] mean and std.dev: (1055.15, 1575.37)
[M::mem_pestat] low and high boundaries for proper pairs: (1, 8153)
[M::mem_pestat] analyzing insert size distribution for orientation RR...
[M::mem_pestat] (25, 50, 75) percentile: (194, 314, 804)
[M::mem_pestat] low and high boundaries for computing mean and std.dev: (1, 2024)
[M::mem_pestat] mean and std.dev: (359.85, 258.15)
[M::mem_pestat] low and high boundaries for proper pairs: (1, 2634)
[M::mem_pestat] skip orientation FF
[M::mem_pestat] skip orientation RF
[M::mem_pestat] skip orientation RR
[M::process] read 1459504 sequences (200000010 bp)...
[M::mem_process_seqs] Processed 1457094 reads in 431.133 CPU sec, 46.772 real sec
[M::mem_pestat] # candidate unique pairs for (FF, FR, RF, RR): (63, 561719, 116, 50)
[M::mem_pestat] analyzing insert size distribution for orientation FF...
[M::mem_pestat] (25, 50, 75) percentile: (268, 364, 523)
[M::mem_pestat] low and high boundaries for computing mean and std.dev: (1, 1033)
[M::mem_pestat] mean and std.dev: (374.89, 173.93)
[M::mem_pestat] low and high boundaries for proper pairs: (1, 1288)
[M::mem_pestat] analyzing insert size distribution for orientation FR...
[M::mem_pestat] (25, 50, 75) percentile: (254, 338, 433)
[M::mem_pestat] low and high boundaries for computing mean and std.dev: (1, 791)
[M::mem_pestat] mean and std.dev: (350.62, 131.72)
[M::mem_pestat] low and high boundaries for proper pairs: (1, 970)
[M::mem_pestat] analyzing insert size distribution for orientation RF...
[M::mem_pestat] (25, 50, 75) percentile: (96, 440, 2287)
[M::mem_pestat] low and high boundaries for computing mean and std.dev: (1, 6669)
[M::mem_pestat] mean and std.dev: (1131.97, 1672.74)
[M::mem_pestat] low and high boundaries for proper pairs: (1, 8860)
[M::mem_pestat] analyzing insert size distribution for orientation RR...
[M::mem_pestat] (25, 50, 75) percentile: (148, 389, 699)
[M::mem_pestat] low and high boundaries for computing mean and std.dev: (1, 1801)
[M::mem_pestat] mean and std.dev: (376.72, 358.70)
[M::mem_pestat] low and high boundaries for proper pairs: (1, 2352)
[M::mem_pestat] skip orientation FF
[M::mem_pestat] skip orientation RF
[M::mem_pestat] skip orientation RR
[M::process] read 1462666 sequences (200000131 bp)...
[M::mem_process_seqs] Processed 1459504 reads in 432.780 CPU sec, 46.969 real sec
[M::mem_pestat] # candidate unique pairs for (FF, FR, RF, RR): (87, 564169, 122, 45)
[M::mem_pestat] analyzing insert size distribution for orientation FF...
[M::mem_pestat] (25, 50, 75) percentile: (296, 422, 641)
[M::mem_pestat] low and high boundaries for computing mean and std.dev: (1, 1331)
[M::mem_pestat] mean and std.dev: (402.81, 229.12)
[M::mem_pestat] low and high boundaries for proper pairs: (1, 1676)
[M::mem_pestat] analyzing insert size distribution for orientation FR...
[M::mem_pestat] (25, 50, 75) percentile: (255, 340, 435)
[M::mem_pestat] low and high boundaries for computing mean and std.dev: (1, 795)
[M::mem_pestat] mean and std.dev: (351.83, 132.06)
[M::mem_pestat] low and high boundaries for proper pairs: (1, 975)
[M::mem_pestat] analyzing insert size distribution for orientation RF...
[M::mem_pestat] (25, 50, 75) percentile: (62, 340, 1332)
[M::mem_pestat] low and high boundaries for computing mean and std.dev: (1, 3872)
[M::mem_pestat] mean and std.dev: (645.32, 910.92)
[M::mem_pestat] low and high boundaries for proper pairs: (1, 5142)
[M::mem_pestat] analyzing insert size distribution for orientation RR...
[M::mem_pestat] (25, 50, 75) percentile: (191, 377, 799)
[M::mem_pestat] low and high boundaries for computing mean and std.dev: (1, 2015)
[M::mem_pestat] mean and std.dev: (431.40, 359.59)
[M::mem_pestat] low and high boundaries for proper pairs: (1, 2623)
[M::mem_pestat] skip orientation FF
[M::mem_pestat] skip orientation RF
[M::mem_pestat] skip orientation RR
[M::process] read 1459622 sequences (200000114 bp)...
[M::mem_process_seqs] Processed 1462666 reads in 432.243 CPU sec, 46.873 real sec
[M::mem_pestat] # candidate unique pairs for (FF, FR, RF, RR): (59, 562234, 120, 44)
[M::mem_pestat] analyzing insert size distribution for orientation FF...
[M::mem_pestat] (25, 50, 75) percentile: (279, 458, 721)
[M::mem_pestat] low and high boundaries for computing mean and std.dev: (1, 1605)
[M::mem_pestat] mean and std.dev: (454.94, 249.47)
[M::mem_pestat] low and high boundaries for proper pairs: (1, 2047)
[M::mem_pestat] analyzing insert size distribution for orientation FR...
[M::mem_pestat] (25, 50, 75) percentile: (256, 340, 436)
[M::mem_pestat] low and high boundaries for computing mean and std.dev: (1, 796)
[M::mem_pestat] mean and std.dev: (353.03, 133.00)
[M::mem_pestat] low and high boundaries for proper pairs: (1, 976)
[M::mem_pestat] analyzing insert size distribution for orientation RF...
[M::mem_pestat] (25, 50, 75) percentile: (88, 463, 2557)
[M::mem_pestat] low and high boundaries for computing mean and std.dev: (1, 7495)
[M::mem_pestat] mean and std.dev: (1379.69, 1760.72)
[M::mem_pestat] low and high boundaries for proper pairs: (1, 9964)
[M::mem_pestat] analyzing insert size distribution for orientation RR...
[M::mem_pestat] (25, 50, 75) percentile: (190, 302, 619)
[M::mem_pestat] low and high boundaries for computing mean and std.dev: (1, 1477)
[M::mem_pestat] mean and std.dev: (339.44, 254.03)
[M::mem_pestat] low and high boundaries for proper pairs: (1, 1906)
[M::mem_pestat] skip orientation FF
[M::mem_pestat] skip orientation RF
[M::mem_pestat] skip orientation RR
[M::process] read 1459190 sequences (200000270 bp)...
[M::mem_process_seqs] Processed 1459622 reads in 433.054 CPU sec, 47.034 real sec
[M::mem_pestat] # candidate unique pairs for (FF, FR, RF, RR): (67, 561060, 117, 44)
[M::mem_pestat] analyzing insert size distribution for orientation FF...
[M::mem_pestat] (25, 50, 75) percentile: (230, 369, 503)
[M::mem_pestat] low and high boundaries for computing mean and std.dev: (1, 1049)
[M::mem_pestat] mean and std.dev: (392.41, 212.57)
[M::mem_pestat] low and high boundaries for proper pairs: (1, 1322)
[M::mem_pestat] analyzing insert size distribution for orientation FR...
[M::mem_pestat] (25, 50, 75) percentile: (255, 339, 434)
[M::mem_pestat] low and high boundaries for computing mean and std.dev: (1, 792)
[M::mem_pestat] mean and std.dev: (351.54, 132.40)
[M::mem_pestat] low and high boundaries for proper pairs: (1, 971)
[M::mem_pestat] analyzing insert size distribution for orientation RF...
[M::mem_pestat] (25, 50, 75) percentile: (77, 465, 2708)
[M::mem_pestat] low and high boundaries for computing mean and std.dev: (1, 7970)
[M::mem_pestat] mean and std.dev: (1400.88, 1968.22)
[M::mem_pestat] low and high boundaries for proper pairs: (1, 10601)
[M::mem_pestat] analyzing insert size distribution for orientation RR...
[M::mem_pestat] (25, 50, 75) percentile: (182, 287, 662)
[M::mem_pestat] low and high boundaries for computing mean and std.dev: (1, 1622)
[M::mem_pestat] mean and std.dev: (424.30, 362.17)
[M::mem_pestat] low and high boundaries for proper pairs: (1, 2102)
[M::mem_pestat] skip orientation FF
[M::mem_pestat] skip orientation RF
[M::mem_pestat] skip orientation RR
[M::process] read 1465700 sequences (200000182 bp)...
[M::mem_process_seqs] Processed 1459190 reads in 434.597 CPU sec, 47.126 real sec
[M::mem_pestat] # candidate unique pairs for (FF, FR, RF, RR): (62, 563788, 133, 57)
[M::mem_pestat] analyzing insert size distribution for orientation FF...
[M::mem_pestat] (25, 50, 75) percentile: (317, 456, 834)
[M::mem_pestat] low and high boundaries for computing mean and std.dev: (1, 1868)
[M::mem_pestat] mean and std.dev: (520.67, 362.46)
[M::mem_pestat] low and high boundaries for proper pairs: (1, 2385)
[M::mem_pestat] analyzing insert size distribution for orientation FR...
[M::mem_pestat] (25, 50, 75) percentile: (252, 336, 429)
[M::mem_pestat] low and high boundaries for computing mean and std.dev: (1, 783)
[M::mem_pestat] mean and std.dev: (347.71, 129.89)
[M::mem_pestat] low and high boundaries for proper pairs: (1, 960)
[M::mem_pestat] analyzing insert size distribution for orientation RF...
[M::mem_pestat] (25, 50, 75) percentile: (104, 526, 3934)
[M::mem_pestat] low and high boundaries for computing mean and std.dev: (1, 11594)
[M::mem_pestat] mean and std.dev: (2167.65, 2936.96)
[M::mem_pestat] low and high boundaries for proper pairs: (1, 15424)
[M::mem_pestat] analyzing insert size distribution for orientation RR...
[M::mem_pestat] (25, 50, 75) percentile: (178, 339, 663)
[M::mem_pestat] low and high boundaries for computing mean and std.dev: (1, 1633)
[M::mem_pestat] mean and std.dev: (410.71, 323.74)
[M::mem_pestat] low and high boundaries for proper pairs: (1, 2118)
[M::mem_pestat] skip orientation FF
[M::mem_pestat] skip orientation RF
[M::mem_pestat] skip orientation RR
[M::process] read 1466162 sequences (200000028 bp)...
[M::mem_process_seqs] Processed 1465700 reads in 436.817 CPU sec, 47.346 real sec
[M::mem_pestat] # candidate unique pairs for (FF, FR, RF, RR): (89, 565184, 133, 38)
[M::mem_pestat] analyzing insert size distribution for orientation FF...
[M::mem_pestat] (25, 50, 75) percentile: (262, 399, 936)
[M::mem_pestat] low and high boundaries for computing mean and std.dev: (1, 2284)
[M::mem_pestat] mean and std.dev: (545.74, 425.62)
[M::mem_pestat] low and high boundaries for proper pairs: (1, 2958)
[M::mem_pestat] analyzing insert size distribution for orientation FR...
[M::mem_pestat] (25, 50, 75) percentile: (254, 338, 432)
[M::mem_pestat] low and high boundaries for computing mean and std.dev: (1, 788)
[M::mem_pestat] mean and std.dev: (350.11, 130.84)
[M::mem_pestat] low and high boundaries for proper pairs: (1, 966)
[M::mem_pestat] analyzing insert size distribution for orientation RF...
[M::mem_pestat] (25, 50, 75) percentile: (46, 428, 2221)
[M::mem_pestat] low and high boundaries for computing mean and std.dev: (1, 6571)
[M::mem_pestat] mean and std.dev: (964.92, 1377.89)
[M::mem_pestat] low and high boundaries for proper pairs: (1, 8746)
[M::mem_pestat] analyzing insert size distribution for orientation RR...
[M::mem_pestat] (25, 50, 75) percentile: (151, 320, 574)
[M::mem_pestat] low and high boundaries for computing mean and std.dev: (1, 1420)
[M::mem_pestat] mean and std.dev: (333.70, 268.88)
[M::mem_pestat] low and high boundaries for proper pairs: (1, 1843)
[M::mem_pestat] skip orientation FF
[M::mem_pestat] skip orientation RF
[M::mem_pestat] skip orientation RR
[M::mem_process_seqs] Processed 1466162 reads in 446.082 CPU sec, 70.590 real sec
[M::process] read 1463084 sequences (200000145 bp)...
[M::process] read 1462358 sequences (200000198 bp)...
[M::mem_pestat] # candidate unique pairs for (FF, FR, RF, RR): (82, 562845, 109, 49)
[M::mem_pestat] analyzing insert size distribution for orientation FF...
[M::mem_pestat] (25, 50, 75) percentile: (193, 387, 748)
[M::mem_pestat] low and high boundaries for computing mean and std.dev: (1, 1858)
[M::mem_pestat] mean and std.dev: (453.65, 372.52)
[M::mem_pestat] low and high boundaries for proper pairs: (1, 2413)
[M::mem_pestat] analyzing insert size distribution for orientation FR...
[M::mem_pestat] (25, 50, 75) percentile: (255, 339, 434)
[M::mem_pestat] low and high boundaries for computing mean and std.dev: (1, 792)
[M::mem_pestat] mean and std.dev: (351.64, 132.01)
[M::mem_pestat] low and high boundaries for proper pairs: (1, 971)
[M::mem_pestat] analyzing insert size distribution for orientation RF...
[M::mem_pestat] (25, 50, 75) percentile: (85, 343, 2752)
[M::mem_pestat] low and high boundaries for computing mean and std.dev: (1, 8086)
[M::mem_pestat] mean and std.dev: (1362.83, 2109.47)
[M::mem_pestat] low and high boundaries for proper pairs: (1, 10753)
[M::mem_pestat] analyzing insert size distribution for orientation RR...
[M::mem_pestat] (25, 50, 75) percentile: (189, 305, 654)
[M::mem_pestat] low and high boundaries for computing mean and std.dev: (1, 1584)
[M::mem_pestat] mean and std.dev: (411.67, 348.89)
[M::mem_pestat] low and high boundaries for proper pairs: (1, 2049)
[M::mem_pestat] skip orientation FF
[M::mem_pestat] skip orientation RF
[M::mem_pestat] skip orientation RR
[M::mem_process_seqs] Processed 1463084 reads in 434.071 CPU sec, 45.837 real sec
[M::mem_pestat] # candidate unique pairs for (FF, FR, RF, RR): (61, 561385, 114, 37)
[M::mem_pestat] analyzing insert size distribution for orientation FF...
[M::mem_pestat] (25, 50, 75) percentile: (300, 448, 771)
[M::mem_pestat] low and high boundaries for computing mean and std.dev: (1, 1713)
[M::mem_pestat] mean and std.dev: (462.35, 263.40)
[M::mem_pestat] low and high boundaries for proper pairs: (1, 2184)
[M::mem_pestat] analyzing insert size distribution for orientation FR...
[M::mem_pestat] (25, 50, 75) percentile: (253, 337, 432)
[M::mem_pestat] low and high boundaries for computing mean and std.dev: (1, 790)
[M::mem_pestat] mean and std.dev: (349.79, 131.29)
[M::mem_pestat] low and high boundaries for proper pairs: (1, 969)
[M::mem_pestat] analyzing insert size distribution for orientation RF...
[M::mem_pestat] (25, 50, 75) percentile: (89, 676, 3145)
[M::mem_pestat] low and high boundaries for computing mean and std.dev: (1, 9257)
[M::mem_pestat] mean and std.dev: (1629.58, 2112.01)
[M::mem_pestat] low and high boundaries for proper pairs: (1, 12313)
[M::mem_pestat] analyzing insert size distribution for orientation RR...
[M::mem_pestat] (25, 50, 75) percentile: (229, 372, 689)
[M::mem_pestat] low and high boundaries for computing mean and std.dev: (1, 1609)
[M::mem_pestat] mean and std.dev: (398.97, 252.34)
[M::mem_pestat] low and high boundaries for proper pairs: (1, 2069)
[M::mem_pestat] skip orientation FF
[M::mem_pestat] skip orientation RF
[M::mem_pestat] skip orientation RR
[M::process] read 1474278 sequences (200000093 bp)...
[M::mem_process_seqs] Processed 1462358 reads in 438.856 CPU sec, 47.607 real sec
[M::mem_pestat] # candidate unique pairs for (FF, FR, RF, RR): (80, 567483, 116, 53)
[M::mem_pestat] analyzing insert size distribution for orientation FF...
[M::mem_pestat] (25, 50, 75) percentile: (273, 400, 666)
[M::mem_pestat] low and high boundaries for computing mean and std.dev: (1, 1452)
[M::mem_pestat] mean and std.dev: (440.52, 294.27)
[M::mem_pestat] low and high boundaries for proper pairs: (1, 1845)
[M::mem_pestat] analyzing insert size distribution for orientation FR...
[M::mem_pestat] (25, 50, 75) percentile: (250, 332, 423)
[M::mem_pestat] low and high boundaries for computing mean and std.dev: (1, 769)
[M::mem_pestat] mean and std.dev: (343.11, 126.90)
[M::mem_pestat] low and high boundaries for proper pairs: (1, 942)
[M::mem_pestat] analyzing insert size distribution for orientation RF...
[M::mem_pestat] (25, 50, 75) percentile: (55, 330, 2143)
[M::mem_pestat] low and high boundaries for computing mean and std.dev: (1, 6319)
[M::mem_pestat] mean and std.dev: (990.31, 1603.39)
[M::mem_pestat] low and high boundaries for proper pairs: (1, 8407)
[M::mem_pestat] analyzing insert size distribution for orientation RR...
[M::mem_pestat] (25, 50, 75) percentile: (228, 395, 689)
[M::mem_pestat] low and high boundaries for computing mean and std.dev: (1, 1611)
[M::mem_pestat] mean and std.dev: (444.71, 331.57)
[M::mem_pestat] low and high boundaries for proper pairs: (1, 2072)
[M::mem_pestat] skip orientation FF
[M::mem_pestat] skip orientation RF
[M::mem_pestat] skip orientation RR
[M::process] read 1467938 sequences (200000148 bp)...
[M::mem_process_seqs] Processed 1474278 reads in 433.738 CPU sec, 47.126 real sec
[M::process] read 1463102 sequences (200000174 bp)...
[M::mem_pestat] # candidate unique pairs for (FF, FR, RF, RR): (78, 565580, 131, 44)
[M::mem_pestat] analyzing insert size distribution for orientation FF...
[M::mem_pestat] (25, 50, 75) percentile: (295, 390, 695)
[M::mem_pestat] low and high boundaries for computing mean and std.dev: (1, 1495)
[M::mem_pestat] mean and std.dev: (461.04, 290.81)
[M::mem_pestat] low and high boundaries for proper pairs: (1, 1895)
[M::mem_pestat] analyzing insert size distribution for orientation FR...
[M::mem_pestat] (25, 50, 75) percentile: (252, 335, 428)
[M::mem_pestat] low and high boundaries for computing mean and std.dev: (1, 780)
[M::mem_pestat] mean and std.dev: (346.92, 129.17)
[M::mem_pestat] low and high boundaries for proper pairs: (1, 956)
[M::mem_pestat] analyzing insert size distribution for orientation RF...
[M::mem_pestat] (25, 50, 75) percentile: (67, 460, 1700)
[M::mem_pestat] low and high boundaries for computing mean and std.dev: (1, 4966)
[M::mem_pestat] mean and std.dev: (811.91, 1118.70)
[M::mem_pestat] low and high boundaries for proper pairs: (1, 6599)
[M::mem_pestat] analyzing insert size distribution for orientation RR...
[M::mem_pestat] (25, 50, 75) percentile: (135, 236, 622)
[M::mem_pestat] low and high boundaries for computing mean and std.dev: (1, 1596)
[M::mem_pestat] mean and std.dev: (343.88, 301.28)
[M::mem_pestat] low and high boundaries for proper pairs: (1, 2083)
[M::mem_pestat] skip orientation FF
[M::mem_pestat] skip orientation RF
[M::mem_pestat] skip orientation RR
[M::mem_process_seqs] Processed 1467938 reads in 433.954 CPU sec, 47.218 real sec
[M::mem_pestat] # candidate unique pairs for (FF, FR, RF, RR): (77, 562681, 135, 55)
[M::mem_pestat] analyzing insert size distribution for orientation FF...
[M::mem_pestat] (25, 50, 75) percentile: (260, 366, 589)
[M::mem_pestat] low and high boundaries for computing mean and std.dev: (1, 1247)
[M::mem_pestat] mean and std.dev: (406.80, 213.93)
[M::mem_pestat] low and high boundaries for proper pairs: (1, 1576)
[M::mem_pestat] analyzing insert size distribution for orientation FR...
[M::mem_pestat] (25, 50, 75) percentile: (254, 337, 431)
[M::mem_pestat] low and high boundaries for computing mean and std.dev: (1, 785)
[M::mem_pestat] mean and std.dev: (349.17, 130.56)
[M::mem_pestat] low and high boundaries for proper pairs: (1, 962)
[M::mem_pestat] analyzing insert size distribution for orientation RF...
[M::mem_pestat] (25, 50, 75) percentile: (63, 312, 2016)
[M::mem_pestat] low and high boundaries for computing mean and std.dev: (1, 5922)
[M::mem_pestat] mean and std.dev: (935.71, 1388.06)
[M::mem_pestat] low and high boundaries for proper pairs: (1, 7875)
[M::mem_pestat] analyzing insert size distribution for orientation RR...
[M::mem_pestat] (25, 50, 75) percentile: (157, 252, 461)
[M::mem_pestat] low and high boundaries for computing mean and std.dev: (1, 1069)
[M::mem_pestat] mean and std.dev: (276.62, 207.04)
[M::mem_pestat] low and high boundaries for proper pairs: (1, 1373)
[M::mem_pestat] skip orientation FF
[M::mem_pestat] skip orientation RF
[M::mem_pestat] skip orientation RR
[M::process] read 689302 sequences (93976063 bp)...
[M::mem_process_seqs] Processed 1463102 reads in 432.299 CPU sec, 46.995 real sec
[M::mem_pestat] # candidate unique pairs for (FF, FR, RF, RR): (31, 264032, 69, 21)
[M::mem_pestat] analyzing insert size distribution for orientation FF...
[M::mem_pestat] (25, 50, 75) percentile: (210, 352, 491)
[M::mem_pestat] low and high boundaries for computing mean and std.dev: (1, 1053)
[M::mem_pestat] mean and std.dev: (363.03, 179.08)
[M::mem_pestat] low and high boundaries for proper pairs: (1, 1334)
[M::mem_pestat] analyzing insert size distribution for orientation FR...
[M::mem_pestat] (25, 50, 75) percentile: (253, 336, 430)
[M::mem_pestat] low and high boundaries for computing mean and std.dev: (1, 784)
[M::mem_pestat] mean and std.dev: (348.42, 130.13)
[M::mem_pestat] low and high boundaries for proper pairs: (1, 961)
[M::mem_pestat] analyzing insert size distribution for orientation RF...
[M::mem_pestat] (25, 50, 75) percentile: (162, 568, 2321)
[M::mem_pestat] low and high boundaries for computing mean and std.dev: (1, 6639)
[M::mem_pestat] mean and std.dev: (1132.83, 1501.71)
[M::mem_pestat] low and high boundaries for proper pairs: (1, 8798)
[M::mem_pestat] analyzing insert size distribution for orientation RR...
[M::mem_pestat] (25, 50, 75) percentile: (222, 310, 1193)
[M::mem_pestat] low and high boundaries for computing mean and std.dev: (1, 3135)
[M::mem_pestat] mean and std.dev: (530.30, 513.17)
[M::mem_pestat] low and high boundaries for proper pairs: (1, 4106)
[M::mem_pestat] skip orientation FF
[M::mem_pestat] skip orientation RF
[M::mem_pestat] skip orientation RR
[M::mem_process_seqs] Processed 689302 reads in 209.692 CPU sec, 23.615 real sec
[main] Version: 0.7.17-r1188
[main] CMD:samblaster: Marked 2597982 of 31736628 (8.19%) read ids as duplicates bwa mem using 527880k memory in  -t1M 2013S -R(73.242S) @RG\tID:FG_GL_19T_095\tPL:ILLUMINA\tPU:HJMNCDSX7.2\tSM:FG_GL_19T_095\tCN:MCGILL\tBC:AAGGAAGAGT-NCCTAACGTG CPU seconds and  /storage/scratch/iee/dj20y461/Stickleback/G_aculeatus/FITNESS//data/ref_A_X/stickleback_v5_assembly_A_X.fasta36M /storage/scratch/iee/dj20y461/Stickleback/G_aculeatus/FITNESS//data/trimmed/FG_GL_19T_095.R1.trimmed.fastq.gz59S /storage/scratch/iee/dj20y461/Stickleback/G_aculeatus/FITNESS//data/trimmed/FG_GL_19T_095.R2.trimmed.fastq.gz(2219S) wall time.

[main] Real time: 2219.196 sec; CPU: 18881.774 sec
[bam_sort_core] merging from 20 files and 20 in-memory blocks...
