samblaster: Version 0.1.24
samblaster: Inputting from stdin
samblaster: Outputting to stdout
[M::bwa_idx_load_from_disk] read 0 ALT contigs
[M::process] read 1452378 sequences (200000157 bp)...
[M::mem_pestat] # candidate unique pairs for (FF, FR, RF, RR): (30, 550087, 142, 27)
[M::mem_pestat] analyzing insert size distribution for orientation FF...
[M::mem_pestat] (25, 50, 75) percentile: (192, 372, 736)
[M::mem_pestat] low and high boundaries for computing mean and std.dev: (1, 1824)
[M::mem_pestat] mean and std.dev: (385.92, 372.50)
[M::mem_pestat] low and high boundaries for proper pairs: (1, 2368)
[M::mem_pestat] analyzing insert size distribution for orientation FR...
[M::mem_pestat] (25, 50, 75) percentile: (210, 283, 365)
[M::mem_pestat] low and high boundaries for computing mean and std.dev: (1, 675)
[M::mem_pestat] mean and std.dev: (294.78, 108.73)
[M::mem_pestat] low and high boundaries for proper pairs: (1, 830)
[M::mem_pestat] analyzing insert size distribution for orientation RF...
[M::mem_pestat] (25, 50, 75) percentile: (76, 251, 957)
[M::mem_pestat] low and high boundaries for computing mean and std.dev: (1, 2719)
[M::mem_pestat] mean and std.dev: (342.76, 427.26)
[M::mem_pestat] low and high boundaries for proper pairs: (1, 3600)
[M::mem_pestat] analyzing insert size distribution for orientation RR...
[M::mem_pestat] (25, 50, 75) percentile: (199, 317, 530)
[M::mem_pestat] low and high boundaries for computing mean and std.dev: (1, 1192)
[M::mem_pestat] mean and std.dev: (308.83, 159.93)
[M::mem_pestat] low and high boundaries for proper pairs: (1, 1523)
[M::mem_pestat] skip orientation FF
[M::mem_pestat] skip orientation RF
[M::mem_pestat] skip orientation RR
[M::mem_process_seqs] Processed 1452378 reads in 476.000 CPU sec, 114.309 real sec
samblaster: Loaded 23 header sequence entries.
[M::process] read 1452732 sequences (200000280 bp)...
[M::process] read 1452308 sequences (200000111 bp)...
[M::mem_pestat] # candidate unique pairs for (FF, FR, RF, RR): (26, 549089, 115, 31)
[M::mem_pestat] analyzing insert size distribution for orientation FF...
[M::mem_pestat] (25, 50, 75) percentile: (174, 284, 483)
[M::mem_pestat] low and high boundaries for computing mean and std.dev: (1, 1101)
[M::mem_pestat] mean and std.dev: (285.18, 219.12)
[M::mem_pestat] low and high boundaries for proper pairs: (1, 1410)
[M::mem_pestat] analyzing insert size distribution for orientation FR...
[M::mem_pestat] (25, 50, 75) percentile: (211, 284, 365)
[M::mem_pestat] low and high boundaries for computing mean and std.dev: (1, 673)
[M::mem_pestat] mean and std.dev: (295.39, 108.80)
[M::mem_pestat] low and high boundaries for proper pairs: (1, 827)
[M::mem_pestat] analyzing insert size distribution for orientation RF...
[M::mem_pestat] (25, 50, 75) percentile: (66, 264, 1129)
[M::mem_pestat] low and high boundaries for computing mean and std.dev: (1, 3255)
[M::mem_pestat] mean and std.dev: (465.62, 696.42)
[M::mem_pestat] low and high boundaries for proper pairs: (1, 4318)
[M::mem_pestat] analyzing insert size distribution for orientation RR...
[M::mem_pestat] (25, 50, 75) percentile: (178, 237, 495)
[M::mem_pestat] low and high boundaries for computing mean and std.dev: (1, 1129)
[M::mem_pestat] mean and std.dev: (278.39, 197.85)
[M::mem_pestat] low and high boundaries for proper pairs: (1, 1446)
[M::mem_pestat] skip orientation FF
[M::mem_pestat] skip orientation RF
[M::mem_pestat] skip orientation RR
[M::mem_process_seqs] Processed 1452732 reads in 452.283 CPU sec, 49.886 real sec
[M::process] read 1452622 sequences (200000109 bp)...
[M::mem_pestat] # candidate unique pairs for (FF, FR, RF, RR): (34, 547921, 115, 38)
[M::mem_pestat] analyzing insert size distribution for orientation FF...
[M::mem_pestat] (25, 50, 75) percentile: (200, 304, 350)
[M::mem_pestat] low and high boundaries for computing mean and std.dev: (1, 650)
[M::mem_pestat] mean and std.dev: (248.17, 107.34)
[M::mem_pestat] low and high boundaries for proper pairs: (1, 800)
[M::mem_pestat] analyzing insert size distribution for orientation FR...
[M::mem_pestat] (25, 50, 75) percentile: (211, 284, 366)
[M::mem_pestat] low and high boundaries for computing mean and std.dev: (1, 676)
[M::mem_pestat] mean and std.dev: (295.72, 109.35)
[M::mem_pestat] low and high boundaries for proper pairs: (1, 831)
[M::mem_pestat] analyzing insert size distribution for orientation RF...
[M::mem_pestat] (25, 50, 75) percentile: (52, 192, 756)
[M::mem_pestat] low and high boundaries for computing mean and std.dev: (1, 2164)
[M::mem_pestat] mean and std.dev: (272.58, 357.38)
[M::mem_pestat] low and high boundaries for proper pairs: (1, 2868)
[M::mem_pestat] analyzing insert size distribution for orientation RR...
[M::mem_pestat] (25, 50, 75) percentile: (153, 244, 346)
[M::mem_pestat] low and high boundaries for computing mean and std.dev: (1, 732)
[M::mem_pestat] mean and std.dev: (233.03, 125.68)
[M::mem_pestat] low and high boundaries for proper pairs: (1, 925)
[M::mem_pestat] skip orientation FF
[M::mem_pestat] skip orientation RF
[M::mem_pestat] skip orientation RR
[M::mem_process_seqs] Processed 1452308 reads in 453.636 CPU sec, 51.784 real sec
[M::process] read 1453054 sequences (200000178 bp)...
[M::mem_pestat] # candidate unique pairs for (FF, FR, RF, RR): (33, 548870, 117, 27)
[M::mem_pestat] analyzing insert size distribution for orientation FF...
[M::mem_pestat] (25, 50, 75) percentile: (185, 273, 396)
[M::mem_pestat] low and high boundaries for computing mean and std.dev: (1, 818)
[M::mem_pestat] mean and std.dev: (249.64, 140.27)
[M::mem_pestat] low and high boundaries for proper pairs: (1, 1029)
[M::mem_pestat] analyzing insert size distribution for orientation FR...
[M::mem_pestat] (25, 50, 75) percentile: (210, 284, 366)
[M::mem_pestat] low and high boundaries for computing mean and std.dev: (1, 678)
[M::mem_pestat] mean and std.dev: (295.49, 109.54)
[M::mem_pestat] low and high boundaries for proper pairs: (1, 834)
[M::mem_pestat] analyzing insert size distribution for orientation RF...
[M::mem_pestat] (25, 50, 75) percentile: (85, 326, 1100)
[M::mem_pestat] low and high boundaries for computing mean and std.dev: (1, 3130)
[M::mem_pestat] mean and std.dev: (519.26, 694.84)
[M::mem_pestat] low and high boundaries for proper pairs: (1, 4145)
[M::mem_pestat] analyzing insert size distribution for orientation RR...
[M::mem_pestat] (25, 50, 75) percentile: (141, 271, 431)
[M::mem_pestat] low and high boundaries for computing mean and std.dev: (1, 1011)
[M::mem_pestat] mean and std.dev: (251.26, 153.28)
[M::mem_pestat] low and high boundaries for proper pairs: (1, 1301)
[M::mem_pestat] skip orientation FF
[M::mem_pestat] skip orientation RF
[M::mem_pestat] skip orientation RR
[M::mem_process_seqs] Processed 1452622 reads in 453.242 CPU sec, 50.009 real sec
[M::mem_pestat] # candidate unique pairs for (FF, FR, RF, RR): (30, 548657, 132, 26)
[M::mem_pestat] analyzing insert size distribution for orientation FF...
[M::mem_pestat] (25, 50, 75) percentile: (191, 336, 523)
[M::mem_pestat] low and high boundaries for computing mean and std.dev: (1, 1187)
[M::mem_pestat] mean and std.dev: (325.14, 206.24)
[M::mem_pestat] low and high boundaries for proper pairs: (1, 1519)
[M::mem_pestat] analyzing insert size distribution for orientation FR...
[M::mem_pestat] (25, 50, 75) percentile: (210, 283, 365)
[M::mem_pestat] low and high boundaries for computing mean and std.dev: (1, 675)
[M::mem_pestat] mean and std.dev: (294.66, 108.89)
[M::mem_pestat] low and high boundaries for proper pairs: (1, 830)
[M::mem_pestat] analyzing insert size distribution for orientation RF...
[M::mem_pestat] (25, 50, 75) percentile: (54, 285, 1396)
[M::mem_pestat] low and high boundaries for computing mean and std.dev: (1, 4080)
[M::mem_pestat] mean and std.dev: (586.73, 933.91)
[M::mem_pestat] low and high boundaries for proper pairs: (1, 5422)
[M::mem_pestat] analyzing insert size distribution for orientation RR...
[M::mem_pestat] (25, 50, 75) percentile: (157, 316, 1676)
[M::mem_pestat] low and high boundaries for computing mean and std.dev: (1, 4714)
[M::mem_pestat] mean and std.dev: (916.40, 1199.30)
[M::mem_pestat] low and high boundaries for proper pairs: (1, 6233)
[M::mem_pestat] skip orientation FF
[M::mem_pestat] skip orientation RF
[M::mem_pestat] skip orientation RR
[M::process] read 1454462 sequences (200000018 bp)...
[M::mem_process_seqs] Processed 1453054 reads in 450.380 CPU sec, 49.510 real sec
[M::process] read 1457490 sequences (200000267 bp)...
[M::mem_pestat] # candidate unique pairs for (FF, FR, RF, RR): (23, 548920, 118, 19)
[M::mem_pestat] analyzing insert size distribution for orientation FF...
[M::mem_pestat] (25, 50, 75) percentile: (217, 308, 640)
[M::mem_pestat] low and high boundaries for computing mean and std.dev: (1, 1486)
[M::mem_pestat] mean and std.dev: (363.60, 289.04)
[M::mem_pestat] low and high boundaries for proper pairs: (1, 1909)
[M::mem_pestat] analyzing insert size distribution for orientation FR...
[M::mem_pestat] (25, 50, 75) percentile: (210, 283, 364)
[M::mem_pestat] low and high boundaries for computing mean and std.dev: (1, 672)
[M::mem_pestat] mean and std.dev: (294.40, 108.44)
[M::mem_pestat] low and high boundaries for proper pairs: (1, 826)
[M::mem_pestat] analyzing insert size distribution for orientation RF...
[M::mem_pestat] (25, 50, 75) percentile: (110, 315, 2895)
[M::mem_pestat] low and high boundaries for computing mean and std.dev: (1, 8465)
[M::mem_pestat] mean and std.dev: (1364.49, 1980.00)
[M::mem_pestat] low and high boundaries for proper pairs: (1, 11250)
[M::mem_pestat] analyzing insert size distribution for orientation RR...
[M::mem_pestat] (25, 50, 75) percentile: (181, 374, 758)
[M::mem_pestat] low and high boundaries for computing mean and std.dev: (1, 1912)
[M::mem_pestat] mean and std.dev: (430.59, 358.45)
[M::mem_pestat] low and high boundaries for proper pairs: (1, 2489)
[M::mem_pestat] skip orientation FF
[M::mem_pestat] skip orientation RF
[M::mem_pestat] skip orientation RR
[M::mem_process_seqs] Processed 1454462 reads in 453.580 CPU sec, 50.836 real sec
[M::process] read 1456484 sequences (200000074 bp)...
[M::mem_pestat] # candidate unique pairs for (FF, FR, RF, RR): (27, 551012, 102, 34)
[M::mem_pestat] analyzing insert size distribution for orientation FF...
[M::mem_pestat] (25, 50, 75) percentile: (147, 190, 610)
[M::mem_pestat] low and high boundaries for computing mean and std.dev: (1, 1536)
[M::mem_pestat] mean and std.dev: (260.74, 219.06)
[M::mem_pestat] low and high boundaries for proper pairs: (1, 1999)
[M::mem_pestat] analyzing insert size distribution for orientation FR...
[M::mem_pestat] (25, 50, 75) percentile: (209, 281, 362)
[M::mem_pestat] low and high boundaries for computing mean and std.dev: (1, 668)
[M::mem_pestat] mean and std.dev: (292.72, 107.50)
[M::mem_pestat] low and high boundaries for proper pairs: (1, 821)
[M::mem_pestat] analyzing insert size distribution for orientation RF...
[M::mem_pestat] (25, 50, 75) percentile: (33, 311, 1732)
[M::mem_pestat] low and high boundaries for computing mean and std.dev: (1, 5130)
[M::mem_pestat] mean and std.dev: (1003.55, 1426.63)
[M::mem_pestat] low and high boundaries for proper pairs: (1, 6829)
[M::mem_pestat] analyzing insert size distribution for orientation RR...
[M::mem_pestat] (25, 50, 75) percentile: (158, 377, 3347)
[M::mem_pestat] low and high boundaries for computing mean and std.dev: (1, 9725)
[M::mem_pestat] mean and std.dev: (1735.21, 2345.89)
[M::mem_pestat] low and high boundaries for proper pairs: (1, 12914)
[M::mem_pestat] skip orientation FF
[M::mem_pestat] skip orientation RF
[M::mem_pestat] skip orientation RR
[M::mem_process_seqs] Processed 1457490 reads in 450.233 CPU sec, 49.643 real sec
[M::mem_pestat] # candidate unique pairs for (FF, FR, RF, RR): (36, 550399, 102, 28)
[M::mem_pestat] analyzing insert size distribution for orientation FF...
[M::mem_pestat] (25, 50, 75) percentile: (99, 218, 642)
[M::mem_pestat] low and high boundaries for computing mean and std.dev: (1, 1728)
[M::mem_pestat] mean and std.dev: (271.13, 257.80)
[M::mem_pestat] low and high boundaries for proper pairs: (1, 2271)
[M::mem_pestat] analyzing insert size distribution for orientation FR...
[M::mem_pestat] (25, 50, 75) percentile: (211, 284, 365)
[M::mem_pestat] low and high boundaries for computing mean and std.dev: (1, 673)
[M::mem_pestat] mean and std.dev: (295.04, 108.88)
[M::mem_pestat] low and high boundaries for proper pairs: (1, 827)
[M::mem_pestat] analyzing insert size distribution for orientation RF...
[M::mem_pestat] (25, 50, 75) percentile: (75, 223, 1243)
[M::mem_pestat] low and high boundaries for computing mean and std.dev: (1, 3579)
[M::mem_pestat] mean and std.dev: (507.30, 765.78)
[M::mem_pestat] low and high boundaries for proper pairs: (1, 4747)
[M::mem_pestat] analyzing insert size distribution for orientation RR...
[M::mem_pestat] (25, 50, 75) percentile: (219, 451, 792)
[M::mem_pestat] low and high boundaries for computing mean and std.dev: (1, 1938)
[M::mem_pestat] mean and std.dev: (390.22, 253.34)
[M::mem_pestat] low and high boundaries for proper pairs: (1, 2511)
[M::mem_pestat] skip orientation FF
[M::mem_pestat] skip orientation RF
[M::mem_pestat] skip orientation RR
[M::process] read 1455566 sequences (200000088 bp)...
[M::mem_process_seqs] Processed 1456484 reads in 449.487 CPU sec, 48.992 real sec
[M::mem_pestat] # candidate unique pairs for (FF, FR, RF, RR): (29, 548900, 110, 32)
[M::mem_pestat] analyzing insert size distribution for orientation FF...
[M::mem_pestat] (25, 50, 75) percentile: (190, 405, 3296)
[M::mem_pestat] low and high boundaries for computing mean and std.dev: (1, 9508)
[M::mem_pestat] mean and std.dev: (1532.31, 1777.30)
[M::mem_pestat] low and high boundaries for proper pairs: (1, 12614)
[M::mem_pestat] analyzing insert size distribution for orientation FR...
[M::mem_pestat] (25, 50, 75) percentile: (212, 285, 367)
[M::mem_pestat] low and high boundaries for computing mean and std.dev: (1, 677)
[M::mem_pestat] mean and std.dev: (296.59, 109.61)
[M::mem_pestat] low and high boundaries for proper pairs: (1, 832)
[M::mem_pestat] analyzing insert size distribution for orientation RF...
[M::mem_pestat] (25, 50, 75) percentile: (34, 271, 1679)
[M::mem_pestat] low and high boundaries for computing mean and std.dev: (1, 4969)
[M::mem_pestat] mean and std.dev: (981.10, 1465.59)
[M::mem_pestat] low and high boundaries for proper pairs: (1, 6843)
[M::mem_pestat] analyzing insert size distribution for orientation RR...
[M::mem_pestat] (25, 50, 75) percentile: (170, 293, 3398)
[M::mem_pestat] low and high boundaries for computing mean and std.dev: (1, 9854)
[M::mem_pestat] mean and std.dev: (1413.97, 2123.61)
[M::mem_pestat] low and high boundaries for proper pairs: (1, 13082)
[M::mem_pestat] skip orientation FF
[M::mem_pestat] skip orientation RF
[M::mem_pestat] skip orientation RR
[M::process] read 1455322 sequences (200000257 bp)...
[M::mem_process_seqs] Processed 1455566 reads in 449.095 CPU sec, 49.500 real sec
[M::mem_pestat] # candidate unique pairs for (FF, FR, RF, RR): (29, 548268, 118, 27)
[M::mem_pestat] analyzing insert size distribution for orientation FF...
[M::mem_pestat] (25, 50, 75) percentile: (110, 255, 546)
[M::mem_pestat] low and high boundaries for computing mean and std.dev: (1, 1418)
[M::mem_pestat] mean and std.dev: (294.07, 234.63)
[M::mem_pestat] low and high boundaries for proper pairs: (1, 1854)
[M::mem_pestat] analyzing insert size distribution for orientation FR...
[M::mem_pestat] (25, 50, 75) percentile: (212, 285, 367)
[M::mem_pestat] low and high boundaries for computing mean and std.dev: (1, 677)
[M::mem_pestat] mean and std.dev: (296.70, 109.83)
[M::mem_pestat] low and high boundaries for proper pairs: (1, 832)
[M::mem_pestat] analyzing insert size distribution for orientation RF...
[M::mem_pestat] (25, 50, 75) percentile: (66, 219, 1230)
[M::mem_pestat] low and high boundaries for computing mean and std.dev: (1, 3558)
[M::mem_pestat] mean and std.dev: (525.60, 836.47)
[M::mem_pestat] low and high boundaries for proper pairs: (1, 4722)
[M::mem_pestat] analyzing insert size distribution for orientation RR...
[M::mem_pestat] (25, 50, 75) percentile: (185, 259, 446)
[M::mem_pestat] low and high boundaries for computing mean and std.dev: (1, 968)
[M::mem_pestat] mean and std.dev: (228.19, 96.64)
[M::mem_pestat] low and high boundaries for proper pairs: (1, 1229)
[M::mem_pestat] skip orientation FF
[M::mem_pestat] skip orientation RF
[M::mem_pestat] skip orientation RR
[M::process] read 1455082 sequences (200000124 bp)...
[M::mem_process_seqs] Processed 1455322 reads in 455.246 CPU sec, 49.572 real sec
[M::mem_pestat] # candidate unique pairs for (FF, FR, RF, RR): (25, 548221, 106, 30)
[M::mem_pestat] analyzing insert size distribution for orientation FF...
[M::mem_pestat] (25, 50, 75) percentile: (339, 663, 2392)
[M::mem_pestat] low and high boundaries for computing mean and std.dev: (1, 6498)
[M::mem_pestat] mean and std.dev: (906.68, 957.11)
[M::mem_pestat] low and high boundaries for proper pairs: (1, 8551)
[M::mem_pestat] analyzing insert size distribution for orientation FR...
[M::mem_pestat] (25, 50, 75) percentile: (211, 285, 367)
[M::mem_pestat] low and high boundaries for computing mean and std.dev: (1, 679)
[M::mem_pestat] mean and std.dev: (296.40, 109.91)
[M::mem_pestat] low and high boundaries for proper pairs: (1, 835)
[M::mem_pestat] analyzing insert size distribution for orientation RF...
[M::mem_pestat] (25, 50, 75) percentile: (55, 251, 970)
[M::mem_pestat] low and high boundaries for computing mean and std.dev: (1, 2800)
[M::mem_pestat] mean and std.dev: (338.39, 456.68)
[M::mem_pestat] low and high boundaries for proper pairs: (1, 3715)
[M::mem_pestat] analyzing insert size distribution for orientation RR...
[M::mem_pestat] (25, 50, 75) percentile: (116, 259, 916)
[M::mem_pestat] low and high boundaries for computing mean and std.dev: (1, 2516)
[M::mem_pestat] mean and std.dev: (444.85, 595.92)
[M::mem_pestat] low and high boundaries for proper pairs: (1, 3316)
[M::mem_pestat] skip orientation FF
[M::mem_pestat] skip orientation RF
[M::mem_pestat] skip orientation RR
[M::process] read 1456736 sequences (200000243 bp)...
[M::mem_process_seqs] Processed 1455082 reads in 454.054 CPU sec, 49.203 real sec
[M::mem_pestat] # candidate unique pairs for (FF, FR, RF, RR): (16, 548223, 100, 28)
[M::mem_pestat] analyzing insert size distribution for orientation FF...
[M::mem_pestat] (25, 50, 75) percentile: (199, 317, 1383)
[M::mem_pestat] low and high boundaries for computing mean and std.dev: (1, 3751)
[M::mem_pestat] mean and std.dev: (812.27, 1107.61)
[M::mem_pestat] low and high boundaries for proper pairs: (1, 5243)
[M::mem_pestat] analyzing insert size distribution for orientation FR...
[M::mem_pestat] (25, 50, 75) percentile: (212, 285, 366)
[M::mem_pestat] low and high boundaries for computing mean and std.dev: (1, 674)
[M::mem_pestat] mean and std.dev: (296.18, 109.33)
[M::mem_pestat] low and high boundaries for proper pairs: (1, 828)
[M::mem_pestat] analyzing insert size distribution for orientation RF...
[M::mem_pestat] (25, 50, 75) percentile: (51, 312, 1420)
[M::mem_pestat] low and high boundaries for computing mean and std.dev: (1, 4158)
[M::mem_pestat] mean and std.dev: (648.34, 1045.40)
[M::mem_pestat] low and high boundaries for proper pairs: (1, 5527)
[M::mem_pestat] analyzing insert size distribution for orientation RR...
[M::mem_pestat] (25, 50, 75) percentile: (136, 315, 735)
[M::mem_pestat] low and high boundaries for computing mean and std.dev: (1, 1933)
[M::mem_pestat] mean and std.dev: (360.24, 276.68)
[M::mem_pestat] low and high boundaries for proper pairs: (1, 2532)
[M::mem_pestat] skip orientation FF
[M::mem_pestat] skip orientation RF
[M::mem_pestat] skip orientation RR
[M::process] read 1458460 sequences (200000024 bp)...
[M::mem_process_seqs] Processed 1456736 reads in 454.959 CPU sec, 49.173 real sec
[M::mem_pestat] # candidate unique pairs for (FF, FR, RF, RR): (30, 548653, 113, 30)
[M::mem_pestat] analyzing insert size distribution for orientation FF...
[M::mem_pestat] (25, 50, 75) percentile: (273, 463, 2649)
[M::mem_pestat] low and high boundaries for computing mean and std.dev: (1, 7401)
[M::mem_pestat] mean and std.dev: (1419.40, 1783.96)
[M::mem_pestat] low and high boundaries for proper pairs: (1, 9777)
[M::mem_pestat] analyzing insert size distribution for orientation FR...
[M::mem_pestat] (25, 50, 75) percentile: (212, 285, 367)
[M::mem_pestat] low and high boundaries for computing mean and std.dev: (1, 677)
[M::mem_pestat] mean and std.dev: (296.17, 109.27)
[M::mem_pestat] low and high boundaries for proper pairs: (1, 832)
[M::mem_pestat] analyzing insert size distribution for orientation RF...
[M::mem_pestat] (25, 50, 75) percentile: (45, 215, 1879)
[M::mem_pestat] low and high boundaries for computing mean and std.dev: (1, 5547)
[M::mem_pestat] mean and std.dev: (779.94, 1344.61)
[M::mem_pestat] low and high boundaries for proper pairs: (1, 7381)
[M::mem_pestat] analyzing insert size distribution for orientation RR...
[M::mem_pestat] (25, 50, 75) percentile: (115, 186, 474)
[M::mem_pestat] low and high boundaries for computing mean and std.dev: (1, 1192)
[M::mem_pestat] mean and std.dev: (229.96, 175.78)
[M::mem_pestat] low and high boundaries for proper pairs: (1, 1551)
[M::mem_pestat] skip orientation FF
[M::mem_pestat] skip orientation RF
[M::mem_pestat] skip orientation RR
[M::process] read 1462440 sequences (200000276 bp)...
[M::mem_process_seqs] Processed 1458460 reads in 455.091 CPU sec, 50.133 real sec
[M::process] read 53750 sequences (7351570 bp)...
[M::mem_pestat] # candidate unique pairs for (FF, FR, RF, RR): (26, 551178, 123, 32)
[M::mem_pestat] analyzing insert size distribution for orientation FF...
[M::mem_pestat] (25, 50, 75) percentile: (135, 280, 582)
[M::mem_pestat] low and high boundaries for computing mean and std.dev: (1, 1476)
[M::mem_pestat] mean and std.dev: (245.00, 164.05)
[M::mem_pestat] low and high boundaries for proper pairs: (1, 1923)
[M::mem_pestat] analyzing insert size distribution for orientation FR...
[M::mem_pestat] (25, 50, 75) percentile: (210, 282, 363)
[M::mem_pestat] low and high boundaries for computing mean and std.dev: (1, 669)
[M::mem_pestat] mean and std.dev: (293.65, 108.12)
[M::mem_pestat] low and high boundaries for proper pairs: (1, 822)
[M::mem_pestat] analyzing insert size distribution for orientation RF...
[M::mem_pestat] (25, 50, 75) percentile: (27, 232, 687)
[M::mem_pestat] low and high boundaries for computing mean and std.dev: (1, 2007)
[M::mem_pestat] mean and std.dev: (281.57, 364.61)
[M::mem_pestat] low and high boundaries for proper pairs: (1, 2667)
[M::mem_pestat] analyzing insert size distribution for orientation RR...
[M::mem_pestat] (25, 50, 75) percentile: (184, 252, 330)
[M::mem_pestat] low and high boundaries for computing mean and std.dev: (1, 622)
[M::mem_pestat] mean and std.dev: (238.83, 144.93)
[M::mem_pestat] low and high boundaries for proper pairs: (1, 819)
[M::mem_pestat] skip orientation FF
[M::mem_pestat] skip orientation RF
[M::mem_pestat] skip orientation RR
[M::mem_process_seqs] Processed 1462440 reads in 449.957 CPU sec, 48.770 real sec
[M::mem_pestat] # candidate unique pairs for (FF, FR, RF, RR): (0, 20150, 3, 2)
[M::mem_pestat] skip orientation FF as there are not enough pairs
[M::mem_pestat] analyzing insert size distribution for orientation FR...
[M::mem_pestat] (25, 50, 75) percentile: (210, 283, 363)
[M::mem_pestat] low and high boundaries for computing mean and std.dev: (1, 669)
[M::mem_pestat] mean and std.dev: (294.20, 108.40)
[M::mem_pestat] low and high boundaries for proper pairs: (1, 822)
[M::mem_pestat] skip orientation RF as there are not enough pairs
[M::mem_pestat] skip orientation RR as there are not enough pairs
[M::mem_process_seqs] Processed 53750 reads in 17.168 CPU sec, 1.922 real sec
[main] Version: 0.7.17-r1188
samblaster: Marked 761174 of 10214443 (7.45%) read ids as duplicates[main] CMD: using 202632k memory in  bwa23.962S mem CPU seconds and  -t12M 2055S -R(775S) @RG\tID:FG_GL_19T_158\tPL:ILLUMINA\tPU:HJMNCDSX7.2\tSM:FG_GL_19T_158\tCN:MCGILL\tBC:CCTGCAACCT-NTGACTCTAC wall time.
 /storage/scratch/iee/dj20y461/Stickleback/G_aculeatus/FITNESS//data/ref_A_X/stickleback_v5_assembly_A_X.fasta /storage/scratch/iee/dj20y461/Stickleback/G_aculeatus/FITNESS//data/trimmed/FG_GL_19T_158.R1.trimmed.fastq.gz /storage/scratch/iee/dj20y461/Stickleback/G_aculeatus/FITNESS//data/trimmed/FG_GL_19T_158.R2.trimmed.fastq.gz
[main] Real time: 774.606 sec; CPU: 6382.047 sec
[bam_sort_core] merging from 0 files and 20 in-memory blocks...
