samblaster: Version 0.1.24
samblaster: Inputting from stdin
samblaster: Outputting to stdout
[M::bwa_idx_load_from_disk] read 0 ALT contigs
[M::process] read 1449468 sequences (200000006 bp)...
[M::mem_pestat] # candidate unique pairs for (FF, FR, RF, RR): (50, 550003, 113, 35)
[M::mem_pestat] analyzing insert size distribution for orientation FF...
[M::mem_pestat] (25, 50, 75) percentile: (230, 327, 689)
[M::mem_pestat] low and high boundaries for computing mean and std.dev: (1, 1607)
[M::mem_pestat] mean and std.dev: (329.80, 229.39)
[M::mem_pestat] low and high boundaries for proper pairs: (1, 2066)
[M::mem_pestat] analyzing insert size distribution for orientation FR...
[M::mem_pestat] (25, 50, 75) percentile: (236, 312, 401)
[M::mem_pestat] low and high boundaries for computing mean and std.dev: (1, 731)
[M::mem_pestat] mean and std.dev: (325.35, 120.22)
[M::mem_pestat] low and high boundaries for proper pairs: (1, 896)
[M::mem_pestat] analyzing insert size distribution for orientation RF...
[M::mem_pestat] (25, 50, 75) percentile: (103, 711, 3439)
[M::mem_pestat] low and high boundaries for computing mean and std.dev: (1, 10111)
[M::mem_pestat] mean and std.dev: (2116.65, 2886.78)
[M::mem_pestat] low and high boundaries for proper pairs: (1, 13664)
[M::mem_pestat] analyzing insert size distribution for orientation RR...
[M::mem_pestat] (25, 50, 75) percentile: (199, 310, 1754)
[M::mem_pestat] low and high boundaries for computing mean and std.dev: (1, 4864)
[M::mem_pestat] mean and std.dev: (879.97, 1096.32)
[M::mem_pestat] low and high boundaries for proper pairs: (1, 6419)
[M::mem_pestat] skip orientation FF
[M::mem_pestat] skip orientation RF
[M::mem_pestat] skip orientation RR
[M::mem_process_seqs] Processed 1449468 reads in 469.269 CPU sec, 111.267 real sec
samblaster: Loaded 23 header sequence entries.
[M::process] read 1449528 sequences (200000231 bp)...
[M::process] read 1448204 sequences (200000261 bp)...
[M::mem_pestat] # candidate unique pairs for (FF, FR, RF, RR): (41, 547772, 91, 37)
[M::mem_pestat] analyzing insert size distribution for orientation FF...
[M::mem_pestat] (25, 50, 75) percentile: (266, 423, 900)
[M::mem_pestat] low and high boundaries for computing mean and std.dev: (1, 2168)
[M::mem_pestat] mean and std.dev: (462.50, 338.07)
[M::mem_pestat] low and high boundaries for proper pairs: (1, 2802)
[M::mem_pestat] analyzing insert size distribution for orientation FR...
[M::mem_pestat] (25, 50, 75) percentile: (236, 313, 401)
[M::mem_pestat] low and high boundaries for computing mean and std.dev: (1, 731)
[M::mem_pestat] mean and std.dev: (325.53, 120.14)
[M::mem_pestat] low and high boundaries for proper pairs: (1, 896)
[M::mem_pestat] analyzing insert size distribution for orientation RF...
[M::mem_pestat] (25, 50, 75) percentile: (32, 205, 2375)
[M::mem_pestat] low and high boundaries for computing mean and std.dev: (1, 7061)
[M::mem_pestat] mean and std.dev: (1198.69, 1753.40)
[M::mem_pestat] low and high boundaries for proper pairs: (1, 9404)
[M::mem_pestat] analyzing insert size distribution for orientation RR...
[M::mem_pestat] (25, 50, 75) percentile: (292, 501, 1000)
[M::mem_pestat] low and high boundaries for computing mean and std.dev: (1, 2416)
[M::mem_pestat] mean and std.dev: (605.21, 435.03)
[M::mem_pestat] low and high boundaries for proper pairs: (1, 3124)
[M::mem_pestat] skip orientation FF
[M::mem_pestat] skip orientation RF
[M::mem_pestat] skip orientation RR
[M::mem_process_seqs] Processed 1449528 reads in 443.468 CPU sec, 49.333 real sec
[M::process] read 1451598 sequences (200000101 bp)...
[M::mem_pestat] # candidate unique pairs for (FF, FR, RF, RR): (52, 548634, 119, 35)
[M::mem_pestat] analyzing insert size distribution for orientation FF...
[M::mem_pestat] (25, 50, 75) percentile: (298, 430, 801)
[M::mem_pestat] low and high boundaries for computing mean and std.dev: (1, 1807)
[M::mem_pestat] mean and std.dev: (503.57, 351.77)
[M::mem_pestat] low and high boundaries for proper pairs: (1, 2310)
[M::mem_pestat] analyzing insert size distribution for orientation FR...
[M::mem_pestat] (25, 50, 75) percentile: (238, 315, 405)
[M::mem_pestat] low and high boundaries for computing mean and std.dev: (1, 739)
[M::mem_pestat] mean and std.dev: (328.29, 121.74)
[M::mem_pestat] low and high boundaries for proper pairs: (1, 906)
[M::mem_pestat] analyzing insert size distribution for orientation RF...
[M::mem_pestat] (25, 50, 75) percentile: (63, 482, 2238)
[M::mem_pestat] low and high boundaries for computing mean and std.dev: (1, 6588)
[M::mem_pestat] mean and std.dev: (1258.99, 1603.30)
[M::mem_pestat] low and high boundaries for proper pairs: (1, 8763)
[M::mem_pestat] analyzing insert size distribution for orientation RR...
[M::mem_pestat] (25, 50, 75) percentile: (138, 298, 1343)
[M::mem_pestat] low and high boundaries for computing mean and std.dev: (1, 3753)
[M::mem_pestat] mean and std.dev: (396.57, 474.01)
[M::mem_pestat] low and high boundaries for proper pairs: (1, 4958)
[M::mem_pestat] skip orientation FF
[M::mem_pestat] skip orientation RF
[M::mem_pestat] skip orientation RR
[M::mem_process_seqs] Processed 1448204 reads in 440.085 CPU sec, 48.776 real sec
[M::process] read 1446754 sequences (200000009 bp)...
[M::mem_pestat] # candidate unique pairs for (FF, FR, RF, RR): (37, 548275, 117, 44)
[M::mem_pestat] analyzing insert size distribution for orientation FF...
[M::mem_pestat] (25, 50, 75) percentile: (274, 425, 913)
[M::mem_pestat] low and high boundaries for computing mean and std.dev: (1, 2191)
[M::mem_pestat] mean and std.dev: (539.54, 424.37)
[M::mem_pestat] low and high boundaries for proper pairs: (1, 2830)
[M::mem_pestat] analyzing insert size distribution for orientation FR...
[M::mem_pestat] (25, 50, 75) percentile: (236, 313, 402)
[M::mem_pestat] low and high boundaries for computing mean and std.dev: (1, 734)
[M::mem_pestat] mean and std.dev: (325.83, 120.37)
[M::mem_pestat] low and high boundaries for proper pairs: (1, 900)
[M::mem_pestat] analyzing insert size distribution for orientation RF...
[M::mem_pestat] (25, 50, 75) percentile: (32, 413, 3814)
[M::mem_pestat] low and high boundaries for computing mean and std.dev: (1, 11378)
[M::mem_pestat] mean and std.dev: (1880.98, 2519.70)
[M::mem_pestat] low and high boundaries for proper pairs: (1, 15160)
[M::mem_pestat] analyzing insert size distribution for orientation RR...
[M::mem_pestat] (25, 50, 75) percentile: (205, 373, 1170)
[M::mem_pestat] low and high boundaries for computing mean and std.dev: (1, 3100)
[M::mem_pestat] mean and std.dev: (494.84, 521.08)
[M::mem_pestat] low and high boundaries for proper pairs: (1, 4065)
[M::mem_pestat] skip orientation FF
[M::mem_pestat] skip orientation RF
[M::mem_pestat] skip orientation RR
[M::mem_process_seqs] Processed 1451598 reads in 443.041 CPU sec, 49.182 real sec
[M::mem_pestat] # candidate unique pairs for (FF, FR, RF, RR): (46, 548417, 97, 35)
[M::mem_pestat] analyzing insert size distribution for orientation FF...
[M::mem_pestat] (25, 50, 75) percentile: (235, 404, 571)
[M::mem_pestat] low and high boundaries for computing mean and std.dev: (1, 1243)
[M::mem_pestat] mean and std.dev: (388.51, 221.15)
[M::mem_pestat] low and high boundaries for proper pairs: (1, 1579)
[M::mem_pestat] analyzing insert size distribution for orientation FR...
[M::mem_pestat] (25, 50, 75) percentile: (237, 315, 405)
[M::mem_pestat] low and high boundaries for computing mean and std.dev: (1, 741)
[M::mem_pestat] mean and std.dev: (327.95, 122.07)
[M::mem_pestat] low and high boundaries for proper pairs: (1, 909)
[M::mem_pestat] analyzing insert size distribution for orientation RF...
[M::mem_pestat] (25, 50, 75) percentile: (32, 260, 2199)
[M::mem_pestat] low and high boundaries for computing mean and std.dev: (1, 6533)
[M::mem_pestat] mean and std.dev: (1186.41, 1792.71)
[M::mem_pestat] low and high boundaries for proper pairs: (1, 8700)
[M::mem_pestat] analyzing insert size distribution for orientation RR...
[M::mem_pestat] (25, 50, 75) percentile: (275, 604, 1449)
[M::mem_pestat] low and high boundaries for computing mean and std.dev: (1, 3797)
[M::mem_pestat] mean and std.dev: (785.74, 696.25)
[M::mem_pestat] low and high boundaries for proper pairs: (1, 4971)
[M::mem_pestat] skip orientation FF
[M::mem_pestat] skip orientation RF
[M::mem_pestat] skip orientation RR
[M::process] read 1450490 sequences (200000285 bp)...
[M::mem_process_seqs] Processed 1446754 reads in 439.939 CPU sec, 48.573 real sec
[M::process] read 1447032 sequences (200000202 bp)...
[M::mem_pestat] # candidate unique pairs for (FF, FR, RF, RR): (44, 548909, 129, 27)
[M::mem_pestat] analyzing insert size distribution for orientation FF...
[M::mem_pestat] (25, 50, 75) percentile: (191, 345, 881)
[M::mem_pestat] low and high boundaries for computing mean and std.dev: (1, 2261)
[M::mem_pestat] mean and std.dev: (383.22, 304.48)
[M::mem_pestat] low and high boundaries for proper pairs: (1, 2951)
[M::mem_pestat] analyzing insert size distribution for orientation FR...
[M::mem_pestat] (25, 50, 75) percentile: (236, 312, 401)
[M::mem_pestat] low and high boundaries for computing mean and std.dev: (1, 731)
[M::mem_pestat] mean and std.dev: (324.95, 120.01)
[M::mem_pestat] low and high boundaries for proper pairs: (1, 896)
[M::mem_pestat] analyzing insert size distribution for orientation RF...
[M::mem_pestat] (25, 50, 75) percentile: (43, 343, 1907)
[M::mem_pestat] low and high boundaries for computing mean and std.dev: (1, 5635)
[M::mem_pestat] mean and std.dev: (1064.26, 1462.08)
[M::mem_pestat] low and high boundaries for proper pairs: (1, 7499)
[M::mem_pestat] analyzing insert size distribution for orientation RR...
[M::mem_pestat] (25, 50, 75) percentile: (141, 348, 457)
[M::mem_pestat] low and high boundaries for computing mean and std.dev: (1, 1089)
[M::mem_pestat] mean and std.dev: (264.05, 158.41)
[M::mem_pestat] low and high boundaries for proper pairs: (1, 1405)
[M::mem_pestat] skip orientation FF
[M::mem_pestat] skip orientation RF
[M::mem_pestat] skip orientation RR
[M::mem_process_seqs] Processed 1450490 reads in 445.429 CPU sec, 49.060 real sec
[M::mem_pestat] # candidate unique pairs for (FF, FR, RF, RR): (45, 548189, 139, 38)
[M::mem_pestat] analyzing insert size distribution for orientation FF...
[M::mem_pestat] (25, 50, 75) percentile: (221, 333, 1094)
[M::mem_pestat] low and high boundaries for computing mean and std.dev: (1, 2840)
[M::mem_pestat] mean and std.dev: (430.18, 409.79)
[M::mem_pestat] low and high boundaries for proper pairs: (1, 3713)
[M::mem_pestat] analyzing insert size distribution for orientation FR...
[M::mem_pestat] (25, 50, 75) percentile: (237, 314, 404)
[M::mem_pestat] low and high boundaries for computing mean and std.dev: (1, 738)
[M::mem_pestat] mean and std.dev: (327.56, 121.50)
[M::mem_pestat] low and high boundaries for proper pairs: (1, 905)
[M::mem_pestat] analyzing insert size distribution for orientation RF...
[M::mem_pestat] (25, 50, 75) percentile: (55, 232, 2444)
[M::mem_pestat] low and high boundaries for computing mean and std.dev: (1, 7222)
[M::mem_pestat] mean and std.dev: (1264.96, 1873.30)
[M::mem_pestat] low and high boundaries for proper pairs: (1, 9611)
[M::mem_pestat] analyzing insert size distribution for orientation RR...
[M::mem_pestat] (25, 50, 75) percentile: (180, 314, 773)
[M::mem_pestat] low and high boundaries for computing mean and std.dev: (1, 1959)
[M::mem_pestat] mean and std.dev: (331.23, 307.23)
[M::mem_pestat] low and high boundaries for proper pairs: (1, 2552)
[M::mem_pestat] skip orientation FF
[M::mem_pestat] skip orientation RF
[M::mem_pestat] skip orientation RR
[M::process] read 1450706 sequences (200000042 bp)...
[M::mem_process_seqs] Processed 1447032 reads in 441.105 CPU sec, 48.526 real sec
[M::mem_pestat] # candidate unique pairs for (FF, FR, RF, RR): (56, 549639, 98, 32)
[M::mem_pestat] analyzing insert size distribution for orientation FF...
[M::mem_pestat] (25, 50, 75) percentile: (257, 406, 1128)
[M::mem_pestat] low and high boundaries for computing mean and std.dev: (1, 2870)
[M::mem_pestat] mean and std.dev: (541.53, 510.54)
[M::mem_pestat] low and high boundaries for proper pairs: (1, 3741)
[M::mem_pestat] analyzing insert size distribution for orientation FR...
[M::mem_pestat] (25, 50, 75) percentile: (235, 311, 400)
[M::mem_pestat] low and high boundaries for computing mean and std.dev: (1, 730)
[M::mem_pestat] mean and std.dev: (324.37, 119.75)
[M::mem_pestat] low and high boundaries for proper pairs: (1, 895)
[M::mem_pestat] analyzing insert size distribution for orientation RF...
[M::mem_pestat] (25, 50, 75) percentile: (49, 437, 2628)
[M::mem_pestat] low and high boundaries for computing mean and std.dev: (1, 7786)
[M::mem_pestat] mean and std.dev: (1455.10, 1996.34)
[M::mem_pestat] low and high boundaries for proper pairs: (1, 10365)
[M::mem_pestat] analyzing insert size distribution for orientation RR...
[M::mem_pestat] (25, 50, 75) percentile: (212, 653, 1673)
[M::mem_pestat] low and high boundaries for computing mean and std.dev: (1, 4595)
[M::mem_pestat] mean and std.dev: (742.61, 695.11)
[M::mem_pestat] low and high boundaries for proper pairs: (1, 6056)
[M::mem_pestat] skip orientation FF
[M::mem_pestat] skip orientation RF
[M::mem_pestat] skip orientation RR
[M::process] read 1447734 sequences (200000242 bp)...
[M::mem_process_seqs] Processed 1450706 reads in 439.628 CPU sec, 47.799 real sec
[M::mem_pestat] # candidate unique pairs for (FF, FR, RF, RR): (49, 548826, 121, 37)
[M::mem_pestat] analyzing insert size distribution for orientation FF...
[M::mem_pestat] (25, 50, 75) percentile: (214, 276, 780)
[M::mem_pestat] low and high boundaries for computing mean and std.dev: (1, 1912)
[M::mem_pestat] mean and std.dev: (415.49, 313.69)
[M::mem_pestat] low and high boundaries for proper pairs: (1, 2478)
[M::mem_pestat] analyzing insert size distribution for orientation FR...
[M::mem_pestat] (25, 50, 75) percentile: (237, 314, 403)
[M::mem_pestat] low and high boundaries for computing mean and std.dev: (1, 735)
[M::mem_pestat] mean and std.dev: (327.05, 121.08)
[M::mem_pestat] low and high boundaries for proper pairs: (1, 901)
[M::mem_pestat] analyzing insert size distribution for orientation RF...
[M::mem_pestat] (25, 50, 75) percentile: (76, 526, 3392)
[M::mem_pestat] low and high boundaries for computing mean and std.dev: (1, 10024)
[M::mem_pestat] mean and std.dev: (1860.12, 2485.89)
[M::mem_pestat] low and high boundaries for proper pairs: (1, 13340)
[M::mem_pestat] analyzing insert size distribution for orientation RR...
[M::mem_pestat] (25, 50, 75) percentile: (159, 383, 2723)
[M::mem_pestat] low and high boundaries for computing mean and std.dev: (1, 7851)
[M::mem_pestat] mean and std.dev: (1497.57, 2128.46)
[M::mem_pestat] low and high boundaries for proper pairs: (1, 10415)
[M::mem_pestat] skip orientation FF
[M::mem_pestat] skip orientation RF
[M::mem_pestat] skip orientation RR
[M::process] read 1453826 sequences (200000099 bp)...
[M::mem_process_seqs] Processed 1447734 reads in 439.277 CPU sec, 47.609 real sec
[M::process] read 1449238 sequences (200000017 bp)...
[M::mem_pestat] # candidate unique pairs for (FF, FR, RF, RR): (47, 550855, 112, 31)
[M::mem_pestat] analyzing insert size distribution for orientation FF...
[M::mem_pestat] (25, 50, 75) percentile: (237, 329, 913)
[M::mem_pestat] low and high boundaries for computing mean and std.dev: (1, 2265)
[M::mem_pestat] mean and std.dev: (525.12, 510.37)
[M::mem_pestat] low and high boundaries for proper pairs: (1, 2941)
[M::mem_pestat] analyzing insert size distribution for orientation FR...
[M::mem_pestat] (25, 50, 75) percentile: (234, 309, 395)
[M::mem_pestat] low and high boundaries for computing mean and std.dev: (1, 717)
[M::mem_pestat] mean and std.dev: (321.29, 117.82)
[M::mem_pestat] low and high boundaries for proper pairs: (1, 878)
[M::mem_pestat] analyzing insert size distribution for orientation RF...
[M::mem_pestat] (25, 50, 75) percentile: (50, 471, 3536)
[M::mem_pestat] low and high boundaries for computing mean and std.dev: (1, 10508)
[M::mem_pestat] mean and std.dev: (1844.05, 2540.00)
[M::mem_pestat] low and high boundaries for proper pairs: (1, 13994)
[M::mem_pestat] analyzing insert size distribution for orientation RR...
[M::mem_pestat] (25, 50, 75) percentile: (193, 362, 1237)
[M::mem_pestat] low and high boundaries for computing mean and std.dev: (1, 3325)
[M::mem_pestat] mean and std.dev: (583.93, 725.94)
[M::mem_pestat] low and high boundaries for proper pairs: (1, 4369)
[M::mem_pestat] skip orientation FF
[M::mem_pestat] skip orientation RF
[M::mem_pestat] skip orientation RR
[M::mem_process_seqs] Processed 1453826 reads in 439.823 CPU sec, 48.392 real sec
[M::mem_pestat] # candidate unique pairs for (FF, FR, RF, RR): (45, 548949, 106, 39)
[M::mem_pestat] analyzing insert size distribution for orientation FF...
[M::mem_pestat] (25, 50, 75) percentile: (278, 404, 1481)
[M::mem_pestat] low and high boundaries for computing mean and std.dev: (1, 3887)
[M::mem_pestat] mean and std.dev: (568.68, 682.83)
[M::mem_pestat] low and high boundaries for proper pairs: (1, 5090)
[M::mem_pestat] analyzing insert size distribution for orientation FR...
[M::mem_pestat] (25, 50, 75) percentile: (235, 311, 400)
[M::mem_pestat] low and high boundaries for computing mean and std.dev: (1, 730)
[M::mem_pestat] mean and std.dev: (324.30, 119.65)
[M::mem_pestat] low and high boundaries for proper pairs: (1, 895)
[M::mem_pestat] analyzing insert size distribution for orientation RF...
[M::mem_pestat] (25, 50, 75) percentile: (55, 348, 1486)
[M::mem_pestat] low and high boundaries for computing mean and std.dev: (1, 4348)
[M::mem_pestat] mean and std.dev: (669.79, 1050.38)
[M::mem_pestat] low and high boundaries for proper pairs: (1, 5779)
[M::mem_pestat] analyzing insert size distribution for orientation RR...
[M::mem_pestat] (25, 50, 75) percentile: (189, 299, 1595)
[M::mem_pestat] low and high boundaries for computing mean and std.dev: (1, 4407)
[M::mem_pestat] mean and std.dev: (680.76, 887.39)
[M::mem_pestat] low and high boundaries for proper pairs: (1, 5813)
[M::mem_pestat] skip orientation FF
[M::mem_pestat] skip orientation RF
[M::mem_pestat] skip orientation RR
[M::process] read 1486776 sequences (200000087 bp)...
[M::mem_process_seqs] Processed 1449238 reads in 441.129 CPU sec, 47.942 real sec
[M::process] read 1470696 sequences (200000221 bp)...
[M::mem_pestat] # candidate unique pairs for (FF, FR, RF, RR): (45, 546121, 123, 43)
[M::mem_pestat] analyzing insert size distribution for orientation FF...
[M::mem_pestat] (25, 50, 75) percentile: (237, 359, 683)
[M::mem_pestat] low and high boundaries for computing mean and std.dev: (1, 1575)
[M::mem_pestat] mean and std.dev: (380.56, 201.30)
[M::mem_pestat] low and high boundaries for proper pairs: (1, 2021)
[M::mem_pestat] analyzing insert size distribution for orientation FR...
[M::mem_pestat] (25, 50, 75) percentile: (236, 313, 401)
[M::mem_pestat] low and high boundaries for computing mean and std.dev: (1, 731)
[M::mem_pestat] mean and std.dev: (325.74, 120.43)
[M::mem_pestat] low and high boundaries for proper pairs: (1, 896)
[M::mem_pestat] analyzing insert size distribution for orientation RF...
[M::mem_pestat] (25, 50, 75) percentile: (64, 376, 2510)
[M::mem_pestat] low and high boundaries for computing mean and std.dev: (1, 7402)
[M::mem_pestat] mean and std.dev: (1310.13, 1884.86)
[M::mem_pestat] low and high boundaries for proper pairs: (1, 9848)
[M::mem_pestat] analyzing insert size distribution for orientation RR...
[M::mem_pestat] (25, 50, 75) percentile: (238, 355, 479)
[M::mem_pestat] low and high boundaries for computing mean and std.dev: (1, 961)
[M::mem_pestat] mean and std.dev: (328.51, 148.60)
[M::mem_pestat] low and high boundaries for proper pairs: (1, 1202)
[M::mem_pestat] skip orientation FF
[M::mem_pestat] skip orientation RF
[M::mem_pestat] skip orientation RR
[M::mem_process_seqs] Processed 1486776 reads in 553.236 CPU sec, 66.549 real sec
[M::mem_pestat] # candidate unique pairs for (FF, FR, RF, RR): (54, 551573, 117, 43)
[M::mem_pestat] analyzing insert size distribution for orientation FF...
[M::mem_pestat] (25, 50, 75) percentile: (292, 466, 709)
[M::mem_pestat] low and high boundaries for computing mean and std.dev: (1, 1543)
[M::mem_pestat] mean and std.dev: (481.80, 311.61)
[M::mem_pestat] low and high boundaries for proper pairs: (1, 1960)
[M::mem_pestat] analyzing insert size distribution for orientation FR...
[M::mem_pestat] (25, 50, 75) percentile: (237, 315, 403)
[M::mem_pestat] low and high boundaries for computing mean and std.dev: (1, 735)
[M::mem_pestat] mean and std.dev: (327.19, 121.34)
[M::mem_pestat] low and high boundaries for proper pairs: (1, 901)
[M::mem_pestat] analyzing insert size distribution for orientation RF...
[M::mem_pestat] (25, 50, 75) percentile: (61, 332, 2884)
[M::mem_pestat] low and high boundaries for computing mean and std.dev: (1, 8530)
[M::mem_pestat] mean and std.dev: (1515.83, 2075.56)
[M::mem_pestat] low and high boundaries for proper pairs: (1, 11353)
[M::mem_pestat] analyzing insert size distribution for orientation RR...
[M::mem_pestat] (25, 50, 75) percentile: (163, 320, 1685)
[M::mem_pestat] low and high boundaries for computing mean and std.dev: (1, 4729)
[M::mem_pestat] mean and std.dev: (700.97, 992.65)
[M::mem_pestat] low and high boundaries for proper pairs: (1, 6251)
[M::mem_pestat] skip orientation FF
[M::mem_pestat] skip orientation RF
[M::mem_pestat] skip orientation RR
[M::process] read 1454196 sequences (200000027 bp)...
[M::mem_process_seqs] Processed 1470696 reads in 476.119 CPU sec, 51.541 real sec
[M::mem_pestat] # candidate unique pairs for (FF, FR, RF, RR): (55, 550673, 125, 47)
[M::mem_pestat] analyzing insert size distribution for orientation FF...
[M::mem_pestat] (25, 50, 75) percentile: (257, 377, 805)
[M::mem_pestat] low and high boundaries for computing mean and std.dev: (1, 1901)
[M::mem_pestat] mean and std.dev: (512.12, 413.38)
[M::mem_pestat] low and high boundaries for proper pairs: (1, 2449)
[M::mem_pestat] analyzing insert size distribution for orientation FR...
[M::mem_pestat] (25, 50, 75) percentile: (238, 316, 407)
[M::mem_pestat] low and high boundaries for computing mean and std.dev: (1, 745)
[M::mem_pestat] mean and std.dev: (329.96, 123.14)
[M::mem_pestat] low and high boundaries for proper pairs: (1, 914)
[M::mem_pestat] analyzing insert size distribution for orientation RF...
[M::mem_pestat] (25, 50, 75) percentile: (73, 428, 2583)
[M::mem_pestat] low and high boundaries for computing mean and std.dev: (1, 7603)
[M::mem_pestat] mean and std.dev: (1390.48, 1935.13)
[M::mem_pestat] low and high boundaries for proper pairs: (1, 10113)
[M::mem_pestat] analyzing insert size distribution for orientation RR...
[M::mem_pestat] (25, 50, 75) percentile: (173, 279, 699)
[M::mem_pestat] low and high boundaries for computing mean and std.dev: (1, 1751)
[M::mem_pestat] mean and std.dev: (364.07, 357.28)
[M::mem_pestat] low and high boundaries for proper pairs: (1, 2277)
[M::mem_pestat] skip orientation FF
[M::mem_pestat] skip orientation RF
[M::mem_pestat] skip orientation RR
[M::process] read 1454702 sequences (200000130 bp)...
[M::mem_process_seqs] Processed 1454196 reads in 472.709 CPU sec, 51.117 real sec
[M::mem_pestat] # candidate unique pairs for (FF, FR, RF, RR): (54, 548861, 114, 33)
[M::mem_pestat] analyzing insert size distribution for orientation FF...
[M::mem_pestat] (25, 50, 75) percentile: (248, 359, 539)
[M::mem_pestat] low and high boundaries for computing mean and std.dev: (1, 1121)
[M::mem_pestat] mean and std.dev: (384.22, 198.73)
[M::mem_pestat] low and high boundaries for proper pairs: (1, 1412)
[M::mem_pestat] analyzing insert size distribution for orientation FR...
[M::mem_pestat] (25, 50, 75) percentile: (237, 315, 404)
[M::mem_pestat] low and high boundaries for computing mean and std.dev: (1, 738)
[M::mem_pestat] mean and std.dev: (327.81, 121.81)
[M::mem_pestat] low and high boundaries for proper pairs: (1, 905)
[M::mem_pestat] analyzing insert size distribution for orientation RF...
[M::mem_pestat] (25, 50, 75) percentile: (40, 328, 2885)
[M::mem_pestat] low and high boundaries for computing mean and std.dev: (1, 8575)
[M::mem_pestat] mean and std.dev: (1460.42, 2108.89)
[M::mem_pestat] low and high boundaries for proper pairs: (1, 11420)
[M::mem_pestat] analyzing insert size distribution for orientation RR...
[M::mem_pestat] (25, 50, 75) percentile: (254, 368, 1718)
[M::mem_pestat] low and high boundaries for computing mean and std.dev: (1, 4646)
[M::mem_pestat] mean and std.dev: (680.28, 796.76)
[M::mem_pestat] low and high boundaries for proper pairs: (1, 6110)
[M::mem_pestat] skip orientation FF
[M::mem_pestat] skip orientation RF
[M::mem_pestat] skip orientation RR
[M::process] read 1452284 sequences (200000022 bp)...
[M::mem_process_seqs] Processed 1454702 reads in 453.363 CPU sec, 49.107 real sec
[M::mem_pestat] # candidate unique pairs for (FF, FR, RF, RR): (44, 549252, 134, 41)
[M::mem_pestat] analyzing insert size distribution for orientation FF...
[M::mem_pestat] (25, 50, 75) percentile: (193, 488, 926)
[M::mem_pestat] low and high boundaries for computing mean and std.dev: (1, 2392)
[M::mem_pestat] mean and std.dev: (474.65, 389.18)
[M::mem_pestat] low and high boundaries for proper pairs: (1, 3125)
[M::mem_pestat] analyzing insert size distribution for orientation FR...
[M::mem_pestat] (25, 50, 75) percentile: (238, 316, 407)
[M::mem_pestat] low and high boundaries for computing mean and std.dev: (1, 745)
[M::mem_pestat] mean and std.dev: (329.55, 123.02)
[M::mem_pestat] low and high boundaries for proper pairs: (1, 914)
[M::mem_pestat] analyzing insert size distribution for orientation RF...
[M::mem_pestat] (25, 50, 75) percentile: (35, 226, 1892)
[M::mem_pestat] low and high boundaries for computing mean and std.dev: (1, 5606)
[M::mem_pestat] mean and std.dev: (846.47, 1342.41)
[M::mem_pestat] low and high boundaries for proper pairs: (1, 7463)
[M::mem_pestat] analyzing insert size distribution for orientation RR...
[M::mem_pestat] (25, 50, 75) percentile: (205, 311, 645)
[M::mem_pestat] low and high boundaries for computing mean and std.dev: (1, 1525)
[M::mem_pestat] mean and std.dev: (400.83, 323.70)
[M::mem_pestat] low and high boundaries for proper pairs: (1, 1965)
[M::mem_pestat] skip orientation FF
[M::mem_pestat] skip orientation RF
[M::mem_pestat] skip orientation RR
[M::process] read 1454636 sequences (200000151 bp)...
[M::mem_process_seqs] Processed 1452284 reads in 466.755 CPU sec, 50.488 real sec
[M::mem_pestat] # candidate unique pairs for (FF, FR, RF, RR): (40, 549029, 120, 42)
[M::mem_pestat] analyzing insert size distribution for orientation FF...
[M::mem_pestat] (25, 50, 75) percentile: (302, 508, 753)
[M::mem_pestat] low and high boundaries for computing mean and std.dev: (1, 1655)
[M::mem_pestat] mean and std.dev: (481.06, 268.28)
[M::mem_pestat] low and high boundaries for proper pairs: (1, 2106)
[M::mem_pestat] analyzing insert size distribution for orientation FR...
[M::mem_pestat] (25, 50, 75) percentile: (237, 314, 403)
[M::mem_pestat] low and high boundaries for computing mean and std.dev: (1, 735)
[M::mem_pestat] mean and std.dev: (326.92, 121.34)
[M::mem_pestat] low and high boundaries for proper pairs: (1, 901)
[M::mem_pestat] analyzing insert size distribution for orientation RF...
[M::mem_pestat] (25, 50, 75) percentile: (42, 339, 2094)
[M::mem_pestat] low and high boundaries for computing mean and std.dev: (1, 6198)
[M::mem_pestat] mean and std.dev: (1004.40, 1541.93)
[M::mem_pestat] low and high boundaries for proper pairs: (1, 8250)
[M::mem_pestat] analyzing insert size distribution for orientation RR...
[M::mem_pestat] (25, 50, 75) percentile: (248, 388, 755)
[M::mem_pestat] low and high boundaries for computing mean and std.dev: (1, 1769)
[M::mem_pestat] mean and std.dev: (402.43, 305.44)
[M::mem_pestat] low and high boundaries for proper pairs: (1, 2276)
[M::mem_pestat] skip orientation FF
[M::mem_pestat] skip orientation RF
[M::mem_pestat] skip orientation RR
[M::process] read 1452544 sequences (200000026 bp)...
[M::mem_process_seqs] Processed 1454636 reads in 448.252 CPU sec, 48.620 real sec
[M::mem_pestat] # candidate unique pairs for (FF, FR, RF, RR): (53, 549030, 107, 32)
[M::mem_pestat] analyzing insert size distribution for orientation FF...
[M::mem_pestat] (25, 50, 75) percentile: (202, 342, 593)
[M::mem_pestat] low and high boundaries for computing mean and std.dev: (1, 1375)
[M::mem_pestat] mean and std.dev: (379.76, 210.45)
[M::mem_pestat] low and high boundaries for proper pairs: (1, 1766)
[M::mem_pestat] analyzing insert size distribution for orientation FR...
[M::mem_pestat] (25, 50, 75) percentile: (238, 316, 406)
[M::mem_pestat] low and high boundaries for computing mean and std.dev: (1, 742)
[M::mem_pestat] mean and std.dev: (329.11, 122.53)
[M::mem_pestat] low and high boundaries for proper pairs: (1, 910)
[M::mem_pestat] analyzing insert size distribution for orientation RF...
[M::mem_pestat] (25, 50, 75) percentile: (46, 193, 2196)
[M::mem_pestat] low and high boundaries for computing mean and std.dev: (1, 6496)
[M::mem_pestat] mean and std.dev: (1143.00, 1777.13)
[M::mem_pestat] low and high boundaries for proper pairs: (1, 8646)
[M::mem_pestat] analyzing insert size distribution for orientation RR...
[M::mem_pestat] (25, 50, 75) percentile: (260, 411, 1380)
[M::mem_pestat] low and high boundaries for computing mean and std.dev: (1, 3620)
[M::mem_pestat] mean and std.dev: (646.16, 663.24)
[M::mem_pestat] low and high boundaries for proper pairs: (1, 4740)
[M::mem_pestat] skip orientation FF
[M::mem_pestat] skip orientation RF
[M::mem_pestat] skip orientation RR
[M::process] read 1456044 sequences (200000269 bp)...
[M::mem_process_seqs] Processed 1452544 reads in 460.755 CPU sec, 49.901 real sec
[M::mem_pestat] # candidate unique pairs for (FF, FR, RF, RR): (56, 549861, 113, 29)
[M::mem_pestat] analyzing insert size distribution for orientation FF...
[M::mem_pestat] (25, 50, 75) percentile: (312, 504, 1623)
[M::mem_pestat] low and high boundaries for computing mean and std.dev: (1, 4245)
[M::mem_pestat] mean and std.dev: (779.56, 931.90)
[M::mem_pestat] low and high boundaries for proper pairs: (1, 5556)
[M::mem_pestat] analyzing insert size distribution for orientation FR...
[M::mem_pestat] (25, 50, 75) percentile: (237, 313, 403)
[M::mem_pestat] low and high boundaries for computing mean and std.dev: (1, 735)
[M::mem_pestat] mean and std.dev: (326.54, 120.84)
[M::mem_pestat] low and high boundaries for proper pairs: (1, 901)
[M::mem_pestat] analyzing insert size distribution for orientation RF...
[M::mem_pestat] (25, 50, 75) percentile: (48, 312, 1631)
[M::mem_pestat] low and high boundaries for computing mean and std.dev: (1, 4797)
[M::mem_pestat] mean and std.dev: (684.99, 1085.08)
[M::mem_pestat] low and high boundaries for proper pairs: (1, 6380)
[M::mem_pestat] analyzing insert size distribution for orientation RR...
[M::mem_pestat] (25, 50, 75) percentile: (153, 270, 1071)
[M::mem_pestat] low and high boundaries for computing mean and std.dev: (1, 2907)
[M::mem_pestat] mean and std.dev: (524.64, 608.03)
[M::mem_pestat] low and high boundaries for proper pairs: (1, 3825)
[M::mem_pestat] skip orientation FF
[M::mem_pestat] skip orientation RF
[M::mem_pestat] skip orientation RR
[M::process] read 1457862 sequences (200000147 bp)...
[M::mem_process_seqs] Processed 1456044 reads in 447.296 CPU sec, 48.544 real sec
[M::mem_pestat] # candidate unique pairs for (FF, FR, RF, RR): (51, 549968, 111, 38)
[M::mem_pestat] analyzing insert size distribution for orientation FF...
[M::mem_pestat] (25, 50, 75) percentile: (213, 335, 665)
[M::mem_pestat] low and high boundaries for computing mean and std.dev: (1, 1569)
[M::mem_pestat] mean and std.dev: (447.00, 336.28)
[M::mem_pestat] low and high boundaries for proper pairs: (1, 2021)
[M::mem_pestat] analyzing insert size distribution for orientation FR...
[M::mem_pestat] (25, 50, 75) percentile: (238, 315, 405)
[M::mem_pestat] low and high boundaries for computing mean and std.dev: (1, 739)
[M::mem_pestat] mean and std.dev: (328.16, 121.91)
[M::mem_pestat] low and high boundaries for proper pairs: (1, 906)
[M::mem_pestat] analyzing insert size distribution for orientation RF...
[M::mem_pestat] (25, 50, 75) percentile: (92, 718, 3499)
[M::mem_pestat] low and high boundaries for computing mean and std.dev: (1, 10313)
[M::mem_pestat] mean and std.dev: (1984.65, 2598.31)
[M::mem_pestat] low and high boundaries for proper pairs: (1, 13720)
[M::mem_pestat] analyzing insert size distribution for orientation RR...
[M::mem_pestat] (25, 50, 75) percentile: (185, 390, 870)
[M::mem_pestat] low and high boundaries for computing mean and std.dev: (1, 2240)
[M::mem_pestat] mean and std.dev: (402.22, 298.30)
[M::mem_pestat] low and high boundaries for proper pairs: (1, 2925)
[M::mem_pestat] skip orientation FF
[M::mem_pestat] skip orientation RF
[M::mem_pestat] skip orientation RR
[M::process] read 1465694 sequences (200000116 bp)...
[M::mem_process_seqs] Processed 1457862 reads in 457.069 CPU sec, 49.446 real sec
[M::process] read 1092308 sequences (149660078 bp)...
[M::mem_pestat] # candidate unique pairs for (FF, FR, RF, RR): (49, 553149, 119, 44)
[M::mem_pestat] analyzing insert size distribution for orientation FF...
[M::mem_pestat] (25, 50, 75) percentile: (270, 457, 596)
[M::mem_pestat] low and high boundaries for computing mean and std.dev: (1, 1248)
[M::mem_pestat] mean and std.dev: (402.63, 220.04)
[M::mem_pestat] low and high boundaries for proper pairs: (1, 1574)
[M::mem_pestat] analyzing insert size distribution for orientation FR...
[M::mem_pestat] (25, 50, 75) percentile: (234, 310, 397)
[M::mem_pestat] low and high boundaries for computing mean and std.dev: (1, 723)
[M::mem_pestat] mean and std.dev: (322.55, 118.66)
[M::mem_pestat] low and high boundaries for proper pairs: (1, 886)
[M::mem_pestat] analyzing insert size distribution for orientation RF...
[M::mem_pestat] (25, 50, 75) percentile: (42, 330, 1718)
[M::mem_pestat] low and high boundaries for computing mean and std.dev: (1, 5070)
[M::mem_pestat] mean and std.dev: (839.39, 1406.11)
[M::mem_pestat] low and high boundaries for proper pairs: (1, 6746)
[M::mem_pestat] analyzing insert size distribution for orientation RR...
[M::mem_pestat] (25, 50, 75) percentile: (231, 491, 996)
[M::mem_pestat] low and high boundaries for computing mean and std.dev: (1, 2526)
[M::mem_pestat] mean and std.dev: (500.14, 449.13)
[M::mem_pestat] low and high boundaries for proper pairs: (1, 3291)
[M::mem_pestat] skip orientation FF
[M::mem_pestat] skip orientation RF
[M::mem_pestat] skip orientation RR
[M::mem_process_seqs] Processed 1465694 reads in 487.343 CPU sec, 52.646 real sec
[M::mem_pestat] # candidate unique pairs for (FF, FR, RF, RR): (37, 411275, 82, 28)
[M::mem_pestat] analyzing insert size distribution for orientation FF...
[M::mem_pestat] (25, 50, 75) percentile: (254, 371, 714)
[M::mem_pestat] low and high boundaries for computing mean and std.dev: (1, 1634)
[M::mem_pestat] mean and std.dev: (441.12, 346.35)
[M::mem_pestat] low and high boundaries for proper pairs: (1, 2094)
[M::mem_pestat] analyzing insert size distribution for orientation FR...
[M::mem_pestat] (25, 50, 75) percentile: (236, 313, 402)
[M::mem_pestat] low and high boundaries for computing mean and std.dev: (1, 734)
[M::mem_pestat] mean and std.dev: (326.08, 120.66)
[M::mem_pestat] low and high boundaries for proper pairs: (1, 900)
[M::mem_pestat] analyzing insert size distribution for orientation RF...
[M::mem_pestat] (25, 50, 75) percentile: (64, 569, 3260)
[M::mem_pestat] low and high boundaries for computing mean and std.dev: (1, 9652)
[M::mem_pestat] mean and std.dev: (1758.09, 2249.14)
[M::mem_pestat] low and high boundaries for proper pairs: (1, 12848)
[M::mem_pestat] analyzing insert size distribution for orientation RR...
[M::mem_pestat] (25, 50, 75) percentile: (228, 296, 671)
[M::mem_pestat] low and high boundaries for computing mean and std.dev: (1, 1557)
[M::mem_pestat] mean and std.dev: (317.09, 193.55)
[M::mem_pestat] low and high boundaries for proper pairs: (1, 2000)
[M::mem_pestat] skip orientation FF
[M::mem_pestat] skip orientation RF
[M::mem_pestat] skip orientation RR
[M::mem_process_seqs] Processed 1092308 reads in 341.843 CPU sec, 38.013 real sec
[main] Version: 0.7.17-r1188
[main] CMD: bwa mem -tsamblaster: Marked 1319072 of 15821160 (8.34%) read ids as duplicates 20 -R using 258632k memory in  @RG\tID:TL_LL_19T_106\tPL:ILLUMINA\tPU:HJMFJDSX7.2\tSM:TL_LL_19T_106\tCN:MCGILL\tBC:ATACCAACGC-CGCAGCAATT /storage/scratch/iee/dj20y461/Stickleback/G_aculeatus/FITNESS//data/ref_A_X/stickleback_v5_assembly_A_X.fasta36.706S /storage/scratch/iee/dj20y461/Stickleback/G_aculeatus/FITNESS//data/trimmed/TL_LL_19T_106.R1.trimmed.fastq.gz CPU seconds and  /storage/scratch/iee/dj20y461/Stickleback/G_aculeatus/FITNESS//data/trimmed/TL_LL_19T_106.R2.trimmed.fastq.gz19M23S
[main] Real time: 1162.818 sec; CPU: 9953.900 sec
(1163S) wall time.
[bam_sort_core] merging from 0 files and 20 in-memory blocks...
