samblaster: Version 0.1.24
samblaster: Inputting from stdin
samblaster: Outputting to stdout
[M::bwa_idx_load_from_disk] read 0 ALT contigs
[M::process] read 1460310 sequences (200000142 bp)...
[M::mem_pestat] # candidate unique pairs for (FF, FR, RF, RR): (48, 561271, 125, 35)
[M::mem_pestat] analyzing insert size distribution for orientation FF...
[M::mem_pestat] (25, 50, 75) percentile: (391, 561, 1063)
[M::mem_pestat] low and high boundaries for computing mean and std.dev: (1, 2407)
[M::mem_pestat] mean and std.dev: (582.34, 354.11)
[M::mem_pestat] low and high boundaries for proper pairs: (1, 3079)
[M::mem_pestat] analyzing insert size distribution for orientation FR...
[M::mem_pestat] (25, 50, 75) percentile: (270, 356, 455)
[M::mem_pestat] low and high boundaries for computing mean and std.dev: (1, 825)
[M::mem_pestat] mean and std.dev: (369.43, 137.38)
[M::mem_pestat] low and high boundaries for proper pairs: (1, 1010)
[M::mem_pestat] analyzing insert size distribution for orientation RF...
[M::mem_pestat] (25, 50, 75) percentile: (112, 440, 3218)
[M::mem_pestat] low and high boundaries for computing mean and std.dev: (1, 9430)
[M::mem_pestat] mean and std.dev: (1716.00, 2260.71)
[M::mem_pestat] low and high boundaries for proper pairs: (1, 12536)
[M::mem_pestat] analyzing insert size distribution for orientation RR...
[M::mem_pestat] (25, 50, 75) percentile: (221, 311, 532)
[M::mem_pestat] low and high boundaries for computing mean and std.dev: (1, 1154)
[M::mem_pestat] mean and std.dev: (298.57, 176.64)
[M::mem_pestat] low and high boundaries for proper pairs: (1, 1465)
[M::mem_pestat] skip orientation FF
[M::mem_pestat] skip orientation RF
[M::mem_pestat] skip orientation RR
[M::mem_process_seqs] Processed 1460310 reads in 478.717 CPU sec, 115.140 real sec
samblaster: Loaded 23 header sequence entries.
[M::process] read 1457962 sequences (200000131 bp)...
[M::process] read 1457842 sequences (200000061 bp)...
[M::mem_pestat] # candidate unique pairs for (FF, FR, RF, RR): (43, 559849, 132, 45)
[M::mem_pestat] analyzing insert size distribution for orientation FF...
[M::mem_pestat] (25, 50, 75) percentile: (432, 582, 825)
[M::mem_pestat] low and high boundaries for computing mean and std.dev: (1, 1611)
[M::mem_pestat] mean and std.dev: (554.55, 271.35)
[M::mem_pestat] low and high boundaries for proper pairs: (1, 2004)
[M::mem_pestat] analyzing insert size distribution for orientation FR...
[M::mem_pestat] (25, 50, 75) percentile: (274, 360, 460)
[M::mem_pestat] low and high boundaries for computing mean and std.dev: (1, 832)
[M::mem_pestat] mean and std.dev: (373.81, 139.01)
[M::mem_pestat] low and high boundaries for proper pairs: (1, 1018)
[M::mem_pestat] analyzing insert size distribution for orientation RF...
[M::mem_pestat] (25, 50, 75) percentile: (103, 480, 2919)
[M::mem_pestat] low and high boundaries for computing mean and std.dev: (1, 8551)
[M::mem_pestat] mean and std.dev: (1518.79, 1970.22)
[M::mem_pestat] low and high boundaries for proper pairs: (1, 11367)
[M::mem_pestat] analyzing insert size distribution for orientation RR...
[M::mem_pestat] (25, 50, 75) percentile: (145, 348, 1532)
[M::mem_pestat] low and high boundaries for computing mean and std.dev: (1, 4306)
[M::mem_pestat] mean and std.dev: (837.98, 1090.41)
[M::mem_pestat] low and high boundaries for proper pairs: (1, 5693)
[M::mem_pestat] skip orientation FF
[M::mem_pestat] skip orientation RF
[M::mem_pestat] skip orientation RR
[M::mem_process_seqs] Processed 1457962 reads in 447.865 CPU sec, 49.137 real sec
[M::mem_pestat] # candidate unique pairs for (FF, FR, RF, RR): (66, 558485, 114, 28)
[M::mem_pestat] analyzing insert size distribution for orientation FF...
[M::mem_pestat] (25, 50, 75) percentile: (311, 584, 1500)
[M::mem_pestat] low and high boundaries for computing mean and std.dev: (1, 3878)
[M::mem_pestat] mean and std.dev: (885.48, 917.54)
[M::mem_pestat] low and high boundaries for proper pairs: (1, 5067)
[M::mem_pestat] analyzing insert size distribution for orientation FR...
[M::mem_pestat] (25, 50, 75) percentile: (273, 359, 459)
[M::mem_pestat] low and high boundaries for computing mean and std.dev: (1, 831)
[M::mem_pestat] mean and std.dev: (372.60, 138.37)
[M::mem_pestat] low and high boundaries for proper pairs: (1, 1017)
[M::mem_pestat] analyzing insert size distribution for orientation RF...
[M::mem_pestat] (25, 50, 75) percentile: (33, 210, 942)
[M::mem_pestat] low and high boundaries for computing mean and std.dev: (1, 2760)
[M::mem_pestat] mean and std.dev: (302.76, 451.90)
[M::mem_pestat] low and high boundaries for proper pairs: (1, 3669)
[M::mem_pestat] analyzing insert size distribution for orientation RR...
[M::mem_pestat] (25, 50, 75) percentile: (180, 414, 878)
[M::mem_pestat] low and high boundaries for computing mean and std.dev: (1, 2274)
[M::mem_pestat] mean and std.dev: (392.65, 356.85)
[M::mem_pestat] low and high boundaries for proper pairs: (1, 2972)
[M::mem_pestat] skip orientation FF
[M::mem_pestat] skip orientation RF
[M::mem_pestat] skip orientation RR
[M::process] read 1460212 sequences (200000048 bp)...
[M::mem_process_seqs] Processed 1457842 reads in 450.228 CPU sec, 49.926 real sec
[M::process] read 1461300 sequences (200000218 bp)...
[M::mem_pestat] # candidate unique pairs for (FF, FR, RF, RR): (45, 558570, 136, 42)
[M::mem_pestat] analyzing insert size distribution for orientation FF...
[M::mem_pestat] (25, 50, 75) percentile: (241, 507, 714)
[M::mem_pestat] low and high boundaries for computing mean and std.dev: (1, 1660)
[M::mem_pestat] mean and std.dev: (482.83, 302.48)
[M::mem_pestat] low and high boundaries for proper pairs: (1, 2133)
[M::mem_pestat] analyzing insert size distribution for orientation FR...
[M::mem_pestat] (25, 50, 75) percentile: (272, 357, 456)
[M::mem_pestat] low and high boundaries for computing mean and std.dev: (1, 824)
[M::mem_pestat] mean and std.dev: (370.51, 137.19)
[M::mem_pestat] low and high boundaries for proper pairs: (1, 1008)
[M::mem_pestat] analyzing insert size distribution for orientation RF...
[M::mem_pestat] (25, 50, 75) percentile: (103, 446, 3283)
[M::mem_pestat] low and high boundaries for computing mean and std.dev: (1, 9643)
[M::mem_pestat] mean and std.dev: (1838.49, 2546.53)
[M::mem_pestat] low and high boundaries for proper pairs: (1, 12823)
[M::mem_pestat] analyzing insert size distribution for orientation RR...
[M::mem_pestat] (25, 50, 75) percentile: (202, 303, 541)
[M::mem_pestat] low and high boundaries for computing mean and std.dev: (1, 1219)
[M::mem_pestat] mean and std.dev: (285.94, 134.79)
[M::mem_pestat] low and high boundaries for proper pairs: (1, 1558)
[M::mem_pestat] skip orientation FF
[M::mem_pestat] skip orientation RF
[M::mem_pestat] skip orientation RR
[M::mem_process_seqs] Processed 1460212 reads in 453.024 CPU sec, 50.805 real sec
[M::process] read 1458914 sequences (200000172 bp)...
[M::mem_pestat] # candidate unique pairs for (FF, FR, RF, RR): (52, 560763, 125, 37)
[M::mem_pestat] analyzing insert size distribution for orientation FF...
[M::mem_pestat] (25, 50, 75) percentile: (268, 478, 1029)
[M::mem_pestat] low and high boundaries for computing mean and std.dev: (1, 2551)
[M::mem_pestat] mean and std.dev: (579.30, 472.34)
[M::mem_pestat] low and high boundaries for proper pairs: (1, 3312)
[M::mem_pestat] analyzing insert size distribution for orientation FR...
[M::mem_pestat] (25, 50, 75) percentile: (273, 360, 460)
[M::mem_pestat] low and high boundaries for computing mean and std.dev: (1, 834)
[M::mem_pestat] mean and std.dev: (374.03, 139.62)
[M::mem_pestat] low and high boundaries for proper pairs: (1, 1021)
[M::mem_pestat] analyzing insert size distribution for orientation RF...
[M::mem_pestat] (25, 50, 75) percentile: (34, 217, 2094)
[M::mem_pestat] low and high boundaries for computing mean and std.dev: (1, 6214)
[M::mem_pestat] mean and std.dev: (1022.55, 1678.35)
[M::mem_pestat] low and high boundaries for proper pairs: (1, 8274)
[M::mem_pestat] analyzing insert size distribution for orientation RR...
[M::mem_pestat] (25, 50, 75) percentile: (198, 383, 903)
[M::mem_pestat] low and high boundaries for computing mean and std.dev: (1, 2313)
[M::mem_pestat] mean and std.dev: (372.87, 287.83)
[M::mem_pestat] low and high boundaries for proper pairs: (1, 3018)
[M::mem_pestat] skip orientation FF
[M::mem_pestat] skip orientation RF
[M::mem_pestat] skip orientation RR
[M::mem_process_seqs] Processed 1461300 reads in 450.752 CPU sec, 49.652 real sec
[M::mem_pestat] # candidate unique pairs for (FF, FR, RF, RR): (52, 558710, 148, 36)
[M::mem_pestat] analyzing insert size distribution for orientation FF...
[M::mem_pestat] (25, 50, 75) percentile: (222, 403, 790)
[M::mem_pestat] low and high boundaries for computing mean and std.dev: (1, 1926)
[M::mem_pestat] mean and std.dev: (549.84, 490.89)
[M::mem_pestat] low and high boundaries for proper pairs: (1, 2513)
[M::mem_pestat] analyzing insert size distribution for orientation FR...
[M::mem_pestat] (25, 50, 75) percentile: (275, 362, 462)
[M::mem_pestat] low and high boundaries for computing mean and std.dev: (1, 836)
[M::mem_pestat] mean and std.dev: (375.71, 139.66)
[M::mem_pestat] low and high boundaries for proper pairs: (1, 1023)
[M::mem_pestat] analyzing insert size distribution for orientation RF...
[M::mem_pestat] (25, 50, 75) percentile: (38, 317, 1843)
[M::mem_pestat] low and high boundaries for computing mean and std.dev: (1, 5453)
[M::mem_pestat] mean and std.dev: (978.38, 1336.15)
[M::mem_pestat] low and high boundaries for proper pairs: (1, 7258)
[M::mem_pestat] analyzing insert size distribution for orientation RR...
[M::mem_pestat] (25, 50, 75) percentile: (341, 502, 971)
[M::mem_pestat] low and high boundaries for computing mean and std.dev: (1, 2231)
[M::mem_pestat] mean and std.dev: (502.81, 341.32)
[M::mem_pestat] low and high boundaries for proper pairs: (1, 2861)
[M::mem_pestat] skip orientation FF
[M::mem_pestat] skip orientation RF
[M::mem_pestat] skip orientation RR
[M::process] read 1461658 sequences (200000144 bp)...
[M::mem_process_seqs] Processed 1458914 reads in 454.930 CPU sec, 49.950 real sec
[M::mem_pestat] # candidate unique pairs for (FF, FR, RF, RR): (50, 558269, 142, 43)
[M::mem_pestat] analyzing insert size distribution for orientation FF...
[M::mem_pestat] (25, 50, 75) percentile: (306, 433, 624)
[M::mem_pestat] low and high boundaries for computing mean and std.dev: (1, 1260)
[M::mem_pestat] mean and std.dev: (421.45, 228.52)
[M::mem_pestat] low and high boundaries for proper pairs: (1, 1578)
[M::mem_pestat] analyzing insert size distribution for orientation FR...
[M::mem_pestat] (25, 50, 75) percentile: (274, 360, 460)
[M::mem_pestat] low and high boundaries for computing mean and std.dev: (1, 832)
[M::mem_pestat] mean and std.dev: (373.44, 138.27)
[M::mem_pestat] low and high boundaries for proper pairs: (1, 1018)
[M::mem_pestat] analyzing insert size distribution for orientation RF...
[M::mem_pestat] (25, 50, 75) percentile: (56, 336, 1763)
[M::mem_pestat] low and high boundaries for computing mean and std.dev: (1, 5177)
[M::mem_pestat] mean and std.dev: (780.85, 1192.61)
[M::mem_pestat] low and high boundaries for proper pairs: (1, 6884)
[M::mem_pestat] analyzing insert size distribution for orientation RR...
[M::mem_pestat] (25, 50, 75) percentile: (193, 336, 574)
[M::mem_pestat] low and high boundaries for computing mean and std.dev: (1, 1336)
[M::mem_pestat] mean and std.dev: (397.41, 316.62)
[M::mem_pestat] low and high boundaries for proper pairs: (1, 1717)
[M::mem_pestat] skip orientation FF
[M::mem_pestat] skip orientation RF
[M::mem_pestat] skip orientation RR
[M::mem_process_seqs] Processed 1461658 reads in 463.625 CPU sec, 67.709 real sec
[M::process] read 1461922 sequences (200000153 bp)...
[M::process] read 1457336 sequences (200000180 bp)...
[M::mem_pestat] # candidate unique pairs for (FF, FR, RF, RR): (56, 560669, 129, 37)
[M::mem_pestat] analyzing insert size distribution for orientation FF...
[M::mem_pestat] (25, 50, 75) percentile: (297, 487, 713)
[M::mem_pestat] low and high boundaries for computing mean and std.dev: (1, 1545)
[M::mem_pestat] mean and std.dev: (485.06, 288.29)
[M::mem_pestat] low and high boundaries for proper pairs: (1, 1961)
[M::mem_pestat] analyzing insert size distribution for orientation FR...
[M::mem_pestat] (25, 50, 75) percentile: (272, 357, 457)
[M::mem_pestat] low and high boundaries for computing mean and std.dev: (1, 827)
[M::mem_pestat] mean and std.dev: (370.98, 137.71)
[M::mem_pestat] low and high boundaries for proper pairs: (1, 1012)
[M::mem_pestat] analyzing insert size distribution for orientation RF...
[M::mem_pestat] (25, 50, 75) percentile: (53, 393, 3572)
[M::mem_pestat] low and high boundaries for computing mean and std.dev: (1, 10610)
[M::mem_pestat] mean and std.dev: (1814.84, 2459.96)
[M::mem_pestat] low and high boundaries for proper pairs: (1, 14129)
[M::mem_pestat] analyzing insert size distribution for orientation RR...
[M::mem_pestat] (25, 50, 75) percentile: (309, 484, 1276)
[M::mem_pestat] low and high boundaries for computing mean and std.dev: (1, 3210)
[M::mem_pestat] mean and std.dev: (720.82, 760.07)
[M::mem_pestat] low and high boundaries for proper pairs: (1, 4177)
[M::mem_pestat] skip orientation FF
[M::mem_pestat] skip orientation RF
[M::mem_pestat] skip orientation RR
[M::mem_process_seqs] Processed 1461922 reads in 448.771 CPU sec, 46.578 real sec
[M::mem_pestat] # candidate unique pairs for (FF, FR, RF, RR): (62, 559827, 141, 44)
[M::mem_pestat] analyzing insert size distribution for orientation FF...
[M::mem_pestat] (25, 50, 75) percentile: (355, 570, 796)
[M::mem_pestat] low and high boundaries for computing mean and std.dev: (1, 1678)
[M::mem_pestat] mean and std.dev: (524.60, 269.88)
[M::mem_pestat] low and high boundaries for proper pairs: (1, 2119)
[M::mem_pestat] analyzing insert size distribution for orientation FR...
[M::mem_pestat] (25, 50, 75) percentile: (274, 361, 462)
[M::mem_pestat] low and high boundaries for computing mean and std.dev: (1, 838)
[M::mem_pestat] mean and std.dev: (375.23, 140.32)
[M::mem_pestat] low and high boundaries for proper pairs: (1, 1026)
[M::mem_pestat] analyzing insert size distribution for orientation RF...
[M::mem_pestat] (25, 50, 75) percentile: (68, 432, 2298)
[M::mem_pestat] low and high boundaries for computing mean and std.dev: (1, 6758)
[M::mem_pestat] mean and std.dev: (1180.28, 1668.13)
[M::mem_pestat] low and high boundaries for proper pairs: (1, 8988)
[M::mem_pestat] analyzing insert size distribution for orientation RR...
[M::mem_pestat] (25, 50, 75) percentile: (201, 386, 1028)
[M::mem_pestat] low and high boundaries for computing mean and std.dev: (1, 2682)
[M::mem_pestat] mean and std.dev: (629.70, 597.96)
[M::mem_pestat] low and high boundaries for proper pairs: (1, 3509)
[M::mem_pestat] skip orientation FF
[M::mem_pestat] skip orientation RF
[M::mem_pestat] skip orientation RR
[M::process] read 1458536 sequences (200000058 bp)...
[M::mem_process_seqs] Processed 1457336 reads in 450.929 CPU sec, 48.763 real sec
[M::mem_pestat] # candidate unique pairs for (FF, FR, RF, RR): (49, 558736, 138, 37)
[M::mem_pestat] analyzing insert size distribution for orientation FF...
[M::mem_pestat] (25, 50, 75) percentile: (321, 478, 885)
[M::mem_pestat] low and high boundaries for computing mean and std.dev: (1, 2013)
[M::mem_pestat] mean and std.dev: (567.35, 360.12)
[M::mem_pestat] low and high boundaries for proper pairs: (1, 2577)
[M::mem_pestat] analyzing insert size distribution for orientation FR...
[M::mem_pestat] (25, 50, 75) percentile: (275, 361, 462)
[M::mem_pestat] low and high boundaries for computing mean and std.dev: (1, 836)
[M::mem_pestat] mean and std.dev: (375.39, 139.64)
[M::mem_pestat] low and high boundaries for proper pairs: (1, 1023)
[M::mem_pestat] analyzing insert size distribution for orientation RF...
[M::mem_pestat] (25, 50, 75) percentile: (61, 378, 3164)
[M::mem_pestat] low and high boundaries for computing mean and std.dev: (1, 9370)
[M::mem_pestat] mean and std.dev: (1725.57, 2469.28)
[M::mem_pestat] low and high boundaries for proper pairs: (1, 12473)
[M::mem_pestat] analyzing insert size distribution for orientation RR...
[M::mem_pestat] (25, 50, 75) percentile: (242, 301, 713)
[M::mem_pestat] low and high boundaries for computing mean and std.dev: (1, 1655)
[M::mem_pestat] mean and std.dev: (379.48, 264.55)
[M::mem_pestat] low and high boundaries for proper pairs: (1, 2126)
[M::mem_pestat] skip orientation FF
[M::mem_pestat] skip orientation RF
[M::mem_pestat] skip orientation RR
[M::process] read 1461568 sequences (200000028 bp)...
[M::mem_process_seqs] Processed 1458536 reads in 451.453 CPU sec, 48.813 real sec
[M::mem_pestat] # candidate unique pairs for (FF, FR, RF, RR): (41, 558298, 150, 37)
[M::mem_pestat] analyzing insert size distribution for orientation FF...
[M::mem_pestat] (25, 50, 75) percentile: (227, 420, 714)
[M::mem_pestat] low and high boundaries for computing mean and std.dev: (1, 1688)
[M::mem_pestat] mean and std.dev: (416.16, 283.26)
[M::mem_pestat] low and high boundaries for proper pairs: (1, 2175)
[M::mem_pestat] analyzing insert size distribution for orientation FR...
[M::mem_pestat] (25, 50, 75) percentile: (272, 359, 457)
[M::mem_pestat] low and high boundaries for computing mean and std.dev: (1, 827)
[M::mem_pestat] mean and std.dev: (371.83, 137.55)
[M::mem_pestat] low and high boundaries for proper pairs: (1, 1012)
[M::mem_pestat] analyzing insert size distribution for orientation RF...
[M::mem_pestat] (25, 50, 75) percentile: (41, 318, 2512)
[M::mem_pestat] low and high boundaries for computing mean and std.dev: (1, 7454)
[M::mem_pestat] mean and std.dev: (1097.61, 1583.31)
[M::mem_pestat] low and high boundaries for proper pairs: (1, 9925)
[M::mem_pestat] analyzing insert size distribution for orientation RR...
[M::mem_pestat] (25, 50, 75) percentile: (265, 500, 1340)
[M::mem_pestat] low and high boundaries for computing mean and std.dev: (1, 3490)
[M::mem_pestat] mean and std.dev: (641.50, 616.89)
[M::mem_pestat] low and high boundaries for proper pairs: (1, 4565)
[M::mem_pestat] skip orientation FF
[M::mem_pestat] skip orientation RF
[M::mem_pestat] skip orientation RR
[M::process] read 1456872 sequences (200000007 bp)...
[M::mem_process_seqs] Processed 1461568 reads in 454.951 CPU sec, 49.181 real sec
[M::mem_pestat] # candidate unique pairs for (FF, FR, RF, RR): (65, 559938, 146, 33)
[M::mem_pestat] analyzing insert size distribution for orientation FF...
[M::mem_pestat] (25, 50, 75) percentile: (264, 469, 830)
[M::mem_pestat] low and high boundaries for computing mean and std.dev: (1, 1962)
[M::mem_pestat] mean and std.dev: (515.52, 345.35)
[M::mem_pestat] low and high boundaries for proper pairs: (1, 2528)
[M::mem_pestat] analyzing insert size distribution for orientation FR...
[M::mem_pestat] (25, 50, 75) percentile: (274, 361, 463)
[M::mem_pestat] low and high boundaries for computing mean and std.dev: (1, 841)
[M::mem_pestat] mean and std.dev: (375.64, 140.97)
[M::mem_pestat] low and high boundaries for proper pairs: (1, 1030)
[M::mem_pestat] analyzing insert size distribution for orientation RF...
[M::mem_pestat] (25, 50, 75) percentile: (51, 439, 2873)
[M::mem_pestat] low and high boundaries for computing mean and std.dev: (1, 8517)
[M::mem_pestat] mean and std.dev: (1366.06, 1913.24)
[M::mem_pestat] low and high boundaries for proper pairs: (1, 11339)
[M::mem_pestat] analyzing insert size distribution for orientation RR...
[M::mem_pestat] (25, 50, 75) percentile: (244, 435, 1093)
[M::mem_pestat] low and high boundaries for computing mean and std.dev: (1, 2791)
[M::mem_pestat] mean and std.dev: (634.60, 680.36)
[M::mem_pestat] low and high boundaries for proper pairs: (1, 3640)
[M::mem_pestat] skip orientation FF
[M::mem_pestat] skip orientation RF
[M::mem_pestat] skip orientation RR
[M::process] read 1456260 sequences (200000110 bp)...
[M::mem_process_seqs] Processed 1456872 reads in 448.278 CPU sec, 48.491 real sec
[M::mem_pestat] # candidate unique pairs for (FF, FR, RF, RR): (40, 559156, 131, 35)
[M::mem_pestat] analyzing insert size distribution for orientation FF...
[M::mem_pestat] (25, 50, 75) percentile: (286, 446, 797)
[M::mem_pestat] low and high boundaries for computing mean and std.dev: (1, 1819)
[M::mem_pestat] mean and std.dev: (480.14, 324.41)
[M::mem_pestat] low and high boundaries for proper pairs: (1, 2330)
[M::mem_pestat] analyzing insert size distribution for orientation FR...
[M::mem_pestat] (25, 50, 75) percentile: (276, 363, 465)
[M::mem_pestat] low and high boundaries for computing mean and std.dev: (1, 843)
[M::mem_pestat] mean and std.dev: (377.23, 141.27)
[M::mem_pestat] low and high boundaries for proper pairs: (1, 1032)
[M::mem_pestat] analyzing insert size distribution for orientation RF...
[M::mem_pestat] (25, 50, 75) percentile: (83, 292, 2267)
[M::mem_pestat] low and high boundaries for computing mean and std.dev: (1, 6635)
[M::mem_pestat] mean and std.dev: (1041.63, 1480.10)
[M::mem_pestat] low and high boundaries for proper pairs: (1, 8819)
[M::mem_pestat] analyzing insert size distribution for orientation RR...
[M::mem_pestat] (25, 50, 75) percentile: (199, 377, 554)
[M::mem_pestat] low and high boundaries for computing mean and std.dev: (1, 1264)
[M::mem_pestat] mean and std.dev: (387.41, 273.18)
[M::mem_pestat] low and high boundaries for proper pairs: (1, 1619)
[M::mem_pestat] skip orientation FF
[M::mem_pestat] skip orientation RF
[M::mem_pestat] skip orientation RR
[M::process] read 1457042 sequences (200000213 bp)...
[M::mem_process_seqs] Processed 1456260 reads in 452.291 CPU sec, 48.967 real sec
[M::mem_pestat] # candidate unique pairs for (FF, FR, RF, RR): (33, 558314, 146, 30)
[M::mem_pestat] analyzing insert size distribution for orientation FF...
[M::mem_pestat] (25, 50, 75) percentile: (194, 315, 472)
[M::mem_pestat] low and high boundaries for computing mean and std.dev: (1, 1028)
[M::mem_pestat] mean and std.dev: (323.97, 156.56)
[M::mem_pestat] low and high boundaries for proper pairs: (1, 1306)
[M::mem_pestat] analyzing insert size distribution for orientation FR...
[M::mem_pestat] (25, 50, 75) percentile: (275, 362, 464)
[M::mem_pestat] low and high boundaries for computing mean and std.dev: (1, 842)
[M::mem_pestat] mean and std.dev: (376.50, 140.81)
[M::mem_pestat] low and high boundaries for proper pairs: (1, 1031)
[M::mem_pestat] analyzing insert size distribution for orientation RF...
[M::mem_pestat] (25, 50, 75) percentile: (75, 346, 1507)
[M::mem_pestat] low and high boundaries for computing mean and std.dev: (1, 4371)
[M::mem_pestat] mean and std.dev: (655.23, 928.19)
[M::mem_pestat] low and high boundaries for proper pairs: (1, 5803)
[M::mem_pestat] analyzing insert size distribution for orientation RR...
[M::mem_pestat] (25, 50, 75) percentile: (210, 442, 1056)
[M::mem_pestat] low and high boundaries for computing mean and std.dev: (1, 2748)
[M::mem_pestat] mean and std.dev: (505.50, 470.63)
[M::mem_pestat] low and high boundaries for proper pairs: (1, 3594)
[M::mem_pestat] skip orientation FF
[M::mem_pestat] skip orientation RF
[M::mem_pestat] skip orientation RR
[M::process] read 1460850 sequences (200000060 bp)...
[M::mem_process_seqs] Processed 1457042 reads in 452.694 CPU sec, 48.993 real sec
[M::mem_pestat] # candidate unique pairs for (FF, FR, RF, RR): (55, 558331, 152, 45)
[M::mem_pestat] analyzing insert size distribution for orientation FF...
[M::mem_pestat] (25, 50, 75) percentile: (361, 542, 820)
[M::mem_pestat] low and high boundaries for computing mean and std.dev: (1, 1738)
[M::mem_pestat] mean and std.dev: (547.52, 299.84)
[M::mem_pestat] low and high boundaries for proper pairs: (1, 2197)
[M::mem_pestat] analyzing insert size distribution for orientation FR...
[M::mem_pestat] (25, 50, 75) percentile: (273, 360, 460)
[M::mem_pestat] low and high boundaries for computing mean and std.dev: (1, 834)
[M::mem_pestat] mean and std.dev: (373.28, 138.40)
[M::mem_pestat] low and high boundaries for proper pairs: (1, 1021)
[M::mem_pestat] analyzing insert size distribution for orientation RF...
[M::mem_pestat] (25, 50, 75) percentile: (58, 341, 2292)
[M::mem_pestat] low and high boundaries for computing mean and std.dev: (1, 6760)
[M::mem_pestat] mean and std.dev: (1241.74, 1808.20)
[M::mem_pestat] low and high boundaries for proper pairs: (1, 8994)
[M::mem_pestat] analyzing insert size distribution for orientation RR...
[M::mem_pestat] (25, 50, 75) percentile: (244, 421, 1212)
[M::mem_pestat] low and high boundaries for computing mean and std.dev: (1, 3148)
[M::mem_pestat] mean and std.dev: (711.00, 778.22)
[M::mem_pestat] low and high boundaries for proper pairs: (1, 4116)
[M::mem_pestat] skip orientation FF
[M::mem_pestat] skip orientation RF
[M::mem_pestat] skip orientation RR
[M::process] read 1456630 sequences (200000244 bp)...
[M::mem_process_seqs] Processed 1460850 reads in 457.281 CPU sec, 49.409 real sec
[M::mem_pestat] # candidate unique pairs for (FF, FR, RF, RR): (46, 559346, 123, 36)
[M::mem_pestat] analyzing insert size distribution for orientation FF...
[M::mem_pestat] (25, 50, 75) percentile: (280, 412, 929)
[M::mem_pestat] low and high boundaries for computing mean and std.dev: (1, 2227)
[M::mem_pestat] mean and std.dev: (653.29, 515.82)
[M::mem_pestat] low and high boundaries for proper pairs: (1, 2876)
[M::mem_pestat] analyzing insert size distribution for orientation FR...
[M::mem_pestat] (25, 50, 75) percentile: (276, 363, 467)
[M::mem_pestat] low and high boundaries for computing mean and std.dev: (1, 849)
[M::mem_pestat] mean and std.dev: (378.59, 142.76)
[M::mem_pestat] low and high boundaries for proper pairs: (1, 1040)
[M::mem_pestat] analyzing insert size distribution for orientation RF...
[M::mem_pestat] (25, 50, 75) percentile: (100, 516, 3046)
[M::mem_pestat] low and high boundaries for computing mean and std.dev: (1, 8938)
[M::mem_pestat] mean and std.dev: (1701.07, 2214.26)
[M::mem_pestat] low and high boundaries for proper pairs: (1, 11884)
[M::mem_pestat] analyzing insert size distribution for orientation RR...
[M::mem_pestat] (25, 50, 75) percentile: (143, 286, 531)
[M::mem_pestat] low and high boundaries for computing mean and std.dev: (1, 1307)
[M::mem_pestat] mean and std.dev: (296.45, 237.38)
[M::mem_pestat] low and high boundaries for proper pairs: (1, 1695)
[M::mem_pestat] skip orientation FF
[M::mem_pestat] skip orientation RF
[M::mem_pestat] skip orientation RR
[M::process] read 1456762 sequences (200000018 bp)...
[M::mem_process_seqs] Processed 1456630 reads in 451.222 CPU sec, 48.840 real sec
[M::mem_pestat] # candidate unique pairs for (FF, FR, RF, RR): (57, 558178, 151, 37)
[M::mem_pestat] analyzing insert size distribution for orientation FF...
[M::mem_pestat] (25, 50, 75) percentile: (270, 406, 767)
[M::mem_pestat] low and high boundaries for computing mean and std.dev: (1, 1761)
[M::mem_pestat] mean and std.dev: (487.46, 323.86)
[M::mem_pestat] low and high boundaries for proper pairs: (1, 2258)
[M::mem_pestat] analyzing insert size distribution for orientation FR...
[M::mem_pestat] (25, 50, 75) percentile: (277, 364, 467)
[M::mem_pestat] low and high boundaries for computing mean and std.dev: (1, 847)
[M::mem_pestat] mean and std.dev: (378.68, 141.96)
[M::mem_pestat] low and high boundaries for proper pairs: (1, 1037)
[M::mem_pestat] analyzing insert size distribution for orientation RF...
[M::mem_pestat] (25, 50, 75) percentile: (97, 629, 4251)
[M::mem_pestat] low and high boundaries for computing mean and std.dev: (1, 12559)
[M::mem_pestat] mean and std.dev: (2164.69, 2763.45)
[M::mem_pestat] low and high boundaries for proper pairs: (1, 16713)
[M::mem_pestat] analyzing insert size distribution for orientation RR...
[M::mem_pestat] (25, 50, 75) percentile: (139, 336, 1775)
[M::mem_pestat] low and high boundaries for computing mean and std.dev: (1, 5047)
[M::mem_pestat] mean and std.dev: (641.76, 787.66)
[M::mem_pestat] low and high boundaries for proper pairs: (1, 6683)
[M::mem_pestat] skip orientation FF
[M::mem_pestat] skip orientation RF
[M::mem_pestat] skip orientation RR
[M::process] read 1457376 sequences (200000150 bp)...
[M::mem_process_seqs] Processed 1456762 reads in 453.031 CPU sec, 48.971 real sec
[M::mem_pestat] # candidate unique pairs for (FF, FR, RF, RR): (51, 557825, 151, 34)
[M::mem_pestat] analyzing insert size distribution for orientation FF...
[M::mem_pestat] (25, 50, 75) percentile: (348, 526, 778)
[M::mem_pestat] low and high boundaries for computing mean and std.dev: (1, 1638)
[M::mem_pestat] mean and std.dev: (480.88, 253.30)
[M::mem_pestat] low and high boundaries for proper pairs: (1, 2068)
[M::mem_pestat] analyzing insert size distribution for orientation FR...
[M::mem_pestat] (25, 50, 75) percentile: (276, 363, 465)
[M::mem_pestat] low and high boundaries for computing mean and std.dev: (1, 843)
[M::mem_pestat] mean and std.dev: (377.50, 140.79)
[M::mem_pestat] low and high boundaries for proper pairs: (1, 1032)
[M::mem_pestat] analyzing insert size distribution for orientation RF...
[M::mem_pestat] (25, 50, 75) percentile: (34, 236, 2435)
[M::mem_pestat] low and high boundaries for computing mean and std.dev: (1, 7237)
[M::mem_pestat] mean and std.dev: (1125.17, 1603.71)
[M::mem_pestat] low and high boundaries for proper pairs: (1, 9638)
[M::mem_pestat] analyzing insert size distribution for orientation RR...
[M::mem_pestat] (25, 50, 75) percentile: (216, 372, 679)
[M::mem_pestat] low and high boundaries for computing mean and std.dev: (1, 1605)
[M::mem_pestat] mean and std.dev: (445.42, 347.59)
[M::mem_pestat] low and high boundaries for proper pairs: (1, 2068)
[M::mem_pestat] skip orientation FF
[M::mem_pestat] skip orientation RF
[M::mem_pestat] skip orientation RR
[M::process] read 1460630 sequences (200000041 bp)...
[M::mem_process_seqs] Processed 1457376 reads in 451.651 CPU sec, 48.884 real sec
[M::mem_pestat] # candidate unique pairs for (FF, FR, RF, RR): (51, 558857, 123, 45)
[M::mem_pestat] analyzing insert size distribution for orientation FF...
[M::mem_pestat] (25, 50, 75) percentile: (278, 611, 959)
[M::mem_pestat] low and high boundaries for computing mean and std.dev: (1, 2321)
[M::mem_pestat] mean and std.dev: (588.20, 370.05)
[M::mem_pestat] low and high boundaries for proper pairs: (1, 3002)
[M::mem_pestat] analyzing insert size distribution for orientation FR...
[M::mem_pestat] (25, 50, 75) percentile: (274, 361, 461)
[M::mem_pestat] low and high boundaries for computing mean and std.dev: (1, 835)
[M::mem_pestat] mean and std.dev: (374.58, 139.15)
[M::mem_pestat] low and high boundaries for proper pairs: (1, 1022)
[M::mem_pestat] analyzing insert size distribution for orientation RF...
[M::mem_pestat] (25, 50, 75) percentile: (66, 300, 3235)
[M::mem_pestat] low and high boundaries for computing mean and std.dev: (1, 9573)
[M::mem_pestat] mean and std.dev: (1645.47, 2483.83)
[M::mem_pestat] low and high boundaries for proper pairs: (1, 12742)
[M::mem_pestat] analyzing insert size distribution for orientation RR...
[M::mem_pestat] (25, 50, 75) percentile: (228, 485, 1213)
[M::mem_pestat] low and high boundaries for computing mean and std.dev: (1, 3183)
[M::mem_pestat] mean and std.dev: (707.78, 737.96)
[M::mem_pestat] low and high boundaries for proper pairs: (1, 4168)
[M::mem_pestat] skip orientation FF
[M::mem_pestat] skip orientation RF
[M::mem_pestat] skip orientation RR
[M::process] read 1456350 sequences (200000157 bp)...
[M::mem_process_seqs] Processed 1460630 reads in 455.015 CPU sec, 49.169 real sec
[M::mem_pestat] # candidate unique pairs for (FF, FR, RF, RR): (59, 559452, 143, 32)
[M::mem_pestat] analyzing insert size distribution for orientation FF...
[M::mem_pestat] (25, 50, 75) percentile: (272, 428, 750)
[M::mem_pestat] low and high boundaries for computing mean and std.dev: (1, 1706)
[M::mem_pestat] mean and std.dev: (476.07, 293.46)
[M::mem_pestat] low and high boundaries for proper pairs: (1, 2184)
[M::mem_pestat] analyzing insert size distribution for orientation FR...
[M::mem_pestat] (25, 50, 75) percentile: (277, 364, 467)
[M::mem_pestat] low and high boundaries for computing mean and std.dev: (1, 847)
[M::mem_pestat] mean and std.dev: (378.92, 142.01)
[M::mem_pestat] low and high boundaries for proper pairs: (1, 1037)
[M::mem_pestat] analyzing insert size distribution for orientation RF...
[M::mem_pestat] (25, 50, 75) percentile: (114, 330, 3106)
[M::mem_pestat] low and high boundaries for computing mean and std.dev: (1, 9090)
[M::mem_pestat] mean and std.dev: (1746.18, 2369.41)
[M::mem_pestat] low and high boundaries for proper pairs: (1, 12082)
[M::mem_pestat] analyzing insert size distribution for orientation RR...
[M::mem_pestat] (25, 50, 75) percentile: (259, 484, 801)
[M::mem_pestat] low and high boundaries for computing mean and std.dev: (1, 1885)
[M::mem_pestat] mean and std.dev: (451.18, 316.10)
[M::mem_pestat] low and high boundaries for proper pairs: (1, 2427)
[M::mem_pestat] skip orientation FF
[M::mem_pestat] skip orientation RF
[M::mem_pestat] skip orientation RR
[M::process] read 1456512 sequences (200000110 bp)...
[M::mem_process_seqs] Processed 1456350 reads in 449.511 CPU sec, 48.682 real sec
[M::mem_pestat] # candidate unique pairs for (FF, FR, RF, RR): (59, 558024, 114, 28)
[M::mem_pestat] analyzing insert size distribution for orientation FF...
[M::mem_pestat] (25, 50, 75) percentile: (353, 466, 685)
[M::mem_pestat] low and high boundaries for computing mean and std.dev: (1, 1349)
[M::mem_pestat] mean and std.dev: (451.41, 235.33)
[M::mem_pestat] low and high boundaries for proper pairs: (1, 1681)
[M::mem_pestat] analyzing insert size distribution for orientation FR...
[M::mem_pestat] (25, 50, 75) percentile: (276, 364, 466)
[M::mem_pestat] low and high boundaries for computing mean and std.dev: (1, 846)
[M::mem_pestat] mean and std.dev: (377.85, 141.08)
[M::mem_pestat] low and high boundaries for proper pairs: (1, 1036)
[M::mem_pestat] analyzing insert size distribution for orientation RF...
[M::mem_pestat] (25, 50, 75) percentile: (80, 411, 3367)
[M::mem_pestat] low and high boundaries for computing mean and std.dev: (1, 9941)
[M::mem_pestat] mean and std.dev: (1927.82, 2532.51)
[M::mem_pestat] low and high boundaries for proper pairs: (1, 13228)
[M::mem_pestat] analyzing insert size distribution for orientation RR...
[M::mem_pestat] (25, 50, 75) percentile: (278, 409, 1537)
[M::mem_pestat] low and high boundaries for computing mean and std.dev: (1, 4055)
[M::mem_pestat] mean and std.dev: (728.35, 865.93)
[M::mem_pestat] low and high boundaries for proper pairs: (1, 5314)
[M::mem_pestat] skip orientation FF
[M::mem_pestat] skip orientation RF
[M::mem_pestat] skip orientation RR
[M::process] read 1457486 sequences (200000270 bp)...
[M::mem_process_seqs] Processed 1456512 reads in 456.439 CPU sec, 49.391 real sec
[M::mem_pestat] # candidate unique pairs for (FF, FR, RF, RR): (47, 557654, 147, 37)
[M::mem_pestat] analyzing insert size distribution for orientation FF...
[M::mem_pestat] (25, 50, 75) percentile: (293, 426, 893)
[M::mem_pestat] low and high boundaries for computing mean and std.dev: (1, 2093)
[M::mem_pestat] mean and std.dev: (544.20, 468.50)
[M::mem_pestat] low and high boundaries for proper pairs: (1, 2693)
[M::mem_pestat] analyzing insert size distribution for orientation FR...
[M::mem_pestat] (25, 50, 75) percentile: (275, 362, 463)
[M::mem_pestat] low and high boundaries for computing mean and std.dev: (1, 839)
[M::mem_pestat] mean and std.dev: (376.03, 139.80)
[M::mem_pestat] low and high boundaries for proper pairs: (1, 1027)
[M::mem_pestat] analyzing insert size distribution for orientation RF...
[M::mem_pestat] (25, 50, 75) percentile: (48, 297, 2646)
[M::mem_pestat] low and high boundaries for computing mean and std.dev: (1, 7842)
[M::mem_pestat] mean and std.dev: (1192.22, 1689.87)
[M::mem_pestat] low and high boundaries for proper pairs: (1, 10440)
[M::mem_pestat] analyzing insert size distribution for orientation RR...
[M::mem_pestat] (25, 50, 75) percentile: (229, 427, 978)
[M::mem_pestat] low and high boundaries for computing mean and std.dev: (1, 2476)
[M::mem_pestat] mean and std.dev: (495.94, 388.45)
[M::mem_pestat] low and high boundaries for proper pairs: (1, 3225)
[M::mem_pestat] skip orientation FF
[M::mem_pestat] skip orientation RF
[M::mem_pestat] skip orientation RR
[M::process] read 1468224 sequences (200000081 bp)...
[M::mem_process_seqs] Processed 1457486 reads in 454.117 CPU sec, 49.092 real sec
[M::mem_pestat] # candidate unique pairs for (FF, FR, RF, RR): (53, 561596, 142, 49)
[M::mem_pestat] analyzing insert size distribution for orientation FF...
[M::mem_pestat] (25, 50, 75) percentile: (223, 510, 940)
[M::mem_pestat] low and high boundaries for computing mean and std.dev: (1, 2374)
[M::mem_pestat] mean and std.dev: (597.04, 514.15)
[M::mem_pestat] low and high boundaries for proper pairs: (1, 3091)
[M::mem_pestat] analyzing insert size distribution for orientation FR...
[M::mem_pestat] (25, 50, 75) percentile: (271, 357, 456)
[M::mem_pestat] low and high boundaries for computing mean and std.dev: (1, 826)
[M::mem_pestat] mean and std.dev: (370.43, 137.59)
[M::mem_pestat] low and high boundaries for proper pairs: (1, 1011)
[M::mem_pestat] analyzing insert size distribution for orientation RF...
[M::mem_pestat] (25, 50, 75) percentile: (61, 284, 3352)
[M::mem_pestat] low and high boundaries for computing mean and std.dev: (1, 9934)
[M::mem_pestat] mean and std.dev: (1746.58, 2439.48)
[M::mem_pestat] low and high boundaries for proper pairs: (1, 13225)
[M::mem_pestat] analyzing insert size distribution for orientation RR...
[M::mem_pestat] (25, 50, 75) percentile: (221, 387, 921)
[M::mem_pestat] low and high boundaries for computing mean and std.dev: (1, 2321)
[M::mem_pestat] mean and std.dev: (472.36, 358.12)
[M::mem_pestat] low and high boundaries for proper pairs: (1, 3021)
[M::mem_pestat] skip orientation FF
[M::mem_pestat] skip orientation RF
[M::mem_pestat] skip orientation RR
[M::process] read 1464406 sequences (200000254 bp)...
[M::mem_process_seqs] Processed 1468224 reads in 455.810 CPU sec, 49.285 real sec
[M::mem_pestat] # candidate unique pairs for (FF, FR, RF, RR): (52, 560790, 115, 32)
[M::mem_pestat] analyzing insert size distribution for orientation FF...
[M::mem_pestat] (25, 50, 75) percentile: (272, 415, 600)
[M::mem_pestat] low and high boundaries for computing mean and std.dev: (1, 1256)
[M::mem_pestat] mean and std.dev: (427.37, 241.99)
[M::mem_pestat] low and high boundaries for proper pairs: (1, 1584)
[M::mem_pestat] analyzing insert size distribution for orientation FR...
[M::mem_pestat] (25, 50, 75) percentile: (275, 361, 463)
[M::mem_pestat] low and high boundaries for computing mean and std.dev: (1, 839)
[M::mem_pestat] mean and std.dev: (375.70, 140.86)
[M::mem_pestat] low and high boundaries for proper pairs: (1, 1027)
[M::mem_pestat] analyzing insert size distribution for orientation RF...
[M::mem_pestat] (25, 50, 75) percentile: (73, 339, 1528)
[M::mem_pestat] low and high boundaries for computing mean and std.dev: (1, 4438)
[M::mem_pestat] mean and std.dev: (666.93, 1008.89)
[M::mem_pestat] low and high boundaries for proper pairs: (1, 5893)
[M::mem_pestat] analyzing insert size distribution for orientation RR...
[M::mem_pestat] (25, 50, 75) percentile: (147, 283, 503)
[M::mem_pestat] low and high boundaries for computing mean and std.dev: (1, 1215)
[M::mem_pestat] mean and std.dev: (280.68, 191.26)
[M::mem_pestat] low and high boundaries for proper pairs: (1, 1571)
[M::mem_pestat] skip orientation FF
[M::mem_pestat] skip orientation RF
[M::mem_pestat] skip orientation RR
[M::mem_process_seqs] Processed 1464406 reads in 470.063 CPU sec, 73.235 real sec
[M::process] read 1463902 sequences (200000151 bp)...
[M::process] read 1464414 sequences (200000030 bp)...
[M::mem_pestat] # candidate unique pairs for (FF, FR, RF, RR): (56, 560501, 140, 48)
[M::mem_pestat] analyzing insert size distribution for orientation FF...
[M::mem_pestat] (25, 50, 75) percentile: (281, 513, 913)
[M::mem_pestat] low and high boundaries for computing mean and std.dev: (1, 2177)
[M::mem_pestat] mean and std.dev: (596.10, 520.99)
[M::mem_pestat] low and high boundaries for proper pairs: (1, 2809)
[M::mem_pestat] analyzing insert size distribution for orientation FR...
[M::mem_pestat] (25, 50, 75) percentile: (275, 362, 465)
[M::mem_pestat] low and high boundaries for computing mean and std.dev: (1, 845)
[M::mem_pestat] mean and std.dev: (376.91, 141.41)
[M::mem_pestat] low and high boundaries for proper pairs: (1, 1035)
[M::mem_pestat] analyzing insert size distribution for orientation RF...
[M::mem_pestat] (25, 50, 75) percentile: (78, 353, 2176)
[M::mem_pestat] low and high boundaries for computing mean and std.dev: (1, 6372)
[M::mem_pestat] mean and std.dev: (1183.41, 1792.50)
[M::mem_pestat] low and high boundaries for proper pairs: (1, 8470)
[M::mem_pestat] analyzing insert size distribution for orientation RR...
[M::mem_pestat] (25, 50, 75) percentile: (197, 393, 1191)
[M::mem_pestat] low and high boundaries for computing mean and std.dev: (1, 3179)
[M::mem_pestat] mean and std.dev: (457.24, 450.99)
[M::mem_pestat] low and high boundaries for proper pairs: (1, 4173)
[M::mem_pestat] skip orientation FF
[M::mem_pestat] skip orientation RF
[M::mem_pestat] skip orientation RR
[M::mem_process_seqs] Processed 1463902 reads in 453.075 CPU sec, 47.510 real sec
[M::mem_pestat] # candidate unique pairs for (FF, FR, RF, RR): (49, 558226, 124, 48)
[M::mem_pestat] analyzing insert size distribution for orientation FF...
[M::mem_pestat] (25, 50, 75) percentile: (280, 437, 1050)
[M::mem_pestat] low and high boundaries for computing mean and std.dev: (1, 2590)
[M::mem_pestat] mean and std.dev: (545.30, 457.09)
[M::mem_pestat] low and high boundaries for proper pairs: (1, 3360)
[M::mem_pestat] analyzing insert size distribution for orientation FR...
[M::mem_pestat] (25, 50, 75) percentile: (274, 361, 462)
[M::mem_pestat] low and high boundaries for computing mean and std.dev: (1, 838)
[M::mem_pestat] mean and std.dev: (375.07, 140.31)
[M::mem_pestat] low and high boundaries for proper pairs: (1, 1026)
[M::mem_pestat] analyzing insert size distribution for orientation RF...
[M::mem_pestat] (25, 50, 75) percentile: (54, 311, 1780)
[M::mem_pestat] low and high boundaries for computing mean and std.dev: (1, 5232)
[M::mem_pestat] mean and std.dev: (933.02, 1423.97)
[M::mem_pestat] low and high boundaries for proper pairs: (1, 6958)
[M::mem_pestat] analyzing insert size distribution for orientation RR...
[M::mem_pestat] (25, 50, 75) percentile: (182, 315, 524)
[M::mem_pestat] low and high boundaries for computing mean and std.dev: (1, 1208)
[M::mem_pestat] mean and std.dev: (346.18, 227.87)
[M::mem_pestat] low and high boundaries for proper pairs: (1, 1550)
[M::mem_pestat] skip orientation FF
[M::mem_pestat] skip orientation RF
[M::mem_pestat] skip orientation RR
[M::process] read 1465106 sequences (200000242 bp)...
[M::mem_process_seqs] Processed 1464414 reads in 456.607 CPU sec, 49.498 real sec
[M::mem_pestat] # candidate unique pairs for (FF, FR, RF, RR): (64, 561102, 145, 34)
[M::mem_pestat] analyzing insert size distribution for orientation FF...
[M::mem_pestat] (25, 50, 75) percentile: (305, 578, 1091)
[M::mem_pestat] low and high boundaries for computing mean and std.dev: (1, 2663)
[M::mem_pestat] mean and std.dev: (610.89, 438.61)
[M::mem_pestat] low and high boundaries for proper pairs: (1, 3449)
[M::mem_pestat] analyzing insert size distribution for orientation FR...
[M::mem_pestat] (25, 50, 75) percentile: (275, 361, 464)
[M::mem_pestat] low and high boundaries for computing mean and std.dev: (1, 842)
[M::mem_pestat] mean and std.dev: (375.81, 141.27)
[M::mem_pestat] low and high boundaries for proper pairs: (1, 1031)
[M::mem_pestat] analyzing insert size distribution for orientation RF...
[M::mem_pestat] (25, 50, 75) percentile: (67, 326, 3250)
[M::mem_pestat] low and high boundaries for computing mean and std.dev: (1, 9616)
[M::mem_pestat] mean and std.dev: (1805.82, 2350.58)
[M::mem_pestat] low and high boundaries for proper pairs: (1, 12799)
[M::mem_pestat] analyzing insert size distribution for orientation RR...
[M::mem_pestat] (25, 50, 75) percentile: (216, 335, 487)
[M::mem_pestat] low and high boundaries for computing mean and std.dev: (1, 1029)
[M::mem_pestat] mean and std.dev: (310.50, 172.11)
[M::mem_pestat] low and high boundaries for proper pairs: (1, 1300)
[M::mem_pestat] skip orientation FF
[M::mem_pestat] skip orientation RF
[M::mem_pestat] skip orientation RR
[M::process] read 1461226 sequences (200000117 bp)...
[M::mem_process_seqs] Processed 1465106 reads in 456.173 CPU sec, 49.424 real sec
[M::mem_pestat] # candidate unique pairs for (FF, FR, RF, RR): (57, 559396, 140, 40)
[M::mem_pestat] analyzing insert size distribution for orientation FF...
[M::mem_pestat] (25, 50, 75) percentile: (295, 425, 694)
[M::mem_pestat] low and high boundaries for computing mean and std.dev: (1, 1492)
[M::mem_pestat] mean and std.dev: (476.12, 278.31)
[M::mem_pestat] low and high boundaries for proper pairs: (1, 1891)
[M::mem_pestat] analyzing insert size distribution for orientation FR...
[M::mem_pestat] (25, 50, 75) percentile: (277, 364, 468)
[M::mem_pestat] low and high boundaries for computing mean and std.dev: (1, 850)
[M::mem_pestat] mean and std.dev: (379.33, 142.80)
[M::mem_pestat] low and high boundaries for proper pairs: (1, 1041)
[M::mem_pestat] analyzing insert size distribution for orientation RF...
[M::mem_pestat] (25, 50, 75) percentile: (89, 360, 2552)
[M::mem_pestat] low and high boundaries for computing mean and std.dev: (1, 7478)
[M::mem_pestat] mean and std.dev: (1156.63, 1731.89)
[M::mem_pestat] low and high boundaries for proper pairs: (1, 9941)
[M::mem_pestat] analyzing insert size distribution for orientation RR...
[M::mem_pestat] (25, 50, 75) percentile: (213, 315, 831)
[M::mem_pestat] low and high boundaries for computing mean and std.dev: (1, 2067)
[M::mem_pestat] mean and std.dev: (339.33, 243.07)
[M::mem_pestat] low and high boundaries for proper pairs: (1, 2685)
[M::mem_pestat] skip orientation FF
[M::mem_pestat] skip orientation RF
[M::mem_pestat] skip orientation RR
[M::process] read 1461612 sequences (200000151 bp)...
[M::mem_process_seqs] Processed 1461226 reads in 455.854 CPU sec, 49.362 real sec
[M::mem_pestat] # candidate unique pairs for (FF, FR, RF, RR): (60, 558343, 127, 39)
[M::mem_pestat] analyzing insert size distribution for orientation FF...
[M::mem_pestat] (25, 50, 75) percentile: (327, 524, 917)
[M::mem_pestat] low and high boundaries for computing mean and std.dev: (1, 2097)
[M::mem_pestat] mean and std.dev: (531.81, 345.86)
[M::mem_pestat] low and high boundaries for proper pairs: (1, 2687)
[M::mem_pestat] analyzing insert size distribution for orientation FR...
[M::mem_pestat] (25, 50, 75) percentile: (276, 363, 466)
[M::mem_pestat] low and high boundaries for computing mean and std.dev: (1, 846)
[M::mem_pestat] mean and std.dev: (378.12, 141.92)
[M::mem_pestat] low and high boundaries for proper pairs: (1, 1036)
[M::mem_pestat] analyzing insert size distribution for orientation RF...
[M::mem_pestat] (25, 50, 75) percentile: (39, 282, 1479)
[M::mem_pestat] low and high boundaries for computing mean and std.dev: (1, 4359)
[M::mem_pestat] mean and std.dev: (591.68, 919.76)
[M::mem_pestat] low and high boundaries for proper pairs: (1, 5799)
[M::mem_pestat] analyzing insert size distribution for orientation RR...
[M::mem_pestat] (25, 50, 75) percentile: (152, 191, 532)
[M::mem_pestat] low and high boundaries for computing mean and std.dev: (1, 1292)
[M::mem_pestat] mean and std.dev: (284.15, 249.10)
[M::mem_pestat] low and high boundaries for proper pairs: (1, 1672)
[M::mem_pestat] skip orientation FF
[M::mem_pestat] skip orientation RF
[M::mem_pestat] skip orientation RR
[M::mem_process_seqs] Processed 1461612 reads in 460.112 CPU sec, 85.130 real sec
[M::process] read 1465380 sequences (200000019 bp)...
[M::process] read 1461776 sequences (200000098 bp)...
[M::mem_pestat] # candidate unique pairs for (FF, FR, RF, RR): (52, 558994, 133, 30)
[M::mem_pestat] analyzing insert size distribution for orientation FF...
[M::mem_pestat] (25, 50, 75) percentile: (359, 567, 928)
[M::mem_pestat] low and high boundaries for computing mean and std.dev: (1, 2066)
[M::mem_pestat] mean and std.dev: (505.84, 267.53)
[M::mem_pestat] low and high boundaries for proper pairs: (1, 2635)
[M::mem_pestat] analyzing insert size distribution for orientation FR...
[M::mem_pestat] (25, 50, 75) percentile: (274, 361, 462)
[M::mem_pestat] low and high boundaries for computing mean and std.dev: (1, 838)
[M::mem_pestat] mean and std.dev: (374.96, 140.20)
[M::mem_pestat] low and high boundaries for proper pairs: (1, 1026)
[M::mem_pestat] analyzing insert size distribution for orientation RF...
[M::mem_pestat] (25, 50, 75) percentile: (95, 436, 2074)
[M::mem_pestat] low and high boundaries for computing mean and std.dev: (1, 6032)
[M::mem_pestat] mean and std.dev: (1119.97, 1662.85)
[M::mem_pestat] low and high boundaries for proper pairs: (1, 8011)
[M::mem_pestat] analyzing insert size distribution for orientation RR...
[M::mem_pestat] (25, 50, 75) percentile: (209, 394, 1319)
[M::mem_pestat] low and high boundaries for computing mean and std.dev: (1, 3539)
[M::mem_pestat] mean and std.dev: (489.38, 466.73)
[M::mem_pestat] low and high boundaries for proper pairs: (1, 4649)
[M::mem_pestat] skip orientation FF
[M::mem_pestat] skip orientation RF
[M::mem_pestat] skip orientation RR
[M::mem_process_seqs] Processed 1465380 reads in 455.169 CPU sec, 46.572 real sec
[M::mem_pestat] # candidate unique pairs for (FF, FR, RF, RR): (49, 560000, 132, 40)
[M::mem_pestat] analyzing insert size distribution for orientation FF...
[M::mem_pestat] (25, 50, 75) percentile: (291, 518, 867)
[M::mem_pestat] low and high boundaries for computing mean and std.dev: (1, 2019)
[M::mem_pestat] mean and std.dev: (578.13, 387.14)
[M::mem_pestat] low and high boundaries for proper pairs: (1, 2595)
[M::mem_pestat] analyzing insert size distribution for orientation FR...
[M::mem_pestat] (25, 50, 75) percentile: (276, 363, 466)
[M::mem_pestat] low and high boundaries for computing mean and std.dev: (1, 846)
[M::mem_pestat] mean and std.dev: (377.55, 142.09)
[M::mem_pestat] low and high boundaries for proper pairs: (1, 1036)
[M::mem_pestat] analyzing insert size distribution for orientation RF...
[M::mem_pestat] (25, 50, 75) percentile: (65, 472, 2278)
[M::mem_pestat] low and high boundaries for computing mean and std.dev: (1, 6704)
[M::mem_pestat] mean and std.dev: (1306.58, 1728.75)
[M::mem_pestat] low and high boundaries for proper pairs: (1, 8917)
[M::mem_pestat] analyzing insert size distribution for orientation RR...
[M::mem_pestat] (25, 50, 75) percentile: (247, 404, 1504)
[M::mem_pestat] low and high boundaries for computing mean and std.dev: (1, 4018)
[M::mem_pestat] mean and std.dev: (648.57, 709.76)
[M::mem_pestat] low and high boundaries for proper pairs: (1, 5275)
[M::mem_pestat] skip orientation FF
[M::mem_pestat] skip orientation RF
[M::mem_pestat] skip orientation RR
[M::process] read 1460048 sequences (200000100 bp)...
[M::mem_process_seqs] Processed 1461776 reads in 452.113 CPU sec, 48.964 real sec
[M::mem_pestat] # candidate unique pairs for (FF, FR, RF, RR): (55, 559538, 156, 38)
[M::mem_pestat] analyzing insert size distribution for orientation FF...
[M::mem_pestat] (25, 50, 75) percentile: (360, 569, 843)
[M::mem_pestat] low and high boundaries for computing mean and std.dev: (1, 1809)
[M::mem_pestat] mean and std.dev: (516.62, 310.13)
[M::mem_pestat] low and high boundaries for proper pairs: (1, 2292)
[M::mem_pestat] analyzing insert size distribution for orientation FR...
[M::mem_pestat] (25, 50, 75) percentile: (277, 364, 467)
[M::mem_pestat] low and high boundaries for computing mean and std.dev: (1, 847)
[M::mem_pestat] mean and std.dev: (378.82, 142.74)
[M::mem_pestat] low and high boundaries for proper pairs: (1, 1037)
[M::mem_pestat] analyzing insert size distribution for orientation RF...
[M::mem_pestat] (25, 50, 75) percentile: (55, 324, 2920)
[M::mem_pestat] low and high boundaries for computing mean and std.dev: (1, 8650)
[M::mem_pestat] mean and std.dev: (1718.28, 2483.36)
[M::mem_pestat] low and high boundaries for proper pairs: (1, 11652)
[M::mem_pestat] analyzing insert size distribution for orientation RR...
[M::mem_pestat] (25, 50, 75) percentile: (119, 349, 1697)
[M::mem_pestat] low and high boundaries for computing mean and std.dev: (1, 4853)
[M::mem_pestat] mean and std.dev: (789.69, 1001.00)
[M::mem_pestat] low and high boundaries for proper pairs: (1, 6431)
[M::mem_pestat] skip orientation FF
[M::mem_pestat] skip orientation RF
[M::mem_pestat] skip orientation RR
[M::process] read 1460138 sequences (200000098 bp)...
[M::mem_process_seqs] Processed 1460048 reads in 451.269 CPU sec, 49.369 real sec
[M::mem_pestat] # candidate unique pairs for (FF, FR, RF, RR): (46, 558402, 124, 42)
[M::mem_pestat] analyzing insert size distribution for orientation FF...
[M::mem_pestat] (25, 50, 75) percentile: (367, 491, 971)
[M::mem_pestat] low and high boundaries for computing mean and std.dev: (1, 2179)
[M::mem_pestat] mean and std.dev: (637.17, 488.99)
[M::mem_pestat] low and high boundaries for proper pairs: (1, 2783)
[M::mem_pestat] analyzing insert size distribution for orientation FR...
[M::mem_pestat] (25, 50, 75) percentile: (276, 364, 466)
[M::mem_pestat] low and high boundaries for computing mean and std.dev: (1, 846)
[M::mem_pestat] mean and std.dev: (378.53, 142.24)
[M::mem_pestat] low and high boundaries for proper pairs: (1, 1036)
[M::mem_pestat] analyzing insert size distribution for orientation RF...
[M::mem_pestat] (25, 50, 75) percentile: (54, 426, 3174)
[M::mem_pestat] low and high boundaries for computing mean and std.dev: (1, 9414)
[M::mem_pestat] mean and std.dev: (1616.94, 2219.50)
[M::mem_pestat] low and high boundaries for proper pairs: (1, 12534)
[M::mem_pestat] analyzing insert size distribution for orientation RR...
[M::mem_pestat] (25, 50, 75) percentile: (286, 620, 1632)
[M::mem_pestat] low and high boundaries for computing mean and std.dev: (1, 4324)
[M::mem_pestat] mean and std.dev: (1125.40, 1208.36)
[M::mem_pestat] low and high boundaries for proper pairs: (1, 5959)
[M::mem_pestat] skip orientation FF
[M::mem_pestat] skip orientation RF
[M::mem_pestat] skip orientation RR
[M::process] read 1463842 sequences (200000238 bp)...
[M::mem_process_seqs] Processed 1460138 reads in 455.880 CPU sec, 49.707 real sec
[M::mem_pestat] # candidate unique pairs for (FF, FR, RF, RR): (51, 560053, 155, 38)
[M::mem_pestat] analyzing insert size distribution for orientation FF...
[M::mem_pestat] (25, 50, 75) percentile: (220, 448, 677)
[M::mem_pestat] low and high boundaries for computing mean and std.dev: (1, 1591)
[M::mem_pestat] mean and std.dev: (403.78, 259.60)
[M::mem_pestat] low and high boundaries for proper pairs: (1, 2048)
[M::mem_pestat] analyzing insert size distribution for orientation FR...
[M::mem_pestat] (25, 50, 75) percentile: (275, 362, 465)
[M::mem_pestat] low and high boundaries for computing mean and std.dev: (1, 845)
[M::mem_pestat] mean and std.dev: (376.73, 141.81)
[M::mem_pestat] low and high boundaries for proper pairs: (1, 1035)
[M::mem_pestat] analyzing insert size distribution for orientation RF...
[M::mem_pestat] (25, 50, 75) percentile: (109, 376, 2929)
[M::mem_pestat] low and high boundaries for computing mean and std.dev: (1, 8569)
[M::mem_pestat] mean and std.dev: (1633.25, 2226.99)
[M::mem_pestat] low and high boundaries for proper pairs: (1, 11389)
[M::mem_pestat] analyzing insert size distribution for orientation RR...
[M::mem_pestat] (25, 50, 75) percentile: (163, 496, 1582)
[M::mem_pestat] low and high boundaries for computing mean and std.dev: (1, 4420)
[M::mem_pestat] mean and std.dev: (947.28, 1107.43)
[M::mem_pestat] low and high boundaries for proper pairs: (1, 5839)
[M::mem_pestat] skip orientation FF
[M::mem_pestat] skip orientation RF
[M::mem_pestat] skip orientation RR
[M::process] read 1459578 sequences (200000121 bp)...
[M::mem_process_seqs] Processed 1463842 reads in 457.755 CPU sec, 49.528 real sec
[M::mem_pestat] # candidate unique pairs for (FF, FR, RF, RR): (52, 558909, 139, 47)
[M::mem_pestat] analyzing insert size distribution for orientation FF...
[M::mem_pestat] (25, 50, 75) percentile: (303, 512, 837)
[M::mem_pestat] low and high boundaries for computing mean and std.dev: (1, 1905)
[M::mem_pestat] mean and std.dev: (527.47, 287.36)
[M::mem_pestat] low and high boundaries for proper pairs: (1, 2439)
[M::mem_pestat] analyzing insert size distribution for orientation FR...
[M::mem_pestat] (25, 50, 75) percentile: (277, 364, 469)
[M::mem_pestat] low and high boundaries for computing mean and std.dev: (1, 853)
[M::mem_pestat] mean and std.dev: (379.55, 143.54)
[M::mem_pestat] low and high boundaries for proper pairs: (1, 1045)
[M::mem_pestat] analyzing insert size distribution for orientation RF...
[M::mem_pestat] (25, 50, 75) percentile: (102, 439, 2433)
[M::mem_pestat] low and high boundaries for computing mean and std.dev: (1, 7095)
[M::mem_pestat] mean and std.dev: (1184.79, 1665.07)
[M::mem_pestat] low and high boundaries for proper pairs: (1, 9426)
[M::mem_pestat] analyzing insert size distribution for orientation RR...
[M::mem_pestat] (25, 50, 75) percentile: (241, 407, 1592)
[M::mem_pestat] low and high boundaries for computing mean and std.dev: (1, 4294)
[M::mem_pestat] mean and std.dev: (790.51, 861.16)
[M::mem_pestat] low and high boundaries for proper pairs: (1, 5645)
[M::mem_pestat] skip orientation FF
[M::mem_pestat] skip orientation RF
[M::mem_pestat] skip orientation RR
[M::mem_process_seqs] Processed 1459578 reads in 471.338 CPU sec, 76.153 real sec
[M::process] read 1459224 sequences (200000216 bp)...
[M::process] read 1460646 sequences (200000204 bp)...
[M::mem_pestat] # candidate unique pairs for (FF, FR, RF, RR): (57, 559296, 132, 33)
[M::mem_pestat] analyzing insert size distribution for orientation FF...
[M::mem_pestat] (25, 50, 75) percentile: (298, 458, 913)
[M::mem_pestat] low and high boundaries for computing mean and std.dev: (1, 2143)
[M::mem_pestat] mean and std.dev: (580.17, 459.75)
[M::mem_pestat] low and high boundaries for proper pairs: (1, 2758)
[M::mem_pestat] analyzing insert size distribution for orientation FR...
[M::mem_pestat] (25, 50, 75) percentile: (277, 365, 470)
[M::mem_pestat] low and high boundaries for computing mean and std.dev: (1, 856)
[M::mem_pestat] mean and std.dev: (380.48, 143.80)
[M::mem_pestat] low and high boundaries for proper pairs: (1, 1049)
[M::mem_pestat] analyzing insert size distribution for orientation RF...
[M::mem_pestat] (25, 50, 75) percentile: (39, 236, 1136)
[M::mem_pestat] low and high boundaries for computing mean and std.dev: (1, 3330)
[M::mem_pestat] mean and std.dev: (436.70, 727.66)
[M::mem_pestat] low and high boundaries for proper pairs: (1, 4427)
[M::mem_pestat] analyzing insert size distribution for orientation RR...
[M::mem_pestat] (25, 50, 75) percentile: (210, 408, 1130)
[M::mem_pestat] low and high boundaries for computing mean and std.dev: (1, 2970)
[M::mem_pestat] mean and std.dev: (684.06, 756.49)
[M::mem_pestat] low and high boundaries for proper pairs: (1, 3890)
[M::mem_pestat] skip orientation FF
[M::mem_pestat] skip orientation RF
[M::mem_pestat] skip orientation RR
[M::mem_process_seqs] Processed 1459224 reads in 452.389 CPU sec, 47.626 real sec
[M::mem_pestat] # candidate unique pairs for (FF, FR, RF, RR): (57, 557017, 151, 40)
[M::mem_pestat] analyzing insert size distribution for orientation FF...
[M::mem_pestat] (25, 50, 75) percentile: (238, 496, 982)
[M::mem_pestat] low and high boundaries for computing mean and std.dev: (1, 2470)
[M::mem_pestat] mean and std.dev: (565.17, 435.21)
[M::mem_pestat] low and high boundaries for proper pairs: (1, 3214)
[M::mem_pestat] analyzing insert size distribution for orientation FR...
[M::mem_pestat] (25, 50, 75) percentile: (276, 363, 467)
[M::mem_pestat] low and high boundaries for computing mean and std.dev: (1, 849)
[M::mem_pestat] mean and std.dev: (378.77, 142.81)
[M::mem_pestat] low and high boundaries for proper pairs: (1, 1040)
[M::mem_pestat] analyzing insert size distribution for orientation RF...
[M::mem_pestat] (25, 50, 75) percentile: (62, 445, 2431)
[M::mem_pestat] low and high boundaries for computing mean and std.dev: (1, 7169)
[M::mem_pestat] mean and std.dev: (1362.16, 1889.18)
[M::mem_pestat] low and high boundaries for proper pairs: (1, 9538)
[M::mem_pestat] analyzing insert size distribution for orientation RR...
[M::mem_pestat] (25, 50, 75) percentile: (235, 353, 760)
[M::mem_pestat] low and high boundaries for computing mean and std.dev: (1, 1810)
[M::mem_pestat] mean and std.dev: (407.63, 304.10)
[M::mem_pestat] low and high boundaries for proper pairs: (1, 2335)
[M::mem_pestat] skip orientation FF
[M::mem_pestat] skip orientation RF
[M::mem_pestat] skip orientation RR
[M::process] read 1461064 sequences (200000187 bp)...
[M::mem_process_seqs] Processed 1460646 reads in 457.604 CPU sec, 49.458 real sec
[M::mem_pestat] # candidate unique pairs for (FF, FR, RF, RR): (47, 559067, 120, 40)
[M::mem_pestat] analyzing insert size distribution for orientation FF...
[M::mem_pestat] (25, 50, 75) percentile: (396, 585, 980)
[M::mem_pestat] low and high boundaries for computing mean and std.dev: (1, 2148)
[M::mem_pestat] mean and std.dev: (594.05, 342.01)
[M::mem_pestat] low and high boundaries for proper pairs: (1, 2732)
[M::mem_pestat] analyzing insert size distribution for orientation FR...
[M::mem_pestat] (25, 50, 75) percentile: (277, 365, 469)
[M::mem_pestat] low and high boundaries for computing mean and std.dev: (1, 853)
[M::mem_pestat] mean and std.dev: (380.04, 143.92)
[M::mem_pestat] low and high boundaries for proper pairs: (1, 1045)
[M::mem_pestat] analyzing insert size distribution for orientation RF...
[M::mem_pestat] (25, 50, 75) percentile: (49, 437, 2509)
[M::mem_pestat] low and high boundaries for computing mean and std.dev: (1, 7429)
[M::mem_pestat] mean and std.dev: (1292.14, 1805.61)
[M::mem_pestat] low and high boundaries for proper pairs: (1, 9889)
[M::mem_pestat] analyzing insert size distribution for orientation RR...
[M::mem_pestat] (25, 50, 75) percentile: (174, 299, 1422)
[M::mem_pestat] low and high boundaries for computing mean and std.dev: (1, 3918)
[M::mem_pestat] mean and std.dev: (688.89, 918.96)
[M::mem_pestat] low and high boundaries for proper pairs: (1, 5166)
[M::mem_pestat] skip orientation FF
[M::mem_pestat] skip orientation RF
[M::mem_pestat] skip orientation RR
[M::process] read 1460378 sequences (200000079 bp)...
[M::mem_process_seqs] Processed 1461064 reads in 455.483 CPU sec, 49.318 real sec
[M::mem_pestat] # candidate unique pairs for (FF, FR, RF, RR): (57, 559146, 142, 31)
[M::mem_pestat] analyzing insert size distribution for orientation FF...
[M::mem_pestat] (25, 50, 75) percentile: (349, 580, 1297)
[M::mem_pestat] low and high boundaries for computing mean and std.dev: (1, 3193)
[M::mem_pestat] mean and std.dev: (722.73, 638.55)
[M::mem_pestat] low and high boundaries for proper pairs: (1, 4141)
[M::mem_pestat] analyzing insert size distribution for orientation FR...
[M::mem_pestat] (25, 50, 75) percentile: (278, 366, 471)
[M::mem_pestat] low and high boundaries for computing mean and std.dev: (1, 857)
[M::mem_pestat] mean and std.dev: (381.39, 144.24)
[M::mem_pestat] low and high boundaries for proper pairs: (1, 1050)
[M::mem_pestat] analyzing insert size distribution for orientation RF...
[M::mem_pestat] (25, 50, 75) percentile: (50, 249, 1842)
[M::mem_pestat] low and high boundaries for computing mean and std.dev: (1, 5426)
[M::mem_pestat] mean and std.dev: (870.12, 1385.25)
[M::mem_pestat] low and high boundaries for proper pairs: (1, 7218)
[M::mem_pestat] analyzing insert size distribution for orientation RR...
[M::mem_pestat] (25, 50, 75) percentile: (288, 408, 654)
[M::mem_pestat] low and high boundaries for computing mean and std.dev: (1, 1386)
[M::mem_pestat] mean and std.dev: (447.50, 249.53)
[M::mem_pestat] low and high boundaries for proper pairs: (1, 1752)
[M::mem_pestat] skip orientation FF
[M::mem_pestat] skip orientation RF
[M::mem_pestat] skip orientation RR
[M::process] read 1460542 sequences (200000017 bp)...
[M::mem_process_seqs] Processed 1460378 reads in 454.412 CPU sec, 49.212 real sec
[M::mem_pestat] # candidate unique pairs for (FF, FR, RF, RR): (43, 557964, 147, 53)
[M::mem_pestat] analyzing insert size distribution for orientation FF...
[M::mem_pestat] (25, 50, 75) percentile: (292, 434, 1241)
[M::mem_pestat] low and high boundaries for computing mean and std.dev: (1, 3139)
[M::mem_pestat] mean and std.dev: (720.61, 681.12)
[M::mem_pestat] low and high boundaries for proper pairs: (1, 4088)
[M::mem_pestat] analyzing insert size distribution for orientation FR...
[M::mem_pestat] (25, 50, 75) percentile: (278, 366, 470)
[M::mem_pestat] low and high boundaries for computing mean and std.dev: (1, 854)
[M::mem_pestat] mean and std.dev: (381.32, 143.91)
[M::mem_pestat] low and high boundaries for proper pairs: (1, 1046)
[M::mem_pestat] analyzing insert size distribution for orientation RF...
[M::mem_pestat] (25, 50, 75) percentile: (57, 496, 3212)
[M::mem_pestat] low and high boundaries for computing mean and std.dev: (1, 9522)
[M::mem_pestat] mean and std.dev: (1848.53, 2635.70)
[M::mem_pestat] low and high boundaries for proper pairs: (1, 12677)
[M::mem_pestat] analyzing insert size distribution for orientation RR...
[M::mem_pestat] (25, 50, 75) percentile: (193, 326, 1014)
[M::mem_pestat] low and high boundaries for computing mean and std.dev: (1, 2656)
[M::mem_pestat] mean and std.dev: (540.54, 542.74)
[M::mem_pestat] low and high boundaries for proper pairs: (1, 3477)
[M::mem_pestat] skip orientation FF
[M::mem_pestat] skip orientation RF
[M::mem_pestat] skip orientation RR
[M::process] read 1463810 sequences (200000169 bp)...
[M::mem_process_seqs] Processed 1460542 reads in 457.490 CPU sec, 49.481 real sec
[M::mem_pestat] # candidate unique pairs for (FF, FR, RF, RR): (60, 558707, 106, 40)
[M::mem_pestat] analyzing insert size distribution for orientation FF...
[M::mem_pestat] (25, 50, 75) percentile: (293, 451, 776)
[M::mem_pestat] low and high boundaries for computing mean and std.dev: (1, 1742)
[M::mem_pestat] mean and std.dev: (457.75, 278.83)
[M::mem_pestat] low and high boundaries for proper pairs: (1, 2225)
[M::mem_pestat] analyzing insert size distribution for orientation FR...
[M::mem_pestat] (25, 50, 75) percentile: (276, 364, 467)
[M::mem_pestat] low and high boundaries for computing mean and std.dev: (1, 849)
[M::mem_pestat] mean and std.dev: (379.09, 142.67)
[M::mem_pestat] low and high boundaries for proper pairs: (1, 1040)
[M::mem_pestat] analyzing insert size distribution for orientation RF...
[M::mem_pestat] (25, 50, 75) percentile: (58, 262, 2460)
[M::mem_pestat] low and high boundaries for computing mean and std.dev: (1, 7264)
[M::mem_pestat] mean and std.dev: (922.76, 1446.58)
[M::mem_pestat] low and high boundaries for proper pairs: (1, 9666)
[M::mem_pestat] analyzing insert size distribution for orientation RR...
[M::mem_pestat] (25, 50, 75) percentile: (213, 414, 998)
[M::mem_pestat] low and high boundaries for computing mean and std.dev: (1, 2568)
[M::mem_pestat] mean and std.dev: (472.94, 376.49)
[M::mem_pestat] low and high boundaries for proper pairs: (1, 3353)
[M::mem_pestat] skip orientation FF
[M::mem_pestat] skip orientation RF
[M::mem_pestat] skip orientation RR
[M::process] read 1463792 sequences (200000226 bp)...
[M::mem_process_seqs] Processed 1463810 reads in 459.538 CPU sec, 49.721 real sec
[M::mem_pestat] # candidate unique pairs for (FF, FR, RF, RR): (59, 560333, 144, 43)
[M::mem_pestat] analyzing insert size distribution for orientation FF...
[M::mem_pestat] (25, 50, 75) percentile: (251, 527, 942)
[M::mem_pestat] low and high boundaries for computing mean and std.dev: (1, 2324)
[M::mem_pestat] mean and std.dev: (568.07, 418.18)
[M::mem_pestat] low and high boundaries for proper pairs: (1, 3015)
[M::mem_pestat] analyzing insert size distribution for orientation FR...
[M::mem_pestat] (25, 50, 75) percentile: (278, 365, 469)
[M::mem_pestat] low and high boundaries for computing mean and std.dev: (1, 851)
[M::mem_pestat] mean and std.dev: (379.92, 143.07)
[M::mem_pestat] low and high boundaries for proper pairs: (1, 1042)
[M::mem_pestat] analyzing insert size distribution for orientation RF...
[M::mem_pestat] (25, 50, 75) percentile: (56, 338, 1405)
[M::mem_pestat] low and high boundaries for computing mean and std.dev: (1, 4103)
[M::mem_pestat] mean and std.dev: (685.99, 981.52)
[M::mem_pestat] low and high boundaries for proper pairs: (1, 5452)
[M::mem_pestat] analyzing insert size distribution for orientation RR...
[M::mem_pestat] (25, 50, 75) percentile: (183, 372, 661)
[M::mem_pestat] low and high boundaries for computing mean and std.dev: (1, 1617)
[M::mem_pestat] mean and std.dev: (408.92, 283.44)
[M::mem_pestat] low and high boundaries for proper pairs: (1, 2095)
[M::mem_pestat] skip orientation FF
[M::mem_pestat] skip orientation RF
[M::mem_pestat] skip orientation RR
[M::process] read 1462310 sequences (200000007 bp)...
[M::mem_process_seqs] Processed 1463792 reads in 456.737 CPU sec, 49.440 real sec
[M::mem_pestat] # candidate unique pairs for (FF, FR, RF, RR): (49, 559844, 139, 43)
[M::mem_pestat] analyzing insert size distribution for orientation FF...
[M::mem_pestat] (25, 50, 75) percentile: (239, 479, 967)
[M::mem_pestat] low and high boundaries for computing mean and std.dev: (1, 2423)
[M::mem_pestat] mean and std.dev: (527.32, 404.39)
[M::mem_pestat] low and high boundaries for proper pairs: (1, 3151)
[M::mem_pestat] analyzing insert size distribution for orientation FR...
[M::mem_pestat] (25, 50, 75) percentile: (278, 366, 470)
[M::mem_pestat] low and high boundaries for computing mean and std.dev: (1, 854)
[M::mem_pestat] mean and std.dev: (380.84, 143.23)
[M::mem_pestat] low and high boundaries for proper pairs: (1, 1046)
[M::mem_pestat] analyzing insert size distribution for orientation RF...
[M::mem_pestat] (25, 50, 75) percentile: (114, 359, 2766)
[M::mem_pestat] low and high boundaries for computing mean and std.dev: (1, 8070)
[M::mem_pestat] mean and std.dev: (1454.02, 2087.57)
[M::mem_pestat] low and high boundaries for proper pairs: (1, 10722)
[M::mem_pestat] analyzing insert size distribution for orientation RR...
[M::mem_pestat] (25, 50, 75) percentile: (159, 350, 583)
[M::mem_pestat] low and high boundaries for computing mean and std.dev: (1, 1431)
[M::mem_pestat] mean and std.dev: (339.03, 281.08)
[M::mem_pestat] low and high boundaries for proper pairs: (1, 1855)
[M::mem_pestat] skip orientation FF
[M::mem_pestat] skip orientation RF
[M::mem_pestat] skip orientation RR
[M::mem_process_seqs] Processed 1462310 reads in 473.675 CPU sec, 77.111 real sec
[M::process] read 1460246 sequences (200000064 bp)...
[M::process] read 779646 sequences (106719897 bp)...
[M::mem_pestat] # candidate unique pairs for (FF, FR, RF, RR): (54, 558216, 140, 36)
[M::mem_pestat] analyzing insert size distribution for orientation FF...
[M::mem_pestat] (25, 50, 75) percentile: (374, 559, 823)
[M::mem_pestat] low and high boundaries for computing mean and std.dev: (1, 1721)
[M::mem_pestat] mean and std.dev: (537.00, 296.05)
[M::mem_pestat] low and high boundaries for proper pairs: (1, 2170)
[M::mem_pestat] analyzing insert size distribution for orientation FR...
[M::mem_pestat] (25, 50, 75) percentile: (277, 365, 469)
[M::mem_pestat] low and high boundaries for computing mean and std.dev: (1, 853)
[M::mem_pestat] mean and std.dev: (380.46, 143.64)
[M::mem_pestat] low and high boundaries for proper pairs: (1, 1045)
[M::mem_pestat] analyzing insert size distribution for orientation RF...
[M::mem_pestat] (25, 50, 75) percentile: (51, 379, 2886)
[M::mem_pestat] low and high boundaries for computing mean and std.dev: (1, 8556)
[M::mem_pestat] mean and std.dev: (1498.28, 2056.06)
[M::mem_pestat] low and high boundaries for proper pairs: (1, 11391)
[M::mem_pestat] analyzing insert size distribution for orientation RR...
[M::mem_pestat] (25, 50, 75) percentile: (287, 499, 1024)
[M::mem_pestat] low and high boundaries for computing mean and std.dev: (1, 2498)
[M::mem_pestat] mean and std.dev: (577.25, 508.21)
[M::mem_pestat] low and high boundaries for proper pairs: (1, 3235)
[M::mem_pestat] skip orientation FF
[M::mem_pestat] skip orientation RF
[M::mem_pestat] skip orientation RR
[M::mem_process_seqs] Processed 1460246 reads in 454.534 CPU sec, 47.637 real sec
[M::mem_pestat] # candidate unique pairs for (FF, FR, RF, RR): (40, 297392, 75, 28)
[M::mem_pestat] analyzing insert size distribution for orientation FF...
[M::mem_pestat] (25, 50, 75) percentile: (257, 463, 1030)
[M::mem_pestat] low and high boundaries for computing mean and std.dev: (1, 2576)
[M::mem_pestat] mean and std.dev: (564.86, 500.94)
[M::mem_pestat] low and high boundaries for proper pairs: (1, 3349)
[M::mem_pestat] analyzing insert size distribution for orientation FR...
[M::mem_pestat] (25, 50, 75) percentile: (276, 365, 468)
[M::mem_pestat] low and high boundaries for computing mean and std.dev: (1, 852)
[M::mem_pestat] mean and std.dev: (379.48, 142.64)
[M::mem_pestat] low and high boundaries for proper pairs: (1, 1044)
[M::mem_pestat] analyzing insert size distribution for orientation RF...
[M::mem_pestat] (25, 50, 75) percentile: (45, 174, 2004)
[M::mem_pestat] low and high boundaries for computing mean and std.dev: (1, 5922)
[M::mem_pestat] mean and std.dev: (719.92, 1229.85)
[M::mem_pestat] low and high boundaries for proper pairs: (1, 7881)
[M::mem_pestat] analyzing insert size distribution for orientation RR...
[M::mem_pestat] (25, 50, 75) percentile: (270, 436, 743)
[M::mem_pestat] low and high boundaries for computing mean and std.dev: (1, 1689)
[M::mem_pestat] mean and std.dev: (423.83, 258.51)
[M::mem_pestat] low and high boundaries for proper pairs: (1, 2162)
[M::mem_pestat] skip orientation FF
[M::mem_pestat] skip orientation RF
[M::mem_pestat] skip orientation RR
[M::mem_process_seqs] Processed 779646 reads in 244.520 CPU sec, 27.242 real sec
[main] Version: 0.7.17-r1188
samblaster: Marked 3504786 of 32520820 (10.78%) read ids as duplicates[main] CMD: bwa using 527116k memory in  mem1M -t15S 20(75.373S) -R CPU seconds and  @RG\tID:LG_CL_19T_231\tPL:ILLUMINA\tPU:HJMNCDSX7.4\tSM:LG_CL_19T_231\tCN:MCGILL\tBC:CTCTGCAGCG-NACATCCATC40M /storage/scratch/iee/dj20y461/Stickleback/G_aculeatus/FITNESS//data/ref_A_X/stickleback_v5_assembly_A_X.fasta8S /storage/scratch/iee/dj20y461/Stickleback/G_aculeatus/FITNESS//data/trimmed/LG_CL_19T_231.R1.trimmed.fastq.gz(2408S) /storage/scratch/iee/dj20y461/Stickleback/G_aculeatus/FITNESS//data/trimmed/LG_CL_19T_231.R2.trimmed.fastq.gz wall time.

[main] Real time: 2407.763 sec; CPU: 20329.226 sec
[bam_sort_core] merging from 20 files and 20 in-memory blocks...
