samblaster: Version 0.1.24
samblaster: Inputting from stdin
samblaster: Outputting to stdout
[M::bwa_idx_load_from_disk] read 0 ALT contigs
[M::process] read 1459894 sequences (200000160 bp)...
[M::mem_pestat] # candidate unique pairs for (FF, FR, RF, RR): (426, 553628, 122, 220)
[M::mem_pestat] analyzing insert size distribution for orientation FF...
[M::mem_pestat] (25, 50, 75) percentile: (237, 366, 576)
[M::mem_pestat] low and high boundaries for computing mean and std.dev: (1, 1254)
[M::mem_pestat] mean and std.dev: (409.26, 228.75)
[M::mem_pestat] low and high boundaries for proper pairs: (1, 1593)
[M::mem_pestat] analyzing insert size distribution for orientation FR...
[M::mem_pestat] (25, 50, 75) percentile: (267, 350, 453)
[M::mem_pestat] low and high boundaries for computing mean and std.dev: (1, 825)
[M::mem_pestat] mean and std.dev: (367.46, 138.19)
[M::mem_pestat] low and high boundaries for proper pairs: (1, 1011)
[M::mem_pestat] analyzing insert size distribution for orientation RF...
[M::mem_pestat] (25, 50, 75) percentile: (112, 444, 2469)
[M::mem_pestat] low and high boundaries for computing mean and std.dev: (1, 7183)
[M::mem_pestat] mean and std.dev: (1352.33, 1889.55)
[M::mem_pestat] low and high boundaries for proper pairs: (1, 9540)
[M::mem_pestat] analyzing insert size distribution for orientation RR...
[M::mem_pestat] (25, 50, 75) percentile: (300, 501, 927)
[M::mem_pestat] low and high boundaries for computing mean and std.dev: (1, 2181)
[M::mem_pestat] mean and std.dev: (588.77, 423.38)
[M::mem_pestat] low and high boundaries for proper pairs: (1, 2808)
[M::mem_pestat] skip orientation FF
[M::mem_pestat] skip orientation RF
[M::mem_pestat] skip orientation RR
[M::mem_process_seqs] Processed 1459894 reads in 481.102 CPU sec, 115.023 real sec
samblaster: Loaded 23 header sequence entries.
[M::process] read 1463614 sequences (200000222 bp)...
[M::process] read 546202 sequences (74286307 bp)...
[M::mem_pestat] # candidate unique pairs for (FF, FR, RF, RR): (465, 554175, 156, 241)
[M::mem_pestat] analyzing insert size distribution for orientation FF...
[M::mem_pestat] (25, 50, 75) percentile: (249, 381, 627)
[M::mem_pestat] low and high boundaries for computing mean and std.dev: (1, 1383)
[M::mem_pestat] mean and std.dev: (419.26, 248.80)
[M::mem_pestat] low and high boundaries for proper pairs: (1, 1761)
[M::mem_pestat] analyzing insert size distribution for orientation FR...
[M::mem_pestat] (25, 50, 75) percentile: (269, 353, 457)
[M::mem_pestat] low and high boundaries for computing mean and std.dev: (1, 833)
[M::mem_pestat] mean and std.dev: (370.51, 140.26)
[M::mem_pestat] low and high boundaries for proper pairs: (1, 1021)
[M::mem_pestat] analyzing insert size distribution for orientation RF...
[M::mem_pestat] (25, 50, 75) percentile: (135, 639, 2053)
[M::mem_pestat] low and high boundaries for computing mean and std.dev: (1, 5889)
[M::mem_pestat] mean and std.dev: (1056.47, 1366.65)
[M::mem_pestat] low and high boundaries for proper pairs: (1, 7807)
[M::mem_pestat] analyzing insert size distribution for orientation RR...
[M::mem_pestat] (25, 50, 75) percentile: (289, 463, 869)
[M::mem_pestat] low and high boundaries for computing mean and std.dev: (1, 2029)
[M::mem_pestat] mean and std.dev: (569.86, 419.91)
[M::mem_pestat] low and high boundaries for proper pairs: (1, 2609)
[M::mem_pestat] skip orientation FF
[M::mem_pestat] skip orientation RF
[M::mem_pestat] skip orientation RR
[M::mem_process_seqs] Processed 1463614 reads in 462.525 CPU sec, 52.300 real sec
[M::mem_pestat] # candidate unique pairs for (FF, FR, RF, RR): (153, 205624, 53, 100)
[M::mem_pestat] analyzing insert size distribution for orientation FF...
[M::mem_pestat] (25, 50, 75) percentile: (283, 415, 675)
[M::mem_pestat] low and high boundaries for computing mean and std.dev: (1, 1459)
[M::mem_pestat] mean and std.dev: (485.05, 291.52)
[M::mem_pestat] low and high boundaries for proper pairs: (1, 1851)
[M::mem_pestat] analyzing insert size distribution for orientation FR...
[M::mem_pestat] (25, 50, 75) percentile: (272, 357, 462)
[M::mem_pestat] low and high boundaries for computing mean and std.dev: (1, 842)
[M::mem_pestat] mean and std.dev: (374.34, 141.80)
[M::mem_pestat] low and high boundaries for proper pairs: (1, 1032)
[M::mem_pestat] analyzing insert size distribution for orientation RF...
[M::mem_pestat] (25, 50, 75) percentile: (152, 818, 2841)
[M::mem_pestat] low and high boundaries for computing mean and std.dev: (1, 8219)
[M::mem_pestat] mean and std.dev: (1450.02, 1680.51)
[M::mem_pestat] low and high boundaries for proper pairs: (1, 10908)
[M::mem_pestat] analyzing insert size distribution for orientation RR...
[M::mem_pestat] (25, 50, 75) percentile: (350, 645, 987)
[M::mem_pestat] low and high boundaries for computing mean and std.dev: (1, 2261)
[M::mem_pestat] mean and std.dev: (673.04, 443.74)
[M::mem_pestat] low and high boundaries for proper pairs: (1, 2898)
[M::mem_pestat] skip orientation FF
[M::mem_pestat] skip orientation RF
[M::mem_pestat] skip orientation RR
[M::mem_process_seqs] Processed 546202 reads in 180.950 CPU sec, 20.700 real sec
[main] Version: 0.7.17-r1188
[main] CMD: bwasamblaster: Marked 174612 of 1734855 (10.06%) read ids as duplicates mem -t using 29708k memory in  203.808S -R CPU seconds and  @RG\tID:WT_LL_19T_215\tPL:ILLUMINA\tPU:HJMFJDSX7.4\tSM:WT_LL_19T_215\tCN:MCGILL\tBC:ACAACTACTG-TGTGATAACT3M /storage/scratch/iee/dj20y461/Stickleback/G_aculeatus/FITNESS//data/ref_A_X/stickleback_v5_assembly_A_X.fasta19S /storage/scratch/iee/dj20y461/Stickleback/G_aculeatus/FITNESS//data/trimmed/WT_LL_19T_215.R1.trimmed.fastq.gz(199S) /storage/scratch/iee/dj20y461/Stickleback/G_aculeatus/FITNESS//data/trimmed/WT_LL_19T_215.R2.trimmed.fastq.gz wall time.

[main] Real time: 199.110 sec; CPU: 1131.695 sec
[bam_sort_core] merging from 0 files and 20 in-memory blocks...
