samblaster: Version 0.1.24
samblaster: Inputting from stdin
samblaster: Outputting to stdout
[M::bwa_idx_load_from_disk] read 0 ALT contigs
[M::process] read 1461822 sequences (200000067 bp)...
[M::mem_pestat] # candidate unique pairs for (FF, FR, RF, RR): (100, 561781, 143, 65)
[M::mem_pestat] analyzing insert size distribution for orientation FF...
[M::mem_pestat] (25, 50, 75) percentile: (289, 457, 798)
[M::mem_pestat] low and high boundaries for computing mean and std.dev: (1, 1816)
[M::mem_pestat] mean and std.dev: (516.21, 331.23)
[M::mem_pestat] low and high boundaries for proper pairs: (1, 2325)
[M::mem_pestat] analyzing insert size distribution for orientation FR...
[M::mem_pestat] (25, 50, 75) percentile: (273, 357, 461)
[M::mem_pestat] low and high boundaries for computing mean and std.dev: (1, 837)
[M::mem_pestat] mean and std.dev: (373.86, 140.76)
[M::mem_pestat] low and high boundaries for proper pairs: (1, 1025)
[M::mem_pestat] analyzing insert size distribution for orientation RF...
[M::mem_pestat] (25, 50, 75) percentile: (86, 391, 3106)
[M::mem_pestat] low and high boundaries for computing mean and std.dev: (1, 9146)
[M::mem_pestat] mean and std.dev: (1657.80, 2256.39)
[M::mem_pestat] low and high boundaries for proper pairs: (1, 12166)
[M::mem_pestat] analyzing insert size distribution for orientation RR...
[M::mem_pestat] (25, 50, 75) percentile: (265, 417, 994)
[M::mem_pestat] low and high boundaries for computing mean and std.dev: (1, 2452)
[M::mem_pestat] mean and std.dev: (629.59, 521.71)
[M::mem_pestat] low and high boundaries for proper pairs: (1, 3181)
[M::mem_pestat] skip orientation FF
[M::mem_pestat] skip orientation RF
[M::mem_pestat] skip orientation RR
[M::mem_process_seqs] Processed 1461822 reads in 469.211 CPU sec, 110.768 real sec
samblaster: Loaded 23 header sequence entries.
[M::process] read 1459202 sequences (200000215 bp)...
[M::process] read 1459220 sequences (200000224 bp)...
[M::mem_pestat] # candidate unique pairs for (FF, FR, RF, RR): (101, 559823, 132, 47)
[M::mem_pestat] analyzing insert size distribution for orientation FF...
[M::mem_pestat] (25, 50, 75) percentile: (345, 495, 1086)
[M::mem_pestat] low and high boundaries for computing mean and std.dev: (1, 2568)
[M::mem_pestat] mean and std.dev: (610.24, 424.38)
[M::mem_pestat] low and high boundaries for proper pairs: (1, 3309)
[M::mem_pestat] analyzing insert size distribution for orientation FR...
[M::mem_pestat] (25, 50, 75) percentile: (276, 362, 467)
[M::mem_pestat] low and high boundaries for computing mean and std.dev: (1, 849)
[M::mem_pestat] mean and std.dev: (379.17, 143.30)
[M::mem_pestat] low and high boundaries for proper pairs: (1, 1040)
[M::mem_pestat] analyzing insert size distribution for orientation RF...
[M::mem_pestat] (25, 50, 75) percentile: (82, 622, 2895)
[M::mem_pestat] low and high boundaries for computing mean and std.dev: (1, 8521)
[M::mem_pestat] mean and std.dev: (1586.28, 2197.55)
[M::mem_pestat] low and high boundaries for proper pairs: (1, 11334)
[M::mem_pestat] analyzing insert size distribution for orientation RR...
[M::mem_pestat] (25, 50, 75) percentile: (328, 509, 958)
[M::mem_pestat] low and high boundaries for computing mean and std.dev: (1, 2218)
[M::mem_pestat] mean and std.dev: (573.07, 442.80)
[M::mem_pestat] low and high boundaries for proper pairs: (1, 2848)
[M::mem_pestat] skip orientation FF
[M::mem_pestat] skip orientation RF
[M::mem_pestat] skip orientation RR
[M::mem_process_seqs] Processed 1459202 reads in 440.515 CPU sec, 48.297 real sec
[M::mem_pestat] # candidate unique pairs for (FF, FR, RF, RR): (96, 559737, 138, 52)
[M::mem_pestat] analyzing insert size distribution for orientation FF...
[M::mem_pestat] (25, 50, 75) percentile: (320, 526, 748)
[M::mem_pestat] low and high boundaries for computing mean and std.dev: (1, 1604)
[M::mem_pestat] mean and std.dev: (513.71, 283.51)
[M::mem_pestat] low and high boundaries for proper pairs: (1, 2032)
[M::mem_pestat] analyzing insert size distribution for orientation FR...
[M::mem_pestat] (25, 50, 75) percentile: (276, 362, 467)
[M::mem_pestat] low and high boundaries for computing mean and std.dev: (1, 849)
[M::mem_pestat] mean and std.dev: (378.97, 143.07)
[M::mem_pestat] low and high boundaries for proper pairs: (1, 1040)
[M::mem_pestat] analyzing insert size distribution for orientation RF...
[M::mem_pestat] (25, 50, 75) percentile: (136, 691, 3251)
[M::mem_pestat] low and high boundaries for computing mean and std.dev: (1, 9481)
[M::mem_pestat] mean and std.dev: (1823.68, 2202.77)
[M::mem_pestat] low and high boundaries for proper pairs: (1, 12596)
[M::mem_pestat] analyzing insert size distribution for orientation RR...
[M::mem_pestat] (25, 50, 75) percentile: (356, 600, 1476)
[M::mem_pestat] low and high boundaries for computing mean and std.dev: (1, 3716)
[M::mem_pestat] mean and std.dev: (878.74, 800.04)
[M::mem_pestat] low and high boundaries for proper pairs: (1, 4836)
[M::mem_pestat] skip orientation FF
[M::mem_pestat] skip orientation RF
[M::mem_pestat] skip orientation RR
[M::process] read 1460204 sequences (200000172 bp)...
[M::mem_process_seqs] Processed 1459220 reads in 443.336 CPU sec, 48.961 real sec
[M::mem_pestat] # candidate unique pairs for (FF, FR, RF, RR): (98, 558455, 127, 38)
[M::mem_pestat] analyzing insert size distribution for orientation FF...
[M::mem_pestat] (25, 50, 75) percentile: (303, 518, 740)
[M::mem_pestat] low and high boundaries for computing mean and std.dev: (1, 1614)
[M::mem_pestat] mean and std.dev: (517.76, 286.40)
[M::mem_pestat] low and high boundaries for proper pairs: (1, 2051)
[M::mem_pestat] analyzing insert size distribution for orientation FR...
[M::mem_pestat] (25, 50, 75) percentile: (275, 361, 465)
[M::mem_pestat] low and high boundaries for computing mean and std.dev: (1, 845)
[M::mem_pestat] mean and std.dev: (377.76, 141.93)
[M::mem_pestat] low and high boundaries for proper pairs: (1, 1035)
[M::mem_pestat] analyzing insert size distribution for orientation RF...
[M::mem_pestat] (25, 50, 75) percentile: (55, 212, 2992)
[M::mem_pestat] low and high boundaries for computing mean and std.dev: (1, 8866)
[M::mem_pestat] mean and std.dev: (1470.84, 2209.42)
[M::mem_pestat] low and high boundaries for proper pairs: (1, 11803)
[M::mem_pestat] analyzing insert size distribution for orientation RR...
[M::mem_pestat] (25, 50, 75) percentile: (292, 469, 1400)
[M::mem_pestat] low and high boundaries for computing mean and std.dev: (1, 3616)
[M::mem_pestat] mean and std.dev: (648.71, 606.74)
[M::mem_pestat] low and high boundaries for proper pairs: (1, 4724)
[M::mem_pestat] skip orientation FF
[M::mem_pestat] skip orientation RF
[M::mem_pestat] skip orientation RR
[M::mem_process_seqs] Processed 1460204 reads in 450.608 CPU sec, 64.336 real sec
[M::process] read 1464866 sequences (200000063 bp)...
[M::process] read 1461142 sequences (200000066 bp)...
[M::mem_pestat] # candidate unique pairs for (FF, FR, RF, RR): (116, 560689, 128, 48)
[M::mem_pestat] analyzing insert size distribution for orientation FF...
[M::mem_pestat] (25, 50, 75) percentile: (299, 478, 1065)
[M::mem_pestat] low and high boundaries for computing mean and std.dev: (1, 2597)
[M::mem_pestat] mean and std.dev: (584.68, 475.46)
[M::mem_pestat] low and high boundaries for proper pairs: (1, 3363)
[M::mem_pestat] analyzing insert size distribution for orientation FR...
[M::mem_pestat] (25, 50, 75) percentile: (274, 359, 461)
[M::mem_pestat] low and high boundaries for computing mean and std.dev: (1, 835)
[M::mem_pestat] mean and std.dev: (374.40, 139.90)
[M::mem_pestat] low and high boundaries for proper pairs: (1, 1022)
[M::mem_pestat] analyzing insert size distribution for orientation RF...
[M::mem_pestat] (25, 50, 75) percentile: (59, 297, 2641)
[M::mem_pestat] low and high boundaries for computing mean and std.dev: (1, 7805)
[M::mem_pestat] mean and std.dev: (1493.78, 2121.27)
[M::mem_pestat] low and high boundaries for proper pairs: (1, 10387)
[M::mem_pestat] analyzing insert size distribution for orientation RR...
[M::mem_pestat] (25, 50, 75) percentile: (353, 661, 1894)
[M::mem_pestat] low and high boundaries for computing mean and std.dev: (1, 4976)
[M::mem_pestat] mean and std.dev: (1037.16, 1083.47)
[M::mem_pestat] low and high boundaries for proper pairs: (1, 6517)
[M::mem_pestat] skip orientation FF
[M::mem_pestat] skip orientation RF
[M::mem_pestat] skip orientation RR
[M::mem_process_seqs] Processed 1464866 reads in 442.087 CPU sec, 45.228 real sec
[M::process] read 1460406 sequences (200000109 bp)...
[M::mem_pestat] # candidate unique pairs for (FF, FR, RF, RR): (120, 559938, 137, 56)
[M::mem_pestat] analyzing insert size distribution for orientation FF...
[M::mem_pestat] (25, 50, 75) percentile: (293, 487, 795)
[M::mem_pestat] low and high boundaries for computing mean and std.dev: (1, 1799)
[M::mem_pestat] mean and std.dev: (501.68, 300.37)
[M::mem_pestat] low and high boundaries for proper pairs: (1, 2301)
[M::mem_pestat] analyzing insert size distribution for orientation FR...
[M::mem_pestat] (25, 50, 75) percentile: (276, 363, 469)
[M::mem_pestat] low and high boundaries for computing mean and std.dev: (1, 855)
[M::mem_pestat] mean and std.dev: (380.38, 144.59)
[M::mem_pestat] low and high boundaries for proper pairs: (1, 1048)
[M::mem_pestat] analyzing insert size distribution for orientation RF...
[M::mem_pestat] (25, 50, 75) percentile: (143, 1442, 3796)
[M::mem_pestat] low and high boundaries for computing mean and std.dev: (1, 11102)
[M::mem_pestat] mean and std.dev: (2263.23, 2437.23)
[M::mem_pestat] low and high boundaries for proper pairs: (1, 14755)
[M::mem_pestat] analyzing insert size distribution for orientation RR...
[M::mem_pestat] (25, 50, 75) percentile: (198, 469, 1072)
[M::mem_pestat] low and high boundaries for computing mean and std.dev: (1, 2820)
[M::mem_pestat] mean and std.dev: (679.39, 694.52)
[M::mem_pestat] low and high boundaries for proper pairs: (1, 3694)
[M::mem_pestat] skip orientation FF
[M::mem_pestat] skip orientation RF
[M::mem_pestat] skip orientation RR
[M::mem_process_seqs] Processed 1461142 reads in 446.503 CPU sec, 48.310 real sec
[M::mem_pestat] # candidate unique pairs for (FF, FR, RF, RR): (110, 559849, 112, 62)
[M::mem_pestat] analyzing insert size distribution for orientation FF...
[M::mem_pestat] (25, 50, 75) percentile: (336, 470, 818)
[M::mem_pestat] low and high boundaries for computing mean and std.dev: (1, 1782)
[M::mem_pestat] mean and std.dev: (525.26, 354.20)
[M::mem_pestat] low and high boundaries for proper pairs: (1, 2264)
[M::mem_pestat] analyzing insert size distribution for orientation FR...
[M::mem_pestat] (25, 50, 75) percentile: (278, 364, 471)
[M::mem_pestat] low and high boundaries for computing mean and std.dev: (1, 857)
[M::mem_pestat] mean and std.dev: (381.87, 144.41)
[M::mem_pestat] low and high boundaries for proper pairs: (1, 1050)
[M::mem_pestat] analyzing insert size distribution for orientation RF...
[M::mem_pestat] (25, 50, 75) percentile: (45, 366, 1774)
[M::mem_pestat] low and high boundaries for computing mean and std.dev: (1, 5232)
[M::mem_pestat] mean and std.dev: (905.05, 1324.45)
[M::mem_pestat] low and high boundaries for proper pairs: (1, 6961)
[M::mem_pestat] analyzing insert size distribution for orientation RR...
[M::mem_pestat] (25, 50, 75) percentile: (286, 673, 1186)
[M::mem_pestat] low and high boundaries for computing mean and std.dev: (1, 2986)
[M::mem_pestat] mean and std.dev: (665.44, 486.52)
[M::mem_pestat] low and high boundaries for proper pairs: (1, 3886)
[M::mem_pestat] skip orientation FF
[M::mem_pestat] skip orientation RF
[M::mem_pestat] skip orientation RR
[M::process] read 1461518 sequences (200000265 bp)...
[M::mem_process_seqs] Processed 1460406 reads in 445.127 CPU sec, 48.106 real sec
[M::mem_pestat] # candidate unique pairs for (FF, FR, RF, RR): (98, 559211, 127, 53)
[M::mem_pestat] analyzing insert size distribution for orientation FF...
[M::mem_pestat] (25, 50, 75) percentile: (303, 565, 825)
[M::mem_pestat] low and high boundaries for computing mean and std.dev: (1, 1869)
[M::mem_pestat] mean and std.dev: (546.20, 331.64)
[M::mem_pestat] low and high boundaries for proper pairs: (1, 2391)
[M::mem_pestat] analyzing insert size distribution for orientation FR...
[M::mem_pestat] (25, 50, 75) percentile: (277, 363, 467)
[M::mem_pestat] low and high boundaries for computing mean and std.dev: (1, 847)
[M::mem_pestat] mean and std.dev: (379.61, 142.34)
[M::mem_pestat] low and high boundaries for proper pairs: (1, 1037)
[M::mem_pestat] analyzing insert size distribution for orientation RF...
[M::mem_pestat] (25, 50, 75) percentile: (118, 638, 3194)
[M::mem_pestat] low and high boundaries for computing mean and std.dev: (1, 9346)
[M::mem_pestat] mean and std.dev: (1763.29, 2132.75)
[M::mem_pestat] low and high boundaries for proper pairs: (1, 12422)
[M::mem_pestat] analyzing insert size distribution for orientation RR...
[M::mem_pestat] (25, 50, 75) percentile: (268, 394, 1003)
[M::mem_pestat] low and high boundaries for computing mean and std.dev: (1, 2473)
[M::mem_pestat] mean and std.dev: (590.14, 493.11)
[M::mem_pestat] low and high boundaries for proper pairs: (1, 3208)
[M::mem_pestat] skip orientation FF
[M::mem_pestat] skip orientation RF
[M::mem_pestat] skip orientation RR
[M::process] read 1468034 sequences (200000017 bp)...
[M::mem_process_seqs] Processed 1461518 reads in 447.413 CPU sec, 48.318 real sec
[M::process] read 1459560 sequences (200000087 bp)...
[M::mem_pestat] # candidate unique pairs for (FF, FR, RF, RR): (119, 559311, 110, 46)
[M::mem_pestat] analyzing insert size distribution for orientation FF...
[M::mem_pestat] (25, 50, 75) percentile: (316, 516, 1041)
[M::mem_pestat] low and high boundaries for computing mean and std.dev: (1, 2491)
[M::mem_pestat] mean and std.dev: (597.87, 475.43)
[M::mem_pestat] low and high boundaries for proper pairs: (1, 3216)
[M::mem_pestat] analyzing insert size distribution for orientation FR...
[M::mem_pestat] (25, 50, 75) percentile: (274, 359, 460)
[M::mem_pestat] low and high boundaries for computing mean and std.dev: (1, 832)
[M::mem_pestat] mean and std.dev: (374.21, 138.60)
[M::mem_pestat] low and high boundaries for proper pairs: (1, 1018)
[M::mem_pestat] analyzing insert size distribution for orientation RF...
[M::mem_pestat] (25, 50, 75) percentile: (97, 477, 2516)
[M::mem_pestat] low and high boundaries for computing mean and std.dev: (1, 7354)
[M::mem_pestat] mean and std.dev: (1427.54, 2011.60)
[M::mem_pestat] low and high boundaries for proper pairs: (1, 9773)
[M::mem_pestat] analyzing insert size distribution for orientation RR...
[M::mem_pestat] (25, 50, 75) percentile: (302, 409, 1294)
[M::mem_pestat] low and high boundaries for computing mean and std.dev: (1, 3278)
[M::mem_pestat] mean and std.dev: (754.81, 821.21)
[M::mem_pestat] low and high boundaries for proper pairs: (1, 4270)
[M::mem_pestat] skip orientation FF
[M::mem_pestat] skip orientation RF
[M::mem_pestat] skip orientation RR
[M::mem_process_seqs] Processed 1468034 reads in 450.058 CPU sec, 48.655 real sec
[M::mem_pestat] # candidate unique pairs for (FF, FR, RF, RR): (99, 561345, 110, 35)
[M::mem_pestat] analyzing insert size distribution for orientation FF...
[M::mem_pestat] (25, 50, 75) percentile: (298, 474, 825)
[M::mem_pestat] low and high boundaries for computing mean and std.dev: (1, 1879)
[M::mem_pestat] mean and std.dev: (528.23, 332.18)
[M::mem_pestat] low and high boundaries for proper pairs: (1, 2406)
[M::mem_pestat] analyzing insert size distribution for orientation FR...
[M::mem_pestat] (25, 50, 75) percentile: (276, 361, 468)
[M::mem_pestat] low and high boundaries for computing mean and std.dev: (1, 852)
[M::mem_pestat] mean and std.dev: (379.13, 144.33)
[M::mem_pestat] low and high boundaries for proper pairs: (1, 1044)
[M::mem_pestat] analyzing insert size distribution for orientation RF...
[M::mem_pestat] (25, 50, 75) percentile: (118, 940, 3435)
[M::mem_pestat] low and high boundaries for computing mean and std.dev: (1, 10069)
[M::mem_pestat] mean and std.dev: (2218.75, 2744.89)
[M::mem_pestat] low and high boundaries for proper pairs: (1, 13386)
[M::mem_pestat] analyzing insert size distribution for orientation RR...
[M::mem_pestat] (25, 50, 75) percentile: (309, 675, 1556)
[M::mem_pestat] low and high boundaries for computing mean and std.dev: (1, 4050)
[M::mem_pestat] mean and std.dev: (893.70, 831.49)
[M::mem_pestat] low and high boundaries for proper pairs: (1, 5297)
[M::mem_pestat] skip orientation FF
[M::mem_pestat] skip orientation RF
[M::mem_pestat] skip orientation RR
[M::process] read 1459068 sequences (200000184 bp)...
[M::mem_process_seqs] Processed 1459560 reads in 442.994 CPU sec, 47.914 real sec
[M::mem_pestat] # candidate unique pairs for (FF, FR, RF, RR): (93, 560287, 129, 41)
[M::mem_pestat] analyzing insert size distribution for orientation FF...
[M::mem_pestat] (25, 50, 75) percentile: (308, 533, 826)
[M::mem_pestat] low and high boundaries for computing mean and std.dev: (1, 1862)
[M::mem_pestat] mean and std.dev: (552.95, 341.23)
[M::mem_pestat] low and high boundaries for proper pairs: (1, 2380)
[M::mem_pestat] analyzing insert size distribution for orientation FR...
[M::mem_pestat] (25, 50, 75) percentile: (277, 364, 470)
[M::mem_pestat] low and high boundaries for computing mean and std.dev: (1, 856)
[M::mem_pestat] mean and std.dev: (381.41, 144.77)
[M::mem_pestat] low and high boundaries for proper pairs: (1, 1049)
[M::mem_pestat] analyzing insert size distribution for orientation RF...
[M::mem_pestat] (25, 50, 75) percentile: (158, 1055, 4583)
[M::mem_pestat] low and high boundaries for computing mean and std.dev: (1, 13433)
[M::mem_pestat] mean and std.dev: (2603.10, 3008.45)
[M::mem_pestat] low and high boundaries for proper pairs: (1, 17858)
[M::mem_pestat] analyzing insert size distribution for orientation RR...
[M::mem_pestat] (25, 50, 75) percentile: (292, 602, 1796)
[M::mem_pestat] low and high boundaries for computing mean and std.dev: (1, 4804)
[M::mem_pestat] mean and std.dev: (1018.63, 971.56)
[M::mem_pestat] low and high boundaries for proper pairs: (1, 6308)
[M::mem_pestat] skip orientation FF
[M::mem_pestat] skip orientation RF
[M::mem_pestat] skip orientation RR
[M::process] read 1459980 sequences (200000084 bp)...
[M::mem_process_seqs] Processed 1459068 reads in 442.021 CPU sec, 47.787 real sec
[M::mem_pestat] # candidate unique pairs for (FF, FR, RF, RR): (98, 559416, 142, 51)
[M::mem_pestat] analyzing insert size distribution for orientation FF...
[M::mem_pestat] (25, 50, 75) percentile: (277, 433, 765)
[M::mem_pestat] low and high boundaries for computing mean and std.dev: (1, 1741)
[M::mem_pestat] mean and std.dev: (497.01, 340.23)
[M::mem_pestat] low and high boundaries for proper pairs: (1, 2229)
[M::mem_pestat] analyzing insert size distribution for orientation FR...
[M::mem_pestat] (25, 50, 75) percentile: (277, 363, 469)
[M::mem_pestat] low and high boundaries for computing mean and std.dev: (1, 853)
[M::mem_pestat] mean and std.dev: (380.78, 144.34)
[M::mem_pestat] low and high boundaries for proper pairs: (1, 1045)
[M::mem_pestat] analyzing insert size distribution for orientation RF...
[M::mem_pestat] (25, 50, 75) percentile: (55, 313, 2450)
[M::mem_pestat] low and high boundaries for computing mean and std.dev: (1, 7240)
[M::mem_pestat] mean and std.dev: (1220.39, 1824.76)
[M::mem_pestat] low and high boundaries for proper pairs: (1, 9635)
[M::mem_pestat] analyzing insert size distribution for orientation RR...
[M::mem_pestat] (25, 50, 75) percentile: (304, 528, 1085)
[M::mem_pestat] low and high boundaries for computing mean and std.dev: (1, 2647)
[M::mem_pestat] mean and std.dev: (718.23, 598.70)
[M::mem_pestat] low and high boundaries for proper pairs: (1, 3428)
[M::mem_pestat] skip orientation FF
[M::mem_pestat] skip orientation RF
[M::mem_pestat] skip orientation RR
[M::process] read 1461690 sequences (200000108 bp)...
[M::mem_process_seqs] Processed 1459980 reads in 446.763 CPU sec, 48.255 real sec
[M::mem_pestat] # candidate unique pairs for (FF, FR, RF, RR): (99, 558144, 124, 63)
[M::mem_pestat] analyzing insert size distribution for orientation FF...
[M::mem_pestat] (25, 50, 75) percentile: (398, 569, 891)
[M::mem_pestat] low and high boundaries for computing mean and std.dev: (1, 1877)
[M::mem_pestat] mean and std.dev: (609.43, 339.94)
[M::mem_pestat] low and high boundaries for proper pairs: (1, 2370)
[M::mem_pestat] analyzing insert size distribution for orientation FR...
[M::mem_pestat] (25, 50, 75) percentile: (276, 362, 466)
[M::mem_pestat] low and high boundaries for computing mean and std.dev: (1, 846)
[M::mem_pestat] mean and std.dev: (378.36, 142.14)
[M::mem_pestat] low and high boundaries for proper pairs: (1, 1036)
[M::mem_pestat] analyzing insert size distribution for orientation RF...
[M::mem_pestat] (25, 50, 75) percentile: (78, 550, 3010)
[M::mem_pestat] low and high boundaries for computing mean and std.dev: (1, 8874)
[M::mem_pestat] mean and std.dev: (1645.16, 2180.06)
[M::mem_pestat] low and high boundaries for proper pairs: (1, 11806)
[M::mem_pestat] analyzing insert size distribution for orientation RR...
[M::mem_pestat] (25, 50, 75) percentile: (230, 375, 1343)
[M::mem_pestat] low and high boundaries for computing mean and std.dev: (1, 3569)
[M::mem_pestat] mean and std.dev: (701.33, 766.59)
[M::mem_pestat] low and high boundaries for proper pairs: (1, 4682)
[M::mem_pestat] skip orientation FF
[M::mem_pestat] skip orientation RF
[M::mem_pestat] skip orientation RR
[M::process] read 1462992 sequences (200000229 bp)...
[M::mem_process_seqs] Processed 1461690 reads in 449.462 CPU sec, 48.540 real sec
[M::mem_pestat] # candidate unique pairs for (FF, FR, RF, RR): (123, 560120, 125, 46)
[M::mem_pestat] analyzing insert size distribution for orientation FF...
[M::mem_pestat] (25, 50, 75) percentile: (323, 480, 807)
[M::mem_pestat] low and high boundaries for computing mean and std.dev: (1, 1775)
[M::mem_pestat] mean and std.dev: (519.55, 328.59)
[M::mem_pestat] low and high boundaries for proper pairs: (1, 2259)
[M::mem_pestat] analyzing insert size distribution for orientation FR...
[M::mem_pestat] (25, 50, 75) percentile: (275, 360, 465)
[M::mem_pestat] low and high boundaries for computing mean and std.dev: (1, 845)
[M::mem_pestat] mean and std.dev: (377.06, 141.69)
[M::mem_pestat] low and high boundaries for proper pairs: (1, 1035)
[M::mem_pestat] analyzing insert size distribution for orientation RF...
[M::mem_pestat] (25, 50, 75) percentile: (110, 665, 3367)
[M::mem_pestat] low and high boundaries for computing mean and std.dev: (1, 9881)
[M::mem_pestat] mean and std.dev: (1942.04, 2402.99)
[M::mem_pestat] low and high boundaries for proper pairs: (1, 13138)
[M::mem_pestat] analyzing insert size distribution for orientation RR...
[M::mem_pestat] (25, 50, 75) percentile: (310, 461, 1408)
[M::mem_pestat] low and high boundaries for computing mean and std.dev: (1, 3604)
[M::mem_pestat] mean and std.dev: (751.02, 764.21)
[M::mem_pestat] low and high boundaries for proper pairs: (1, 4702)
[M::mem_pestat] skip orientation FF
[M::mem_pestat] skip orientation RF
[M::mem_pestat] skip orientation RR
[M::process] read 1457558 sequences (200000113 bp)...
[M::mem_process_seqs] Processed 1462992 reads in 445.527 CPU sec, 48.158 real sec
[M::mem_pestat] # candidate unique pairs for (FF, FR, RF, RR): (105, 559743, 134, 52)
[M::mem_pestat] analyzing insert size distribution for orientation FF...
[M::mem_pestat] (25, 50, 75) percentile: (262, 444, 942)
[M::mem_pestat] low and high boundaries for computing mean and std.dev: (1, 2302)
[M::mem_pestat] mean and std.dev: (591.41, 466.65)
[M::mem_pestat] low and high boundaries for proper pairs: (1, 2982)
[M::mem_pestat] analyzing insert size distribution for orientation FR...
[M::mem_pestat] (25, 50, 75) percentile: (278, 365, 472)
[M::mem_pestat] low and high boundaries for computing mean and std.dev: (1, 860)
[M::mem_pestat] mean and std.dev: (382.93, 146.15)
[M::mem_pestat] low and high boundaries for proper pairs: (1, 1054)
[M::mem_pestat] analyzing insert size distribution for orientation RF...
[M::mem_pestat] (25, 50, 75) percentile: (64, 460, 3488)
[M::mem_pestat] low and high boundaries for computing mean and std.dev: (1, 10336)
[M::mem_pestat] mean and std.dev: (1750.73, 2190.64)
[M::mem_pestat] low and high boundaries for proper pairs: (1, 13760)
[M::mem_pestat] analyzing insert size distribution for orientation RR...
[M::mem_pestat] (25, 50, 75) percentile: (274, 491, 1250)
[M::mem_pestat] low and high boundaries for computing mean and std.dev: (1, 3202)
[M::mem_pestat] mean and std.dev: (771.44, 725.42)
[M::mem_pestat] low and high boundaries for proper pairs: (1, 4178)
[M::mem_pestat] skip orientation FF
[M::mem_pestat] skip orientation RF
[M::mem_pestat] skip orientation RR
[M::process] read 1457794 sequences (200000121 bp)...
[M::mem_process_seqs] Processed 1457558 reads in 444.711 CPU sec, 48.054 real sec
[M::mem_pestat] # candidate unique pairs for (FF, FR, RF, RR): (100, 559816, 146, 69)
[M::mem_pestat] analyzing insert size distribution for orientation FF...
[M::mem_pestat] (25, 50, 75) percentile: (289, 480, 702)
[M::mem_pestat] low and high boundaries for computing mean and std.dev: (1, 1528)
[M::mem_pestat] mean and std.dev: (503.93, 307.80)
[M::mem_pestat] low and high boundaries for proper pairs: (1, 1941)
[M::mem_pestat] analyzing insert size distribution for orientation FR...
[M::mem_pestat] (25, 50, 75) percentile: (279, 365, 473)
[M::mem_pestat] low and high boundaries for computing mean and std.dev: (1, 861)
[M::mem_pestat] mean and std.dev: (383.41, 145.76)
[M::mem_pestat] low and high boundaries for proper pairs: (1, 1055)
[M::mem_pestat] analyzing insert size distribution for orientation RF...
[M::mem_pestat] (25, 50, 75) percentile: (104, 545, 3663)
[M::mem_pestat] low and high boundaries for computing mean and std.dev: (1, 10781)
[M::mem_pestat] mean and std.dev: (2076.91, 2717.62)
[M::mem_pestat] low and high boundaries for proper pairs: (1, 14340)
[M::mem_pestat] analyzing insert size distribution for orientation RR...
[M::mem_pestat] (25, 50, 75) percentile: (242, 410, 996)
[M::mem_pestat] low and high boundaries for computing mean and std.dev: (1, 2504)
[M::mem_pestat] mean and std.dev: (499.57, 348.26)
[M::mem_pestat] low and high boundaries for proper pairs: (1, 3258)
[M::mem_pestat] skip orientation FF
[M::mem_pestat] skip orientation RF
[M::mem_pestat] skip orientation RR
[M::process] read 1458870 sequences (200000281 bp)...
[M::mem_process_seqs] Processed 1457794 reads in 443.795 CPU sec, 47.924 real sec
[M::mem_pestat] # candidate unique pairs for (FF, FR, RF, RR): (116, 558700, 134, 54)
[M::mem_pestat] analyzing insert size distribution for orientation FF...
[M::mem_pestat] (25, 50, 75) percentile: (337, 495, 1101)
[M::mem_pestat] low and high boundaries for computing mean and std.dev: (1, 2629)
[M::mem_pestat] mean and std.dev: (630.70, 530.37)
[M::mem_pestat] low and high boundaries for proper pairs: (1, 3393)
[M::mem_pestat] analyzing insert size distribution for orientation FR...
[M::mem_pestat] (25, 50, 75) percentile: (278, 364, 471)
[M::mem_pestat] low and high boundaries for computing mean and std.dev: (1, 857)
[M::mem_pestat] mean and std.dev: (382.06, 144.76)
[M::mem_pestat] low and high boundaries for proper pairs: (1, 1050)
[M::mem_pestat] analyzing insert size distribution for orientation RF...
[M::mem_pestat] (25, 50, 75) percentile: (120, 406, 2540)
[M::mem_pestat] low and high boundaries for computing mean and std.dev: (1, 7380)
[M::mem_pestat] mean and std.dev: (1179.08, 1671.70)
[M::mem_pestat] low and high boundaries for proper pairs: (1, 9800)
[M::mem_pestat] analyzing insert size distribution for orientation RR...
[M::mem_pestat] (25, 50, 75) percentile: (310, 500, 894)
[M::mem_pestat] low and high boundaries for computing mean and std.dev: (1, 2062)
[M::mem_pestat] mean and std.dev: (666.17, 519.64)
[M::mem_pestat] low and high boundaries for proper pairs: (1, 2745)
[M::mem_pestat] skip orientation FF
[M::mem_pestat] skip orientation RF
[M::mem_pestat] skip orientation RR
[M::process] read 1464120 sequences (200000081 bp)...
[M::mem_process_seqs] Processed 1458870 reads in 448.193 CPU sec, 48.357 real sec
[M::mem_pestat] # candidate unique pairs for (FF, FR, RF, RR): (109, 557773, 136, 59)
[M::mem_pestat] analyzing insert size distribution for orientation FF...
[M::mem_pestat] (25, 50, 75) percentile: (306, 472, 772)
[M::mem_pestat] low and high boundaries for computing mean and std.dev: (1, 1704)
[M::mem_pestat] mean and std.dev: (528.24, 307.43)
[M::mem_pestat] low and high boundaries for proper pairs: (1, 2170)
[M::mem_pestat] analyzing insert size distribution for orientation FR...
[M::mem_pestat] (25, 50, 75) percentile: (275, 361, 464)
[M::mem_pestat] low and high boundaries for computing mean and std.dev: (1, 842)
[M::mem_pestat] mean and std.dev: (376.91, 140.54)
[M::mem_pestat] low and high boundaries for proper pairs: (1, 1031)
[M::mem_pestat] analyzing insert size distribution for orientation RF...
[M::mem_pestat] (25, 50, 75) percentile: (110, 681, 3629)
[M::mem_pestat] low and high boundaries for computing mean and std.dev: (1, 10667)
[M::mem_pestat] mean and std.dev: (2205.76, 2870.24)
[M::mem_pestat] low and high boundaries for proper pairs: (1, 14186)
[M::mem_pestat] analyzing insert size distribution for orientation RR...
[M::mem_pestat] (25, 50, 75) percentile: (355, 553, 1333)
[M::mem_pestat] low and high boundaries for computing mean and std.dev: (1, 3289)
[M::mem_pestat] mean and std.dev: (695.94, 563.07)
[M::mem_pestat] low and high boundaries for proper pairs: (1, 4267)
[M::mem_pestat] skip orientation FF
[M::mem_pestat] skip orientation RF
[M::mem_pestat] skip orientation RR
[M::process] read 1458634 sequences (200000042 bp)...
[M::mem_process_seqs] Processed 1464120 reads in 451.521 CPU sec, 48.730 real sec
[M::mem_pestat] # candidate unique pairs for (FF, FR, RF, RR): (95, 560090, 120, 64)
[M::mem_pestat] analyzing insert size distribution for orientation FF...
[M::mem_pestat] (25, 50, 75) percentile: (324, 494, 841)
[M::mem_pestat] low and high boundaries for computing mean and std.dev: (1, 1875)
[M::mem_pestat] mean and std.dev: (550.23, 318.53)
[M::mem_pestat] low and high boundaries for proper pairs: (1, 2392)
[M::mem_pestat] analyzing insert size distribution for orientation FR...
[M::mem_pestat] (25, 50, 75) percentile: (279, 366, 474)
[M::mem_pestat] low and high boundaries for computing mean and std.dev: (1, 864)
[M::mem_pestat] mean and std.dev: (383.98, 147.05)
[M::mem_pestat] low and high boundaries for proper pairs: (1, 1059)
[M::mem_pestat] analyzing insert size distribution for orientation RF...
[M::mem_pestat] (25, 50, 75) percentile: (143, 461, 3874)
[M::mem_pestat] low and high boundaries for computing mean and std.dev: (1, 11336)
[M::mem_pestat] mean and std.dev: (2210.10, 2790.56)
[M::mem_pestat] low and high boundaries for proper pairs: (1, 15067)
[M::mem_pestat] analyzing insert size distribution for orientation RR...
[M::mem_pestat] (25, 50, 75) percentile: (322, 678, 1543)
[M::mem_pestat] low and high boundaries for computing mean and std.dev: (1, 3985)
[M::mem_pestat] mean and std.dev: (868.29, 791.53)
[M::mem_pestat] low and high boundaries for proper pairs: (1, 5206)
[M::mem_pestat] skip orientation FF
[M::mem_pestat] skip orientation RF
[M::mem_pestat] skip orientation RR
[M::process] read 1457626 sequences (200000035 bp)...
[M::mem_process_seqs] Processed 1458634 reads in 444.662 CPU sec, 48.076 real sec
[M::mem_pestat] # candidate unique pairs for (FF, FR, RF, RR): (98, 559085, 129, 66)
[M::mem_pestat] analyzing insert size distribution for orientation FF...
[M::mem_pestat] (25, 50, 75) percentile: (301, 456, 799)
[M::mem_pestat] low and high boundaries for computing mean and std.dev: (1, 1795)
[M::mem_pestat] mean and std.dev: (481.14, 283.42)
[M::mem_pestat] low and high boundaries for proper pairs: (1, 2293)
[M::mem_pestat] analyzing insert size distribution for orientation FR...
[M::mem_pestat] (25, 50, 75) percentile: (280, 367, 475)
[M::mem_pestat] low and high boundaries for computing mean and std.dev: (1, 865)
[M::mem_pestat] mean and std.dev: (384.86, 146.72)
[M::mem_pestat] low and high boundaries for proper pairs: (1, 1060)
[M::mem_pestat] analyzing insert size distribution for orientation RF...
[M::mem_pestat] (25, 50, 75) percentile: (71, 432, 2674)
[M::mem_pestat] low and high boundaries for computing mean and std.dev: (1, 7880)
[M::mem_pestat] mean and std.dev: (1427.32, 1994.18)
[M::mem_pestat] low and high boundaries for proper pairs: (1, 10483)
[M::mem_pestat] analyzing insert size distribution for orientation RR...
[M::mem_pestat] (25, 50, 75) percentile: (216, 349, 704)
[M::mem_pestat] low and high boundaries for computing mean and std.dev: (1, 1680)
[M::mem_pestat] mean and std.dev: (423.97, 323.55)
[M::mem_pestat] low and high boundaries for proper pairs: (1, 2168)
[M::mem_pestat] skip orientation FF
[M::mem_pestat] skip orientation RF
[M::mem_pestat] skip orientation RR
[M::process] read 1459040 sequences (200000204 bp)...
[M::mem_process_seqs] Processed 1457626 reads in 447.098 CPU sec, 48.303 real sec
[M::mem_pestat] # candidate unique pairs for (FF, FR, RF, RR): (100, 559122, 125, 57)
[M::mem_pestat] analyzing insert size distribution for orientation FF...
[M::mem_pestat] (25, 50, 75) percentile: (288, 434, 749)
[M::mem_pestat] low and high boundaries for computing mean and std.dev: (1, 1671)
[M::mem_pestat] mean and std.dev: (485.97, 314.38)
[M::mem_pestat] low and high boundaries for proper pairs: (1, 2132)
[M::mem_pestat] analyzing insert size distribution for orientation FR...
[M::mem_pestat] (25, 50, 75) percentile: (279, 366, 474)
[M::mem_pestat] low and high boundaries for computing mean and std.dev: (1, 864)
[M::mem_pestat] mean and std.dev: (384.26, 146.10)
[M::mem_pestat] low and high boundaries for proper pairs: (1, 1059)
[M::mem_pestat] analyzing insert size distribution for orientation RF...
[M::mem_pestat] (25, 50, 75) percentile: (176, 615, 2772)
[M::mem_pestat] low and high boundaries for computing mean and std.dev: (1, 7964)
[M::mem_pestat] mean and std.dev: (1458.84, 1799.00)
[M::mem_pestat] low and high boundaries for proper pairs: (1, 10560)
[M::mem_pestat] analyzing insert size distribution for orientation RR...
[M::mem_pestat] (25, 50, 75) percentile: (243, 449, 1527)
[M::mem_pestat] low and high boundaries for computing mean and std.dev: (1, 4095)
[M::mem_pestat] mean and std.dev: (909.52, 1011.43)
[M::mem_pestat] low and high boundaries for proper pairs: (1, 5379)
[M::mem_pestat] skip orientation FF
[M::mem_pestat] skip orientation RF
[M::mem_pestat] skip orientation RR
[M::process] read 1459482 sequences (200000092 bp)...
[M::mem_process_seqs] Processed 1459040 reads in 446.668 CPU sec, 48.247 real sec
[M::mem_pestat] # candidate unique pairs for (FF, FR, RF, RR): (85, 558438, 128, 52)
[M::mem_pestat] analyzing insert size distribution for orientation FF...
[M::mem_pestat] (25, 50, 75) percentile: (316, 472, 655)
[M::mem_pestat] low and high boundaries for computing mean and std.dev: (1, 1333)
[M::mem_pestat] mean and std.dev: (493.57, 245.32)
[M::mem_pestat] low and high boundaries for proper pairs: (1, 1672)
[M::mem_pestat] analyzing insert size distribution for orientation FR...
[M::mem_pestat] (25, 50, 75) percentile: (278, 365, 471)
[M::mem_pestat] low and high boundaries for computing mean and std.dev: (1, 857)
[M::mem_pestat] mean and std.dev: (382.34, 144.40)
[M::mem_pestat] low and high boundaries for proper pairs: (1, 1050)
[M::mem_pestat] analyzing insert size distribution for orientation RF...
[M::mem_pestat] (25, 50, 75) percentile: (99, 527, 3644)
[M::mem_pestat] low and high boundaries for computing mean and std.dev: (1, 10734)
[M::mem_pestat] mean and std.dev: (2109.34, 2840.09)
[M::mem_pestat] low and high boundaries for proper pairs: (1, 14279)
[M::mem_pestat] analyzing insert size distribution for orientation RR...
[M::mem_pestat] (25, 50, 75) percentile: (260, 442, 868)
[M::mem_pestat] low and high boundaries for computing mean and std.dev: (1, 2084)
[M::mem_pestat] mean and std.dev: (523.28, 431.61)
[M::mem_pestat] low and high boundaries for proper pairs: (1, 2692)
[M::mem_pestat] skip orientation FF
[M::mem_pestat] skip orientation RF
[M::mem_pestat] skip orientation RR
[M::process] read 1463982 sequences (200000015 bp)...
[M::mem_process_seqs] Processed 1459482 reads in 445.873 CPU sec, 48.182 real sec
[M::mem_pestat] # candidate unique pairs for (FF, FR, RF, RR): (81, 559515, 131, 55)
[M::mem_pestat] analyzing insert size distribution for orientation FF...
[M::mem_pestat] (25, 50, 75) percentile: (276, 406, 645)
[M::mem_pestat] low and high boundaries for computing mean and std.dev: (1, 1383)
[M::mem_pestat] mean and std.dev: (446.64, 262.57)
[M::mem_pestat] low and high boundaries for proper pairs: (1, 1752)
[M::mem_pestat] analyzing insert size distribution for orientation FR...
[M::mem_pestat] (25, 50, 75) percentile: (277, 363, 468)
[M::mem_pestat] low and high boundaries for computing mean and std.dev: (1, 850)
[M::mem_pestat] mean and std.dev: (379.31, 142.54)
[M::mem_pestat] low and high boundaries for proper pairs: (1, 1041)
[M::mem_pestat] analyzing insert size distribution for orientation RF...
[M::mem_pestat] (25, 50, 75) percentile: (92, 593, 3113)
[M::mem_pestat] low and high boundaries for computing mean and std.dev: (1, 9155)
[M::mem_pestat] mean and std.dev: (1685.38, 2204.10)
[M::mem_pestat] low and high boundaries for proper pairs: (1, 12176)
[M::mem_pestat] analyzing insert size distribution for orientation RR...
[M::mem_pestat] (25, 50, 75) percentile: (211, 482, 2574)
[M::mem_pestat] low and high boundaries for computing mean and std.dev: (1, 7300)
[M::mem_pestat] mean and std.dev: (1203.91, 1555.89)
[M::mem_pestat] low and high boundaries for proper pairs: (1, 9663)
[M::mem_pestat] skip orientation FF
[M::mem_pestat] skip orientation RF
[M::mem_pestat] skip orientation RR
[M::process] read 1457454 sequences (200000023 bp)...
[M::mem_process_seqs] Processed 1463982 reads in 448.828 CPU sec, 48.445 real sec
[M::mem_pestat] # candidate unique pairs for (FF, FR, RF, RR): (96, 559792, 123, 56)
[M::mem_pestat] analyzing insert size distribution for orientation FF...
[M::mem_pestat] (25, 50, 75) percentile: (228, 384, 678)
[M::mem_pestat] low and high boundaries for computing mean and std.dev: (1, 1578)
[M::mem_pestat] mean and std.dev: (440.36, 290.90)
[M::mem_pestat] low and high boundaries for proper pairs: (1, 2028)
[M::mem_pestat] analyzing insert size distribution for orientation FR...
[M::mem_pestat] (25, 50, 75) percentile: (280, 367, 475)
[M::mem_pestat] low and high boundaries for computing mean and std.dev: (1, 865)
[M::mem_pestat] mean and std.dev: (384.81, 146.68)
[M::mem_pestat] low and high boundaries for proper pairs: (1, 1060)
[M::mem_pestat] analyzing insert size distribution for orientation RF...
[M::mem_pestat] (25, 50, 75) percentile: (175, 1018, 4283)
[M::mem_pestat] low and high boundaries for computing mean and std.dev: (1, 12499)
[M::mem_pestat] mean and std.dev: (2279.46, 2627.88)
[M::mem_pestat] low and high boundaries for proper pairs: (1, 16607)
[M::mem_pestat] analyzing insert size distribution for orientation RR...
[M::mem_pestat] (25, 50, 75) percentile: (257, 409, 661)
[M::mem_pestat] low and high boundaries for computing mean and std.dev: (1, 1469)
[M::mem_pestat] mean and std.dev: (404.66, 234.60)
[M::mem_pestat] low and high boundaries for proper pairs: (1, 1873)
[M::mem_pestat] skip orientation FF
[M::mem_pestat] skip orientation RF
[M::mem_pestat] skip orientation RR
[M::process] read 1457826 sequences (200000250 bp)...
[M::mem_process_seqs] Processed 1457454 reads in 444.462 CPU sec, 48.110 real sec
[M::mem_pestat] # candidate unique pairs for (FF, FR, RF, RR): (85, 559218, 122, 67)
[M::mem_pestat] analyzing insert size distribution for orientation FF...
[M::mem_pestat] (25, 50, 75) percentile: (341, 537, 1001)
[M::mem_pestat] low and high boundaries for computing mean and std.dev: (1, 2321)
[M::mem_pestat] mean and std.dev: (629.23, 432.48)
[M::mem_pestat] low and high boundaries for proper pairs: (1, 2981)
[M::mem_pestat] analyzing insert size distribution for orientation FR...
[M::mem_pestat] (25, 50, 75) percentile: (280, 367, 475)
[M::mem_pestat] low and high boundaries for computing mean and std.dev: (1, 865)
[M::mem_pestat] mean and std.dev: (384.99, 146.20)
[M::mem_pestat] low and high boundaries for proper pairs: (1, 1060)
[M::mem_pestat] analyzing insert size distribution for orientation RF...
[M::mem_pestat] (25, 50, 75) percentile: (79, 599, 2831)
[M::mem_pestat] low and high boundaries for computing mean and std.dev: (1, 8335)
[M::mem_pestat] mean and std.dev: (1243.69, 1647.68)
[M::mem_pestat] low and high boundaries for proper pairs: (1, 11087)
[M::mem_pestat] analyzing insert size distribution for orientation RR...
[M::mem_pestat] (25, 50, 75) percentile: (272, 449, 1324)
[M::mem_pestat] low and high boundaries for computing mean and std.dev: (1, 3428)
[M::mem_pestat] mean and std.dev: (737.61, 786.99)
[M::mem_pestat] low and high boundaries for proper pairs: (1, 4480)
[M::mem_pestat] skip orientation FF
[M::mem_pestat] skip orientation RF
[M::mem_pestat] skip orientation RR
[M::mem_process_seqs] Processed 1457826 reads in 458.253 CPU sec, 72.070 real sec
[M::process] read 1458876 sequences (200000134 bp)...
[M::process] read 1461672 sequences (200000267 bp)...
[M::mem_pestat] # candidate unique pairs for (FF, FR, RF, RR): (99, 558480, 126, 64)
[M::mem_pestat] analyzing insert size distribution for orientation FF...
[M::mem_pestat] (25, 50, 75) percentile: (304, 472, 701)
[M::mem_pestat] low and high boundaries for computing mean and std.dev: (1, 1495)
[M::mem_pestat] mean and std.dev: (487.01, 294.67)
[M::mem_pestat] low and high boundaries for proper pairs: (1, 1892)
[M::mem_pestat] analyzing insert size distribution for orientation FR...
[M::mem_pestat] (25, 50, 75) percentile: (278, 365, 472)
[M::mem_pestat] low and high boundaries for computing mean and std.dev: (1, 860)
[M::mem_pestat] mean and std.dev: (383.01, 145.03)
[M::mem_pestat] low and high boundaries for proper pairs: (1, 1054)
[M::mem_pestat] analyzing insert size distribution for orientation RF...
[M::mem_pestat] (25, 50, 75) percentile: (145, 609, 1889)
[M::mem_pestat] low and high boundaries for computing mean and std.dev: (1, 5377)
[M::mem_pestat] mean and std.dev: (1073.91, 1318.59)
[M::mem_pestat] low and high boundaries for proper pairs: (1, 7121)
[M::mem_pestat] analyzing insert size distribution for orientation RR...
[M::mem_pestat] (25, 50, 75) percentile: (284, 473, 1213)
[M::mem_pestat] low and high boundaries for computing mean and std.dev: (1, 3071)
[M::mem_pestat] mean and std.dev: (779.60, 768.64)
[M::mem_pestat] low and high boundaries for proper pairs: (1, 4000)
[M::mem_pestat] skip orientation FF
[M::mem_pestat] skip orientation RF
[M::mem_pestat] skip orientation RR
[M::mem_process_seqs] Processed 1458876 reads in 446.200 CPU sec, 46.538 real sec
[M::mem_pestat] # candidate unique pairs for (FF, FR, RF, RR): (96, 558025, 127, 56)
[M::mem_pestat] analyzing insert size distribution for orientation FF...
[M::mem_pestat] (25, 50, 75) percentile: (295, 487, 937)
[M::mem_pestat] low and high boundaries for computing mean and std.dev: (1, 2221)
[M::mem_pestat] mean and std.dev: (622.24, 447.32)
[M::mem_pestat] low and high boundaries for proper pairs: (1, 2863)
[M::mem_pestat] analyzing insert size distribution for orientation FR...
[M::mem_pestat] (25, 50, 75) percentile: (277, 363, 468)
[M::mem_pestat] low and high boundaries for computing mean and std.dev: (1, 850)
[M::mem_pestat] mean and std.dev: (379.76, 142.20)
[M::mem_pestat] low and high boundaries for proper pairs: (1, 1041)
[M::mem_pestat] analyzing insert size distribution for orientation RF...
[M::mem_pestat] (25, 50, 75) percentile: (75, 274, 3255)
[M::mem_pestat] low and high boundaries for computing mean and std.dev: (1, 9615)
[M::mem_pestat] mean and std.dev: (1632.10, 2195.69)
[M::mem_pestat] low and high boundaries for proper pairs: (1, 12795)
[M::mem_pestat] analyzing insert size distribution for orientation RR...
[M::mem_pestat] (25, 50, 75) percentile: (357, 860, 1334)
[M::mem_pestat] low and high boundaries for computing mean and std.dev: (1, 3288)
[M::mem_pestat] mean and std.dev: (864.50, 674.65)
[M::mem_pestat] low and high boundaries for proper pairs: (1, 4265)
[M::mem_pestat] skip orientation FF
[M::mem_pestat] skip orientation RF
[M::mem_pestat] skip orientation RR
[M::process] read 1469792 sequences (200000163 bp)...
[M::mem_process_seqs] Processed 1461672 reads in 448.083 CPU sec, 48.379 real sec
[M::mem_pestat] # candidate unique pairs for (FF, FR, RF, RR): (98, 562642, 134, 49)
[M::mem_pestat] analyzing insert size distribution for orientation FF...
[M::mem_pestat] (25, 50, 75) percentile: (296, 445, 709)
[M::mem_pestat] low and high boundaries for computing mean and std.dev: (1, 1535)
[M::mem_pestat] mean and std.dev: (477.80, 290.55)
[M::mem_pestat] low and high boundaries for proper pairs: (1, 1948)
[M::mem_pestat] analyzing insert size distribution for orientation FR...
[M::mem_pestat] (25, 50, 75) percentile: (274, 358, 462)
[M::mem_pestat] low and high boundaries for computing mean and std.dev: (1, 838)
[M::mem_pestat] mean and std.dev: (374.84, 141.21)
[M::mem_pestat] low and high boundaries for proper pairs: (1, 1026)
[M::mem_pestat] analyzing insert size distribution for orientation RF...
[M::mem_pestat] (25, 50, 75) percentile: (183, 1191, 4175)
[M::mem_pestat] low and high boundaries for computing mean and std.dev: (1, 12159)
[M::mem_pestat] mean and std.dev: (2387.87, 2580.05)
[M::mem_pestat] low and high boundaries for proper pairs: (1, 16151)
[M::mem_pestat] analyzing insert size distribution for orientation RR...
[M::mem_pestat] (25, 50, 75) percentile: (332, 527, 950)
[M::mem_pestat] low and high boundaries for computing mean and std.dev: (1, 2186)
[M::mem_pestat] mean and std.dev: (605.47, 363.25)
[M::mem_pestat] low and high boundaries for proper pairs: (1, 2804)
[M::mem_pestat] skip orientation FF
[M::mem_pestat] skip orientation RF
[M::mem_pestat] skip orientation RR
[M::process] read 1464848 sequences (200000162 bp)...
[M::mem_process_seqs] Processed 1469792 reads in 447.672 CPU sec, 48.387 real sec
[M::mem_pestat] # candidate unique pairs for (FF, FR, RF, RR): (105, 561377, 131, 52)
[M::mem_pestat] analyzing insert size distribution for orientation FF...
[M::mem_pestat] (25, 50, 75) percentile: (330, 467, 844)
[M::mem_pestat] low and high boundaries for computing mean and std.dev: (1, 1872)
[M::mem_pestat] mean and std.dev: (557.94, 364.93)
[M::mem_pestat] low and high boundaries for proper pairs: (1, 2386)
[M::mem_pestat] analyzing insert size distribution for orientation FR...
[M::mem_pestat] (25, 50, 75) percentile: (278, 364, 471)
[M::mem_pestat] low and high boundaries for computing mean and std.dev: (1, 857)
[M::mem_pestat] mean and std.dev: (381.72, 145.25)
[M::mem_pestat] low and high boundaries for proper pairs: (1, 1050)
[M::mem_pestat] analyzing insert size distribution for orientation RF...
[M::mem_pestat] (25, 50, 75) percentile: (112, 465, 2026)
[M::mem_pestat] low and high boundaries for computing mean and std.dev: (1, 5854)
[M::mem_pestat] mean and std.dev: (1062.31, 1489.16)
[M::mem_pestat] low and high boundaries for proper pairs: (1, 7768)
[M::mem_pestat] analyzing insert size distribution for orientation RR...
[M::mem_pestat] (25, 50, 75) percentile: (327, 596, 1382)
[M::mem_pestat] low and high boundaries for computing mean and std.dev: (1, 3492)
[M::mem_pestat] mean and std.dev: (740.75, 587.69)
[M::mem_pestat] low and high boundaries for proper pairs: (1, 4547)
[M::mem_pestat] skip orientation FF
[M::mem_pestat] skip orientation RF
[M::mem_pestat] skip orientation RR
[M::mem_process_seqs] Processed 1464848 reads in 450.312 CPU sec, 78.061 real sec
[M::process] read 1465382 sequences (200000014 bp)...
[M::process] read 1464272 sequences (200000138 bp)...
[M::mem_pestat] # candidate unique pairs for (FF, FR, RF, RR): (108, 560529, 132, 53)
[M::mem_pestat] analyzing insert size distribution for orientation FF...
[M::mem_pestat] (25, 50, 75) percentile: (326, 554, 791)
[M::mem_pestat] low and high boundaries for computing mean and std.dev: (1, 1721)
[M::mem_pestat] mean and std.dev: (558.70, 339.24)
[M::mem_pestat] low and high boundaries for proper pairs: (1, 2186)
[M::mem_pestat] analyzing insert size distribution for orientation FR...
[M::mem_pestat] (25, 50, 75) percentile: (278, 364, 472)
[M::mem_pestat] low and high boundaries for computing mean and std.dev: (1, 860)
[M::mem_pestat] mean and std.dev: (382.34, 145.71)
[M::mem_pestat] low and high boundaries for proper pairs: (1, 1054)
[M::mem_pestat] analyzing insert size distribution for orientation RF...
[M::mem_pestat] (25, 50, 75) percentile: (85, 594, 3538)
[M::mem_pestat] low and high boundaries for computing mean and std.dev: (1, 10444)
[M::mem_pestat] mean and std.dev: (1920.89, 2599.84)
[M::mem_pestat] low and high boundaries for proper pairs: (1, 13897)
[M::mem_pestat] analyzing insert size distribution for orientation RR...
[M::mem_pestat] (25, 50, 75) percentile: (315, 573, 1272)
[M::mem_pestat] low and high boundaries for computing mean and std.dev: (1, 3186)
[M::mem_pestat] mean and std.dev: (626.26, 570.54)
[M::mem_pestat] low and high boundaries for proper pairs: (1, 4143)
[M::mem_pestat] skip orientation FF
[M::mem_pestat] skip orientation RF
[M::mem_pestat] skip orientation RR
[M::mem_process_seqs] Processed 1465382 reads in 445.820 CPU sec, 45.329 real sec
[M::process] read 1468044 sequences (200000032 bp)...
[M::mem_pestat] # candidate unique pairs for (FF, FR, RF, RR): (93, 559871, 121, 55)
[M::mem_pestat] analyzing insert size distribution for orientation FF...
[M::mem_pestat] (25, 50, 75) percentile: (307, 507, 774)
[M::mem_pestat] low and high boundaries for computing mean and std.dev: (1, 1708)
[M::mem_pestat] mean and std.dev: (494.77, 251.60)
[M::mem_pestat] low and high boundaries for proper pairs: (1, 2175)
[M::mem_pestat] analyzing insert size distribution for orientation FR...
[M::mem_pestat] (25, 50, 75) percentile: (277, 364, 471)
[M::mem_pestat] low and high boundaries for computing mean and std.dev: (1, 859)
[M::mem_pestat] mean and std.dev: (382.05, 145.44)
[M::mem_pestat] low and high boundaries for proper pairs: (1, 1053)
[M::mem_pestat] analyzing insert size distribution for orientation RF...
[M::mem_pestat] (25, 50, 75) percentile: (67, 578, 3116)
[M::mem_pestat] low and high boundaries for computing mean and std.dev: (1, 9214)
[M::mem_pestat] mean and std.dev: (1668.06, 2180.82)
[M::mem_pestat] low and high boundaries for proper pairs: (1, 12263)
[M::mem_pestat] analyzing insert size distribution for orientation RR...
[M::mem_pestat] (25, 50, 75) percentile: (253, 600, 1252)
[M::mem_pestat] low and high boundaries for computing mean and std.dev: (1, 3250)
[M::mem_pestat] mean and std.dev: (770.76, 795.58)
[M::mem_pestat] low and high boundaries for proper pairs: (1, 4249)
[M::mem_pestat] skip orientation FF
[M::mem_pestat] skip orientation RF
[M::mem_pestat] skip orientation RR
[M::mem_process_seqs] Processed 1464272 reads in 446.458 CPU sec, 48.228 real sec
[M::process] read 1465002 sequences (200000106 bp)...
[M::mem_pestat] # candidate unique pairs for (FF, FR, RF, RR): (99, 561498, 145, 53)
[M::mem_pestat] analyzing insert size distribution for orientation FF...
[M::mem_pestat] (25, 50, 75) percentile: (295, 463, 725)
[M::mem_pestat] low and high boundaries for computing mean and std.dev: (1, 1585)
[M::mem_pestat] mean and std.dev: (474.51, 269.14)
[M::mem_pestat] low and high boundaries for proper pairs: (1, 2015)
[M::mem_pestat] analyzing insert size distribution for orientation FR...
[M::mem_pestat] (25, 50, 75) percentile: (275, 361, 467)
[M::mem_pestat] low and high boundaries for computing mean and std.dev: (1, 851)
[M::mem_pestat] mean and std.dev: (378.41, 143.57)
[M::mem_pestat] low and high boundaries for proper pairs: (1, 1043)
[M::mem_pestat] analyzing insert size distribution for orientation RF...
[M::mem_pestat] (25, 50, 75) percentile: (109, 576, 3127)
[M::mem_pestat] low and high boundaries for computing mean and std.dev: (1, 9163)
[M::mem_pestat] mean and std.dev: (1640.35, 2110.17)
[M::mem_pestat] low and high boundaries for proper pairs: (1, 12181)
[M::mem_pestat] analyzing insert size distribution for orientation RR...
[M::mem_pestat] (25, 50, 75) percentile: (304, 418, 681)
[M::mem_pestat] low and high boundaries for computing mean and std.dev: (1, 1435)
[M::mem_pestat] mean and std.dev: (433.24, 250.32)
[M::mem_pestat] low and high boundaries for proper pairs: (1, 1812)
[M::mem_pestat] skip orientation FF
[M::mem_pestat] skip orientation RF
[M::mem_pestat] skip orientation RR
[M::mem_process_seqs] Processed 1468044 reads in 448.800 CPU sec, 48.558 real sec
[M::mem_pestat] # candidate unique pairs for (FF, FR, RF, RR): (97, 561022, 132, 52)
[M::mem_pestat] analyzing insert size distribution for orientation FF...
[M::mem_pestat] (25, 50, 75) percentile: (303, 519, 837)
[M::mem_pestat] low and high boundaries for computing mean and std.dev: (1, 1905)
[M::mem_pestat] mean and std.dev: (526.42, 342.00)
[M::mem_pestat] low and high boundaries for proper pairs: (1, 2439)
[M::mem_pestat] analyzing insert size distribution for orientation FR...
[M::mem_pestat] (25, 50, 75) percentile: (278, 365, 473)
[M::mem_pestat] low and high boundaries for computing mean and std.dev: (1, 863)
[M::mem_pestat] mean and std.dev: (382.93, 146.47)
[M::mem_pestat] low and high boundaries for proper pairs: (1, 1058)
[M::mem_pestat] analyzing insert size distribution for orientation RF...
[M::mem_pestat] (25, 50, 75) percentile: (217, 981, 3235)
[M::mem_pestat] low and high boundaries for computing mean and std.dev: (1, 9271)
[M::mem_pestat] mean and std.dev: (2044.07, 2497.18)
[M::mem_pestat] low and high boundaries for proper pairs: (1, 12289)
[M::mem_pestat] analyzing insert size distribution for orientation RR...
[M::mem_pestat] (25, 50, 75) percentile: (287, 616, 1195)
[M::mem_pestat] low and high boundaries for computing mean and std.dev: (1, 3011)
[M::mem_pestat] mean and std.dev: (729.18, 608.70)
[M::mem_pestat] low and high boundaries for proper pairs: (1, 3919)
[M::mem_pestat] skip orientation FF
[M::mem_pestat] skip orientation RF
[M::mem_pestat] skip orientation RR
[M::process] read 1462888 sequences (200000094 bp)...
[M::mem_process_seqs] Processed 1465002 reads in 449.596 CPU sec, 48.580 real sec
[M::mem_pestat] # candidate unique pairs for (FF, FR, RF, RR): (101, 560162, 127, 49)
[M::mem_pestat] analyzing insert size distribution for orientation FF...
[M::mem_pestat] (25, 50, 75) percentile: (343, 513, 862)
[M::mem_pestat] low and high boundaries for computing mean and std.dev: (1, 1900)
[M::mem_pestat] mean and std.dev: (579.92, 353.87)
[M::mem_pestat] low and high boundaries for proper pairs: (1, 2419)
[M::mem_pestat] analyzing insert size distribution for orientation FR...
[M::mem_pestat] (25, 50, 75) percentile: (280, 367, 475)
[M::mem_pestat] low and high boundaries for computing mean and std.dev: (1, 865)
[M::mem_pestat] mean and std.dev: (385.05, 147.14)
[M::mem_pestat] low and high boundaries for proper pairs: (1, 1060)
[M::mem_pestat] analyzing insert size distribution for orientation RF...
[M::mem_pestat] (25, 50, 75) percentile: (102, 406, 3925)
[M::mem_pestat] low and high boundaries for computing mean and std.dev: (1, 11571)
[M::mem_pestat] mean and std.dev: (2057.22, 2669.50)
[M::mem_pestat] low and high boundaries for proper pairs: (1, 15394)
[M::mem_pestat] analyzing insert size distribution for orientation RR...
[M::mem_pestat] (25, 50, 75) percentile: (279, 502, 1445)
[M::mem_pestat] low and high boundaries for computing mean and std.dev: (1, 3777)
[M::mem_pestat] mean and std.dev: (850.85, 771.53)
[M::mem_pestat] low and high boundaries for proper pairs: (1, 4943)
[M::mem_pestat] skip orientation FF
[M::mem_pestat] skip orientation RF
[M::mem_pestat] skip orientation RR
[M::process] read 1464430 sequences (200000176 bp)...
[M::mem_process_seqs] Processed 1462888 reads in 448.134 CPU sec, 48.467 real sec
[M::mem_pestat] # candidate unique pairs for (FF, FR, RF, RR): (107, 560190, 123, 61)
[M::mem_pestat] analyzing insert size distribution for orientation FF...
[M::mem_pestat] (25, 50, 75) percentile: (358, 596, 828)
[M::mem_pestat] low and high boundaries for computing mean and std.dev: (1, 1768)
[M::mem_pestat] mean and std.dev: (581.01, 318.05)
[M::mem_pestat] low and high boundaries for proper pairs: (1, 2238)
[M::mem_pestat] analyzing insert size distribution for orientation FR...
[M::mem_pestat] (25, 50, 75) percentile: (279, 366, 474)
[M::mem_pestat] low and high boundaries for computing mean and std.dev: (1, 864)
[M::mem_pestat] mean and std.dev: (384.15, 146.30)
[M::mem_pestat] low and high boundaries for proper pairs: (1, 1059)
[M::mem_pestat] analyzing insert size distribution for orientation RF...
[M::mem_pestat] (25, 50, 75) percentile: (89, 706, 4207)
[M::mem_pestat] low and high boundaries for computing mean and std.dev: (1, 12443)
[M::mem_pestat] mean and std.dev: (2223.76, 2936.82)
[M::mem_pestat] low and high boundaries for proper pairs: (1, 16561)
[M::mem_pestat] analyzing insert size distribution for orientation RR...
[M::mem_pestat] (25, 50, 75) percentile: (322, 568, 1101)
[M::mem_pestat] low and high boundaries for computing mean and std.dev: (1, 2659)
[M::mem_pestat] mean and std.dev: (627.98, 474.64)
[M::mem_pestat] low and high boundaries for proper pairs: (1, 3438)
[M::mem_pestat] skip orientation FF
[M::mem_pestat] skip orientation RF
[M::mem_pestat] skip orientation RR
[M::process] read 1468072 sequences (200000018 bp)...
[M::mem_process_seqs] Processed 1464430 reads in 447.960 CPU sec, 48.414 real sec
[M::mem_pestat] # candidate unique pairs for (FF, FR, RF, RR): (86, 559547, 141, 64)
[M::mem_pestat] analyzing insert size distribution for orientation FF...
[M::mem_pestat] (25, 50, 75) percentile: (304, 508, 805)
[M::mem_pestat] low and high boundaries for computing mean and std.dev: (1, 1807)
[M::mem_pestat] mean and std.dev: (547.11, 347.03)
[M::mem_pestat] low and high boundaries for proper pairs: (1, 2308)
[M::mem_pestat] analyzing insert size distribution for orientation FR...
[M::mem_pestat] (25, 50, 75) percentile: (277, 363, 469)
[M::mem_pestat] low and high boundaries for computing mean and std.dev: (1, 853)
[M::mem_pestat] mean and std.dev: (380.30, 143.58)
[M::mem_pestat] low and high boundaries for proper pairs: (1, 1045)
[M::mem_pestat] analyzing insert size distribution for orientation RF...
[M::mem_pestat] (25, 50, 75) percentile: (67, 322, 2356)
[M::mem_pestat] low and high boundaries for computing mean and std.dev: (1, 6934)
[M::mem_pestat] mean and std.dev: (1140.87, 1646.56)
[M::mem_pestat] low and high boundaries for proper pairs: (1, 9223)
[M::mem_pestat] analyzing insert size distribution for orientation RR...
[M::mem_pestat] (25, 50, 75) percentile: (184, 393, 1072)
[M::mem_pestat] low and high boundaries for computing mean and std.dev: (1, 2848)
[M::mem_pestat] mean and std.dev: (632.39, 630.23)
[M::mem_pestat] low and high boundaries for proper pairs: (1, 3736)
[M::mem_pestat] skip orientation FF
[M::mem_pestat] skip orientation RF
[M::mem_pestat] skip orientation RR
[M::process] read 1463804 sequences (200000105 bp)...
[M::mem_process_seqs] Processed 1468072 reads in 451.929 CPU sec, 48.809 real sec
[M::mem_pestat] # candidate unique pairs for (FF, FR, RF, RR): (123, 561771, 134, 45)
[M::mem_pestat] analyzing insert size distribution for orientation FF...
[M::mem_pestat] (25, 50, 75) percentile: (357, 496, 947)
[M::mem_pestat] low and high boundaries for computing mean and std.dev: (1, 2127)
[M::mem_pestat] mean and std.dev: (609.81, 420.85)
[M::mem_pestat] low and high boundaries for proper pairs: (1, 2717)
[M::mem_pestat] analyzing insert size distribution for orientation FR...
[M::mem_pestat] (25, 50, 75) percentile: (277, 363, 471)
[M::mem_pestat] low and high boundaries for computing mean and std.dev: (1, 859)
[M::mem_pestat] mean and std.dev: (381.35, 146.01)
[M::mem_pestat] low and high boundaries for proper pairs: (1, 1053)
[M::mem_pestat] analyzing insert size distribution for orientation RF...
[M::mem_pestat] (25, 50, 75) percentile: (82, 562, 3291)
[M::mem_pestat] low and high boundaries for computing mean and std.dev: (1, 9709)
[M::mem_pestat] mean and std.dev: (1801.74, 2554.07)
[M::mem_pestat] low and high boundaries for proper pairs: (1, 12918)
[M::mem_pestat] analyzing insert size distribution for orientation RR...
[M::mem_pestat] (25, 50, 75) percentile: (256, 701, 1332)
[M::mem_pestat] low and high boundaries for computing mean and std.dev: (1, 3484)
[M::mem_pestat] mean and std.dev: (899.16, 820.25)
[M::mem_pestat] low and high boundaries for proper pairs: (1, 4560)
[M::mem_pestat] skip orientation FF
[M::mem_pestat] skip orientation RF
[M::mem_pestat] skip orientation RR
[M::process] read 1461554 sequences (200000164 bp)...
[M::mem_process_seqs] Processed 1463804 reads in 445.554 CPU sec, 48.201 real sec
[M::mem_pestat] # candidate unique pairs for (FF, FR, RF, RR): (105, 560654, 140, 48)
[M::mem_pestat] analyzing insert size distribution for orientation FF...
[M::mem_pestat] (25, 50, 75) percentile: (281, 497, 786)
[M::mem_pestat] low and high boundaries for computing mean and std.dev: (1, 1796)
[M::mem_pestat] mean and std.dev: (467.53, 279.43)
[M::mem_pestat] low and high boundaries for proper pairs: (1, 2301)
[M::mem_pestat] analyzing insert size distribution for orientation FR...
[M::mem_pestat] (25, 50, 75) percentile: (279, 366, 476)
[M::mem_pestat] low and high boundaries for computing mean and std.dev: (1, 870)
[M::mem_pestat] mean and std.dev: (385.15, 148.27)
[M::mem_pestat] low and high boundaries for proper pairs: (1, 1067)
[M::mem_pestat] analyzing insert size distribution for orientation RF...
[M::mem_pestat] (25, 50, 75) percentile: (80, 493, 2616)
[M::mem_pestat] low and high boundaries for computing mean and std.dev: (1, 7688)
[M::mem_pestat] mean and std.dev: (1237.33, 1695.70)
[M::mem_pestat] low and high boundaries for proper pairs: (1, 10224)
[M::mem_pestat] analyzing insert size distribution for orientation RR...
[M::mem_pestat] (25, 50, 75) percentile: (359, 573, 942)
[M::mem_pestat] low and high boundaries for computing mean and std.dev: (1, 2108)
[M::mem_pestat] mean and std.dev: (535.08, 337.33)
[M::mem_pestat] low and high boundaries for proper pairs: (1, 2691)
[M::mem_pestat] skip orientation FF
[M::mem_pestat] skip orientation RF
[M::mem_pestat] skip orientation RR
[M::mem_process_seqs] Processed 1461554 reads in 456.217 CPU sec, 66.892 real sec
[M::process] read 1461146 sequences (200000248 bp)...
[M::process] read 1462190 sequences (200000157 bp)...
[M::mem_pestat] # candidate unique pairs for (FF, FR, RF, RR): (109, 560388, 133, 61)
[M::mem_pestat] analyzing insert size distribution for orientation FF...
[M::mem_pestat] (25, 50, 75) percentile: (320, 441, 689)
[M::mem_pestat] low and high boundaries for computing mean and std.dev: (1, 1427)
[M::mem_pestat] mean and std.dev: (467.53, 270.56)
[M::mem_pestat] low and high boundaries for proper pairs: (1, 1796)
[M::mem_pestat] analyzing insert size distribution for orientation FR...
[M::mem_pestat] (25, 50, 75) percentile: (279, 367, 475)
[M::mem_pestat] low and high boundaries for computing mean and std.dev: (1, 867)
[M::mem_pestat] mean and std.dev: (384.86, 147.42)
[M::mem_pestat] low and high boundaries for proper pairs: (1, 1063)
[M::mem_pestat] analyzing insert size distribution for orientation RF...
[M::mem_pestat] (25, 50, 75) percentile: (132, 532, 2590)
[M::mem_pestat] low and high boundaries for computing mean and std.dev: (1, 7506)
[M::mem_pestat] mean and std.dev: (1331.61, 1694.17)
[M::mem_pestat] low and high boundaries for proper pairs: (1, 9964)
[M::mem_pestat] analyzing insert size distribution for orientation RR...
[M::mem_pestat] (25, 50, 75) percentile: (259, 412, 1012)
[M::mem_pestat] low and high boundaries for computing mean and std.dev: (1, 2518)
[M::mem_pestat] mean and std.dev: (620.57, 543.51)
[M::mem_pestat] low and high boundaries for proper pairs: (1, 3271)
[M::mem_pestat] skip orientation FF
[M::mem_pestat] skip orientation RF
[M::mem_pestat] skip orientation RR
[M::mem_process_seqs] Processed 1461146 reads in 444.633 CPU sec, 46.090 real sec
[M::mem_pestat] # candidate unique pairs for (FF, FR, RF, RR): (103, 558699, 139, 62)
[M::mem_pestat] analyzing insert size distribution for orientation FF...
[M::mem_pestat] (25, 50, 75) percentile: (321, 489, 808)
[M::mem_pestat] low and high boundaries for computing mean and std.dev: (1, 1782)
[M::mem_pestat] mean and std.dev: (565.17, 361.81)
[M::mem_pestat] low and high boundaries for proper pairs: (1, 2269)
[M::mem_pestat] analyzing insert size distribution for orientation FR...
[M::mem_pestat] (25, 50, 75) percentile: (278, 366, 473)
[M::mem_pestat] low and high boundaries for computing mean and std.dev: (1, 863)
[M::mem_pestat] mean and std.dev: (383.67, 146.51)
[M::mem_pestat] low and high boundaries for proper pairs: (1, 1058)
[M::mem_pestat] analyzing insert size distribution for orientation RF...
[M::mem_pestat] (25, 50, 75) percentile: (89, 583, 3555)
[M::mem_pestat] low and high boundaries for computing mean and std.dev: (1, 10487)
[M::mem_pestat] mean and std.dev: (2072.50, 2726.03)
[M::mem_pestat] low and high boundaries for proper pairs: (1, 13953)
[M::mem_pestat] analyzing insert size distribution for orientation RR...
[M::mem_pestat] (25, 50, 75) percentile: (228, 477, 953)
[M::mem_pestat] low and high boundaries for computing mean and std.dev: (1, 2403)
[M::mem_pestat] mean and std.dev: (567.64, 480.11)
[M::mem_pestat] low and high boundaries for proper pairs: (1, 3128)
[M::mem_pestat] skip orientation FF
[M::mem_pestat] skip orientation RF
[M::mem_pestat] skip orientation RR
[M::process] read 1466750 sequences (200000269 bp)...
[M::mem_process_seqs] Processed 1462190 reads in 448.856 CPU sec, 48.490 real sec
[M::mem_pestat] # candidate unique pairs for (FF, FR, RF, RR): (108, 560556, 134, 57)
[M::mem_pestat] analyzing insert size distribution for orientation FF...
[M::mem_pestat] (25, 50, 75) percentile: (288, 471, 725)
[M::mem_pestat] low and high boundaries for computing mean and std.dev: (1, 1599)
[M::mem_pestat] mean and std.dev: (520.46, 319.47)
[M::mem_pestat] low and high boundaries for proper pairs: (1, 2036)
[M::mem_pestat] analyzing insert size distribution for orientation FR...
[M::mem_pestat] (25, 50, 75) percentile: (277, 364, 471)
[M::mem_pestat] low and high boundaries for computing mean and std.dev: (1, 859)
[M::mem_pestat] mean and std.dev: (381.64, 145.43)
[M::mem_pestat] low and high boundaries for proper pairs: (1, 1053)
[M::mem_pestat] analyzing insert size distribution for orientation RF...
[M::mem_pestat] (25, 50, 75) percentile: (121, 823, 3092)
[M::mem_pestat] low and high boundaries for computing mean and std.dev: (1, 9034)
[M::mem_pestat] mean and std.dev: (1811.36, 2250.02)
[M::mem_pestat] low and high boundaries for proper pairs: (1, 12005)
[M::mem_pestat] analyzing insert size distribution for orientation RR...
[M::mem_pestat] (25, 50, 75) percentile: (285, 466, 935)
[M::mem_pestat] low and high boundaries for computing mean and std.dev: (1, 2235)
[M::mem_pestat] mean and std.dev: (595.58, 423.75)
[M::mem_pestat] low and high boundaries for proper pairs: (1, 2885)
[M::mem_pestat] skip orientation FF
[M::mem_pestat] skip orientation RF
[M::mem_pestat] skip orientation RR
[M::process] read 1461282 sequences (200000007 bp)...
[M::mem_process_seqs] Processed 1466750 reads in 448.478 CPU sec, 48.451 real sec
[M::mem_pestat] # candidate unique pairs for (FF, FR, RF, RR): (104, 560003, 115, 59)
[M::mem_pestat] analyzing insert size distribution for orientation FF...
[M::mem_pestat] (25, 50, 75) percentile: (322, 516, 754)
[M::mem_pestat] low and high boundaries for computing mean and std.dev: (1, 1618)
[M::mem_pestat] mean and std.dev: (509.54, 277.55)
[M::mem_pestat] low and high boundaries for proper pairs: (1, 2050)
[M::mem_pestat] analyzing insert size distribution for orientation FR...
[M::mem_pestat] (25, 50, 75) percentile: (279, 367, 477)
[M::mem_pestat] low and high boundaries for computing mean and std.dev: (1, 873)
[M::mem_pestat] mean and std.dev: (385.71, 148.74)
[M::mem_pestat] low and high boundaries for proper pairs: (1, 1071)
[M::mem_pestat] analyzing insert size distribution for orientation RF...
[M::mem_pestat] (25, 50, 75) percentile: (100, 490, 2884)
[M::mem_pestat] low and high boundaries for computing mean and std.dev: (1, 8452)
[M::mem_pestat] mean and std.dev: (1574.04, 2118.29)
[M::mem_pestat] low and high boundaries for proper pairs: (1, 11236)
[M::mem_pestat] analyzing insert size distribution for orientation RR...
[M::mem_pestat] (25, 50, 75) percentile: (308, 531, 1292)
[M::mem_pestat] low and high boundaries for computing mean and std.dev: (1, 3260)
[M::mem_pestat] mean and std.dev: (660.92, 585.32)
[M::mem_pestat] low and high boundaries for proper pairs: (1, 4244)
[M::mem_pestat] skip orientation FF
[M::mem_pestat] skip orientation RF
[M::mem_pestat] skip orientation RR
[M::process] read 1461586 sequences (200000178 bp)...
[M::mem_process_seqs] Processed 1461282 reads in 445.859 CPU sec, 48.250 real sec
[M::mem_pestat] # candidate unique pairs for (FF, FR, RF, RR): (88, 560100, 156, 55)
[M::mem_pestat] analyzing insert size distribution for orientation FF...
[M::mem_pestat] (25, 50, 75) percentile: (350, 586, 841)
[M::mem_pestat] low and high boundaries for computing mean and std.dev: (1, 1823)
[M::mem_pestat] mean and std.dev: (568.64, 360.30)
[M::mem_pestat] low and high boundaries for proper pairs: (1, 2314)
[M::mem_pestat] analyzing insert size distribution for orientation FR...
[M::mem_pestat] (25, 50, 75) percentile: (280, 368, 477)
[M::mem_pestat] low and high boundaries for computing mean and std.dev: (1, 871)
[M::mem_pestat] mean and std.dev: (386.37, 148.49)
[M::mem_pestat] low and high boundaries for proper pairs: (1, 1068)
[M::mem_pestat] analyzing insert size distribution for orientation RF...
[M::mem_pestat] (25, 50, 75) percentile: (61, 685, 3770)
[M::mem_pestat] low and high boundaries for computing mean and std.dev: (1, 11188)
[M::mem_pestat] mean and std.dev: (2078.62, 2665.54)
[M::mem_pestat] low and high boundaries for proper pairs: (1, 14897)
[M::mem_pestat] analyzing insert size distribution for orientation RR...
[M::mem_pestat] (25, 50, 75) percentile: (311, 583, 1413)
[M::mem_pestat] low and high boundaries for computing mean and std.dev: (1, 3617)
[M::mem_pestat] mean and std.dev: (817.98, 769.21)
[M::mem_pestat] low and high boundaries for proper pairs: (1, 4719)
[M::mem_pestat] skip orientation FF
[M::mem_pestat] skip orientation RF
[M::mem_pestat] skip orientation RR
[M::process] read 1460584 sequences (200000280 bp)...
[M::mem_process_seqs] Processed 1461586 reads in 447.518 CPU sec, 48.359 real sec
[M::mem_pestat] # candidate unique pairs for (FF, FR, RF, RR): (90, 559039, 134, 51)
[M::mem_pestat] analyzing insert size distribution for orientation FF...
[M::mem_pestat] (25, 50, 75) percentile: (332, 459, 769)
[M::mem_pestat] low and high boundaries for computing mean and std.dev: (1, 1643)
[M::mem_pestat] mean and std.dev: (520.67, 337.72)
[M::mem_pestat] low and high boundaries for proper pairs: (1, 2080)
[M::mem_pestat] analyzing insert size distribution for orientation FR...
[M::mem_pestat] (25, 50, 75) percentile: (280, 368, 478)
[M::mem_pestat] low and high boundaries for computing mean and std.dev: (1, 874)
[M::mem_pestat] mean and std.dev: (386.61, 148.68)
[M::mem_pestat] low and high boundaries for proper pairs: (1, 1072)
[M::mem_pestat] analyzing insert size distribution for orientation RF...
[M::mem_pestat] (25, 50, 75) percentile: (82, 521, 3214)
[M::mem_pestat] low and high boundaries for computing mean and std.dev: (1, 9478)
[M::mem_pestat] mean and std.dev: (1645.27, 2162.21)
[M::mem_pestat] low and high boundaries for proper pairs: (1, 12610)
[M::mem_pestat] analyzing insert size distribution for orientation RR...
[M::mem_pestat] (25, 50, 75) percentile: (266, 439, 769)
[M::mem_pestat] low and high boundaries for computing mean and std.dev: (1, 1775)
[M::mem_pestat] mean and std.dev: (478.78, 316.39)
[M::mem_pestat] low and high boundaries for proper pairs: (1, 2278)
[M::mem_pestat] skip orientation FF
[M::mem_pestat] skip orientation RF
[M::mem_pestat] skip orientation RR
[M::mem_process_seqs] Processed 1460584 reads in 461.470 CPU sec, 73.230 real sec
[M::process] read 1463604 sequences (200000084 bp)...
[M::process] read 1462298 sequences (200000023 bp)...
[M::mem_pestat] # candidate unique pairs for (FF, FR, RF, RR): (99, 558591, 131, 67)
[M::mem_pestat] analyzing insert size distribution for orientation FF...
[M::mem_pestat] (25, 50, 75) percentile: (297, 451, 758)
[M::mem_pestat] low and high boundaries for computing mean and std.dev: (1, 1680)
[M::mem_pestat] mean and std.dev: (488.34, 300.28)
[M::mem_pestat] low and high boundaries for proper pairs: (1, 2141)
[M::mem_pestat] analyzing insert size distribution for orientation FR...
[M::mem_pestat] (25, 50, 75) percentile: (278, 365, 473)
[M::mem_pestat] low and high boundaries for computing mean and std.dev: (1, 863)
[M::mem_pestat] mean and std.dev: (383.46, 146.35)
[M::mem_pestat] low and high boundaries for proper pairs: (1, 1058)
[M::mem_pestat] analyzing insert size distribution for orientation RF...
[M::mem_pestat] (25, 50, 75) percentile: (63, 695, 3643)
[M::mem_pestat] low and high boundaries for computing mean and std.dev: (1, 10803)
[M::mem_pestat] mean and std.dev: (2057.88, 2547.67)
[M::mem_pestat] low and high boundaries for proper pairs: (1, 14383)
[M::mem_pestat] analyzing insert size distribution for orientation RR...
[M::mem_pestat] (25, 50, 75) percentile: (361, 584, 1105)
[M::mem_pestat] low and high boundaries for computing mean and std.dev: (1, 2593)
[M::mem_pestat] mean and std.dev: (665.56, 504.14)
[M::mem_pestat] low and high boundaries for proper pairs: (1, 3337)
[M::mem_pestat] skip orientation FF
[M::mem_pestat] skip orientation RF
[M::mem_pestat] skip orientation RR
[M::mem_process_seqs] Processed 1463604 reads in 449.151 CPU sec, 46.895 real sec
[M::mem_pestat] # candidate unique pairs for (FF, FR, RF, RR): (83, 561044, 140, 47)
[M::mem_pestat] analyzing insert size distribution for orientation FF...
[M::mem_pestat] (25, 50, 75) percentile: (321, 450, 794)
[M::mem_pestat] low and high boundaries for computing mean and std.dev: (1, 1740)
[M::mem_pestat] mean and std.dev: (528.34, 360.32)
[M::mem_pestat] low and high boundaries for proper pairs: (1, 2213)
[M::mem_pestat] analyzing insert size distribution for orientation FR...
[M::mem_pestat] (25, 50, 75) percentile: (279, 367, 477)
[M::mem_pestat] low and high boundaries for computing mean and std.dev: (1, 873)
[M::mem_pestat] mean and std.dev: (385.58, 148.53)
[M::mem_pestat] low and high boundaries for proper pairs: (1, 1071)
[M::mem_pestat] analyzing insert size distribution for orientation RF...
[M::mem_pestat] (25, 50, 75) percentile: (80, 476, 3066)
[M::mem_pestat] low and high boundaries for computing mean and std.dev: (1, 9038)
[M::mem_pestat] mean and std.dev: (1743.43, 2380.34)
[M::mem_pestat] low and high boundaries for proper pairs: (1, 12024)
[M::mem_pestat] analyzing insert size distribution for orientation RR...
[M::mem_pestat] (25, 50, 75) percentile: (206, 397, 1018)
[M::mem_pestat] low and high boundaries for computing mean and std.dev: (1, 2642)
[M::mem_pestat] mean and std.dev: (608.84, 561.34)
[M::mem_pestat] low and high boundaries for proper pairs: (1, 3454)
[M::mem_pestat] skip orientation FF
[M::mem_pestat] skip orientation RF
[M::mem_pestat] skip orientation RR
[M::process] read 1461220 sequences (200000088 bp)...
[M::mem_process_seqs] Processed 1462298 reads in 446.662 CPU sec, 48.269 real sec
[M::mem_pestat] # candidate unique pairs for (FF, FR, RF, RR): (107, 559166, 141, 52)
[M::mem_pestat] analyzing insert size distribution for orientation FF...
[M::mem_pestat] (25, 50, 75) percentile: (278, 459, 1202)
[M::mem_pestat] low and high boundaries for computing mean and std.dev: (1, 3050)
[M::mem_pestat] mean and std.dev: (742.91, 642.60)
[M::mem_pestat] low and high boundaries for proper pairs: (1, 3974)
[M::mem_pestat] analyzing insert size distribution for orientation FR...
[M::mem_pestat] (25, 50, 75) percentile: (281, 369, 480)
[M::mem_pestat] low and high boundaries for computing mean and std.dev: (1, 878)
[M::mem_pestat] mean and std.dev: (387.67, 149.46)
[M::mem_pestat] low and high boundaries for proper pairs: (1, 1077)
[M::mem_pestat] analyzing insert size distribution for orientation RF...
[M::mem_pestat] (25, 50, 75) percentile: (139, 662, 3107)
[M::mem_pestat] low and high boundaries for computing mean and std.dev: (1, 9043)
[M::mem_pestat] mean and std.dev: (1813.75, 2413.78)
[M::mem_pestat] low and high boundaries for proper pairs: (1, 12011)
[M::mem_pestat] analyzing insert size distribution for orientation RR...
[M::mem_pestat] (25, 50, 75) percentile: (334, 640, 1461)
[M::mem_pestat] low and high boundaries for computing mean and std.dev: (1, 3715)
[M::mem_pestat] mean and std.dev: (851.26, 839.65)
[M::mem_pestat] low and high boundaries for proper pairs: (1, 4842)
[M::mem_pestat] skip orientation FF
[M::mem_pestat] skip orientation RF
[M::mem_pestat] skip orientation RR
[M::process] read 1461720 sequences (200000100 bp)...
[M::mem_process_seqs] Processed 1461220 reads in 447.840 CPU sec, 48.405 real sec
[M::mem_pestat] # candidate unique pairs for (FF, FR, RF, RR): (99, 559825, 140, 70)
[M::mem_pestat] analyzing insert size distribution for orientation FF...
[M::mem_pestat] (25, 50, 75) percentile: (324, 500, 775)
[M::mem_pestat] low and high boundaries for computing mean and std.dev: (1, 1677)
[M::mem_pestat] mean and std.dev: (525.36, 257.49)
[M::mem_pestat] low and high boundaries for proper pairs: (1, 2128)
[M::mem_pestat] analyzing insert size distribution for orientation FR...
[M::mem_pestat] (25, 50, 75) percentile: (281, 369, 479)
[M::mem_pestat] low and high boundaries for computing mean and std.dev: (1, 875)
[M::mem_pestat] mean and std.dev: (387.82, 149.19)
[M::mem_pestat] low and high boundaries for proper pairs: (1, 1073)
[M::mem_pestat] analyzing insert size distribution for orientation RF...
[M::mem_pestat] (25, 50, 75) percentile: (74, 459, 2469)
[M::mem_pestat] low and high boundaries for computing mean and std.dev: (1, 7259)
[M::mem_pestat] mean and std.dev: (1258.24, 1714.41)
[M::mem_pestat] low and high boundaries for proper pairs: (1, 9654)
[M::mem_pestat] analyzing insert size distribution for orientation RR...
[M::mem_pestat] (25, 50, 75) percentile: (291, 607, 1076)
[M::mem_pestat] low and high boundaries for computing mean and std.dev: (1, 2646)
[M::mem_pestat] mean and std.dev: (746.02, 668.07)
[M::mem_pestat] low and high boundaries for proper pairs: (1, 3431)
[M::mem_pestat] skip orientation FF
[M::mem_pestat] skip orientation RF
[M::mem_pestat] skip orientation RR
[M::process] read 1462100 sequences (200000215 bp)...
[M::mem_process_seqs] Processed 1461720 reads in 447.796 CPU sec, 48.377 real sec
[M::mem_pestat] # candidate unique pairs for (FF, FR, RF, RR): (106, 557793, 115, 69)
[M::mem_pestat] analyzing insert size distribution for orientation FF...
[M::mem_pestat] (25, 50, 75) percentile: (359, 515, 781)
[M::mem_pestat] low and high boundaries for computing mean and std.dev: (1, 1625)
[M::mem_pestat] mean and std.dev: (554.05, 328.30)
[M::mem_pestat] low and high boundaries for proper pairs: (1, 2047)
[M::mem_pestat] analyzing insert size distribution for orientation FR...
[M::mem_pestat] (25, 50, 75) percentile: (280, 368, 477)
[M::mem_pestat] low and high boundaries for computing mean and std.dev: (1, 871)
[M::mem_pestat] mean and std.dev: (386.46, 148.33)
[M::mem_pestat] low and high boundaries for proper pairs: (1, 1068)
[M::mem_pestat] analyzing insert size distribution for orientation RF...
[M::mem_pestat] (25, 50, 75) percentile: (117, 450, 3613)
[M::mem_pestat] low and high boundaries for computing mean and std.dev: (1, 10605)
[M::mem_pestat] mean and std.dev: (1994.68, 2681.68)
[M::mem_pestat] low and high boundaries for proper pairs: (1, 14101)
[M::mem_pestat] analyzing insert size distribution for orientation RR...
[M::mem_pestat] (25, 50, 75) percentile: (266, 540, 1149)
[M::mem_pestat] low and high boundaries for computing mean and std.dev: (1, 2915)
[M::mem_pestat] mean and std.dev: (653.45, 568.02)
[M::mem_pestat] low and high boundaries for proper pairs: (1, 3798)
[M::mem_pestat] skip orientation FF
[M::mem_pestat] skip orientation RF
[M::mem_pestat] skip orientation RR
[M::process] read 1467186 sequences (200000001 bp)...
[M::mem_process_seqs] Processed 1462100 reads in 451.128 CPU sec, 48.750 real sec
[M::mem_pestat] # candidate unique pairs for (FF, FR, RF, RR): (104, 559590, 112, 70)
[M::mem_pestat] analyzing insert size distribution for orientation FF...
[M::mem_pestat] (25, 50, 75) percentile: (332, 524, 842)
[M::mem_pestat] low and high boundaries for computing mean and std.dev: (1, 1862)
[M::mem_pestat] mean and std.dev: (546.30, 343.16)
[M::mem_pestat] low and high boundaries for proper pairs: (1, 2372)
[M::mem_pestat] analyzing insert size distribution for orientation FR...
[M::mem_pestat] (25, 50, 75) percentile: (279, 366, 474)
[M::mem_pestat] low and high boundaries for computing mean and std.dev: (1, 864)
[M::mem_pestat] mean and std.dev: (383.84, 146.08)
[M::mem_pestat] low and high boundaries for proper pairs: (1, 1059)
[M::mem_pestat] analyzing insert size distribution for orientation RF...
[M::mem_pestat] (25, 50, 75) percentile: (114, 724, 2450)
[M::mem_pestat] low and high boundaries for computing mean and std.dev: (1, 7122)
[M::mem_pestat] mean and std.dev: (1204.43, 1512.56)
[M::mem_pestat] low and high boundaries for proper pairs: (1, 9458)
[M::mem_pestat] analyzing insert size distribution for orientation RR...
[M::mem_pestat] (25, 50, 75) percentile: (234, 607, 1061)
[M::mem_pestat] low and high boundaries for computing mean and std.dev: (1, 2715)
[M::mem_pestat] mean and std.dev: (616.02, 446.88)
[M::mem_pestat] low and high boundaries for proper pairs: (1, 3542)
[M::mem_pestat] skip orientation FF
[M::mem_pestat] skip orientation RF
[M::mem_pestat] skip orientation RR
[M::mem_process_seqs] Processed 1467186 reads in 465.899 CPU sec, 73.806 real sec
[M::process] read 1464224 sequences (200000070 bp)...
[M::process] read 1463634 sequences (200000002 bp)...
[M::mem_pestat] # candidate unique pairs for (FF, FR, RF, RR): (102, 560958, 126, 54)
[M::mem_pestat] analyzing insert size distribution for orientation FF...
[M::mem_pestat] (25, 50, 75) percentile: (297, 497, 1032)
[M::mem_pestat] low and high boundaries for computing mean and std.dev: (1, 2502)
[M::mem_pestat] mean and std.dev: (621.37, 469.22)
[M::mem_pestat] low and high boundaries for proper pairs: (1, 3237)
[M::mem_pestat] analyzing insert size distribution for orientation FR...
[M::mem_pestat] (25, 50, 75) percentile: (280, 369, 479)
[M::mem_pestat] low and high boundaries for computing mean and std.dev: (1, 877)
[M::mem_pestat] mean and std.dev: (387.22, 148.75)
[M::mem_pestat] low and high boundaries for proper pairs: (1, 1076)
[M::mem_pestat] analyzing insert size distribution for orientation RF...
[M::mem_pestat] (25, 50, 75) percentile: (70, 593, 3401)
[M::mem_pestat] low and high boundaries for computing mean and std.dev: (1, 10063)
[M::mem_pestat] mean and std.dev: (1893.92, 2334.44)
[M::mem_pestat] low and high boundaries for proper pairs: (1, 13394)
[M::mem_pestat] analyzing insert size distribution for orientation RR...
[M::mem_pestat] (25, 50, 75) percentile: (236, 478, 906)
[M::mem_pestat] low and high boundaries for computing mean and std.dev: (1, 2246)
[M::mem_pestat] mean and std.dev: (546.19, 462.96)
[M::mem_pestat] low and high boundaries for proper pairs: (1, 2916)
[M::mem_pestat] skip orientation FF
[M::mem_pestat] skip orientation RF
[M::mem_pestat] skip orientation RR
[M::mem_process_seqs] Processed 1464224 reads in 448.517 CPU sec, 47.451 real sec
[M::mem_pestat] # candidate unique pairs for (FF, FR, RF, RR): (117, 560095, 100, 58)
[M::mem_pestat] analyzing insert size distribution for orientation FF...
[M::mem_pestat] (25, 50, 75) percentile: (326, 481, 935)
[M::mem_pestat] low and high boundaries for computing mean and std.dev: (1, 2153)
[M::mem_pestat] mean and std.dev: (579.96, 427.55)
[M::mem_pestat] low and high boundaries for proper pairs: (1, 2762)
[M::mem_pestat] analyzing insert size distribution for orientation FR...
[M::mem_pestat] (25, 50, 75) percentile: (281, 369, 478)
[M::mem_pestat] low and high boundaries for computing mean and std.dev: (1, 872)
[M::mem_pestat] mean and std.dev: (387.10, 148.42)
[M::mem_pestat] low and high boundaries for proper pairs: (1, 1069)
[M::mem_pestat] analyzing insert size distribution for orientation RF...
[M::mem_pestat] (25, 50, 75) percentile: (125, 1193, 3654)
[M::mem_pestat] low and high boundaries for computing mean and std.dev: (1, 10712)
[M::mem_pestat] mean and std.dev: (2345.17, 2756.31)
[M::mem_pestat] low and high boundaries for proper pairs: (1, 14241)
[M::mem_pestat] analyzing insert size distribution for orientation RR...
[M::mem_pestat] (25, 50, 75) percentile: (364, 696, 2038)
[M::mem_pestat] low and high boundaries for computing mean and std.dev: (1, 5386)
[M::mem_pestat] mean and std.dev: (1130.09, 1219.98)
[M::mem_pestat] low and high boundaries for proper pairs: (1, 7060)
[M::mem_pestat] skip orientation FF
[M::mem_pestat] skip orientation RF
[M::mem_pestat] skip orientation RR
[M::mem_process_seqs] Processed 1463634 reads in 461.318 CPU sec, 71.581 real sec
[M::process] read 1463610 sequences (200000175 bp)...
[M::process] read 1462542 sequences (200000194 bp)...
[M::mem_pestat] # candidate unique pairs for (FF, FR, RF, RR): (103, 559343, 120, 56)
[M::mem_pestat] analyzing insert size distribution for orientation FF...
[M::mem_pestat] (25, 50, 75) percentile: (310, 585, 953)
[M::mem_pestat] low and high boundaries for computing mean and std.dev: (1, 2239)
[M::mem_pestat] mean and std.dev: (613.29, 427.72)
[M::mem_pestat] low and high boundaries for proper pairs: (1, 2882)
[M::mem_pestat] analyzing insert size distribution for orientation FR...
[M::mem_pestat] (25, 50, 75) percentile: (281, 369, 478)
[M::mem_pestat] low and high boundaries for computing mean and std.dev: (1, 872)
[M::mem_pestat] mean and std.dev: (386.97, 148.18)
[M::mem_pestat] low and high boundaries for proper pairs: (1, 1069)
[M::mem_pestat] analyzing insert size distribution for orientation RF...
[M::mem_pestat] (25, 50, 75) percentile: (48, 451, 3361)
[M::mem_pestat] low and high boundaries for computing mean and std.dev: (1, 9987)
[M::mem_pestat] mean and std.dev: (1752.90, 2180.54)
[M::mem_pestat] low and high boundaries for proper pairs: (1, 13300)
[M::mem_pestat] analyzing insert size distribution for orientation RR...
[M::mem_pestat] (25, 50, 75) percentile: (184, 406, 1009)
[M::mem_pestat] low and high boundaries for computing mean and std.dev: (1, 2659)
[M::mem_pestat] mean and std.dev: (578.63, 567.07)
[M::mem_pestat] low and high boundaries for proper pairs: (1, 3484)
[M::mem_pestat] skip orientation FF
[M::mem_pestat] skip orientation RF
[M::mem_pestat] skip orientation RR
[M::mem_process_seqs] Processed 1463610 reads in 448.963 CPU sec, 46.971 real sec
[M::process] read 147894 sequences (20187361 bp)...
[M::mem_pestat] # candidate unique pairs for (FF, FR, RF, RR): (107, 557944, 142, 48)
[M::mem_pestat] analyzing insert size distribution for orientation FF...
[M::mem_pestat] (25, 50, 75) percentile: (330, 602, 1017)
[M::mem_pestat] low and high boundaries for computing mean and std.dev: (1, 2391)
[M::mem_pestat] mean and std.dev: (671.90, 496.61)
[M::mem_pestat] low and high boundaries for proper pairs: (1, 3078)
[M::mem_pestat] analyzing insert size distribution for orientation FR...
[M::mem_pestat] (25, 50, 75) percentile: (279, 367, 477)
[M::mem_pestat] low and high boundaries for computing mean and std.dev: (1, 873)
[M::mem_pestat] mean and std.dev: (386.13, 148.08)
[M::mem_pestat] low and high boundaries for proper pairs: (1, 1071)
[M::mem_pestat] analyzing insert size distribution for orientation RF...
[M::mem_pestat] (25, 50, 75) percentile: (65, 472, 3585)
[M::mem_pestat] low and high boundaries for computing mean and std.dev: (1, 10625)
[M::mem_pestat] mean and std.dev: (2107.01, 2861.41)
[M::mem_pestat] low and high boundaries for proper pairs: (1, 14145)
[M::mem_pestat] analyzing insert size distribution for orientation RR...
[M::mem_pestat] (25, 50, 75) percentile: (292, 461, 1294)
[M::mem_pestat] low and high boundaries for computing mean and std.dev: (1, 3298)
[M::mem_pestat] mean and std.dev: (695.16, 569.30)
[M::mem_pestat] low and high boundaries for proper pairs: (1, 4300)
[M::mem_pestat] skip orientation FF
[M::mem_pestat] skip orientation RF
[M::mem_pestat] skip orientation RR
[M::mem_process_seqs] Processed 1462542 reads in 447.193 CPU sec, 48.349 real sec
[M::mem_pestat] # candidate unique pairs for (FF, FR, RF, RR): (9, 56260, 16, 8)
[M::mem_pestat] skip orientation FF as there are not enough pairs
[M::mem_pestat] analyzing insert size distribution for orientation FR...
[M::mem_pestat] (25, 50, 75) percentile: (279, 365, 471)
[M::mem_pestat] low and high boundaries for computing mean and std.dev: (1, 855)
[M::mem_pestat] mean and std.dev: (382.66, 144.64)
[M::mem_pestat] low and high boundaries for proper pairs: (1, 1047)
[M::mem_pestat] analyzing insert size distribution for orientation RF...
[M::mem_pestat] (25, 50, 75) percentile: (143, 1138, 6781)
[M::mem_pestat] low and high boundaries for computing mean and std.dev: (1, 20057)
[M::mem_pestat] mean and std.dev: (3053.00, 3430.24)
[M::mem_pestat] low and high boundaries for proper pairs: (1, 26695)
[M::mem_pestat] skip orientation RR as there are not enough pairs
[M::mem_pestat] skip orientation RF
[M::mem_process_seqs] Processed 147894 reads in 45.174 CPU sec, 5.034 real sec
[main] Version: 0.7.17-r1188
[main] CMD: bwa mem -t 20 -R @RG\tID:LG_RL_19T_042\tPL:ILLUMINA\tPU:HJMNCDSX7.4\tSM:LG_RL_19T_042\tCN:MCGILL\tBC:CCTCTACATG-NGGAGGTATCsamblaster: Marked 4407113 of 39552148 (11.14%) read ids as duplicates /storage/scratch/iee/dj20y461/Stickleback/G_aculeatus/FITNESS//data/ref_A_X/stickleback_v5_assembly_A_X.fasta /storage/scratch/iee/dj20y461/Stickleback/G_aculeatus/FITNESS//data/trimmed/LG_RL_19T_042.R1.trimmed.fastq.gz using 843288k memory in  /storage/scratch/iee/dj20y461/Stickleback/G_aculeatus/FITNESS//data/trimmed/LG_RL_19T_042.R2.trimmed.fastq.gz1M33S
[main] Real time: 2857.712 sec; CPU: 24307.858 sec
(92.686S) CPU seconds and 47M37S(2857S) wall time.
[bam_sort_core] merging from 20 files and 20 in-memory blocks...
