samblaster: Version 0.1.24
samblaster: Inputting from stdin
samblaster: Outputting to stdout
[M::bwa_idx_load_from_disk] read 0 ALT contigs
[M::process] read 1461566 sequences (200000235 bp)...
[M::mem_pestat] # candidate unique pairs for (FF, FR, RF, RR): (42, 562944, 138, 34)
[M::mem_pestat] analyzing insert size distribution for orientation FF...
[M::mem_pestat] (25, 50, 75) percentile: (351, 550, 705)
[M::mem_pestat] low and high boundaries for computing mean and std.dev: (1, 1413)
[M::mem_pestat] mean and std.dev: (561.68, 304.05)
[M::mem_pestat] low and high boundaries for proper pairs: (1, 1778)
[M::mem_pestat] analyzing insert size distribution for orientation FR...
[M::mem_pestat] (25, 50, 75) percentile: (290, 380, 489)
[M::mem_pestat] low and high boundaries for computing mean and std.dev: (1, 887)
[M::mem_pestat] mean and std.dev: (396.75, 149.67)
[M::mem_pestat] low and high boundaries for proper pairs: (1, 1086)
[M::mem_pestat] analyzing insert size distribution for orientation RF...
[M::mem_pestat] (25, 50, 75) percentile: (58, 382, 1756)
[M::mem_pestat] low and high boundaries for computing mean and std.dev: (1, 5152)
[M::mem_pestat] mean and std.dev: (913.43, 1324.19)
[M::mem_pestat] low and high boundaries for proper pairs: (1, 6850)
[M::mem_pestat] analyzing insert size distribution for orientation RR...
[M::mem_pestat] (25, 50, 75) percentile: (230, 500, 993)
[M::mem_pestat] low and high boundaries for computing mean and std.dev: (1, 2519)
[M::mem_pestat] mean and std.dev: (570.07, 437.32)
[M::mem_pestat] low and high boundaries for proper pairs: (1, 3282)
[M::mem_pestat] skip orientation FF
[M::mem_pestat] skip orientation RF
[M::mem_pestat] skip orientation RR
[M::mem_process_seqs] Processed 1461566 reads in 478.667 CPU sec, 115.828 real sec
samblaster: Loaded 23 header sequence entries.
[M::process] read 1461038 sequences (200000126 bp)...
[M::process] read 1463036 sequences (200000012 bp)...
[M::mem_pestat] # candidate unique pairs for (FF, FR, RF, RR): (47, 561781, 113, 42)
[M::mem_pestat] analyzing insert size distribution for orientation FF...
[M::mem_pestat] (25, 50, 75) percentile: (346, 470, 989)
[M::mem_pestat] low and high boundaries for computing mean and std.dev: (1, 2275)
[M::mem_pestat] mean and std.dev: (590.98, 444.97)
[M::mem_pestat] low and high boundaries for proper pairs: (1, 2918)
[M::mem_pestat] analyzing insert size distribution for orientation FR...
[M::mem_pestat] (25, 50, 75) percentile: (291, 383, 492)
[M::mem_pestat] low and high boundaries for computing mean and std.dev: (1, 894)
[M::mem_pestat] mean and std.dev: (399.04, 149.98)
[M::mem_pestat] low and high boundaries for proper pairs: (1, 1095)
[M::mem_pestat] analyzing insert size distribution for orientation RF...
[M::mem_pestat] (25, 50, 75) percentile: (118, 414, 3283)
[M::mem_pestat] low and high boundaries for computing mean and std.dev: (1, 9613)
[M::mem_pestat] mean and std.dev: (1689.44, 2412.98)
[M::mem_pestat] low and high boundaries for proper pairs: (1, 12778)
[M::mem_pestat] analyzing insert size distribution for orientation RR...
[M::mem_pestat] (25, 50, 75) percentile: (197, 414, 988)
[M::mem_pestat] low and high boundaries for computing mean and std.dev: (1, 2570)
[M::mem_pestat] mean and std.dev: (520.92, 498.92)
[M::mem_pestat] low and high boundaries for proper pairs: (1, 3361)
[M::mem_pestat] skip orientation FF
[M::mem_pestat] skip orientation RF
[M::mem_pestat] skip orientation RR
[M::mem_process_seqs] Processed 1461038 reads in 450.478 CPU sec, 49.728 real sec
[M::process] read 1464864 sequences (200000049 bp)...
[M::mem_pestat] # candidate unique pairs for (FF, FR, RF, RR): (43, 561684, 109, 34)
[M::mem_pestat] analyzing insert size distribution for orientation FF...
[M::mem_pestat] (25, 50, 75) percentile: (309, 503, 1747)
[M::mem_pestat] low and high boundaries for computing mean and std.dev: (1, 4623)
[M::mem_pestat] mean and std.dev: (696.36, 876.61)
[M::mem_pestat] low and high boundaries for proper pairs: (1, 6061)
[M::mem_pestat] analyzing insert size distribution for orientation FR...
[M::mem_pestat] (25, 50, 75) percentile: (290, 380, 487)
[M::mem_pestat] low and high boundaries for computing mean and std.dev: (1, 881)
[M::mem_pestat] mean and std.dev: (395.56, 147.34)
[M::mem_pestat] low and high boundaries for proper pairs: (1, 1078)
[M::mem_pestat] analyzing insert size distribution for orientation RF...
[M::mem_pestat] (25, 50, 75) percentile: (103, 558, 3330)
[M::mem_pestat] low and high boundaries for computing mean and std.dev: (1, 9784)
[M::mem_pestat] mean and std.dev: (1854.25, 2365.00)
[M::mem_pestat] low and high boundaries for proper pairs: (1, 13011)
[M::mem_pestat] analyzing insert size distribution for orientation RR...
[M::mem_pestat] (25, 50, 75) percentile: (190, 561, 1147)
[M::mem_pestat] low and high boundaries for computing mean and std.dev: (1, 3061)
[M::mem_pestat] mean and std.dev: (644.53, 651.35)
[M::mem_pestat] low and high boundaries for proper pairs: (1, 4018)
[M::mem_pestat] skip orientation FF
[M::mem_pestat] skip orientation RF
[M::mem_pestat] skip orientation RR
[M::mem_process_seqs] Processed 1463036 reads in 451.067 CPU sec, 50.199 real sec
[M::mem_pestat] # candidate unique pairs for (FF, FR, RF, RR): (49, 559664, 117, 37)
[M::mem_pestat] analyzing insert size distribution for orientation FF...
[M::mem_pestat] (25, 50, 75) percentile: (305, 466, 1045)
[M::mem_pestat] low and high boundaries for computing mean and std.dev: (1, 2525)
[M::mem_pestat] mean and std.dev: (560.23, 432.21)
[M::mem_pestat] low and high boundaries for proper pairs: (1, 3265)
[M::mem_pestat] analyzing insert size distribution for orientation FR...
[M::mem_pestat] (25, 50, 75) percentile: (287, 376, 480)
[M::mem_pestat] low and high boundaries for computing mean and std.dev: (1, 866)
[M::mem_pestat] mean and std.dev: (390.12, 143.08)
[M::mem_pestat] low and high boundaries for proper pairs: (1, 1059)
[M::mem_pestat] analyzing insert size distribution for orientation RF...
[M::mem_pestat] (25, 50, 75) percentile: (36, 276, 2674)
[M::mem_pestat] low and high boundaries for computing mean and std.dev: (1, 7950)
[M::mem_pestat] mean and std.dev: (1328.80, 1926.66)
[M::mem_pestat] low and high boundaries for proper pairs: (1, 10588)
[M::mem_pestat] analyzing insert size distribution for orientation RR...
[M::mem_pestat] (25, 50, 75) percentile: (246, 445, 3098)
[M::mem_pestat] low and high boundaries for computing mean and std.dev: (1, 8802)
[M::mem_pestat] mean and std.dev: (1366.26, 1851.68)
[M::mem_pestat] low and high boundaries for proper pairs: (1, 11654)
[M::mem_pestat] skip orientation FF
[M::mem_pestat] skip orientation RF
[M::mem_pestat] skip orientation RR
[M::process] read 1463064 sequences (200000282 bp)...
[M::mem_process_seqs] Processed 1464864 reads in 452.786 CPU sec, 50.181 real sec
[M::mem_pestat] # candidate unique pairs for (FF, FR, RF, RR): (47, 561886, 114, 25)
[M::mem_pestat] analyzing insert size distribution for orientation FF...
[M::mem_pestat] (25, 50, 75) percentile: (330, 491, 1048)
[M::mem_pestat] low and high boundaries for computing mean and std.dev: (1, 2484)
[M::mem_pestat] mean and std.dev: (656.00, 512.93)
[M::mem_pestat] low and high boundaries for proper pairs: (1, 3202)
[M::mem_pestat] analyzing insert size distribution for orientation FR...
[M::mem_pestat] (25, 50, 75) percentile: (290, 381, 489)
[M::mem_pestat] low and high boundaries for computing mean and std.dev: (1, 887)
[M::mem_pestat] mean and std.dev: (396.56, 148.68)
[M::mem_pestat] low and high boundaries for proper pairs: (1, 1086)
[M::mem_pestat] analyzing insert size distribution for orientation RF...
[M::mem_pestat] (25, 50, 75) percentile: (143, 872, 3538)
[M::mem_pestat] low and high boundaries for computing mean and std.dev: (1, 10328)
[M::mem_pestat] mean and std.dev: (2226.55, 2693.70)
[M::mem_pestat] low and high boundaries for proper pairs: (1, 13723)
[M::mem_pestat] analyzing insert size distribution for orientation RR...
[M::mem_pestat] (25, 50, 75) percentile: (288, 386, 653)
[M::mem_pestat] low and high boundaries for computing mean and std.dev: (1, 1383)
[M::mem_pestat] mean and std.dev: (401.82, 242.07)
[M::mem_pestat] low and high boundaries for proper pairs: (1, 1748)
[M::mem_pestat] skip orientation FF
[M::mem_pestat] skip orientation RF
[M::mem_pestat] skip orientation RR
[M::process] read 1460470 sequences (200000170 bp)...
[M::mem_process_seqs] Processed 1463064 reads in 452.757 CPU sec, 49.508 real sec
[M::mem_pestat] # candidate unique pairs for (FF, FR, RF, RR): (43, 561660, 125, 36)
[M::mem_pestat] analyzing insert size distribution for orientation FF...
[M::mem_pestat] (25, 50, 75) percentile: (356, 533, 1003)
[M::mem_pestat] low and high boundaries for computing mean and std.dev: (1, 2297)
[M::mem_pestat] mean and std.dev: (621.03, 462.38)
[M::mem_pestat] low and high boundaries for proper pairs: (1, 2944)
[M::mem_pestat] analyzing insert size distribution for orientation FR...
[M::mem_pestat] (25, 50, 75) percentile: (292, 384, 494)
[M::mem_pestat] low and high boundaries for computing mean and std.dev: (1, 898)
[M::mem_pestat] mean and std.dev: (401.04, 151.60)
[M::mem_pestat] low and high boundaries for proper pairs: (1, 1100)
[M::mem_pestat] analyzing insert size distribution for orientation RF...
[M::mem_pestat] (25, 50, 75) percentile: (58, 375, 2705)
[M::mem_pestat] low and high boundaries for computing mean and std.dev: (1, 7999)
[M::mem_pestat] mean and std.dev: (1333.45, 1804.43)
[M::mem_pestat] low and high boundaries for proper pairs: (1, 10646)
[M::mem_pestat] analyzing insert size distribution for orientation RR...
[M::mem_pestat] (25, 50, 75) percentile: (221, 361, 1239)
[M::mem_pestat] low and high boundaries for computing mean and std.dev: (1, 3275)
[M::mem_pestat] mean and std.dev: (593.94, 638.74)
[M::mem_pestat] low and high boundaries for proper pairs: (1, 4293)
[M::mem_pestat] skip orientation FF
[M::mem_pestat] skip orientation RF
[M::mem_pestat] skip orientation RR
[M::mem_process_seqs] Processed 1460470 reads in 465.694 CPU sec, 76.050 real sec
[M::process] read 1461716 sequences (200000036 bp)...
[M::process] read 1465510 sequences (200000137 bp)...
[M::mem_pestat] # candidate unique pairs for (FF, FR, RF, RR): (48, 559972, 147, 43)
[M::mem_pestat] analyzing insert size distribution for orientation FF...
[M::mem_pestat] (25, 50, 75) percentile: (258, 502, 825)
[M::mem_pestat] low and high boundaries for computing mean and std.dev: (1, 1959)
[M::mem_pestat] mean and std.dev: (525.82, 333.51)
[M::mem_pestat] low and high boundaries for proper pairs: (1, 2526)
[M::mem_pestat] analyzing insert size distribution for orientation FR...
[M::mem_pestat] (25, 50, 75) percentile: (292, 382, 491)
[M::mem_pestat] low and high boundaries for computing mean and std.dev: (1, 889)
[M::mem_pestat] mean and std.dev: (398.70, 149.24)
[M::mem_pestat] low and high boundaries for proper pairs: (1, 1088)
[M::mem_pestat] analyzing insert size distribution for orientation RF...
[M::mem_pestat] (25, 50, 75) percentile: (84, 445, 2112)
[M::mem_pestat] low and high boundaries for computing mean and std.dev: (1, 6168)
[M::mem_pestat] mean and std.dev: (1117.59, 1525.93)
[M::mem_pestat] low and high boundaries for proper pairs: (1, 8196)
[M::mem_pestat] analyzing insert size distribution for orientation RR...
[M::mem_pestat] (25, 50, 75) percentile: (342, 552, 1292)
[M::mem_pestat] low and high boundaries for computing mean and std.dev: (1, 3192)
[M::mem_pestat] mean and std.dev: (726.84, 686.61)
[M::mem_pestat] low and high boundaries for proper pairs: (1, 4142)
[M::mem_pestat] skip orientation FF
[M::mem_pestat] skip orientation RF
[M::mem_pestat] skip orientation RR
[M::mem_process_seqs] Processed 1461716 reads in 453.832 CPU sec, 48.700 real sec
[M::mem_pestat] # candidate unique pairs for (FF, FR, RF, RR): (49, 559801, 127, 32)
[M::mem_pestat] analyzing insert size distribution for orientation FF...
[M::mem_pestat] (25, 50, 75) percentile: (368, 505, 1164)
[M::mem_pestat] low and high boundaries for computing mean and std.dev: (1, 2756)
[M::mem_pestat] mean and std.dev: (574.33, 387.05)
[M::mem_pestat] low and high boundaries for proper pairs: (1, 3552)
[M::mem_pestat] analyzing insert size distribution for orientation FR...
[M::mem_pestat] (25, 50, 75) percentile: (288, 378, 483)
[M::mem_pestat] low and high boundaries for computing mean and std.dev: (1, 873)
[M::mem_pestat] mean and std.dev: (392.11, 144.52)
[M::mem_pestat] low and high boundaries for proper pairs: (1, 1068)
[M::mem_pestat] analyzing insert size distribution for orientation RF...
[M::mem_pestat] (25, 50, 75) percentile: (68, 570, 2834)
[M::mem_pestat] low and high boundaries for computing mean and std.dev: (1, 8366)
[M::mem_pestat] mean and std.dev: (1477.86, 1915.99)
[M::mem_pestat] low and high boundaries for proper pairs: (1, 11132)
[M::mem_pestat] analyzing insert size distribution for orientation RR...
[M::mem_pestat] (25, 50, 75) percentile: (305, 780, 1584)
[M::mem_pestat] low and high boundaries for computing mean and std.dev: (1, 4142)
[M::mem_pestat] mean and std.dev: (673.08, 571.94)
[M::mem_pestat] low and high boundaries for proper pairs: (1, 5421)
[M::mem_pestat] skip orientation FF
[M::mem_pestat] skip orientation RF
[M::mem_pestat] skip orientation RR
[M::process] read 1466436 sequences (200000081 bp)...
[M::mem_process_seqs] Processed 1465510 reads in 455.056 CPU sec, 49.827 real sec
[M::process] read 1459022 sequences (200000134 bp)...
[M::mem_pestat] # candidate unique pairs for (FF, FR, RF, RR): (42, 561136, 110, 44)
[M::mem_pestat] analyzing insert size distribution for orientation FF...
[M::mem_pestat] (25, 50, 75) percentile: (357, 684, 2265)
[M::mem_pestat] low and high boundaries for computing mean and std.dev: (1, 6081)
[M::mem_pestat] mean and std.dev: (1297.40, 1553.67)
[M::mem_pestat] low and high boundaries for proper pairs: (1, 7989)
[M::mem_pestat] analyzing insert size distribution for orientation FR...
[M::mem_pestat] (25, 50, 75) percentile: (288, 377, 482)
[M::mem_pestat] low and high boundaries for computing mean and std.dev: (1, 870)
[M::mem_pestat] mean and std.dev: (391.34, 144.93)
[M::mem_pestat] low and high boundaries for proper pairs: (1, 1064)
[M::mem_pestat] analyzing insert size distribution for orientation RF...
[M::mem_pestat] (25, 50, 75) percentile: (73, 231, 1918)
[M::mem_pestat] low and high boundaries for computing mean and std.dev: (1, 5608)
[M::mem_pestat] mean and std.dev: (946.59, 1522.46)
[M::mem_pestat] low and high boundaries for proper pairs: (1, 7453)
[M::mem_pestat] analyzing insert size distribution for orientation RR...
[M::mem_pestat] (25, 50, 75) percentile: (234, 514, 1315)
[M::mem_pestat] low and high boundaries for computing mean and std.dev: (1, 3477)
[M::mem_pestat] mean and std.dev: (745.83, 737.64)
[M::mem_pestat] low and high boundaries for proper pairs: (1, 4558)
[M::mem_pestat] skip orientation FF
[M::mem_pestat] skip orientation RF
[M::mem_pestat] skip orientation RR
[M::mem_process_seqs] Processed 1466436 reads in 453.676 CPU sec, 50.230 real sec
[M::mem_pestat] # candidate unique pairs for (FF, FR, RF, RR): (45, 561206, 108, 41)
[M::mem_pestat] analyzing insert size distribution for orientation FF...
[M::mem_pestat] (25, 50, 75) percentile: (316, 602, 839)
[M::mem_pestat] low and high boundaries for computing mean and std.dev: (1, 1885)
[M::mem_pestat] mean and std.dev: (588.27, 360.48)
[M::mem_pestat] low and high boundaries for proper pairs: (1, 2408)
[M::mem_pestat] analyzing insert size distribution for orientation FR...
[M::mem_pestat] (25, 50, 75) percentile: (292, 384, 495)
[M::mem_pestat] low and high boundaries for computing mean and std.dev: (1, 901)
[M::mem_pestat] mean and std.dev: (401.20, 152.43)
[M::mem_pestat] low and high boundaries for proper pairs: (1, 1104)
[M::mem_pestat] analyzing insert size distribution for orientation RF...
[M::mem_pestat] (25, 50, 75) percentile: (141, 513, 2416)
[M::mem_pestat] low and high boundaries for computing mean and std.dev: (1, 6966)
[M::mem_pestat] mean and std.dev: (1069.37, 1346.41)
[M::mem_pestat] low and high boundaries for proper pairs: (1, 9241)
[M::mem_pestat] analyzing insert size distribution for orientation RR...
[M::mem_pestat] (25, 50, 75) percentile: (263, 471, 1749)
[M::mem_pestat] low and high boundaries for computing mean and std.dev: (1, 4721)
[M::mem_pestat] mean and std.dev: (1063.08, 1149.33)
[M::mem_pestat] low and high boundaries for proper pairs: (1, 6207)
[M::mem_pestat] skip orientation FF
[M::mem_pestat] skip orientation RF
[M::mem_pestat] skip orientation RR
[M::process] read 1461640 sequences (200000064 bp)...
[M::mem_process_seqs] Processed 1459022 reads in 451.934 CPU sec, 48.949 real sec
[M::mem_pestat] # candidate unique pairs for (FF, FR, RF, RR): (37, 560607, 123, 50)
[M::mem_pestat] analyzing insert size distribution for orientation FF...
[M::mem_pestat] (25, 50, 75) percentile: (246, 496, 928)
[M::mem_pestat] low and high boundaries for computing mean and std.dev: (1, 2292)
[M::mem_pestat] mean and std.dev: (583.77, 478.39)
[M::mem_pestat] low and high boundaries for proper pairs: (1, 2974)
[M::mem_pestat] analyzing insert size distribution for orientation FR...
[M::mem_pestat] (25, 50, 75) percentile: (292, 382, 492)
[M::mem_pestat] low and high boundaries for computing mean and std.dev: (1, 892)
[M::mem_pestat] mean and std.dev: (398.94, 150.00)
[M::mem_pestat] low and high boundaries for proper pairs: (1, 1092)
[M::mem_pestat] analyzing insert size distribution for orientation RF...
[M::mem_pestat] (25, 50, 75) percentile: (129, 474, 3306)
[M::mem_pestat] low and high boundaries for computing mean and std.dev: (1, 9660)
[M::mem_pestat] mean and std.dev: (1760.75, 2322.37)
[M::mem_pestat] low and high boundaries for proper pairs: (1, 12837)
[M::mem_pestat] analyzing insert size distribution for orientation RR...
[M::mem_pestat] (25, 50, 75) percentile: (247, 469, 863)
[M::mem_pestat] low and high boundaries for computing mean and std.dev: (1, 2095)
[M::mem_pestat] mean and std.dev: (541.98, 437.88)
[M::mem_pestat] low and high boundaries for proper pairs: (1, 2711)
[M::mem_pestat] skip orientation FF
[M::mem_pestat] skip orientation RF
[M::mem_pestat] skip orientation RR
[M::process] read 1464168 sequences (200000148 bp)...
[M::mem_process_seqs] Processed 1461640 reads in 454.631 CPU sec, 50.201 real sec
[M::mem_pestat] # candidate unique pairs for (FF, FR, RF, RR): (46, 559643, 133, 24)
[M::mem_pestat] analyzing insert size distribution for orientation FF...
[M::mem_pestat] (25, 50, 75) percentile: (241, 436, 788)
[M::mem_pestat] low and high boundaries for computing mean and std.dev: (1, 1882)
[M::mem_pestat] mean and std.dev: (500.39, 389.27)
[M::mem_pestat] low and high boundaries for proper pairs: (1, 2429)
[M::mem_pestat] analyzing insert size distribution for orientation FR...
[M::mem_pestat] (25, 50, 75) percentile: (289, 379, 484)
[M::mem_pestat] low and high boundaries for computing mean and std.dev: (1, 874)
[M::mem_pestat] mean and std.dev: (393.64, 145.68)
[M::mem_pestat] low and high boundaries for proper pairs: (1, 1069)
[M::mem_pestat] analyzing insert size distribution for orientation RF...
[M::mem_pestat] (25, 50, 75) percentile: (67, 579, 4183)
[M::mem_pestat] low and high boundaries for computing mean and std.dev: (1, 12415)
[M::mem_pestat] mean and std.dev: (2018.68, 2598.44)
[M::mem_pestat] low and high boundaries for proper pairs: (1, 16531)
[M::mem_pestat] analyzing insert size distribution for orientation RR...
[M::mem_pestat] (25, 50, 75) percentile: (221, 503, 908)
[M::mem_pestat] low and high boundaries for computing mean and std.dev: (1, 2282)
[M::mem_pestat] mean and std.dev: (546.26, 445.32)
[M::mem_pestat] low and high boundaries for proper pairs: (1, 2969)
[M::mem_pestat] skip orientation FF
[M::mem_pestat] skip orientation RF
[M::mem_pestat] skip orientation RR
[M::process] read 1469034 sequences (200000084 bp)...
[M::mem_process_seqs] Processed 1464168 reads in 456.344 CPU sec, 49.997 real sec
[M::mem_pestat] # candidate unique pairs for (FF, FR, RF, RR): (43, 561729, 106, 38)
[M::mem_pestat] analyzing insert size distribution for orientation FF...
[M::mem_pestat] (25, 50, 75) percentile: (285, 500, 1034)
[M::mem_pestat] low and high boundaries for computing mean and std.dev: (1, 2532)
[M::mem_pestat] mean and std.dev: (569.58, 490.27)
[M::mem_pestat] low and high boundaries for proper pairs: (1, 3281)
[M::mem_pestat] analyzing insert size distribution for orientation FR...
[M::mem_pestat] (25, 50, 75) percentile: (284, 372, 475)
[M::mem_pestat] low and high boundaries for computing mean and std.dev: (1, 857)
[M::mem_pestat] mean and std.dev: (386.01, 141.51)
[M::mem_pestat] low and high boundaries for proper pairs: (1, 1048)
[M::mem_pestat] analyzing insert size distribution for orientation RF...
[M::mem_pestat] (25, 50, 75) percentile: (76, 390, 3010)
[M::mem_pestat] low and high boundaries for computing mean and std.dev: (1, 8878)
[M::mem_pestat] mean and std.dev: (1611.34, 2295.94)
[M::mem_pestat] low and high boundaries for proper pairs: (1, 11812)
[M::mem_pestat] analyzing insert size distribution for orientation RR...
[M::mem_pestat] (25, 50, 75) percentile: (247, 417, 855)
[M::mem_pestat] low and high boundaries for computing mean and std.dev: (1, 2071)
[M::mem_pestat] mean and std.dev: (506.89, 385.87)
[M::mem_pestat] low and high boundaries for proper pairs: (1, 2679)
[M::mem_pestat] skip orientation FF
[M::mem_pestat] skip orientation RF
[M::mem_pestat] skip orientation RR
[M::mem_process_seqs] Processed 1469034 reads in 467.076 CPU sec, 74.868 real sec
[M::process] read 1461448 sequences (200000114 bp)...
[M::process] read 1461180 sequences (200000276 bp)...
[M::mem_pestat] # candidate unique pairs for (FF, FR, RF, RR): (49, 562187, 118, 25)
[M::mem_pestat] analyzing insert size distribution for orientation FF...
[M::mem_pestat] (25, 50, 75) percentile: (290, 437, 790)
[M::mem_pestat] low and high boundaries for computing mean and std.dev: (1, 1790)
[M::mem_pestat] mean and std.dev: (515.68, 375.88)
[M::mem_pestat] low and high boundaries for proper pairs: (1, 2290)
[M::mem_pestat] analyzing insert size distribution for orientation FR...
[M::mem_pestat] (25, 50, 75) percentile: (289, 380, 488)
[M::mem_pestat] low and high boundaries for computing mean and std.dev: (1, 886)
[M::mem_pestat] mean and std.dev: (396.03, 149.43)
[M::mem_pestat] low and high boundaries for proper pairs: (1, 1085)
[M::mem_pestat] analyzing insert size distribution for orientation RF...
[M::mem_pestat] (25, 50, 75) percentile: (79, 753, 3726)
[M::mem_pestat] low and high boundaries for computing mean and std.dev: (1, 11020)
[M::mem_pestat] mean and std.dev: (2110.03, 2590.85)
[M::mem_pestat] low and high boundaries for proper pairs: (1, 14667)
[M::mem_pestat] analyzing insert size distribution for orientation RR...
[M::mem_pestat] (25, 50, 75) percentile: (226, 482, 1147)
[M::mem_pestat] low and high boundaries for computing mean and std.dev: (1, 2989)
[M::mem_pestat] mean and std.dev: (672.30, 676.92)
[M::mem_pestat] low and high boundaries for proper pairs: (1, 3910)
[M::mem_pestat] skip orientation FF
[M::mem_pestat] skip orientation RF
[M::mem_pestat] skip orientation RR
[M::mem_process_seqs] Processed 1461448 reads in 448.943 CPU sec, 47.047 real sec
[M::mem_pestat] # candidate unique pairs for (FF, FR, RF, RR): (29, 561023, 144, 42)
[M::mem_pestat] analyzing insert size distribution for orientation FF...
[M::mem_pestat] (25, 50, 75) percentile: (293, 578, 1739)
[M::mem_pestat] low and high boundaries for computing mean and std.dev: (1, 4631)
[M::mem_pestat] mean and std.dev: (934.04, 809.72)
[M::mem_pestat] low and high boundaries for proper pairs: (1, 6077)
[M::mem_pestat] analyzing insert size distribution for orientation FR...
[M::mem_pestat] (25, 50, 75) percentile: (290, 381, 488)
[M::mem_pestat] low and high boundaries for computing mean and std.dev: (1, 884)
[M::mem_pestat] mean and std.dev: (396.57, 148.86)
[M::mem_pestat] low and high boundaries for proper pairs: (1, 1082)
[M::mem_pestat] analyzing insert size distribution for orientation RF...
[M::mem_pestat] (25, 50, 75) percentile: (58, 377, 2962)
[M::mem_pestat] low and high boundaries for computing mean and std.dev: (1, 8770)
[M::mem_pestat] mean and std.dev: (1396.21, 2008.96)
[M::mem_pestat] low and high boundaries for proper pairs: (1, 11674)
[M::mem_pestat] analyzing insert size distribution for orientation RR...
[M::mem_pestat] (25, 50, 75) percentile: (215, 406, 870)
[M::mem_pestat] low and high boundaries for computing mean and std.dev: (1, 2180)
[M::mem_pestat] mean and std.dev: (497.58, 349.16)
[M::mem_pestat] low and high boundaries for proper pairs: (1, 2835)
[M::mem_pestat] skip orientation FF
[M::mem_pestat] skip orientation RF
[M::mem_pestat] skip orientation RR
[M::process] read 1465444 sequences (200000163 bp)...
[M::mem_process_seqs] Processed 1461180 reads in 452.102 CPU sec, 49.039 real sec
[M::mem_pestat] # candidate unique pairs for (FF, FR, RF, RR): (45, 560548, 134, 41)
[M::mem_pestat] analyzing insert size distribution for orientation FF...
[M::mem_pestat] (25, 50, 75) percentile: (394, 590, 971)
[M::mem_pestat] low and high boundaries for computing mean and std.dev: (1, 2125)
[M::mem_pestat] mean and std.dev: (663.14, 390.91)
[M::mem_pestat] low and high boundaries for proper pairs: (1, 2702)
[M::mem_pestat] analyzing insert size distribution for orientation FR...
[M::mem_pestat] (25, 50, 75) percentile: (289, 378, 482)
[M::mem_pestat] low and high boundaries for computing mean and std.dev: (1, 868)
[M::mem_pestat] mean and std.dev: (392.20, 144.25)
[M::mem_pestat] low and high boundaries for proper pairs: (1, 1061)
[M::mem_pestat] analyzing insert size distribution for orientation RF...
[M::mem_pestat] (25, 50, 75) percentile: (60, 292, 2461)
[M::mem_pestat] low and high boundaries for computing mean and std.dev: (1, 7263)
[M::mem_pestat] mean and std.dev: (1164.98, 1716.47)
[M::mem_pestat] low and high boundaries for proper pairs: (1, 9664)
[M::mem_pestat] analyzing insert size distribution for orientation RR...
[M::mem_pestat] (25, 50, 75) percentile: (287, 601, 1265)
[M::mem_pestat] low and high boundaries for computing mean and std.dev: (1, 3221)
[M::mem_pestat] mean and std.dev: (803.47, 739.10)
[M::mem_pestat] low and high boundaries for proper pairs: (1, 4199)
[M::mem_pestat] skip orientation FF
[M::mem_pestat] skip orientation RF
[M::mem_pestat] skip orientation RR
[M::process] read 1472324 sequences (200000051 bp)...
[M::mem_process_seqs] Processed 1465444 reads in 452.071 CPU sec, 49.131 real sec
[M::mem_pestat] # candidate unique pairs for (FF, FR, RF, RR): (45, 561581, 114, 41)
[M::mem_pestat] analyzing insert size distribution for orientation FF...
[M::mem_pestat] (25, 50, 75) percentile: (280, 465, 625)
[M::mem_pestat] low and high boundaries for computing mean and std.dev: (1, 1315)
[M::mem_pestat] mean and std.dev: (452.44, 277.99)
[M::mem_pestat] low and high boundaries for proper pairs: (1, 1660)
[M::mem_pestat] analyzing insert size distribution for orientation FR...
[M::mem_pestat] (25, 50, 75) percentile: (282, 370, 469)
[M::mem_pestat] low and high boundaries for computing mean and std.dev: (1, 843)
[M::mem_pestat] mean and std.dev: (381.87, 138.08)
[M::mem_pestat] low and high boundaries for proper pairs: (1, 1030)
[M::mem_pestat] analyzing insert size distribution for orientation RF...
[M::mem_pestat] (25, 50, 75) percentile: (76, 383, 2507)
[M::mem_pestat] low and high boundaries for computing mean and std.dev: (1, 7369)
[M::mem_pestat] mean and std.dev: (1285.64, 1706.97)
[M::mem_pestat] low and high boundaries for proper pairs: (1, 9800)
[M::mem_pestat] analyzing insert size distribution for orientation RR...
[M::mem_pestat] (25, 50, 75) percentile: (207, 303, 1896)
[M::mem_pestat] low and high boundaries for computing mean and std.dev: (1, 5274)
[M::mem_pestat] mean and std.dev: (985.28, 1265.49)
[M::mem_pestat] low and high boundaries for proper pairs: (1, 6963)
[M::mem_pestat] skip orientation FF
[M::mem_pestat] skip orientation RF
[M::mem_pestat] skip orientation RR
[M::process] read 1464268 sequences (200000159 bp)...
[M::mem_process_seqs] Processed 1472324 reads in 455.391 CPU sec, 49.511 real sec
[M::mem_pestat] # candidate unique pairs for (FF, FR, RF, RR): (32, 563351, 143, 35)
[M::mem_pestat] analyzing insert size distribution for orientation FF...
[M::mem_pestat] (25, 50, 75) percentile: (351, 439, 1542)
[M::mem_pestat] low and high boundaries for computing mean and std.dev: (1, 3924)
[M::mem_pestat] mean and std.dev: (975.72, 1034.33)
[M::mem_pestat] low and high boundaries for proper pairs: (1, 5115)
[M::mem_pestat] analyzing insert size distribution for orientation FR...
[M::mem_pestat] (25, 50, 75) percentile: (285, 374, 480)
[M::mem_pestat] low and high boundaries for computing mean and std.dev: (1, 870)
[M::mem_pestat] mean and std.dev: (389.54, 145.77)
[M::mem_pestat] low and high boundaries for proper pairs: (1, 1065)
[M::mem_pestat] analyzing insert size distribution for orientation RF...
[M::mem_pestat] (25, 50, 75) percentile: (114, 379, 2843)
[M::mem_pestat] low and high boundaries for computing mean and std.dev: (1, 8301)
[M::mem_pestat] mean and std.dev: (1391.23, 1933.13)
[M::mem_pestat] low and high boundaries for proper pairs: (1, 11030)
[M::mem_pestat] analyzing insert size distribution for orientation RR...
[M::mem_pestat] (25, 50, 75) percentile: (328, 581, 2215)
[M::mem_pestat] low and high boundaries for computing mean and std.dev: (1, 5989)
[M::mem_pestat] mean and std.dev: (1191.22, 1293.35)
[M::mem_pestat] low and high boundaries for proper pairs: (1, 7876)
[M::mem_pestat] skip orientation FF
[M::mem_pestat] skip orientation RF
[M::mem_pestat] skip orientation RR
[M::process] read 1465196 sequences (200000038 bp)...
[M::mem_process_seqs] Processed 1464268 reads in 449.690 CPU sec, 48.829 real sec
[M::mem_pestat] # candidate unique pairs for (FF, FR, RF, RR): (51, 563125, 138, 40)
[M::mem_pestat] analyzing insert size distribution for orientation FF...
[M::mem_pestat] (25, 50, 75) percentile: (241, 329, 591)
[M::mem_pestat] low and high boundaries for computing mean and std.dev: (1, 1291)
[M::mem_pestat] mean and std.dev: (364.96, 214.00)
[M::mem_pestat] low and high boundaries for proper pairs: (1, 1641)
[M::mem_pestat] analyzing insert size distribution for orientation FR...
[M::mem_pestat] (25, 50, 75) percentile: (287, 376, 481)
[M::mem_pestat] low and high boundaries for computing mean and std.dev: (1, 869)
[M::mem_pestat] mean and std.dev: (391.23, 145.40)
[M::mem_pestat] low and high boundaries for proper pairs: (1, 1063)
[M::mem_pestat] analyzing insert size distribution for orientation RF...
[M::mem_pestat] (25, 50, 75) percentile: (51, 414, 2467)
[M::mem_pestat] low and high boundaries for computing mean and std.dev: (1, 7299)
[M::mem_pestat] mean and std.dev: (1267.26, 1809.14)
[M::mem_pestat] low and high boundaries for proper pairs: (1, 9715)
[M::mem_pestat] analyzing insert size distribution for orientation RR...
[M::mem_pestat] (25, 50, 75) percentile: (319, 504, 1404)
[M::mem_pestat] low and high boundaries for computing mean and std.dev: (1, 3574)
[M::mem_pestat] mean and std.dev: (696.14, 661.50)
[M::mem_pestat] low and high boundaries for proper pairs: (1, 4659)
[M::mem_pestat] skip orientation FF
[M::mem_pestat] skip orientation RF
[M::mem_pestat] skip orientation RR
[M::process] read 1468470 sequences (200000213 bp)...
[M::mem_process_seqs] Processed 1465196 reads in 450.548 CPU sec, 48.896 real sec
[M::mem_pestat] # candidate unique pairs for (FF, FR, RF, RR): (49, 561462, 107, 54)
[M::mem_pestat] analyzing insert size distribution for orientation FF...
[M::mem_pestat] (25, 50, 75) percentile: (328, 532, 887)
[M::mem_pestat] low and high boundaries for computing mean and std.dev: (1, 2005)
[M::mem_pestat] mean and std.dev: (544.16, 325.77)
[M::mem_pestat] low and high boundaries for proper pairs: (1, 2564)
[M::mem_pestat] analyzing insert size distribution for orientation FR...
[M::mem_pestat] (25, 50, 75) percentile: (287, 375, 479)
[M::mem_pestat] low and high boundaries for computing mean and std.dev: (1, 863)
[M::mem_pestat] mean and std.dev: (389.39, 143.01)
[M::mem_pestat] low and high boundaries for proper pairs: (1, 1055)
[M::mem_pestat] analyzing insert size distribution for orientation RF...
[M::mem_pestat] (25, 50, 75) percentile: (95, 480, 2461)
[M::mem_pestat] low and high boundaries for computing mean and std.dev: (1, 7193)
[M::mem_pestat] mean and std.dev: (1289.38, 1815.94)
[M::mem_pestat] low and high boundaries for proper pairs: (1, 9559)
[M::mem_pestat] analyzing insert size distribution for orientation RR...
[M::mem_pestat] (25, 50, 75) percentile: (210, 354, 614)
[M::mem_pestat] low and high boundaries for computing mean and std.dev: (1, 1422)
[M::mem_pestat] mean and std.dev: (344.30, 238.50)
[M::mem_pestat] low and high boundaries for proper pairs: (1, 1826)
[M::mem_pestat] skip orientation FF
[M::mem_pestat] skip orientation RF
[M::mem_pestat] skip orientation RR
[M::process] read 1473424 sequences (200000031 bp)...
[M::mem_process_seqs] Processed 1468470 reads in 454.784 CPU sec, 49.516 real sec
[M::mem_pestat] # candidate unique pairs for (FF, FR, RF, RR): (39, 561523, 114, 33)
[M::mem_pestat] analyzing insert size distribution for orientation FF...
[M::mem_pestat] (25, 50, 75) percentile: (412, 678, 1363)
[M::mem_pestat] low and high boundaries for computing mean and std.dev: (1, 3265)
[M::mem_pestat] mean and std.dev: (777.94, 677.75)
[M::mem_pestat] low and high boundaries for proper pairs: (1, 4216)
[M::mem_pestat] analyzing insert size distribution for orientation FR...
[M::mem_pestat] (25, 50, 75) percentile: (284, 371, 470)
[M::mem_pestat] low and high boundaries for computing mean and std.dev: (1, 842)
[M::mem_pestat] mean and std.dev: (382.83, 137.89)
[M::mem_pestat] low and high boundaries for proper pairs: (1, 1028)
[M::mem_pestat] analyzing insert size distribution for orientation RF...
[M::mem_pestat] (25, 50, 75) percentile: (45, 383, 1625)
[M::mem_pestat] low and high boundaries for computing mean and std.dev: (1, 4785)
[M::mem_pestat] mean and std.dev: (753.80, 1208.86)
[M::mem_pestat] low and high boundaries for proper pairs: (1, 6365)
[M::mem_pestat] analyzing insert size distribution for orientation RR...
[M::mem_pestat] (25, 50, 75) percentile: (210, 353, 1673)
[M::mem_pestat] low and high boundaries for computing mean and std.dev: (1, 4599)
[M::mem_pestat] mean and std.dev: (841.03, 1054.12)
[M::mem_pestat] low and high boundaries for proper pairs: (1, 6062)
[M::mem_pestat] skip orientation FF
[M::mem_pestat] skip orientation RF
[M::mem_pestat] skip orientation RR
[M::process] read 1461768 sequences (200000106 bp)...
[M::mem_process_seqs] Processed 1473424 reads in 455.263 CPU sec, 49.358 real sec
[M::mem_pestat] # candidate unique pairs for (FF, FR, RF, RR): (57, 562871, 103, 32)
[M::mem_pestat] analyzing insert size distribution for orientation FF...
[M::mem_pestat] (25, 50, 75) percentile: (359, 516, 1185)
[M::mem_pestat] low and high boundaries for computing mean and std.dev: (1, 2837)
[M::mem_pestat] mean and std.dev: (618.12, 393.99)
[M::mem_pestat] low and high boundaries for proper pairs: (1, 3663)
[M::mem_pestat] analyzing insert size distribution for orientation FR...
[M::mem_pestat] (25, 50, 75) percentile: (288, 378, 485)
[M::mem_pestat] low and high boundaries for computing mean and std.dev: (1, 879)
[M::mem_pestat] mean and std.dev: (393.60, 147.74)
[M::mem_pestat] low and high boundaries for proper pairs: (1, 1076)
[M::mem_pestat] analyzing insert size distribution for orientation RF...
[M::mem_pestat] (25, 50, 75) percentile: (81, 411, 3487)
[M::mem_pestat] low and high boundaries for computing mean and std.dev: (1, 10299)
[M::mem_pestat] mean and std.dev: (1874.31, 2574.63)
[M::mem_pestat] low and high boundaries for proper pairs: (1, 13705)
[M::mem_pestat] analyzing insert size distribution for orientation RR...
[M::mem_pestat] (25, 50, 75) percentile: (301, 478, 1116)
[M::mem_pestat] low and high boundaries for computing mean and std.dev: (1, 2746)
[M::mem_pestat] mean and std.dev: (535.45, 367.61)
[M::mem_pestat] low and high boundaries for proper pairs: (1, 3561)
[M::mem_pestat] skip orientation FF
[M::mem_pestat] skip orientation RF
[M::mem_pestat] skip orientation RR
[M::process] read 1461626 sequences (200000154 bp)...
[M::mem_process_seqs] Processed 1461768 reads in 448.935 CPU sec, 48.763 real sec
[M::mem_pestat] # candidate unique pairs for (FF, FR, RF, RR): (46, 562298, 124, 29)
[M::mem_pestat] analyzing insert size distribution for orientation FF...
[M::mem_pestat] (25, 50, 75) percentile: (230, 381, 834)
[M::mem_pestat] low and high boundaries for computing mean and std.dev: (1, 2042)
[M::mem_pestat] mean and std.dev: (527.19, 425.78)
[M::mem_pestat] low and high boundaries for proper pairs: (1, 2646)
[M::mem_pestat] analyzing insert size distribution for orientation FR...
[M::mem_pestat] (25, 50, 75) percentile: (289, 379, 486)
[M::mem_pestat] low and high boundaries for computing mean and std.dev: (1, 880)
[M::mem_pestat] mean and std.dev: (394.55, 147.49)
[M::mem_pestat] low and high boundaries for proper pairs: (1, 1077)
[M::mem_pestat] analyzing insert size distribution for orientation RF...
[M::mem_pestat] (25, 50, 75) percentile: (63, 596, 4695)
[M::mem_pestat] low and high boundaries for computing mean and std.dev: (1, 13959)
[M::mem_pestat] mean and std.dev: (2468.95, 3061.86)
[M::mem_pestat] low and high boundaries for proper pairs: (1, 18591)
[M::mem_pestat] analyzing insert size distribution for orientation RR...
[M::mem_pestat] (25, 50, 75) percentile: (210, 390, 906)
[M::mem_pestat] low and high boundaries for computing mean and std.dev: (1, 2298)
[M::mem_pestat] mean and std.dev: (539.35, 496.63)
[M::mem_pestat] low and high boundaries for proper pairs: (1, 2994)
[M::mem_pestat] skip orientation FF
[M::mem_pestat] skip orientation RF
[M::mem_pestat] skip orientation RR
[M::process] read 1462786 sequences (200000212 bp)...
[M::mem_process_seqs] Processed 1461626 reads in 449.816 CPU sec, 49.312 real sec
[M::mem_pestat] # candidate unique pairs for (FF, FR, RF, RR): (32, 560797, 113, 42)
[M::mem_pestat] analyzing insert size distribution for orientation FF...
[M::mem_pestat] (25, 50, 75) percentile: (275, 527, 740)
[M::mem_pestat] low and high boundaries for computing mean and std.dev: (1, 1670)
[M::mem_pestat] mean and std.dev: (514.81, 312.45)
[M::mem_pestat] low and high boundaries for proper pairs: (1, 2135)
[M::mem_pestat] analyzing insert size distribution for orientation FR...
[M::mem_pestat] (25, 50, 75) percentile: (289, 378, 484)
[M::mem_pestat] low and high boundaries for computing mean and std.dev: (1, 874)
[M::mem_pestat] mean and std.dev: (393.26, 145.66)
[M::mem_pestat] low and high boundaries for proper pairs: (1, 1069)
[M::mem_pestat] analyzing insert size distribution for orientation RF...
[M::mem_pestat] (25, 50, 75) percentile: (63, 412, 3298)
[M::mem_pestat] low and high boundaries for computing mean and std.dev: (1, 9768)
[M::mem_pestat] mean and std.dev: (1725.38, 2393.69)
[M::mem_pestat] low and high boundaries for proper pairs: (1, 13003)
[M::mem_pestat] analyzing insert size distribution for orientation RR...
[M::mem_pestat] (25, 50, 75) percentile: (278, 671, 1430)
[M::mem_pestat] low and high boundaries for computing mean and std.dev: (1, 3734)
[M::mem_pestat] mean and std.dev: (856.73, 775.61)
[M::mem_pestat] low and high boundaries for proper pairs: (1, 4886)
[M::mem_pestat] skip orientation FF
[M::mem_pestat] skip orientation RF
[M::mem_pestat] skip orientation RR
[M::process] read 1467956 sequences (200000278 bp)...
[M::mem_process_seqs] Processed 1462786 reads in 452.152 CPU sec, 49.024 real sec
[M::mem_pestat] # candidate unique pairs for (FF, FR, RF, RR): (52, 560361, 128, 37)
[M::mem_pestat] analyzing insert size distribution for orientation FF...
[M::mem_pestat] (25, 50, 75) percentile: (260, 416, 737)
[M::mem_pestat] low and high boundaries for computing mean and std.dev: (1, 1691)
[M::mem_pestat] mean and std.dev: (400.64, 249.25)
[M::mem_pestat] low and high boundaries for proper pairs: (1, 2168)
[M::mem_pestat] analyzing insert size distribution for orientation FR...
[M::mem_pestat] (25, 50, 75) percentile: (285, 373, 475)
[M::mem_pestat] low and high boundaries for computing mean and std.dev: (1, 855)
[M::mem_pestat] mean and std.dev: (386.07, 139.98)
[M::mem_pestat] low and high boundaries for proper pairs: (1, 1045)
[M::mem_pestat] analyzing insert size distribution for orientation RF...
[M::mem_pestat] (25, 50, 75) percentile: (145, 1172, 4453)
[M::mem_pestat] low and high boundaries for computing mean and std.dev: (1, 13069)
[M::mem_pestat] mean and std.dev: (2584.58, 2916.88)
[M::mem_pestat] low and high boundaries for proper pairs: (1, 17377)
[M::mem_pestat] analyzing insert size distribution for orientation RR...
[M::mem_pestat] (25, 50, 75) percentile: (202, 316, 1573)
[M::mem_pestat] low and high boundaries for computing mean and std.dev: (1, 4315)
[M::mem_pestat] mean and std.dev: (534.81, 665.32)
[M::mem_pestat] low and high boundaries for proper pairs: (1, 5686)
[M::mem_pestat] skip orientation FF
[M::mem_pestat] skip orientation RF
[M::mem_pestat] skip orientation RR
[M::process] read 1480398 sequences (200000131 bp)...
[M::mem_process_seqs] Processed 1467956 reads in 452.555 CPU sec, 49.062 real sec
[M::process] read 1482600 sequences (200000049 bp)...
[M::mem_pestat] # candidate unique pairs for (FF, FR, RF, RR): (48, 565363, 140, 35)
[M::mem_pestat] analyzing insert size distribution for orientation FF...
[M::mem_pestat] (25, 50, 75) percentile: (320, 558, 1017)
[M::mem_pestat] low and high boundaries for computing mean and std.dev: (1, 2411)
[M::mem_pestat] mean and std.dev: (642.51, 459.89)
[M::mem_pestat] low and high boundaries for proper pairs: (1, 3108)
[M::mem_pestat] analyzing insert size distribution for orientation FR...
[M::mem_pestat] (25, 50, 75) percentile: (292, 383, 493)
[M::mem_pestat] low and high boundaries for computing mean and std.dev: (1, 895)
[M::mem_pestat] mean and std.dev: (399.83, 151.48)
[M::mem_pestat] low and high boundaries for proper pairs: (1, 1096)
[M::mem_pestat] analyzing insert size distribution for orientation RF...
[M::mem_pestat] (25, 50, 75) percentile: (80, 382, 2911)
[M::mem_pestat] low and high boundaries for computing mean and std.dev: (1, 8573)
[M::mem_pestat] mean and std.dev: (1547.30, 2171.25)
[M::mem_pestat] low and high boundaries for proper pairs: (1, 11404)
[M::mem_pestat] analyzing insert size distribution for orientation RR...
[M::mem_pestat] (25, 50, 75) percentile: (268, 435, 752)
[M::mem_pestat] low and high boundaries for computing mean and std.dev: (1, 1720)
[M::mem_pestat] mean and std.dev: (535.73, 434.60)
[M::mem_pestat] low and high boundaries for proper pairs: (1, 2274)
[M::mem_pestat] skip orientation FF
[M::mem_pestat] skip orientation RF
[M::mem_pestat] skip orientation RR
[M::mem_process_seqs] Processed 1480398 reads in 580.116 CPU sec, 67.122 real sec
[M::process] read 1481920 sequences (200000217 bp)...
[M::mem_pestat] # candidate unique pairs for (FF, FR, RF, RR): (47, 564995, 113, 32)
[M::mem_pestat] analyzing insert size distribution for orientation FF...
[M::mem_pestat] (25, 50, 75) percentile: (320, 423, 707)
[M::mem_pestat] low and high boundaries for computing mean and std.dev: (1, 1481)
[M::mem_pestat] mean and std.dev: (444.39, 247.53)
[M::mem_pestat] low and high boundaries for proper pairs: (1, 1868)
[M::mem_pestat] analyzing insert size distribution for orientation FR...
[M::mem_pestat] (25, 50, 75) percentile: (292, 384, 494)
[M::mem_pestat] low and high boundaries for computing mean and std.dev: (1, 898)
[M::mem_pestat] mean and std.dev: (401.00, 151.36)
[M::mem_pestat] low and high boundaries for proper pairs: (1, 1100)
[M::mem_pestat] analyzing insert size distribution for orientation RF...
[M::mem_pestat] (25, 50, 75) percentile: (46, 337, 3055)
[M::mem_pestat] low and high boundaries for computing mean and std.dev: (1, 9073)
[M::mem_pestat] mean and std.dev: (1520.25, 2163.68)
[M::mem_pestat] low and high boundaries for proper pairs: (1, 12082)
[M::mem_pestat] analyzing insert size distribution for orientation RR...
[M::mem_pestat] (25, 50, 75) percentile: (277, 543, 981)
[M::mem_pestat] low and high boundaries for computing mean and std.dev: (1, 2389)
[M::mem_pestat] mean and std.dev: (564.57, 393.70)
[M::mem_pestat] low and high boundaries for proper pairs: (1, 3093)
[M::mem_pestat] skip orientation FF
[M::mem_pestat] skip orientation RF
[M::mem_pestat] skip orientation RR
[M::mem_process_seqs] Processed 1482600 reads in 549.196 CPU sec, 60.374 real sec
[M::process] read 1476832 sequences (200000209 bp)...
[M::mem_pestat] # candidate unique pairs for (FF, FR, RF, RR): (51, 561978, 124, 53)
[M::mem_pestat] analyzing insert size distribution for orientation FF...
[M::mem_pestat] (25, 50, 75) percentile: (260, 466, 1059)
[M::mem_pestat] low and high boundaries for computing mean and std.dev: (1, 2657)
[M::mem_pestat] mean and std.dev: (550.49, 457.52)
[M::mem_pestat] low and high boundaries for proper pairs: (1, 3456)
[M::mem_pestat] analyzing insert size distribution for orientation FR...
[M::mem_pestat] (25, 50, 75) percentile: (291, 382, 490)
[M::mem_pestat] low and high boundaries for computing mean and std.dev: (1, 888)
[M::mem_pestat] mean and std.dev: (397.77, 148.61)
[M::mem_pestat] low and high boundaries for proper pairs: (1, 1087)
[M::mem_pestat] analyzing insert size distribution for orientation RF...
[M::mem_pestat] (25, 50, 75) percentile: (80, 457, 3413)
[M::mem_pestat] low and high boundaries for computing mean and std.dev: (1, 10079)
[M::mem_pestat] mean and std.dev: (1945.35, 2643.96)
[M::mem_pestat] low and high boundaries for proper pairs: (1, 13412)
[M::mem_pestat] analyzing insert size distribution for orientation RR...
[M::mem_pestat] (25, 50, 75) percentile: (210, 364, 882)
[M::mem_pestat] low and high boundaries for computing mean and std.dev: (1, 2226)
[M::mem_pestat] mean and std.dev: (426.89, 347.18)
[M::mem_pestat] low and high boundaries for proper pairs: (1, 2898)
[M::mem_pestat] skip orientation FF
[M::mem_pestat] skip orientation RF
[M::mem_pestat] skip orientation RR
[M::mem_process_seqs] Processed 1481920 reads in 548.807 CPU sec, 59.017 real sec
[M::mem_pestat] # candidate unique pairs for (FF, FR, RF, RR): (36, 562763, 117, 35)
[M::mem_pestat] analyzing insert size distribution for orientation FF...
[M::mem_pestat] (25, 50, 75) percentile: (380, 483, 860)
[M::mem_pestat] low and high boundaries for computing mean and std.dev: (1, 1820)
[M::mem_pestat] mean and std.dev: (534.26, 335.76)
[M::mem_pestat] low and high boundaries for proper pairs: (1, 2300)
[M::mem_pestat] analyzing insert size distribution for orientation FR...
[M::mem_pestat] (25, 50, 75) percentile: (289, 380, 488)
[M::mem_pestat] low and high boundaries for computing mean and std.dev: (1, 886)
[M::mem_pestat] mean and std.dev: (395.85, 148.15)
[M::mem_pestat] low and high boundaries for proper pairs: (1, 1085)
[M::mem_pestat] analyzing insert size distribution for orientation RF...
[M::mem_pestat] (25, 50, 75) percentile: (74, 439, 3757)
[M::mem_pestat] low and high boundaries for computing mean and std.dev: (1, 11123)
[M::mem_pestat] mean and std.dev: (2282.14, 3035.74)
[M::mem_pestat] low and high boundaries for proper pairs: (1, 14806)
[M::mem_pestat] analyzing insert size distribution for orientation RR...
[M::mem_pestat] (25, 50, 75) percentile: (213, 376, 620)
[M::mem_pestat] low and high boundaries for computing mean and std.dev: (1, 1434)
[M::mem_pestat] mean and std.dev: (352.31, 267.29)
[M::mem_pestat] low and high boundaries for proper pairs: (1, 1841)
[M::mem_pestat] skip orientation FF
[M::mem_pestat] skip orientation RF
[M::mem_pestat] skip orientation RR
[M::mem_process_seqs] Processed 1476832 reads in 515.702 CPU sec, 97.849 real sec
[M::process] read 1473262 sequences (200000019 bp)...
[M::process] read 1470274 sequences (200000002 bp)...
[M::mem_pestat] # candidate unique pairs for (FF, FR, RF, RR): (56, 563013, 129, 33)
[M::mem_pestat] analyzing insert size distribution for orientation FF...
[M::mem_pestat] (25, 50, 75) percentile: (330, 433, 648)
[M::mem_pestat] low and high boundaries for computing mean and std.dev: (1, 1284)
[M::mem_pestat] mean and std.dev: (463.56, 268.73)
[M::mem_pestat] low and high boundaries for proper pairs: (1, 1602)
[M::mem_pestat] analyzing insert size distribution for orientation FR...
[M::mem_pestat] (25, 50, 75) percentile: (294, 386, 500)
[M::mem_pestat] low and high boundaries for computing mean and std.dev: (1, 912)
[M::mem_pestat] mean and std.dev: (404.52, 155.38)
[M::mem_pestat] low and high boundaries for proper pairs: (1, 1118)
[M::mem_pestat] analyzing insert size distribution for orientation RF...
[M::mem_pestat] (25, 50, 75) percentile: (111, 394, 2583)
[M::mem_pestat] low and high boundaries for computing mean and std.dev: (1, 7527)
[M::mem_pestat] mean and std.dev: (1354.51, 1783.54)
[M::mem_pestat] low and high boundaries for proper pairs: (1, 9999)
[M::mem_pestat] analyzing insert size distribution for orientation RR...
[M::mem_pestat] (25, 50, 75) percentile: (247, 523, 1029)
[M::mem_pestat] low and high boundaries for computing mean and std.dev: (1, 2593)
[M::mem_pestat] mean and std.dev: (626.84, 498.08)
[M::mem_pestat] low and high boundaries for proper pairs: (1, 3375)
[M::mem_pestat] skip orientation FF
[M::mem_pestat] skip orientation RF
[M::mem_pestat] skip orientation RR
[M::mem_process_seqs] Processed 1473262 reads in 504.726 CPU sec, 51.120 real sec
[M::process] read 1465642 sequences (200000165 bp)...
[M::mem_pestat] # candidate unique pairs for (FF, FR, RF, RR): (45, 564096, 131, 37)
[M::mem_pestat] analyzing insert size distribution for orientation FF...
[M::mem_pestat] (25, 50, 75) percentile: (449, 680, 1562)
[M::mem_pestat] low and high boundaries for computing mean and std.dev: (1, 3788)
[M::mem_pestat] mean and std.dev: (904.61, 645.59)
[M::mem_pestat] low and high boundaries for proper pairs: (1, 4901)
[M::mem_pestat] analyzing insert size distribution for orientation FR...
[M::mem_pestat] (25, 50, 75) percentile: (295, 387, 501)
[M::mem_pestat] low and high boundaries for computing mean and std.dev: (1, 913)
[M::mem_pestat] mean and std.dev: (405.96, 155.41)
[M::mem_pestat] low and high boundaries for proper pairs: (1, 1119)
[M::mem_pestat] analyzing insert size distribution for orientation RF...
[M::mem_pestat] (25, 50, 75) percentile: (79, 408, 2076)
[M::mem_pestat] low and high boundaries for computing mean and std.dev: (1, 6070)
[M::mem_pestat] mean and std.dev: (1101.11, 1539.94)
[M::mem_pestat] low and high boundaries for proper pairs: (1, 8067)
[M::mem_pestat] analyzing insert size distribution for orientation RR...
[M::mem_pestat] (25, 50, 75) percentile: (372, 551, 1293)
[M::mem_pestat] low and high boundaries for computing mean and std.dev: (1, 3135)
[M::mem_pestat] mean and std.dev: (693.06, 544.23)
[M::mem_pestat] low and high boundaries for proper pairs: (1, 4056)
[M::mem_pestat] skip orientation FF
[M::mem_pestat] skip orientation RF
[M::mem_pestat] skip orientation RR
[M::mem_process_seqs] Processed 1470274 reads in 489.385 CPU sec, 52.801 real sec
[M::mem_pestat] # candidate unique pairs for (FF, FR, RF, RR): (38, 560627, 124, 40)
[M::mem_pestat] analyzing insert size distribution for orientation FF...
[M::mem_pestat] (25, 50, 75) percentile: (357, 577, 1673)
[M::mem_pestat] low and high boundaries for computing mean and std.dev: (1, 4305)
[M::mem_pestat] mean and std.dev: (1021.65, 1003.49)
[M::mem_pestat] low and high boundaries for proper pairs: (1, 5621)
[M::mem_pestat] analyzing insert size distribution for orientation FR...
[M::mem_pestat] (25, 50, 75) percentile: (293, 385, 497)
[M::mem_pestat] low and high boundaries for computing mean and std.dev: (1, 905)
[M::mem_pestat] mean and std.dev: (402.83, 153.06)
[M::mem_pestat] low and high boundaries for proper pairs: (1, 1109)
[M::mem_pestat] analyzing insert size distribution for orientation RF...
[M::mem_pestat] (25, 50, 75) percentile: (101, 484, 3167)
[M::mem_pestat] low and high boundaries for computing mean and std.dev: (1, 9299)
[M::mem_pestat] mean and std.dev: (1744.54, 2245.47)
[M::mem_pestat] low and high boundaries for proper pairs: (1, 12365)
[M::mem_pestat] analyzing insert size distribution for orientation RR...
[M::mem_pestat] (25, 50, 75) percentile: (323, 560, 2788)
[M::mem_pestat] low and high boundaries for computing mean and std.dev: (1, 7718)
[M::mem_pestat] mean and std.dev: (1568.08, 1927.61)
[M::mem_pestat] low and high boundaries for proper pairs: (1, 10183)
[M::mem_pestat] skip orientation FF
[M::mem_pestat] skip orientation RF
[M::mem_pestat] skip orientation RR
[M::process] read 1469296 sequences (200000109 bp)...
[M::mem_process_seqs] Processed 1465642 reads in 473.523 CPU sec, 51.144 real sec
[M::mem_pestat] # candidate unique pairs for (FF, FR, RF, RR): (52, 561463, 116, 24)
[M::mem_pestat] analyzing insert size distribution for orientation FF...
[M::mem_pestat] (25, 50, 75) percentile: (252, 568, 971)
[M::mem_pestat] low and high boundaries for computing mean and std.dev: (1, 2409)
[M::mem_pestat] mean and std.dev: (679.68, 537.71)
[M::mem_pestat] low and high boundaries for proper pairs: (1, 3128)
[M::mem_pestat] analyzing insert size distribution for orientation FR...
[M::mem_pestat] (25, 50, 75) percentile: (290, 382, 490)
[M::mem_pestat] low and high boundaries for computing mean and std.dev: (1, 890)
[M::mem_pestat] mean and std.dev: (397.78, 149.07)
[M::mem_pestat] low and high boundaries for proper pairs: (1, 1090)
[M::mem_pestat] analyzing insert size distribution for orientation RF...
[M::mem_pestat] (25, 50, 75) percentile: (122, 458, 2860)
[M::mem_pestat] low and high boundaries for computing mean and std.dev: (1, 8336)
[M::mem_pestat] mean and std.dev: (1376.75, 1926.09)
[M::mem_pestat] low and high boundaries for proper pairs: (1, 11074)
[M::mem_pestat] analyzing insert size distribution for orientation RR...
[M::mem_pestat] (25, 50, 75) percentile: (294, 534, 2818)
[M::mem_pestat] low and high boundaries for computing mean and std.dev: (1, 7866)
[M::mem_pestat] mean and std.dev: (1295.74, 1609.37)
[M::mem_pestat] low and high boundaries for proper pairs: (1, 10390)
[M::mem_pestat] skip orientation FF
[M::mem_pestat] skip orientation RF
[M::mem_pestat] skip orientation RR
[M::process] read 1464982 sequences (200000154 bp)...
[M::mem_process_seqs] Processed 1469296 reads in 473.696 CPU sec, 51.242 real sec
[M::mem_pestat] # candidate unique pairs for (FF, FR, RF, RR): (59, 562697, 138, 28)
[M::mem_pestat] analyzing insert size distribution for orientation FF...
[M::mem_pestat] (25, 50, 75) percentile: (307, 522, 919)
[M::mem_pestat] low and high boundaries for computing mean and std.dev: (1, 2143)
[M::mem_pestat] mean and std.dev: (524.30, 287.87)
[M::mem_pestat] low and high boundaries for proper pairs: (1, 2755)
[M::mem_pestat] analyzing insert size distribution for orientation FR...
[M::mem_pestat] (25, 50, 75) percentile: (292, 384, 497)
[M::mem_pestat] low and high boundaries for computing mean and std.dev: (1, 907)
[M::mem_pestat] mean and std.dev: (402.02, 154.21)
[M::mem_pestat] low and high boundaries for proper pairs: (1, 1112)
[M::mem_pestat] analyzing insert size distribution for orientation RF...
[M::mem_pestat] (25, 50, 75) percentile: (117, 541, 2927)
[M::mem_pestat] low and high boundaries for computing mean and std.dev: (1, 8547)
[M::mem_pestat] mean and std.dev: (1556.46, 1964.22)
[M::mem_pestat] low and high boundaries for proper pairs: (1, 11357)
[M::mem_pestat] analyzing insert size distribution for orientation RR...
[M::mem_pestat] (25, 50, 75) percentile: (452, 584, 1254)
[M::mem_pestat] low and high boundaries for computing mean and std.dev: (1, 2858)
[M::mem_pestat] mean and std.dev: (719.44, 453.62)
[M::mem_pestat] low and high boundaries for proper pairs: (1, 3660)
[M::mem_pestat] skip orientation FF
[M::mem_pestat] skip orientation RF
[M::mem_pestat] skip orientation RR
[M::process] read 1462186 sequences (200000269 bp)...
[M::mem_process_seqs] Processed 1464982 reads in 457.120 CPU sec, 49.500 real sec
[M::mem_pestat] # candidate unique pairs for (FF, FR, RF, RR): (59, 561842, 121, 31)
[M::mem_pestat] analyzing insert size distribution for orientation FF...
[M::mem_pestat] (25, 50, 75) percentile: (330, 587, 1128)
[M::mem_pestat] low and high boundaries for computing mean and std.dev: (1, 2724)
[M::mem_pestat] mean and std.dev: (679.49, 505.14)
[M::mem_pestat] low and high boundaries for proper pairs: (1, 3522)
[M::mem_pestat] analyzing insert size distribution for orientation FR...
[M::mem_pestat] (25, 50, 75) percentile: (294, 387, 501)
[M::mem_pestat] low and high boundaries for computing mean and std.dev: (1, 915)
[M::mem_pestat] mean and std.dev: (405.70, 155.95)
[M::mem_pestat] low and high boundaries for proper pairs: (1, 1122)
[M::mem_pestat] analyzing insert size distribution for orientation RF...
[M::mem_pestat] (25, 50, 75) percentile: (125, 417, 3270)
[M::mem_pestat] low and high boundaries for computing mean and std.dev: (1, 9560)
[M::mem_pestat] mean and std.dev: (1734.64, 2402.31)
[M::mem_pestat] low and high boundaries for proper pairs: (1, 12705)
[M::mem_pestat] analyzing insert size distribution for orientation RR...
[M::mem_pestat] (25, 50, 75) percentile: (337, 489, 1245)
[M::mem_pestat] low and high boundaries for computing mean and std.dev: (1, 3061)
[M::mem_pestat] mean and std.dev: (764.20, 713.32)
[M::mem_pestat] low and high boundaries for proper pairs: (1, 3969)
[M::mem_pestat] skip orientation FF
[M::mem_pestat] skip orientation RF
[M::mem_pestat] skip orientation RR
[M::process] read 1464976 sequences (200000177 bp)...
[M::mem_process_seqs] Processed 1462186 reads in 462.310 CPU sec, 50.039 real sec
[M::mem_pestat] # candidate unique pairs for (FF, FR, RF, RR): (56, 561500, 130, 48)
[M::mem_pestat] analyzing insert size distribution for orientation FF...
[M::mem_pestat] (25, 50, 75) percentile: (291, 473, 771)
[M::mem_pestat] low and high boundaries for computing mean and std.dev: (1, 1731)
[M::mem_pestat] mean and std.dev: (521.23, 331.95)
[M::mem_pestat] low and high boundaries for proper pairs: (1, 2211)
[M::mem_pestat] analyzing insert size distribution for orientation FR...
[M::mem_pestat] (25, 50, 75) percentile: (294, 386, 498)
[M::mem_pestat] low and high boundaries for computing mean and std.dev: (1, 906)
[M::mem_pestat] mean and std.dev: (403.52, 154.03)
[M::mem_pestat] low and high boundaries for proper pairs: (1, 1110)
[M::mem_pestat] analyzing insert size distribution for orientation RF...
[M::mem_pestat] (25, 50, 75) percentile: (73, 379, 1760)
[M::mem_pestat] low and high boundaries for computing mean and std.dev: (1, 5134)
[M::mem_pestat] mean and std.dev: (824.45, 1241.90)
[M::mem_pestat] low and high boundaries for proper pairs: (1, 6821)
[M::mem_pestat] analyzing insert size distribution for orientation RR...
[M::mem_pestat] (25, 50, 75) percentile: (202, 327, 679)
[M::mem_pestat] low and high boundaries for computing mean and std.dev: (1, 1633)
[M::mem_pestat] mean and std.dev: (322.63, 177.82)
[M::mem_pestat] low and high boundaries for proper pairs: (1, 2110)
[M::mem_pestat] skip orientation FF
[M::mem_pestat] skip orientation RF
[M::mem_pestat] skip orientation RR
[M::process] read 1467278 sequences (200000197 bp)...
[M::mem_process_seqs] Processed 1464976 reads in 457.448 CPU sec, 49.527 real sec
[M::mem_pestat] # candidate unique pairs for (FF, FR, RF, RR): (58, 559979, 107, 31)
[M::mem_pestat] analyzing insert size distribution for orientation FF...
[M::mem_pestat] (25, 50, 75) percentile: (342, 492, 906)
[M::mem_pestat] low and high boundaries for computing mean and std.dev: (1, 2034)
[M::mem_pestat] mean and std.dev: (565.14, 404.42)
[M::mem_pestat] low and high boundaries for proper pairs: (1, 2598)
[M::mem_pestat] analyzing insert size distribution for orientation FR...
[M::mem_pestat] (25, 50, 75) percentile: (291, 382, 492)
[M::mem_pestat] low and high boundaries for computing mean and std.dev: (1, 894)
[M::mem_pestat] mean and std.dev: (398.79, 150.72)
[M::mem_pestat] low and high boundaries for proper pairs: (1, 1095)
[M::mem_pestat] analyzing insert size distribution for orientation RF...
[M::mem_pestat] (25, 50, 75) percentile: (81, 348, 3659)
[M::mem_pestat] low and high boundaries for computing mean and std.dev: (1, 10815)
[M::mem_pestat] mean and std.dev: (2220.27, 3146.05)
[M::mem_pestat] low and high boundaries for proper pairs: (1, 14804)
[M::mem_pestat] analyzing insert size distribution for orientation RR...
[M::mem_pestat] (25, 50, 75) percentile: (220, 385, 1095)
[M::mem_pestat] low and high boundaries for computing mean and std.dev: (1, 2845)
[M::mem_pestat] mean and std.dev: (664.31, 693.17)
[M::mem_pestat] low and high boundaries for proper pairs: (1, 3720)
[M::mem_pestat] skip orientation FF
[M::mem_pestat] skip orientation RF
[M::mem_pestat] skip orientation RR
[M::process] read 1469170 sequences (200000040 bp)...
[M::mem_process_seqs] Processed 1467278 reads in 463.922 CPU sec, 50.176 real sec
[M::mem_pestat] # candidate unique pairs for (FF, FR, RF, RR): (44, 562923, 137, 36)
[M::mem_pestat] analyzing insert size distribution for orientation FF...
[M::mem_pestat] (25, 50, 75) percentile: (321, 417, 720)
[M::mem_pestat] low and high boundaries for computing mean and std.dev: (1, 1518)
[M::mem_pestat] mean and std.dev: (475.65, 264.48)
[M::mem_pestat] low and high boundaries for proper pairs: (1, 1917)
[M::mem_pestat] analyzing insert size distribution for orientation FR...
[M::mem_pestat] (25, 50, 75) percentile: (288, 378, 486)
[M::mem_pestat] low and high boundaries for computing mean and std.dev: (1, 882)
[M::mem_pestat] mean and std.dev: (393.88, 148.45)
[M::mem_pestat] low and high boundaries for proper pairs: (1, 1080)
[M::mem_pestat] analyzing insert size distribution for orientation RF...
[M::mem_pestat] (25, 50, 75) percentile: (108, 466, 3058)
[M::mem_pestat] low and high boundaries for computing mean and std.dev: (1, 8958)
[M::mem_pestat] mean and std.dev: (1780.55, 2341.85)
[M::mem_pestat] low and high boundaries for proper pairs: (1, 11908)
[M::mem_pestat] analyzing insert size distribution for orientation RR...
[M::mem_pestat] (25, 50, 75) percentile: (318, 495, 2013)
[M::mem_pestat] low and high boundaries for computing mean and std.dev: (1, 5403)
[M::mem_pestat] mean and std.dev: (1088.09, 1212.06)
[M::mem_pestat] low and high boundaries for proper pairs: (1, 7098)
[M::mem_pestat] skip orientation FF
[M::mem_pestat] skip orientation RF
[M::mem_pestat] skip orientation RR
[M::process] read 1465568 sequences (200000175 bp)...
[M::mem_process_seqs] Processed 1469170 reads in 455.323 CPU sec, 49.336 real sec
[M::mem_pestat] # candidate unique pairs for (FF, FR, RF, RR): (38, 562689, 139, 49)
[M::mem_pestat] analyzing insert size distribution for orientation FF...
[M::mem_pestat] (25, 50, 75) percentile: (318, 463, 876)
[M::mem_pestat] low and high boundaries for computing mean and std.dev: (1, 1992)
[M::mem_pestat] mean and std.dev: (590.41, 474.09)
[M::mem_pestat] low and high boundaries for proper pairs: (1, 2550)
[M::mem_pestat] analyzing insert size distribution for orientation FR...
[M::mem_pestat] (25, 50, 75) percentile: (292, 383, 494)
[M::mem_pestat] low and high boundaries for computing mean and std.dev: (1, 898)
[M::mem_pestat] mean and std.dev: (400.61, 152.63)
[M::mem_pestat] low and high boundaries for proper pairs: (1, 1100)
[M::mem_pestat] analyzing insert size distribution for orientation RF...
[M::mem_pestat] (25, 50, 75) percentile: (80, 422, 2518)
[M::mem_pestat] low and high boundaries for computing mean and std.dev: (1, 7394)
[M::mem_pestat] mean and std.dev: (1246.15, 1831.71)
[M::mem_pestat] low and high boundaries for proper pairs: (1, 9832)
[M::mem_pestat] analyzing insert size distribution for orientation RR...
[M::mem_pestat] (25, 50, 75) percentile: (290, 561, 1202)
[M::mem_pestat] low and high boundaries for computing mean and std.dev: (1, 3026)
[M::mem_pestat] mean and std.dev: (763.74, 718.67)
[M::mem_pestat] low and high boundaries for proper pairs: (1, 3938)
[M::mem_pestat] skip orientation FF
[M::mem_pestat] skip orientation RF
[M::mem_pestat] skip orientation RR
[M::process] read 1469170 sequences (200000087 bp)...
[M::mem_process_seqs] Processed 1465568 reads in 460.070 CPU sec, 49.838 real sec
[M::mem_pestat] # candidate unique pairs for (FF, FR, RF, RR): (46, 562676, 124, 44)
[M::mem_pestat] analyzing insert size distribution for orientation FF...
[M::mem_pestat] (25, 50, 75) percentile: (274, 450, 680)
[M::mem_pestat] low and high boundaries for computing mean and std.dev: (1, 1492)
[M::mem_pestat] mean and std.dev: (431.57, 242.88)
[M::mem_pestat] low and high boundaries for proper pairs: (1, 1898)
[M::mem_pestat] analyzing insert size distribution for orientation FR...
[M::mem_pestat] (25, 50, 75) percentile: (291, 383, 494)
[M::mem_pestat] low and high boundaries for computing mean and std.dev: (1, 900)
[M::mem_pestat] mean and std.dev: (400.22, 151.71)
[M::mem_pestat] low and high boundaries for proper pairs: (1, 1103)
[M::mem_pestat] analyzing insert size distribution for orientation RF...
[M::mem_pestat] (25, 50, 75) percentile: (80, 459, 3136)
[M::mem_pestat] low and high boundaries for computing mean and std.dev: (1, 9248)
[M::mem_pestat] mean and std.dev: (1603.84, 2190.65)
[M::mem_pestat] low and high boundaries for proper pairs: (1, 12304)
[M::mem_pestat] analyzing insert size distribution for orientation RR...
[M::mem_pestat] (25, 50, 75) percentile: (306, 441, 1319)
[M::mem_pestat] low and high boundaries for computing mean and std.dev: (1, 3345)
[M::mem_pestat] mean and std.dev: (656.36, 677.94)
[M::mem_pestat] low and high boundaries for proper pairs: (1, 4358)
[M::mem_pestat] skip orientation FF
[M::mem_pestat] skip orientation RF
[M::mem_pestat] skip orientation RR
[M::mem_process_seqs] Processed 1469170 reads in 478.338 CPU sec, 78.105 real sec
[M::process] read 1475008 sequences (200000124 bp)...
[M::process] read 1476622 sequences (200000158 bp)...
[M::mem_pestat] # candidate unique pairs for (FF, FR, RF, RR): (52, 562449, 123, 34)
[M::mem_pestat] analyzing insert size distribution for orientation FF...
[M::mem_pestat] (25, 50, 75) percentile: (347, 598, 915)
[M::mem_pestat] low and high boundaries for computing mean and std.dev: (1, 2051)
[M::mem_pestat] mean and std.dev: (627.20, 384.34)
[M::mem_pestat] low and high boundaries for proper pairs: (1, 2619)
[M::mem_pestat] analyzing insert size distribution for orientation FR...
[M::mem_pestat] (25, 50, 75) percentile: (289, 379, 486)
[M::mem_pestat] low and high boundaries for computing mean and std.dev: (1, 880)
[M::mem_pestat] mean and std.dev: (394.84, 146.94)
[M::mem_pestat] low and high boundaries for proper pairs: (1, 1077)
[M::mem_pestat] analyzing insert size distribution for orientation RF...
[M::mem_pestat] (25, 50, 75) percentile: (64, 581, 4334)
[M::mem_pestat] low and high boundaries for computing mean and std.dev: (1, 12874)
[M::mem_pestat] mean and std.dev: (2335.78, 3137.91)
[M::mem_pestat] low and high boundaries for proper pairs: (1, 17144)
[M::mem_pestat] analyzing insert size distribution for orientation RR...
[M::mem_pestat] (25, 50, 75) percentile: (204, 376, 1338)
[M::mem_pestat] low and high boundaries for computing mean and std.dev: (1, 3606)
[M::mem_pestat] mean and std.dev: (639.60, 722.53)
[M::mem_pestat] low and high boundaries for proper pairs: (1, 4740)
[M::mem_pestat] skip orientation FF
[M::mem_pestat] skip orientation RF
[M::mem_pestat] skip orientation RR
[M::mem_process_seqs] Processed 1475008 reads in 477.128 CPU sec, 49.969 real sec
[M::mem_pestat] # candidate unique pairs for (FF, FR, RF, RR): (45, 565137, 120, 36)
[M::mem_pestat] analyzing insert size distribution for orientation FF...
[M::mem_pestat] (25, 50, 75) percentile: (273, 448, 973)
[M::mem_pestat] low and high boundaries for computing mean and std.dev: (1, 2373)
[M::mem_pestat] mean and std.dev: (514.88, 354.63)
[M::mem_pestat] low and high boundaries for proper pairs: (1, 3073)
[M::mem_pestat] analyzing insert size distribution for orientation FR...
[M::mem_pestat] (25, 50, 75) percentile: (285, 373, 477)
[M::mem_pestat] low and high boundaries for computing mean and std.dev: (1, 861)
[M::mem_pestat] mean and std.dev: (387.52, 143.76)
[M::mem_pestat] low and high boundaries for proper pairs: (1, 1053)
[M::mem_pestat] analyzing insert size distribution for orientation RF...
[M::mem_pestat] (25, 50, 75) percentile: (114, 440, 2244)
[M::mem_pestat] low and high boundaries for computing mean and std.dev: (1, 6504)
[M::mem_pestat] mean and std.dev: (1155.63, 1660.90)
[M::mem_pestat] low and high boundaries for proper pairs: (1, 8634)
[M::mem_pestat] analyzing insert size distribution for orientation RR...
[M::mem_pestat] (25, 50, 75) percentile: (220, 511, 1317)
[M::mem_pestat] low and high boundaries for computing mean and std.dev: (1, 3511)
[M::mem_pestat] mean and std.dev: (800.32, 873.46)
[M::mem_pestat] low and high boundaries for proper pairs: (1, 4608)
[M::mem_pestat] skip orientation FF
[M::mem_pestat] skip orientation RF
[M::mem_pestat] skip orientation RR
[M::process] read 1472942 sequences (200000102 bp)...
[M::mem_process_seqs] Processed 1476622 reads in 456.919 CPU sec, 49.549 real sec
[M::mem_pestat] # candidate unique pairs for (FF, FR, RF, RR): (46, 564364, 137, 37)
[M::mem_pestat] analyzing insert size distribution for orientation FF...
[M::mem_pestat] (25, 50, 75) percentile: (252, 516, 929)
[M::mem_pestat] low and high boundaries for computing mean and std.dev: (1, 2283)
[M::mem_pestat] mean and std.dev: (566.68, 404.91)
[M::mem_pestat] low and high boundaries for proper pairs: (1, 2960)
[M::mem_pestat] analyzing insert size distribution for orientation FR...
[M::mem_pestat] (25, 50, 75) percentile: (289, 379, 487)
[M::mem_pestat] low and high boundaries for computing mean and std.dev: (1, 883)
[M::mem_pestat] mean and std.dev: (395.20, 148.64)
[M::mem_pestat] low and high boundaries for proper pairs: (1, 1081)
[M::mem_pestat] analyzing insert size distribution for orientation RF...
[M::mem_pestat] (25, 50, 75) percentile: (58, 513, 3239)
[M::mem_pestat] low and high boundaries for computing mean and std.dev: (1, 9601)
[M::mem_pestat] mean and std.dev: (1936.65, 2605.91)
[M::mem_pestat] low and high boundaries for proper pairs: (1, 12782)
[M::mem_pestat] analyzing insert size distribution for orientation RR...
[M::mem_pestat] (25, 50, 75) percentile: (257, 491, 1146)
[M::mem_pestat] low and high boundaries for computing mean and std.dev: (1, 2924)
[M::mem_pestat] mean and std.dev: (599.06, 566.43)
[M::mem_pestat] low and high boundaries for proper pairs: (1, 3813)
[M::mem_pestat] skip orientation FF
[M::mem_pestat] skip orientation RF
[M::mem_pestat] skip orientation RR
[M::process] read 1477174 sequences (200000016 bp)...
[M::mem_process_seqs] Processed 1472942 reads in 457.341 CPU sec, 49.604 real sec
[M::mem_pestat] # candidate unique pairs for (FF, FR, RF, RR): (45, 563717, 137, 50)
[M::mem_pestat] analyzing insert size distribution for orientation FF...
[M::mem_pestat] (25, 50, 75) percentile: (325, 497, 1056)
[M::mem_pestat] low and high boundaries for computing mean and std.dev: (1, 2518)
[M::mem_pestat] mean and std.dev: (601.10, 432.89)
[M::mem_pestat] low and high boundaries for proper pairs: (1, 3249)
[M::mem_pestat] analyzing insert size distribution for orientation FR...
[M::mem_pestat] (25, 50, 75) percentile: (289, 379, 485)
[M::mem_pestat] low and high boundaries for computing mean and std.dev: (1, 877)
[M::mem_pestat] mean and std.dev: (394.34, 146.59)
[M::mem_pestat] low and high boundaries for proper pairs: (1, 1073)
[M::mem_pestat] analyzing insert size distribution for orientation RF...
[M::mem_pestat] (25, 50, 75) percentile: (93, 469, 3144)
[M::mem_pestat] low and high boundaries for computing mean and std.dev: (1, 9246)
[M::mem_pestat] mean and std.dev: (1754.11, 2368.14)
[M::mem_pestat] low and high boundaries for proper pairs: (1, 12297)
[M::mem_pestat] analyzing insert size distribution for orientation RR...
[M::mem_pestat] (25, 50, 75) percentile: (169, 376, 850)
[M::mem_pestat] low and high boundaries for computing mean and std.dev: (1, 2212)
[M::mem_pestat] mean and std.dev: (552.06, 562.24)
[M::mem_pestat] low and high boundaries for proper pairs: (1, 2893)
[M::mem_pestat] skip orientation FF
[M::mem_pestat] skip orientation RF
[M::mem_pestat] skip orientation RR
[M::process] read 1479868 sequences (200000099 bp)...
[M::mem_process_seqs] Processed 1477174 reads in 463.250 CPU sec, 50.358 real sec
[M::mem_pestat] # candidate unique pairs for (FF, FR, RF, RR): (48, 562794, 146, 45)
[M::mem_pestat] analyzing insert size distribution for orientation FF...
[M::mem_pestat] (25, 50, 75) percentile: (271, 472, 820)
[M::mem_pestat] low and high boundaries for computing mean and std.dev: (1, 1918)
[M::mem_pestat] mean and std.dev: (434.41, 271.57)
[M::mem_pestat] low and high boundaries for proper pairs: (1, 2467)
[M::mem_pestat] analyzing insert size distribution for orientation FR...
[M::mem_pestat] (25, 50, 75) percentile: (287, 376, 479)
[M::mem_pestat] low and high boundaries for computing mean and std.dev: (1, 863)
[M::mem_pestat] mean and std.dev: (389.92, 143.13)
[M::mem_pestat] low and high boundaries for proper pairs: (1, 1055)
[M::mem_pestat] analyzing insert size distribution for orientation RF...
[M::mem_pestat] (25, 50, 75) percentile: (68, 466, 2694)
[M::mem_pestat] low and high boundaries for computing mean and std.dev: (1, 7946)
[M::mem_pestat] mean and std.dev: (1416.87, 1901.29)
[M::mem_pestat] low and high boundaries for proper pairs: (1, 10572)
[M::mem_pestat] analyzing insert size distribution for orientation RR...
[M::mem_pestat] (25, 50, 75) percentile: (255, 429, 687)
[M::mem_pestat] low and high boundaries for computing mean and std.dev: (1, 1551)
[M::mem_pestat] mean and std.dev: (472.10, 350.17)
[M::mem_pestat] low and high boundaries for proper pairs: (1, 1983)
[M::mem_pestat] skip orientation FF
[M::mem_pestat] skip orientation RF
[M::mem_pestat] skip orientation RR
[M::process] read 1483238 sequences (200000015 bp)...
[M::mem_process_seqs] Processed 1479868 reads in 465.234 CPU sec, 50.859 real sec
[M::mem_pestat] # candidate unique pairs for (FF, FR, RF, RR): (49, 565099, 131, 35)
[M::mem_pestat] analyzing insert size distribution for orientation FF...
[M::mem_pestat] (25, 50, 75) percentile: (310, 517, 1055)
[M::mem_pestat] low and high boundaries for computing mean and std.dev: (1, 2545)
[M::mem_pestat] mean and std.dev: (520.31, 376.36)
[M::mem_pestat] low and high boundaries for proper pairs: (1, 3290)
[M::mem_pestat] analyzing insert size distribution for orientation FR...
[M::mem_pestat] (25, 50, 75) percentile: (286, 375, 481)
[M::mem_pestat] low and high boundaries for computing mean and std.dev: (1, 871)
[M::mem_pestat] mean and std.dev: (390.32, 145.25)
[M::mem_pestat] low and high boundaries for proper pairs: (1, 1066)
[M::mem_pestat] analyzing insert size distribution for orientation RF...
[M::mem_pestat] (25, 50, 75) percentile: (56, 390, 3583)
[M::mem_pestat] low and high boundaries for computing mean and std.dev: (1, 10637)
[M::mem_pestat] mean and std.dev: (1939.16, 2584.62)
[M::mem_pestat] low and high boundaries for proper pairs: (1, 14164)
[M::mem_pestat] analyzing insert size distribution for orientation RR...
[M::mem_pestat] (25, 50, 75) percentile: (189, 350, 659)
[M::mem_pestat] low and high boundaries for computing mean and std.dev: (1, 1599)
[M::mem_pestat] mean and std.dev: (345.30, 226.60)
[M::mem_pestat] low and high boundaries for proper pairs: (1, 2069)
[M::mem_pestat] skip orientation FF
[M::mem_pestat] skip orientation RF
[M::mem_pestat] skip orientation RR
[M::process] read 1479538 sequences (200000120 bp)...
[M::mem_process_seqs] Processed 1483238 reads in 508.821 CPU sec, 54.816 real sec
[M::process] read 1482560 sequences (200000177 bp)...
[M::mem_pestat] # candidate unique pairs for (FF, FR, RF, RR): (43, 564289, 130, 36)
[M::mem_pestat] analyzing insert size distribution for orientation FF...
[M::mem_pestat] (25, 50, 75) percentile: (246, 348, 1110)
[M::mem_pestat] low and high boundaries for computing mean and std.dev: (1, 2838)
[M::mem_pestat] mean and std.dev: (557.10, 469.02)
[M::mem_pestat] low and high boundaries for proper pairs: (1, 3702)
[M::mem_pestat] analyzing insert size distribution for orientation FR...
[M::mem_pestat] (25, 50, 75) percentile: (290, 381, 490)
[M::mem_pestat] low and high boundaries for computing mean and std.dev: (1, 890)
[M::mem_pestat] mean and std.dev: (397.53, 149.83)
[M::mem_pestat] low and high boundaries for proper pairs: (1, 1090)
[M::mem_pestat] analyzing insert size distribution for orientation RF...
[M::mem_pestat] (25, 50, 75) percentile: (76, 685, 3574)
[M::mem_pestat] low and high boundaries for computing mean and std.dev: (1, 10570)
[M::mem_pestat] mean and std.dev: (2023.72, 2557.27)
[M::mem_pestat] low and high boundaries for proper pairs: (1, 14068)
[M::mem_pestat] analyzing insert size distribution for orientation RR...
[M::mem_pestat] (25, 50, 75) percentile: (295, 452, 975)
[M::mem_pestat] low and high boundaries for computing mean and std.dev: (1, 2335)
[M::mem_pestat] mean and std.dev: (598.03, 456.22)
[M::mem_pestat] low and high boundaries for proper pairs: (1, 3015)
[M::mem_pestat] skip orientation FF
[M::mem_pestat] skip orientation RF
[M::mem_pestat] skip orientation RR
[M::mem_process_seqs] Processed 1479538 reads in 527.261 CPU sec, 56.694 real sec
[M::mem_pestat] # candidate unique pairs for (FF, FR, RF, RR): (57, 562919, 133, 39)
[M::mem_pestat] analyzing insert size distribution for orientation FF...
[M::mem_pestat] (25, 50, 75) percentile: (321, 500, 1044)
[M::mem_pestat] low and high boundaries for computing mean and std.dev: (1, 2490)
[M::mem_pestat] mean and std.dev: (608.55, 482.40)
[M::mem_pestat] low and high boundaries for proper pairs: (1, 3213)
[M::mem_pestat] analyzing insert size distribution for orientation FR...
[M::mem_pestat] (25, 50, 75) percentile: (290, 381, 488)
[M::mem_pestat] low and high boundaries for computing mean and std.dev: (1, 884)
[M::mem_pestat] mean and std.dev: (396.46, 148.10)
[M::mem_pestat] low and high boundaries for proper pairs: (1, 1082)
[M::mem_pestat] analyzing insert size distribution for orientation RF...
[M::mem_pestat] (25, 50, 75) percentile: (61, 322, 3099)
[M::mem_pestat] low and high boundaries for computing mean and std.dev: (1, 9175)
[M::mem_pestat] mean and std.dev: (1504.28, 2267.60)
[M::mem_pestat] low and high boundaries for proper pairs: (1, 12213)
[M::mem_pestat] analyzing insert size distribution for orientation RR...
[M::mem_pestat] (25, 50, 75) percentile: (244, 353, 865)
[M::mem_pestat] low and high boundaries for computing mean and std.dev: (1, 2107)
[M::mem_pestat] mean and std.dev: (491.69, 383.46)
[M::mem_pestat] low and high boundaries for proper pairs: (1, 2728)
[M::mem_pestat] skip orientation FF
[M::mem_pestat] skip orientation RF
[M::mem_pestat] skip orientation RR
[M::process] read 1478994 sequences (200000133 bp)...
[M::mem_process_seqs] Processed 1482560 reads in 508.065 CPU sec, 54.738 real sec
[M::process] read 333670 sequences (45014301 bp)...
[M::mem_pestat] # candidate unique pairs for (FF, FR, RF, RR): (33, 562357, 129, 41)
[M::mem_pestat] analyzing insert size distribution for orientation FF...
[M::mem_pestat] (25, 50, 75) percentile: (257, 396, 523)
[M::mem_pestat] low and high boundaries for computing mean and std.dev: (1, 1055)
[M::mem_pestat] mean and std.dev: (413.48, 217.07)
[M::mem_pestat] low and high boundaries for proper pairs: (1, 1321)
[M::mem_pestat] analyzing insert size distribution for orientation FR...
[M::mem_pestat] (25, 50, 75) percentile: (288, 377, 483)
[M::mem_pestat] low and high boundaries for computing mean and std.dev: (1, 873)
[M::mem_pestat] mean and std.dev: (391.91, 144.75)
[M::mem_pestat] low and high boundaries for proper pairs: (1, 1068)
[M::mem_pestat] analyzing insert size distribution for orientation RF...
[M::mem_pestat] (25, 50, 75) percentile: (101, 459, 3455)
[M::mem_pestat] low and high boundaries for computing mean and std.dev: (1, 10163)
[M::mem_pestat] mean and std.dev: (1910.34, 2610.53)
[M::mem_pestat] low and high boundaries for proper pairs: (1, 13517)
[M::mem_pestat] analyzing insert size distribution for orientation RR...
[M::mem_pestat] (25, 50, 75) percentile: (177, 505, 1412)
[M::mem_pestat] low and high boundaries for computing mean and std.dev: (1, 3882)
[M::mem_pestat] mean and std.dev: (790.46, 820.02)
[M::mem_pestat] low and high boundaries for proper pairs: (1, 5117)
[M::mem_pestat] skip orientation FF
[M::mem_pestat] skip orientation RF
[M::mem_pestat] skip orientation RR
[M::mem_process_seqs] Processed 1478994 reads in 458.080 CPU sec, 49.825 real sec
[M::mem_pestat] # candidate unique pairs for (FF, FR, RF, RR): (13, 126522, 32, 4)
[M::mem_pestat] analyzing insert size distribution for orientation FF...
[M::mem_pestat] (25, 50, 75) percentile: (303, 434, 3810)
[M::mem_pestat] low and high boundaries for computing mean and std.dev: (1, 10824)
[M::mem_pestat] mean and std.dev: (1249.00, 1613.74)
[M::mem_pestat] low and high boundaries for proper pairs: (1, 14331)
[M::mem_pestat] analyzing insert size distribution for orientation FR...
[M::mem_pestat] (25, 50, 75) percentile: (286, 374, 476)
[M::mem_pestat] low and high boundaries for computing mean and std.dev: (1, 856)
[M::mem_pestat] mean and std.dev: (386.79, 140.36)
[M::mem_pestat] low and high boundaries for proper pairs: (1, 1046)
[M::mem_pestat] analyzing insert size distribution for orientation RF...
[M::mem_pestat] (25, 50, 75) percentile: (59, 314, 1526)
[M::mem_pestat] low and high boundaries for computing mean and std.dev: (1, 4460)
[M::mem_pestat] mean and std.dev: (611.19, 916.35)
[M::mem_pestat] low and high boundaries for proper pairs: (1, 5927)
[M::mem_pestat] skip orientation RR as there are not enough pairs
[M::mem_pestat] skip orientation FF
[M::mem_pestat] skip orientation RF
[M::mem_process_seqs] Processed 333670 reads in 103.236 CPU sec, 11.497 real sec
[main] Version: 0.7.17-r1188
[main] CMD:samblaster: Marked 3063315 of 36155311 (8.47%) read ids as duplicates bwa mem using 772760k memory in  -t1M 2026S -R(86.399S) @RG\tID:SR_FL_19T_026\tPL:ILLUMINA\tPU:HJMFJDSX7.3\tSM:SR_FL_19T_026\tCN:MCGILL\tBC:TGGCGCGAAC-CGTATCAGTT CPU seconds and  /storage/scratch/iee/dj20y461/Stickleback/G_aculeatus/FITNESS//data/ref_A_X/stickleback_v5_assembly_A_X.fasta45M /storage/scratch/iee/dj20y461/Stickleback/G_aculeatus/FITNESS//data/trimmed/SR_FL_19T_026.R1.trimmed.fastq.gz19S /storage/scratch/iee/dj20y461/Stickleback/G_aculeatus/FITNESS//data/trimmed/SR_FL_19T_026.R2.trimmed.fastq.gz(2719S) wall time.

[main] Real time: 2718.892 sec; CPU: 23182.988 sec
[bam_sort_core] merging from 20 files and 20 in-memory blocks...
