samblaster: Version 0.1.24
samblaster: Inputting from stdin
samblaster: Outputting to stdout
[M::bwa_idx_load_from_disk] read 0 ALT contigs
[M::process] read 1459624 sequences (200000142 bp)...
[M::mem_pestat] # candidate unique pairs for (FF, FR, RF, RR): (228, 564446, 142, 92)
[M::mem_pestat] analyzing insert size distribution for orientation FF...
[M::mem_pestat] (25, 50, 75) percentile: (305, 459, 797)
[M::mem_pestat] low and high boundaries for computing mean and std.dev: (1, 1781)
[M::mem_pestat] mean and std.dev: (527.41, 342.71)
[M::mem_pestat] low and high boundaries for proper pairs: (1, 2273)
[M::mem_pestat] analyzing insert size distribution for orientation FR...
[M::mem_pestat] (25, 50, 75) percentile: (284, 371, 477)
[M::mem_pestat] low and high boundaries for computing mean and std.dev: (1, 863)
[M::mem_pestat] mean and std.dev: (387.52, 145.50)
[M::mem_pestat] low and high boundaries for proper pairs: (1, 1056)
[M::mem_pestat] analyzing insert size distribution for orientation RF...
[M::mem_pestat] (25, 50, 75) percentile: (49, 568, 2197)
[M::mem_pestat] low and high boundaries for computing mean and std.dev: (1, 6493)
[M::mem_pestat] mean and std.dev: (1255.87, 1655.74)
[M::mem_pestat] low and high boundaries for proper pairs: (1, 8641)
[M::mem_pestat] analyzing insert size distribution for orientation RR...
[M::mem_pestat] (25, 50, 75) percentile: (358, 627, 1156)
[M::mem_pestat] low and high boundaries for computing mean and std.dev: (1, 2752)
[M::mem_pestat] mean and std.dev: (702.48, 552.47)
[M::mem_pestat] low and high boundaries for proper pairs: (1, 3550)
[M::mem_pestat] skip orientation FF
[M::mem_pestat] skip orientation RF
[M::mem_pestat] skip orientation RR
[M::mem_process_seqs] Processed 1459624 reads in 456.087 CPU sec, 108.336 real sec
samblaster: Loaded 23 header sequence entries.
[M::process] read 1458234 sequences (200000282 bp)...
[M::process] read 1459150 sequences (200000172 bp)...
[M::mem_pestat] # candidate unique pairs for (FF, FR, RF, RR): (210, 562997, 125, 96)
[M::mem_pestat] analyzing insert size distribution for orientation FF...
[M::mem_pestat] (25, 50, 75) percentile: (328, 511, 761)
[M::mem_pestat] low and high boundaries for computing mean and std.dev: (1, 1627)
[M::mem_pestat] mean and std.dev: (533.84, 304.38)
[M::mem_pestat] low and high boundaries for proper pairs: (1, 2060)
[M::mem_pestat] analyzing insert size distribution for orientation FR...
[M::mem_pestat] (25, 50, 75) percentile: (287, 376, 484)
[M::mem_pestat] low and high boundaries for computing mean and std.dev: (1, 878)
[M::mem_pestat] mean and std.dev: (392.61, 147.89)
[M::mem_pestat] low and high boundaries for proper pairs: (1, 1075)
[M::mem_pestat] analyzing insert size distribution for orientation RF...
[M::mem_pestat] (25, 50, 75) percentile: (145, 909, 3785)
[M::mem_pestat] low and high boundaries for computing mean and std.dev: (1, 11065)
[M::mem_pestat] mean and std.dev: (2224.42, 2659.97)
[M::mem_pestat] low and high boundaries for proper pairs: (1, 14705)
[M::mem_pestat] analyzing insert size distribution for orientation RR...
[M::mem_pestat] (25, 50, 75) percentile: (179, 407, 817)
[M::mem_pestat] low and high boundaries for computing mean and std.dev: (1, 2093)
[M::mem_pestat] mean and std.dev: (485.05, 425.28)
[M::mem_pestat] low and high boundaries for proper pairs: (1, 2731)
[M::mem_pestat] skip orientation FF
[M::mem_pestat] skip orientation RF
[M::mem_pestat] skip orientation RR
[M::mem_process_seqs] Processed 1458234 reads in 429.609 CPU sec, 47.792 real sec
[M::process] read 1463648 sequences (200000015 bp)...
[M::mem_pestat] # candidate unique pairs for (FF, FR, RF, RR): (214, 561666, 113, 98)
[M::mem_pestat] analyzing insert size distribution for orientation FF...
[M::mem_pestat] (25, 50, 75) percentile: (352, 517, 719)
[M::mem_pestat] low and high boundaries for computing mean and std.dev: (1, 1453)
[M::mem_pestat] mean and std.dev: (516.62, 233.37)
[M::mem_pestat] low and high boundaries for proper pairs: (1, 1820)
[M::mem_pestat] analyzing insert size distribution for orientation FR...
[M::mem_pestat] (25, 50, 75) percentile: (286, 374, 481)
[M::mem_pestat] low and high boundaries for computing mean and std.dev: (1, 871)
[M::mem_pestat] mean and std.dev: (390.59, 146.01)
[M::mem_pestat] low and high boundaries for proper pairs: (1, 1066)
[M::mem_pestat] analyzing insert size distribution for orientation RF...
[M::mem_pestat] (25, 50, 75) percentile: (65, 665, 3020)
[M::mem_pestat] low and high boundaries for computing mean and std.dev: (1, 8930)
[M::mem_pestat] mean and std.dev: (1697.65, 2183.73)
[M::mem_pestat] low and high boundaries for proper pairs: (1, 11885)
[M::mem_pestat] analyzing insert size distribution for orientation RR...
[M::mem_pestat] (25, 50, 75) percentile: (234, 518, 842)
[M::mem_pestat] low and high boundaries for computing mean and std.dev: (1, 2058)
[M::mem_pestat] mean and std.dev: (528.11, 399.16)
[M::mem_pestat] low and high boundaries for proper pairs: (1, 2666)
[M::mem_pestat] skip orientation FF
[M::mem_pestat] skip orientation RF
[M::mem_pestat] skip orientation RR
[M::mem_process_seqs] Processed 1459150 reads in 429.397 CPU sec, 49.507 real sec
[M::mem_pestat] # candidate unique pairs for (FF, FR, RF, RR): (244, 564389, 141, 101)
[M::mem_pestat] analyzing insert size distribution for orientation FF...
[M::mem_pestat] (25, 50, 75) percentile: (342, 535, 847)
[M::mem_pestat] low and high boundaries for computing mean and std.dev: (1, 1857)
[M::mem_pestat] mean and std.dev: (566.53, 341.16)
[M::mem_pestat] low and high boundaries for proper pairs: (1, 2362)
[M::mem_pestat] analyzing insert size distribution for orientation FR...
[M::mem_pestat] (25, 50, 75) percentile: (284, 372, 479)
[M::mem_pestat] low and high boundaries for computing mean and std.dev: (1, 869)
[M::mem_pestat] mean and std.dev: (388.43, 145.64)
[M::mem_pestat] low and high boundaries for proper pairs: (1, 1064)
[M::mem_pestat] analyzing insert size distribution for orientation RF...
[M::mem_pestat] (25, 50, 75) percentile: (104, 528, 2945)
[M::mem_pestat] low and high boundaries for computing mean and std.dev: (1, 8627)
[M::mem_pestat] mean and std.dev: (1495.78, 1952.23)
[M::mem_pestat] low and high boundaries for proper pairs: (1, 11468)
[M::mem_pestat] analyzing insert size distribution for orientation RR...
[M::mem_pestat] (25, 50, 75) percentile: (270, 548, 1931)
[M::mem_pestat] low and high boundaries for computing mean and std.dev: (1, 5253)
[M::mem_pestat] mean and std.dev: (965.56, 996.21)
[M::mem_pestat] low and high boundaries for proper pairs: (1, 6914)
[M::mem_pestat] skip orientation FF
[M::mem_pestat] skip orientation RF
[M::mem_pestat] skip orientation RR
[M::mem_process_seqs] Processed 1463648 reads in 443.825 CPU sec, 68.779 real sec
[M::process] read 1458490 sequences (200000013 bp)...
[M::process] read 1460326 sequences (200000143 bp)...
[M::mem_pestat] # candidate unique pairs for (FF, FR, RF, RR): (223, 563659, 137, 120)
[M::mem_pestat] analyzing insert size distribution for orientation FF...
[M::mem_pestat] (25, 50, 75) percentile: (374, 572, 802)
[M::mem_pestat] low and high boundaries for computing mean and std.dev: (1, 1658)
[M::mem_pestat] mean and std.dev: (566.68, 297.59)
[M::mem_pestat] low and high boundaries for proper pairs: (1, 2086)
[M::mem_pestat] analyzing insert size distribution for orientation FR...
[M::mem_pestat] (25, 50, 75) percentile: (288, 377, 486)
[M::mem_pestat] low and high boundaries for computing mean and std.dev: (1, 882)
[M::mem_pestat] mean and std.dev: (394.24, 148.71)
[M::mem_pestat] low and high boundaries for proper pairs: (1, 1080)
[M::mem_pestat] analyzing insert size distribution for orientation RF...
[M::mem_pestat] (25, 50, 75) percentile: (54, 427, 2740)
[M::mem_pestat] low and high boundaries for computing mean and std.dev: (1, 8112)
[M::mem_pestat] mean and std.dev: (1502.80, 2195.87)
[M::mem_pestat] low and high boundaries for proper pairs: (1, 10798)
[M::mem_pestat] analyzing insert size distribution for orientation RR...
[M::mem_pestat] (25, 50, 75) percentile: (306, 540, 1384)
[M::mem_pestat] low and high boundaries for computing mean and std.dev: (1, 3540)
[M::mem_pestat] mean and std.dev: (790.87, 762.23)
[M::mem_pestat] low and high boundaries for proper pairs: (1, 4618)
[M::mem_pestat] skip orientation FF
[M::mem_pestat] skip orientation RF
[M::mem_pestat] skip orientation RR
[M::mem_process_seqs] Processed 1458490 reads in 428.642 CPU sec, 45.474 real sec
[M::mem_pestat] # candidate unique pairs for (FF, FR, RF, RR): (212, 562370, 108, 94)
[M::mem_pestat] analyzing insert size distribution for orientation FF...
[M::mem_pestat] (25, 50, 75) percentile: (328, 477, 717)
[M::mem_pestat] low and high boundaries for computing mean and std.dev: (1, 1495)
[M::mem_pestat] mean and std.dev: (498.60, 251.38)
[M::mem_pestat] low and high boundaries for proper pairs: (1, 1884)
[M::mem_pestat] analyzing insert size distribution for orientation FR...
[M::mem_pestat] (25, 50, 75) percentile: (287, 376, 483)
[M::mem_pestat] low and high boundaries for computing mean and std.dev: (1, 875)
[M::mem_pestat] mean and std.dev: (392.23, 146.60)
[M::mem_pestat] low and high boundaries for proper pairs: (1, 1071)
[M::mem_pestat] analyzing insert size distribution for orientation RF...
[M::mem_pestat] (25, 50, 75) percentile: (27, 215, 1217)
[M::mem_pestat] low and high boundaries for computing mean and std.dev: (1, 3597)
[M::mem_pestat] mean and std.dev: (477.57, 761.12)
[M::mem_pestat] low and high boundaries for proper pairs: (1, 4787)
[M::mem_pestat] analyzing insert size distribution for orientation RR...
[M::mem_pestat] (25, 50, 75) percentile: (273, 551, 1116)
[M::mem_pestat] low and high boundaries for computing mean and std.dev: (1, 2802)
[M::mem_pestat] mean and std.dev: (647.53, 553.77)
[M::mem_pestat] low and high boundaries for proper pairs: (1, 3645)
[M::mem_pestat] skip orientation FF
[M::mem_pestat] skip orientation RF
[M::mem_pestat] skip orientation RR
[M::process] read 1464662 sequences (200000033 bp)...
[M::mem_process_seqs] Processed 1460326 reads in 434.627 CPU sec, 47.239 real sec
[M::mem_pestat] # candidate unique pairs for (FF, FR, RF, RR): (227, 563201, 134, 106)
[M::mem_pestat] analyzing insert size distribution for orientation FF...
[M::mem_pestat] (25, 50, 75) percentile: (313, 516, 888)
[M::mem_pestat] low and high boundaries for computing mean and std.dev: (1, 2038)
[M::mem_pestat] mean and std.dev: (595.86, 406.68)
[M::mem_pestat] low and high boundaries for proper pairs: (1, 2613)
[M::mem_pestat] analyzing insert size distribution for orientation FR...
[M::mem_pestat] (25, 50, 75) percentile: (284, 372, 477)
[M::mem_pestat] low and high boundaries for computing mean and std.dev: (1, 863)
[M::mem_pestat] mean and std.dev: (387.43, 143.79)
[M::mem_pestat] low and high boundaries for proper pairs: (1, 1056)
[M::mem_pestat] analyzing insert size distribution for orientation RF...
[M::mem_pestat] (25, 50, 75) percentile: (46, 258, 1474)
[M::mem_pestat] low and high boundaries for computing mean and std.dev: (1, 4330)
[M::mem_pestat] mean and std.dev: (654.08, 980.18)
[M::mem_pestat] low and high boundaries for proper pairs: (1, 5758)
[M::mem_pestat] analyzing insert size distribution for orientation RR...
[M::mem_pestat] (25, 50, 75) percentile: (218, 512, 1120)
[M::mem_pestat] low and high boundaries for computing mean and std.dev: (1, 2924)
[M::mem_pestat] mean and std.dev: (607.77, 504.18)
[M::mem_pestat] low and high boundaries for proper pairs: (1, 3826)
[M::mem_pestat] skip orientation FF
[M::mem_pestat] skip orientation RF
[M::mem_pestat] skip orientation RR
[M::process] read 1458136 sequences (200000086 bp)...
[M::mem_process_seqs] Processed 1464662 reads in 433.153 CPU sec, 47.475 real sec
[M::mem_pestat] # candidate unique pairs for (FF, FR, RF, RR): (220, 563873, 129, 88)
[M::mem_pestat] analyzing insert size distribution for orientation FF...
[M::mem_pestat] (25, 50, 75) percentile: (347, 515, 830)
[M::mem_pestat] low and high boundaries for computing mean and std.dev: (1, 1796)
[M::mem_pestat] mean and std.dev: (552.14, 318.17)
[M::mem_pestat] low and high boundaries for proper pairs: (1, 2279)
[M::mem_pestat] analyzing insert size distribution for orientation FR...
[M::mem_pestat] (25, 50, 75) percentile: (287, 377, 486)
[M::mem_pestat] low and high boundaries for computing mean and std.dev: (1, 884)
[M::mem_pestat] mean and std.dev: (394.07, 149.29)
[M::mem_pestat] low and high boundaries for proper pairs: (1, 1083)
[M::mem_pestat] analyzing insert size distribution for orientation RF...
[M::mem_pestat] (25, 50, 75) percentile: (97, 424, 2709)
[M::mem_pestat] low and high boundaries for computing mean and std.dev: (1, 7933)
[M::mem_pestat] mean and std.dev: (1316.15, 1748.08)
[M::mem_pestat] low and high boundaries for proper pairs: (1, 10545)
[M::mem_pestat] analyzing insert size distribution for orientation RR...
[M::mem_pestat] (25, 50, 75) percentile: (336, 593, 947)
[M::mem_pestat] low and high boundaries for computing mean and std.dev: (1, 2169)
[M::mem_pestat] mean and std.dev: (650.41, 456.27)
[M::mem_pestat] low and high boundaries for proper pairs: (1, 2780)
[M::mem_pestat] skip orientation FF
[M::mem_pestat] skip orientation RF
[M::mem_pestat] skip orientation RR
[M::process] read 1458550 sequences (200000267 bp)...
[M::mem_process_seqs] Processed 1458136 reads in 430.915 CPU sec, 46.831 real sec
[M::mem_pestat] # candidate unique pairs for (FF, FR, RF, RR): (209, 563056, 125, 94)
[M::mem_pestat] analyzing insert size distribution for orientation FF...
[M::mem_pestat] (25, 50, 75) percentile: (345, 561, 909)
[M::mem_pestat] low and high boundaries for computing mean and std.dev: (1, 2037)
[M::mem_pestat] mean and std.dev: (619.59, 382.13)
[M::mem_pestat] low and high boundaries for proper pairs: (1, 2601)
[M::mem_pestat] analyzing insert size distribution for orientation FR...
[M::mem_pestat] (25, 50, 75) percentile: (288, 377, 485)
[M::mem_pestat] low and high boundaries for computing mean and std.dev: (1, 879)
[M::mem_pestat] mean and std.dev: (393.99, 148.26)
[M::mem_pestat] low and high boundaries for proper pairs: (1, 1076)
[M::mem_pestat] analyzing insert size distribution for orientation RF...
[M::mem_pestat] (25, 50, 75) percentile: (73, 394, 2686)
[M::mem_pestat] low and high boundaries for computing mean and std.dev: (1, 7912)
[M::mem_pestat] mean and std.dev: (1450.84, 2003.34)
[M::mem_pestat] low and high boundaries for proper pairs: (1, 10525)
[M::mem_pestat] analyzing insert size distribution for orientation RR...
[M::mem_pestat] (25, 50, 75) percentile: (258, 475, 1344)
[M::mem_pestat] low and high boundaries for computing mean and std.dev: (1, 3516)
[M::mem_pestat] mean and std.dev: (769.90, 702.03)
[M::mem_pestat] low and high boundaries for proper pairs: (1, 4602)
[M::mem_pestat] skip orientation FF
[M::mem_pestat] skip orientation RF
[M::mem_pestat] skip orientation RR
[M::process] read 1462710 sequences (200000146 bp)...
[M::mem_process_seqs] Processed 1458550 reads in 431.486 CPU sec, 46.845 real sec
[M::mem_pestat] # candidate unique pairs for (FF, FR, RF, RR): (234, 562321, 118, 102)
[M::mem_pestat] analyzing insert size distribution for orientation FF...
[M::mem_pestat] (25, 50, 75) percentile: (342, 510, 793)
[M::mem_pestat] low and high boundaries for computing mean and std.dev: (1, 1695)
[M::mem_pestat] mean and std.dev: (555.49, 328.66)
[M::mem_pestat] low and high boundaries for proper pairs: (1, 2146)
[M::mem_pestat] analyzing insert size distribution for orientation FR...
[M::mem_pestat] (25, 50, 75) percentile: (285, 373, 478)
[M::mem_pestat] low and high boundaries for computing mean and std.dev: (1, 864)
[M::mem_pestat] mean and std.dev: (388.65, 144.25)
[M::mem_pestat] low and high boundaries for proper pairs: (1, 1057)
[M::mem_pestat] analyzing insert size distribution for orientation RF...
[M::mem_pestat] (25, 50, 75) percentile: (65, 691, 4368)
[M::mem_pestat] low and high boundaries for computing mean and std.dev: (1, 12974)
[M::mem_pestat] mean and std.dev: (2211.52, 2748.33)
[M::mem_pestat] low and high boundaries for proper pairs: (1, 17277)
[M::mem_pestat] analyzing insert size distribution for orientation RR...
[M::mem_pestat] (25, 50, 75) percentile: (307, 685, 1176)
[M::mem_pestat] low and high boundaries for computing mean and std.dev: (1, 2914)
[M::mem_pestat] mean and std.dev: (755.37, 579.56)
[M::mem_pestat] low and high boundaries for proper pairs: (1, 3783)
[M::mem_pestat] skip orientation FF
[M::mem_pestat] skip orientation RF
[M::mem_pestat] skip orientation RR
[M::mem_process_seqs] Processed 1462710 reads in 446.271 CPU sec, 71.455 real sec
[M::process] read 1456334 sequences (200000007 bp)...
[M::process] read 1456664 sequences (200000111 bp)...
[M::mem_pestat] # candidate unique pairs for (FF, FR, RF, RR): (203, 563625, 145, 92)
[M::mem_pestat] analyzing insert size distribution for orientation FF...
[M::mem_pestat] (25, 50, 75) percentile: (340, 545, 826)
[M::mem_pestat] low and high boundaries for computing mean and std.dev: (1, 1798)
[M::mem_pestat] mean and std.dev: (562.02, 324.39)
[M::mem_pestat] low and high boundaries for proper pairs: (1, 2284)
[M::mem_pestat] analyzing insert size distribution for orientation FR...
[M::mem_pestat] (25, 50, 75) percentile: (288, 378, 488)
[M::mem_pestat] low and high boundaries for computing mean and std.dev: (1, 888)
[M::mem_pestat] mean and std.dev: (395.41, 150.50)
[M::mem_pestat] low and high boundaries for proper pairs: (1, 1088)
[M::mem_pestat] analyzing insert size distribution for orientation RF...
[M::mem_pestat] (25, 50, 75) percentile: (52, 298, 1711)
[M::mem_pestat] low and high boundaries for computing mean and std.dev: (1, 5029)
[M::mem_pestat] mean and std.dev: (685.05, 1057.32)
[M::mem_pestat] low and high boundaries for proper pairs: (1, 6688)
[M::mem_pestat] analyzing insert size distribution for orientation RR...
[M::mem_pestat] (25, 50, 75) percentile: (316, 598, 1294)
[M::mem_pestat] low and high boundaries for computing mean and std.dev: (1, 3250)
[M::mem_pestat] mean and std.dev: (748.53, 682.13)
[M::mem_pestat] low and high boundaries for proper pairs: (1, 4228)
[M::mem_pestat] skip orientation FF
[M::mem_pestat] skip orientation RF
[M::mem_pestat] skip orientation RR
[M::mem_process_seqs] Processed 1456334 reads in 427.645 CPU sec, 45.118 real sec
[M::mem_pestat] # candidate unique pairs for (FF, FR, RF, RR): (232, 562477, 141, 91)
[M::mem_pestat] analyzing insert size distribution for orientation FF...
[M::mem_pestat] (25, 50, 75) percentile: (335, 502, 746)
[M::mem_pestat] low and high boundaries for computing mean and std.dev: (1, 1568)
[M::mem_pestat] mean and std.dev: (549.16, 303.80)
[M::mem_pestat] low and high boundaries for proper pairs: (1, 1979)
[M::mem_pestat] analyzing insert size distribution for orientation FR...
[M::mem_pestat] (25, 50, 75) percentile: (289, 379, 488)
[M::mem_pestat] low and high boundaries for computing mean and std.dev: (1, 886)
[M::mem_pestat] mean and std.dev: (396.10, 149.97)
[M::mem_pestat] low and high boundaries for proper pairs: (1, 1085)
[M::mem_pestat] analyzing insert size distribution for orientation RF...
[M::mem_pestat] (25, 50, 75) percentile: (60, 368, 3084)
[M::mem_pestat] low and high boundaries for computing mean and std.dev: (1, 9132)
[M::mem_pestat] mean and std.dev: (1633.24, 2307.46)
[M::mem_pestat] low and high boundaries for proper pairs: (1, 12156)
[M::mem_pestat] analyzing insert size distribution for orientation RR...
[M::mem_pestat] (25, 50, 75) percentile: (293, 694, 1598)
[M::mem_pestat] low and high boundaries for computing mean and std.dev: (1, 4208)
[M::mem_pestat] mean and std.dev: (937.15, 807.92)
[M::mem_pestat] low and high boundaries for proper pairs: (1, 5513)
[M::mem_pestat] skip orientation FF
[M::mem_pestat] skip orientation RF
[M::mem_pestat] skip orientation RR
[M::process] read 1459308 sequences (200000284 bp)...
[M::mem_process_seqs] Processed 1456664 reads in 431.769 CPU sec, 46.792 real sec
[M::mem_pestat] # candidate unique pairs for (FF, FR, RF, RR): (214, 562140, 136, 108)
[M::mem_pestat] analyzing insert size distribution for orientation FF...
[M::mem_pestat] (25, 50, 75) percentile: (331, 478, 732)
[M::mem_pestat] low and high boundaries for computing mean and std.dev: (1, 1534)
[M::mem_pestat] mean and std.dev: (523.85, 304.49)
[M::mem_pestat] low and high boundaries for proper pairs: (1, 1935)
[M::mem_pestat] analyzing insert size distribution for orientation FR...
[M::mem_pestat] (25, 50, 75) percentile: (287, 377, 484)
[M::mem_pestat] low and high boundaries for computing mean and std.dev: (1, 878)
[M::mem_pestat] mean and std.dev: (393.18, 147.58)
[M::mem_pestat] low and high boundaries for proper pairs: (1, 1075)
[M::mem_pestat] analyzing insert size distribution for orientation RF...
[M::mem_pestat] (25, 50, 75) percentile: (67, 530, 3029)
[M::mem_pestat] low and high boundaries for computing mean and std.dev: (1, 8953)
[M::mem_pestat] mean and std.dev: (1611.50, 2188.71)
[M::mem_pestat] low and high boundaries for proper pairs: (1, 11915)
[M::mem_pestat] analyzing insert size distribution for orientation RR...
[M::mem_pestat] (25, 50, 75) percentile: (332, 645, 1200)
[M::mem_pestat] low and high boundaries for computing mean and std.dev: (1, 2936)
[M::mem_pestat] mean and std.dev: (749.56, 551.36)
[M::mem_pestat] low and high boundaries for proper pairs: (1, 3804)
[M::mem_pestat] skip orientation FF
[M::mem_pestat] skip orientation RF
[M::mem_pestat] skip orientation RR
[M::process] read 1460088 sequences (200000098 bp)...
[M::mem_process_seqs] Processed 1459308 reads in 434.230 CPU sec, 47.202 real sec
[M::mem_pestat] # candidate unique pairs for (FF, FR, RF, RR): (208, 563212, 118, 116)
[M::mem_pestat] analyzing insert size distribution for orientation FF...
[M::mem_pestat] (25, 50, 75) percentile: (322, 482, 719)
[M::mem_pestat] low and high boundaries for computing mean and std.dev: (1, 1513)
[M::mem_pestat] mean and std.dev: (521.80, 304.75)
[M::mem_pestat] low and high boundaries for proper pairs: (1, 1910)
[M::mem_pestat] analyzing insert size distribution for orientation FR...
[M::mem_pestat] (25, 50, 75) percentile: (288, 377, 485)
[M::mem_pestat] low and high boundaries for computing mean and std.dev: (1, 879)
[M::mem_pestat] mean and std.dev: (393.26, 147.89)
[M::mem_pestat] low and high boundaries for proper pairs: (1, 1076)
[M::mem_pestat] analyzing insert size distribution for orientation RF...
[M::mem_pestat] (25, 50, 75) percentile: (124, 569, 2512)
[M::mem_pestat] low and high boundaries for computing mean and std.dev: (1, 7288)
[M::mem_pestat] mean and std.dev: (1210.69, 1560.84)
[M::mem_pestat] low and high boundaries for proper pairs: (1, 9676)
[M::mem_pestat] analyzing insert size distribution for orientation RR...
[M::mem_pestat] (25, 50, 75) percentile: (270, 583, 1163)
[M::mem_pestat] low and high boundaries for computing mean and std.dev: (1, 2949)
[M::mem_pestat] mean and std.dev: (732.17, 633.32)
[M::mem_pestat] low and high boundaries for proper pairs: (1, 3842)
[M::mem_pestat] skip orientation FF
[M::mem_pestat] skip orientation RF
[M::mem_pestat] skip orientation RR
[M::process] read 1456680 sequences (200000136 bp)...
[M::mem_process_seqs] Processed 1460088 reads in 431.453 CPU sec, 46.846 real sec
[M::mem_pestat] # candidate unique pairs for (FF, FR, RF, RR): (227, 562558, 152, 103)
[M::mem_pestat] analyzing insert size distribution for orientation FF...
[M::mem_pestat] (25, 50, 75) percentile: (364, 515, 783)
[M::mem_pestat] low and high boundaries for computing mean and std.dev: (1, 1621)
[M::mem_pestat] mean and std.dev: (550.40, 270.00)
[M::mem_pestat] low and high boundaries for proper pairs: (1, 2040)
[M::mem_pestat] analyzing insert size distribution for orientation FR...
[M::mem_pestat] (25, 50, 75) percentile: (290, 380, 491)
[M::mem_pestat] low and high boundaries for computing mean and std.dev: (1, 893)
[M::mem_pestat] mean and std.dev: (398.02, 151.46)
[M::mem_pestat] low and high boundaries for proper pairs: (1, 1094)
[M::mem_pestat] analyzing insert size distribution for orientation RF...
[M::mem_pestat] (25, 50, 75) percentile: (108, 748, 2804)
[M::mem_pestat] low and high boundaries for computing mean and std.dev: (1, 8196)
[M::mem_pestat] mean and std.dev: (1466.43, 1869.89)
[M::mem_pestat] low and high boundaries for proper pairs: (1, 10892)
[M::mem_pestat] analyzing insert size distribution for orientation RR...
[M::mem_pestat] (25, 50, 75) percentile: (271, 552, 1057)
[M::mem_pestat] low and high boundaries for computing mean and std.dev: (1, 2629)
[M::mem_pestat] mean and std.dev: (677.56, 541.82)
[M::mem_pestat] low and high boundaries for proper pairs: (1, 3415)
[M::mem_pestat] skip orientation FF
[M::mem_pestat] skip orientation RF
[M::mem_pestat] skip orientation RR
[M::process] read 1458472 sequences (200000027 bp)...
[M::mem_process_seqs] Processed 1456680 reads in 430.756 CPU sec, 46.796 real sec
[M::mem_pestat] # candidate unique pairs for (FF, FR, RF, RR): (215, 561471, 140, 93)
[M::mem_pestat] analyzing insert size distribution for orientation FF...
[M::mem_pestat] (25, 50, 75) percentile: (324, 481, 805)
[M::mem_pestat] low and high boundaries for computing mean and std.dev: (1, 1767)
[M::mem_pestat] mean and std.dev: (569.16, 350.46)
[M::mem_pestat] low and high boundaries for proper pairs: (1, 2248)
[M::mem_pestat] analyzing insert size distribution for orientation FR...
[M::mem_pestat] (25, 50, 75) percentile: (289, 379, 488)
[M::mem_pestat] low and high boundaries for computing mean and std.dev: (1, 886)
[M::mem_pestat] mean and std.dev: (396.27, 149.51)
[M::mem_pestat] low and high boundaries for proper pairs: (1, 1085)
[M::mem_pestat] analyzing insert size distribution for orientation RF...
[M::mem_pestat] (25, 50, 75) percentile: (68, 565, 3142)
[M::mem_pestat] low and high boundaries for computing mean and std.dev: (1, 9290)
[M::mem_pestat] mean and std.dev: (1811.11, 2474.15)
[M::mem_pestat] low and high boundaries for proper pairs: (1, 12364)
[M::mem_pestat] analyzing insert size distribution for orientation RR...
[M::mem_pestat] (25, 50, 75) percentile: (268, 515, 1071)
[M::mem_pestat] low and high boundaries for computing mean and std.dev: (1, 2677)
[M::mem_pestat] mean and std.dev: (678.80, 581.23)
[M::mem_pestat] low and high boundaries for proper pairs: (1, 3480)
[M::mem_pestat] skip orientation FF
[M::mem_pestat] skip orientation RF
[M::mem_pestat] skip orientation RR
[M::process] read 1462046 sequences (200000266 bp)...
[M::mem_process_seqs] Processed 1458472 reads in 434.510 CPU sec, 47.138 real sec
[M::mem_pestat] # candidate unique pairs for (FF, FR, RF, RR): (247, 561657, 125, 99)
[M::mem_pestat] analyzing insert size distribution for orientation FF...
[M::mem_pestat] (25, 50, 75) percentile: (349, 542, 879)
[M::mem_pestat] low and high boundaries for computing mean and std.dev: (1, 1939)
[M::mem_pestat] mean and std.dev: (560.16, 324.20)
[M::mem_pestat] low and high boundaries for proper pairs: (1, 2469)
[M::mem_pestat] analyzing insert size distribution for orientation FR...
[M::mem_pestat] (25, 50, 75) percentile: (287, 377, 484)
[M::mem_pestat] low and high boundaries for computing mean and std.dev: (1, 878)
[M::mem_pestat] mean and std.dev: (392.65, 146.76)
[M::mem_pestat] low and high boundaries for proper pairs: (1, 1075)
[M::mem_pestat] analyzing insert size distribution for orientation RF...
[M::mem_pestat] (25, 50, 75) percentile: (64, 359, 2327)
[M::mem_pestat] low and high boundaries for computing mean and std.dev: (1, 6853)
[M::mem_pestat] mean and std.dev: (1253.27, 1772.86)
[M::mem_pestat] low and high boundaries for proper pairs: (1, 9116)
[M::mem_pestat] analyzing insert size distribution for orientation RR...
[M::mem_pestat] (25, 50, 75) percentile: (276, 512, 1128)
[M::mem_pestat] low and high boundaries for computing mean and std.dev: (1, 2832)
[M::mem_pestat] mean and std.dev: (675.22, 592.51)
[M::mem_pestat] low and high boundaries for proper pairs: (1, 3684)
[M::mem_pestat] skip orientation FF
[M::mem_pestat] skip orientation RF
[M::mem_pestat] skip orientation RR
[M::process] read 1456400 sequences (200000272 bp)...
[M::mem_process_seqs] Processed 1462046 reads in 436.773 CPU sec, 47.363 real sec
[M::mem_pestat] # candidate unique pairs for (FF, FR, RF, RR): (230, 562390, 118, 100)
[M::mem_pestat] analyzing insert size distribution for orientation FF...
[M::mem_pestat] (25, 50, 75) percentile: (334, 481, 735)
[M::mem_pestat] low and high boundaries for computing mean and std.dev: (1, 1537)
[M::mem_pestat] mean and std.dev: (529.26, 288.07)
[M::mem_pestat] low and high boundaries for proper pairs: (1, 1938)
[M::mem_pestat] analyzing insert size distribution for orientation FR...
[M::mem_pestat] (25, 50, 75) percentile: (291, 381, 492)
[M::mem_pestat] low and high boundaries for computing mean and std.dev: (1, 894)
[M::mem_pestat] mean and std.dev: (398.78, 151.18)
[M::mem_pestat] low and high boundaries for proper pairs: (1, 1095)
[M::mem_pestat] analyzing insert size distribution for orientation RF...
[M::mem_pestat] (25, 50, 75) percentile: (101, 509, 3051)
[M::mem_pestat] low and high boundaries for computing mean and std.dev: (1, 8951)
[M::mem_pestat] mean and std.dev: (1602.50, 2151.57)
[M::mem_pestat] low and high boundaries for proper pairs: (1, 11901)
[M::mem_pestat] analyzing insert size distribution for orientation RR...
[M::mem_pestat] (25, 50, 75) percentile: (337, 636, 1344)
[M::mem_pestat] low and high boundaries for computing mean and std.dev: (1, 3358)
[M::mem_pestat] mean and std.dev: (710.05, 538.36)
[M::mem_pestat] low and high boundaries for proper pairs: (1, 4365)
[M::mem_pestat] skip orientation FF
[M::mem_pestat] skip orientation RF
[M::mem_pestat] skip orientation RR
[M::process] read 1456924 sequences (200000039 bp)...
[M::mem_process_seqs] Processed 1456400 reads in 431.763 CPU sec, 46.960 real sec
[M::mem_pestat] # candidate unique pairs for (FF, FR, RF, RR): (215, 562053, 139, 89)
[M::mem_pestat] analyzing insert size distribution for orientation FF...
[M::mem_pestat] (25, 50, 75) percentile: (386, 509, 750)
[M::mem_pestat] low and high boundaries for computing mean and std.dev: (1, 1478)
[M::mem_pestat] mean and std.dev: (542.23, 259.76)
[M::mem_pestat] low and high boundaries for proper pairs: (1, 1842)
[M::mem_pestat] analyzing insert size distribution for orientation FR...
[M::mem_pestat] (25, 50, 75) percentile: (290, 380, 490)
[M::mem_pestat] low and high boundaries for computing mean and std.dev: (1, 890)
[M::mem_pestat] mean and std.dev: (396.98, 149.76)
[M::mem_pestat] low and high boundaries for proper pairs: (1, 1090)
[M::mem_pestat] analyzing insert size distribution for orientation RF...
[M::mem_pestat] (25, 50, 75) percentile: (107, 545, 2966)
[M::mem_pestat] low and high boundaries for computing mean and std.dev: (1, 8684)
[M::mem_pestat] mean and std.dev: (1662.32, 2233.81)
[M::mem_pestat] low and high boundaries for proper pairs: (1, 11543)
[M::mem_pestat] analyzing insert size distribution for orientation RR...
[M::mem_pestat] (25, 50, 75) percentile: (261, 538, 1403)
[M::mem_pestat] low and high boundaries for computing mean and std.dev: (1, 3687)
[M::mem_pestat] mean and std.dev: (820.19, 768.58)
[M::mem_pestat] low and high boundaries for proper pairs: (1, 4829)
[M::mem_pestat] skip orientation FF
[M::mem_pestat] skip orientation RF
[M::mem_pestat] skip orientation RR
[M::process] read 1460516 sequences (200000270 bp)...
[M::mem_process_seqs] Processed 1456924 reads in 433.856 CPU sec, 48.236 real sec
[M::mem_pestat] # candidate unique pairs for (FF, FR, RF, RR): (212, 560822, 128, 99)
[M::mem_pestat] analyzing insert size distribution for orientation FF...
[M::mem_pestat] (25, 50, 75) percentile: (337, 468, 737)
[M::mem_pestat] low and high boundaries for computing mean and std.dev: (1, 1537)
[M::mem_pestat] mean and std.dev: (512.75, 282.26)
[M::mem_pestat] low and high boundaries for proper pairs: (1, 1937)
[M::mem_pestat] analyzing insert size distribution for orientation FR...
[M::mem_pestat] (25, 50, 75) percentile: (287, 376, 482)
[M::mem_pestat] low and high boundaries for computing mean and std.dev: (1, 872)
[M::mem_pestat] mean and std.dev: (391.55, 145.93)
[M::mem_pestat] low and high boundaries for proper pairs: (1, 1067)
[M::mem_pestat] analyzing insert size distribution for orientation RF...
[M::mem_pestat] (25, 50, 75) percentile: (70, 463, 2322)
[M::mem_pestat] low and high boundaries for computing mean and std.dev: (1, 6826)
[M::mem_pestat] mean and std.dev: (1152.60, 1618.98)
[M::mem_pestat] low and high boundaries for proper pairs: (1, 9078)
[M::mem_pestat] analyzing insert size distribution for orientation RR...
[M::mem_pestat] (25, 50, 75) percentile: (223, 405, 780)
[M::mem_pestat] low and high boundaries for computing mean and std.dev: (1, 1894)
[M::mem_pestat] mean and std.dev: (433.57, 311.38)
[M::mem_pestat] low and high boundaries for proper pairs: (1, 2451)
[M::mem_pestat] skip orientation FF
[M::mem_pestat] skip orientation RF
[M::mem_pestat] skip orientation RR
[M::process] read 1467890 sequences (200000134 bp)...
[M::mem_process_seqs] Processed 1460516 reads in 434.288 CPU sec, 47.066 real sec
[M::mem_pestat] # candidate unique pairs for (FF, FR, RF, RR): (238, 565992, 135, 110)
[M::mem_pestat] analyzing insert size distribution for orientation FF...
[M::mem_pestat] (25, 50, 75) percentile: (337, 513, 761)
[M::mem_pestat] low and high boundaries for computing mean and std.dev: (1, 1609)
[M::mem_pestat] mean and std.dev: (541.59, 311.82)
[M::mem_pestat] low and high boundaries for proper pairs: (1, 2033)
[M::mem_pestat] analyzing insert size distribution for orientation FR...
[M::mem_pestat] (25, 50, 75) percentile: (285, 373, 480)
[M::mem_pestat] low and high boundaries for computing mean and std.dev: (1, 870)
[M::mem_pestat] mean and std.dev: (389.09, 146.40)
[M::mem_pestat] low and high boundaries for proper pairs: (1, 1065)
[M::mem_pestat] analyzing insert size distribution for orientation RF...
[M::mem_pestat] (25, 50, 75) percentile: (51, 337, 2920)
[M::mem_pestat] low and high boundaries for computing mean and std.dev: (1, 8658)
[M::mem_pestat] mean and std.dev: (1555.28, 2349.64)
[M::mem_pestat] low and high boundaries for proper pairs: (1, 11527)
[M::mem_pestat] analyzing insert size distribution for orientation RR...
[M::mem_pestat] (25, 50, 75) percentile: (252, 472, 1033)
[M::mem_pestat] low and high boundaries for computing mean and std.dev: (1, 2595)
[M::mem_pestat] mean and std.dev: (626.66, 530.45)
[M::mem_pestat] low and high boundaries for proper pairs: (1, 3376)
[M::mem_pestat] skip orientation FF
[M::mem_pestat] skip orientation RF
[M::mem_pestat] skip orientation RR
[M::process] read 1463330 sequences (200000007 bp)...
[M::mem_process_seqs] Processed 1467890 reads in 435.335 CPU sec, 47.297 real sec
[M::mem_pestat] # candidate unique pairs for (FF, FR, RF, RR): (211, 564318, 135, 115)
[M::mem_pestat] analyzing insert size distribution for orientation FF...
[M::mem_pestat] (25, 50, 75) percentile: (320, 539, 763)
[M::mem_pestat] low and high boundaries for computing mean and std.dev: (1, 1649)
[M::mem_pestat] mean and std.dev: (531.86, 298.78)
[M::mem_pestat] low and high boundaries for proper pairs: (1, 2092)
[M::mem_pestat] analyzing insert size distribution for orientation FR...
[M::mem_pestat] (25, 50, 75) percentile: (289, 379, 488)
[M::mem_pestat] low and high boundaries for computing mean and std.dev: (1, 886)
[M::mem_pestat] mean and std.dev: (395.88, 149.99)
[M::mem_pestat] low and high boundaries for proper pairs: (1, 1085)
[M::mem_pestat] analyzing insert size distribution for orientation RF...
[M::mem_pestat] (25, 50, 75) percentile: (92, 450, 2834)
[M::mem_pestat] low and high boundaries for computing mean and std.dev: (1, 8318)
[M::mem_pestat] mean and std.dev: (1480.89, 2038.52)
[M::mem_pestat] low and high boundaries for proper pairs: (1, 11060)
[M::mem_pestat] analyzing insert size distribution for orientation RR...
[M::mem_pestat] (25, 50, 75) percentile: (293, 562, 1070)
[M::mem_pestat] low and high boundaries for computing mean and std.dev: (1, 2624)
[M::mem_pestat] mean and std.dev: (664.72, 549.26)
[M::mem_pestat] low and high boundaries for proper pairs: (1, 3401)
[M::mem_pestat] skip orientation FF
[M::mem_pestat] skip orientation RF
[M::mem_pestat] skip orientation RR
[M::mem_process_seqs] Processed 1463330 reads in 450.553 CPU sec, 73.371 real sec
[M::process] read 1464750 sequences (200000144 bp)...
[M::process] read 1466286 sequences (200000243 bp)...
[M::mem_pestat] # candidate unique pairs for (FF, FR, RF, RR): (223, 563193, 136, 116)
[M::mem_pestat] analyzing insert size distribution for orientation FF...
[M::mem_pestat] (25, 50, 75) percentile: (340, 521, 861)
[M::mem_pestat] low and high boundaries for computing mean and std.dev: (1, 1903)
[M::mem_pestat] mean and std.dev: (572.33, 348.95)
[M::mem_pestat] low and high boundaries for proper pairs: (1, 2424)
[M::mem_pestat] analyzing insert size distribution for orientation FR...
[M::mem_pestat] (25, 50, 75) percentile: (288, 377, 486)
[M::mem_pestat] low and high boundaries for computing mean and std.dev: (1, 882)
[M::mem_pestat] mean and std.dev: (394.48, 149.26)
[M::mem_pestat] low and high boundaries for proper pairs: (1, 1080)
[M::mem_pestat] analyzing insert size distribution for orientation RF...
[M::mem_pestat] (25, 50, 75) percentile: (63, 483, 2753)
[M::mem_pestat] low and high boundaries for computing mean and std.dev: (1, 8133)
[M::mem_pestat] mean and std.dev: (1450.76, 1907.03)
[M::mem_pestat] low and high boundaries for proper pairs: (1, 10823)
[M::mem_pestat] analyzing insert size distribution for orientation RR...
[M::mem_pestat] (25, 50, 75) percentile: (249, 444, 1003)
[M::mem_pestat] low and high boundaries for computing mean and std.dev: (1, 2511)
[M::mem_pestat] mean and std.dev: (592.52, 524.91)
[M::mem_pestat] low and high boundaries for proper pairs: (1, 3265)
[M::mem_pestat] skip orientation FF
[M::mem_pestat] skip orientation RF
[M::mem_pestat] skip orientation RR
[M::mem_process_seqs] Processed 1464750 reads in 433.990 CPU sec, 45.628 real sec
[M::mem_pestat] # candidate unique pairs for (FF, FR, RF, RR): (235, 565058, 124, 121)
[M::mem_pestat] analyzing insert size distribution for orientation FF...
[M::mem_pestat] (25, 50, 75) percentile: (309, 478, 780)
[M::mem_pestat] low and high boundaries for computing mean and std.dev: (1, 1722)
[M::mem_pestat] mean and std.dev: (537.51, 343.62)
[M::mem_pestat] low and high boundaries for proper pairs: (1, 2193)
[M::mem_pestat] analyzing insert size distribution for orientation FR...
[M::mem_pestat] (25, 50, 75) percentile: (286, 375, 483)
[M::mem_pestat] low and high boundaries for computing mean and std.dev: (1, 877)
[M::mem_pestat] mean and std.dev: (391.86, 148.24)
[M::mem_pestat] low and high boundaries for proper pairs: (1, 1074)
[M::mem_pestat] analyzing insert size distribution for orientation RF...
[M::mem_pestat] (25, 50, 75) percentile: (48, 514, 2378)
[M::mem_pestat] low and high boundaries for computing mean and std.dev: (1, 7038)
[M::mem_pestat] mean and std.dev: (1214.47, 1564.12)
[M::mem_pestat] low and high boundaries for proper pairs: (1, 9368)
[M::mem_pestat] analyzing insert size distribution for orientation RR...
[M::mem_pestat] (25, 50, 75) percentile: (317, 502, 1233)
[M::mem_pestat] low and high boundaries for computing mean and std.dev: (1, 3065)
[M::mem_pestat] mean and std.dev: (719.08, 678.19)
[M::mem_pestat] low and high boundaries for proper pairs: (1, 3981)
[M::mem_pestat] skip orientation FF
[M::mem_pestat] skip orientation RF
[M::mem_pestat] skip orientation RR
[M::process] read 1462370 sequences (200000026 bp)...
[M::mem_process_seqs] Processed 1466286 reads in 434.737 CPU sec, 47.334 real sec
[M::mem_pestat] # candidate unique pairs for (FF, FR, RF, RR): (197, 563731, 100, 111)
[M::mem_pestat] analyzing insert size distribution for orientation FF...
[M::mem_pestat] (25, 50, 75) percentile: (398, 575, 800)
[M::mem_pestat] low and high boundaries for computing mean and std.dev: (1, 1604)
[M::mem_pestat] mean and std.dev: (563.42, 278.80)
[M::mem_pestat] low and high boundaries for proper pairs: (1, 2006)
[M::mem_pestat] analyzing insert size distribution for orientation FR...
[M::mem_pestat] (25, 50, 75) percentile: (289, 380, 491)
[M::mem_pestat] low and high boundaries for computing mean and std.dev: (1, 895)
[M::mem_pestat] mean and std.dev: (397.73, 151.94)
[M::mem_pestat] low and high boundaries for proper pairs: (1, 1097)
[M::mem_pestat] analyzing insert size distribution for orientation RF...
[M::mem_pestat] (25, 50, 75) percentile: (61, 583, 2797)
[M::mem_pestat] low and high boundaries for computing mean and std.dev: (1, 8269)
[M::mem_pestat] mean and std.dev: (1529.09, 2029.98)
[M::mem_pestat] low and high boundaries for proper pairs: (1, 11005)
[M::mem_pestat] analyzing insert size distribution for orientation RR...
[M::mem_pestat] (25, 50, 75) percentile: (276, 530, 1284)
[M::mem_pestat] low and high boundaries for computing mean and std.dev: (1, 3300)
[M::mem_pestat] mean and std.dev: (732.50, 686.91)
[M::mem_pestat] low and high boundaries for proper pairs: (1, 4308)
[M::mem_pestat] skip orientation FF
[M::mem_pestat] skip orientation RF
[M::mem_pestat] skip orientation RR
[M::process] read 1463240 sequences (200000083 bp)...
[M::mem_process_seqs] Processed 1462370 reads in 435.078 CPU sec, 47.693 real sec
[M::mem_pestat] # candidate unique pairs for (FF, FR, RF, RR): (218, 562517, 138, 97)
[M::mem_pestat] analyzing insert size distribution for orientation FF...
[M::mem_pestat] (25, 50, 75) percentile: (332, 483, 762)
[M::mem_pestat] low and high boundaries for computing mean and std.dev: (1, 1622)
[M::mem_pestat] mean and std.dev: (531.28, 298.05)
[M::mem_pestat] low and high boundaries for proper pairs: (1, 2052)
[M::mem_pestat] analyzing insert size distribution for orientation FR...
[M::mem_pestat] (25, 50, 75) percentile: (289, 379, 490)
[M::mem_pestat] low and high boundaries for computing mean and std.dev: (1, 892)
[M::mem_pestat] mean and std.dev: (397.14, 150.70)
[M::mem_pestat] low and high boundaries for proper pairs: (1, 1093)
[M::mem_pestat] analyzing insert size distribution for orientation RF...
[M::mem_pestat] (25, 50, 75) percentile: (42, 229, 1479)
[M::mem_pestat] low and high boundaries for computing mean and std.dev: (1, 4353)
[M::mem_pestat] mean and std.dev: (732.86, 1137.72)
[M::mem_pestat] low and high boundaries for proper pairs: (1, 5790)
[M::mem_pestat] analyzing insert size distribution for orientation RR...
[M::mem_pestat] (25, 50, 75) percentile: (265, 575, 1269)
[M::mem_pestat] low and high boundaries for computing mean and std.dev: (1, 3277)
[M::mem_pestat] mean and std.dev: (793.67, 725.72)
[M::mem_pestat] low and high boundaries for proper pairs: (1, 4281)
[M::mem_pestat] skip orientation FF
[M::mem_pestat] skip orientation RF
[M::mem_pestat] skip orientation RR
[M::process] read 1466444 sequences (200000223 bp)...
[M::mem_process_seqs] Processed 1463240 reads in 437.281 CPU sec, 47.599 real sec
[M::mem_pestat] # candidate unique pairs for (FF, FR, RF, RR): (250, 563362, 129, 83)
[M::mem_pestat] analyzing insert size distribution for orientation FF...
[M::mem_pestat] (25, 50, 75) percentile: (325, 504, 949)
[M::mem_pestat] low and high boundaries for computing mean and std.dev: (1, 2197)
[M::mem_pestat] mean and std.dev: (613.46, 435.33)
[M::mem_pestat] low and high boundaries for proper pairs: (1, 2821)
[M::mem_pestat] analyzing insert size distribution for orientation FR...
[M::mem_pestat] (25, 50, 75) percentile: (287, 376, 484)
[M::mem_pestat] low and high boundaries for computing mean and std.dev: (1, 878)
[M::mem_pestat] mean and std.dev: (392.78, 148.20)
[M::mem_pestat] low and high boundaries for proper pairs: (1, 1075)
[M::mem_pestat] analyzing insert size distribution for orientation RF...
[M::mem_pestat] (25, 50, 75) percentile: (45, 303, 3035)
[M::mem_pestat] low and high boundaries for computing mean and std.dev: (1, 9015)
[M::mem_pestat] mean and std.dev: (1399.80, 1975.12)
[M::mem_pestat] low and high boundaries for proper pairs: (1, 12005)
[M::mem_pestat] analyzing insert size distribution for orientation RR...
[M::mem_pestat] (25, 50, 75) percentile: (325, 550, 1129)
[M::mem_pestat] low and high boundaries for computing mean and std.dev: (1, 2737)
[M::mem_pestat] mean and std.dev: (678.45, 526.61)
[M::mem_pestat] low and high boundaries for proper pairs: (1, 3541)
[M::mem_pestat] skip orientation FF
[M::mem_pestat] skip orientation RF
[M::mem_pestat] skip orientation RR
[M::process] read 1461362 sequences (200000140 bp)...
[M::mem_process_seqs] Processed 1466444 reads in 438.668 CPU sec, 47.661 real sec
[M::mem_pestat] # candidate unique pairs for (FF, FR, RF, RR): (216, 564769, 120, 106)
[M::mem_pestat] analyzing insert size distribution for orientation FF...
[M::mem_pestat] (25, 50, 75) percentile: (354, 533, 976)
[M::mem_pestat] low and high boundaries for computing mean and std.dev: (1, 2220)
[M::mem_pestat] mean and std.dev: (630.29, 407.98)
[M::mem_pestat] low and high boundaries for proper pairs: (1, 2842)
[M::mem_pestat] analyzing insert size distribution for orientation FR...
[M::mem_pestat] (25, 50, 75) percentile: (289, 379, 491)
[M::mem_pestat] low and high boundaries for computing mean and std.dev: (1, 895)
[M::mem_pestat] mean and std.dev: (397.48, 152.28)
[M::mem_pestat] low and high boundaries for proper pairs: (1, 1097)
[M::mem_pestat] analyzing insert size distribution for orientation RF...
[M::mem_pestat] (25, 50, 75) percentile: (150, 769, 2850)
[M::mem_pestat] low and high boundaries for computing mean and std.dev: (1, 8250)
[M::mem_pestat] mean and std.dev: (1642.62, 2010.00)
[M::mem_pestat] low and high boundaries for proper pairs: (1, 10950)
[M::mem_pestat] analyzing insert size distribution for orientation RR...
[M::mem_pestat] (25, 50, 75) percentile: (306, 580, 1057)
[M::mem_pestat] low and high boundaries for computing mean and std.dev: (1, 2559)
[M::mem_pestat] mean and std.dev: (616.89, 489.60)
[M::mem_pestat] low and high boundaries for proper pairs: (1, 3310)
[M::mem_pestat] skip orientation FF
[M::mem_pestat] skip orientation RF
[M::mem_pestat] skip orientation RR
[M::process] read 1460178 sequences (200000029 bp)...
[M::mem_process_seqs] Processed 1461362 reads in 433.989 CPU sec, 47.232 real sec
[M::mem_pestat] # candidate unique pairs for (FF, FR, RF, RR): (254, 562820, 117, 100)
[M::mem_pestat] analyzing insert size distribution for orientation FF...
[M::mem_pestat] (25, 50, 75) percentile: (332, 530, 829)
[M::mem_pestat] low and high boundaries for computing mean and std.dev: (1, 1823)
[M::mem_pestat] mean and std.dev: (577.08, 346.24)
[M::mem_pestat] low and high boundaries for proper pairs: (1, 2320)
[M::mem_pestat] analyzing insert size distribution for orientation FR...
[M::mem_pestat] (25, 50, 75) percentile: (290, 381, 491)
[M::mem_pestat] low and high boundaries for computing mean and std.dev: (1, 893)
[M::mem_pestat] mean and std.dev: (398.04, 151.63)
[M::mem_pestat] low and high boundaries for proper pairs: (1, 1094)
[M::mem_pestat] analyzing insert size distribution for orientation RF...
[M::mem_pestat] (25, 50, 75) percentile: (77, 375, 2330)
[M::mem_pestat] low and high boundaries for computing mean and std.dev: (1, 6836)
[M::mem_pestat] mean and std.dev: (1056.07, 1586.72)
[M::mem_pestat] low and high boundaries for proper pairs: (1, 9089)
[M::mem_pestat] analyzing insert size distribution for orientation RR...
[M::mem_pestat] (25, 50, 75) percentile: (243, 521, 1622)
[M::mem_pestat] low and high boundaries for computing mean and std.dev: (1, 4380)
[M::mem_pestat] mean and std.dev: (944.06, 965.09)
[M::mem_pestat] low and high boundaries for proper pairs: (1, 5759)
[M::mem_pestat] skip orientation FF
[M::mem_pestat] skip orientation RF
[M::mem_pestat] skip orientation RR
[M::mem_process_seqs] Processed 1460178 reads in 438.276 CPU sec, 84.222 real sec
[M::process] read 1463848 sequences (200000176 bp)...
[M::process] read 1461304 sequences (200000190 bp)...
[M::mem_pestat] # candidate unique pairs for (FF, FR, RF, RR): (241, 562285, 146, 116)
[M::mem_pestat] analyzing insert size distribution for orientation FF...
[M::mem_pestat] (25, 50, 75) percentile: (370, 514, 855)
[M::mem_pestat] low and high boundaries for computing mean and std.dev: (1, 1825)
[M::mem_pestat] mean and std.dev: (571.74, 318.26)
[M::mem_pestat] low and high boundaries for proper pairs: (1, 2310)
[M::mem_pestat] analyzing insert size distribution for orientation FR...
[M::mem_pestat] (25, 50, 75) percentile: (288, 378, 487)
[M::mem_pestat] low and high boundaries for computing mean and std.dev: (1, 885)
[M::mem_pestat] mean and std.dev: (395.28, 149.73)
[M::mem_pestat] low and high boundaries for proper pairs: (1, 1084)
[M::mem_pestat] analyzing insert size distribution for orientation RF...
[M::mem_pestat] (25, 50, 75) percentile: (49, 444, 2644)
[M::mem_pestat] low and high boundaries for computing mean and std.dev: (1, 7834)
[M::mem_pestat] mean and std.dev: (1430.16, 1938.19)
[M::mem_pestat] low and high boundaries for proper pairs: (1, 10429)
[M::mem_pestat] analyzing insert size distribution for orientation RR...
[M::mem_pestat] (25, 50, 75) percentile: (287, 593, 1215)
[M::mem_pestat] low and high boundaries for computing mean and std.dev: (1, 3071)
[M::mem_pestat] mean and std.dev: (764.09, 676.70)
[M::mem_pestat] low and high boundaries for proper pairs: (1, 3999)
[M::mem_pestat] skip orientation FF
[M::mem_pestat] skip orientation RF
[M::mem_pestat] skip orientation RR
[M::mem_process_seqs] Processed 1463848 reads in 432.856 CPU sec, 43.762 real sec
[M::mem_pestat] # candidate unique pairs for (FF, FR, RF, RR): (256, 563955, 133, 104)
[M::mem_pestat] analyzing insert size distribution for orientation FF...
[M::mem_pestat] (25, 50, 75) percentile: (354, 572, 775)
[M::mem_pestat] low and high boundaries for computing mean and std.dev: (1, 1617)
[M::mem_pestat] mean and std.dev: (554.94, 290.51)
[M::mem_pestat] low and high boundaries for proper pairs: (1, 2038)
[M::mem_pestat] analyzing insert size distribution for orientation FR...
[M::mem_pestat] (25, 50, 75) percentile: (289, 380, 493)
[M::mem_pestat] low and high boundaries for computing mean and std.dev: (1, 901)
[M::mem_pestat] mean and std.dev: (398.58, 153.25)
[M::mem_pestat] low and high boundaries for proper pairs: (1, 1105)
[M::mem_pestat] analyzing insert size distribution for orientation RF...
[M::mem_pestat] (25, 50, 75) percentile: (52, 594, 3856)
[M::mem_pestat] low and high boundaries for computing mean and std.dev: (1, 11464)
[M::mem_pestat] mean and std.dev: (2081.50, 2596.30)
[M::mem_pestat] low and high boundaries for proper pairs: (1, 15268)
[M::mem_pestat] analyzing insert size distribution for orientation RR...
[M::mem_pestat] (25, 50, 75) percentile: (226, 493, 910)
[M::mem_pestat] low and high boundaries for computing mean and std.dev: (1, 2278)
[M::mem_pestat] mean and std.dev: (543.68, 477.73)
[M::mem_pestat] low and high boundaries for proper pairs: (1, 2962)
[M::mem_pestat] skip orientation FF
[M::mem_pestat] skip orientation RF
[M::mem_pestat] skip orientation RR
[M::process] read 1460682 sequences (200000202 bp)...
[M::mem_process_seqs] Processed 1461304 reads in 433.435 CPU sec, 47.140 real sec
[M::mem_pestat] # candidate unique pairs for (FF, FR, RF, RR): (217, 562451, 138, 100)
[M::mem_pestat] analyzing insert size distribution for orientation FF...
[M::mem_pestat] (25, 50, 75) percentile: (384, 521, 908)
[M::mem_pestat] low and high boundaries for computing mean and std.dev: (1, 1956)
[M::mem_pestat] mean and std.dev: (618.12, 373.50)
[M::mem_pestat] low and high boundaries for proper pairs: (1, 2480)
[M::mem_pestat] analyzing insert size distribution for orientation FR...
[M::mem_pestat] (25, 50, 75) percentile: (291, 382, 494)
[M::mem_pestat] low and high boundaries for computing mean and std.dev: (1, 900)
[M::mem_pestat] mean and std.dev: (400.12, 153.27)
[M::mem_pestat] low and high boundaries for proper pairs: (1, 1103)
[M::mem_pestat] analyzing insert size distribution for orientation RF...
[M::mem_pestat] (25, 50, 75) percentile: (100, 973, 3574)
[M::mem_pestat] low and high boundaries for computing mean and std.dev: (1, 10522)
[M::mem_pestat] mean and std.dev: (2097.07, 2611.75)
[M::mem_pestat] low and high boundaries for proper pairs: (1, 13996)
[M::mem_pestat] analyzing insert size distribution for orientation RR...
[M::mem_pestat] (25, 50, 75) percentile: (248, 489, 1176)
[M::mem_pestat] low and high boundaries for computing mean and std.dev: (1, 3032)
[M::mem_pestat] mean and std.dev: (722.51, 683.90)
[M::mem_pestat] low and high boundaries for proper pairs: (1, 3960)
[M::mem_pestat] skip orientation FF
[M::mem_pestat] skip orientation RF
[M::mem_pestat] skip orientation RR
[M::process] read 1460492 sequences (200000015 bp)...
[M::mem_process_seqs] Processed 1460682 reads in 433.454 CPU sec, 47.186 real sec
[M::mem_pestat] # candidate unique pairs for (FF, FR, RF, RR): (211, 561543, 136, 97)
[M::mem_pestat] analyzing insert size distribution for orientation FF...
[M::mem_pestat] (25, 50, 75) percentile: (354, 544, 748)
[M::mem_pestat] low and high boundaries for computing mean and std.dev: (1, 1536)
[M::mem_pestat] mean and std.dev: (555.84, 289.23)
[M::mem_pestat] low and high boundaries for proper pairs: (1, 1930)
[M::mem_pestat] analyzing insert size distribution for orientation FR...
[M::mem_pestat] (25, 50, 75) percentile: (289, 380, 492)
[M::mem_pestat] low and high boundaries for computing mean and std.dev: (1, 898)
[M::mem_pestat] mean and std.dev: (398.69, 152.60)
[M::mem_pestat] low and high boundaries for proper pairs: (1, 1101)
[M::mem_pestat] analyzing insert size distribution for orientation RF...
[M::mem_pestat] (25, 50, 75) percentile: (51, 389, 3204)
[M::mem_pestat] low and high boundaries for computing mean and std.dev: (1, 9510)
[M::mem_pestat] mean and std.dev: (1760.76, 2527.17)
[M::mem_pestat] low and high boundaries for proper pairs: (1, 12663)
[M::mem_pestat] analyzing insert size distribution for orientation RR...
[M::mem_pestat] (25, 50, 75) percentile: (272, 600, 1448)
[M::mem_pestat] low and high boundaries for computing mean and std.dev: (1, 3800)
[M::mem_pestat] mean and std.dev: (847.88, 788.57)
[M::mem_pestat] low and high boundaries for proper pairs: (1, 4976)
[M::mem_pestat] skip orientation FF
[M::mem_pestat] skip orientation RF
[M::mem_pestat] skip orientation RR
[M::process] read 1462706 sequences (200000098 bp)...
[M::mem_process_seqs] Processed 1460492 reads in 435.851 CPU sec, 47.279 real sec
[M::mem_pestat] # candidate unique pairs for (FF, FR, RF, RR): (242, 563436, 120, 100)
[M::mem_pestat] analyzing insert size distribution for orientation FF...
[M::mem_pestat] (25, 50, 75) percentile: (343, 482, 803)
[M::mem_pestat] low and high boundaries for computing mean and std.dev: (1, 1723)
[M::mem_pestat] mean and std.dev: (539.76, 309.63)
[M::mem_pestat] low and high boundaries for proper pairs: (1, 2183)
[M::mem_pestat] analyzing insert size distribution for orientation FR...
[M::mem_pestat] (25, 50, 75) percentile: (289, 380, 492)
[M::mem_pestat] low and high boundaries for computing mean and std.dev: (1, 898)
[M::mem_pestat] mean and std.dev: (397.90, 152.19)
[M::mem_pestat] low and high boundaries for proper pairs: (1, 1101)
[M::mem_pestat] analyzing insert size distribution for orientation RF...
[M::mem_pestat] (25, 50, 75) percentile: (56, 439, 2979)
[M::mem_pestat] low and high boundaries for computing mean and std.dev: (1, 8825)
[M::mem_pestat] mean and std.dev: (1558.93, 2145.11)
[M::mem_pestat] low and high boundaries for proper pairs: (1, 11748)
[M::mem_pestat] analyzing insert size distribution for orientation RR...
[M::mem_pestat] (25, 50, 75) percentile: (239, 498, 1192)
[M::mem_pestat] low and high boundaries for computing mean and std.dev: (1, 3098)
[M::mem_pestat] mean and std.dev: (640.62, 654.77)
[M::mem_pestat] low and high boundaries for proper pairs: (1, 4051)
[M::mem_pestat] skip orientation FF
[M::mem_pestat] skip orientation RF
[M::mem_pestat] skip orientation RR
[M::process] read 1460458 sequences (200000017 bp)...
[M::mem_process_seqs] Processed 1462706 reads in 435.801 CPU sec, 47.314 real sec
[M::mem_pestat] # candidate unique pairs for (FF, FR, RF, RR): (242, 562985, 123, 101)
[M::mem_pestat] analyzing insert size distribution for orientation FF...
[M::mem_pestat] (25, 50, 75) percentile: (360, 542, 905)
[M::mem_pestat] low and high boundaries for computing mean and std.dev: (1, 1995)
[M::mem_pestat] mean and std.dev: (617.55, 399.91)
[M::mem_pestat] low and high boundaries for proper pairs: (1, 2540)
[M::mem_pestat] analyzing insert size distribution for orientation FR...
[M::mem_pestat] (25, 50, 75) percentile: (291, 383, 496)
[M::mem_pestat] low and high boundaries for computing mean and std.dev: (1, 906)
[M::mem_pestat] mean and std.dev: (401.28, 153.92)
[M::mem_pestat] low and high boundaries for proper pairs: (1, 1111)
[M::mem_pestat] analyzing insert size distribution for orientation RF...
[M::mem_pestat] (25, 50, 75) percentile: (43, 331, 1725)
[M::mem_pestat] low and high boundaries for computing mean and std.dev: (1, 5089)
[M::mem_pestat] mean and std.dev: (732.94, 1164.35)
[M::mem_pestat] low and high boundaries for proper pairs: (1, 6771)
[M::mem_pestat] analyzing insert size distribution for orientation RR...
[M::mem_pestat] (25, 50, 75) percentile: (228, 596, 1257)
[M::mem_pestat] low and high boundaries for computing mean and std.dev: (1, 3315)
[M::mem_pestat] mean and std.dev: (720.56, 659.73)
[M::mem_pestat] low and high boundaries for proper pairs: (1, 4344)
[M::mem_pestat] skip orientation FF
[M::mem_pestat] skip orientation RF
[M::mem_pestat] skip orientation RR
[M::process] read 1461166 sequences (200000074 bp)...
[M::mem_process_seqs] Processed 1460458 reads in 434.724 CPU sec, 47.284 real sec
[M::mem_pestat] # candidate unique pairs for (FF, FR, RF, RR): (263, 562165, 120, 104)
[M::mem_pestat] analyzing insert size distribution for orientation FF...
[M::mem_pestat] (25, 50, 75) percentile: (356, 567, 826)
[M::mem_pestat] low and high boundaries for computing mean and std.dev: (1, 1766)
[M::mem_pestat] mean and std.dev: (567.47, 334.62)
[M::mem_pestat] low and high boundaries for proper pairs: (1, 2236)
[M::mem_pestat] analyzing insert size distribution for orientation FR...
[M::mem_pestat] (25, 50, 75) percentile: (291, 382, 494)
[M::mem_pestat] low and high boundaries for computing mean and std.dev: (1, 900)
[M::mem_pestat] mean and std.dev: (400.21, 152.88)
[M::mem_pestat] low and high boundaries for proper pairs: (1, 1103)
[M::mem_pestat] analyzing insert size distribution for orientation RF...
[M::mem_pestat] (25, 50, 75) percentile: (56, 372, 3234)
[M::mem_pestat] low and high boundaries for computing mean and std.dev: (1, 9590)
[M::mem_pestat] mean and std.dev: (1781.80, 2503.53)
[M::mem_pestat] low and high boundaries for proper pairs: (1, 12768)
[M::mem_pestat] analyzing insert size distribution for orientation RR...
[M::mem_pestat] (25, 50, 75) percentile: (304, 481, 904)
[M::mem_pestat] low and high boundaries for computing mean and std.dev: (1, 2104)
[M::mem_pestat] mean and std.dev: (613.93, 443.73)
[M::mem_pestat] low and high boundaries for proper pairs: (1, 2704)
[M::mem_pestat] skip orientation FF
[M::mem_pestat] skip orientation RF
[M::mem_pestat] skip orientation RR
[M::process] read 1465260 sequences (200000138 bp)...
[M::mem_process_seqs] Processed 1461166 reads in 434.272 CPU sec, 47.139 real sec
[M::mem_pestat] # candidate unique pairs for (FF, FR, RF, RR): (218, 562918, 128, 93)
[M::mem_pestat] analyzing insert size distribution for orientation FF...
[M::mem_pestat] (25, 50, 75) percentile: (331, 511, 770)
[M::mem_pestat] low and high boundaries for computing mean and std.dev: (1, 1648)
[M::mem_pestat] mean and std.dev: (542.18, 299.03)
[M::mem_pestat] low and high boundaries for proper pairs: (1, 2087)
[M::mem_pestat] analyzing insert size distribution for orientation FR...
[M::mem_pestat] (25, 50, 75) percentile: (289, 379, 489)
[M::mem_pestat] low and high boundaries for computing mean and std.dev: (1, 889)
[M::mem_pestat] mean and std.dev: (396.71, 150.38)
[M::mem_pestat] low and high boundaries for proper pairs: (1, 1089)
[M::mem_pestat] analyzing insert size distribution for orientation RF...
[M::mem_pestat] (25, 50, 75) percentile: (76, 593, 3525)
[M::mem_pestat] low and high boundaries for computing mean and std.dev: (1, 10423)
[M::mem_pestat] mean and std.dev: (1695.45, 2090.95)
[M::mem_pestat] low and high boundaries for proper pairs: (1, 13872)
[M::mem_pestat] analyzing insert size distribution for orientation RR...
[M::mem_pestat] (25, 50, 75) percentile: (220, 453, 917)
[M::mem_pestat] low and high boundaries for computing mean and std.dev: (1, 2311)
[M::mem_pestat] mean and std.dev: (573.40, 479.95)
[M::mem_pestat] low and high boundaries for proper pairs: (1, 3008)
[M::mem_pestat] skip orientation FF
[M::mem_pestat] skip orientation RF
[M::mem_pestat] skip orientation RR
[M::process] read 1463156 sequences (200000283 bp)...
[M::mem_process_seqs] Processed 1465260 reads in 437.779 CPU sec, 47.515 real sec
[M::mem_pestat] # candidate unique pairs for (FF, FR, RF, RR): (194, 564444, 141, 126)
[M::mem_pestat] analyzing insert size distribution for orientation FF...
[M::mem_pestat] (25, 50, 75) percentile: (325, 492, 829)
[M::mem_pestat] low and high boundaries for computing mean and std.dev: (1, 1837)
[M::mem_pestat] mean and std.dev: (573.09, 355.01)
[M::mem_pestat] low and high boundaries for proper pairs: (1, 2341)
[M::mem_pestat] analyzing insert size distribution for orientation FR...
[M::mem_pestat] (25, 50, 75) percentile: (291, 382, 494)
[M::mem_pestat] low and high boundaries for computing mean and std.dev: (1, 900)
[M::mem_pestat] mean and std.dev: (400.09, 152.94)
[M::mem_pestat] low and high boundaries for proper pairs: (1, 1103)
[M::mem_pestat] analyzing insert size distribution for orientation RF...
[M::mem_pestat] (25, 50, 75) percentile: (42, 212, 1179)
[M::mem_pestat] low and high boundaries for computing mean and std.dev: (1, 3453)
[M::mem_pestat] mean and std.dev: (446.91, 741.91)
[M::mem_pestat] low and high boundaries for proper pairs: (1, 4590)
[M::mem_pestat] analyzing insert size distribution for orientation RR...
[M::mem_pestat] (25, 50, 75) percentile: (214, 534, 981)
[M::mem_pestat] low and high boundaries for computing mean and std.dev: (1, 2515)
[M::mem_pestat] mean and std.dev: (587.56, 471.86)
[M::mem_pestat] low and high boundaries for proper pairs: (1, 3282)
[M::mem_pestat] skip orientation FF
[M::mem_pestat] skip orientation RF
[M::mem_pestat] skip orientation RR
[M::process] read 1463134 sequences (200000165 bp)...
[M::mem_process_seqs] Processed 1463156 reads in 434.492 CPU sec, 47.307 real sec
[M::mem_pestat] # candidate unique pairs for (FF, FR, RF, RR): (241, 563640, 131, 120)
[M::mem_pestat] analyzing insert size distribution for orientation FF...
[M::mem_pestat] (25, 50, 75) percentile: (288, 482, 786)
[M::mem_pestat] low and high boundaries for computing mean and std.dev: (1, 1782)
[M::mem_pestat] mean and std.dev: (531.51, 347.36)
[M::mem_pestat] low and high boundaries for proper pairs: (1, 2280)
[M::mem_pestat] analyzing insert size distribution for orientation FR...
[M::mem_pestat] (25, 50, 75) percentile: (291, 382, 494)
[M::mem_pestat] low and high boundaries for computing mean and std.dev: (1, 900)
[M::mem_pestat] mean and std.dev: (400.51, 152.80)
[M::mem_pestat] low and high boundaries for proper pairs: (1, 1103)
[M::mem_pestat] analyzing insert size distribution for orientation RF...
[M::mem_pestat] (25, 50, 75) percentile: (34, 394, 2906)
[M::mem_pestat] low and high boundaries for computing mean and std.dev: (1, 8650)
[M::mem_pestat] mean and std.dev: (1503.74, 2049.02)
[M::mem_pestat] low and high boundaries for proper pairs: (1, 11522)
[M::mem_pestat] analyzing insert size distribution for orientation RR...
[M::mem_pestat] (25, 50, 75) percentile: (285, 566, 1329)
[M::mem_pestat] low and high boundaries for computing mean and std.dev: (1, 3417)
[M::mem_pestat] mean and std.dev: (825.32, 749.48)
[M::mem_pestat] low and high boundaries for proper pairs: (1, 4461)
[M::mem_pestat] skip orientation FF
[M::mem_pestat] skip orientation RF
[M::mem_pestat] skip orientation RR
[M::process] read 1462550 sequences (200000031 bp)...
[M::mem_process_seqs] Processed 1463134 reads in 435.461 CPU sec, 47.424 real sec
[M::process] read 61464 sequences (8384344 bp)...
[M::mem_pestat] # candidate unique pairs for (FF, FR, RF, RR): (227, 561539, 134, 94)
[M::mem_pestat] analyzing insert size distribution for orientation FF...
[M::mem_pestat] (25, 50, 75) percentile: (364, 492, 686)
[M::mem_pestat] low and high boundaries for computing mean and std.dev: (1, 1330)
[M::mem_pestat] mean and std.dev: (513.60, 247.60)
[M::mem_pestat] low and high boundaries for proper pairs: (1, 1652)
[M::mem_pestat] analyzing insert size distribution for orientation FR...
[M::mem_pestat] (25, 50, 75) percentile: (290, 380, 492)
[M::mem_pestat] low and high boundaries for computing mean and std.dev: (1, 896)
[M::mem_pestat] mean and std.dev: (398.52, 151.75)
[M::mem_pestat] low and high boundaries for proper pairs: (1, 1098)
[M::mem_pestat] analyzing insert size distribution for orientation RF...
[M::mem_pestat] (25, 50, 75) percentile: (43, 446, 1729)
[M::mem_pestat] low and high boundaries for computing mean and std.dev: (1, 5101)
[M::mem_pestat] mean and std.dev: (896.77, 1197.99)
[M::mem_pestat] low and high boundaries for proper pairs: (1, 6787)
[M::mem_pestat] analyzing insert size distribution for orientation RR...
[M::mem_pestat] (25, 50, 75) percentile: (290, 707, 1195)
[M::mem_pestat] low and high boundaries for computing mean and std.dev: (1, 3005)
[M::mem_pestat] mean and std.dev: (780.61, 656.57)
[M::mem_pestat] low and high boundaries for proper pairs: (1, 3910)
[M::mem_pestat] skip orientation FF
[M::mem_pestat] skip orientation RF
[M::mem_pestat] skip orientation RR
[M::mem_process_seqs] Processed 1462550 reads in 434.333 CPU sec, 47.314 real sec
[M::mem_pestat] # candidate unique pairs for (FF, FR, RF, RR): (5, 23473, 7, 3)
[M::mem_pestat] skip orientation FF as there are not enough pairs
[M::mem_pestat] analyzing insert size distribution for orientation FR...
[M::mem_pestat] (25, 50, 75) percentile: (288, 379, 485)
[M::mem_pestat] low and high boundaries for computing mean and std.dev: (1, 879)
[M::mem_pestat] mean and std.dev: (394.50, 147.86)
[M::mem_pestat] low and high boundaries for proper pairs: (1, 1076)
[M::mem_pestat] skip orientation RF as there are not enough pairs
[M::mem_pestat] skip orientation RR as there are not enough pairs
[M::mem_process_seqs] Processed 61464 reads in 18.278 CPU sec, 2.087 real sec
[main] Version: 0.7.17-r1188
[main] CMD: bwa mem -t 20samblaster: Marked 3101840 of 29254516 (10.60%) read ids as duplicates -R @RG\tID:TL_GL_19T_025\tPL:ILLUMINA\tPU:HJMNCDSX7.4\tSM:TL_GL_19T_025\tCN:MCGILL\tBC:TTGGAATTCC-NTATTGACGT using 492960k memory in  /storage/scratch/iee/dj20y461/Stickleback/G_aculeatus/FITNESS//data/ref_A_X/stickleback_v5_assembly_A_X.fasta1M /storage/scratch/iee/dj20y461/Stickleback/G_aculeatus/FITNESS//data/trimmed/TL_GL_19T_025.R1.trimmed.fastq.gz9S /storage/scratch/iee/dj20y461/Stickleback/G_aculeatus/FITNESS//data/trimmed/TL_GL_19T_025.R2.trimmed.fastq.gz(68.952S) CPU seconds and 
[main] Real time: 2079.009 sec; CPU: 17451.644 sec
34M39S(2079S) wall time.
[bam_sort_core] merging from 20 files and 20 in-memory blocks...
