samblaster: Version 0.1.24
samblaster: Inputting from stdin
samblaster: Outputting to stdout
[M::bwa_idx_load_from_disk] read 0 ALT contigs
[M::process] read 1458704 sequences (200000188 bp)...
[M::mem_pestat] # candidate unique pairs for (FF, FR, RF, RR): (60, 556900, 137, 34)
[M::mem_pestat] analyzing insert size distribution for orientation FF...
[M::mem_pestat] (25, 50, 75) percentile: (200, 455, 908)
[M::mem_pestat] low and high boundaries for computing mean and std.dev: (1, 2324)
[M::mem_pestat] mean and std.dev: (460.73, 340.18)
[M::mem_pestat] low and high boundaries for proper pairs: (1, 3032)
[M::mem_pestat] analyzing insert size distribution for orientation FR...
[M::mem_pestat] (25, 50, 75) percentile: (263, 348, 446)
[M::mem_pestat] low and high boundaries for computing mean and std.dev: (1, 812)
[M::mem_pestat] mean and std.dev: (361.74, 136.02)
[M::mem_pestat] low and high boundaries for proper pairs: (1, 995)
[M::mem_pestat] analyzing insert size distribution for orientation RF...
[M::mem_pestat] (25, 50, 75) percentile: (76, 1096, 3639)
[M::mem_pestat] low and high boundaries for computing mean and std.dev: (1, 10765)
[M::mem_pestat] mean and std.dev: (2137.64, 2413.17)
[M::mem_pestat] low and high boundaries for proper pairs: (1, 14328)
[M::mem_pestat] analyzing insert size distribution for orientation RR...
[M::mem_pestat] (25, 50, 75) percentile: (199, 317, 473)
[M::mem_pestat] low and high boundaries for computing mean and std.dev: (1, 1021)
[M::mem_pestat] mean and std.dev: (328.77, 215.22)
[M::mem_pestat] low and high boundaries for proper pairs: (1, 1295)
[M::mem_pestat] skip orientation FF
[M::mem_pestat] skip orientation RF
[M::mem_pestat] skip orientation RR
[M::mem_process_seqs] Processed 1458704 reads in 479.044 CPU sec, 115.230 real sec
samblaster: Loaded 23 header sequence entries.
[M::process] read 1455982 sequences (200000006 bp)...
[M::process] read 1458348 sequences (200000251 bp)...
[M::mem_pestat] # candidate unique pairs for (FF, FR, RF, RR): (65, 555528, 125, 41)
[M::mem_pestat] analyzing insert size distribution for orientation FF...
[M::mem_pestat] (25, 50, 75) percentile: (251, 392, 594)
[M::mem_pestat] low and high boundaries for computing mean and std.dev: (1, 1280)
[M::mem_pestat] mean and std.dev: (388.58, 191.56)
[M::mem_pestat] low and high boundaries for proper pairs: (1, 1623)
[M::mem_pestat] analyzing insert size distribution for orientation FR...
[M::mem_pestat] (25, 50, 75) percentile: (267, 353, 453)
[M::mem_pestat] low and high boundaries for computing mean and std.dev: (1, 825)
[M::mem_pestat] mean and std.dev: (366.95, 137.75)
[M::mem_pestat] low and high boundaries for proper pairs: (1, 1011)
[M::mem_pestat] analyzing insert size distribution for orientation RF...
[M::mem_pestat] (25, 50, 75) percentile: (58, 489, 2686)
[M::mem_pestat] low and high boundaries for computing mean and std.dev: (1, 7942)
[M::mem_pestat] mean and std.dev: (1287.56, 1747.65)
[M::mem_pestat] low and high boundaries for proper pairs: (1, 10570)
[M::mem_pestat] analyzing insert size distribution for orientation RR...
[M::mem_pestat] (25, 50, 75) percentile: (212, 395, 2180)
[M::mem_pestat] low and high boundaries for computing mean and std.dev: (1, 6116)
[M::mem_pestat] mean and std.dev: (1062.56, 1497.25)
[M::mem_pestat] low and high boundaries for proper pairs: (1, 8084)
[M::mem_pestat] skip orientation FF
[M::mem_pestat] skip orientation RF
[M::mem_pestat] skip orientation RR
[M::mem_process_seqs] Processed 1455982 reads in 448.055 CPU sec, 50.070 real sec
[M::process] read 1461426 sequences (200000188 bp)...
[M::mem_pestat] # candidate unique pairs for (FF, FR, RF, RR): (84, 554206, 143, 42)
[M::mem_pestat] analyzing insert size distribution for orientation FF...
[M::mem_pestat] (25, 50, 75) percentile: (284, 412, 511)
[M::mem_pestat] low and high boundaries for computing mean and std.dev: (1, 965)
[M::mem_pestat] mean and std.dev: (399.66, 187.43)
[M::mem_pestat] low and high boundaries for proper pairs: (1, 1192)
[M::mem_pestat] analyzing insert size distribution for orientation FR...
[M::mem_pestat] (25, 50, 75) percentile: (266, 352, 450)
[M::mem_pestat] low and high boundaries for computing mean and std.dev: (1, 818)
[M::mem_pestat] mean and std.dev: (365.09, 135.82)
[M::mem_pestat] low and high boundaries for proper pairs: (1, 1002)
[M::mem_pestat] analyzing insert size distribution for orientation RF...
[M::mem_pestat] (25, 50, 75) percentile: (63, 434, 2874)
[M::mem_pestat] low and high boundaries for computing mean and std.dev: (1, 8496)
[M::mem_pestat] mean and std.dev: (1511.13, 1983.76)
[M::mem_pestat] low and high boundaries for proper pairs: (1, 11307)
[M::mem_pestat] analyzing insert size distribution for orientation RR...
[M::mem_pestat] (25, 50, 75) percentile: (241, 453, 2277)
[M::mem_pestat] low and high boundaries for computing mean and std.dev: (1, 6349)
[M::mem_pestat] mean and std.dev: (1395.78, 1802.05)
[M::mem_pestat] low and high boundaries for proper pairs: (1, 8604)
[M::mem_pestat] skip orientation FF
[M::mem_pestat] skip orientation RF
[M::mem_pestat] skip orientation RR
[M::mem_process_seqs] Processed 1458348 reads in 453.911 CPU sec, 51.898 real sec
[M::process] read 1456780 sequences (200000255 bp)...
[M::mem_pestat] # candidate unique pairs for (FF, FR, RF, RR): (68, 555101, 123, 42)
[M::mem_pestat] analyzing insert size distribution for orientation FF...
[M::mem_pestat] (25, 50, 75) percentile: (268, 474, 777)
[M::mem_pestat] low and high boundaries for computing mean and std.dev: (1, 1795)
[M::mem_pestat] mean and std.dev: (498.82, 351.34)
[M::mem_pestat] low and high boundaries for proper pairs: (1, 2304)
[M::mem_pestat] analyzing insert size distribution for orientation FR...
[M::mem_pestat] (25, 50, 75) percentile: (264, 349, 445)
[M::mem_pestat] low and high boundaries for computing mean and std.dev: (1, 807)
[M::mem_pestat] mean and std.dev: (361.02, 133.47)
[M::mem_pestat] low and high boundaries for proper pairs: (1, 988)
[M::mem_pestat] analyzing insert size distribution for orientation RF...
[M::mem_pestat] (25, 50, 75) percentile: (65, 339, 3514)
[M::mem_pestat] low and high boundaries for computing mean and std.dev: (1, 10412)
[M::mem_pestat] mean and std.dev: (1837.54, 2586.08)
[M::mem_pestat] low and high boundaries for proper pairs: (1, 13861)
[M::mem_pestat] analyzing insert size distribution for orientation RR...
[M::mem_pestat] (25, 50, 75) percentile: (142, 257, 837)
[M::mem_pestat] low and high boundaries for computing mean and std.dev: (1, 2227)
[M::mem_pestat] mean and std.dev: (390.74, 458.97)
[M::mem_pestat] low and high boundaries for proper pairs: (1, 2922)
[M::mem_pestat] skip orientation FF
[M::mem_pestat] skip orientation RF
[M::mem_pestat] skip orientation RR
[M::mem_process_seqs] Processed 1461426 reads in 451.660 CPU sec, 49.741 real sec
[M::mem_pestat] # candidate unique pairs for (FF, FR, RF, RR): (49, 554776, 129, 38)
[M::mem_pestat] analyzing insert size distribution for orientation FF...
[M::mem_pestat] (25, 50, 75) percentile: (302, 433, 1018)
[M::mem_pestat] low and high boundaries for computing mean and std.dev: (1, 2450)
[M::mem_pestat] mean and std.dev: (607.48, 559.68)
[M::mem_pestat] low and high boundaries for proper pairs: (1, 3166)
[M::mem_pestat] analyzing insert size distribution for orientation FR...
[M::mem_pestat] (25, 50, 75) percentile: (267, 353, 452)
[M::mem_pestat] low and high boundaries for computing mean and std.dev: (1, 822)
[M::mem_pestat] mean and std.dev: (366.80, 137.72)
[M::mem_pestat] low and high boundaries for proper pairs: (1, 1007)
[M::mem_pestat] analyzing insert size distribution for orientation RF...
[M::mem_pestat] (25, 50, 75) percentile: (84, 376, 2204)
[M::mem_pestat] low and high boundaries for computing mean and std.dev: (1, 6444)
[M::mem_pestat] mean and std.dev: (1200.67, 1706.40)
[M::mem_pestat] low and high boundaries for proper pairs: (1, 8564)
[M::mem_pestat] analyzing insert size distribution for orientation RR...
[M::mem_pestat] (25, 50, 75) percentile: (278, 564, 1652)
[M::mem_pestat] low and high boundaries for computing mean and std.dev: (1, 4400)
[M::mem_pestat] mean and std.dev: (899.14, 956.02)
[M::mem_pestat] low and high boundaries for proper pairs: (1, 5774)
[M::mem_pestat] skip orientation FF
[M::mem_pestat] skip orientation RF
[M::mem_pestat] skip orientation RR
[M::mem_process_seqs] Processed 1456780 reads in 455.150 CPU sec, 65.674 real sec
[M::process] read 1459004 sequences (200000224 bp)...
[M::process] read 1465704 sequences (200000283 bp)...
[M::mem_pestat] # candidate unique pairs for (FF, FR, RF, RR): (60, 553956, 124, 35)
[M::mem_pestat] analyzing insert size distribution for orientation FF...
[M::mem_pestat] (25, 50, 75) percentile: (303, 434, 740)
[M::mem_pestat] low and high boundaries for computing mean and std.dev: (1, 1614)
[M::mem_pestat] mean and std.dev: (478.71, 354.25)
[M::mem_pestat] low and high boundaries for proper pairs: (1, 2051)
[M::mem_pestat] analyzing insert size distribution for orientation FR...
[M::mem_pestat] (25, 50, 75) percentile: (267, 352, 451)
[M::mem_pestat] low and high boundaries for computing mean and std.dev: (1, 819)
[M::mem_pestat] mean and std.dev: (365.95, 136.53)
[M::mem_pestat] low and high boundaries for proper pairs: (1, 1003)
[M::mem_pestat] analyzing insert size distribution for orientation RF...
[M::mem_pestat] (25, 50, 75) percentile: (51, 349, 2548)
[M::mem_pestat] low and high boundaries for computing mean and std.dev: (1, 7542)
[M::mem_pestat] mean and std.dev: (1197.51, 1869.07)
[M::mem_pestat] low and high boundaries for proper pairs: (1, 10039)
[M::mem_pestat] analyzing insert size distribution for orientation RR...
[M::mem_pestat] (25, 50, 75) percentile: (339, 491, 1004)
[M::mem_pestat] low and high boundaries for computing mean and std.dev: (1, 2334)
[M::mem_pestat] mean and std.dev: (582.13, 459.28)
[M::mem_pestat] low and high boundaries for proper pairs: (1, 2999)
[M::mem_pestat] skip orientation FF
[M::mem_pestat] skip orientation RF
[M::mem_pestat] skip orientation RR
[M::mem_process_seqs] Processed 1459004 reads in 450.642 CPU sec, 45.967 real sec
[M::process] read 1455854 sequences (200000008 bp)...
[M::mem_pestat] # candidate unique pairs for (FF, FR, RF, RR): (74, 554382, 116, 48)
[M::mem_pestat] analyzing insert size distribution for orientation FF...
[M::mem_pestat] (25, 50, 75) percentile: (217, 374, 678)
[M::mem_pestat] low and high boundaries for computing mean and std.dev: (1, 1600)
[M::mem_pestat] mean and std.dev: (445.06, 326.76)
[M::mem_pestat] low and high boundaries for proper pairs: (1, 2061)
[M::mem_pestat] analyzing insert size distribution for orientation FR...
[M::mem_pestat] (25, 50, 75) percentile: (264, 349, 444)
[M::mem_pestat] low and high boundaries for computing mean and std.dev: (1, 804)
[M::mem_pestat] mean and std.dev: (360.68, 131.83)
[M::mem_pestat] low and high boundaries for proper pairs: (1, 984)
[M::mem_pestat] analyzing insert size distribution for orientation RF...
[M::mem_pestat] (25, 50, 75) percentile: (139, 492, 3702)
[M::mem_pestat] low and high boundaries for computing mean and std.dev: (1, 10828)
[M::mem_pestat] mean and std.dev: (1965.18, 2407.52)
[M::mem_pestat] low and high boundaries for proper pairs: (1, 14391)
[M::mem_pestat] analyzing insert size distribution for orientation RR...
[M::mem_pestat] (25, 50, 75) percentile: (191, 446, 1618)
[M::mem_pestat] low and high boundaries for computing mean and std.dev: (1, 4472)
[M::mem_pestat] mean and std.dev: (590.73, 744.25)
[M::mem_pestat] low and high boundaries for proper pairs: (1, 5899)
[M::mem_pestat] skip orientation FF
[M::mem_pestat] skip orientation RF
[M::mem_pestat] skip orientation RR
[M::mem_process_seqs] Processed 1465704 reads in 454.524 CPU sec, 49.137 real sec
[M::mem_pestat] # candidate unique pairs for (FF, FR, RF, RR): (67, 555047, 125, 51)
[M::mem_pestat] analyzing insert size distribution for orientation FF...
[M::mem_pestat] (25, 50, 75) percentile: (274, 373, 712)
[M::mem_pestat] low and high boundaries for computing mean and std.dev: (1, 1588)
[M::mem_pestat] mean and std.dev: (460.98, 308.27)
[M::mem_pestat] low and high boundaries for proper pairs: (1, 2026)
[M::mem_pestat] analyzing insert size distribution for orientation FR...
[M::mem_pestat] (25, 50, 75) percentile: (266, 352, 452)
[M::mem_pestat] low and high boundaries for computing mean and std.dev: (1, 824)
[M::mem_pestat] mean and std.dev: (365.88, 138.09)
[M::mem_pestat] low and high boundaries for proper pairs: (1, 1010)
[M::mem_pestat] analyzing insert size distribution for orientation RF...
[M::mem_pestat] (25, 50, 75) percentile: (56, 338, 2765)
[M::mem_pestat] low and high boundaries for computing mean and std.dev: (1, 8183)
[M::mem_pestat] mean and std.dev: (1274.42, 1821.47)
[M::mem_pestat] low and high boundaries for proper pairs: (1, 10892)
[M::mem_pestat] analyzing insert size distribution for orientation RR...
[M::mem_pestat] (25, 50, 75) percentile: (175, 424, 1428)
[M::mem_pestat] low and high boundaries for computing mean and std.dev: (1, 3934)
[M::mem_pestat] mean and std.dev: (733.02, 818.27)
[M::mem_pestat] low and high boundaries for proper pairs: (1, 5187)
[M::mem_pestat] skip orientation FF
[M::mem_pestat] skip orientation RF
[M::mem_pestat] skip orientation RR
[M::process] read 1455276 sequences (200000014 bp)...
[M::mem_process_seqs] Processed 1455854 reads in 447.083 CPU sec, 48.434 real sec
[M::mem_pestat] # candidate unique pairs for (FF, FR, RF, RR): (60, 554728, 115, 43)
[M::mem_pestat] analyzing insert size distribution for orientation FF...
[M::mem_pestat] (25, 50, 75) percentile: (273, 432, 680)
[M::mem_pestat] low and high boundaries for computing mean and std.dev: (1, 1494)
[M::mem_pestat] mean and std.dev: (429.94, 273.10)
[M::mem_pestat] low and high boundaries for proper pairs: (1, 1901)
[M::mem_pestat] analyzing insert size distribution for orientation FR...
[M::mem_pestat] (25, 50, 75) percentile: (268, 355, 455)
[M::mem_pestat] low and high boundaries for computing mean and std.dev: (1, 829)
[M::mem_pestat] mean and std.dev: (369.09, 138.74)
[M::mem_pestat] low and high boundaries for proper pairs: (1, 1016)
[M::mem_pestat] analyzing insert size distribution for orientation RF...
[M::mem_pestat] (25, 50, 75) percentile: (68, 404, 1898)
[M::mem_pestat] low and high boundaries for computing mean and std.dev: (1, 5558)
[M::mem_pestat] mean and std.dev: (902.93, 1361.59)
[M::mem_pestat] low and high boundaries for proper pairs: (1, 7388)
[M::mem_pestat] analyzing insert size distribution for orientation RR...
[M::mem_pestat] (25, 50, 75) percentile: (202, 408, 2765)
[M::mem_pestat] low and high boundaries for computing mean and std.dev: (1, 7891)
[M::mem_pestat] mean and std.dev: (1321.12, 1807.71)
[M::mem_pestat] low and high boundaries for proper pairs: (1, 10454)
[M::mem_pestat] skip orientation FF
[M::mem_pestat] skip orientation RF
[M::mem_pestat] skip orientation RR
[M::process] read 1458966 sequences (200000000 bp)...
[M::mem_process_seqs] Processed 1455276 reads in 450.729 CPU sec, 48.696 real sec
[M::mem_pestat] # candidate unique pairs for (FF, FR, RF, RR): (91, 553790, 118, 32)
[M::mem_pestat] analyzing insert size distribution for orientation FF...
[M::mem_pestat] (25, 50, 75) percentile: (298, 467, 733)
[M::mem_pestat] low and high boundaries for computing mean and std.dev: (1, 1603)
[M::mem_pestat] mean and std.dev: (444.34, 269.51)
[M::mem_pestat] low and high boundaries for proper pairs: (1, 2038)
[M::mem_pestat] analyzing insert size distribution for orientation FR...
[M::mem_pestat] (25, 50, 75) percentile: (267, 353, 451)
[M::mem_pestat] low and high boundaries for computing mean and std.dev: (1, 819)
[M::mem_pestat] mean and std.dev: (365.99, 136.28)
[M::mem_pestat] low and high boundaries for proper pairs: (1, 1003)
[M::mem_pestat] analyzing insert size distribution for orientation RF...
[M::mem_pestat] (25, 50, 75) percentile: (94, 506, 3233)
[M::mem_pestat] low and high boundaries for computing mean and std.dev: (1, 9511)
[M::mem_pestat] mean and std.dev: (1912.61, 2549.33)
[M::mem_pestat] low and high boundaries for proper pairs: (1, 12650)
[M::mem_pestat] analyzing insert size distribution for orientation RR...
[M::mem_pestat] (25, 50, 75) percentile: (155, 448, 732)
[M::mem_pestat] low and high boundaries for computing mean and std.dev: (1, 1886)
[M::mem_pestat] mean and std.dev: (540.50, 535.83)
[M::mem_pestat] low and high boundaries for proper pairs: (1, 2684)
[M::mem_pestat] skip orientation FF
[M::mem_pestat] skip orientation RF
[M::mem_pestat] skip orientation RR
[M::process] read 1463356 sequences (200000136 bp)...
[M::mem_process_seqs] Processed 1458966 reads in 454.999 CPU sec, 49.154 real sec
[M::mem_pestat] # candidate unique pairs for (FF, FR, RF, RR): (50, 555214, 113, 42)
[M::mem_pestat] analyzing insert size distribution for orientation FF...
[M::mem_pestat] (25, 50, 75) percentile: (311, 432, 682)
[M::mem_pestat] low and high boundaries for computing mean and std.dev: (1, 1424)
[M::mem_pestat] mean and std.dev: (444.23, 241.42)
[M::mem_pestat] low and high boundaries for proper pairs: (1, 1795)
[M::mem_pestat] analyzing insert size distribution for orientation FR...
[M::mem_pestat] (25, 50, 75) percentile: (264, 349, 445)
[M::mem_pestat] low and high boundaries for computing mean and std.dev: (1, 807)
[M::mem_pestat] mean and std.dev: (360.99, 132.70)
[M::mem_pestat] low and high boundaries for proper pairs: (1, 988)
[M::mem_pestat] analyzing insert size distribution for orientation RF...
[M::mem_pestat] (25, 50, 75) percentile: (109, 618, 4298)
[M::mem_pestat] low and high boundaries for computing mean and std.dev: (1, 12676)
[M::mem_pestat] mean and std.dev: (2151.95, 2651.94)
[M::mem_pestat] low and high boundaries for proper pairs: (1, 16865)
[M::mem_pestat] analyzing insert size distribution for orientation RR...
[M::mem_pestat] (25, 50, 75) percentile: (211, 364, 787)
[M::mem_pestat] low and high boundaries for computing mean and std.dev: (1, 1939)
[M::mem_pestat] mean and std.dev: (505.48, 452.03)
[M::mem_pestat] low and high boundaries for proper pairs: (1, 2515)
[M::mem_pestat] skip orientation FF
[M::mem_pestat] skip orientation RF
[M::mem_pestat] skip orientation RR
[M::process] read 1454040 sequences (200000145 bp)...
[M::mem_process_seqs] Processed 1463356 reads in 454.770 CPU sec, 49.204 real sec
[M::mem_pestat] # candidate unique pairs for (FF, FR, RF, RR): (72, 555502, 122, 37)
[M::mem_pestat] analyzing insert size distribution for orientation FF...
[M::mem_pestat] (25, 50, 75) percentile: (257, 413, 729)
[M::mem_pestat] low and high boundaries for computing mean and std.dev: (1, 1673)
[M::mem_pestat] mean and std.dev: (452.02, 309.08)
[M::mem_pestat] low and high boundaries for proper pairs: (1, 2145)
[M::mem_pestat] analyzing insert size distribution for orientation FR...
[M::mem_pestat] (25, 50, 75) percentile: (268, 354, 455)
[M::mem_pestat] low and high boundaries for computing mean and std.dev: (1, 829)
[M::mem_pestat] mean and std.dev: (368.70, 139.15)
[M::mem_pestat] low and high boundaries for proper pairs: (1, 1016)
[M::mem_pestat] analyzing insert size distribution for orientation RF...
[M::mem_pestat] (25, 50, 75) percentile: (31, 181, 2308)
[M::mem_pestat] low and high boundaries for computing mean and std.dev: (1, 6862)
[M::mem_pestat] mean and std.dev: (1031.86, 1573.88)
[M::mem_pestat] low and high boundaries for proper pairs: (1, 9139)
[M::mem_pestat] analyzing insert size distribution for orientation RR...
[M::mem_pestat] (25, 50, 75) percentile: (238, 471, 952)
[M::mem_pestat] low and high boundaries for computing mean and std.dev: (1, 2380)
[M::mem_pestat] mean and std.dev: (519.39, 436.49)
[M::mem_pestat] low and high boundaries for proper pairs: (1, 3094)
[M::mem_pestat] skip orientation FF
[M::mem_pestat] skip orientation RF
[M::mem_pestat] skip orientation RR
[M::process] read 1455998 sequences (200000273 bp)...
[M::mem_process_seqs] Processed 1454040 reads in 447.760 CPU sec, 48.470 real sec
[M::mem_pestat] # candidate unique pairs for (FF, FR, RF, RR): (59, 554380, 110, 48)
[M::mem_pestat] analyzing insert size distribution for orientation FF...
[M::mem_pestat] (25, 50, 75) percentile: (221, 374, 624)
[M::mem_pestat] low and high boundaries for computing mean and std.dev: (1, 1430)
[M::mem_pestat] mean and std.dev: (404.89, 286.68)
[M::mem_pestat] low and high boundaries for proper pairs: (1, 1833)
[M::mem_pestat] analyzing insert size distribution for orientation FR...
[M::mem_pestat] (25, 50, 75) percentile: (268, 355, 454)
[M::mem_pestat] low and high boundaries for computing mean and std.dev: (1, 826)
[M::mem_pestat] mean and std.dev: (368.13, 137.88)
[M::mem_pestat] low and high boundaries for proper pairs: (1, 1012)
[M::mem_pestat] analyzing insert size distribution for orientation RF...
[M::mem_pestat] (25, 50, 75) percentile: (36, 407, 3150)
[M::mem_pestat] low and high boundaries for computing mean and std.dev: (1, 9378)
[M::mem_pestat] mean and std.dev: (1754.05, 2365.46)
[M::mem_pestat] low and high boundaries for proper pairs: (1, 12492)
[M::mem_pestat] analyzing insert size distribution for orientation RR...
[M::mem_pestat] (25, 50, 75) percentile: (190, 361, 670)
[M::mem_pestat] low and high boundaries for computing mean and std.dev: (1, 1630)
[M::mem_pestat] mean and std.dev: (420.66, 344.69)
[M::mem_pestat] low and high boundaries for proper pairs: (1, 2110)
[M::mem_pestat] skip orientation FF
[M::mem_pestat] skip orientation RF
[M::mem_pestat] skip orientation RR
[M::process] read 1460984 sequences (200000042 bp)...
[M::mem_process_seqs] Processed 1455998 reads in 452.300 CPU sec, 48.949 real sec
[M::mem_pestat] # candidate unique pairs for (FF, FR, RF, RR): (74, 554695, 161, 30)
[M::mem_pestat] analyzing insert size distribution for orientation FF...
[M::mem_pestat] (25, 50, 75) percentile: (285, 570, 896)
[M::mem_pestat] low and high boundaries for computing mean and std.dev: (1, 2118)
[M::mem_pestat] mean and std.dev: (588.06, 420.05)
[M::mem_pestat] low and high boundaries for proper pairs: (1, 2729)
[M::mem_pestat] analyzing insert size distribution for orientation FR...
[M::mem_pestat] (25, 50, 75) percentile: (266, 351, 447)
[M::mem_pestat] low and high boundaries for computing mean and std.dev: (1, 809)
[M::mem_pestat] mean and std.dev: (363.26, 133.50)
[M::mem_pestat] low and high boundaries for proper pairs: (1, 990)
[M::mem_pestat] analyzing insert size distribution for orientation RF...
[M::mem_pestat] (25, 50, 75) percentile: (73, 311, 1755)
[M::mem_pestat] low and high boundaries for computing mean and std.dev: (1, 5119)
[M::mem_pestat] mean and std.dev: (921.45, 1259.61)
[M::mem_pestat] low and high boundaries for proper pairs: (1, 6801)
[M::mem_pestat] analyzing insert size distribution for orientation RR...
[M::mem_pestat] (25, 50, 75) percentile: (243, 359, 655)
[M::mem_pestat] low and high boundaries for computing mean and std.dev: (1, 1479)
[M::mem_pestat] mean and std.dev: (393.74, 262.44)
[M::mem_pestat] low and high boundaries for proper pairs: (1, 1891)
[M::mem_pestat] skip orientation FF
[M::mem_pestat] skip orientation RF
[M::mem_pestat] skip orientation RR
[M::process] read 1458936 sequences (200000095 bp)...
[M::mem_process_seqs] Processed 1460984 reads in 453.282 CPU sec, 49.046 real sec
[M::mem_pestat] # candidate unique pairs for (FF, FR, RF, RR): (68, 555711, 107, 23)
[M::mem_pestat] analyzing insert size distribution for orientation FF...
[M::mem_pestat] (25, 50, 75) percentile: (348, 498, 856)
[M::mem_pestat] low and high boundaries for computing mean and std.dev: (1, 1872)
[M::mem_pestat] mean and std.dev: (529.23, 297.56)
[M::mem_pestat] low and high boundaries for proper pairs: (1, 2380)
[M::mem_pestat] analyzing insert size distribution for orientation FR...
[M::mem_pestat] (25, 50, 75) percentile: (267, 352, 451)
[M::mem_pestat] low and high boundaries for computing mean and std.dev: (1, 819)
[M::mem_pestat] mean and std.dev: (365.55, 135.78)
[M::mem_pestat] low and high boundaries for proper pairs: (1, 1003)
[M::mem_pestat] analyzing insert size distribution for orientation RF...
[M::mem_pestat] (25, 50, 75) percentile: (73, 787, 3181)
[M::mem_pestat] low and high boundaries for computing mean and std.dev: (1, 9397)
[M::mem_pestat] mean and std.dev: (1898.29, 2423.25)
[M::mem_pestat] low and high boundaries for proper pairs: (1, 12505)
[M::mem_pestat] analyzing insert size distribution for orientation RR...
[M::mem_pestat] (25, 50, 75) percentile: (266, 590, 1318)
[M::mem_pestat] low and high boundaries for computing mean and std.dev: (1, 3422)
[M::mem_pestat] mean and std.dev: (717.90, 655.12)
[M::mem_pestat] low and high boundaries for proper pairs: (1, 4474)
[M::mem_pestat] skip orientation FF
[M::mem_pestat] skip orientation RF
[M::mem_pestat] skip orientation RR
[M::process] read 1455410 sequences (200000265 bp)...
[M::mem_process_seqs] Processed 1458936 reads in 451.464 CPU sec, 48.857 real sec
[M::mem_pestat] # candidate unique pairs for (FF, FR, RF, RR): (46, 555104, 114, 25)
[M::mem_pestat] analyzing insert size distribution for orientation FF...
[M::mem_pestat] (25, 50, 75) percentile: (223, 435, 626)
[M::mem_pestat] low and high boundaries for computing mean and std.dev: (1, 1432)
[M::mem_pestat] mean and std.dev: (411.00, 241.82)
[M::mem_pestat] low and high boundaries for proper pairs: (1, 1835)
[M::mem_pestat] analyzing insert size distribution for orientation FR...
[M::mem_pestat] (25, 50, 75) percentile: (269, 355, 455)
[M::mem_pestat] low and high boundaries for computing mean and std.dev: (1, 827)
[M::mem_pestat] mean and std.dev: (369.35, 138.15)
[M::mem_pestat] low and high boundaries for proper pairs: (1, 1013)
[M::mem_pestat] analyzing insert size distribution for orientation RF...
[M::mem_pestat] (25, 50, 75) percentile: (96, 398, 2796)
[M::mem_pestat] low and high boundaries for computing mean and std.dev: (1, 8196)
[M::mem_pestat] mean and std.dev: (1386.21, 1965.30)
[M::mem_pestat] low and high boundaries for proper pairs: (1, 10896)
[M::mem_pestat] analyzing insert size distribution for orientation RR...
[M::mem_pestat] (25, 50, 75) percentile: (249, 644, 1267)
[M::mem_pestat] low and high boundaries for computing mean and std.dev: (1, 3303)
[M::mem_pestat] mean and std.dev: (655.05, 575.65)
[M::mem_pestat] low and high boundaries for proper pairs: (1, 4321)
[M::mem_pestat] skip orientation FF
[M::mem_pestat] skip orientation RF
[M::mem_pestat] skip orientation RR
[M::process] read 1456856 sequences (200000005 bp)...
[M::mem_process_seqs] Processed 1455410 reads in 449.973 CPU sec, 48.694 real sec
[M::mem_pestat] # candidate unique pairs for (FF, FR, RF, RR): (66, 555432, 128, 44)
[M::mem_pestat] analyzing insert size distribution for orientation FF...
[M::mem_pestat] (25, 50, 75) percentile: (249, 369, 806)
[M::mem_pestat] low and high boundaries for computing mean and std.dev: (1, 1920)
[M::mem_pestat] mean and std.dev: (464.71, 374.09)
[M::mem_pestat] low and high boundaries for proper pairs: (1, 2477)
[M::mem_pestat] analyzing insert size distribution for orientation FR...
[M::mem_pestat] (25, 50, 75) percentile: (269, 355, 452)
[M::mem_pestat] low and high boundaries for computing mean and std.dev: (1, 818)
[M::mem_pestat] mean and std.dev: (367.53, 136.22)
[M::mem_pestat] low and high boundaries for proper pairs: (1, 1001)
[M::mem_pestat] analyzing insert size distribution for orientation RF...
[M::mem_pestat] (25, 50, 75) percentile: (33, 187, 1128)
[M::mem_pestat] low and high boundaries for computing mean and std.dev: (1, 3318)
[M::mem_pestat] mean and std.dev: (482.14, 736.90)
[M::mem_pestat] low and high boundaries for proper pairs: (1, 4413)
[M::mem_pestat] analyzing insert size distribution for orientation RR...
[M::mem_pestat] (25, 50, 75) percentile: (185, 340, 863)
[M::mem_pestat] low and high boundaries for computing mean and std.dev: (1, 2219)
[M::mem_pestat] mean and std.dev: (430.16, 408.73)
[M::mem_pestat] low and high boundaries for proper pairs: (1, 2897)
[M::mem_pestat] skip orientation FF
[M::mem_pestat] skip orientation RF
[M::mem_pestat] skip orientation RR
[M::process] read 1463504 sequences (200000097 bp)...
[M::mem_process_seqs] Processed 1456856 reads in 450.204 CPU sec, 48.728 real sec
[M::mem_pestat] # candidate unique pairs for (FF, FR, RF, RR): (71, 554598, 116, 53)
[M::mem_pestat] analyzing insert size distribution for orientation FF...
[M::mem_pestat] (25, 50, 75) percentile: (240, 384, 654)
[M::mem_pestat] low and high boundaries for computing mean and std.dev: (1, 1482)
[M::mem_pestat] mean and std.dev: (423.00, 270.73)
[M::mem_pestat] low and high boundaries for proper pairs: (1, 1896)
[M::mem_pestat] analyzing insert size distribution for orientation FR...
[M::mem_pestat] (25, 50, 75) percentile: (266, 351, 446)
[M::mem_pestat] low and high boundaries for computing mean and std.dev: (1, 806)
[M::mem_pestat] mean and std.dev: (362.16, 132.15)
[M::mem_pestat] low and high boundaries for proper pairs: (1, 986)
[M::mem_pestat] analyzing insert size distribution for orientation RF...
[M::mem_pestat] (25, 50, 75) percentile: (66, 503, 2939)
[M::mem_pestat] low and high boundaries for computing mean and std.dev: (1, 8685)
[M::mem_pestat] mean and std.dev: (1503.23, 2096.42)
[M::mem_pestat] low and high boundaries for proper pairs: (1, 11558)
[M::mem_pestat] analyzing insert size distribution for orientation RR...
[M::mem_pestat] (25, 50, 75) percentile: (194, 388, 1606)
[M::mem_pestat] low and high boundaries for computing mean and std.dev: (1, 4430)
[M::mem_pestat] mean and std.dev: (873.60, 1111.10)
[M::mem_pestat] low and high boundaries for proper pairs: (1, 5842)
[M::mem_pestat] skip orientation FF
[M::mem_pestat] skip orientation RF
[M::mem_pestat] skip orientation RR
[M::process] read 1454816 sequences (200000134 bp)...
[M::mem_process_seqs] Processed 1463504 reads in 454.785 CPU sec, 49.206 real sec
[M::mem_pestat] # candidate unique pairs for (FF, FR, RF, RR): (70, 556693, 125, 44)
[M::mem_pestat] analyzing insert size distribution for orientation FF...
[M::mem_pestat] (25, 50, 75) percentile: (250, 446, 635)
[M::mem_pestat] low and high boundaries for computing mean and std.dev: (1, 1405)
[M::mem_pestat] mean and std.dev: (385.81, 219.54)
[M::mem_pestat] low and high boundaries for proper pairs: (1, 1790)
[M::mem_pestat] analyzing insert size distribution for orientation FR...
[M::mem_pestat] (25, 50, 75) percentile: (268, 353, 452)
[M::mem_pestat] low and high boundaries for computing mean and std.dev: (1, 820)
[M::mem_pestat] mean and std.dev: (366.73, 136.69)
[M::mem_pestat] low and high boundaries for proper pairs: (1, 1004)
[M::mem_pestat] analyzing insert size distribution for orientation RF...
[M::mem_pestat] (25, 50, 75) percentile: (80, 662, 4806)
[M::mem_pestat] low and high boundaries for computing mean and std.dev: (1, 14258)
[M::mem_pestat] mean and std.dev: (2181.07, 2839.60)
[M::mem_pestat] low and high boundaries for proper pairs: (1, 18984)
[M::mem_pestat] analyzing insert size distribution for orientation RR...
[M::mem_pestat] (25, 50, 75) percentile: (241, 371, 1094)
[M::mem_pestat] low and high boundaries for computing mean and std.dev: (1, 2800)
[M::mem_pestat] mean and std.dev: (575.41, 551.87)
[M::mem_pestat] low and high boundaries for proper pairs: (1, 3653)
[M::mem_pestat] skip orientation FF
[M::mem_pestat] skip orientation RF
[M::mem_pestat] skip orientation RR
[M::process] read 1455926 sequences (200000125 bp)...
[M::mem_process_seqs] Processed 1454816 reads in 446.654 CPU sec, 48.351 real sec
[M::mem_pestat] # candidate unique pairs for (FF, FR, RF, RR): (40, 556605, 113, 53)
[M::mem_pestat] analyzing insert size distribution for orientation FF...
[M::mem_pestat] (25, 50, 75) percentile: (245, 441, 855)
[M::mem_pestat] low and high boundaries for computing mean and std.dev: (1, 2075)
[M::mem_pestat] mean and std.dev: (509.14, 362.93)
[M::mem_pestat] low and high boundaries for proper pairs: (1, 2685)
[M::mem_pestat] analyzing insert size distribution for orientation FR...
[M::mem_pestat] (25, 50, 75) percentile: (268, 353, 451)
[M::mem_pestat] low and high boundaries for computing mean and std.dev: (1, 817)
[M::mem_pestat] mean and std.dev: (366.39, 135.90)
[M::mem_pestat] low and high boundaries for proper pairs: (1, 1000)
[M::mem_pestat] analyzing insert size distribution for orientation RF...
[M::mem_pestat] (25, 50, 75) percentile: (69, 369, 2838)
[M::mem_pestat] low and high boundaries for computing mean and std.dev: (1, 8376)
[M::mem_pestat] mean and std.dev: (1404.77, 2011.67)
[M::mem_pestat] low and high boundaries for proper pairs: (1, 11145)
[M::mem_pestat] analyzing insert size distribution for orientation RR...
[M::mem_pestat] (25, 50, 75) percentile: (175, 293, 556)
[M::mem_pestat] low and high boundaries for computing mean and std.dev: (1, 1318)
[M::mem_pestat] mean and std.dev: (302.93, 191.16)
[M::mem_pestat] low and high boundaries for proper pairs: (1, 1699)
[M::mem_pestat] skip orientation FF
[M::mem_pestat] skip orientation RF
[M::mem_pestat] skip orientation RR
[M::process] read 1457690 sequences (200000153 bp)...
[M::mem_process_seqs] Processed 1455926 reads in 448.918 CPU sec, 48.636 real sec
[M::mem_pestat] # candidate unique pairs for (FF, FR, RF, RR): (64, 555149, 127, 43)
[M::mem_pestat] analyzing insert size distribution for orientation FF...
[M::mem_pestat] (25, 50, 75) percentile: (251, 404, 746)
[M::mem_pestat] low and high boundaries for computing mean and std.dev: (1, 1736)
[M::mem_pestat] mean and std.dev: (403.16, 282.62)
[M::mem_pestat] low and high boundaries for proper pairs: (1, 2231)
[M::mem_pestat] analyzing insert size distribution for orientation FR...
[M::mem_pestat] (25, 50, 75) percentile: (267, 353, 451)
[M::mem_pestat] low and high boundaries for computing mean and std.dev: (1, 819)
[M::mem_pestat] mean and std.dev: (366.03, 135.61)
[M::mem_pestat] low and high boundaries for proper pairs: (1, 1003)
[M::mem_pestat] analyzing insert size distribution for orientation RF...
[M::mem_pestat] (25, 50, 75) percentile: (70, 302, 3014)
[M::mem_pestat] low and high boundaries for computing mean and std.dev: (1, 8902)
[M::mem_pestat] mean and std.dev: (1704.13, 2384.40)
[M::mem_pestat] low and high boundaries for proper pairs: (1, 11846)
[M::mem_pestat] analyzing insert size distribution for orientation RR...
[M::mem_pestat] (25, 50, 75) percentile: (230, 438, 1145)
[M::mem_pestat] low and high boundaries for computing mean and std.dev: (1, 2975)
[M::mem_pestat] mean and std.dev: (626.72, 604.59)
[M::mem_pestat] low and high boundaries for proper pairs: (1, 3890)
[M::mem_pestat] skip orientation FF
[M::mem_pestat] skip orientation RF
[M::mem_pestat] skip orientation RR
[M::process] read 1469398 sequences (200000016 bp)...
[M::mem_process_seqs] Processed 1457690 reads in 453.143 CPU sec, 48.997 real sec
[M::mem_pestat] # candidate unique pairs for (FF, FR, RF, RR): (58, 557716, 134, 36)
[M::mem_pestat] analyzing insert size distribution for orientation FF...
[M::mem_pestat] (25, 50, 75) percentile: (285, 509, 1273)
[M::mem_pestat] low and high boundaries for computing mean and std.dev: (1, 3249)
[M::mem_pestat] mean and std.dev: (724.21, 739.69)
[M::mem_pestat] low and high boundaries for proper pairs: (1, 4237)
[M::mem_pestat] analyzing insert size distribution for orientation FR...
[M::mem_pestat] (25, 50, 75) percentile: (264, 349, 447)
[M::mem_pestat] low and high boundaries for computing mean and std.dev: (1, 813)
[M::mem_pestat] mean and std.dev: (362.26, 135.24)
[M::mem_pestat] low and high boundaries for proper pairs: (1, 996)
[M::mem_pestat] analyzing insert size distribution for orientation RF...
[M::mem_pestat] (25, 50, 75) percentile: (83, 347, 2980)
[M::mem_pestat] low and high boundaries for computing mean and std.dev: (1, 8774)
[M::mem_pestat] mean and std.dev: (1410.87, 2143.13)
[M::mem_pestat] low and high boundaries for proper pairs: (1, 11671)
[M::mem_pestat] analyzing insert size distribution for orientation RR...
[M::mem_pestat] (25, 50, 75) percentile: (178, 381, 750)
[M::mem_pestat] low and high boundaries for computing mean and std.dev: (1, 1894)
[M::mem_pestat] mean and std.dev: (411.62, 323.98)
[M::mem_pestat] low and high boundaries for proper pairs: (1, 2466)
[M::mem_pestat] skip orientation FF
[M::mem_pestat] skip orientation RF
[M::mem_pestat] skip orientation RR
[M::process] read 1468964 sequences (200000127 bp)...
[M::mem_process_seqs] Processed 1469398 reads in 491.621 CPU sec, 52.821 real sec
[M::mem_pestat] # candidate unique pairs for (FF, FR, RF, RR): (61, 557232, 126, 56)
[M::mem_pestat] analyzing insert size distribution for orientation FF...
[M::mem_pestat] (25, 50, 75) percentile: (270, 390, 715)
[M::mem_pestat] low and high boundaries for computing mean and std.dev: (1, 1605)
[M::mem_pestat] mean and std.dev: (431.52, 279.23)
[M::mem_pestat] low and high boundaries for proper pairs: (1, 2050)
[M::mem_pestat] analyzing insert size distribution for orientation FR...
[M::mem_pestat] (25, 50, 75) percentile: (267, 354, 455)
[M::mem_pestat] low and high boundaries for computing mean and std.dev: (1, 831)
[M::mem_pestat] mean and std.dev: (368.66, 139.36)
[M::mem_pestat] low and high boundaries for proper pairs: (1, 1019)
[M::mem_pestat] analyzing insert size distribution for orientation RF...
[M::mem_pestat] (25, 50, 75) percentile: (105, 517, 2520)
[M::mem_pestat] low and high boundaries for computing mean and std.dev: (1, 7350)
[M::mem_pestat] mean and std.dev: (1439.53, 2013.65)
[M::mem_pestat] low and high boundaries for proper pairs: (1, 9765)
[M::mem_pestat] analyzing insert size distribution for orientation RR...
[M::mem_pestat] (25, 50, 75) percentile: (168, 308, 744)
[M::mem_pestat] low and high boundaries for computing mean and std.dev: (1, 1896)
[M::mem_pestat] mean and std.dev: (418.16, 368.54)
[M::mem_pestat] low and high boundaries for proper pairs: (1, 2472)
[M::mem_pestat] skip orientation FF
[M::mem_pestat] skip orientation RF
[M::mem_pestat] skip orientation RR
[M::process] read 1473752 sequences (200000105 bp)...
[M::mem_process_seqs] Processed 1468964 reads in 513.786 CPU sec, 55.202 real sec
[M::mem_pestat] # candidate unique pairs for (FF, FR, RF, RR): (47, 557128, 109, 59)
[M::mem_pestat] analyzing insert size distribution for orientation FF...
[M::mem_pestat] (25, 50, 75) percentile: (274, 350, 872)
[M::mem_pestat] low and high boundaries for computing mean and std.dev: (1, 2068)
[M::mem_pestat] mean and std.dev: (502.98, 417.37)
[M::mem_pestat] low and high boundaries for proper pairs: (1, 2666)
[M::mem_pestat] analyzing insert size distribution for orientation FR...
[M::mem_pestat] (25, 50, 75) percentile: (268, 354, 453)
[M::mem_pestat] low and high boundaries for computing mean and std.dev: (1, 823)
[M::mem_pestat] mean and std.dev: (367.52, 137.30)
[M::mem_pestat] low and high boundaries for proper pairs: (1, 1008)
[M::mem_pestat] analyzing insert size distribution for orientation RF...
[M::mem_pestat] (25, 50, 75) percentile: (53, 633, 3432)
[M::mem_pestat] low and high boundaries for computing mean and std.dev: (1, 10190)
[M::mem_pestat] mean and std.dev: (1923.79, 2390.64)
[M::mem_pestat] low and high boundaries for proper pairs: (1, 13569)
[M::mem_pestat] analyzing insert size distribution for orientation RR...
[M::mem_pestat] (25, 50, 75) percentile: (202, 346, 1027)
[M::mem_pestat] low and high boundaries for computing mean and std.dev: (1, 2677)
[M::mem_pestat] mean and std.dev: (565.81, 599.56)
[M::mem_pestat] low and high boundaries for proper pairs: (1, 3502)
[M::mem_pestat] skip orientation FF
[M::mem_pestat] skip orientation RF
[M::mem_pestat] skip orientation RR
[M::process] read 1469518 sequences (200000214 bp)...
[M::mem_process_seqs] Processed 1473752 reads in 465.090 CPU sec, 50.301 real sec
[M::mem_pestat] # candidate unique pairs for (FF, FR, RF, RR): (56, 557002, 142, 58)
[M::mem_pestat] analyzing insert size distribution for orientation FF...
[M::mem_pestat] (25, 50, 75) percentile: (262, 392, 613)
[M::mem_pestat] low and high boundaries for computing mean and std.dev: (1, 1315)
[M::mem_pestat] mean and std.dev: (382.65, 212.49)
[M::mem_pestat] low and high boundaries for proper pairs: (1, 1666)
[M::mem_pestat] analyzing insert size distribution for orientation FR...
[M::mem_pestat] (25, 50, 75) percentile: (266, 351, 449)
[M::mem_pestat] low and high boundaries for computing mean and std.dev: (1, 815)
[M::mem_pestat] mean and std.dev: (364.34, 135.49)
[M::mem_pestat] low and high boundaries for proper pairs: (1, 998)
[M::mem_pestat] analyzing insert size distribution for orientation RF...
[M::mem_pestat] (25, 50, 75) percentile: (77, 392, 2903)
[M::mem_pestat] low and high boundaries for computing mean and std.dev: (1, 8555)
[M::mem_pestat] mean and std.dev: (1511.43, 2011.14)
[M::mem_pestat] low and high boundaries for proper pairs: (1, 11381)
[M::mem_pestat] analyzing insert size distribution for orientation RR...
[M::mem_pestat] (25, 50, 75) percentile: (156, 410, 1531)
[M::mem_pestat] low and high boundaries for computing mean and std.dev: (1, 4281)
[M::mem_pestat] mean and std.dev: (744.65, 993.45)
[M::mem_pestat] low and high boundaries for proper pairs: (1, 5656)
[M::mem_pestat] skip orientation FF
[M::mem_pestat] skip orientation RF
[M::mem_pestat] skip orientation RR
[M::process] read 1460330 sequences (200000021 bp)...
[M::mem_process_seqs] Processed 1469518 reads in 456.225 CPU sec, 49.508 real sec
[M::mem_pestat] # candidate unique pairs for (FF, FR, RF, RR): (78, 555626, 135, 46)
[M::mem_pestat] analyzing insert size distribution for orientation FF...
[M::mem_pestat] (25, 50, 75) percentile: (274, 401, 707)
[M::mem_pestat] low and high boundaries for computing mean and std.dev: (1, 1573)
[M::mem_pestat] mean and std.dev: (442.08, 297.54)
[M::mem_pestat] low and high boundaries for proper pairs: (1, 2006)
[M::mem_pestat] analyzing insert size distribution for orientation FR...
[M::mem_pestat] (25, 50, 75) percentile: (268, 354, 455)
[M::mem_pestat] low and high boundaries for computing mean and std.dev: (1, 829)
[M::mem_pestat] mean and std.dev: (368.68, 139.75)
[M::mem_pestat] low and high boundaries for proper pairs: (1, 1016)
[M::mem_pestat] analyzing insert size distribution for orientation RF...
[M::mem_pestat] (25, 50, 75) percentile: (74, 446, 2449)
[M::mem_pestat] low and high boundaries for computing mean and std.dev: (1, 7199)
[M::mem_pestat] mean and std.dev: (1291.69, 1796.15)
[M::mem_pestat] low and high boundaries for proper pairs: (1, 9574)
[M::mem_pestat] analyzing insert size distribution for orientation RR...
[M::mem_pestat] (25, 50, 75) percentile: (208, 415, 1046)
[M::mem_pestat] low and high boundaries for computing mean and std.dev: (1, 2722)
[M::mem_pestat] mean and std.dev: (481.71, 380.11)
[M::mem_pestat] low and high boundaries for proper pairs: (1, 3560)
[M::mem_pestat] skip orientation FF
[M::mem_pestat] skip orientation RF
[M::mem_pestat] skip orientation RR
[M::process] read 1465262 sequences (200000200 bp)...
[M::mem_process_seqs] Processed 1460330 reads in 462.030 CPU sec, 50.065 real sec
[M::mem_pestat] # candidate unique pairs for (FF, FR, RF, RR): (70, 555613, 122, 39)
[M::mem_pestat] analyzing insert size distribution for orientation FF...
[M::mem_pestat] (25, 50, 75) percentile: (294, 494, 718)
[M::mem_pestat] low and high boundaries for computing mean and std.dev: (1, 1566)
[M::mem_pestat] mean and std.dev: (474.16, 269.16)
[M::mem_pestat] low and high boundaries for proper pairs: (1, 1990)
[M::mem_pestat] analyzing insert size distribution for orientation FR...
[M::mem_pestat] (25, 50, 75) percentile: (268, 355, 455)
[M::mem_pestat] low and high boundaries for computing mean and std.dev: (1, 829)
[M::mem_pestat] mean and std.dev: (368.89, 138.74)
[M::mem_pestat] low and high boundaries for proper pairs: (1, 1016)
[M::mem_pestat] analyzing insert size distribution for orientation RF...
[M::mem_pestat] (25, 50, 75) percentile: (63, 270, 1573)
[M::mem_pestat] low and high boundaries for computing mean and std.dev: (1, 4593)
[M::mem_pestat] mean and std.dev: (695.42, 1061.37)
[M::mem_pestat] low and high boundaries for proper pairs: (1, 6103)
[M::mem_pestat] analyzing insert size distribution for orientation RR...
[M::mem_pestat] (25, 50, 75) percentile: (208, 407, 1593)
[M::mem_pestat] low and high boundaries for computing mean and std.dev: (1, 4363)
[M::mem_pestat] mean and std.dev: (596.48, 687.09)
[M::mem_pestat] low and high boundaries for proper pairs: (1, 5748)
[M::mem_pestat] skip orientation FF
[M::mem_pestat] skip orientation RF
[M::mem_pestat] skip orientation RR
[M::process] read 1470490 sequences (200000058 bp)...
[M::mem_process_seqs] Processed 1465262 reads in 470.949 CPU sec, 50.893 real sec
[M::mem_pestat] # candidate unique pairs for (FF, FR, RF, RR): (49, 555755, 126, 47)
[M::mem_pestat] analyzing insert size distribution for orientation FF...
[M::mem_pestat] (25, 50, 75) percentile: (322, 468, 712)
[M::mem_pestat] low and high boundaries for computing mean and std.dev: (1, 1492)
[M::mem_pestat] mean and std.dev: (449.82, 241.41)
[M::mem_pestat] low and high boundaries for proper pairs: (1, 1882)
[M::mem_pestat] analyzing insert size distribution for orientation FR...
[M::mem_pestat] (25, 50, 75) percentile: (267, 353, 451)
[M::mem_pestat] low and high boundaries for computing mean and std.dev: (1, 819)
[M::mem_pestat] mean and std.dev: (365.93, 135.89)
[M::mem_pestat] low and high boundaries for proper pairs: (1, 1003)
[M::mem_pestat] analyzing insert size distribution for orientation RF...
[M::mem_pestat] (25, 50, 75) percentile: (59, 367, 2454)
[M::mem_pestat] low and high boundaries for computing mean and std.dev: (1, 7244)
[M::mem_pestat] mean and std.dev: (1204.87, 1673.05)
[M::mem_pestat] low and high boundaries for proper pairs: (1, 9639)
[M::mem_pestat] analyzing insert size distribution for orientation RR...
[M::mem_pestat] (25, 50, 75) percentile: (211, 435, 1312)
[M::mem_pestat] low and high boundaries for computing mean and std.dev: (1, 3514)
[M::mem_pestat] mean and std.dev: (589.85, 600.93)
[M::mem_pestat] low and high boundaries for proper pairs: (1, 4615)
[M::mem_pestat] skip orientation FF
[M::mem_pestat] skip orientation RF
[M::mem_pestat] skip orientation RR
[M::process] read 1461320 sequences (200000064 bp)...
[M::mem_process_seqs] Processed 1470490 reads in 468.539 CPU sec, 50.634 real sec
[M::mem_pestat] # candidate unique pairs for (FF, FR, RF, RR): (76, 555125, 126, 37)
[M::mem_pestat] analyzing insert size distribution for orientation FF...
[M::mem_pestat] (25, 50, 75) percentile: (295, 452, 804)
[M::mem_pestat] low and high boundaries for computing mean and std.dev: (1, 1822)
[M::mem_pestat] mean and std.dev: (474.29, 339.23)
[M::mem_pestat] low and high boundaries for proper pairs: (1, 2331)
[M::mem_pestat] analyzing insert size distribution for orientation FR...
[M::mem_pestat] (25, 50, 75) percentile: (267, 353, 454)
[M::mem_pestat] low and high boundaries for computing mean and std.dev: (1, 828)
[M::mem_pestat] mean and std.dev: (367.33, 138.53)
[M::mem_pestat] low and high boundaries for proper pairs: (1, 1015)
[M::mem_pestat] analyzing insert size distribution for orientation RF...
[M::mem_pestat] (25, 50, 75) percentile: (46, 334, 2885)
[M::mem_pestat] low and high boundaries for computing mean and std.dev: (1, 8563)
[M::mem_pestat] mean and std.dev: (1366.60, 1962.56)
[M::mem_pestat] low and high boundaries for proper pairs: (1, 11402)
[M::mem_pestat] analyzing insert size distribution for orientation RR...
[M::mem_pestat] (25, 50, 75) percentile: (161, 320, 723)
[M::mem_pestat] low and high boundaries for computing mean and std.dev: (1, 1847)
[M::mem_pestat] mean and std.dev: (368.44, 295.66)
[M::mem_pestat] low and high boundaries for proper pairs: (1, 2409)
[M::mem_pestat] skip orientation FF
[M::mem_pestat] skip orientation RF
[M::mem_pestat] skip orientation RR
[M::mem_process_seqs] Processed 1461320 reads in 456.675 CPU sec, 82.348 real sec
[M::process] read 1457970 sequences (200000158 bp)...
[M::process] read 1462338 sequences (200000047 bp)...
[M::mem_pestat] # candidate unique pairs for (FF, FR, RF, RR): (68, 554014, 113, 34)
[M::mem_pestat] analyzing insert size distribution for orientation FF...
[M::mem_pestat] (25, 50, 75) percentile: (362, 487, 900)
[M::mem_pestat] low and high boundaries for computing mean and std.dev: (1, 1976)
[M::mem_pestat] mean and std.dev: (596.83, 407.20)
[M::mem_pestat] low and high boundaries for proper pairs: (1, 2514)
[M::mem_pestat] analyzing insert size distribution for orientation FR...
[M::mem_pestat] (25, 50, 75) percentile: (269, 357, 459)
[M::mem_pestat] low and high boundaries for computing mean and std.dev: (1, 839)
[M::mem_pestat] mean and std.dev: (371.43, 141.49)
[M::mem_pestat] low and high boundaries for proper pairs: (1, 1029)
[M::mem_pestat] analyzing insert size distribution for orientation RF...
[M::mem_pestat] (25, 50, 75) percentile: (108, 540, 3036)
[M::mem_pestat] low and high boundaries for computing mean and std.dev: (1, 8892)
[M::mem_pestat] mean and std.dev: (1920.81, 2627.98)
[M::mem_pestat] low and high boundaries for proper pairs: (1, 12433)
[M::mem_pestat] analyzing insert size distribution for orientation RR...
[M::mem_pestat] (25, 50, 75) percentile: (254, 559, 983)
[M::mem_pestat] low and high boundaries for computing mean and std.dev: (1, 2441)
[M::mem_pestat] mean and std.dev: (521.07, 324.69)
[M::mem_pestat] low and high boundaries for proper pairs: (1, 3170)
[M::mem_pestat] skip orientation FF
[M::mem_pestat] skip orientation RF
[M::mem_pestat] skip orientation RR
[M::mem_process_seqs] Processed 1457970 reads in 452.366 CPU sec, 45.898 real sec
[M::process] read 1463786 sequences (200000157 bp)...
[M::mem_pestat] # candidate unique pairs for (FF, FR, RF, RR): (62, 553751, 124, 43)
[M::mem_pestat] analyzing insert size distribution for orientation FF...
[M::mem_pestat] (25, 50, 75) percentile: (242, 374, 598)
[M::mem_pestat] low and high boundaries for computing mean and std.dev: (1, 1310)
[M::mem_pestat] mean and std.dev: (417.60, 233.62)
[M::mem_pestat] low and high boundaries for proper pairs: (1, 1666)
[M::mem_pestat] analyzing insert size distribution for orientation FR...
[M::mem_pestat] (25, 50, 75) percentile: (269, 356, 456)
[M::mem_pestat] low and high boundaries for computing mean and std.dev: (1, 830)
[M::mem_pestat] mean and std.dev: (370.04, 139.57)
[M::mem_pestat] low and high boundaries for proper pairs: (1, 1017)
[M::mem_pestat] analyzing insert size distribution for orientation RF...
[M::mem_pestat] (25, 50, 75) percentile: (142, 606, 3198)
[M::mem_pestat] low and high boundaries for computing mean and std.dev: (1, 9310)
[M::mem_pestat] mean and std.dev: (1619.53, 2124.95)
[M::mem_pestat] low and high boundaries for proper pairs: (1, 12366)
[M::mem_pestat] analyzing insert size distribution for orientation RR...
[M::mem_pestat] (25, 50, 75) percentile: (271, 487, 2264)
[M::mem_pestat] low and high boundaries for computing mean and std.dev: (1, 6250)
[M::mem_pestat] mean and std.dev: (1308.69, 1652.34)
[M::mem_pestat] low and high boundaries for proper pairs: (1, 8243)
[M::mem_pestat] skip orientation FF
[M::mem_pestat] skip orientation RF
[M::mem_pestat] skip orientation RR
[M::mem_process_seqs] Processed 1462338 reads in 470.852 CPU sec, 50.791 real sec
[M::mem_pestat] # candidate unique pairs for (FF, FR, RF, RR): (58, 554661, 161, 37)
[M::mem_pestat] analyzing insert size distribution for orientation FF...
[M::mem_pestat] (25, 50, 75) percentile: (322, 472, 693)
[M::mem_pestat] low and high boundaries for computing mean and std.dev: (1, 1435)
[M::mem_pestat] mean and std.dev: (480.34, 250.80)
[M::mem_pestat] low and high boundaries for proper pairs: (1, 1806)
[M::mem_pestat] analyzing insert size distribution for orientation FR...
[M::mem_pestat] (25, 50, 75) percentile: (266, 352, 451)
[M::mem_pestat] low and high boundaries for computing mean and std.dev: (1, 821)
[M::mem_pestat] mean and std.dev: (365.84, 137.13)
[M::mem_pestat] low and high boundaries for proper pairs: (1, 1006)
[M::mem_pestat] analyzing insert size distribution for orientation RF...
[M::mem_pestat] (25, 50, 75) percentile: (77, 411, 3135)
[M::mem_pestat] low and high boundaries for computing mean and std.dev: (1, 9251)
[M::mem_pestat] mean and std.dev: (1588.96, 2243.55)
[M::mem_pestat] low and high boundaries for proper pairs: (1, 12309)
[M::mem_pestat] analyzing insert size distribution for orientation RR...
[M::mem_pestat] (25, 50, 75) percentile: (240, 364, 1258)
[M::mem_pestat] low and high boundaries for computing mean and std.dev: (1, 3294)
[M::mem_pestat] mean and std.dev: (635.03, 794.24)
[M::mem_pestat] low and high boundaries for proper pairs: (1, 4312)
[M::mem_pestat] skip orientation FF
[M::mem_pestat] skip orientation RF
[M::mem_pestat] skip orientation RR
[M::process] read 1457026 sequences (200000019 bp)...
[M::mem_process_seqs] Processed 1463786 reads in 452.829 CPU sec, 49.016 real sec
[M::process] read 1458920 sequences (200000073 bp)...
[M::mem_pestat] # candidate unique pairs for (FF, FR, RF, RR): (57, 554863, 128, 45)
[M::mem_pestat] analyzing insert size distribution for orientation FF...
[M::mem_pestat] (25, 50, 75) percentile: (275, 412, 695)
[M::mem_pestat] low and high boundaries for computing mean and std.dev: (1, 1535)
[M::mem_pestat] mean and std.dev: (461.17, 285.83)
[M::mem_pestat] low and high boundaries for proper pairs: (1, 1955)
[M::mem_pestat] analyzing insert size distribution for orientation FR...
[M::mem_pestat] (25, 50, 75) percentile: (269, 356, 459)
[M::mem_pestat] low and high boundaries for computing mean and std.dev: (1, 839)
[M::mem_pestat] mean and std.dev: (371.09, 141.32)
[M::mem_pestat] low and high boundaries for proper pairs: (1, 1029)
[M::mem_pestat] analyzing insert size distribution for orientation RF...
[M::mem_pestat] (25, 50, 75) percentile: (48, 655, 3103)
[M::mem_pestat] low and high boundaries for computing mean and std.dev: (1, 9213)
[M::mem_pestat] mean and std.dev: (1719.40, 2429.23)
[M::mem_pestat] low and high boundaries for proper pairs: (1, 12268)
[M::mem_pestat] analyzing insert size distribution for orientation RR...
[M::mem_pestat] (25, 50, 75) percentile: (250, 475, 1093)
[M::mem_pestat] low and high boundaries for computing mean and std.dev: (1, 2779)
[M::mem_pestat] mean and std.dev: (500.74, 371.80)
[M::mem_pestat] low and high boundaries for proper pairs: (1, 3622)
[M::mem_pestat] skip orientation FF
[M::mem_pestat] skip orientation RF
[M::mem_pestat] skip orientation RR
[M::mem_process_seqs] Processed 1457026 reads in 449.775 CPU sec, 48.742 real sec
[M::mem_pestat] # candidate unique pairs for (FF, FR, RF, RR): (69, 555456, 124, 45)
[M::mem_pestat] analyzing insert size distribution for orientation FF...
[M::mem_pestat] (25, 50, 75) percentile: (272, 418, 673)
[M::mem_pestat] low and high boundaries for computing mean and std.dev: (1, 1475)
[M::mem_pestat] mean and std.dev: (448.62, 272.06)
[M::mem_pestat] low and high boundaries for proper pairs: (1, 1876)
[M::mem_pestat] analyzing insert size distribution for orientation FR...
[M::mem_pestat] (25, 50, 75) percentile: (270, 357, 459)
[M::mem_pestat] low and high boundaries for computing mean and std.dev: (1, 837)
[M::mem_pestat] mean and std.dev: (371.67, 140.54)
[M::mem_pestat] low and high boundaries for proper pairs: (1, 1026)
[M::mem_pestat] analyzing insert size distribution for orientation RF...
[M::mem_pestat] (25, 50, 75) percentile: (41, 265, 1743)
[M::mem_pestat] low and high boundaries for computing mean and std.dev: (1, 5147)
[M::mem_pestat] mean and std.dev: (887.52, 1352.74)
[M::mem_pestat] low and high boundaries for proper pairs: (1, 6849)
[M::mem_pestat] analyzing insert size distribution for orientation RR...
[M::mem_pestat] (25, 50, 75) percentile: (233, 396, 1303)
[M::mem_pestat] low and high boundaries for computing mean and std.dev: (1, 3443)
[M::mem_pestat] mean and std.dev: (730.39, 744.42)
[M::mem_pestat] low and high boundaries for proper pairs: (1, 4513)
[M::mem_pestat] skip orientation FF
[M::mem_pestat] skip orientation RF
[M::mem_pestat] skip orientation RR
[M::process] read 1461260 sequences (200000126 bp)...
[M::mem_process_seqs] Processed 1458920 reads in 451.823 CPU sec, 48.806 real sec
[M::mem_pestat] # candidate unique pairs for (FF, FR, RF, RR): (69, 553883, 113, 41)
[M::mem_pestat] analyzing insert size distribution for orientation FF...
[M::mem_pestat] (25, 50, 75) percentile: (278, 430, 974)
[M::mem_pestat] low and high boundaries for computing mean and std.dev: (1, 2366)
[M::mem_pestat] mean and std.dev: (537.34, 433.92)
[M::mem_pestat] low and high boundaries for proper pairs: (1, 3062)
[M::mem_pestat] analyzing insert size distribution for orientation FR...
[M::mem_pestat] (25, 50, 75) percentile: (268, 355, 455)
[M::mem_pestat] low and high boundaries for computing mean and std.dev: (1, 829)
[M::mem_pestat] mean and std.dev: (368.76, 138.27)
[M::mem_pestat] low and high boundaries for proper pairs: (1, 1016)
[M::mem_pestat] analyzing insert size distribution for orientation RF...
[M::mem_pestat] (25, 50, 75) percentile: (84, 262, 3789)
[M::mem_pestat] low and high boundaries for computing mean and std.dev: (1, 11199)
[M::mem_pestat] mean and std.dev: (2001.00, 2758.68)
[M::mem_pestat] low and high boundaries for proper pairs: (1, 14904)
[M::mem_pestat] analyzing insert size distribution for orientation RR...
[M::mem_pestat] (25, 50, 75) percentile: (225, 329, 970)
[M::mem_pestat] low and high boundaries for computing mean and std.dev: (1, 2460)
[M::mem_pestat] mean and std.dev: (540.92, 530.10)
[M::mem_pestat] low and high boundaries for proper pairs: (1, 3205)
[M::mem_pestat] skip orientation FF
[M::mem_pestat] skip orientation RF
[M::mem_pestat] skip orientation RR
[M::process] read 1463656 sequences (200000145 bp)...
[M::mem_process_seqs] Processed 1461260 reads in 456.036 CPU sec, 49.311 real sec
[M::process] read 1457630 sequences (200000256 bp)...
[M::mem_pestat] # candidate unique pairs for (FF, FR, RF, RR): (71, 556441, 112, 40)
[M::mem_pestat] analyzing insert size distribution for orientation FF...
[M::mem_pestat] (25, 50, 75) percentile: (302, 417, 571)
[M::mem_pestat] low and high boundaries for computing mean and std.dev: (1, 1109)
[M::mem_pestat] mean and std.dev: (416.12, 190.88)
[M::mem_pestat] low and high boundaries for proper pairs: (1, 1378)
[M::mem_pestat] analyzing insert size distribution for orientation FR...
[M::mem_pestat] (25, 50, 75) percentile: (270, 356, 456)
[M::mem_pestat] low and high boundaries for computing mean and std.dev: (1, 828)
[M::mem_pestat] mean and std.dev: (369.91, 138.82)
[M::mem_pestat] low and high boundaries for proper pairs: (1, 1014)
[M::mem_pestat] analyzing insert size distribution for orientation RF...
[M::mem_pestat] (25, 50, 75) percentile: (54, 425, 3215)
[M::mem_pestat] low and high boundaries for computing mean and std.dev: (1, 9537)
[M::mem_pestat] mean and std.dev: (1892.30, 2756.08)
[M::mem_pestat] low and high boundaries for proper pairs: (1, 12917)
[M::mem_pestat] analyzing insert size distribution for orientation RR...
[M::mem_pestat] (25, 50, 75) percentile: (175, 434, 1183)
[M::mem_pestat] low and high boundaries for computing mean and std.dev: (1, 3199)
[M::mem_pestat] mean and std.dev: (629.84, 708.69)
[M::mem_pestat] low and high boundaries for proper pairs: (1, 4207)
[M::mem_pestat] skip orientation FF
[M::mem_pestat] skip orientation RF
[M::mem_pestat] skip orientation RR
[M::mem_process_seqs] Processed 1463656 reads in 462.601 CPU sec, 50.069 real sec
[M::mem_pestat] # candidate unique pairs for (FF, FR, RF, RR): (52, 555523, 117, 28)
[M::mem_pestat] analyzing insert size distribution for orientation FF...
[M::mem_pestat] (25, 50, 75) percentile: (321, 468, 793)
[M::mem_pestat] low and high boundaries for computing mean and std.dev: (1, 1737)
[M::mem_pestat] mean and std.dev: (546.85, 364.92)
[M::mem_pestat] low and high boundaries for proper pairs: (1, 2209)
[M::mem_pestat] analyzing insert size distribution for orientation FR...
[M::mem_pestat] (25, 50, 75) percentile: (271, 359, 460)
[M::mem_pestat] low and high boundaries for computing mean and std.dev: (1, 838)
[M::mem_pestat] mean and std.dev: (372.67, 140.53)
[M::mem_pestat] low and high boundaries for proper pairs: (1, 1027)
[M::mem_pestat] analyzing insert size distribution for orientation RF...
[M::mem_pestat] (25, 50, 75) percentile: (131, 529, 2994)
[M::mem_pestat] low and high boundaries for computing mean and std.dev: (1, 8720)
[M::mem_pestat] mean and std.dev: (1690.94, 2099.20)
[M::mem_pestat] low and high boundaries for proper pairs: (1, 11583)
[M::mem_pestat] analyzing insert size distribution for orientation RR...
[M::mem_pestat] (25, 50, 75) percentile: (194, 355, 519)
[M::mem_pestat] low and high boundaries for computing mean and std.dev: (1, 1169)
[M::mem_pestat] mean and std.dev: (323.32, 179.67)
[M::mem_pestat] low and high boundaries for proper pairs: (1, 1494)
[M::mem_pestat] skip orientation FF
[M::mem_pestat] skip orientation RF
[M::mem_pestat] skip orientation RR
[M::process] read 1460720 sequences (200000120 bp)...
[M::mem_process_seqs] Processed 1457630 reads in 453.721 CPU sec, 49.098 real sec
[M::mem_pestat] # candidate unique pairs for (FF, FR, RF, RR): (72, 553843, 120, 47)
[M::mem_pestat] analyzing insert size distribution for orientation FF...
[M::mem_pestat] (25, 50, 75) percentile: (265, 369, 870)
[M::mem_pestat] low and high boundaries for computing mean and std.dev: (1, 2080)
[M::mem_pestat] mean and std.dev: (473.60, 371.80)
[M::mem_pestat] low and high boundaries for proper pairs: (1, 2685)
[M::mem_pestat] analyzing insert size distribution for orientation FR...
[M::mem_pestat] (25, 50, 75) percentile: (270, 357, 457)
[M::mem_pestat] low and high boundaries for computing mean and std.dev: (1, 831)
[M::mem_pestat] mean and std.dev: (370.99, 139.15)
[M::mem_pestat] low and high boundaries for proper pairs: (1, 1018)
[M::mem_pestat] analyzing insert size distribution for orientation RF...
[M::mem_pestat] (25, 50, 75) percentile: (55, 491, 2236)
[M::mem_pestat] low and high boundaries for computing mean and std.dev: (1, 6598)
[M::mem_pestat] mean and std.dev: (1325.82, 1776.76)
[M::mem_pestat] low and high boundaries for proper pairs: (1, 8779)
[M::mem_pestat] analyzing insert size distribution for orientation RR...
[M::mem_pestat] (25, 50, 75) percentile: (232, 685, 1852)
[M::mem_pestat] low and high boundaries for computing mean and std.dev: (1, 5092)
[M::mem_pestat] mean and std.dev: (793.13, 933.03)
[M::mem_pestat] low and high boundaries for proper pairs: (1, 6712)
[M::mem_pestat] skip orientation FF
[M::mem_pestat] skip orientation RF
[M::mem_pestat] skip orientation RR
[M::process] read 1467496 sequences (200000002 bp)...
[M::mem_process_seqs] Processed 1460720 reads in 458.268 CPU sec, 49.544 real sec
[M::process] read 1477478 sequences (200000093 bp)...
[M::mem_pestat] # candidate unique pairs for (FF, FR, RF, RR): (69, 556586, 134, 36)
[M::mem_pestat] analyzing insert size distribution for orientation FF...
[M::mem_pestat] (25, 50, 75) percentile: (280, 462, 632)
[M::mem_pestat] low and high boundaries for computing mean and std.dev: (1, 1336)
[M::mem_pestat] mean and std.dev: (417.60, 204.12)
[M::mem_pestat] low and high boundaries for proper pairs: (1, 1688)
[M::mem_pestat] analyzing insert size distribution for orientation FR...
[M::mem_pestat] (25, 50, 75) percentile: (268, 354, 453)
[M::mem_pestat] low and high boundaries for computing mean and std.dev: (1, 823)
[M::mem_pestat] mean and std.dev: (367.47, 136.92)
[M::mem_pestat] low and high boundaries for proper pairs: (1, 1008)
[M::mem_pestat] analyzing insert size distribution for orientation RF...
[M::mem_pestat] (25, 50, 75) percentile: (69, 610, 3818)
[M::mem_pestat] low and high boundaries for computing mean and std.dev: (1, 11316)
[M::mem_pestat] mean and std.dev: (2079.78, 2660.33)
[M::mem_pestat] low and high boundaries for proper pairs: (1, 15065)
[M::mem_pestat] analyzing insert size distribution for orientation RR...
[M::mem_pestat] (25, 50, 75) percentile: (179, 384, 1346)
[M::mem_pestat] low and high boundaries for computing mean and std.dev: (1, 3680)
[M::mem_pestat] mean and std.dev: (668.88, 607.84)
[M::mem_pestat] low and high boundaries for proper pairs: (1, 4847)
[M::mem_pestat] skip orientation FF
[M::mem_pestat] skip orientation RF
[M::mem_pestat] skip orientation RR
[M::mem_process_seqs] Processed 1467496 reads in 484.081 CPU sec, 52.108 real sec
[M::process] read 1498562 sequences (200000078 bp)...
[M::mem_pestat] # candidate unique pairs for (FF, FR, RF, RR): (60, 562922, 150, 50)
[M::mem_pestat] analyzing insert size distribution for orientation FF...
[M::mem_pestat] (25, 50, 75) percentile: (199, 304, 452)
[M::mem_pestat] low and high boundaries for computing mean and std.dev: (1, 958)
[M::mem_pestat] mean and std.dev: (304.28, 170.42)
[M::mem_pestat] low and high boundaries for proper pairs: (1, 1211)
[M::mem_pestat] analyzing insert size distribution for orientation FR...
[M::mem_pestat] (25, 50, 75) percentile: (270, 356, 456)
[M::mem_pestat] low and high boundaries for computing mean and std.dev: (1, 828)
[M::mem_pestat] mean and std.dev: (369.54, 138.41)
[M::mem_pestat] low and high boundaries for proper pairs: (1, 1014)
[M::mem_pestat] analyzing insert size distribution for orientation RF...
[M::mem_pestat] (25, 50, 75) percentile: (48, 375, 1659)
[M::mem_pestat] low and high boundaries for computing mean and std.dev: (1, 4881)
[M::mem_pestat] mean and std.dev: (629.97, 942.61)
[M::mem_pestat] low and high boundaries for proper pairs: (1, 6492)
[M::mem_pestat] analyzing insert size distribution for orientation RR...
[M::mem_pestat] (25, 50, 75) percentile: (217, 398, 1232)
[M::mem_pestat] low and high boundaries for computing mean and std.dev: (1, 3262)
[M::mem_pestat] mean and std.dev: (737.34, 764.21)
[M::mem_pestat] low and high boundaries for proper pairs: (1, 4277)
[M::mem_pestat] skip orientation FF
[M::mem_pestat] skip orientation RF
[M::mem_pestat] skip orientation RR
[M::mem_process_seqs] Processed 1477478 reads in 542.694 CPU sec, 58.058 real sec
[M::mem_pestat] # candidate unique pairs for (FF, FR, RF, RR): (61, 543691, 129, 34)
[M::mem_pestat] analyzing insert size distribution for orientation FF...
[M::mem_pestat] (25, 50, 75) percentile: (370, 556, 1169)
[M::mem_pestat] low and high boundaries for computing mean and std.dev: (1, 2767)
[M::mem_pestat] mean and std.dev: (652.35, 467.67)
[M::mem_pestat] low and high boundaries for proper pairs: (1, 3566)
[M::mem_pestat] analyzing insert size distribution for orientation FR...
[M::mem_pestat] (25, 50, 75) percentile: (270, 357, 457)
[M::mem_pestat] low and high boundaries for computing mean and std.dev: (1, 831)
[M::mem_pestat] mean and std.dev: (370.59, 138.90)
[M::mem_pestat] low and high boundaries for proper pairs: (1, 1018)
[M::mem_pestat] analyzing insert size distribution for orientation RF...
[M::mem_pestat] (25, 50, 75) percentile: (42, 483, 3124)
[M::mem_pestat] low and high boundaries for computing mean and std.dev: (1, 9288)
[M::mem_pestat] mean and std.dev: (1785.77, 2423.59)
[M::mem_pestat] low and high boundaries for proper pairs: (1, 12370)
[M::mem_pestat] analyzing insert size distribution for orientation RR...
[M::mem_pestat] (25, 50, 75) percentile: (260, 917, 1548)
[M::mem_pestat] low and high boundaries for computing mean and std.dev: (1, 4124)
[M::mem_pestat] mean and std.dev: (946.94, 903.72)
[M::mem_pestat] low and high boundaries for proper pairs: (1, 5412)
[M::mem_pestat] skip orientation FF
[M::mem_pestat] skip orientation RF
[M::mem_pestat] skip orientation RR
[M::process] read 1462528 sequences (200000097 bp)...
[M::mem_process_seqs] Processed 1498562 reads in 525.111 CPU sec, 56.352 real sec
[M::process] read 126586 sequences (17259589 bp)...
[M::mem_pestat] # candidate unique pairs for (FF, FR, RF, RR): (84, 555514, 127, 58)
[M::mem_pestat] analyzing insert size distribution for orientation FF...
[M::mem_pestat] (25, 50, 75) percentile: (278, 416, 666)
[M::mem_pestat] low and high boundaries for computing mean and std.dev: (1, 1442)
[M::mem_pestat] mean and std.dev: (414.52, 240.30)
[M::mem_pestat] low and high boundaries for proper pairs: (1, 1830)
[M::mem_pestat] analyzing insert size distribution for orientation FR...
[M::mem_pestat] (25, 50, 75) percentile: (269, 355, 455)
[M::mem_pestat] low and high boundaries for computing mean and std.dev: (1, 827)
[M::mem_pestat] mean and std.dev: (369.00, 138.11)
[M::mem_pestat] low and high boundaries for proper pairs: (1, 1013)
[M::mem_pestat] analyzing insert size distribution for orientation RF...
[M::mem_pestat] (25, 50, 75) percentile: (51, 410, 2702)
[M::mem_pestat] low and high boundaries for computing mean and std.dev: (1, 8004)
[M::mem_pestat] mean and std.dev: (1317.95, 1930.46)
[M::mem_pestat] low and high boundaries for proper pairs: (1, 10655)
[M::mem_pestat] analyzing insert size distribution for orientation RR...
[M::mem_pestat] (25, 50, 75) percentile: (217, 389, 1023)
[M::mem_pestat] low and high boundaries for computing mean and std.dev: (1, 2635)
[M::mem_pestat] mean and std.dev: (529.84, 506.96)
[M::mem_pestat] low and high boundaries for proper pairs: (1, 3441)
[M::mem_pestat] skip orientation FF
[M::mem_pestat] skip orientation RF
[M::mem_pestat] skip orientation RR
[M::mem_process_seqs] Processed 1462528 reads in 481.029 CPU sec, 51.961 real sec
[M::mem_pestat] # candidate unique pairs for (FF, FR, RF, RR): (4, 47906, 8, 5)
[M::mem_pestat] skip orientation FF as there are not enough pairs
[M::mem_pestat] analyzing insert size distribution for orientation FR...
[M::mem_pestat] (25, 50, 75) percentile: (269, 354, 454)
[M::mem_pestat] low and high boundaries for computing mean and std.dev: (1, 824)
[M::mem_pestat] mean and std.dev: (368.09, 137.00)
[M::mem_pestat] low and high boundaries for proper pairs: (1, 1009)
[M::mem_pestat] skip orientation RF as there are not enough pairs
[M::mem_pestat] skip orientation RR as there are not enough pairs
[M::mem_process_seqs] Processed 126586 reads in 39.171 CPU sec, 4.273 real sec
[main] Version: 0.7.17-r1188
[main] CMD: bwa mem -tsamblaster: Marked 3868035 of 30769275 (12.57%) read ids as duplicates 20 -R using 499888k memory in  @RG\tID:TL_LP_19T_083\tPL:ILLUMINA\tPU:HJMFJDSX7.4\tSM:TL_LP_19T_083\tCN:MCGILL\tBC:ATAGCGGAAT-TACTCTGCGC1M /storage/scratch/iee/dj20y461/Stickleback/G_aculeatus/FITNESS//data/ref_A_X/stickleback_v5_assembly_A_X.fasta13S /storage/scratch/iee/dj20y461/Stickleback/G_aculeatus/FITNESS//data/trimmed/TL_LP_19T_083.R1.trimmed.fastq.gz(72.671S) /storage/scratch/iee/dj20y461/Stickleback/G_aculeatus/FITNESS//data/trimmed/TL_LP_19T_083.R2.trimmed.fastq.gz CPU seconds and 37M
[main] Real time: 2238.516 sec; CPU: 19492.357 sec
19S(2239S) wall time.
[bam_sort_core] merging from 20 files and 20 in-memory blocks...
