samblaster: Version 0.1.24
samblaster: Inputting from stdin
samblaster: Outputting to stdout
[M::bwa_idx_load_from_disk] read 0 ALT contigs
[M::process] read 1465558 sequences (200000056 bp)...
[M::mem_pestat] # candidate unique pairs for (FF, FR, RF, RR): (44, 545673, 92, 30)
[M::mem_pestat] analyzing insert size distribution for orientation FF...
[M::mem_pestat] (25, 50, 75) percentile: (289, 388, 697)
[M::mem_pestat] low and high boundaries for computing mean and std.dev: (1, 1513)
[M::mem_pestat] mean and std.dev: (454.30, 317.20)
[M::mem_pestat] low and high boundaries for proper pairs: (1, 1921)
[M::mem_pestat] analyzing insert size distribution for orientation FR...
[M::mem_pestat] (25, 50, 75) percentile: (283, 372, 481)
[M::mem_pestat] low and high boundaries for computing mean and std.dev: (1, 877)
[M::mem_pestat] mean and std.dev: (389.52, 148.46)
[M::mem_pestat] low and high boundaries for proper pairs: (1, 1075)
[M::mem_pestat] analyzing insert size distribution for orientation RF...
[M::mem_pestat] (25, 50, 75) percentile: (102, 433, 2990)
[M::mem_pestat] low and high boundaries for computing mean and std.dev: (1, 8766)
[M::mem_pestat] mean and std.dev: (1571.45, 2144.01)
[M::mem_pestat] low and high boundaries for proper pairs: (1, 11654)
[M::mem_pestat] analyzing insert size distribution for orientation RR...
[M::mem_pestat] (25, 50, 75) percentile: (265, 611, 1462)
[M::mem_pestat] low and high boundaries for computing mean and std.dev: (1, 3856)
[M::mem_pestat] mean and std.dev: (882.68, 918.56)
[M::mem_pestat] low and high boundaries for proper pairs: (1, 5053)
[M::mem_pestat] skip orientation FF
[M::mem_pestat] skip orientation RF
[M::mem_pestat] skip orientation RR
[M::mem_process_seqs] Processed 1465558 reads in 466.700 CPU sec, 112.153 real sec
samblaster: Loaded 23 header sequence entries.
[M::process] read 1463716 sequences (200000202 bp)...
[M::process] read 1463574 sequences (200000170 bp)...
[M::mem_pestat] # candidate unique pairs for (FF, FR, RF, RR): (63, 543622, 107, 37)
[M::mem_pestat] analyzing insert size distribution for orientation FF...
[M::mem_pestat] (25, 50, 75) percentile: (314, 449, 690)
[M::mem_pestat] low and high boundaries for computing mean and std.dev: (1, 1442)
[M::mem_pestat] mean and std.dev: (406.22, 202.31)
[M::mem_pestat] low and high boundaries for proper pairs: (1, 1818)
[M::mem_pestat] analyzing insert size distribution for orientation FR...
[M::mem_pestat] (25, 50, 75) percentile: (285, 375, 485)
[M::mem_pestat] low and high boundaries for computing mean and std.dev: (1, 885)
[M::mem_pestat] mean and std.dev: (392.79, 150.26)
[M::mem_pestat] low and high boundaries for proper pairs: (1, 1085)
[M::mem_pestat] analyzing insert size distribution for orientation RF...
[M::mem_pestat] (25, 50, 75) percentile: (131, 583, 3676)
[M::mem_pestat] low and high boundaries for computing mean and std.dev: (1, 10766)
[M::mem_pestat] mean and std.dev: (2000.73, 2521.35)
[M::mem_pestat] low and high boundaries for proper pairs: (1, 14311)
[M::mem_pestat] analyzing insert size distribution for orientation RR...
[M::mem_pestat] (25, 50, 75) percentile: (241, 362, 898)
[M::mem_pestat] low and high boundaries for computing mean and std.dev: (1, 2212)
[M::mem_pestat] mean and std.dev: (473.88, 430.07)
[M::mem_pestat] low and high boundaries for proper pairs: (1, 2869)
[M::mem_pestat] skip orientation FF
[M::mem_pestat] skip orientation RF
[M::mem_pestat] skip orientation RR
[M::mem_process_seqs] Processed 1463716 reads in 436.671 CPU sec, 48.703 real sec
[M::mem_pestat] # candidate unique pairs for (FF, FR, RF, RR): (52, 542026, 99, 37)
[M::mem_pestat] analyzing insert size distribution for orientation FF...
[M::mem_pestat] (25, 50, 75) percentile: (320, 467, 1018)
[M::mem_pestat] low and high boundaries for computing mean and std.dev: (1, 2414)
[M::mem_pestat] mean and std.dev: (496.78, 350.68)
[M::mem_pestat] low and high boundaries for proper pairs: (1, 3112)
[M::mem_pestat] analyzing insert size distribution for orientation FR...
[M::mem_pestat] (25, 50, 75) percentile: (284, 374, 482)
[M::mem_pestat] low and high boundaries for computing mean and std.dev: (1, 878)
[M::mem_pestat] mean and std.dev: (390.90, 148.98)
[M::mem_pestat] low and high boundaries for proper pairs: (1, 1076)
[M::mem_pestat] analyzing insert size distribution for orientation RF...
[M::mem_pestat] (25, 50, 75) percentile: (113, 403, 1885)
[M::mem_pestat] low and high boundaries for computing mean and std.dev: (1, 5429)
[M::mem_pestat] mean and std.dev: (886.87, 1304.29)
[M::mem_pestat] low and high boundaries for proper pairs: (1, 7201)
[M::mem_pestat] analyzing insert size distribution for orientation RR...
[M::mem_pestat] (25, 50, 75) percentile: (170, 274, 706)
[M::mem_pestat] low and high boundaries for computing mean and std.dev: (1, 1778)
[M::mem_pestat] mean and std.dev: (298.33, 189.47)
[M::mem_pestat] low and high boundaries for proper pairs: (1, 2314)
[M::mem_pestat] skip orientation FF
[M::mem_pestat] skip orientation RF
[M::mem_pestat] skip orientation RR
[M::process] read 1469160 sequences (200000098 bp)...
[M::mem_process_seqs] Processed 1463574 reads in 439.946 CPU sec, 49.648 real sec
[M::process] read 1464242 sequences (200000002 bp)...
[M::mem_pestat] # candidate unique pairs for (FF, FR, RF, RR): (60, 542588, 66, 31)
[M::mem_pestat] analyzing insert size distribution for orientation FF...
[M::mem_pestat] (25, 50, 75) percentile: (188, 406, 976)
[M::mem_pestat] low and high boundaries for computing mean and std.dev: (1, 2552)
[M::mem_pestat] mean and std.dev: (519.12, 441.15)
[M::mem_pestat] low and high boundaries for proper pairs: (1, 3340)
[M::mem_pestat] analyzing insert size distribution for orientation FR...
[M::mem_pestat] (25, 50, 75) percentile: (281, 370, 476)
[M::mem_pestat] low and high boundaries for computing mean and std.dev: (1, 866)
[M::mem_pestat] mean and std.dev: (385.70, 145.25)
[M::mem_pestat] low and high boundaries for proper pairs: (1, 1061)
[M::mem_pestat] analyzing insert size distribution for orientation RF...
[M::mem_pestat] (25, 50, 75) percentile: (121, 649, 3645)
[M::mem_pestat] low and high boundaries for computing mean and std.dev: (1, 10693)
[M::mem_pestat] mean and std.dev: (2182.50, 2815.24)
[M::mem_pestat] low and high boundaries for proper pairs: (1, 14217)
[M::mem_pestat] analyzing insert size distribution for orientation RR...
[M::mem_pestat] (25, 50, 75) percentile: (211, 623, 2098)
[M::mem_pestat] low and high boundaries for computing mean and std.dev: (1, 5872)
[M::mem_pestat] mean and std.dev: (1004.53, 1215.16)
[M::mem_pestat] low and high boundaries for proper pairs: (1, 7759)
[M::mem_pestat] skip orientation FF
[M::mem_pestat] skip orientation RF
[M::mem_pestat] skip orientation RR
[M::mem_process_seqs] Processed 1469160 reads in 451.331 CPU sec, 50.488 real sec
[M::mem_pestat] # candidate unique pairs for (FF, FR, RF, RR): (46, 543585, 105, 40)
[M::mem_pestat] analyzing insert size distribution for orientation FF...
[M::mem_pestat] (25, 50, 75) percentile: (371, 603, 1100)
[M::mem_pestat] low and high boundaries for computing mean and std.dev: (1, 2558)
[M::mem_pestat] mean and std.dev: (690.83, 510.63)
[M::mem_pestat] low and high boundaries for proper pairs: (1, 3287)
[M::mem_pestat] analyzing insert size distribution for orientation FR...
[M::mem_pestat] (25, 50, 75) percentile: (287, 377, 488)
[M::mem_pestat] low and high boundaries for computing mean and std.dev: (1, 890)
[M::mem_pestat] mean and std.dev: (394.73, 151.05)
[M::mem_pestat] low and high boundaries for proper pairs: (1, 1091)
[M::mem_pestat] analyzing insert size distribution for orientation RF...
[M::mem_pestat] (25, 50, 75) percentile: (53, 312, 2330)
[M::mem_pestat] low and high boundaries for computing mean and std.dev: (1, 6884)
[M::mem_pestat] mean and std.dev: (999.61, 1398.45)
[M::mem_pestat] low and high boundaries for proper pairs: (1, 9161)
[M::mem_pestat] analyzing insert size distribution for orientation RR...
[M::mem_pestat] (25, 50, 75) percentile: (217, 484, 1591)
[M::mem_pestat] low and high boundaries for computing mean and std.dev: (1, 4339)
[M::mem_pestat] mean and std.dev: (909.85, 1011.10)
[M::mem_pestat] low and high boundaries for proper pairs: (1, 5713)
[M::mem_pestat] skip orientation FF
[M::mem_pestat] skip orientation RF
[M::mem_pestat] skip orientation RR
[M::mem_process_seqs] Processed 1464242 reads in 448.034 CPU sec, 70.127 real sec
[M::process] read 1463886 sequences (200000011 bp)...
[M::process] read 1465428 sequences (200000228 bp)...
[M::mem_pestat] # candidate unique pairs for (FF, FR, RF, RR): (51, 543220, 100, 35)
[M::mem_pestat] analyzing insert size distribution for orientation FF...
[M::mem_pestat] (25, 50, 75) percentile: (253, 402, 715)
[M::mem_pestat] low and high boundaries for computing mean and std.dev: (1, 1639)
[M::mem_pestat] mean and std.dev: (465.21, 254.46)
[M::mem_pestat] low and high boundaries for proper pairs: (1, 2101)
[M::mem_pestat] analyzing insert size distribution for orientation FR...
[M::mem_pestat] (25, 50, 75) percentile: (287, 377, 488)
[M::mem_pestat] low and high boundaries for computing mean and std.dev: (1, 890)
[M::mem_pestat] mean and std.dev: (395.24, 151.40)
[M::mem_pestat] low and high boundaries for proper pairs: (1, 1091)
[M::mem_pestat] analyzing insert size distribution for orientation RF...
[M::mem_pestat] (25, 50, 75) percentile: (156, 460, 2560)
[M::mem_pestat] low and high boundaries for computing mean and std.dev: (1, 7368)
[M::mem_pestat] mean and std.dev: (1269.83, 1699.05)
[M::mem_pestat] low and high boundaries for proper pairs: (1, 9772)
[M::mem_pestat] analyzing insert size distribution for orientation RR...
[M::mem_pestat] (25, 50, 75) percentile: (219, 441, 816)
[M::mem_pestat] low and high boundaries for computing mean and std.dev: (1, 2010)
[M::mem_pestat] mean and std.dev: (443.10, 341.54)
[M::mem_pestat] low and high boundaries for proper pairs: (1, 2607)
[M::mem_pestat] skip orientation FF
[M::mem_pestat] skip orientation RF
[M::mem_pestat] skip orientation RR
[M::mem_process_seqs] Processed 1463886 reads in 438.186 CPU sec, 44.811 real sec
[M::mem_pestat] # candidate unique pairs for (FF, FR, RF, RR): (55, 542095, 114, 45)
[M::mem_pestat] analyzing insert size distribution for orientation FF...
[M::mem_pestat] (25, 50, 75) percentile: (384, 581, 991)
[M::mem_pestat] low and high boundaries for computing mean and std.dev: (1, 2205)
[M::mem_pestat] mean and std.dev: (567.98, 377.71)
[M::mem_pestat] low and high boundaries for proper pairs: (1, 2812)
[M::mem_pestat] analyzing insert size distribution for orientation FR...
[M::mem_pestat] (25, 50, 75) percentile: (285, 374, 483)
[M::mem_pestat] low and high boundaries for computing mean and std.dev: (1, 879)
[M::mem_pestat] mean and std.dev: (391.55, 148.57)
[M::mem_pestat] low and high boundaries for proper pairs: (1, 1077)
[M::mem_pestat] analyzing insert size distribution for orientation RF...
[M::mem_pestat] (25, 50, 75) percentile: (49, 366, 2747)
[M::mem_pestat] low and high boundaries for computing mean and std.dev: (1, 8143)
[M::mem_pestat] mean and std.dev: (1421.65, 1961.59)
[M::mem_pestat] low and high boundaries for proper pairs: (1, 10841)
[M::mem_pestat] analyzing insert size distribution for orientation RR...
[M::mem_pestat] (25, 50, 75) percentile: (222, 547, 1455)
[M::mem_pestat] low and high boundaries for computing mean and std.dev: (1, 3921)
[M::mem_pestat] mean and std.dev: (743.61, 738.83)
[M::mem_pestat] low and high boundaries for proper pairs: (1, 5154)
[M::mem_pestat] skip orientation FF
[M::mem_pestat] skip orientation RF
[M::mem_pestat] skip orientation RR
[M::process] read 1470210 sequences (200000145 bp)...
[M::mem_process_seqs] Processed 1465428 reads in 439.959 CPU sec, 47.714 real sec
[M::mem_pestat] # candidate unique pairs for (FF, FR, RF, RR): (59, 542884, 139, 37)
[M::mem_pestat] analyzing insert size distribution for orientation FF...
[M::mem_pestat] (25, 50, 75) percentile: (257, 358, 739)
[M::mem_pestat] low and high boundaries for computing mean and std.dev: (1, 1703)
[M::mem_pestat] mean and std.dev: (433.96, 275.23)
[M::mem_pestat] low and high boundaries for proper pairs: (1, 2185)
[M::mem_pestat] analyzing insert size distribution for orientation FR...
[M::mem_pestat] (25, 50, 75) percentile: (282, 371, 477)
[M::mem_pestat] low and high boundaries for computing mean and std.dev: (1, 867)
[M::mem_pestat] mean and std.dev: (386.66, 145.15)
[M::mem_pestat] low and high boundaries for proper pairs: (1, 1062)
[M::mem_pestat] analyzing insert size distribution for orientation RF...
[M::mem_pestat] (25, 50, 75) percentile: (150, 767, 3114)
[M::mem_pestat] low and high boundaries for computing mean and std.dev: (1, 9042)
[M::mem_pestat] mean and std.dev: (1827.16, 2331.75)
[M::mem_pestat] low and high boundaries for proper pairs: (1, 12006)
[M::mem_pestat] analyzing insert size distribution for orientation RR...
[M::mem_pestat] (25, 50, 75) percentile: (130, 259, 691)
[M::mem_pestat] low and high boundaries for computing mean and std.dev: (1, 1813)
[M::mem_pestat] mean and std.dev: (312.58, 310.18)
[M::mem_pestat] low and high boundaries for proper pairs: (1, 2374)
[M::mem_pestat] skip orientation FF
[M::mem_pestat] skip orientation RF
[M::mem_pestat] skip orientation RR
[M::process] read 1463112 sequences (200000050 bp)...
[M::mem_process_seqs] Processed 1470210 reads in 441.058 CPU sec, 47.863 real sec
[M::mem_pestat] # candidate unique pairs for (FF, FR, RF, RR): (45, 543646, 92, 30)
[M::mem_pestat] analyzing insert size distribution for orientation FF...
[M::mem_pestat] (25, 50, 75) percentile: (345, 448, 864)
[M::mem_pestat] low and high boundaries for computing mean and std.dev: (1, 1902)
[M::mem_pestat] mean and std.dev: (522.56, 316.24)
[M::mem_pestat] low and high boundaries for proper pairs: (1, 2421)
[M::mem_pestat] analyzing insert size distribution for orientation FR...
[M::mem_pestat] (25, 50, 75) percentile: (287, 378, 489)
[M::mem_pestat] low and high boundaries for computing mean and std.dev: (1, 893)
[M::mem_pestat] mean and std.dev: (395.79, 152.09)
[M::mem_pestat] low and high boundaries for proper pairs: (1, 1095)
[M::mem_pestat] analyzing insert size distribution for orientation RF...
[M::mem_pestat] (25, 50, 75) percentile: (134, 733, 3679)
[M::mem_pestat] low and high boundaries for computing mean and std.dev: (1, 10769)
[M::mem_pestat] mean and std.dev: (1908.25, 2304.66)
[M::mem_pestat] low and high boundaries for proper pairs: (1, 14314)
[M::mem_pestat] analyzing insert size distribution for orientation RR...
[M::mem_pestat] (25, 50, 75) percentile: (307, 507, 1239)
[M::mem_pestat] low and high boundaries for computing mean and std.dev: (1, 3103)
[M::mem_pestat] mean and std.dev: (686.67, 683.73)
[M::mem_pestat] low and high boundaries for proper pairs: (1, 4035)
[M::mem_pestat] skip orientation FF
[M::mem_pestat] skip orientation RF
[M::mem_pestat] skip orientation RR
[M::process] read 1463228 sequences (200000030 bp)...
[M::mem_process_seqs] Processed 1463112 reads in 439.360 CPU sec, 47.693 real sec
[M::mem_pestat] # candidate unique pairs for (FF, FR, RF, RR): (49, 543163, 94, 36)
[M::mem_pestat] analyzing insert size distribution for orientation FF...
[M::mem_pestat] (25, 50, 75) percentile: (239, 455, 2941)
[M::mem_pestat] low and high boundaries for computing mean and std.dev: (1, 8345)
[M::mem_pestat] mean and std.dev: (1416.32, 1906.69)
[M::mem_pestat] low and high boundaries for proper pairs: (1, 11047)
[M::mem_pestat] analyzing insert size distribution for orientation FR...
[M::mem_pestat] (25, 50, 75) percentile: (286, 377, 488)
[M::mem_pestat] low and high boundaries for computing mean and std.dev: (1, 892)
[M::mem_pestat] mean and std.dev: (394.84, 151.64)
[M::mem_pestat] low and high boundaries for proper pairs: (1, 1094)
[M::mem_pestat] analyzing insert size distribution for orientation RF...
[M::mem_pestat] (25, 50, 75) percentile: (53, 412, 2731)
[M::mem_pestat] low and high boundaries for computing mean and std.dev: (1, 8087)
[M::mem_pestat] mean and std.dev: (1520.12, 2164.52)
[M::mem_pestat] low and high boundaries for proper pairs: (1, 10765)
[M::mem_pestat] analyzing insert size distribution for orientation RR...
[M::mem_pestat] (25, 50, 75) percentile: (262, 545, 1862)
[M::mem_pestat] low and high boundaries for computing mean and std.dev: (1, 5062)
[M::mem_pestat] mean and std.dev: (1248.69, 1385.84)
[M::mem_pestat] low and high boundaries for proper pairs: (1, 6792)
[M::mem_pestat] skip orientation FF
[M::mem_pestat] skip orientation RF
[M::mem_pestat] skip orientation RR
[M::process] read 1464942 sequences (200000131 bp)...
[M::mem_process_seqs] Processed 1463228 reads in 440.807 CPU sec, 47.785 real sec
[M::mem_pestat] # candidate unique pairs for (FF, FR, RF, RR): (59, 541991, 90, 44)
[M::mem_pestat] analyzing insert size distribution for orientation FF...
[M::mem_pestat] (25, 50, 75) percentile: (432, 737, 1469)
[M::mem_pestat] low and high boundaries for computing mean and std.dev: (1, 3543)
[M::mem_pestat] mean and std.dev: (829.10, 638.93)
[M::mem_pestat] low and high boundaries for proper pairs: (1, 4580)
[M::mem_pestat] analyzing insert size distribution for orientation FR...
[M::mem_pestat] (25, 50, 75) percentile: (283, 373, 481)
[M::mem_pestat] low and high boundaries for computing mean and std.dev: (1, 877)
[M::mem_pestat] mean and std.dev: (389.67, 148.03)
[M::mem_pestat] low and high boundaries for proper pairs: (1, 1075)
[M::mem_pestat] analyzing insert size distribution for orientation RF...
[M::mem_pestat] (25, 50, 75) percentile: (126, 444, 2997)
[M::mem_pestat] low and high boundaries for computing mean and std.dev: (1, 8739)
[M::mem_pestat] mean and std.dev: (1518.69, 2098.20)
[M::mem_pestat] low and high boundaries for proper pairs: (1, 11610)
[M::mem_pestat] analyzing insert size distribution for orientation RR...
[M::mem_pestat] (25, 50, 75) percentile: (187, 420, 1085)
[M::mem_pestat] low and high boundaries for computing mean and std.dev: (1, 2881)
[M::mem_pestat] mean and std.dev: (549.90, 603.55)
[M::mem_pestat] low and high boundaries for proper pairs: (1, 3779)
[M::mem_pestat] skip orientation FF
[M::mem_pestat] skip orientation RF
[M::mem_pestat] skip orientation RR
[M::process] read 1470352 sequences (200000031 bp)...
[M::mem_process_seqs] Processed 1464942 reads in 441.313 CPU sec, 47.864 real sec
[M::mem_pestat] # candidate unique pairs for (FF, FR, RF, RR): (35, 543550, 111, 44)
[M::mem_pestat] analyzing insert size distribution for orientation FF...
[M::mem_pestat] (25, 50, 75) percentile: (334, 438, 1277)
[M::mem_pestat] low and high boundaries for computing mean and std.dev: (1, 3163)
[M::mem_pestat] mean and std.dev: (580.83, 479.33)
[M::mem_pestat] low and high boundaries for proper pairs: (1, 4106)
[M::mem_pestat] analyzing insert size distribution for orientation FR...
[M::mem_pestat] (25, 50, 75) percentile: (281, 370, 476)
[M::mem_pestat] low and high boundaries for computing mean and std.dev: (1, 866)
[M::mem_pestat] mean and std.dev: (385.77, 145.21)
[M::mem_pestat] low and high boundaries for proper pairs: (1, 1061)
[M::mem_pestat] analyzing insert size distribution for orientation RF...
[M::mem_pestat] (25, 50, 75) percentile: (74, 350, 2315)
[M::mem_pestat] low and high boundaries for computing mean and std.dev: (1, 6797)
[M::mem_pestat] mean and std.dev: (1154.03, 1640.84)
[M::mem_pestat] low and high boundaries for proper pairs: (1, 9038)
[M::mem_pestat] analyzing insert size distribution for orientation RR...
[M::mem_pestat] (25, 50, 75) percentile: (298, 407, 953)
[M::mem_pestat] low and high boundaries for computing mean and std.dev: (1, 2263)
[M::mem_pestat] mean and std.dev: (560.20, 419.12)
[M::mem_pestat] low and high boundaries for proper pairs: (1, 2918)
[M::mem_pestat] skip orientation FF
[M::mem_pestat] skip orientation RF
[M::mem_pestat] skip orientation RR
[M::process] read 1463376 sequences (200000215 bp)...
[M::mem_process_seqs] Processed 1470352 reads in 444.832 CPU sec, 48.177 real sec
[M::mem_pestat] # candidate unique pairs for (FF, FR, RF, RR): (33, 542976, 100, 37)
[M::mem_pestat] analyzing insert size distribution for orientation FF...
[M::mem_pestat] (25, 50, 75) percentile: (215, 375, 913)
[M::mem_pestat] low and high boundaries for computing mean and std.dev: (1, 2309)
[M::mem_pestat] mean and std.dev: (425.25, 294.06)
[M::mem_pestat] low and high boundaries for proper pairs: (1, 3007)
[M::mem_pestat] analyzing insert size distribution for orientation FR...
[M::mem_pestat] (25, 50, 75) percentile: (286, 376, 486)
[M::mem_pestat] low and high boundaries for computing mean and std.dev: (1, 886)
[M::mem_pestat] mean and std.dev: (393.72, 150.71)
[M::mem_pestat] low and high boundaries for proper pairs: (1, 1086)
[M::mem_pestat] analyzing insert size distribution for orientation RF...
[M::mem_pestat] (25, 50, 75) percentile: (82, 268, 2997)
[M::mem_pestat] low and high boundaries for computing mean and std.dev: (1, 8827)
[M::mem_pestat] mean and std.dev: (1623.86, 2365.52)
[M::mem_pestat] low and high boundaries for proper pairs: (1, 11742)
[M::mem_pestat] analyzing insert size distribution for orientation RR...
[M::mem_pestat] (25, 50, 75) percentile: (201, 329, 1076)
[M::mem_pestat] low and high boundaries for computing mean and std.dev: (1, 2826)
[M::mem_pestat] mean and std.dev: (589.70, 636.91)
[M::mem_pestat] low and high boundaries for proper pairs: (1, 3701)
[M::mem_pestat] skip orientation FF
[M::mem_pestat] skip orientation RF
[M::mem_pestat] skip orientation RR
[M::process] read 1464016 sequences (200000282 bp)...
[M::mem_process_seqs] Processed 1463376 reads in 440.277 CPU sec, 48.209 real sec
[M::mem_pestat] # candidate unique pairs for (FF, FR, RF, RR): (50, 542069, 102, 36)
[M::mem_pestat] analyzing insert size distribution for orientation FF...
[M::mem_pestat] (25, 50, 75) percentile: (312, 428, 954)
[M::mem_pestat] low and high boundaries for computing mean and std.dev: (1, 2238)
[M::mem_pestat] mean and std.dev: (513.51, 303.55)
[M::mem_pestat] low and high boundaries for proper pairs: (1, 2880)
[M::mem_pestat] analyzing insert size distribution for orientation FR...
[M::mem_pestat] (25, 50, 75) percentile: (285, 375, 485)
[M::mem_pestat] low and high boundaries for computing mean and std.dev: (1, 885)
[M::mem_pestat] mean and std.dev: (393.09, 150.22)
[M::mem_pestat] low and high boundaries for proper pairs: (1, 1085)
[M::mem_pestat] analyzing insert size distribution for orientation RF...
[M::mem_pestat] (25, 50, 75) percentile: (124, 367, 1493)
[M::mem_pestat] low and high boundaries for computing mean and std.dev: (1, 4231)
[M::mem_pestat] mean and std.dev: (768.06, 975.86)
[M::mem_pestat] low and high boundaries for proper pairs: (1, 5600)
[M::mem_pestat] analyzing insert size distribution for orientation RR...
[M::mem_pestat] (25, 50, 75) percentile: (289, 505, 965)
[M::mem_pestat] low and high boundaries for computing mean and std.dev: (1, 2317)
[M::mem_pestat] mean and std.dev: (536.88, 391.15)
[M::mem_pestat] low and high boundaries for proper pairs: (1, 2993)
[M::mem_pestat] skip orientation FF
[M::mem_pestat] skip orientation RF
[M::mem_pestat] skip orientation RR
[M::process] read 1467598 sequences (200000189 bp)...
[M::mem_process_seqs] Processed 1464016 reads in 442.572 CPU sec, 48.223 real sec
[M::mem_pestat] # candidate unique pairs for (FF, FR, RF, RR): (44, 541893, 86, 35)
[M::mem_pestat] analyzing insert size distribution for orientation FF...
[M::mem_pestat] (25, 50, 75) percentile: (363, 585, 1125)
[M::mem_pestat] low and high boundaries for computing mean and std.dev: (1, 2649)
[M::mem_pestat] mean and std.dev: (571.11, 311.04)
[M::mem_pestat] low and high boundaries for proper pairs: (1, 3411)
[M::mem_pestat] analyzing insert size distribution for orientation FR...
[M::mem_pestat] (25, 50, 75) percentile: (281, 369, 475)
[M::mem_pestat] low and high boundaries for computing mean and std.dev: (1, 863)
[M::mem_pestat] mean and std.dev: (385.29, 144.74)
[M::mem_pestat] low and high boundaries for proper pairs: (1, 1057)
[M::mem_pestat] analyzing insert size distribution for orientation RF...
[M::mem_pestat] (25, 50, 75) percentile: (45, 300, 2525)
[M::mem_pestat] low and high boundaries for computing mean and std.dev: (1, 7485)
[M::mem_pestat] mean and std.dev: (1272.39, 1802.37)
[M::mem_pestat] low and high boundaries for proper pairs: (1, 9965)
[M::mem_pestat] analyzing insert size distribution for orientation RR...
[M::mem_pestat] (25, 50, 75) percentile: (276, 481, 1014)
[M::mem_pestat] low and high boundaries for computing mean and std.dev: (1, 2490)
[M::mem_pestat] mean and std.dev: (526.60, 379.76)
[M::mem_pestat] low and high boundaries for proper pairs: (1, 3228)
[M::mem_pestat] skip orientation FF
[M::mem_pestat] skip orientation RF
[M::mem_pestat] skip orientation RR
[M::process] read 1470396 sequences (200000213 bp)...
[M::mem_process_seqs] Processed 1467598 reads in 443.031 CPU sec, 48.051 real sec
[M::mem_pestat] # candidate unique pairs for (FF, FR, RF, RR): (67, 545161, 103, 33)
[M::mem_pestat] analyzing insert size distribution for orientation FF...
[M::mem_pestat] (25, 50, 75) percentile: (259, 430, 701)
[M::mem_pestat] low and high boundaries for computing mean and std.dev: (1, 1585)
[M::mem_pestat] mean and std.dev: (448.03, 283.48)
[M::mem_pestat] low and high boundaries for proper pairs: (1, 2027)
[M::mem_pestat] analyzing insert size distribution for orientation FR...
[M::mem_pestat] (25, 50, 75) percentile: (281, 369, 475)
[M::mem_pestat] low and high boundaries for computing mean and std.dev: (1, 863)
[M::mem_pestat] mean and std.dev: (385.19, 145.30)
[M::mem_pestat] low and high boundaries for proper pairs: (1, 1057)
[M::mem_pestat] analyzing insert size distribution for orientation RF...
[M::mem_pestat] (25, 50, 75) percentile: (170, 798, 3567)
[M::mem_pestat] low and high boundaries for computing mean and std.dev: (1, 10361)
[M::mem_pestat] mean and std.dev: (2329.77, 2939.09)
[M::mem_pestat] low and high boundaries for proper pairs: (1, 14086)
[M::mem_pestat] analyzing insert size distribution for orientation RR...
[M::mem_pestat] (25, 50, 75) percentile: (228, 398, 832)
[M::mem_pestat] low and high boundaries for computing mean and std.dev: (1, 2040)
[M::mem_pestat] mean and std.dev: (440.71, 352.74)
[M::mem_pestat] low and high boundaries for proper pairs: (1, 2644)
[M::mem_pestat] skip orientation FF
[M::mem_pestat] skip orientation RF
[M::mem_pestat] skip orientation RR
[M::process] read 1466694 sequences (200000132 bp)...
[M::mem_process_seqs] Processed 1470396 reads in 440.228 CPU sec, 47.739 real sec
[M::mem_pestat] # candidate unique pairs for (FF, FR, RF, RR): (61, 543353, 110, 43)
[M::mem_pestat] analyzing insert size distribution for orientation FF...
[M::mem_pestat] (25, 50, 75) percentile: (277, 403, 766)
[M::mem_pestat] low and high boundaries for computing mean and std.dev: (1, 1744)
[M::mem_pestat] mean and std.dev: (450.87, 300.41)
[M::mem_pestat] low and high boundaries for proper pairs: (1, 2233)
[M::mem_pestat] analyzing insert size distribution for orientation FR...
[M::mem_pestat] (25, 50, 75) percentile: (284, 373, 483)
[M::mem_pestat] low and high boundaries for computing mean and std.dev: (1, 881)
[M::mem_pestat] mean and std.dev: (391.16, 149.26)
[M::mem_pestat] low and high boundaries for proper pairs: (1, 1080)
[M::mem_pestat] analyzing insert size distribution for orientation RF...
[M::mem_pestat] (25, 50, 75) percentile: (97, 797, 3883)
[M::mem_pestat] low and high boundaries for computing mean and std.dev: (1, 11455)
[M::mem_pestat] mean and std.dev: (2300.36, 2907.37)
[M::mem_pestat] low and high boundaries for proper pairs: (1, 15241)
[M::mem_pestat] analyzing insert size distribution for orientation RR...
[M::mem_pestat] (25, 50, 75) percentile: (350, 514, 2616)
[M::mem_pestat] low and high boundaries for computing mean and std.dev: (1, 7148)
[M::mem_pestat] mean and std.dev: (1221.44, 1459.60)
[M::mem_pestat] low and high boundaries for proper pairs: (1, 9414)
[M::mem_pestat] skip orientation FF
[M::mem_pestat] skip orientation RF
[M::mem_pestat] skip orientation RR
[M::process] read 1467420 sequences (200000024 bp)...
[M::mem_process_seqs] Processed 1466694 reads in 441.422 CPU sec, 47.934 real sec
[M::mem_pestat] # candidate unique pairs for (FF, FR, RF, RR): (51, 542132, 116, 37)
[M::mem_pestat] analyzing insert size distribution for orientation FF...
[M::mem_pestat] (25, 50, 75) percentile: (284, 409, 661)
[M::mem_pestat] low and high boundaries for computing mean and std.dev: (1, 1415)
[M::mem_pestat] mean and std.dev: (436.07, 271.37)
[M::mem_pestat] low and high boundaries for proper pairs: (1, 1792)
[M::mem_pestat] analyzing insert size distribution for orientation FR...
[M::mem_pestat] (25, 50, 75) percentile: (284, 374, 482)
[M::mem_pestat] low and high boundaries for computing mean and std.dev: (1, 878)
[M::mem_pestat] mean and std.dev: (390.43, 148.06)
[M::mem_pestat] low and high boundaries for proper pairs: (1, 1076)
[M::mem_pestat] analyzing insert size distribution for orientation RF...
[M::mem_pestat] (25, 50, 75) percentile: (76, 689, 2613)
[M::mem_pestat] low and high boundaries for computing mean and std.dev: (1, 7687)
[M::mem_pestat] mean and std.dev: (1483.07, 1801.33)
[M::mem_pestat] low and high boundaries for proper pairs: (1, 10224)
[M::mem_pestat] analyzing insert size distribution for orientation RR...
[M::mem_pestat] (25, 50, 75) percentile: (136, 302, 1160)
[M::mem_pestat] low and high boundaries for computing mean and std.dev: (1, 3208)
[M::mem_pestat] mean and std.dev: (583.35, 750.95)
[M::mem_pestat] low and high boundaries for proper pairs: (1, 4232)
[M::mem_pestat] skip orientation FF
[M::mem_pestat] skip orientation RF
[M::mem_pestat] skip orientation RR
[M::process] read 1474222 sequences (200000042 bp)...
[M::mem_process_seqs] Processed 1467420 reads in 443.650 CPU sec, 48.156 real sec
[M::mem_pestat] # candidate unique pairs for (FF, FR, RF, RR): (52, 543130, 111, 48)
[M::mem_pestat] analyzing insert size distribution for orientation FF...
[M::mem_pestat] (25, 50, 75) percentile: (279, 401, 688)
[M::mem_pestat] low and high boundaries for computing mean and std.dev: (1, 1506)
[M::mem_pestat] mean and std.dev: (432.02, 260.38)
[M::mem_pestat] low and high boundaries for proper pairs: (1, 1915)
[M::mem_pestat] analyzing insert size distribution for orientation FR...
[M::mem_pestat] (25, 50, 75) percentile: (278, 366, 470)
[M::mem_pestat] low and high boundaries for computing mean and std.dev: (1, 854)
[M::mem_pestat] mean and std.dev: (381.18, 142.04)
[M::mem_pestat] low and high boundaries for proper pairs: (1, 1046)
[M::mem_pestat] analyzing insert size distribution for orientation RF...
[M::mem_pestat] (25, 50, 75) percentile: (145, 910, 3390)
[M::mem_pestat] low and high boundaries for computing mean and std.dev: (1, 9880)
[M::mem_pestat] mean and std.dev: (1998.67, 2310.34)
[M::mem_pestat] low and high boundaries for proper pairs: (1, 13125)
[M::mem_pestat] analyzing insert size distribution for orientation RR...
[M::mem_pestat] (25, 50, 75) percentile: (205, 405, 1201)
[M::mem_pestat] low and high boundaries for computing mean and std.dev: (1, 3193)
[M::mem_pestat] mean and std.dev: (551.56, 542.05)
[M::mem_pestat] low and high boundaries for proper pairs: (1, 4189)
[M::mem_pestat] skip orientation FF
[M::mem_pestat] skip orientation RF
[M::mem_pestat] skip orientation RR
[M::process] read 1470388 sequences (200000189 bp)...
[M::mem_process_seqs] Processed 1474222 reads in 448.551 CPU sec, 48.628 real sec
[M::mem_pestat] # candidate unique pairs for (FF, FR, RF, RR): (37, 546139, 113, 30)
[M::mem_pestat] analyzing insert size distribution for orientation FF...
[M::mem_pestat] (25, 50, 75) percentile: (264, 415, 789)
[M::mem_pestat] low and high boundaries for computing mean and std.dev: (1, 1839)
[M::mem_pestat] mean and std.dev: (381.20, 202.08)
[M::mem_pestat] low and high boundaries for proper pairs: (1, 2364)
[M::mem_pestat] analyzing insert size distribution for orientation FR...
[M::mem_pestat] (25, 50, 75) percentile: (279, 366, 472)
[M::mem_pestat] low and high boundaries for computing mean and std.dev: (1, 858)
[M::mem_pestat] mean and std.dev: (382.26, 144.53)
[M::mem_pestat] low and high boundaries for proper pairs: (1, 1051)
[M::mem_pestat] analyzing insert size distribution for orientation RF...
[M::mem_pestat] (25, 50, 75) percentile: (149, 936, 3945)
[M::mem_pestat] low and high boundaries for computing mean and std.dev: (1, 11537)
[M::mem_pestat] mean and std.dev: (2156.25, 2562.37)
[M::mem_pestat] low and high boundaries for proper pairs: (1, 15333)
[M::mem_pestat] analyzing insert size distribution for orientation RR...
[M::mem_pestat] (25, 50, 75) percentile: (251, 469, 1615)
[M::mem_pestat] low and high boundaries for computing mean and std.dev: (1, 4343)
[M::mem_pestat] mean and std.dev: (897.11, 1046.46)
[M::mem_pestat] low and high boundaries for proper pairs: (1, 5707)
[M::mem_pestat] skip orientation FF
[M::mem_pestat] skip orientation RF
[M::mem_pestat] skip orientation RR
[M::mem_process_seqs] Processed 1470388 reads in 453.569 CPU sec, 72.630 real sec
[M::process] read 1469050 sequences (200000128 bp)...
[M::process] read 1470748 sequences (200000245 bp)...
[M::mem_pestat] # candidate unique pairs for (FF, FR, RF, RR): (44, 545709, 97, 31)
[M::mem_pestat] analyzing insert size distribution for orientation FF...
[M::mem_pestat] (25, 50, 75) percentile: (323, 521, 971)
[M::mem_pestat] low and high boundaries for computing mean and std.dev: (1, 2267)
[M::mem_pestat] mean and std.dev: (544.18, 393.39)
[M::mem_pestat] low and high boundaries for proper pairs: (1, 2915)
[M::mem_pestat] analyzing insert size distribution for orientation FR...
[M::mem_pestat] (25, 50, 75) percentile: (281, 369, 475)
[M::mem_pestat] low and high boundaries for computing mean and std.dev: (1, 863)
[M::mem_pestat] mean and std.dev: (385.34, 145.71)
[M::mem_pestat] low and high boundaries for proper pairs: (1, 1057)
[M::mem_pestat] analyzing insert size distribution for orientation RF...
[M::mem_pestat] (25, 50, 75) percentile: (172, 988, 4405)
[M::mem_pestat] low and high boundaries for computing mean and std.dev: (1, 12871)
[M::mem_pestat] mean and std.dev: (2445.27, 2857.08)
[M::mem_pestat] low and high boundaries for proper pairs: (1, 17104)
[M::mem_pestat] analyzing insert size distribution for orientation RR...
[M::mem_pestat] (25, 50, 75) percentile: (220, 309, 474)
[M::mem_pestat] low and high boundaries for computing mean and std.dev: (1, 982)
[M::mem_pestat] mean and std.dev: (305.26, 171.53)
[M::mem_pestat] low and high boundaries for proper pairs: (1, 1236)
[M::mem_pestat] skip orientation FF
[M::mem_pestat] skip orientation RF
[M::mem_pestat] skip orientation RR
[M::mem_process_seqs] Processed 1469050 reads in 437.120 CPU sec, 46.134 real sec
[M::mem_pestat] # candidate unique pairs for (FF, FR, RF, RR): (55, 543726, 119, 35)
[M::mem_pestat] analyzing insert size distribution for orientation FF...
[M::mem_pestat] (25, 50, 75) percentile: (316, 474, 1059)
[M::mem_pestat] low and high boundaries for computing mean and std.dev: (1, 2545)
[M::mem_pestat] mean and std.dev: (693.00, 604.68)
[M::mem_pestat] low and high boundaries for proper pairs: (1, 3288)
[M::mem_pestat] analyzing insert size distribution for orientation FR...
[M::mem_pestat] (25, 50, 75) percentile: (280, 369, 474)
[M::mem_pestat] low and high boundaries for computing mean and std.dev: (1, 862)
[M::mem_pestat] mean and std.dev: (384.54, 144.42)
[M::mem_pestat] low and high boundaries for proper pairs: (1, 1056)
[M::mem_pestat] analyzing insert size distribution for orientation RF...
[M::mem_pestat] (25, 50, 75) percentile: (81, 346, 3235)
[M::mem_pestat] low and high boundaries for computing mean and std.dev: (1, 9543)
[M::mem_pestat] mean and std.dev: (1785.64, 2419.55)
[M::mem_pestat] low and high boundaries for proper pairs: (1, 12697)
[M::mem_pestat] analyzing insert size distribution for orientation RR...
[M::mem_pestat] (25, 50, 75) percentile: (250, 419, 770)
[M::mem_pestat] low and high boundaries for computing mean and std.dev: (1, 1810)
[M::mem_pestat] mean and std.dev: (375.76, 210.64)
[M::mem_pestat] low and high boundaries for proper pairs: (1, 2330)
[M::mem_pestat] skip orientation FF
[M::mem_pestat] skip orientation RF
[M::mem_pestat] skip orientation RR
[M::process] read 1475704 sequences (200000035 bp)...
[M::mem_process_seqs] Processed 1470748 reads in 442.247 CPU sec, 47.953 real sec
[M::mem_pestat] # candidate unique pairs for (FF, FR, RF, RR): (52, 545660, 91, 26)
[M::mem_pestat] analyzing insert size distribution for orientation FF...
[M::mem_pestat] (25, 50, 75) percentile: (262, 427, 763)
[M::mem_pestat] low and high boundaries for computing mean and std.dev: (1, 1765)
[M::mem_pestat] mean and std.dev: (401.38, 292.60)
[M::mem_pestat] low and high boundaries for proper pairs: (1, 2266)
[M::mem_pestat] analyzing insert size distribution for orientation FR...
[M::mem_pestat] (25, 50, 75) percentile: (281, 370, 475)
[M::mem_pestat] low and high boundaries for computing mean and std.dev: (1, 863)
[M::mem_pestat] mean and std.dev: (385.12, 144.64)
[M::mem_pestat] low and high boundaries for proper pairs: (1, 1057)
[M::mem_pestat] analyzing insert size distribution for orientation RF...
[M::mem_pestat] (25, 50, 75) percentile: (77, 495, 2293)
[M::mem_pestat] low and high boundaries for computing mean and std.dev: (1, 6725)
[M::mem_pestat] mean and std.dev: (1274.19, 1709.43)
[M::mem_pestat] low and high boundaries for proper pairs: (1, 8941)
[M::mem_pestat] analyzing insert size distribution for orientation RR...
[M::mem_pestat] (25, 50, 75) percentile: (208, 421, 1544)
[M::mem_pestat] low and high boundaries for computing mean and std.dev: (1, 4216)
[M::mem_pestat] mean and std.dev: (963.00, 1189.00)
[M::mem_pestat] low and high boundaries for proper pairs: (1, 5719)
[M::mem_pestat] skip orientation FF
[M::mem_pestat] skip orientation RF
[M::mem_pestat] skip orientation RR
[M::process] read 1467520 sequences (200000201 bp)...
[M::mem_process_seqs] Processed 1475704 reads in 444.389 CPU sec, 48.261 real sec
[M::mem_pestat] # candidate unique pairs for (FF, FR, RF, RR): (40, 544715, 121, 41)
[M::mem_pestat] analyzing insert size distribution for orientation FF...
[M::mem_pestat] (25, 50, 75) percentile: (303, 508, 834)
[M::mem_pestat] low and high boundaries for computing mean and std.dev: (1, 1896)
[M::mem_pestat] mean and std.dev: (599.47, 393.39)
[M::mem_pestat] low and high boundaries for proper pairs: (1, 2427)
[M::mem_pestat] analyzing insert size distribution for orientation FR...
[M::mem_pestat] (25, 50, 75) percentile: (287, 378, 490)
[M::mem_pestat] low and high boundaries for computing mean and std.dev: (1, 896)
[M::mem_pestat] mean and std.dev: (395.73, 152.67)
[M::mem_pestat] low and high boundaries for proper pairs: (1, 1099)
[M::mem_pestat] analyzing insert size distribution for orientation RF...
[M::mem_pestat] (25, 50, 75) percentile: (133, 428, 2554)
[M::mem_pestat] low and high boundaries for computing mean and std.dev: (1, 7396)
[M::mem_pestat] mean and std.dev: (1327.13, 1783.29)
[M::mem_pestat] low and high boundaries for proper pairs: (1, 9817)
[M::mem_pestat] analyzing insert size distribution for orientation RR...
[M::mem_pestat] (25, 50, 75) percentile: (266, 537, 1898)
[M::mem_pestat] low and high boundaries for computing mean and std.dev: (1, 5162)
[M::mem_pestat] mean and std.dev: (1044.05, 1212.22)
[M::mem_pestat] low and high boundaries for proper pairs: (1, 6794)
[M::mem_pestat] skip orientation FF
[M::mem_pestat] skip orientation RF
[M::mem_pestat] skip orientation RR
[M::process] read 1466698 sequences (200000021 bp)...
[M::mem_process_seqs] Processed 1467520 reads in 442.091 CPU sec, 48.051 real sec
[M::mem_pestat] # candidate unique pairs for (FF, FR, RF, RR): (62, 543283, 99, 34)
[M::mem_pestat] analyzing insert size distribution for orientation FF...
[M::mem_pestat] (25, 50, 75) percentile: (313, 429, 901)
[M::mem_pestat] low and high boundaries for computing mean and std.dev: (1, 2077)
[M::mem_pestat] mean and std.dev: (568.78, 403.33)
[M::mem_pestat] low and high boundaries for proper pairs: (1, 2665)
[M::mem_pestat] analyzing insert size distribution for orientation FR...
[M::mem_pestat] (25, 50, 75) percentile: (287, 379, 491)
[M::mem_pestat] low and high boundaries for computing mean and std.dev: (1, 899)
[M::mem_pestat] mean and std.dev: (396.93, 153.72)
[M::mem_pestat] low and high boundaries for proper pairs: (1, 1103)
[M::mem_pestat] analyzing insert size distribution for orientation RF...
[M::mem_pestat] (25, 50, 75) percentile: (152, 651, 3345)
[M::mem_pestat] low and high boundaries for computing mean and std.dev: (1, 9731)
[M::mem_pestat] mean and std.dev: (1879.45, 2421.08)
[M::mem_pestat] low and high boundaries for proper pairs: (1, 12924)
[M::mem_pestat] analyzing insert size distribution for orientation RR...
[M::mem_pestat] (25, 50, 75) percentile: (238, 470, 822)
[M::mem_pestat] low and high boundaries for computing mean and std.dev: (1, 1990)
[M::mem_pestat] mean and std.dev: (444.79, 303.56)
[M::mem_pestat] low and high boundaries for proper pairs: (1, 2574)
[M::mem_pestat] skip orientation FF
[M::mem_pestat] skip orientation RF
[M::mem_pestat] skip orientation RR
[M::process] read 1467280 sequences (200000247 bp)...
[M::mem_process_seqs] Processed 1466698 reads in 442.547 CPU sec, 48.102 real sec
[M::mem_pestat] # candidate unique pairs for (FF, FR, RF, RR): (55, 542358, 98, 44)
[M::mem_pestat] analyzing insert size distribution for orientation FF...
[M::mem_pestat] (25, 50, 75) percentile: (329, 535, 733)
[M::mem_pestat] low and high boundaries for computing mean and std.dev: (1, 1541)
[M::mem_pestat] mean and std.dev: (491.42, 219.82)
[M::mem_pestat] low and high boundaries for proper pairs: (1, 1945)
[M::mem_pestat] analyzing insert size distribution for orientation FR...
[M::mem_pestat] (25, 50, 75) percentile: (285, 376, 487)
[M::mem_pestat] low and high boundaries for computing mean and std.dev: (1, 891)
[M::mem_pestat] mean and std.dev: (393.89, 152.02)
[M::mem_pestat] low and high boundaries for proper pairs: (1, 1093)
[M::mem_pestat] analyzing insert size distribution for orientation RF...
[M::mem_pestat] (25, 50, 75) percentile: (102, 796, 3617)
[M::mem_pestat] low and high boundaries for computing mean and std.dev: (1, 10647)
[M::mem_pestat] mean and std.dev: (2192.73, 2697.45)
[M::mem_pestat] low and high boundaries for proper pairs: (1, 14162)
[M::mem_pestat] analyzing insert size distribution for orientation RR...
[M::mem_pestat] (25, 50, 75) percentile: (231, 399, 1174)
[M::mem_pestat] low and high boundaries for computing mean and std.dev: (1, 3060)
[M::mem_pestat] mean and std.dev: (611.03, 616.59)
[M::mem_pestat] low and high boundaries for proper pairs: (1, 4003)
[M::mem_pestat] skip orientation FF
[M::mem_pestat] skip orientation RF
[M::mem_pestat] skip orientation RR
[M::mem_process_seqs] Processed 1467280 reads in 457.845 CPU sec, 74.047 real sec
[M::process] read 1469950 sequences (200000243 bp)...
[M::mem_pestat] # candidate unique pairs for (FF, FR, RF, RR): (56, 544707, 92, 36)
[M::mem_pestat] analyzing insert size distribution for orientation FF...
[M::mem_pestat] (25, 50, 75) percentile: (335, 534, 921)
[M::mem_pestat] low and high boundaries for computing mean and std.dev: (1, 2093)
[M::mem_pestat] mean and std.dev: (557.79, 314.27)
[M::mem_pestat] low and high boundaries for proper pairs: (1, 2679)
[M::mem_pestat] analyzing insert size distribution for orientation FR...
[M::mem_pestat] (25, 50, 75) percentile: (287, 378, 489)
[M::mem_pestat] low and high boundaries for computing mean and std.dev: (1, 893)
[M::mem_pestat] mean and std.dev: (395.44, 151.90)
[M::mem_pestat] low and high boundaries for proper pairs: (1, 1095)
[M::mem_pestat] analyzing insert size distribution for orientation RF...
[M::mem_pestat] (25, 50, 75) percentile: (136, 558, 4155)
[M::mem_pestat] low and high boundaries for computing mean and std.dev: (1, 12193)
[M::mem_pestat] mean and std.dev: (2338.12, 3052.29)
[M::mem_pestat] low and high boundaries for proper pairs: (1, 16212)
[M::mem_pestat] analyzing insert size distribution for orientation RR...
[M::mem_pestat] (25, 50, 75) percentile: (277, 470, 1277)
[M::mem_pestat] low and high boundaries for computing mean and std.dev: (1, 3277)
[M::mem_pestat] mean and std.dev: (606.21, 608.06)
[M::mem_pestat] low and high boundaries for proper pairs: (1, 4277)
[M::mem_pestat] skip orientation FF
[M::mem_pestat] skip orientation RF
[M::mem_pestat] skip orientation RR
[M::process] read 1467334 sequences (200000235 bp)...
[M::mem_process_seqs] Processed 1469950 reads in 445.168 CPU sec, 46.711 real sec
[M::mem_pestat] # candidate unique pairs for (FF, FR, RF, RR): (51, 543579, 126, 34)
[M::mem_pestat] analyzing insert size distribution for orientation FF...
[M::mem_pestat] (25, 50, 75) percentile: (265, 381, 691)
[M::mem_pestat] low and high boundaries for computing mean and std.dev: (1, 1543)
[M::mem_pestat] mean and std.dev: (415.23, 286.16)
[M::mem_pestat] low and high boundaries for proper pairs: (1, 1969)
[M::mem_pestat] analyzing insert size distribution for orientation FR...
[M::mem_pestat] (25, 50, 75) percentile: (289, 381, 495)
[M::mem_pestat] low and high boundaries for computing mean and std.dev: (1, 907)
[M::mem_pestat] mean and std.dev: (400.00, 155.17)
[M::mem_pestat] low and high boundaries for proper pairs: (1, 1113)
[M::mem_pestat] analyzing insert size distribution for orientation RF...
[M::mem_pestat] (25, 50, 75) percentile: (63, 552, 3815)
[M::mem_pestat] low and high boundaries for computing mean and std.dev: (1, 11319)
[M::mem_pestat] mean and std.dev: (2169.46, 2771.17)
[M::mem_pestat] low and high boundaries for proper pairs: (1, 15071)
[M::mem_pestat] analyzing insert size distribution for orientation RR...
[M::mem_pestat] (25, 50, 75) percentile: (265, 373, 626)
[M::mem_pestat] low and high boundaries for computing mean and std.dev: (1, 1348)
[M::mem_pestat] mean and std.dev: (365.04, 246.79)
[M::mem_pestat] low and high boundaries for proper pairs: (1, 1709)
[M::mem_pestat] skip orientation FF
[M::mem_pestat] skip orientation RF
[M::mem_pestat] skip orientation RR
[M::process] read 1467884 sequences (200000063 bp)...
[M::mem_process_seqs] Processed 1467334 reads in 445.040 CPU sec, 48.318 real sec
[M::mem_pestat] # candidate unique pairs for (FF, FR, RF, RR): (54, 542272, 127, 43)
[M::mem_pestat] analyzing insert size distribution for orientation FF...
[M::mem_pestat] (25, 50, 75) percentile: (315, 578, 1034)
[M::mem_pestat] low and high boundaries for computing mean and std.dev: (1, 2472)
[M::mem_pestat] mean and std.dev: (646.74, 478.75)
[M::mem_pestat] low and high boundaries for proper pairs: (1, 3191)
[M::mem_pestat] analyzing insert size distribution for orientation FR...
[M::mem_pestat] (25, 50, 75) percentile: (288, 380, 493)
[M::mem_pestat] low and high boundaries for computing mean and std.dev: (1, 903)
[M::mem_pestat] mean and std.dev: (398.53, 154.59)
[M::mem_pestat] low and high boundaries for proper pairs: (1, 1108)
[M::mem_pestat] analyzing insert size distribution for orientation RF...
[M::mem_pestat] (25, 50, 75) percentile: (114, 727, 4143)
[M::mem_pestat] low and high boundaries for computing mean and std.dev: (1, 12201)
[M::mem_pestat] mean and std.dev: (2096.39, 2452.15)
[M::mem_pestat] low and high boundaries for proper pairs: (1, 16230)
[M::mem_pestat] analyzing insert size distribution for orientation RR...
[M::mem_pestat] (25, 50, 75) percentile: (197, 394, 1041)
[M::mem_pestat] low and high boundaries for computing mean and std.dev: (1, 2729)
[M::mem_pestat] mean and std.dev: (584.77, 547.75)
[M::mem_pestat] low and high boundaries for proper pairs: (1, 3573)
[M::mem_pestat] skip orientation FF
[M::mem_pestat] skip orientation RF
[M::mem_pestat] skip orientation RR
[M::mem_process_seqs] Processed 1467884 reads in 446.362 CPU sec, 75.772 real sec
[M::process] read 1470954 sequences (200000243 bp)...
[M::process] read 1467058 sequences (200000099 bp)...
[M::mem_pestat] # candidate unique pairs for (FF, FR, RF, RR): (48, 542365, 97, 37)
[M::mem_pestat] analyzing insert size distribution for orientation FF...
[M::mem_pestat] (25, 50, 75) percentile: (350, 450, 1187)
[M::mem_pestat] low and high boundaries for computing mean and std.dev: (1, 2861)
[M::mem_pestat] mean and std.dev: (619.84, 495.26)
[M::mem_pestat] low and high boundaries for proper pairs: (1, 3698)
[M::mem_pestat] analyzing insert size distribution for orientation FR...
[M::mem_pestat] (25, 50, 75) percentile: (285, 375, 485)
[M::mem_pestat] low and high boundaries for computing mean and std.dev: (1, 885)
[M::mem_pestat] mean and std.dev: (392.69, 150.18)
[M::mem_pestat] low and high boundaries for proper pairs: (1, 1085)
[M::mem_pestat] analyzing insert size distribution for orientation RF...
[M::mem_pestat] (25, 50, 75) percentile: (54, 341, 3008)
[M::mem_pestat] low and high boundaries for computing mean and std.dev: (1, 8916)
[M::mem_pestat] mean and std.dev: (1358.22, 1951.80)
[M::mem_pestat] low and high boundaries for proper pairs: (1, 11870)
[M::mem_pestat] analyzing insert size distribution for orientation RR...
[M::mem_pestat] (25, 50, 75) percentile: (183, 323, 687)
[M::mem_pestat] low and high boundaries for computing mean and std.dev: (1, 1695)
[M::mem_pestat] mean and std.dev: (311.68, 213.75)
[M::mem_pestat] low and high boundaries for proper pairs: (1, 2199)
[M::mem_pestat] skip orientation FF
[M::mem_pestat] skip orientation RF
[M::mem_pestat] skip orientation RR
[M::mem_process_seqs] Processed 1470954 reads in 444.502 CPU sec, 45.248 real sec
[M::mem_pestat] # candidate unique pairs for (FF, FR, RF, RR): (59, 544785, 108, 31)
[M::mem_pestat] analyzing insert size distribution for orientation FF...
[M::mem_pestat] (25, 50, 75) percentile: (231, 410, 674)
[M::mem_pestat] low and high boundaries for computing mean and std.dev: (1, 1560)
[M::mem_pestat] mean and std.dev: (434.94, 296.61)
[M::mem_pestat] low and high boundaries for proper pairs: (1, 2003)
[M::mem_pestat] analyzing insert size distribution for orientation FR...
[M::mem_pestat] (25, 50, 75) percentile: (288, 380, 493)
[M::mem_pestat] low and high boundaries for computing mean and std.dev: (1, 903)
[M::mem_pestat] mean and std.dev: (398.23, 154.15)
[M::mem_pestat] low and high boundaries for proper pairs: (1, 1108)
[M::mem_pestat] analyzing insert size distribution for orientation RF...
[M::mem_pestat] (25, 50, 75) percentile: (119, 591, 3313)
[M::mem_pestat] low and high boundaries for computing mean and std.dev: (1, 9701)
[M::mem_pestat] mean and std.dev: (1904.08, 2574.65)
[M::mem_pestat] low and high boundaries for proper pairs: (1, 12895)
[M::mem_pestat] analyzing insert size distribution for orientation RR...
[M::mem_pestat] (25, 50, 75) percentile: (271, 506, 1052)
[M::mem_pestat] low and high boundaries for computing mean and std.dev: (1, 2614)
[M::mem_pestat] mean and std.dev: (442.54, 320.44)
[M::mem_pestat] low and high boundaries for proper pairs: (1, 3395)
[M::mem_pestat] skip orientation FF
[M::mem_pestat] skip orientation RF
[M::mem_pestat] skip orientation RR
[M::process] read 1467806 sequences (200000072 bp)...
[M::mem_process_seqs] Processed 1467058 reads in 441.583 CPU sec, 47.947 real sec
[M::mem_pestat] # candidate unique pairs for (FF, FR, RF, RR): (51, 542597, 123, 52)
[M::mem_pestat] analyzing insert size distribution for orientation FF...
[M::mem_pestat] (25, 50, 75) percentile: (382, 577, 2936)
[M::mem_pestat] low and high boundaries for computing mean and std.dev: (1, 8044)
[M::mem_pestat] mean and std.dev: (1567.76, 1881.00)
[M::mem_pestat] low and high boundaries for proper pairs: (1, 10598)
[M::mem_pestat] analyzing insert size distribution for orientation FR...
[M::mem_pestat] (25, 50, 75) percentile: (289, 381, 495)
[M::mem_pestat] low and high boundaries for computing mean and std.dev: (1, 907)
[M::mem_pestat] mean and std.dev: (399.92, 155.02)
[M::mem_pestat] low and high boundaries for proper pairs: (1, 1113)
[M::mem_pestat] analyzing insert size distribution for orientation RF...
[M::mem_pestat] (25, 50, 75) percentile: (42, 368, 2860)
[M::mem_pestat] low and high boundaries for computing mean and std.dev: (1, 8496)
[M::mem_pestat] mean and std.dev: (1307.55, 1914.63)
[M::mem_pestat] low and high boundaries for proper pairs: (1, 11314)
[M::mem_pestat] analyzing insert size distribution for orientation RR...
[M::mem_pestat] (25, 50, 75) percentile: (244, 474, 1289)
[M::mem_pestat] low and high boundaries for computing mean and std.dev: (1, 3379)
[M::mem_pestat] mean and std.dev: (666.51, 739.99)
[M::mem_pestat] low and high boundaries for proper pairs: (1, 4424)
[M::mem_pestat] skip orientation FF
[M::mem_pestat] skip orientation RF
[M::mem_pestat] skip orientation RR
[M::process] read 1465076 sequences (200000060 bp)...
[M::mem_process_seqs] Processed 1467806 reads in 444.255 CPU sec, 48.223 real sec
[M::mem_pestat] # candidate unique pairs for (FF, FR, RF, RR): (47, 542026, 116, 40)
[M::mem_pestat] analyzing insert size distribution for orientation FF...
[M::mem_pestat] (25, 50, 75) percentile: (293, 473, 846)
[M::mem_pestat] low and high boundaries for computing mean and std.dev: (1, 1952)
[M::mem_pestat] mean and std.dev: (517.83, 371.09)
[M::mem_pestat] low and high boundaries for proper pairs: (1, 2505)
[M::mem_pestat] analyzing insert size distribution for orientation FR...
[M::mem_pestat] (25, 50, 75) percentile: (288, 379, 493)
[M::mem_pestat] low and high boundaries for computing mean and std.dev: (1, 903)
[M::mem_pestat] mean and std.dev: (398.21, 154.52)
[M::mem_pestat] low and high boundaries for proper pairs: (1, 1108)
[M::mem_pestat] analyzing insert size distribution for orientation RF...
[M::mem_pestat] (25, 50, 75) percentile: (106, 690, 4079)
[M::mem_pestat] low and high boundaries for computing mean and std.dev: (1, 12025)
[M::mem_pestat] mean and std.dev: (2156.58, 2677.51)
[M::mem_pestat] low and high boundaries for proper pairs: (1, 15998)
[M::mem_pestat] analyzing insert size distribution for orientation RR...
[M::mem_pestat] (25, 50, 75) percentile: (213, 493, 1348)
[M::mem_pestat] low and high boundaries for computing mean and std.dev: (1, 3618)
[M::mem_pestat] mean and std.dev: (741.03, 801.09)
[M::mem_pestat] low and high boundaries for proper pairs: (1, 4753)
[M::mem_pestat] skip orientation FF
[M::mem_pestat] skip orientation RF
[M::mem_pestat] skip orientation RR
[M::process] read 1468784 sequences (200000044 bp)...
[M::mem_process_seqs] Processed 1465076 reads in 442.802 CPU sec, 48.031 real sec
[M::mem_pestat] # candidate unique pairs for (FF, FR, RF, RR): (61, 542713, 101, 46)
[M::mem_pestat] analyzing insert size distribution for orientation FF...
[M::mem_pestat] (25, 50, 75) percentile: (318, 492, 867)
[M::mem_pestat] low and high boundaries for computing mean and std.dev: (1, 1965)
[M::mem_pestat] mean and std.dev: (569.93, 378.49)
[M::mem_pestat] low and high boundaries for proper pairs: (1, 2514)
[M::mem_pestat] analyzing insert size distribution for orientation FR...
[M::mem_pestat] (25, 50, 75) percentile: (285, 375, 486)
[M::mem_pestat] low and high boundaries for computing mean and std.dev: (1, 888)
[M::mem_pestat] mean and std.dev: (392.88, 150.83)
[M::mem_pestat] low and high boundaries for proper pairs: (1, 1089)
[M::mem_pestat] analyzing insert size distribution for orientation RF...
[M::mem_pestat] (25, 50, 75) percentile: (150, 823, 3517)
[M::mem_pestat] low and high boundaries for computing mean and std.dev: (1, 10251)
[M::mem_pestat] mean and std.dev: (2205.23, 2684.50)
[M::mem_pestat] low and high boundaries for proper pairs: (1, 13618)
[M::mem_pestat] analyzing insert size distribution for orientation RR...
[M::mem_pestat] (25, 50, 75) percentile: (238, 370, 720)
[M::mem_pestat] low and high boundaries for computing mean and std.dev: (1, 1684)
[M::mem_pestat] mean and std.dev: (396.26, 278.53)
[M::mem_pestat] low and high boundaries for proper pairs: (1, 2166)
[M::mem_pestat] skip orientation FF
[M::mem_pestat] skip orientation RF
[M::mem_pestat] skip orientation RR
[M::process] read 1471200 sequences (200000241 bp)...
[M::mem_process_seqs] Processed 1468784 reads in 443.419 CPU sec, 48.106 real sec
[M::mem_pestat] # candidate unique pairs for (FF, FR, RF, RR): (52, 544854, 109, 37)
[M::mem_pestat] analyzing insert size distribution for orientation FF...
[M::mem_pestat] (25, 50, 75) percentile: (341, 526, 844)
[M::mem_pestat] low and high boundaries for computing mean and std.dev: (1, 1850)
[M::mem_pestat] mean and std.dev: (571.90, 350.28)
[M::mem_pestat] low and high boundaries for proper pairs: (1, 2353)
[M::mem_pestat] analyzing insert size distribution for orientation FR...
[M::mem_pestat] (25, 50, 75) percentile: (287, 378, 490)
[M::mem_pestat] low and high boundaries for computing mean and std.dev: (1, 896)
[M::mem_pestat] mean and std.dev: (396.37, 152.76)
[M::mem_pestat] low and high boundaries for proper pairs: (1, 1099)
[M::mem_pestat] analyzing insert size distribution for orientation RF...
[M::mem_pestat] (25, 50, 75) percentile: (66, 547, 3904)
[M::mem_pestat] low and high boundaries for computing mean and std.dev: (1, 11580)
[M::mem_pestat] mean and std.dev: (2030.94, 2619.48)
[M::mem_pestat] low and high boundaries for proper pairs: (1, 15418)
[M::mem_pestat] analyzing insert size distribution for orientation RR...
[M::mem_pestat] (25, 50, 75) percentile: (189, 450, 1612)
[M::mem_pestat] low and high boundaries for computing mean and std.dev: (1, 4458)
[M::mem_pestat] mean and std.dev: (890.63, 992.39)
[M::mem_pestat] low and high boundaries for proper pairs: (1, 5881)
[M::mem_pestat] skip orientation FF
[M::mem_pestat] skip orientation RF
[M::mem_pestat] skip orientation RR
[M::process] read 1468702 sequences (200000179 bp)...
[M::mem_process_seqs] Processed 1471200 reads in 443.298 CPU sec, 48.143 real sec
[M::mem_pestat] # candidate unique pairs for (FF, FR, RF, RR): (49, 544115, 111, 34)
[M::mem_pestat] analyzing insert size distribution for orientation FF...
[M::mem_pestat] (25, 50, 75) percentile: (242, 367, 1083)
[M::mem_pestat] low and high boundaries for computing mean and std.dev: (1, 2765)
[M::mem_pestat] mean and std.dev: (467.68, 382.10)
[M::mem_pestat] low and high boundaries for proper pairs: (1, 3606)
[M::mem_pestat] analyzing insert size distribution for orientation FR...
[M::mem_pestat] (25, 50, 75) percentile: (287, 379, 492)
[M::mem_pestat] low and high boundaries for computing mean and std.dev: (1, 902)
[M::mem_pestat] mean and std.dev: (397.47, 153.89)
[M::mem_pestat] low and high boundaries for proper pairs: (1, 1107)
[M::mem_pestat] analyzing insert size distribution for orientation RF...
[M::mem_pestat] (25, 50, 75) percentile: (112, 288, 2056)
[M::mem_pestat] low and high boundaries for computing mean and std.dev: (1, 5944)
[M::mem_pestat] mean and std.dev: (1039.87, 1403.45)
[M::mem_pestat] low and high boundaries for proper pairs: (1, 7888)
[M::mem_pestat] analyzing insert size distribution for orientation RR...
[M::mem_pestat] (25, 50, 75) percentile: (201, 427, 745)
[M::mem_pestat] low and high boundaries for computing mean and std.dev: (1, 1833)
[M::mem_pestat] mean and std.dev: (425.10, 286.90)
[M::mem_pestat] low and high boundaries for proper pairs: (1, 2377)
[M::mem_pestat] skip orientation FF
[M::mem_pestat] skip orientation RF
[M::mem_pestat] skip orientation RR
[M::process] read 1467338 sequences (200000007 bp)...
[M::mem_process_seqs] Processed 1468702 reads in 444.165 CPU sec, 48.248 real sec
[M::mem_pestat] # candidate unique pairs for (FF, FR, RF, RR): (48, 542089, 108, 33)
[M::mem_pestat] analyzing insert size distribution for orientation FF...
[M::mem_pestat] (25, 50, 75) percentile: (327, 477, 706)
[M::mem_pestat] low and high boundaries for computing mean and std.dev: (1, 1464)
[M::mem_pestat] mean and std.dev: (423.35, 205.89)
[M::mem_pestat] low and high boundaries for proper pairs: (1, 1843)
[M::mem_pestat] analyzing insert size distribution for orientation FR...
[M::mem_pestat] (25, 50, 75) percentile: (286, 377, 489)
[M::mem_pestat] low and high boundaries for computing mean and std.dev: (1, 895)
[M::mem_pestat] mean and std.dev: (395.26, 152.67)
[M::mem_pestat] low and high boundaries for proper pairs: (1, 1098)
[M::mem_pestat] analyzing insert size distribution for orientation RF...
[M::mem_pestat] (25, 50, 75) percentile: (148, 764, 3276)
[M::mem_pestat] low and high boundaries for computing mean and std.dev: (1, 9532)
[M::mem_pestat] mean and std.dev: (1860.31, 2249.59)
[M::mem_pestat] low and high boundaries for proper pairs: (1, 12660)
[M::mem_pestat] analyzing insert size distribution for orientation RR...
[M::mem_pestat] (25, 50, 75) percentile: (260, 362, 1390)
[M::mem_pestat] low and high boundaries for computing mean and std.dev: (1, 3650)
[M::mem_pestat] mean and std.dev: (703.48, 815.78)
[M::mem_pestat] low and high boundaries for proper pairs: (1, 4780)
[M::mem_pestat] skip orientation FF
[M::mem_pestat] skip orientation RF
[M::mem_pestat] skip orientation RR
[M::process] read 1473524 sequences (200000199 bp)...
[M::mem_process_seqs] Processed 1467338 reads in 447.081 CPU sec, 48.509 real sec
[M::mem_pestat] # candidate unique pairs for (FF, FR, RF, RR): (38, 545057, 114, 31)
[M::mem_pestat] analyzing insert size distribution for orientation FF...
[M::mem_pestat] (25, 50, 75) percentile: (297, 571, 960)
[M::mem_pestat] low and high boundaries for computing mean and std.dev: (1, 2286)
[M::mem_pestat] mean and std.dev: (487.58, 258.42)
[M::mem_pestat] low and high boundaries for proper pairs: (1, 2949)
[M::mem_pestat] analyzing insert size distribution for orientation FR...
[M::mem_pestat] (25, 50, 75) percentile: (283, 372, 481)
[M::mem_pestat] low and high boundaries for computing mean and std.dev: (1, 877)
[M::mem_pestat] mean and std.dev: (389.58, 148.47)
[M::mem_pestat] low and high boundaries for proper pairs: (1, 1075)
[M::mem_pestat] analyzing insert size distribution for orientation RF...
[M::mem_pestat] (25, 50, 75) percentile: (109, 841, 3317)
[M::mem_pestat] low and high boundaries for computing mean and std.dev: (1, 9733)
[M::mem_pestat] mean and std.dev: (1881.27, 2385.91)
[M::mem_pestat] low and high boundaries for proper pairs: (1, 12941)
[M::mem_pestat] analyzing insert size distribution for orientation RR...
[M::mem_pestat] (25, 50, 75) percentile: (224, 460, 997)
[M::mem_pestat] low and high boundaries for computing mean and std.dev: (1, 2543)
[M::mem_pestat] mean and std.dev: (552.54, 519.03)
[M::mem_pestat] low and high boundaries for proper pairs: (1, 3316)
[M::mem_pestat] skip orientation FF
[M::mem_pestat] skip orientation RF
[M::mem_pestat] skip orientation RR
[M::process] read 1476996 sequences (200000101 bp)...
[M::mem_process_seqs] Processed 1473524 reads in 447.439 CPU sec, 48.495 real sec
[M::mem_pestat] # candidate unique pairs for (FF, FR, RF, RR): (63, 545930, 92, 39)
[M::mem_pestat] analyzing insert size distribution for orientation FF...
[M::mem_pestat] (25, 50, 75) percentile: (296, 616, 1321)
[M::mem_pestat] low and high boundaries for computing mean and std.dev: (1, 3371)
[M::mem_pestat] mean and std.dev: (740.68, 635.97)
[M::mem_pestat] low and high boundaries for proper pairs: (1, 4396)
[M::mem_pestat] analyzing insert size distribution for orientation FR...
[M::mem_pestat] (25, 50, 75) percentile: (286, 376, 485)
[M::mem_pestat] low and high boundaries for computing mean and std.dev: (1, 883)
[M::mem_pestat] mean and std.dev: (392.82, 149.86)
[M::mem_pestat] low and high boundaries for proper pairs: (1, 1082)
[M::mem_pestat] analyzing insert size distribution for orientation RF...
[M::mem_pestat] (25, 50, 75) percentile: (70, 572, 3085)
[M::mem_pestat] low and high boundaries for computing mean and std.dev: (1, 9115)
[M::mem_pestat] mean and std.dev: (1649.51, 2327.74)
[M::mem_pestat] low and high boundaries for proper pairs: (1, 12130)
[M::mem_pestat] analyzing insert size distribution for orientation RR...
[M::mem_pestat] (25, 50, 75) percentile: (292, 416, 1142)
[M::mem_pestat] low and high boundaries for computing mean and std.dev: (1, 2842)
[M::mem_pestat] mean and std.dev: (476.00, 364.17)
[M::mem_pestat] low and high boundaries for proper pairs: (1, 3692)
[M::mem_pestat] skip orientation FF
[M::mem_pestat] skip orientation RF
[M::mem_pestat] skip orientation RR
[M::mem_process_seqs] Processed 1476996 reads in 460.310 CPU sec, 73.324 real sec
[M::process] read 1472810 sequences (200000198 bp)...
[M::process] read 1470320 sequences (200000080 bp)...
[M::mem_pestat] # candidate unique pairs for (FF, FR, RF, RR): (56, 544058, 109, 47)
[M::mem_pestat] analyzing insert size distribution for orientation FF...
[M::mem_pestat] (25, 50, 75) percentile: (214, 400, 656)
[M::mem_pestat] low and high boundaries for computing mean and std.dev: (1, 1540)
[M::mem_pestat] mean and std.dev: (432.04, 295.67)
[M::mem_pestat] low and high boundaries for proper pairs: (1, 1982)
[M::mem_pestat] analyzing insert size distribution for orientation FR...
[M::mem_pestat] (25, 50, 75) percentile: (287, 378, 488)
[M::mem_pestat] low and high boundaries for computing mean and std.dev: (1, 890)
[M::mem_pestat] mean and std.dev: (395.30, 151.53)
[M::mem_pestat] low and high boundaries for proper pairs: (1, 1091)
[M::mem_pestat] analyzing insert size distribution for orientation RF...
[M::mem_pestat] (25, 50, 75) percentile: (105, 404, 4072)
[M::mem_pestat] low and high boundaries for computing mean and std.dev: (1, 12006)
[M::mem_pestat] mean and std.dev: (1830.45, 2369.85)
[M::mem_pestat] low and high boundaries for proper pairs: (1, 15973)
[M::mem_pestat] analyzing insert size distribution for orientation RR...
[M::mem_pestat] (25, 50, 75) percentile: (154, 299, 743)
[M::mem_pestat] low and high boundaries for computing mean and std.dev: (1, 1921)
[M::mem_pestat] mean and std.dev: (352.12, 329.32)
[M::mem_pestat] low and high boundaries for proper pairs: (1, 2510)
[M::mem_pestat] skip orientation FF
[M::mem_pestat] skip orientation RF
[M::mem_pestat] skip orientation RR
[M::mem_process_seqs] Processed 1472810 reads in 443.887 CPU sec, 46.526 real sec
[M::mem_pestat] # candidate unique pairs for (FF, FR, RF, RR): (52, 542860, 101, 38)
[M::mem_pestat] analyzing insert size distribution for orientation FF...
[M::mem_pestat] (25, 50, 75) percentile: (420, 584, 2005)
[M::mem_pestat] low and high boundaries for computing mean and std.dev: (1, 5175)
[M::mem_pestat] mean and std.dev: (943.41, 969.55)
[M::mem_pestat] low and high boundaries for proper pairs: (1, 6760)
[M::mem_pestat] analyzing insert size distribution for orientation FR...
[M::mem_pestat] (25, 50, 75) percentile: (284, 375, 485)
[M::mem_pestat] low and high boundaries for computing mean and std.dev: (1, 887)
[M::mem_pestat] mean and std.dev: (392.47, 150.35)
[M::mem_pestat] low and high boundaries for proper pairs: (1, 1088)
[M::mem_pestat] analyzing insert size distribution for orientation RF...
[M::mem_pestat] (25, 50, 75) percentile: (89, 542, 3249)
[M::mem_pestat] low and high boundaries for computing mean and std.dev: (1, 9569)
[M::mem_pestat] mean and std.dev: (1946.45, 2676.58)
[M::mem_pestat] low and high boundaries for proper pairs: (1, 12729)
[M::mem_pestat] analyzing insert size distribution for orientation RR...
[M::mem_pestat] (25, 50, 75) percentile: (182, 437, 690)
[M::mem_pestat] low and high boundaries for computing mean and std.dev: (1, 1706)
[M::mem_pestat] mean and std.dev: (392.19, 324.53)
[M::mem_pestat] low and high boundaries for proper pairs: (1, 2214)
[M::mem_pestat] skip orientation FF
[M::mem_pestat] skip orientation RF
[M::mem_pestat] skip orientation RR
[M::process] read 1483146 sequences (200000275 bp)...
[M::mem_process_seqs] Processed 1470320 reads in 445.905 CPU sec, 48.407 real sec
[M::mem_pestat] # candidate unique pairs for (FF, FR, RF, RR): (53, 548418, 118, 40)
[M::mem_pestat] analyzing insert size distribution for orientation FF...
[M::mem_pestat] (25, 50, 75) percentile: (265, 384, 561)
[M::mem_pestat] low and high boundaries for computing mean and std.dev: (1, 1153)
[M::mem_pestat] mean and std.dev: (377.85, 180.60)
[M::mem_pestat] low and high boundaries for proper pairs: (1, 1449)
[M::mem_pestat] analyzing insert size distribution for orientation FR...
[M::mem_pestat] (25, 50, 75) percentile: (280, 368, 473)
[M::mem_pestat] low and high boundaries for computing mean and std.dev: (1, 859)
[M::mem_pestat] mean and std.dev: (383.59, 144.77)
[M::mem_pestat] low and high boundaries for proper pairs: (1, 1052)
[M::mem_pestat] analyzing insert size distribution for orientation RF...
[M::mem_pestat] (25, 50, 75) percentile: (112, 388, 2933)
[M::mem_pestat] low and high boundaries for computing mean and std.dev: (1, 8575)
[M::mem_pestat] mean and std.dev: (1629.67, 2244.58)
[M::mem_pestat] low and high boundaries for proper pairs: (1, 11396)
[M::mem_pestat] analyzing insert size distribution for orientation RR...
[M::mem_pestat] (25, 50, 75) percentile: (180, 431, 1295)
[M::mem_pestat] low and high boundaries for computing mean and std.dev: (1, 3525)
[M::mem_pestat] mean and std.dev: (737.21, 872.04)
[M::mem_pestat] low and high boundaries for proper pairs: (1, 4640)
[M::mem_pestat] skip orientation FF
[M::mem_pestat] skip orientation RF
[M::mem_pestat] skip orientation RR
[M::mem_process_seqs] Processed 1483146 reads in 461.247 CPU sec, 71.520 real sec
[M::process] read 1480158 sequences (200000130 bp)...
[M::process] read 1473434 sequences (200000081 bp)...
[M::mem_pestat] # candidate unique pairs for (FF, FR, RF, RR): (40, 546858, 96, 52)
[M::mem_pestat] analyzing insert size distribution for orientation FF...
[M::mem_pestat] (25, 50, 75) percentile: (180, 428, 742)
[M::mem_pestat] low and high boundaries for computing mean and std.dev: (1, 1866)
[M::mem_pestat] mean and std.dev: (446.33, 358.08)
[M::mem_pestat] low and high boundaries for proper pairs: (1, 2428)
[M::mem_pestat] analyzing insert size distribution for orientation FR...
[M::mem_pestat] (25, 50, 75) percentile: (282, 371, 477)
[M::mem_pestat] low and high boundaries for computing mean and std.dev: (1, 867)
[M::mem_pestat] mean and std.dev: (386.99, 146.54)
[M::mem_pestat] low and high boundaries for proper pairs: (1, 1062)
[M::mem_pestat] analyzing insert size distribution for orientation RF...
[M::mem_pestat] (25, 50, 75) percentile: (158, 783, 2528)
[M::mem_pestat] low and high boundaries for computing mean and std.dev: (1, 7268)
[M::mem_pestat] mean and std.dev: (1461.78, 1735.96)
[M::mem_pestat] low and high boundaries for proper pairs: (1, 9638)
[M::mem_pestat] analyzing insert size distribution for orientation RR...
[M::mem_pestat] (25, 50, 75) percentile: (240, 465, 1537)
[M::mem_pestat] low and high boundaries for computing mean and std.dev: (1, 4131)
[M::mem_pestat] mean and std.dev: (846.45, 890.16)
[M::mem_pestat] low and high boundaries for proper pairs: (1, 5428)
[M::mem_pestat] skip orientation FF
[M::mem_pestat] skip orientation RF
[M::mem_pestat] skip orientation RR
[M::mem_process_seqs] Processed 1480158 reads in 445.086 CPU sec, 46.632 real sec
[M::mem_pestat] # candidate unique pairs for (FF, FR, RF, RR): (61, 544525, 107, 53)
[M::mem_pestat] analyzing insert size distribution for orientation FF...
[M::mem_pestat] (25, 50, 75) percentile: (284, 417, 1035)
[M::mem_pestat] low and high boundaries for computing mean and std.dev: (1, 2537)
[M::mem_pestat] mean and std.dev: (502.59, 394.46)
[M::mem_pestat] low and high boundaries for proper pairs: (1, 3288)
[M::mem_pestat] analyzing insert size distribution for orientation FR...
[M::mem_pestat] (25, 50, 75) percentile: (284, 373, 483)
[M::mem_pestat] low and high boundaries for computing mean and std.dev: (1, 881)
[M::mem_pestat] mean and std.dev: (390.88, 149.30)
[M::mem_pestat] low and high boundaries for proper pairs: (1, 1080)
[M::mem_pestat] analyzing insert size distribution for orientation RF...
[M::mem_pestat] (25, 50, 75) percentile: (82, 706, 3271)
[M::mem_pestat] low and high boundaries for computing mean and std.dev: (1, 9649)
[M::mem_pestat] mean and std.dev: (1868.74, 2400.77)
[M::mem_pestat] low and high boundaries for proper pairs: (1, 12838)
[M::mem_pestat] analyzing insert size distribution for orientation RR...
[M::mem_pestat] (25, 50, 75) percentile: (256, 369, 629)
[M::mem_pestat] low and high boundaries for computing mean and std.dev: (1, 1375)
[M::mem_pestat] mean and std.dev: (411.43, 254.07)
[M::mem_pestat] low and high boundaries for proper pairs: (1, 1748)
[M::mem_pestat] skip orientation FF
[M::mem_pestat] skip orientation RF
[M::mem_pestat] skip orientation RR
[M::process] read 1106608 sequences (150197410 bp)...
[M::mem_process_seqs] Processed 1473434 reads in 445.042 CPU sec, 48.372 real sec
[M::mem_pestat] # candidate unique pairs for (FF, FR, RF, RR): (43, 407893, 79, 27)
[M::mem_pestat] analyzing insert size distribution for orientation FF...
[M::mem_pestat] (25, 50, 75) percentile: (226, 306, 718)
[M::mem_pestat] low and high boundaries for computing mean and std.dev: (1, 1702)
[M::mem_pestat] mean and std.dev: (416.72, 288.04)
[M::mem_pestat] low and high boundaries for proper pairs: (1, 2194)
[M::mem_pestat] analyzing insert size distribution for orientation FR...
[M::mem_pestat] (25, 50, 75) percentile: (283, 372, 481)
[M::mem_pestat] low and high boundaries for computing mean and std.dev: (1, 877)
[M::mem_pestat] mean and std.dev: (389.33, 148.23)
[M::mem_pestat] low and high boundaries for proper pairs: (1, 1075)
[M::mem_pestat] analyzing insert size distribution for orientation RF...
[M::mem_pestat] (25, 50, 75) percentile: (114, 777, 2271)
[M::mem_pestat] low and high boundaries for computing mean and std.dev: (1, 6585)
[M::mem_pestat] mean and std.dev: (1345.59, 1783.42)
[M::mem_pestat] low and high boundaries for proper pairs: (1, 8742)
[M::mem_pestat] analyzing insert size distribution for orientation RR...
[M::mem_pestat] (25, 50, 75) percentile: (243, 389, 1361)
[M::mem_pestat] low and high boundaries for computing mean and std.dev: (1, 3597)
[M::mem_pestat] mean and std.dev: (592.42, 676.81)
[M::mem_pestat] low and high boundaries for proper pairs: (1, 4715)
[M::mem_pestat] skip orientation FF
[M::mem_pestat] skip orientation RF
[M::mem_pestat] skip orientation RR
[M::mem_process_seqs] Processed 1106608 reads in 336.547 CPU sec, 37.473 real sec
[main] Version: 0.7.17-r1188
[main] CMD: bwasamblaster: Marked 2774372 of 32868800 (8.44%) read ids as duplicates mem -t using 530632k memory in  201M -R17S @RG\tID:WK_FL_19T_074\tPL:ILLUMINA\tPU:HJMNCDSX7.2\tSM:WK_FL_19T_074\tCN:MCGILL\tBC:TGAACGCGGA-NCCTTCGAAG(77.373S) /storage/scratch/iee/dj20y461/Stickleback/G_aculeatus/FITNESS//data/ref_A_X/stickleback_v5_assembly_A_X.fasta CPU seconds and  /storage/scratch/iee/dj20y461/Stickleback/G_aculeatus/FITNESS//data/trimmed/WK_FL_19T_074.R1.trimmed.fastq.gz39M /storage/scratch/iee/dj20y461/Stickleback/G_aculeatus/FITNESS//data/trimmed/WK_FL_19T_074.R2.trimmed.fastq.gz49S(2389S)
[main] Real time: 2389.320 sec; CPU: 19951.068 sec
 wall time.
[bam_sort_core] merging from 20 files and 20 in-memory blocks...
