samblaster: Version 0.1.24
samblaster: Inputting from stdin
samblaster: Outputting to stdout
[M::bwa_idx_load_from_disk] read 0 ALT contigs
[M::process] read 1458628 sequences (200000007 bp)...
[M::mem_pestat] # candidate unique pairs for (FF, FR, RF, RR): (50, 548125, 122, 37)
[M::mem_pestat] analyzing insert size distribution for orientation FF...
[M::mem_pestat] (25, 50, 75) percentile: (295, 442, 907)
[M::mem_pestat] low and high boundaries for computing mean and std.dev: (1, 2131)
[M::mem_pestat] mean and std.dev: (489.00, 361.28)
[M::mem_pestat] low and high boundaries for proper pairs: (1, 2743)
[M::mem_pestat] analyzing insert size distribution for orientation FR...
[M::mem_pestat] (25, 50, 75) percentile: (266, 351, 454)
[M::mem_pestat] low and high boundaries for computing mean and std.dev: (1, 830)
[M::mem_pestat] mean and std.dev: (367.55, 140.18)
[M::mem_pestat] low and high boundaries for proper pairs: (1, 1018)
[M::mem_pestat] analyzing insert size distribution for orientation RF...
[M::mem_pestat] (25, 50, 75) percentile: (115, 654, 2989)
[M::mem_pestat] low and high boundaries for computing mean and std.dev: (1, 8737)
[M::mem_pestat] mean and std.dev: (1724.26, 2175.20)
[M::mem_pestat] low and high boundaries for proper pairs: (1, 11611)
[M::mem_pestat] analyzing insert size distribution for orientation RR...
[M::mem_pestat] (25, 50, 75) percentile: (218, 357, 1351)
[M::mem_pestat] low and high boundaries for computing mean and std.dev: (1, 3617)
[M::mem_pestat] mean and std.dev: (664.40, 815.83)
[M::mem_pestat] low and high boundaries for proper pairs: (1, 4750)
[M::mem_pestat] skip orientation FF
[M::mem_pestat] skip orientation RF
[M::mem_pestat] skip orientation RR
[M::mem_process_seqs] Processed 1458628 reads in 447.468 CPU sec, 106.161 real sec
samblaster: Loaded 23 header sequence entries.
[M::process] read 1456310 sequences (200000276 bp)...
[M::process] read 1456942 sequences (200000148 bp)...
[M::mem_pestat] # candidate unique pairs for (FF, FR, RF, RR): (50, 546426, 120, 44)
[M::mem_pestat] analyzing insert size distribution for orientation FF...
[M::mem_pestat] (25, 50, 75) percentile: (284, 459, 760)
[M::mem_pestat] low and high boundaries for computing mean and std.dev: (1, 1712)
[M::mem_pestat] mean and std.dev: (483.53, 290.70)
[M::mem_pestat] low and high boundaries for proper pairs: (1, 2188)
[M::mem_pestat] analyzing insert size distribution for orientation FR...
[M::mem_pestat] (25, 50, 75) percentile: (269, 355, 459)
[M::mem_pestat] low and high boundaries for computing mean and std.dev: (1, 839)
[M::mem_pestat] mean and std.dev: (371.89, 142.22)
[M::mem_pestat] low and high boundaries for proper pairs: (1, 1029)
[M::mem_pestat] analyzing insert size distribution for orientation RF...
[M::mem_pestat] (25, 50, 75) percentile: (112, 598, 2620)
[M::mem_pestat] low and high boundaries for computing mean and std.dev: (1, 7636)
[M::mem_pestat] mean and std.dev: (1405.62, 1840.48)
[M::mem_pestat] low and high boundaries for proper pairs: (1, 10144)
[M::mem_pestat] analyzing insert size distribution for orientation RR...
[M::mem_pestat] (25, 50, 75) percentile: (236, 328, 1253)
[M::mem_pestat] low and high boundaries for computing mean and std.dev: (1, 3287)
[M::mem_pestat] mean and std.dev: (703.40, 800.64)
[M::mem_pestat] low and high boundaries for proper pairs: (1, 4304)
[M::mem_pestat] skip orientation FF
[M::mem_pestat] skip orientation RF
[M::mem_pestat] skip orientation RR
[M::mem_process_seqs] Processed 1456310 reads in 419.170 CPU sec, 45.823 real sec
[M::mem_pestat] # candidate unique pairs for (FF, FR, RF, RR): (63, 545592, 115, 27)
[M::mem_pestat] analyzing insert size distribution for orientation FF...
[M::mem_pestat] (25, 50, 75) percentile: (307, 440, 1114)
[M::mem_pestat] low and high boundaries for computing mean and std.dev: (1, 2728)
[M::mem_pestat] mean and std.dev: (578.11, 524.92)
[M::mem_pestat] low and high boundaries for proper pairs: (1, 3535)
[M::mem_pestat] analyzing insert size distribution for orientation FR...
[M::mem_pestat] (25, 50, 75) percentile: (269, 355, 459)
[M::mem_pestat] low and high boundaries for computing mean and std.dev: (1, 839)
[M::mem_pestat] mean and std.dev: (372.02, 141.73)
[M::mem_pestat] low and high boundaries for proper pairs: (1, 1029)
[M::mem_pestat] analyzing insert size distribution for orientation RF...
[M::mem_pestat] (25, 50, 75) percentile: (80, 400, 2391)
[M::mem_pestat] low and high boundaries for computing mean and std.dev: (1, 7013)
[M::mem_pestat] mean and std.dev: (1283.14, 1789.81)
[M::mem_pestat] low and high boundaries for proper pairs: (1, 9324)
[M::mem_pestat] analyzing insert size distribution for orientation RR...
[M::mem_pestat] (25, 50, 75) percentile: (195, 337, 1218)
[M::mem_pestat] low and high boundaries for computing mean and std.dev: (1, 3264)
[M::mem_pestat] mean and std.dev: (430.91, 428.44)
[M::mem_pestat] low and high boundaries for proper pairs: (1, 4287)
[M::mem_pestat] skip orientation FF
[M::mem_pestat] skip orientation RF
[M::mem_pestat] skip orientation RR
[M::process] read 1459370 sequences (200000134 bp)...
[M::mem_process_seqs] Processed 1456942 reads in 422.758 CPU sec, 48.554 real sec
[M::process] read 1460752 sequences (200000036 bp)...
[M::mem_pestat] # candidate unique pairs for (FF, FR, RF, RR): (36, 543803, 136, 37)
[M::mem_pestat] analyzing insert size distribution for orientation FF...
[M::mem_pestat] (25, 50, 75) percentile: (245, 422, 918)
[M::mem_pestat] low and high boundaries for computing mean and std.dev: (1, 2264)
[M::mem_pestat] mean and std.dev: (540.50, 485.71)
[M::mem_pestat] low and high boundaries for proper pairs: (1, 2937)
[M::mem_pestat] analyzing insert size distribution for orientation FR...
[M::mem_pestat] (25, 50, 75) percentile: (268, 353, 455)
[M::mem_pestat] low and high boundaries for computing mean and std.dev: (1, 829)
[M::mem_pestat] mean and std.dev: (368.94, 139.22)
[M::mem_pestat] low and high boundaries for proper pairs: (1, 1016)
[M::mem_pestat] analyzing insert size distribution for orientation RF...
[M::mem_pestat] (25, 50, 75) percentile: (105, 393, 3242)
[M::mem_pestat] low and high boundaries for computing mean and std.dev: (1, 9516)
[M::mem_pestat] mean and std.dev: (2000.53, 2810.56)
[M::mem_pestat] low and high boundaries for proper pairs: (1, 13243)
[M::mem_pestat] analyzing insert size distribution for orientation RR...
[M::mem_pestat] (25, 50, 75) percentile: (235, 395, 1051)
[M::mem_pestat] low and high boundaries for computing mean and std.dev: (1, 2683)
[M::mem_pestat] mean and std.dev: (436.94, 322.79)
[M::mem_pestat] low and high boundaries for proper pairs: (1, 3499)
[M::mem_pestat] skip orientation FF
[M::mem_pestat] skip orientation RF
[M::mem_pestat] skip orientation RR
[M::mem_process_seqs] Processed 1459370 reads in 428.281 CPU sec, 48.532 real sec
[M::mem_pestat] # candidate unique pairs for (FF, FR, RF, RR): (49, 547732, 127, 28)
[M::mem_pestat] analyzing insert size distribution for orientation FF...
[M::mem_pestat] (25, 50, 75) percentile: (311, 469, 1253)
[M::mem_pestat] low and high boundaries for computing mean and std.dev: (1, 3137)
[M::mem_pestat] mean and std.dev: (644.13, 546.60)
[M::mem_pestat] low and high boundaries for proper pairs: (1, 4079)
[M::mem_pestat] analyzing insert size distribution for orientation FR...
[M::mem_pestat] (25, 50, 75) percentile: (268, 354, 458)
[M::mem_pestat] low and high boundaries for computing mean and std.dev: (1, 838)
[M::mem_pestat] mean and std.dev: (370.92, 141.89)
[M::mem_pestat] low and high boundaries for proper pairs: (1, 1028)
[M::mem_pestat] analyzing insert size distribution for orientation RF...
[M::mem_pestat] (25, 50, 75) percentile: (62, 364, 2952)
[M::mem_pestat] low and high boundaries for computing mean and std.dev: (1, 8732)
[M::mem_pestat] mean and std.dev: (1486.11, 2167.22)
[M::mem_pestat] low and high boundaries for proper pairs: (1, 11622)
[M::mem_pestat] analyzing insert size distribution for orientation RR...
[M::mem_pestat] (25, 50, 75) percentile: (199, 474, 2309)
[M::mem_pestat] low and high boundaries for computing mean and std.dev: (1, 6529)
[M::mem_pestat] mean and std.dev: (1140.19, 1413.41)
[M::mem_pestat] low and high boundaries for proper pairs: (1, 8639)
[M::mem_pestat] skip orientation FF
[M::mem_pestat] skip orientation RF
[M::mem_pestat] skip orientation RR
[M::process] read 1457144 sequences (200000191 bp)...
[M::mem_process_seqs] Processed 1460752 reads in 420.550 CPU sec, 46.037 real sec
[M::mem_pestat] # candidate unique pairs for (FF, FR, RF, RR): (53, 545373, 125, 27)
[M::mem_pestat] analyzing insert size distribution for orientation FF...
[M::mem_pestat] (25, 50, 75) percentile: (230, 399, 837)
[M::mem_pestat] low and high boundaries for computing mean and std.dev: (1, 2051)
[M::mem_pestat] mean and std.dev: (500.92, 471.84)
[M::mem_pestat] low and high boundaries for proper pairs: (1, 2658)
[M::mem_pestat] analyzing insert size distribution for orientation FR...
[M::mem_pestat] (25, 50, 75) percentile: (271, 358, 463)
[M::mem_pestat] low and high boundaries for computing mean and std.dev: (1, 847)
[M::mem_pestat] mean and std.dev: (374.93, 143.70)
[M::mem_pestat] low and high boundaries for proper pairs: (1, 1039)
[M::mem_pestat] analyzing insert size distribution for orientation RF...
[M::mem_pestat] (25, 50, 75) percentile: (125, 504, 2927)
[M::mem_pestat] low and high boundaries for computing mean and std.dev: (1, 8531)
[M::mem_pestat] mean and std.dev: (1428.02, 1935.91)
[M::mem_pestat] low and high boundaries for proper pairs: (1, 11333)
[M::mem_pestat] analyzing insert size distribution for orientation RR...
[M::mem_pestat] (25, 50, 75) percentile: (226, 368, 1034)
[M::mem_pestat] low and high boundaries for computing mean and std.dev: (1, 2650)
[M::mem_pestat] mean and std.dev: (412.36, 344.49)
[M::mem_pestat] low and high boundaries for proper pairs: (1, 3458)
[M::mem_pestat] skip orientation FF
[M::mem_pestat] skip orientation RF
[M::mem_pestat] skip orientation RR
[M::process] read 1458948 sequences (200000109 bp)...
[M::mem_process_seqs] Processed 1457144 reads in 423.479 CPU sec, 46.077 real sec
[M::mem_pestat] # candidate unique pairs for (FF, FR, RF, RR): (51, 545373, 127, 23)
[M::mem_pestat] analyzing insert size distribution for orientation FF...
[M::mem_pestat] (25, 50, 75) percentile: (308, 451, 667)
[M::mem_pestat] low and high boundaries for computing mean and std.dev: (1, 1385)
[M::mem_pestat] mean and std.dev: (453.58, 254.80)
[M::mem_pestat] low and high boundaries for proper pairs: (1, 1744)
[M::mem_pestat] analyzing insert size distribution for orientation FR...
[M::mem_pestat] (25, 50, 75) percentile: (270, 356, 461)
[M::mem_pestat] low and high boundaries for computing mean and std.dev: (1, 843)
[M::mem_pestat] mean and std.dev: (373.46, 142.21)
[M::mem_pestat] low and high boundaries for proper pairs: (1, 1034)
[M::mem_pestat] analyzing insert size distribution for orientation RF...
[M::mem_pestat] (25, 50, 75) percentile: (38, 373, 1717)
[M::mem_pestat] low and high boundaries for computing mean and std.dev: (1, 5075)
[M::mem_pestat] mean and std.dev: (818.12, 1252.40)
[M::mem_pestat] low and high boundaries for proper pairs: (1, 6754)
[M::mem_pestat] analyzing insert size distribution for orientation RR...
[M::mem_pestat] (25, 50, 75) percentile: (287, 384, 2824)
[M::mem_pestat] low and high boundaries for computing mean and std.dev: (1, 7898)
[M::mem_pestat] mean and std.dev: (1216.27, 1468.03)
[M::mem_pestat] low and high boundaries for proper pairs: (1, 10435)
[M::mem_pestat] skip orientation FF
[M::mem_pestat] skip orientation RF
[M::mem_pestat] skip orientation RR
[M::mem_process_seqs] Processed 1458948 reads in 431.762 CPU sec, 61.752 real sec
[M::process] read 1464474 sequences (200000070 bp)...
[M::process] read 1456434 sequences (200000203 bp)...
[M::mem_pestat] # candidate unique pairs for (FF, FR, RF, RR): (53, 544695, 115, 39)
[M::mem_pestat] analyzing insert size distribution for orientation FF...
[M::mem_pestat] (25, 50, 75) percentile: (267, 397, 749)
[M::mem_pestat] low and high boundaries for computing mean and std.dev: (1, 1713)
[M::mem_pestat] mean and std.dev: (475.00, 341.56)
[M::mem_pestat] low and high boundaries for proper pairs: (1, 2195)
[M::mem_pestat] analyzing insert size distribution for orientation FR...
[M::mem_pestat] (25, 50, 75) percentile: (268, 352, 455)
[M::mem_pestat] low and high boundaries for computing mean and std.dev: (1, 829)
[M::mem_pestat] mean and std.dev: (368.55, 138.60)
[M::mem_pestat] low and high boundaries for proper pairs: (1, 1016)
[M::mem_pestat] analyzing insert size distribution for orientation RF...
[M::mem_pestat] (25, 50, 75) percentile: (63, 232, 1887)
[M::mem_pestat] low and high boundaries for computing mean and std.dev: (1, 5535)
[M::mem_pestat] mean and std.dev: (883.51, 1434.68)
[M::mem_pestat] low and high boundaries for proper pairs: (1, 7359)
[M::mem_pestat] analyzing insert size distribution for orientation RR...
[M::mem_pestat] (25, 50, 75) percentile: (249, 440, 1990)
[M::mem_pestat] low and high boundaries for computing mean and std.dev: (1, 5472)
[M::mem_pestat] mean and std.dev: (905.06, 1140.59)
[M::mem_pestat] low and high boundaries for proper pairs: (1, 7213)
[M::mem_pestat] skip orientation FF
[M::mem_pestat] skip orientation RF
[M::mem_pestat] skip orientation RR
[M::mem_process_seqs] Processed 1464474 reads in 429.048 CPU sec, 44.321 real sec
[M::mem_pestat] # candidate unique pairs for (FF, FR, RF, RR): (51, 547160, 98, 44)
[M::mem_pestat] analyzing insert size distribution for orientation FF...
[M::mem_pestat] (25, 50, 75) percentile: (376, 576, 1223)
[M::mem_pestat] low and high boundaries for computing mean and std.dev: (1, 2917)
[M::mem_pestat] mean and std.dev: (691.86, 529.57)
[M::mem_pestat] low and high boundaries for proper pairs: (1, 3764)
[M::mem_pestat] analyzing insert size distribution for orientation FR...
[M::mem_pestat] (25, 50, 75) percentile: (269, 355, 460)
[M::mem_pestat] low and high boundaries for computing mean and std.dev: (1, 842)
[M::mem_pestat] mean and std.dev: (372.20, 143.24)
[M::mem_pestat] low and high boundaries for proper pairs: (1, 1033)
[M::mem_pestat] analyzing insert size distribution for orientation RF...
[M::mem_pestat] (25, 50, 75) percentile: (71, 260, 1891)
[M::mem_pestat] low and high boundaries for computing mean and std.dev: (1, 5531)
[M::mem_pestat] mean and std.dev: (979.76, 1506.58)
[M::mem_pestat] low and high boundaries for proper pairs: (1, 7351)
[M::mem_pestat] analyzing insert size distribution for orientation RR...
[M::mem_pestat] (25, 50, 75) percentile: (233, 347, 733)
[M::mem_pestat] low and high boundaries for computing mean and std.dev: (1, 1733)
[M::mem_pestat] mean and std.dev: (414.63, 360.82)
[M::mem_pestat] low and high boundaries for proper pairs: (1, 2233)
[M::mem_pestat] skip orientation FF
[M::mem_pestat] skip orientation RF
[M::mem_pestat] skip orientation RR
[M::process] read 1456568 sequences (200000093 bp)...
[M::mem_process_seqs] Processed 1456434 reads in 420.829 CPU sec, 45.721 real sec
[M::mem_pestat] # candidate unique pairs for (FF, FR, RF, RR): (42, 545866, 110, 34)
[M::mem_pestat] analyzing insert size distribution for orientation FF...
[M::mem_pestat] (25, 50, 75) percentile: (270, 489, 686)
[M::mem_pestat] low and high boundaries for computing mean and std.dev: (1, 1518)
[M::mem_pestat] mean and std.dev: (455.19, 270.07)
[M::mem_pestat] low and high boundaries for proper pairs: (1, 1934)
[M::mem_pestat] analyzing insert size distribution for orientation FR...
[M::mem_pestat] (25, 50, 75) percentile: (271, 357, 463)
[M::mem_pestat] low and high boundaries for computing mean and std.dev: (1, 847)
[M::mem_pestat] mean and std.dev: (374.54, 143.75)
[M::mem_pestat] low and high boundaries for proper pairs: (1, 1039)
[M::mem_pestat] analyzing insert size distribution for orientation RF...
[M::mem_pestat] (25, 50, 75) percentile: (38, 327, 2452)
[M::mem_pestat] low and high boundaries for computing mean and std.dev: (1, 7280)
[M::mem_pestat] mean and std.dev: (1272.88, 1886.54)
[M::mem_pestat] low and high boundaries for proper pairs: (1, 9694)
[M::mem_pestat] analyzing insert size distribution for orientation RR...
[M::mem_pestat] (25, 50, 75) percentile: (243, 492, 930)
[M::mem_pestat] low and high boundaries for computing mean and std.dev: (1, 2304)
[M::mem_pestat] mean and std.dev: (495.10, 292.71)
[M::mem_pestat] low and high boundaries for proper pairs: (1, 2991)
[M::mem_pestat] skip orientation FF
[M::mem_pestat] skip orientation RF
[M::mem_pestat] skip orientation RR
[M::process] read 1457634 sequences (200000205 bp)...
[M::mem_process_seqs] Processed 1456568 reads in 422.328 CPU sec, 45.843 real sec
[M::mem_pestat] # candidate unique pairs for (FF, FR, RF, RR): (58, 544921, 120, 33)
[M::mem_pestat] analyzing insert size distribution for orientation FF...
[M::mem_pestat] (25, 50, 75) percentile: (314, 501, 827)
[M::mem_pestat] low and high boundaries for computing mean and std.dev: (1, 1853)
[M::mem_pestat] mean and std.dev: (550.26, 337.69)
[M::mem_pestat] low and high boundaries for proper pairs: (1, 2366)
[M::mem_pestat] analyzing insert size distribution for orientation FR...
[M::mem_pestat] (25, 50, 75) percentile: (270, 356, 461)
[M::mem_pestat] low and high boundaries for computing mean and std.dev: (1, 843)
[M::mem_pestat] mean and std.dev: (373.33, 142.59)
[M::mem_pestat] low and high boundaries for proper pairs: (1, 1034)
[M::mem_pestat] analyzing insert size distribution for orientation RF...
[M::mem_pestat] (25, 50, 75) percentile: (122, 706, 4262)
[M::mem_pestat] low and high boundaries for computing mean and std.dev: (1, 12542)
[M::mem_pestat] mean and std.dev: (2232.01, 2539.55)
[M::mem_pestat] low and high boundaries for proper pairs: (1, 16682)
[M::mem_pestat] analyzing insert size distribution for orientation RR...
[M::mem_pestat] (25, 50, 75) percentile: (370, 624, 3787)
[M::mem_pestat] low and high boundaries for computing mean and std.dev: (1, 10621)
[M::mem_pestat] mean and std.dev: (1704.58, 2087.25)
[M::mem_pestat] low and high boundaries for proper pairs: (1, 14038)
[M::mem_pestat] skip orientation FF
[M::mem_pestat] skip orientation RF
[M::mem_pestat] skip orientation RR
[M::process] read 1461944 sequences (200000093 bp)...
[M::mem_process_seqs] Processed 1457634 reads in 426.590 CPU sec, 46.352 real sec
[M::mem_pestat] # candidate unique pairs for (FF, FR, RF, RR): (61, 544517, 107, 40)
[M::mem_pestat] analyzing insert size distribution for orientation FF...
[M::mem_pestat] (25, 50, 75) percentile: (309, 536, 789)
[M::mem_pestat] low and high boundaries for computing mean and std.dev: (1, 1749)
[M::mem_pestat] mean and std.dev: (494.47, 316.65)
[M::mem_pestat] low and high boundaries for proper pairs: (1, 2229)
[M::mem_pestat] analyzing insert size distribution for orientation FR...
[M::mem_pestat] (25, 50, 75) percentile: (268, 353, 455)
[M::mem_pestat] low and high boundaries for computing mean and std.dev: (1, 829)
[M::mem_pestat] mean and std.dev: (369.12, 139.31)
[M::mem_pestat] low and high boundaries for proper pairs: (1, 1016)
[M::mem_pestat] analyzing insert size distribution for orientation RF...
[M::mem_pestat] (25, 50, 75) percentile: (90, 419, 3146)
[M::mem_pestat] low and high boundaries for computing mean and std.dev: (1, 9258)
[M::mem_pestat] mean and std.dev: (1643.35, 2073.38)
[M::mem_pestat] low and high boundaries for proper pairs: (1, 12314)
[M::mem_pestat] analyzing insert size distribution for orientation RR...
[M::mem_pestat] (25, 50, 75) percentile: (209, 344, 1541)
[M::mem_pestat] low and high boundaries for computing mean and std.dev: (1, 4205)
[M::mem_pestat] mean and std.dev: (833.03, 992.82)
[M::mem_pestat] low and high boundaries for proper pairs: (1, 5537)
[M::mem_pestat] skip orientation FF
[M::mem_pestat] skip orientation RF
[M::mem_pestat] skip orientation RR
[M::process] read 1454978 sequences (200000211 bp)...
[M::mem_process_seqs] Processed 1461944 reads in 430.339 CPU sec, 46.646 real sec
[M::mem_pestat] # candidate unique pairs for (FF, FR, RF, RR): (42, 546076, 102, 38)
[M::mem_pestat] analyzing insert size distribution for orientation FF...
[M::mem_pestat] (25, 50, 75) percentile: (309, 411, 1110)
[M::mem_pestat] low and high boundaries for computing mean and std.dev: (1, 2712)
[M::mem_pestat] mean and std.dev: (672.85, 662.06)
[M::mem_pestat] low and high boundaries for proper pairs: (1, 3513)
[M::mem_pestat] analyzing insert size distribution for orientation FR...
[M::mem_pestat] (25, 50, 75) percentile: (271, 358, 465)
[M::mem_pestat] low and high boundaries for computing mean and std.dev: (1, 853)
[M::mem_pestat] mean and std.dev: (375.65, 145.05)
[M::mem_pestat] low and high boundaries for proper pairs: (1, 1047)
[M::mem_pestat] analyzing insert size distribution for orientation RF...
[M::mem_pestat] (25, 50, 75) percentile: (73, 466, 2484)
[M::mem_pestat] low and high boundaries for computing mean and std.dev: (1, 7306)
[M::mem_pestat] mean and std.dev: (1258.15, 1740.07)
[M::mem_pestat] low and high boundaries for proper pairs: (1, 9717)
[M::mem_pestat] analyzing insert size distribution for orientation RR...
[M::mem_pestat] (25, 50, 75) percentile: (245, 669, 1721)
[M::mem_pestat] low and high boundaries for computing mean and std.dev: (1, 4673)
[M::mem_pestat] mean and std.dev: (1000.72, 1046.56)
[M::mem_pestat] low and high boundaries for proper pairs: (1, 6149)
[M::mem_pestat] skip orientation FF
[M::mem_pestat] skip orientation RF
[M::mem_pestat] skip orientation RR
[M::process] read 1454788 sequences (200000279 bp)...
[M::mem_process_seqs] Processed 1454978 reads in 421.074 CPU sec, 45.798 real sec
[M::mem_pestat] # candidate unique pairs for (FF, FR, RF, RR): (40, 544960, 117, 44)
[M::mem_pestat] analyzing insert size distribution for orientation FF...
[M::mem_pestat] (25, 50, 75) percentile: (275, 502, 896)
[M::mem_pestat] low and high boundaries for computing mean and std.dev: (1, 2138)
[M::mem_pestat] mean and std.dev: (468.61, 341.81)
[M::mem_pestat] low and high boundaries for proper pairs: (1, 2759)
[M::mem_pestat] analyzing insert size distribution for orientation FR...
[M::mem_pestat] (25, 50, 75) percentile: (272, 358, 465)
[M::mem_pestat] low and high boundaries for computing mean and std.dev: (1, 851)
[M::mem_pestat] mean and std.dev: (375.99, 144.63)
[M::mem_pestat] low and high boundaries for proper pairs: (1, 1044)
[M::mem_pestat] analyzing insert size distribution for orientation RF...
[M::mem_pestat] (25, 50, 75) percentile: (82, 571, 5123)
[M::mem_pestat] low and high boundaries for computing mean and std.dev: (1, 15205)
[M::mem_pestat] mean and std.dev: (2359.44, 3122.57)
[M::mem_pestat] low and high boundaries for proper pairs: (1, 20246)
[M::mem_pestat] analyzing insert size distribution for orientation RR...
[M::mem_pestat] (25, 50, 75) percentile: (295, 586, 1265)
[M::mem_pestat] low and high boundaries for computing mean and std.dev: (1, 3205)
[M::mem_pestat] mean and std.dev: (574.78, 550.13)
[M::mem_pestat] low and high boundaries for proper pairs: (1, 4175)
[M::mem_pestat] skip orientation FF
[M::mem_pestat] skip orientation RF
[M::mem_pestat] skip orientation RR
[M::mem_process_seqs] Processed 1454788 reads in 431.350 CPU sec, 67.543 real sec
[M::process] read 1455746 sequences (200000186 bp)...
[M::process] read 1460598 sequences (200000069 bp)...
[M::mem_pestat] # candidate unique pairs for (FF, FR, RF, RR): (57, 544767, 97, 31)
[M::mem_pestat] analyzing insert size distribution for orientation FF...
[M::mem_pestat] (25, 50, 75) percentile: (293, 476, 641)
[M::mem_pestat] low and high boundaries for computing mean and std.dev: (1, 1337)
[M::mem_pestat] mean and std.dev: (451.83, 229.18)
[M::mem_pestat] low and high boundaries for proper pairs: (1, 1685)
[M::mem_pestat] analyzing insert size distribution for orientation FR...
[M::mem_pestat] (25, 50, 75) percentile: (272, 358, 464)
[M::mem_pestat] low and high boundaries for computing mean and std.dev: (1, 848)
[M::mem_pestat] mean and std.dev: (375.61, 143.88)
[M::mem_pestat] low and high boundaries for proper pairs: (1, 1040)
[M::mem_pestat] analyzing insert size distribution for orientation RF...
[M::mem_pestat] (25, 50, 75) percentile: (62, 562, 2250)
[M::mem_pestat] low and high boundaries for computing mean and std.dev: (1, 6626)
[M::mem_pestat] mean and std.dev: (1351.55, 1646.45)
[M::mem_pestat] low and high boundaries for proper pairs: (1, 8814)
[M::mem_pestat] analyzing insert size distribution for orientation RR...
[M::mem_pestat] (25, 50, 75) percentile: (307, 410, 1376)
[M::mem_pestat] low and high boundaries for computing mean and std.dev: (1, 3514)
[M::mem_pestat] mean and std.dev: (791.79, 874.74)
[M::mem_pestat] low and high boundaries for proper pairs: (1, 4583)
[M::mem_pestat] skip orientation FF
[M::mem_pestat] skip orientation RF
[M::mem_pestat] skip orientation RR
[M::mem_process_seqs] Processed 1455746 reads in 422.986 CPU sec, 43.960 real sec
[M::mem_pestat] # candidate unique pairs for (FF, FR, RF, RR): (41, 544516, 103, 29)
[M::mem_pestat] analyzing insert size distribution for orientation FF...
[M::mem_pestat] (25, 50, 75) percentile: (363, 477, 747)
[M::mem_pestat] low and high boundaries for computing mean and std.dev: (1, 1515)
[M::mem_pestat] mean and std.dev: (541.57, 292.11)
[M::mem_pestat] low and high boundaries for proper pairs: (1, 1899)
[M::mem_pestat] analyzing insert size distribution for orientation FR...
[M::mem_pestat] (25, 50, 75) percentile: (269, 355, 458)
[M::mem_pestat] low and high boundaries for computing mean and std.dev: (1, 836)
[M::mem_pestat] mean and std.dev: (371.51, 140.65)
[M::mem_pestat] low and high boundaries for proper pairs: (1, 1025)
[M::mem_pestat] analyzing insert size distribution for orientation RF...
[M::mem_pestat] (25, 50, 75) percentile: (143, 370, 2767)
[M::mem_pestat] low and high boundaries for computing mean and std.dev: (1, 8015)
[M::mem_pestat] mean and std.dev: (1402.46, 1961.93)
[M::mem_pestat] low and high boundaries for proper pairs: (1, 10639)
[M::mem_pestat] analyzing insert size distribution for orientation RR...
[M::mem_pestat] (25, 50, 75) percentile: (254, 524, 1759)
[M::mem_pestat] low and high boundaries for computing mean and std.dev: (1, 4769)
[M::mem_pestat] mean and std.dev: (1009.82, 1278.51)
[M::mem_pestat] low and high boundaries for proper pairs: (1, 6274)
[M::mem_pestat] skip orientation FF
[M::mem_pestat] skip orientation RF
[M::mem_pestat] skip orientation RR
[M::process] read 1455084 sequences (200000085 bp)...
[M::mem_process_seqs] Processed 1460598 reads in 430.110 CPU sec, 46.634 real sec
[M::mem_pestat] # candidate unique pairs for (FF, FR, RF, RR): (40, 545880, 96, 41)
[M::mem_pestat] analyzing insert size distribution for orientation FF...
[M::mem_pestat] (25, 50, 75) percentile: (277, 412, 789)
[M::mem_pestat] low and high boundaries for computing mean and std.dev: (1, 1813)
[M::mem_pestat] mean and std.dev: (436.46, 251.34)
[M::mem_pestat] low and high boundaries for proper pairs: (1, 2325)
[M::mem_pestat] analyzing insert size distribution for orientation FR...
[M::mem_pestat] (25, 50, 75) percentile: (272, 359, 468)
[M::mem_pestat] low and high boundaries for computing mean and std.dev: (1, 860)
[M::mem_pestat] mean and std.dev: (377.69, 146.59)
[M::mem_pestat] low and high boundaries for proper pairs: (1, 1056)
[M::mem_pestat] analyzing insert size distribution for orientation RF...
[M::mem_pestat] (25, 50, 75) percentile: (57, 275, 1830)
[M::mem_pestat] low and high boundaries for computing mean and std.dev: (1, 5376)
[M::mem_pestat] mean and std.dev: (996.38, 1407.95)
[M::mem_pestat] low and high boundaries for proper pairs: (1, 7149)
[M::mem_pestat] analyzing insert size distribution for orientation RR...
[M::mem_pestat] (25, 50, 75) percentile: (190, 497, 879)
[M::mem_pestat] low and high boundaries for computing mean and std.dev: (1, 2257)
[M::mem_pestat] mean and std.dev: (539.39, 426.93)
[M::mem_pestat] low and high boundaries for proper pairs: (1, 2946)
[M::mem_pestat] skip orientation FF
[M::mem_pestat] skip orientation RF
[M::mem_pestat] skip orientation RR
[M::process] read 1455148 sequences (200000027 bp)...
[M::mem_process_seqs] Processed 1455084 reads in 423.127 CPU sec, 45.948 real sec
[M::mem_pestat] # candidate unique pairs for (FF, FR, RF, RR): (55, 545374, 96, 42)
[M::mem_pestat] analyzing insert size distribution for orientation FF...
[M::mem_pestat] (25, 50, 75) percentile: (364, 471, 1030)
[M::mem_pestat] low and high boundaries for computing mean and std.dev: (1, 2362)
[M::mem_pestat] mean and std.dev: (597.85, 436.80)
[M::mem_pestat] low and high boundaries for proper pairs: (1, 3028)
[M::mem_pestat] analyzing insert size distribution for orientation FR...
[M::mem_pestat] (25, 50, 75) percentile: (273, 361, 468)
[M::mem_pestat] low and high boundaries for computing mean and std.dev: (1, 858)
[M::mem_pestat] mean and std.dev: (378.15, 145.65)
[M::mem_pestat] low and high boundaries for proper pairs: (1, 1053)
[M::mem_pestat] analyzing insert size distribution for orientation RF...
[M::mem_pestat] (25, 50, 75) percentile: (193, 528, 3799)
[M::mem_pestat] low and high boundaries for computing mean and std.dev: (1, 11011)
[M::mem_pestat] mean and std.dev: (2099.00, 2827.78)
[M::mem_pestat] low and high boundaries for proper pairs: (1, 14617)
[M::mem_pestat] analyzing insert size distribution for orientation RR...
[M::mem_pestat] (25, 50, 75) percentile: (208, 325, 787)
[M::mem_pestat] low and high boundaries for computing mean and std.dev: (1, 1945)
[M::mem_pestat] mean and std.dev: (380.03, 276.82)
[M::mem_pestat] low and high boundaries for proper pairs: (1, 2524)
[M::mem_pestat] skip orientation FF
[M::mem_pestat] skip orientation RF
[M::mem_pestat] skip orientation RR
[M::process] read 1456150 sequences (200000159 bp)...
[M::mem_process_seqs] Processed 1455148 reads in 423.303 CPU sec, 45.947 real sec
[M::mem_pestat] # candidate unique pairs for (FF, FR, RF, RR): (56, 544168, 118, 15)
[M::mem_pestat] analyzing insert size distribution for orientation FF...
[M::mem_pestat] (25, 50, 75) percentile: (238, 364, 723)
[M::mem_pestat] low and high boundaries for computing mean and std.dev: (1, 1693)
[M::mem_pestat] mean and std.dev: (441.58, 308.93)
[M::mem_pestat] low and high boundaries for proper pairs: (1, 2178)
[M::mem_pestat] analyzing insert size distribution for orientation FR...
[M::mem_pestat] (25, 50, 75) percentile: (272, 359, 465)
[M::mem_pestat] low and high boundaries for computing mean and std.dev: (1, 851)
[M::mem_pestat] mean and std.dev: (376.27, 144.44)
[M::mem_pestat] low and high boundaries for proper pairs: (1, 1044)
[M::mem_pestat] analyzing insert size distribution for orientation RF...
[M::mem_pestat] (25, 50, 75) percentile: (87, 565, 2636)
[M::mem_pestat] low and high boundaries for computing mean and std.dev: (1, 7734)
[M::mem_pestat] mean and std.dev: (1465.35, 2079.62)
[M::mem_pestat] low and high boundaries for proper pairs: (1, 10283)
[M::mem_pestat] analyzing insert size distribution for orientation RR...
[M::mem_pestat] (25, 50, 75) percentile: (171, 252, 736)
[M::mem_pestat] low and high boundaries for computing mean and std.dev: (1, 1866)
[M::mem_pestat] mean and std.dev: (371.50, 305.72)
[M::mem_pestat] low and high boundaries for proper pairs: (1, 2431)
[M::mem_pestat] skip orientation FF
[M::mem_pestat] skip orientation RF
[M::mem_pestat] skip orientation RR
[M::process] read 1461962 sequences (200000084 bp)...
[M::mem_process_seqs] Processed 1456150 reads in 424.790 CPU sec, 46.306 real sec
[M::mem_pestat] # candidate unique pairs for (FF, FR, RF, RR): (55, 543592, 111, 42)
[M::mem_pestat] analyzing insert size distribution for orientation FF...
[M::mem_pestat] (25, 50, 75) percentile: (300, 488, 1368)
[M::mem_pestat] low and high boundaries for computing mean and std.dev: (1, 3504)
[M::mem_pestat] mean and std.dev: (768.53, 846.36)
[M::mem_pestat] low and high boundaries for proper pairs: (1, 4572)
[M::mem_pestat] analyzing insert size distribution for orientation FR...
[M::mem_pestat] (25, 50, 75) percentile: (270, 356, 460)
[M::mem_pestat] low and high boundaries for computing mean and std.dev: (1, 840)
[M::mem_pestat] mean and std.dev: (372.69, 141.30)
[M::mem_pestat] low and high boundaries for proper pairs: (1, 1030)
[M::mem_pestat] analyzing insert size distribution for orientation RF...
[M::mem_pestat] (25, 50, 75) percentile: (98, 402, 3178)
[M::mem_pestat] low and high boundaries for computing mean and std.dev: (1, 9338)
[M::mem_pestat] mean and std.dev: (1683.09, 2338.93)
[M::mem_pestat] low and high boundaries for proper pairs: (1, 12418)
[M::mem_pestat] analyzing insert size distribution for orientation RR...
[M::mem_pestat] (25, 50, 75) percentile: (235, 505, 1462)
[M::mem_pestat] low and high boundaries for computing mean and std.dev: (1, 3916)
[M::mem_pestat] mean and std.dev: (652.67, 649.54)
[M::mem_pestat] low and high boundaries for proper pairs: (1, 5143)
[M::mem_pestat] skip orientation FF
[M::mem_pestat] skip orientation RF
[M::mem_pestat] skip orientation RR
[M::process] read 1454464 sequences (200000221 bp)...
[M::mem_process_seqs] Processed 1461962 reads in 432.460 CPU sec, 46.978 real sec
[M::mem_pestat] # candidate unique pairs for (FF, FR, RF, RR): (58, 546092, 123, 38)
[M::mem_pestat] analyzing insert size distribution for orientation FF...
[M::mem_pestat] (25, 50, 75) percentile: (299, 396, 782)
[M::mem_pestat] low and high boundaries for computing mean and std.dev: (1, 1748)
[M::mem_pestat] mean and std.dev: (409.57, 249.37)
[M::mem_pestat] low and high boundaries for proper pairs: (1, 2231)
[M::mem_pestat] analyzing insert size distribution for orientation FR...
[M::mem_pestat] (25, 50, 75) percentile: (273, 360, 467)
[M::mem_pestat] low and high boundaries for computing mean and std.dev: (1, 855)
[M::mem_pestat] mean and std.dev: (377.50, 145.80)
[M::mem_pestat] low and high boundaries for proper pairs: (1, 1049)
[M::mem_pestat] analyzing insert size distribution for orientation RF...
[M::mem_pestat] (25, 50, 75) percentile: (134, 1120, 4731)
[M::mem_pestat] low and high boundaries for computing mean and std.dev: (1, 13925)
[M::mem_pestat] mean and std.dev: (2473.48, 2759.22)
[M::mem_pestat] low and high boundaries for proper pairs: (1, 18522)
[M::mem_pestat] analyzing insert size distribution for orientation RR...
[M::mem_pestat] (25, 50, 75) percentile: (386, 684, 1313)
[M::mem_pestat] low and high boundaries for computing mean and std.dev: (1, 3167)
[M::mem_pestat] mean and std.dev: (721.45, 554.41)
[M::mem_pestat] low and high boundaries for proper pairs: (1, 4094)
[M::mem_pestat] skip orientation FF
[M::mem_pestat] skip orientation RF
[M::mem_pestat] skip orientation RR
[M::process] read 1454200 sequences (200000041 bp)...
[M::mem_process_seqs] Processed 1454464 reads in 422.091 CPU sec, 45.888 real sec
[M::mem_pestat] # candidate unique pairs for (FF, FR, RF, RR): (48, 545871, 108, 43)
[M::mem_pestat] analyzing insert size distribution for orientation FF...
[M::mem_pestat] (25, 50, 75) percentile: (274, 387, 692)
[M::mem_pestat] low and high boundaries for computing mean and std.dev: (1, 1528)
[M::mem_pestat] mean and std.dev: (455.16, 268.38)
[M::mem_pestat] low and high boundaries for proper pairs: (1, 1946)
[M::mem_pestat] analyzing insert size distribution for orientation FR...
[M::mem_pestat] (25, 50, 75) percentile: (273, 361, 467)
[M::mem_pestat] low and high boundaries for computing mean and std.dev: (1, 855)
[M::mem_pestat] mean and std.dev: (378.09, 145.02)
[M::mem_pestat] low and high boundaries for proper pairs: (1, 1049)
[M::mem_pestat] analyzing insert size distribution for orientation RF...
[M::mem_pestat] (25, 50, 75) percentile: (92, 404, 2798)
[M::mem_pestat] low and high boundaries for computing mean and std.dev: (1, 8210)
[M::mem_pestat] mean and std.dev: (1576.84, 2177.21)
[M::mem_pestat] low and high boundaries for proper pairs: (1, 10916)
[M::mem_pestat] analyzing insert size distribution for orientation RR...
[M::mem_pestat] (25, 50, 75) percentile: (214, 350, 954)
[M::mem_pestat] low and high boundaries for computing mean and std.dev: (1, 2434)
[M::mem_pestat] mean and std.dev: (455.47, 499.49)
[M::mem_pestat] low and high boundaries for proper pairs: (1, 3174)
[M::mem_pestat] skip orientation FF
[M::mem_pestat] skip orientation RF
[M::mem_pestat] skip orientation RR
[M::process] read 1455548 sequences (200000173 bp)...
[M::mem_process_seqs] Processed 1454200 reads in 422.116 CPU sec, 45.832 real sec
[M::mem_pestat] # candidate unique pairs for (FF, FR, RF, RR): (52, 544906, 91, 32)
[M::mem_pestat] analyzing insert size distribution for orientation FF...
[M::mem_pestat] (25, 50, 75) percentile: (266, 423, 1066)
[M::mem_pestat] low and high boundaries for computing mean and std.dev: (1, 2666)
[M::mem_pestat] mean and std.dev: (641.27, 673.95)
[M::mem_pestat] low and high boundaries for proper pairs: (1, 3466)
[M::mem_pestat] analyzing insert size distribution for orientation FR...
[M::mem_pestat] (25, 50, 75) percentile: (272, 359, 465)
[M::mem_pestat] low and high boundaries for computing mean and std.dev: (1, 851)
[M::mem_pestat] mean and std.dev: (376.51, 144.21)
[M::mem_pestat] low and high boundaries for proper pairs: (1, 1044)
[M::mem_pestat] analyzing insert size distribution for orientation RF...
[M::mem_pestat] (25, 50, 75) percentile: (146, 633, 3259)
[M::mem_pestat] low and high boundaries for computing mean and std.dev: (1, 9485)
[M::mem_pestat] mean and std.dev: (1643.70, 2220.35)
[M::mem_pestat] low and high boundaries for proper pairs: (1, 12598)
[M::mem_pestat] analyzing insert size distribution for orientation RR...
[M::mem_pestat] (25, 50, 75) percentile: (323, 465, 1592)
[M::mem_pestat] low and high boundaries for computing mean and std.dev: (1, 4130)
[M::mem_pestat] mean and std.dev: (780.81, 785.44)
[M::mem_pestat] low and high boundaries for proper pairs: (1, 5399)
[M::mem_pestat] skip orientation FF
[M::mem_pestat] skip orientation RF
[M::mem_pestat] skip orientation RR
[M::mem_process_seqs] Processed 1455548 reads in 437.420 CPU sec, 70.089 real sec
[M::process] read 1458752 sequences (200000167 bp)...
[M::process] read 1466770 sequences (200000230 bp)...
[M::mem_pestat] # candidate unique pairs for (FF, FR, RF, RR): (43, 543091, 107, 50)
[M::mem_pestat] analyzing insert size distribution for orientation FF...
[M::mem_pestat] (25, 50, 75) percentile: (324, 532, 907)
[M::mem_pestat] low and high boundaries for computing mean and std.dev: (1, 2073)
[M::mem_pestat] mean and std.dev: (571.64, 390.57)
[M::mem_pestat] low and high boundaries for proper pairs: (1, 2656)
[M::mem_pestat] analyzing insert size distribution for orientation FR...
[M::mem_pestat] (25, 50, 75) percentile: (270, 356, 460)
[M::mem_pestat] low and high boundaries for computing mean and std.dev: (1, 840)
[M::mem_pestat] mean and std.dev: (373.28, 141.79)
[M::mem_pestat] low and high boundaries for proper pairs: (1, 1030)
[M::mem_pestat] analyzing insert size distribution for orientation RF...
[M::mem_pestat] (25, 50, 75) percentile: (86, 197, 2031)
[M::mem_pestat] low and high boundaries for computing mean and std.dev: (1, 5921)
[M::mem_pestat] mean and std.dev: (1039.82, 1483.43)
[M::mem_pestat] low and high boundaries for proper pairs: (1, 7866)
[M::mem_pestat] analyzing insert size distribution for orientation RR...
[M::mem_pestat] (25, 50, 75) percentile: (210, 373, 615)
[M::mem_pestat] low and high boundaries for computing mean and std.dev: (1, 1425)
[M::mem_pestat] mean and std.dev: (326.00, 196.20)
[M::mem_pestat] low and high boundaries for proper pairs: (1, 1830)
[M::mem_pestat] skip orientation FF
[M::mem_pestat] skip orientation RF
[M::mem_pestat] skip orientation RR
[M::mem_process_seqs] Processed 1458752 reads in 430.872 CPU sec, 44.737 real sec
[M::mem_pestat] # candidate unique pairs for (FF, FR, RF, RR): (54, 548484, 135, 47)
[M::mem_pestat] analyzing insert size distribution for orientation FF...
[M::mem_pestat] (25, 50, 75) percentile: (307, 428, 641)
[M::mem_pestat] low and high boundaries for computing mean and std.dev: (1, 1309)
[M::mem_pestat] mean and std.dev: (419.50, 199.28)
[M::mem_pestat] low and high boundaries for proper pairs: (1, 1643)
[M::mem_pestat] analyzing insert size distribution for orientation FR...
[M::mem_pestat] (25, 50, 75) percentile: (267, 352, 456)
[M::mem_pestat] low and high boundaries for computing mean and std.dev: (1, 834)
[M::mem_pestat] mean and std.dev: (368.95, 140.95)
[M::mem_pestat] low and high boundaries for proper pairs: (1, 1023)
[M::mem_pestat] analyzing insert size distribution for orientation RF...
[M::mem_pestat] (25, 50, 75) percentile: (82, 323, 2497)
[M::mem_pestat] low and high boundaries for computing mean and std.dev: (1, 7327)
[M::mem_pestat] mean and std.dev: (1322.58, 1852.30)
[M::mem_pestat] low and high boundaries for proper pairs: (1, 9742)
[M::mem_pestat] analyzing insert size distribution for orientation RR...
[M::mem_pestat] (25, 50, 75) percentile: (191, 539, 1637)
[M::mem_pestat] low and high boundaries for computing mean and std.dev: (1, 4529)
[M::mem_pestat] mean and std.dev: (672.41, 873.58)
[M::mem_pestat] low and high boundaries for proper pairs: (1, 5975)
[M::mem_pestat] skip orientation FF
[M::mem_pestat] skip orientation RF
[M::mem_pestat] skip orientation RR
[M::process] read 1461674 sequences (200000279 bp)...
[M::mem_process_seqs] Processed 1466770 reads in 426.865 CPU sec, 46.333 real sec
[M::mem_pestat] # candidate unique pairs for (FF, FR, RF, RR): (50, 547064, 125, 36)
[M::mem_pestat] analyzing insert size distribution for orientation FF...
[M::mem_pestat] (25, 50, 75) percentile: (249, 463, 709)
[M::mem_pestat] low and high boundaries for computing mean and std.dev: (1, 1629)
[M::mem_pestat] mean and std.dev: (447.42, 279.52)
[M::mem_pestat] low and high boundaries for proper pairs: (1, 2089)
[M::mem_pestat] analyzing insert size distribution for orientation FR...
[M::mem_pestat] (25, 50, 75) percentile: (271, 357, 464)
[M::mem_pestat] low and high boundaries for computing mean and std.dev: (1, 850)
[M::mem_pestat] mean and std.dev: (374.82, 144.74)
[M::mem_pestat] low and high boundaries for proper pairs: (1, 1043)
[M::mem_pestat] analyzing insert size distribution for orientation RF...
[M::mem_pestat] (25, 50, 75) percentile: (76, 414, 3446)
[M::mem_pestat] low and high boundaries for computing mean and std.dev: (1, 10186)
[M::mem_pestat] mean and std.dev: (1825.70, 2486.24)
[M::mem_pestat] low and high boundaries for proper pairs: (1, 13556)
[M::mem_pestat] analyzing insert size distribution for orientation RR...
[M::mem_pestat] (25, 50, 75) percentile: (186, 341, 741)
[M::mem_pestat] low and high boundaries for computing mean and std.dev: (1, 1851)
[M::mem_pestat] mean and std.dev: (473.91, 455.70)
[M::mem_pestat] low and high boundaries for proper pairs: (1, 2406)
[M::mem_pestat] skip orientation FF
[M::mem_pestat] skip orientation RF
[M::mem_pestat] skip orientation RR
[M::mem_process_seqs] Processed 1461674 reads in 437.639 CPU sec, 68.540 real sec
[M::process] read 1463424 sequences (200000148 bp)...
[M::process] read 1463894 sequences (200000039 bp)...
[M::mem_pestat] # candidate unique pairs for (FF, FR, RF, RR): (46, 546495, 134, 32)
[M::mem_pestat] analyzing insert size distribution for orientation FF...
[M::mem_pestat] (25, 50, 75) percentile: (273, 504, 682)
[M::mem_pestat] low and high boundaries for computing mean and std.dev: (1, 1500)
[M::mem_pestat] mean and std.dev: (471.38, 325.85)
[M::mem_pestat] low and high boundaries for proper pairs: (1, 1909)
[M::mem_pestat] analyzing insert size distribution for orientation FR...
[M::mem_pestat] (25, 50, 75) percentile: (271, 358, 465)
[M::mem_pestat] low and high boundaries for computing mean and std.dev: (1, 853)
[M::mem_pestat] mean and std.dev: (375.66, 144.79)
[M::mem_pestat] low and high boundaries for proper pairs: (1, 1047)
[M::mem_pestat] analyzing insert size distribution for orientation RF...
[M::mem_pestat] (25, 50, 75) percentile: (130, 502, 2685)
[M::mem_pestat] low and high boundaries for computing mean and std.dev: (1, 7795)
[M::mem_pestat] mean and std.dev: (1453.65, 2026.52)
[M::mem_pestat] low and high boundaries for proper pairs: (1, 10350)
[M::mem_pestat] analyzing insert size distribution for orientation RR...
[M::mem_pestat] (25, 50, 75) percentile: (308, 510, 1009)
[M::mem_pestat] low and high boundaries for computing mean and std.dev: (1, 2411)
[M::mem_pestat] mean and std.dev: (459.16, 278.46)
[M::mem_pestat] low and high boundaries for proper pairs: (1, 3112)
[M::mem_pestat] skip orientation FF
[M::mem_pestat] skip orientation RF
[M::mem_pestat] skip orientation RR
[M::mem_process_seqs] Processed 1463424 reads in 425.755 CPU sec, 44.768 real sec
[M::mem_pestat] # candidate unique pairs for (FF, FR, RF, RR): (54, 544716, 128, 44)
[M::mem_pestat] analyzing insert size distribution for orientation FF...
[M::mem_pestat] (25, 50, 75) percentile: (257, 366, 577)
[M::mem_pestat] low and high boundaries for computing mean and std.dev: (1, 1217)
[M::mem_pestat] mean and std.dev: (361.47, 162.36)
[M::mem_pestat] low and high boundaries for proper pairs: (1, 1537)
[M::mem_pestat] analyzing insert size distribution for orientation FR...
[M::mem_pestat] (25, 50, 75) percentile: (270, 356, 461)
[M::mem_pestat] low and high boundaries for computing mean and std.dev: (1, 843)
[M::mem_pestat] mean and std.dev: (373.55, 143.08)
[M::mem_pestat] low and high boundaries for proper pairs: (1, 1034)
[M::mem_pestat] analyzing insert size distribution for orientation RF...
[M::mem_pestat] (25, 50, 75) percentile: (145, 682, 3356)
[M::mem_pestat] low and high boundaries for computing mean and std.dev: (1, 9778)
[M::mem_pestat] mean and std.dev: (1958.28, 2566.84)
[M::mem_pestat] low and high boundaries for proper pairs: (1, 12989)
[M::mem_pestat] analyzing insert size distribution for orientation RR...
[M::mem_pestat] (25, 50, 75) percentile: (272, 510, 1310)
[M::mem_pestat] low and high boundaries for computing mean and std.dev: (1, 3386)
[M::mem_pestat] mean and std.dev: (895.76, 877.76)
[M::mem_pestat] low and high boundaries for proper pairs: (1, 4424)
[M::mem_pestat] skip orientation FF
[M::mem_pestat] skip orientation RF
[M::mem_pestat] skip orientation RR
[M::process] read 1463578 sequences (200000033 bp)...
[M::mem_process_seqs] Processed 1463894 reads in 431.302 CPU sec, 46.870 real sec
[M::mem_pestat] # candidate unique pairs for (FF, FR, RF, RR): (50, 547793, 105, 29)
[M::mem_pestat] analyzing insert size distribution for orientation FF...
[M::mem_pestat] (25, 50, 75) percentile: (312, 604, 903)
[M::mem_pestat] low and high boundaries for computing mean and std.dev: (1, 2085)
[M::mem_pestat] mean and std.dev: (624.31, 428.14)
[M::mem_pestat] low and high boundaries for proper pairs: (1, 2676)
[M::mem_pestat] analyzing insert size distribution for orientation FR...
[M::mem_pestat] (25, 50, 75) percentile: (270, 356, 463)
[M::mem_pestat] low and high boundaries for computing mean and std.dev: (1, 849)
[M::mem_pestat] mean and std.dev: (373.85, 144.45)
[M::mem_pestat] low and high boundaries for proper pairs: (1, 1042)
[M::mem_pestat] analyzing insert size distribution for orientation RF...
[M::mem_pestat] (25, 50, 75) percentile: (145, 605, 3439)
[M::mem_pestat] low and high boundaries for computing mean and std.dev: (1, 10027)
[M::mem_pestat] mean and std.dev: (1963.84, 2468.42)
[M::mem_pestat] low and high boundaries for proper pairs: (1, 13321)
[M::mem_pestat] analyzing insert size distribution for orientation RR...
[M::mem_pestat] (25, 50, 75) percentile: (240, 475, 2337)
[M::mem_pestat] low and high boundaries for computing mean and std.dev: (1, 6531)
[M::mem_pestat] mean and std.dev: (976.61, 1180.75)
[M::mem_pestat] low and high boundaries for proper pairs: (1, 8628)
[M::mem_pestat] skip orientation FF
[M::mem_pestat] skip orientation RF
[M::mem_pestat] skip orientation RR
[M::mem_process_seqs] Processed 1463578 reads in 429.232 CPU sec, 76.060 real sec
[M::process] read 1460288 sequences (200000220 bp)...
[M::process] read 1461216 sequences (200000092 bp)...
[M::mem_pestat] # candidate unique pairs for (FF, FR, RF, RR): (53, 545714, 133, 39)
[M::mem_pestat] analyzing insert size distribution for orientation FF...
[M::mem_pestat] (25, 50, 75) percentile: (301, 441, 819)
[M::mem_pestat] low and high boundaries for computing mean and std.dev: (1, 1855)
[M::mem_pestat] mean and std.dev: (534.16, 371.93)
[M::mem_pestat] low and high boundaries for proper pairs: (1, 2373)
[M::mem_pestat] analyzing insert size distribution for orientation FR...
[M::mem_pestat] (25, 50, 75) percentile: (273, 359, 468)
[M::mem_pestat] low and high boundaries for computing mean and std.dev: (1, 858)
[M::mem_pestat] mean and std.dev: (377.81, 146.27)
[M::mem_pestat] low and high boundaries for proper pairs: (1, 1053)
[M::mem_pestat] analyzing insert size distribution for orientation RF...
[M::mem_pestat] (25, 50, 75) percentile: (80, 549, 2611)
[M::mem_pestat] low and high boundaries for computing mean and std.dev: (1, 7673)
[M::mem_pestat] mean and std.dev: (1314.73, 1761.33)
[M::mem_pestat] low and high boundaries for proper pairs: (1, 10204)
[M::mem_pestat] analyzing insert size distribution for orientation RR...
[M::mem_pestat] (25, 50, 75) percentile: (339, 487, 1958)
[M::mem_pestat] low and high boundaries for computing mean and std.dev: (1, 5196)
[M::mem_pestat] mean and std.dev: (1304.59, 1544.22)
[M::mem_pestat] low and high boundaries for proper pairs: (1, 7481)
[M::mem_pestat] skip orientation FF
[M::mem_pestat] skip orientation RF
[M::mem_pestat] skip orientation RR
[M::mem_process_seqs] Processed 1460288 reads in 424.816 CPU sec, 43.129 real sec
[M::mem_pestat] # candidate unique pairs for (FF, FR, RF, RR): (46, 545040, 110, 33)
[M::mem_pestat] analyzing insert size distribution for orientation FF...
[M::mem_pestat] (25, 50, 75) percentile: (289, 468, 745)
[M::mem_pestat] low and high boundaries for computing mean and std.dev: (1, 1657)
[M::mem_pestat] mean and std.dev: (493.93, 337.63)
[M::mem_pestat] low and high boundaries for proper pairs: (1, 2113)
[M::mem_pestat] analyzing insert size distribution for orientation FR...
[M::mem_pestat] (25, 50, 75) percentile: (272, 359, 467)
[M::mem_pestat] low and high boundaries for computing mean and std.dev: (1, 857)
[M::mem_pestat] mean and std.dev: (377.37, 145.62)
[M::mem_pestat] low and high boundaries for proper pairs: (1, 1052)
[M::mem_pestat] analyzing insert size distribution for orientation RF...
[M::mem_pestat] (25, 50, 75) percentile: (103, 515, 3166)
[M::mem_pestat] low and high boundaries for computing mean and std.dev: (1, 9292)
[M::mem_pestat] mean and std.dev: (1781.34, 2300.77)
[M::mem_pestat] low and high boundaries for proper pairs: (1, 12355)
[M::mem_pestat] analyzing insert size distribution for orientation RR...
[M::mem_pestat] (25, 50, 75) percentile: (247, 345, 1102)
[M::mem_pestat] low and high boundaries for computing mean and std.dev: (1, 2812)
[M::mem_pestat] mean and std.dev: (629.94, 727.19)
[M::mem_pestat] low and high boundaries for proper pairs: (1, 3667)
[M::mem_pestat] skip orientation FF
[M::mem_pestat] skip orientation RF
[M::mem_pestat] skip orientation RR
[M::process] read 1465498 sequences (200000257 bp)...
[M::mem_process_seqs] Processed 1461216 reads in 429.316 CPU sec, 46.547 real sec
[M::mem_pestat] # candidate unique pairs for (FF, FR, RF, RR): (62, 544734, 83, 44)
[M::mem_pestat] analyzing insert size distribution for orientation FF...
[M::mem_pestat] (25, 50, 75) percentile: (308, 429, 620)
[M::mem_pestat] low and high boundaries for computing mean and std.dev: (1, 1244)
[M::mem_pestat] mean and std.dev: (458.36, 211.18)
[M::mem_pestat] low and high boundaries for proper pairs: (1, 1556)
[M::mem_pestat] analyzing insert size distribution for orientation FR...
[M::mem_pestat] (25, 50, 75) percentile: (271, 357, 462)
[M::mem_pestat] low and high boundaries for computing mean and std.dev: (1, 844)
[M::mem_pestat] mean and std.dev: (374.24, 143.18)
[M::mem_pestat] low and high boundaries for proper pairs: (1, 1035)
[M::mem_pestat] analyzing insert size distribution for orientation RF...
[M::mem_pestat] (25, 50, 75) percentile: (143, 1149, 4752)
[M::mem_pestat] low and high boundaries for computing mean and std.dev: (1, 13970)
[M::mem_pestat] mean and std.dev: (2431.18, 2869.62)
[M::mem_pestat] low and high boundaries for proper pairs: (1, 18579)
[M::mem_pestat] analyzing insert size distribution for orientation RR...
[M::mem_pestat] (25, 50, 75) percentile: (192, 345, 1725)
[M::mem_pestat] low and high boundaries for computing mean and std.dev: (1, 4791)
[M::mem_pestat] mean and std.dev: (987.65, 1100.02)
[M::mem_pestat] low and high boundaries for proper pairs: (1, 6324)
[M::mem_pestat] skip orientation FF
[M::mem_pestat] skip orientation RF
[M::mem_pestat] skip orientation RR
[M::process] read 1461618 sequences (200000277 bp)...
[M::mem_process_seqs] Processed 1465498 reads in 433.796 CPU sec, 47.057 real sec
[M::mem_pestat] # candidate unique pairs for (FF, FR, RF, RR): (55, 548088, 110, 45)
[M::mem_pestat] analyzing insert size distribution for orientation FF...
[M::mem_pestat] (25, 50, 75) percentile: (391, 535, 1029)
[M::mem_pestat] low and high boundaries for computing mean and std.dev: (1, 2305)
[M::mem_pestat] mean and std.dev: (606.94, 396.06)
[M::mem_pestat] low and high boundaries for proper pairs: (1, 2943)
[M::mem_pestat] analyzing insert size distribution for orientation FR...
[M::mem_pestat] (25, 50, 75) percentile: (270, 357, 464)
[M::mem_pestat] low and high boundaries for computing mean and std.dev: (1, 852)
[M::mem_pestat] mean and std.dev: (374.60, 145.15)
[M::mem_pestat] low and high boundaries for proper pairs: (1, 1046)
[M::mem_pestat] analyzing insert size distribution for orientation RF...
[M::mem_pestat] (25, 50, 75) percentile: (57, 580, 3266)
[M::mem_pestat] low and high boundaries for computing mean and std.dev: (1, 9684)
[M::mem_pestat] mean and std.dev: (1747.02, 2292.25)
[M::mem_pestat] low and high boundaries for proper pairs: (1, 12893)
[M::mem_pestat] analyzing insert size distribution for orientation RR...
[M::mem_pestat] (25, 50, 75) percentile: (217, 472, 1233)
[M::mem_pestat] low and high boundaries for computing mean and std.dev: (1, 3265)
[M::mem_pestat] mean and std.dev: (690.80, 762.76)
[M::mem_pestat] low and high boundaries for proper pairs: (1, 4281)
[M::mem_pestat] skip orientation FF
[M::mem_pestat] skip orientation RF
[M::mem_pestat] skip orientation RR
[M::process] read 1458636 sequences (200000255 bp)...
[M::mem_process_seqs] Processed 1461618 reads in 423.269 CPU sec, 46.021 real sec
[M::mem_pestat] # candidate unique pairs for (FF, FR, RF, RR): (50, 546933, 128, 46)
[M::mem_pestat] analyzing insert size distribution for orientation FF...
[M::mem_pestat] (25, 50, 75) percentile: (310, 596, 878)
[M::mem_pestat] low and high boundaries for computing mean and std.dev: (1, 2014)
[M::mem_pestat] mean and std.dev: (566.30, 328.48)
[M::mem_pestat] low and high boundaries for proper pairs: (1, 2582)
[M::mem_pestat] analyzing insert size distribution for orientation FR...
[M::mem_pestat] (25, 50, 75) percentile: (272, 359, 468)
[M::mem_pestat] low and high boundaries for computing mean and std.dev: (1, 860)
[M::mem_pestat] mean and std.dev: (377.90, 146.84)
[M::mem_pestat] low and high boundaries for proper pairs: (1, 1056)
[M::mem_pestat] analyzing insert size distribution for orientation RF...
[M::mem_pestat] (25, 50, 75) percentile: (105, 367, 2794)
[M::mem_pestat] low and high boundaries for computing mean and std.dev: (1, 8172)
[M::mem_pestat] mean and std.dev: (1394.68, 2082.25)
[M::mem_pestat] low and high boundaries for proper pairs: (1, 10861)
[M::mem_pestat] analyzing insert size distribution for orientation RR...
[M::mem_pestat] (25, 50, 75) percentile: (271, 666, 1641)
[M::mem_pestat] low and high boundaries for computing mean and std.dev: (1, 4381)
[M::mem_pestat] mean and std.dev: (1000.42, 1033.57)
[M::mem_pestat] low and high boundaries for proper pairs: (1, 5751)
[M::mem_pestat] skip orientation FF
[M::mem_pestat] skip orientation RF
[M::mem_pestat] skip orientation RR
[M::process] read 1458866 sequences (200000248 bp)...
[M::mem_process_seqs] Processed 1458636 reads in 424.748 CPU sec, 46.146 real sec
[M::mem_pestat] # candidate unique pairs for (FF, FR, RF, RR): (51, 545535, 114, 36)
[M::mem_pestat] analyzing insert size distribution for orientation FF...
[M::mem_pestat] (25, 50, 75) percentile: (237, 340, 1007)
[M::mem_pestat] low and high boundaries for computing mean and std.dev: (1, 2547)
[M::mem_pestat] mean and std.dev: (475.98, 450.50)
[M::mem_pestat] low and high boundaries for proper pairs: (1, 3317)
[M::mem_pestat] analyzing insert size distribution for orientation FR...
[M::mem_pestat] (25, 50, 75) percentile: (272, 359, 467)
[M::mem_pestat] low and high boundaries for computing mean and std.dev: (1, 857)
[M::mem_pestat] mean and std.dev: (377.49, 146.13)
[M::mem_pestat] low and high boundaries for proper pairs: (1, 1052)
[M::mem_pestat] analyzing insert size distribution for orientation RF...
[M::mem_pestat] (25, 50, 75) percentile: (82, 388, 2189)
[M::mem_pestat] low and high boundaries for computing mean and std.dev: (1, 6403)
[M::mem_pestat] mean and std.dev: (1044.72, 1521.24)
[M::mem_pestat] low and high boundaries for proper pairs: (1, 8510)
[M::mem_pestat] analyzing insert size distribution for orientation RR...
[M::mem_pestat] (25, 50, 75) percentile: (283, 490, 941)
[M::mem_pestat] low and high boundaries for computing mean and std.dev: (1, 2257)
[M::mem_pestat] mean and std.dev: (533.91, 360.18)
[M::mem_pestat] low and high boundaries for proper pairs: (1, 2915)
[M::mem_pestat] skip orientation FF
[M::mem_pestat] skip orientation RF
[M::mem_pestat] skip orientation RR
[M::process] read 1463278 sequences (200000187 bp)...
[M::mem_process_seqs] Processed 1458866 reads in 426.979 CPU sec, 46.336 real sec
[M::mem_pestat] # candidate unique pairs for (FF, FR, RF, RR): (54, 544229, 96, 51)
[M::mem_pestat] analyzing insert size distribution for orientation FF...
[M::mem_pestat] (25, 50, 75) percentile: (306, 557, 785)
[M::mem_pestat] low and high boundaries for computing mean and std.dev: (1, 1743)
[M::mem_pestat] mean and std.dev: (514.32, 306.71)
[M::mem_pestat] low and high boundaries for proper pairs: (1, 2222)
[M::mem_pestat] analyzing insert size distribution for orientation FR...
[M::mem_pestat] (25, 50, 75) percentile: (271, 357, 463)
[M::mem_pestat] low and high boundaries for computing mean and std.dev: (1, 847)
[M::mem_pestat] mean and std.dev: (374.93, 144.10)
[M::mem_pestat] low and high boundaries for proper pairs: (1, 1039)
[M::mem_pestat] analyzing insert size distribution for orientation RF...
[M::mem_pestat] (25, 50, 75) percentile: (112, 547, 3053)
[M::mem_pestat] low and high boundaries for computing mean and std.dev: (1, 8935)
[M::mem_pestat] mean and std.dev: (1552.47, 2037.85)
[M::mem_pestat] low and high boundaries for proper pairs: (1, 11876)
[M::mem_pestat] analyzing insert size distribution for orientation RR...
[M::mem_pestat] (25, 50, 75) percentile: (308, 448, 1077)
[M::mem_pestat] low and high boundaries for computing mean and std.dev: (1, 2615)
[M::mem_pestat] mean and std.dev: (553.75, 465.68)
[M::mem_pestat] low and high boundaries for proper pairs: (1, 3384)
[M::mem_pestat] skip orientation FF
[M::mem_pestat] skip orientation RF
[M::mem_pestat] skip orientation RR
[M::process] read 1459838 sequences (200000186 bp)...
[M::mem_process_seqs] Processed 1463278 reads in 433.381 CPU sec, 47.021 real sec
[M::mem_pestat] # candidate unique pairs for (FF, FR, RF, RR): (72, 547248, 122, 30)
[M::mem_pestat] analyzing insert size distribution for orientation FF...
[M::mem_pestat] (25, 50, 75) percentile: (317, 449, 768)
[M::mem_pestat] low and high boundaries for computing mean and std.dev: (1, 1670)
[M::mem_pestat] mean and std.dev: (513.32, 325.02)
[M::mem_pestat] low and high boundaries for proper pairs: (1, 2121)
[M::mem_pestat] analyzing insert size distribution for orientation FR...
[M::mem_pestat] (25, 50, 75) percentile: (272, 360, 468)
[M::mem_pestat] low and high boundaries for computing mean and std.dev: (1, 860)
[M::mem_pestat] mean and std.dev: (377.95, 146.89)
[M::mem_pestat] low and high boundaries for proper pairs: (1, 1056)
[M::mem_pestat] analyzing insert size distribution for orientation RF...
[M::mem_pestat] (25, 50, 75) percentile: (83, 373, 1373)
[M::mem_pestat] low and high boundaries for computing mean and std.dev: (1, 3953)
[M::mem_pestat] mean and std.dev: (735.92, 1034.87)
[M::mem_pestat] low and high boundaries for proper pairs: (1, 5243)
[M::mem_pestat] analyzing insert size distribution for orientation RR...
[M::mem_pestat] (25, 50, 75) percentile: (168, 464, 2651)
[M::mem_pestat] low and high boundaries for computing mean and std.dev: (1, 7617)
[M::mem_pestat] mean and std.dev: (1152.31, 1318.40)
[M::mem_pestat] low and high boundaries for proper pairs: (1, 10100)
[M::mem_pestat] skip orientation FF
[M::mem_pestat] skip orientation RF
[M::mem_pestat] skip orientation RR
[M::mem_process_seqs] Processed 1459838 reads in 439.592 CPU sec, 71.553 real sec
[M::process] read 1458970 sequences (200000014 bp)...
[M::process] read 1458742 sequences (200000130 bp)...
[M::mem_pestat] # candidate unique pairs for (FF, FR, RF, RR): (44, 545962, 112, 39)
[M::mem_pestat] analyzing insert size distribution for orientation FF...
[M::mem_pestat] (25, 50, 75) percentile: (382, 583, 1060)
[M::mem_pestat] low and high boundaries for computing mean and std.dev: (1, 2416)
[M::mem_pestat] mean and std.dev: (540.39, 330.44)
[M::mem_pestat] low and high boundaries for proper pairs: (1, 3094)
[M::mem_pestat] analyzing insert size distribution for orientation FR...
[M::mem_pestat] (25, 50, 75) percentile: (273, 361, 470)
[M::mem_pestat] low and high boundaries for computing mean and std.dev: (1, 864)
[M::mem_pestat] mean and std.dev: (379.45, 147.60)
[M::mem_pestat] low and high boundaries for proper pairs: (1, 1061)
[M::mem_pestat] analyzing insert size distribution for orientation RF...
[M::mem_pestat] (25, 50, 75) percentile: (127, 523, 3388)
[M::mem_pestat] low and high boundaries for computing mean and std.dev: (1, 9910)
[M::mem_pestat] mean and std.dev: (1927.64, 2485.97)
[M::mem_pestat] low and high boundaries for proper pairs: (1, 13171)
[M::mem_pestat] analyzing insert size distribution for orientation RR...
[M::mem_pestat] (25, 50, 75) percentile: (234, 412, 698)
[M::mem_pestat] low and high boundaries for computing mean and std.dev: (1, 1626)
[M::mem_pestat] mean and std.dev: (474.32, 329.56)
[M::mem_pestat] low and high boundaries for proper pairs: (1, 2090)
[M::mem_pestat] skip orientation FF
[M::mem_pestat] skip orientation RF
[M::mem_pestat] skip orientation RR
[M::mem_process_seqs] Processed 1458970 reads in 424.352 CPU sec, 44.607 real sec
[M::mem_pestat] # candidate unique pairs for (FF, FR, RF, RR): (57, 544851, 127, 37)
[M::mem_pestat] analyzing insert size distribution for orientation FF...
[M::mem_pestat] (25, 50, 75) percentile: (357, 571, 2035)
[M::mem_pestat] low and high boundaries for computing mean and std.dev: (1, 5391)
[M::mem_pestat] mean and std.dev: (1024.70, 1037.42)
[M::mem_pestat] low and high boundaries for proper pairs: (1, 7069)
[M::mem_pestat] analyzing insert size distribution for orientation FR...
[M::mem_pestat] (25, 50, 75) percentile: (274, 361, 470)
[M::mem_pestat] low and high boundaries for computing mean and std.dev: (1, 862)
[M::mem_pestat] mean and std.dev: (379.57, 147.41)
[M::mem_pestat] low and high boundaries for proper pairs: (1, 1058)
[M::mem_pestat] analyzing insert size distribution for orientation RF...
[M::mem_pestat] (25, 50, 75) percentile: (75, 373, 3075)
[M::mem_pestat] low and high boundaries for computing mean and std.dev: (1, 9075)
[M::mem_pestat] mean and std.dev: (1429.65, 1997.58)
[M::mem_pestat] low and high boundaries for proper pairs: (1, 12075)
[M::mem_pestat] analyzing insert size distribution for orientation RR...
[M::mem_pestat] (25, 50, 75) percentile: (155, 389, 1036)
[M::mem_pestat] low and high boundaries for computing mean and std.dev: (1, 2798)
[M::mem_pestat] mean and std.dev: (411.29, 347.56)
[M::mem_pestat] low and high boundaries for proper pairs: (1, 3679)
[M::mem_pestat] skip orientation FF
[M::mem_pestat] skip orientation RF
[M::mem_pestat] skip orientation RR
[M::process] read 1461702 sequences (200000193 bp)...
[M::mem_process_seqs] Processed 1458742 reads in 427.994 CPU sec, 46.409 real sec
[M::mem_pestat] # candidate unique pairs for (FF, FR, RF, RR): (58, 544222, 113, 29)
[M::mem_pestat] analyzing insert size distribution for orientation FF...
[M::mem_pestat] (25, 50, 75) percentile: (272, 394, 565)
[M::mem_pestat] low and high boundaries for computing mean and std.dev: (1, 1151)
[M::mem_pestat] mean and std.dev: (397.60, 196.40)
[M::mem_pestat] low and high boundaries for proper pairs: (1, 1444)
[M::mem_pestat] analyzing insert size distribution for orientation FR...
[M::mem_pestat] (25, 50, 75) percentile: (272, 359, 467)
[M::mem_pestat] low and high boundaries for computing mean and std.dev: (1, 857)
[M::mem_pestat] mean and std.dev: (377.36, 146.05)
[M::mem_pestat] low and high boundaries for proper pairs: (1, 1052)
[M::mem_pestat] analyzing insert size distribution for orientation RF...
[M::mem_pestat] (25, 50, 75) percentile: (92, 628, 3206)
[M::mem_pestat] low and high boundaries for computing mean and std.dev: (1, 9434)
[M::mem_pestat] mean and std.dev: (1701.70, 2042.49)
[M::mem_pestat] low and high boundaries for proper pairs: (1, 12548)
[M::mem_pestat] analyzing insert size distribution for orientation RR...
[M::mem_pestat] (25, 50, 75) percentile: (195, 518, 2283)
[M::mem_pestat] low and high boundaries for computing mean and std.dev: (1, 6459)
[M::mem_pestat] mean and std.dev: (1174.89, 1444.47)
[M::mem_pestat] low and high boundaries for proper pairs: (1, 8547)
[M::mem_pestat] skip orientation FF
[M::mem_pestat] skip orientation RF
[M::mem_pestat] skip orientation RR
[M::process] read 1459204 sequences (200000173 bp)...
[M::mem_process_seqs] Processed 1461702 reads in 431.888 CPU sec, 46.879 real sec
[M::mem_pestat] # candidate unique pairs for (FF, FR, RF, RR): (65, 547186, 130, 37)
[M::mem_pestat] analyzing insert size distribution for orientation FF...
[M::mem_pestat] (25, 50, 75) percentile: (270, 541, 860)
[M::mem_pestat] low and high boundaries for computing mean and std.dev: (1, 2040)
[M::mem_pestat] mean and std.dev: (511.89, 325.18)
[M::mem_pestat] low and high boundaries for proper pairs: (1, 2630)
[M::mem_pestat] analyzing insert size distribution for orientation FR...
[M::mem_pestat] (25, 50, 75) percentile: (273, 361, 470)
[M::mem_pestat] low and high boundaries for computing mean and std.dev: (1, 864)
[M::mem_pestat] mean and std.dev: (379.45, 147.73)
[M::mem_pestat] low and high boundaries for proper pairs: (1, 1061)
[M::mem_pestat] analyzing insert size distribution for orientation RF...
[M::mem_pestat] (25, 50, 75) percentile: (82, 437, 2219)
[M::mem_pestat] low and high boundaries for computing mean and std.dev: (1, 6493)
[M::mem_pestat] mean and std.dev: (1099.57, 1651.95)
[M::mem_pestat] low and high boundaries for proper pairs: (1, 8630)
[M::mem_pestat] analyzing insert size distribution for orientation RR...
[M::mem_pestat] (25, 50, 75) percentile: (326, 555, 1189)
[M::mem_pestat] low and high boundaries for computing mean and std.dev: (1, 2915)
[M::mem_pestat] mean and std.dev: (723.77, 677.44)
[M::mem_pestat] low and high boundaries for proper pairs: (1, 3778)
[M::mem_pestat] skip orientation FF
[M::mem_pestat] skip orientation RF
[M::mem_pestat] skip orientation RR
[M::process] read 1459002 sequences (200000194 bp)...
[M::mem_process_seqs] Processed 1459204 reads in 424.849 CPU sec, 46.161 real sec
[M::mem_pestat] # candidate unique pairs for (FF, FR, RF, RR): (49, 545905, 121, 45)
[M::mem_pestat] analyzing insert size distribution for orientation FF...
[M::mem_pestat] (25, 50, 75) percentile: (342, 499, 852)
[M::mem_pestat] low and high boundaries for computing mean and std.dev: (1, 1872)
[M::mem_pestat] mean and std.dev: (552.80, 344.55)
[M::mem_pestat] low and high boundaries for proper pairs: (1, 2382)
[M::mem_pestat] analyzing insert size distribution for orientation FR...
[M::mem_pestat] (25, 50, 75) percentile: (274, 362, 471)
[M::mem_pestat] low and high boundaries for computing mean and std.dev: (1, 865)
[M::mem_pestat] mean and std.dev: (380.35, 147.97)
[M::mem_pestat] low and high boundaries for proper pairs: (1, 1062)
[M::mem_pestat] analyzing insert size distribution for orientation RF...
[M::mem_pestat] (25, 50, 75) percentile: (121, 482, 2262)
[M::mem_pestat] low and high boundaries for computing mean and std.dev: (1, 6544)
[M::mem_pestat] mean and std.dev: (1083.60, 1499.18)
[M::mem_pestat] low and high boundaries for proper pairs: (1, 8685)
[M::mem_pestat] analyzing insert size distribution for orientation RR...
[M::mem_pestat] (25, 50, 75) percentile: (227, 582, 3804)
[M::mem_pestat] low and high boundaries for computing mean and std.dev: (1, 10958)
[M::mem_pestat] mean and std.dev: (2062.58, 2737.82)
[M::mem_pestat] low and high boundaries for proper pairs: (1, 14535)
[M::mem_pestat] skip orientation FF
[M::mem_pestat] skip orientation RF
[M::mem_pestat] skip orientation RR
[M::process] read 1459028 sequences (200000078 bp)...
[M::mem_process_seqs] Processed 1459002 reads in 425.043 CPU sec, 46.241 real sec
[M::mem_pestat] # candidate unique pairs for (FF, FR, RF, RR): (50, 544612, 130, 54)
[M::mem_pestat] analyzing insert size distribution for orientation FF...
[M::mem_pestat] (25, 50, 75) percentile: (334, 495, 663)
[M::mem_pestat] low and high boundaries for computing mean and std.dev: (1, 1321)
[M::mem_pestat] mean and std.dev: (520.46, 294.98)
[M::mem_pestat] low and high boundaries for proper pairs: (1, 1700)
[M::mem_pestat] analyzing insert size distribution for orientation FR...
[M::mem_pestat] (25, 50, 75) percentile: (274, 361, 471)
[M::mem_pestat] low and high boundaries for computing mean and std.dev: (1, 865)
[M::mem_pestat] mean and std.dev: (380.17, 147.77)
[M::mem_pestat] low and high boundaries for proper pairs: (1, 1062)
[M::mem_pestat] analyzing insert size distribution for orientation RF...
[M::mem_pestat] (25, 50, 75) percentile: (94, 413, 2865)
[M::mem_pestat] low and high boundaries for computing mean and std.dev: (1, 8407)
[M::mem_pestat] mean and std.dev: (1620.05, 2219.16)
[M::mem_pestat] low and high boundaries for proper pairs: (1, 11178)
[M::mem_pestat] analyzing insert size distribution for orientation RR...
[M::mem_pestat] (25, 50, 75) percentile: (207, 454, 1508)
[M::mem_pestat] low and high boundaries for computing mean and std.dev: (1, 4110)
[M::mem_pestat] mean and std.dev: (791.50, 931.21)
[M::mem_pestat] low and high boundaries for proper pairs: (1, 5411)
[M::mem_pestat] skip orientation FF
[M::mem_pestat] skip orientation RF
[M::mem_pestat] skip orientation RR
[M::process] read 1462442 sequences (200000148 bp)...
[M::mem_process_seqs] Processed 1459028 reads in 428.780 CPU sec, 46.524 real sec
[M::mem_pestat] # candidate unique pairs for (FF, FR, RF, RR): (53, 543216, 115, 42)
[M::mem_pestat] analyzing insert size distribution for orientation FF...
[M::mem_pestat] (25, 50, 75) percentile: (254, 385, 661)
[M::mem_pestat] low and high boundaries for computing mean and std.dev: (1, 1475)
[M::mem_pestat] mean and std.dev: (401.04, 228.12)
[M::mem_pestat] low and high boundaries for proper pairs: (1, 1882)
[M::mem_pestat] analyzing insert size distribution for orientation FR...
[M::mem_pestat] (25, 50, 75) percentile: (272, 360, 467)
[M::mem_pestat] low and high boundaries for computing mean and std.dev: (1, 857)
[M::mem_pestat] mean and std.dev: (377.61, 145.86)
[M::mem_pestat] low and high boundaries for proper pairs: (1, 1052)
[M::mem_pestat] analyzing insert size distribution for orientation RF...
[M::mem_pestat] (25, 50, 75) percentile: (145, 415, 1811)
[M::mem_pestat] low and high boundaries for computing mean and std.dev: (1, 5143)
[M::mem_pestat] mean and std.dev: (924.10, 1265.73)
[M::mem_pestat] low and high boundaries for proper pairs: (1, 6809)
[M::mem_pestat] analyzing insert size distribution for orientation RR...
[M::mem_pestat] (25, 50, 75) percentile: (226, 338, 715)
[M::mem_pestat] low and high boundaries for computing mean and std.dev: (1, 1693)
[M::mem_pestat] mean and std.dev: (396.86, 366.43)
[M::mem_pestat] low and high boundaries for proper pairs: (1, 2182)
[M::mem_pestat] skip orientation FF
[M::mem_pestat] skip orientation RF
[M::mem_pestat] skip orientation RR
[M::process] read 1462824 sequences (200000075 bp)...
[M::mem_process_seqs] Processed 1462442 reads in 435.548 CPU sec, 47.235 real sec
[M::mem_pestat] # candidate unique pairs for (FF, FR, RF, RR): (48, 547072, 120, 36)
[M::mem_pestat] analyzing insert size distribution for orientation FF...
[M::mem_pestat] (25, 50, 75) percentile: (299, 438, 620)
[M::mem_pestat] low and high boundaries for computing mean and std.dev: (1, 1262)
[M::mem_pestat] mean and std.dev: (458.84, 245.70)
[M::mem_pestat] low and high boundaries for proper pairs: (1, 1583)
[M::mem_pestat] analyzing insert size distribution for orientation FR...
[M::mem_pestat] (25, 50, 75) percentile: (273, 361, 469)
[M::mem_pestat] low and high boundaries for computing mean and std.dev: (1, 861)
[M::mem_pestat] mean and std.dev: (378.86, 146.69)
[M::mem_pestat] low and high boundaries for proper pairs: (1, 1057)
[M::mem_pestat] analyzing insert size distribution for orientation RF...
[M::mem_pestat] (25, 50, 75) percentile: (127, 743, 3600)
[M::mem_pestat] low and high boundaries for computing mean and std.dev: (1, 10546)
[M::mem_pestat] mean and std.dev: (1987.80, 2547.63)
[M::mem_pestat] low and high boundaries for proper pairs: (1, 14019)
[M::mem_pestat] analyzing insert size distribution for orientation RR...
[M::mem_pestat] (25, 50, 75) percentile: (178, 348, 1406)
[M::mem_pestat] low and high boundaries for computing mean and std.dev: (1, 3862)
[M::mem_pestat] mean and std.dev: (760.61, 1060.81)
[M::mem_pestat] low and high boundaries for proper pairs: (1, 5090)
[M::mem_pestat] skip orientation FF
[M::mem_pestat] skip orientation RF
[M::mem_pestat] skip orientation RR
[M::process] read 1460898 sequences (200000098 bp)...
[M::mem_process_seqs] Processed 1462824 reads in 426.754 CPU sec, 46.450 real sec
[M::mem_pestat] # candidate unique pairs for (FF, FR, RF, RR): (46, 546683, 111, 41)
[M::mem_pestat] analyzing insert size distribution for orientation FF...
[M::mem_pestat] (25, 50, 75) percentile: (308, 498, 635)
[M::mem_pestat] low and high boundaries for computing mean and std.dev: (1, 1289)
[M::mem_pestat] mean and std.dev: (430.18, 199.63)
[M::mem_pestat] low and high boundaries for proper pairs: (1, 1616)
[M::mem_pestat] analyzing insert size distribution for orientation FR...
[M::mem_pestat] (25, 50, 75) percentile: (274, 362, 470)
[M::mem_pestat] low and high boundaries for computing mean and std.dev: (1, 862)
[M::mem_pestat] mean and std.dev: (379.79, 147.15)
[M::mem_pestat] low and high boundaries for proper pairs: (1, 1058)
[M::mem_pestat] analyzing insert size distribution for orientation RF...
[M::mem_pestat] (25, 50, 75) percentile: (174, 445, 4340)
[M::mem_pestat] low and high boundaries for computing mean and std.dev: (1, 12672)
[M::mem_pestat] mean and std.dev: (2207.42, 2860.10)
[M::mem_pestat] low and high boundaries for proper pairs: (1, 16838)
[M::mem_pestat] analyzing insert size distribution for orientation RR...
[M::mem_pestat] (25, 50, 75) percentile: (161, 394, 1076)
[M::mem_pestat] low and high boundaries for computing mean and std.dev: (1, 2906)
[M::mem_pestat] mean and std.dev: (533.00, 545.15)
[M::mem_pestat] low and high boundaries for proper pairs: (1, 3821)
[M::mem_pestat] skip orientation FF
[M::mem_pestat] skip orientation RF
[M::mem_pestat] skip orientation RR
[M::process] read 1460766 sequences (200000244 bp)...
[M::mem_process_seqs] Processed 1460898 reads in 427.197 CPU sec, 46.407 real sec
[M::mem_pestat] # candidate unique pairs for (FF, FR, RF, RR): (50, 545442, 102, 37)
[M::mem_pestat] analyzing insert size distribution for orientation FF...
[M::mem_pestat] (25, 50, 75) percentile: (344, 485, 683)
[M::mem_pestat] low and high boundaries for computing mean and std.dev: (1, 1361)
[M::mem_pestat] mean and std.dev: (495.36, 250.45)
[M::mem_pestat] low and high boundaries for proper pairs: (1, 1700)
[M::mem_pestat] analyzing insert size distribution for orientation FR...
[M::mem_pestat] (25, 50, 75) percentile: (274, 361, 470)
[M::mem_pestat] low and high boundaries for computing mean and std.dev: (1, 862)
[M::mem_pestat] mean and std.dev: (379.74, 146.86)
[M::mem_pestat] low and high boundaries for proper pairs: (1, 1058)
[M::mem_pestat] analyzing insert size distribution for orientation RF...
[M::mem_pestat] (25, 50, 75) percentile: (133, 472, 2982)
[M::mem_pestat] low and high boundaries for computing mean and std.dev: (1, 8680)
[M::mem_pestat] mean and std.dev: (1776.70, 2576.56)
[M::mem_pestat] low and high boundaries for proper pairs: (1, 12083)
[M::mem_pestat] analyzing insert size distribution for orientation RR...
[M::mem_pestat] (25, 50, 75) percentile: (252, 507, 2762)
[M::mem_pestat] low and high boundaries for computing mean and std.dev: (1, 7782)
[M::mem_pestat] mean and std.dev: (1702.57, 2125.08)
[M::mem_pestat] low and high boundaries for proper pairs: (1, 10292)
[M::mem_pestat] skip orientation FF
[M::mem_pestat] skip orientation RF
[M::mem_pestat] skip orientation RR
[M::process] read 1460206 sequences (200000154 bp)...
[M::mem_process_seqs] Processed 1460766 reads in 428.501 CPU sec, 46.544 real sec
[M::process] read 128006 sequences (17493657 bp)...
[M::mem_pestat] # candidate unique pairs for (FF, FR, RF, RR): (60, 543136, 116, 31)
[M::mem_pestat] analyzing insert size distribution for orientation FF...
[M::mem_pestat] (25, 50, 75) percentile: (312, 525, 1325)
[M::mem_pestat] low and high boundaries for computing mean and std.dev: (1, 3351)
[M::mem_pestat] mean and std.dev: (687.06, 670.80)
[M::mem_pestat] low and high boundaries for proper pairs: (1, 4364)
[M::mem_pestat] analyzing insert size distribution for orientation FR...
[M::mem_pestat] (25, 50, 75) percentile: (274, 361, 469)
[M::mem_pestat] low and high boundaries for computing mean and std.dev: (1, 859)
[M::mem_pestat] mean and std.dev: (379.03, 146.39)
[M::mem_pestat] low and high boundaries for proper pairs: (1, 1054)
[M::mem_pestat] analyzing insert size distribution for orientation RF...
[M::mem_pestat] (25, 50, 75) percentile: (120, 437, 1842)
[M::mem_pestat] low and high boundaries for computing mean and std.dev: (1, 5286)
[M::mem_pestat] mean and std.dev: (884.76, 1230.30)
[M::mem_pestat] low and high boundaries for proper pairs: (1, 7008)
[M::mem_pestat] analyzing insert size distribution for orientation RR...
[M::mem_pestat] (25, 50, 75) percentile: (134, 321, 752)
[M::mem_pestat] low and high boundaries for computing mean and std.dev: (1, 1988)
[M::mem_pestat] mean and std.dev: (406.80, 330.40)
[M::mem_pestat] low and high boundaries for proper pairs: (1, 2606)
[M::mem_pestat] skip orientation FF
[M::mem_pestat] skip orientation RF
[M::mem_pestat] skip orientation RR
[M::mem_process_seqs] Processed 1460206 reads in 428.785 CPU sec, 46.583 real sec
[M::mem_pestat] # candidate unique pairs for (FF, FR, RF, RR): (2, 47583, 14, 4)
[M::mem_pestat] skip orientation FF as there are not enough pairs
[M::mem_pestat] analyzing insert size distribution for orientation FR...
[M::mem_pestat] (25, 50, 75) percentile: (271, 359, 466)
[M::mem_pestat] low and high boundaries for computing mean and std.dev: (1, 856)
[M::mem_pestat] mean and std.dev: (376.93, 145.71)
[M::mem_pestat] low and high boundaries for proper pairs: (1, 1051)
[M::mem_pestat] analyzing insert size distribution for orientation RF...
[M::mem_pestat] (25, 50, 75) percentile: (105, 1207, 5027)
[M::mem_pestat] low and high boundaries for computing mean and std.dev: (1, 14871)
[M::mem_pestat] mean and std.dev: (3175.93, 3571.08)
[M::mem_pestat] low and high boundaries for proper pairs: (1, 19793)
[M::mem_pestat] skip orientation RR as there are not enough pairs
[M::mem_pestat] skip orientation RF
[M::mem_process_seqs] Processed 128006 reads in 37.970 CPU sec, 4.176 real sec
[main] Version: 0.7.17-r1188
[main] CMD: bwa mem -tsamblaster: Marked 3849628 of 35091467 (10.97%) read ids as duplicates 20 -R using 542836k memory in  @RG\tID:WK_HL_19T_073\tPL:ILLUMINA\tPU:HJMNCDSX7.4\tSM:WK_HL_19T_073\tCN:MCGILL\tBC:ACACAGGTGG-NCAACGCTCA1M /storage/scratch/iee/dj20y461/Stickleback/G_aculeatus/FITNESS//data/ref_A_X/stickleback_v5_assembly_A_X.fasta22S /storage/scratch/iee/dj20y461/Stickleback/G_aculeatus/FITNESS//data/trimmed/WK_HL_19T_073.R1.trimmed.fastq.gz(82.037S) /storage/scratch/iee/dj20y461/Stickleback/G_aculeatus/FITNESS//data/trimmed/WK_HL_19T_073.R2.trimmed.fastq.gz CPU seconds and 40M
[main] Real time: 2448.236 sec; CPU: 20609.133 sec
48S(2448S) wall time.
[bam_sort_core] merging from 20 files and 20 in-memory blocks...
