samblaster: Version 0.1.24
samblaster: Inputting from stdin
samblaster: Outputting to stdout
[M::bwa_idx_load_from_disk] read 0 ALT contigs
[M::process] read 1463562 sequences (200000116 bp)...
[M::mem_pestat] # candidate unique pairs for (FF, FR, RF, RR): (101, 563483, 124, 61)
[M::mem_pestat] analyzing insert size distribution for orientation FF...
[M::mem_pestat] (25, 50, 75) percentile: (316, 466, 784)
[M::mem_pestat] low and high boundaries for computing mean and std.dev: (1, 1720)
[M::mem_pestat] mean and std.dev: (493.94, 296.20)
[M::mem_pestat] low and high boundaries for proper pairs: (1, 2188)
[M::mem_pestat] analyzing insert size distribution for orientation FR...
[M::mem_pestat] (25, 50, 75) percentile: (272, 356, 457)
[M::mem_pestat] low and high boundaries for computing mean and std.dev: (1, 827)
[M::mem_pestat] mean and std.dev: (371.07, 138.33)
[M::mem_pestat] low and high boundaries for proper pairs: (1, 1012)
[M::mem_pestat] analyzing insert size distribution for orientation RF...
[M::mem_pestat] (25, 50, 75) percentile: (83, 737, 4288)
[M::mem_pestat] low and high boundaries for computing mean and std.dev: (1, 12698)
[M::mem_pestat] mean and std.dev: (2388.19, 2993.70)
[M::mem_pestat] low and high boundaries for proper pairs: (1, 16903)
[M::mem_pestat] analyzing insert size distribution for orientation RR...
[M::mem_pestat] (25, 50, 75) percentile: (289, 478, 1061)
[M::mem_pestat] low and high boundaries for computing mean and std.dev: (1, 2605)
[M::mem_pestat] mean and std.dev: (568.47, 480.81)
[M::mem_pestat] low and high boundaries for proper pairs: (1, 3377)
[M::mem_pestat] skip orientation FF
[M::mem_pestat] skip orientation RF
[M::mem_pestat] skip orientation RR
[M::mem_process_seqs] Processed 1463562 reads in 469.470 CPU sec, 113.337 real sec
samblaster: Loaded 23 header sequence entries.
[M::process] read 1459678 sequences (200000088 bp)...
[M::process] read 1462686 sequences (200000155 bp)...
[M::mem_pestat] # candidate unique pairs for (FF, FR, RF, RR): (107, 560195, 116, 65)
[M::mem_pestat] analyzing insert size distribution for orientation FF...
[M::mem_pestat] (25, 50, 75) percentile: (319, 465, 699)
[M::mem_pestat] low and high boundaries for computing mean and std.dev: (1, 1459)
[M::mem_pestat] mean and std.dev: (508.97, 287.87)
[M::mem_pestat] low and high boundaries for proper pairs: (1, 1839)
[M::mem_pestat] analyzing insert size distribution for orientation FR...
[M::mem_pestat] (25, 50, 75) percentile: (278, 364, 469)
[M::mem_pestat] low and high boundaries for computing mean and std.dev: (1, 851)
[M::mem_pestat] mean and std.dev: (380.43, 143.30)
[M::mem_pestat] low and high boundaries for proper pairs: (1, 1042)
[M::mem_pestat] analyzing insert size distribution for orientation RF...
[M::mem_pestat] (25, 50, 75) percentile: (150, 492, 2020)
[M::mem_pestat] low and high boundaries for computing mean and std.dev: (1, 5760)
[M::mem_pestat] mean and std.dev: (1170.45, 1604.13)
[M::mem_pestat] low and high boundaries for proper pairs: (1, 7630)
[M::mem_pestat] analyzing insert size distribution for orientation RR...
[M::mem_pestat] (25, 50, 75) percentile: (290, 439, 1131)
[M::mem_pestat] low and high boundaries for computing mean and std.dev: (1, 2813)
[M::mem_pestat] mean and std.dev: (657.46, 689.32)
[M::mem_pestat] low and high boundaries for proper pairs: (1, 3654)
[M::mem_pestat] skip orientation FF
[M::mem_pestat] skip orientation RF
[M::mem_pestat] skip orientation RR
[M::mem_process_seqs] Processed 1459678 reads in 444.683 CPU sec, 49.096 real sec
[M::mem_pestat] # candidate unique pairs for (FF, FR, RF, RR): (112, 560469, 109, 60)
[M::mem_pestat] analyzing insert size distribution for orientation FF...
[M::mem_pestat] (25, 50, 75) percentile: (326, 482, 751)
[M::mem_pestat] low and high boundaries for computing mean and std.dev: (1, 1601)
[M::mem_pestat] mean and std.dev: (531.72, 313.73)
[M::mem_pestat] low and high boundaries for proper pairs: (1, 2026)
[M::mem_pestat] analyzing insert size distribution for orientation FR...
[M::mem_pestat] (25, 50, 75) percentile: (276, 362, 465)
[M::mem_pestat] low and high boundaries for computing mean and std.dev: (1, 843)
[M::mem_pestat] mean and std.dev: (377.66, 141.69)
[M::mem_pestat] low and high boundaries for proper pairs: (1, 1032)
[M::mem_pestat] analyzing insert size distribution for orientation RF...
[M::mem_pestat] (25, 50, 75) percentile: (65, 558, 2516)
[M::mem_pestat] low and high boundaries for computing mean and std.dev: (1, 7418)
[M::mem_pestat] mean and std.dev: (1298.27, 1703.43)
[M::mem_pestat] low and high boundaries for proper pairs: (1, 9869)
[M::mem_pestat] analyzing insert size distribution for orientation RR...
[M::mem_pestat] (25, 50, 75) percentile: (293, 531, 1506)
[M::mem_pestat] low and high boundaries for computing mean and std.dev: (1, 3932)
[M::mem_pestat] mean and std.dev: (778.26, 899.19)
[M::mem_pestat] low and high boundaries for proper pairs: (1, 5145)
[M::mem_pestat] skip orientation FF
[M::mem_pestat] skip orientation RF
[M::mem_pestat] skip orientation RR
[M::mem_process_seqs] Processed 1462686 reads in 450.247 CPU sec, 64.996 real sec
[M::process] read 1460190 sequences (200000227 bp)...
[M::process] read 1460982 sequences (200000056 bp)...
[M::mem_pestat] # candidate unique pairs for (FF, FR, RF, RR): (134, 561525, 106, 65)
[M::mem_pestat] analyzing insert size distribution for orientation FF...
[M::mem_pestat] (25, 50, 75) percentile: (317, 476, 735)
[M::mem_pestat] low and high boundaries for computing mean and std.dev: (1, 1571)
[M::mem_pestat] mean and std.dev: (471.47, 252.07)
[M::mem_pestat] low and high boundaries for proper pairs: (1, 1989)
[M::mem_pestat] analyzing insert size distribution for orientation FR...
[M::mem_pestat] (25, 50, 75) percentile: (278, 364, 468)
[M::mem_pestat] low and high boundaries for computing mean and std.dev: (1, 848)
[M::mem_pestat] mean and std.dev: (379.88, 142.79)
[M::mem_pestat] low and high boundaries for proper pairs: (1, 1038)
[M::mem_pestat] analyzing insert size distribution for orientation RF...
[M::mem_pestat] (25, 50, 75) percentile: (73, 650, 3608)
[M::mem_pestat] low and high boundaries for computing mean and std.dev: (1, 10678)
[M::mem_pestat] mean and std.dev: (1929.74, 2413.40)
[M::mem_pestat] low and high boundaries for proper pairs: (1, 14213)
[M::mem_pestat] analyzing insert size distribution for orientation RR...
[M::mem_pestat] (25, 50, 75) percentile: (223, 427, 1260)
[M::mem_pestat] low and high boundaries for computing mean and std.dev: (1, 3334)
[M::mem_pestat] mean and std.dev: (639.72, 553.16)
[M::mem_pestat] low and high boundaries for proper pairs: (1, 4371)
[M::mem_pestat] skip orientation FF
[M::mem_pestat] skip orientation RF
[M::mem_pestat] skip orientation RR
[M::mem_process_seqs] Processed 1460190 reads in 441.008 CPU sec, 46.032 real sec
[M::process] read 1463904 sequences (200000169 bp)...
[M::mem_pestat] # candidate unique pairs for (FF, FR, RF, RR): (105, 559459, 108, 62)
[M::mem_pestat] analyzing insert size distribution for orientation FF...
[M::mem_pestat] (25, 50, 75) percentile: (328, 488, 674)
[M::mem_pestat] low and high boundaries for computing mean and std.dev: (1, 1366)
[M::mem_pestat] mean and std.dev: (469.38, 229.17)
[M::mem_pestat] low and high boundaries for proper pairs: (1, 1712)
[M::mem_pestat] analyzing insert size distribution for orientation FR...
[M::mem_pestat] (25, 50, 75) percentile: (280, 367, 473)
[M::mem_pestat] low and high boundaries for computing mean and std.dev: (1, 859)
[M::mem_pestat] mean and std.dev: (383.55, 144.76)
[M::mem_pestat] low and high boundaries for proper pairs: (1, 1052)
[M::mem_pestat] analyzing insert size distribution for orientation RF...
[M::mem_pestat] (25, 50, 75) percentile: (65, 643, 3404)
[M::mem_pestat] low and high boundaries for computing mean and std.dev: (1, 10082)
[M::mem_pestat] mean and std.dev: (1908.73, 2536.09)
[M::mem_pestat] low and high boundaries for proper pairs: (1, 13421)
[M::mem_pestat] analyzing insert size distribution for orientation RR...
[M::mem_pestat] (25, 50, 75) percentile: (236, 402, 660)
[M::mem_pestat] low and high boundaries for computing mean and std.dev: (1, 1508)
[M::mem_pestat] mean and std.dev: (414.67, 252.20)
[M::mem_pestat] low and high boundaries for proper pairs: (1, 1932)
[M::mem_pestat] skip orientation FF
[M::mem_pestat] skip orientation RF
[M::mem_pestat] skip orientation RR
[M::mem_process_seqs] Processed 1460982 reads in 445.844 CPU sec, 48.263 real sec
[M::mem_pestat] # candidate unique pairs for (FF, FR, RF, RR): (107, 562279, 99, 51)
[M::mem_pestat] analyzing insert size distribution for orientation FF...
[M::mem_pestat] (25, 50, 75) percentile: (358, 556, 801)
[M::mem_pestat] low and high boundaries for computing mean and std.dev: (1, 1687)
[M::mem_pestat] mean and std.dev: (537.96, 285.61)
[M::mem_pestat] low and high boundaries for proper pairs: (1, 2130)
[M::mem_pestat] analyzing insert size distribution for orientation FR...
[M::mem_pestat] (25, 50, 75) percentile: (276, 362, 465)
[M::mem_pestat] low and high boundaries for computing mean and std.dev: (1, 843)
[M::mem_pestat] mean and std.dev: (377.23, 141.19)
[M::mem_pestat] low and high boundaries for proper pairs: (1, 1032)
[M::mem_pestat] analyzing insert size distribution for orientation RF...
[M::mem_pestat] (25, 50, 75) percentile: (128, 901, 3020)
[M::mem_pestat] low and high boundaries for computing mean and std.dev: (1, 8804)
[M::mem_pestat] mean and std.dev: (1960.68, 2330.16)
[M::mem_pestat] low and high boundaries for proper pairs: (1, 11696)
[M::mem_pestat] analyzing insert size distribution for orientation RR...
[M::mem_pestat] (25, 50, 75) percentile: (377, 613, 1126)
[M::mem_pestat] low and high boundaries for computing mean and std.dev: (1, 2624)
[M::mem_pestat] mean and std.dev: (732.76, 471.45)
[M::mem_pestat] low and high boundaries for proper pairs: (1, 3373)
[M::mem_pestat] skip orientation FF
[M::mem_pestat] skip orientation RF
[M::mem_pestat] skip orientation RR
[M::process] read 1459230 sequences (200000029 bp)...
[M::mem_process_seqs] Processed 1463904 reads in 443.499 CPU sec, 48.086 real sec
[M::mem_pestat] # candidate unique pairs for (FF, FR, RF, RR): (115, 560370, 113, 67)
[M::mem_pestat] analyzing insert size distribution for orientation FF...
[M::mem_pestat] (25, 50, 75) percentile: (357, 538, 800)
[M::mem_pestat] low and high boundaries for computing mean and std.dev: (1, 1686)
[M::mem_pestat] mean and std.dev: (558.10, 309.06)
[M::mem_pestat] low and high boundaries for proper pairs: (1, 2129)
[M::mem_pestat] analyzing insert size distribution for orientation FR...
[M::mem_pestat] (25, 50, 75) percentile: (279, 367, 473)
[M::mem_pestat] low and high boundaries for computing mean and std.dev: (1, 861)
[M::mem_pestat] mean and std.dev: (383.42, 145.38)
[M::mem_pestat] low and high boundaries for proper pairs: (1, 1055)
[M::mem_pestat] analyzing insert size distribution for orientation RF...
[M::mem_pestat] (25, 50, 75) percentile: (126, 816, 3229)
[M::mem_pestat] low and high boundaries for computing mean and std.dev: (1, 9435)
[M::mem_pestat] mean and std.dev: (1862.21, 2262.63)
[M::mem_pestat] low and high boundaries for proper pairs: (1, 12538)
[M::mem_pestat] analyzing insert size distribution for orientation RR...
[M::mem_pestat] (25, 50, 75) percentile: (331, 610, 1222)
[M::mem_pestat] low and high boundaries for computing mean and std.dev: (1, 3004)
[M::mem_pestat] mean and std.dev: (822.89, 740.28)
[M::mem_pestat] low and high boundaries for proper pairs: (1, 3895)
[M::mem_pestat] skip orientation FF
[M::mem_pestat] skip orientation RF
[M::mem_pestat] skip orientation RR
[M::mem_process_seqs] Processed 1459230 reads in 460.805 CPU sec, 74.098 real sec
[M::process] read 1461836 sequences (200000184 bp)...
[M::process] read 1461200 sequences (200000133 bp)...
[M::mem_pestat] # candidate unique pairs for (FF, FR, RF, RR): (106, 559009, 107, 47)
[M::mem_pestat] analyzing insert size distribution for orientation FF...
[M::mem_pestat] (25, 50, 75) percentile: (372, 528, 925)
[M::mem_pestat] low and high boundaries for computing mean and std.dev: (1, 2031)
[M::mem_pestat] mean and std.dev: (615.58, 430.07)
[M::mem_pestat] low and high boundaries for proper pairs: (1, 2584)
[M::mem_pestat] analyzing insert size distribution for orientation FR...
[M::mem_pestat] (25, 50, 75) percentile: (279, 367, 473)
[M::mem_pestat] low and high boundaries for computing mean and std.dev: (1, 861)
[M::mem_pestat] mean and std.dev: (383.38, 144.97)
[M::mem_pestat] low and high boundaries for proper pairs: (1, 1055)
[M::mem_pestat] analyzing insert size distribution for orientation RF...
[M::mem_pestat] (25, 50, 75) percentile: (47, 295, 2567)
[M::mem_pestat] low and high boundaries for computing mean and std.dev: (1, 7607)
[M::mem_pestat] mean and std.dev: (1272.67, 1731.69)
[M::mem_pestat] low and high boundaries for proper pairs: (1, 10127)
[M::mem_pestat] analyzing insert size distribution for orientation RR...
[M::mem_pestat] (25, 50, 75) percentile: (247, 375, 1054)
[M::mem_pestat] low and high boundaries for computing mean and std.dev: (1, 2668)
[M::mem_pestat] mean and std.dev: (506.17, 466.96)
[M::mem_pestat] low and high boundaries for proper pairs: (1, 3475)
[M::mem_pestat] skip orientation FF
[M::mem_pestat] skip orientation RF
[M::mem_pestat] skip orientation RR
[M::mem_process_seqs] Processed 1461836 reads in 448.814 CPU sec, 47.299 real sec
[M::mem_pestat] # candidate unique pairs for (FF, FR, RF, RR): (107, 562596, 133, 67)
[M::mem_pestat] analyzing insert size distribution for orientation FF...
[M::mem_pestat] (25, 50, 75) percentile: (388, 508, 882)
[M::mem_pestat] low and high boundaries for computing mean and std.dev: (1, 1870)
[M::mem_pestat] mean and std.dev: (589.09, 331.30)
[M::mem_pestat] low and high boundaries for proper pairs: (1, 2364)
[M::mem_pestat] analyzing insert size distribution for orientation FR...
[M::mem_pestat] (25, 50, 75) percentile: (277, 363, 466)
[M::mem_pestat] low and high boundaries for computing mean and std.dev: (1, 844)
[M::mem_pestat] mean and std.dev: (378.60, 141.95)
[M::mem_pestat] low and high boundaries for proper pairs: (1, 1033)
[M::mem_pestat] analyzing insert size distribution for orientation RF...
[M::mem_pestat] (25, 50, 75) percentile: (54, 332, 2570)
[M::mem_pestat] low and high boundaries for computing mean and std.dev: (1, 7602)
[M::mem_pestat] mean and std.dev: (1420.28, 2030.87)
[M::mem_pestat] low and high boundaries for proper pairs: (1, 10118)
[M::mem_pestat] analyzing insert size distribution for orientation RR...
[M::mem_pestat] (25, 50, 75) percentile: (284, 570, 1193)
[M::mem_pestat] low and high boundaries for computing mean and std.dev: (1, 3011)
[M::mem_pestat] mean and std.dev: (720.42, 643.94)
[M::mem_pestat] low and high boundaries for proper pairs: (1, 3920)
[M::mem_pestat] skip orientation FF
[M::mem_pestat] skip orientation RF
[M::mem_pestat] skip orientation RR
[M::process] read 1456936 sequences (200000261 bp)...
[M::mem_process_seqs] Processed 1461200 reads in 442.263 CPU sec, 47.946 real sec
[M::mem_pestat] # candidate unique pairs for (FF, FR, RF, RR): (117, 559882, 116, 81)
[M::mem_pestat] analyzing insert size distribution for orientation FF...
[M::mem_pestat] (25, 50, 75) percentile: (305, 480, 999)
[M::mem_pestat] low and high boundaries for computing mean and std.dev: (1, 2387)
[M::mem_pestat] mean and std.dev: (595.61, 407.08)
[M::mem_pestat] low and high boundaries for proper pairs: (1, 3081)
[M::mem_pestat] analyzing insert size distribution for orientation FR...
[M::mem_pestat] (25, 50, 75) percentile: (282, 370, 477)
[M::mem_pestat] low and high boundaries for computing mean and std.dev: (1, 867)
[M::mem_pestat] mean and std.dev: (386.74, 146.69)
[M::mem_pestat] low and high boundaries for proper pairs: (1, 1062)
[M::mem_pestat] analyzing insert size distribution for orientation RF...
[M::mem_pestat] (25, 50, 75) percentile: (63, 542, 3363)
[M::mem_pestat] low and high boundaries for computing mean and std.dev: (1, 9963)
[M::mem_pestat] mean and std.dev: (1909.93, 2635.89)
[M::mem_pestat] low and high boundaries for proper pairs: (1, 13263)
[M::mem_pestat] analyzing insert size distribution for orientation RR...
[M::mem_pestat] (25, 50, 75) percentile: (285, 488, 990)
[M::mem_pestat] low and high boundaries for computing mean and std.dev: (1, 2400)
[M::mem_pestat] mean and std.dev: (572.33, 459.02)
[M::mem_pestat] low and high boundaries for proper pairs: (1, 3105)
[M::mem_pestat] skip orientation FF
[M::mem_pestat] skip orientation RF
[M::mem_pestat] skip orientation RR
[M::process] read 1462288 sequences (200000172 bp)...
[M::mem_process_seqs] Processed 1456936 reads in 445.316 CPU sec, 48.294 real sec
[M::mem_pestat] # candidate unique pairs for (FF, FR, RF, RR): (118, 558889, 121, 87)
[M::mem_pestat] analyzing insert size distribution for orientation FF...
[M::mem_pestat] (25, 50, 75) percentile: (348, 517, 753)
[M::mem_pestat] low and high boundaries for computing mean and std.dev: (1, 1563)
[M::mem_pestat] mean and std.dev: (528.69, 312.76)
[M::mem_pestat] low and high boundaries for proper pairs: (1, 1968)
[M::mem_pestat] analyzing insert size distribution for orientation FR...
[M::mem_pestat] (25, 50, 75) percentile: (278, 366, 472)
[M::mem_pestat] low and high boundaries for computing mean and std.dev: (1, 860)
[M::mem_pestat] mean and std.dev: (382.33, 144.12)
[M::mem_pestat] low and high boundaries for proper pairs: (1, 1054)
[M::mem_pestat] analyzing insert size distribution for orientation RF...
[M::mem_pestat] (25, 50, 75) percentile: (84, 610, 2481)
[M::mem_pestat] low and high boundaries for computing mean and std.dev: (1, 7275)
[M::mem_pestat] mean and std.dev: (1318.99, 1764.80)
[M::mem_pestat] low and high boundaries for proper pairs: (1, 9672)
[M::mem_pestat] analyzing insert size distribution for orientation RR...
[M::mem_pestat] (25, 50, 75) percentile: (352, 505, 1141)
[M::mem_pestat] low and high boundaries for computing mean and std.dev: (1, 2719)
[M::mem_pestat] mean and std.dev: (667.74, 548.64)
[M::mem_pestat] low and high boundaries for proper pairs: (1, 3508)
[M::mem_pestat] skip orientation FF
[M::mem_pestat] skip orientation RF
[M::mem_pestat] skip orientation RR
[M::process] read 1460764 sequences (200000153 bp)...
[M::mem_process_seqs] Processed 1462288 reads in 450.414 CPU sec, 48.728 real sec
[M::mem_pestat] # candidate unique pairs for (FF, FR, RF, RR): (121, 562543, 121, 62)
[M::mem_pestat] analyzing insert size distribution for orientation FF...
[M::mem_pestat] (25, 50, 75) percentile: (354, 507, 954)
[M::mem_pestat] low and high boundaries for computing mean and std.dev: (1, 2154)
[M::mem_pestat] mean and std.dev: (591.83, 365.29)
[M::mem_pestat] low and high boundaries for proper pairs: (1, 2754)
[M::mem_pestat] analyzing insert size distribution for orientation FR...
[M::mem_pestat] (25, 50, 75) percentile: (280, 366, 472)
[M::mem_pestat] low and high boundaries for computing mean and std.dev: (1, 856)
[M::mem_pestat] mean and std.dev: (382.49, 143.88)
[M::mem_pestat] low and high boundaries for proper pairs: (1, 1048)
[M::mem_pestat] analyzing insert size distribution for orientation RF...
[M::mem_pestat] (25, 50, 75) percentile: (85, 459, 2776)
[M::mem_pestat] low and high boundaries for computing mean and std.dev: (1, 8158)
[M::mem_pestat] mean and std.dev: (1517.75, 2096.47)
[M::mem_pestat] low and high boundaries for proper pairs: (1, 10849)
[M::mem_pestat] analyzing insert size distribution for orientation RR...
[M::mem_pestat] (25, 50, 75) percentile: (250, 600, 1241)
[M::mem_pestat] low and high boundaries for computing mean and std.dev: (1, 3223)
[M::mem_pestat] mean and std.dev: (690.45, 498.51)
[M::mem_pestat] low and high boundaries for proper pairs: (1, 4214)
[M::mem_pestat] skip orientation FF
[M::mem_pestat] skip orientation RF
[M::mem_pestat] skip orientation RR
[M::process] read 1459006 sequences (200000121 bp)...
[M::mem_process_seqs] Processed 1460764 reads in 443.078 CPU sec, 47.994 real sec
[M::mem_pestat] # candidate unique pairs for (FF, FR, RF, RR): (114, 559065, 115, 60)
[M::mem_pestat] analyzing insert size distribution for orientation FF...
[M::mem_pestat] (25, 50, 75) percentile: (276, 583, 855)
[M::mem_pestat] low and high boundaries for computing mean and std.dev: (1, 2013)
[M::mem_pestat] mean and std.dev: (589.67, 375.72)
[M::mem_pestat] low and high boundaries for proper pairs: (1, 2592)
[M::mem_pestat] analyzing insert size distribution for orientation FR...
[M::mem_pestat] (25, 50, 75) percentile: (282, 370, 478)
[M::mem_pestat] low and high boundaries for computing mean and std.dev: (1, 870)
[M::mem_pestat] mean and std.dev: (387.61, 146.96)
[M::mem_pestat] low and high boundaries for proper pairs: (1, 1066)
[M::mem_pestat] analyzing insert size distribution for orientation RF...
[M::mem_pestat] (25, 50, 75) percentile: (118, 362, 2491)
[M::mem_pestat] low and high boundaries for computing mean and std.dev: (1, 7237)
[M::mem_pestat] mean and std.dev: (1223.25, 1712.35)
[M::mem_pestat] low and high boundaries for proper pairs: (1, 9610)
[M::mem_pestat] analyzing insert size distribution for orientation RR...
[M::mem_pestat] (25, 50, 75) percentile: (299, 554, 1300)
[M::mem_pestat] low and high boundaries for computing mean and std.dev: (1, 3302)
[M::mem_pestat] mean and std.dev: (704.41, 635.62)
[M::mem_pestat] low and high boundaries for proper pairs: (1, 4303)
[M::mem_pestat] skip orientation FF
[M::mem_pestat] skip orientation RF
[M::mem_pestat] skip orientation RR
[M::process] read 1463232 sequences (200000278 bp)...
[M::mem_process_seqs] Processed 1459006 reads in 447.579 CPU sec, 48.520 real sec
[M::mem_pestat] # candidate unique pairs for (FF, FR, RF, RR): (103, 560016, 113, 67)
[M::mem_pestat] analyzing insert size distribution for orientation FF...
[M::mem_pestat] (25, 50, 75) percentile: (278, 475, 919)
[M::mem_pestat] low and high boundaries for computing mean and std.dev: (1, 2201)
[M::mem_pestat] mean and std.dev: (563.92, 453.36)
[M::mem_pestat] low and high boundaries for proper pairs: (1, 2842)
[M::mem_pestat] analyzing insert size distribution for orientation FR...
[M::mem_pestat] (25, 50, 75) percentile: (278, 365, 469)
[M::mem_pestat] low and high boundaries for computing mean and std.dev: (1, 851)
[M::mem_pestat] mean and std.dev: (380.46, 142.59)
[M::mem_pestat] low and high boundaries for proper pairs: (1, 1042)
[M::mem_pestat] analyzing insert size distribution for orientation RF...
[M::mem_pestat] (25, 50, 75) percentile: (126, 669, 3296)
[M::mem_pestat] low and high boundaries for computing mean and std.dev: (1, 9636)
[M::mem_pestat] mean and std.dev: (1753.26, 2224.82)
[M::mem_pestat] low and high boundaries for proper pairs: (1, 12806)
[M::mem_pestat] analyzing insert size distribution for orientation RR...
[M::mem_pestat] (25, 50, 75) percentile: (288, 532, 1228)
[M::mem_pestat] low and high boundaries for computing mean and std.dev: (1, 3108)
[M::mem_pestat] mean and std.dev: (773.95, 701.12)
[M::mem_pestat] low and high boundaries for proper pairs: (1, 4048)
[M::mem_pestat] skip orientation FF
[M::mem_pestat] skip orientation RF
[M::mem_pestat] skip orientation RR
[M::mem_process_seqs] Processed 1463232 reads in 464.305 CPU sec, 71.678 real sec
[M::process] read 1459760 sequences (200000013 bp)...
[M::process] read 1458680 sequences (200000156 bp)...
[M::mem_pestat] # candidate unique pairs for (FF, FR, RF, RR): (107, 562695, 107, 80)
[M::mem_pestat] analyzing insert size distribution for orientation FF...
[M::mem_pestat] (25, 50, 75) percentile: (286, 480, 980)
[M::mem_pestat] low and high boundaries for computing mean and std.dev: (1, 2368)
[M::mem_pestat] mean and std.dev: (545.77, 397.51)
[M::mem_pestat] low and high boundaries for proper pairs: (1, 3062)
[M::mem_pestat] analyzing insert size distribution for orientation FR...
[M::mem_pestat] (25, 50, 75) percentile: (279, 365, 470)
[M::mem_pestat] low and high boundaries for computing mean and std.dev: (1, 852)
[M::mem_pestat] mean and std.dev: (381.34, 143.09)
[M::mem_pestat] low and high boundaries for proper pairs: (1, 1043)
[M::mem_pestat] analyzing insert size distribution for orientation RF...
[M::mem_pestat] (25, 50, 75) percentile: (133, 618, 2827)
[M::mem_pestat] low and high boundaries for computing mean and std.dev: (1, 8215)
[M::mem_pestat] mean and std.dev: (1449.60, 1941.61)
[M::mem_pestat] low and high boundaries for proper pairs: (1, 10909)
[M::mem_pestat] analyzing insert size distribution for orientation RR...
[M::mem_pestat] (25, 50, 75) percentile: (296, 516, 1104)
[M::mem_pestat] low and high boundaries for computing mean and std.dev: (1, 2720)
[M::mem_pestat] mean and std.dev: (548.82, 410.61)
[M::mem_pestat] low and high boundaries for proper pairs: (1, 3528)
[M::mem_pestat] skip orientation FF
[M::mem_pestat] skip orientation RF
[M::mem_pestat] skip orientation RR
[M::mem_process_seqs] Processed 1459760 reads in 441.143 CPU sec, 46.508 real sec
[M::mem_pestat] # candidate unique pairs for (FF, FR, RF, RR): (116, 559517, 123, 66)
[M::mem_pestat] analyzing insert size distribution for orientation FF...
[M::mem_pestat] (25, 50, 75) percentile: (314, 510, 859)
[M::mem_pestat] low and high boundaries for computing mean and std.dev: (1, 1949)
[M::mem_pestat] mean and std.dev: (594.18, 381.46)
[M::mem_pestat] low and high boundaries for proper pairs: (1, 2494)
[M::mem_pestat] analyzing insert size distribution for orientation FR...
[M::mem_pestat] (25, 50, 75) percentile: (280, 368, 475)
[M::mem_pestat] low and high boundaries for computing mean and std.dev: (1, 865)
[M::mem_pestat] mean and std.dev: (385.11, 145.81)
[M::mem_pestat] low and high boundaries for proper pairs: (1, 1060)
[M::mem_pestat] analyzing insert size distribution for orientation RF...
[M::mem_pestat] (25, 50, 75) percentile: (86, 539, 3498)
[M::mem_pestat] low and high boundaries for computing mean and std.dev: (1, 10322)
[M::mem_pestat] mean and std.dev: (1972.92, 2637.77)
[M::mem_pestat] low and high boundaries for proper pairs: (1, 13734)
[M::mem_pestat] analyzing insert size distribution for orientation RR...
[M::mem_pestat] (25, 50, 75) percentile: (236, 556, 1594)
[M::mem_pestat] low and high boundaries for computing mean and std.dev: (1, 4310)
[M::mem_pestat] mean and std.dev: (925.70, 1084.93)
[M::mem_pestat] low and high boundaries for proper pairs: (1, 5668)
[M::mem_pestat] skip orientation FF
[M::mem_pestat] skip orientation RF
[M::mem_pestat] skip orientation RR
[M::process] read 1469688 sequences (200000201 bp)...
[M::mem_process_seqs] Processed 1458680 reads in 447.082 CPU sec, 48.409 real sec
[M::mem_pestat] # candidate unique pairs for (FF, FR, RF, RR): (83, 562567, 129, 72)
[M::mem_pestat] analyzing insert size distribution for orientation FF...
[M::mem_pestat] (25, 50, 75) percentile: (308, 467, 709)
[M::mem_pestat] low and high boundaries for computing mean and std.dev: (1, 1511)
[M::mem_pestat] mean and std.dev: (476.42, 232.67)
[M::mem_pestat] low and high boundaries for proper pairs: (1, 1912)
[M::mem_pestat] analyzing insert size distribution for orientation FR...
[M::mem_pestat] (25, 50, 75) percentile: (275, 360, 463)
[M::mem_pestat] low and high boundaries for computing mean and std.dev: (1, 839)
[M::mem_pestat] mean and std.dev: (375.71, 140.80)
[M::mem_pestat] low and high boundaries for proper pairs: (1, 1027)
[M::mem_pestat] analyzing insert size distribution for orientation RF...
[M::mem_pestat] (25, 50, 75) percentile: (61, 331, 3524)
[M::mem_pestat] low and high boundaries for computing mean and std.dev: (1, 10450)
[M::mem_pestat] mean and std.dev: (1831.12, 2450.11)
[M::mem_pestat] low and high boundaries for proper pairs: (1, 13913)
[M::mem_pestat] analyzing insert size distribution for orientation RR...
[M::mem_pestat] (25, 50, 75) percentile: (269, 552, 1091)
[M::mem_pestat] low and high boundaries for computing mean and std.dev: (1, 2735)
[M::mem_pestat] mean and std.dev: (624.33, 462.52)
[M::mem_pestat] low and high boundaries for proper pairs: (1, 3557)
[M::mem_pestat] skip orientation FF
[M::mem_pestat] skip orientation RF
[M::mem_pestat] skip orientation RR
[M::process] read 1467172 sequences (200000068 bp)...
[M::mem_process_seqs] Processed 1469688 reads in 449.990 CPU sec, 48.694 real sec
[M::mem_pestat] # candidate unique pairs for (FF, FR, RF, RR): (85, 562975, 114, 69)
[M::mem_pestat] analyzing insert size distribution for orientation FF...
[M::mem_pestat] (25, 50, 75) percentile: (329, 459, 967)
[M::mem_pestat] low and high boundaries for computing mean and std.dev: (1, 2243)
[M::mem_pestat] mean and std.dev: (582.50, 436.23)
[M::mem_pestat] low and high boundaries for proper pairs: (1, 2881)
[M::mem_pestat] analyzing insert size distribution for orientation FR...
[M::mem_pestat] (25, 50, 75) percentile: (279, 365, 470)
[M::mem_pestat] low and high boundaries for computing mean and std.dev: (1, 852)
[M::mem_pestat] mean and std.dev: (381.33, 143.84)
[M::mem_pestat] low and high boundaries for proper pairs: (1, 1043)
[M::mem_pestat] analyzing insert size distribution for orientation RF...
[M::mem_pestat] (25, 50, 75) percentile: (62, 323, 2635)
[M::mem_pestat] low and high boundaries for computing mean and std.dev: (1, 7781)
[M::mem_pestat] mean and std.dev: (1398.54, 1954.82)
[M::mem_pestat] low and high boundaries for proper pairs: (1, 10354)
[M::mem_pestat] analyzing insert size distribution for orientation RR...
[M::mem_pestat] (25, 50, 75) percentile: (345, 635, 1115)
[M::mem_pestat] low and high boundaries for computing mean and std.dev: (1, 2655)
[M::mem_pestat] mean and std.dev: (703.16, 507.21)
[M::mem_pestat] low and high boundaries for proper pairs: (1, 3425)
[M::mem_pestat] skip orientation FF
[M::mem_pestat] skip orientation RF
[M::mem_pestat] skip orientation RR
[M::process] read 1464592 sequences (200000092 bp)...
[M::mem_process_seqs] Processed 1467172 reads in 447.366 CPU sec, 48.569 real sec
[M::mem_pestat] # candidate unique pairs for (FF, FR, RF, RR): (118, 559649, 133, 56)
[M::mem_pestat] analyzing insert size distribution for orientation FF...
[M::mem_pestat] (25, 50, 75) percentile: (315, 478, 668)
[M::mem_pestat] low and high boundaries for computing mean and std.dev: (1, 1374)
[M::mem_pestat] mean and std.dev: (476.05, 238.79)
[M::mem_pestat] low and high boundaries for proper pairs: (1, 1727)
[M::mem_pestat] analyzing insert size distribution for orientation FR...
[M::mem_pestat] (25, 50, 75) percentile: (280, 369, 477)
[M::mem_pestat] low and high boundaries for computing mean and std.dev: (1, 871)
[M::mem_pestat] mean and std.dev: (386.21, 147.39)
[M::mem_pestat] low and high boundaries for proper pairs: (1, 1068)
[M::mem_pestat] analyzing insert size distribution for orientation RF...
[M::mem_pestat] (25, 50, 75) percentile: (73, 555, 2805)
[M::mem_pestat] low and high boundaries for computing mean and std.dev: (1, 8269)
[M::mem_pestat] mean and std.dev: (1450.95, 1856.96)
[M::mem_pestat] low and high boundaries for proper pairs: (1, 11001)
[M::mem_pestat] analyzing insert size distribution for orientation RR...
[M::mem_pestat] (25, 50, 75) percentile: (292, 533, 1025)
[M::mem_pestat] low and high boundaries for computing mean and std.dev: (1, 2491)
[M::mem_pestat] mean and std.dev: (582.80, 411.15)
[M::mem_pestat] low and high boundaries for proper pairs: (1, 3224)
[M::mem_pestat] skip orientation FF
[M::mem_pestat] skip orientation RF
[M::mem_pestat] skip orientation RR
[M::mem_process_seqs] Processed 1464592 reads in 468.739 CPU sec, 75.819 real sec
[M::process] read 1466110 sequences (200000109 bp)...
[M::process] read 1461870 sequences (200000238 bp)...
[M::mem_pestat] # candidate unique pairs for (FF, FR, RF, RR): (102, 563701, 119, 65)
[M::mem_pestat] analyzing insert size distribution for orientation FF...
[M::mem_pestat] (25, 50, 75) percentile: (336, 555, 772)
[M::mem_pestat] low and high boundaries for computing mean and std.dev: (1, 1644)
[M::mem_pestat] mean and std.dev: (568.24, 338.10)
[M::mem_pestat] low and high boundaries for proper pairs: (1, 2080)
[M::mem_pestat] analyzing insert size distribution for orientation FR...
[M::mem_pestat] (25, 50, 75) percentile: (277, 364, 469)
[M::mem_pestat] low and high boundaries for computing mean and std.dev: (1, 853)
[M::mem_pestat] mean and std.dev: (380.16, 143.75)
[M::mem_pestat] low and high boundaries for proper pairs: (1, 1045)
[M::mem_pestat] analyzing insert size distribution for orientation RF...
[M::mem_pestat] (25, 50, 75) percentile: (130, 553, 3240)
[M::mem_pestat] low and high boundaries for computing mean and std.dev: (1, 9460)
[M::mem_pestat] mean and std.dev: (1685.99, 2310.26)
[M::mem_pestat] low and high boundaries for proper pairs: (1, 12570)
[M::mem_pestat] analyzing insert size distribution for orientation RR...
[M::mem_pestat] (25, 50, 75) percentile: (288, 550, 1302)
[M::mem_pestat] low and high boundaries for computing mean and std.dev: (1, 3330)
[M::mem_pestat] mean and std.dev: (721.56, 647.55)
[M::mem_pestat] low and high boundaries for proper pairs: (1, 4344)
[M::mem_pestat] skip orientation FF
[M::mem_pestat] skip orientation RF
[M::mem_pestat] skip orientation RR
[M::mem_process_seqs] Processed 1466110 reads in 443.347 CPU sec, 46.601 real sec
[M::mem_pestat] # candidate unique pairs for (FF, FR, RF, RR): (119, 560198, 145, 59)
[M::mem_pestat] analyzing insert size distribution for orientation FF...
[M::mem_pestat] (25, 50, 75) percentile: (330, 512, 817)
[M::mem_pestat] low and high boundaries for computing mean and std.dev: (1, 1791)
[M::mem_pestat] mean and std.dev: (574.73, 356.64)
[M::mem_pestat] low and high boundaries for proper pairs: (1, 2278)
[M::mem_pestat] analyzing insert size distribution for orientation FR...
[M::mem_pestat] (25, 50, 75) percentile: (283, 371, 480)
[M::mem_pestat] low and high boundaries for computing mean and std.dev: (1, 874)
[M::mem_pestat] mean and std.dev: (388.56, 148.45)
[M::mem_pestat] low and high boundaries for proper pairs: (1, 1071)
[M::mem_pestat] analyzing insert size distribution for orientation RF...
[M::mem_pestat] (25, 50, 75) percentile: (65, 297, 2241)
[M::mem_pestat] low and high boundaries for computing mean and std.dev: (1, 6593)
[M::mem_pestat] mean and std.dev: (1160.10, 1664.39)
[M::mem_pestat] low and high boundaries for proper pairs: (1, 8769)
[M::mem_pestat] analyzing insert size distribution for orientation RR...
[M::mem_pestat] (25, 50, 75) percentile: (283, 625, 1363)
[M::mem_pestat] low and high boundaries for computing mean and std.dev: (1, 3523)
[M::mem_pestat] mean and std.dev: (880.65, 830.22)
[M::mem_pestat] low and high boundaries for proper pairs: (1, 4603)
[M::mem_pestat] skip orientation FF
[M::mem_pestat] skip orientation RF
[M::mem_pestat] skip orientation RR
[M::process] read 1465950 sequences (200000123 bp)...
[M::mem_process_seqs] Processed 1461870 reads in 448.761 CPU sec, 48.704 real sec
[M::mem_pestat] # candidate unique pairs for (FF, FR, RF, RR): (134, 560641, 108, 58)
[M::mem_pestat] analyzing insert size distribution for orientation FF...
[M::mem_pestat] (25, 50, 75) percentile: (335, 516, 754)
[M::mem_pestat] low and high boundaries for computing mean and std.dev: (1, 1592)
[M::mem_pestat] mean and std.dev: (523.47, 279.77)
[M::mem_pestat] low and high boundaries for proper pairs: (1, 2011)
[M::mem_pestat] analyzing insert size distribution for orientation FR...
[M::mem_pestat] (25, 50, 75) percentile: (279, 368, 475)
[M::mem_pestat] low and high boundaries for computing mean and std.dev: (1, 867)
[M::mem_pestat] mean and std.dev: (384.80, 146.79)
[M::mem_pestat] low and high boundaries for proper pairs: (1, 1063)
[M::mem_pestat] analyzing insert size distribution for orientation RF...
[M::mem_pestat] (25, 50, 75) percentile: (122, 650, 2599)
[M::mem_pestat] low and high boundaries for computing mean and std.dev: (1, 7553)
[M::mem_pestat] mean and std.dev: (1427.68, 1876.99)
[M::mem_pestat] low and high boundaries for proper pairs: (1, 10030)
[M::mem_pestat] analyzing insert size distribution for orientation RR...
[M::mem_pestat] (25, 50, 75) percentile: (241, 522, 912)
[M::mem_pestat] low and high boundaries for computing mean and std.dev: (1, 2254)
[M::mem_pestat] mean and std.dev: (529.85, 399.60)
[M::mem_pestat] low and high boundaries for proper pairs: (1, 2925)
[M::mem_pestat] skip orientation FF
[M::mem_pestat] skip orientation RF
[M::mem_pestat] skip orientation RR
[M::process] read 1462238 sequences (200000135 bp)...
[M::mem_process_seqs] Processed 1465950 reads in 453.478 CPU sec, 49.060 real sec
[M::mem_pestat] # candidate unique pairs for (FF, FR, RF, RR): (131, 561169, 138, 61)
[M::mem_pestat] analyzing insert size distribution for orientation FF...
[M::mem_pestat] (25, 50, 75) percentile: (359, 539, 1055)
[M::mem_pestat] low and high boundaries for computing mean and std.dev: (1, 2447)
[M::mem_pestat] mean and std.dev: (636.46, 484.62)
[M::mem_pestat] low and high boundaries for proper pairs: (1, 3143)
[M::mem_pestat] analyzing insert size distribution for orientation FR...
[M::mem_pestat] (25, 50, 75) percentile: (280, 368, 475)
[M::mem_pestat] low and high boundaries for computing mean and std.dev: (1, 865)
[M::mem_pestat] mean and std.dev: (384.60, 146.49)
[M::mem_pestat] low and high boundaries for proper pairs: (1, 1060)
[M::mem_pestat] analyzing insert size distribution for orientation RF...
[M::mem_pestat] (25, 50, 75) percentile: (72, 428, 2507)
[M::mem_pestat] low and high boundaries for computing mean and std.dev: (1, 7377)
[M::mem_pestat] mean and std.dev: (1250.16, 1797.50)
[M::mem_pestat] low and high boundaries for proper pairs: (1, 9812)
[M::mem_pestat] analyzing insert size distribution for orientation RR...
[M::mem_pestat] (25, 50, 75) percentile: (271, 446, 1108)
[M::mem_pestat] low and high boundaries for computing mean and std.dev: (1, 2782)
[M::mem_pestat] mean and std.dev: (657.40, 600.41)
[M::mem_pestat] low and high boundaries for proper pairs: (1, 3619)
[M::mem_pestat] skip orientation FF
[M::mem_pestat] skip orientation RF
[M::mem_pestat] skip orientation RR
[M::mem_process_seqs] Processed 1462238 reads in 460.780 CPU sec, 73.858 real sec
[M::process] read 1459870 sequences (200000229 bp)...
[M::process] read 1466572 sequences (200000154 bp)...
[M::mem_pestat] # candidate unique pairs for (FF, FR, RF, RR): (123, 558745, 135, 76)
[M::mem_pestat] analyzing insert size distribution for orientation FF...
[M::mem_pestat] (25, 50, 75) percentile: (325, 511, 822)
[M::mem_pestat] low and high boundaries for computing mean and std.dev: (1, 1816)
[M::mem_pestat] mean and std.dev: (578.66, 356.90)
[M::mem_pestat] low and high boundaries for proper pairs: (1, 2313)
[M::mem_pestat] analyzing insert size distribution for orientation FR...
[M::mem_pestat] (25, 50, 75) percentile: (283, 372, 484)
[M::mem_pestat] low and high boundaries for computing mean and std.dev: (1, 886)
[M::mem_pestat] mean and std.dev: (390.87, 151.02)
[M::mem_pestat] low and high boundaries for proper pairs: (1, 1087)
[M::mem_pestat] analyzing insert size distribution for orientation RF...
[M::mem_pestat] (25, 50, 75) percentile: (147, 755, 3430)
[M::mem_pestat] low and high boundaries for computing mean and std.dev: (1, 9996)
[M::mem_pestat] mean and std.dev: (2195.40, 2747.39)
[M::mem_pestat] low and high boundaries for proper pairs: (1, 13279)
[M::mem_pestat] analyzing insert size distribution for orientation RR...
[M::mem_pestat] (25, 50, 75) percentile: (303, 572, 1022)
[M::mem_pestat] low and high boundaries for computing mean and std.dev: (1, 2460)
[M::mem_pestat] mean and std.dev: (664.73, 492.00)
[M::mem_pestat] low and high boundaries for proper pairs: (1, 3179)
[M::mem_pestat] skip orientation FF
[M::mem_pestat] skip orientation RF
[M::mem_pestat] skip orientation RR
[M::mem_process_seqs] Processed 1459870 reads in 450.151 CPU sec, 47.293 real sec
[M::mem_pestat] # candidate unique pairs for (FF, FR, RF, RR): (115, 562807, 118, 70)
[M::mem_pestat] analyzing insert size distribution for orientation FF...
[M::mem_pestat] (25, 50, 75) percentile: (290, 488, 848)
[M::mem_pestat] low and high boundaries for computing mean and std.dev: (1, 1964)
[M::mem_pestat] mean and std.dev: (573.00, 402.46)
[M::mem_pestat] low and high boundaries for proper pairs: (1, 2522)
[M::mem_pestat] analyzing insert size distribution for orientation FR...
[M::mem_pestat] (25, 50, 75) percentile: (279, 366, 472)
[M::mem_pestat] low and high boundaries for computing mean and std.dev: (1, 858)
[M::mem_pestat] mean and std.dev: (382.43, 145.02)
[M::mem_pestat] low and high boundaries for proper pairs: (1, 1051)
[M::mem_pestat] analyzing insert size distribution for orientation RF...
[M::mem_pestat] (25, 50, 75) percentile: (129, 708, 2891)
[M::mem_pestat] low and high boundaries for computing mean and std.dev: (1, 8415)
[M::mem_pestat] mean and std.dev: (1695.45, 2216.11)
[M::mem_pestat] low and high boundaries for proper pairs: (1, 11177)
[M::mem_pestat] analyzing insert size distribution for orientation RR...
[M::mem_pestat] (25, 50, 75) percentile: (265, 487, 1142)
[M::mem_pestat] low and high boundaries for computing mean and std.dev: (1, 2896)
[M::mem_pestat] mean and std.dev: (743.43, 731.54)
[M::mem_pestat] low and high boundaries for proper pairs: (1, 3773)
[M::mem_pestat] skip orientation FF
[M::mem_pestat] skip orientation RF
[M::mem_pestat] skip orientation RR
[M::process] read 1460910 sequences (200000281 bp)...
[M::mem_process_seqs] Processed 1466572 reads in 447.792 CPU sec, 48.548 real sec
[M::mem_pestat] # candidate unique pairs for (FF, FR, RF, RR): (121, 561160, 127, 69)
[M::mem_pestat] analyzing insert size distribution for orientation FF...
[M::mem_pestat] (25, 50, 75) percentile: (390, 551, 930)
[M::mem_pestat] low and high boundaries for computing mean and std.dev: (1, 2010)
[M::mem_pestat] mean and std.dev: (613.06, 353.06)
[M::mem_pestat] low and high boundaries for proper pairs: (1, 2550)
[M::mem_pestat] analyzing insert size distribution for orientation FR...
[M::mem_pestat] (25, 50, 75) percentile: (283, 372, 481)
[M::mem_pestat] low and high boundaries for computing mean and std.dev: (1, 877)
[M::mem_pestat] mean and std.dev: (389.10, 148.84)
[M::mem_pestat] low and high boundaries for proper pairs: (1, 1075)
[M::mem_pestat] analyzing insert size distribution for orientation RF...
[M::mem_pestat] (25, 50, 75) percentile: (90, 478, 2412)
[M::mem_pestat] low and high boundaries for computing mean and std.dev: (1, 7056)
[M::mem_pestat] mean and std.dev: (1266.26, 1657.95)
[M::mem_pestat] low and high boundaries for proper pairs: (1, 9378)
[M::mem_pestat] analyzing insert size distribution for orientation RR...
[M::mem_pestat] (25, 50, 75) percentile: (236, 549, 1342)
[M::mem_pestat] low and high boundaries for computing mean and std.dev: (1, 3554)
[M::mem_pestat] mean and std.dev: (815.66, 739.08)
[M::mem_pestat] low and high boundaries for proper pairs: (1, 4660)
[M::mem_pestat] skip orientation FF
[M::mem_pestat] skip orientation RF
[M::mem_pestat] skip orientation RR
[M::mem_process_seqs] Processed 1460910 reads in 461.319 CPU sec, 75.056 real sec
[M::process] read 1461014 sequences (200000077 bp)...
[M::process] read 1471446 sequences (200000137 bp)...
[M::mem_pestat] # candidate unique pairs for (FF, FR, RF, RR): (121, 558983, 147, 63)
[M::mem_pestat] analyzing insert size distribution for orientation FF...
[M::mem_pestat] (25, 50, 75) percentile: (324, 529, 1047)
[M::mem_pestat] low and high boundaries for computing mean and std.dev: (1, 2493)
[M::mem_pestat] mean and std.dev: (661.34, 471.86)
[M::mem_pestat] low and high boundaries for proper pairs: (1, 3216)
[M::mem_pestat] analyzing insert size distribution for orientation FR...
[M::mem_pestat] (25, 50, 75) percentile: (283, 373, 484)
[M::mem_pestat] low and high boundaries for computing mean and std.dev: (1, 886)
[M::mem_pestat] mean and std.dev: (391.27, 150.93)
[M::mem_pestat] low and high boundaries for proper pairs: (1, 1087)
[M::mem_pestat] analyzing insert size distribution for orientation RF...
[M::mem_pestat] (25, 50, 75) percentile: (73, 433, 2506)
[M::mem_pestat] low and high boundaries for computing mean and std.dev: (1, 7372)
[M::mem_pestat] mean and std.dev: (1259.95, 1729.46)
[M::mem_pestat] low and high boundaries for proper pairs: (1, 9805)
[M::mem_pestat] analyzing insert size distribution for orientation RR...
[M::mem_pestat] (25, 50, 75) percentile: (295, 455, 888)
[M::mem_pestat] low and high boundaries for computing mean and std.dev: (1, 2074)
[M::mem_pestat] mean and std.dev: (562.66, 391.55)
[M::mem_pestat] low and high boundaries for proper pairs: (1, 2667)
[M::mem_pestat] skip orientation FF
[M::mem_pestat] skip orientation RF
[M::mem_pestat] skip orientation RR
[M::mem_process_seqs] Processed 1461014 reads in 450.302 CPU sec, 47.240 real sec
[M::mem_pestat] # candidate unique pairs for (FF, FR, RF, RR): (118, 563261, 128, 48)
[M::mem_pestat] analyzing insert size distribution for orientation FF...
[M::mem_pestat] (25, 50, 75) percentile: (356, 544, 768)
[M::mem_pestat] low and high boundaries for computing mean and std.dev: (1, 1592)
[M::mem_pestat] mean and std.dev: (542.77, 293.96)
[M::mem_pestat] low and high boundaries for proper pairs: (1, 2004)
[M::mem_pestat] analyzing insert size distribution for orientation FR...
[M::mem_pestat] (25, 50, 75) percentile: (280, 367, 472)
[M::mem_pestat] low and high boundaries for computing mean and std.dev: (1, 856)
[M::mem_pestat] mean and std.dev: (382.90, 144.16)
[M::mem_pestat] low and high boundaries for proper pairs: (1, 1048)
[M::mem_pestat] analyzing insert size distribution for orientation RF...
[M::mem_pestat] (25, 50, 75) percentile: (66, 473, 1719)
[M::mem_pestat] low and high boundaries for computing mean and std.dev: (1, 5025)
[M::mem_pestat] mean and std.dev: (894.41, 1297.28)
[M::mem_pestat] low and high boundaries for proper pairs: (1, 6678)
[M::mem_pestat] analyzing insert size distribution for orientation RR...
[M::mem_pestat] (25, 50, 75) percentile: (257, 566, 959)
[M::mem_pestat] low and high boundaries for computing mean and std.dev: (1, 2363)
[M::mem_pestat] mean and std.dev: (600.18, 458.19)
[M::mem_pestat] low and high boundaries for proper pairs: (1, 3065)
[M::mem_pestat] skip orientation FF
[M::mem_pestat] skip orientation RF
[M::mem_pestat] skip orientation RR
[M::process] read 1464952 sequences (200000083 bp)...
[M::mem_process_seqs] Processed 1471446 reads in 452.912 CPU sec, 49.027 real sec
[M::mem_pestat] # candidate unique pairs for (FF, FR, RF, RR): (111, 560996, 109, 71)
[M::mem_pestat] analyzing insert size distribution for orientation FF...
[M::mem_pestat] (25, 50, 75) percentile: (368, 491, 819)
[M::mem_pestat] low and high boundaries for computing mean and std.dev: (1, 1721)
[M::mem_pestat] mean and std.dev: (562.15, 338.03)
[M::mem_pestat] low and high boundaries for proper pairs: (1, 2172)
[M::mem_pestat] analyzing insert size distribution for orientation FR...
[M::mem_pestat] (25, 50, 75) percentile: (284, 373, 483)
[M::mem_pestat] low and high boundaries for computing mean and std.dev: (1, 881)
[M::mem_pestat] mean and std.dev: (390.76, 149.35)
[M::mem_pestat] low and high boundaries for proper pairs: (1, 1080)
[M::mem_pestat] analyzing insert size distribution for orientation RF...
[M::mem_pestat] (25, 50, 75) percentile: (81, 639, 2444)
[M::mem_pestat] low and high boundaries for computing mean and std.dev: (1, 7170)
[M::mem_pestat] mean and std.dev: (1390.22, 1821.31)
[M::mem_pestat] low and high boundaries for proper pairs: (1, 9533)
[M::mem_pestat] analyzing insert size distribution for orientation RR...
[M::mem_pestat] (25, 50, 75) percentile: (236, 427, 1174)
[M::mem_pestat] low and high boundaries for computing mean and std.dev: (1, 3050)
[M::mem_pestat] mean and std.dev: (609.54, 564.65)
[M::mem_pestat] low and high boundaries for proper pairs: (1, 3988)
[M::mem_pestat] skip orientation FF
[M::mem_pestat] skip orientation RF
[M::mem_pestat] skip orientation RR
[M::mem_process_seqs] Processed 1464952 reads in 453.808 CPU sec, 86.199 real sec
[M::process] read 1467046 sequences (200000240 bp)...
[M::process] read 1475320 sequences (200000056 bp)...
[M::mem_pestat] # candidate unique pairs for (FF, FR, RF, RR): (110, 559608, 114, 58)
[M::mem_pestat] analyzing insert size distribution for orientation FF...
[M::mem_pestat] (25, 50, 75) percentile: (360, 528, 957)
[M::mem_pestat] low and high boundaries for computing mean and std.dev: (1, 2151)
[M::mem_pestat] mean and std.dev: (608.06, 386.30)
[M::mem_pestat] low and high boundaries for proper pairs: (1, 2748)
[M::mem_pestat] analyzing insert size distribution for orientation FR...
[M::mem_pestat] (25, 50, 75) percentile: (282, 371, 480)
[M::mem_pestat] low and high boundaries for computing mean and std.dev: (1, 876)
[M::mem_pestat] mean and std.dev: (388.68, 148.26)
[M::mem_pestat] low and high boundaries for proper pairs: (1, 1074)
[M::mem_pestat] analyzing insert size distribution for orientation RF...
[M::mem_pestat] (25, 50, 75) percentile: (53, 322, 1574)
[M::mem_pestat] low and high boundaries for computing mean and std.dev: (1, 4616)
[M::mem_pestat] mean and std.dev: (802.41, 1142.60)
[M::mem_pestat] low and high boundaries for proper pairs: (1, 6137)
[M::mem_pestat] analyzing insert size distribution for orientation RR...
[M::mem_pestat] (25, 50, 75) percentile: (266, 657, 1304)
[M::mem_pestat] low and high boundaries for computing mean and std.dev: (1, 3380)
[M::mem_pestat] mean and std.dev: (728.42, 605.47)
[M::mem_pestat] low and high boundaries for proper pairs: (1, 4418)
[M::mem_pestat] skip orientation FF
[M::mem_pestat] skip orientation RF
[M::mem_pestat] skip orientation RR
[M::mem_process_seqs] Processed 1467046 reads in 450.930 CPU sec, 45.610 real sec
[M::mem_pestat] # candidate unique pairs for (FF, FR, RF, RR): (127, 565943, 111, 65)
[M::mem_pestat] analyzing insert size distribution for orientation FF...
[M::mem_pestat] (25, 50, 75) percentile: (362, 511, 744)
[M::mem_pestat] low and high boundaries for computing mean and std.dev: (1, 1508)
[M::mem_pestat] mean and std.dev: (522.27, 256.03)
[M::mem_pestat] low and high boundaries for proper pairs: (1, 1890)
[M::mem_pestat] analyzing insert size distribution for orientation FR...
[M::mem_pestat] (25, 50, 75) percentile: (279, 365, 470)
[M::mem_pestat] low and high boundaries for computing mean and std.dev: (1, 852)
[M::mem_pestat] mean and std.dev: (381.08, 143.04)
[M::mem_pestat] low and high boundaries for proper pairs: (1, 1043)
[M::mem_pestat] analyzing insert size distribution for orientation RF...
[M::mem_pestat] (25, 50, 75) percentile: (178, 743, 3302)
[M::mem_pestat] low and high boundaries for computing mean and std.dev: (1, 9550)
[M::mem_pestat] mean and std.dev: (1880.86, 2254.82)
[M::mem_pestat] low and high boundaries for proper pairs: (1, 12674)
[M::mem_pestat] analyzing insert size distribution for orientation RR...
[M::mem_pestat] (25, 50, 75) percentile: (305, 621, 1107)
[M::mem_pestat] low and high boundaries for computing mean and std.dev: (1, 2711)
[M::mem_pestat] mean and std.dev: (665.00, 474.02)
[M::mem_pestat] low and high boundaries for proper pairs: (1, 3513)
[M::mem_pestat] skip orientation FF
[M::mem_pestat] skip orientation RF
[M::mem_pestat] skip orientation RR
[M::process] read 1465702 sequences (200000259 bp)...
[M::mem_process_seqs] Processed 1475320 reads in 450.832 CPU sec, 48.815 real sec
[M::mem_pestat] # candidate unique pairs for (FF, FR, RF, RR): (137, 560514, 127, 78)
[M::mem_pestat] analyzing insert size distribution for orientation FF...
[M::mem_pestat] (25, 50, 75) percentile: (343, 472, 805)
[M::mem_pestat] low and high boundaries for computing mean and std.dev: (1, 1729)
[M::mem_pestat] mean and std.dev: (563.55, 317.26)
[M::mem_pestat] low and high boundaries for proper pairs: (1, 2191)
[M::mem_pestat] analyzing insert size distribution for orientation FR...
[M::mem_pestat] (25, 50, 75) percentile: (283, 371, 480)
[M::mem_pestat] low and high boundaries for computing mean and std.dev: (1, 874)
[M::mem_pestat] mean and std.dev: (389.00, 148.43)
[M::mem_pestat] low and high boundaries for proper pairs: (1, 1071)
[M::mem_pestat] analyzing insert size distribution for orientation RF...
[M::mem_pestat] (25, 50, 75) percentile: (101, 534, 2996)
[M::mem_pestat] low and high boundaries for computing mean and std.dev: (1, 8786)
[M::mem_pestat] mean and std.dev: (1550.63, 2060.36)
[M::mem_pestat] low and high boundaries for proper pairs: (1, 11681)
[M::mem_pestat] analyzing insert size distribution for orientation RR...
[M::mem_pestat] (25, 50, 75) percentile: (285, 529, 1108)
[M::mem_pestat] low and high boundaries for computing mean and std.dev: (1, 2754)
[M::mem_pestat] mean and std.dev: (694.46, 593.28)
[M::mem_pestat] low and high boundaries for proper pairs: (1, 3577)
[M::mem_pestat] skip orientation FF
[M::mem_pestat] skip orientation RF
[M::mem_pestat] skip orientation RR
[M::process] read 954006 sequences (129890363 bp)...
[M::mem_process_seqs] Processed 1465702 reads in 446.657 CPU sec, 48.516 real sec
[M::mem_pestat] # candidate unique pairs for (FF, FR, RF, RR): (78, 362786, 78, 41)
[M::mem_pestat] analyzing insert size distribution for orientation FF...
[M::mem_pestat] (25, 50, 75) percentile: (404, 566, 870)
[M::mem_pestat] low and high boundaries for computing mean and std.dev: (1, 1802)
[M::mem_pestat] mean and std.dev: (593.11, 324.25)
[M::mem_pestat] low and high boundaries for proper pairs: (1, 2268)
[M::mem_pestat] analyzing insert size distribution for orientation FR...
[M::mem_pestat] (25, 50, 75) percentile: (282, 370, 479)
[M::mem_pestat] low and high boundaries for computing mean and std.dev: (1, 873)
[M::mem_pestat] mean and std.dev: (387.80, 147.95)
[M::mem_pestat] low and high boundaries for proper pairs: (1, 1070)
[M::mem_pestat] analyzing insert size distribution for orientation RF...
[M::mem_pestat] (25, 50, 75) percentile: (85, 539, 2456)
[M::mem_pestat] low and high boundaries for computing mean and std.dev: (1, 7198)
[M::mem_pestat] mean and std.dev: (1605.79, 2083.78)
[M::mem_pestat] low and high boundaries for proper pairs: (1, 9941)
[M::mem_pestat] analyzing insert size distribution for orientation RR...
[M::mem_pestat] (25, 50, 75) percentile: (246, 701, 1002)
[M::mem_pestat] low and high boundaries for computing mean and std.dev: (1, 2514)
[M::mem_pestat] mean and std.dev: (652.46, 488.43)
[M::mem_pestat] low and high boundaries for proper pairs: (1, 3270)
[M::mem_pestat] skip orientation FF
[M::mem_pestat] skip orientation RF
[M::mem_pestat] skip orientation RR
[M::mem_process_seqs] Processed 954006 reads in 297.619 CPU sec, 33.474 real sec
[main] Version: 0.7.17-r1188
[main] CMD: bwa memsamblaster: Marked 2316968 of 23889196 (9.70%) read ids as duplicates -t 20 using 439476k memory in  -R55.900S @RG\tID:WK_HL_19T_034\tPL:ILLUMINA\tPU:HJMNCDSX7.3\tSM:WK_HL_19T_034\tCN:MCGILL\tBC:ATACCAACGC-NGCAGCAATT CPU seconds and  /storage/scratch/iee/dj20y461/Stickleback/G_aculeatus/FITNESS//data/ref_A_X/stickleback_v5_assembly_A_X.fasta30M /storage/scratch/iee/dj20y461/Stickleback/G_aculeatus/FITNESS//data/trimmed/WK_HL_19T_034.R1.trimmed.fastq.gz50S /storage/scratch/iee/dj20y461/Stickleback/G_aculeatus/FITNESS//data/trimmed/WK_HL_19T_034.R2.trimmed.fastq.gz(1850S) wall time.

[main] Real time: 1850.071 sec; CPU: 14751.381 sec
[bam_sort_core] merging from 20 files and 20 in-memory blocks...
