samblaster: Version 0.1.24
samblaster: Inputting from stdin
samblaster: Outputting to stdout
[M::bwa_idx_load_from_disk] read 0 ALT contigs
[M::process] read 1468230 sequences (200000161 bp)...
[M::mem_pestat] # candidate unique pairs for (FF, FR, RF, RR): (459, 556185, 114, 151)
[M::mem_pestat] analyzing insert size distribution for orientation FF...
[M::mem_pestat] (25, 50, 75) percentile: (331, 506, 776)
[M::mem_pestat] low and high boundaries for computing mean and std.dev: (1, 1666)
[M::mem_pestat] mean and std.dev: (555.08, 331.72)
[M::mem_pestat] low and high boundaries for proper pairs: (1, 2111)
[M::mem_pestat] analyzing insert size distribution for orientation FR...
[M::mem_pestat] (25, 50, 75) percentile: (293, 390, 506)
[M::mem_pestat] low and high boundaries for computing mean and std.dev: (1, 932)
[M::mem_pestat] mean and std.dev: (407.76, 157.47)
[M::mem_pestat] low and high boundaries for proper pairs: (1, 1145)
[M::mem_pestat] analyzing insert size distribution for orientation RF...
[M::mem_pestat] (25, 50, 75) percentile: (129, 675, 3766)
[M::mem_pestat] low and high boundaries for computing mean and std.dev: (1, 11040)
[M::mem_pestat] mean and std.dev: (2090.69, 2706.91)
[M::mem_pestat] low and high boundaries for proper pairs: (1, 14677)
[M::mem_pestat] analyzing insert size distribution for orientation RR...
[M::mem_pestat] (25, 50, 75) percentile: (286, 484, 1248)
[M::mem_pestat] low and high boundaries for computing mean and std.dev: (1, 3172)
[M::mem_pestat] mean and std.dev: (767.22, 695.30)
[M::mem_pestat] low and high boundaries for proper pairs: (1, 4134)
[M::mem_pestat] skip orientation FF
[M::mem_pestat] skip orientation RF
[M::mem_pestat] skip orientation RR
[M::mem_process_seqs] Processed 1468230 reads in 493.224 CPU sec, 119.076 real sec
samblaster: Loaded 23 header sequence entries.
[M::process] read 1471568 sequences (200000182 bp)...
[M::process] read 1470504 sequences (200000269 bp)...
[M::mem_pestat] # candidate unique pairs for (FF, FR, RF, RR): (485, 553222, 141, 208)
[M::mem_pestat] analyzing insert size distribution for orientation FF...
[M::mem_pestat] (25, 50, 75) percentile: (355, 525, 788)
[M::mem_pestat] low and high boundaries for computing mean and std.dev: (1, 1654)
[M::mem_pestat] mean and std.dev: (557.75, 301.55)
[M::mem_pestat] low and high boundaries for proper pairs: (1, 2087)
[M::mem_pestat] analyzing insert size distribution for orientation FR...
[M::mem_pestat] (25, 50, 75) percentile: (293, 390, 505)
[M::mem_pestat] low and high boundaries for computing mean and std.dev: (1, 929)
[M::mem_pestat] mean and std.dev: (406.87, 154.91)
[M::mem_pestat] low and high boundaries for proper pairs: (1, 1141)
[M::mem_pestat] analyzing insert size distribution for orientation RF...
[M::mem_pestat] (25, 50, 75) percentile: (117, 674, 3342)
[M::mem_pestat] low and high boundaries for computing mean and std.dev: (1, 9792)
[M::mem_pestat] mean and std.dev: (1985.78, 2453.84)
[M::mem_pestat] low and high boundaries for proper pairs: (1, 13017)
[M::mem_pestat] analyzing insert size distribution for orientation RR...
[M::mem_pestat] (25, 50, 75) percentile: (279, 575, 1193)
[M::mem_pestat] low and high boundaries for computing mean and std.dev: (1, 3021)
[M::mem_pestat] mean and std.dev: (722.31, 615.02)
[M::mem_pestat] low and high boundaries for proper pairs: (1, 3935)
[M::mem_pestat] skip orientation FF
[M::mem_pestat] skip orientation RF
[M::mem_pestat] skip orientation RR
[M::mem_process_seqs] Processed 1471568 reads in 470.817 CPU sec, 51.961 real sec
[M::mem_pestat] # candidate unique pairs for (FF, FR, RF, RR): (514, 554896, 144, 207)
[M::mem_pestat] analyzing insert size distribution for orientation FF...
[M::mem_pestat] (25, 50, 75) percentile: (344, 517, 764)
[M::mem_pestat] low and high boundaries for computing mean and std.dev: (1, 1604)
[M::mem_pestat] mean and std.dev: (548.38, 298.55)
[M::mem_pestat] low and high boundaries for proper pairs: (1, 2024)
[M::mem_pestat] analyzing insert size distribution for orientation FR...
[M::mem_pestat] (25, 50, 75) percentile: (295, 392, 507)
[M::mem_pestat] low and high boundaries for computing mean and std.dev: (1, 931)
[M::mem_pestat] mean and std.dev: (409.50, 156.98)
[M::mem_pestat] low and high boundaries for proper pairs: (1, 1143)
[M::mem_pestat] analyzing insert size distribution for orientation RF...
[M::mem_pestat] (25, 50, 75) percentile: (97, 626, 2879)
[M::mem_pestat] low and high boundaries for computing mean and std.dev: (1, 8443)
[M::mem_pestat] mean and std.dev: (1704.77, 2254.81)
[M::mem_pestat] low and high boundaries for proper pairs: (1, 11225)
[M::mem_pestat] analyzing insert size distribution for orientation RR...
[M::mem_pestat] (25, 50, 75) percentile: (352, 690, 1020)
[M::mem_pestat] low and high boundaries for computing mean and std.dev: (1, 2356)
[M::mem_pestat] mean and std.dev: (706.76, 479.83)
[M::mem_pestat] low and high boundaries for proper pairs: (1, 3024)
[M::mem_pestat] skip orientation FF
[M::mem_pestat] skip orientation RF
[M::mem_pestat] skip orientation RR
[M::process] read 1473354 sequences (200000217 bp)...
[M::mem_process_seqs] Processed 1470504 reads in 471.009 CPU sec, 53.839 real sec
[M::mem_pestat] # candidate unique pairs for (FF, FR, RF, RR): (500, 553546, 128, 180)
[M::mem_pestat] analyzing insert size distribution for orientation FF...
[M::mem_pestat] (25, 50, 75) percentile: (355, 540, 847)
[M::mem_pestat] low and high boundaries for computing mean and std.dev: (1, 1831)
[M::mem_pestat] mean and std.dev: (580.21, 341.29)
[M::mem_pestat] low and high boundaries for proper pairs: (1, 2323)
[M::mem_pestat] analyzing insert size distribution for orientation FR...
[M::mem_pestat] (25, 50, 75) percentile: (296, 392, 507)
[M::mem_pestat] low and high boundaries for computing mean and std.dev: (1, 929)
[M::mem_pestat] mean and std.dev: (409.23, 155.38)
[M::mem_pestat] low and high boundaries for proper pairs: (1, 1140)
[M::mem_pestat] analyzing insert size distribution for orientation RF...
[M::mem_pestat] (25, 50, 75) percentile: (71, 635, 2472)
[M::mem_pestat] low and high boundaries for computing mean and std.dev: (1, 7274)
[M::mem_pestat] mean and std.dev: (1484.30, 1824.42)
[M::mem_pestat] low and high boundaries for proper pairs: (1, 9675)
[M::mem_pestat] analyzing insert size distribution for orientation RR...
[M::mem_pestat] (25, 50, 75) percentile: (248, 527, 1303)
[M::mem_pestat] low and high boundaries for computing mean and std.dev: (1, 3413)
[M::mem_pestat] mean and std.dev: (742.58, 695.07)
[M::mem_pestat] low and high boundaries for proper pairs: (1, 4468)
[M::mem_pestat] skip orientation FF
[M::mem_pestat] skip orientation RF
[M::mem_pestat] skip orientation RR
[M::process] read 1473076 sequences (200000192 bp)...
[M::mem_process_seqs] Processed 1473354 reads in 474.437 CPU sec, 52.272 real sec
[M::mem_pestat] # candidate unique pairs for (FF, FR, RF, RR): (527, 553385, 152, 200)
[M::mem_pestat] analyzing insert size distribution for orientation FF...
[M::mem_pestat] (25, 50, 75) percentile: (378, 577, 892)
[M::mem_pestat] low and high boundaries for computing mean and std.dev: (1, 1920)
[M::mem_pestat] mean and std.dev: (625.57, 368.70)
[M::mem_pestat] low and high boundaries for proper pairs: (1, 2434)
[M::mem_pestat] analyzing insert size distribution for orientation FR...
[M::mem_pestat] (25, 50, 75) percentile: (293, 389, 505)
[M::mem_pestat] low and high boundaries for computing mean and std.dev: (1, 929)
[M::mem_pestat] mean and std.dev: (406.78, 155.49)
[M::mem_pestat] low and high boundaries for proper pairs: (1, 1141)
[M::mem_pestat] analyzing insert size distribution for orientation RF...
[M::mem_pestat] (25, 50, 75) percentile: (83, 583, 3203)
[M::mem_pestat] low and high boundaries for computing mean and std.dev: (1, 9443)
[M::mem_pestat] mean and std.dev: (1733.44, 2388.20)
[M::mem_pestat] low and high boundaries for proper pairs: (1, 12563)
[M::mem_pestat] analyzing insert size distribution for orientation RR...
[M::mem_pestat] (25, 50, 75) percentile: (327, 586, 1208)
[M::mem_pestat] low and high boundaries for computing mean and std.dev: (1, 2970)
[M::mem_pestat] mean and std.dev: (756.10, 584.67)
[M::mem_pestat] low and high boundaries for proper pairs: (1, 3851)
[M::mem_pestat] skip orientation FF
[M::mem_pestat] skip orientation RF
[M::mem_pestat] skip orientation RR
[M::process] read 1469366 sequences (200000205 bp)...
[M::mem_process_seqs] Processed 1473076 reads in 470.020 CPU sec, 52.039 real sec
[M::mem_pestat] # candidate unique pairs for (FF, FR, RF, RR): (476, 553266, 137, 190)
[M::mem_pestat] analyzing insert size distribution for orientation FF...
[M::mem_pestat] (25, 50, 75) percentile: (358, 521, 840)
[M::mem_pestat] low and high boundaries for computing mean and std.dev: (1, 1804)
[M::mem_pestat] mean and std.dev: (573.98, 327.41)
[M::mem_pestat] low and high boundaries for proper pairs: (1, 2286)
[M::mem_pestat] analyzing insert size distribution for orientation FR...
[M::mem_pestat] (25, 50, 75) percentile: (296, 393, 511)
[M::mem_pestat] low and high boundaries for computing mean and std.dev: (1, 941)
[M::mem_pestat] mean and std.dev: (411.93, 158.60)
[M::mem_pestat] low and high boundaries for proper pairs: (1, 1156)
[M::mem_pestat] analyzing insert size distribution for orientation RF...
[M::mem_pestat] (25, 50, 75) percentile: (190, 717, 3280)
[M::mem_pestat] low and high boundaries for computing mean and std.dev: (1, 9460)
[M::mem_pestat] mean and std.dev: (1958.62, 2303.55)
[M::mem_pestat] low and high boundaries for proper pairs: (1, 12550)
[M::mem_pestat] analyzing insert size distribution for orientation RR...
[M::mem_pestat] (25, 50, 75) percentile: (300, 632, 1220)
[M::mem_pestat] low and high boundaries for computing mean and std.dev: (1, 3060)
[M::mem_pestat] mean and std.dev: (748.35, 598.98)
[M::mem_pestat] low and high boundaries for proper pairs: (1, 3980)
[M::mem_pestat] skip orientation FF
[M::mem_pestat] skip orientation RF
[M::mem_pestat] skip orientation RR
[M::process] read 1473496 sequences (200000067 bp)...
[M::mem_process_seqs] Processed 1469366 reads in 471.595 CPU sec, 51.782 real sec
[M::mem_pestat] # candidate unique pairs for (FF, FR, RF, RR): (473, 553783, 134, 211)
[M::mem_pestat] analyzing insert size distribution for orientation FF...
[M::mem_pestat] (25, 50, 75) percentile: (341, 508, 868)
[M::mem_pestat] low and high boundaries for computing mean and std.dev: (1, 1922)
[M::mem_pestat] mean and std.dev: (597.70, 378.80)
[M::mem_pestat] low and high boundaries for proper pairs: (1, 2449)
[M::mem_pestat] analyzing insert size distribution for orientation FR...
[M::mem_pestat] (25, 50, 75) percentile: (291, 387, 501)
[M::mem_pestat] low and high boundaries for computing mean and std.dev: (1, 921)
[M::mem_pestat] mean and std.dev: (403.67, 153.49)
[M::mem_pestat] low and high boundaries for proper pairs: (1, 1131)
[M::mem_pestat] analyzing insert size distribution for orientation RF...
[M::mem_pestat] (25, 50, 75) percentile: (72, 489, 2962)
[M::mem_pestat] low and high boundaries for computing mean and std.dev: (1, 8742)
[M::mem_pestat] mean and std.dev: (1582.12, 2175.72)
[M::mem_pestat] low and high boundaries for proper pairs: (1, 11632)
[M::mem_pestat] analyzing insert size distribution for orientation RR...
[M::mem_pestat] (25, 50, 75) percentile: (325, 667, 1188)
[M::mem_pestat] low and high boundaries for computing mean and std.dev: (1, 2914)
[M::mem_pestat] mean and std.dev: (819.65, 625.43)
[M::mem_pestat] low and high boundaries for proper pairs: (1, 3777)
[M::mem_pestat] skip orientation FF
[M::mem_pestat] skip orientation RF
[M::mem_pestat] skip orientation RR
[M::mem_process_seqs] Processed 1473496 reads in 485.997 CPU sec, 75.555 real sec
[M::process] read 1467324 sequences (200000135 bp)...
[M::process] read 1472868 sequences (200000141 bp)...
[M::mem_pestat] # candidate unique pairs for (FF, FR, RF, RR): (538, 553332, 125, 175)
[M::mem_pestat] analyzing insert size distribution for orientation FF...
[M::mem_pestat] (25, 50, 75) percentile: (360, 546, 830)
[M::mem_pestat] low and high boundaries for computing mean and std.dev: (1, 1770)
[M::mem_pestat] mean and std.dev: (590.23, 343.53)
[M::mem_pestat] low and high boundaries for proper pairs: (1, 2240)
[M::mem_pestat] analyzing insert size distribution for orientation FR...
[M::mem_pestat] (25, 50, 75) percentile: (296, 393, 511)
[M::mem_pestat] low and high boundaries for computing mean and std.dev: (1, 941)
[M::mem_pestat] mean and std.dev: (412.00, 159.05)
[M::mem_pestat] low and high boundaries for proper pairs: (1, 1156)
[M::mem_pestat] analyzing insert size distribution for orientation RF...
[M::mem_pestat] (25, 50, 75) percentile: (63, 594, 3248)
[M::mem_pestat] low and high boundaries for computing mean and std.dev: (1, 9618)
[M::mem_pestat] mean and std.dev: (1744.81, 2346.32)
[M::mem_pestat] low and high boundaries for proper pairs: (1, 12803)
[M::mem_pestat] analyzing insert size distribution for orientation RR...
[M::mem_pestat] (25, 50, 75) percentile: (259, 508, 991)
[M::mem_pestat] low and high boundaries for computing mean and std.dev: (1, 2455)
[M::mem_pestat] mean and std.dev: (638.80, 525.74)
[M::mem_pestat] low and high boundaries for proper pairs: (1, 3187)
[M::mem_pestat] skip orientation FF
[M::mem_pestat] skip orientation RF
[M::mem_pestat] skip orientation RR
[M::mem_process_seqs] Processed 1467324 reads in 467.258 CPU sec, 48.691 real sec
[M::mem_pestat] # candidate unique pairs for (FF, FR, RF, RR): (503, 553412, 138, 188)
[M::mem_pestat] analyzing insert size distribution for orientation FF...
[M::mem_pestat] (25, 50, 75) percentile: (355, 500, 742)
[M::mem_pestat] low and high boundaries for computing mean and std.dev: (1, 1516)
[M::mem_pestat] mean and std.dev: (542.30, 300.72)
[M::mem_pestat] low and high boundaries for proper pairs: (1, 1903)
[M::mem_pestat] analyzing insert size distribution for orientation FR...
[M::mem_pestat] (25, 50, 75) percentile: (291, 385, 499)
[M::mem_pestat] low and high boundaries for computing mean and std.dev: (1, 915)
[M::mem_pestat] mean and std.dev: (402.07, 152.00)
[M::mem_pestat] low and high boundaries for proper pairs: (1, 1123)
[M::mem_pestat] analyzing insert size distribution for orientation RF...
[M::mem_pestat] (25, 50, 75) percentile: (49, 472, 2951)
[M::mem_pestat] low and high boundaries for computing mean and std.dev: (1, 8755)
[M::mem_pestat] mean and std.dev: (1582.42, 2223.17)
[M::mem_pestat] low and high boundaries for proper pairs: (1, 11657)
[M::mem_pestat] analyzing insert size distribution for orientation RR...
[M::mem_pestat] (25, 50, 75) percentile: (265, 511, 1101)
[M::mem_pestat] low and high boundaries for computing mean and std.dev: (1, 2773)
[M::mem_pestat] mean and std.dev: (672.47, 560.08)
[M::mem_pestat] low and high boundaries for proper pairs: (1, 3609)
[M::mem_pestat] skip orientation FF
[M::mem_pestat] skip orientation RF
[M::mem_pestat] skip orientation RR
[M::process] read 1467638 sequences (200000034 bp)...
[M::mem_process_seqs] Processed 1472868 reads in 471.661 CPU sec, 51.020 real sec
[M::mem_pestat] # candidate unique pairs for (FF, FR, RF, RR): (509, 554469, 148, 177)
[M::mem_pestat] analyzing insert size distribution for orientation FF...
[M::mem_pestat] (25, 50, 75) percentile: (340, 509, 791)
[M::mem_pestat] low and high boundaries for computing mean and std.dev: (1, 1693)
[M::mem_pestat] mean and std.dev: (560.77, 321.75)
[M::mem_pestat] low and high boundaries for proper pairs: (1, 2144)
[M::mem_pestat] analyzing insert size distribution for orientation FR...
[M::mem_pestat] (25, 50, 75) percentile: (294, 391, 509)
[M::mem_pestat] low and high boundaries for computing mean and std.dev: (1, 939)
[M::mem_pestat] mean and std.dev: (410.07, 158.51)
[M::mem_pestat] low and high boundaries for proper pairs: (1, 1154)
[M::mem_pestat] analyzing insert size distribution for orientation RF...
[M::mem_pestat] (25, 50, 75) percentile: (146, 845, 3013)
[M::mem_pestat] low and high boundaries for computing mean and std.dev: (1, 8747)
[M::mem_pestat] mean and std.dev: (1869.76, 2360.60)
[M::mem_pestat] low and high boundaries for proper pairs: (1, 11614)
[M::mem_pestat] analyzing insert size distribution for orientation RR...
[M::mem_pestat] (25, 50, 75) percentile: (248, 466, 906)
[M::mem_pestat] low and high boundaries for computing mean and std.dev: (1, 2222)
[M::mem_pestat] mean and std.dev: (568.96, 426.28)
[M::mem_pestat] low and high boundaries for proper pairs: (1, 2880)
[M::mem_pestat] skip orientation FF
[M::mem_pestat] skip orientation RF
[M::mem_pestat] skip orientation RR
[M::process] read 1475620 sequences (200000058 bp)...
[M::mem_process_seqs] Processed 1467638 reads in 467.447 CPU sec, 50.518 real sec
[M::mem_pestat] # candidate unique pairs for (FF, FR, RF, RR): (512, 553862, 135, 167)
[M::mem_pestat] analyzing insert size distribution for orientation FF...
[M::mem_pestat] (25, 50, 75) percentile: (355, 519, 746)
[M::mem_pestat] low and high boundaries for computing mean and std.dev: (1, 1528)
[M::mem_pestat] mean and std.dev: (541.82, 279.41)
[M::mem_pestat] low and high boundaries for proper pairs: (1, 1919)
[M::mem_pestat] analyzing insert size distribution for orientation FR...
[M::mem_pestat] (25, 50, 75) percentile: (289, 384, 496)
[M::mem_pestat] low and high boundaries for computing mean and std.dev: (1, 910)
[M::mem_pestat] mean and std.dev: (400.50, 151.10)
[M::mem_pestat] low and high boundaries for proper pairs: (1, 1117)
[M::mem_pestat] analyzing insert size distribution for orientation RF...
[M::mem_pestat] (25, 50, 75) percentile: (114, 367, 2833)
[M::mem_pestat] low and high boundaries for computing mean and std.dev: (1, 8271)
[M::mem_pestat] mean and std.dev: (1533.47, 2126.31)
[M::mem_pestat] low and high boundaries for proper pairs: (1, 10990)
[M::mem_pestat] analyzing insert size distribution for orientation RR...
[M::mem_pestat] (25, 50, 75) percentile: (316, 625, 1134)
[M::mem_pestat] low and high boundaries for computing mean and std.dev: (1, 2770)
[M::mem_pestat] mean and std.dev: (713.32, 568.14)
[M::mem_pestat] low and high boundaries for proper pairs: (1, 3588)
[M::mem_pestat] skip orientation FF
[M::mem_pestat] skip orientation RF
[M::mem_pestat] skip orientation RR
[M::process] read 1469522 sequences (200000084 bp)...
[M::mem_process_seqs] Processed 1475620 reads in 473.524 CPU sec, 51.187 real sec
[M::mem_pestat] # candidate unique pairs for (FF, FR, RF, RR): (476, 556325, 139, 179)
[M::mem_pestat] analyzing insert size distribution for orientation FF...
[M::mem_pestat] (25, 50, 75) percentile: (323, 496, 749)
[M::mem_pestat] low and high boundaries for computing mean and std.dev: (1, 1601)
[M::mem_pestat] mean and std.dev: (531.88, 294.93)
[M::mem_pestat] low and high boundaries for proper pairs: (1, 2027)
[M::mem_pestat] analyzing insert size distribution for orientation FR...
[M::mem_pestat] (25, 50, 75) percentile: (290, 385, 499)
[M::mem_pestat] low and high boundaries for computing mean and std.dev: (1, 917)
[M::mem_pestat] mean and std.dev: (402.84, 154.99)
[M::mem_pestat] low and high boundaries for proper pairs: (1, 1126)
[M::mem_pestat] analyzing insert size distribution for orientation RF...
[M::mem_pestat] (25, 50, 75) percentile: (80, 433, 3183)
[M::mem_pestat] low and high boundaries for computing mean and std.dev: (1, 9389)
[M::mem_pestat] mean and std.dev: (1623.76, 2239.77)
[M::mem_pestat] low and high boundaries for proper pairs: (1, 12492)
[M::mem_pestat] analyzing insert size distribution for orientation RR...
[M::mem_pestat] (25, 50, 75) percentile: (281, 517, 1020)
[M::mem_pestat] low and high boundaries for computing mean and std.dev: (1, 2498)
[M::mem_pestat] mean and std.dev: (635.83, 503.53)
[M::mem_pestat] low and high boundaries for proper pairs: (1, 3237)
[M::mem_pestat] skip orientation FF
[M::mem_pestat] skip orientation RF
[M::mem_pestat] skip orientation RR
[M::process] read 1473622 sequences (200000184 bp)...
[M::mem_process_seqs] Processed 1469522 reads in 463.367 CPU sec, 50.187 real sec
[M::mem_pestat] # candidate unique pairs for (FF, FR, RF, RR): (507, 553036, 154, 173)
[M::mem_pestat] analyzing insert size distribution for orientation FF...
[M::mem_pestat] (25, 50, 75) percentile: (318, 496, 746)
[M::mem_pestat] low and high boundaries for computing mean and std.dev: (1, 1602)
[M::mem_pestat] mean and std.dev: (525.42, 292.72)
[M::mem_pestat] low and high boundaries for proper pairs: (1, 2030)
[M::mem_pestat] analyzing insert size distribution for orientation FR...
[M::mem_pestat] (25, 50, 75) percentile: (290, 385, 499)
[M::mem_pestat] low and high boundaries for computing mean and std.dev: (1, 917)
[M::mem_pestat] mean and std.dev: (402.17, 152.78)
[M::mem_pestat] low and high boundaries for proper pairs: (1, 1126)
[M::mem_pestat] analyzing insert size distribution for orientation RF...
[M::mem_pestat] (25, 50, 75) percentile: (90, 487, 2606)
[M::mem_pestat] low and high boundaries for computing mean and std.dev: (1, 7638)
[M::mem_pestat] mean and std.dev: (1421.31, 1952.61)
[M::mem_pestat] low and high boundaries for proper pairs: (1, 10154)
[M::mem_pestat] analyzing insert size distribution for orientation RR...
[M::mem_pestat] (25, 50, 75) percentile: (287, 494, 930)
[M::mem_pestat] low and high boundaries for computing mean and std.dev: (1, 2216)
[M::mem_pestat] mean and std.dev: (564.94, 417.97)
[M::mem_pestat] low and high boundaries for proper pairs: (1, 2859)
[M::mem_pestat] skip orientation FF
[M::mem_pestat] skip orientation RF
[M::mem_pestat] skip orientation RR
[M::process] read 1518204 sequences (200000179 bp)...
[M::mem_process_seqs] Processed 1473622 reads in 478.774 CPU sec, 52.850 real sec
[M::process] read 1500700 sequences (200000157 bp)...
[M::mem_pestat] # candidate unique pairs for (FF, FR, RF, RR): (518, 551439, 147, 193)
[M::mem_pestat] analyzing insert size distribution for orientation FF...
[M::mem_pestat] (25, 50, 75) percentile: (361, 514, 787)
[M::mem_pestat] low and high boundaries for computing mean and std.dev: (1, 1639)
[M::mem_pestat] mean and std.dev: (562.63, 313.09)
[M::mem_pestat] low and high boundaries for proper pairs: (1, 2065)
[M::mem_pestat] analyzing insert size distribution for orientation FR...
[M::mem_pestat] (25, 50, 75) percentile: (296, 393, 511)
[M::mem_pestat] low and high boundaries for computing mean and std.dev: (1, 941)
[M::mem_pestat] mean and std.dev: (412.09, 159.74)
[M::mem_pestat] low and high boundaries for proper pairs: (1, 1156)
[M::mem_pestat] analyzing insert size distribution for orientation RF...
[M::mem_pestat] (25, 50, 75) percentile: (80, 528, 3210)
[M::mem_pestat] low and high boundaries for computing mean and std.dev: (1, 9470)
[M::mem_pestat] mean and std.dev: (1863.66, 2373.00)
[M::mem_pestat] low and high boundaries for proper pairs: (1, 12600)
[M::mem_pestat] analyzing insert size distribution for orientation RR...
[M::mem_pestat] (25, 50, 75) percentile: (279, 507, 968)
[M::mem_pestat] low and high boundaries for computing mean and std.dev: (1, 2346)
[M::mem_pestat] mean and std.dev: (655.31, 526.64)
[M::mem_pestat] low and high boundaries for proper pairs: (1, 3035)
[M::mem_pestat] skip orientation FF
[M::mem_pestat] skip orientation RF
[M::mem_pestat] skip orientation RR
[M::mem_process_seqs] Processed 1518204 reads in 608.743 CPU sec, 72.747 real sec
[M::mem_pestat] # candidate unique pairs for (FF, FR, RF, RR): (529, 559278, 135, 181)
[M::mem_pestat] analyzing insert size distribution for orientation FF...
[M::mem_pestat] (25, 50, 75) percentile: (347, 536, 783)
[M::mem_pestat] low and high boundaries for computing mean and std.dev: (1, 1655)
[M::mem_pestat] mean and std.dev: (552.95, 303.47)
[M::mem_pestat] low and high boundaries for proper pairs: (1, 2091)
[M::mem_pestat] analyzing insert size distribution for orientation FR...
[M::mem_pestat] (25, 50, 75) percentile: (295, 393, 511)
[M::mem_pestat] low and high boundaries for computing mean and std.dev: (1, 943)
[M::mem_pestat] mean and std.dev: (411.17, 158.57)
[M::mem_pestat] low and high boundaries for proper pairs: (1, 1159)
[M::mem_pestat] analyzing insert size distribution for orientation RF...
[M::mem_pestat] (25, 50, 75) percentile: (162, 682, 3261)
[M::mem_pestat] low and high boundaries for computing mean and std.dev: (1, 9459)
[M::mem_pestat] mean and std.dev: (1914.49, 2376.40)
[M::mem_pestat] low and high boundaries for proper pairs: (1, 12558)
[M::mem_pestat] analyzing insert size distribution for orientation RR...
[M::mem_pestat] (25, 50, 75) percentile: (265, 605, 1275)
[M::mem_pestat] low and high boundaries for computing mean and std.dev: (1, 3295)
[M::mem_pestat] mean and std.dev: (760.22, 651.18)
[M::mem_pestat] low and high boundaries for proper pairs: (1, 4305)
[M::mem_pestat] skip orientation FF
[M::mem_pestat] skip orientation RF
[M::mem_pestat] skip orientation RR
[M::process] read 1474152 sequences (200000239 bp)...
[M::mem_process_seqs] Processed 1500700 reads in 512.554 CPU sec, 55.229 real sec
[M::mem_pestat] # candidate unique pairs for (FF, FR, RF, RR): (560, 556133, 154, 208)
[M::mem_pestat] analyzing insert size distribution for orientation FF...
[M::mem_pestat] (25, 50, 75) percentile: (373, 547, 810)
[M::mem_pestat] low and high boundaries for computing mean and std.dev: (1, 1684)
[M::mem_pestat] mean and std.dev: (578.37, 310.28)
[M::mem_pestat] low and high boundaries for proper pairs: (1, 2121)
[M::mem_pestat] analyzing insert size distribution for orientation FR...
[M::mem_pestat] (25, 50, 75) percentile: (299, 398, 521)
[M::mem_pestat] low and high boundaries for computing mean and std.dev: (1, 965)
[M::mem_pestat] mean and std.dev: (418.79, 164.23)
[M::mem_pestat] low and high boundaries for proper pairs: (1, 1187)
[M::mem_pestat] analyzing insert size distribution for orientation RF...
[M::mem_pestat] (25, 50, 75) percentile: (90, 529, 3178)
[M::mem_pestat] low and high boundaries for computing mean and std.dev: (1, 9354)
[M::mem_pestat] mean and std.dev: (1766.59, 2336.19)
[M::mem_pestat] low and high boundaries for proper pairs: (1, 12442)
[M::mem_pestat] analyzing insert size distribution for orientation RR...
[M::mem_pestat] (25, 50, 75) percentile: (366, 648, 1248)
[M::mem_pestat] low and high boundaries for computing mean and std.dev: (1, 3012)
[M::mem_pestat] mean and std.dev: (798.36, 616.37)
[M::mem_pestat] low and high boundaries for proper pairs: (1, 3894)
[M::mem_pestat] skip orientation FF
[M::mem_pestat] skip orientation RF
[M::mem_pestat] skip orientation RR
[M::process] read 1482998 sequences (200000192 bp)...
[M::mem_process_seqs] Processed 1474152 reads in 495.919 CPU sec, 53.460 real sec
[M::process] read 1474368 sequences (200000077 bp)...
[M::mem_pestat] # candidate unique pairs for (FF, FR, RF, RR): (557, 554800, 167, 192)
[M::mem_pestat] analyzing insert size distribution for orientation FF...
[M::mem_pestat] (25, 50, 75) percentile: (367, 560, 835)
[M::mem_pestat] low and high boundaries for computing mean and std.dev: (1, 1771)
[M::mem_pestat] mean and std.dev: (584.78, 329.62)
[M::mem_pestat] low and high boundaries for proper pairs: (1, 2239)
[M::mem_pestat] analyzing insert size distribution for orientation FR...
[M::mem_pestat] (25, 50, 75) percentile: (297, 395, 514)
[M::mem_pestat] low and high boundaries for computing mean and std.dev: (1, 948)
[M::mem_pestat] mean and std.dev: (413.64, 159.52)
[M::mem_pestat] low and high boundaries for proper pairs: (1, 1165)
[M::mem_pestat] analyzing insert size distribution for orientation RF...
[M::mem_pestat] (25, 50, 75) percentile: (92, 654, 3326)
[M::mem_pestat] low and high boundaries for computing mean and std.dev: (1, 9794)
[M::mem_pestat] mean and std.dev: (2035.29, 2508.82)
[M::mem_pestat] low and high boundaries for proper pairs: (1, 13028)
[M::mem_pestat] analyzing insert size distribution for orientation RR...
[M::mem_pestat] (25, 50, 75) percentile: (285, 548, 1099)
[M::mem_pestat] low and high boundaries for computing mean and std.dev: (1, 2727)
[M::mem_pestat] mean and std.dev: (681.92, 531.64)
[M::mem_pestat] low and high boundaries for proper pairs: (1, 3541)
[M::mem_pestat] skip orientation FF
[M::mem_pestat] skip orientation RF
[M::mem_pestat] skip orientation RR
[M::mem_process_seqs] Processed 1482998 reads in 509.350 CPU sec, 54.853 real sec
[M::mem_pestat] # candidate unique pairs for (FF, FR, RF, RR): (482, 555466, 132, 197)
[M::mem_pestat] analyzing insert size distribution for orientation FF...
[M::mem_pestat] (25, 50, 75) percentile: (369, 532, 830)
[M::mem_pestat] low and high boundaries for computing mean and std.dev: (1, 1752)
[M::mem_pestat] mean and std.dev: (581.88, 313.65)
[M::mem_pestat] low and high boundaries for proper pairs: (1, 2213)
[M::mem_pestat] analyzing insert size distribution for orientation FR...
[M::mem_pestat] (25, 50, 75) percentile: (297, 396, 517)
[M::mem_pestat] low and high boundaries for computing mean and std.dev: (1, 957)
[M::mem_pestat] mean and std.dev: (415.87, 162.91)
[M::mem_pestat] low and high boundaries for proper pairs: (1, 1177)
[M::mem_pestat] analyzing insert size distribution for orientation RF...
[M::mem_pestat] (25, 50, 75) percentile: (98, 681, 2296)
[M::mem_pestat] low and high boundaries for computing mean and std.dev: (1, 6692)
[M::mem_pestat] mean and std.dev: (1311.33, 1662.37)
[M::mem_pestat] low and high boundaries for proper pairs: (1, 8890)
[M::mem_pestat] analyzing insert size distribution for orientation RR...
[M::mem_pestat] (25, 50, 75) percentile: (312, 568, 1321)
[M::mem_pestat] low and high boundaries for computing mean and std.dev: (1, 3339)
[M::mem_pestat] mean and std.dev: (857.55, 767.19)
[M::mem_pestat] low and high boundaries for proper pairs: (1, 4348)
[M::mem_pestat] skip orientation FF
[M::mem_pestat] skip orientation RF
[M::mem_pestat] skip orientation RR
[M::process] read 1476016 sequences (200000136 bp)...
[M::mem_process_seqs] Processed 1474368 reads in 476.914 CPU sec, 51.559 real sec
[M::mem_pestat] # candidate unique pairs for (FF, FR, RF, RR): (554, 554335, 131, 202)
[M::mem_pestat] analyzing insert size distribution for orientation FF...
[M::mem_pestat] (25, 50, 75) percentile: (359, 541, 846)
[M::mem_pestat] low and high boundaries for computing mean and std.dev: (1, 1820)
[M::mem_pestat] mean and std.dev: (614.92, 351.85)
[M::mem_pestat] low and high boundaries for proper pairs: (1, 2307)
[M::mem_pestat] analyzing insert size distribution for orientation FR...
[M::mem_pestat] (25, 50, 75) percentile: (298, 397, 518)
[M::mem_pestat] low and high boundaries for computing mean and std.dev: (1, 958)
[M::mem_pestat] mean and std.dev: (417.08, 162.88)
[M::mem_pestat] low and high boundaries for proper pairs: (1, 1178)
[M::mem_pestat] analyzing insert size distribution for orientation RF...
[M::mem_pestat] (25, 50, 75) percentile: (76, 473, 2056)
[M::mem_pestat] low and high boundaries for computing mean and std.dev: (1, 6016)
[M::mem_pestat] mean and std.dev: (1196.38, 1626.55)
[M::mem_pestat] low and high boundaries for proper pairs: (1, 7996)
[M::mem_pestat] analyzing insert size distribution for orientation RR...
[M::mem_pestat] (25, 50, 75) percentile: (280, 543, 1169)
[M::mem_pestat] low and high boundaries for computing mean and std.dev: (1, 2947)
[M::mem_pestat] mean and std.dev: (723.24, 584.49)
[M::mem_pestat] low and high boundaries for proper pairs: (1, 3836)
[M::mem_pestat] skip orientation FF
[M::mem_pestat] skip orientation RF
[M::mem_pestat] skip orientation RR
[M::process] read 1477840 sequences (200000150 bp)...
[M::mem_process_seqs] Processed 1476016 reads in 504.773 CPU sec, 54.359 real sec
[M::mem_pestat] # candidate unique pairs for (FF, FR, RF, RR): (523, 556605, 132, 196)
[M::mem_pestat] analyzing insert size distribution for orientation FF...
[M::mem_pestat] (25, 50, 75) percentile: (342, 516, 841)
[M::mem_pestat] low and high boundaries for computing mean and std.dev: (1, 1839)
[M::mem_pestat] mean and std.dev: (583.65, 340.08)
[M::mem_pestat] low and high boundaries for proper pairs: (1, 2338)
[M::mem_pestat] analyzing insert size distribution for orientation FR...
[M::mem_pestat] (25, 50, 75) percentile: (295, 393, 512)
[M::mem_pestat] low and high boundaries for computing mean and std.dev: (1, 946)
[M::mem_pestat] mean and std.dev: (412.12, 160.35)
[M::mem_pestat] low and high boundaries for proper pairs: (1, 1163)
[M::mem_pestat] analyzing insert size distribution for orientation RF...
[M::mem_pestat] (25, 50, 75) percentile: (41, 393, 2938)
[M::mem_pestat] low and high boundaries for computing mean and std.dev: (1, 8732)
[M::mem_pestat] mean and std.dev: (1454.34, 2047.05)
[M::mem_pestat] low and high boundaries for proper pairs: (1, 11629)
[M::mem_pestat] analyzing insert size distribution for orientation RR...
[M::mem_pestat] (25, 50, 75) percentile: (349, 640, 1438)
[M::mem_pestat] low and high boundaries for computing mean and std.dev: (1, 3616)
[M::mem_pestat] mean and std.dev: (892.32, 777.65)
[M::mem_pestat] low and high boundaries for proper pairs: (1, 4705)
[M::mem_pestat] skip orientation FF
[M::mem_pestat] skip orientation RF
[M::mem_pestat] skip orientation RR
[M::process] read 1474698 sequences (200000134 bp)...
[M::mem_process_seqs] Processed 1477840 reads in 479.892 CPU sec, 51.808 real sec
[M::mem_pestat] # candidate unique pairs for (FF, FR, RF, RR): (507, 554510, 155, 183)
[M::mem_pestat] analyzing insert size distribution for orientation FF...
[M::mem_pestat] (25, 50, 75) percentile: (344, 543, 819)
[M::mem_pestat] low and high boundaries for computing mean and std.dev: (1, 1769)
[M::mem_pestat] mean and std.dev: (582.78, 332.13)
[M::mem_pestat] low and high boundaries for proper pairs: (1, 2244)
[M::mem_pestat] analyzing insert size distribution for orientation FR...
[M::mem_pestat] (25, 50, 75) percentile: (298, 398, 520)
[M::mem_pestat] low and high boundaries for computing mean and std.dev: (1, 964)
[M::mem_pestat] mean and std.dev: (418.33, 164.00)
[M::mem_pestat] low and high boundaries for proper pairs: (1, 1186)
[M::mem_pestat] analyzing insert size distribution for orientation RF...
[M::mem_pestat] (25, 50, 75) percentile: (86, 523, 3255)
[M::mem_pestat] low and high boundaries for computing mean and std.dev: (1, 9593)
[M::mem_pestat] mean and std.dev: (1933.77, 2506.72)
[M::mem_pestat] low and high boundaries for proper pairs: (1, 12762)
[M::mem_pestat] analyzing insert size distribution for orientation RR...
[M::mem_pestat] (25, 50, 75) percentile: (313, 571, 1043)
[M::mem_pestat] low and high boundaries for computing mean and std.dev: (1, 2503)
[M::mem_pestat] mean and std.dev: (683.78, 518.78)
[M::mem_pestat] low and high boundaries for proper pairs: (1, 3233)
[M::mem_pestat] skip orientation FF
[M::mem_pestat] skip orientation RF
[M::mem_pestat] skip orientation RR
[M::process] read 1477966 sequences (200000172 bp)...
[M::mem_process_seqs] Processed 1474698 reads in 495.272 CPU sec, 53.894 real sec
[M::mem_pestat] # candidate unique pairs for (FF, FR, RF, RR): (503, 556179, 128, 188)
[M::mem_pestat] analyzing insert size distribution for orientation FF...
[M::mem_pestat] (25, 50, 75) percentile: (341, 521, 790)
[M::mem_pestat] low and high boundaries for computing mean and std.dev: (1, 1688)
[M::mem_pestat] mean and std.dev: (553.82, 304.35)
[M::mem_pestat] low and high boundaries for proper pairs: (1, 2137)
[M::mem_pestat] analyzing insert size distribution for orientation FR...
[M::mem_pestat] (25, 50, 75) percentile: (294, 391, 510)
[M::mem_pestat] low and high boundaries for computing mean and std.dev: (1, 942)
[M::mem_pestat] mean and std.dev: (410.38, 159.12)
[M::mem_pestat] low and high boundaries for proper pairs: (1, 1158)
[M::mem_pestat] analyzing insert size distribution for orientation RF...
[M::mem_pestat] (25, 50, 75) percentile: (157, 666, 3796)
[M::mem_pestat] low and high boundaries for computing mean and std.dev: (1, 11074)
[M::mem_pestat] mean and std.dev: (2217.29, 2825.55)
[M::mem_pestat] low and high boundaries for proper pairs: (1, 14713)
[M::mem_pestat] analyzing insert size distribution for orientation RR...
[M::mem_pestat] (25, 50, 75) percentile: (265, 485, 1054)
[M::mem_pestat] low and high boundaries for computing mean and std.dev: (1, 2632)
[M::mem_pestat] mean and std.dev: (670.35, 575.96)
[M::mem_pestat] low and high boundaries for proper pairs: (1, 3421)
[M::mem_pestat] skip orientation FF
[M::mem_pestat] skip orientation RF
[M::mem_pestat] skip orientation RR
[M::mem_process_seqs] Processed 1477966 reads in 490.607 CPU sec, 80.866 real sec
[M::process] read 1481736 sequences (200000189 bp)...
[M::process] read 1485242 sequences (200000139 bp)...
[M::mem_pestat] # candidate unique pairs for (FF, FR, RF, RR): (514, 556086, 122, 185)
[M::mem_pestat] analyzing insert size distribution for orientation FF...
[M::mem_pestat] (25, 50, 75) percentile: (338, 534, 806)
[M::mem_pestat] low and high boundaries for computing mean and std.dev: (1, 1742)
[M::mem_pestat] mean and std.dev: (577.91, 338.80)
[M::mem_pestat] low and high boundaries for proper pairs: (1, 2210)
[M::mem_pestat] analyzing insert size distribution for orientation FR...
[M::mem_pestat] (25, 50, 75) percentile: (297, 395, 515)
[M::mem_pestat] low and high boundaries for computing mean and std.dev: (1, 951)
[M::mem_pestat] mean and std.dev: (414.70, 160.99)
[M::mem_pestat] low and high boundaries for proper pairs: (1, 1169)
[M::mem_pestat] analyzing insert size distribution for orientation RF...
[M::mem_pestat] (25, 50, 75) percentile: (74, 326, 3206)
[M::mem_pestat] low and high boundaries for computing mean and std.dev: (1, 9470)
[M::mem_pestat] mean and std.dev: (1513.78, 2078.14)
[M::mem_pestat] low and high boundaries for proper pairs: (1, 12602)
[M::mem_pestat] analyzing insert size distribution for orientation RR...
[M::mem_pestat] (25, 50, 75) percentile: (269, 548, 1260)
[M::mem_pestat] low and high boundaries for computing mean and std.dev: (1, 3242)
[M::mem_pestat] mean and std.dev: (727.51, 624.50)
[M::mem_pestat] low and high boundaries for proper pairs: (1, 4233)
[M::mem_pestat] skip orientation FF
[M::mem_pestat] skip orientation RF
[M::mem_pestat] skip orientation RR
[M::mem_process_seqs] Processed 1481736 reads in 489.590 CPU sec, 51.252 real sec
[M::mem_pestat] # candidate unique pairs for (FF, FR, RF, RR): (487, 557968, 132, 190)
[M::mem_pestat] analyzing insert size distribution for orientation FF...
[M::mem_pestat] (25, 50, 75) percentile: (339, 511, 784)
[M::mem_pestat] low and high boundaries for computing mean and std.dev: (1, 1674)
[M::mem_pestat] mean and std.dev: (544.27, 302.14)
[M::mem_pestat] low and high boundaries for proper pairs: (1, 2119)
[M::mem_pestat] analyzing insert size distribution for orientation FR...
[M::mem_pestat] (25, 50, 75) percentile: (290, 386, 501)
[M::mem_pestat] low and high boundaries for computing mean and std.dev: (1, 923)
[M::mem_pestat] mean and std.dev: (403.62, 154.91)
[M::mem_pestat] low and high boundaries for proper pairs: (1, 1134)
[M::mem_pestat] analyzing insert size distribution for orientation RF...
[M::mem_pestat] (25, 50, 75) percentile: (122, 502, 3310)
[M::mem_pestat] low and high boundaries for computing mean and std.dev: (1, 9686)
[M::mem_pestat] mean and std.dev: (1741.13, 2334.49)
[M::mem_pestat] low and high boundaries for proper pairs: (1, 12874)
[M::mem_pestat] analyzing insert size distribution for orientation RR...
[M::mem_pestat] (25, 50, 75) percentile: (302, 563, 1129)
[M::mem_pestat] low and high boundaries for computing mean and std.dev: (1, 2783)
[M::mem_pestat] mean and std.dev: (737.59, 633.02)
[M::mem_pestat] low and high boundaries for proper pairs: (1, 3610)
[M::mem_pestat] skip orientation FF
[M::mem_pestat] skip orientation RF
[M::mem_pestat] skip orientation RR
[M::process] read 1486266 sequences (200000230 bp)...
[M::mem_process_seqs] Processed 1485242 reads in 505.192 CPU sec, 54.379 real sec
[M::mem_pestat] # candidate unique pairs for (FF, FR, RF, RR): (504, 558382, 124, 215)
[M::mem_pestat] analyzing insert size distribution for orientation FF...
[M::mem_pestat] (25, 50, 75) percentile: (344, 508, 757)
[M::mem_pestat] low and high boundaries for computing mean and std.dev: (1, 1583)
[M::mem_pestat] mean and std.dev: (526.18, 284.41)
[M::mem_pestat] low and high boundaries for proper pairs: (1, 1996)
[M::mem_pestat] analyzing insert size distribution for orientation FR...
[M::mem_pestat] (25, 50, 75) percentile: (293, 390, 506)
[M::mem_pestat] low and high boundaries for computing mean and std.dev: (1, 932)
[M::mem_pestat] mean and std.dev: (407.98, 157.06)
[M::mem_pestat] low and high boundaries for proper pairs: (1, 1145)
[M::mem_pestat] analyzing insert size distribution for orientation RF...
[M::mem_pestat] (25, 50, 75) percentile: (86, 277, 2486)
[M::mem_pestat] low and high boundaries for computing mean and std.dev: (1, 7286)
[M::mem_pestat] mean and std.dev: (1294.76, 1869.86)
[M::mem_pestat] low and high boundaries for proper pairs: (1, 9686)
[M::mem_pestat] analyzing insert size distribution for orientation RR...
[M::mem_pestat] (25, 50, 75) percentile: (282, 558, 1250)
[M::mem_pestat] low and high boundaries for computing mean and std.dev: (1, 3186)
[M::mem_pestat] mean and std.dev: (830.10, 753.80)
[M::mem_pestat] low and high boundaries for proper pairs: (1, 4154)
[M::mem_pestat] skip orientation FF
[M::mem_pestat] skip orientation RF
[M::mem_pestat] skip orientation RR
[M::process] read 706888 sequences (95317044 bp)...
[M::mem_process_seqs] Processed 1486266 reads in 508.057 CPU sec, 54.842 real sec
[M::mem_pestat] # candidate unique pairs for (FF, FR, RF, RR): (230, 264824, 65, 94)
[M::mem_pestat] analyzing insert size distribution for orientation FF...
[M::mem_pestat] (25, 50, 75) percentile: (338, 498, 729)
[M::mem_pestat] low and high boundaries for computing mean and std.dev: (1, 1511)
[M::mem_pestat] mean and std.dev: (503.29, 261.88)
[M::mem_pestat] low and high boundaries for proper pairs: (1, 1902)
[M::mem_pestat] analyzing insert size distribution for orientation FR...
[M::mem_pestat] (25, 50, 75) percentile: (293, 390, 505)
[M::mem_pestat] low and high boundaries for computing mean and std.dev: (1, 929)
[M::mem_pestat] mean and std.dev: (407.55, 155.81)
[M::mem_pestat] low and high boundaries for proper pairs: (1, 1141)
[M::mem_pestat] analyzing insert size distribution for orientation RF...
[M::mem_pestat] (25, 50, 75) percentile: (39, 187, 2481)
[M::mem_pestat] low and high boundaries for computing mean and std.dev: (1, 7365)
[M::mem_pestat] mean and std.dev: (1171.34, 1750.21)
[M::mem_pestat] low and high boundaries for proper pairs: (1, 9807)
[M::mem_pestat] analyzing insert size distribution for orientation RR...
[M::mem_pestat] (25, 50, 75) percentile: (225, 504, 912)
[M::mem_pestat] low and high boundaries for computing mean and std.dev: (1, 2286)
[M::mem_pestat] mean and std.dev: (599.91, 456.14)
[M::mem_pestat] low and high boundaries for proper pairs: (1, 2973)
[M::mem_pestat] skip orientation FF
[M::mem_pestat] skip orientation RF
[M::mem_pestat] skip orientation RR
[M::mem_process_seqs] Processed 706888 reads in 230.949 CPU sec, 25.691 real sec
[main] Version: 0.7.17-r1188
[main] CMD:samblaster: Marked 1684794 of 18821631 (8.95%) read ids as duplicates bwa mem using 417404k memory in  -t44.432S 20 CPU seconds and  -R24M @RG\tID:LG_CL_19T_363\tPL:ILLUMINA\tPU:HJMFJDSX7.2\tSM:LG_CL_19T_363\tCN:MCGILL\tBC:GTCCGTAAGC-AAGATACACG52S /storage/scratch/iee/dj20y461/Stickleback/G_aculeatus/FITNESS//data/ref_A_X/stickleback_v5_assembly_A_X.fasta(1492S) /storage/scratch/iee/dj20y461/Stickleback/G_aculeatus/FITNESS//data/trimmed/LG_CL_19T_363.R1.trimmed.fastq.gz wall time.
 /storage/scratch/iee/dj20y461/Stickleback/G_aculeatus/FITNESS//data/trimmed/LG_CL_19T_363.R2.trimmed.fastq.gz
[main] Real time: 1492.473 sec; CPU: 12480.757 sec
[bam_sort_core] merging from 0 files and 20 in-memory blocks...
