samblaster: Version 0.1.24
samblaster: Inputting from stdin
samblaster: Outputting to stdout
[M::bwa_idx_load_from_disk] read 0 ALT contigs
[M::process] read 1450992 sequences (200000124 bp)...
[M::mem_pestat] # candidate unique pairs for (FF, FR, RF, RR): (21, 546611, 107, 27)
[M::mem_pestat] analyzing insert size distribution for orientation FF...
[M::mem_pestat] (25, 50, 75) percentile: (194, 311, 568)
[M::mem_pestat] low and high boundaries for computing mean and std.dev: (1, 1316)
[M::mem_pestat] mean and std.dev: (317.79, 238.28)
[M::mem_pestat] low and high boundaries for proper pairs: (1, 1690)
[M::mem_pestat] analyzing insert size distribution for orientation FR...
[M::mem_pestat] (25, 50, 75) percentile: (204, 273, 350)
[M::mem_pestat] low and high boundaries for computing mean and std.dev: (1, 642)
[M::mem_pestat] mean and std.dev: (284.08, 103.09)
[M::mem_pestat] low and high boundaries for proper pairs: (1, 788)
[M::mem_pestat] analyzing insert size distribution for orientation RF...
[M::mem_pestat] (25, 50, 75) percentile: (100, 298, 1845)
[M::mem_pestat] low and high boundaries for computing mean and std.dev: (1, 5335)
[M::mem_pestat] mean and std.dev: (803.47, 1179.71)
[M::mem_pestat] low and high boundaries for proper pairs: (1, 7080)
[M::mem_pestat] analyzing insert size distribution for orientation RR...
[M::mem_pestat] (25, 50, 75) percentile: (143, 329, 596)
[M::mem_pestat] low and high boundaries for computing mean and std.dev: (1, 1502)
[M::mem_pestat] mean and std.dev: (385.71, 348.50)
[M::mem_pestat] low and high boundaries for proper pairs: (1, 1955)
[M::mem_pestat] skip orientation FF
[M::mem_pestat] skip orientation RF
[M::mem_pestat] skip orientation RR
[M::mem_process_seqs] Processed 1450992 reads in 484.502 CPU sec, 115.420 real sec
samblaster: Loaded 23 header sequence entries.
[M::process] read 1450320 sequences (200000180 bp)...
[M::process] read 1449606 sequences (200000099 bp)...
[M::mem_pestat] # candidate unique pairs for (FF, FR, RF, RR): (28, 544801, 115, 23)
[M::mem_pestat] analyzing insert size distribution for orientation FF...
[M::mem_pestat] (25, 50, 75) percentile: (253, 329, 809)
[M::mem_pestat] low and high boundaries for computing mean and std.dev: (1, 1921)
[M::mem_pestat] mean and std.dev: (431.77, 364.97)
[M::mem_pestat] low and high boundaries for proper pairs: (1, 2477)
[M::mem_pestat] analyzing insert size distribution for orientation FR...
[M::mem_pestat] (25, 50, 75) percentile: (204, 273, 351)
[M::mem_pestat] low and high boundaries for computing mean and std.dev: (1, 645)
[M::mem_pestat] mean and std.dev: (284.61, 103.39)
[M::mem_pestat] low and high boundaries for proper pairs: (1, 792)
[M::mem_pestat] analyzing insert size distribution for orientation RF...
[M::mem_pestat] (25, 50, 75) percentile: (89, 388, 2575)
[M::mem_pestat] low and high boundaries for computing mean and std.dev: (1, 7547)
[M::mem_pestat] mean and std.dev: (1205.90, 1787.75)
[M::mem_pestat] low and high boundaries for proper pairs: (1, 10033)
[M::mem_pestat] analyzing insert size distribution for orientation RR...
[M::mem_pestat] (25, 50, 75) percentile: (201, 415, 1434)
[M::mem_pestat] low and high boundaries for computing mean and std.dev: (1, 3900)
[M::mem_pestat] mean and std.dev: (671.35, 908.17)
[M::mem_pestat] low and high boundaries for proper pairs: (1, 5133)
[M::mem_pestat] skip orientation FF
[M::mem_pestat] skip orientation RF
[M::mem_pestat] skip orientation RR
[M::mem_process_seqs] Processed 1450320 reads in 459.943 CPU sec, 50.826 real sec
[M::mem_pestat] # candidate unique pairs for (FF, FR, RF, RR): (28, 545040, 118, 19)
[M::mem_pestat] analyzing insert size distribution for orientation FF...
[M::mem_pestat] (25, 50, 75) percentile: (184, 319, 662)
[M::mem_pestat] low and high boundaries for computing mean and std.dev: (1, 1618)
[M::mem_pestat] mean and std.dev: (351.08, 309.67)
[M::mem_pestat] low and high boundaries for proper pairs: (1, 2096)
[M::mem_pestat] analyzing insert size distribution for orientation FR...
[M::mem_pestat] (25, 50, 75) percentile: (206, 275, 352)
[M::mem_pestat] low and high boundaries for computing mean and std.dev: (1, 644)
[M::mem_pestat] mean and std.dev: (286.02, 103.75)
[M::mem_pestat] low and high boundaries for proper pairs: (1, 790)
[M::mem_pestat] analyzing insert size distribution for orientation RF...
[M::mem_pestat] (25, 50, 75) percentile: (63, 266, 942)
[M::mem_pestat] low and high boundaries for computing mean and std.dev: (1, 2700)
[M::mem_pestat] mean and std.dev: (409.75, 557.46)
[M::mem_pestat] low and high boundaries for proper pairs: (1, 3579)
[M::mem_pestat] analyzing insert size distribution for orientation RR...
[M::mem_pestat] (25, 50, 75) percentile: (94, 178, 525)
[M::mem_pestat] low and high boundaries for computing mean and std.dev: (1, 1387)
[M::mem_pestat] mean and std.dev: (227.06, 174.64)
[M::mem_pestat] low and high boundaries for proper pairs: (1, 1818)
[M::mem_pestat] skip orientation FF
[M::mem_pestat] skip orientation RF
[M::mem_pestat] skip orientation RR
[M::process] read 1450070 sequences (200000045 bp)...
[M::mem_process_seqs] Processed 1449606 reads in 458.866 CPU sec, 50.726 real sec
[M::mem_pestat] # candidate unique pairs for (FF, FR, RF, RR): (33, 546276, 117, 25)
[M::mem_pestat] analyzing insert size distribution for orientation FF...
[M::mem_pestat] (25, 50, 75) percentile: (182, 317, 464)
[M::mem_pestat] low and high boundaries for computing mean and std.dev: (1, 1028)
[M::mem_pestat] mean and std.dev: (306.10, 145.39)
[M::mem_pestat] low and high boundaries for proper pairs: (1, 1310)
[M::mem_pestat] analyzing insert size distribution for orientation FR...
[M::mem_pestat] (25, 50, 75) percentile: (205, 274, 352)
[M::mem_pestat] low and high boundaries for computing mean and std.dev: (1, 646)
[M::mem_pestat] mean and std.dev: (285.26, 103.77)
[M::mem_pestat] low and high boundaries for proper pairs: (1, 793)
[M::mem_pestat] analyzing insert size distribution for orientation RF...
[M::mem_pestat] (25, 50, 75) percentile: (62, 310, 2344)
[M::mem_pestat] low and high boundaries for computing mean and std.dev: (1, 6908)
[M::mem_pestat] mean and std.dev: (1031.15, 1463.66)
[M::mem_pestat] low and high boundaries for proper pairs: (1, 9190)
[M::mem_pestat] analyzing insert size distribution for orientation RR...
[M::mem_pestat] (25, 50, 75) percentile: (127, 232, 843)
[M::mem_pestat] low and high boundaries for computing mean and std.dev: (1, 2275)
[M::mem_pestat] mean and std.dev: (391.35, 497.35)
[M::mem_pestat] low and high boundaries for proper pairs: (1, 2991)
[M::mem_pestat] skip orientation FF
[M::mem_pestat] skip orientation RF
[M::mem_pestat] skip orientation RR
[M::process] read 1448986 sequences (200000080 bp)...
[M::mem_process_seqs] Processed 1450070 reads in 458.243 CPU sec, 50.674 real sec
[M::mem_pestat] # candidate unique pairs for (FF, FR, RF, RR): (27, 544440, 94, 31)
[M::mem_pestat] analyzing insert size distribution for orientation FF...
[M::mem_pestat] (25, 50, 75) percentile: (207, 297, 644)
[M::mem_pestat] low and high boundaries for computing mean and std.dev: (1, 1518)
[M::mem_pestat] mean and std.dev: (363.87, 281.71)
[M::mem_pestat] low and high boundaries for proper pairs: (1, 1955)
[M::mem_pestat] analyzing insert size distribution for orientation FR...
[M::mem_pestat] (25, 50, 75) percentile: (205, 274, 352)
[M::mem_pestat] low and high boundaries for computing mean and std.dev: (1, 646)
[M::mem_pestat] mean and std.dev: (285.21, 103.63)
[M::mem_pestat] low and high boundaries for proper pairs: (1, 793)
[M::mem_pestat] analyzing insert size distribution for orientation RF...
[M::mem_pestat] (25, 50, 75) percentile: (77, 405, 2003)
[M::mem_pestat] low and high boundaries for computing mean and std.dev: (1, 5855)
[M::mem_pestat] mean and std.dev: (865.45, 1229.44)
[M::mem_pestat] low and high boundaries for proper pairs: (1, 7781)
[M::mem_pestat] analyzing insert size distribution for orientation RR...
[M::mem_pestat] (25, 50, 75) percentile: (127, 271, 1218)
[M::mem_pestat] low and high boundaries for computing mean and std.dev: (1, 3400)
[M::mem_pestat] mean and std.dev: (536.21, 720.79)
[M::mem_pestat] low and high boundaries for proper pairs: (1, 4491)
[M::mem_pestat] skip orientation FF
[M::mem_pestat] skip orientation RF
[M::mem_pestat] skip orientation RR
[M::process] read 1447732 sequences (200000057 bp)...
[M::mem_process_seqs] Processed 1448986 reads in 458.538 CPU sec, 50.048 real sec
[M::mem_pestat] # candidate unique pairs for (FF, FR, RF, RR): (23, 544671, 108, 22)
[M::mem_pestat] analyzing insert size distribution for orientation FF...
[M::mem_pestat] (25, 50, 75) percentile: (109, 224, 366)
[M::mem_pestat] low and high boundaries for computing mean and std.dev: (1, 880)
[M::mem_pestat] mean and std.dev: (210.10, 136.26)
[M::mem_pestat] low and high boundaries for proper pairs: (1, 1137)
[M::mem_pestat] analyzing insert size distribution for orientation FR...
[M::mem_pestat] (25, 50, 75) percentile: (205, 275, 352)
[M::mem_pestat] low and high boundaries for computing mean and std.dev: (1, 646)
[M::mem_pestat] mean and std.dev: (286.13, 104.31)
[M::mem_pestat] low and high boundaries for proper pairs: (1, 793)
[M::mem_pestat] analyzing insert size distribution for orientation RF...
[M::mem_pestat] (25, 50, 75) percentile: (87, 268, 2406)
[M::mem_pestat] low and high boundaries for computing mean and std.dev: (1, 7044)
[M::mem_pestat] mean and std.dev: (1287.02, 1828.89)
[M::mem_pestat] low and high boundaries for proper pairs: (1, 9363)
[M::mem_pestat] analyzing insert size distribution for orientation RR...
[M::mem_pestat] (25, 50, 75) percentile: (116, 206, 387)
[M::mem_pestat] low and high boundaries for computing mean and std.dev: (1, 929)
[M::mem_pestat] mean and std.dev: (236.00, 208.22)
[M::mem_pestat] low and high boundaries for proper pairs: (1, 1200)
[M::mem_pestat] skip orientation FF
[M::mem_pestat] skip orientation RF
[M::mem_pestat] skip orientation RR
[M::process] read 1449026 sequences (200000032 bp)...
[M::mem_process_seqs] Processed 1447732 reads in 459.144 CPU sec, 50.139 real sec
[M::process] read 1448056 sequences (200000021 bp)...
[M::mem_pestat] # candidate unique pairs for (FF, FR, RF, RR): (34, 544778, 123, 16)
[M::mem_pestat] analyzing insert size distribution for orientation FF...
[M::mem_pestat] (25, 50, 75) percentile: (192, 280, 376)
[M::mem_pestat] low and high boundaries for computing mean and std.dev: (1, 744)
[M::mem_pestat] mean and std.dev: (267.32, 129.85)
[M::mem_pestat] low and high boundaries for proper pairs: (1, 928)
[M::mem_pestat] analyzing insert size distribution for orientation FR...
[M::mem_pestat] (25, 50, 75) percentile: (205, 274, 353)
[M::mem_pestat] low and high boundaries for computing mean and std.dev: (1, 649)
[M::mem_pestat] mean and std.dev: (286.08, 104.27)
[M::mem_pestat] low and high boundaries for proper pairs: (1, 797)
[M::mem_pestat] analyzing insert size distribution for orientation RF...
[M::mem_pestat] (25, 50, 75) percentile: (123, 437, 3354)
[M::mem_pestat] low and high boundaries for computing mean and std.dev: (1, 9816)
[M::mem_pestat] mean and std.dev: (1870.84, 2654.69)
[M::mem_pestat] low and high boundaries for proper pairs: (1, 13047)
[M::mem_pestat] analyzing insert size distribution for orientation RR...
[M::mem_pestat] (25, 50, 75) percentile: (137, 395, 2555)
[M::mem_pestat] low and high boundaries for computing mean and std.dev: (1, 7391)
[M::mem_pestat] mean and std.dev: (1008.44, 1271.04)
[M::mem_pestat] low and high boundaries for proper pairs: (1, 9809)
[M::mem_pestat] skip orientation FF
[M::mem_pestat] skip orientation RF
[M::mem_pestat] skip orientation RR
[M::mem_process_seqs] Processed 1449026 reads in 460.566 CPU sec, 50.449 real sec
[M::mem_pestat] # candidate unique pairs for (FF, FR, RF, RR): (27, 543858, 121, 26)
[M::mem_pestat] analyzing insert size distribution for orientation FF...
[M::mem_pestat] (25, 50, 75) percentile: (168, 291, 475)
[M::mem_pestat] low and high boundaries for computing mean and std.dev: (1, 1089)
[M::mem_pestat] mean and std.dev: (260.13, 188.27)
[M::mem_pestat] low and high boundaries for proper pairs: (1, 1396)
[M::mem_pestat] analyzing insert size distribution for orientation FR...
[M::mem_pestat] (25, 50, 75) percentile: (205, 274, 352)
[M::mem_pestat] low and high boundaries for computing mean and std.dev: (1, 646)
[M::mem_pestat] mean and std.dev: (285.82, 104.17)
[M::mem_pestat] low and high boundaries for proper pairs: (1, 793)
[M::mem_pestat] analyzing insert size distribution for orientation RF...
[M::mem_pestat] (25, 50, 75) percentile: (118, 269, 2520)
[M::mem_pestat] low and high boundaries for computing mean and std.dev: (1, 7324)
[M::mem_pestat] mean and std.dev: (1224.03, 1856.20)
[M::mem_pestat] low and high boundaries for proper pairs: (1, 9726)
[M::mem_pestat] analyzing insert size distribution for orientation RR...
[M::mem_pestat] (25, 50, 75) percentile: (122, 249, 375)
[M::mem_pestat] low and high boundaries for computing mean and std.dev: (1, 881)
[M::mem_pestat] mean and std.dev: (227.30, 148.42)
[M::mem_pestat] low and high boundaries for proper pairs: (1, 1134)
[M::mem_pestat] skip orientation FF
[M::mem_pestat] skip orientation RF
[M::mem_pestat] skip orientation RR
[M::process] read 1447136 sequences (200000250 bp)...
[M::mem_process_seqs] Processed 1448056 reads in 460.055 CPU sec, 49.636 real sec
[M::mem_pestat] # candidate unique pairs for (FF, FR, RF, RR): (29, 544925, 112, 45)
[M::mem_pestat] analyzing insert size distribution for orientation FF...
[M::mem_pestat] (25, 50, 75) percentile: (169, 373, 3234)
[M::mem_pestat] low and high boundaries for computing mean and std.dev: (1, 9364)
[M::mem_pestat] mean and std.dev: (1371.72, 1948.80)
[M::mem_pestat] low and high boundaries for proper pairs: (1, 12429)
[M::mem_pestat] analyzing insert size distribution for orientation FR...
[M::mem_pestat] (25, 50, 75) percentile: (206, 275, 353)
[M::mem_pestat] low and high boundaries for computing mean and std.dev: (1, 647)
[M::mem_pestat] mean and std.dev: (286.54, 104.37)
[M::mem_pestat] low and high boundaries for proper pairs: (1, 794)
[M::mem_pestat] analyzing insert size distribution for orientation RF...
[M::mem_pestat] (25, 50, 75) percentile: (122, 380, 3172)
[M::mem_pestat] low and high boundaries for computing mean and std.dev: (1, 9272)
[M::mem_pestat] mean and std.dev: (1499.66, 2023.00)
[M::mem_pestat] low and high boundaries for proper pairs: (1, 12322)
[M::mem_pestat] analyzing insert size distribution for orientation RR...
[M::mem_pestat] (25, 50, 75) percentile: (161, 310, 1169)
[M::mem_pestat] low and high boundaries for computing mean and std.dev: (1, 3185)
[M::mem_pestat] mean and std.dev: (417.37, 467.34)
[M::mem_pestat] low and high boundaries for proper pairs: (1, 4193)
[M::mem_pestat] skip orientation FF
[M::mem_pestat] skip orientation RF
[M::mem_pestat] skip orientation RR
[M::process] read 1453968 sequences (200000085 bp)...
[M::mem_process_seqs] Processed 1447136 reads in 457.145 CPU sec, 49.343 real sec
[M::mem_pestat] # candidate unique pairs for (FF, FR, RF, RR): (25, 546171, 114, 31)
[M::mem_pestat] analyzing insert size distribution for orientation FF...
[M::mem_pestat] (25, 50, 75) percentile: (202, 327, 894)
[M::mem_pestat] low and high boundaries for computing mean and std.dev: (1, 2278)
[M::mem_pestat] mean and std.dev: (383.05, 369.73)
[M::mem_pestat] low and high boundaries for proper pairs: (1, 2970)
[M::mem_pestat] analyzing insert size distribution for orientation FR...
[M::mem_pestat] (25, 50, 75) percentile: (204, 273, 351)
[M::mem_pestat] low and high boundaries for computing mean and std.dev: (1, 645)
[M::mem_pestat] mean and std.dev: (284.54, 103.62)
[M::mem_pestat] low and high boundaries for proper pairs: (1, 792)
[M::mem_pestat] analyzing insert size distribution for orientation RF...
[M::mem_pestat] (25, 50, 75) percentile: (64, 240, 1311)
[M::mem_pestat] low and high boundaries for computing mean and std.dev: (1, 3805)
[M::mem_pestat] mean and std.dev: (485.62, 750.59)
[M::mem_pestat] low and high boundaries for proper pairs: (1, 5052)
[M::mem_pestat] analyzing insert size distribution for orientation RR...
[M::mem_pestat] (25, 50, 75) percentile: (125, 208, 568)
[M::mem_pestat] low and high boundaries for computing mean and std.dev: (1, 1454)
[M::mem_pestat] mean and std.dev: (281.31, 254.73)
[M::mem_pestat] low and high boundaries for proper pairs: (1, 1897)
[M::mem_pestat] skip orientation FF
[M::mem_pestat] skip orientation RF
[M::mem_pestat] skip orientation RR
[M::process] read 1453310 sequences (200000006 bp)...
[M::mem_process_seqs] Processed 1453968 reads in 464.247 CPU sec, 50.668 real sec
[M::mem_pestat] # candidate unique pairs for (FF, FR, RF, RR): (28, 545219, 101, 34)
[M::mem_pestat] analyzing insert size distribution for orientation FF...
[M::mem_pestat] (25, 50, 75) percentile: (151, 313, 980)
[M::mem_pestat] low and high boundaries for computing mean and std.dev: (1, 2638)
[M::mem_pestat] mean and std.dev: (475.72, 573.82)
[M::mem_pestat] low and high boundaries for proper pairs: (1, 3467)
[M::mem_pestat] analyzing insert size distribution for orientation FR...
[M::mem_pestat] (25, 50, 75) percentile: (205, 274, 352)
[M::mem_pestat] low and high boundaries for computing mean and std.dev: (1, 646)
[M::mem_pestat] mean and std.dev: (285.54, 103.93)
[M::mem_pestat] low and high boundaries for proper pairs: (1, 793)
[M::mem_pestat] analyzing insert size distribution for orientation RF...
[M::mem_pestat] (25, 50, 75) percentile: (50, 215, 1490)
[M::mem_pestat] low and high boundaries for computing mean and std.dev: (1, 4370)
[M::mem_pestat] mean and std.dev: (714.70, 1136.65)
[M::mem_pestat] low and high boundaries for proper pairs: (1, 5810)
[M::mem_pestat] analyzing insert size distribution for orientation RR...
[M::mem_pestat] (25, 50, 75) percentile: (129, 187, 366)
[M::mem_pestat] low and high boundaries for computing mean and std.dev: (1, 840)
[M::mem_pestat] mean and std.dev: (204.17, 161.25)
[M::mem_pestat] low and high boundaries for proper pairs: (1, 1077)
[M::mem_pestat] skip orientation FF
[M::mem_pestat] skip orientation RF
[M::mem_pestat] skip orientation RR
[M::process] read 1453622 sequences (200000090 bp)...
[M::mem_process_seqs] Processed 1453310 reads in 464.915 CPU sec, 50.846 real sec
[M::mem_pestat] # candidate unique pairs for (FF, FR, RF, RR): (19, 545104, 100, 22)
[M::mem_pestat] analyzing insert size distribution for orientation FF...
[M::mem_pestat] (25, 50, 75) percentile: (124, 223, 490)
[M::mem_pestat] low and high boundaries for computing mean and std.dev: (1, 1222)
[M::mem_pestat] mean and std.dev: (303.94, 318.85)
[M::mem_pestat] low and high boundaries for proper pairs: (1, 1588)
[M::mem_pestat] analyzing insert size distribution for orientation FR...
[M::mem_pestat] (25, 50, 75) percentile: (206, 275, 354)
[M::mem_pestat] low and high boundaries for computing mean and std.dev: (1, 650)
[M::mem_pestat] mean and std.dev: (286.76, 104.52)
[M::mem_pestat] low and high boundaries for proper pairs: (1, 798)
[M::mem_pestat] analyzing insert size distribution for orientation RF...
[M::mem_pestat] (25, 50, 75) percentile: (53, 172, 1352)
[M::mem_pestat] low and high boundaries for computing mean and std.dev: (1, 3950)
[M::mem_pestat] mean and std.dev: (442.86, 799.23)
[M::mem_pestat] low and high boundaries for proper pairs: (1, 5249)
[M::mem_pestat] analyzing insert size distribution for orientation RR...
[M::mem_pestat] (25, 50, 75) percentile: (120, 174, 355)
[M::mem_pestat] low and high boundaries for computing mean and std.dev: (1, 825)
[M::mem_pestat] mean and std.dev: (187.05, 117.41)
[M::mem_pestat] low and high boundaries for proper pairs: (1, 1060)
[M::mem_pestat] skip orientation FF
[M::mem_pestat] skip orientation RF
[M::mem_pestat] skip orientation RR
[M::process] read 1453208 sequences (200000172 bp)...
[M::mem_process_seqs] Processed 1453622 reads in 462.456 CPU sec, 50.591 real sec
[M::mem_pestat] # candidate unique pairs for (FF, FR, RF, RR): (26, 545723, 129, 27)
[M::mem_pestat] analyzing insert size distribution for orientation FF...
[M::mem_pestat] (25, 50, 75) percentile: (146, 250, 362)
[M::mem_pestat] low and high boundaries for computing mean and std.dev: (1, 794)
[M::mem_pestat] mean and std.dev: (236.42, 129.80)
[M::mem_pestat] low and high boundaries for proper pairs: (1, 1010)
[M::mem_pestat] analyzing insert size distribution for orientation FR...
[M::mem_pestat] (25, 50, 75) percentile: (205, 274, 352)
[M::mem_pestat] low and high boundaries for computing mean and std.dev: (1, 646)
[M::mem_pestat] mean and std.dev: (285.73, 103.94)
[M::mem_pestat] low and high boundaries for proper pairs: (1, 793)
[M::mem_pestat] analyzing insert size distribution for orientation RF...
[M::mem_pestat] (25, 50, 75) percentile: (104, 278, 1050)
[M::mem_pestat] low and high boundaries for computing mean and std.dev: (1, 2942)
[M::mem_pestat] mean and std.dev: (407.52, 597.27)
[M::mem_pestat] low and high boundaries for proper pairs: (1, 3888)
[M::mem_pestat] analyzing insert size distribution for orientation RR...
[M::mem_pestat] (25, 50, 75) percentile: (139, 226, 454)
[M::mem_pestat] low and high boundaries for computing mean and std.dev: (1, 1084)
[M::mem_pestat] mean and std.dev: (229.86, 178.32)
[M::mem_pestat] low and high boundaries for proper pairs: (1, 1399)
[M::mem_pestat] skip orientation FF
[M::mem_pestat] skip orientation RF
[M::mem_pestat] skip orientation RR
[M::process] read 1451188 sequences (200000002 bp)...
[M::mem_process_seqs] Processed 1453208 reads in 462.615 CPU sec, 49.933 real sec
[M::mem_pestat] # candidate unique pairs for (FF, FR, RF, RR): (35, 544272, 116, 28)
[M::mem_pestat] analyzing insert size distribution for orientation FF...
[M::mem_pestat] (25, 50, 75) percentile: (161, 343, 835)
[M::mem_pestat] low and high boundaries for computing mean and std.dev: (1, 2183)
[M::mem_pestat] mean and std.dev: (421.03, 396.66)
[M::mem_pestat] low and high boundaries for proper pairs: (1, 2857)
[M::mem_pestat] analyzing insert size distribution for orientation FR...
[M::mem_pestat] (25, 50, 75) percentile: (206, 275, 353)
[M::mem_pestat] low and high boundaries for computing mean and std.dev: (1, 647)
[M::mem_pestat] mean and std.dev: (286.15, 104.20)
[M::mem_pestat] low and high boundaries for proper pairs: (1, 794)
[M::mem_pestat] analyzing insert size distribution for orientation RF...
[M::mem_pestat] (25, 50, 75) percentile: (100, 432, 1535)
[M::mem_pestat] low and high boundaries for computing mean and std.dev: (1, 4405)
[M::mem_pestat] mean and std.dev: (599.02, 794.93)
[M::mem_pestat] low and high boundaries for proper pairs: (1, 5840)
[M::mem_pestat] analyzing insert size distribution for orientation RR...
[M::mem_pestat] (25, 50, 75) percentile: (149, 227, 1326)
[M::mem_pestat] low and high boundaries for computing mean and std.dev: (1, 3680)
[M::mem_pestat] mean and std.dev: (528.73, 760.52)
[M::mem_pestat] low and high boundaries for proper pairs: (1, 4857)
[M::mem_pestat] skip orientation FF
[M::mem_pestat] skip orientation RF
[M::mem_pestat] skip orientation RR
[M::process] read 1451922 sequences (200000045 bp)...
[M::mem_process_seqs] Processed 1451188 reads in 462.921 CPU sec, 50.103 real sec
[M::process] read 1451058 sequences (200000053 bp)...
[M::mem_pestat] # candidate unique pairs for (FF, FR, RF, RR): (31, 544978, 108, 29)
[M::mem_pestat] analyzing insert size distribution for orientation FF...
[M::mem_pestat] (25, 50, 75) percentile: (161, 232, 468)
[M::mem_pestat] low and high boundaries for computing mean and std.dev: (1, 1082)
[M::mem_pestat] mean and std.dev: (206.04, 142.07)
[M::mem_pestat] low and high boundaries for proper pairs: (1, 1389)
[M::mem_pestat] analyzing insert size distribution for orientation FR...
[M::mem_pestat] (25, 50, 75) percentile: (206, 275, 354)
[M::mem_pestat] low and high boundaries for computing mean and std.dev: (1, 650)
[M::mem_pestat] mean and std.dev: (286.84, 104.64)
[M::mem_pestat] low and high boundaries for proper pairs: (1, 798)
[M::mem_pestat] analyzing insert size distribution for orientation RF...
[M::mem_pestat] (25, 50, 75) percentile: (75, 252, 2352)
[M::mem_pestat] low and high boundaries for computing mean and std.dev: (1, 6906)
[M::mem_pestat] mean and std.dev: (1124.68, 1799.73)
[M::mem_pestat] low and high boundaries for proper pairs: (1, 9183)
[M::mem_pestat] analyzing insert size distribution for orientation RR...
[M::mem_pestat] (25, 50, 75) percentile: (174, 250, 624)
[M::mem_pestat] low and high boundaries for computing mean and std.dev: (1, 1524)
[M::mem_pestat] mean and std.dev: (325.00, 296.08)
[M::mem_pestat] low and high boundaries for proper pairs: (1, 1974)
[M::mem_pestat] skip orientation FF
[M::mem_pestat] skip orientation RF
[M::mem_pestat] skip orientation RR
[M::mem_process_seqs] Processed 1451922 reads in 461.630 CPU sec, 50.700 real sec
[M::mem_pestat] # candidate unique pairs for (FF, FR, RF, RR): (24, 543958, 113, 28)
[M::mem_pestat] analyzing insert size distribution for orientation FF...
[M::mem_pestat] (25, 50, 75) percentile: (211, 352, 782)
[M::mem_pestat] low and high boundaries for computing mean and std.dev: (1, 1924)
[M::mem_pestat] mean and std.dev: (456.23, 391.96)
[M::mem_pestat] low and high boundaries for proper pairs: (1, 2495)
[M::mem_pestat] analyzing insert size distribution for orientation FR...
[M::mem_pestat] (25, 50, 75) percentile: (206, 275, 354)
[M::mem_pestat] low and high boundaries for computing mean and std.dev: (1, 650)
[M::mem_pestat] mean and std.dev: (286.61, 104.66)
[M::mem_pestat] low and high boundaries for proper pairs: (1, 798)
[M::mem_pestat] analyzing insert size distribution for orientation RF...
[M::mem_pestat] (25, 50, 75) percentile: (70, 319, 3088)
[M::mem_pestat] low and high boundaries for computing mean and std.dev: (1, 9124)
[M::mem_pestat] mean and std.dev: (1533.71, 2111.33)
[M::mem_pestat] low and high boundaries for proper pairs: (1, 12142)
[M::mem_pestat] analyzing insert size distribution for orientation RR...
[M::mem_pestat] (25, 50, 75) percentile: (102, 255, 497)
[M::mem_pestat] low and high boundaries for computing mean and std.dev: (1, 1287)
[M::mem_pestat] mean and std.dev: (294.85, 279.77)
[M::mem_pestat] low and high boundaries for proper pairs: (1, 1682)
[M::mem_pestat] skip orientation FF
[M::mem_pestat] skip orientation RF
[M::mem_pestat] skip orientation RR
[M::process] read 1450714 sequences (200000163 bp)...
[M::mem_process_seqs] Processed 1451058 reads in 463.016 CPU sec, 49.907 real sec
[M::mem_pestat] # candidate unique pairs for (FF, FR, RF, RR): (28, 543357, 120, 30)
[M::mem_pestat] analyzing insert size distribution for orientation FF...
[M::mem_pestat] (25, 50, 75) percentile: (271, 370, 1569)
[M::mem_pestat] low and high boundaries for computing mean and std.dev: (1, 4165)
[M::mem_pestat] mean and std.dev: (674.60, 779.64)
[M::mem_pestat] low and high boundaries for proper pairs: (1, 5463)
[M::mem_pestat] analyzing insert size distribution for orientation FR...
[M::mem_pestat] (25, 50, 75) percentile: (206, 276, 354)
[M::mem_pestat] low and high boundaries for computing mean and std.dev: (1, 650)
[M::mem_pestat] mean and std.dev: (287.06, 104.76)
[M::mem_pestat] low and high boundaries for proper pairs: (1, 798)
[M::mem_pestat] analyzing insert size distribution for orientation RF...
[M::mem_pestat] (25, 50, 75) percentile: (110, 360, 1396)
[M::mem_pestat] low and high boundaries for computing mean and std.dev: (1, 3968)
[M::mem_pestat] mean and std.dev: (628.97, 939.59)
[M::mem_pestat] low and high boundaries for proper pairs: (1, 5254)
[M::mem_pestat] analyzing insert size distribution for orientation RR...
[M::mem_pestat] (25, 50, 75) percentile: (97, 199, 567)
[M::mem_pestat] low and high boundaries for computing mean and std.dev: (1, 1507)
[M::mem_pestat] mean and std.dev: (211.04, 201.76)
[M::mem_pestat] low and high boundaries for proper pairs: (1, 1977)
[M::mem_pestat] skip orientation FF
[M::mem_pestat] skip orientation RF
[M::mem_pestat] skip orientation RR
[M::process] read 1452490 sequences (200000099 bp)...
[M::mem_process_seqs] Processed 1450714 reads in 465.830 CPU sec, 50.246 real sec
[M::process] read 753718 sequences (104050923 bp)...
[M::mem_pestat] # candidate unique pairs for (FF, FR, RF, RR): (26, 545499, 101, 31)
[M::mem_pestat] analyzing insert size distribution for orientation FF...
[M::mem_pestat] (25, 50, 75) percentile: (269, 449, 1064)
[M::mem_pestat] low and high boundaries for computing mean and std.dev: (1, 2654)
[M::mem_pestat] mean and std.dev: (547.25, 456.56)
[M::mem_pestat] low and high boundaries for proper pairs: (1, 3449)
[M::mem_pestat] analyzing insert size distribution for orientation FR...
[M::mem_pestat] (25, 50, 75) percentile: (206, 275, 354)
[M::mem_pestat] low and high boundaries for computing mean and std.dev: (1, 650)
[M::mem_pestat] mean and std.dev: (286.88, 104.79)
[M::mem_pestat] low and high boundaries for proper pairs: (1, 798)
[M::mem_pestat] analyzing insert size distribution for orientation RF...
[M::mem_pestat] (25, 50, 75) percentile: (53, 314, 2576)
[M::mem_pestat] low and high boundaries for computing mean and std.dev: (1, 7622)
[M::mem_pestat] mean and std.dev: (1257.39, 1827.36)
[M::mem_pestat] low and high boundaries for proper pairs: (1, 10145)
[M::mem_pestat] analyzing insert size distribution for orientation RR...
[M::mem_pestat] (25, 50, 75) percentile: (169, 271, 600)
[M::mem_pestat] low and high boundaries for computing mean and std.dev: (1, 1462)
[M::mem_pestat] mean and std.dev: (385.00, 343.41)
[M::mem_pestat] low and high boundaries for proper pairs: (1, 1893)
[M::mem_pestat] skip orientation FF
[M::mem_pestat] skip orientation RF
[M::mem_pestat] skip orientation RR
[M::mem_process_seqs] Processed 1452490 reads in 461.558 CPU sec, 50.093 real sec
[M::mem_pestat] # candidate unique pairs for (FF, FR, RF, RR): (11, 282318, 60, 16)
[M::mem_pestat] analyzing insert size distribution for orientation FF...
[M::mem_pestat] (25, 50, 75) percentile: (64, 160, 293)
[M::mem_pestat] low and high boundaries for computing mean and std.dev: (1, 751)
[M::mem_pestat] mean and std.dev: (118.00, 103.64)
[M::mem_pestat] low and high boundaries for proper pairs: (1, 980)
[M::mem_pestat] analyzing insert size distribution for orientation FR...
[M::mem_pestat] (25, 50, 75) percentile: (205, 275, 353)
[M::mem_pestat] low and high boundaries for computing mean and std.dev: (1, 649)
[M::mem_pestat] mean and std.dev: (286.17, 104.59)
[M::mem_pestat] low and high boundaries for proper pairs: (1, 797)
[M::mem_pestat] analyzing insert size distribution for orientation RF...
[M::mem_pestat] (25, 50, 75) percentile: (64, 370, 2509)
[M::mem_pestat] low and high boundaries for computing mean and std.dev: (1, 7399)
[M::mem_pestat] mean and std.dev: (1386.32, 1969.97)
[M::mem_pestat] low and high boundaries for proper pairs: (1, 9844)
[M::mem_pestat] analyzing insert size distribution for orientation RR...
[M::mem_pestat] (25, 50, 75) percentile: (100, 260, 478)
[M::mem_pestat] low and high boundaries for computing mean and std.dev: (1, 1234)
[M::mem_pestat] mean and std.dev: (300.20, 275.36)
[M::mem_pestat] low and high boundaries for proper pairs: (1, 1612)
[M::mem_pestat] skip orientation FF
[M::mem_pestat] skip orientation RF
[M::mem_pestat] skip orientation RR
[M::mem_process_seqs] Processed 753718 reads in 241.747 CPU sec, 26.881 real sec
[main] Version: 0.7.17-r1188
[main] CMD: bwasamblaster: Marked 1171787 of 13433561 (8.72%) read ids as duplicates mem -t using 232528k memory in  2031.619S -R CPU seconds and  @RG\tID:LG_HL_19T_331\tPL:ILLUMINA\tPU:HJMNCDSX7.4\tSM:LG_HL_19T_331\tCN:MCGILL\tBC:ACTTCAAGCG-NTCATGGTTC16M /storage/scratch/iee/dj20y461/Stickleback/G_aculeatus/FITNESS//data/ref_A_X/stickleback_v5_assembly_A_X.fasta48S /storage/scratch/iee/dj20y461/Stickleback/G_aculeatus/FITNESS//data/trimmed/LG_HL_19T_331.R1.trimmed.fastq.gz(1008S) /storage/scratch/iee/dj20y461/Stickleback/G_aculeatus/FITNESS//data/trimmed/LG_HL_19T_331.R2.trimmed.fastq.gz wall time.

[main] Real time: 1007.867 sec; CPU: 8575.208 sec
[bam_sort_core] merging from 0 files and 20 in-memory blocks...
