samblaster: Version 0.1.24
samblaster: Inputting from stdin
samblaster: Outputting to stdout
[M::bwa_idx_load_from_disk] read 0 ALT contigs
[M::process] read 1454762 sequences (200000021 bp)...
[M::mem_pestat] # candidate unique pairs for (FF, FR, RF, RR): (37, 561656, 114, 35)
[M::mem_pestat] analyzing insert size distribution for orientation FF...
[M::mem_pestat] (25, 50, 75) percentile: (241, 429, 1154)
[M::mem_pestat] low and high boundaries for computing mean and std.dev: (1, 2980)
[M::mem_pestat] mean and std.dev: (483.91, 384.95)
[M::mem_pestat] low and high boundaries for proper pairs: (1, 3893)
[M::mem_pestat] analyzing insert size distribution for orientation FR...
[M::mem_pestat] (25, 50, 75) percentile: (238, 317, 405)
[M::mem_pestat] low and high boundaries for computing mean and std.dev: (1, 739)
[M::mem_pestat] mean and std.dev: (328.08, 121.22)
[M::mem_pestat] low and high boundaries for proper pairs: (1, 906)
[M::mem_pestat] analyzing insert size distribution for orientation RF...
[M::mem_pestat] (25, 50, 75) percentile: (140, 636, 2865)
[M::mem_pestat] low and high boundaries for computing mean and std.dev: (1, 8315)
[M::mem_pestat] mean and std.dev: (1509.72, 2063.73)
[M::mem_pestat] low and high boundaries for proper pairs: (1, 11040)
[M::mem_pestat] analyzing insert size distribution for orientation RR...
[M::mem_pestat] (25, 50, 75) percentile: (218, 368, 920)
[M::mem_pestat] low and high boundaries for computing mean and std.dev: (1, 2324)
[M::mem_pestat] mean and std.dev: (520.06, 410.12)
[M::mem_pestat] low and high boundaries for proper pairs: (1, 3026)
[M::mem_pestat] skip orientation FF
[M::mem_pestat] skip orientation RF
[M::mem_pestat] skip orientation RR
[M::mem_process_seqs] Processed 1454762 reads in 465.437 CPU sec, 112.360 real sec
samblaster: Loaded 23 header sequence entries.
[M::process] read 1452124 sequences (200000162 bp)...
[M::process] read 1453266 sequences (200000234 bp)...
[M::mem_pestat] # candidate unique pairs for (FF, FR, RF, RR): (31, 558872, 116, 26)
[M::mem_pestat] analyzing insert size distribution for orientation FF...
[M::mem_pestat] (25, 50, 75) percentile: (301, 528, 1827)
[M::mem_pestat] low and high boundaries for computing mean and std.dev: (1, 4879)
[M::mem_pestat] mean and std.dev: (766.81, 814.72)
[M::mem_pestat] low and high boundaries for proper pairs: (1, 6405)
[M::mem_pestat] analyzing insert size distribution for orientation FR...
[M::mem_pestat] (25, 50, 75) percentile: (236, 315, 403)
[M::mem_pestat] low and high boundaries for computing mean and std.dev: (1, 737)
[M::mem_pestat] mean and std.dev: (326.58, 121.39)
[M::mem_pestat] low and high boundaries for proper pairs: (1, 904)
[M::mem_pestat] analyzing insert size distribution for orientation RF...
[M::mem_pestat] (25, 50, 75) percentile: (66, 337, 1251)
[M::mem_pestat] low and high boundaries for computing mean and std.dev: (1, 3621)
[M::mem_pestat] mean and std.dev: (567.17, 805.46)
[M::mem_pestat] low and high boundaries for proper pairs: (1, 4806)
[M::mem_pestat] analyzing insert size distribution for orientation RR...
[M::mem_pestat] (25, 50, 75) percentile: (113, 184, 299)
[M::mem_pestat] low and high boundaries for computing mean and std.dev: (1, 671)
[M::mem_pestat] mean and std.dev: (194.17, 120.23)
[M::mem_pestat] low and high boundaries for proper pairs: (1, 857)
[M::mem_pestat] skip orientation FF
[M::mem_pestat] skip orientation RF
[M::mem_pestat] skip orientation RR
[M::mem_process_seqs] Processed 1452124 reads in 443.380 CPU sec, 48.590 real sec
[M::process] read 1453396 sequences (200000127 bp)...
[M::mem_pestat] # candidate unique pairs for (FF, FR, RF, RR): (45, 559764, 110, 42)
[M::mem_pestat] analyzing insert size distribution for orientation FF...
[M::mem_pestat] (25, 50, 75) percentile: (255, 369, 903)
[M::mem_pestat] low and high boundaries for computing mean and std.dev: (1, 2199)
[M::mem_pestat] mean and std.dev: (490.59, 419.05)
[M::mem_pestat] low and high boundaries for proper pairs: (1, 2847)
[M::mem_pestat] analyzing insert size distribution for orientation FR...
[M::mem_pestat] (25, 50, 75) percentile: (239, 319, 407)
[M::mem_pestat] low and high boundaries for computing mean and std.dev: (1, 743)
[M::mem_pestat] mean and std.dev: (330.13, 122.59)
[M::mem_pestat] low and high boundaries for proper pairs: (1, 911)
[M::mem_pestat] analyzing insert size distribution for orientation RF...
[M::mem_pestat] (25, 50, 75) percentile: (109, 501, 3677)
[M::mem_pestat] low and high boundaries for computing mean and std.dev: (1, 10813)
[M::mem_pestat] mean and std.dev: (1902.16, 2525.85)
[M::mem_pestat] low and high boundaries for proper pairs: (1, 14381)
[M::mem_pestat] analyzing insert size distribution for orientation RR...
[M::mem_pestat] (25, 50, 75) percentile: (139, 244, 517)
[M::mem_pestat] low and high boundaries for computing mean and std.dev: (1, 1273)
[M::mem_pestat] mean and std.dev: (274.43, 220.19)
[M::mem_pestat] low and high boundaries for proper pairs: (1, 1651)
[M::mem_pestat] skip orientation FF
[M::mem_pestat] skip orientation RF
[M::mem_pestat] skip orientation RR
[M::mem_process_seqs] Processed 1453266 reads in 439.018 CPU sec, 49.298 real sec
[M::mem_pestat] # candidate unique pairs for (FF, FR, RF, RR): (34, 558288, 126, 31)
[M::mem_pestat] analyzing insert size distribution for orientation FF...
[M::mem_pestat] (25, 50, 75) percentile: (202, 441, 567)
[M::mem_pestat] low and high boundaries for computing mean and std.dev: (1, 1297)
[M::mem_pestat] mean and std.dev: (413.91, 281.28)
[M::mem_pestat] low and high boundaries for proper pairs: (1, 1662)
[M::mem_pestat] analyzing insert size distribution for orientation FR...
[M::mem_pestat] (25, 50, 75) percentile: (236, 316, 404)
[M::mem_pestat] low and high boundaries for computing mean and std.dev: (1, 740)
[M::mem_pestat] mean and std.dev: (327.20, 121.43)
[M::mem_pestat] low and high boundaries for proper pairs: (1, 908)
[M::mem_pestat] analyzing insert size distribution for orientation RF...
[M::mem_pestat] (25, 50, 75) percentile: (73, 435, 2932)
[M::mem_pestat] low and high boundaries for computing mean and std.dev: (1, 8650)
[M::mem_pestat] mean and std.dev: (1562.43, 2137.82)
[M::mem_pestat] low and high boundaries for proper pairs: (1, 11509)
[M::mem_pestat] analyzing insert size distribution for orientation RR...
[M::mem_pestat] (25, 50, 75) percentile: (161, 322, 785)
[M::mem_pestat] low and high boundaries for computing mean and std.dev: (1, 2033)
[M::mem_pestat] mean and std.dev: (421.54, 436.45)
[M::mem_pestat] low and high boundaries for proper pairs: (1, 2657)
[M::mem_pestat] skip orientation FF
[M::mem_pestat] skip orientation RF
[M::mem_pestat] skip orientation RR
[M::process] read 1453436 sequences (200000284 bp)...
[M::mem_process_seqs] Processed 1453396 reads in 444.167 CPU sec, 49.710 real sec
[M::mem_pestat] # candidate unique pairs for (FF, FR, RF, RR): (40, 559564, 120, 28)
[M::mem_pestat] analyzing insert size distribution for orientation FF...
[M::mem_pestat] (25, 50, 75) percentile: (226, 312, 525)
[M::mem_pestat] low and high boundaries for computing mean and std.dev: (1, 1123)
[M::mem_pestat] mean and std.dev: (353.53, 207.43)
[M::mem_pestat] low and high boundaries for proper pairs: (1, 1422)
[M::mem_pestat] analyzing insert size distribution for orientation FR...
[M::mem_pestat] (25, 50, 75) percentile: (239, 319, 408)
[M::mem_pestat] low and high boundaries for computing mean and std.dev: (1, 746)
[M::mem_pestat] mean and std.dev: (330.40, 122.83)
[M::mem_pestat] low and high boundaries for proper pairs: (1, 915)
[M::mem_pestat] analyzing insert size distribution for orientation RF...
[M::mem_pestat] (25, 50, 75) percentile: (90, 626, 2288)
[M::mem_pestat] low and high boundaries for computing mean and std.dev: (1, 6684)
[M::mem_pestat] mean and std.dev: (1131.22, 1538.28)
[M::mem_pestat] low and high boundaries for proper pairs: (1, 8882)
[M::mem_pestat] analyzing insert size distribution for orientation RR...
[M::mem_pestat] (25, 50, 75) percentile: (218, 339, 601)
[M::mem_pestat] low and high boundaries for computing mean and std.dev: (1, 1367)
[M::mem_pestat] mean and std.dev: (396.78, 299.09)
[M::mem_pestat] low and high boundaries for proper pairs: (1, 1750)
[M::mem_pestat] skip orientation FF
[M::mem_pestat] skip orientation RF
[M::mem_pestat] skip orientation RR
[M::process] read 1453644 sequences (200000237 bp)...
[M::mem_process_seqs] Processed 1453436 reads in 441.346 CPU sec, 48.626 real sec
[M::mem_pestat] # candidate unique pairs for (FF, FR, RF, RR): (32, 558294, 130, 29)
[M::mem_pestat] analyzing insert size distribution for orientation FF...
[M::mem_pestat] (25, 50, 75) percentile: (251, 379, 945)
[M::mem_pestat] low and high boundaries for computing mean and std.dev: (1, 2333)
[M::mem_pestat] mean and std.dev: (449.07, 366.16)
[M::mem_pestat] low and high boundaries for proper pairs: (1, 3027)
[M::mem_pestat] analyzing insert size distribution for orientation FR...
[M::mem_pestat] (25, 50, 75) percentile: (236, 315, 403)
[M::mem_pestat] low and high boundaries for computing mean and std.dev: (1, 737)
[M::mem_pestat] mean and std.dev: (326.62, 121.18)
[M::mem_pestat] low and high boundaries for proper pairs: (1, 904)
[M::mem_pestat] analyzing insert size distribution for orientation RF...
[M::mem_pestat] (25, 50, 75) percentile: (53, 655, 3586)
[M::mem_pestat] low and high boundaries for computing mean and std.dev: (1, 10652)
[M::mem_pestat] mean and std.dev: (2044.71, 2727.30)
[M::mem_pestat] low and high boundaries for proper pairs: (1, 14185)
[M::mem_pestat] analyzing insert size distribution for orientation RR...
[M::mem_pestat] (25, 50, 75) percentile: (130, 400, 1224)
[M::mem_pestat] low and high boundaries for computing mean and std.dev: (1, 3412)
[M::mem_pestat] mean and std.dev: (601.04, 711.55)
[M::mem_pestat] low and high boundaries for proper pairs: (1, 4506)
[M::mem_pestat] skip orientation FF
[M::mem_pestat] skip orientation RF
[M::mem_pestat] skip orientation RR
[M::process] read 1453378 sequences (200000081 bp)...
[M::mem_process_seqs] Processed 1453644 reads in 445.349 CPU sec, 49.318 real sec
[M::mem_pestat] # candidate unique pairs for (FF, FR, RF, RR): (29, 560087, 125, 31)
[M::mem_pestat] analyzing insert size distribution for orientation FF...
[M::mem_pestat] (25, 50, 75) percentile: (281, 474, 1294)
[M::mem_pestat] low and high boundaries for computing mean and std.dev: (1, 3320)
[M::mem_pestat] mean and std.dev: (697.56, 712.36)
[M::mem_pestat] low and high boundaries for proper pairs: (1, 4333)
[M::mem_pestat] analyzing insert size distribution for orientation FR...
[M::mem_pestat] (25, 50, 75) percentile: (238, 318, 406)
[M::mem_pestat] low and high boundaries for computing mean and std.dev: (1, 742)
[M::mem_pestat] mean and std.dev: (329.30, 122.45)
[M::mem_pestat] low and high boundaries for proper pairs: (1, 910)
[M::mem_pestat] analyzing insert size distribution for orientation RF...
[M::mem_pestat] (25, 50, 75) percentile: (94, 230, 2098)
[M::mem_pestat] low and high boundaries for computing mean and std.dev: (1, 6106)
[M::mem_pestat] mean and std.dev: (919.03, 1550.45)
[M::mem_pestat] low and high boundaries for proper pairs: (1, 8110)
[M::mem_pestat] analyzing insert size distribution for orientation RR...
[M::mem_pestat] (25, 50, 75) percentile: (168, 250, 830)
[M::mem_pestat] low and high boundaries for computing mean and std.dev: (1, 2154)
[M::mem_pestat] mean and std.dev: (455.25, 492.76)
[M::mem_pestat] low and high boundaries for proper pairs: (1, 2816)
[M::mem_pestat] skip orientation FF
[M::mem_pestat] skip orientation RF
[M::mem_pestat] skip orientation RR
[M::process] read 1454704 sequences (200000276 bp)...
[M::mem_process_seqs] Processed 1453378 reads in 437.831 CPU sec, 47.999 real sec
[M::mem_pestat] # candidate unique pairs for (FF, FR, RF, RR): (24, 558228, 116, 38)
[M::mem_pestat] analyzing insert size distribution for orientation FF...
[M::mem_pestat] (25, 50, 75) percentile: (301, 412, 755)
[M::mem_pestat] low and high boundaries for computing mean and std.dev: (1, 1663)
[M::mem_pestat] mean and std.dev: (496.42, 298.71)
[M::mem_pestat] low and high boundaries for proper pairs: (1, 2117)
[M::mem_pestat] analyzing insert size distribution for orientation FR...
[M::mem_pestat] (25, 50, 75) percentile: (236, 315, 402)
[M::mem_pestat] low and high boundaries for computing mean and std.dev: (1, 734)
[M::mem_pestat] mean and std.dev: (325.79, 120.39)
[M::mem_pestat] low and high boundaries for proper pairs: (1, 900)
[M::mem_pestat] analyzing insert size distribution for orientation RF...
[M::mem_pestat] (25, 50, 75) percentile: (59, 477, 2398)
[M::mem_pestat] low and high boundaries for computing mean and std.dev: (1, 7076)
[M::mem_pestat] mean and std.dev: (1189.17, 1750.67)
[M::mem_pestat] low and high boundaries for proper pairs: (1, 9415)
[M::mem_pestat] analyzing insert size distribution for orientation RR...
[M::mem_pestat] (25, 50, 75) percentile: (133, 181, 510)
[M::mem_pestat] low and high boundaries for computing mean and std.dev: (1, 1264)
[M::mem_pestat] mean and std.dev: (195.90, 132.38)
[M::mem_pestat] low and high boundaries for proper pairs: (1, 1641)
[M::mem_pestat] skip orientation FF
[M::mem_pestat] skip orientation RF
[M::mem_pestat] skip orientation RR
[M::process] read 1455816 sequences (200000238 bp)...
[M::mem_process_seqs] Processed 1454704 reads in 444.082 CPU sec, 48.767 real sec
[M::mem_pestat] # candidate unique pairs for (FF, FR, RF, RR): (24, 560326, 119, 30)
[M::mem_pestat] analyzing insert size distribution for orientation FF...
[M::mem_pestat] (25, 50, 75) percentile: (309, 501, 773)
[M::mem_pestat] low and high boundaries for computing mean and std.dev: (1, 1701)
[M::mem_pestat] mean and std.dev: (485.18, 265.56)
[M::mem_pestat] low and high boundaries for proper pairs: (1, 2165)
[M::mem_pestat] analyzing insert size distribution for orientation FR...
[M::mem_pestat] (25, 50, 75) percentile: (238, 317, 405)
[M::mem_pestat] low and high boundaries for computing mean and std.dev: (1, 739)
[M::mem_pestat] mean and std.dev: (328.21, 121.53)
[M::mem_pestat] low and high boundaries for proper pairs: (1, 906)
[M::mem_pestat] analyzing insert size distribution for orientation RF...
[M::mem_pestat] (25, 50, 75) percentile: (66, 214, 1342)
[M::mem_pestat] low and high boundaries for computing mean and std.dev: (1, 3894)
[M::mem_pestat] mean and std.dev: (503.50, 708.42)
[M::mem_pestat] low and high boundaries for proper pairs: (1, 5170)
[M::mem_pestat] analyzing insert size distribution for orientation RR...
[M::mem_pestat] (25, 50, 75) percentile: (140, 272, 2063)
[M::mem_pestat] low and high boundaries for computing mean and std.dev: (1, 5909)
[M::mem_pestat] mean and std.dev: (680.54, 1020.04)
[M::mem_pestat] low and high boundaries for proper pairs: (1, 7832)
[M::mem_pestat] skip orientation FF
[M::mem_pestat] skip orientation RF
[M::mem_pestat] skip orientation RR
[M::process] read 1457934 sequences (200000046 bp)...
[M::mem_process_seqs] Processed 1455816 reads in 439.709 CPU sec, 47.727 real sec
[M::mem_pestat] # candidate unique pairs for (FF, FR, RF, RR): (35, 558517, 114, 30)
[M::mem_pestat] analyzing insert size distribution for orientation FF...
[M::mem_pestat] (25, 50, 75) percentile: (292, 453, 1502)
[M::mem_pestat] low and high boundaries for computing mean and std.dev: (1, 3922)
[M::mem_pestat] mean and std.dev: (706.03, 762.64)
[M::mem_pestat] low and high boundaries for proper pairs: (1, 5132)
[M::mem_pestat] analyzing insert size distribution for orientation FR...
[M::mem_pestat] (25, 50, 75) percentile: (235, 314, 401)
[M::mem_pestat] low and high boundaries for computing mean and std.dev: (1, 733)
[M::mem_pestat] mean and std.dev: (325.16, 120.13)
[M::mem_pestat] low and high boundaries for proper pairs: (1, 899)
[M::mem_pestat] analyzing insert size distribution for orientation RF...
[M::mem_pestat] (25, 50, 75) percentile: (61, 357, 2433)
[M::mem_pestat] low and high boundaries for computing mean and std.dev: (1, 7177)
[M::mem_pestat] mean and std.dev: (1132.69, 1719.96)
[M::mem_pestat] low and high boundaries for proper pairs: (1, 9549)
[M::mem_pestat] analyzing insert size distribution for orientation RR...
[M::mem_pestat] (25, 50, 75) percentile: (147, 317, 479)
[M::mem_pestat] low and high boundaries for computing mean and std.dev: (1, 1143)
[M::mem_pestat] mean and std.dev: (240.13, 140.55)
[M::mem_pestat] low and high boundaries for proper pairs: (1, 1475)
[M::mem_pestat] skip orientation FF
[M::mem_pestat] skip orientation RF
[M::mem_pestat] skip orientation RR
[M::process] read 1458640 sequences (200000175 bp)...
[M::mem_process_seqs] Processed 1457934 reads in 448.962 CPU sec, 48.623 real sec
[M::mem_pestat] # candidate unique pairs for (FF, FR, RF, RR): (36, 561164, 131, 38)
[M::mem_pestat] analyzing insert size distribution for orientation FF...
[M::mem_pestat] (25, 50, 75) percentile: (296, 430, 1235)
[M::mem_pestat] low and high boundaries for computing mean and std.dev: (1, 3113)
[M::mem_pestat] mean and std.dev: (624.66, 571.31)
[M::mem_pestat] low and high boundaries for proper pairs: (1, 4052)
[M::mem_pestat] analyzing insert size distribution for orientation FR...
[M::mem_pestat] (25, 50, 75) percentile: (236, 314, 401)
[M::mem_pestat] low and high boundaries for computing mean and std.dev: (1, 731)
[M::mem_pestat] mean and std.dev: (325.19, 119.75)
[M::mem_pestat] low and high boundaries for proper pairs: (1, 896)
[M::mem_pestat] analyzing insert size distribution for orientation RF...
[M::mem_pestat] (25, 50, 75) percentile: (73, 325, 1445)
[M::mem_pestat] low and high boundaries for computing mean and std.dev: (1, 4189)
[M::mem_pestat] mean and std.dev: (600.08, 915.57)
[M::mem_pestat] low and high boundaries for proper pairs: (1, 5561)
[M::mem_pestat] analyzing insert size distribution for orientation RR...
[M::mem_pestat] (25, 50, 75) percentile: (150, 271, 452)
[M::mem_pestat] low and high boundaries for computing mean and std.dev: (1, 1056)
[M::mem_pestat] mean and std.dev: (291.67, 208.75)
[M::mem_pestat] low and high boundaries for proper pairs: (1, 1358)
[M::mem_pestat] skip orientation FF
[M::mem_pestat] skip orientation RF
[M::mem_pestat] skip orientation RR
[M::process] read 1459990 sequences (200000230 bp)...
[M::mem_process_seqs] Processed 1458640 reads in 438.618 CPU sec, 47.538 real sec
[M::mem_pestat] # candidate unique pairs for (FF, FR, RF, RR): (42, 560102, 137, 31)
[M::mem_pestat] analyzing insert size distribution for orientation FF...
[M::mem_pestat] (25, 50, 75) percentile: (226, 359, 532)
[M::mem_pestat] low and high boundaries for computing mean and std.dev: (1, 1144)
[M::mem_pestat] mean and std.dev: (370.08, 206.25)
[M::mem_pestat] low and high boundaries for proper pairs: (1, 1450)
[M::mem_pestat] analyzing insert size distribution for orientation FR...
[M::mem_pestat] (25, 50, 75) percentile: (237, 315, 402)
[M::mem_pestat] low and high boundaries for computing mean and std.dev: (1, 732)
[M::mem_pestat] mean and std.dev: (325.98, 119.89)
[M::mem_pestat] low and high boundaries for proper pairs: (1, 897)
[M::mem_pestat] analyzing insert size distribution for orientation RF...
[M::mem_pestat] (25, 50, 75) percentile: (77, 307, 2436)
[M::mem_pestat] low and high boundaries for computing mean and std.dev: (1, 7154)
[M::mem_pestat] mean and std.dev: (1306.52, 1834.96)
[M::mem_pestat] low and high boundaries for proper pairs: (1, 9513)
[M::mem_pestat] analyzing insert size distribution for orientation RR...
[M::mem_pestat] (25, 50, 75) percentile: (197, 277, 482)
[M::mem_pestat] low and high boundaries for computing mean and std.dev: (1, 1052)
[M::mem_pestat] mean and std.dev: (280.58, 175.30)
[M::mem_pestat] low and high boundaries for proper pairs: (1, 1337)
[M::mem_pestat] skip orientation FF
[M::mem_pestat] skip orientation RF
[M::mem_pestat] skip orientation RR
[M::process] read 1456446 sequences (200000113 bp)...
[M::mem_process_seqs] Processed 1459990 reads in 446.423 CPU sec, 48.480 real sec
[M::mem_pestat] # candidate unique pairs for (FF, FR, RF, RR): (41, 560346, 122, 38)
[M::mem_pestat] analyzing insert size distribution for orientation FF...
[M::mem_pestat] (25, 50, 75) percentile: (312, 450, 1174)
[M::mem_pestat] low and high boundaries for computing mean and std.dev: (1, 2898)
[M::mem_pestat] mean and std.dev: (622.34, 563.21)
[M::mem_pestat] low and high boundaries for proper pairs: (1, 3760)
[M::mem_pestat] analyzing insert size distribution for orientation FR...
[M::mem_pestat] (25, 50, 75) percentile: (239, 319, 408)
[M::mem_pestat] low and high boundaries for computing mean and std.dev: (1, 746)
[M::mem_pestat] mean and std.dev: (330.54, 123.13)
[M::mem_pestat] low and high boundaries for proper pairs: (1, 915)
[M::mem_pestat] analyzing insert size distribution for orientation RF...
[M::mem_pestat] (25, 50, 75) percentile: (56, 427, 3130)
[M::mem_pestat] low and high boundaries for computing mean and std.dev: (1, 9278)
[M::mem_pestat] mean and std.dev: (1706.43, 2332.62)
[M::mem_pestat] low and high boundaries for proper pairs: (1, 12352)
[M::mem_pestat] analyzing insert size distribution for orientation RR...
[M::mem_pestat] (25, 50, 75) percentile: (260, 797, 1424)
[M::mem_pestat] low and high boundaries for computing mean and std.dev: (1, 3752)
[M::mem_pestat] mean and std.dev: (829.71, 768.55)
[M::mem_pestat] low and high boundaries for proper pairs: (1, 4916)
[M::mem_pestat] skip orientation FF
[M::mem_pestat] skip orientation RF
[M::mem_pestat] skip orientation RR
[M::process] read 1455976 sequences (200000194 bp)...
[M::mem_process_seqs] Processed 1456446 reads in 439.576 CPU sec, 47.924 real sec
[M::mem_pestat] # candidate unique pairs for (FF, FR, RF, RR): (34, 559137, 128, 26)
[M::mem_pestat] analyzing insert size distribution for orientation FF...
[M::mem_pestat] (25, 50, 75) percentile: (238, 398, 882)
[M::mem_pestat] low and high boundaries for computing mean and std.dev: (1, 2170)
[M::mem_pestat] mean and std.dev: (507.10, 438.76)
[M::mem_pestat] low and high boundaries for proper pairs: (1, 2814)
[M::mem_pestat] analyzing insert size distribution for orientation FR...
[M::mem_pestat] (25, 50, 75) percentile: (238, 318, 406)
[M::mem_pestat] low and high boundaries for computing mean and std.dev: (1, 742)
[M::mem_pestat] mean and std.dev: (329.12, 122.48)
[M::mem_pestat] low and high boundaries for proper pairs: (1, 910)
[M::mem_pestat] analyzing insert size distribution for orientation RF...
[M::mem_pestat] (25, 50, 75) percentile: (72, 356, 2379)
[M::mem_pestat] low and high boundaries for computing mean and std.dev: (1, 6993)
[M::mem_pestat] mean and std.dev: (1415.58, 2036.66)
[M::mem_pestat] low and high boundaries for proper pairs: (1, 9562)
[M::mem_pestat] analyzing insert size distribution for orientation RR...
[M::mem_pestat] (25, 50, 75) percentile: (126, 464, 1409)
[M::mem_pestat] low and high boundaries for computing mean and std.dev: (1, 3975)
[M::mem_pestat] mean and std.dev: (586.50, 750.48)
[M::mem_pestat] low and high boundaries for proper pairs: (1, 5258)
[M::mem_pestat] skip orientation FF
[M::mem_pestat] skip orientation RF
[M::mem_pestat] skip orientation RR
[M::process] read 1455614 sequences (200000229 bp)...
[M::mem_process_seqs] Processed 1455976 reads in 442.090 CPU sec, 48.632 real sec
[M::mem_pestat] # candidate unique pairs for (FF, FR, RF, RR): (29, 559763, 126, 47)
[M::mem_pestat] analyzing insert size distribution for orientation FF...
[M::mem_pestat] (25, 50, 75) percentile: (279, 557, 2297)
[M::mem_pestat] low and high boundaries for computing mean and std.dev: (1, 6333)
[M::mem_pestat] mean and std.dev: (1124.55, 1125.47)
[M::mem_pestat] low and high boundaries for proper pairs: (1, 8351)
[M::mem_pestat] analyzing insert size distribution for orientation FR...
[M::mem_pestat] (25, 50, 75) percentile: (240, 320, 410)
[M::mem_pestat] low and high boundaries for computing mean and std.dev: (1, 750)
[M::mem_pestat] mean and std.dev: (331.77, 123.83)
[M::mem_pestat] low and high boundaries for proper pairs: (1, 920)
[M::mem_pestat] analyzing insert size distribution for orientation RF...
[M::mem_pestat] (25, 50, 75) percentile: (146, 582, 1525)
[M::mem_pestat] low and high boundaries for computing mean and std.dev: (1, 4283)
[M::mem_pestat] mean and std.dev: (688.24, 887.02)
[M::mem_pestat] low and high boundaries for proper pairs: (1, 5662)
[M::mem_pestat] analyzing insert size distribution for orientation RR...
[M::mem_pestat] (25, 50, 75) percentile: (124, 354, 1375)
[M::mem_pestat] low and high boundaries for computing mean and std.dev: (1, 3877)
[M::mem_pestat] mean and std.dev: (906.62, 1098.24)
[M::mem_pestat] low and high boundaries for proper pairs: (1, 5300)
[M::mem_pestat] skip orientation FF
[M::mem_pestat] skip orientation RF
[M::mem_pestat] skip orientation RR
[M::mem_process_seqs] Processed 1455614 reads in 452.238 CPU sec, 65.116 real sec
[M::process] read 1455922 sequences (200000212 bp)...
[M::process] read 1454604 sequences (200000097 bp)...
[M::mem_pestat] # candidate unique pairs for (FF, FR, RF, RR): (38, 559102, 116, 27)
[M::mem_pestat] analyzing insert size distribution for orientation FF...
[M::mem_pestat] (25, 50, 75) percentile: (321, 612, 973)
[M::mem_pestat] low and high boundaries for computing mean and std.dev: (1, 2277)
[M::mem_pestat] mean and std.dev: (585.44, 415.48)
[M::mem_pestat] low and high boundaries for proper pairs: (1, 2929)
[M::mem_pestat] analyzing insert size distribution for orientation FR...
[M::mem_pestat] (25, 50, 75) percentile: (238, 318, 408)
[M::mem_pestat] low and high boundaries for computing mean and std.dev: (1, 748)
[M::mem_pestat] mean and std.dev: (330.05, 123.14)
[M::mem_pestat] low and high boundaries for proper pairs: (1, 918)
[M::mem_pestat] analyzing insert size distribution for orientation RF...
[M::mem_pestat] (25, 50, 75) percentile: (76, 465, 1900)
[M::mem_pestat] low and high boundaries for computing mean and std.dev: (1, 5548)
[M::mem_pestat] mean and std.dev: (848.17, 1186.92)
[M::mem_pestat] low and high boundaries for proper pairs: (1, 7372)
[M::mem_pestat] analyzing insert size distribution for orientation RR...
[M::mem_pestat] (25, 50, 75) percentile: (210, 366, 667)
[M::mem_pestat] low and high boundaries for computing mean and std.dev: (1, 1581)
[M::mem_pestat] mean and std.dev: (346.59, 252.65)
[M::mem_pestat] low and high boundaries for proper pairs: (1, 2038)
[M::mem_pestat] skip orientation FF
[M::mem_pestat] skip orientation RF
[M::mem_pestat] skip orientation RR
[M::mem_process_seqs] Processed 1455922 reads in 445.095 CPU sec, 46.522 real sec
[M::mem_pestat] # candidate unique pairs for (FF, FR, RF, RR): (39, 558516, 145, 33)
[M::mem_pestat] analyzing insert size distribution for orientation FF...
[M::mem_pestat] (25, 50, 75) percentile: (238, 359, 721)
[M::mem_pestat] low and high boundaries for computing mean and std.dev: (1, 1687)
[M::mem_pestat] mean and std.dev: (396.94, 271.12)
[M::mem_pestat] low and high boundaries for proper pairs: (1, 2170)
[M::mem_pestat] analyzing insert size distribution for orientation FR...
[M::mem_pestat] (25, 50, 75) percentile: (239, 320, 409)
[M::mem_pestat] low and high boundaries for computing mean and std.dev: (1, 749)
[M::mem_pestat] mean and std.dev: (331.30, 124.00)
[M::mem_pestat] low and high boundaries for proper pairs: (1, 919)
[M::mem_pestat] analyzing insert size distribution for orientation RF...
[M::mem_pestat] (25, 50, 75) percentile: (132, 394, 3186)
[M::mem_pestat] low and high boundaries for computing mean and std.dev: (1, 9294)
[M::mem_pestat] mean and std.dev: (1657.87, 2235.41)
[M::mem_pestat] low and high boundaries for proper pairs: (1, 12348)
[M::mem_pestat] analyzing insert size distribution for orientation RR...
[M::mem_pestat] (25, 50, 75) percentile: (142, 268, 489)
[M::mem_pestat] low and high boundaries for computing mean and std.dev: (1, 1183)
[M::mem_pestat] mean and std.dev: (282.41, 197.15)
[M::mem_pestat] low and high boundaries for proper pairs: (1, 1530)
[M::mem_pestat] skip orientation FF
[M::mem_pestat] skip orientation RF
[M::mem_pestat] skip orientation RR
[M::process] read 1457062 sequences (200000180 bp)...
[M::mem_process_seqs] Processed 1454604 reads in 442.912 CPU sec, 48.203 real sec
[M::mem_pestat] # candidate unique pairs for (FF, FR, RF, RR): (35, 559180, 124, 28)
[M::mem_pestat] analyzing insert size distribution for orientation FF...
[M::mem_pestat] (25, 50, 75) percentile: (307, 360, 709)
[M::mem_pestat] low and high boundaries for computing mean and std.dev: (1, 1513)
[M::mem_pestat] mean and std.dev: (388.60, 272.10)
[M::mem_pestat] low and high boundaries for proper pairs: (1, 1915)
[M::mem_pestat] analyzing insert size distribution for orientation FR...
[M::mem_pestat] (25, 50, 75) percentile: (238, 318, 406)
[M::mem_pestat] low and high boundaries for computing mean and std.dev: (1, 742)
[M::mem_pestat] mean and std.dev: (329.01, 122.47)
[M::mem_pestat] low and high boundaries for proper pairs: (1, 910)
[M::mem_pestat] analyzing insert size distribution for orientation RF...
[M::mem_pestat] (25, 50, 75) percentile: (78, 467, 2427)
[M::mem_pestat] low and high boundaries for computing mean and std.dev: (1, 7125)
[M::mem_pestat] mean and std.dev: (1286.90, 1786.18)
[M::mem_pestat] low and high boundaries for proper pairs: (1, 9474)
[M::mem_pestat] analyzing insert size distribution for orientation RR...
[M::mem_pestat] (25, 50, 75) percentile: (163, 263, 570)
[M::mem_pestat] low and high boundaries for computing mean and std.dev: (1, 1384)
[M::mem_pestat] mean and std.dev: (322.65, 242.26)
[M::mem_pestat] low and high boundaries for proper pairs: (1, 1791)
[M::mem_pestat] skip orientation FF
[M::mem_pestat] skip orientation RF
[M::mem_pestat] skip orientation RR
[M::process] read 1455704 sequences (200000174 bp)...
[M::mem_process_seqs] Processed 1457062 reads in 442.660 CPU sec, 47.928 real sec
[M::mem_pestat] # candidate unique pairs for (FF, FR, RF, RR): (35, 559423, 117, 39)
[M::mem_pestat] analyzing insert size distribution for orientation FF...
[M::mem_pestat] (25, 50, 75) percentile: (219, 364, 705)
[M::mem_pestat] low and high boundaries for computing mean and std.dev: (1, 1677)
[M::mem_pestat] mean and std.dev: (426.00, 348.66)
[M::mem_pestat] low and high boundaries for proper pairs: (1, 2163)
[M::mem_pestat] analyzing insert size distribution for orientation FR...
[M::mem_pestat] (25, 50, 75) percentile: (239, 319, 408)
[M::mem_pestat] low and high boundaries for computing mean and std.dev: (1, 746)
[M::mem_pestat] mean and std.dev: (330.65, 123.45)
[M::mem_pestat] low and high boundaries for proper pairs: (1, 915)
[M::mem_pestat] analyzing insert size distribution for orientation RF...
[M::mem_pestat] (25, 50, 75) percentile: (45, 268, 3359)
[M::mem_pestat] low and high boundaries for computing mean and std.dev: (1, 9987)
[M::mem_pestat] mean and std.dev: (1858.51, 2736.17)
[M::mem_pestat] low and high boundaries for proper pairs: (1, 13301)
[M::mem_pestat] analyzing insert size distribution for orientation RR...
[M::mem_pestat] (25, 50, 75) percentile: (197, 361, 810)
[M::mem_pestat] low and high boundaries for computing mean and std.dev: (1, 2036)
[M::mem_pestat] mean and std.dev: (456.12, 452.68)
[M::mem_pestat] low and high boundaries for proper pairs: (1, 2649)
[M::mem_pestat] skip orientation FF
[M::mem_pestat] skip orientation RF
[M::mem_pestat] skip orientation RR
[M::process] read 1461186 sequences (200000121 bp)...
[M::mem_process_seqs] Processed 1455704 reads in 442.927 CPU sec, 47.992 real sec
[M::mem_pestat] # candidate unique pairs for (FF, FR, RF, RR): (34, 561306, 132, 34)
[M::mem_pestat] analyzing insert size distribution for orientation FF...
[M::mem_pestat] (25, 50, 75) percentile: (233, 460, 1745)
[M::mem_pestat] low and high boundaries for computing mean and std.dev: (1, 4769)
[M::mem_pestat] mean and std.dev: (894.40, 1198.33)
[M::mem_pestat] low and high boundaries for proper pairs: (1, 6281)
[M::mem_pestat] analyzing insert size distribution for orientation FR...
[M::mem_pestat] (25, 50, 75) percentile: (237, 317, 405)
[M::mem_pestat] low and high boundaries for computing mean and std.dev: (1, 741)
[M::mem_pestat] mean and std.dev: (328.09, 121.73)
[M::mem_pestat] low and high boundaries for proper pairs: (1, 909)
[M::mem_pestat] analyzing insert size distribution for orientation RF...
[M::mem_pestat] (25, 50, 75) percentile: (87, 282, 1960)
[M::mem_pestat] low and high boundaries for computing mean and std.dev: (1, 5706)
[M::mem_pestat] mean and std.dev: (907.35, 1431.65)
[M::mem_pestat] low and high boundaries for proper pairs: (1, 7579)
[M::mem_pestat] analyzing insert size distribution for orientation RR...
[M::mem_pestat] (25, 50, 75) percentile: (211, 469, 1317)
[M::mem_pestat] low and high boundaries for computing mean and std.dev: (1, 3529)
[M::mem_pestat] mean and std.dev: (540.25, 582.07)
[M::mem_pestat] low and high boundaries for proper pairs: (1, 4635)
[M::mem_pestat] skip orientation FF
[M::mem_pestat] skip orientation RF
[M::mem_pestat] skip orientation RR
[M::process] read 1458074 sequences (200000245 bp)...
[M::mem_process_seqs] Processed 1461186 reads in 444.371 CPU sec, 48.315 real sec
[M::mem_pestat] # candidate unique pairs for (FF, FR, RF, RR): (32, 558412, 110, 39)
[M::mem_pestat] analyzing insert size distribution for orientation FF...
[M::mem_pestat] (25, 50, 75) percentile: (371, 518, 1116)
[M::mem_pestat] low and high boundaries for computing mean and std.dev: (1, 2606)
[M::mem_pestat] mean and std.dev: (610.46, 448.74)
[M::mem_pestat] low and high boundaries for proper pairs: (1, 3351)
[M::mem_pestat] analyzing insert size distribution for orientation FR...
[M::mem_pestat] (25, 50, 75) percentile: (238, 318, 407)
[M::mem_pestat] low and high boundaries for computing mean and std.dev: (1, 745)
[M::mem_pestat] mean and std.dev: (329.87, 122.90)
[M::mem_pestat] low and high boundaries for proper pairs: (1, 914)
[M::mem_pestat] analyzing insert size distribution for orientation RF...
[M::mem_pestat] (25, 50, 75) percentile: (68, 512, 3299)
[M::mem_pestat] low and high boundaries for computing mean and std.dev: (1, 9761)
[M::mem_pestat] mean and std.dev: (1870.95, 2590.46)
[M::mem_pestat] low and high boundaries for proper pairs: (1, 12992)
[M::mem_pestat] analyzing insert size distribution for orientation RR...
[M::mem_pestat] (25, 50, 75) percentile: (188, 359, 674)
[M::mem_pestat] low and high boundaries for computing mean and std.dev: (1, 1646)
[M::mem_pestat] mean and std.dev: (470.43, 400.50)
[M::mem_pestat] low and high boundaries for proper pairs: (1, 2132)
[M::mem_pestat] skip orientation FF
[M::mem_pestat] skip orientation RF
[M::mem_pestat] skip orientation RR
[M::process] read 1467608 sequences (200000276 bp)...
[M::mem_process_seqs] Processed 1458074 reads in 446.074 CPU sec, 48.578 real sec
[M::mem_pestat] # candidate unique pairs for (FF, FR, RF, RR): (38, 563127, 113, 33)
[M::mem_pestat] analyzing insert size distribution for orientation FF...
[M::mem_pestat] (25, 50, 75) percentile: (266, 384, 889)
[M::mem_pestat] low and high boundaries for computing mean and std.dev: (1, 2135)
[M::mem_pestat] mean and std.dev: (511.49, 423.37)
[M::mem_pestat] low and high boundaries for proper pairs: (1, 2758)
[M::mem_pestat] analyzing insert size distribution for orientation FR...
[M::mem_pestat] (25, 50, 75) percentile: (236, 315, 401)
[M::mem_pestat] low and high boundaries for computing mean and std.dev: (1, 731)
[M::mem_pestat] mean and std.dev: (325.54, 119.93)
[M::mem_pestat] low and high boundaries for proper pairs: (1, 896)
[M::mem_pestat] analyzing insert size distribution for orientation RF...
[M::mem_pestat] (25, 50, 75) percentile: (105, 474, 2884)
[M::mem_pestat] low and high boundaries for computing mean and std.dev: (1, 8442)
[M::mem_pestat] mean and std.dev: (1466.56, 2044.78)
[M::mem_pestat] low and high boundaries for proper pairs: (1, 11221)
[M::mem_pestat] analyzing insert size distribution for orientation RR...
[M::mem_pestat] (25, 50, 75) percentile: (178, 256, 463)
[M::mem_pestat] low and high boundaries for computing mean and std.dev: (1, 1033)
[M::mem_pestat] mean and std.dev: (257.44, 189.92)
[M::mem_pestat] low and high boundaries for proper pairs: (1, 1318)
[M::mem_pestat] skip orientation FF
[M::mem_pestat] skip orientation RF
[M::mem_pestat] skip orientation RR
[M::process] read 1461084 sequences (200000154 bp)...
[M::mem_process_seqs] Processed 1467608 reads in 446.196 CPU sec, 48.321 real sec
[M::mem_pestat] # candidate unique pairs for (FF, FR, RF, RR): (33, 560425, 134, 29)
[M::mem_pestat] analyzing insert size distribution for orientation FF...
[M::mem_pestat] (25, 50, 75) percentile: (215, 346, 565)
[M::mem_pestat] low and high boundaries for computing mean and std.dev: (1, 1265)
[M::mem_pestat] mean and std.dev: (378.35, 235.26)
[M::mem_pestat] low and high boundaries for proper pairs: (1, 1615)
[M::mem_pestat] analyzing insert size distribution for orientation FR...
[M::mem_pestat] (25, 50, 75) percentile: (238, 316, 404)
[M::mem_pestat] low and high boundaries for computing mean and std.dev: (1, 736)
[M::mem_pestat] mean and std.dev: (327.77, 121.26)
[M::mem_pestat] low and high boundaries for proper pairs: (1, 902)
[M::mem_pestat] analyzing insert size distribution for orientation RF...
[M::mem_pestat] (25, 50, 75) percentile: (93, 360, 1897)
[M::mem_pestat] low and high boundaries for computing mean and std.dev: (1, 5505)
[M::mem_pestat] mean and std.dev: (1019.59, 1423.02)
[M::mem_pestat] low and high boundaries for proper pairs: (1, 7309)
[M::mem_pestat] analyzing insert size distribution for orientation RR...
[M::mem_pestat] (25, 50, 75) percentile: (209, 411, 1380)
[M::mem_pestat] low and high boundaries for computing mean and std.dev: (1, 3722)
[M::mem_pestat] mean and std.dev: (669.38, 806.27)
[M::mem_pestat] low and high boundaries for proper pairs: (1, 4893)
[M::mem_pestat] skip orientation FF
[M::mem_pestat] skip orientation RF
[M::mem_pestat] skip orientation RR
[M::process] read 227060 sequences (31078486 bp)...
[M::mem_process_seqs] Processed 1461084 reads in 444.964 CPU sec, 54.096 real sec
[M::mem_pestat] # candidate unique pairs for (FF, FR, RF, RR): (7, 87091, 21, 4)
[M::mem_pestat] skip orientation FF as there are not enough pairs
[M::mem_pestat] analyzing insert size distribution for orientation FR...
[M::mem_pestat] (25, 50, 75) percentile: (237, 316, 403)
[M::mem_pestat] low and high boundaries for computing mean and std.dev: (1, 735)
[M::mem_pestat] mean and std.dev: (326.96, 120.65)
[M::mem_pestat] low and high boundaries for proper pairs: (1, 901)
[M::mem_pestat] analyzing insert size distribution for orientation RF...
[M::mem_pestat] (25, 50, 75) percentile: (165, 614, 8414)
[M::mem_pestat] low and high boundaries for computing mean and std.dev: (1, 24912)
[M::mem_pestat] mean and std.dev: (2879.81, 3611.96)
[M::mem_pestat] low and high boundaries for proper pairs: (1, 33161)
[M::mem_pestat] skip orientation RR as there are not enough pairs
[M::mem_pestat] skip orientation RF
[M::mem_process_seqs] Processed 227060 reads in 71.403 CPU sec, 8.435 real sec
[main] Version: 0.7.17-r1188
[main] CMD: bwasamblaster: Marked 1272153 of 16863715 (7.54%) read ids as duplicates mem -t using 273580k memory in  2038.857S -R CPU seconds and  @RG\tID:SL_HL_19T_179\tPL:ILLUMINA\tPU:HJMNCDSX7.2\tSM:SL_HL_19T_179\tCN:MCGILL\tBC:ATGTCCAGCA-NTGTCCGCTG20M /storage/scratch/iee/dj20y461/Stickleback/G_aculeatus/FITNESS//data/ref_A_X/stickleback_v5_assembly_A_X.fasta20S /storage/scratch/iee/dj20y461/Stickleback/G_aculeatus/FITNESS//data/trimmed/SL_HL_19T_179.R1.trimmed.fastq.gz(1220S) /storage/scratch/iee/dj20y461/Stickleback/G_aculeatus/FITNESS//data/trimmed/SL_HL_19T_179.R2.trimmed.fastq.gz wall time.

[main] Real time: 1220.269 sec; CPU: 10305.360 sec
[bam_sort_core] merging from 0 files and 20 in-memory blocks...
