samblaster: Version 0.1.24
samblaster: Inputting from stdin
samblaster: Outputting to stdout
[M::bwa_idx_load_from_disk] read 0 ALT contigs
[M::process] read 1461796 sequences (200000224 bp)...
[M::mem_pestat] # candidate unique pairs for (FF, FR, RF, RR): (95, 564864, 128, 73)
[M::mem_pestat] analyzing insert size distribution for orientation FF...
[M::mem_pestat] (25, 50, 75) percentile: (281, 397, 659)
[M::mem_pestat] low and high boundaries for computing mean and std.dev: (1, 1415)
[M::mem_pestat] mean and std.dev: (407.07, 246.18)
[M::mem_pestat] low and high boundaries for proper pairs: (1, 1793)
[M::mem_pestat] analyzing insert size distribution for orientation FR...
[M::mem_pestat] (25, 50, 75) percentile: (268, 353, 456)
[M::mem_pestat] low and high boundaries for computing mean and std.dev: (1, 832)
[M::mem_pestat] mean and std.dev: (369.72, 140.28)
[M::mem_pestat] low and high boundaries for proper pairs: (1, 1020)
[M::mem_pestat] analyzing insert size distribution for orientation RF...
[M::mem_pestat] (25, 50, 75) percentile: (68, 346, 1946)
[M::mem_pestat] low and high boundaries for computing mean and std.dev: (1, 5702)
[M::mem_pestat] mean and std.dev: (943.53, 1334.95)
[M::mem_pestat] low and high boundaries for proper pairs: (1, 7580)
[M::mem_pestat] analyzing insert size distribution for orientation RR...
[M::mem_pestat] (25, 50, 75) percentile: (281, 449, 1087)
[M::mem_pestat] low and high boundaries for computing mean and std.dev: (1, 2699)
[M::mem_pestat] mean and std.dev: (687.88, 663.41)
[M::mem_pestat] low and high boundaries for proper pairs: (1, 3505)
[M::mem_pestat] skip orientation FF
[M::mem_pestat] skip orientation RF
[M::mem_pestat] skip orientation RR
[M::mem_process_seqs] Processed 1461796 reads in 463.742 CPU sec, 111.974 real sec
samblaster: Loaded 23 header sequence entries.
[M::process] read 1459156 sequences (200000045 bp)...
[M::process] read 1461722 sequences (200000274 bp)...
[M::mem_pestat] # candidate unique pairs for (FF, FR, RF, RR): (98, 562842, 106, 60)
[M::mem_pestat] analyzing insert size distribution for orientation FF...
[M::mem_pestat] (25, 50, 75) percentile: (298, 447, 733)
[M::mem_pestat] low and high boundaries for computing mean and std.dev: (1, 1603)
[M::mem_pestat] mean and std.dev: (490.82, 293.28)
[M::mem_pestat] low and high boundaries for proper pairs: (1, 2038)
[M::mem_pestat] analyzing insert size distribution for orientation FR...
[M::mem_pestat] (25, 50, 75) percentile: (272, 358, 462)
[M::mem_pestat] low and high boundaries for computing mean and std.dev: (1, 842)
[M::mem_pestat] mean and std.dev: (374.97, 142.00)
[M::mem_pestat] low and high boundaries for proper pairs: (1, 1032)
[M::mem_pestat] analyzing insert size distribution for orientation RF...
[M::mem_pestat] (25, 50, 75) percentile: (41, 323, 2645)
[M::mem_pestat] low and high boundaries for computing mean and std.dev: (1, 7853)
[M::mem_pestat] mean and std.dev: (1386.39, 1957.00)
[M::mem_pestat] low and high boundaries for proper pairs: (1, 10457)
[M::mem_pestat] analyzing insert size distribution for orientation RR...
[M::mem_pestat] (25, 50, 75) percentile: (229, 383, 1171)
[M::mem_pestat] low and high boundaries for computing mean and std.dev: (1, 3055)
[M::mem_pestat] mean and std.dev: (553.75, 546.23)
[M::mem_pestat] low and high boundaries for proper pairs: (1, 3997)
[M::mem_pestat] skip orientation FF
[M::mem_pestat] skip orientation RF
[M::mem_pestat] skip orientation RR
[M::mem_process_seqs] Processed 1459156 reads in 435.483 CPU sec, 48.327 real sec
[M::process] read 1466842 sequences (200000086 bp)...
[M::mem_pestat] # candidate unique pairs for (FF, FR, RF, RR): (95, 562894, 130, 48)
[M::mem_pestat] analyzing insert size distribution for orientation FF...
[M::mem_pestat] (25, 50, 75) percentile: (289, 513, 917)
[M::mem_pestat] low and high boundaries for computing mean and std.dev: (1, 2173)
[M::mem_pestat] mean and std.dev: (547.10, 371.10)
[M::mem_pestat] low and high boundaries for proper pairs: (1, 2801)
[M::mem_pestat] analyzing insert size distribution for orientation FR...
[M::mem_pestat] (25, 50, 75) percentile: (272, 357, 460)
[M::mem_pestat] low and high boundaries for computing mean and std.dev: (1, 836)
[M::mem_pestat] mean and std.dev: (373.41, 140.24)
[M::mem_pestat] low and high boundaries for proper pairs: (1, 1024)
[M::mem_pestat] analyzing insert size distribution for orientation RF...
[M::mem_pestat] (25, 50, 75) percentile: (52, 301, 2804)
[M::mem_pestat] low and high boundaries for computing mean and std.dev: (1, 8308)
[M::mem_pestat] mean and std.dev: (1417.69, 2074.86)
[M::mem_pestat] low and high boundaries for proper pairs: (1, 11060)
[M::mem_pestat] analyzing insert size distribution for orientation RR...
[M::mem_pestat] (25, 50, 75) percentile: (246, 529, 1222)
[M::mem_pestat] low and high boundaries for computing mean and std.dev: (1, 3174)
[M::mem_pestat] mean and std.dev: (683.91, 621.29)
[M::mem_pestat] low and high boundaries for proper pairs: (1, 4150)
[M::mem_pestat] skip orientation FF
[M::mem_pestat] skip orientation RF
[M::mem_pestat] skip orientation RR
[M::mem_process_seqs] Processed 1461722 reads in 438.929 CPU sec, 50.264 real sec
[M::mem_pestat] # candidate unique pairs for (FF, FR, RF, RR): (83, 561742, 122, 62)
[M::mem_pestat] analyzing insert size distribution for orientation FF...
[M::mem_pestat] (25, 50, 75) percentile: (312, 454, 775)
[M::mem_pestat] low and high boundaries for computing mean and std.dev: (1, 1701)
[M::mem_pestat] mean and std.dev: (491.84, 287.55)
[M::mem_pestat] low and high boundaries for proper pairs: (1, 2164)
[M::mem_pestat] analyzing insert size distribution for orientation FR...
[M::mem_pestat] (25, 50, 75) percentile: (269, 352, 451)
[M::mem_pestat] low and high boundaries for computing mean and std.dev: (1, 815)
[M::mem_pestat] mean and std.dev: (366.79, 134.73)
[M::mem_pestat] low and high boundaries for proper pairs: (1, 997)
[M::mem_pestat] analyzing insert size distribution for orientation RF...
[M::mem_pestat] (25, 50, 75) percentile: (29, 278, 1786)
[M::mem_pestat] low and high boundaries for computing mean and std.dev: (1, 5300)
[M::mem_pestat] mean and std.dev: (783.53, 1155.47)
[M::mem_pestat] low and high boundaries for proper pairs: (1, 7057)
[M::mem_pestat] analyzing insert size distribution for orientation RR...
[M::mem_pestat] (25, 50, 75) percentile: (219, 471, 1146)
[M::mem_pestat] low and high boundaries for computing mean and std.dev: (1, 3000)
[M::mem_pestat] mean and std.dev: (640.89, 595.34)
[M::mem_pestat] low and high boundaries for proper pairs: (1, 3927)
[M::mem_pestat] skip orientation FF
[M::mem_pestat] skip orientation RF
[M::mem_pestat] skip orientation RR
[M::process] read 1460212 sequences (200000001 bp)...
[M::mem_process_seqs] Processed 1466842 reads in 440.869 CPU sec, 49.265 real sec
[M::mem_pestat] # candidate unique pairs for (FF, FR, RF, RR): (69, 564089, 128, 59)
[M::mem_pestat] analyzing insert size distribution for orientation FF...
[M::mem_pestat] (25, 50, 75) percentile: (373, 528, 805)
[M::mem_pestat] low and high boundaries for computing mean and std.dev: (1, 1669)
[M::mem_pestat] mean and std.dev: (520.56, 302.06)
[M::mem_pestat] low and high boundaries for proper pairs: (1, 2101)
[M::mem_pestat] analyzing insert size distribution for orientation FR...
[M::mem_pestat] (25, 50, 75) percentile: (270, 355, 459)
[M::mem_pestat] low and high boundaries for computing mean and std.dev: (1, 837)
[M::mem_pestat] mean and std.dev: (372.45, 141.36)
[M::mem_pestat] low and high boundaries for proper pairs: (1, 1026)
[M::mem_pestat] analyzing insert size distribution for orientation RF...
[M::mem_pestat] (25, 50, 75) percentile: (93, 343, 3156)
[M::mem_pestat] low and high boundaries for computing mean and std.dev: (1, 9282)
[M::mem_pestat] mean and std.dev: (1726.51, 2499.95)
[M::mem_pestat] low and high boundaries for proper pairs: (1, 12345)
[M::mem_pestat] analyzing insert size distribution for orientation RR...
[M::mem_pestat] (25, 50, 75) percentile: (286, 441, 1049)
[M::mem_pestat] low and high boundaries for computing mean and std.dev: (1, 2575)
[M::mem_pestat] mean and std.dev: (565.92, 451.56)
[M::mem_pestat] low and high boundaries for proper pairs: (1, 3338)
[M::mem_pestat] skip orientation FF
[M::mem_pestat] skip orientation RF
[M::mem_pestat] skip orientation RR
[M::process] read 1460852 sequences (200000187 bp)...
[M::mem_process_seqs] Processed 1460212 reads in 435.217 CPU sec, 48.063 real sec
[M::mem_pestat] # candidate unique pairs for (FF, FR, RF, RR): (84, 562699, 115, 42)
[M::mem_pestat] analyzing insert size distribution for orientation FF...
[M::mem_pestat] (25, 50, 75) percentile: (244, 426, 733)
[M::mem_pestat] low and high boundaries for computing mean and std.dev: (1, 1711)
[M::mem_pestat] mean and std.dev: (503.81, 357.87)
[M::mem_pestat] low and high boundaries for proper pairs: (1, 2200)
[M::mem_pestat] analyzing insert size distribution for orientation FR...
[M::mem_pestat] (25, 50, 75) percentile: (273, 358, 462)
[M::mem_pestat] low and high boundaries for computing mean and std.dev: (1, 840)
[M::mem_pestat] mean and std.dev: (374.82, 141.47)
[M::mem_pestat] low and high boundaries for proper pairs: (1, 1029)
[M::mem_pestat] analyzing insert size distribution for orientation RF...
[M::mem_pestat] (25, 50, 75) percentile: (127, 623, 3084)
[M::mem_pestat] low and high boundaries for computing mean and std.dev: (1, 8998)
[M::mem_pestat] mean and std.dev: (1664.84, 2108.37)
[M::mem_pestat] low and high boundaries for proper pairs: (1, 11955)
[M::mem_pestat] analyzing insert size distribution for orientation RR...
[M::mem_pestat] (25, 50, 75) percentile: (248, 400, 956)
[M::mem_pestat] low and high boundaries for computing mean and std.dev: (1, 2372)
[M::mem_pestat] mean and std.dev: (587.08, 524.69)
[M::mem_pestat] low and high boundaries for proper pairs: (1, 3080)
[M::mem_pestat] skip orientation FF
[M::mem_pestat] skip orientation RF
[M::mem_pestat] skip orientation RR
[M::mem_process_seqs] Processed 1460852 reads in 451.578 CPU sec, 73.321 real sec
[M::process] read 1464404 sequences (200000117 bp)...
[M::process] read 1471368 sequences (200000113 bp)...
[M::mem_pestat] # candidate unique pairs for (FF, FR, RF, RR): (96, 562244, 119, 48)
[M::mem_pestat] analyzing insert size distribution for orientation FF...
[M::mem_pestat] (25, 50, 75) percentile: (291, 392, 698)
[M::mem_pestat] low and high boundaries for computing mean and std.dev: (1, 1512)
[M::mem_pestat] mean and std.dev: (430.79, 248.12)
[M::mem_pestat] low and high boundaries for proper pairs: (1, 1919)
[M::mem_pestat] analyzing insert size distribution for orientation FR...
[M::mem_pestat] (25, 50, 75) percentile: (272, 357, 459)
[M::mem_pestat] low and high boundaries for computing mean and std.dev: (1, 833)
[M::mem_pestat] mean and std.dev: (372.78, 139.03)
[M::mem_pestat] low and high boundaries for proper pairs: (1, 1020)
[M::mem_pestat] analyzing insert size distribution for orientation RF...
[M::mem_pestat] (25, 50, 75) percentile: (81, 383, 2370)
[M::mem_pestat] low and high boundaries for computing mean and std.dev: (1, 6948)
[M::mem_pestat] mean and std.dev: (1245.50, 1736.17)
[M::mem_pestat] low and high boundaries for proper pairs: (1, 9237)
[M::mem_pestat] analyzing insert size distribution for orientation RR...
[M::mem_pestat] (25, 50, 75) percentile: (334, 682, 1936)
[M::mem_pestat] low and high boundaries for computing mean and std.dev: (1, 5140)
[M::mem_pestat] mean and std.dev: (1179.96, 1130.42)
[M::mem_pestat] low and high boundaries for proper pairs: (1, 6742)
[M::mem_pestat] skip orientation FF
[M::mem_pestat] skip orientation RF
[M::mem_pestat] skip orientation RR
[M::mem_process_seqs] Processed 1464404 reads in 439.905 CPU sec, 47.461 real sec
[M::mem_pestat] # candidate unique pairs for (FF, FR, RF, RR): (99, 562068, 116, 42)
[M::mem_pestat] analyzing insert size distribution for orientation FF...
[M::mem_pestat] (25, 50, 75) percentile: (315, 471, 706)
[M::mem_pestat] low and high boundaries for computing mean and std.dev: (1, 1488)
[M::mem_pestat] mean and std.dev: (498.84, 271.91)
[M::mem_pestat] low and high boundaries for proper pairs: (1, 1879)
[M::mem_pestat] analyzing insert size distribution for orientation FR...
[M::mem_pestat] (25, 50, 75) percentile: (268, 351, 448)
[M::mem_pestat] low and high boundaries for computing mean and std.dev: (1, 808)
[M::mem_pestat] mean and std.dev: (364.57, 132.59)
[M::mem_pestat] low and high boundaries for proper pairs: (1, 988)
[M::mem_pestat] analyzing insert size distribution for orientation RF...
[M::mem_pestat] (25, 50, 75) percentile: (66, 253, 2280)
[M::mem_pestat] low and high boundaries for computing mean and std.dev: (1, 6708)
[M::mem_pestat] mean and std.dev: (1109.79, 1753.18)
[M::mem_pestat] low and high boundaries for proper pairs: (1, 8922)
[M::mem_pestat] analyzing insert size distribution for orientation RR...
[M::mem_pestat] (25, 50, 75) percentile: (220, 339, 1150)
[M::mem_pestat] low and high boundaries for computing mean and std.dev: (1, 3010)
[M::mem_pestat] mean and std.dev: (521.84, 488.63)
[M::mem_pestat] low and high boundaries for proper pairs: (1, 3940)
[M::mem_pestat] skip orientation FF
[M::mem_pestat] skip orientation RF
[M::mem_pestat] skip orientation RR
[M::mem_process_seqs] Processed 1471368 reads in 457.891 CPU sec, 75.614 real sec
[M::process] read 1456854 sequences (200000123 bp)...
[M::process] read 1458576 sequences (200000123 bp)...
[M::mem_pestat] # candidate unique pairs for (FF, FR, RF, RR): (104, 562955, 104, 58)
[M::mem_pestat] analyzing insert size distribution for orientation FF...
[M::mem_pestat] (25, 50, 75) percentile: (240, 401, 593)
[M::mem_pestat] low and high boundaries for computing mean and std.dev: (1, 1299)
[M::mem_pestat] mean and std.dev: (421.65, 253.53)
[M::mem_pestat] low and high boundaries for proper pairs: (1, 1652)
[M::mem_pestat] analyzing insert size distribution for orientation FR...
[M::mem_pestat] (25, 50, 75) percentile: (272, 358, 464)
[M::mem_pestat] low and high boundaries for computing mean and std.dev: (1, 848)
[M::mem_pestat] mean and std.dev: (375.94, 143.92)
[M::mem_pestat] low and high boundaries for proper pairs: (1, 1040)
[M::mem_pestat] analyzing insert size distribution for orientation RF...
[M::mem_pestat] (25, 50, 75) percentile: (43, 446, 3163)
[M::mem_pestat] low and high boundaries for computing mean and std.dev: (1, 9403)
[M::mem_pestat] mean and std.dev: (1662.36, 2044.01)
[M::mem_pestat] low and high boundaries for proper pairs: (1, 12523)
[M::mem_pestat] analyzing insert size distribution for orientation RR...
[M::mem_pestat] (25, 50, 75) percentile: (286, 551, 914)
[M::mem_pestat] low and high boundaries for computing mean and std.dev: (1, 2170)
[M::mem_pestat] mean and std.dev: (617.65, 481.25)
[M::mem_pestat] low and high boundaries for proper pairs: (1, 2798)
[M::mem_pestat] skip orientation FF
[M::mem_pestat] skip orientation RF
[M::mem_pestat] skip orientation RR
[M::mem_process_seqs] Processed 1456854 reads in 434.575 CPU sec, 45.956 real sec
[M::mem_pestat] # candidate unique pairs for (FF, FR, RF, RR): (73, 562946, 111, 43)
[M::mem_pestat] analyzing insert size distribution for orientation FF...
[M::mem_pestat] (25, 50, 75) percentile: (291, 461, 834)
[M::mem_pestat] low and high boundaries for computing mean and std.dev: (1, 1920)
[M::mem_pestat] mean and std.dev: (559.19, 427.16)
[M::mem_pestat] low and high boundaries for proper pairs: (1, 2463)
[M::mem_pestat] analyzing insert size distribution for orientation FR...
[M::mem_pestat] (25, 50, 75) percentile: (275, 360, 466)
[M::mem_pestat] low and high boundaries for computing mean and std.dev: (1, 848)
[M::mem_pestat] mean and std.dev: (377.86, 143.62)
[M::mem_pestat] low and high boundaries for proper pairs: (1, 1039)
[M::mem_pestat] analyzing insert size distribution for orientation RF...
[M::mem_pestat] (25, 50, 75) percentile: (72, 600, 3222)
[M::mem_pestat] low and high boundaries for computing mean and std.dev: (1, 9522)
[M::mem_pestat] mean and std.dev: (1814.75, 2239.66)
[M::mem_pestat] low and high boundaries for proper pairs: (1, 12672)
[M::mem_pestat] analyzing insert size distribution for orientation RR...
[M::mem_pestat] (25, 50, 75) percentile: (283, 495, 1264)
[M::mem_pestat] low and high boundaries for computing mean and std.dev: (1, 3226)
[M::mem_pestat] mean and std.dev: (777.88, 732.44)
[M::mem_pestat] low and high boundaries for proper pairs: (1, 4207)
[M::mem_pestat] skip orientation FF
[M::mem_pestat] skip orientation RF
[M::mem_pestat] skip orientation RR
[M::process] read 1462078 sequences (200000271 bp)...
[M::mem_process_seqs] Processed 1458576 reads in 436.302 CPU sec, 47.356 real sec
[M::mem_pestat] # candidate unique pairs for (FF, FR, RF, RR): (96, 561952, 126, 38)
[M::mem_pestat] analyzing insert size distribution for orientation FF...
[M::mem_pestat] (25, 50, 75) percentile: (342, 505, 861)
[M::mem_pestat] low and high boundaries for computing mean and std.dev: (1, 1899)
[M::mem_pestat] mean and std.dev: (543.55, 338.79)
[M::mem_pestat] low and high boundaries for proper pairs: (1, 2418)
[M::mem_pestat] analyzing insert size distribution for orientation FR...
[M::mem_pestat] (25, 50, 75) percentile: (273, 358, 462)
[M::mem_pestat] low and high boundaries for computing mean and std.dev: (1, 840)
[M::mem_pestat] mean and std.dev: (374.57, 140.49)
[M::mem_pestat] low and high boundaries for proper pairs: (1, 1029)
[M::mem_pestat] analyzing insert size distribution for orientation RF...
[M::mem_pestat] (25, 50, 75) percentile: (48, 363, 3228)
[M::mem_pestat] low and high boundaries for computing mean and std.dev: (1, 9588)
[M::mem_pestat] mean and std.dev: (1764.06, 2413.64)
[M::mem_pestat] low and high boundaries for proper pairs: (1, 12768)
[M::mem_pestat] analyzing insert size distribution for orientation RR...
[M::mem_pestat] (25, 50, 75) percentile: (271, 349, 491)
[M::mem_pestat] low and high boundaries for computing mean and std.dev: (1, 931)
[M::mem_pestat] mean and std.dev: (373.88, 182.69)
[M::mem_pestat] low and high boundaries for proper pairs: (1, 1151)
[M::mem_pestat] skip orientation FF
[M::mem_pestat] skip orientation RF
[M::mem_pestat] skip orientation RR
[M::process] read 1469282 sequences (200000134 bp)...
[M::mem_process_seqs] Processed 1462078 reads in 440.636 CPU sec, 48.073 real sec
[M::mem_pestat] # candidate unique pairs for (FF, FR, RF, RR): (83, 562574, 143, 64)
[M::mem_pestat] analyzing insert size distribution for orientation FF...
[M::mem_pestat] (25, 50, 75) percentile: (247, 489, 758)
[M::mem_pestat] low and high boundaries for computing mean and std.dev: (1, 1780)
[M::mem_pestat] mean and std.dev: (517.35, 343.34)
[M::mem_pestat] low and high boundaries for proper pairs: (1, 2291)
[M::mem_pestat] analyzing insert size distribution for orientation FR...
[M::mem_pestat] (25, 50, 75) percentile: (268, 352, 450)
[M::mem_pestat] low and high boundaries for computing mean and std.dev: (1, 814)
[M::mem_pestat] mean and std.dev: (365.78, 133.81)
[M::mem_pestat] low and high boundaries for proper pairs: (1, 996)
[M::mem_pestat] analyzing insert size distribution for orientation RF...
[M::mem_pestat] (25, 50, 75) percentile: (153, 596, 3062)
[M::mem_pestat] low and high boundaries for computing mean and std.dev: (1, 8880)
[M::mem_pestat] mean and std.dev: (1629.72, 2208.54)
[M::mem_pestat] low and high boundaries for proper pairs: (1, 11789)
[M::mem_pestat] analyzing insert size distribution for orientation RR...
[M::mem_pestat] (25, 50, 75) percentile: (231, 402, 869)
[M::mem_pestat] low and high boundaries for computing mean and std.dev: (1, 2145)
[M::mem_pestat] mean and std.dev: (458.04, 355.44)
[M::mem_pestat] low and high boundaries for proper pairs: (1, 2783)
[M::mem_pestat] skip orientation FF
[M::mem_pestat] skip orientation RF
[M::mem_pestat] skip orientation RR
[M::process] read 1457466 sequences (200000095 bp)...
[M::mem_process_seqs] Processed 1469282 reads in 442.676 CPU sec, 48.312 real sec
[M::mem_pestat] # candidate unique pairs for (FF, FR, RF, RR): (70, 563343, 104, 53)
[M::mem_pestat] analyzing insert size distribution for orientation FF...
[M::mem_pestat] (25, 50, 75) percentile: (262, 495, 688)
[M::mem_pestat] low and high boundaries for computing mean and std.dev: (1, 1540)
[M::mem_pestat] mean and std.dev: (487.43, 269.21)
[M::mem_pestat] low and high boundaries for proper pairs: (1, 1966)
[M::mem_pestat] analyzing insert size distribution for orientation FR...
[M::mem_pestat] (25, 50, 75) percentile: (272, 358, 463)
[M::mem_pestat] low and high boundaries for computing mean and std.dev: (1, 845)
[M::mem_pestat] mean and std.dev: (375.61, 143.09)
[M::mem_pestat] low and high boundaries for proper pairs: (1, 1036)
[M::mem_pestat] analyzing insert size distribution for orientation RF...
[M::mem_pestat] (25, 50, 75) percentile: (146, 1014, 4086)
[M::mem_pestat] low and high boundaries for computing mean and std.dev: (1, 11966)
[M::mem_pestat] mean and std.dev: (2327.12, 2811.97)
[M::mem_pestat] low and high boundaries for proper pairs: (1, 15906)
[M::mem_pestat] analyzing insert size distribution for orientation RR...
[M::mem_pestat] (25, 50, 75) percentile: (222, 510, 833)
[M::mem_pestat] low and high boundaries for computing mean and std.dev: (1, 2055)
[M::mem_pestat] mean and std.dev: (544.96, 413.22)
[M::mem_pestat] low and high boundaries for proper pairs: (1, 2666)
[M::mem_pestat] skip orientation FF
[M::mem_pestat] skip orientation RF
[M::mem_pestat] skip orientation RR
[M::process] read 1457512 sequences (200000011 bp)...
[M::mem_process_seqs] Processed 1457466 reads in 434.876 CPU sec, 47.406 real sec
[M::mem_pestat] # candidate unique pairs for (FF, FR, RF, RR): (83, 562948, 111, 52)
[M::mem_pestat] analyzing insert size distribution for orientation FF...
[M::mem_pestat] (25, 50, 75) percentile: (280, 416, 678)
[M::mem_pestat] low and high boundaries for computing mean and std.dev: (1, 1474)
[M::mem_pestat] mean and std.dev: (462.55, 296.97)
[M::mem_pestat] low and high boundaries for proper pairs: (1, 1872)
[M::mem_pestat] analyzing insert size distribution for orientation FR...
[M::mem_pestat] (25, 50, 75) percentile: (274, 360, 465)
[M::mem_pestat] low and high boundaries for computing mean and std.dev: (1, 847)
[M::mem_pestat] mean and std.dev: (377.29, 143.17)
[M::mem_pestat] low and high boundaries for proper pairs: (1, 1038)
[M::mem_pestat] analyzing insert size distribution for orientation RF...
[M::mem_pestat] (25, 50, 75) percentile: (61, 377, 1619)
[M::mem_pestat] low and high boundaries for computing mean and std.dev: (1, 4735)
[M::mem_pestat] mean and std.dev: (890.91, 1246.15)
[M::mem_pestat] low and high boundaries for proper pairs: (1, 6293)
[M::mem_pestat] analyzing insert size distribution for orientation RR...
[M::mem_pestat] (25, 50, 75) percentile: (348, 623, 1302)
[M::mem_pestat] low and high boundaries for computing mean and std.dev: (1, 3210)
[M::mem_pestat] mean and std.dev: (836.56, 757.72)
[M::mem_pestat] low and high boundaries for proper pairs: (1, 4164)
[M::mem_pestat] skip orientation FF
[M::mem_pestat] skip orientation RF
[M::mem_pestat] skip orientation RR
[M::process] read 1460466 sequences (200000188 bp)...
[M::mem_process_seqs] Processed 1457512 reads in 435.352 CPU sec, 47.359 real sec
[M::mem_pestat] # candidate unique pairs for (FF, FR, RF, RR): (95, 561903, 113, 42)
[M::mem_pestat] analyzing insert size distribution for orientation FF...
[M::mem_pestat] (25, 50, 75) percentile: (305, 446, 697)
[M::mem_pestat] low and high boundaries for computing mean and std.dev: (1, 1481)
[M::mem_pestat] mean and std.dev: (475.14, 286.58)
[M::mem_pestat] low and high boundaries for proper pairs: (1, 1873)
[M::mem_pestat] analyzing insert size distribution for orientation FR...
[M::mem_pestat] (25, 50, 75) percentile: (273, 358, 462)
[M::mem_pestat] low and high boundaries for computing mean and std.dev: (1, 840)
[M::mem_pestat] mean and std.dev: (374.75, 140.55)
[M::mem_pestat] low and high boundaries for proper pairs: (1, 1029)
[M::mem_pestat] analyzing insert size distribution for orientation RF...
[M::mem_pestat] (25, 50, 75) percentile: (93, 473, 1879)
[M::mem_pestat] low and high boundaries for computing mean and std.dev: (1, 5451)
[M::mem_pestat] mean and std.dev: (888.43, 1192.33)
[M::mem_pestat] low and high boundaries for proper pairs: (1, 7237)
[M::mem_pestat] analyzing insert size distribution for orientation RR...
[M::mem_pestat] (25, 50, 75) percentile: (221, 457, 760)
[M::mem_pestat] low and high boundaries for computing mean and std.dev: (1, 1838)
[M::mem_pestat] mean and std.dev: (504.38, 371.09)
[M::mem_pestat] low and high boundaries for proper pairs: (1, 2377)
[M::mem_pestat] skip orientation FF
[M::mem_pestat] skip orientation RF
[M::mem_pestat] skip orientation RR
[M::process] read 1469060 sequences (200000106 bp)...
[M::mem_process_seqs] Processed 1460466 reads in 437.789 CPU sec, 47.929 real sec
[M::mem_pestat] # candidate unique pairs for (FF, FR, RF, RR): (87, 562828, 103, 57)
[M::mem_pestat] analyzing insert size distribution for orientation FF...
[M::mem_pestat] (25, 50, 75) percentile: (282, 469, 833)
[M::mem_pestat] low and high boundaries for computing mean and std.dev: (1, 1935)
[M::mem_pestat] mean and std.dev: (547.60, 401.74)
[M::mem_pestat] low and high boundaries for proper pairs: (1, 2486)
[M::mem_pestat] analyzing insert size distribution for orientation FR...
[M::mem_pestat] (25, 50, 75) percentile: (269, 352, 449)
[M::mem_pestat] low and high boundaries for computing mean and std.dev: (1, 809)
[M::mem_pestat] mean and std.dev: (365.75, 133.03)
[M::mem_pestat] low and high boundaries for proper pairs: (1, 989)
[M::mem_pestat] analyzing insert size distribution for orientation RF...
[M::mem_pestat] (25, 50, 75) percentile: (100, 591, 2773)
[M::mem_pestat] low and high boundaries for computing mean and std.dev: (1, 8119)
[M::mem_pestat] mean and std.dev: (1396.30, 1797.19)
[M::mem_pestat] low and high boundaries for proper pairs: (1, 10792)
[M::mem_pestat] analyzing insert size distribution for orientation RR...
[M::mem_pestat] (25, 50, 75) percentile: (208, 589, 1655)
[M::mem_pestat] low and high boundaries for computing mean and std.dev: (1, 4549)
[M::mem_pestat] mean and std.dev: (967.33, 1081.37)
[M::mem_pestat] low and high boundaries for proper pairs: (1, 5996)
[M::mem_pestat] skip orientation FF
[M::mem_pestat] skip orientation RF
[M::mem_pestat] skip orientation RR
[M::process] read 1456668 sequences (200000075 bp)...
[M::mem_process_seqs] Processed 1469060 reads in 439.290 CPU sec, 47.968 real sec
[M::mem_pestat] # candidate unique pairs for (FF, FR, RF, RR): (99, 564021, 113, 45)
[M::mem_pestat] analyzing insert size distribution for orientation FF...
[M::mem_pestat] (25, 50, 75) percentile: (269, 436, 728)
[M::mem_pestat] low and high boundaries for computing mean and std.dev: (1, 1646)
[M::mem_pestat] mean and std.dev: (495.94, 304.64)
[M::mem_pestat] low and high boundaries for proper pairs: (1, 2105)
[M::mem_pestat] analyzing insert size distribution for orientation FR...
[M::mem_pestat] (25, 50, 75) percentile: (276, 362, 468)
[M::mem_pestat] low and high boundaries for computing mean and std.dev: (1, 852)
[M::mem_pestat] mean and std.dev: (379.72, 144.07)
[M::mem_pestat] low and high boundaries for proper pairs: (1, 1044)
[M::mem_pestat] analyzing insert size distribution for orientation RF...
[M::mem_pestat] (25, 50, 75) percentile: (76, 379, 1813)
[M::mem_pestat] low and high boundaries for computing mean and std.dev: (1, 5287)
[M::mem_pestat] mean and std.dev: (965.15, 1333.05)
[M::mem_pestat] low and high boundaries for proper pairs: (1, 7024)
[M::mem_pestat] analyzing insert size distribution for orientation RR...
[M::mem_pestat] (25, 50, 75) percentile: (194, 452, 1298)
[M::mem_pestat] low and high boundaries for computing mean and std.dev: (1, 3506)
[M::mem_pestat] mean and std.dev: (769.16, 779.48)
[M::mem_pestat] low and high boundaries for proper pairs: (1, 4610)
[M::mem_pestat] skip orientation FF
[M::mem_pestat] skip orientation RF
[M::mem_pestat] skip orientation RR
[M::mem_process_seqs] Processed 1456668 reads in 448.095 CPU sec, 71.981 real sec
[M::process] read 1458182 sequences (200000179 bp)...
[M::process] read 1461328 sequences (200000163 bp)...
[M::mem_pestat] # candidate unique pairs for (FF, FR, RF, RR): (118, 563534, 121, 61)
[M::mem_pestat] analyzing insert size distribution for orientation FF...
[M::mem_pestat] (25, 50, 75) percentile: (310, 500, 749)
[M::mem_pestat] low and high boundaries for computing mean and std.dev: (1, 1627)
[M::mem_pestat] mean and std.dev: (506.91, 306.53)
[M::mem_pestat] low and high boundaries for proper pairs: (1, 2066)
[M::mem_pestat] analyzing insert size distribution for orientation FR...
[M::mem_pestat] (25, 50, 75) percentile: (276, 362, 467)
[M::mem_pestat] low and high boundaries for computing mean and std.dev: (1, 849)
[M::mem_pestat] mean and std.dev: (379.15, 143.03)
[M::mem_pestat] low and high boundaries for proper pairs: (1, 1040)
[M::mem_pestat] analyzing insert size distribution for orientation RF...
[M::mem_pestat] (25, 50, 75) percentile: (75, 653, 2992)
[M::mem_pestat] low and high boundaries for computing mean and std.dev: (1, 8826)
[M::mem_pestat] mean and std.dev: (1805.41, 2400.60)
[M::mem_pestat] low and high boundaries for proper pairs: (1, 11743)
[M::mem_pestat] analyzing insert size distribution for orientation RR...
[M::mem_pestat] (25, 50, 75) percentile: (296, 495, 1202)
[M::mem_pestat] low and high boundaries for computing mean and std.dev: (1, 3014)
[M::mem_pestat] mean and std.dev: (734.88, 704.32)
[M::mem_pestat] low and high boundaries for proper pairs: (1, 3920)
[M::mem_pestat] skip orientation FF
[M::mem_pestat] skip orientation RF
[M::mem_pestat] skip orientation RR
[M::mem_process_seqs] Processed 1458182 reads in 435.961 CPU sec, 45.942 real sec
[M::mem_pestat] # candidate unique pairs for (FF, FR, RF, RR): (98, 562144, 123, 49)
[M::mem_pestat] analyzing insert size distribution for orientation FF...
[M::mem_pestat] (25, 50, 75) percentile: (346, 521, 893)
[M::mem_pestat] low and high boundaries for computing mean and std.dev: (1, 1987)
[M::mem_pestat] mean and std.dev: (565.64, 373.64)
[M::mem_pestat] low and high boundaries for proper pairs: (1, 2534)
[M::mem_pestat] analyzing insert size distribution for orientation FR...
[M::mem_pestat] (25, 50, 75) percentile: (275, 360, 463)
[M::mem_pestat] low and high boundaries for computing mean and std.dev: (1, 839)
[M::mem_pestat] mean and std.dev: (376.33, 140.56)
[M::mem_pestat] low and high boundaries for proper pairs: (1, 1027)
[M::mem_pestat] analyzing insert size distribution for orientation RF...
[M::mem_pestat] (25, 50, 75) percentile: (49, 437, 2788)
[M::mem_pestat] low and high boundaries for computing mean and std.dev: (1, 8266)
[M::mem_pestat] mean and std.dev: (1573.74, 2018.90)
[M::mem_pestat] low and high boundaries for proper pairs: (1, 11005)
[M::mem_pestat] analyzing insert size distribution for orientation RR...
[M::mem_pestat] (25, 50, 75) percentile: (324, 504, 948)
[M::mem_pestat] low and high boundaries for computing mean and std.dev: (1, 2196)
[M::mem_pestat] mean and std.dev: (603.44, 457.67)
[M::mem_pestat] low and high boundaries for proper pairs: (1, 2820)
[M::mem_pestat] skip orientation FF
[M::mem_pestat] skip orientation RF
[M::mem_pestat] skip orientation RR
[M::process] read 1468622 sequences (200000074 bp)...
[M::mem_process_seqs] Processed 1461328 reads in 438.830 CPU sec, 47.556 real sec
[M::mem_pestat] # candidate unique pairs for (FF, FR, RF, RR): (103, 563084, 113, 46)
[M::mem_pestat] analyzing insert size distribution for orientation FF...
[M::mem_pestat] (25, 50, 75) percentile: (252, 402, 581)
[M::mem_pestat] low and high boundaries for computing mean and std.dev: (1, 1239)
[M::mem_pestat] mean and std.dev: (415.01, 226.95)
[M::mem_pestat] low and high boundaries for proper pairs: (1, 1568)
[M::mem_pestat] analyzing insert size distribution for orientation FR...
[M::mem_pestat] (25, 50, 75) percentile: (271, 355, 454)
[M::mem_pestat] low and high boundaries for computing mean and std.dev: (1, 820)
[M::mem_pestat] mean and std.dev: (368.80, 134.73)
[M::mem_pestat] low and high boundaries for proper pairs: (1, 1003)
[M::mem_pestat] analyzing insert size distribution for orientation RF...
[M::mem_pestat] (25, 50, 75) percentile: (64, 279, 1697)
[M::mem_pestat] low and high boundaries for computing mean and std.dev: (1, 4963)
[M::mem_pestat] mean and std.dev: (817.01, 1114.44)
[M::mem_pestat] low and high boundaries for proper pairs: (1, 6596)
[M::mem_pestat] analyzing insert size distribution for orientation RR...
[M::mem_pestat] (25, 50, 75) percentile: (275, 525, 1232)
[M::mem_pestat] low and high boundaries for computing mean and std.dev: (1, 3146)
[M::mem_pestat] mean and std.dev: (682.43, 537.44)
[M::mem_pestat] low and high boundaries for proper pairs: (1, 4103)
[M::mem_pestat] skip orientation FF
[M::mem_pestat] skip orientation RF
[M::mem_pestat] skip orientation RR
[M::process] read 1457750 sequences (200000032 bp)...
[M::mem_process_seqs] Processed 1468622 reads in 440.962 CPU sec, 47.921 real sec
[M::mem_pestat] # candidate unique pairs for (FF, FR, RF, RR): (76, 565179, 128, 50)
[M::mem_pestat] analyzing insert size distribution for orientation FF...
[M::mem_pestat] (25, 50, 75) percentile: (312, 473, 730)
[M::mem_pestat] low and high boundaries for computing mean and std.dev: (1, 1566)
[M::mem_pestat] mean and std.dev: (482.79, 285.66)
[M::mem_pestat] low and high boundaries for proper pairs: (1, 1984)
[M::mem_pestat] analyzing insert size distribution for orientation FR...
[M::mem_pestat] (25, 50, 75) percentile: (275, 361, 465)
[M::mem_pestat] low and high boundaries for computing mean and std.dev: (1, 845)
[M::mem_pestat] mean and std.dev: (377.51, 142.11)
[M::mem_pestat] low and high boundaries for proper pairs: (1, 1035)
[M::mem_pestat] analyzing insert size distribution for orientation RF...
[M::mem_pestat] (25, 50, 75) percentile: (94, 432, 3365)
[M::mem_pestat] low and high boundaries for computing mean and std.dev: (1, 9907)
[M::mem_pestat] mean and std.dev: (2018.10, 2809.99)
[M::mem_pestat] low and high boundaries for proper pairs: (1, 13258)
[M::mem_pestat] analyzing insert size distribution for orientation RR...
[M::mem_pestat] (25, 50, 75) percentile: (325, 602, 1521)
[M::mem_pestat] low and high boundaries for computing mean and std.dev: (1, 3913)
[M::mem_pestat] mean and std.dev: (810.05, 758.52)
[M::mem_pestat] low and high boundaries for proper pairs: (1, 5109)
[M::mem_pestat] skip orientation FF
[M::mem_pestat] skip orientation RF
[M::mem_pestat] skip orientation RR
[M::process] read 1458216 sequences (200000267 bp)...
[M::mem_process_seqs] Processed 1457750 reads in 431.566 CPU sec, 46.891 real sec
[M::mem_pestat] # candidate unique pairs for (FF, FR, RF, RR): (86, 564970, 95, 56)
[M::mem_pestat] analyzing insert size distribution for orientation FF...
[M::mem_pestat] (25, 50, 75) percentile: (313, 540, 916)
[M::mem_pestat] low and high boundaries for computing mean and std.dev: (1, 2122)
[M::mem_pestat] mean and std.dev: (639.02, 433.73)
[M::mem_pestat] low and high boundaries for proper pairs: (1, 2725)
[M::mem_pestat] analyzing insert size distribution for orientation FR...
[M::mem_pestat] (25, 50, 75) percentile: (275, 360, 464)
[M::mem_pestat] low and high boundaries for computing mean and std.dev: (1, 842)
[M::mem_pestat] mean and std.dev: (376.65, 141.36)
[M::mem_pestat] low and high boundaries for proper pairs: (1, 1031)
[M::mem_pestat] analyzing insert size distribution for orientation RF...
[M::mem_pestat] (25, 50, 75) percentile: (64, 519, 3100)
[M::mem_pestat] low and high boundaries for computing mean and std.dev: (1, 9172)
[M::mem_pestat] mean and std.dev: (2078.20, 2754.12)
[M::mem_pestat] low and high boundaries for proper pairs: (1, 13095)
[M::mem_pestat] analyzing insert size distribution for orientation RR...
[M::mem_pestat] (25, 50, 75) percentile: (304, 461, 1463)
[M::mem_pestat] low and high boundaries for computing mean and std.dev: (1, 3781)
[M::mem_pestat] mean and std.dev: (767.02, 901.07)
[M::mem_pestat] low and high boundaries for proper pairs: (1, 4940)
[M::mem_pestat] skip orientation FF
[M::mem_pestat] skip orientation RF
[M::mem_pestat] skip orientation RR
[M::process] read 1459188 sequences (200000036 bp)...
[M::mem_process_seqs] Processed 1458216 reads in 432.827 CPU sec, 46.935 real sec
[M::mem_pestat] # candidate unique pairs for (FF, FR, RF, RR): (76, 563285, 100, 37)
[M::mem_pestat] analyzing insert size distribution for orientation FF...
[M::mem_pestat] (25, 50, 75) percentile: (266, 426, 700)
[M::mem_pestat] low and high boundaries for computing mean and std.dev: (1, 1568)
[M::mem_pestat] mean and std.dev: (483.80, 330.58)
[M::mem_pestat] low and high boundaries for proper pairs: (1, 2002)
[M::mem_pestat] analyzing insert size distribution for orientation FR...
[M::mem_pestat] (25, 50, 75) percentile: (274, 360, 463)
[M::mem_pestat] low and high boundaries for computing mean and std.dev: (1, 841)
[M::mem_pestat] mean and std.dev: (375.98, 140.67)
[M::mem_pestat] low and high boundaries for proper pairs: (1, 1030)
[M::mem_pestat] analyzing insert size distribution for orientation RF...
[M::mem_pestat] (25, 50, 75) percentile: (46, 243, 3012)
[M::mem_pestat] low and high boundaries for computing mean and std.dev: (1, 8944)
[M::mem_pestat] mean and std.dev: (1489.33, 2181.72)
[M::mem_pestat] low and high boundaries for proper pairs: (1, 11910)
[M::mem_pestat] analyzing insert size distribution for orientation RR...
[M::mem_pestat] (25, 50, 75) percentile: (214, 612, 1769)
[M::mem_pestat] low and high boundaries for computing mean and std.dev: (1, 4879)
[M::mem_pestat] mean and std.dev: (933.77, 959.78)
[M::mem_pestat] low and high boundaries for proper pairs: (1, 6434)
[M::mem_pestat] skip orientation FF
[M::mem_pestat] skip orientation RF
[M::mem_pestat] skip orientation RR
[M::process] read 1467984 sequences (200000073 bp)...
[M::mem_process_seqs] Processed 1459188 reads in 435.097 CPU sec, 47.244 real sec
[M::mem_pestat] # candidate unique pairs for (FF, FR, RF, RR): (88, 563832, 93, 49)
[M::mem_pestat] analyzing insert size distribution for orientation FF...
[M::mem_pestat] (25, 50, 75) percentile: (277, 434, 677)
[M::mem_pestat] low and high boundaries for computing mean and std.dev: (1, 1477)
[M::mem_pestat] mean and std.dev: (458.00, 290.21)
[M::mem_pestat] low and high boundaries for proper pairs: (1, 1877)
[M::mem_pestat] analyzing insert size distribution for orientation FR...
[M::mem_pestat] (25, 50, 75) percentile: (270, 355, 455)
[M::mem_pestat] low and high boundaries for computing mean and std.dev: (1, 825)
[M::mem_pestat] mean and std.dev: (369.59, 136.70)
[M::mem_pestat] low and high boundaries for proper pairs: (1, 1010)
[M::mem_pestat] analyzing insert size distribution for orientation RF...
[M::mem_pestat] (25, 50, 75) percentile: (49, 508, 2618)
[M::mem_pestat] low and high boundaries for computing mean and std.dev: (1, 7756)
[M::mem_pestat] mean and std.dev: (1522.21, 2064.55)
[M::mem_pestat] low and high boundaries for proper pairs: (1, 10325)
[M::mem_pestat] analyzing insert size distribution for orientation RR...
[M::mem_pestat] (25, 50, 75) percentile: (248, 449, 856)
[M::mem_pestat] low and high boundaries for computing mean and std.dev: (1, 2072)
[M::mem_pestat] mean and std.dev: (482.98, 343.71)
[M::mem_pestat] low and high boundaries for proper pairs: (1, 2680)
[M::mem_pestat] skip orientation FF
[M::mem_pestat] skip orientation RF
[M::mem_pestat] skip orientation RR
[M::process] read 1475372 sequences (200000007 bp)...
[M::mem_process_seqs] Processed 1467984 reads in 447.369 CPU sec, 48.414 real sec
[M::process] read 1469986 sequences (200000068 bp)...
[M::mem_pestat] # candidate unique pairs for (FF, FR, RF, RR): (97, 566594, 130, 56)
[M::mem_pestat] analyzing insert size distribution for orientation FF...
[M::mem_pestat] (25, 50, 75) percentile: (282, 460, 864)
[M::mem_pestat] low and high boundaries for computing mean and std.dev: (1, 2028)
[M::mem_pestat] mean and std.dev: (546.33, 395.50)
[M::mem_pestat] low and high boundaries for proper pairs: (1, 2610)
[M::mem_pestat] analyzing insert size distribution for orientation FR...
[M::mem_pestat] (25, 50, 75) percentile: (271, 357, 462)
[M::mem_pestat] low and high boundaries for computing mean and std.dev: (1, 844)
[M::mem_pestat] mean and std.dev: (374.40, 143.08)
[M::mem_pestat] low and high boundaries for proper pairs: (1, 1035)
[M::mem_pestat] analyzing insert size distribution for orientation RF...
[M::mem_pestat] (25, 50, 75) percentile: (28, 245, 1611)
[M::mem_pestat] low and high boundaries for computing mean and std.dev: (1, 4777)
[M::mem_pestat] mean and std.dev: (804.46, 1134.11)
[M::mem_pestat] low and high boundaries for proper pairs: (1, 6360)
[M::mem_pestat] analyzing insert size distribution for orientation RR...
[M::mem_pestat] (25, 50, 75) percentile: (280, 552, 1285)
[M::mem_pestat] low and high boundaries for computing mean and std.dev: (1, 3295)
[M::mem_pestat] mean and std.dev: (661.17, 571.14)
[M::mem_pestat] low and high boundaries for proper pairs: (1, 4300)
[M::mem_pestat] skip orientation FF
[M::mem_pestat] skip orientation RF
[M::mem_pestat] skip orientation RR
[M::mem_process_seqs] Processed 1475372 reads in 523.616 CPU sec, 58.011 real sec
[M::mem_pestat] # candidate unique pairs for (FF, FR, RF, RR): (92, 563579, 110, 60)
[M::mem_pestat] analyzing insert size distribution for orientation FF...
[M::mem_pestat] (25, 50, 75) percentile: (302, 461, 748)
[M::mem_pestat] low and high boundaries for computing mean and std.dev: (1, 1640)
[M::mem_pestat] mean and std.dev: (468.72, 291.04)
[M::mem_pestat] low and high boundaries for proper pairs: (1, 2086)
[M::mem_pestat] analyzing insert size distribution for orientation FR...
[M::mem_pestat] (25, 50, 75) percentile: (274, 360, 466)
[M::mem_pestat] low and high boundaries for computing mean and std.dev: (1, 850)
[M::mem_pestat] mean and std.dev: (377.47, 143.77)
[M::mem_pestat] low and high boundaries for proper pairs: (1, 1042)
[M::mem_pestat] analyzing insert size distribution for orientation RF...
[M::mem_pestat] (25, 50, 75) percentile: (37, 329, 2349)
[M::mem_pestat] low and high boundaries for computing mean and std.dev: (1, 6973)
[M::mem_pestat] mean and std.dev: (1307.85, 1753.31)
[M::mem_pestat] low and high boundaries for proper pairs: (1, 9285)
[M::mem_pestat] analyzing insert size distribution for orientation RR...
[M::mem_pestat] (25, 50, 75) percentile: (260, 491, 1107)
[M::mem_pestat] low and high boundaries for computing mean and std.dev: (1, 2801)
[M::mem_pestat] mean and std.dev: (626.76, 549.43)
[M::mem_pestat] low and high boundaries for proper pairs: (1, 3648)
[M::mem_pestat] skip orientation FF
[M::mem_pestat] skip orientation RF
[M::mem_pestat] skip orientation RR
[M::process] read 1477874 sequences (200000177 bp)...
[M::mem_process_seqs] Processed 1469986 reads in 470.969 CPU sec, 51.060 real sec
[M::mem_pestat] # candidate unique pairs for (FF, FR, RF, RR): (96, 564996, 120, 54)
[M::mem_pestat] analyzing insert size distribution for orientation FF...
[M::mem_pestat] (25, 50, 75) percentile: (334, 490, 732)
[M::mem_pestat] low and high boundaries for computing mean and std.dev: (1, 1528)
[M::mem_pestat] mean and std.dev: (490.00, 273.54)
[M::mem_pestat] low and high boundaries for proper pairs: (1, 1926)
[M::mem_pestat] analyzing insert size distribution for orientation FR...
[M::mem_pestat] (25, 50, 75) percentile: (273, 358, 462)
[M::mem_pestat] low and high boundaries for computing mean and std.dev: (1, 840)
[M::mem_pestat] mean and std.dev: (374.80, 140.67)
[M::mem_pestat] low and high boundaries for proper pairs: (1, 1029)
[M::mem_pestat] analyzing insert size distribution for orientation RF...
[M::mem_pestat] (25, 50, 75) percentile: (41, 177, 1617)
[M::mem_pestat] low and high boundaries for computing mean and std.dev: (1, 4769)
[M::mem_pestat] mean and std.dev: (772.29, 1283.00)
[M::mem_pestat] low and high boundaries for proper pairs: (1, 6345)
[M::mem_pestat] analyzing insert size distribution for orientation RR...
[M::mem_pestat] (25, 50, 75) percentile: (182, 320, 861)
[M::mem_pestat] low and high boundaries for computing mean and std.dev: (1, 2219)
[M::mem_pestat] mean and std.dev: (424.28, 342.71)
[M::mem_pestat] low and high boundaries for proper pairs: (1, 2898)
[M::mem_pestat] skip orientation FF
[M::mem_pestat] skip orientation RF
[M::mem_pestat] skip orientation RR
[M::process] read 1472490 sequences (200000059 bp)...
[M::mem_process_seqs] Processed 1477874 reads in 451.912 CPU sec, 48.983 real sec
[M::mem_pestat] # candidate unique pairs for (FF, FR, RF, RR): (86, 564259, 117, 56)
[M::mem_pestat] analyzing insert size distribution for orientation FF...
[M::mem_pestat] (25, 50, 75) percentile: (317, 498, 741)
[M::mem_pestat] low and high boundaries for computing mean and std.dev: (1, 1589)
[M::mem_pestat] mean and std.dev: (499.25, 288.48)
[M::mem_pestat] low and high boundaries for proper pairs: (1, 2013)
[M::mem_pestat] analyzing insert size distribution for orientation FR...
[M::mem_pestat] (25, 50, 75) percentile: (270, 355, 457)
[M::mem_pestat] low and high boundaries for computing mean and std.dev: (1, 831)
[M::mem_pestat] mean and std.dev: (370.89, 138.76)
[M::mem_pestat] low and high boundaries for proper pairs: (1, 1018)
[M::mem_pestat] analyzing insert size distribution for orientation RF...
[M::mem_pestat] (25, 50, 75) percentile: (40, 217, 1470)
[M::mem_pestat] low and high boundaries for computing mean and std.dev: (1, 4330)
[M::mem_pestat] mean and std.dev: (717.10, 1150.00)
[M::mem_pestat] low and high boundaries for proper pairs: (1, 5760)
[M::mem_pestat] analyzing insert size distribution for orientation RR...
[M::mem_pestat] (25, 50, 75) percentile: (186, 305, 745)
[M::mem_pestat] low and high boundaries for computing mean and std.dev: (1, 1863)
[M::mem_pestat] mean and std.dev: (481.21, 440.64)
[M::mem_pestat] low and high boundaries for proper pairs: (1, 2422)
[M::mem_pestat] skip orientation FF
[M::mem_pestat] skip orientation RF
[M::mem_pestat] skip orientation RR
[M::mem_process_seqs] Processed 1472490 reads in 459.441 CPU sec, 75.716 real sec
[M::process] read 1463068 sequences (200000021 bp)...
[M::mem_pestat] # candidate unique pairs for (FF, FR, RF, RR): (83, 562937, 128, 63)
[M::mem_pestat] analyzing insert size distribution for orientation FF...
[M::mem_pestat] (25, 50, 75) percentile: (285, 414, 679)
[M::mem_pestat] low and high boundaries for computing mean and std.dev: (1, 1467)
[M::mem_pestat] mean and std.dev: (469.95, 285.91)
[M::mem_pestat] low and high boundaries for proper pairs: (1, 1861)
[M::mem_pestat] analyzing insert size distribution for orientation FR...
[M::mem_pestat] (25, 50, 75) percentile: (273, 360, 466)
[M::mem_pestat] low and high boundaries for computing mean and std.dev: (1, 852)
[M::mem_pestat] mean and std.dev: (377.34, 144.80)
[M::mem_pestat] low and high boundaries for proper pairs: (1, 1045)
[M::mem_pestat] analyzing insert size distribution for orientation RF...
[M::mem_pestat] (25, 50, 75) percentile: (59, 382, 4210)
[M::mem_pestat] low and high boundaries for computing mean and std.dev: (1, 12512)
[M::mem_pestat] mean and std.dev: (2028.47, 2621.05)
[M::mem_pestat] low and high boundaries for proper pairs: (1, 16663)
[M::mem_pestat] analyzing insert size distribution for orientation RR...
[M::mem_pestat] (25, 50, 75) percentile: (249, 364, 548)
[M::mem_pestat] low and high boundaries for computing mean and std.dev: (1, 1146)
[M::mem_pestat] mean and std.dev: (348.31, 192.03)
[M::mem_pestat] low and high boundaries for proper pairs: (1, 1445)
[M::mem_pestat] skip orientation FF
[M::mem_pestat] skip orientation RF
[M::mem_pestat] skip orientation RR
[M::mem_process_seqs] Processed 1463068 reads in 457.291 CPU sec, 87.145 real sec
[M::process] read 1467880 sequences (200000190 bp)...
[M::process] read 1473642 sequences (200000161 bp)...
[M::mem_pestat] # candidate unique pairs for (FF, FR, RF, RR): (86, 563771, 148, 39)
[M::mem_pestat] analyzing insert size distribution for orientation FF...
[M::mem_pestat] (25, 50, 75) percentile: (272, 422, 732)
[M::mem_pestat] low and high boundaries for computing mean and std.dev: (1, 1652)
[M::mem_pestat] mean and std.dev: (490.08, 327.61)
[M::mem_pestat] low and high boundaries for proper pairs: (1, 2112)
[M::mem_pestat] analyzing insert size distribution for orientation FR...
[M::mem_pestat] (25, 50, 75) percentile: (274, 360, 466)
[M::mem_pestat] low and high boundaries for computing mean and std.dev: (1, 850)
[M::mem_pestat] mean and std.dev: (377.52, 144.00)
[M::mem_pestat] low and high boundaries for proper pairs: (1, 1042)
[M::mem_pestat] analyzing insert size distribution for orientation RF...
[M::mem_pestat] (25, 50, 75) percentile: (54, 316, 2174)
[M::mem_pestat] low and high boundaries for computing mean and std.dev: (1, 6414)
[M::mem_pestat] mean and std.dev: (1117.66, 1662.51)
[M::mem_pestat] low and high boundaries for proper pairs: (1, 8534)
[M::mem_pestat] analyzing insert size distribution for orientation RR...
[M::mem_pestat] (25, 50, 75) percentile: (281, 503, 1441)
[M::mem_pestat] low and high boundaries for computing mean and std.dev: (1, 3761)
[M::mem_pestat] mean and std.dev: (981.27, 977.28)
[M::mem_pestat] low and high boundaries for proper pairs: (1, 4921)
[M::mem_pestat] skip orientation FF
[M::mem_pestat] skip orientation RF
[M::mem_pestat] skip orientation RR
[M::mem_process_seqs] Processed 1467880 reads in 453.964 CPU sec, 46.022 real sec
[M::process] read 1470078 sequences (200000230 bp)...
[M::mem_pestat] # candidate unique pairs for (FF, FR, RF, RR): (96, 563872, 119, 47)
[M::mem_pestat] analyzing insert size distribution for orientation FF...
[M::mem_pestat] (25, 50, 75) percentile: (302, 562, 805)
[M::mem_pestat] low and high boundaries for computing mean and std.dev: (1, 1811)
[M::mem_pestat] mean and std.dev: (579.43, 375.61)
[M::mem_pestat] low and high boundaries for proper pairs: (1, 2314)
[M::mem_pestat] analyzing insert size distribution for orientation FR...
[M::mem_pestat] (25, 50, 75) percentile: (272, 357, 461)
[M::mem_pestat] low and high boundaries for computing mean and std.dev: (1, 839)
[M::mem_pestat] mean and std.dev: (374.13, 140.63)
[M::mem_pestat] low and high boundaries for proper pairs: (1, 1028)
[M::mem_pestat] analyzing insert size distribution for orientation RF...
[M::mem_pestat] (25, 50, 75) percentile: (94, 370, 2132)
[M::mem_pestat] low and high boundaries for computing mean and std.dev: (1, 6208)
[M::mem_pestat] mean and std.dev: (985.78, 1571.93)
[M::mem_pestat] low and high boundaries for proper pairs: (1, 8246)
[M::mem_pestat] analyzing insert size distribution for orientation RR...
[M::mem_pestat] (25, 50, 75) percentile: (282, 508, 847)
[M::mem_pestat] low and high boundaries for computing mean and std.dev: (1, 1977)
[M::mem_pestat] mean and std.dev: (591.50, 443.41)
[M::mem_pestat] low and high boundaries for proper pairs: (1, 2542)
[M::mem_pestat] skip orientation FF
[M::mem_pestat] skip orientation RF
[M::mem_pestat] skip orientation RR
[M::mem_process_seqs] Processed 1473642 reads in 458.874 CPU sec, 49.619 real sec
[M::mem_pestat] # candidate unique pairs for (FF, FR, RF, RR): (96, 562795, 115, 44)
[M::mem_pestat] analyzing insert size distribution for orientation FF...
[M::mem_pestat] (25, 50, 75) percentile: (294, 509, 703)
[M::mem_pestat] low and high boundaries for computing mean and std.dev: (1, 1521)
[M::mem_pestat] mean and std.dev: (463.46, 272.91)
[M::mem_pestat] low and high boundaries for proper pairs: (1, 1930)
[M::mem_pestat] analyzing insert size distribution for orientation FR...
[M::mem_pestat] (25, 50, 75) percentile: (271, 356, 458)
[M::mem_pestat] low and high boundaries for computing mean and std.dev: (1, 832)
[M::mem_pestat] mean and std.dev: (371.75, 139.54)
[M::mem_pestat] low and high boundaries for proper pairs: (1, 1019)
[M::mem_pestat] analyzing insert size distribution for orientation RF...
[M::mem_pestat] (25, 50, 75) percentile: (55, 459, 2935)
[M::mem_pestat] low and high boundaries for computing mean and std.dev: (1, 8695)
[M::mem_pestat] mean and std.dev: (1422.67, 1880.81)
[M::mem_pestat] low and high boundaries for proper pairs: (1, 11575)
[M::mem_pestat] analyzing insert size distribution for orientation RR...
[M::mem_pestat] (25, 50, 75) percentile: (265, 703, 1252)
[M::mem_pestat] low and high boundaries for computing mean and std.dev: (1, 3226)
[M::mem_pestat] mean and std.dev: (732.15, 639.05)
[M::mem_pestat] low and high boundaries for proper pairs: (1, 4213)
[M::mem_pestat] skip orientation FF
[M::mem_pestat] skip orientation RF
[M::mem_pestat] skip orientation RR
[M::process] read 1458840 sequences (200000139 bp)...
[M::mem_process_seqs] Processed 1470078 reads in 441.851 CPU sec, 48.012 real sec
[M::mem_pestat] # candidate unique pairs for (FF, FR, RF, RR): (103, 562315, 114, 54)
[M::mem_pestat] analyzing insert size distribution for orientation FF...
[M::mem_pestat] (25, 50, 75) percentile: (303, 488, 795)
[M::mem_pestat] low and high boundaries for computing mean and std.dev: (1, 1779)
[M::mem_pestat] mean and std.dev: (526.76, 345.56)
[M::mem_pestat] low and high boundaries for proper pairs: (1, 2271)
[M::mem_pestat] analyzing insert size distribution for orientation FR...
[M::mem_pestat] (25, 50, 75) percentile: (275, 361, 471)
[M::mem_pestat] low and high boundaries for computing mean and std.dev: (1, 863)
[M::mem_pestat] mean and std.dev: (380.30, 147.07)
[M::mem_pestat] low and high boundaries for proper pairs: (1, 1059)
[M::mem_pestat] analyzing insert size distribution for orientation RF...
[M::mem_pestat] (25, 50, 75) percentile: (54, 747, 3296)
[M::mem_pestat] low and high boundaries for computing mean and std.dev: (1, 9780)
[M::mem_pestat] mean and std.dev: (1861.60, 2348.80)
[M::mem_pestat] low and high boundaries for proper pairs: (1, 13022)
[M::mem_pestat] analyzing insert size distribution for orientation RR...
[M::mem_pestat] (25, 50, 75) percentile: (253, 558, 1057)
[M::mem_pestat] low and high boundaries for computing mean and std.dev: (1, 2665)
[M::mem_pestat] mean and std.dev: (606.33, 459.46)
[M::mem_pestat] low and high boundaries for proper pairs: (1, 3469)
[M::mem_pestat] skip orientation FF
[M::mem_pestat] skip orientation RF
[M::mem_pestat] skip orientation RR
[M::process] read 1462668 sequences (200000140 bp)...
[M::mem_process_seqs] Processed 1458840 reads in 440.358 CPU sec, 47.786 real sec
[M::mem_pestat] # candidate unique pairs for (FF, FR, RF, RR): (87, 563290, 108, 41)
[M::mem_pestat] analyzing insert size distribution for orientation FF...
[M::mem_pestat] (25, 50, 75) percentile: (306, 411, 611)
[M::mem_pestat] low and high boundaries for computing mean and std.dev: (1, 1221)
[M::mem_pestat] mean and std.dev: (401.08, 187.38)
[M::mem_pestat] low and high boundaries for proper pairs: (1, 1526)
[M::mem_pestat] analyzing insert size distribution for orientation FR...
[M::mem_pestat] (25, 50, 75) percentile: (275, 362, 470)
[M::mem_pestat] low and high boundaries for computing mean and std.dev: (1, 860)
[M::mem_pestat] mean and std.dev: (380.74, 146.38)
[M::mem_pestat] low and high boundaries for proper pairs: (1, 1055)
[M::mem_pestat] analyzing insert size distribution for orientation RF...
[M::mem_pestat] (25, 50, 75) percentile: (95, 422, 3022)
[M::mem_pestat] low and high boundaries for computing mean and std.dev: (1, 8876)
[M::mem_pestat] mean and std.dev: (1613.42, 2223.01)
[M::mem_pestat] low and high boundaries for proper pairs: (1, 11803)
[M::mem_pestat] analyzing insert size distribution for orientation RR...
[M::mem_pestat] (25, 50, 75) percentile: (190, 366, 657)
[M::mem_pestat] low and high boundaries for computing mean and std.dev: (1, 1591)
[M::mem_pestat] mean and std.dev: (454.58, 375.29)
[M::mem_pestat] low and high boundaries for proper pairs: (1, 2058)
[M::mem_pestat] skip orientation FF
[M::mem_pestat] skip orientation RF
[M::mem_pestat] skip orientation RR
[M::process] read 1465458 sequences (200000242 bp)...
[M::mem_process_seqs] Processed 1462668 reads in 447.245 CPU sec, 48.447 real sec
[M::mem_pestat] # candidate unique pairs for (FF, FR, RF, RR): (79, 561373, 125, 50)
[M::mem_pestat] analyzing insert size distribution for orientation FF...
[M::mem_pestat] (25, 50, 75) percentile: (319, 496, 1076)
[M::mem_pestat] low and high boundaries for computing mean and std.dev: (1, 2590)
[M::mem_pestat] mean and std.dev: (646.42, 480.80)
[M::mem_pestat] low and high boundaries for proper pairs: (1, 3347)
[M::mem_pestat] analyzing insert size distribution for orientation FR...
[M::mem_pestat] (25, 50, 75) percentile: (274, 359, 465)
[M::mem_pestat] low and high boundaries for computing mean and std.dev: (1, 847)
[M::mem_pestat] mean and std.dev: (377.02, 143.12)
[M::mem_pestat] low and high boundaries for proper pairs: (1, 1038)
[M::mem_pestat] analyzing insert size distribution for orientation RF...
[M::mem_pestat] (25, 50, 75) percentile: (49, 640, 3621)
[M::mem_pestat] low and high boundaries for computing mean and std.dev: (1, 10765)
[M::mem_pestat] mean and std.dev: (1935.34, 2504.85)
[M::mem_pestat] low and high boundaries for proper pairs: (1, 14337)
[M::mem_pestat] analyzing insert size distribution for orientation RR...
[M::mem_pestat] (25, 50, 75) percentile: (174, 334, 459)
[M::mem_pestat] low and high boundaries for computing mean and std.dev: (1, 1029)
[M::mem_pestat] mean and std.dev: (287.57, 177.49)
[M::mem_pestat] low and high boundaries for proper pairs: (1, 1314)
[M::mem_pestat] skip orientation FF
[M::mem_pestat] skip orientation RF
[M::mem_pestat] skip orientation RR
[M::process] read 1465862 sequences (200000241 bp)...
[M::mem_process_seqs] Processed 1465458 reads in 453.494 CPU sec, 49.085 real sec
[M::mem_pestat] # candidate unique pairs for (FF, FR, RF, RR): (89, 563295, 109, 52)
[M::mem_pestat] analyzing insert size distribution for orientation FF...
[M::mem_pestat] (25, 50, 75) percentile: (328, 436, 717)
[M::mem_pestat] low and high boundaries for computing mean and std.dev: (1, 1495)
[M::mem_pestat] mean and std.dev: (458.14, 251.46)
[M::mem_pestat] low and high boundaries for proper pairs: (1, 1884)
[M::mem_pestat] analyzing insert size distribution for orientation FR...
[M::mem_pestat] (25, 50, 75) percentile: (271, 356, 460)
[M::mem_pestat] low and high boundaries for computing mean and std.dev: (1, 838)
[M::mem_pestat] mean and std.dev: (373.12, 141.02)
[M::mem_pestat] low and high boundaries for proper pairs: (1, 1027)
[M::mem_pestat] analyzing insert size distribution for orientation RF...
[M::mem_pestat] (25, 50, 75) percentile: (78, 437, 3234)
[M::mem_pestat] low and high boundaries for computing mean and std.dev: (1, 9546)
[M::mem_pestat] mean and std.dev: (1597.24, 2079.30)
[M::mem_pestat] low and high boundaries for proper pairs: (1, 12702)
[M::mem_pestat] analyzing insert size distribution for orientation RR...
[M::mem_pestat] (25, 50, 75) percentile: (279, 591, 1376)
[M::mem_pestat] low and high boundaries for computing mean and std.dev: (1, 3570)
[M::mem_pestat] mean and std.dev: (734.48, 789.68)
[M::mem_pestat] low and high boundaries for proper pairs: (1, 4667)
[M::mem_pestat] skip orientation FF
[M::mem_pestat] skip orientation RF
[M::mem_pestat] skip orientation RR
[M::process] read 1459152 sequences (200000022 bp)...
[M::mem_process_seqs] Processed 1465862 reads in 440.813 CPU sec, 47.860 real sec
[M::mem_pestat] # candidate unique pairs for (FF, FR, RF, RR): (103, 563121, 109, 52)
[M::mem_pestat] analyzing insert size distribution for orientation FF...
[M::mem_pestat] (25, 50, 75) percentile: (355, 560, 980)
[M::mem_pestat] low and high boundaries for computing mean and std.dev: (1, 2230)
[M::mem_pestat] mean and std.dev: (620.97, 408.47)
[M::mem_pestat] low and high boundaries for proper pairs: (1, 2855)
[M::mem_pestat] analyzing insert size distribution for orientation FR...
[M::mem_pestat] (25, 50, 75) percentile: (275, 362, 471)
[M::mem_pestat] low and high boundaries for computing mean and std.dev: (1, 863)
[M::mem_pestat] mean and std.dev: (380.85, 146.94)
[M::mem_pestat] low and high boundaries for proper pairs: (1, 1059)
[M::mem_pestat] analyzing insert size distribution for orientation RF...
[M::mem_pestat] (25, 50, 75) percentile: (63, 598, 3686)
[M::mem_pestat] low and high boundaries for computing mean and std.dev: (1, 10932)
[M::mem_pestat] mean and std.dev: (2135.64, 2810.06)
[M::mem_pestat] low and high boundaries for proper pairs: (1, 14555)
[M::mem_pestat] analyzing insert size distribution for orientation RR...
[M::mem_pestat] (25, 50, 75) percentile: (248, 417, 1156)
[M::mem_pestat] low and high boundaries for computing mean and std.dev: (1, 2972)
[M::mem_pestat] mean and std.dev: (647.84, 593.49)
[M::mem_pestat] low and high boundaries for proper pairs: (1, 3880)
[M::mem_pestat] skip orientation FF
[M::mem_pestat] skip orientation RF
[M::mem_pestat] skip orientation RR
[M::process] read 1462552 sequences (200000165 bp)...
[M::mem_process_seqs] Processed 1459152 reads in 437.666 CPU sec, 47.482 real sec
[M::mem_pestat] # candidate unique pairs for (FF, FR, RF, RR): (108, 562753, 102, 43)
[M::mem_pestat] analyzing insert size distribution for orientation FF...
[M::mem_pestat] (25, 50, 75) percentile: (283, 457, 827)
[M::mem_pestat] low and high boundaries for computing mean and std.dev: (1, 1915)
[M::mem_pestat] mean and std.dev: (523.15, 375.05)
[M::mem_pestat] low and high boundaries for proper pairs: (1, 2459)
[M::mem_pestat] analyzing insert size distribution for orientation FR...
[M::mem_pestat] (25, 50, 75) percentile: (276, 363, 470)
[M::mem_pestat] low and high boundaries for computing mean and std.dev: (1, 858)
[M::mem_pestat] mean and std.dev: (380.99, 145.98)
[M::mem_pestat] low and high boundaries for proper pairs: (1, 1052)
[M::mem_pestat] analyzing insert size distribution for orientation RF...
[M::mem_pestat] (25, 50, 75) percentile: (68, 361, 1544)
[M::mem_pestat] low and high boundaries for computing mean and std.dev: (1, 4496)
[M::mem_pestat] mean and std.dev: (655.85, 944.96)
[M::mem_pestat] low and high boundaries for proper pairs: (1, 5972)
[M::mem_pestat] analyzing insert size distribution for orientation RR...
[M::mem_pestat] (25, 50, 75) percentile: (348, 550, 983)
[M::mem_pestat] low and high boundaries for computing mean and std.dev: (1, 2253)
[M::mem_pestat] mean and std.dev: (684.15, 500.42)
[M::mem_pestat] low and high boundaries for proper pairs: (1, 2888)
[M::mem_pestat] skip orientation FF
[M::mem_pestat] skip orientation RF
[M::mem_pestat] skip orientation RR
[M::mem_process_seqs] Processed 1462552 reads in 457.570 CPU sec, 73.422 real sec
[M::process] read 1464318 sequences (200000271 bp)...
[M::process] read 1468656 sequences (200000037 bp)...
[M::mem_pestat] # candidate unique pairs for (FF, FR, RF, RR): (82, 562112, 108, 51)
[M::mem_pestat] analyzing insert size distribution for orientation FF...
[M::mem_pestat] (25, 50, 75) percentile: (288, 436, 738)
[M::mem_pestat] low and high boundaries for computing mean and std.dev: (1, 1638)
[M::mem_pestat] mean and std.dev: (495.64, 327.27)
[M::mem_pestat] low and high boundaries for proper pairs: (1, 2088)
[M::mem_pestat] analyzing insert size distribution for orientation FR...
[M::mem_pestat] (25, 50, 75) percentile: (274, 360, 465)
[M::mem_pestat] low and high boundaries for computing mean and std.dev: (1, 847)
[M::mem_pestat] mean and std.dev: (377.32, 142.81)
[M::mem_pestat] low and high boundaries for proper pairs: (1, 1038)
[M::mem_pestat] analyzing insert size distribution for orientation RF...
[M::mem_pestat] (25, 50, 75) percentile: (58, 373, 3176)
[M::mem_pestat] low and high boundaries for computing mean and std.dev: (1, 9412)
[M::mem_pestat] mean and std.dev: (1771.21, 2432.16)
[M::mem_pestat] low and high boundaries for proper pairs: (1, 12530)
[M::mem_pestat] analyzing insert size distribution for orientation RR...
[M::mem_pestat] (25, 50, 75) percentile: (269, 471, 962)
[M::mem_pestat] low and high boundaries for computing mean and std.dev: (1, 2348)
[M::mem_pestat] mean and std.dev: (478.91, 340.95)
[M::mem_pestat] low and high boundaries for proper pairs: (1, 3041)
[M::mem_pestat] skip orientation FF
[M::mem_pestat] skip orientation RF
[M::mem_pestat] skip orientation RR
[M::mem_process_seqs] Processed 1464318 reads in 440.672 CPU sec, 46.166 real sec
[M::mem_pestat] # candidate unique pairs for (FF, FR, RF, RR): (89, 565137, 107, 52)
[M::mem_pestat] analyzing insert size distribution for orientation FF...
[M::mem_pestat] (25, 50, 75) percentile: (326, 597, 1379)
[M::mem_pestat] low and high boundaries for computing mean and std.dev: (1, 3485)
[M::mem_pestat] mean and std.dev: (825.20, 712.51)
[M::mem_pestat] low and high boundaries for proper pairs: (1, 4538)
[M::mem_pestat] analyzing insert size distribution for orientation FR...
[M::mem_pestat] (25, 50, 75) percentile: (274, 360, 465)
[M::mem_pestat] low and high boundaries for computing mean and std.dev: (1, 847)
[M::mem_pestat] mean and std.dev: (376.80, 142.67)
[M::mem_pestat] low and high boundaries for proper pairs: (1, 1038)
[M::mem_pestat] analyzing insert size distribution for orientation RF...
[M::mem_pestat] (25, 50, 75) percentile: (124, 382, 3268)
[M::mem_pestat] low and high boundaries for computing mean and std.dev: (1, 9556)
[M::mem_pestat] mean and std.dev: (1872.08, 2483.48)
[M::mem_pestat] low and high boundaries for proper pairs: (1, 12700)
[M::mem_pestat] analyzing insert size distribution for orientation RR...
[M::mem_pestat] (25, 50, 75) percentile: (290, 462, 1165)
[M::mem_pestat] low and high boundaries for computing mean and std.dev: (1, 2915)
[M::mem_pestat] mean and std.dev: (690.96, 672.47)
[M::mem_pestat] low and high boundaries for proper pairs: (1, 3790)
[M::mem_pestat] skip orientation FF
[M::mem_pestat] skip orientation RF
[M::mem_pestat] skip orientation RR
[M::process] read 1459918 sequences (200000240 bp)...
[M::mem_process_seqs] Processed 1468656 reads in 451.122 CPU sec, 48.817 real sec
[M::mem_pestat] # candidate unique pairs for (FF, FR, RF, RR): (88, 564407, 96, 64)
[M::mem_pestat] analyzing insert size distribution for orientation FF...
[M::mem_pestat] (25, 50, 75) percentile: (305, 471, 655)
[M::mem_pestat] low and high boundaries for computing mean and std.dev: (1, 1355)
[M::mem_pestat] mean and std.dev: (463.84, 268.34)
[M::mem_pestat] low and high boundaries for proper pairs: (1, 1705)
[M::mem_pestat] analyzing insert size distribution for orientation FR...
[M::mem_pestat] (25, 50, 75) percentile: (278, 365, 473)
[M::mem_pestat] low and high boundaries for computing mean and std.dev: (1, 863)
[M::mem_pestat] mean and std.dev: (383.32, 146.72)
[M::mem_pestat] low and high boundaries for proper pairs: (1, 1058)
[M::mem_pestat] analyzing insert size distribution for orientation RF...
[M::mem_pestat] (25, 50, 75) percentile: (35, 193, 1628)
[M::mem_pestat] low and high boundaries for computing mean and std.dev: (1, 4814)
[M::mem_pestat] mean and std.dev: (690.43, 1110.06)
[M::mem_pestat] low and high boundaries for proper pairs: (1, 6407)
[M::mem_pestat] analyzing insert size distribution for orientation RR...
[M::mem_pestat] (25, 50, 75) percentile: (261, 391, 759)
[M::mem_pestat] low and high boundaries for computing mean and std.dev: (1, 1755)
[M::mem_pestat] mean and std.dev: (412.61, 282.61)
[M::mem_pestat] low and high boundaries for proper pairs: (1, 2253)
[M::mem_pestat] skip orientation FF
[M::mem_pestat] skip orientation RF
[M::mem_pestat] skip orientation RR
[M::mem_process_seqs] Processed 1459918 reads in 454.712 CPU sec, 72.427 real sec
[M::process] read 1464168 sequences (200000096 bp)...
[M::process] read 1465628 sequences (200000260 bp)...
[M::mem_pestat] # candidate unique pairs for (FF, FR, RF, RR): (97, 562373, 120, 41)
[M::mem_pestat] analyzing insert size distribution for orientation FF...
[M::mem_pestat] (25, 50, 75) percentile: (275, 471, 764)
[M::mem_pestat] low and high boundaries for computing mean and std.dev: (1, 1742)
[M::mem_pestat] mean and std.dev: (497.21, 310.21)
[M::mem_pestat] low and high boundaries for proper pairs: (1, 2231)
[M::mem_pestat] analyzing insert size distribution for orientation FR...
[M::mem_pestat] (25, 50, 75) percentile: (277, 365, 473)
[M::mem_pestat] low and high boundaries for computing mean and std.dev: (1, 865)
[M::mem_pestat] mean and std.dev: (383.09, 146.28)
[M::mem_pestat] low and high boundaries for proper pairs: (1, 1061)
[M::mem_pestat] analyzing insert size distribution for orientation RF...
[M::mem_pestat] (25, 50, 75) percentile: (72, 304, 1598)
[M::mem_pestat] low and high boundaries for computing mean and std.dev: (1, 4650)
[M::mem_pestat] mean and std.dev: (745.74, 1088.05)
[M::mem_pestat] low and high boundaries for proper pairs: (1, 6176)
[M::mem_pestat] analyzing insert size distribution for orientation RR...
[M::mem_pestat] (25, 50, 75) percentile: (345, 605, 2087)
[M::mem_pestat] low and high boundaries for computing mean and std.dev: (1, 5571)
[M::mem_pestat] mean and std.dev: (991.22, 987.90)
[M::mem_pestat] low and high boundaries for proper pairs: (1, 7313)
[M::mem_pestat] skip orientation FF
[M::mem_pestat] skip orientation RF
[M::mem_pestat] skip orientation RR
[M::mem_process_seqs] Processed 1464168 reads in 446.109 CPU sec, 46.678 real sec
[M::mem_pestat] # candidate unique pairs for (FF, FR, RF, RR): (88, 561867, 109, 61)
[M::mem_pestat] analyzing insert size distribution for orientation FF...
[M::mem_pestat] (25, 50, 75) percentile: (322, 489, 978)
[M::mem_pestat] low and high boundaries for computing mean and std.dev: (1, 2290)
[M::mem_pestat] mean and std.dev: (645.82, 522.30)
[M::mem_pestat] low and high boundaries for proper pairs: (1, 2946)
[M::mem_pestat] analyzing insert size distribution for orientation FR...
[M::mem_pestat] (25, 50, 75) percentile: (275, 361, 466)
[M::mem_pestat] low and high boundaries for computing mean and std.dev: (1, 848)
[M::mem_pestat] mean and std.dev: (378.41, 143.01)
[M::mem_pestat] low and high boundaries for proper pairs: (1, 1039)
[M::mem_pestat] analyzing insert size distribution for orientation RF...
[M::mem_pestat] (25, 50, 75) percentile: (95, 302, 3235)
[M::mem_pestat] low and high boundaries for computing mean and std.dev: (1, 9515)
[M::mem_pestat] mean and std.dev: (1776.10, 2467.22)
[M::mem_pestat] low and high boundaries for proper pairs: (1, 12655)
[M::mem_pestat] analyzing insert size distribution for orientation RR...
[M::mem_pestat] (25, 50, 75) percentile: (189, 369, 1103)
[M::mem_pestat] low and high boundaries for computing mean and std.dev: (1, 2931)
[M::mem_pestat] mean and std.dev: (496.96, 513.84)
[M::mem_pestat] low and high boundaries for proper pairs: (1, 3845)
[M::mem_pestat] skip orientation FF
[M::mem_pestat] skip orientation RF
[M::mem_pestat] skip orientation RR
[M::process] read 1480490 sequences (200000097 bp)...
[M::mem_process_seqs] Processed 1465628 reads in 441.003 CPU sec, 47.836 real sec
[M::mem_pestat] # candidate unique pairs for (FF, FR, RF, RR): (109, 569289, 110, 52)
[M::mem_pestat] analyzing insert size distribution for orientation FF...
[M::mem_pestat] (25, 50, 75) percentile: (243, 428, 718)
[M::mem_pestat] low and high boundaries for computing mean and std.dev: (1, 1668)
[M::mem_pestat] mean and std.dev: (458.17, 324.19)
[M::mem_pestat] low and high boundaries for proper pairs: (1, 2143)
[M::mem_pestat] analyzing insert size distribution for orientation FR...
[M::mem_pestat] (25, 50, 75) percentile: (275, 360, 464)
[M::mem_pestat] low and high boundaries for computing mean and std.dev: (1, 842)
[M::mem_pestat] mean and std.dev: (376.38, 141.41)
[M::mem_pestat] low and high boundaries for proper pairs: (1, 1031)
[M::mem_pestat] analyzing insert size distribution for orientation RF...
[M::mem_pestat] (25, 50, 75) percentile: (103, 386, 1909)
[M::mem_pestat] low and high boundaries for computing mean and std.dev: (1, 5521)
[M::mem_pestat] mean and std.dev: (990.69, 1302.96)
[M::mem_pestat] low and high boundaries for proper pairs: (1, 7327)
[M::mem_pestat] analyzing insert size distribution for orientation RR...
[M::mem_pestat] (25, 50, 75) percentile: (230, 541, 1432)
[M::mem_pestat] low and high boundaries for computing mean and std.dev: (1, 3836)
[M::mem_pestat] mean and std.dev: (808.63, 849.70)
[M::mem_pestat] low and high boundaries for proper pairs: (1, 5038)
[M::mem_pestat] skip orientation FF
[M::mem_pestat] skip orientation RF
[M::mem_pestat] skip orientation RR
[M::process] read 1477430 sequences (200000079 bp)...
[M::mem_process_seqs] Processed 1480490 reads in 507.939 CPU sec, 54.540 real sec
[M::process] read 1502424 sequences (200000032 bp)...
[M::mem_pestat] # candidate unique pairs for (FF, FR, RF, RR): (81, 569369, 141, 29)
[M::mem_pestat] analyzing insert size distribution for orientation FF...
[M::mem_pestat] (25, 50, 75) percentile: (278, 475, 617)
[M::mem_pestat] low and high boundaries for computing mean and std.dev: (1, 1295)
[M::mem_pestat] mean and std.dev: (486.79, 253.06)
[M::mem_pestat] low and high boundaries for proper pairs: (1, 1634)
[M::mem_pestat] analyzing insert size distribution for orientation FR...
[M::mem_pestat] (25, 50, 75) percentile: (276, 362, 468)
[M::mem_pestat] low and high boundaries for computing mean and std.dev: (1, 852)
[M::mem_pestat] mean and std.dev: (379.46, 143.67)
[M::mem_pestat] low and high boundaries for proper pairs: (1, 1044)
[M::mem_pestat] analyzing insert size distribution for orientation RF...
[M::mem_pestat] (25, 50, 75) percentile: (128, 509, 3608)
[M::mem_pestat] low and high boundaries for computing mean and std.dev: (1, 10568)
[M::mem_pestat] mean and std.dev: (1908.23, 2424.75)
[M::mem_pestat] low and high boundaries for proper pairs: (1, 14048)
[M::mem_pestat] analyzing insert size distribution for orientation RR...
[M::mem_pestat] (25, 50, 75) percentile: (260, 476, 1234)
[M::mem_pestat] low and high boundaries for computing mean and std.dev: (1, 3182)
[M::mem_pestat] mean and std.dev: (690.00, 645.62)
[M::mem_pestat] low and high boundaries for proper pairs: (1, 4156)
[M::mem_pestat] skip orientation FF
[M::mem_pestat] skip orientation RF
[M::mem_pestat] skip orientation RR
[M::mem_process_seqs] Processed 1477430 reads in 536.984 CPU sec, 57.582 real sec
[M::mem_pestat] # candidate unique pairs for (FF, FR, RF, RR): (79, 548660, 107, 49)
[M::mem_pestat] analyzing insert size distribution for orientation FF...
[M::mem_pestat] (25, 50, 75) percentile: (284, 490, 855)
[M::mem_pestat] low and high boundaries for computing mean and std.dev: (1, 1997)
[M::mem_pestat] mean and std.dev: (501.39, 329.57)
[M::mem_pestat] low and high boundaries for proper pairs: (1, 2568)
[M::mem_pestat] analyzing insert size distribution for orientation FR...
[M::mem_pestat] (25, 50, 75) percentile: (277, 363, 469)
[M::mem_pestat] low and high boundaries for computing mean and std.dev: (1, 853)
[M::mem_pestat] mean and std.dev: (380.11, 143.72)
[M::mem_pestat] low and high boundaries for proper pairs: (1, 1045)
[M::mem_pestat] analyzing insert size distribution for orientation RF...
[M::mem_pestat] (25, 50, 75) percentile: (116, 498, 2468)
[M::mem_pestat] low and high boundaries for computing mean and std.dev: (1, 7172)
[M::mem_pestat] mean and std.dev: (1410.48, 1878.03)
[M::mem_pestat] low and high boundaries for proper pairs: (1, 9524)
[M::mem_pestat] analyzing insert size distribution for orientation RR...
[M::mem_pestat] (25, 50, 75) percentile: (210, 430, 1360)
[M::mem_pestat] low and high boundaries for computing mean and std.dev: (1, 3660)
[M::mem_pestat] mean and std.dev: (817.07, 983.94)
[M::mem_pestat] low and high boundaries for proper pairs: (1, 4810)
[M::mem_pestat] skip orientation FF
[M::mem_pestat] skip orientation RF
[M::mem_pestat] skip orientation RR
[M::process] read 1466494 sequences (200000146 bp)...
[M::mem_process_seqs] Processed 1502424 reads in 517.550 CPU sec, 55.647 real sec
[M::mem_pestat] # candidate unique pairs for (FF, FR, RF, RR): (101, 563378, 111, 43)
[M::mem_pestat] analyzing insert size distribution for orientation FF...
[M::mem_pestat] (25, 50, 75) percentile: (277, 463, 762)
[M::mem_pestat] low and high boundaries for computing mean and std.dev: (1, 1732)
[M::mem_pestat] mean and std.dev: (501.23, 295.25)
[M::mem_pestat] low and high boundaries for proper pairs: (1, 2217)
[M::mem_pestat] analyzing insert size distribution for orientation FR...
[M::mem_pestat] (25, 50, 75) percentile: (275, 361, 466)
[M::mem_pestat] low and high boundaries for computing mean and std.dev: (1, 848)
[M::mem_pestat] mean and std.dev: (378.01, 142.45)
[M::mem_pestat] low and high boundaries for proper pairs: (1, 1039)
[M::mem_pestat] analyzing insert size distribution for orientation RF...
[M::mem_pestat] (25, 50, 75) percentile: (59, 237, 1788)
[M::mem_pestat] low and high boundaries for computing mean and std.dev: (1, 5246)
[M::mem_pestat] mean and std.dev: (721.32, 1072.84)
[M::mem_pestat] low and high boundaries for proper pairs: (1, 6975)
[M::mem_pestat] analyzing insert size distribution for orientation RR...
[M::mem_pestat] (25, 50, 75) percentile: (255, 435, 815)
[M::mem_pestat] low and high boundaries for computing mean and std.dev: (1, 1935)
[M::mem_pestat] mean and std.dev: (511.36, 417.29)
[M::mem_pestat] low and high boundaries for proper pairs: (1, 2495)
[M::mem_pestat] skip orientation FF
[M::mem_pestat] skip orientation RF
[M::mem_pestat] skip orientation RR
[M::process] read 129088 sequences (17568099 bp)...
[M::mem_process_seqs] Processed 1466494 reads in 455.897 CPU sec, 49.928 real sec
[M::mem_pestat] # candidate unique pairs for (FF, FR, RF, RR): (11, 49632, 9, 5)
[M::mem_pestat] analyzing insert size distribution for orientation FF...
[M::mem_pestat] (25, 50, 75) percentile: (293, 375, 600)
[M::mem_pestat] low and high boundaries for computing mean and std.dev: (1, 1214)
[M::mem_pestat] mean and std.dev: (389.45, 178.25)
[M::mem_pestat] low and high boundaries for proper pairs: (1, 1521)
[M::mem_pestat] analyzing insert size distribution for orientation FR...
[M::mem_pestat] (25, 50, 75) percentile: (274, 359, 464)
[M::mem_pestat] low and high boundaries for computing mean and std.dev: (1, 844)
[M::mem_pestat] mean and std.dev: (375.92, 140.89)
[M::mem_pestat] low and high boundaries for proper pairs: (1, 1034)
[M::mem_pestat] skip orientation RF as there are not enough pairs
[M::mem_pestat] skip orientation RR as there are not enough pairs
[M::mem_pestat] skip orientation FF
[M::mem_process_seqs] Processed 129088 reads in 38.121 CPU sec, 4.153 real sec
[main] Version: 0.7.17-r1188
samblaster: Marked 3935683 of 34504560 (11.41%) read ids as duplicates[main] CMD: using 547696k memory in  bwa1M mem22S -t(81.598S) 20 CPU seconds and  -R43M @RG\tID:WB_GL_19T_200\tPL:ILLUMINA\tPU:HJMFJDSX7.4\tSM:WB_GL_19T_200\tCN:MCGILL\tBC:TGGCCTCTGT-CGCTGTCTCA1S /storage/scratch/iee/dj20y461/Stickleback/G_aculeatus/FITNESS//data/ref_A_X/stickleback_v5_assembly_A_X.fasta(2581S) /storage/scratch/iee/dj20y461/Stickleback/G_aculeatus/FITNESS//data/trimmed/WB_GL_19T_200.R1.trimmed.fastq.gz wall time.
 /storage/scratch/iee/dj20y461/Stickleback/G_aculeatus/FITNESS//data/trimmed/WB_GL_19T_200.R2.trimmed.fastq.gz
[main] Real time: 2581.219 sec; CPU: 21291.648 sec
[bam_sort_core] merging from 20 files and 20 in-memory blocks...
