samblaster: Version 0.1.24
samblaster: Inputting from stdin
samblaster: Outputting to stdout
[M::bwa_idx_load_from_disk] read 0 ALT contigs
[M::process] read 1444764 sequences (200000211 bp)...
[M::mem_pestat] # candidate unique pairs for (FF, FR, RF, RR): (32, 559369, 86, 29)
[M::mem_pestat] analyzing insert size distribution for orientation FF...
[M::mem_pestat] (25, 50, 75) percentile: (151, 309, 530)
[M::mem_pestat] low and high boundaries for computing mean and std.dev: (1, 1288)
[M::mem_pestat] mean and std.dev: (354.03, 262.27)
[M::mem_pestat] low and high boundaries for proper pairs: (1, 1667)
[M::mem_pestat] analyzing insert size distribution for orientation FR...
[M::mem_pestat] (25, 50, 75) percentile: (210, 278, 364)
[M::mem_pestat] low and high boundaries for computing mean and std.dev: (1, 672)
[M::mem_pestat] mean and std.dev: (294.41, 111.08)
[M::mem_pestat] low and high boundaries for proper pairs: (1, 826)
[M::mem_pestat] analyzing insert size distribution for orientation RF...
[M::mem_pestat] (25, 50, 75) percentile: (70, 274, 2841)
[M::mem_pestat] low and high boundaries for computing mean and std.dev: (1, 8383)
[M::mem_pestat] mean and std.dev: (1454.25, 2293.94)
[M::mem_pestat] low and high boundaries for proper pairs: (1, 11154)
[M::mem_pestat] analyzing insert size distribution for orientation RR...
[M::mem_pestat] (25, 50, 75) percentile: (200, 327, 742)
[M::mem_pestat] low and high boundaries for computing mean and std.dev: (1, 1826)
[M::mem_pestat] mean and std.dev: (520.70, 515.69)
[M::mem_pestat] low and high boundaries for proper pairs: (1, 2583)
[M::mem_pestat] skip orientation FF
[M::mem_pestat] skip orientation RF
[M::mem_pestat] skip orientation RR
[M::mem_process_seqs] Processed 1444764 reads in 437.633 CPU sec, 102.570 real sec
samblaster: Loaded 23 header sequence entries.
[M::process] read 1443324 sequences (200000212 bp)...
[M::process] read 1445274 sequences (200000079 bp)...
[M::mem_pestat] # candidate unique pairs for (FF, FR, RF, RR): (35, 557985, 111, 29)
[M::mem_pestat] analyzing insert size distribution for orientation FF...
[M::mem_pestat] (25, 50, 75) percentile: (289, 405, 620)
[M::mem_pestat] low and high boundaries for computing mean and std.dev: (1, 1282)
[M::mem_pestat] mean and std.dev: (391.13, 205.15)
[M::mem_pestat] low and high boundaries for proper pairs: (1, 1613)
[M::mem_pestat] analyzing insert size distribution for orientation FR...
[M::mem_pestat] (25, 50, 75) percentile: (211, 280, 366)
[M::mem_pestat] low and high boundaries for computing mean and std.dev: (1, 676)
[M::mem_pestat] mean and std.dev: (296.07, 111.85)
[M::mem_pestat] low and high boundaries for proper pairs: (1, 831)
[M::mem_pestat] analyzing insert size distribution for orientation RF...
[M::mem_pestat] (25, 50, 75) percentile: (120, 384, 2945)
[M::mem_pestat] low and high boundaries for computing mean and std.dev: (1, 8595)
[M::mem_pestat] mean and std.dev: (1586.35, 2215.49)
[M::mem_pestat] low and high boundaries for proper pairs: (1, 11420)
[M::mem_pestat] analyzing insert size distribution for orientation RR...
[M::mem_pestat] (25, 50, 75) percentile: (179, 491, 2206)
[M::mem_pestat] low and high boundaries for computing mean and std.dev: (1, 6260)
[M::mem_pestat] mean and std.dev: (1073.10, 1296.49)
[M::mem_pestat] low and high boundaries for proper pairs: (1, 8287)
[M::mem_pestat] skip orientation FF
[M::mem_pestat] skip orientation RF
[M::mem_pestat] skip orientation RR
[M::mem_process_seqs] Processed 1443324 reads in 414.167 CPU sec, 44.473 real sec
[M::process] read 1444840 sequences (200000194 bp)...
[M::mem_pestat] # candidate unique pairs for (FF, FR, RF, RR): (32, 556793, 89, 43)
[M::mem_pestat] analyzing insert size distribution for orientation FF...
[M::mem_pestat] (25, 50, 75) percentile: (259, 352, 1194)
[M::mem_pestat] low and high boundaries for computing mean and std.dev: (1, 3064)
[M::mem_pestat] mean and std.dev: (530.10, 542.44)
[M::mem_pestat] low and high boundaries for proper pairs: (1, 3999)
[M::mem_pestat] analyzing insert size distribution for orientation FR...
[M::mem_pestat] (25, 50, 75) percentile: (210, 279, 365)
[M::mem_pestat] low and high boundaries for computing mean and std.dev: (1, 675)
[M::mem_pestat] mean and std.dev: (295.54, 111.75)
[M::mem_pestat] low and high boundaries for proper pairs: (1, 830)
[M::mem_pestat] analyzing insert size distribution for orientation RF...
[M::mem_pestat] (25, 50, 75) percentile: (69, 345, 2962)
[M::mem_pestat] low and high boundaries for computing mean and std.dev: (1, 8748)
[M::mem_pestat] mean and std.dev: (1478.67, 2099.90)
[M::mem_pestat] low and high boundaries for proper pairs: (1, 11641)
[M::mem_pestat] analyzing insert size distribution for orientation RR...
[M::mem_pestat] (25, 50, 75) percentile: (180, 262, 676)
[M::mem_pestat] low and high boundaries for computing mean and std.dev: (1, 1668)
[M::mem_pestat] mean and std.dev: (356.16, 340.21)
[M::mem_pestat] low and high boundaries for proper pairs: (1, 2164)
[M::mem_pestat] skip orientation FF
[M::mem_pestat] skip orientation RF
[M::mem_pestat] skip orientation RR
[M::mem_process_seqs] Processed 1445274 reads in 417.044 CPU sec, 46.853 real sec
[M::mem_pestat] # candidate unique pairs for (FF, FR, RF, RR): (32, 556744, 108, 32)
[M::mem_pestat] analyzing insert size distribution for orientation FF...
[M::mem_pestat] (25, 50, 75) percentile: (276, 320, 689)
[M::mem_pestat] low and high boundaries for computing mean and std.dev: (1, 1515)
[M::mem_pestat] mean and std.dev: (379.48, 266.69)
[M::mem_pestat] low and high boundaries for proper pairs: (1, 1928)
[M::mem_pestat] analyzing insert size distribution for orientation FR...
[M::mem_pestat] (25, 50, 75) percentile: (209, 278, 364)
[M::mem_pestat] low and high boundaries for computing mean and std.dev: (1, 674)
[M::mem_pestat] mean and std.dev: (294.65, 111.56)
[M::mem_pestat] low and high boundaries for proper pairs: (1, 829)
[M::mem_pestat] analyzing insert size distribution for orientation RF...
[M::mem_pestat] (25, 50, 75) percentile: (82, 243, 1418)
[M::mem_pestat] low and high boundaries for computing mean and std.dev: (1, 4090)
[M::mem_pestat] mean and std.dev: (516.53, 815.72)
[M::mem_pestat] low and high boundaries for proper pairs: (1, 5426)
[M::mem_pestat] analyzing insert size distribution for orientation RR...
[M::mem_pestat] (25, 50, 75) percentile: (110, 222, 739)
[M::mem_pestat] low and high boundaries for computing mean and std.dev: (1, 1997)
[M::mem_pestat] mean and std.dev: (341.31, 400.16)
[M::mem_pestat] low and high boundaries for proper pairs: (1, 2626)
[M::mem_pestat] skip orientation FF
[M::mem_pestat] skip orientation RF
[M::mem_pestat] skip orientation RR
[M::process] read 1442822 sequences (200000036 bp)...
[M::mem_process_seqs] Processed 1444840 reads in 418.268 CPU sec, 46.168 real sec
[M::mem_pestat] # candidate unique pairs for (FF, FR, RF, RR): (52, 558198, 101, 36)
[M::mem_pestat] analyzing insert size distribution for orientation FF...
[M::mem_pestat] (25, 50, 75) percentile: (287, 456, 769)
[M::mem_pestat] low and high boundaries for computing mean and std.dev: (1, 1733)
[M::mem_pestat] mean and std.dev: (407.33, 217.73)
[M::mem_pestat] low and high boundaries for proper pairs: (1, 2215)
[M::mem_pestat] analyzing insert size distribution for orientation FR...
[M::mem_pestat] (25, 50, 75) percentile: (210, 279, 366)
[M::mem_pestat] low and high boundaries for computing mean and std.dev: (1, 678)
[M::mem_pestat] mean and std.dev: (295.65, 112.71)
[M::mem_pestat] low and high boundaries for proper pairs: (1, 834)
[M::mem_pestat] analyzing insert size distribution for orientation RF...
[M::mem_pestat] (25, 50, 75) percentile: (77, 423, 3114)
[M::mem_pestat] low and high boundaries for computing mean and std.dev: (1, 9188)
[M::mem_pestat] mean and std.dev: (1558.10, 2110.92)
[M::mem_pestat] low and high boundaries for proper pairs: (1, 12225)
[M::mem_pestat] analyzing insert size distribution for orientation RR...
[M::mem_pestat] (25, 50, 75) percentile: (111, 215, 451)
[M::mem_pestat] low and high boundaries for computing mean and std.dev: (1, 1131)
[M::mem_pestat] mean and std.dev: (244.10, 223.99)
[M::mem_pestat] low and high boundaries for proper pairs: (1, 1471)
[M::mem_pestat] skip orientation FF
[M::mem_pestat] skip orientation RF
[M::mem_pestat] skip orientation RR
[M::process] read 1442886 sequences (200000042 bp)...
[M::mem_process_seqs] Processed 1442822 reads in 415.141 CPU sec, 45.532 real sec
[M::mem_pestat] # candidate unique pairs for (FF, FR, RF, RR): (35, 557397, 100, 34)
[M::mem_pestat] analyzing insert size distribution for orientation FF...
[M::mem_pestat] (25, 50, 75) percentile: (257, 355, 581)
[M::mem_pestat] low and high boundaries for computing mean and std.dev: (1, 1229)
[M::mem_pestat] mean and std.dev: (378.90, 229.61)
[M::mem_pestat] low and high boundaries for proper pairs: (1, 1553)
[M::mem_pestat] analyzing insert size distribution for orientation FR...
[M::mem_pestat] (25, 50, 75) percentile: (211, 280, 367)
[M::mem_pestat] low and high boundaries for computing mean and std.dev: (1, 679)
[M::mem_pestat] mean and std.dev: (296.94, 112.62)
[M::mem_pestat] low and high boundaries for proper pairs: (1, 835)
[M::mem_pestat] analyzing insert size distribution for orientation RF...
[M::mem_pestat] (25, 50, 75) percentile: (37, 145, 1477)
[M::mem_pestat] low and high boundaries for computing mean and std.dev: (1, 4357)
[M::mem_pestat] mean and std.dev: (689.24, 1043.62)
[M::mem_pestat] low and high boundaries for proper pairs: (1, 5797)
[M::mem_pestat] analyzing insert size distribution for orientation RR...
[M::mem_pestat] (25, 50, 75) percentile: (223, 398, 1422)
[M::mem_pestat] low and high boundaries for computing mean and std.dev: (1, 3820)
[M::mem_pestat] mean and std.dev: (785.03, 963.72)
[M::mem_pestat] low and high boundaries for proper pairs: (1, 5019)
[M::mem_pestat] skip orientation FF
[M::mem_pestat] skip orientation RF
[M::mem_pestat] skip orientation RR
[M::process] read 1445108 sequences (200000139 bp)...
[M::mem_process_seqs] Processed 1442886 reads in 416.888 CPU sec, 45.638 real sec
[M::mem_pestat] # candidate unique pairs for (FF, FR, RF, RR): (35, 556492, 98, 31)
[M::mem_pestat] analyzing insert size distribution for orientation FF...
[M::mem_pestat] (25, 50, 75) percentile: (179, 256, 421)
[M::mem_pestat] low and high boundaries for computing mean and std.dev: (1, 905)
[M::mem_pestat] mean and std.dev: (296.66, 160.50)
[M::mem_pestat] low and high boundaries for proper pairs: (1, 1147)
[M::mem_pestat] analyzing insert size distribution for orientation FR...
[M::mem_pestat] (25, 50, 75) percentile: (211, 280, 366)
[M::mem_pestat] low and high boundaries for computing mean and std.dev: (1, 676)
[M::mem_pestat] mean and std.dev: (296.41, 112.39)
[M::mem_pestat] low and high boundaries for proper pairs: (1, 831)
[M::mem_pestat] analyzing insert size distribution for orientation RF...
[M::mem_pestat] (25, 50, 75) percentile: (108, 303, 1608)
[M::mem_pestat] low and high boundaries for computing mean and std.dev: (1, 4608)
[M::mem_pestat] mean and std.dev: (692.66, 1036.76)
[M::mem_pestat] low and high boundaries for proper pairs: (1, 6108)
[M::mem_pestat] analyzing insert size distribution for orientation RR...
[M::mem_pestat] (25, 50, 75) percentile: (168, 270, 1291)
[M::mem_pestat] low and high boundaries for computing mean and std.dev: (1, 3537)
[M::mem_pestat] mean and std.dev: (747.30, 934.94)
[M::mem_pestat] low and high boundaries for proper pairs: (1, 4660)
[M::mem_pestat] skip orientation FF
[M::mem_pestat] skip orientation RF
[M::mem_pestat] skip orientation RR
[M::process] read 1446652 sequences (200000196 bp)...
[M::mem_process_seqs] Processed 1445108 reads in 417.962 CPU sec, 45.283 real sec
[M::mem_pestat] # candidate unique pairs for (FF, FR, RF, RR): (26, 556797, 118, 39)
[M::mem_pestat] analyzing insert size distribution for orientation FF...
[M::mem_pestat] (25, 50, 75) percentile: (233, 455, 737)
[M::mem_pestat] low and high boundaries for computing mean and std.dev: (1, 1745)
[M::mem_pestat] mean and std.dev: (502.42, 348.05)
[M::mem_pestat] low and high boundaries for proper pairs: (1, 2249)
[M::mem_pestat] analyzing insert size distribution for orientation FR...
[M::mem_pestat] (25, 50, 75) percentile: (209, 277, 362)
[M::mem_pestat] low and high boundaries for computing mean and std.dev: (1, 668)
[M::mem_pestat] mean and std.dev: (293.42, 110.80)
[M::mem_pestat] low and high boundaries for proper pairs: (1, 821)
[M::mem_pestat] analyzing insert size distribution for orientation RF...
[M::mem_pestat] (25, 50, 75) percentile: (123, 354, 2748)
[M::mem_pestat] low and high boundaries for computing mean and std.dev: (1, 7998)
[M::mem_pestat] mean and std.dev: (1343.15, 1886.71)
[M::mem_pestat] low and high boundaries for proper pairs: (1, 10623)
[M::mem_pestat] analyzing insert size distribution for orientation RR...
[M::mem_pestat] (25, 50, 75) percentile: (149, 232, 368)
[M::mem_pestat] low and high boundaries for computing mean and std.dev: (1, 806)
[M::mem_pestat] mean and std.dev: (233.34, 146.40)
[M::mem_pestat] low and high boundaries for proper pairs: (1, 1025)
[M::mem_pestat] skip orientation FF
[M::mem_pestat] skip orientation RF
[M::mem_pestat] skip orientation RR
[M::process] read 1442272 sequences (200000047 bp)...
[M::mem_process_seqs] Processed 1446652 reads in 419.423 CPU sec, 45.451 real sec
[M::mem_pestat] # candidate unique pairs for (FF, FR, RF, RR): (46, 557829, 97, 26)
[M::mem_pestat] analyzing insert size distribution for orientation FF...
[M::mem_pestat] (25, 50, 75) percentile: (218, 310, 663)
[M::mem_pestat] low and high boundaries for computing mean and std.dev: (1, 1553)
[M::mem_pestat] mean and std.dev: (331.36, 187.48)
[M::mem_pestat] low and high boundaries for proper pairs: (1, 1998)
[M::mem_pestat] analyzing insert size distribution for orientation FR...
[M::mem_pestat] (25, 50, 75) percentile: (208, 277, 364)
[M::mem_pestat] low and high boundaries for computing mean and std.dev: (1, 676)
[M::mem_pestat] mean and std.dev: (293.78, 112.47)
[M::mem_pestat] low and high boundaries for proper pairs: (1, 832)
[M::mem_pestat] analyzing insert size distribution for orientation RF...
[M::mem_pestat] (25, 50, 75) percentile: (71, 194, 1692)
[M::mem_pestat] low and high boundaries for computing mean and std.dev: (1, 4934)
[M::mem_pestat] mean and std.dev: (772.92, 1209.48)
[M::mem_pestat] low and high boundaries for proper pairs: (1, 6555)
[M::mem_pestat] analyzing insert size distribution for orientation RR...
[M::mem_pestat] (25, 50, 75) percentile: (202, 273, 445)
[M::mem_pestat] low and high boundaries for computing mean and std.dev: (1, 931)
[M::mem_pestat] mean and std.dev: (293.92, 159.39)
[M::mem_pestat] low and high boundaries for proper pairs: (1, 1174)
[M::mem_pestat] skip orientation FF
[M::mem_pestat] skip orientation RF
[M::mem_pestat] skip orientation RR
[M::process] read 1443048 sequences (200000035 bp)...
[M::mem_process_seqs] Processed 1442272 reads in 415.013 CPU sec, 44.930 real sec
[M::mem_pestat] # candidate unique pairs for (FF, FR, RF, RR): (36, 557404, 98, 31)
[M::mem_pestat] analyzing insert size distribution for orientation FF...
[M::mem_pestat] (25, 50, 75) percentile: (266, 452, 1187)
[M::mem_pestat] low and high boundaries for computing mean and std.dev: (1, 3029)
[M::mem_pestat] mean and std.dev: (595.12, 525.16)
[M::mem_pestat] low and high boundaries for proper pairs: (1, 3950)
[M::mem_pestat] analyzing insert size distribution for orientation FR...
[M::mem_pestat] (25, 50, 75) percentile: (210, 279, 367)
[M::mem_pestat] low and high boundaries for computing mean and std.dev: (1, 681)
[M::mem_pestat] mean and std.dev: (296.31, 113.45)
[M::mem_pestat] low and high boundaries for proper pairs: (1, 838)
[M::mem_pestat] analyzing insert size distribution for orientation RF...
[M::mem_pestat] (25, 50, 75) percentile: (92, 362, 2429)
[M::mem_pestat] low and high boundaries for computing mean and std.dev: (1, 7103)
[M::mem_pestat] mean and std.dev: (1243.54, 1871.83)
[M::mem_pestat] low and high boundaries for proper pairs: (1, 9440)
[M::mem_pestat] analyzing insert size distribution for orientation RR...
[M::mem_pestat] (25, 50, 75) percentile: (150, 267, 535)
[M::mem_pestat] low and high boundaries for computing mean and std.dev: (1, 1305)
[M::mem_pestat] mean and std.dev: (306.11, 238.55)
[M::mem_pestat] low and high boundaries for proper pairs: (1, 1690)
[M::mem_pestat] skip orientation FF
[M::mem_pestat] skip orientation RF
[M::mem_pestat] skip orientation RR
[M::mem_process_seqs] Processed 1443048 reads in 423.727 CPU sec, 61.258 real sec
[M::process] read 1444298 sequences (200000242 bp)...
[M::process] read 1446360 sequences (200000148 bp)...
[M::mem_pestat] # candidate unique pairs for (FF, FR, RF, RR): (32, 555681, 108, 33)
[M::mem_pestat] analyzing insert size distribution for orientation FF...
[M::mem_pestat] (25, 50, 75) percentile: (196, 337, 721)
[M::mem_pestat] low and high boundaries for computing mean and std.dev: (1, 1771)
[M::mem_pestat] mean and std.dev: (367.25, 229.57)
[M::mem_pestat] low and high boundaries for proper pairs: (1, 2296)
[M::mem_pestat] analyzing insert size distribution for orientation FR...
[M::mem_pestat] (25, 50, 75) percentile: (209, 278, 365)
[M::mem_pestat] low and high boundaries for computing mean and std.dev: (1, 677)
[M::mem_pestat] mean and std.dev: (295.00, 112.56)
[M::mem_pestat] low and high boundaries for proper pairs: (1, 833)
[M::mem_pestat] analyzing insert size distribution for orientation RF...
[M::mem_pestat] (25, 50, 75) percentile: (113, 426, 2419)
[M::mem_pestat] low and high boundaries for computing mean and std.dev: (1, 7031)
[M::mem_pestat] mean and std.dev: (1172.57, 1552.58)
[M::mem_pestat] low and high boundaries for proper pairs: (1, 9337)
[M::mem_pestat] analyzing insert size distribution for orientation RR...
[M::mem_pestat] (25, 50, 75) percentile: (117, 222, 314)
[M::mem_pestat] low and high boundaries for computing mean and std.dev: (1, 708)
[M::mem_pestat] mean and std.dev: (191.11, 136.60)
[M::mem_pestat] low and high boundaries for proper pairs: (1, 905)
[M::mem_pestat] skip orientation FF
[M::mem_pestat] skip orientation RF
[M::mem_pestat] skip orientation RR
[M::mem_process_seqs] Processed 1444298 reads in 416.965 CPU sec, 43.302 real sec
[M::mem_pestat] # candidate unique pairs for (FF, FR, RF, RR): (50, 557741, 103, 31)
[M::mem_pestat] analyzing insert size distribution for orientation FF...
[M::mem_pestat] (25, 50, 75) percentile: (219, 336, 426)
[M::mem_pestat] low and high boundaries for computing mean and std.dev: (1, 840)
[M::mem_pestat] mean and std.dev: (321.00, 162.93)
[M::mem_pestat] low and high boundaries for proper pairs: (1, 1047)
[M::mem_pestat] analyzing insert size distribution for orientation FR...
[M::mem_pestat] (25, 50, 75) percentile: (207, 275, 360)
[M::mem_pestat] low and high boundaries for computing mean and std.dev: (1, 666)
[M::mem_pestat] mean and std.dev: (291.50, 110.37)
[M::mem_pestat] low and high boundaries for proper pairs: (1, 819)
[M::mem_pestat] analyzing insert size distribution for orientation RF...
[M::mem_pestat] (25, 50, 75) percentile: (53, 281, 1474)
[M::mem_pestat] low and high boundaries for computing mean and std.dev: (1, 4316)
[M::mem_pestat] mean and std.dev: (627.97, 951.57)
[M::mem_pestat] low and high boundaries for proper pairs: (1, 5737)
[M::mem_pestat] analyzing insert size distribution for orientation RR...
[M::mem_pestat] (25, 50, 75) percentile: (226, 288, 1871)
[M::mem_pestat] low and high boundaries for computing mean and std.dev: (1, 5161)
[M::mem_pestat] mean and std.dev: (848.32, 1261.70)
[M::mem_pestat] low and high boundaries for proper pairs: (1, 6806)
[M::mem_pestat] skip orientation FF
[M::mem_pestat] skip orientation RF
[M::mem_pestat] skip orientation RR
[M::process] read 1441982 sequences (200000091 bp)...
[M::mem_process_seqs] Processed 1446360 reads in 416.833 CPU sec, 45.072 real sec
[M::mem_pestat] # candidate unique pairs for (FF, FR, RF, RR): (37, 557517, 91, 32)
[M::mem_pestat] analyzing insert size distribution for orientation FF...
[M::mem_pestat] (25, 50, 75) percentile: (192, 270, 796)
[M::mem_pestat] low and high boundaries for computing mean and std.dev: (1, 2004)
[M::mem_pestat] mean and std.dev: (394.03, 347.65)
[M::mem_pestat] low and high boundaries for proper pairs: (1, 2608)
[M::mem_pestat] analyzing insert size distribution for orientation FR...
[M::mem_pestat] (25, 50, 75) percentile: (208, 276, 363)
[M::mem_pestat] low and high boundaries for computing mean and std.dev: (1, 673)
[M::mem_pestat] mean and std.dev: (293.35, 112.00)
[M::mem_pestat] low and high boundaries for proper pairs: (1, 828)
[M::mem_pestat] analyzing insert size distribution for orientation RF...
[M::mem_pestat] (25, 50, 75) percentile: (80, 237, 1121)
[M::mem_pestat] low and high boundaries for computing mean and std.dev: (1, 3203)
[M::mem_pestat] mean and std.dev: (391.04, 622.54)
[M::mem_pestat] low and high boundaries for proper pairs: (1, 4244)
[M::mem_pestat] analyzing insert size distribution for orientation RR...
[M::mem_pestat] (25, 50, 75) percentile: (143, 313, 1213)
[M::mem_pestat] low and high boundaries for computing mean and std.dev: (1, 3353)
[M::mem_pestat] mean and std.dev: (584.13, 711.45)
[M::mem_pestat] low and high boundaries for proper pairs: (1, 4423)
[M::mem_pestat] skip orientation FF
[M::mem_pestat] skip orientation RF
[M::mem_pestat] skip orientation RR
[M::process] read 1442854 sequences (200000034 bp)...
[M::mem_process_seqs] Processed 1441982 reads in 413.704 CPU sec, 44.809 real sec
[M::mem_pestat] # candidate unique pairs for (FF, FR, RF, RR): (41, 555573, 94, 34)
[M::mem_pestat] analyzing insert size distribution for orientation FF...
[M::mem_pestat] (25, 50, 75) percentile: (304, 395, 1267)
[M::mem_pestat] low and high boundaries for computing mean and std.dev: (1, 3193)
[M::mem_pestat] mean and std.dev: (824.40, 827.75)
[M::mem_pestat] low and high boundaries for proper pairs: (1, 4156)
[M::mem_pestat] analyzing insert size distribution for orientation FR...
[M::mem_pestat] (25, 50, 75) percentile: (210, 279, 366)
[M::mem_pestat] low and high boundaries for computing mean and std.dev: (1, 678)
[M::mem_pestat] mean and std.dev: (295.85, 112.99)
[M::mem_pestat] low and high boundaries for proper pairs: (1, 834)
[M::mem_pestat] analyzing insert size distribution for orientation RF...
[M::mem_pestat] (25, 50, 75) percentile: (61, 310, 1546)
[M::mem_pestat] low and high boundaries for computing mean and std.dev: (1, 4516)
[M::mem_pestat] mean and std.dev: (724.98, 1102.12)
[M::mem_pestat] low and high boundaries for proper pairs: (1, 6001)
[M::mem_pestat] analyzing insert size distribution for orientation RR...
[M::mem_pestat] (25, 50, 75) percentile: (116, 211, 728)
[M::mem_pestat] low and high boundaries for computing mean and std.dev: (1, 1952)
[M::mem_pestat] mean and std.dev: (313.64, 390.97)
[M::mem_pestat] low and high boundaries for proper pairs: (1, 2564)
[M::mem_pestat] skip orientation FF
[M::mem_pestat] skip orientation RF
[M::mem_pestat] skip orientation RR
[M::process] read 1444004 sequences (200000075 bp)...
[M::mem_process_seqs] Processed 1442854 reads in 416.578 CPU sec, 45.077 real sec
[M::mem_pestat] # candidate unique pairs for (FF, FR, RF, RR): (45, 556400, 88, 44)
[M::mem_pestat] analyzing insert size distribution for orientation FF...
[M::mem_pestat] (25, 50, 75) percentile: (207, 329, 717)
[M::mem_pestat] low and high boundaries for computing mean and std.dev: (1, 1737)
[M::mem_pestat] mean and std.dev: (417.00, 303.19)
[M::mem_pestat] low and high boundaries for proper pairs: (1, 2247)
[M::mem_pestat] analyzing insert size distribution for orientation FR...
[M::mem_pestat] (25, 50, 75) percentile: (209, 278, 363)
[M::mem_pestat] low and high boundaries for computing mean and std.dev: (1, 671)
[M::mem_pestat] mean and std.dev: (294.36, 111.77)
[M::mem_pestat] low and high boundaries for proper pairs: (1, 825)
[M::mem_pestat] analyzing insert size distribution for orientation RF...
[M::mem_pestat] (25, 50, 75) percentile: (33, 242, 1618)
[M::mem_pestat] low and high boundaries for computing mean and std.dev: (1, 4788)
[M::mem_pestat] mean and std.dev: (587.28, 843.57)
[M::mem_pestat] low and high boundaries for proper pairs: (1, 6373)
[M::mem_pestat] analyzing insert size distribution for orientation RR...
[M::mem_pestat] (25, 50, 75) percentile: (103, 234, 1315)
[M::mem_pestat] low and high boundaries for computing mean and std.dev: (1, 3739)
[M::mem_pestat] mean and std.dev: (458.34, 643.47)
[M::mem_pestat] low and high boundaries for proper pairs: (1, 4951)
[M::mem_pestat] skip orientation FF
[M::mem_pestat] skip orientation RF
[M::mem_pestat] skip orientation RR
[M::process] read 1446612 sequences (200000000 bp)...
[M::mem_process_seqs] Processed 1444004 reads in 416.299 CPU sec, 45.038 real sec
[M::mem_pestat] # candidate unique pairs for (FF, FR, RF, RR): (44, 558683, 81, 24)
[M::mem_pestat] analyzing insert size distribution for orientation FF...
[M::mem_pestat] (25, 50, 75) percentile: (194, 320, 491)
[M::mem_pestat] low and high boundaries for computing mean and std.dev: (1, 1085)
[M::mem_pestat] mean and std.dev: (352.67, 250.94)
[M::mem_pestat] low and high boundaries for proper pairs: (1, 1382)
[M::mem_pestat] analyzing insert size distribution for orientation FR...
[M::mem_pestat] (25, 50, 75) percentile: (207, 274, 359)
[M::mem_pestat] low and high boundaries for computing mean and std.dev: (1, 663)
[M::mem_pestat] mean and std.dev: (290.69, 109.78)
[M::mem_pestat] low and high boundaries for proper pairs: (1, 815)
[M::mem_pestat] analyzing insert size distribution for orientation RF...
[M::mem_pestat] (25, 50, 75) percentile: (60, 230, 1745)
[M::mem_pestat] low and high boundaries for computing mean and std.dev: (1, 5115)
[M::mem_pestat] mean and std.dev: (959.00, 1376.41)
[M::mem_pestat] low and high boundaries for proper pairs: (1, 6800)
[M::mem_pestat] analyzing insert size distribution for orientation RR...
[M::mem_pestat] (25, 50, 75) percentile: (152, 291, 650)
[M::mem_pestat] low and high boundaries for computing mean and std.dev: (1, 1646)
[M::mem_pestat] mean and std.dev: (335.09, 302.52)
[M::mem_pestat] low and high boundaries for proper pairs: (1, 2144)
[M::mem_pestat] skip orientation FF
[M::mem_pestat] skip orientation RF
[M::mem_pestat] skip orientation RR
[M::process] read 1442862 sequences (200000142 bp)...
[M::mem_process_seqs] Processed 1446612 reads in 414.733 CPU sec, 45.014 real sec
[M::mem_pestat] # candidate unique pairs for (FF, FR, RF, RR): (51, 557331, 104, 26)
[M::mem_pestat] analyzing insert size distribution for orientation FF...
[M::mem_pestat] (25, 50, 75) percentile: (190, 366, 1155)
[M::mem_pestat] low and high boundaries for computing mean and std.dev: (1, 3085)
[M::mem_pestat] mean and std.dev: (557.20, 617.43)
[M::mem_pestat] low and high boundaries for proper pairs: (1, 4050)
[M::mem_pestat] analyzing insert size distribution for orientation FR...
[M::mem_pestat] (25, 50, 75) percentile: (208, 277, 363)
[M::mem_pestat] low and high boundaries for computing mean and std.dev: (1, 673)
[M::mem_pestat] mean and std.dev: (293.33, 111.79)
[M::mem_pestat] low and high boundaries for proper pairs: (1, 828)
[M::mem_pestat] analyzing insert size distribution for orientation RF...
[M::mem_pestat] (25, 50, 75) percentile: (88, 313, 1973)
[M::mem_pestat] low and high boundaries for computing mean and std.dev: (1, 5743)
[M::mem_pestat] mean and std.dev: (852.61, 1219.94)
[M::mem_pestat] low and high boundaries for proper pairs: (1, 7628)
[M::mem_pestat] analyzing insert size distribution for orientation RR...
[M::mem_pestat] (25, 50, 75) percentile: (105, 201, 389)
[M::mem_pestat] low and high boundaries for computing mean and std.dev: (1, 957)
[M::mem_pestat] mean and std.dev: (227.79, 157.13)
[M::mem_pestat] low and high boundaries for proper pairs: (1, 1241)
[M::mem_pestat] skip orientation FF
[M::mem_pestat] skip orientation RF
[M::mem_pestat] skip orientation RR
[M::mem_process_seqs] Processed 1442862 reads in 419.046 CPU sec, 55.682 real sec
[M::process] read 1446216 sequences (200000103 bp)...
[M::process] read 1446124 sequences (200000190 bp)...
[M::mem_pestat] # candidate unique pairs for (FF, FR, RF, RR): (49, 557938, 106, 30)
[M::mem_pestat] analyzing insert size distribution for orientation FF...
[M::mem_pestat] (25, 50, 75) percentile: (223, 320, 572)
[M::mem_pestat] low and high boundaries for computing mean and std.dev: (1, 1270)
[M::mem_pestat] mean and std.dev: (341.71, 213.06)
[M::mem_pestat] low and high boundaries for proper pairs: (1, 1619)
[M::mem_pestat] analyzing insert size distribution for orientation FR...
[M::mem_pestat] (25, 50, 75) percentile: (210, 278, 364)
[M::mem_pestat] low and high boundaries for computing mean and std.dev: (1, 672)
[M::mem_pestat] mean and std.dev: (294.75, 111.74)
[M::mem_pestat] low and high boundaries for proper pairs: (1, 826)
[M::mem_pestat] analyzing insert size distribution for orientation RF...
[M::mem_pestat] (25, 50, 75) percentile: (90, 452, 4126)
[M::mem_pestat] low and high boundaries for computing mean and std.dev: (1, 12198)
[M::mem_pestat] mean and std.dev: (2151.83, 2833.29)
[M::mem_pestat] low and high boundaries for proper pairs: (1, 16234)
[M::mem_pestat] analyzing insert size distribution for orientation RR...
[M::mem_pestat] (25, 50, 75) percentile: (209, 440, 1056)
[M::mem_pestat] low and high boundaries for computing mean and std.dev: (1, 2750)
[M::mem_pestat] mean and std.dev: (521.56, 459.73)
[M::mem_pestat] low and high boundaries for proper pairs: (1, 3597)
[M::mem_pestat] skip orientation FF
[M::mem_pestat] skip orientation RF
[M::mem_pestat] skip orientation RR
[M::mem_process_seqs] Processed 1446216 reads in 415.952 CPU sec, 42.903 real sec
[M::process] read 1448786 sequences (200000002 bp)...
[M::mem_pestat] # candidate unique pairs for (FF, FR, RF, RR): (35, 555651, 118, 41)
[M::mem_pestat] analyzing insert size distribution for orientation FF...
[M::mem_pestat] (25, 50, 75) percentile: (192, 303, 605)
[M::mem_pestat] low and high boundaries for computing mean and std.dev: (1, 1431)
[M::mem_pestat] mean and std.dev: (345.26, 251.65)
[M::mem_pestat] low and high boundaries for proper pairs: (1, 1844)
[M::mem_pestat] analyzing insert size distribution for orientation FR...
[M::mem_pestat] (25, 50, 75) percentile: (209, 277, 362)
[M::mem_pestat] low and high boundaries for computing mean and std.dev: (1, 668)
[M::mem_pestat] mean and std.dev: (293.55, 110.91)
[M::mem_pestat] low and high boundaries for proper pairs: (1, 821)
[M::mem_pestat] analyzing insert size distribution for orientation RF...
[M::mem_pestat] (25, 50, 75) percentile: (82, 471, 2472)
[M::mem_pestat] low and high boundaries for computing mean and std.dev: (1, 7252)
[M::mem_pestat] mean and std.dev: (1303.27, 1870.13)
[M::mem_pestat] low and high boundaries for proper pairs: (1, 9642)
[M::mem_pestat] analyzing insert size distribution for orientation RR...
[M::mem_pestat] (25, 50, 75) percentile: (166, 315, 791)
[M::mem_pestat] low and high boundaries for computing mean and std.dev: (1, 2041)
[M::mem_pestat] mean and std.dev: (414.72, 427.25)
[M::mem_pestat] low and high boundaries for proper pairs: (1, 2666)
[M::mem_pestat] skip orientation FF
[M::mem_pestat] skip orientation RF
[M::mem_pestat] skip orientation RR
[M::mem_process_seqs] Processed 1446124 reads in 419.143 CPU sec, 45.335 real sec
[M::mem_pestat] # candidate unique pairs for (FF, FR, RF, RR): (47, 560052, 95, 33)
[M::mem_pestat] analyzing insert size distribution for orientation FF...
[M::mem_pestat] (25, 50, 75) percentile: (197, 290, 638)
[M::mem_pestat] low and high boundaries for computing mean and std.dev: (1, 1520)
[M::mem_pestat] mean and std.dev: (371.51, 348.59)
[M::mem_pestat] low and high boundaries for proper pairs: (1, 1961)
[M::mem_pestat] analyzing insert size distribution for orientation FR...
[M::mem_pestat] (25, 50, 75) percentile: (206, 273, 357)
[M::mem_pestat] low and high boundaries for computing mean and std.dev: (1, 659)
[M::mem_pestat] mean and std.dev: (289.13, 108.72)
[M::mem_pestat] low and high boundaries for proper pairs: (1, 810)
[M::mem_pestat] analyzing insert size distribution for orientation RF...
[M::mem_pestat] (25, 50, 75) percentile: (69, 216, 1206)
[M::mem_pestat] low and high boundaries for computing mean and std.dev: (1, 3480)
[M::mem_pestat] mean and std.dev: (574.83, 849.02)
[M::mem_pestat] low and high boundaries for proper pairs: (1, 4617)
[M::mem_pestat] analyzing insert size distribution for orientation RR...
[M::mem_pestat] (25, 50, 75) percentile: (342, 420, 725)
[M::mem_pestat] low and high boundaries for computing mean and std.dev: (1, 1491)
[M::mem_pestat] mean and std.dev: (538.07, 313.96)
[M::mem_pestat] low and high boundaries for proper pairs: (1, 1874)
[M::mem_pestat] skip orientation FF
[M::mem_pestat] skip orientation RF
[M::mem_pestat] skip orientation RR
[M::mem_process_seqs] Processed 1448786 reads in 421.328 CPU sec, 61.654 real sec
[M::process] read 1445268 sequences (200000054 bp)...
[M::process] read 1444042 sequences (200000001 bp)...
[M::mem_pestat] # candidate unique pairs for (FF, FR, RF, RR): (32, 557481, 109, 36)
[M::mem_pestat] analyzing insert size distribution for orientation FF...
[M::mem_pestat] (25, 50, 75) percentile: (135, 336, 564)
[M::mem_pestat] low and high boundaries for computing mean and std.dev: (1, 1422)
[M::mem_pestat] mean and std.dev: (286.93, 179.36)
[M::mem_pestat] low and high boundaries for proper pairs: (1, 1851)
[M::mem_pestat] analyzing insert size distribution for orientation FR...
[M::mem_pestat] (25, 50, 75) percentile: (208, 276, 362)
[M::mem_pestat] low and high boundaries for computing mean and std.dev: (1, 670)
[M::mem_pestat] mean and std.dev: (292.89, 111.15)
[M::mem_pestat] low and high boundaries for proper pairs: (1, 824)
[M::mem_pestat] analyzing insert size distribution for orientation RF...
[M::mem_pestat] (25, 50, 75) percentile: (68, 235, 2588)
[M::mem_pestat] low and high boundaries for computing mean and std.dev: (1, 7628)
[M::mem_pestat] mean and std.dev: (1104.00, 1869.04)
[M::mem_pestat] low and high boundaries for proper pairs: (1, 10148)
[M::mem_pestat] analyzing insert size distribution for orientation RR...
[M::mem_pestat] (25, 50, 75) percentile: (131, 312, 1726)
[M::mem_pestat] low and high boundaries for computing mean and std.dev: (1, 4916)
[M::mem_pestat] mean and std.dev: (892.24, 1227.93)
[M::mem_pestat] low and high boundaries for proper pairs: (1, 6511)
[M::mem_pestat] skip orientation FF
[M::mem_pestat] skip orientation RF
[M::mem_pestat] skip orientation RR
[M::mem_process_seqs] Processed 1445268 reads in 411.248 CPU sec, 42.882 real sec
[M::mem_pestat] # candidate unique pairs for (FF, FR, RF, RR): (36, 557579, 99, 53)
[M::mem_pestat] analyzing insert size distribution for orientation FF...
[M::mem_pestat] (25, 50, 75) percentile: (194, 384, 803)
[M::mem_pestat] low and high boundaries for computing mean and std.dev: (1, 2021)
[M::mem_pestat] mean and std.dev: (368.00, 317.68)
[M::mem_pestat] low and high boundaries for proper pairs: (1, 2630)
[M::mem_pestat] analyzing insert size distribution for orientation FR...
[M::mem_pestat] (25, 50, 75) percentile: (209, 278, 364)
[M::mem_pestat] low and high boundaries for computing mean and std.dev: (1, 674)
[M::mem_pestat] mean and std.dev: (294.27, 111.57)
[M::mem_pestat] low and high boundaries for proper pairs: (1, 829)
[M::mem_pestat] analyzing insert size distribution for orientation RF...
[M::mem_pestat] (25, 50, 75) percentile: (49, 275, 1537)
[M::mem_pestat] low and high boundaries for computing mean and std.dev: (1, 4513)
[M::mem_pestat] mean and std.dev: (556.47, 959.39)
[M::mem_pestat] low and high boundaries for proper pairs: (1, 6001)
[M::mem_pestat] analyzing insert size distribution for orientation RR...
[M::mem_pestat] (25, 50, 75) percentile: (157, 305, 884)
[M::mem_pestat] low and high boundaries for computing mean and std.dev: (1, 2338)
[M::mem_pestat] mean and std.dev: (478.19, 541.42)
[M::mem_pestat] low and high boundaries for proper pairs: (1, 3065)
[M::mem_pestat] skip orientation FF
[M::mem_pestat] skip orientation RF
[M::mem_pestat] skip orientation RR
[M::process] read 1444860 sequences (200000135 bp)...
[M::mem_process_seqs] Processed 1444042 reads in 413.059 CPU sec, 44.655 real sec
[M::process] read 1490734 sequences (200000048 bp)...
[M::mem_pestat] # candidate unique pairs for (FF, FR, RF, RR): (33, 555889, 124, 39)
[M::mem_pestat] analyzing insert size distribution for orientation FF...
[M::mem_pestat] (25, 50, 75) percentile: (221, 277, 594)
[M::mem_pestat] low and high boundaries for computing mean and std.dev: (1, 1340)
[M::mem_pestat] mean and std.dev: (384.67, 308.34)
[M::mem_pestat] low and high boundaries for proper pairs: (1, 1713)
[M::mem_pestat] analyzing insert size distribution for orientation FR...
[M::mem_pestat] (25, 50, 75) percentile: (209, 277, 363)
[M::mem_pestat] low and high boundaries for computing mean and std.dev: (1, 671)
[M::mem_pestat] mean and std.dev: (293.57, 111.24)
[M::mem_pestat] low and high boundaries for proper pairs: (1, 825)
[M::mem_pestat] analyzing insert size distribution for orientation RF...
[M::mem_pestat] (25, 50, 75) percentile: (89, 384, 3109)
[M::mem_pestat] low and high boundaries for computing mean and std.dev: (1, 9149)
[M::mem_pestat] mean and std.dev: (1575.33, 2480.34)
[M::mem_pestat] low and high boundaries for proper pairs: (1, 12169)
[M::mem_pestat] analyzing insert size distribution for orientation RR...
[M::mem_pestat] (25, 50, 75) percentile: (130, 233, 810)
[M::mem_pestat] low and high boundaries for computing mean and std.dev: (1, 2170)
[M::mem_pestat] mean and std.dev: (368.00, 358.92)
[M::mem_pestat] low and high boundaries for proper pairs: (1, 2850)
[M::mem_pestat] skip orientation FF
[M::mem_pestat] skip orientation RF
[M::mem_pestat] skip orientation RR
[M::mem_process_seqs] Processed 1444860 reads in 416.805 CPU sec, 45.073 real sec
[M::process] read 1462976 sequences (200000274 bp)...
[M::mem_pestat] # candidate unique pairs for (FF, FR, RF, RR): (42, 571374, 89, 22)
[M::mem_pestat] analyzing insert size distribution for orientation FF...
[M::mem_pestat] (25, 50, 75) percentile: (169, 272, 460)
[M::mem_pestat] low and high boundaries for computing mean and std.dev: (1, 1042)
[M::mem_pestat] mean and std.dev: (268.37, 178.48)
[M::mem_pestat] low and high boundaries for proper pairs: (1, 1333)
[M::mem_pestat] analyzing insert size distribution for orientation FR...
[M::mem_pestat] (25, 50, 75) percentile: (210, 279, 364)
[M::mem_pestat] low and high boundaries for computing mean and std.dev: (1, 672)
[M::mem_pestat] mean and std.dev: (294.86, 111.16)
[M::mem_pestat] low and high boundaries for proper pairs: (1, 826)
[M::mem_pestat] analyzing insert size distribution for orientation RF...
[M::mem_pestat] (25, 50, 75) percentile: (83, 247, 2609)
[M::mem_pestat] low and high boundaries for computing mean and std.dev: (1, 7661)
[M::mem_pestat] mean and std.dev: (1229.69, 1834.96)
[M::mem_pestat] low and high boundaries for proper pairs: (1, 10187)
[M::mem_pestat] analyzing insert size distribution for orientation RR...
[M::mem_pestat] (25, 50, 75) percentile: (207, 309, 1239)
[M::mem_pestat] low and high boundaries for computing mean and std.dev: (1, 3303)
[M::mem_pestat] mean and std.dev: (727.81, 794.81)
[M::mem_pestat] low and high boundaries for proper pairs: (1, 4335)
[M::mem_pestat] skip orientation FF
[M::mem_pestat] skip orientation RF
[M::mem_pestat] skip orientation RR
[M::mem_process_seqs] Processed 1490734 reads in 512.273 CPU sec, 58.312 real sec
[M::mem_pestat] # candidate unique pairs for (FF, FR, RF, RR): (43, 561488, 94, 43)
[M::mem_pestat] analyzing insert size distribution for orientation FF...
[M::mem_pestat] (25, 50, 75) percentile: (225, 338, 589)
[M::mem_pestat] low and high boundaries for computing mean and std.dev: (1, 1317)
[M::mem_pestat] mean and std.dev: (373.46, 268.15)
[M::mem_pestat] low and high boundaries for proper pairs: (1, 1681)
[M::mem_pestat] analyzing insert size distribution for orientation FR...
[M::mem_pestat] (25, 50, 75) percentile: (212, 281, 368)
[M::mem_pestat] low and high boundaries for computing mean and std.dev: (1, 680)
[M::mem_pestat] mean and std.dev: (297.20, 112.47)
[M::mem_pestat] low and high boundaries for proper pairs: (1, 836)
[M::mem_pestat] analyzing insert size distribution for orientation RF...
[M::mem_pestat] (25, 50, 75) percentile: (96, 312, 2490)
[M::mem_pestat] low and high boundaries for computing mean and std.dev: (1, 7278)
[M::mem_pestat] mean and std.dev: (1120.82, 1491.17)
[M::mem_pestat] low and high boundaries for proper pairs: (1, 9672)
[M::mem_pestat] analyzing insert size distribution for orientation RR...
[M::mem_pestat] (25, 50, 75) percentile: (245, 373, 975)
[M::mem_pestat] low and high boundaries for computing mean and std.dev: (1, 2435)
[M::mem_pestat] mean and std.dev: (598.38, 588.29)
[M::mem_pestat] low and high boundaries for proper pairs: (1, 3165)
[M::mem_pestat] skip orientation FF
[M::mem_pestat] skip orientation RF
[M::mem_pestat] skip orientation RR
[M::process] read 1452808 sequences (200000252 bp)...
[M::mem_process_seqs] Processed 1462976 reads in 502.772 CPU sec, 53.863 real sec
[M::mem_pestat] # candidate unique pairs for (FF, FR, RF, RR): (45, 557504, 115, 39)
[M::mem_pestat] analyzing insert size distribution for orientation FF...
[M::mem_pestat] (25, 50, 75) percentile: (134, 186, 578)
[M::mem_pestat] low and high boundaries for computing mean and std.dev: (1, 1466)
[M::mem_pestat] mean and std.dev: (305.27, 284.06)
[M::mem_pestat] low and high boundaries for proper pairs: (1, 1910)
[M::mem_pestat] analyzing insert size distribution for orientation FR...
[M::mem_pestat] (25, 50, 75) percentile: (211, 281, 368)
[M::mem_pestat] low and high boundaries for computing mean and std.dev: (1, 682)
[M::mem_pestat] mean and std.dev: (297.22, 112.70)
[M::mem_pestat] low and high boundaries for proper pairs: (1, 839)
[M::mem_pestat] analyzing insert size distribution for orientation RF...
[M::mem_pestat] (25, 50, 75) percentile: (99, 401, 1188)
[M::mem_pestat] low and high boundaries for computing mean and std.dev: (1, 3366)
[M::mem_pestat] mean and std.dev: (502.20, 634.12)
[M::mem_pestat] low and high boundaries for proper pairs: (1, 4455)
[M::mem_pestat] analyzing insert size distribution for orientation RR...
[M::mem_pestat] (25, 50, 75) percentile: (159, 241, 489)
[M::mem_pestat] low and high boundaries for computing mean and std.dev: (1, 1149)
[M::mem_pestat] mean and std.dev: (241.16, 156.66)
[M::mem_pestat] low and high boundaries for proper pairs: (1, 1479)
[M::mem_pestat] skip orientation FF
[M::mem_pestat] skip orientation RF
[M::mem_pestat] skip orientation RR
[M::process] read 1448458 sequences (200000092 bp)...
[M::mem_process_seqs] Processed 1452808 reads in 470.299 CPU sec, 50.562 real sec
[M::mem_pestat] # candidate unique pairs for (FF, FR, RF, RR): (35, 556459, 82, 30)
[M::mem_pestat] analyzing insert size distribution for orientation FF...
[M::mem_pestat] (25, 50, 75) percentile: (230, 329, 509)
[M::mem_pestat] low and high boundaries for computing mean and std.dev: (1, 1067)
[M::mem_pestat] mean and std.dev: (372.06, 225.76)
[M::mem_pestat] low and high boundaries for proper pairs: (1, 1346)
[M::mem_pestat] analyzing insert size distribution for orientation FR...
[M::mem_pestat] (25, 50, 75) percentile: (210, 279, 367)
[M::mem_pestat] low and high boundaries for computing mean and std.dev: (1, 681)
[M::mem_pestat] mean and std.dev: (296.29, 112.96)
[M::mem_pestat] low and high boundaries for proper pairs: (1, 838)
[M::mem_pestat] analyzing insert size distribution for orientation RF...
[M::mem_pestat] (25, 50, 75) percentile: (65, 491, 1625)
[M::mem_pestat] low and high boundaries for computing mean and std.dev: (1, 4745)
[M::mem_pestat] mean and std.dev: (735.23, 993.78)
[M::mem_pestat] low and high boundaries for proper pairs: (1, 6305)
[M::mem_pestat] analyzing insert size distribution for orientation RR...
[M::mem_pestat] (25, 50, 75) percentile: (101, 225, 531)
[M::mem_pestat] low and high boundaries for computing mean and std.dev: (1, 1391)
[M::mem_pestat] mean and std.dev: (383.03, 376.23)
[M::mem_pestat] low and high boundaries for proper pairs: (1, 1888)
[M::mem_pestat] skip orientation FF
[M::mem_pestat] skip orientation RF
[M::mem_pestat] skip orientation RR
[M::process] read 1447384 sequences (200000193 bp)...
[M::mem_process_seqs] Processed 1448458 reads in 420.005 CPU sec, 45.624 real sec
[M::mem_pestat] # candidate unique pairs for (FF, FR, RF, RR): (36, 557774, 113, 31)
[M::mem_pestat] analyzing insert size distribution for orientation FF...
[M::mem_pestat] (25, 50, 75) percentile: (231, 307, 584)
[M::mem_pestat] low and high boundaries for computing mean and std.dev: (1, 1290)
[M::mem_pestat] mean and std.dev: (353.00, 285.83)
[M::mem_pestat] low and high boundaries for proper pairs: (1, 1643)
[M::mem_pestat] analyzing insert size distribution for orientation FR...
[M::mem_pestat] (25, 50, 75) percentile: (211, 280, 368)
[M::mem_pestat] low and high boundaries for computing mean and std.dev: (1, 682)
[M::mem_pestat] mean and std.dev: (297.35, 113.73)
[M::mem_pestat] low and high boundaries for proper pairs: (1, 839)
[M::mem_pestat] analyzing insert size distribution for orientation RF...
[M::mem_pestat] (25, 50, 75) percentile: (37, 197, 2058)
[M::mem_pestat] low and high boundaries for computing mean and std.dev: (1, 6100)
[M::mem_pestat] mean and std.dev: (1000.50, 1508.91)
[M::mem_pestat] low and high boundaries for proper pairs: (1, 8121)
[M::mem_pestat] analyzing insert size distribution for orientation RR...
[M::mem_pestat] (25, 50, 75) percentile: (178, 313, 1914)
[M::mem_pestat] low and high boundaries for computing mean and std.dev: (1, 5386)
[M::mem_pestat] mean and std.dev: (729.59, 990.44)
[M::mem_pestat] low and high boundaries for proper pairs: (1, 7122)
[M::mem_pestat] skip orientation FF
[M::mem_pestat] skip orientation RF
[M::mem_pestat] skip orientation RR
[M::process] read 1448404 sequences (200000128 bp)...
[M::mem_process_seqs] Processed 1447384 reads in 430.244 CPU sec, 46.469 real sec
[M::mem_pestat] # candidate unique pairs for (FF, FR, RF, RR): (41, 557045, 92, 40)
[M::mem_pestat] analyzing insert size distribution for orientation FF...
[M::mem_pestat] (25, 50, 75) percentile: (257, 381, 1378)
[M::mem_pestat] low and high boundaries for computing mean and std.dev: (1, 3620)
[M::mem_pestat] mean and std.dev: (804.49, 896.08)
[M::mem_pestat] low and high boundaries for proper pairs: (1, 4741)
[M::mem_pestat] analyzing insert size distribution for orientation FR...
[M::mem_pestat] (25, 50, 75) percentile: (212, 281, 369)
[M::mem_pestat] low and high boundaries for computing mean and std.dev: (1, 683)
[M::mem_pestat] mean and std.dev: (298.11, 113.54)
[M::mem_pestat] low and high boundaries for proper pairs: (1, 840)
[M::mem_pestat] analyzing insert size distribution for orientation RF...
[M::mem_pestat] (25, 50, 75) percentile: (38, 255, 3017)
[M::mem_pestat] low and high boundaries for computing mean and std.dev: (1, 8975)
[M::mem_pestat] mean and std.dev: (1525.31, 2417.68)
[M::mem_pestat] low and high boundaries for proper pairs: (1, 11954)
[M::mem_pestat] analyzing insert size distribution for orientation RR...
[M::mem_pestat] (25, 50, 75) percentile: (158, 243, 508)
[M::mem_pestat] low and high boundaries for computing mean and std.dev: (1, 1208)
[M::mem_pestat] mean and std.dev: (290.09, 271.87)
[M::mem_pestat] low and high boundaries for proper pairs: (1, 1558)
[M::mem_pestat] skip orientation FF
[M::mem_pestat] skip orientation RF
[M::mem_pestat] skip orientation RR
[M::mem_process_seqs] Processed 1448404 reads in 432.456 CPU sec, 77.480 real sec
[M::process] read 1448288 sequences (200000275 bp)...
[M::process] read 1450570 sequences (200000042 bp)...
[M::mem_pestat] # candidate unique pairs for (FF, FR, RF, RR): (47, 556131, 100, 22)
[M::mem_pestat] analyzing insert size distribution for orientation FF...
[M::mem_pestat] (25, 50, 75) percentile: (230, 388, 576)
[M::mem_pestat] low and high boundaries for computing mean and std.dev: (1, 1268)
[M::mem_pestat] mean and std.dev: (421.31, 264.23)
[M::mem_pestat] low and high boundaries for proper pairs: (1, 1614)
[M::mem_pestat] analyzing insert size distribution for orientation FR...
[M::mem_pestat] (25, 50, 75) percentile: (211, 281, 368)
[M::mem_pestat] low and high boundaries for computing mean and std.dev: (1, 682)
[M::mem_pestat] mean and std.dev: (297.77, 113.54)
[M::mem_pestat] low and high boundaries for proper pairs: (1, 839)
[M::mem_pestat] analyzing insert size distribution for orientation RF...
[M::mem_pestat] (25, 50, 75) percentile: (67, 328, 3195)
[M::mem_pestat] low and high boundaries for computing mean and std.dev: (1, 9451)
[M::mem_pestat] mean and std.dev: (1897.02, 2772.81)
[M::mem_pestat] low and high boundaries for proper pairs: (1, 12988)
[M::mem_pestat] analyzing insert size distribution for orientation RR...
[M::mem_pestat] (25, 50, 75) percentile: (117, 230, 1035)
[M::mem_pestat] low and high boundaries for computing mean and std.dev: (1, 2871)
[M::mem_pestat] mean and std.dev: (469.50, 471.85)
[M::mem_pestat] low and high boundaries for proper pairs: (1, 3789)
[M::mem_pestat] skip orientation FF
[M::mem_pestat] skip orientation RF
[M::mem_pestat] skip orientation RR
[M::mem_process_seqs] Processed 1448288 reads in 430.628 CPU sec, 43.570 real sec
[M::mem_pestat] # candidate unique pairs for (FF, FR, RF, RR): (53, 556829, 94, 32)
[M::mem_pestat] analyzing insert size distribution for orientation FF...
[M::mem_pestat] (25, 50, 75) percentile: (280, 501, 1647)
[M::mem_pestat] low and high boundaries for computing mean and std.dev: (1, 4381)
[M::mem_pestat] mean and std.dev: (666.80, 698.96)
[M::mem_pestat] low and high boundaries for proper pairs: (1, 5748)
[M::mem_pestat] analyzing insert size distribution for orientation FR...
[M::mem_pestat] (25, 50, 75) percentile: (209, 278, 365)
[M::mem_pestat] low and high boundaries for computing mean and std.dev: (1, 677)
[M::mem_pestat] mean and std.dev: (294.79, 112.37)
[M::mem_pestat] low and high boundaries for proper pairs: (1, 833)
[M::mem_pestat] analyzing insert size distribution for orientation RF...
[M::mem_pestat] (25, 50, 75) percentile: (44, 214, 2489)
[M::mem_pestat] low and high boundaries for computing mean and std.dev: (1, 7379)
[M::mem_pestat] mean and std.dev: (1188.56, 1841.97)
[M::mem_pestat] low and high boundaries for proper pairs: (1, 9824)
[M::mem_pestat] analyzing insert size distribution for orientation RR...
[M::mem_pestat] (25, 50, 75) percentile: (200, 263, 424)
[M::mem_pestat] low and high boundaries for computing mean and std.dev: (1, 872)
[M::mem_pestat] mean and std.dev: (250.38, 125.01)
[M::mem_pestat] low and high boundaries for proper pairs: (1, 1096)
[M::mem_pestat] skip orientation FF
[M::mem_pestat] skip orientation RF
[M::mem_pestat] skip orientation RR
[M::process] read 1447782 sequences (200000263 bp)...
[M::mem_process_seqs] Processed 1450570 reads in 420.199 CPU sec, 45.503 real sec
[M::process] read 1448954 sequences (200000156 bp)...
[M::mem_pestat] # candidate unique pairs for (FF, FR, RF, RR): (43, 557116, 103, 31)
[M::mem_pestat] analyzing insert size distribution for orientation FF...
[M::mem_pestat] (25, 50, 75) percentile: (247, 379, 764)
[M::mem_pestat] low and high boundaries for computing mean and std.dev: (1, 1798)
[M::mem_pestat] mean and std.dev: (520.60, 443.09)
[M::mem_pestat] low and high boundaries for proper pairs: (1, 2315)
[M::mem_pestat] analyzing insert size distribution for orientation FR...
[M::mem_pestat] (25, 50, 75) percentile: (209, 278, 366)
[M::mem_pestat] low and high boundaries for computing mean and std.dev: (1, 680)
[M::mem_pestat] mean and std.dev: (295.52, 113.62)
[M::mem_pestat] low and high boundaries for proper pairs: (1, 837)
[M::mem_pestat] analyzing insert size distribution for orientation RF...
[M::mem_pestat] (25, 50, 75) percentile: (56, 226, 1474)
[M::mem_pestat] low and high boundaries for computing mean and std.dev: (1, 4310)
[M::mem_pestat] mean and std.dev: (525.81, 902.57)
[M::mem_pestat] low and high boundaries for proper pairs: (1, 5728)
[M::mem_pestat] analyzing insert size distribution for orientation RR...
[M::mem_pestat] (25, 50, 75) percentile: (142, 310, 521)
[M::mem_pestat] low and high boundaries for computing mean and std.dev: (1, 1279)
[M::mem_pestat] mean and std.dev: (360.07, 363.66)
[M::mem_pestat] low and high boundaries for proper pairs: (1, 1815)
[M::mem_pestat] skip orientation FF
[M::mem_pestat] skip orientation RF
[M::mem_pestat] skip orientation RR
[M::mem_process_seqs] Processed 1447782 reads in 428.398 CPU sec, 46.343 real sec
[M::mem_pestat] # candidate unique pairs for (FF, FR, RF, RR): (38, 556761, 104, 24)
[M::mem_pestat] analyzing insert size distribution for orientation FF...
[M::mem_pestat] (25, 50, 75) percentile: (263, 333, 650)
[M::mem_pestat] low and high boundaries for computing mean and std.dev: (1, 1424)
[M::mem_pestat] mean and std.dev: (469.46, 319.96)
[M::mem_pestat] low and high boundaries for proper pairs: (1, 1811)
[M::mem_pestat] analyzing insert size distribution for orientation FR...
[M::mem_pestat] (25, 50, 75) percentile: (210, 280, 368)
[M::mem_pestat] low and high boundaries for computing mean and std.dev: (1, 684)
[M::mem_pestat] mean and std.dev: (296.97, 113.95)
[M::mem_pestat] low and high boundaries for proper pairs: (1, 842)
[M::mem_pestat] analyzing insert size distribution for orientation RF...
[M::mem_pestat] (25, 50, 75) percentile: (44, 488, 4232)
[M::mem_pestat] low and high boundaries for computing mean and std.dev: (1, 12608)
[M::mem_pestat] mean and std.dev: (2393.84, 3027.66)
[M::mem_pestat] low and high boundaries for proper pairs: (1, 16796)
[M::mem_pestat] analyzing insert size distribution for orientation RR...
[M::mem_pestat] (25, 50, 75) percentile: (194, 459, 1788)
[M::mem_pestat] low and high boundaries for computing mean and std.dev: (1, 4976)
[M::mem_pestat] mean and std.dev: (800.77, 1023.67)
[M::mem_pestat] low and high boundaries for proper pairs: (1, 6570)
[M::mem_pestat] skip orientation FF
[M::mem_pestat] skip orientation RF
[M::mem_pestat] skip orientation RR
[M::process] read 1448428 sequences (200000259 bp)...
[M::mem_process_seqs] Processed 1448954 reads in 432.504 CPU sec, 46.721 real sec
[M::mem_pestat] # candidate unique pairs for (FF, FR, RF, RR): (33, 555080, 98, 26)
[M::mem_pestat] analyzing insert size distribution for orientation FF...
[M::mem_pestat] (25, 50, 75) percentile: (227, 373, 587)
[M::mem_pestat] low and high boundaries for computing mean and std.dev: (1, 1307)
[M::mem_pestat] mean and std.dev: (412.28, 286.92)
[M::mem_pestat] low and high boundaries for proper pairs: (1, 1667)
[M::mem_pestat] analyzing insert size distribution for orientation FR...
[M::mem_pestat] (25, 50, 75) percentile: (210, 278, 366)
[M::mem_pestat] low and high boundaries for computing mean and std.dev: (1, 678)
[M::mem_pestat] mean and std.dev: (295.75, 113.10)
[M::mem_pestat] low and high boundaries for proper pairs: (1, 834)
[M::mem_pestat] analyzing insert size distribution for orientation RF...
[M::mem_pestat] (25, 50, 75) percentile: (29, 168, 1995)
[M::mem_pestat] low and high boundaries for computing mean and std.dev: (1, 5927)
[M::mem_pestat] mean and std.dev: (1020.92, 1731.60)
[M::mem_pestat] low and high boundaries for proper pairs: (1, 7947)
[M::mem_pestat] analyzing insert size distribution for orientation RR...
[M::mem_pestat] (25, 50, 75) percentile: (157, 304, 1283)
[M::mem_pestat] low and high boundaries for computing mean and std.dev: (1, 3535)
[M::mem_pestat] mean and std.dev: (557.88, 618.97)
[M::mem_pestat] low and high boundaries for proper pairs: (1, 4661)
[M::mem_pestat] skip orientation FF
[M::mem_pestat] skip orientation RF
[M::mem_pestat] skip orientation RR
[M::process] read 1450642 sequences (200000234 bp)...
[M::mem_process_seqs] Processed 1448428 reads in 421.073 CPU sec, 45.591 real sec
[M::mem_pestat] # candidate unique pairs for (FF, FR, RF, RR): (38, 557980, 108, 31)
[M::mem_pestat] analyzing insert size distribution for orientation FF...
[M::mem_pestat] (25, 50, 75) percentile: (232, 517, 726)
[M::mem_pestat] low and high boundaries for computing mean and std.dev: (1, 1714)
[M::mem_pestat] mean and std.dev: (502.31, 369.25)
[M::mem_pestat] low and high boundaries for proper pairs: (1, 2208)
[M::mem_pestat] analyzing insert size distribution for orientation FR...
[M::mem_pestat] (25, 50, 75) percentile: (208, 276, 363)
[M::mem_pestat] low and high boundaries for computing mean and std.dev: (1, 673)
[M::mem_pestat] mean and std.dev: (293.22, 111.61)
[M::mem_pestat] low and high boundaries for proper pairs: (1, 828)
[M::mem_pestat] analyzing insert size distribution for orientation RF...
[M::mem_pestat] (25, 50, 75) percentile: (44, 196, 1136)
[M::mem_pestat] low and high boundaries for computing mean and std.dev: (1, 3320)
[M::mem_pestat] mean and std.dev: (462.09, 730.36)
[M::mem_pestat] low and high boundaries for proper pairs: (1, 4412)
[M::mem_pestat] analyzing insert size distribution for orientation RR...
[M::mem_pestat] (25, 50, 75) percentile: (111, 331, 1455)
[M::mem_pestat] low and high boundaries for computing mean and std.dev: (1, 4143)
[M::mem_pestat] mean and std.dev: (727.57, 928.98)
[M::mem_pestat] low and high boundaries for proper pairs: (1, 5487)
[M::mem_pestat] skip orientation FF
[M::mem_pestat] skip orientation RF
[M::mem_pestat] skip orientation RR
[M::process] read 1448606 sequences (200000018 bp)...
[M::mem_process_seqs] Processed 1450642 reads in 423.186 CPU sec, 45.786 real sec
[M::mem_pestat] # candidate unique pairs for (FF, FR, RF, RR): (39, 557465, 113, 25)
[M::mem_pestat] analyzing insert size distribution for orientation FF...
[M::mem_pestat] (25, 50, 75) percentile: (166, 291, 531)
[M::mem_pestat] low and high boundaries for computing mean and std.dev: (1, 1261)
[M::mem_pestat] mean and std.dev: (359.28, 275.23)
[M::mem_pestat] low and high boundaries for proper pairs: (1, 1626)
[M::mem_pestat] analyzing insert size distribution for orientation FR...
[M::mem_pestat] (25, 50, 75) percentile: (210, 279, 367)
[M::mem_pestat] low and high boundaries for computing mean and std.dev: (1, 681)
[M::mem_pestat] mean and std.dev: (295.87, 113.54)
[M::mem_pestat] low and high boundaries for proper pairs: (1, 838)
[M::mem_pestat] analyzing insert size distribution for orientation RF...
[M::mem_pestat] (25, 50, 75) percentile: (71, 281, 3262)
[M::mem_pestat] low and high boundaries for computing mean and std.dev: (1, 9644)
[M::mem_pestat] mean and std.dev: (1754.92, 2621.47)
[M::mem_pestat] low and high boundaries for proper pairs: (1, 12835)
[M::mem_pestat] analyzing insert size distribution for orientation RR...
[M::mem_pestat] (25, 50, 75) percentile: (89, 192, 345)
[M::mem_pestat] low and high boundaries for computing mean and std.dev: (1, 857)
[M::mem_pestat] mean and std.dev: (196.45, 171.49)
[M::mem_pestat] low and high boundaries for proper pairs: (1, 1113)
[M::mem_pestat] skip orientation FF
[M::mem_pestat] skip orientation RF
[M::mem_pestat] skip orientation RR
[M::mem_process_seqs] Processed 1448606 reads in 439.907 CPU sec, 61.401 real sec
[M::process] read 1448352 sequences (200000152 bp)...
[M::process] read 1450340 sequences (200000287 bp)...
[M::mem_pestat] # candidate unique pairs for (FF, FR, RF, RR): (42, 556613, 98, 36)
[M::mem_pestat] analyzing insert size distribution for orientation FF...
[M::mem_pestat] (25, 50, 75) percentile: (218, 373, 637)
[M::mem_pestat] low and high boundaries for computing mean and std.dev: (1, 1475)
[M::mem_pestat] mean and std.dev: (336.29, 214.33)
[M::mem_pestat] low and high boundaries for proper pairs: (1, 1894)
[M::mem_pestat] analyzing insert size distribution for orientation FR...
[M::mem_pestat] (25, 50, 75) percentile: (211, 279, 368)
[M::mem_pestat] low and high boundaries for computing mean and std.dev: (1, 682)
[M::mem_pestat] mean and std.dev: (296.66, 113.52)
[M::mem_pestat] low and high boundaries for proper pairs: (1, 839)
[M::mem_pestat] analyzing insert size distribution for orientation RF...
[M::mem_pestat] (25, 50, 75) percentile: (75, 420, 2792)
[M::mem_pestat] low and high boundaries for computing mean and std.dev: (1, 8226)
[M::mem_pestat] mean and std.dev: (1344.47, 1995.98)
[M::mem_pestat] low and high boundaries for proper pairs: (1, 10943)
[M::mem_pestat] analyzing insert size distribution for orientation RR...
[M::mem_pestat] (25, 50, 75) percentile: (130, 205, 504)
[M::mem_pestat] low and high boundaries for computing mean and std.dev: (1, 1252)
[M::mem_pestat] mean and std.dev: (240.57, 230.60)
[M::mem_pestat] low and high boundaries for proper pairs: (1, 1626)
[M::mem_pestat] skip orientation FF
[M::mem_pestat] skip orientation RF
[M::mem_pestat] skip orientation RR
[M::mem_process_seqs] Processed 1448352 reads in 425.664 CPU sec, 44.159 real sec
[M::process] read 1456854 sequences (200000111 bp)...
[M::mem_pestat] # candidate unique pairs for (FF, FR, RF, RR): (43, 556250, 98, 28)
[M::mem_pestat] analyzing insert size distribution for orientation FF...
[M::mem_pestat] (25, 50, 75) percentile: (273, 357, 642)
[M::mem_pestat] low and high boundaries for computing mean and std.dev: (1, 1380)
[M::mem_pestat] mean and std.dev: (425.50, 257.76)
[M::mem_pestat] low and high boundaries for proper pairs: (1, 1749)
[M::mem_pestat] analyzing insert size distribution for orientation FR...
[M::mem_pestat] (25, 50, 75) percentile: (209, 277, 364)
[M::mem_pestat] low and high boundaries for computing mean and std.dev: (1, 674)
[M::mem_pestat] mean and std.dev: (294.40, 112.35)
[M::mem_pestat] low and high boundaries for proper pairs: (1, 829)
[M::mem_pestat] analyzing insert size distribution for orientation RF...
[M::mem_pestat] (25, 50, 75) percentile: (63, 338, 1603)
[M::mem_pestat] low and high boundaries for computing mean and std.dev: (1, 4683)
[M::mem_pestat] mean and std.dev: (816.20, 1179.22)
[M::mem_pestat] low and high boundaries for proper pairs: (1, 6223)
[M::mem_pestat] analyzing insert size distribution for orientation RR...
[M::mem_pestat] (25, 50, 75) percentile: (175, 302, 1139)
[M::mem_pestat] low and high boundaries for computing mean and std.dev: (1, 3067)
[M::mem_pestat] mean and std.dev: (499.54, 548.32)
[M::mem_pestat] low and high boundaries for proper pairs: (1, 4031)
[M::mem_pestat] skip orientation FF
[M::mem_pestat] skip orientation RF
[M::mem_pestat] skip orientation RR
[M::mem_process_seqs] Processed 1450340 reads in 433.308 CPU sec, 46.832 real sec
[M::process] read 1452414 sequences (200000277 bp)...
[M::mem_pestat] # candidate unique pairs for (FF, FR, RF, RR): (42, 558605, 95, 34)
[M::mem_pestat] analyzing insert size distribution for orientation FF...
[M::mem_pestat] (25, 50, 75) percentile: (220, 443, 1179)
[M::mem_pestat] low and high boundaries for computing mean and std.dev: (1, 3097)
[M::mem_pestat] mean and std.dev: (640.53, 658.84)
[M::mem_pestat] low and high boundaries for proper pairs: (1, 4056)
[M::mem_pestat] analyzing insert size distribution for orientation FR...
[M::mem_pestat] (25, 50, 75) percentile: (207, 275, 361)
[M::mem_pestat] low and high boundaries for computing mean and std.dev: (1, 669)
[M::mem_pestat] mean and std.dev: (291.69, 110.67)
[M::mem_pestat] low and high boundaries for proper pairs: (1, 823)
[M::mem_pestat] analyzing insert size distribution for orientation RF...
[M::mem_pestat] (25, 50, 75) percentile: (116, 287, 1743)
[M::mem_pestat] low and high boundaries for computing mean and std.dev: (1, 4997)
[M::mem_pestat] mean and std.dev: (844.90, 1221.50)
[M::mem_pestat] low and high boundaries for proper pairs: (1, 6624)
[M::mem_pestat] analyzing insert size distribution for orientation RR...
[M::mem_pestat] (25, 50, 75) percentile: (128, 206, 987)
[M::mem_pestat] low and high boundaries for computing mean and std.dev: (1, 2705)
[M::mem_pestat] mean and std.dev: (347.11, 363.91)
[M::mem_pestat] low and high boundaries for proper pairs: (1, 3564)
[M::mem_pestat] skip orientation FF
[M::mem_pestat] skip orientation RF
[M::mem_pestat] skip orientation RR
[M::mem_process_seqs] Processed 1456854 reads in 470.031 CPU sec, 50.509 real sec
[M::mem_pestat] # candidate unique pairs for (FF, FR, RF, RR): (41, 557833, 108, 43)
[M::mem_pestat] analyzing insert size distribution for orientation FF...
[M::mem_pestat] (25, 50, 75) percentile: (212, 323, 578)
[M::mem_pestat] low and high boundaries for computing mean and std.dev: (1, 1310)
[M::mem_pestat] mean and std.dev: (342.82, 215.68)
[M::mem_pestat] low and high boundaries for proper pairs: (1, 1676)
[M::mem_pestat] analyzing insert size distribution for orientation FR...
[M::mem_pestat] (25, 50, 75) percentile: (210, 278, 365)
[M::mem_pestat] low and high boundaries for computing mean and std.dev: (1, 675)
[M::mem_pestat] mean and std.dev: (295.25, 112.48)
[M::mem_pestat] low and high boundaries for proper pairs: (1, 830)
[M::mem_pestat] analyzing insert size distribution for orientation RF...
[M::mem_pestat] (25, 50, 75) percentile: (87, 328, 3088)
[M::mem_pestat] low and high boundaries for computing mean and std.dev: (1, 9090)
[M::mem_pestat] mean and std.dev: (1612.94, 2337.36)
[M::mem_pestat] low and high boundaries for proper pairs: (1, 12091)
[M::mem_pestat] analyzing insert size distribution for orientation RR...
[M::mem_pestat] (25, 50, 75) percentile: (149, 264, 462)
[M::mem_pestat] low and high boundaries for computing mean and std.dev: (1, 1088)
[M::mem_pestat] mean and std.dev: (280.70, 204.52)
[M::mem_pestat] low and high boundaries for proper pairs: (1, 1401)
[M::mem_pestat] skip orientation FF
[M::mem_pestat] skip orientation RF
[M::mem_pestat] skip orientation RR
[M::process] read 1454770 sequences (200000019 bp)...
[M::mem_process_seqs] Processed 1452414 reads in 431.107 CPU sec, 46.767 real sec
[M::process] read 1459054 sequences (200000074 bp)...
[M::mem_pestat] # candidate unique pairs for (FF, FR, RF, RR): (35, 557116, 131, 34)
[M::mem_pestat] analyzing insert size distribution for orientation FF...
[M::mem_pestat] (25, 50, 75) percentile: (228, 373, 690)
[M::mem_pestat] low and high boundaries for computing mean and std.dev: (1, 1614)
[M::mem_pestat] mean and std.dev: (402.81, 263.22)
[M::mem_pestat] low and high boundaries for proper pairs: (1, 2076)
[M::mem_pestat] analyzing insert size distribution for orientation FR...
[M::mem_pestat] (25, 50, 75) percentile: (210, 279, 365)
[M::mem_pestat] low and high boundaries for computing mean and std.dev: (1, 675)
[M::mem_pestat] mean and std.dev: (295.46, 112.35)
[M::mem_pestat] low and high boundaries for proper pairs: (1, 830)
[M::mem_pestat] analyzing insert size distribution for orientation RF...
[M::mem_pestat] (25, 50, 75) percentile: (76, 410, 3089)
[M::mem_pestat] low and high boundaries for computing mean and std.dev: (1, 9115)
[M::mem_pestat] mean and std.dev: (1724.30, 2490.92)
[M::mem_pestat] low and high boundaries for proper pairs: (1, 12128)
[M::mem_pestat] analyzing insert size distribution for orientation RR...
[M::mem_pestat] (25, 50, 75) percentile: (112, 199, 1197)
[M::mem_pestat] low and high boundaries for computing mean and std.dev: (1, 3367)
[M::mem_pestat] mean and std.dev: (512.42, 571.10)
[M::mem_pestat] low and high boundaries for proper pairs: (1, 4452)
[M::mem_pestat] skip orientation FF
[M::mem_pestat] skip orientation RF
[M::mem_pestat] skip orientation RR
[M::mem_process_seqs] Processed 1454770 reads in 443.071 CPU sec, 47.864 real sec
[M::process] read 1459486 sequences (200000197 bp)...
[M::mem_pestat] # candidate unique pairs for (FF, FR, RF, RR): (35, 559106, 103, 41)
[M::mem_pestat] analyzing insert size distribution for orientation FF...
[M::mem_pestat] (25, 50, 75) percentile: (251, 391, 959)
[M::mem_pestat] low and high boundaries for computing mean and std.dev: (1, 2375)
[M::mem_pestat] mean and std.dev: (447.41, 385.83)
[M::mem_pestat] low and high boundaries for proper pairs: (1, 3083)
[M::mem_pestat] analyzing insert size distribution for orientation FR...
[M::mem_pestat] (25, 50, 75) percentile: (207, 275, 359)
[M::mem_pestat] low and high boundaries for computing mean and std.dev: (1, 663)
[M::mem_pestat] mean and std.dev: (291.08, 109.84)
[M::mem_pestat] low and high boundaries for proper pairs: (1, 815)
[M::mem_pestat] analyzing insert size distribution for orientation RF...
[M::mem_pestat] (25, 50, 75) percentile: (68, 333, 3073)
[M::mem_pestat] low and high boundaries for computing mean and std.dev: (1, 9083)
[M::mem_pestat] mean and std.dev: (1476.53, 2208.90)
[M::mem_pestat] low and high boundaries for proper pairs: (1, 12088)
[M::mem_pestat] analyzing insert size distribution for orientation RR...
[M::mem_pestat] (25, 50, 75) percentile: (149, 445, 2198)
[M::mem_pestat] low and high boundaries for computing mean and std.dev: (1, 6296)
[M::mem_pestat] mean and std.dev: (957.10, 1015.17)
[M::mem_pestat] low and high boundaries for proper pairs: (1, 8345)
[M::mem_pestat] skip orientation FF
[M::mem_pestat] skip orientation RF
[M::mem_pestat] skip orientation RR
[M::mem_process_seqs] Processed 1459054 reads in 442.805 CPU sec, 47.856 real sec
[M::mem_pestat] # candidate unique pairs for (FF, FR, RF, RR): (31, 557911, 125, 38)
[M::mem_pestat] analyzing insert size distribution for orientation FF...
[M::mem_pestat] (25, 50, 75) percentile: (240, 296, 599)
[M::mem_pestat] low and high boundaries for computing mean and std.dev: (1, 1317)
[M::mem_pestat] mean and std.dev: (410.60, 289.84)
[M::mem_pestat] low and high boundaries for proper pairs: (1, 1676)
[M::mem_pestat] analyzing insert size distribution for orientation FR...
[M::mem_pestat] (25, 50, 75) percentile: (208, 275, 361)
[M::mem_pestat] low and high boundaries for computing mean and std.dev: (1, 667)
[M::mem_pestat] mean and std.dev: (292.00, 110.47)
[M::mem_pestat] low and high boundaries for proper pairs: (1, 820)
[M::mem_pestat] analyzing insert size distribution for orientation RF...
[M::mem_pestat] (25, 50, 75) percentile: (59, 263, 1708)
[M::mem_pestat] low and high boundaries for computing mean and std.dev: (1, 5006)
[M::mem_pestat] mean and std.dev: (749.31, 1074.22)
[M::mem_pestat] low and high boundaries for proper pairs: (1, 6655)
[M::mem_pestat] analyzing insert size distribution for orientation RR...
[M::mem_pestat] (25, 50, 75) percentile: (181, 355, 1361)
[M::mem_pestat] low and high boundaries for computing mean and std.dev: (1, 3721)
[M::mem_pestat] mean and std.dev: (611.56, 705.15)
[M::mem_pestat] low and high boundaries for proper pairs: (1, 4901)
[M::mem_pestat] skip orientation FF
[M::mem_pestat] skip orientation RF
[M::mem_pestat] skip orientation RR
[M::process] read 1461038 sequences (200000172 bp)...
[M::mem_process_seqs] Processed 1459486 reads in 500.331 CPU sec, 53.663 real sec
[M::process] read 1455772 sequences (200000207 bp)...
[M::mem_pestat] # candidate unique pairs for (FF, FR, RF, RR): (39, 560940, 107, 41)
[M::mem_pestat] analyzing insert size distribution for orientation FF...
[M::mem_pestat] (25, 50, 75) percentile: (211, 329, 1018)
[M::mem_pestat] low and high boundaries for computing mean and std.dev: (1, 2632)
[M::mem_pestat] mean and std.dev: (541.47, 582.21)
[M::mem_pestat] low and high boundaries for proper pairs: (1, 3439)
[M::mem_pestat] analyzing insert size distribution for orientation FR...
[M::mem_pestat] (25, 50, 75) percentile: (210, 278, 365)
[M::mem_pestat] low and high boundaries for computing mean and std.dev: (1, 675)
[M::mem_pestat] mean and std.dev: (294.86, 111.94)
[M::mem_pestat] low and high boundaries for proper pairs: (1, 830)
[M::mem_pestat] analyzing insert size distribution for orientation RF...
[M::mem_pestat] (25, 50, 75) percentile: (45, 217, 1481)
[M::mem_pestat] low and high boundaries for computing mean and std.dev: (1, 4353)
[M::mem_pestat] mean and std.dev: (613.68, 956.07)
[M::mem_pestat] low and high boundaries for proper pairs: (1, 5789)
[M::mem_pestat] analyzing insert size distribution for orientation RR...
[M::mem_pestat] (25, 50, 75) percentile: (152, 274, 696)
[M::mem_pestat] low and high boundaries for computing mean and std.dev: (1, 1784)
[M::mem_pestat] mean and std.dev: (361.51, 356.28)
[M::mem_pestat] low and high boundaries for proper pairs: (1, 2328)
[M::mem_pestat] skip orientation FF
[M::mem_pestat] skip orientation RF
[M::mem_pestat] skip orientation RR
[M::mem_process_seqs] Processed 1461038 reads in 500.133 CPU sec, 53.713 real sec
[M::process] read 563620 sequences (77401666 bp)...
[M::mem_pestat] # candidate unique pairs for (FF, FR, RF, RR): (38, 558404, 112, 42)
[M::mem_pestat] analyzing insert size distribution for orientation FF...
[M::mem_pestat] (25, 50, 75) percentile: (222, 353, 517)
[M::mem_pestat] low and high boundaries for computing mean and std.dev: (1, 1107)
[M::mem_pestat] mean and std.dev: (306.68, 145.97)
[M::mem_pestat] low and high boundaries for proper pairs: (1, 1402)
[M::mem_pestat] analyzing insert size distribution for orientation FR...
[M::mem_pestat] (25, 50, 75) percentile: (209, 278, 365)
[M::mem_pestat] low and high boundaries for computing mean and std.dev: (1, 677)
[M::mem_pestat] mean and std.dev: (294.85, 112.11)
[M::mem_pestat] low and high boundaries for proper pairs: (1, 833)
[M::mem_pestat] analyzing insert size distribution for orientation RF...
[M::mem_pestat] (25, 50, 75) percentile: (105, 432, 2975)
[M::mem_pestat] low and high boundaries for computing mean and std.dev: (1, 8715)
[M::mem_pestat] mean and std.dev: (1444.73, 1963.66)
[M::mem_pestat] low and high boundaries for proper pairs: (1, 11585)
[M::mem_pestat] analyzing insert size distribution for orientation RR...
[M::mem_pestat] (25, 50, 75) percentile: (149, 271, 500)
[M::mem_pestat] low and high boundaries for computing mean and std.dev: (1, 1202)
[M::mem_pestat] mean and std.dev: (294.81, 242.92)
[M::mem_pestat] low and high boundaries for proper pairs: (1, 1553)
[M::mem_pestat] skip orientation FF
[M::mem_pestat] skip orientation RF
[M::mem_pestat] skip orientation RR
[M::mem_process_seqs] Processed 1455772 reads in 440.745 CPU sec, 47.804 real sec
[M::mem_pestat] # candidate unique pairs for (FF, FR, RF, RR): (15, 216245, 32, 13)
[M::mem_pestat] analyzing insert size distribution for orientation FF...
[M::mem_pestat] (25, 50, 75) percentile: (268, 411, 1059)
[M::mem_pestat] low and high boundaries for computing mean and std.dev: (1, 2641)
[M::mem_pestat] mean and std.dev: (454.38, 348.62)
[M::mem_pestat] low and high boundaries for proper pairs: (1, 3432)
[M::mem_pestat] analyzing insert size distribution for orientation FR...
[M::mem_pestat] (25, 50, 75) percentile: (209, 277, 363)
[M::mem_pestat] low and high boundaries for computing mean and std.dev: (1, 671)
[M::mem_pestat] mean and std.dev: (293.69, 110.99)
[M::mem_pestat] low and high boundaries for proper pairs: (1, 825)
[M::mem_pestat] analyzing insert size distribution for orientation RF...
[M::mem_pestat] (25, 50, 75) percentile: (40, 224, 1631)
[M::mem_pestat] low and high boundaries for computing mean and std.dev: (1, 4813)
[M::mem_pestat] mean and std.dev: (592.83, 906.21)
[M::mem_pestat] low and high boundaries for proper pairs: (1, 6404)
[M::mem_pestat] analyzing insert size distribution for orientation RR...
[M::mem_pestat] (25, 50, 75) percentile: (205, 366, 593)
[M::mem_pestat] low and high boundaries for computing mean and std.dev: (1, 1369)
[M::mem_pestat] mean and std.dev: (305.64, 156.55)
[M::mem_pestat] low and high boundaries for proper pairs: (1, 1757)
[M::mem_pestat] skip orientation FF
[M::mem_pestat] skip orientation RF
[M::mem_pestat] skip orientation RR
[M::mem_process_seqs] Processed 563620 reads in 162.799 CPU sec, 18.127 real sec
[main] Version: 0.7.17-r1188
samblaster: Marked 5041753 of 32890496 (15.33%) read ids as duplicates[main] CMD: bwa using 512556k memory in  mem1M -t19S 20(78.605S) -R CPU seconds and  @RG\tID:WB_LO_19T_188\tPL:ILLUMINA\tPU:HJMFJDSX7.1\tSM:WB_LO_19T_188\tCN:MCGILL\tBC:TATGTAGTCA-CATTAGTGCG38M /storage/scratch/iee/dj20y461/Stickleback/G_aculeatus/FITNESS//data/ref_A_X/stickleback_v5_assembly_A_X.fasta7S /storage/scratch/iee/dj20y461/Stickleback/G_aculeatus/FITNESS//data/trimmed/WB_LO_19T_188.R1.trimmed.fastq.gz(2287S) /storage/scratch/iee/dj20y461/Stickleback/G_aculeatus/FITNESS//data/trimmed/WB_LO_19T_188.R2.trimmed.fastq.gz wall time.

[main] Real time: 2286.744 sec; CPU: 19648.723 sec
[bam_sort_core] merging from 20 files and 20 in-memory blocks...
