samblaster: Version 0.1.24
samblaster: Inputting from stdin
samblaster: Outputting to stdout
[M::bwa_idx_load_from_disk] read 0 ALT contigs
[M::process] read 1445970 sequences (200000188 bp)...
[M::mem_pestat] # candidate unique pairs for (FF, FR, RF, RR): (44, 558471, 102, 26)
[M::mem_pestat] analyzing insert size distribution for orientation FF...
[M::mem_pestat] (25, 50, 75) percentile: (150, 311, 1196)
[M::mem_pestat] low and high boundaries for computing mean and std.dev: (1, 3288)
[M::mem_pestat] mean and std.dev: (561.50, 649.63)
[M::mem_pestat] low and high boundaries for proper pairs: (1, 4334)
[M::mem_pestat] analyzing insert size distribution for orientation FR...
[M::mem_pestat] (25, 50, 75) percentile: (194, 254, 329)
[M::mem_pestat] low and high boundaries for computing mean and std.dev: (1, 599)
[M::mem_pestat] mean and std.dev: (268.22, 97.01)
[M::mem_pestat] low and high boundaries for proper pairs: (1, 734)
[M::mem_pestat] analyzing insert size distribution for orientation RF...
[M::mem_pestat] (25, 50, 75) percentile: (124, 415, 2529)
[M::mem_pestat] low and high boundaries for computing mean and std.dev: (1, 7339)
[M::mem_pestat] mean and std.dev: (1138.54, 1748.86)
[M::mem_pestat] low and high boundaries for proper pairs: (1, 9744)
[M::mem_pestat] analyzing insert size distribution for orientation RR...
[M::mem_pestat] (25, 50, 75) percentile: (134, 245, 307)
[M::mem_pestat] low and high boundaries for computing mean and std.dev: (1, 653)
[M::mem_pestat] mean and std.dev: (238.33, 127.08)
[M::mem_pestat] low and high boundaries for proper pairs: (1, 826)
[M::mem_pestat] skip orientation FF
[M::mem_pestat] skip orientation RF
[M::mem_pestat] skip orientation RR
[M::mem_process_seqs] Processed 1445970 reads in 450.980 CPU sec, 107.093 real sec
samblaster: Loaded 23 header sequence entries.
[M::process] read 1442672 sequences (200000172 bp)...
[M::process] read 1443932 sequences (200000066 bp)...
[M::mem_pestat] # candidate unique pairs for (FF, FR, RF, RR): (34, 556192, 114, 32)
[M::mem_pestat] analyzing insert size distribution for orientation FF...
[M::mem_pestat] (25, 50, 75) percentile: (202, 313, 433)
[M::mem_pestat] low and high boundaries for computing mean and std.dev: (1, 895)
[M::mem_pestat] mean and std.dev: (300.78, 156.37)
[M::mem_pestat] low and high boundaries for proper pairs: (1, 1126)
[M::mem_pestat] analyzing insert size distribution for orientation FR...
[M::mem_pestat] (25, 50, 75) percentile: (194, 255, 331)
[M::mem_pestat] low and high boundaries for computing mean and std.dev: (1, 605)
[M::mem_pestat] mean and std.dev: (269.69, 97.87)
[M::mem_pestat] low and high boundaries for proper pairs: (1, 742)
[M::mem_pestat] analyzing insert size distribution for orientation RF...
[M::mem_pestat] (25, 50, 75) percentile: (84, 263, 2022)
[M::mem_pestat] low and high boundaries for computing mean and std.dev: (1, 5898)
[M::mem_pestat] mean and std.dev: (1060.44, 1502.31)
[M::mem_pestat] low and high boundaries for proper pairs: (1, 7836)
[M::mem_pestat] analyzing insert size distribution for orientation RR...
[M::mem_pestat] (25, 50, 75) percentile: (107, 200, 469)
[M::mem_pestat] low and high boundaries for computing mean and std.dev: (1, 1193)
[M::mem_pestat] mean and std.dev: (252.83, 187.82)
[M::mem_pestat] low and high boundaries for proper pairs: (1, 1555)
[M::mem_pestat] skip orientation FF
[M::mem_pestat] skip orientation RF
[M::mem_pestat] skip orientation RR
[M::mem_process_seqs] Processed 1442672 reads in 427.673 CPU sec, 47.050 real sec
[M::process] read 1442678 sequences (200000131 bp)...
[M::mem_pestat] # candidate unique pairs for (FF, FR, RF, RR): (36, 557566, 101, 28)
[M::mem_pestat] analyzing insert size distribution for orientation FF...
[M::mem_pestat] (25, 50, 75) percentile: (194, 365, 1113)
[M::mem_pestat] low and high boundaries for computing mean and std.dev: (1, 2951)
[M::mem_pestat] mean and std.dev: (494.44, 443.10)
[M::mem_pestat] low and high boundaries for proper pairs: (1, 3870)
[M::mem_pestat] analyzing insert size distribution for orientation FR...
[M::mem_pestat] (25, 50, 75) percentile: (194, 255, 331)
[M::mem_pestat] low and high boundaries for computing mean and std.dev: (1, 605)
[M::mem_pestat] mean and std.dev: (269.67, 98.01)
[M::mem_pestat] low and high boundaries for proper pairs: (1, 742)
[M::mem_pestat] analyzing insert size distribution for orientation RF...
[M::mem_pestat] (25, 50, 75) percentile: (76, 361, 3677)
[M::mem_pestat] low and high boundaries for computing mean and std.dev: (1, 10879)
[M::mem_pestat] mean and std.dev: (2079.67, 2865.18)
[M::mem_pestat] low and high boundaries for proper pairs: (1, 14480)
[M::mem_pestat] analyzing insert size distribution for orientation RR...
[M::mem_pestat] (25, 50, 75) percentile: (126, 290, 1381)
[M::mem_pestat] low and high boundaries for computing mean and std.dev: (1, 3891)
[M::mem_pestat] mean and std.dev: (424.25, 447.17)
[M::mem_pestat] low and high boundaries for proper pairs: (1, 5146)
[M::mem_pestat] skip orientation FF
[M::mem_pestat] skip orientation RF
[M::mem_pestat] skip orientation RR
[M::mem_process_seqs] Processed 1443932 reads in 428.357 CPU sec, 48.358 real sec
[M::process] read 1445638 sequences (200000215 bp)...
[M::mem_pestat] # candidate unique pairs for (FF, FR, RF, RR): (29, 556714, 124, 15)
[M::mem_pestat] analyzing insert size distribution for orientation FF...
[M::mem_pestat] (25, 50, 75) percentile: (139, 346, 571)
[M::mem_pestat] low and high boundaries for computing mean and std.dev: (1, 1435)
[M::mem_pestat] mean and std.dev: (387.00, 324.41)
[M::mem_pestat] low and high boundaries for proper pairs: (1, 1867)
[M::mem_pestat] analyzing insert size distribution for orientation FR...
[M::mem_pestat] (25, 50, 75) percentile: (195, 256, 333)
[M::mem_pestat] low and high boundaries for computing mean and std.dev: (1, 609)
[M::mem_pestat] mean and std.dev: (271.37, 98.84)
[M::mem_pestat] low and high boundaries for proper pairs: (1, 747)
[M::mem_pestat] analyzing insert size distribution for orientation RF...
[M::mem_pestat] (25, 50, 75) percentile: (100, 419, 2438)
[M::mem_pestat] low and high boundaries for computing mean and std.dev: (1, 7114)
[M::mem_pestat] mean and std.dev: (1298.99, 1792.03)
[M::mem_pestat] low and high boundaries for proper pairs: (1, 9452)
[M::mem_pestat] analyzing insert size distribution for orientation RR...
[M::mem_pestat] (25, 50, 75) percentile: (223, 414, 1056)
[M::mem_pestat] low and high boundaries for computing mean and std.dev: (1, 2722)
[M::mem_pestat] mean and std.dev: (568.54, 542.64)
[M::mem_pestat] low and high boundaries for proper pairs: (1, 3555)
[M::mem_pestat] skip orientation FF
[M::mem_pestat] skip orientation RF
[M::mem_pestat] skip orientation RR
[M::mem_process_seqs] Processed 1442678 reads in 428.636 CPU sec, 47.929 real sec
[M::process] read 1442752 sequences (200000246 bp)...
[M::mem_pestat] # candidate unique pairs for (FF, FR, RF, RR): (39, 556423, 93, 22)
[M::mem_pestat] analyzing insert size distribution for orientation FF...
[M::mem_pestat] (25, 50, 75) percentile: (205, 316, 765)
[M::mem_pestat] low and high boundaries for computing mean and std.dev: (1, 1885)
[M::mem_pestat] mean and std.dev: (332.22, 226.69)
[M::mem_pestat] low and high boundaries for proper pairs: (1, 2445)
[M::mem_pestat] analyzing insert size distribution for orientation FR...
[M::mem_pestat] (25, 50, 75) percentile: (194, 255, 331)
[M::mem_pestat] low and high boundaries for computing mean and std.dev: (1, 605)
[M::mem_pestat] mean and std.dev: (269.66, 97.84)
[M::mem_pestat] low and high boundaries for proper pairs: (1, 742)
[M::mem_pestat] analyzing insert size distribution for orientation RF...
[M::mem_pestat] (25, 50, 75) percentile: (148, 254, 2059)
[M::mem_pestat] low and high boundaries for computing mean and std.dev: (1, 5881)
[M::mem_pestat] mean and std.dev: (1098.41, 1595.12)
[M::mem_pestat] low and high boundaries for proper pairs: (1, 7792)
[M::mem_pestat] analyzing insert size distribution for orientation RR...
[M::mem_pestat] (25, 50, 75) percentile: (208, 326, 648)
[M::mem_pestat] low and high boundaries for computing mean and std.dev: (1, 1528)
[M::mem_pestat] mean and std.dev: (392.21, 311.07)
[M::mem_pestat] low and high boundaries for proper pairs: (1, 1968)
[M::mem_pestat] skip orientation FF
[M::mem_pestat] skip orientation RF
[M::mem_pestat] skip orientation RR
[M::mem_process_seqs] Processed 1445638 reads in 432.710 CPU sec, 48.633 real sec
[M::mem_pestat] # candidate unique pairs for (FF, FR, RF, RR): (25, 557566, 86, 35)
[M::mem_pestat] analyzing insert size distribution for orientation FF...
[M::mem_pestat] (25, 50, 75) percentile: (229, 294, 1197)
[M::mem_pestat] low and high boundaries for computing mean and std.dev: (1, 3133)
[M::mem_pestat] mean and std.dev: (451.90, 600.03)
[M::mem_pestat] low and high boundaries for proper pairs: (1, 4101)
[M::mem_pestat] analyzing insert size distribution for orientation FR...
[M::mem_pestat] (25, 50, 75) percentile: (195, 256, 333)
[M::mem_pestat] low and high boundaries for computing mean and std.dev: (1, 609)
[M::mem_pestat] mean and std.dev: (270.85, 98.74)
[M::mem_pestat] low and high boundaries for proper pairs: (1, 747)
[M::mem_pestat] analyzing insert size distribution for orientation RF...
[M::mem_pestat] (25, 50, 75) percentile: (51, 405, 2475)
[M::mem_pestat] low and high boundaries for computing mean and std.dev: (1, 7323)
[M::mem_pestat] mean and std.dev: (1280.85, 1800.63)
[M::mem_pestat] low and high boundaries for proper pairs: (1, 9747)
[M::mem_pestat] analyzing insert size distribution for orientation RR...
[M::mem_pestat] (25, 50, 75) percentile: (142, 284, 525)
[M::mem_pestat] low and high boundaries for computing mean and std.dev: (1, 1291)
[M::mem_pestat] mean and std.dev: (277.52, 206.87)
[M::mem_pestat] low and high boundaries for proper pairs: (1, 1674)
[M::mem_pestat] skip orientation FF
[M::mem_pestat] skip orientation RF
[M::mem_pestat] skip orientation RR
[M::process] read 1441832 sequences (200000048 bp)...
[M::mem_process_seqs] Processed 1442752 reads in 426.256 CPU sec, 46.293 real sec
[M::process] read 1446014 sequences (200000174 bp)...
[M::mem_pestat] # candidate unique pairs for (FF, FR, RF, RR): (33, 555484, 94, 27)
[M::mem_pestat] analyzing insert size distribution for orientation FF...
[M::mem_pestat] (25, 50, 75) percentile: (259, 480, 995)
[M::mem_pestat] low and high boundaries for computing mean and std.dev: (1, 2467)
[M::mem_pestat] mean and std.dev: (570.67, 442.60)
[M::mem_pestat] low and high boundaries for proper pairs: (1, 3203)
[M::mem_pestat] analyzing insert size distribution for orientation FR...
[M::mem_pestat] (25, 50, 75) percentile: (195, 256, 333)
[M::mem_pestat] low and high boundaries for computing mean and std.dev: (1, 609)
[M::mem_pestat] mean and std.dev: (271.08, 98.71)
[M::mem_pestat] low and high boundaries for proper pairs: (1, 747)
[M::mem_pestat] analyzing insert size distribution for orientation RF...
[M::mem_pestat] (25, 50, 75) percentile: (61, 285, 1560)
[M::mem_pestat] low and high boundaries for computing mean and std.dev: (1, 4558)
[M::mem_pestat] mean and std.dev: (701.98, 1084.62)
[M::mem_pestat] low and high boundaries for proper pairs: (1, 6057)
[M::mem_pestat] analyzing insert size distribution for orientation RR...
[M::mem_pestat] (25, 50, 75) percentile: (121, 187, 527)
[M::mem_pestat] low and high boundaries for computing mean and std.dev: (1, 1339)
[M::mem_pestat] mean and std.dev: (276.71, 260.98)
[M::mem_pestat] low and high boundaries for proper pairs: (1, 1745)
[M::mem_pestat] skip orientation FF
[M::mem_pestat] skip orientation RF
[M::mem_pestat] skip orientation RR
[M::mem_process_seqs] Processed 1441832 reads in 434.870 CPU sec, 48.334 real sec
[M::mem_pestat] # candidate unique pairs for (FF, FR, RF, RR): (35, 557691, 104, 23)
[M::mem_pestat] analyzing insert size distribution for orientation FF...
[M::mem_pestat] (25, 50, 75) percentile: (242, 460, 2848)
[M::mem_pestat] low and high boundaries for computing mean and std.dev: (1, 8060)
[M::mem_pestat] mean and std.dev: (1438.38, 2083.10)
[M::mem_pestat] low and high boundaries for proper pairs: (1, 10666)
[M::mem_pestat] analyzing insert size distribution for orientation FR...
[M::mem_pestat] (25, 50, 75) percentile: (194, 255, 331)
[M::mem_pestat] low and high boundaries for computing mean and std.dev: (1, 605)
[M::mem_pestat] mean and std.dev: (269.39, 97.93)
[M::mem_pestat] low and high boundaries for proper pairs: (1, 742)
[M::mem_pestat] analyzing insert size distribution for orientation RF...
[M::mem_pestat] (25, 50, 75) percentile: (53, 187, 1672)
[M::mem_pestat] low and high boundaries for computing mean and std.dev: (1, 4910)
[M::mem_pestat] mean and std.dev: (714.14, 1103.57)
[M::mem_pestat] low and high boundaries for proper pairs: (1, 6529)
[M::mem_pestat] analyzing insert size distribution for orientation RR...
[M::mem_pestat] (25, 50, 75) percentile: (231, 284, 686)
[M::mem_pestat] low and high boundaries for computing mean and std.dev: (1, 1596)
[M::mem_pestat] mean and std.dev: (416.76, 295.58)
[M::mem_pestat] low and high boundaries for proper pairs: (1, 2051)
[M::mem_pestat] skip orientation FF
[M::mem_pestat] skip orientation RF
[M::mem_pestat] skip orientation RR
[M::process] read 1442272 sequences (200000272 bp)...
[M::mem_process_seqs] Processed 1446014 reads in 427.414 CPU sec, 46.368 real sec
[M::mem_pestat] # candidate unique pairs for (FF, FR, RF, RR): (42, 556008, 105, 27)
[M::mem_pestat] analyzing insert size distribution for orientation FF...
[M::mem_pestat] (25, 50, 75) percentile: (204, 359, 2026)
[M::mem_pestat] low and high boundaries for computing mean and std.dev: (1, 5670)
[M::mem_pestat] mean and std.dev: (900.84, 1201.17)
[M::mem_pestat] low and high boundaries for proper pairs: (1, 7492)
[M::mem_pestat] analyzing insert size distribution for orientation FR...
[M::mem_pestat] (25, 50, 75) percentile: (195, 256, 333)
[M::mem_pestat] low and high boundaries for computing mean and std.dev: (1, 609)
[M::mem_pestat] mean and std.dev: (270.85, 98.69)
[M::mem_pestat] low and high boundaries for proper pairs: (1, 747)
[M::mem_pestat] analyzing insert size distribution for orientation RF...
[M::mem_pestat] (25, 50, 75) percentile: (91, 277, 1528)
[M::mem_pestat] low and high boundaries for computing mean and std.dev: (1, 4402)
[M::mem_pestat] mean and std.dev: (743.85, 1132.49)
[M::mem_pestat] low and high boundaries for proper pairs: (1, 5839)
[M::mem_pestat] analyzing insert size distribution for orientation RR...
[M::mem_pestat] (25, 50, 75) percentile: (196, 356, 1307)
[M::mem_pestat] low and high boundaries for computing mean and std.dev: (1, 3529)
[M::mem_pestat] mean and std.dev: (460.96, 502.63)
[M::mem_pestat] low and high boundaries for proper pairs: (1, 4640)
[M::mem_pestat] skip orientation FF
[M::mem_pestat] skip orientation RF
[M::mem_pestat] skip orientation RR
[M::process] read 1445414 sequences (200000083 bp)...
[M::mem_process_seqs] Processed 1442272 reads in 432.757 CPU sec, 46.925 real sec
[M::mem_pestat] # candidate unique pairs for (FF, FR, RF, RR): (25, 557277, 95, 28)
[M::mem_pestat] analyzing insert size distribution for orientation FF...
[M::mem_pestat] (25, 50, 75) percentile: (197, 277, 1112)
[M::mem_pestat] low and high boundaries for computing mean and std.dev: (1, 2942)
[M::mem_pestat] mean and std.dev: (492.39, 505.17)
[M::mem_pestat] low and high boundaries for proper pairs: (1, 3857)
[M::mem_pestat] analyzing insert size distribution for orientation FR...
[M::mem_pestat] (25, 50, 75) percentile: (194, 254, 329)
[M::mem_pestat] low and high boundaries for computing mean and std.dev: (1, 599)
[M::mem_pestat] mean and std.dev: (268.50, 97.06)
[M::mem_pestat] low and high boundaries for proper pairs: (1, 734)
[M::mem_pestat] analyzing insert size distribution for orientation RF...
[M::mem_pestat] (25, 50, 75) percentile: (92, 383, 1886)
[M::mem_pestat] low and high boundaries for computing mean and std.dev: (1, 5474)
[M::mem_pestat] mean and std.dev: (929.97, 1364.64)
[M::mem_pestat] low and high boundaries for proper pairs: (1, 7268)
[M::mem_pestat] analyzing insert size distribution for orientation RR...
[M::mem_pestat] (25, 50, 75) percentile: (131, 232, 637)
[M::mem_pestat] low and high boundaries for computing mean and std.dev: (1, 1649)
[M::mem_pestat] mean and std.dev: (283.42, 284.36)
[M::mem_pestat] low and high boundaries for proper pairs: (1, 2155)
[M::mem_pestat] skip orientation FF
[M::mem_pestat] skip orientation RF
[M::mem_pestat] skip orientation RR
[M::process] read 1443916 sequences (200000197 bp)...
[M::mem_process_seqs] Processed 1445414 reads in 430.951 CPU sec, 47.705 real sec
[M::mem_pestat] # candidate unique pairs for (FF, FR, RF, RR): (27, 557765, 108, 21)
[M::mem_pestat] analyzing insert size distribution for orientation FF...
[M::mem_pestat] (25, 50, 75) percentile: (199, 250, 471)
[M::mem_pestat] low and high boundaries for computing mean and std.dev: (1, 1015)
[M::mem_pestat] mean and std.dev: (252.86, 122.79)
[M::mem_pestat] low and high boundaries for proper pairs: (1, 1287)
[M::mem_pestat] analyzing insert size distribution for orientation FR...
[M::mem_pestat] (25, 50, 75) percentile: (195, 255, 332)
[M::mem_pestat] low and high boundaries for computing mean and std.dev: (1, 606)
[M::mem_pestat] mean and std.dev: (270.38, 98.33)
[M::mem_pestat] low and high boundaries for proper pairs: (1, 743)
[M::mem_pestat] analyzing insert size distribution for orientation RF...
[M::mem_pestat] (25, 50, 75) percentile: (50, 321, 1880)
[M::mem_pestat] low and high boundaries for computing mean and std.dev: (1, 5540)
[M::mem_pestat] mean and std.dev: (754.48, 1174.21)
[M::mem_pestat] low and high boundaries for proper pairs: (1, 7370)
[M::mem_pestat] analyzing insert size distribution for orientation RR...
[M::mem_pestat] (25, 50, 75) percentile: (139, 298, 9076)
[M::mem_pestat] low and high boundaries for computing mean and std.dev: (1, 26950)
[M::mem_pestat] mean and std.dev: (2646.38, 3715.51)
[M::mem_pestat] low and high boundaries for proper pairs: (1, 35887)
[M::mem_pestat] skip orientation FF
[M::mem_pestat] skip orientation RF
[M::mem_pestat] skip orientation RR
[M::mem_process_seqs] Processed 1443916 reads in 434.078 CPU sec, 59.743 real sec
[M::process] read 1445090 sequences (200000162 bp)...
[M::process] read 1448388 sequences (200000056 bp)...
[M::mem_pestat] # candidate unique pairs for (FF, FR, RF, RR): (36, 557315, 97, 25)
[M::mem_pestat] analyzing insert size distribution for orientation FF...
[M::mem_pestat] (25, 50, 75) percentile: (174, 274, 643)
[M::mem_pestat] low and high boundaries for computing mean and std.dev: (1, 1581)
[M::mem_pestat] mean and std.dev: (326.39, 231.99)
[M::mem_pestat] low and high boundaries for proper pairs: (1, 2050)
[M::mem_pestat] analyzing insert size distribution for orientation FR...
[M::mem_pestat] (25, 50, 75) percentile: (194, 255, 331)
[M::mem_pestat] low and high boundaries for computing mean and std.dev: (1, 605)
[M::mem_pestat] mean and std.dev: (269.24, 97.75)
[M::mem_pestat] low and high boundaries for proper pairs: (1, 742)
[M::mem_pestat] analyzing insert size distribution for orientation RF...
[M::mem_pestat] (25, 50, 75) percentile: (135, 359, 2165)
[M::mem_pestat] low and high boundaries for computing mean and std.dev: (1, 6225)
[M::mem_pestat] mean and std.dev: (1169.80, 1557.97)
[M::mem_pestat] low and high boundaries for proper pairs: (1, 8255)
[M::mem_pestat] analyzing insert size distribution for orientation RR...
[M::mem_pestat] (25, 50, 75) percentile: (138, 235, 1137)
[M::mem_pestat] low and high boundaries for computing mean and std.dev: (1, 3135)
[M::mem_pestat] mean and std.dev: (447.50, 641.48)
[M::mem_pestat] low and high boundaries for proper pairs: (1, 4134)
[M::mem_pestat] skip orientation FF
[M::mem_pestat] skip orientation RF
[M::mem_pestat] skip orientation RR
[M::mem_process_seqs] Processed 1445090 reads in 433.649 CPU sec, 44.863 real sec
[M::mem_pestat] # candidate unique pairs for (FF, FR, RF, RR): (21, 560234, 100, 24)
[M::mem_pestat] analyzing insert size distribution for orientation FF...
[M::mem_pestat] (25, 50, 75) percentile: (165, 212, 714)
[M::mem_pestat] low and high boundaries for computing mean and std.dev: (1, 1812)
[M::mem_pestat] mean and std.dev: (320.95, 307.80)
[M::mem_pestat] low and high boundaries for proper pairs: (1, 2361)
[M::mem_pestat] analyzing insert size distribution for orientation FR...
[M::mem_pestat] (25, 50, 75) percentile: (193, 252, 327)
[M::mem_pestat] low and high boundaries for computing mean and std.dev: (1, 595)
[M::mem_pestat] mean and std.dev: (266.42, 95.85)
[M::mem_pestat] low and high boundaries for proper pairs: (1, 729)
[M::mem_pestat] analyzing insert size distribution for orientation RF...
[M::mem_pestat] (25, 50, 75) percentile: (43, 209, 1584)
[M::mem_pestat] low and high boundaries for computing mean and std.dev: (1, 4666)
[M::mem_pestat] mean and std.dev: (889.21, 1231.76)
[M::mem_pestat] low and high boundaries for proper pairs: (1, 6207)
[M::mem_pestat] analyzing insert size distribution for orientation RR...
[M::mem_pestat] (25, 50, 75) percentile: (151, 195, 409)
[M::mem_pestat] low and high boundaries for computing mean and std.dev: (1, 925)
[M::mem_pestat] mean and std.dev: (216.43, 151.01)
[M::mem_pestat] low and high boundaries for proper pairs: (1, 1183)
[M::mem_pestat] skip orientation FF
[M::mem_pestat] skip orientation RF
[M::mem_pestat] skip orientation RR
[M::process] read 1444216 sequences (200000040 bp)...
[M::mem_process_seqs] Processed 1448388 reads in 423.348 CPU sec, 45.889 real sec
[M::mem_pestat] # candidate unique pairs for (FF, FR, RF, RR): (38, 557151, 94, 14)
[M::mem_pestat] analyzing insert size distribution for orientation FF...
[M::mem_pestat] (25, 50, 75) percentile: (276, 440, 774)
[M::mem_pestat] low and high boundaries for computing mean and std.dev: (1, 1770)
[M::mem_pestat] mean and std.dev: (489.24, 330.37)
[M::mem_pestat] low and high boundaries for proper pairs: (1, 2268)
[M::mem_pestat] analyzing insert size distribution for orientation FR...
[M::mem_pestat] (25, 50, 75) percentile: (194, 254, 330)
[M::mem_pestat] low and high boundaries for computing mean and std.dev: (1, 602)
[M::mem_pestat] mean and std.dev: (268.91, 97.32)
[M::mem_pestat] low and high boundaries for proper pairs: (1, 738)
[M::mem_pestat] analyzing insert size distribution for orientation RF...
[M::mem_pestat] (25, 50, 75) percentile: (75, 282, 1598)
[M::mem_pestat] low and high boundaries for computing mean and std.dev: (1, 4644)
[M::mem_pestat] mean and std.dev: (709.64, 1101.35)
[M::mem_pestat] low and high boundaries for proper pairs: (1, 6167)
[M::mem_pestat] analyzing insert size distribution for orientation RR...
[M::mem_pestat] (25, 50, 75) percentile: (118, 184, 547)
[M::mem_pestat] low and high boundaries for computing mean and std.dev: (1, 1405)
[M::mem_pestat] mean and std.dev: (244.25, 177.48)
[M::mem_pestat] low and high boundaries for proper pairs: (1, 1834)
[M::mem_pestat] skip orientation FF
[M::mem_pestat] skip orientation RF
[M::mem_pestat] skip orientation RR
[M::process] read 1480902 sequences (200000201 bp)...
[M::mem_process_seqs] Processed 1444216 reads in 429.095 CPU sec, 46.464 real sec
[M::process] read 1458338 sequences (200000004 bp)...
[M::mem_pestat] # candidate unique pairs for (FF, FR, RF, RR): (36, 550493, 104, 16)
[M::mem_pestat] analyzing insert size distribution for orientation FF...
[M::mem_pestat] (25, 50, 75) percentile: (169, 266, 555)
[M::mem_pestat] low and high boundaries for computing mean and std.dev: (1, 1327)
[M::mem_pestat] mean and std.dev: (276.19, 178.03)
[M::mem_pestat] low and high boundaries for proper pairs: (1, 1713)
[M::mem_pestat] analyzing insert size distribution for orientation FR...
[M::mem_pestat] (25, 50, 75) percentile: (194, 254, 330)
[M::mem_pestat] low and high boundaries for computing mean and std.dev: (1, 602)
[M::mem_pestat] mean and std.dev: (268.61, 97.22)
[M::mem_pestat] low and high boundaries for proper pairs: (1, 738)
[M::mem_pestat] analyzing insert size distribution for orientation RF...
[M::mem_pestat] (25, 50, 75) percentile: (79, 213, 1522)
[M::mem_pestat] low and high boundaries for computing mean and std.dev: (1, 4408)
[M::mem_pestat] mean and std.dev: (573.69, 861.51)
[M::mem_pestat] low and high boundaries for proper pairs: (1, 5851)
[M::mem_pestat] analyzing insert size distribution for orientation RR...
[M::mem_pestat] (25, 50, 75) percentile: (224, 332, 437)
[M::mem_pestat] low and high boundaries for computing mean and std.dev: (1, 863)
[M::mem_pestat] mean and std.dev: (269.23, 120.76)
[M::mem_pestat] low and high boundaries for proper pairs: (1, 1076)
[M::mem_pestat] skip orientation FF
[M::mem_pestat] skip orientation RF
[M::mem_pestat] skip orientation RR
[M::mem_process_seqs] Processed 1480902 reads in 536.115 CPU sec, 63.520 real sec
[M::process] read 1464854 sequences (200000113 bp)...
[M::mem_pestat] # candidate unique pairs for (FF, FR, RF, RR): (29, 557459, 105, 34)
[M::mem_pestat] analyzing insert size distribution for orientation FF...
[M::mem_pestat] (25, 50, 75) percentile: (150, 263, 1041)
[M::mem_pestat] low and high boundaries for computing mean and std.dev: (1, 2823)
[M::mem_pestat] mean and std.dev: (360.08, 502.29)
[M::mem_pestat] low and high boundaries for proper pairs: (1, 3714)
[M::mem_pestat] analyzing insert size distribution for orientation FR...
[M::mem_pestat] (25, 50, 75) percentile: (195, 256, 333)
[M::mem_pestat] low and high boundaries for computing mean and std.dev: (1, 609)
[M::mem_pestat] mean and std.dev: (270.80, 98.63)
[M::mem_pestat] low and high boundaries for proper pairs: (1, 747)
[M::mem_pestat] analyzing insert size distribution for orientation RF...
[M::mem_pestat] (25, 50, 75) percentile: (63, 223, 1196)
[M::mem_pestat] low and high boundaries for computing mean and std.dev: (1, 3462)
[M::mem_pestat] mean and std.dev: (410.07, 642.72)
[M::mem_pestat] low and high boundaries for proper pairs: (1, 4595)
[M::mem_pestat] analyzing insert size distribution for orientation RR...
[M::mem_pestat] (25, 50, 75) percentile: (100, 184, 673)
[M::mem_pestat] low and high boundaries for computing mean and std.dev: (1, 1819)
[M::mem_pestat] mean and std.dev: (340.39, 341.84)
[M::mem_pestat] low and high boundaries for proper pairs: (1, 2392)
[M::mem_pestat] skip orientation FF
[M::mem_pestat] skip orientation RF
[M::mem_pestat] skip orientation RR
[M::mem_process_seqs] Processed 1458338 reads in 496.533 CPU sec, 54.530 real sec
[M::mem_pestat] # candidate unique pairs for (FF, FR, RF, RR): (25, 560476, 120, 37)
[M::mem_pestat] analyzing insert size distribution for orientation FF...
[M::mem_pestat] (25, 50, 75) percentile: (225, 305, 471)
[M::mem_pestat] low and high boundaries for computing mean and std.dev: (1, 963)
[M::mem_pestat] mean and std.dev: (353.58, 206.05)
[M::mem_pestat] low and high boundaries for proper pairs: (1, 1209)
[M::mem_pestat] analyzing insert size distribution for orientation FR...
[M::mem_pestat] (25, 50, 75) percentile: (195, 256, 332)
[M::mem_pestat] low and high boundaries for computing mean and std.dev: (1, 606)
[M::mem_pestat] mean and std.dev: (270.38, 98.28)
[M::mem_pestat] low and high boundaries for proper pairs: (1, 743)
[M::mem_pestat] analyzing insert size distribution for orientation RF...
[M::mem_pestat] (25, 50, 75) percentile: (141, 441, 2433)
[M::mem_pestat] low and high boundaries for computing mean and std.dev: (1, 7017)
[M::mem_pestat] mean and std.dev: (1313.51, 1797.48)
[M::mem_pestat] low and high boundaries for proper pairs: (1, 9309)
[M::mem_pestat] analyzing insert size distribution for orientation RR...
[M::mem_pestat] (25, 50, 75) percentile: (162, 257, 1672)
[M::mem_pestat] low and high boundaries for computing mean and std.dev: (1, 4692)
[M::mem_pestat] mean and std.dev: (1012.89, 1301.23)
[M::mem_pestat] low and high boundaries for proper pairs: (1, 6218)
[M::mem_pestat] skip orientation FF
[M::mem_pestat] skip orientation RF
[M::mem_pestat] skip orientation RR
[M::process] read 1450092 sequences (200000082 bp)...
[M::mem_process_seqs] Processed 1464854 reads in 446.729 CPU sec, 48.301 real sec
[M::mem_pestat] # candidate unique pairs for (FF, FR, RF, RR): (31, 557422, 94, 17)
[M::mem_pestat] analyzing insert size distribution for orientation FF...
[M::mem_pestat] (25, 50, 75) percentile: (172, 229, 390)
[M::mem_pestat] low and high boundaries for computing mean and std.dev: (1, 826)
[M::mem_pestat] mean and std.dev: (252.15, 136.18)
[M::mem_pestat] low and high boundaries for proper pairs: (1, 1044)
[M::mem_pestat] analyzing insert size distribution for orientation FR...
[M::mem_pestat] (25, 50, 75) percentile: (195, 257, 334)
[M::mem_pestat] low and high boundaries for computing mean and std.dev: (1, 612)
[M::mem_pestat] mean and std.dev: (272.01, 99.22)
[M::mem_pestat] low and high boundaries for proper pairs: (1, 751)
[M::mem_pestat] analyzing insert size distribution for orientation RF...
[M::mem_pestat] (25, 50, 75) percentile: (82, 232, 1540)
[M::mem_pestat] low and high boundaries for computing mean and std.dev: (1, 4456)
[M::mem_pestat] mean and std.dev: (719.67, 1064.82)
[M::mem_pestat] low and high boundaries for proper pairs: (1, 5914)
[M::mem_pestat] analyzing insert size distribution for orientation RR...
[M::mem_pestat] (25, 50, 75) percentile: (192, 264, 359)
[M::mem_pestat] low and high boundaries for computing mean and std.dev: (1, 693)
[M::mem_pestat] mean and std.dev: (266.25, 127.74)
[M::mem_pestat] low and high boundaries for proper pairs: (1, 860)
[M::mem_pestat] skip orientation FF
[M::mem_pestat] skip orientation RF
[M::mem_pestat] skip orientation RR
[M::process] read 1448386 sequences (200000142 bp)...
[M::mem_process_seqs] Processed 1450092 reads in 473.090 CPU sec, 50.951 real sec
[M::mem_pestat] # candidate unique pairs for (FF, FR, RF, RR): (34, 556460, 112, 21)
[M::mem_pestat] analyzing insert size distribution for orientation FF...
[M::mem_pestat] (25, 50, 75) percentile: (122, 334, 462)
[M::mem_pestat] low and high boundaries for computing mean and std.dev: (1, 1142)
[M::mem_pestat] mean and std.dev: (280.70, 190.57)
[M::mem_pestat] low and high boundaries for proper pairs: (1, 1482)
[M::mem_pestat] analyzing insert size distribution for orientation FR...
[M::mem_pestat] (25, 50, 75) percentile: (195, 256, 333)
[M::mem_pestat] low and high boundaries for computing mean and std.dev: (1, 609)
[M::mem_pestat] mean and std.dev: (270.74, 98.73)
[M::mem_pestat] low and high boundaries for proper pairs: (1, 747)
[M::mem_pestat] analyzing insert size distribution for orientation RF...
[M::mem_pestat] (25, 50, 75) percentile: (70, 387, 1872)
[M::mem_pestat] low and high boundaries for computing mean and std.dev: (1, 5476)
[M::mem_pestat] mean and std.dev: (909.99, 1384.28)
[M::mem_pestat] low and high boundaries for proper pairs: (1, 7278)
[M::mem_pestat] analyzing insert size distribution for orientation RR...
[M::mem_pestat] (25, 50, 75) percentile: (150, 281, 811)
[M::mem_pestat] low and high boundaries for computing mean and std.dev: (1, 2133)
[M::mem_pestat] mean and std.dev: (374.39, 284.52)
[M::mem_pestat] low and high boundaries for proper pairs: (1, 2794)
[M::mem_pestat] skip orientation FF
[M::mem_pestat] skip orientation RF
[M::mem_pestat] skip orientation RR
[M::process] read 1447198 sequences (200000196 bp)...
[M::mem_process_seqs] Processed 1448386 reads in 441.252 CPU sec, 47.733 real sec
[M::mem_pestat] # candidate unique pairs for (FF, FR, RF, RR): (29, 557267, 102, 30)
[M::mem_pestat] analyzing insert size distribution for orientation FF...
[M::mem_pestat] (25, 50, 75) percentile: (176, 240, 3464)
[M::mem_pestat] low and high boundaries for computing mean and std.dev: (1, 10040)
[M::mem_pestat] mean and std.dev: (1580.52, 2490.05)
[M::mem_pestat] low and high boundaries for proper pairs: (1, 13328)
[M::mem_pestat] analyzing insert size distribution for orientation FR...
[M::mem_pestat] (25, 50, 75) percentile: (195, 256, 333)
[M::mem_pestat] low and high boundaries for computing mean and std.dev: (1, 609)
[M::mem_pestat] mean and std.dev: (271.25, 98.86)
[M::mem_pestat] low and high boundaries for proper pairs: (1, 747)
[M::mem_pestat] analyzing insert size distribution for orientation RF...
[M::mem_pestat] (25, 50, 75) percentile: (70, 179, 785)
[M::mem_pestat] low and high boundaries for computing mean and std.dev: (1, 2215)
[M::mem_pestat] mean and std.dev: (251.20, 353.28)
[M::mem_pestat] low and high boundaries for proper pairs: (1, 2930)
[M::mem_pestat] analyzing insert size distribution for orientation RR...
[M::mem_pestat] (25, 50, 75) percentile: (122, 239, 341)
[M::mem_pestat] low and high boundaries for computing mean and std.dev: (1, 779)
[M::mem_pestat] mean and std.dev: (230.26, 148.10)
[M::mem_pestat] low and high boundaries for proper pairs: (1, 998)
[M::mem_pestat] skip orientation FF
[M::mem_pestat] skip orientation RF
[M::mem_pestat] skip orientation RR
[M::process] read 1447268 sequences (200000140 bp)...
[M::mem_process_seqs] Processed 1447198 reads in 440.237 CPU sec, 47.624 real sec
[M::mem_pestat] # candidate unique pairs for (FF, FR, RF, RR): (43, 555353, 120, 29)
[M::mem_pestat] analyzing insert size distribution for orientation FF...
[M::mem_pestat] (25, 50, 75) percentile: (161, 235, 492)
[M::mem_pestat] low and high boundaries for computing mean and std.dev: (1, 1154)
[M::mem_pestat] mean and std.dev: (249.86, 198.87)
[M::mem_pestat] low and high boundaries for proper pairs: (1, 1485)
[M::mem_pestat] analyzing insert size distribution for orientation FR...
[M::mem_pestat] (25, 50, 75) percentile: (195, 257, 334)
[M::mem_pestat] low and high boundaries for computing mean and std.dev: (1, 612)
[M::mem_pestat] mean and std.dev: (271.54, 99.29)
[M::mem_pestat] low and high boundaries for proper pairs: (1, 751)
[M::mem_pestat] analyzing insert size distribution for orientation RF...
[M::mem_pestat] (25, 50, 75) percentile: (66, 233, 2722)
[M::mem_pestat] low and high boundaries for computing mean and std.dev: (1, 8034)
[M::mem_pestat] mean and std.dev: (1423.08, 2084.27)
[M::mem_pestat] low and high boundaries for proper pairs: (1, 10690)
[M::mem_pestat] analyzing insert size distribution for orientation RR...
[M::mem_pestat] (25, 50, 75) percentile: (130, 290, 706)
[M::mem_pestat] low and high boundaries for computing mean and std.dev: (1, 1858)
[M::mem_pestat] mean and std.dev: (373.88, 385.18)
[M::mem_pestat] low and high boundaries for proper pairs: (1, 2434)
[M::mem_pestat] skip orientation FF
[M::mem_pestat] skip orientation RF
[M::mem_pestat] skip orientation RR
[M::process] read 1450836 sequences (200000013 bp)...
[M::mem_process_seqs] Processed 1447268 reads in 463.764 CPU sec, 49.985 real sec
[M::mem_pestat] # candidate unique pairs for (FF, FR, RF, RR): (30, 558389, 103, 23)
[M::mem_pestat] analyzing insert size distribution for orientation FF...
[M::mem_pestat] (25, 50, 75) percentile: (185, 355, 1358)
[M::mem_pestat] low and high boundaries for computing mean and std.dev: (1, 3704)
[M::mem_pestat] mean and std.dev: (679.29, 805.36)
[M::mem_pestat] low and high boundaries for proper pairs: (1, 4877)
[M::mem_pestat] analyzing insert size distribution for orientation FR...
[M::mem_pestat] (25, 50, 75) percentile: (194, 255, 331)
[M::mem_pestat] low and high boundaries for computing mean and std.dev: (1, 605)
[M::mem_pestat] mean and std.dev: (269.86, 98.07)
[M::mem_pestat] low and high boundaries for proper pairs: (1, 742)
[M::mem_pestat] analyzing insert size distribution for orientation RF...
[M::mem_pestat] (25, 50, 75) percentile: (77, 279, 2380)
[M::mem_pestat] low and high boundaries for computing mean and std.dev: (1, 6986)
[M::mem_pestat] mean and std.dev: (1106.13, 1843.85)
[M::mem_pestat] low and high boundaries for proper pairs: (1, 9289)
[M::mem_pestat] analyzing insert size distribution for orientation RR...
[M::mem_pestat] (25, 50, 75) percentile: (138, 302, 518)
[M::mem_pestat] low and high boundaries for computing mean and std.dev: (1, 1278)
[M::mem_pestat] mean and std.dev: (290.10, 204.51)
[M::mem_pestat] low and high boundaries for proper pairs: (1, 1658)
[M::mem_pestat] skip orientation FF
[M::mem_pestat] skip orientation RF
[M::mem_pestat] skip orientation RR
[M::process] read 1447844 sequences (200000053 bp)...
[M::mem_process_seqs] Processed 1450836 reads in 434.131 CPU sec, 47.010 real sec
[M::process] read 1450902 sequences (200000022 bp)...
[M::mem_pestat] # candidate unique pairs for (FF, FR, RF, RR): (33, 556219, 97, 25)
[M::mem_pestat] analyzing insert size distribution for orientation FF...
[M::mem_pestat] (25, 50, 75) percentile: (180, 248, 674)
[M::mem_pestat] low and high boundaries for computing mean and std.dev: (1, 1662)
[M::mem_pestat] mean and std.dev: (327.47, 250.97)
[M::mem_pestat] low and high boundaries for proper pairs: (1, 2156)
[M::mem_pestat] analyzing insert size distribution for orientation FR...
[M::mem_pestat] (25, 50, 75) percentile: (195, 257, 334)
[M::mem_pestat] low and high boundaries for computing mean and std.dev: (1, 612)
[M::mem_pestat] mean and std.dev: (271.63, 99.32)
[M::mem_pestat] low and high boundaries for proper pairs: (1, 751)
[M::mem_pestat] analyzing insert size distribution for orientation RF...
[M::mem_pestat] (25, 50, 75) percentile: (81, 284, 1810)
[M::mem_pestat] low and high boundaries for computing mean and std.dev: (1, 5268)
[M::mem_pestat] mean and std.dev: (777.88, 1157.18)
[M::mem_pestat] low and high boundaries for proper pairs: (1, 6997)
[M::mem_pestat] analyzing insert size distribution for orientation RR...
[M::mem_pestat] (25, 50, 75) percentile: (76, 198, 265)
[M::mem_pestat] low and high boundaries for computing mean and std.dev: (1, 643)
[M::mem_pestat] mean and std.dev: (211.04, 153.22)
[M::mem_pestat] low and high boundaries for proper pairs: (1, 832)
[M::mem_pestat] skip orientation FF
[M::mem_pestat] skip orientation RF
[M::mem_pestat] skip orientation RR
[M::mem_process_seqs] Processed 1447844 reads in 456.055 CPU sec, 49.353 real sec
[M::mem_pestat] # candidate unique pairs for (FF, FR, RF, RR): (25, 557903, 96, 31)
[M::mem_pestat] analyzing insert size distribution for orientation FF...
[M::mem_pestat] (25, 50, 75) percentile: (130, 222, 375)
[M::mem_pestat] low and high boundaries for computing mean and std.dev: (1, 865)
[M::mem_pestat] mean and std.dev: (234.67, 149.92)
[M::mem_pestat] low and high boundaries for proper pairs: (1, 1110)
[M::mem_pestat] analyzing insert size distribution for orientation FR...
[M::mem_pestat] (25, 50, 75) percentile: (194, 255, 331)
[M::mem_pestat] low and high boundaries for computing mean and std.dev: (1, 605)
[M::mem_pestat] mean and std.dev: (269.40, 97.88)
[M::mem_pestat] low and high boundaries for proper pairs: (1, 742)
[M::mem_pestat] analyzing insert size distribution for orientation RF...
[M::mem_pestat] (25, 50, 75) percentile: (115, 437, 2562)
[M::mem_pestat] low and high boundaries for computing mean and std.dev: (1, 7456)
[M::mem_pestat] mean and std.dev: (1250.51, 1722.08)
[M::mem_pestat] low and high boundaries for proper pairs: (1, 9903)
[M::mem_pestat] analyzing insert size distribution for orientation RR...
[M::mem_pestat] (25, 50, 75) percentile: (179, 284, 964)
[M::mem_pestat] low and high boundaries for computing mean and std.dev: (1, 2534)
[M::mem_pestat] mean and std.dev: (437.31, 522.72)
[M::mem_pestat] low and high boundaries for proper pairs: (1, 3319)
[M::mem_pestat] skip orientation FF
[M::mem_pestat] skip orientation RF
[M::mem_pestat] skip orientation RR
[M::process] read 1453392 sequences (200000063 bp)...
[M::mem_process_seqs] Processed 1450902 reads in 433.989 CPU sec, 46.950 real sec
[M::mem_pestat] # candidate unique pairs for (FF, FR, RF, RR): (39, 559003, 112, 28)
[M::mem_pestat] analyzing insert size distribution for orientation FF...
[M::mem_pestat] (25, 50, 75) percentile: (218, 335, 620)
[M::mem_pestat] low and high boundaries for computing mean and std.dev: (1, 1424)
[M::mem_pestat] mean and std.dev: (358.57, 205.14)
[M::mem_pestat] low and high boundaries for proper pairs: (1, 1826)
[M::mem_pestat] analyzing insert size distribution for orientation FR...
[M::mem_pestat] (25, 50, 75) percentile: (195, 256, 333)
[M::mem_pestat] low and high boundaries for computing mean and std.dev: (1, 609)
[M::mem_pestat] mean and std.dev: (271.16, 98.71)
[M::mem_pestat] low and high boundaries for proper pairs: (1, 747)
[M::mem_pestat] analyzing insert size distribution for orientation RF...
[M::mem_pestat] (25, 50, 75) percentile: (48, 201, 3302)
[M::mem_pestat] low and high boundaries for computing mean and std.dev: (1, 9810)
[M::mem_pestat] mean and std.dev: (1322.28, 1996.59)
[M::mem_pestat] low and high boundaries for proper pairs: (1, 13064)
[M::mem_pestat] analyzing insert size distribution for orientation RR...
[M::mem_pestat] (25, 50, 75) percentile: (168, 241, 469)
[M::mem_pestat] low and high boundaries for computing mean and std.dev: (1, 1071)
[M::mem_pestat] mean and std.dev: (236.13, 172.07)
[M::mem_pestat] low and high boundaries for proper pairs: (1, 1372)
[M::mem_pestat] skip orientation FF
[M::mem_pestat] skip orientation RF
[M::mem_pestat] skip orientation RR
[M::process] read 1454540 sequences (200000049 bp)...
[M::mem_process_seqs] Processed 1453392 reads in 448.925 CPU sec, 48.585 real sec
[M::mem_pestat] # candidate unique pairs for (FF, FR, RF, RR): (32, 558657, 91, 37)
[M::mem_pestat] analyzing insert size distribution for orientation FF...
[M::mem_pestat] (25, 50, 75) percentile: (213, 268, 527)
[M::mem_pestat] low and high boundaries for computing mean and std.dev: (1, 1155)
[M::mem_pestat] mean and std.dev: (280.11, 172.79)
[M::mem_pestat] low and high boundaries for proper pairs: (1, 1469)
[M::mem_pestat] analyzing insert size distribution for orientation FR...
[M::mem_pestat] (25, 50, 75) percentile: (193, 253, 329)
[M::mem_pestat] low and high boundaries for computing mean and std.dev: (1, 601)
[M::mem_pestat] mean and std.dev: (268.00, 97.19)
[M::mem_pestat] low and high boundaries for proper pairs: (1, 737)
[M::mem_pestat] analyzing insert size distribution for orientation RF...
[M::mem_pestat] (25, 50, 75) percentile: (52, 207, 1950)
[M::mem_pestat] low and high boundaries for computing mean and std.dev: (1, 5746)
[M::mem_pestat] mean and std.dev: (927.43, 1413.27)
[M::mem_pestat] low and high boundaries for proper pairs: (1, 7644)
[M::mem_pestat] analyzing insert size distribution for orientation RR...
[M::mem_pestat] (25, 50, 75) percentile: (93, 156, 772)
[M::mem_pestat] low and high boundaries for computing mean and std.dev: (1, 2130)
[M::mem_pestat] mean and std.dev: (242.61, 270.02)
[M::mem_pestat] low and high boundaries for proper pairs: (1, 2809)
[M::mem_pestat] skip orientation FF
[M::mem_pestat] skip orientation RF
[M::mem_pestat] skip orientation RR
[M::process] read 1457498 sequences (200000127 bp)...
[M::mem_process_seqs] Processed 1454540 reads in 458.004 CPU sec, 49.511 real sec
[M::process] read 1142386 sequences (157284799 bp)...
[M::mem_pestat] # candidate unique pairs for (FF, FR, RF, RR): (38, 560836, 98, 23)
[M::mem_pestat] analyzing insert size distribution for orientation FF...
[M::mem_pestat] (25, 50, 75) percentile: (155, 282, 536)
[M::mem_pestat] low and high boundaries for computing mean and std.dev: (1, 1298)
[M::mem_pestat] mean and std.dev: (332.61, 257.56)
[M::mem_pestat] low and high boundaries for proper pairs: (1, 1679)
[M::mem_pestat] analyzing insert size distribution for orientation FR...
[M::mem_pestat] (25, 50, 75) percentile: (194, 253, 329)
[M::mem_pestat] low and high boundaries for computing mean and std.dev: (1, 599)
[M::mem_pestat] mean and std.dev: (268.13, 96.90)
[M::mem_pestat] low and high boundaries for proper pairs: (1, 734)
[M::mem_pestat] analyzing insert size distribution for orientation RF...
[M::mem_pestat] (25, 50, 75) percentile: (61, 467, 2255)
[M::mem_pestat] low and high boundaries for computing mean and std.dev: (1, 6643)
[M::mem_pestat] mean and std.dev: (1130.64, 1624.17)
[M::mem_pestat] low and high boundaries for proper pairs: (1, 8837)
[M::mem_pestat] analyzing insert size distribution for orientation RR...
[M::mem_pestat] (25, 50, 75) percentile: (112, 246, 435)
[M::mem_pestat] low and high boundaries for computing mean and std.dev: (1, 1081)
[M::mem_pestat] mean and std.dev: (240.05, 173.51)
[M::mem_pestat] low and high boundaries for proper pairs: (1, 1404)
[M::mem_pestat] skip orientation FF
[M::mem_pestat] skip orientation RF
[M::mem_pestat] skip orientation RR
[M::mem_process_seqs] Processed 1457498 reads in 471.782 CPU sec, 50.913 real sec
[M::mem_pestat] # candidate unique pairs for (FF, FR, RF, RR): (31, 438534, 84, 20)
[M::mem_pestat] analyzing insert size distribution for orientation FF...
[M::mem_pestat] (25, 50, 75) percentile: (185, 286, 421)
[M::mem_pestat] low and high boundaries for computing mean and std.dev: (1, 893)
[M::mem_pestat] mean and std.dev: (267.23, 151.52)
[M::mem_pestat] low and high boundaries for proper pairs: (1, 1129)
[M::mem_pestat] analyzing insert size distribution for orientation FR...
[M::mem_pestat] (25, 50, 75) percentile: (194, 255, 332)
[M::mem_pestat] low and high boundaries for computing mean and std.dev: (1, 608)
[M::mem_pestat] mean and std.dev: (270.09, 98.30)
[M::mem_pestat] low and high boundaries for proper pairs: (1, 746)
[M::mem_pestat] analyzing insert size distribution for orientation RF...
[M::mem_pestat] (25, 50, 75) percentile: (84, 265, 1445)
[M::mem_pestat] low and high boundaries for computing mean and std.dev: (1, 4167)
[M::mem_pestat] mean and std.dev: (699.33, 1022.84)
[M::mem_pestat] low and high boundaries for proper pairs: (1, 5528)
[M::mem_pestat] analyzing insert size distribution for orientation RR...
[M::mem_pestat] (25, 50, 75) percentile: (173, 284, 641)
[M::mem_pestat] low and high boundaries for computing mean and std.dev: (1, 1577)
[M::mem_pestat] mean and std.dev: (336.67, 226.66)
[M::mem_pestat] low and high boundaries for proper pairs: (1, 2045)
[M::mem_pestat] skip orientation FF
[M::mem_pestat] skip orientation RF
[M::mem_pestat] skip orientation RR
[M::mem_process_seqs] Processed 1142386 reads in 352.827 CPU sec, 39.043 real sec
[main] Version: 0.7.17-r1188
[main] CMD:samblaster: Marked 2009659 of 20137610 (9.98%) read ids as duplicates bwa mem using 410300k memory in  -t47.717S 20 CPU seconds and  -R24M @RG\tID:FG_GL_19T_094\tPL:ILLUMINA\tPU:HJMFJDSX7.2\tSM:FG_GL_19T_094\tCN:MCGILL\tBC:TGGAGTACTT-TCCACACAGA24S /storage/scratch/iee/dj20y461/Stickleback/G_aculeatus/FITNESS//data/ref_A_X/stickleback_v5_assembly_A_X.fasta(1464S) /storage/scratch/iee/dj20y461/Stickleback/G_aculeatus/FITNESS//data/trimmed/FG_GL_19T_094.R1.trimmed.fastq.gz wall time.
 /storage/scratch/iee/dj20y461/Stickleback/G_aculeatus/FITNESS//data/trimmed/FG_GL_19T_094.R2.trimmed.fastq.gz
[main] Real time: 1464.847 sec; CPU: 12405.467 sec
[bam_sort_core] merging from 20 files and 20 in-memory blocks...
