samblaster: Version 0.1.24
samblaster: Inputting from stdin
samblaster: Outputting to stdout
[M::bwa_idx_load_from_disk] read 0 ALT contigs
[M::process] read 1448064 sequences (200000165 bp)...
[M::mem_pestat] # candidate unique pairs for (FF, FR, RF, RR): (28, 538441, 89, 26)
[M::mem_pestat] analyzing insert size distribution for orientation FF...
[M::mem_pestat] (25, 50, 75) percentile: (239, 312, 617)
[M::mem_pestat] low and high boundaries for computing mean and std.dev: (1, 1373)
[M::mem_pestat] mean and std.dev: (371.80, 234.79)
[M::mem_pestat] low and high boundaries for proper pairs: (1, 1751)
[M::mem_pestat] analyzing insert size distribution for orientation FR...
[M::mem_pestat] (25, 50, 75) percentile: (211, 281, 360)
[M::mem_pestat] low and high boundaries for computing mean and std.dev: (1, 658)
[M::mem_pestat] mean and std.dev: (292.06, 105.48)
[M::mem_pestat] low and high boundaries for proper pairs: (1, 807)
[M::mem_pestat] analyzing insert size distribution for orientation RF...
[M::mem_pestat] (25, 50, 75) percentile: (75, 444, 3426)
[M::mem_pestat] low and high boundaries for computing mean and std.dev: (1, 10128)
[M::mem_pestat] mean and std.dev: (2083.46, 2856.28)
[M::mem_pestat] low and high boundaries for proper pairs: (1, 13509)
[M::mem_pestat] analyzing insert size distribution for orientation RR...
[M::mem_pestat] (25, 50, 75) percentile: (119, 235, 341)
[M::mem_pestat] low and high boundaries for computing mean and std.dev: (1, 785)
[M::mem_pestat] mean and std.dev: (219.35, 160.35)
[M::mem_pestat] low and high boundaries for proper pairs: (1, 1007)
[M::mem_pestat] skip orientation FF
[M::mem_pestat] skip orientation RF
[M::mem_pestat] skip orientation RR
[M::mem_process_seqs] Processed 1448064 reads in 464.511 CPU sec, 110.384 real sec
samblaster: Loaded 23 header sequence entries.
[M::process] read 1450064 sequences (200000099 bp)...
[M::process] read 1454992 sequences (200000053 bp)...
[M::mem_pestat] # candidate unique pairs for (FF, FR, RF, RR): (38, 540074, 108, 34)
[M::mem_pestat] analyzing insert size distribution for orientation FF...
[M::mem_pestat] (25, 50, 75) percentile: (202, 359, 625)
[M::mem_pestat] low and high boundaries for computing mean and std.dev: (1, 1471)
[M::mem_pestat] mean and std.dev: (467.94, 402.28)
[M::mem_pestat] low and high boundaries for proper pairs: (1, 2077)
[M::mem_pestat] analyzing insert size distribution for orientation FR...
[M::mem_pestat] (25, 50, 75) percentile: (210, 280, 358)
[M::mem_pestat] low and high boundaries for computing mean and std.dev: (1, 654)
[M::mem_pestat] mean and std.dev: (290.54, 104.58)
[M::mem_pestat] low and high boundaries for proper pairs: (1, 802)
[M::mem_pestat] analyzing insert size distribution for orientation RF...
[M::mem_pestat] (25, 50, 75) percentile: (33, 271, 3245)
[M::mem_pestat] low and high boundaries for computing mean and std.dev: (1, 9669)
[M::mem_pestat] mean and std.dev: (1595.40, 2416.47)
[M::mem_pestat] low and high boundaries for proper pairs: (1, 12881)
[M::mem_pestat] analyzing insert size distribution for orientation RR...
[M::mem_pestat] (25, 50, 75) percentile: (121, 210, 328)
[M::mem_pestat] low and high boundaries for computing mean and std.dev: (1, 742)
[M::mem_pestat] mean and std.dev: (192.00, 126.32)
[M::mem_pestat] low and high boundaries for proper pairs: (1, 949)
[M::mem_pestat] skip orientation FF
[M::mem_pestat] skip orientation RF
[M::mem_pestat] skip orientation RR
[M::mem_process_seqs] Processed 1450064 reads in 437.850 CPU sec, 48.086 real sec
[M::mem_pestat] # candidate unique pairs for (FF, FR, RF, RR): (33, 538909, 107, 34)
[M::mem_pestat] analyzing insert size distribution for orientation FF...
[M::mem_pestat] (25, 50, 75) percentile: (214, 308, 572)
[M::mem_pestat] low and high boundaries for computing mean and std.dev: (1, 1288)
[M::mem_pestat] mean and std.dev: (389.65, 295.69)
[M::mem_pestat] low and high boundaries for proper pairs: (1, 1646)
[M::mem_pestat] analyzing insert size distribution for orientation FR...
[M::mem_pestat] (25, 50, 75) percentile: (210, 281, 359)
[M::mem_pestat] low and high boundaries for computing mean and std.dev: (1, 657)
[M::mem_pestat] mean and std.dev: (291.18, 105.09)
[M::mem_pestat] low and high boundaries for proper pairs: (1, 806)
[M::mem_pestat] analyzing insert size distribution for orientation RF...
[M::mem_pestat] (25, 50, 75) percentile: (66, 287, 1702)
[M::mem_pestat] low and high boundaries for computing mean and std.dev: (1, 4974)
[M::mem_pestat] mean and std.dev: (749.69, 1155.26)
[M::mem_pestat] low and high boundaries for proper pairs: (1, 6610)
[M::mem_pestat] analyzing insert size distribution for orientation RR...
[M::mem_pestat] (25, 50, 75) percentile: (104, 210, 358)
[M::mem_pestat] low and high boundaries for computing mean and std.dev: (1, 866)
[M::mem_pestat] mean and std.dev: (239.47, 206.13)
[M::mem_pestat] low and high boundaries for proper pairs: (1, 1120)
[M::mem_pestat] skip orientation FF
[M::mem_pestat] skip orientation RF
[M::mem_pestat] skip orientation RR
[M::mem_process_seqs] Processed 1454992 reads in 491.619 CPU sec, 82.423 real sec
[M::process] read 1453766 sequences (200000200 bp)...
[M::process] read 1459014 sequences (200000082 bp)...
[M::mem_pestat] # candidate unique pairs for (FF, FR, RF, RR): (35, 538754, 98, 34)
[M::mem_pestat] analyzing insert size distribution for orientation FF...
[M::mem_pestat] (25, 50, 75) percentile: (299, 556, 1095)
[M::mem_pestat] low and high boundaries for computing mean and std.dev: (1, 2687)
[M::mem_pestat] mean and std.dev: (606.47, 436.82)
[M::mem_pestat] low and high boundaries for proper pairs: (1, 3483)
[M::mem_pestat] analyzing insert size distribution for orientation FR...
[M::mem_pestat] (25, 50, 75) percentile: (211, 282, 361)
[M::mem_pestat] low and high boundaries for computing mean and std.dev: (1, 661)
[M::mem_pestat] mean and std.dev: (292.87, 106.05)
[M::mem_pestat] low and high boundaries for proper pairs: (1, 811)
[M::mem_pestat] analyzing insert size distribution for orientation RF...
[M::mem_pestat] (25, 50, 75) percentile: (111, 364, 3343)
[M::mem_pestat] low and high boundaries for computing mean and std.dev: (1, 9807)
[M::mem_pestat] mean and std.dev: (1950.42, 2644.14)
[M::mem_pestat] low and high boundaries for proper pairs: (1, 13039)
[M::mem_pestat] analyzing insert size distribution for orientation RR...
[M::mem_pestat] (25, 50, 75) percentile: (173, 220, 610)
[M::mem_pestat] low and high boundaries for computing mean and std.dev: (1, 1484)
[M::mem_pestat] mean and std.dev: (276.70, 188.37)
[M::mem_pestat] low and high boundaries for proper pairs: (1, 1921)
[M::mem_pestat] skip orientation FF
[M::mem_pestat] skip orientation RF
[M::mem_pestat] skip orientation RR
[M::mem_process_seqs] Processed 1453766 reads in 455.243 CPU sec, 46.237 real sec
[M::process] read 83152 sequences (11421200 bp)...
[M::mem_pestat] # candidate unique pairs for (FF, FR, RF, RR): (45, 540444, 103, 32)
[M::mem_pestat] analyzing insert size distribution for orientation FF...
[M::mem_pestat] (25, 50, 75) percentile: (275, 439, 686)
[M::mem_pestat] low and high boundaries for computing mean and std.dev: (1, 1508)
[M::mem_pestat] mean and std.dev: (450.88, 315.88)
[M::mem_pestat] low and high boundaries for proper pairs: (1, 1919)
[M::mem_pestat] analyzing insert size distribution for orientation FR...
[M::mem_pestat] (25, 50, 75) percentile: (210, 280, 358)
[M::mem_pestat] low and high boundaries for computing mean and std.dev: (1, 654)
[M::mem_pestat] mean and std.dev: (290.73, 104.72)
[M::mem_pestat] low and high boundaries for proper pairs: (1, 802)
[M::mem_pestat] analyzing insert size distribution for orientation RF...
[M::mem_pestat] (25, 50, 75) percentile: (98, 387, 1206)
[M::mem_pestat] low and high boundaries for computing mean and std.dev: (1, 3422)
[M::mem_pestat] mean and std.dev: (565.83, 785.12)
[M::mem_pestat] low and high boundaries for proper pairs: (1, 4530)
[M::mem_pestat] analyzing insert size distribution for orientation RR...
[M::mem_pestat] (25, 50, 75) percentile: (104, 172, 359)
[M::mem_pestat] low and high boundaries for computing mean and std.dev: (1, 869)
[M::mem_pestat] mean and std.dev: (176.67, 118.57)
[M::mem_pestat] low and high boundaries for proper pairs: (1, 1124)
[M::mem_pestat] skip orientation FF
[M::mem_pestat] skip orientation RF
[M::mem_pestat] skip orientation RR
[M::mem_process_seqs] Processed 1459014 reads in 460.778 CPU sec, 49.709 real sec
[M::mem_pestat] # candidate unique pairs for (FF, FR, RF, RR): (3, 30540, 8, 3)
[M::mem_pestat] skip orientation FF as there are not enough pairs
[M::mem_pestat] analyzing insert size distribution for orientation FR...
[M::mem_pestat] (25, 50, 75) percentile: (210, 281, 358)
[M::mem_pestat] low and high boundaries for computing mean and std.dev: (1, 654)
[M::mem_pestat] mean and std.dev: (290.62, 104.57)
[M::mem_pestat] low and high boundaries for proper pairs: (1, 802)
[M::mem_pestat] skip orientation RF as there are not enough pairs
[M::mem_pestat] skip orientation RR as there are not enough pairs
[M::mem_process_seqs] Processed 83152 reads in 26.750 CPU sec, 3.232 real sec
[main] Version: 0.7.17-r1188
[main] CMD: bwa mem -t 20samblaster: Marked 283464 of 3674526 (7.71%) read ids as duplicates -R @RG\tID:WB_GL_19T_190\tPL:ILLUMINA\tPU:HJMFJDSX7.3\tSM:WB_GL_19T_190\tCN:MCGILL\tBC:CATTAGTGCG-TATGTAGTCA using 61060k memory in  /storage/scratch/iee/dj20y461/Stickleback/G_aculeatus/FITNESS//data/ref_A_X/stickleback_v5_assembly_A_X.fasta8.418S /storage/scratch/iee/dj20y461/Stickleback/G_aculeatus/FITNESS//data/trimmed/WB_GL_19T_190.R1.trimmed.fastq.gz CPU seconds and  /storage/scratch/iee/dj20y461/Stickleback/G_aculeatus/FITNESS//data/trimmed/WB_GL_19T_190.R2.trimmed.fastq.gz5M57S
[main] Real time: 356.681 sec; CPU: 2350.089 sec
(357S) wall time.
[bam_sort_core] merging from 0 files and 20 in-memory blocks...
