samblaster: Version 0.1.24
samblaster: Inputting from stdin
samblaster: Outputting to stdout
[M::bwa_idx_load_from_disk] read 0 ALT contigs
[M::process] read 1467286 sequences (200000193 bp)...
[M::mem_pestat] # candidate unique pairs for (FF, FR, RF, RR): (32, 550184, 123, 34)
[M::mem_pestat] analyzing insert size distribution for orientation FF...
[M::mem_pestat] (25, 50, 75) percentile: (270, 804, 1427)
[M::mem_pestat] low and high boundaries for computing mean and std.dev: (1, 3741)
[M::mem_pestat] mean and std.dev: (834.00, 804.17)
[M::mem_pestat] low and high boundaries for proper pairs: (1, 4898)
[M::mem_pestat] analyzing insert size distribution for orientation FR...
[M::mem_pestat] (25, 50, 75) percentile: (275, 371, 485)
[M::mem_pestat] low and high boundaries for computing mean and std.dev: (1, 905)
[M::mem_pestat] mean and std.dev: (388.80, 156.58)
[M::mem_pestat] low and high boundaries for proper pairs: (1, 1115)
[M::mem_pestat] analyzing insert size distribution for orientation RF...
[M::mem_pestat] (25, 50, 75) percentile: (85, 462, 2979)
[M::mem_pestat] low and high boundaries for computing mean and std.dev: (1, 8767)
[M::mem_pestat] mean and std.dev: (1610.06, 2261.26)
[M::mem_pestat] low and high boundaries for proper pairs: (1, 11661)
[M::mem_pestat] analyzing insert size distribution for orientation RR...
[M::mem_pestat] (25, 50, 75) percentile: (137, 351, 485)
[M::mem_pestat] low and high boundaries for computing mean and std.dev: (1, 1181)
[M::mem_pestat] mean and std.dev: (276.32, 217.14)
[M::mem_pestat] low and high boundaries for proper pairs: (1, 1529)
[M::mem_pestat] skip orientation FF
[M::mem_pestat] skip orientation RF
[M::mem_pestat] skip orientation RR
[M::mem_process_seqs] Processed 1467286 reads in 488.285 CPU sec, 118.481 real sec
samblaster: Loaded 23 header sequence entries.
[M::process] read 1466008 sequences (200000104 bp)...
[M::process] read 1471136 sequences (200000188 bp)...
[M::mem_pestat] # candidate unique pairs for (FF, FR, RF, RR): (26, 548797, 133, 29)
[M::mem_pestat] analyzing insert size distribution for orientation FF...
[M::mem_pestat] (25, 50, 75) percentile: (418, 558, 1182)
[M::mem_pestat] low and high boundaries for computing mean and std.dev: (1, 2710)
[M::mem_pestat] mean and std.dev: (630.86, 444.21)
[M::mem_pestat] low and high boundaries for proper pairs: (1, 3474)
[M::mem_pestat] analyzing insert size distribution for orientation FR...
[M::mem_pestat] (25, 50, 75) percentile: (279, 375, 491)
[M::mem_pestat] low and high boundaries for computing mean and std.dev: (1, 915)
[M::mem_pestat] mean and std.dev: (393.50, 158.04)
[M::mem_pestat] low and high boundaries for proper pairs: (1, 1127)
[M::mem_pestat] analyzing insert size distribution for orientation RF...
[M::mem_pestat] (25, 50, 75) percentile: (139, 519, 2554)
[M::mem_pestat] low and high boundaries for computing mean and std.dev: (1, 7384)
[M::mem_pestat] mean and std.dev: (1205.70, 1665.11)
[M::mem_pestat] low and high boundaries for proper pairs: (1, 9799)
[M::mem_pestat] analyzing insert size distribution for orientation RR...
[M::mem_pestat] (25, 50, 75) percentile: (262, 359, 2197)
[M::mem_pestat] low and high boundaries for computing mean and std.dev: (1, 6067)
[M::mem_pestat] mean and std.dev: (932.19, 1175.75)
[M::mem_pestat] low and high boundaries for proper pairs: (1, 8002)
[M::mem_pestat] skip orientation FF
[M::mem_pestat] skip orientation RF
[M::mem_pestat] skip orientation RR
[M::mem_process_seqs] Processed 1466008 reads in 456.308 CPU sec, 50.014 real sec
[M::process] read 1466982 sequences (200000242 bp)...
[M::mem_pestat] # candidate unique pairs for (FF, FR, RF, RR): (24, 547000, 133, 39)
[M::mem_pestat] analyzing insert size distribution for orientation FF...
[M::mem_pestat] (25, 50, 75) percentile: (265, 361, 885)
[M::mem_pestat] low and high boundaries for computing mean and std.dev: (1, 2125)
[M::mem_pestat] mean and std.dev: (460.05, 291.05)
[M::mem_pestat] low and high boundaries for proper pairs: (1, 2745)
[M::mem_pestat] analyzing insert size distribution for orientation FR...
[M::mem_pestat] (25, 50, 75) percentile: (274, 369, 480)
[M::mem_pestat] low and high boundaries for computing mean and std.dev: (1, 892)
[M::mem_pestat] mean and std.dev: (385.21, 151.73)
[M::mem_pestat] low and high boundaries for proper pairs: (1, 1098)
[M::mem_pestat] analyzing insert size distribution for orientation RF...
[M::mem_pestat] (25, 50, 75) percentile: (74, 481, 3133)
[M::mem_pestat] low and high boundaries for computing mean and std.dev: (1, 9251)
[M::mem_pestat] mean and std.dev: (1578.74, 2290.62)
[M::mem_pestat] low and high boundaries for proper pairs: (1, 12310)
[M::mem_pestat] analyzing insert size distribution for orientation RR...
[M::mem_pestat] (25, 50, 75) percentile: (107, 161, 1294)
[M::mem_pestat] low and high boundaries for computing mean and std.dev: (1, 3668)
[M::mem_pestat] mean and std.dev: (425.45, 580.18)
[M::mem_pestat] low and high boundaries for proper pairs: (1, 4855)
[M::mem_pestat] skip orientation FF
[M::mem_pestat] skip orientation RF
[M::mem_pestat] skip orientation RR
[M::mem_process_seqs] Processed 1471136 reads in 462.299 CPU sec, 51.023 real sec
[M::mem_pestat] # candidate unique pairs for (FF, FR, RF, RR): (22, 549869, 124, 32)
[M::mem_pestat] analyzing insert size distribution for orientation FF...
[M::mem_pestat] (25, 50, 75) percentile: (235, 525, 669)
[M::mem_pestat] low and high boundaries for computing mean and std.dev: (1, 1537)
[M::mem_pestat] mean and std.dev: (411.61, 191.94)
[M::mem_pestat] low and high boundaries for proper pairs: (1, 1971)
[M::mem_pestat] analyzing insert size distribution for orientation FR...
[M::mem_pestat] (25, 50, 75) percentile: (278, 375, 492)
[M::mem_pestat] low and high boundaries for computing mean and std.dev: (1, 920)
[M::mem_pestat] mean and std.dev: (393.94, 159.18)
[M::mem_pestat] low and high boundaries for proper pairs: (1, 1134)
[M::mem_pestat] analyzing insert size distribution for orientation RF...
[M::mem_pestat] (25, 50, 75) percentile: (72, 368, 2209)
[M::mem_pestat] low and high boundaries for computing mean and std.dev: (1, 6483)
[M::mem_pestat] mean and std.dev: (1125.91, 1643.41)
[M::mem_pestat] low and high boundaries for proper pairs: (1, 8620)
[M::mem_pestat] analyzing insert size distribution for orientation RR...
[M::mem_pestat] (25, 50, 75) percentile: (213, 403, 1349)
[M::mem_pestat] low and high boundaries for computing mean and std.dev: (1, 3621)
[M::mem_pestat] mean and std.dev: (586.79, 549.31)
[M::mem_pestat] low and high boundaries for proper pairs: (1, 4757)
[M::mem_pestat] skip orientation FF
[M::mem_pestat] skip orientation RF
[M::mem_pestat] skip orientation RR
[M::process] read 1470078 sequences (200000138 bp)...
[M::mem_process_seqs] Processed 1466982 reads in 456.982 CPU sec, 50.302 real sec
[M::process] read 1476490 sequences (200000193 bp)...
[M::mem_pestat] # candidate unique pairs for (FF, FR, RF, RR): (24, 548327, 103, 32)
[M::mem_pestat] analyzing insert size distribution for orientation FF...
[M::mem_pestat] (25, 50, 75) percentile: (436, 1484, 1659)
[M::mem_pestat] low and high boundaries for computing mean and std.dev: (1, 4105)
[M::mem_pestat] mean and std.dev: (1040.86, 811.57)
[M::mem_pestat] low and high boundaries for proper pairs: (1, 5328)
[M::mem_pestat] analyzing insert size distribution for orientation FR...
[M::mem_pestat] (25, 50, 75) percentile: (279, 376, 491)
[M::mem_pestat] low and high boundaries for computing mean and std.dev: (1, 915)
[M::mem_pestat] mean and std.dev: (393.99, 157.57)
[M::mem_pestat] low and high boundaries for proper pairs: (1, 1127)
[M::mem_pestat] analyzing insert size distribution for orientation RF...
[M::mem_pestat] (25, 50, 75) percentile: (57, 306, 2699)
[M::mem_pestat] low and high boundaries for computing mean and std.dev: (1, 7983)
[M::mem_pestat] mean and std.dev: (1204.26, 1734.13)
[M::mem_pestat] low and high boundaries for proper pairs: (1, 10625)
[M::mem_pestat] analyzing insert size distribution for orientation RR...
[M::mem_pestat] (25, 50, 75) percentile: (182, 384, 1055)
[M::mem_pestat] low and high boundaries for computing mean and std.dev: (1, 2801)
[M::mem_pestat] mean and std.dev: (538.76, 503.10)
[M::mem_pestat] low and high boundaries for proper pairs: (1, 3674)
[M::mem_pestat] skip orientation FF
[M::mem_pestat] skip orientation RF
[M::mem_pestat] skip orientation RR
[M::mem_process_seqs] Processed 1470078 reads in 459.922 CPU sec, 51.009 real sec
[M::process] read 1464408 sequences (200000197 bp)...
[M::mem_pestat] # candidate unique pairs for (FF, FR, RF, RR): (25, 547042, 155, 41)
[M::mem_pestat] analyzing insert size distribution for orientation FF...
[M::mem_pestat] (25, 50, 75) percentile: (367, 635, 1880)
[M::mem_pestat] low and high boundaries for computing mean and std.dev: (1, 4906)
[M::mem_pestat] mean and std.dev: (1142.92, 1174.63)
[M::mem_pestat] low and high boundaries for proper pairs: (1, 6419)
[M::mem_pestat] analyzing insert size distribution for orientation FR...
[M::mem_pestat] (25, 50, 75) percentile: (274, 369, 479)
[M::mem_pestat] low and high boundaries for computing mean and std.dev: (1, 889)
[M::mem_pestat] mean and std.dev: (384.24, 150.15)
[M::mem_pestat] low and high boundaries for proper pairs: (1, 1094)
[M::mem_pestat] analyzing insert size distribution for orientation RF...
[M::mem_pestat] (25, 50, 75) percentile: (54, 538, 3809)
[M::mem_pestat] low and high boundaries for computing mean and std.dev: (1, 11319)
[M::mem_pestat] mean and std.dev: (2085.89, 2679.17)
[M::mem_pestat] low and high boundaries for proper pairs: (1, 15074)
[M::mem_pestat] analyzing insert size distribution for orientation RR...
[M::mem_pestat] (25, 50, 75) percentile: (119, 282, 579)
[M::mem_pestat] low and high boundaries for computing mean and std.dev: (1, 1499)
[M::mem_pestat] mean and std.dev: (264.97, 205.90)
[M::mem_pestat] low and high boundaries for proper pairs: (1, 1959)
[M::mem_pestat] skip orientation FF
[M::mem_pestat] skip orientation RF
[M::mem_pestat] skip orientation RR
[M::mem_process_seqs] Processed 1476490 reads in 464.419 CPU sec, 51.476 real sec
[M::mem_pestat] # candidate unique pairs for (FF, FR, RF, RR): (27, 548997, 120, 30)
[M::mem_pestat] analyzing insert size distribution for orientation FF...
[M::mem_pestat] (25, 50, 75) percentile: (357, 544, 1620)
[M::mem_pestat] low and high boundaries for computing mean and std.dev: (1, 4146)
[M::mem_pestat] mean and std.dev: (876.72, 947.64)
[M::mem_pestat] low and high boundaries for proper pairs: (1, 5409)
[M::mem_pestat] analyzing insert size distribution for orientation FR...
[M::mem_pestat] (25, 50, 75) percentile: (278, 376, 493)
[M::mem_pestat] low and high boundaries for computing mean and std.dev: (1, 923)
[M::mem_pestat] mean and std.dev: (394.80, 160.53)
[M::mem_pestat] low and high boundaries for proper pairs: (1, 1138)
[M::mem_pestat] analyzing insert size distribution for orientation RF...
[M::mem_pestat] (25, 50, 75) percentile: (65, 472, 3294)
[M::mem_pestat] low and high boundaries for computing mean and std.dev: (1, 9752)
[M::mem_pestat] mean and std.dev: (1763.48, 2437.14)
[M::mem_pestat] low and high boundaries for proper pairs: (1, 12981)
[M::mem_pestat] analyzing insert size distribution for orientation RR...
[M::mem_pestat] (25, 50, 75) percentile: (189, 303, 506)
[M::mem_pestat] low and high boundaries for computing mean and std.dev: (1, 1140)
[M::mem_pestat] mean and std.dev: (308.40, 168.10)
[M::mem_pestat] low and high boundaries for proper pairs: (1, 1457)
[M::mem_pestat] skip orientation FF
[M::mem_pestat] skip orientation RF
[M::mem_pestat] skip orientation RR
[M::process] read 1466860 sequences (200000009 bp)...
[M::mem_process_seqs] Processed 1464408 reads in 454.589 CPU sec, 49.237 real sec
[M::mem_pestat] # candidate unique pairs for (FF, FR, RF, RR): (20, 548103, 142, 36)
[M::mem_pestat] analyzing insert size distribution for orientation FF...
[M::mem_pestat] (25, 50, 75) percentile: (236, 292, 906)
[M::mem_pestat] low and high boundaries for computing mean and std.dev: (1, 2246)
[M::mem_pestat] mean and std.dev: (460.21, 313.60)
[M::mem_pestat] low and high boundaries for proper pairs: (1, 2916)
[M::mem_pestat] analyzing insert size distribution for orientation FR...
[M::mem_pestat] (25, 50, 75) percentile: (279, 375, 491)
[M::mem_pestat] low and high boundaries for computing mean and std.dev: (1, 915)
[M::mem_pestat] mean and std.dev: (393.71, 157.88)
[M::mem_pestat] low and high boundaries for proper pairs: (1, 1127)
[M::mem_pestat] analyzing insert size distribution for orientation RF...
[M::mem_pestat] (25, 50, 75) percentile: (76, 584, 2639)
[M::mem_pestat] low and high boundaries for computing mean and std.dev: (1, 7765)
[M::mem_pestat] mean and std.dev: (1501.84, 1942.83)
[M::mem_pestat] low and high boundaries for proper pairs: (1, 10328)
[M::mem_pestat] analyzing insert size distribution for orientation RR...
[M::mem_pestat] (25, 50, 75) percentile: (135, 248, 537)
[M::mem_pestat] low and high boundaries for computing mean and std.dev: (1, 1341)
[M::mem_pestat] mean and std.dev: (317.03, 313.57)
[M::mem_pestat] low and high boundaries for proper pairs: (1, 1743)
[M::mem_pestat] skip orientation FF
[M::mem_pestat] skip orientation RF
[M::mem_pestat] skip orientation RR
[M::process] read 1472502 sequences (200000195 bp)...
[M::mem_process_seqs] Processed 1466860 reads in 458.795 CPU sec, 49.625 real sec
[M::mem_pestat] # candidate unique pairs for (FF, FR, RF, RR): (36, 546602, 124, 29)
[M::mem_pestat] analyzing insert size distribution for orientation FF...
[M::mem_pestat] (25, 50, 75) percentile: (200, 402, 1307)
[M::mem_pestat] low and high boundaries for computing mean and std.dev: (1, 3521)
[M::mem_pestat] mean and std.dev: (611.03, 700.55)
[M::mem_pestat] low and high boundaries for proper pairs: (1, 4628)
[M::mem_pestat] analyzing insert size distribution for orientation FR...
[M::mem_pestat] (25, 50, 75) percentile: (273, 368, 478)
[M::mem_pestat] low and high boundaries for computing mean and std.dev: (1, 888)
[M::mem_pestat] mean and std.dev: (383.50, 150.62)
[M::mem_pestat] low and high boundaries for proper pairs: (1, 1093)
[M::mem_pestat] analyzing insert size distribution for orientation RF...
[M::mem_pestat] (25, 50, 75) percentile: (97, 411, 2018)
[M::mem_pestat] low and high boundaries for computing mean and std.dev: (1, 5860)
[M::mem_pestat] mean and std.dev: (962.45, 1413.61)
[M::mem_pestat] low and high boundaries for proper pairs: (1, 7781)
[M::mem_pestat] analyzing insert size distribution for orientation RR...
[M::mem_pestat] (25, 50, 75) percentile: (129, 457, 1718)
[M::mem_pestat] low and high boundaries for computing mean and std.dev: (1, 4896)
[M::mem_pestat] mean and std.dev: (950.69, 1284.02)
[M::mem_pestat] low and high boundaries for proper pairs: (1, 6485)
[M::mem_pestat] skip orientation FF
[M::mem_pestat] skip orientation RF
[M::mem_pestat] skip orientation RR
[M::mem_process_seqs] Processed 1472502 reads in 478.704 CPU sec, 73.813 real sec
[M::process] read 1465306 sequences (200000079 bp)...
[M::process] read 1465862 sequences (200000066 bp)...
[M::mem_pestat] # candidate unique pairs for (FF, FR, RF, RR): (22, 549084, 112, 25)
[M::mem_pestat] analyzing insert size distribution for orientation FF...
[M::mem_pestat] (25, 50, 75) percentile: (161, 385, 542)
[M::mem_pestat] low and high boundaries for computing mean and std.dev: (1, 1304)
[M::mem_pestat] mean and std.dev: (265.06, 148.22)
[M::mem_pestat] low and high boundaries for proper pairs: (1, 1685)
[M::mem_pestat] analyzing insert size distribution for orientation FR...
[M::mem_pestat] (25, 50, 75) percentile: (277, 374, 491)
[M::mem_pestat] low and high boundaries for computing mean and std.dev: (1, 919)
[M::mem_pestat] mean and std.dev: (393.16, 159.05)
[M::mem_pestat] low and high boundaries for proper pairs: (1, 1133)
[M::mem_pestat] analyzing insert size distribution for orientation RF...
[M::mem_pestat] (25, 50, 75) percentile: (118, 957, 3976)
[M::mem_pestat] low and high boundaries for computing mean and std.dev: (1, 11692)
[M::mem_pestat] mean and std.dev: (2192.44, 2579.03)
[M::mem_pestat] low and high boundaries for proper pairs: (1, 15550)
[M::mem_pestat] analyzing insert size distribution for orientation RR...
[M::mem_pestat] (25, 50, 75) percentile: (194, 368, 2461)
[M::mem_pestat] low and high boundaries for computing mean and std.dev: (1, 6995)
[M::mem_pestat] mean and std.dev: (919.13, 1210.47)
[M::mem_pestat] low and high boundaries for proper pairs: (1, 9262)
[M::mem_pestat] skip orientation FF
[M::mem_pestat] skip orientation RF
[M::mem_pestat] skip orientation RR
[M::mem_process_seqs] Processed 1465306 reads in 454.697 CPU sec, 47.647 real sec
[M::mem_pestat] # candidate unique pairs for (FF, FR, RF, RR): (25, 547379, 144, 38)
[M::mem_pestat] analyzing insert size distribution for orientation FF...
[M::mem_pestat] (25, 50, 75) percentile: (328, 494, 1319)
[M::mem_pestat] low and high boundaries for computing mean and std.dev: (1, 3301)
[M::mem_pestat] mean and std.dev: (604.09, 512.95)
[M::mem_pestat] low and high boundaries for proper pairs: (1, 4292)
[M::mem_pestat] analyzing insert size distribution for orientation FR...
[M::mem_pestat] (25, 50, 75) percentile: (278, 375, 491)
[M::mem_pestat] low and high boundaries for computing mean and std.dev: (1, 917)
[M::mem_pestat] mean and std.dev: (393.46, 158.20)
[M::mem_pestat] low and high boundaries for proper pairs: (1, 1130)
[M::mem_pestat] analyzing insert size distribution for orientation RF...
[M::mem_pestat] (25, 50, 75) percentile: (52, 371, 3060)
[M::mem_pestat] low and high boundaries for computing mean and std.dev: (1, 9076)
[M::mem_pestat] mean and std.dev: (1725.29, 2455.33)
[M::mem_pestat] low and high boundaries for proper pairs: (1, 12084)
[M::mem_pestat] analyzing insert size distribution for orientation RR...
[M::mem_pestat] (25, 50, 75) percentile: (181, 307, 582)
[M::mem_pestat] low and high boundaries for computing mean and std.dev: (1, 1384)
[M::mem_pestat] mean and std.dev: (361.62, 277.33)
[M::mem_pestat] low and high boundaries for proper pairs: (1, 1785)
[M::mem_pestat] skip orientation FF
[M::mem_pestat] skip orientation RF
[M::mem_pestat] skip orientation RR
[M::process] read 1471668 sequences (200000150 bp)...
[M::mem_process_seqs] Processed 1465862 reads in 460.725 CPU sec, 49.783 real sec
[M::mem_pestat] # candidate unique pairs for (FF, FR, RF, RR): (16, 547532, 131, 33)
[M::mem_pestat] analyzing insert size distribution for orientation FF...
[M::mem_pestat] (25, 50, 75) percentile: (168, 577, 1530)
[M::mem_pestat] low and high boundaries for computing mean and std.dev: (1, 4254)
[M::mem_pestat] mean and std.dev: (607.64, 567.76)
[M::mem_pestat] low and high boundaries for proper pairs: (1, 5616)
[M::mem_pestat] analyzing insert size distribution for orientation FR...
[M::mem_pestat] (25, 50, 75) percentile: (272, 367, 478)
[M::mem_pestat] low and high boundaries for computing mean and std.dev: (1, 890)
[M::mem_pestat] mean and std.dev: (383.19, 150.67)
[M::mem_pestat] low and high boundaries for proper pairs: (1, 1096)
[M::mem_pestat] analyzing insert size distribution for orientation RF...
[M::mem_pestat] (25, 50, 75) percentile: (93, 567, 3765)
[M::mem_pestat] low and high boundaries for computing mean and std.dev: (1, 11109)
[M::mem_pestat] mean and std.dev: (2002.41, 2635.90)
[M::mem_pestat] low and high boundaries for proper pairs: (1, 14781)
[M::mem_pestat] analyzing insert size distribution for orientation RR...
[M::mem_pestat] (25, 50, 75) percentile: (202, 513, 1887)
[M::mem_pestat] low and high boundaries for computing mean and std.dev: (1, 5257)
[M::mem_pestat] mean and std.dev: (839.81, 1039.17)
[M::mem_pestat] low and high boundaries for proper pairs: (1, 6942)
[M::mem_pestat] skip orientation FF
[M::mem_pestat] skip orientation RF
[M::mem_pestat] skip orientation RR
[M::process] read 1465604 sequences (200000118 bp)...
[M::mem_process_seqs] Processed 1471668 reads in 464.225 CPU sec, 51.077 real sec
[M::mem_pestat] # candidate unique pairs for (FF, FR, RF, RR): (35, 549787, 123, 34)
[M::mem_pestat] analyzing insert size distribution for orientation FF...
[M::mem_pestat] (25, 50, 75) percentile: (258, 367, 578)
[M::mem_pestat] low and high boundaries for computing mean and std.dev: (1, 1218)
[M::mem_pestat] mean and std.dev: (373.93, 223.59)
[M::mem_pestat] low and high boundaries for proper pairs: (1, 1538)
[M::mem_pestat] analyzing insert size distribution for orientation FR...
[M::mem_pestat] (25, 50, 75) percentile: (277, 373, 488)
[M::mem_pestat] low and high boundaries for computing mean and std.dev: (1, 910)
[M::mem_pestat] mean and std.dev: (391.25, 157.54)
[M::mem_pestat] low and high boundaries for proper pairs: (1, 1121)
[M::mem_pestat] analyzing insert size distribution for orientation RF...
[M::mem_pestat] (25, 50, 75) percentile: (63, 332, 2395)
[M::mem_pestat] low and high boundaries for computing mean and std.dev: (1, 7059)
[M::mem_pestat] mean and std.dev: (1074.73, 1661.94)
[M::mem_pestat] low and high boundaries for proper pairs: (1, 9391)
[M::mem_pestat] analyzing insert size distribution for orientation RR...
[M::mem_pestat] (25, 50, 75) percentile: (191, 458, 1280)
[M::mem_pestat] low and high boundaries for computing mean and std.dev: (1, 3458)
[M::mem_pestat] mean and std.dev: (511.55, 509.50)
[M::mem_pestat] low and high boundaries for proper pairs: (1, 4547)
[M::mem_pestat] skip orientation FF
[M::mem_pestat] skip orientation RF
[M::mem_pestat] skip orientation RR
[M::process] read 1466378 sequences (200000198 bp)...
[M::mem_process_seqs] Processed 1465604 reads in 457.897 CPU sec, 49.608 real sec
[M::mem_pestat] # candidate unique pairs for (FF, FR, RF, RR): (21, 547454, 125, 27)
[M::mem_pestat] analyzing insert size distribution for orientation FF...
[M::mem_pestat] (25, 50, 75) percentile: (292, 397, 1245)
[M::mem_pestat] low and high boundaries for computing mean and std.dev: (1, 3151)
[M::mem_pestat] mean and std.dev: (511.47, 373.56)
[M::mem_pestat] low and high boundaries for proper pairs: (1, 4104)
[M::mem_pestat] analyzing insert size distribution for orientation FR...
[M::mem_pestat] (25, 50, 75) percentile: (278, 373, 489)
[M::mem_pestat] low and high boundaries for computing mean and std.dev: (1, 911)
[M::mem_pestat] mean and std.dev: (391.96, 156.77)
[M::mem_pestat] low and high boundaries for proper pairs: (1, 1122)
[M::mem_pestat] analyzing insert size distribution for orientation RF...
[M::mem_pestat] (25, 50, 75) percentile: (157, 584, 2882)
[M::mem_pestat] low and high boundaries for computing mean and std.dev: (1, 8332)
[M::mem_pestat] mean and std.dev: (1637.09, 2035.53)
[M::mem_pestat] low and high boundaries for proper pairs: (1, 11057)
[M::mem_pestat] analyzing insert size distribution for orientation RR...
[M::mem_pestat] (25, 50, 75) percentile: (200, 281, 609)
[M::mem_pestat] low and high boundaries for computing mean and std.dev: (1, 1427)
[M::mem_pestat] mean and std.dev: (339.96, 329.95)
[M::mem_pestat] low and high boundaries for proper pairs: (1, 1836)
[M::mem_pestat] skip orientation FF
[M::mem_pestat] skip orientation RF
[M::mem_pestat] skip orientation RR
[M::process] read 1473154 sequences (200000071 bp)...
[M::mem_process_seqs] Processed 1466378 reads in 461.703 CPU sec, 49.994 real sec
[M::mem_pestat] # candidate unique pairs for (FF, FR, RF, RR): (21, 548566, 120, 31)
[M::mem_pestat] analyzing insert size distribution for orientation FF...
[M::mem_pestat] (25, 50, 75) percentile: (224, 625, 1698)
[M::mem_pestat] low and high boundaries for computing mean and std.dev: (1, 4646)
[M::mem_pestat] mean and std.dev: (723.05, 646.06)
[M::mem_pestat] low and high boundaries for proper pairs: (1, 6120)
[M::mem_pestat] analyzing insert size distribution for orientation FR...
[M::mem_pestat] (25, 50, 75) percentile: (271, 365, 474)
[M::mem_pestat] low and high boundaries for computing mean and std.dev: (1, 880)
[M::mem_pestat] mean and std.dev: (380.69, 149.14)
[M::mem_pestat] low and high boundaries for proper pairs: (1, 1083)
[M::mem_pestat] analyzing insert size distribution for orientation RF...
[M::mem_pestat] (25, 50, 75) percentile: (107, 701, 2980)
[M::mem_pestat] low and high boundaries for computing mean and std.dev: (1, 8726)
[M::mem_pestat] mean and std.dev: (1673.37, 2137.20)
[M::mem_pestat] low and high boundaries for proper pairs: (1, 11599)
[M::mem_pestat] analyzing insert size distribution for orientation RR...
[M::mem_pestat] (25, 50, 75) percentile: (192, 513, 1783)
[M::mem_pestat] low and high boundaries for computing mean and std.dev: (1, 4965)
[M::mem_pestat] mean and std.dev: (816.22, 941.17)
[M::mem_pestat] low and high boundaries for proper pairs: (1, 6556)
[M::mem_pestat] skip orientation FF
[M::mem_pestat] skip orientation RF
[M::mem_pestat] skip orientation RR
[M::process] read 1467800 sequences (200000216 bp)...
[M::mem_process_seqs] Processed 1473154 reads in 462.693 CPU sec, 50.342 real sec
[M::mem_pestat] # candidate unique pairs for (FF, FR, RF, RR): (26, 550989, 124, 31)
[M::mem_pestat] analyzing insert size distribution for orientation FF...
[M::mem_pestat] (25, 50, 75) percentile: (473, 821, 1993)
[M::mem_pestat] low and high boundaries for computing mean and std.dev: (1, 5033)
[M::mem_pestat] mean and std.dev: (1420.16, 1484.66)
[M::mem_pestat] low and high boundaries for proper pairs: (1, 7359)
[M::mem_pestat] analyzing insert size distribution for orientation FR...
[M::mem_pestat] (25, 50, 75) percentile: (272, 367, 480)
[M::mem_pestat] low and high boundaries for computing mean and std.dev: (1, 896)
[M::mem_pestat] mean and std.dev: (384.46, 154.34)
[M::mem_pestat] low and high boundaries for proper pairs: (1, 1104)
[M::mem_pestat] analyzing insert size distribution for orientation RF...
[M::mem_pestat] (25, 50, 75) percentile: (156, 567, 3667)
[M::mem_pestat] low and high boundaries for computing mean and std.dev: (1, 10689)
[M::mem_pestat] mean and std.dev: (2024.96, 2536.32)
[M::mem_pestat] low and high boundaries for proper pairs: (1, 14200)
[M::mem_pestat] analyzing insert size distribution for orientation RR...
[M::mem_pestat] (25, 50, 75) percentile: (352, 680, 3695)
[M::mem_pestat] low and high boundaries for computing mean and std.dev: (1, 10381)
[M::mem_pestat] mean and std.dev: (2076.32, 2559.19)
[M::mem_pestat] low and high boundaries for proper pairs: (1, 13724)
[M::mem_pestat] skip orientation FF
[M::mem_pestat] skip orientation RF
[M::mem_pestat] skip orientation RR
[M::process] read 1467288 sequences (200000005 bp)...
[M::mem_process_seqs] Processed 1467800 reads in 454.973 CPU sec, 49.331 real sec
[M::mem_pestat] # candidate unique pairs for (FF, FR, RF, RR): (25, 548300, 127, 26)
[M::mem_pestat] analyzing insert size distribution for orientation FF...
[M::mem_pestat] (25, 50, 75) percentile: (152, 449, 1185)
[M::mem_pestat] low and high boundaries for computing mean and std.dev: (1, 3251)
[M::mem_pestat] mean and std.dev: (572.61, 577.30)
[M::mem_pestat] low and high boundaries for proper pairs: (1, 4284)
[M::mem_pestat] analyzing insert size distribution for orientation FR...
[M::mem_pestat] (25, 50, 75) percentile: (275, 371, 484)
[M::mem_pestat] low and high boundaries for computing mean and std.dev: (1, 902)
[M::mem_pestat] mean and std.dev: (388.37, 155.24)
[M::mem_pestat] low and high boundaries for proper pairs: (1, 1111)
[M::mem_pestat] analyzing insert size distribution for orientation RF...
[M::mem_pestat] (25, 50, 75) percentile: (62, 390, 1679)
[M::mem_pestat] low and high boundaries for computing mean and std.dev: (1, 4913)
[M::mem_pestat] mean and std.dev: (907.97, 1281.49)
[M::mem_pestat] low and high boundaries for proper pairs: (1, 6530)
[M::mem_pestat] analyzing insert size distribution for orientation RR...
[M::mem_pestat] (25, 50, 75) percentile: (127, 304, 588)
[M::mem_pestat] low and high boundaries for computing mean and std.dev: (1, 1510)
[M::mem_pestat] mean and std.dev: (352.32, 321.03)
[M::mem_pestat] low and high boundaries for proper pairs: (1, 1971)
[M::mem_pestat] skip orientation FF
[M::mem_pestat] skip orientation RF
[M::mem_pestat] skip orientation RR
[M::process] read 1474020 sequences (200000037 bp)...
[M::mem_process_seqs] Processed 1467288 reads in 460.088 CPU sec, 49.833 real sec
[M::mem_pestat] # candidate unique pairs for (FF, FR, RF, RR): (16, 548491, 130, 16)
[M::mem_pestat] analyzing insert size distribution for orientation FF...
[M::mem_pestat] (25, 50, 75) percentile: (247, 533, 960)
[M::mem_pestat] low and high boundaries for computing mean and std.dev: (1, 2386)
[M::mem_pestat] mean and std.dev: (484.43, 338.69)
[M::mem_pestat] low and high boundaries for proper pairs: (1, 3099)
[M::mem_pestat] analyzing insert size distribution for orientation FR...
[M::mem_pestat] (25, 50, 75) percentile: (273, 368, 478)
[M::mem_pestat] low and high boundaries for computing mean and std.dev: (1, 888)
[M::mem_pestat] mean and std.dev: (384.10, 151.69)
[M::mem_pestat] low and high boundaries for proper pairs: (1, 1093)
[M::mem_pestat] analyzing insert size distribution for orientation RF...
[M::mem_pestat] (25, 50, 75) percentile: (60, 552, 2988)
[M::mem_pestat] low and high boundaries for computing mean and std.dev: (1, 8844)
[M::mem_pestat] mean and std.dev: (1631.42, 2173.42)
[M::mem_pestat] low and high boundaries for proper pairs: (1, 11772)
[M::mem_pestat] analyzing insert size distribution for orientation RR...
[M::mem_pestat] (25, 50, 75) percentile: (152, 208, 471)
[M::mem_pestat] low and high boundaries for computing mean and std.dev: (1, 1109)
[M::mem_pestat] mean and std.dev: (295.47, 232.28)
[M::mem_pestat] low and high boundaries for proper pairs: (1, 1428)
[M::mem_pestat] skip orientation FF
[M::mem_pestat] skip orientation RF
[M::mem_pestat] skip orientation RR
[M::process] read 1520724 sequences (200000095 bp)...
[M::mem_process_seqs] Processed 1474020 reads in 485.903 CPU sec, 52.860 real sec
[M::process] read 1488516 sequences (200000208 bp)...
[M::mem_pestat] # candidate unique pairs for (FF, FR, RF, RR): (30, 541021, 128, 29)
[M::mem_pestat] analyzing insert size distribution for orientation FF...
[M::mem_pestat] (25, 50, 75) percentile: (282, 771, 1356)
[M::mem_pestat] low and high boundaries for computing mean and std.dev: (1, 3504)
[M::mem_pestat] mean and std.dev: (686.68, 505.16)
[M::mem_pestat] low and high boundaries for proper pairs: (1, 4578)
[M::mem_pestat] analyzing insert size distribution for orientation FR...
[M::mem_pestat] (25, 50, 75) percentile: (279, 376, 493)
[M::mem_pestat] low and high boundaries for computing mean and std.dev: (1, 921)
[M::mem_pestat] mean and std.dev: (394.63, 159.48)
[M::mem_pestat] low and high boundaries for proper pairs: (1, 1135)
[M::mem_pestat] analyzing insert size distribution for orientation RF...
[M::mem_pestat] (25, 50, 75) percentile: (185, 762, 3535)
[M::mem_pestat] low and high boundaries for computing mean and std.dev: (1, 10235)
[M::mem_pestat] mean and std.dev: (2020.23, 2594.05)
[M::mem_pestat] low and high boundaries for proper pairs: (1, 13585)
[M::mem_pestat] analyzing insert size distribution for orientation RR...
[M::mem_pestat] (25, 50, 75) percentile: (93, 247, 1009)
[M::mem_pestat] low and high boundaries for computing mean and std.dev: (1, 2841)
[M::mem_pestat] mean and std.dev: (487.48, 612.31)
[M::mem_pestat] low and high boundaries for proper pairs: (1, 3757)
[M::mem_pestat] skip orientation FF
[M::mem_pestat] skip orientation RF
[M::mem_pestat] skip orientation RR
[M::mem_process_seqs] Processed 1520724 reads in 610.808 CPU sec, 74.516 real sec
[M::mem_pestat] # candidate unique pairs for (FF, FR, RF, RR): (24, 549760, 119, 29)
[M::mem_pestat] analyzing insert size distribution for orientation FF...
[M::mem_pestat] (25, 50, 75) percentile: (253, 458, 1125)
[M::mem_pestat] low and high boundaries for computing mean and std.dev: (1, 2869)
[M::mem_pestat] mean and std.dev: (485.35, 356.00)
[M::mem_pestat] low and high boundaries for proper pairs: (1, 3741)
[M::mem_pestat] analyzing insert size distribution for orientation FR...
[M::mem_pestat] (25, 50, 75) percentile: (279, 377, 494)
[M::mem_pestat] low and high boundaries for computing mean and std.dev: (1, 924)
[M::mem_pestat] mean and std.dev: (395.44, 159.89)
[M::mem_pestat] low and high boundaries for proper pairs: (1, 1139)
[M::mem_pestat] analyzing insert size distribution for orientation RF...
[M::mem_pestat] (25, 50, 75) percentile: (75, 694, 2576)
[M::mem_pestat] low and high boundaries for computing mean and std.dev: (1, 7578)
[M::mem_pestat] mean and std.dev: (1532.86, 1851.41)
[M::mem_pestat] low and high boundaries for proper pairs: (1, 10079)
[M::mem_pestat] analyzing insert size distribution for orientation RR...
[M::mem_pestat] (25, 50, 75) percentile: (162, 302, 1310)
[M::mem_pestat] low and high boundaries for computing mean and std.dev: (1, 3606)
[M::mem_pestat] mean and std.dev: (614.52, 745.85)
[M::mem_pestat] low and high boundaries for proper pairs: (1, 4754)
[M::mem_pestat] skip orientation FF
[M::mem_pestat] skip orientation RF
[M::mem_pestat] skip orientation RR
[M::process] read 1497702 sequences (200000144 bp)...
[M::mem_process_seqs] Processed 1488516 reads in 521.235 CPU sec, 56.131 real sec
[M::mem_pestat] # candidate unique pairs for (FF, FR, RF, RR): (23, 555027, 140, 31)
[M::mem_pestat] analyzing insert size distribution for orientation FF...
[M::mem_pestat] (25, 50, 75) percentile: (189, 722, 1863)
[M::mem_pestat] low and high boundaries for computing mean and std.dev: (1, 5211)
[M::mem_pestat] mean and std.dev: (1155.43, 1311.12)
[M::mem_pestat] low and high boundaries for proper pairs: (1, 6885)
[M::mem_pestat] analyzing insert size distribution for orientation FR...
[M::mem_pestat] (25, 50, 75) percentile: (278, 375, 491)
[M::mem_pestat] low and high boundaries for computing mean and std.dev: (1, 917)
[M::mem_pestat] mean and std.dev: (393.28, 158.38)
[M::mem_pestat] low and high boundaries for proper pairs: (1, 1130)
[M::mem_pestat] analyzing insert size distribution for orientation RF...
[M::mem_pestat] (25, 50, 75) percentile: (66, 539, 2556)
[M::mem_pestat] low and high boundaries for computing mean and std.dev: (1, 7536)
[M::mem_pestat] mean and std.dev: (1321.83, 1791.66)
[M::mem_pestat] low and high boundaries for proper pairs: (1, 10026)
[M::mem_pestat] analyzing insert size distribution for orientation RR...
[M::mem_pestat] (25, 50, 75) percentile: (213, 352, 1541)
[M::mem_pestat] low and high boundaries for computing mean and std.dev: (1, 4197)
[M::mem_pestat] mean and std.dev: (484.72, 577.01)
[M::mem_pestat] low and high boundaries for proper pairs: (1, 5525)
[M::mem_pestat] skip orientation FF
[M::mem_pestat] skip orientation RF
[M::mem_pestat] skip orientation RR
[M::process] read 1473952 sequences (200000143 bp)...
[M::mem_process_seqs] Processed 1497702 reads in 481.105 CPU sec, 51.995 real sec
[M::mem_pestat] # candidate unique pairs for (FF, FR, RF, RR): (28, 549892, 122, 31)
[M::mem_pestat] analyzing insert size distribution for orientation FF...
[M::mem_pestat] (25, 50, 75) percentile: (225, 465, 642)
[M::mem_pestat] low and high boundaries for computing mean and std.dev: (1, 1476)
[M::mem_pestat] mean and std.dev: (462.22, 335.28)
[M::mem_pestat] low and high boundaries for proper pairs: (1, 1893)
[M::mem_pestat] analyzing insert size distribution for orientation FR...
[M::mem_pestat] (25, 50, 75) percentile: (283, 381, 502)
[M::mem_pestat] low and high boundaries for computing mean and std.dev: (1, 940)
[M::mem_pestat] mean and std.dev: (401.65, 164.15)
[M::mem_pestat] low and high boundaries for proper pairs: (1, 1159)
[M::mem_pestat] analyzing insert size distribution for orientation RF...
[M::mem_pestat] (25, 50, 75) percentile: (65, 906, 3508)
[M::mem_pestat] low and high boundaries for computing mean and std.dev: (1, 10394)
[M::mem_pestat] mean and std.dev: (2087.63, 2586.29)
[M::mem_pestat] low and high boundaries for proper pairs: (1, 13837)
[M::mem_pestat] analyzing insert size distribution for orientation RR...
[M::mem_pestat] (25, 50, 75) percentile: (220, 415, 1281)
[M::mem_pestat] low and high boundaries for computing mean and std.dev: (1, 3403)
[M::mem_pestat] mean and std.dev: (627.71, 746.27)
[M::mem_pestat] low and high boundaries for proper pairs: (1, 4464)
[M::mem_pestat] skip orientation FF
[M::mem_pestat] skip orientation RF
[M::mem_pestat] skip orientation RR
[M::process] read 1478772 sequences (200000053 bp)...
[M::mem_process_seqs] Processed 1473952 reads in 493.948 CPU sec, 53.262 real sec
[M::mem_pestat] # candidate unique pairs for (FF, FR, RF, RR): (24, 550044, 117, 30)
[M::mem_pestat] analyzing insert size distribution for orientation FF...
[M::mem_pestat] (25, 50, 75) percentile: (262, 565, 1181)
[M::mem_pestat] low and high boundaries for computing mean and std.dev: (1, 3019)
[M::mem_pestat] mean and std.dev: (575.85, 608.69)
[M::mem_pestat] low and high boundaries for proper pairs: (1, 3938)
[M::mem_pestat] analyzing insert size distribution for orientation FR...
[M::mem_pestat] (25, 50, 75) percentile: (280, 378, 496)
[M::mem_pestat] low and high boundaries for computing mean and std.dev: (1, 928)
[M::mem_pestat] mean and std.dev: (397.15, 160.34)
[M::mem_pestat] low and high boundaries for proper pairs: (1, 1144)
[M::mem_pestat] analyzing insert size distribution for orientation RF...
[M::mem_pestat] (25, 50, 75) percentile: (66, 307, 3003)
[M::mem_pestat] low and high boundaries for computing mean and std.dev: (1, 8877)
[M::mem_pestat] mean and std.dev: (1459.39, 2035.69)
[M::mem_pestat] low and high boundaries for proper pairs: (1, 11814)
[M::mem_pestat] analyzing insert size distribution for orientation RR...
[M::mem_pestat] (25, 50, 75) percentile: (172, 468, 1013)
[M::mem_pestat] low and high boundaries for computing mean and std.dev: (1, 2695)
[M::mem_pestat] mean and std.dev: (384.08, 293.53)
[M::mem_pestat] low and high boundaries for proper pairs: (1, 3536)
[M::mem_pestat] skip orientation FF
[M::mem_pestat] skip orientation RF
[M::mem_pestat] skip orientation RR
[M::process] read 1477192 sequences (200000151 bp)...
[M::mem_process_seqs] Processed 1478772 reads in 502.800 CPU sec, 54.099 real sec
[M::mem_pestat] # candidate unique pairs for (FF, FR, RF, RR): (27, 549518, 138, 28)
[M::mem_pestat] analyzing insert size distribution for orientation FF...
[M::mem_pestat] (25, 50, 75) percentile: (213, 368, 744)
[M::mem_pestat] low and high boundaries for computing mean and std.dev: (1, 1806)
[M::mem_pestat] mean and std.dev: (442.08, 364.24)
[M::mem_pestat] low and high boundaries for proper pairs: (1, 2337)
[M::mem_pestat] analyzing insert size distribution for orientation FR...
[M::mem_pestat] (25, 50, 75) percentile: (278, 374, 490)
[M::mem_pestat] low and high boundaries for computing mean and std.dev: (1, 914)
[M::mem_pestat] mean and std.dev: (392.52, 157.54)
[M::mem_pestat] low and high boundaries for proper pairs: (1, 1126)
[M::mem_pestat] analyzing insert size distribution for orientation RF...
[M::mem_pestat] (25, 50, 75) percentile: (91, 622, 3083)
[M::mem_pestat] low and high boundaries for computing mean and std.dev: (1, 9067)
[M::mem_pestat] mean and std.dev: (1880.39, 2389.41)
[M::mem_pestat] low and high boundaries for proper pairs: (1, 12059)
[M::mem_pestat] analyzing insert size distribution for orientation RR...
[M::mem_pestat] (25, 50, 75) percentile: (177, 317, 1457)
[M::mem_pestat] low and high boundaries for computing mean and std.dev: (1, 4017)
[M::mem_pestat] mean and std.dev: (511.96, 573.19)
[M::mem_pestat] low and high boundaries for proper pairs: (1, 5297)
[M::mem_pestat] skip orientation FF
[M::mem_pestat] skip orientation RF
[M::mem_pestat] skip orientation RR
[M::mem_process_seqs] Processed 1477192 reads in 478.203 CPU sec, 77.761 real sec
[M::process] read 1470838 sequences (200000037 bp)...
[M::process] read 1474164 sequences (200000074 bp)...
[M::mem_pestat] # candidate unique pairs for (FF, FR, RF, RR): (28, 547568, 147, 37)
[M::mem_pestat] analyzing insert size distribution for orientation FF...
[M::mem_pestat] (25, 50, 75) percentile: (272, 400, 1491)
[M::mem_pestat] low and high boundaries for computing mean and std.dev: (1, 3929)
[M::mem_pestat] mean and std.dev: (667.72, 690.29)
[M::mem_pestat] low and high boundaries for proper pairs: (1, 5148)
[M::mem_pestat] analyzing insert size distribution for orientation FR...
[M::mem_pestat] (25, 50, 75) percentile: (281, 380, 501)
[M::mem_pestat] low and high boundaries for computing mean and std.dev: (1, 941)
[M::mem_pestat] mean and std.dev: (400.27, 164.44)
[M::mem_pestat] low and high boundaries for proper pairs: (1, 1161)
[M::mem_pestat] analyzing insert size distribution for orientation RF...
[M::mem_pestat] (25, 50, 75) percentile: (224, 1326, 3231)
[M::mem_pestat] low and high boundaries for computing mean and std.dev: (1, 9245)
[M::mem_pestat] mean and std.dev: (1933.49, 2115.59)
[M::mem_pestat] low and high boundaries for proper pairs: (1, 12252)
[M::mem_pestat] analyzing insert size distribution for orientation RR...
[M::mem_pestat] (25, 50, 75) percentile: (121, 320, 1024)
[M::mem_pestat] low and high boundaries for computing mean and std.dev: (1, 2830)
[M::mem_pestat] mean and std.dev: (557.85, 623.78)
[M::mem_pestat] low and high boundaries for proper pairs: (1, 3733)
[M::mem_pestat] skip orientation FF
[M::mem_pestat] skip orientation RF
[M::mem_pestat] skip orientation RR
[M::mem_process_seqs] Processed 1470838 reads in 474.171 CPU sec, 49.944 real sec
[M::mem_pestat] # candidate unique pairs for (FF, FR, RF, RR): (25, 547536, 131, 30)
[M::mem_pestat] analyzing insert size distribution for orientation FF...
[M::mem_pestat] (25, 50, 75) percentile: (268, 643, 3012)
[M::mem_pestat] low and high boundaries for computing mean and std.dev: (1, 8500)
[M::mem_pestat] mean and std.dev: (1444.60, 1527.59)
[M::mem_pestat] low and high boundaries for proper pairs: (1, 11244)
[M::mem_pestat] analyzing insert size distribution for orientation FR...
[M::mem_pestat] (25, 50, 75) percentile: (279, 377, 496)
[M::mem_pestat] low and high boundaries for computing mean and std.dev: (1, 930)
[M::mem_pestat] mean and std.dev: (396.95, 161.18)
[M::mem_pestat] low and high boundaries for proper pairs: (1, 1147)
[M::mem_pestat] analyzing insert size distribution for orientation RF...
[M::mem_pestat] (25, 50, 75) percentile: (99, 445, 2465)
[M::mem_pestat] low and high boundaries for computing mean and std.dev: (1, 7197)
[M::mem_pestat] mean and std.dev: (1253.71, 1600.31)
[M::mem_pestat] low and high boundaries for proper pairs: (1, 9563)
[M::mem_pestat] analyzing insert size distribution for orientation RR...
[M::mem_pestat] (25, 50, 75) percentile: (155, 270, 492)
[M::mem_pestat] low and high boundaries for computing mean and std.dev: (1, 1166)
[M::mem_pestat] mean and std.dev: (346.23, 246.89)
[M::mem_pestat] low and high boundaries for proper pairs: (1, 1503)
[M::mem_pestat] skip orientation FF
[M::mem_pestat] skip orientation RF
[M::mem_pestat] skip orientation RR
[M::process] read 1476824 sequences (200000172 bp)...
[M::mem_process_seqs] Processed 1474164 reads in 497.117 CPU sec, 53.556 real sec
[M::mem_pestat] # candidate unique pairs for (FF, FR, RF, RR): (24, 549841, 116, 19)
[M::mem_pestat] analyzing insert size distribution for orientation FF...
[M::mem_pestat] (25, 50, 75) percentile: (274, 525, 4369)
[M::mem_pestat] low and high boundaries for computing mean and std.dev: (1, 12559)
[M::mem_pestat] mean and std.dev: (2302.12, 3206.38)
[M::mem_pestat] low and high boundaries for proper pairs: (1, 16654)
[M::mem_pestat] analyzing insert size distribution for orientation FR...
[M::mem_pestat] (25, 50, 75) percentile: (277, 373, 488)
[M::mem_pestat] low and high boundaries for computing mean and std.dev: (1, 910)
[M::mem_pestat] mean and std.dev: (390.81, 157.24)
[M::mem_pestat] low and high boundaries for proper pairs: (1, 1121)
[M::mem_pestat] analyzing insert size distribution for orientation RF...
[M::mem_pestat] (25, 50, 75) percentile: (90, 560, 3524)
[M::mem_pestat] low and high boundaries for computing mean and std.dev: (1, 10392)
[M::mem_pestat] mean and std.dev: (2037.22, 2676.06)
[M::mem_pestat] low and high boundaries for proper pairs: (1, 13826)
[M::mem_pestat] analyzing insert size distribution for orientation RR...
[M::mem_pestat] (25, 50, 75) percentile: (171, 308, 4211)
[M::mem_pestat] low and high boundaries for computing mean and std.dev: (1, 12291)
[M::mem_pestat] mean and std.dev: (2017.79, 2822.55)
[M::mem_pestat] low and high boundaries for proper pairs: (1, 16331)
[M::mem_pestat] skip orientation FF
[M::mem_pestat] skip orientation RF
[M::mem_pestat] skip orientation RR
[M::process] read 1470764 sequences (200000199 bp)...
[M::mem_process_seqs] Processed 1476824 reads in 466.697 CPU sec, 50.476 real sec
[M::mem_pestat] # candidate unique pairs for (FF, FR, RF, RR): (23, 548884, 127, 30)
[M::mem_pestat] analyzing insert size distribution for orientation FF...
[M::mem_pestat] (25, 50, 75) percentile: (371, 652, 1903)
[M::mem_pestat] low and high boundaries for computing mean and std.dev: (1, 4967)
[M::mem_pestat] mean and std.dev: (1014.68, 1051.36)
[M::mem_pestat] low and high boundaries for proper pairs: (1, 6499)
[M::mem_pestat] analyzing insert size distribution for orientation FR...
[M::mem_pestat] (25, 50, 75) percentile: (281, 379, 499)
[M::mem_pestat] low and high boundaries for computing mean and std.dev: (1, 935)
[M::mem_pestat] mean and std.dev: (399.11, 163.33)
[M::mem_pestat] low and high boundaries for proper pairs: (1, 1153)
[M::mem_pestat] analyzing insert size distribution for orientation RF...
[M::mem_pestat] (25, 50, 75) percentile: (93, 484, 3041)
[M::mem_pestat] low and high boundaries for computing mean and std.dev: (1, 8937)
[M::mem_pestat] mean and std.dev: (1609.36, 2235.28)
[M::mem_pestat] low and high boundaries for proper pairs: (1, 11885)
[M::mem_pestat] analyzing insert size distribution for orientation RR...
[M::mem_pestat] (25, 50, 75) percentile: (165, 308, 608)
[M::mem_pestat] low and high boundaries for computing mean and std.dev: (1, 1494)
[M::mem_pestat] mean and std.dev: (295.38, 214.46)
[M::mem_pestat] low and high boundaries for proper pairs: (1, 1937)
[M::mem_pestat] skip orientation FF
[M::mem_pestat] skip orientation RF
[M::mem_pestat] skip orientation RR
[M::process] read 1472656 sequences (200000111 bp)...
[M::mem_process_seqs] Processed 1470764 reads in 477.464 CPU sec, 51.588 real sec
[M::mem_pestat] # candidate unique pairs for (FF, FR, RF, RR): (31, 547719, 130, 30)
[M::mem_pestat] analyzing insert size distribution for orientation FF...
[M::mem_pestat] (25, 50, 75) percentile: (353, 716, 1967)
[M::mem_pestat] low and high boundaries for computing mean and std.dev: (1, 5195)
[M::mem_pestat] mean and std.dev: (1072.80, 1031.02)
[M::mem_pestat] low and high boundaries for proper pairs: (1, 6809)
[M::mem_pestat] analyzing insert size distribution for orientation FR...
[M::mem_pestat] (25, 50, 75) percentile: (279, 376, 495)
[M::mem_pestat] low and high boundaries for computing mean and std.dev: (1, 927)
[M::mem_pestat] mean and std.dev: (395.98, 160.83)
[M::mem_pestat] low and high boundaries for proper pairs: (1, 1143)
[M::mem_pestat] analyzing insert size distribution for orientation RF...
[M::mem_pestat] (25, 50, 75) percentile: (76, 511, 2862)
[M::mem_pestat] low and high boundaries for computing mean and std.dev: (1, 8434)
[M::mem_pestat] mean and std.dev: (1606.59, 2161.39)
[M::mem_pestat] low and high boundaries for proper pairs: (1, 11220)
[M::mem_pestat] analyzing insert size distribution for orientation RR...
[M::mem_pestat] (25, 50, 75) percentile: (180, 277, 2219)
[M::mem_pestat] low and high boundaries for computing mean and std.dev: (1, 6297)
[M::mem_pestat] mean and std.dev: (1110.31, 1423.10)
[M::mem_pestat] low and high boundaries for proper pairs: (1, 8336)
[M::mem_pestat] skip orientation FF
[M::mem_pestat] skip orientation RF
[M::mem_pestat] skip orientation RR
[M::mem_process_seqs] Processed 1472656 reads in 487.138 CPU sec, 90.255 real sec
[M::process] read 1476060 sequences (200000140 bp)...
[M::process] read 1475310 sequences (200000066 bp)...
[M::mem_pestat] # candidate unique pairs for (FF, FR, RF, RR): (27, 550315, 124, 31)
[M::mem_pestat] analyzing insert size distribution for orientation FF...
[M::mem_pestat] (25, 50, 75) percentile: (203, 315, 713)
[M::mem_pestat] low and high boundaries for computing mean and std.dev: (1, 1733)
[M::mem_pestat] mean and std.dev: (435.46, 402.46)
[M::mem_pestat] low and high boundaries for proper pairs: (1, 2243)
[M::mem_pestat] analyzing insert size distribution for orientation FR...
[M::mem_pestat] (25, 50, 75) percentile: (276, 372, 487)
[M::mem_pestat] low and high boundaries for computing mean and std.dev: (1, 909)
[M::mem_pestat] mean and std.dev: (390.25, 157.13)
[M::mem_pestat] low and high boundaries for proper pairs: (1, 1120)
[M::mem_pestat] analyzing insert size distribution for orientation RF...
[M::mem_pestat] (25, 50, 75) percentile: (107, 755, 3523)
[M::mem_pestat] low and high boundaries for computing mean and std.dev: (1, 10355)
[M::mem_pestat] mean and std.dev: (2047.02, 2495.51)
[M::mem_pestat] low and high boundaries for proper pairs: (1, 13771)
[M::mem_pestat] analyzing insert size distribution for orientation RR...
[M::mem_pestat] (25, 50, 75) percentile: (125, 343, 971)
[M::mem_pestat] low and high boundaries for computing mean and std.dev: (1, 2663)
[M::mem_pestat] mean and std.dev: (517.96, 576.21)
[M::mem_pestat] low and high boundaries for proper pairs: (1, 3509)
[M::mem_pestat] skip orientation FF
[M::mem_pestat] skip orientation RF
[M::mem_pestat] skip orientation RR
[M::mem_process_seqs] Processed 1476060 reads in 459.313 CPU sec, 46.530 real sec
[M::mem_pestat] # candidate unique pairs for (FF, FR, RF, RR): (21, 549880, 151, 34)
[M::mem_pestat] analyzing insert size distribution for orientation FF...
[M::mem_pestat] (25, 50, 75) percentile: (349, 748, 1340)
[M::mem_pestat] low and high boundaries for computing mean and std.dev: (1, 3322)
[M::mem_pestat] mean and std.dev: (715.33, 461.68)
[M::mem_pestat] low and high boundaries for proper pairs: (1, 4313)
[M::mem_pestat] analyzing insert size distribution for orientation FR...
[M::mem_pestat] (25, 50, 75) percentile: (280, 377, 495)
[M::mem_pestat] low and high boundaries for computing mean and std.dev: (1, 925)
[M::mem_pestat] mean and std.dev: (396.38, 160.89)
[M::mem_pestat] low and high boundaries for proper pairs: (1, 1140)
[M::mem_pestat] analyzing insert size distribution for orientation RF...
[M::mem_pestat] (25, 50, 75) percentile: (115, 636, 2499)
[M::mem_pestat] low and high boundaries for computing mean and std.dev: (1, 7267)
[M::mem_pestat] mean and std.dev: (1333.16, 1652.16)
[M::mem_pestat] low and high boundaries for proper pairs: (1, 9651)
[M::mem_pestat] analyzing insert size distribution for orientation RR...
[M::mem_pestat] (25, 50, 75) percentile: (141, 256, 549)
[M::mem_pestat] low and high boundaries for computing mean and std.dev: (1, 1365)
[M::mem_pestat] mean and std.dev: (256.18, 196.16)
[M::mem_pestat] low and high boundaries for proper pairs: (1, 1773)
[M::mem_pestat] skip orientation FF
[M::mem_pestat] skip orientation RF
[M::mem_pestat] skip orientation RR
[M::process] read 1480546 sequences (200000040 bp)...
[M::mem_process_seqs] Processed 1475310 reads in 478.264 CPU sec, 51.626 real sec
[M::mem_pestat] # candidate unique pairs for (FF, FR, RF, RR): (18, 549452, 147, 30)
[M::mem_pestat] analyzing insert size distribution for orientation FF...
[M::mem_pestat] (25, 50, 75) percentile: (295, 930, 1353)
[M::mem_pestat] low and high boundaries for computing mean and std.dev: (1, 3469)
[M::mem_pestat] mean and std.dev: (979.39, 827.40)
[M::mem_pestat] low and high boundaries for proper pairs: (1, 4527)
[M::mem_pestat] analyzing insert size distribution for orientation FR...
[M::mem_pestat] (25, 50, 75) percentile: (278, 374, 489)
[M::mem_pestat] low and high boundaries for computing mean and std.dev: (1, 911)
[M::mem_pestat] mean and std.dev: (392.18, 156.81)
[M::mem_pestat] low and high boundaries for proper pairs: (1, 1122)
[M::mem_pestat] analyzing insert size distribution for orientation RF...
[M::mem_pestat] (25, 50, 75) percentile: (48, 363, 3531)
[M::mem_pestat] low and high boundaries for computing mean and std.dev: (1, 10497)
[M::mem_pestat] mean and std.dev: (1983.50, 2679.89)
[M::mem_pestat] low and high boundaries for proper pairs: (1, 13980)
[M::mem_pestat] analyzing insert size distribution for orientation RR...
[M::mem_pestat] (25, 50, 75) percentile: (145, 405, 1197)
[M::mem_pestat] low and high boundaries for computing mean and std.dev: (1, 3301)
[M::mem_pestat] mean and std.dev: (526.27, 616.27)
[M::mem_pestat] low and high boundaries for proper pairs: (1, 4353)
[M::mem_pestat] skip orientation FF
[M::mem_pestat] skip orientation RF
[M::mem_pestat] skip orientation RR
[M::process] read 1485508 sequences (200000060 bp)...
[M::mem_process_seqs] Processed 1480546 reads in 471.908 CPU sec, 51.009 real sec
[M::process] read 1482288 sequences (200000114 bp)...
[M::mem_pestat] # candidate unique pairs for (FF, FR, RF, RR): (35, 554086, 125, 30)
[M::mem_pestat] analyzing insert size distribution for orientation FF...
[M::mem_pestat] (25, 50, 75) percentile: (393, 618, 3351)
[M::mem_pestat] low and high boundaries for computing mean and std.dev: (1, 9267)
[M::mem_pestat] mean and std.dev: (1583.89, 1717.82)
[M::mem_pestat] low and high boundaries for proper pairs: (1, 12225)
[M::mem_pestat] analyzing insert size distribution for orientation FR...
[M::mem_pestat] (25, 50, 75) percentile: (271, 366, 477)
[M::mem_pestat] low and high boundaries for computing mean and std.dev: (1, 889)
[M::mem_pestat] mean and std.dev: (382.85, 152.72)
[M::mem_pestat] low and high boundaries for proper pairs: (1, 1095)
[M::mem_pestat] analyzing insert size distribution for orientation RF...
[M::mem_pestat] (25, 50, 75) percentile: (123, 688, 2558)
[M::mem_pestat] low and high boundaries for computing mean and std.dev: (1, 7428)
[M::mem_pestat] mean and std.dev: (1421.18, 1826.79)
[M::mem_pestat] low and high boundaries for proper pairs: (1, 9863)
[M::mem_pestat] analyzing insert size distribution for orientation RR...
[M::mem_pestat] (25, 50, 75) percentile: (160, 473, 1008)
[M::mem_pestat] low and high boundaries for computing mean and std.dev: (1, 2704)
[M::mem_pestat] mean and std.dev: (505.42, 454.76)
[M::mem_pestat] low and high boundaries for proper pairs: (1, 3552)
[M::mem_pestat] skip orientation FF
[M::mem_pestat] skip orientation RF
[M::mem_pestat] skip orientation RR
[M::mem_process_seqs] Processed 1485508 reads in 506.759 CPU sec, 54.554 real sec
[M::mem_pestat] # candidate unique pairs for (FF, FR, RF, RR): (28, 551322, 151, 31)
[M::mem_pestat] analyzing insert size distribution for orientation FF...
[M::mem_pestat] (25, 50, 75) percentile: (250, 588, 2108)
[M::mem_pestat] low and high boundaries for computing mean and std.dev: (1, 5824)
[M::mem_pestat] mean and std.dev: (1260.00, 1459.20)
[M::mem_pestat] low and high boundaries for proper pairs: (1, 7682)
[M::mem_pestat] analyzing insert size distribution for orientation FR...
[M::mem_pestat] (25, 50, 75) percentile: (277, 372, 486)
[M::mem_pestat] low and high boundaries for computing mean and std.dev: (1, 904)
[M::mem_pestat] mean and std.dev: (389.84, 155.86)
[M::mem_pestat] low and high boundaries for proper pairs: (1, 1113)
[M::mem_pestat] analyzing insert size distribution for orientation RF...
[M::mem_pestat] (25, 50, 75) percentile: (88, 332, 1598)
[M::mem_pestat] low and high boundaries for computing mean and std.dev: (1, 4618)
[M::mem_pestat] mean and std.dev: (692.90, 1046.75)
[M::mem_pestat] low and high boundaries for proper pairs: (1, 6128)
[M::mem_pestat] analyzing insert size distribution for orientation RR...
[M::mem_pestat] (25, 50, 75) percentile: (219, 405, 1799)
[M::mem_pestat] low and high boundaries for computing mean and std.dev: (1, 4959)
[M::mem_pestat] mean and std.dev: (1054.37, 1297.23)
[M::mem_pestat] low and high boundaries for proper pairs: (1, 6539)
[M::mem_pestat] skip orientation FF
[M::mem_pestat] skip orientation RF
[M::mem_pestat] skip orientation RR
[M::process] read 1408818 sequences (190156834 bp)...
[M::mem_process_seqs] Processed 1482288 reads in 501.915 CPU sec, 54.035 real sec
[M::mem_pestat] # candidate unique pairs for (FF, FR, RF, RR): (20, 523357, 133, 36)
[M::mem_pestat] analyzing insert size distribution for orientation FF...
[M::mem_pestat] (25, 50, 75) percentile: (360, 566, 1918)
[M::mem_pestat] low and high boundaries for computing mean and std.dev: (1, 5034)
[M::mem_pestat] mean and std.dev: (1029.47, 1142.88)
[M::mem_pestat] low and high boundaries for proper pairs: (1, 6592)
[M::mem_pestat] analyzing insert size distribution for orientation FR...
[M::mem_pestat] (25, 50, 75) percentile: (276, 372, 486)
[M::mem_pestat] low and high boundaries for computing mean and std.dev: (1, 906)
[M::mem_pestat] mean and std.dev: (389.78, 155.49)
[M::mem_pestat] low and high boundaries for proper pairs: (1, 1116)
[M::mem_pestat] analyzing insert size distribution for orientation RF...
[M::mem_pestat] (25, 50, 75) percentile: (43, 417, 2726)
[M::mem_pestat] low and high boundaries for computing mean and std.dev: (1, 8092)
[M::mem_pestat] mean and std.dev: (1414.74, 2115.62)
[M::mem_pestat] low and high boundaries for proper pairs: (1, 10775)
[M::mem_pestat] analyzing insert size distribution for orientation RR...
[M::mem_pestat] (25, 50, 75) percentile: (220, 444, 1403)
[M::mem_pestat] low and high boundaries for computing mean and std.dev: (1, 3769)
[M::mem_pestat] mean and std.dev: (679.39, 752.33)
[M::mem_pestat] low and high boundaries for proper pairs: (1, 4952)
[M::mem_pestat] skip orientation FF
[M::mem_pestat] skip orientation RF
[M::mem_pestat] skip orientation RR
[M::mem_process_seqs] Processed 1408818 reads in 452.672 CPU sec, 49.384 real sec
[main] Version: 0.7.17-r1188
[main] CMD: bwa memsamblaster: Marked 2260178 of 25774732 (8.77%) read ids as duplicates -t 20 using 460952k memory in  -R1M @RG\tID:LG_CL_19T_379\tPL:ILLUMINA\tPU:HJMFJDSX7.2\tSM:LG_CL_19T_379\tCN:MCGILL\tBC:TGATTATACG-TGTAATCGAC1S /storage/scratch/iee/dj20y461/Stickleback/G_aculeatus/FITNESS//data/ref_A_X/stickleback_v5_assembly_A_X.fasta(61.205S) /storage/scratch/iee/dj20y461/Stickleback/G_aculeatus/FITNESS//data/trimmed/LG_CL_19T_379.R1.trimmed.fastq.gz CPU seconds and  /storage/scratch/iee/dj20y461/Stickleback/G_aculeatus/FITNESS//data/trimmed/LG_CL_19T_379.R2.trimmed.fastq.gz33M8S
[main] Real time: 1988.065 sec; CPU: 16723.933 sec
(1988S) wall time.
[bam_sort_core] merging from 20 files and 20 in-memory blocks...
