samblaster: Version 0.1.24
samblaster: Inputting from stdin
samblaster: Outputting to stdout
[M::bwa_idx_load_from_disk] read 0 ALT contigs
[M::process] read 1467676 sequences (200000178 bp)...
[M::mem_pestat] # candidate unique pairs for (FF, FR, RF, RR): (66, 561629, 133, 58)
[M::mem_pestat] analyzing insert size distribution for orientation FF...
[M::mem_pestat] (25, 50, 75) percentile: (321, 573, 1181)
[M::mem_pestat] low and high boundaries for computing mean and std.dev: (1, 2901)
[M::mem_pestat] mean and std.dev: (630.34, 514.79)
[M::mem_pestat] low and high boundaries for proper pairs: (1, 3761)
[M::mem_pestat] analyzing insert size distribution for orientation FR...
[M::mem_pestat] (25, 50, 75) percentile: (286, 376, 478)
[M::mem_pestat] low and high boundaries for computing mean and std.dev: (1, 862)
[M::mem_pestat] mean and std.dev: (388.60, 143.39)
[M::mem_pestat] low and high boundaries for proper pairs: (1, 1054)
[M::mem_pestat] analyzing insert size distribution for orientation RF...
[M::mem_pestat] (25, 50, 75) percentile: (59, 293, 2895)
[M::mem_pestat] low and high boundaries for computing mean and std.dev: (1, 8567)
[M::mem_pestat] mean and std.dev: (1366.85, 1980.83)
[M::mem_pestat] low and high boundaries for proper pairs: (1, 11403)
[M::mem_pestat] analyzing insert size distribution for orientation RR...
[M::mem_pestat] (25, 50, 75) percentile: (266, 508, 1436)
[M::mem_pestat] low and high boundaries for computing mean and std.dev: (1, 3776)
[M::mem_pestat] mean and std.dev: (902.86, 962.85)
[M::mem_pestat] low and high boundaries for proper pairs: (1, 4946)
[M::mem_pestat] skip orientation FF
[M::mem_pestat] skip orientation RF
[M::mem_pestat] skip orientation RR
[M::mem_process_seqs] Processed 1467676 reads in 472.041 CPU sec, 112.939 real sec
samblaster: Loaded 23 header sequence entries.
[M::process] read 1466112 sequences (200000283 bp)...
[M::process] read 1463322 sequences (200000074 bp)...
[M::mem_pestat] # candidate unique pairs for (FF, FR, RF, RR): (57, 559825, 121, 27)
[M::mem_pestat] analyzing insert size distribution for orientation FF...
[M::mem_pestat] (25, 50, 75) percentile: (247, 513, 952)
[M::mem_pestat] low and high boundaries for computing mean and std.dev: (1, 2362)
[M::mem_pestat] mean and std.dev: (609.02, 484.15)
[M::mem_pestat] low and high boundaries for proper pairs: (1, 3067)
[M::mem_pestat] analyzing insert size distribution for orientation FR...
[M::mem_pestat] (25, 50, 75) percentile: (290, 381, 485)
[M::mem_pestat] low and high boundaries for computing mean and std.dev: (1, 875)
[M::mem_pestat] mean and std.dev: (393.93, 146.16)
[M::mem_pestat] low and high boundaries for proper pairs: (1, 1070)
[M::mem_pestat] analyzing insert size distribution for orientation RF...
[M::mem_pestat] (25, 50, 75) percentile: (38, 504, 3444)
[M::mem_pestat] low and high boundaries for computing mean and std.dev: (1, 10256)
[M::mem_pestat] mean and std.dev: (1908.50, 2564.17)
[M::mem_pestat] low and high boundaries for proper pairs: (1, 13662)
[M::mem_pestat] analyzing insert size distribution for orientation RR...
[M::mem_pestat] (25, 50, 75) percentile: (215, 450, 714)
[M::mem_pestat] low and high boundaries for computing mean and std.dev: (1, 1712)
[M::mem_pestat] mean and std.dev: (493.12, 362.82)
[M::mem_pestat] low and high boundaries for proper pairs: (1, 2211)
[M::mem_pestat] skip orientation FF
[M::mem_pestat] skip orientation RF
[M::mem_pestat] skip orientation RR
[M::mem_process_seqs] Processed 1466112 reads in 443.241 CPU sec, 48.124 real sec
[M::mem_pestat] # candidate unique pairs for (FF, FR, RF, RR): (66, 557961, 142, 44)
[M::mem_pestat] analyzing insert size distribution for orientation FF...
[M::mem_pestat] (25, 50, 75) percentile: (271, 444, 652)
[M::mem_pestat] low and high boundaries for computing mean and std.dev: (1, 1414)
[M::mem_pestat] mean and std.dev: (445.50, 232.04)
[M::mem_pestat] low and high boundaries for proper pairs: (1, 1795)
[M::mem_pestat] analyzing insert size distribution for orientation FR...
[M::mem_pestat] (25, 50, 75) percentile: (294, 385, 492)
[M::mem_pestat] low and high boundaries for computing mean and std.dev: (1, 888)
[M::mem_pestat] mean and std.dev: (399.23, 148.55)
[M::mem_pestat] low and high boundaries for proper pairs: (1, 1086)
[M::mem_pestat] analyzing insert size distribution for orientation RF...
[M::mem_pestat] (25, 50, 75) percentile: (126, 815, 3536)
[M::mem_pestat] low and high boundaries for computing mean and std.dev: (1, 10356)
[M::mem_pestat] mean and std.dev: (2108.65, 2408.36)
[M::mem_pestat] low and high boundaries for proper pairs: (1, 13766)
[M::mem_pestat] analyzing insert size distribution for orientation RR...
[M::mem_pestat] (25, 50, 75) percentile: (210, 311, 865)
[M::mem_pestat] low and high boundaries for computing mean and std.dev: (1, 2175)
[M::mem_pestat] mean and std.dev: (427.18, 346.49)
[M::mem_pestat] low and high boundaries for proper pairs: (1, 2830)
[M::mem_pestat] skip orientation FF
[M::mem_pestat] skip orientation RF
[M::mem_pestat] skip orientation RR
[M::mem_process_seqs] Processed 1463322 reads in 456.152 CPU sec, 70.976 real sec
[M::process] read 1463006 sequences (200000170 bp)...
[M::process] read 1467692 sequences (200000162 bp)...
[M::mem_pestat] # candidate unique pairs for (FF, FR, RF, RR): (58, 556185, 115, 33)
[M::mem_pestat] analyzing insert size distribution for orientation FF...
[M::mem_pestat] (25, 50, 75) percentile: (270, 390, 641)
[M::mem_pestat] low and high boundaries for computing mean and std.dev: (1, 1383)
[M::mem_pestat] mean and std.dev: (416.92, 207.74)
[M::mem_pestat] low and high boundaries for proper pairs: (1, 1754)
[M::mem_pestat] analyzing insert size distribution for orientation FR...
[M::mem_pestat] (25, 50, 75) percentile: (294, 387, 494)
[M::mem_pestat] low and high boundaries for computing mean and std.dev: (1, 894)
[M::mem_pestat] mean and std.dev: (401.09, 149.29)
[M::mem_pestat] low and high boundaries for proper pairs: (1, 1094)
[M::mem_pestat] analyzing insert size distribution for orientation RF...
[M::mem_pestat] (25, 50, 75) percentile: (28, 133, 1068)
[M::mem_pestat] low and high boundaries for computing mean and std.dev: (1, 3148)
[M::mem_pestat] mean and std.dev: (348.03, 618.45)
[M::mem_pestat] low and high boundaries for proper pairs: (1, 4188)
[M::mem_pestat] analyzing insert size distribution for orientation RR...
[M::mem_pestat] (25, 50, 75) percentile: (198, 496, 942)
[M::mem_pestat] low and high boundaries for computing mean and std.dev: (1, 2430)
[M::mem_pestat] mean and std.dev: (575.72, 461.17)
[M::mem_pestat] low and high boundaries for proper pairs: (1, 3174)
[M::mem_pestat] skip orientation FF
[M::mem_pestat] skip orientation RF
[M::mem_pestat] skip orientation RR
[M::mem_process_seqs] Processed 1463006 reads in 447.614 CPU sec, 46.783 real sec
[M::mem_pestat] # candidate unique pairs for (FF, FR, RF, RR): (82, 556686, 145, 46)
[M::mem_pestat] analyzing insert size distribution for orientation FF...
[M::process] read 1465226 sequences (200000250 bp)...
[M::mem_pestat] (25, 50, 75) percentile: (300, 507, 852)
[M::mem_pestat] low and high boundaries for computing mean and std.dev: (1, 1956)
[M::mem_pestat] mean and std.dev: (524.32, 344.82)
[M::mem_pestat] low and high boundaries for proper pairs: (1, 2508)
[M::mem_pestat] analyzing insert size distribution for orientation FR...
[M::mem_pestat] (25, 50, 75) percentile: (291, 383, 488)
[M::mem_pestat] low and high boundaries for computing mean and std.dev: (1, 882)
[M::mem_pestat] mean and std.dev: (396.05, 146.46)
[M::mem_pestat] low and high boundaries for proper pairs: (1, 1079)
[M::mem_pestat] analyzing insert size distribution for orientation RF...
[M::mem_pestat] (25, 50, 75) percentile: (49, 588, 2408)
[M::mem_pestat] low and high boundaries for computing mean and std.dev: (1, 7126)
[M::mem_pestat] mean and std.dev: (1170.55, 1523.58)
[M::mem_pestat] low and high boundaries for proper pairs: (1, 9485)
[M::mem_pestat] analyzing insert size distribution for orientation RR...
[M::mem_pestat] (25, 50, 75) percentile: (291, 427, 1262)
[M::mem_pestat] low and high boundaries for computing mean and std.dev: (1, 3204)
[M::mem_pestat] mean and std.dev: (662.24, 634.14)
[M::mem_pestat] low and high boundaries for proper pairs: (1, 4175)
[M::mem_pestat] skip orientation FF
[M::mem_pestat] skip orientation RF
[M::mem_pestat] skip orientation RR
[M::mem_process_seqs] Processed 1467692 reads in 449.811 CPU sec, 49.117 real sec
[M::mem_pestat] # candidate unique pairs for (FF, FR, RF, RR): (74, 559645, 131, 54)
[M::mem_pestat] analyzing insert size distribution for orientation FF...
[M::mem_pestat] (25, 50, 75) percentile: (289, 449, 729)
[M::mem_pestat] low and high boundaries for computing mean and std.dev: (1, 1609)
[M::mem_pestat] mean and std.dev: (486.08, 306.47)
[M::mem_pestat] low and high boundaries for proper pairs: (1, 2049)
[M::mem_pestat] analyzing insert size distribution for orientation FR...
[M::mem_pestat] (25, 50, 75) percentile: (292, 382, 487)
[M::mem_pestat] low and high boundaries for computing mean and std.dev: (1, 877)
[M::mem_pestat] mean and std.dev: (395.86, 146.66)
[M::mem_pestat] low and high boundaries for proper pairs: (1, 1072)
[M::mem_pestat] analyzing insert size distribution for orientation RF...
[M::mem_pestat] (25, 50, 75) percentile: (35, 370, 3507)
[M::mem_pestat] low and high boundaries for computing mean and std.dev: (1, 10451)
[M::mem_pestat] mean and std.dev: (1822.15, 2405.74)
[M::mem_pestat] low and high boundaries for proper pairs: (1, 13923)
[M::mem_pestat] analyzing insert size distribution for orientation RR...
[M::mem_pestat] (25, 50, 75) percentile: (222, 372, 755)
[M::mem_pestat] low and high boundaries for computing mean and std.dev: (1, 1821)
[M::mem_pestat] mean and std.dev: (470.90, 390.58)
[M::mem_pestat] low and high boundaries for proper pairs: (1, 2354)
[M::mem_pestat] skip orientation FF
[M::mem_pestat] skip orientation RF
[M::mem_pestat] skip orientation RR
[M::process] read 1463860 sequences (200000187 bp)...
[M::mem_process_seqs] Processed 1465226 reads in 443.114 CPU sec, 48.101 real sec
[M::mem_pestat] # candidate unique pairs for (FF, FR, RF, RR): (74, 557953, 143, 49)
[M::mem_pestat] analyzing insert size distribution for orientation FF...
[M::mem_pestat] (25, 50, 75) percentile: (233, 499, 728)
[M::mem_pestat] low and high boundaries for computing mean and std.dev: (1, 1718)
[M::mem_pestat] mean and std.dev: (485.30, 331.68)
[M::mem_pestat] low and high boundaries for proper pairs: (1, 2213)
[M::mem_pestat] analyzing insert size distribution for orientation FR...
[M::mem_pestat] (25, 50, 75) percentile: (295, 386, 494)
[M::mem_pestat] low and high boundaries for computing mean and std.dev: (1, 892)
[M::mem_pestat] mean and std.dev: (400.70, 149.15)
[M::mem_pestat] low and high boundaries for proper pairs: (1, 1091)
[M::mem_pestat] analyzing insert size distribution for orientation RF...
[M::mem_pestat] (25, 50, 75) percentile: (152, 858, 3760)
[M::mem_pestat] low and high boundaries for computing mean and std.dev: (1, 10976)
[M::mem_pestat] mean and std.dev: (2215.30, 2511.09)
[M::mem_pestat] low and high boundaries for proper pairs: (1, 14584)
[M::mem_pestat] analyzing insert size distribution for orientation RR...
[M::mem_pestat] (25, 50, 75) percentile: (271, 593, 995)
[M::mem_pestat] low and high boundaries for computing mean and std.dev: (1, 2443)
[M::mem_pestat] mean and std.dev: (647.54, 490.13)
[M::mem_pestat] low and high boundaries for proper pairs: (1, 3167)
[M::mem_pestat] skip orientation FF
[M::mem_pestat] skip orientation RF
[M::mem_pestat] skip orientation RR
[M::process] read 1464706 sequences (200000043 bp)...
[M::mem_process_seqs] Processed 1463860 reads in 447.334 CPU sec, 48.533 real sec
[M::mem_pestat] # candidate unique pairs for (FF, FR, RF, RR): (67, 556885, 150, 40)
[M::mem_pestat] analyzing insert size distribution for orientation FF...
[M::mem_pestat] (25, 50, 75) percentile: (312, 413, 883)
[M::mem_pestat] low and high boundaries for computing mean and std.dev: (1, 2025)
[M::mem_pestat] mean and std.dev: (579.75, 427.89)
[M::mem_pestat] low and high boundaries for proper pairs: (1, 2596)
[M::mem_pestat] analyzing insert size distribution for orientation FR...
[M::mem_pestat] (25, 50, 75) percentile: (296, 389, 498)
[M::mem_pestat] low and high boundaries for computing mean and std.dev: (1, 902)
[M::mem_pestat] mean and std.dev: (403.67, 150.92)
[M::mem_pestat] low and high boundaries for proper pairs: (1, 1104)
[M::mem_pestat] analyzing insert size distribution for orientation RF...
[M::mem_pestat] (25, 50, 75) percentile: (49, 426, 2853)
[M::mem_pestat] low and high boundaries for computing mean and std.dev: (1, 8461)
[M::mem_pestat] mean and std.dev: (1485.26, 2107.04)
[M::mem_pestat] low and high boundaries for proper pairs: (1, 11265)
[M::mem_pestat] analyzing insert size distribution for orientation RR...
[M::mem_pestat] (25, 50, 75) percentile: (292, 500, 1702)
[M::mem_pestat] low and high boundaries for computing mean and std.dev: (1, 4522)
[M::mem_pestat] mean and std.dev: (861.89, 924.24)
[M::mem_pestat] low and high boundaries for proper pairs: (1, 5932)
[M::mem_pestat] skip orientation FF
[M::mem_pestat] skip orientation RF
[M::mem_pestat] skip orientation RR
[M::process] read 1465238 sequences (200000100 bp)...
[M::mem_process_seqs] Processed 1464706 reads in 449.680 CPU sec, 48.731 real sec
[M::mem_pestat] # candidate unique pairs for (FF, FR, RF, RR): (61, 555699, 108, 46)
[M::mem_pestat] analyzing insert size distribution for orientation FF...
[M::mem_pestat] (25, 50, 75) percentile: (329, 491, 708)
[M::mem_pestat] low and high boundaries for computing mean and std.dev: (1, 1466)
[M::mem_pestat] mean and std.dev: (521.12, 313.70)
[M::mem_pestat] low and high boundaries for proper pairs: (1, 1845)
[M::mem_pestat] analyzing insert size distribution for orientation FR...
[M::mem_pestat] (25, 50, 75) percentile: (296, 389, 496)
[M::mem_pestat] low and high boundaries for computing mean and std.dev: (1, 896)
[M::mem_pestat] mean and std.dev: (402.63, 149.60)
[M::mem_pestat] low and high boundaries for proper pairs: (1, 1096)
[M::mem_pestat] analyzing insert size distribution for orientation RF...
[M::mem_pestat] (25, 50, 75) percentile: (33, 293, 3457)
[M::mem_pestat] low and high boundaries for computing mean and std.dev: (1, 10305)
[M::mem_pestat] mean and std.dev: (1914.42, 2507.36)
[M::mem_pestat] low and high boundaries for proper pairs: (1, 13729)
[M::mem_pestat] analyzing insert size distribution for orientation RR...
[M::mem_pestat] (25, 50, 75) percentile: (253, 538, 1663)
[M::mem_pestat] low and high boundaries for computing mean and std.dev: (1, 4483)
[M::mem_pestat] mean and std.dev: (797.85, 997.38)
[M::mem_pestat] low and high boundaries for proper pairs: (1, 5893)
[M::mem_pestat] skip orientation FF
[M::mem_pestat] skip orientation RF
[M::mem_pestat] skip orientation RR
[M::mem_process_seqs] Processed 1465238 reads in 465.541 CPU sec, 75.893 real sec
[M::process] read 1469996 sequences (200000243 bp)...
[M::process] read 1464332 sequences (200000044 bp)...
[M::mem_pestat] # candidate unique pairs for (FF, FR, RF, RR): (75, 556894, 123, 45)
[M::mem_pestat] analyzing insert size distribution for orientation FF...
[M::mem_pestat] (25, 50, 75) percentile: (287, 470, 696)
[M::mem_pestat] low and high boundaries for computing mean and std.dev: (1, 1514)
[M::mem_pestat] mean and std.dev: (515.73, 323.66)
[M::mem_pestat] low and high boundaries for proper pairs: (1, 1923)
[M::mem_pestat] analyzing insert size distribution for orientation FR...
[M::mem_pestat] (25, 50, 75) percentile: (291, 382, 486)
[M::mem_pestat] low and high boundaries for computing mean and std.dev: (1, 876)
[M::mem_pestat] mean and std.dev: (395.09, 145.14)
[M::mem_pestat] low and high boundaries for proper pairs: (1, 1071)
[M::mem_pestat] analyzing insert size distribution for orientation RF...
[M::mem_pestat] (25, 50, 75) percentile: (73, 268, 2105)
[M::mem_pestat] low and high boundaries for computing mean and std.dev: (1, 6169)
[M::mem_pestat] mean and std.dev: (1103.53, 1689.92)
[M::mem_pestat] low and high boundaries for proper pairs: (1, 8201)
[M::mem_pestat] analyzing insert size distribution for orientation RR...
[M::mem_pestat] (25, 50, 75) percentile: (165, 410, 1540)
[M::mem_pestat] low and high boundaries for computing mean and std.dev: (1, 4290)
[M::mem_pestat] mean and std.dev: (723.95, 795.82)
[M::mem_pestat] low and high boundaries for proper pairs: (1, 5665)
[M::mem_pestat] skip orientation FF
[M::mem_pestat] skip orientation RF
[M::mem_pestat] skip orientation RR
[M::mem_process_seqs] Processed 1469996 reads in 450.567 CPU sec, 47.391 real sec
[M::mem_pestat] # candidate unique pairs for (FF, FR, RF, RR): (77, 559190, 142, 38)
[M::mem_pestat] analyzing insert size distribution for orientation FF...
[M::mem_pestat] (25, 50, 75) percentile: (319, 486, 743)
[M::mem_pestat] low and high boundaries for computing mean and std.dev: (1, 1591)
[M::mem_pestat] mean and std.dev: (515.07, 292.26)
[M::mem_pestat] low and high boundaries for proper pairs: (1, 2015)
[M::mem_pestat] analyzing insert size distribution for orientation FR...
[M::mem_pestat] (25, 50, 75) percentile: (293, 384, 490)
[M::mem_pestat] low and high boundaries for computing mean and std.dev: (1, 884)
[M::mem_pestat] mean and std.dev: (397.80, 148.32)
[M::mem_pestat] low and high boundaries for proper pairs: (1, 1081)
[M::mem_pestat] analyzing insert size distribution for orientation RF...
[M::mem_pestat] (25, 50, 75) percentile: (85, 664, 3206)
[M::mem_pestat] low and high boundaries for computing mean and std.dev: (1, 9448)
[M::mem_pestat] mean and std.dev: (1773.65, 2363.81)
[M::mem_pestat] low and high boundaries for proper pairs: (1, 12569)
[M::mem_pestat] analyzing insert size distribution for orientation RR...
[M::mem_pestat] (25, 50, 75) percentile: (291, 535, 1479)
[M::mem_pestat] low and high boundaries for computing mean and std.dev: (1, 3855)
[M::mem_pestat] mean and std.dev: (783.83, 786.23)
[M::mem_pestat] low and high boundaries for proper pairs: (1, 5043)
[M::mem_pestat] skip orientation FF
[M::mem_pestat] skip orientation RF
[M::mem_pestat] skip orientation RR
[M::process] read 1463958 sequences (200000132 bp)...
[M::mem_process_seqs] Processed 1464332 reads in 446.085 CPU sec, 48.388 real sec
[M::mem_pestat] # candidate unique pairs for (FF, FR, RF, RR): (62, 558357, 125, 40)
[M::mem_pestat] analyzing insert size distribution for orientation FF...
[M::mem_pestat] (25, 50, 75) percentile: (278, 510, 790)
[M::mem_pestat] low and high boundaries for computing mean and std.dev: (1, 1814)
[M::mem_pestat] mean and std.dev: (547.91, 353.57)
[M::mem_pestat] low and high boundaries for proper pairs: (1, 2326)
[M::mem_pestat] analyzing insert size distribution for orientation FR...
[M::mem_pestat] (25, 50, 75) percentile: (296, 389, 497)
[M::mem_pestat] low and high boundaries for computing mean and std.dev: (1, 899)
[M::mem_pestat] mean and std.dev: (403.09, 150.92)
[M::mem_pestat] low and high boundaries for proper pairs: (1, 1100)
[M::mem_pestat] analyzing insert size distribution for orientation RF...
[M::mem_pestat] (25, 50, 75) percentile: (114, 508, 3324)
[M::mem_pestat] low and high boundaries for computing mean and std.dev: (1, 9744)
[M::mem_pestat] mean and std.dev: (1840.69, 2411.49)
[M::mem_pestat] low and high boundaries for proper pairs: (1, 12954)
[M::mem_pestat] analyzing insert size distribution for orientation RR...
[M::mem_pestat] (25, 50, 75) percentile: (264, 514, 1732)
[M::mem_pestat] low and high boundaries for computing mean and std.dev: (1, 4668)
[M::mem_pestat] mean and std.dev: (993.69, 1132.42)
[M::mem_pestat] low and high boundaries for proper pairs: (1, 6136)
[M::mem_pestat] skip orientation FF
[M::mem_pestat] skip orientation RF
[M::mem_pestat] skip orientation RR
[M::mem_process_seqs] Processed 1463958 reads in 464.087 CPU sec, 76.227 real sec
[M::process] read 1462916 sequences (200000001 bp)...
[M::process] read 1464860 sequences (200000169 bp)...
[M::mem_pestat] # candidate unique pairs for (FF, FR, RF, RR): (52, 556929, 140, 41)
[M::mem_pestat] analyzing insert size distribution for orientation FF...
[M::mem_pestat] (25, 50, 75) percentile: (265, 447, 774)
[M::mem_pestat] low and high boundaries for computing mean and std.dev: (1, 1792)
[M::mem_pestat] mean and std.dev: (496.96, 394.47)
[M::mem_pestat] low and high boundaries for proper pairs: (1, 2301)
[M::mem_pestat] analyzing insert size distribution for orientation FR...
[M::mem_pestat] (25, 50, 75) percentile: (297, 391, 500)
[M::mem_pestat] low and high boundaries for computing mean and std.dev: (1, 906)
[M::mem_pestat] mean and std.dev: (405.64, 152.17)
[M::mem_pestat] low and high boundaries for proper pairs: (1, 1109)
[M::mem_pestat] analyzing insert size distribution for orientation RF...
[M::mem_pestat] (25, 50, 75) percentile: (105, 617, 3064)
[M::mem_pestat] low and high boundaries for computing mean and std.dev: (1, 8982)
[M::mem_pestat] mean and std.dev: (1795.16, 2363.33)
[M::mem_pestat] low and high boundaries for proper pairs: (1, 11941)
[M::mem_pestat] analyzing insert size distribution for orientation RR...
[M::mem_pestat] (25, 50, 75) percentile: (274, 402, 2039)
[M::mem_pestat] low and high boundaries for computing mean and std.dev: (1, 5569)
[M::mem_pestat] mean and std.dev: (1091.00, 1327.17)
[M::mem_pestat] low and high boundaries for proper pairs: (1, 7334)
[M::mem_pestat] skip orientation FF
[M::mem_pestat] skip orientation RF
[M::mem_pestat] skip orientation RR
[M::mem_process_seqs] Processed 1462916 reads in 448.547 CPU sec, 47.560 real sec
[M::mem_pestat] # candidate unique pairs for (FF, FR, RF, RR): (76, 555351, 135, 49)
[M::mem_pestat] analyzing insert size distribution for orientation FF...
[M::mem_pestat] (25, 50, 75) percentile: (263, 453, 938)
[M::mem_pestat] low and high boundaries for computing mean and std.dev: (1, 2288)
[M::mem_pestat] mean and std.dev: (607.11, 529.34)
[M::mem_pestat] low and high boundaries for proper pairs: (1, 2963)
[M::mem_pestat] analyzing insert size distribution for orientation FR...
[M::mem_pestat] (25, 50, 75) percentile: (295, 388, 496)
[M::mem_pestat] low and high boundaries for computing mean and std.dev: (1, 898)
[M::mem_pestat] mean and std.dev: (402.26, 149.80)
[M::mem_pestat] low and high boundaries for proper pairs: (1, 1099)
[M::mem_pestat] analyzing insert size distribution for orientation RF...
[M::mem_pestat] (25, 50, 75) percentile: (69, 540, 3121)
[M::mem_pestat] low and high boundaries for computing mean and std.dev: (1, 9225)
[M::mem_pestat] mean and std.dev: (1748.22, 2274.75)
[M::mem_pestat] low and high boundaries for proper pairs: (1, 12277)
[M::mem_pestat] analyzing insert size distribution for orientation RR...
[M::mem_pestat] (25, 50, 75) percentile: (263, 343, 1058)
[M::mem_pestat] low and high boundaries for computing mean and std.dev: (1, 2648)
[M::mem_pestat] mean and std.dev: (544.38, 498.66)
[M::mem_pestat] low and high boundaries for proper pairs: (1, 3443)
[M::mem_pestat] skip orientation FF
[M::mem_pestat] skip orientation RF
[M::mem_pestat] skip orientation RR
[M::process] read 1468996 sequences (200000089 bp)...
[M::mem_process_seqs] Processed 1464860 reads in 452.544 CPU sec, 48.968 real sec
[M::mem_pestat] # candidate unique pairs for (FF, FR, RF, RR): (72, 558200, 136, 50)
[M::mem_pestat] analyzing insert size distribution for orientation FF...
[M::mem_pestat] (25, 50, 75) percentile: (304, 507, 805)
[M::mem_pestat] low and high boundaries for computing mean and std.dev: (1, 1807)
[M::mem_pestat] mean and std.dev: (490.54, 264.77)
[M::mem_pestat] low and high boundaries for proper pairs: (1, 2308)
[M::mem_pestat] analyzing insert size distribution for orientation FR...
[M::mem_pestat] (25, 50, 75) percentile: (291, 383, 487)
[M::mem_pestat] low and high boundaries for computing mean and std.dev: (1, 879)
[M::mem_pestat] mean and std.dev: (395.29, 145.52)
[M::mem_pestat] low and high boundaries for proper pairs: (1, 1075)
[M::mem_pestat] analyzing insert size distribution for orientation RF...
[M::mem_pestat] (25, 50, 75) percentile: (118, 399, 2969)
[M::mem_pestat] low and high boundaries for computing mean and std.dev: (1, 8671)
[M::mem_pestat] mean and std.dev: (1468.95, 2094.83)
[M::mem_pestat] low and high boundaries for proper pairs: (1, 11522)
[M::mem_pestat] analyzing insert size distribution for orientation RR...
[M::mem_pestat] (25, 50, 75) percentile: (348, 497, 1195)
[M::mem_pestat] low and high boundaries for computing mean and std.dev: (1, 2889)
[M::mem_pestat] mean and std.dev: (594.21, 512.09)
[M::mem_pestat] low and high boundaries for proper pairs: (1, 3736)
[M::mem_pestat] skip orientation FF
[M::mem_pestat] skip orientation RF
[M::mem_pestat] skip orientation RR
[M::process] read 1463670 sequences (200000087 bp)...
[M::mem_process_seqs] Processed 1468996 reads in 451.068 CPU sec, 49.168 real sec
[M::mem_pestat] # candidate unique pairs for (FF, FR, RF, RR): (54, 559302, 133, 49)
[M::mem_pestat] analyzing insert size distribution for orientation FF...
[M::mem_pestat] (25, 50, 75) percentile: (359, 472, 795)
[M::mem_pestat] low and high boundaries for computing mean and std.dev: (1, 1667)
[M::mem_pestat] mean and std.dev: (533.66, 343.90)
[M::mem_pestat] low and high boundaries for proper pairs: (1, 2103)
[M::mem_pestat] analyzing insert size distribution for orientation FR...
[M::mem_pestat] (25, 50, 75) percentile: (294, 386, 492)
[M::mem_pestat] low and high boundaries for computing mean and std.dev: (1, 888)
[M::mem_pestat] mean and std.dev: (399.91, 148.57)
[M::mem_pestat] low and high boundaries for proper pairs: (1, 1086)
[M::mem_pestat] analyzing insert size distribution for orientation RF...
[M::mem_pestat] (25, 50, 75) percentile: (118, 611, 2707)
[M::mem_pestat] low and high boundaries for computing mean and std.dev: (1, 7885)
[M::mem_pestat] mean and std.dev: (1543.41, 1993.54)
[M::mem_pestat] low and high boundaries for proper pairs: (1, 10474)
[M::mem_pestat] analyzing insert size distribution for orientation RR...
[M::mem_pestat] (25, 50, 75) percentile: (379, 804, 3621)
[M::mem_pestat] low and high boundaries for computing mean and std.dev: (1, 10105)
[M::mem_pestat] mean and std.dev: (1905.12, 2121.12)
[M::mem_pestat] low and high boundaries for proper pairs: (1, 13347)
[M::mem_pestat] skip orientation FF
[M::mem_pestat] skip orientation RF
[M::mem_pestat] skip orientation RR
[M::process] read 1461374 sequences (200000265 bp)...
[M::mem_process_seqs] Processed 1463670 reads in 444.564 CPU sec, 48.731 real sec
[M::mem_pestat] # candidate unique pairs for (FF, FR, RF, RR): (52, 556948, 126, 37)
[M::mem_pestat] analyzing insert size distribution for orientation FF...
[M::mem_pestat] (25, 50, 75) percentile: (350, 509, 760)
[M::mem_pestat] low and high boundaries for computing mean and std.dev: (1, 1580)
[M::mem_pestat] mean and std.dev: (491.83, 231.75)
[M::mem_pestat] low and high boundaries for proper pairs: (1, 1990)
[M::mem_pestat] analyzing insert size distribution for orientation FR...
[M::mem_pestat] (25, 50, 75) percentile: (298, 391, 500)
[M::mem_pestat] low and high boundaries for computing mean and std.dev: (1, 904)
[M::mem_pestat] mean and std.dev: (405.85, 151.50)
[M::mem_pestat] low and high boundaries for proper pairs: (1, 1106)
[M::mem_pestat] analyzing insert size distribution for orientation RF...
[M::mem_pestat] (25, 50, 75) percentile: (49, 385, 3120)
[M::mem_pestat] low and high boundaries for computing mean and std.dev: (1, 9262)
[M::mem_pestat] mean and std.dev: (1770.06, 2421.48)
[M::mem_pestat] low and high boundaries for proper pairs: (1, 12333)
[M::mem_pestat] analyzing insert size distribution for orientation RR...
[M::mem_pestat] (25, 50, 75) percentile: (258, 472, 2309)
[M::mem_pestat] low and high boundaries for computing mean and std.dev: (1, 6411)
[M::mem_pestat] mean and std.dev: (1068.18, 1410.35)
[M::mem_pestat] low and high boundaries for proper pairs: (1, 8462)
[M::mem_pestat] skip orientation FF
[M::mem_pestat] skip orientation RF
[M::mem_pestat] skip orientation RR
[M::process] read 1461662 sequences (200000048 bp)...
[M::mem_process_seqs] Processed 1461374 reads in 449.775 CPU sec, 48.732 real sec
[M::mem_pestat] # candidate unique pairs for (FF, FR, RF, RR): (67, 555757, 137, 49)
[M::mem_pestat] analyzing insert size distribution for orientation FF...
[M::mem_pestat] (25, 50, 75) percentile: (339, 597, 1021)
[M::mem_pestat] low and high boundaries for computing mean and std.dev: (1, 2385)
[M::mem_pestat] mean and std.dev: (653.52, 466.92)
[M::mem_pestat] low and high boundaries for proper pairs: (1, 3067)
[M::mem_pestat] analyzing insert size distribution for orientation FR...
[M::mem_pestat] (25, 50, 75) percentile: (298, 393, 503)
[M::mem_pestat] low and high boundaries for computing mean and std.dev: (1, 913)
[M::mem_pestat] mean and std.dev: (407.54, 152.96)
[M::mem_pestat] low and high boundaries for proper pairs: (1, 1118)
[M::mem_pestat] analyzing insert size distribution for orientation RF...
[M::mem_pestat] (25, 50, 75) percentile: (208, 1228, 4021)
[M::mem_pestat] low and high boundaries for computing mean and std.dev: (1, 11647)
[M::mem_pestat] mean and std.dev: (2372.77, 2497.33)
[M::mem_pestat] low and high boundaries for proper pairs: (1, 15460)
[M::mem_pestat] analyzing insert size distribution for orientation RR...
[M::mem_pestat] (25, 50, 75) percentile: (273, 500, 819)
[M::mem_pestat] low and high boundaries for computing mean and std.dev: (1, 1911)
[M::mem_pestat] mean and std.dev: (525.55, 347.54)
[M::mem_pestat] low and high boundaries for proper pairs: (1, 2457)
[M::mem_pestat] skip orientation FF
[M::mem_pestat] skip orientation RF
[M::mem_pestat] skip orientation RR
[M::process] read 1465118 sequences (200000096 bp)...
[M::mem_process_seqs] Processed 1461662 reads in 450.395 CPU sec, 48.748 real sec
[M::mem_pestat] # candidate unique pairs for (FF, FR, RF, RR): (55, 554639, 136, 45)
[M::mem_pestat] analyzing insert size distribution for orientation FF...
[M::mem_pestat] (25, 50, 75) percentile: (316, 415, 622)
[M::mem_pestat] low and high boundaries for computing mean and std.dev: (1, 1234)
[M::mem_pestat] mean and std.dev: (442.98, 195.93)
[M::mem_pestat] low and high boundaries for proper pairs: (1, 1540)
[M::mem_pestat] analyzing insert size distribution for orientation FR...
[M::mem_pestat] (25, 50, 75) percentile: (296, 389, 497)
[M::mem_pestat] low and high boundaries for computing mean and std.dev: (1, 899)
[M::mem_pestat] mean and std.dev: (402.91, 149.73)
[M::mem_pestat] low and high boundaries for proper pairs: (1, 1100)
[M::mem_pestat] analyzing insert size distribution for orientation RF...
[M::mem_pestat] (25, 50, 75) percentile: (92, 496, 2451)
[M::mem_pestat] low and high boundaries for computing mean and std.dev: (1, 7169)
[M::mem_pestat] mean and std.dev: (1412.15, 1949.28)
[M::mem_pestat] low and high boundaries for proper pairs: (1, 9528)
[M::mem_pestat] analyzing insert size distribution for orientation RR...
[M::mem_pestat] (25, 50, 75) percentile: (147, 420, 1135)
[M::mem_pestat] low and high boundaries for computing mean and std.dev: (1, 3111)
[M::mem_pestat] mean and std.dev: (534.38, 542.12)
[M::mem_pestat] low and high boundaries for proper pairs: (1, 4099)
[M::mem_pestat] skip orientation FF
[M::mem_pestat] skip orientation RF
[M::mem_pestat] skip orientation RR
[M::process] read 1467778 sequences (200000277 bp)...
[M::mem_process_seqs] Processed 1465118 reads in 453.728 CPU sec, 49.080 real sec
[M::mem_pestat] # candidate unique pairs for (FF, FR, RF, RR): (67, 558932, 113, 34)
[M::mem_pestat] analyzing insert size distribution for orientation FF...
[M::mem_pestat] (25, 50, 75) percentile: (301, 487, 1202)
[M::mem_pestat] low and high boundaries for computing mean and std.dev: (1, 3004)
[M::mem_pestat] mean and std.dev: (758.52, 665.17)
[M::mem_pestat] low and high boundaries for proper pairs: (1, 3905)
[M::mem_pestat] analyzing insert size distribution for orientation FR...
[M::mem_pestat] (25, 50, 75) percentile: (293, 384, 489)
[M::mem_pestat] low and high boundaries for computing mean and std.dev: (1, 881)
[M::mem_pestat] mean and std.dev: (397.01, 146.34)
[M::mem_pestat] low and high boundaries for proper pairs: (1, 1077)
[M::mem_pestat] analyzing insert size distribution for orientation RF...
[M::mem_pestat] (25, 50, 75) percentile: (53, 275, 2181)
[M::mem_pestat] low and high boundaries for computing mean and std.dev: (1, 6437)
[M::mem_pestat] mean and std.dev: (778.16, 1275.04)
[M::mem_pestat] low and high boundaries for proper pairs: (1, 8565)
[M::mem_pestat] analyzing insert size distribution for orientation RR...
[M::mem_pestat] (25, 50, 75) percentile: (261, 603, 1223)
[M::mem_pestat] low and high boundaries for computing mean and std.dev: (1, 3147)
[M::mem_pestat] mean and std.dev: (613.10, 613.60)
[M::mem_pestat] low and high boundaries for proper pairs: (1, 4109)
[M::mem_pestat] skip orientation FF
[M::mem_pestat] skip orientation RF
[M::mem_pestat] skip orientation RR
[M::mem_process_seqs] Processed 1467778 reads in 462.737 CPU sec, 74.581 real sec
[M::process] read 1464944 sequences (200000154 bp)...
[M::process] read 1463084 sequences (200000177 bp)...
[M::mem_pestat] # candidate unique pairs for (FF, FR, RF, RR): (55, 559235, 138, 49)
[M::mem_pestat] analyzing insert size distribution for orientation FF...
[M::mem_pestat] (25, 50, 75) percentile: (291, 435, 617)
[M::mem_pestat] low and high boundaries for computing mean and std.dev: (1, 1269)
[M::mem_pestat] mean and std.dev: (441.69, 234.44)
[M::mem_pestat] low and high boundaries for proper pairs: (1, 1595)
[M::mem_pestat] analyzing insert size distribution for orientation FR...
[M::mem_pestat] (25, 50, 75) percentile: (296, 388, 495)
[M::mem_pestat] low and high boundaries for computing mean and std.dev: (1, 893)
[M::mem_pestat] mean and std.dev: (402.04, 149.39)
[M::mem_pestat] low and high boundaries for proper pairs: (1, 1092)
[M::mem_pestat] analyzing insert size distribution for orientation RF...
[M::mem_pestat] (25, 50, 75) percentile: (43, 304, 2043)
[M::mem_pestat] low and high boundaries for computing mean and std.dev: (1, 6043)
[M::mem_pestat] mean and std.dev: (1038.90, 1508.90)
[M::mem_pestat] low and high boundaries for proper pairs: (1, 8043)
[M::mem_pestat] analyzing insert size distribution for orientation RR...
[M::mem_pestat] (25, 50, 75) percentile: (266, 430, 2926)
[M::mem_pestat] low and high boundaries for computing mean and std.dev: (1, 8246)
[M::mem_pestat] mean and std.dev: (1472.91, 2050.76)
[M::mem_pestat] low and high boundaries for proper pairs: (1, 10906)
[M::mem_pestat] skip orientation FF
[M::mem_pestat] skip orientation RF
[M::mem_pestat] skip orientation RR
[M::mem_process_seqs] Processed 1464944 reads in 445.367 CPU sec, 46.757 real sec
[M::mem_pestat] # candidate unique pairs for (FF, FR, RF, RR): (62, 557776, 111, 36)
[M::mem_pestat] analyzing insert size distribution for orientation FF...
[M::mem_pestat] (25, 50, 75) percentile: (326, 451, 702)
[M::mem_pestat] low and high boundaries for computing mean and std.dev: (1, 1454)
[M::mem_pestat] mean and std.dev: (508.26, 317.32)
[M::mem_pestat] low and high boundaries for proper pairs: (1, 1830)
[M::mem_pestat] analyzing insert size distribution for orientation FR...
[M::mem_pestat] (25, 50, 75) percentile: (299, 392, 501)
[M::mem_pestat] low and high boundaries for computing mean and std.dev: (1, 905)
[M::mem_pestat] mean and std.dev: (406.68, 151.85)
[M::mem_pestat] low and high boundaries for proper pairs: (1, 1107)
[M::mem_pestat] analyzing insert size distribution for orientation RF...
[M::mem_pestat] (25, 50, 75) percentile: (91, 671, 3503)
[M::mem_pestat] low and high boundaries for computing mean and std.dev: (1, 10327)
[M::mem_pestat] mean and std.dev: (2140.49, 2801.52)
[M::mem_pestat] low and high boundaries for proper pairs: (1, 13739)
[M::mem_pestat] analyzing insert size distribution for orientation RR...
[M::mem_pestat] (25, 50, 75) percentile: (245, 352, 744)
[M::mem_pestat] low and high boundaries for computing mean and std.dev: (1, 1742)
[M::mem_pestat] mean and std.dev: (390.76, 314.20)
[M::mem_pestat] low and high boundaries for proper pairs: (1, 2241)
[M::mem_pestat] skip orientation FF
[M::mem_pestat] skip orientation RF
[M::mem_pestat] skip orientation RR
[M::mem_process_seqs] Processed 1463084 reads in 461.648 CPU sec, 74.224 real sec
[M::process] read 1464220 sequences (200000087 bp)...
[M::process] read 1466682 sequences (200000057 bp)...
[M::mem_pestat] # candidate unique pairs for (FF, FR, RF, RR): (66, 555659, 140, 44)
[M::mem_pestat] analyzing insert size distribution for orientation FF...
[M::mem_pestat] (25, 50, 75) percentile: (332, 489, 739)
[M::mem_pestat] low and high boundaries for computing mean and std.dev: (1, 1553)
[M::mem_pestat] mean and std.dev: (521.60, 278.41)
[M::mem_pestat] low and high boundaries for proper pairs: (1, 1960)
[M::mem_pestat] analyzing insert size distribution for orientation FR...
[M::mem_pestat] (25, 50, 75) percentile: (298, 392, 502)
[M::mem_pestat] low and high boundaries for computing mean and std.dev: (1, 910)
[M::mem_pestat] mean and std.dev: (407.02, 152.09)
[M::mem_pestat] low and high boundaries for proper pairs: (1, 1114)
[M::mem_pestat] analyzing insert size distribution for orientation RF...
[M::mem_pestat] (25, 50, 75) percentile: (56, 292, 2527)
[M::mem_pestat] low and high boundaries for computing mean and std.dev: (1, 7469)
[M::mem_pestat] mean and std.dev: (1291.24, 1773.51)
[M::mem_pestat] low and high boundaries for proper pairs: (1, 9940)
[M::mem_pestat] analyzing insert size distribution for orientation RR...
[M::mem_pestat] (25, 50, 75) percentile: (250, 626, 1312)
[M::mem_pestat] low and high boundaries for computing mean and std.dev: (1, 3436)
[M::mem_pestat] mean and std.dev: (734.55, 661.77)
[M::mem_pestat] low and high boundaries for proper pairs: (1, 4498)
[M::mem_pestat] skip orientation FF
[M::mem_pestat] skip orientation RF
[M::mem_pestat] skip orientation RR
[M::mem_process_seqs] Processed 1464220 reads in 451.452 CPU sec, 47.535 real sec
[M::mem_pestat] # candidate unique pairs for (FF, FR, RF, RR): (63, 554950, 152, 41)
[M::mem_pestat] analyzing insert size distribution for orientation FF...
[M::mem_pestat] (25, 50, 75) percentile: (336, 452, 794)
[M::mem_pestat] low and high boundaries for computing mean and std.dev: (1, 1710)
[M::mem_pestat] mean and std.dev: (548.31, 348.19)
[M::mem_pestat] low and high boundaries for proper pairs: (1, 2168)
[M::mem_pestat] analyzing insert size distribution for orientation FR...
[M::mem_pestat] (25, 50, 75) percentile: (295, 389, 497)
[M::mem_pestat] low and high boundaries for computing mean and std.dev: (1, 901)
[M::mem_pestat] mean and std.dev: (402.63, 149.78)
[M::mem_pestat] low and high boundaries for proper pairs: (1, 1103)
[M::mem_pestat] analyzing insert size distribution for orientation RF...
[M::mem_pestat] (25, 50, 75) percentile: (96, 401, 2924)
[M::mem_pestat] low and high boundaries for computing mean and std.dev: (1, 8580)
[M::mem_pestat] mean and std.dev: (1586.75, 2167.57)
[M::mem_pestat] low and high boundaries for proper pairs: (1, 11408)
[M::mem_pestat] analyzing insert size distribution for orientation RR...
[M::mem_pestat] (25, 50, 75) percentile: (270, 433, 1480)
[M::mem_pestat] low and high boundaries for computing mean and std.dev: (1, 3900)
[M::mem_pestat] mean and std.dev: (1027.00, 1122.15)
[M::mem_pestat] low and high boundaries for proper pairs: (1, 5516)
[M::mem_pestat] skip orientation FF
[M::mem_pestat] skip orientation RF
[M::mem_pestat] skip orientation RR
[M::process] read 1468972 sequences (200000171 bp)...
[M::mem_process_seqs] Processed 1466682 reads in 453.076 CPU sec, 49.021 real sec
[M::mem_pestat] # candidate unique pairs for (FF, FR, RF, RR): (73, 559857, 118, 44)
[M::mem_pestat] analyzing insert size distribution for orientation FF...
[M::mem_pestat] (25, 50, 75) percentile: (363, 567, 829)
[M::mem_pestat] low and high boundaries for computing mean and std.dev: (1, 1761)
[M::mem_pestat] mean and std.dev: (577.78, 360.85)
[M::mem_pestat] low and high boundaries for proper pairs: (1, 2227)
[M::mem_pestat] analyzing insert size distribution for orientation FR...
[M::mem_pestat] (25, 50, 75) percentile: (292, 383, 487)
[M::mem_pestat] low and high boundaries for computing mean and std.dev: (1, 877)
[M::mem_pestat] mean and std.dev: (395.85, 145.55)
[M::mem_pestat] low and high boundaries for proper pairs: (1, 1072)
[M::mem_pestat] analyzing insert size distribution for orientation RF...
[M::mem_pestat] (25, 50, 75) percentile: (76, 673, 2839)
[M::mem_pestat] low and high boundaries for computing mean and std.dev: (1, 8365)
[M::mem_pestat] mean and std.dev: (1503.37, 1989.98)
[M::mem_pestat] low and high boundaries for proper pairs: (1, 11128)
[M::mem_pestat] analyzing insert size distribution for orientation RR...
[M::mem_pestat] (25, 50, 75) percentile: (220, 408, 943)
[M::mem_pestat] low and high boundaries for computing mean and std.dev: (1, 2389)
[M::mem_pestat] mean and std.dev: (494.45, 456.09)
[M::mem_pestat] low and high boundaries for proper pairs: (1, 3112)
[M::mem_pestat] skip orientation FF
[M::mem_pestat] skip orientation RF
[M::mem_pestat] skip orientation RR
[M::process] read 1464772 sequences (200000046 bp)...
[M::mem_process_seqs] Processed 1468972 reads in 445.706 CPU sec, 48.336 real sec
[M::mem_pestat] # candidate unique pairs for (FF, FR, RF, RR): (61, 560093, 131, 44)
[M::mem_pestat] analyzing insert size distribution for orientation FF...
[M::mem_pestat] (25, 50, 75) percentile: (311, 465, 864)
[M::mem_pestat] low and high boundaries for computing mean and std.dev: (1, 1970)
[M::mem_pestat] mean and std.dev: (584.58, 379.11)
[M::mem_pestat] low and high boundaries for proper pairs: (1, 2523)
[M::mem_pestat] analyzing insert size distribution for orientation FR...
[M::mem_pestat] (25, 50, 75) percentile: (294, 386, 491)
[M::mem_pestat] low and high boundaries for computing mean and std.dev: (1, 885)
[M::mem_pestat] mean and std.dev: (399.23, 147.44)
[M::mem_pestat] low and high boundaries for proper pairs: (1, 1082)
[M::mem_pestat] analyzing insert size distribution for orientation RF...
[M::mem_pestat] (25, 50, 75) percentile: (66, 563, 3264)
[M::mem_pestat] low and high boundaries for computing mean and std.dev: (1, 9660)
[M::mem_pestat] mean and std.dev: (1783.75, 2306.44)
[M::mem_pestat] low and high boundaries for proper pairs: (1, 12858)
[M::mem_pestat] analyzing insert size distribution for orientation RR...
[M::mem_pestat] (25, 50, 75) percentile: (247, 650, 919)
[M::mem_pestat] low and high boundaries for computing mean and std.dev: (1, 2263)
[M::mem_pestat] mean and std.dev: (582.26, 437.87)
[M::mem_pestat] low and high boundaries for proper pairs: (1, 2935)
[M::mem_pestat] skip orientation FF
[M::mem_pestat] skip orientation RF
[M::mem_pestat] skip orientation RR
[M::mem_process_seqs] Processed 1464772 reads in 457.358 CPU sec, 75.254 real sec
[M::process] read 1462516 sequences (200000048 bp)...
[M::process] read 1463042 sequences (200000036 bp)...
[M::mem_pestat] # candidate unique pairs for (FF, FR, RF, RR): (59, 557489, 130, 50)
[M::mem_pestat] analyzing insert size distribution for orientation FF...
[M::mem_pestat] (25, 50, 75) percentile: (363, 491, 686)
[M::mem_pestat] low and high boundaries for computing mean and std.dev: (1, 1332)
[M::mem_pestat] mean and std.dev: (461.24, 234.34)
[M::mem_pestat] low and high boundaries for proper pairs: (1, 1655)
[M::mem_pestat] analyzing insert size distribution for orientation FR...
[M::mem_pestat] (25, 50, 75) percentile: (297, 390, 497)
[M::mem_pestat] low and high boundaries for computing mean and std.dev: (1, 897)
[M::mem_pestat] mean and std.dev: (403.82, 150.10)
[M::mem_pestat] low and high boundaries for proper pairs: (1, 1097)
[M::mem_pestat] analyzing insert size distribution for orientation RF...
[M::mem_pestat] (25, 50, 75) percentile: (78, 544, 3138)
[M::mem_pestat] low and high boundaries for computing mean and std.dev: (1, 9258)
[M::mem_pestat] mean and std.dev: (1666.66, 2305.26)
[M::mem_pestat] low and high boundaries for proper pairs: (1, 12318)
[M::mem_pestat] analyzing insert size distribution for orientation RR...
[M::mem_pestat] (25, 50, 75) percentile: (296, 597, 1200)
[M::mem_pestat] low and high boundaries for computing mean and std.dev: (1, 3008)
[M::mem_pestat] mean and std.dev: (634.47, 471.87)
[M::mem_pestat] low and high boundaries for proper pairs: (1, 3912)
[M::mem_pestat] skip orientation FF
[M::mem_pestat] skip orientation RF
[M::mem_pestat] skip orientation RR
[M::mem_process_seqs] Processed 1462516 reads in 447.610 CPU sec, 47.093 real sec
[M::mem_pestat] # candidate unique pairs for (FF, FR, RF, RR): (70, 556286, 133, 47)
[M::mem_pestat] analyzing insert size distribution for orientation FF...
[M::mem_pestat] (25, 50, 75) percentile: (295, 469, 796)
[M::mem_pestat] low and high boundaries for computing mean and std.dev: (1, 1798)
[M::mem_pestat] mean and std.dev: (506.36, 340.87)
[M::mem_pestat] low and high boundaries for proper pairs: (1, 2299)
[M::mem_pestat] analyzing insert size distribution for orientation FR...
[M::mem_pestat] (25, 50, 75) percentile: (297, 390, 498)
[M::mem_pestat] low and high boundaries for computing mean and std.dev: (1, 900)
[M::mem_pestat] mean and std.dev: (404.18, 150.81)
[M::mem_pestat] low and high boundaries for proper pairs: (1, 1101)
[M::mem_pestat] analyzing insert size distribution for orientation RF...
[M::mem_pestat] (25, 50, 75) percentile: (27, 225, 2413)
[M::mem_pestat] low and high boundaries for computing mean and std.dev: (1, 7185)
[M::mem_pestat] mean and std.dev: (1178.10, 1755.47)
[M::mem_pestat] low and high boundaries for proper pairs: (1, 9571)
[M::mem_pestat] analyzing insert size distribution for orientation RR...
[M::mem_pestat] (25, 50, 75) percentile: (283, 401, 1104)
[M::mem_pestat] low and high boundaries for computing mean and std.dev: (1, 2746)
[M::mem_pestat] mean and std.dev: (557.74, 429.08)
[M::mem_pestat] low and high boundaries for proper pairs: (1, 3567)
[M::mem_pestat] skip orientation FF
[M::mem_pestat] skip orientation RF
[M::mem_pestat] skip orientation RR
[M::mem_process_seqs] Processed 1463042 reads in 463.593 CPU sec, 74.550 real sec
[M::process] read 1464878 sequences (200000084 bp)...
[M::mem_pestat] # candidate unique pairs for (FF, FR, RF, RR): (62, 554842, 128, 52)
[M::mem_pestat] analyzing insert size distribution for orientation FF...
[M::mem_pestat] (25, 50, 75) percentile: (337, 521, 1117)
[M::mem_pestat] low and high boundaries for computing mean and std.dev: (1, 2677)
[M::mem_pestat] mean and std.dev: (673.81, 503.63)
[M::mem_pestat] low and high boundaries for proper pairs: (1, 3457)
[M::mem_pestat] analyzing insert size distribution for orientation FR...
[M::mem_pestat] (25, 50, 75) percentile: (294, 387, 494)
[M::mem_pestat] low and high boundaries for computing mean and std.dev: (1, 894)
[M::mem_pestat] mean and std.dev: (400.79, 148.58)
[M::mem_pestat] low and high boundaries for proper pairs: (1, 1094)
[M::mem_pestat] analyzing insert size distribution for orientation RF...
[M::mem_pestat] (25, 50, 75) percentile: (65, 338, 3234)
[M::mem_pestat] low and high boundaries for computing mean and std.dev: (1, 9572)
[M::mem_pestat] mean and std.dev: (1758.28, 2283.80)
[M::mem_pestat] low and high boundaries for proper pairs: (1, 12741)
[M::mem_pestat] analyzing insert size distribution for orientation RR...
[M::mem_pestat] (25, 50, 75) percentile: (147, 308, 444)
[M::mem_pestat] low and high boundaries for computing mean and std.dev: (1, 1038)
[M::mem_pestat] mean and std.dev: (279.16, 174.89)
[M::mem_pestat] low and high boundaries for proper pairs: (1, 1335)
[M::mem_pestat] skip orientation FF
[M::mem_pestat] skip orientation RF
[M::mem_pestat] skip orientation RR
[M::mem_process_seqs] Processed 1464878 reads in 458.915 CPU sec, 88.259 real sec
[M::process] read 1477408 sequences (200000131 bp)...
[M::process] read 1475754 sequences (200000280 bp)...
[M::mem_pestat] # candidate unique pairs for (FF, FR, RF, RR): (50, 561944, 129, 37)
[M::mem_pestat] analyzing insert size distribution for orientation FF...
[M::mem_pestat] (25, 50, 75) percentile: (313, 582, 848)
[M::mem_pestat] low and high boundaries for computing mean and std.dev: (1, 1918)
[M::mem_pestat] mean and std.dev: (571.18, 350.42)
[M::mem_pestat] low and high boundaries for proper pairs: (1, 2453)
[M::mem_pestat] analyzing insert size distribution for orientation FR...
[M::mem_pestat] (25, 50, 75) percentile: (288, 378, 480)
[M::mem_pestat] low and high boundaries for computing mean and std.dev: (1, 864)
[M::mem_pestat] mean and std.dev: (390.31, 143.52)
[M::mem_pestat] low and high boundaries for proper pairs: (1, 1056)
[M::mem_pestat] analyzing insert size distribution for orientation RF...
[M::mem_pestat] (25, 50, 75) percentile: (44, 195, 2224)
[M::mem_pestat] low and high boundaries for computing mean and std.dev: (1, 6584)
[M::mem_pestat] mean and std.dev: (992.82, 1557.62)
[M::mem_pestat] low and high boundaries for proper pairs: (1, 8764)
[M::mem_pestat] analyzing insert size distribution for orientation RR...
[M::mem_pestat] (25, 50, 75) percentile: (196, 408, 833)
[M::mem_pestat] low and high boundaries for computing mean and std.dev: (1, 2107)
[M::mem_pestat] mean and std.dev: (434.19, 407.01)
[M::mem_pestat] low and high boundaries for proper pairs: (1, 2744)
[M::mem_pestat] skip orientation FF
[M::mem_pestat] skip orientation RF
[M::mem_pestat] skip orientation RR
[M::mem_process_seqs] Processed 1477408 reads in 448.025 CPU sec, 45.542 real sec
[M::mem_pestat] # candidate unique pairs for (FF, FR, RF, RR): (64, 561434, 138, 32)
[M::mem_pestat] analyzing insert size distribution for orientation FF...
[M::mem_pestat] (25, 50, 75) percentile: (249, 415, 868)
[M::mem_pestat] low and high boundaries for computing mean and std.dev: (1, 2106)
[M::mem_pestat] mean and std.dev: (498.95, 393.68)
[M::mem_pestat] low and high boundaries for proper pairs: (1, 2725)
[M::mem_pestat] analyzing insert size distribution for orientation FR...
[M::mem_pestat] (25, 50, 75) percentile: (292, 383, 489)
[M::mem_pestat] low and high boundaries for computing mean and std.dev: (1, 883)
[M::mem_pestat] mean and std.dev: (396.81, 147.60)
[M::mem_pestat] low and high boundaries for proper pairs: (1, 1080)
[M::mem_pestat] analyzing insert size distribution for orientation RF...
[M::mem_pestat] (25, 50, 75) percentile: (59, 408, 2856)
[M::mem_pestat] low and high boundaries for computing mean and std.dev: (1, 8450)
[M::mem_pestat] mean and std.dev: (1579.78, 2278.07)
[M::mem_pestat] low and high boundaries for proper pairs: (1, 11247)
[M::mem_pestat] analyzing insert size distribution for orientation RR...
[M::mem_pestat] (25, 50, 75) percentile: (222, 432, 1298)
[M::mem_pestat] low and high boundaries for computing mean and std.dev: (1, 3450)
[M::mem_pestat] mean and std.dev: (710.13, 776.32)
[M::mem_pestat] low and high boundaries for proper pairs: (1, 4526)
[M::mem_pestat] skip orientation FF
[M::mem_pestat] skip orientation RF
[M::mem_pestat] skip orientation RR
[M::process] read 1468310 sequences (200000075 bp)...
[M::mem_process_seqs] Processed 1475754 reads in 451.444 CPU sec, 48.996 real sec
[M::mem_pestat] # candidate unique pairs for (FF, FR, RF, RR): (70, 558991, 123, 49)
[M::mem_pestat] analyzing insert size distribution for orientation FF...
[M::mem_pestat] (25, 50, 75) percentile: (268, 495, 702)
[M::mem_pestat] low and high boundaries for computing mean and std.dev: (1, 1570)
[M::mem_pestat] mean and std.dev: (492.91, 301.53)
[M::mem_pestat] low and high boundaries for proper pairs: (1, 2004)
[M::mem_pestat] analyzing insert size distribution for orientation FR...
[M::mem_pestat] (25, 50, 75) percentile: (296, 389, 498)
[M::mem_pestat] low and high boundaries for computing mean and std.dev: (1, 902)
[M::mem_pestat] mean and std.dev: (403.93, 151.95)
[M::mem_pestat] low and high boundaries for proper pairs: (1, 1104)
[M::mem_pestat] analyzing insert size distribution for orientation RF...
[M::mem_pestat] (25, 50, 75) percentile: (94, 515, 3197)
[M::mem_pestat] low and high boundaries for computing mean and std.dev: (1, 9403)
[M::mem_pestat] mean and std.dev: (1851.29, 2445.70)
[M::mem_pestat] low and high boundaries for proper pairs: (1, 12506)
[M::mem_pestat] analyzing insert size distribution for orientation RR...
[M::mem_pestat] (25, 50, 75) percentile: (314, 558, 1636)
[M::mem_pestat] low and high boundaries for computing mean and std.dev: (1, 4280)
[M::mem_pestat] mean and std.dev: (917.58, 877.93)
[M::mem_pestat] low and high boundaries for proper pairs: (1, 5602)
[M::mem_pestat] skip orientation FF
[M::mem_pestat] skip orientation RF
[M::mem_pestat] skip orientation RR
[M::process] read 1466600 sequences (200000177 bp)...
[M::mem_process_seqs] Processed 1468310 reads in 450.697 CPU sec, 48.936 real sec
[M::mem_pestat] # candidate unique pairs for (FF, FR, RF, RR): (56, 557393, 145, 49)
[M::mem_pestat] analyzing insert size distribution for orientation FF...
[M::mem_pestat] (25, 50, 75) percentile: (268, 462, 755)
[M::mem_pestat] low and high boundaries for computing mean and std.dev: (1, 1729)
[M::mem_pestat] mean and std.dev: (432.04, 280.13)
[M::mem_pestat] low and high boundaries for proper pairs: (1, 2216)
[M::mem_pestat] analyzing insert size distribution for orientation FR...
[M::mem_pestat] (25, 50, 75) percentile: (297, 391, 502)
[M::mem_pestat] low and high boundaries for computing mean and std.dev: (1, 912)
[M::mem_pestat] mean and std.dev: (406.58, 154.10)
[M::mem_pestat] low and high boundaries for proper pairs: (1, 1117)
[M::mem_pestat] analyzing insert size distribution for orientation RF...
[M::mem_pestat] (25, 50, 75) percentile: (33, 355, 3050)
[M::mem_pestat] low and high boundaries for computing mean and std.dev: (1, 9084)
[M::mem_pestat] mean and std.dev: (1677.24, 2355.17)
[M::mem_pestat] low and high boundaries for proper pairs: (1, 12101)
[M::mem_pestat] analyzing insert size distribution for orientation RR...
[M::mem_pestat] (25, 50, 75) percentile: (199, 420, 720)
[M::mem_pestat] low and high boundaries for computing mean and std.dev: (1, 1762)
[M::mem_pestat] mean and std.dev: (397.34, 284.63)
[M::mem_pestat] low and high boundaries for proper pairs: (1, 2283)
[M::mem_pestat] skip orientation FF
[M::mem_pestat] skip orientation RF
[M::mem_pestat] skip orientation RR
[M::process] read 1470704 sequences (200000137 bp)...
[M::mem_process_seqs] Processed 1466600 reads in 452.595 CPU sec, 49.036 real sec
[M::mem_pestat] # candidate unique pairs for (FF, FR, RF, RR): (86, 557299, 126, 47)
[M::mem_pestat] analyzing insert size distribution for orientation FF...
[M::mem_pestat] (25, 50, 75) percentile: (302, 463, 757)
[M::mem_pestat] low and high boundaries for computing mean and std.dev: (1, 1667)
[M::mem_pestat] mean and std.dev: (475.63, 276.11)
[M::mem_pestat] low and high boundaries for proper pairs: (1, 2122)
[M::mem_pestat] analyzing insert size distribution for orientation FR...
[M::mem_pestat] (25, 50, 75) percentile: (295, 389, 498)
[M::mem_pestat] low and high boundaries for computing mean and std.dev: (1, 904)
[M::mem_pestat] mean and std.dev: (403.87, 152.07)
[M::mem_pestat] low and high boundaries for proper pairs: (1, 1107)
[M::mem_pestat] analyzing insert size distribution for orientation RF...
[M::mem_pestat] (25, 50, 75) percentile: (28, 254, 4215)
[M::mem_pestat] low and high boundaries for computing mean and std.dev: (1, 12589)
[M::mem_pestat] mean and std.dev: (1945.80, 2756.60)
[M::mem_pestat] low and high boundaries for proper pairs: (1, 16776)
[M::mem_pestat] analyzing insert size distribution for orientation RR...
[M::mem_pestat] (25, 50, 75) percentile: (232, 434, 870)
[M::mem_pestat] low and high boundaries for computing mean and std.dev: (1, 2146)
[M::mem_pestat] mean and std.dev: (495.64, 364.18)
[M::mem_pestat] low and high boundaries for proper pairs: (1, 2784)
[M::mem_pestat] skip orientation FF
[M::mem_pestat] skip orientation RF
[M::mem_pestat] skip orientation RR
[M::process] read 1471550 sequences (200000140 bp)...
[M::mem_process_seqs] Processed 1470704 reads in 455.965 CPU sec, 49.376 real sec
[M::mem_pestat] # candidate unique pairs for (FF, FR, RF, RR): (66, 560571, 150, 54)
[M::mem_pestat] analyzing insert size distribution for orientation FF...
[M::mem_pestat] (25, 50, 75) percentile: (279, 394, 827)
[M::mem_pestat] low and high boundaries for computing mean and std.dev: (1, 1923)
[M::mem_pestat] mean and std.dev: (558.27, 459.94)
[M::mem_pestat] low and high boundaries for proper pairs: (1, 2471)
[M::mem_pestat] analyzing insert size distribution for orientation FR...
[M::mem_pestat] (25, 50, 75) percentile: (293, 384, 490)
[M::mem_pestat] low and high boundaries for computing mean and std.dev: (1, 884)
[M::mem_pestat] mean and std.dev: (397.89, 148.21)
[M::mem_pestat] low and high boundaries for proper pairs: (1, 1081)
[M::mem_pestat] analyzing insert size distribution for orientation RF...
[M::mem_pestat] (25, 50, 75) percentile: (165, 604, 3897)
[M::mem_pestat] low and high boundaries for computing mean and std.dev: (1, 11361)
[M::mem_pestat] mean and std.dev: (2131.45, 2650.56)
[M::mem_pestat] low and high boundaries for proper pairs: (1, 15093)
[M::mem_pestat] analyzing insert size distribution for orientation RR...
[M::mem_pestat] (25, 50, 75) percentile: (380, 614, 1286)
[M::mem_pestat] low and high boundaries for computing mean and std.dev: (1, 3098)
[M::mem_pestat] mean and std.dev: (710.06, 467.17)
[M::mem_pestat] low and high boundaries for proper pairs: (1, 4004)
[M::mem_pestat] skip orientation FF
[M::mem_pestat] skip orientation RF
[M::mem_pestat] skip orientation RR
[M::process] read 1466294 sequences (200000163 bp)...
[M::mem_process_seqs] Processed 1471550 reads in 450.885 CPU sec, 48.931 real sec
[M::mem_pestat] # candidate unique pairs for (FF, FR, RF, RR): (80, 558982, 124, 48)
[M::mem_pestat] analyzing insert size distribution for orientation FF...
[M::mem_pestat] (25, 50, 75) percentile: (295, 467, 737)
[M::mem_pestat] low and high boundaries for computing mean and std.dev: (1, 1621)
[M::mem_pestat] mean and std.dev: (458.60, 263.40)
[M::mem_pestat] low and high boundaries for proper pairs: (1, 2063)
[M::mem_pestat] analyzing insert size distribution for orientation FR...
[M::mem_pestat] (25, 50, 75) percentile: (297, 390, 500)
[M::mem_pestat] low and high boundaries for computing mean and std.dev: (1, 906)
[M::mem_pestat] mean and std.dev: (405.34, 152.39)
[M::mem_pestat] low and high boundaries for proper pairs: (1, 1109)
[M::mem_pestat] analyzing insert size distribution for orientation RF...
[M::mem_pestat] (25, 50, 75) percentile: (60, 481, 4162)
[M::mem_pestat] low and high boundaries for computing mean and std.dev: (1, 12366)
[M::mem_pestat] mean and std.dev: (2139.39, 2709.16)
[M::mem_pestat] low and high boundaries for proper pairs: (1, 16468)
[M::mem_pestat] analyzing insert size distribution for orientation RR...
[M::mem_pestat] (25, 50, 75) percentile: (219, 598, 1631)
[M::mem_pestat] low and high boundaries for computing mean and std.dev: (1, 4455)
[M::mem_pestat] mean and std.dev: (910.68, 961.41)
[M::mem_pestat] low and high boundaries for proper pairs: (1, 5867)
[M::mem_pestat] skip orientation FF
[M::mem_pestat] skip orientation RF
[M::mem_pestat] skip orientation RR
[M::process] read 1465434 sequences (200000071 bp)...
[M::mem_process_seqs] Processed 1466294 reads in 451.287 CPU sec, 48.958 real sec
[M::mem_pestat] # candidate unique pairs for (FF, FR, RF, RR): (68, 557334, 129, 47)
[M::mem_pestat] analyzing insert size distribution for orientation FF...
[M::mem_pestat] (25, 50, 75) percentile: (354, 560, 986)
[M::mem_pestat] low and high boundaries for computing mean and std.dev: (1, 2250)
[M::mem_pestat] mean and std.dev: (589.82, 416.33)
[M::mem_pestat] low and high boundaries for proper pairs: (1, 2882)
[M::mem_pestat] analyzing insert size distribution for orientation FR...
[M::mem_pestat] (25, 50, 75) percentile: (299, 393, 505)
[M::mem_pestat] low and high boundaries for computing mean and std.dev: (1, 917)
[M::mem_pestat] mean and std.dev: (409.09, 154.73)
[M::mem_pestat] low and high boundaries for proper pairs: (1, 1123)
[M::mem_pestat] analyzing insert size distribution for orientation RF...
[M::mem_pestat] (25, 50, 75) percentile: (76, 456, 2918)
[M::mem_pestat] low and high boundaries for computing mean and std.dev: (1, 8602)
[M::mem_pestat] mean and std.dev: (1516.73, 1991.33)
[M::mem_pestat] low and high boundaries for proper pairs: (1, 11444)
[M::mem_pestat] analyzing insert size distribution for orientation RR...
[M::mem_pestat] (25, 50, 75) percentile: (321, 537, 1303)
[M::mem_pestat] low and high boundaries for computing mean and std.dev: (1, 3267)
[M::mem_pestat] mean and std.dev: (693.05, 587.22)
[M::mem_pestat] low and high boundaries for proper pairs: (1, 4249)
[M::mem_pestat] skip orientation FF
[M::mem_pestat] skip orientation RF
[M::mem_pestat] skip orientation RR
[M::process] read 1465092 sequences (200000020 bp)...
[M::mem_process_seqs] Processed 1465434 reads in 453.145 CPU sec, 49.143 real sec
[M::mem_pestat] # candidate unique pairs for (FF, FR, RF, RR): (53, 555758, 142, 50)
[M::mem_pestat] analyzing insert size distribution for orientation FF...
[M::mem_pestat] (25, 50, 75) percentile: (386, 552, 918)
[M::mem_pestat] low and high boundaries for computing mean and std.dev: (1, 1982)
[M::mem_pestat] mean and std.dev: (588.91, 352.05)
[M::mem_pestat] low and high boundaries for proper pairs: (1, 2514)
[M::mem_pestat] analyzing insert size distribution for orientation FR...
[M::mem_pestat] (25, 50, 75) percentile: (299, 393, 506)
[M::mem_pestat] low and high boundaries for computing mean and std.dev: (1, 920)
[M::mem_pestat] mean and std.dev: (409.68, 155.66)
[M::mem_pestat] low and high boundaries for proper pairs: (1, 1127)
[M::mem_pestat] analyzing insert size distribution for orientation RF...
[M::mem_pestat] (25, 50, 75) percentile: (43, 486, 3280)
[M::mem_pestat] low and high boundaries for computing mean and std.dev: (1, 9754)
[M::mem_pestat] mean and std.dev: (1879.64, 2473.42)
[M::mem_pestat] low and high boundaries for proper pairs: (1, 12991)
[M::mem_pestat] analyzing insert size distribution for orientation RR...
[M::mem_pestat] (25, 50, 75) percentile: (290, 456, 798)
[M::mem_pestat] low and high boundaries for computing mean and std.dev: (1, 1814)
[M::mem_pestat] mean and std.dev: (492.56, 332.73)
[M::mem_pestat] low and high boundaries for proper pairs: (1, 2322)
[M::mem_pestat] skip orientation FF
[M::mem_pestat] skip orientation RF
[M::mem_pestat] skip orientation RR
[M::mem_process_seqs] Processed 1465092 reads in 470.701 CPU sec, 76.147 real sec
[M::process] read 1471264 sequences (200000246 bp)...
[M::process] read 1467104 sequences (200000105 bp)...
[M::mem_pestat] # candidate unique pairs for (FF, FR, RF, RR): (60, 557607, 159, 47)
[M::mem_pestat] analyzing insert size distribution for orientation FF...
[M::mem_pestat] (25, 50, 75) percentile: (296, 519, 1416)
[M::mem_pestat] low and high boundaries for computing mean and std.dev: (1, 3656)
[M::mem_pestat] mean and std.dev: (710.35, 639.13)
[M::mem_pestat] low and high boundaries for proper pairs: (1, 4776)
[M::mem_pestat] analyzing insert size distribution for orientation FR...
[M::mem_pestat] (25, 50, 75) percentile: (295, 389, 498)
[M::mem_pestat] low and high boundaries for computing mean and std.dev: (1, 904)
[M::mem_pestat] mean and std.dev: (403.40, 151.62)
[M::mem_pestat] low and high boundaries for proper pairs: (1, 1107)
[M::mem_pestat] analyzing insert size distribution for orientation RF...
[M::mem_pestat] (25, 50, 75) percentile: (69, 242, 1924)
[M::mem_pestat] low and high boundaries for computing mean and std.dev: (1, 5634)
[M::mem_pestat] mean and std.dev: (947.30, 1429.47)
[M::mem_pestat] low and high boundaries for proper pairs: (1, 7489)
[M::mem_pestat] analyzing insert size distribution for orientation RR...
[M::mem_pestat] (25, 50, 75) percentile: (255, 467, 966)
[M::mem_pestat] low and high boundaries for computing mean and std.dev: (1, 2388)
[M::mem_pestat] mean and std.dev: (511.62, 368.22)
[M::mem_pestat] low and high boundaries for proper pairs: (1, 3099)
[M::mem_pestat] skip orientation FF
[M::mem_pestat] skip orientation RF
[M::mem_pestat] skip orientation RR
[M::mem_process_seqs] Processed 1471264 reads in 457.090 CPU sec, 47.886 real sec
[M::mem_pestat] # candidate unique pairs for (FF, FR, RF, RR): (77, 558851, 142, 40)
[M::mem_pestat] analyzing insert size distribution for orientation FF...
[M::mem_pestat] (25, 50, 75) percentile: (272, 395, 802)
[M::mem_pestat] low and high boundaries for computing mean and std.dev: (1, 1862)
[M::mem_pestat] mean and std.dev: (495.84, 364.75)
[M::mem_pestat] low and high boundaries for proper pairs: (1, 2392)
[M::mem_pestat] analyzing insert size distribution for orientation FR...
[M::mem_pestat] (25, 50, 75) percentile: (295, 387, 495)
[M::mem_pestat] low and high boundaries for computing mean and std.dev: (1, 895)
[M::mem_pestat] mean and std.dev: (401.39, 150.56)
[M::mem_pestat] low and high boundaries for proper pairs: (1, 1095)
[M::mem_pestat] analyzing insert size distribution for orientation RF...
[M::mem_pestat] (25, 50, 75) percentile: (101, 568, 3415)
[M::mem_pestat] low and high boundaries for computing mean and std.dev: (1, 10043)
[M::mem_pestat] mean and std.dev: (2014.41, 2619.02)
[M::mem_pestat] low and high boundaries for proper pairs: (1, 13357)
[M::mem_pestat] analyzing insert size distribution for orientation RR...
[M::mem_pestat] (25, 50, 75) percentile: (249, 388, 574)
[M::mem_pestat] low and high boundaries for computing mean and std.dev: (1, 1224)
[M::mem_pestat] mean and std.dev: (409.97, 241.10)
[M::mem_pestat] low and high boundaries for proper pairs: (1, 1549)
[M::mem_pestat] skip orientation FF
[M::mem_pestat] skip orientation RF
[M::mem_pestat] skip orientation RR
[M::mem_process_seqs] Processed 1467104 reads in 462.891 CPU sec, 74.508 real sec
[M::process] read 1464530 sequences (200000092 bp)...
[M::process] read 1463786 sequences (200000023 bp)...
[M::mem_pestat] # candidate unique pairs for (FF, FR, RF, RR): (64, 557846, 130, 32)
[M::mem_pestat] analyzing insert size distribution for orientation FF...
[M::mem_pestat] (25, 50, 75) percentile: (342, 539, 999)
[M::mem_pestat] low and high boundaries for computing mean and std.dev: (1, 2313)
[M::mem_pestat] mean and std.dev: (680.43, 512.74)
[M::mem_pestat] low and high boundaries for proper pairs: (1, 2970)
[M::mem_pestat] analyzing insert size distribution for orientation FR...
[M::mem_pestat] (25, 50, 75) percentile: (298, 392, 502)
[M::mem_pestat] low and high boundaries for computing mean and std.dev: (1, 910)
[M::mem_pestat] mean and std.dev: (407.01, 153.78)
[M::mem_pestat] low and high boundaries for proper pairs: (1, 1114)
[M::mem_pestat] analyzing insert size distribution for orientation RF...
[M::mem_pestat] (25, 50, 75) percentile: (46, 288, 2623)
[M::mem_pestat] low and high boundaries for computing mean and std.dev: (1, 7777)
[M::mem_pestat] mean and std.dev: (1422.25, 2074.26)
[M::mem_pestat] low and high boundaries for proper pairs: (1, 10354)
[M::mem_pestat] analyzing insert size distribution for orientation RR...
[M::mem_pestat] (25, 50, 75) percentile: (181, 287, 671)
[M::mem_pestat] low and high boundaries for computing mean and std.dev: (1, 1651)
[M::mem_pestat] mean and std.dev: (365.25, 301.12)
[M::mem_pestat] low and high boundaries for proper pairs: (1, 2141)
[M::mem_pestat] skip orientation FF
[M::mem_pestat] skip orientation RF
[M::mem_pestat] skip orientation RR
[M::mem_process_seqs] Processed 1464530 reads in 448.483 CPU sec, 47.305 real sec
[M::mem_pestat] # candidate unique pairs for (FF, FR, RF, RR): (70, 555629, 133, 49)
[M::mem_pestat] analyzing insert size distribution for orientation FF...
[M::mem_pestat] (25, 50, 75) percentile: (331, 514, 1143)
[M::mem_pestat] low and high boundaries for computing mean and std.dev: (1, 2767)
[M::mem_pestat] mean and std.dev: (612.67, 417.88)
[M::mem_pestat] low and high boundaries for proper pairs: (1, 3579)
[M::mem_pestat] analyzing insert size distribution for orientation FR...
[M::mem_pestat] (25, 50, 75) percentile: (299, 395, 508)
[M::mem_pestat] low and high boundaries for computing mean and std.dev: (1, 926)
[M::mem_pestat] mean and std.dev: (410.93, 156.79)
[M::mem_pestat] low and high boundaries for proper pairs: (1, 1135)
[M::mem_pestat] analyzing insert size distribution for orientation RF...
[M::mem_pestat] (25, 50, 75) percentile: (73, 434, 3803)
[M::mem_pestat] low and high boundaries for computing mean and std.dev: (1, 11263)
[M::mem_pestat] mean and std.dev: (1858.74, 2510.46)
[M::mem_pestat] low and high boundaries for proper pairs: (1, 14993)
[M::mem_pestat] analyzing insert size distribution for orientation RR...
[M::mem_pestat] (25, 50, 75) percentile: (211, 360, 600)
[M::mem_pestat] low and high boundaries for computing mean and std.dev: (1, 1378)
[M::mem_pestat] mean and std.dev: (406.02, 293.69)
[M::mem_pestat] low and high boundaries for proper pairs: (1, 1767)
[M::mem_pestat] skip orientation FF
[M::mem_pestat] skip orientation RF
[M::mem_pestat] skip orientation RR
[M::mem_process_seqs] Processed 1463786 reads in 466.568 CPU sec, 76.137 real sec
[M::process] read 1463530 sequences (200000239 bp)...
[M::process] read 1471454 sequences (200000118 bp)...
[M::mem_pestat] # candidate unique pairs for (FF, FR, RF, RR): (65, 554175, 118, 53)
[M::mem_pestat] analyzing insert size distribution for orientation FF...
[M::mem_pestat] (25, 50, 75) percentile: (298, 400, 676)
[M::mem_pestat] low and high boundaries for computing mean and std.dev: (1, 1432)
[M::mem_pestat] mean and std.dev: (439.91, 241.14)
[M::mem_pestat] low and high boundaries for proper pairs: (1, 1810)
[M::mem_pestat] analyzing insert size distribution for orientation FR...
[M::mem_pestat] (25, 50, 75) percentile: (299, 393, 507)
[M::mem_pestat] low and high boundaries for computing mean and std.dev: (1, 923)
[M::mem_pestat] mean and std.dev: (409.98, 156.39)
[M::mem_pestat] low and high boundaries for proper pairs: (1, 1131)
[M::mem_pestat] analyzing insert size distribution for orientation RF...
[M::mem_pestat] (25, 50, 75) percentile: (60, 299, 1540)
[M::mem_pestat] low and high boundaries for computing mean and std.dev: (1, 4500)
[M::mem_pestat] mean and std.dev: (651.37, 997.03)
[M::mem_pestat] low and high boundaries for proper pairs: (1, 5980)
[M::mem_pestat] analyzing insert size distribution for orientation RR...
[M::mem_pestat] (25, 50, 75) percentile: (220, 311, 815)
[M::mem_pestat] low and high boundaries for computing mean and std.dev: (1, 2005)
[M::mem_pestat] mean and std.dev: (448.00, 352.85)
[M::mem_pestat] low and high boundaries for proper pairs: (1, 2600)
[M::mem_pestat] skip orientation FF
[M::mem_pestat] skip orientation RF
[M::mem_pestat] skip orientation RR
[M::mem_process_seqs] Processed 1463530 reads in 454.822 CPU sec, 47.750 real sec
[M::mem_pestat] # candidate unique pairs for (FF, FR, RF, RR): (53, 558026, 144, 45)
[M::mem_pestat] analyzing insert size distribution for orientation FF...
[M::mem_pestat] (25, 50, 75) percentile: (297, 507, 1114)
[M::mem_pestat] low and high boundaries for computing mean and std.dev: (1, 2748)
[M::mem_pestat] mean and std.dev: (542.29, 376.69)
[M::mem_pestat] low and high boundaries for proper pairs: (1, 3565)
[M::mem_pestat] analyzing insert size distribution for orientation FR...
[M::mem_pestat] (25, 50, 75) percentile: (295, 387, 495)
[M::mem_pestat] low and high boundaries for computing mean and std.dev: (1, 895)
[M::mem_pestat] mean and std.dev: (401.32, 150.08)
[M::mem_pestat] low and high boundaries for proper pairs: (1, 1095)
[M::mem_pestat] analyzing insert size distribution for orientation RF...
[M::mem_pestat] (25, 50, 75) percentile: (62, 293, 2275)
[M::mem_pestat] low and high boundaries for computing mean and std.dev: (1, 6701)
[M::mem_pestat] mean and std.dev: (1111.13, 1582.49)
[M::mem_pestat] low and high boundaries for proper pairs: (1, 8914)
[M::mem_pestat] analyzing insert size distribution for orientation RR...
[M::mem_pestat] (25, 50, 75) percentile: (265, 351, 757)
[M::mem_pestat] low and high boundaries for computing mean and std.dev: (1, 1741)
[M::mem_pestat] mean and std.dev: (472.36, 310.15)
[M::mem_pestat] low and high boundaries for proper pairs: (1, 2233)
[M::mem_pestat] skip orientation FF
[M::mem_pestat] skip orientation RF
[M::mem_pestat] skip orientation RR
[M::process] read 1468546 sequences (200000036 bp)...
[M::mem_process_seqs] Processed 1471454 reads in 453.337 CPU sec, 49.045 real sec
[M::mem_pestat] # candidate unique pairs for (FF, FR, RF, RR): (73, 560254, 136, 45)
[M::mem_pestat] analyzing insert size distribution for orientation FF...
[M::mem_pestat] (25, 50, 75) percentile: (300, 464, 751)
[M::mem_pestat] low and high boundaries for computing mean and std.dev: (1, 1653)
[M::mem_pestat] mean and std.dev: (492.67, 302.18)
[M::mem_pestat] low and high boundaries for proper pairs: (1, 2104)
[M::mem_pestat] analyzing insert size distribution for orientation FR...
[M::mem_pestat] (25, 50, 75) percentile: (296, 388, 496)
[M::mem_pestat] low and high boundaries for computing mean and std.dev: (1, 896)
[M::mem_pestat] mean and std.dev: (402.79, 150.67)
[M::mem_pestat] low and high boundaries for proper pairs: (1, 1096)
[M::mem_pestat] analyzing insert size distribution for orientation RF...
[M::mem_pestat] (25, 50, 75) percentile: (102, 794, 3259)
[M::mem_pestat] low and high boundaries for computing mean and std.dev: (1, 9573)
[M::mem_pestat] mean and std.dev: (1902.28, 2469.16)
[M::mem_pestat] low and high boundaries for proper pairs: (1, 12730)
[M::mem_pestat] analyzing insert size distribution for orientation RR...
[M::mem_pestat] (25, 50, 75) percentile: (237, 564, 1343)
[M::mem_pestat] low and high boundaries for computing mean and std.dev: (1, 3555)
[M::mem_pestat] mean and std.dev: (656.55, 686.77)
[M::mem_pestat] low and high boundaries for proper pairs: (1, 4661)
[M::mem_pestat] skip orientation FF
[M::mem_pestat] skip orientation RF
[M::mem_pestat] skip orientation RR
[M::process] read 1464280 sequences (200000157 bp)...
[M::mem_process_seqs] Processed 1468546 reads in 451.569 CPU sec, 49.005 real sec
[M::mem_pestat] # candidate unique pairs for (FF, FR, RF, RR): (68, 558804, 135, 39)
[M::mem_pestat] analyzing insert size distribution for orientation FF...
[M::mem_pestat] (25, 50, 75) percentile: (359, 570, 1346)
[M::mem_pestat] low and high boundaries for computing mean and std.dev: (1, 3320)
[M::mem_pestat] mean and std.dev: (757.26, 629.21)
[M::mem_pestat] low and high boundaries for proper pairs: (1, 4307)
[M::mem_pestat] analyzing insert size distribution for orientation FR...
[M::mem_pestat] (25, 50, 75) percentile: (300, 394, 506)
[M::mem_pestat] low and high boundaries for computing mean and std.dev: (1, 918)
[M::mem_pestat] mean and std.dev: (410.16, 155.19)
[M::mem_pestat] low and high boundaries for proper pairs: (1, 1124)
[M::mem_pestat] analyzing insert size distribution for orientation RF...
[M::mem_pestat] (25, 50, 75) percentile: (84, 498, 3133)
[M::mem_pestat] low and high boundaries for computing mean and std.dev: (1, 9231)
[M::mem_pestat] mean and std.dev: (1684.94, 2315.19)
[M::mem_pestat] low and high boundaries for proper pairs: (1, 12280)
[M::mem_pestat] analyzing insert size distribution for orientation RR...
[M::mem_pestat] (25, 50, 75) percentile: (311, 525, 805)
[M::mem_pestat] low and high boundaries for computing mean and std.dev: (1, 1793)
[M::mem_pestat] mean and std.dev: (479.94, 311.88)
[M::mem_pestat] low and high boundaries for proper pairs: (1, 2287)
[M::mem_pestat] skip orientation FF
[M::mem_pestat] skip orientation RF
[M::mem_pestat] skip orientation RR
[M::process] read 1463852 sequences (200000167 bp)...
[M::mem_process_seqs] Processed 1464280 reads in 448.868 CPU sec, 48.680 real sec
[M::mem_pestat] # candidate unique pairs for (FF, FR, RF, RR): (59, 557032, 142, 47)
[M::mem_pestat] analyzing insert size distribution for orientation FF...
[M::mem_pestat] (25, 50, 75) percentile: (298, 487, 941)
[M::mem_pestat] low and high boundaries for computing mean and std.dev: (1, 2227)
[M::mem_pestat] mean and std.dev: (584.64, 398.48)
[M::mem_pestat] low and high boundaries for proper pairs: (1, 2870)
[M::mem_pestat] analyzing insert size distribution for orientation FR...
[M::mem_pestat] (25, 50, 75) percentile: (300, 395, 509)
[M::mem_pestat] low and high boundaries for computing mean and std.dev: (1, 927)
[M::mem_pestat] mean and std.dev: (412.01, 157.07)
[M::mem_pestat] low and high boundaries for proper pairs: (1, 1136)
[M::mem_pestat] analyzing insert size distribution for orientation RF...
[M::mem_pestat] (25, 50, 75) percentile: (53, 632, 3427)
[M::mem_pestat] low and high boundaries for computing mean and std.dev: (1, 10175)
[M::mem_pestat] mean and std.dev: (1939.73, 2568.42)
[M::mem_pestat] low and high boundaries for proper pairs: (1, 13549)
[M::mem_pestat] analyzing insert size distribution for orientation RR...
[M::mem_pestat] (25, 50, 75) percentile: (250, 481, 1318)
[M::mem_pestat] low and high boundaries for computing mean and std.dev: (1, 3454)
[M::mem_pestat] mean and std.dev: (638.93, 644.44)
[M::mem_pestat] low and high boundaries for proper pairs: (1, 4522)
[M::mem_pestat] skip orientation FF
[M::mem_pestat] skip orientation RF
[M::mem_pestat] skip orientation RR
[M::process] read 1464980 sequences (200000213 bp)...
[M::mem_process_seqs] Processed 1463852 reads in 453.674 CPU sec, 49.177 real sec
[M::mem_pestat] # candidate unique pairs for (FF, FR, RF, RR): (65, 555322, 136, 46)
[M::mem_pestat] analyzing insert size distribution for orientation FF...
[M::mem_pestat] (25, 50, 75) percentile: (341, 584, 1061)
[M::mem_pestat] low and high boundaries for computing mean and std.dev: (1, 2501)
[M::mem_pestat] mean and std.dev: (593.73, 375.33)
[M::mem_pestat] low and high boundaries for proper pairs: (1, 3221)
[M::mem_pestat] analyzing insert size distribution for orientation FR...
[M::mem_pestat] (25, 50, 75) percentile: (298, 394, 507)
[M::mem_pestat] low and high boundaries for computing mean and std.dev: (1, 925)
[M::mem_pestat] mean and std.dev: (410.42, 156.49)
[M::mem_pestat] low and high boundaries for proper pairs: (1, 1134)
[M::mem_pestat] analyzing insert size distribution for orientation RF...
[M::mem_pestat] (25, 50, 75) percentile: (74, 333, 1795)
[M::mem_pestat] low and high boundaries for computing mean and std.dev: (1, 5237)
[M::mem_pestat] mean and std.dev: (852.81, 1250.93)
[M::mem_pestat] low and high boundaries for proper pairs: (1, 6958)
[M::mem_pestat] analyzing insert size distribution for orientation RR...
[M::mem_pestat] (25, 50, 75) percentile: (296, 605, 1043)
[M::mem_pestat] low and high boundaries for computing mean and std.dev: (1, 2537)
[M::mem_pestat] mean and std.dev: (677.31, 557.93)
[M::mem_pestat] low and high boundaries for proper pairs: (1, 3284)
[M::mem_pestat] skip orientation FF
[M::mem_pestat] skip orientation RF
[M::mem_pestat] skip orientation RR
[M::mem_process_seqs] Processed 1464980 reads in 473.318 CPU sec, 77.686 real sec
[M::process] read 1475846 sequences (200000020 bp)...
[M::process] read 1473624 sequences (200000019 bp)...
[M::mem_pestat] # candidate unique pairs for (FF, FR, RF, RR): (90, 559853, 117, 46)
[M::mem_pestat] analyzing insert size distribution for orientation FF...
[M::mem_pestat] (25, 50, 75) percentile: (301, 475, 844)
[M::mem_pestat] low and high boundaries for computing mean and std.dev: (1, 1930)
[M::mem_pestat] mean and std.dev: (497.83, 336.39)
[M::mem_pestat] low and high boundaries for proper pairs: (1, 2473)
[M::mem_pestat] analyzing insert size distribution for orientation FR...
[M::mem_pestat] (25, 50, 75) percentile: (295, 387, 493)
[M::mem_pestat] low and high boundaries for computing mean and std.dev: (1, 889)
[M::mem_pestat] mean and std.dev: (400.88, 148.79)
[M::mem_pestat] low and high boundaries for proper pairs: (1, 1087)
[M::mem_pestat] analyzing insert size distribution for orientation RF...
[M::mem_pestat] (25, 50, 75) percentile: (64, 304, 3307)
[M::mem_pestat] low and high boundaries for computing mean and std.dev: (1, 9793)
[M::mem_pestat] mean and std.dev: (1896.89, 2676.87)
[M::mem_pestat] low and high boundaries for proper pairs: (1, 13036)
[M::mem_pestat] analyzing insert size distribution for orientation RR...
[M::mem_pestat] (25, 50, 75) percentile: (243, 547, 1101)
[M::mem_pestat] low and high boundaries for computing mean and std.dev: (1, 2817)
[M::mem_pestat] mean and std.dev: (628.84, 570.85)
[M::mem_pestat] low and high boundaries for proper pairs: (1, 3675)
[M::mem_pestat] skip orientation FF
[M::mem_pestat] skip orientation RF
[M::mem_pestat] skip orientation RR
[M::mem_process_seqs] Processed 1475846 reads in 455.433 CPU sec, 48.004 real sec
[M::mem_pestat] # candidate unique pairs for (FF, FR, RF, RR): (63, 561030, 129, 44)
[M::mem_pestat] analyzing insert size distribution for orientation FF...
[M::mem_pestat] (25, 50, 75) percentile: (380, 540, 803)
[M::mem_pestat] low and high boundaries for computing mean and std.dev: (1, 1649)
[M::mem_pestat] mean and std.dev: (499.93, 232.07)
[M::mem_pestat] low and high boundaries for proper pairs: (1, 2072)
[M::mem_pestat] analyzing insert size distribution for orientation FR...
[M::mem_pestat] (25, 50, 75) percentile: (298, 390, 499)
[M::mem_pestat] low and high boundaries for computing mean and std.dev: (1, 901)
[M::mem_pestat] mean and std.dev: (404.79, 150.80)
[M::mem_pestat] low and high boundaries for proper pairs: (1, 1102)
[M::mem_pestat] analyzing insert size distribution for orientation RF...
[M::mem_pestat] (25, 50, 75) percentile: (78, 425, 2517)
[M::mem_pestat] low and high boundaries for computing mean and std.dev: (1, 7395)
[M::mem_pestat] mean and std.dev: (1421.63, 1863.17)
[M::mem_pestat] low and high boundaries for proper pairs: (1, 9834)
[M::mem_pestat] analyzing insert size distribution for orientation RR...
[M::mem_pestat] (25, 50, 75) percentile: (242, 390, 912)
[M::mem_pestat] low and high boundaries for computing mean and std.dev: (1, 2252)
[M::mem_pestat] mean and std.dev: (436.14, 399.80)
[M::mem_pestat] low and high boundaries for proper pairs: (1, 2922)
[M::mem_pestat] skip orientation FF
[M::mem_pestat] skip orientation RF
[M::mem_pestat] skip orientation RR
[M::mem_process_seqs] Processed 1473624 reads in 468.351 CPU sec, 76.245 real sec
[M::process] read 1468204 sequences (200000255 bp)...
[M::mem_pestat] # candidate unique pairs for (FF, FR, RF, RR): (74, 558791, 135, 48)
[M::mem_pestat] analyzing insert size distribution for orientation FF...
[M::mem_pestat] (25, 50, 75) percentile: (336, 444, 822)
[M::mem_pestat] low and high boundaries for computing mean and std.dev: (1, 1794)
[M::mem_pestat] mean and std.dev: (503.53, 329.39)
[M::mem_pestat] low and high boundaries for proper pairs: (1, 2280)
[M::mem_pestat] analyzing insert size distribution for orientation FR...
[M::mem_pestat] (25, 50, 75) percentile: (300, 395, 506)
[M::mem_pestat] low and high boundaries for computing mean and std.dev: (1, 918)
[M::mem_pestat] mean and std.dev: (410.46, 154.59)
[M::mem_pestat] low and high boundaries for proper pairs: (1, 1124)
[M::mem_pestat] analyzing insert size distribution for orientation RF...
[M::mem_pestat] (25, 50, 75) percentile: (145, 726, 2977)
[M::mem_pestat] low and high boundaries for computing mean and std.dev: (1, 8641)
[M::mem_pestat] mean and std.dev: (1613.20, 2001.65)
[M::mem_pestat] low and high boundaries for proper pairs: (1, 11473)
[M::mem_pestat] analyzing insert size distribution for orientation RR...
[M::mem_pestat] (25, 50, 75) percentile: (267, 476, 1504)
[M::mem_pestat] low and high boundaries for computing mean and std.dev: (1, 3978)
[M::mem_pestat] mean and std.dev: (725.40, 820.71)
[M::mem_pestat] low and high boundaries for proper pairs: (1, 5215)
[M::mem_pestat] skip orientation FF
[M::mem_pestat] skip orientation RF
[M::mem_pestat] skip orientation RR
[M::process] read 1469890 sequences (200000094 bp)...
[M::mem_process_seqs] Processed 1468204 reads in 450.267 CPU sec, 47.593 real sec
[M::mem_pestat] # candidate unique pairs for (FF, FR, RF, RR): (49, 557173, 142, 52)
[M::mem_pestat] analyzing insert size distribution for orientation FF...
[M::mem_pestat] (25, 50, 75) percentile: (266, 391, 631)
[M::mem_pestat] low and high boundaries for computing mean and std.dev: (1, 1361)
[M::mem_pestat] mean and std.dev: (406.16, 223.51)
[M::mem_pestat] low and high boundaries for proper pairs: (1, 1726)
[M::mem_pestat] analyzing insert size distribution for orientation FR...
[M::mem_pestat] (25, 50, 75) percentile: (300, 395, 508)
[M::mem_pestat] low and high boundaries for computing mean and std.dev: (1, 924)
[M::mem_pestat] mean and std.dev: (411.33, 155.54)
[M::mem_pestat] low and high boundaries for proper pairs: (1, 1132)
[M::mem_pestat] analyzing insert size distribution for orientation RF...
[M::mem_pestat] (25, 50, 75) percentile: (86, 752, 3581)
[M::mem_pestat] low and high boundaries for computing mean and std.dev: (1, 10571)
[M::mem_pestat] mean and std.dev: (2264.77, 2791.20)
[M::mem_pestat] low and high boundaries for proper pairs: (1, 14066)
[M::mem_pestat] analyzing insert size distribution for orientation RR...
[M::mem_pestat] (25, 50, 75) percentile: (281, 606, 1384)
[M::mem_pestat] low and high boundaries for computing mean and std.dev: (1, 3590)
[M::mem_pestat] mean and std.dev: (737.74, 677.23)
[M::mem_pestat] low and high boundaries for proper pairs: (1, 4693)
[M::mem_pestat] skip orientation FF
[M::mem_pestat] skip orientation RF
[M::mem_pestat] skip orientation RR
[M::mem_process_seqs] Processed 1469890 reads in 471.400 CPU sec, 76.099 real sec
[M::process] read 1469870 sequences (200000030 bp)...
[M::process] read 1484926 sequences (200000036 bp)...
[M::mem_pestat] # candidate unique pairs for (FF, FR, RF, RR): (71, 555381, 141, 34)
[M::mem_pestat] analyzing insert size distribution for orientation FF...
[M::mem_pestat] (25, 50, 75) percentile: (333, 505, 1058)
[M::mem_pestat] low and high boundaries for computing mean and std.dev: (1, 2508)
[M::mem_pestat] mean and std.dev: (599.38, 421.35)
[M::mem_pestat] low and high boundaries for proper pairs: (1, 3233)
[M::mem_pestat] analyzing insert size distribution for orientation FR...
[M::mem_pestat] (25, 50, 75) percentile: (298, 393, 505)
[M::mem_pestat] low and high boundaries for computing mean and std.dev: (1, 919)
[M::mem_pestat] mean and std.dev: (408.96, 154.57)
[M::mem_pestat] low and high boundaries for proper pairs: (1, 1126)
[M::mem_pestat] analyzing insert size distribution for orientation RF...
[M::mem_pestat] (25, 50, 75) percentile: (90, 451, 3648)
[M::mem_pestat] low and high boundaries for computing mean and std.dev: (1, 10764)
[M::mem_pestat] mean and std.dev: (2019.73, 2775.58)
[M::mem_pestat] low and high boundaries for proper pairs: (1, 14322)
[M::mem_pestat] analyzing insert size distribution for orientation RR...
[M::mem_pestat] (25, 50, 75) percentile: (274, 447, 1851)
[M::mem_pestat] low and high boundaries for computing mean and std.dev: (1, 5005)
[M::mem_pestat] mean and std.dev: (664.96, 658.06)
[M::mem_pestat] low and high boundaries for proper pairs: (1, 6582)
[M::mem_pestat] skip orientation FF
[M::mem_pestat] skip orientation RF
[M::mem_pestat] skip orientation RR
[M::mem_process_seqs] Processed 1469870 reads in 456.123 CPU sec, 47.801 real sec
[M::mem_pestat] # candidate unique pairs for (FF, FR, RF, RR): (76, 561780, 135, 49)
[M::mem_pestat] analyzing insert size distribution for orientation FF...
[M::mem_pestat] (25, 50, 75) percentile: (354, 503, 833)
[M::mem_pestat] low and high boundaries for computing mean and std.dev: (1, 1791)
[M::mem_pestat] mean and std.dev: (590.64, 408.07)
[M::mem_pestat] low and high boundaries for proper pairs: (1, 2270)
[M::mem_pestat] analyzing insert size distribution for orientation FR...
[M::mem_pestat] (25, 50, 75) percentile: (293, 384, 490)
[M::mem_pestat] low and high boundaries for computing mean and std.dev: (1, 884)
[M::mem_pestat] mean and std.dev: (398.07, 147.09)
[M::mem_pestat] low and high boundaries for proper pairs: (1, 1081)
[M::mem_pestat] analyzing insert size distribution for orientation RF...
[M::mem_pestat] (25, 50, 75) percentile: (40, 216, 2239)
[M::mem_pestat] low and high boundaries for computing mean and std.dev: (1, 6637)
[M::mem_pestat] mean and std.dev: (1174.36, 1736.93)
[M::mem_pestat] low and high boundaries for proper pairs: (1, 8836)
[M::mem_pestat] analyzing insert size distribution for orientation RR...
[M::mem_pestat] (25, 50, 75) percentile: (222, 396, 1039)
[M::mem_pestat] low and high boundaries for computing mean and std.dev: (1, 2673)
[M::mem_pestat] mean and std.dev: (561.43, 529.76)
[M::mem_pestat] low and high boundaries for proper pairs: (1, 3490)
[M::mem_pestat] skip orientation FF
[M::mem_pestat] skip orientation RF
[M::mem_pestat] skip orientation RR
[M::process] read 1476830 sequences (200000067 bp)...
[M::mem_process_seqs] Processed 1484926 reads in 466.925 CPU sec, 50.469 real sec
[M::mem_pestat] # candidate unique pairs for (FF, FR, RF, RR): (70, 561640, 116, 49)
[M::mem_pestat] analyzing insert size distribution for orientation FF...
[M::mem_pestat] (25, 50, 75) percentile: (320, 481, 714)
[M::mem_pestat] low and high boundaries for computing mean and std.dev: (1, 1502)
[M::mem_pestat] mean and std.dev: (484.32, 267.95)
[M::mem_pestat] low and high boundaries for proper pairs: (1, 1896)
[M::mem_pestat] analyzing insert size distribution for orientation FR...
[M::mem_pestat] (25, 50, 75) percentile: (295, 387, 494)
[M::mem_pestat] low and high boundaries for computing mean and std.dev: (1, 892)
[M::mem_pestat] mean and std.dev: (400.80, 148.85)
[M::mem_pestat] low and high boundaries for proper pairs: (1, 1091)
[M::mem_pestat] analyzing insert size distribution for orientation RF...
[M::mem_pestat] (25, 50, 75) percentile: (75, 290, 2853)
[M::mem_pestat] low and high boundaries for computing mean and std.dev: (1, 8409)
[M::mem_pestat] mean and std.dev: (1437.04, 2087.92)
[M::mem_pestat] low and high boundaries for proper pairs: (1, 11187)
[M::mem_pestat] analyzing insert size distribution for orientation RR...
[M::mem_pestat] (25, 50, 75) percentile: (245, 472, 1493)
[M::mem_pestat] low and high boundaries for computing mean and std.dev: (1, 3989)
[M::mem_pestat] mean and std.dev: (815.27, 877.16)
[M::mem_pestat] low and high boundaries for proper pairs: (1, 5237)
[M::mem_pestat] skip orientation FF
[M::mem_pestat] skip orientation RF
[M::mem_pestat] skip orientation RR
[M::process] read 1471828 sequences (200000073 bp)...
[M::mem_process_seqs] Processed 1476830 reads in 451.930 CPU sec, 49.146 real sec
[M::mem_pestat] # candidate unique pairs for (FF, FR, RF, RR): (64, 558823, 109, 48)
[M::mem_pestat] analyzing insert size distribution for orientation FF...
[M::mem_pestat] (25, 50, 75) percentile: (300, 516, 762)
[M::mem_pestat] low and high boundaries for computing mean and std.dev: (1, 1686)
[M::mem_pestat] mean and std.dev: (521.00, 315.20)
[M::mem_pestat] low and high boundaries for proper pairs: (1, 2148)
[M::mem_pestat] analyzing insert size distribution for orientation FR...
[M::mem_pestat] (25, 50, 75) percentile: (299, 392, 501)
[M::mem_pestat] low and high boundaries for computing mean and std.dev: (1, 905)
[M::mem_pestat] mean and std.dev: (407.00, 152.19)
[M::mem_pestat] low and high boundaries for proper pairs: (1, 1107)
[M::mem_pestat] analyzing insert size distribution for orientation RF...
[M::mem_pestat] (25, 50, 75) percentile: (36, 378, 1007)
[M::mem_pestat] low and high boundaries for computing mean and std.dev: (1, 2949)
[M::mem_pestat] mean and std.dev: (410.26, 592.53)
[M::mem_pestat] low and high boundaries for proper pairs: (1, 3920)
[M::mem_pestat] analyzing insert size distribution for orientation RR...
[M::mem_pestat] (25, 50, 75) percentile: (306, 930, 2088)
[M::mem_pestat] low and high boundaries for computing mean and std.dev: (1, 5652)
[M::mem_pestat] mean and std.dev: (1193.78, 1244.39)
[M::mem_pestat] low and high boundaries for proper pairs: (1, 7434)
[M::mem_pestat] skip orientation FF
[M::mem_pestat] skip orientation RF
[M::mem_pestat] skip orientation RR
[M::mem_process_seqs] Processed 1471828 reads in 455.097 CPU sec, 72.759 real sec
[M::process] read 1470800 sequences (200000238 bp)...
[M::process] read 1473516 sequences (200000052 bp)...
[M::mem_pestat] # candidate unique pairs for (FF, FR, RF, RR): (67, 558039, 135, 62)
[M::mem_pestat] analyzing insert size distribution for orientation FF...
[M::mem_pestat] (25, 50, 75) percentile: (321, 467, 858)
[M::mem_pestat] low and high boundaries for computing mean and std.dev: (1, 1932)
[M::mem_pestat] mean and std.dev: (497.29, 269.06)
[M::mem_pestat] low and high boundaries for proper pairs: (1, 2469)
[M::mem_pestat] analyzing insert size distribution for orientation FR...
[M::mem_pestat] (25, 50, 75) percentile: (299, 393, 505)
[M::mem_pestat] low and high boundaries for computing mean and std.dev: (1, 917)
[M::mem_pestat] mean and std.dev: (408.69, 154.34)
[M::mem_pestat] low and high boundaries for proper pairs: (1, 1123)
[M::mem_pestat] analyzing insert size distribution for orientation RF...
[M::mem_pestat] (25, 50, 75) percentile: (80, 589, 3077)
[M::mem_pestat] low and high boundaries for computing mean and std.dev: (1, 9071)
[M::mem_pestat] mean and std.dev: (1569.51, 2100.00)
[M::mem_pestat] low and high boundaries for proper pairs: (1, 12068)
[M::mem_pestat] analyzing insert size distribution for orientation RR...
[M::mem_pestat] (25, 50, 75) percentile: (233, 503, 1060)
[M::mem_pestat] low and high boundaries for computing mean and std.dev: (1, 2714)
[M::mem_pestat] mean and std.dev: (524.63, 421.56)
[M::mem_pestat] low and high boundaries for proper pairs: (1, 3541)
[M::mem_pestat] skip orientation FF
[M::mem_pestat] skip orientation RF
[M::mem_pestat] skip orientation RR
[M::mem_process_seqs] Processed 1470800 reads in 450.730 CPU sec, 46.217 real sec
[M::mem_pestat] # candidate unique pairs for (FF, FR, RF, RR): (69, 556370, 136, 64)
[M::mem_pestat] analyzing insert size distribution for orientation FF...
[M::mem_pestat] (25, 50, 75) percentile: (324, 512, 720)
[M::mem_pestat] low and high boundaries for computing mean and std.dev: (1, 1512)
[M::mem_pestat] mean and std.dev: (465.32, 229.09)
[M::mem_pestat] low and high boundaries for proper pairs: (1, 1908)
[M::mem_pestat] analyzing insert size distribution for orientation FR...
[M::mem_pestat] (25, 50, 75) percentile: (297, 391, 501)
[M::mem_pestat] low and high boundaries for computing mean and std.dev: (1, 909)
[M::mem_pestat] mean and std.dev: (406.22, 152.81)
[M::mem_pestat] low and high boundaries for proper pairs: (1, 1113)
[M::mem_pestat] analyzing insert size distribution for orientation RF...
[M::mem_pestat] (25, 50, 75) percentile: (44, 248, 2885)
[M::mem_pestat] low and high boundaries for computing mean and std.dev: (1, 8567)
[M::mem_pestat] mean and std.dev: (1309.70, 1847.48)
[M::mem_pestat] low and high boundaries for proper pairs: (1, 11408)
[M::mem_pestat] analyzing insert size distribution for orientation RR...
[M::mem_pestat] (25, 50, 75) percentile: (236, 566, 1252)
[M::mem_pestat] low and high boundaries for computing mean and std.dev: (1, 3284)
[M::mem_pestat] mean and std.dev: (735.61, 725.64)
[M::mem_pestat] low and high boundaries for proper pairs: (1, 4300)
[M::mem_pestat] skip orientation FF
[M::mem_pestat] skip orientation RF
[M::mem_pestat] skip orientation RR
[M::process] read 148782 sequences (20021416 bp)...
[M::mem_process_seqs] Processed 1473516 reads in 456.506 CPU sec, 49.464 real sec
[M::mem_pestat] # candidate unique pairs for (FF, FR, RF, RR): (6, 55807, 15, 5)
[M::mem_pestat] skip orientation FF as there are not enough pairs
[M::mem_pestat] analyzing insert size distribution for orientation FR...
[M::mem_pestat] (25, 50, 75) percentile: (295, 388, 493)
[M::mem_pestat] low and high boundaries for computing mean and std.dev: (1, 889)
[M::mem_pestat] mean and std.dev: (400.22, 147.11)
[M::mem_pestat] low and high boundaries for proper pairs: (1, 1087)
[M::mem_pestat] analyzing insert size distribution for orientation RF...
[M::mem_pestat] (25, 50, 75) percentile: (103, 196, 834)
[M::mem_pestat] low and high boundaries for computing mean and std.dev: (1, 2296)
[M::mem_pestat] mean and std.dev: (412.08, 596.33)
[M::mem_pestat] low and high boundaries for proper pairs: (1, 3027)
[M::mem_pestat] skip orientation RR as there are not enough pairs
[M::mem_pestat] skip orientation RF
[M::mem_process_seqs] Processed 148782 reads in 48.198 CPU sec, 5.294 real sec
[main] Version: 0.7.17-r1188
[main] CMD: bwasamblaster: Marked 4335598 of 42629598 (10.17%) read ids as duplicates mem -t using 840992k memory in  201M -R41S @RG\tID:SR_CL_19T_337\tPL:ILLUMINA\tPU:HJMNCDSX7.3\tSM:SR_CL_19T_337\tCN:MCGILL\tBC:CGGTTACGGC-NTATAGTCTT(101.197S) /storage/scratch/iee/dj20y461/Stickleback/G_aculeatus/FITNESS//data/ref_A_X/stickleback_v5_assembly_A_X.fasta CPU seconds and  /storage/scratch/iee/dj20y461/Stickleback/G_aculeatus/FITNESS//data/trimmed/SR_CL_19T_337.R1.trimmed.fastq.gz55M /storage/scratch/iee/dj20y461/Stickleback/G_aculeatus/FITNESS//data/trimmed/SR_CL_19T_337.R2.trimmed.fastq.gz41S(3341S)
[main] Real time: 3341.526 sec; CPU: 26475.557 sec
 wall time.
[bam_sort_core] merging from 40 files and 20 in-memory blocks...
