samblaster: Version 0.1.24
samblaster: Inputting from stdin
samblaster: Outputting to stdout
[M::bwa_idx_load_from_disk] read 0 ALT contigs
[M::process] read 1470202 sequences (200000193 bp)...
[M::mem_pestat] # candidate unique pairs for (FF, FR, RF, RR): (197, 556135, 123, 104)
[M::mem_pestat] analyzing insert size distribution for orientation FF...
[M::mem_pestat] (25, 50, 75) percentile: (333, 529, 879)
[M::mem_pestat] low and high boundaries for computing mean and std.dev: (1, 1971)
[M::mem_pestat] mean and std.dev: (593.86, 374.85)
[M::mem_pestat] low and high boundaries for proper pairs: (1, 2517)
[M::mem_pestat] analyzing insert size distribution for orientation FR...
[M::mem_pestat] (25, 50, 75) percentile: (294, 386, 501)
[M::mem_pestat] low and high boundaries for computing mean and std.dev: (1, 915)
[M::mem_pestat] mean and std.dev: (405.80, 155.60)
[M::mem_pestat] low and high boundaries for proper pairs: (1, 1122)
[M::mem_pestat] analyzing insert size distribution for orientation RF...
[M::mem_pestat] (25, 50, 75) percentile: (62, 471, 3221)
[M::mem_pestat] low and high boundaries for computing mean and std.dev: (1, 9539)
[M::mem_pestat] mean and std.dev: (1767.07, 2594.05)
[M::mem_pestat] low and high boundaries for proper pairs: (1, 12698)
[M::mem_pestat] analyzing insert size distribution for orientation RR...
[M::mem_pestat] (25, 50, 75) percentile: (221, 532, 1133)
[M::mem_pestat] low and high boundaries for computing mean and std.dev: (1, 2957)
[M::mem_pestat] mean and std.dev: (651.10, 616.46)
[M::mem_pestat] low and high boundaries for proper pairs: (1, 3869)
[M::mem_pestat] skip orientation FF
[M::mem_pestat] skip orientation RF
[M::mem_pestat] skip orientation RR
[M::mem_process_seqs] Processed 1470202 reads in 495.661 CPU sec, 119.822 real sec
samblaster: Loaded 23 header sequence entries.
[M::process] read 1467338 sequences (200000128 bp)...
[M::process] read 1470062 sequences (200000077 bp)...
[M::mem_pestat] # candidate unique pairs for (FF, FR, RF, RR): (207, 554299, 103, 94)
[M::mem_pestat] analyzing insert size distribution for orientation FF...
[M::mem_pestat] (25, 50, 75) percentile: (333, 517, 775)
[M::mem_pestat] low and high boundaries for computing mean and std.dev: (1, 1659)
[M::mem_pestat] mean and std.dev: (548.55, 302.49)
[M::mem_pestat] low and high boundaries for proper pairs: (1, 2101)
[M::mem_pestat] analyzing insert size distribution for orientation FR...
[M::mem_pestat] (25, 50, 75) percentile: (299, 394, 512)
[M::mem_pestat] low and high boundaries for computing mean and std.dev: (1, 938)
[M::mem_pestat] mean and std.dev: (414.06, 159.35)
[M::mem_pestat] low and high boundaries for proper pairs: (1, 1151)
[M::mem_pestat] analyzing insert size distribution for orientation RF...
[M::mem_pestat] (25, 50, 75) percentile: (108, 597, 3487)
[M::mem_pestat] low and high boundaries for computing mean and std.dev: (1, 10245)
[M::mem_pestat] mean and std.dev: (1969.04, 2455.04)
[M::mem_pestat] low and high boundaries for proper pairs: (1, 13624)
[M::mem_pestat] analyzing insert size distribution for orientation RR...
[M::mem_pestat] (25, 50, 75) percentile: (323, 545, 1327)
[M::mem_pestat] low and high boundaries for computing mean and std.dev: (1, 3335)
[M::mem_pestat] mean and std.dev: (712.25, 660.63)
[M::mem_pestat] low and high boundaries for proper pairs: (1, 4339)
[M::mem_pestat] skip orientation FF
[M::mem_pestat] skip orientation RF
[M::mem_pestat] skip orientation RR
[M::mem_process_seqs] Processed 1467338 reads in 467.119 CPU sec, 52.422 real sec
[M::process] read 1475866 sequences (200000145 bp)...
[M::mem_pestat] # candidate unique pairs for (FF, FR, RF, RR): (248, 554129, 122, 114)
[M::mem_pestat] analyzing insert size distribution for orientation FF...
[M::mem_pestat] (25, 50, 75) percentile: (340, 499, 796)
[M::mem_pestat] low and high boundaries for computing mean and std.dev: (1, 1708)
[M::mem_pestat] mean and std.dev: (554.86, 319.29)
[M::mem_pestat] low and high boundaries for proper pairs: (1, 2164)
[M::mem_pestat] analyzing insert size distribution for orientation FR...
[M::mem_pestat] (25, 50, 75) percentile: (300, 393, 509)
[M::mem_pestat] low and high boundaries for computing mean and std.dev: (1, 927)
[M::mem_pestat] mean and std.dev: (411.98, 156.10)
[M::mem_pestat] low and high boundaries for proper pairs: (1, 1136)
[M::mem_pestat] analyzing insert size distribution for orientation RF...
[M::mem_pestat] (25, 50, 75) percentile: (111, 552, 3515)
[M::mem_pestat] low and high boundaries for computing mean and std.dev: (1, 10323)
[M::mem_pestat] mean and std.dev: (1984.36, 2579.01)
[M::mem_pestat] low and high boundaries for proper pairs: (1, 13727)
[M::mem_pestat] analyzing insert size distribution for orientation RR...
[M::mem_pestat] (25, 50, 75) percentile: (228, 426, 939)
[M::mem_pestat] low and high boundaries for computing mean and std.dev: (1, 2361)
[M::mem_pestat] mean and std.dev: (576.92, 495.91)
[M::mem_pestat] low and high boundaries for proper pairs: (1, 3072)
[M::mem_pestat] skip orientation FF
[M::mem_pestat] skip orientation RF
[M::mem_pestat] skip orientation RR
[M::mem_process_seqs] Processed 1470062 reads in 471.429 CPU sec, 52.352 real sec
[M::process] read 1474310 sequences (200000052 bp)...
[M::mem_pestat] # candidate unique pairs for (FF, FR, RF, RR): (238, 552915, 124, 108)
[M::mem_pestat] analyzing insert size distribution for orientation FF...
[M::mem_pestat] (25, 50, 75) percentile: (331, 512, 789)
[M::mem_pestat] low and high boundaries for computing mean and std.dev: (1, 1705)
[M::mem_pestat] mean and std.dev: (553.36, 326.87)
[M::mem_pestat] low and high boundaries for proper pairs: (1, 2163)
[M::mem_pestat] analyzing insert size distribution for orientation FR...
[M::mem_pestat] (25, 50, 75) percentile: (297, 388, 499)
[M::mem_pestat] low and high boundaries for computing mean and std.dev: (1, 903)
[M::mem_pestat] mean and std.dev: (404.76, 149.79)
[M::mem_pestat] low and high boundaries for proper pairs: (1, 1105)
[M::mem_pestat] analyzing insert size distribution for orientation RF...
[M::mem_pestat] (25, 50, 75) percentile: (138, 1054, 4521)
[M::mem_pestat] low and high boundaries for computing mean and std.dev: (1, 13287)
[M::mem_pestat] mean and std.dev: (2463.15, 2881.14)
[M::mem_pestat] low and high boundaries for proper pairs: (1, 17670)
[M::mem_pestat] analyzing insert size distribution for orientation RR...
[M::mem_pestat] (25, 50, 75) percentile: (360, 563, 1113)
[M::mem_pestat] low and high boundaries for computing mean and std.dev: (1, 2619)
[M::mem_pestat] mean and std.dev: (700.88, 545.94)
[M::mem_pestat] low and high boundaries for proper pairs: (1, 3372)
[M::mem_pestat] skip orientation FF
[M::mem_pestat] skip orientation RF
[M::mem_pestat] skip orientation RR
[M::mem_process_seqs] Processed 1475866 reads in 475.594 CPU sec, 53.788 real sec
[M::mem_pestat] # candidate unique pairs for (FF, FR, RF, RR): (221, 555369, 105, 106)
[M::mem_pestat] analyzing insert size distribution for orientation FF...
[M::mem_pestat] (25, 50, 75) percentile: (311, 504, 760)
[M::mem_pestat] low and high boundaries for computing mean and std.dev: (1, 1658)
[M::mem_pestat] mean and std.dev: (528.84, 301.82)
[M::mem_pestat] low and high boundaries for proper pairs: (1, 2107)
[M::mem_pestat] analyzing insert size distribution for orientation FR...
[M::mem_pestat] (25, 50, 75) percentile: (294, 385, 496)
[M::mem_pestat] low and high boundaries for computing mean and std.dev: (1, 900)
[M::mem_pestat] mean and std.dev: (402.07, 149.81)
[M::mem_pestat] low and high boundaries for proper pairs: (1, 1102)
[M::mem_pestat] analyzing insert size distribution for orientation RF...
[M::mem_pestat] (25, 50, 75) percentile: (104, 447, 2987)
[M::mem_pestat] low and high boundaries for computing mean and std.dev: (1, 8753)
[M::mem_pestat] mean and std.dev: (1476.32, 2008.39)
[M::mem_pestat] low and high boundaries for proper pairs: (1, 11636)
[M::mem_pestat] analyzing insert size distribution for orientation RR...
[M::mem_pestat] (25, 50, 75) percentile: (280, 555, 1012)
[M::mem_pestat] low and high boundaries for computing mean and std.dev: (1, 2476)
[M::mem_pestat] mean and std.dev: (684.52, 535.61)
[M::mem_pestat] low and high boundaries for proper pairs: (1, 3208)
[M::mem_pestat] skip orientation FF
[M::mem_pestat] skip orientation RF
[M::mem_pestat] skip orientation RR
[M::process] read 1469388 sequences (200000162 bp)...
[M::mem_process_seqs] Processed 1474310 reads in 468.248 CPU sec, 51.141 real sec
[M::mem_pestat] # candidate unique pairs for (FF, FR, RF, RR): (246, 554975, 107, 128)
[M::mem_pestat] analyzing insert size distribution for orientation FF...
[M::mem_pestat] (25, 50, 75) percentile: (339, 497, 804)
[M::mem_pestat] low and high boundaries for computing mean and std.dev: (1, 1734)
[M::mem_pestat] mean and std.dev: (558.45, 323.44)
[M::mem_pestat] low and high boundaries for proper pairs: (1, 2199)
[M::mem_pestat] analyzing insert size distribution for orientation FR...
[M::mem_pestat] (25, 50, 75) percentile: (299, 393, 511)
[M::mem_pestat] low and high boundaries for computing mean and std.dev: (1, 935)
[M::mem_pestat] mean and std.dev: (413.18, 158.40)
[M::mem_pestat] low and high boundaries for proper pairs: (1, 1147)
[M::mem_pestat] analyzing insert size distribution for orientation RF...
[M::mem_pestat] (25, 50, 75) percentile: (76, 414, 2938)
[M::mem_pestat] low and high boundaries for computing mean and std.dev: (1, 8662)
[M::mem_pestat] mean and std.dev: (1504.58, 2095.62)
[M::mem_pestat] low and high boundaries for proper pairs: (1, 11524)
[M::mem_pestat] analyzing insert size distribution for orientation RR...
[M::mem_pestat] (25, 50, 75) percentile: (380, 619, 1141)
[M::mem_pestat] low and high boundaries for computing mean and std.dev: (1, 2663)
[M::mem_pestat] mean and std.dev: (716.52, 512.23)
[M::mem_pestat] low and high boundaries for proper pairs: (1, 3424)
[M::mem_pestat] skip orientation FF
[M::mem_pestat] skip orientation RF
[M::mem_pestat] skip orientation RR
[M::process] read 1472514 sequences (200000105 bp)...
[M::mem_process_seqs] Processed 1469388 reads in 471.274 CPU sec, 51.613 real sec
[M::process] read 1476630 sequences (200000251 bp)...
[M::mem_pestat] # candidate unique pairs for (FF, FR, RF, RR): (268, 554222, 120, 106)
[M::mem_pestat] analyzing insert size distribution for orientation FF...
[M::mem_pestat] (25, 50, 75) percentile: (362, 550, 845)
[M::mem_pestat] low and high boundaries for computing mean and std.dev: (1, 1811)
[M::mem_pestat] mean and std.dev: (594.13, 340.60)
[M::mem_pestat] low and high boundaries for proper pairs: (1, 2294)
[M::mem_pestat] analyzing insert size distribution for orientation FR...
[M::mem_pestat] (25, 50, 75) percentile: (300, 394, 509)
[M::mem_pestat] low and high boundaries for computing mean and std.dev: (1, 927)
[M::mem_pestat] mean and std.dev: (412.50, 155.94)
[M::mem_pestat] low and high boundaries for proper pairs: (1, 1136)
[M::mem_pestat] analyzing insert size distribution for orientation RF...
[M::mem_pestat] (25, 50, 75) percentile: (83, 439, 3119)
[M::mem_pestat] low and high boundaries for computing mean and std.dev: (1, 9191)
[M::mem_pestat] mean and std.dev: (1561.51, 2001.96)
[M::mem_pestat] low and high boundaries for proper pairs: (1, 12227)
[M::mem_pestat] analyzing insert size distribution for orientation RR...
[M::mem_pestat] (25, 50, 75) percentile: (263, 586, 1255)
[M::mem_pestat] low and high boundaries for computing mean and std.dev: (1, 3239)
[M::mem_pestat] mean and std.dev: (793.47, 662.09)
[M::mem_pestat] low and high boundaries for proper pairs: (1, 4231)
[M::mem_pestat] skip orientation FF
[M::mem_pestat] skip orientation RF
[M::mem_pestat] skip orientation RR
[M::mem_process_seqs] Processed 1472514 reads in 472.613 CPU sec, 52.289 real sec
[M::process] read 1482604 sequences (200000059 bp)...
[M::mem_pestat] # candidate unique pairs for (FF, FR, RF, RR): (231, 553108, 100, 107)
[M::mem_pestat] analyzing insert size distribution for orientation FF...
[M::mem_pestat] (25, 50, 75) percentile: (302, 429, 698)
[M::mem_pestat] low and high boundaries for computing mean and std.dev: (1, 1490)
[M::mem_pestat] mean and std.dev: (484.75, 282.64)
[M::mem_pestat] low and high boundaries for proper pairs: (1, 1886)
[M::mem_pestat] analyzing insert size distribution for orientation FR...
[M::mem_pestat] (25, 50, 75) percentile: (298, 389, 501)
[M::mem_pestat] low and high boundaries for computing mean and std.dev: (1, 907)
[M::mem_pestat] mean and std.dev: (406.28, 150.89)
[M::mem_pestat] low and high boundaries for proper pairs: (1, 1110)
[M::mem_pestat] analyzing insert size distribution for orientation RF...
[M::mem_pestat] (25, 50, 75) percentile: (65, 559, 3206)
[M::mem_pestat] low and high boundaries for computing mean and std.dev: (1, 9488)
[M::mem_pestat] mean and std.dev: (1818.80, 2471.93)
[M::mem_pestat] low and high boundaries for proper pairs: (1, 12629)
[M::mem_pestat] analyzing insert size distribution for orientation RR...
[M::mem_pestat] (25, 50, 75) percentile: (332, 557, 1222)
[M::mem_pestat] low and high boundaries for computing mean and std.dev: (1, 3002)
[M::mem_pestat] mean and std.dev: (683.85, 549.13)
[M::mem_pestat] low and high boundaries for proper pairs: (1, 3892)
[M::mem_pestat] skip orientation FF
[M::mem_pestat] skip orientation RF
[M::mem_pestat] skip orientation RR
[M::mem_process_seqs] Processed 1476630 reads in 476.983 CPU sec, 52.233 real sec
[M::mem_pestat] # candidate unique pairs for (FF, FR, RF, RR): (264, 553278, 101, 101)
[M::mem_pestat] analyzing insert size distribution for orientation FF...
[M::mem_pestat] (25, 50, 75) percentile: (365, 531, 819)
[M::mem_pestat] low and high boundaries for computing mean and std.dev: (1, 1727)
[M::mem_pestat] mean and std.dev: (568.85, 339.83)
[M::mem_pestat] low and high boundaries for proper pairs: (1, 2181)
[M::mem_pestat] analyzing insert size distribution for orientation FR...
[M::mem_pestat] (25, 50, 75) percentile: (292, 382, 487)
[M::mem_pestat] low and high boundaries for computing mean and std.dev: (1, 877)
[M::mem_pestat] mean and std.dev: (395.64, 143.30)
[M::mem_pestat] low and high boundaries for proper pairs: (1, 1072)
[M::mem_pestat] analyzing insert size distribution for orientation RF...
[M::mem_pestat] (25, 50, 75) percentile: (86, 430, 2268)
[M::mem_pestat] low and high boundaries for computing mean and std.dev: (1, 6632)
[M::mem_pestat] mean and std.dev: (1167.87, 1665.60)
[M::mem_pestat] low and high boundaries for proper pairs: (1, 8814)
[M::mem_pestat] analyzing insert size distribution for orientation RR...
[M::mem_pestat] (25, 50, 75) percentile: (291, 495, 1165)
[M::mem_pestat] low and high boundaries for computing mean and std.dev: (1, 2913)
[M::mem_pestat] mean and std.dev: (706.07, 572.82)
[M::mem_pestat] low and high boundaries for proper pairs: (1, 3787)
[M::mem_pestat] skip orientation FF
[M::mem_pestat] skip orientation RF
[M::mem_pestat] skip orientation RR
[M::process] read 1464746 sequences (200000193 bp)...
[M::mem_process_seqs] Processed 1482604 reads in 475.133 CPU sec, 51.902 real sec
[M::mem_pestat] # candidate unique pairs for (FF, FR, RF, RR): (240, 553992, 141, 82)
[M::mem_pestat] analyzing insert size distribution for orientation FF...
[M::mem_pestat] (25, 50, 75) percentile: (386, 577, 872)
[M::mem_pestat] low and high boundaries for computing mean and std.dev: (1, 1844)
[M::mem_pestat] mean and std.dev: (607.37, 345.49)
[M::mem_pestat] low and high boundaries for proper pairs: (1, 2330)
[M::mem_pestat] analyzing insert size distribution for orientation FR...
[M::mem_pestat] (25, 50, 75) percentile: (300, 394, 514)
[M::mem_pestat] low and high boundaries for computing mean and std.dev: (1, 942)
[M::mem_pestat] mean and std.dev: (415.77, 161.30)
[M::mem_pestat] low and high boundaries for proper pairs: (1, 1156)
[M::mem_pestat] analyzing insert size distribution for orientation RF...
[M::mem_pestat] (25, 50, 75) percentile: (71, 371, 3178)
[M::mem_pestat] low and high boundaries for computing mean and std.dev: (1, 9392)
[M::mem_pestat] mean and std.dev: (1645.26, 2385.30)
[M::mem_pestat] low and high boundaries for proper pairs: (1, 12499)
[M::mem_pestat] analyzing insert size distribution for orientation RR...
[M::mem_pestat] (25, 50, 75) percentile: (277, 500, 1376)
[M::mem_pestat] low and high boundaries for computing mean and std.dev: (1, 3574)
[M::mem_pestat] mean and std.dev: (789.43, 767.13)
[M::mem_pestat] low and high boundaries for proper pairs: (1, 4673)
[M::mem_pestat] skip orientation FF
[M::mem_pestat] skip orientation RF
[M::mem_pestat] skip orientation RR
[M::process] read 1466746 sequences (200000051 bp)...
[M::mem_process_seqs] Processed 1464746 reads in 466.579 CPU sec, 50.429 real sec
[M::mem_pestat] # candidate unique pairs for (FF, FR, RF, RR): (229, 553792, 127, 124)
[M::mem_pestat] analyzing insert size distribution for orientation FF...
[M::mem_pestat] (25, 50, 75) percentile: (345, 564, 838)
[M::mem_pestat] low and high boundaries for computing mean and std.dev: (1, 1824)
[M::mem_pestat] mean and std.dev: (601.63, 378.85)
[M::mem_pestat] low and high boundaries for proper pairs: (1, 2317)
[M::mem_pestat] analyzing insert size distribution for orientation FR...
[M::mem_pestat] (25, 50, 75) percentile: (302, 397, 515)
[M::mem_pestat] low and high boundaries for computing mean and std.dev: (1, 941)
[M::mem_pestat] mean and std.dev: (416.85, 160.32)
[M::mem_pestat] low and high boundaries for proper pairs: (1, 1154)
[M::mem_pestat] analyzing insert size distribution for orientation RF...
[M::mem_pestat] (25, 50, 75) percentile: (141, 730, 3485)
[M::mem_pestat] low and high boundaries for computing mean and std.dev: (1, 10173)
[M::mem_pestat] mean and std.dev: (2212.92, 2864.24)
[M::mem_pestat] low and high boundaries for proper pairs: (1, 13670)
[M::mem_pestat] analyzing insert size distribution for orientation RR...
[M::mem_pestat] (25, 50, 75) percentile: (269, 471, 1065)
[M::mem_pestat] low and high boundaries for computing mean and std.dev: (1, 2657)
[M::mem_pestat] mean and std.dev: (675.82, 542.68)
[M::mem_pestat] low and high boundaries for proper pairs: (1, 3453)
[M::mem_pestat] skip orientation FF
[M::mem_pestat] skip orientation RF
[M::mem_pestat] skip orientation RR
[M::process] read 1470708 sequences (200000221 bp)...
[M::mem_process_seqs] Processed 1466746 reads in 469.950 CPU sec, 51.111 real sec
[M::mem_pestat] # candidate unique pairs for (FF, FR, RF, RR): (228, 553166, 111, 134)
[M::mem_pestat] analyzing insert size distribution for orientation FF...
[M::mem_pestat] (25, 50, 75) percentile: (364, 532, 801)
[M::mem_pestat] low and high boundaries for computing mean and std.dev: (1, 1675)
[M::mem_pestat] mean and std.dev: (561.85, 301.93)
[M::mem_pestat] low and high boundaries for proper pairs: (1, 2112)
[M::mem_pestat] analyzing insert size distribution for orientation FR...
[M::mem_pestat] (25, 50, 75) percentile: (301, 394, 510)
[M::mem_pestat] low and high boundaries for computing mean and std.dev: (1, 928)
[M::mem_pestat] mean and std.dev: (412.91, 156.09)
[M::mem_pestat] low and high boundaries for proper pairs: (1, 1137)
[M::mem_pestat] analyzing insert size distribution for orientation RF...
[M::mem_pestat] (25, 50, 75) percentile: (190, 907, 3880)
[M::mem_pestat] low and high boundaries for computing mean and std.dev: (1, 11260)
[M::mem_pestat] mean and std.dev: (2279.96, 2703.53)
[M::mem_pestat] low and high boundaries for proper pairs: (1, 14950)
[M::mem_pestat] analyzing insert size distribution for orientation RR...
[M::mem_pestat] (25, 50, 75) percentile: (255, 471, 1167)
[M::mem_pestat] low and high boundaries for computing mean and std.dev: (1, 2991)
[M::mem_pestat] mean and std.dev: (641.30, 592.65)
[M::mem_pestat] low and high boundaries for proper pairs: (1, 3903)
[M::mem_pestat] skip orientation FF
[M::mem_pestat] skip orientation RF
[M::mem_pestat] skip orientation RR
[M::process] read 1478288 sequences (200000122 bp)...
[M::mem_process_seqs] Processed 1470708 reads in 474.482 CPU sec, 51.187 real sec
[M::mem_pestat] # candidate unique pairs for (FF, FR, RF, RR): (251, 552619, 113, 103)
[M::mem_pestat] analyzing insert size distribution for orientation FF...
[M::mem_pestat] (25, 50, 75) percentile: (327, 551, 820)
[M::mem_pestat] low and high boundaries for computing mean and std.dev: (1, 1806)
[M::mem_pestat] mean and std.dev: (560.93, 323.42)
[M::mem_pestat] low and high boundaries for proper pairs: (1, 2299)
[M::mem_pestat] analyzing insert size distribution for orientation FR...
[M::mem_pestat] (25, 50, 75) percentile: (296, 387, 496)
[M::mem_pestat] low and high boundaries for computing mean and std.dev: (1, 896)
[M::mem_pestat] mean and std.dev: (402.35, 147.69)
[M::mem_pestat] low and high boundaries for proper pairs: (1, 1096)
[M::mem_pestat] analyzing insert size distribution for orientation RF...
[M::mem_pestat] (25, 50, 75) percentile: (129, 357, 2899)
[M::mem_pestat] low and high boundaries for computing mean and std.dev: (1, 8439)
[M::mem_pestat] mean and std.dev: (1451.06, 1934.15)
[M::mem_pestat] low and high boundaries for proper pairs: (1, 11209)
[M::mem_pestat] analyzing insert size distribution for orientation RR...
[M::mem_pestat] (25, 50, 75) percentile: (339, 542, 1188)
[M::mem_pestat] low and high boundaries for computing mean and std.dev: (1, 2886)
[M::mem_pestat] mean and std.dev: (759.42, 659.07)
[M::mem_pestat] low and high boundaries for proper pairs: (1, 3735)
[M::mem_pestat] skip orientation FF
[M::mem_pestat] skip orientation RF
[M::mem_pestat] skip orientation RR
[M::process] read 1473396 sequences (200000088 bp)...
[M::mem_process_seqs] Processed 1478288 reads in 477.685 CPU sec, 51.909 real sec
[M::mem_pestat] # candidate unique pairs for (FF, FR, RF, RR): (248, 554834, 132, 99)
[M::mem_pestat] analyzing insert size distribution for orientation FF...
[M::mem_pestat] (25, 50, 75) percentile: (319, 525, 727)
[M::mem_pestat] low and high boundaries for computing mean and std.dev: (1, 1543)
[M::mem_pestat] mean and std.dev: (536.42, 295.42)
[M::mem_pestat] low and high boundaries for proper pairs: (1, 1951)
[M::mem_pestat] analyzing insert size distribution for orientation FR...
[M::mem_pestat] (25, 50, 75) percentile: (295, 386, 498)
[M::mem_pestat] low and high boundaries for computing mean and std.dev: (1, 904)
[M::mem_pestat] mean and std.dev: (403.23, 151.11)
[M::mem_pestat] low and high boundaries for proper pairs: (1, 1107)
[M::mem_pestat] analyzing insert size distribution for orientation RF...
[M::mem_pestat] (25, 50, 75) percentile: (101, 447, 3122)
[M::mem_pestat] low and high boundaries for computing mean and std.dev: (1, 9164)
[M::mem_pestat] mean and std.dev: (1689.54, 2329.44)
[M::mem_pestat] low and high boundaries for proper pairs: (1, 12185)
[M::mem_pestat] analyzing insert size distribution for orientation RR...
[M::mem_pestat] (25, 50, 75) percentile: (342, 651, 1587)
[M::mem_pestat] low and high boundaries for computing mean and std.dev: (1, 4077)
[M::mem_pestat] mean and std.dev: (906.68, 846.17)
[M::mem_pestat] low and high boundaries for proper pairs: (1, 5322)
[M::mem_pestat] skip orientation FF
[M::mem_pestat] skip orientation RF
[M::mem_pestat] skip orientation RR
[M::process] read 1465270 sequences (200000218 bp)...
[M::mem_process_seqs] Processed 1473396 reads in 469.608 CPU sec, 50.859 real sec
[M::mem_pestat] # candidate unique pairs for (FF, FR, RF, RR): (253, 553294, 102, 104)
[M::mem_pestat] analyzing insert size distribution for orientation FF...
[M::mem_pestat] (25, 50, 75) percentile: (348, 509, 809)
[M::mem_pestat] low and high boundaries for computing mean and std.dev: (1, 1731)
[M::mem_pestat] mean and std.dev: (545.07, 298.84)
[M::mem_pestat] low and high boundaries for proper pairs: (1, 2192)
[M::mem_pestat] analyzing insert size distribution for orientation FR...
[M::mem_pestat] (25, 50, 75) percentile: (302, 397, 516)
[M::mem_pestat] low and high boundaries for computing mean and std.dev: (1, 944)
[M::mem_pestat] mean and std.dev: (417.61, 161.00)
[M::mem_pestat] low and high boundaries for proper pairs: (1, 1158)
[M::mem_pestat] analyzing insert size distribution for orientation RF...
[M::mem_pestat] (25, 50, 75) percentile: (120, 557, 3179)
[M::mem_pestat] low and high boundaries for computing mean and std.dev: (1, 9297)
[M::mem_pestat] mean and std.dev: (1857.03, 2442.45)
[M::mem_pestat] low and high boundaries for proper pairs: (1, 12356)
[M::mem_pestat] analyzing insert size distribution for orientation RR...
[M::mem_pestat] (25, 50, 75) percentile: (267, 605, 1159)
[M::mem_pestat] low and high boundaries for computing mean and std.dev: (1, 2943)
[M::mem_pestat] mean and std.dev: (701.20, 573.71)
[M::mem_pestat] low and high boundaries for proper pairs: (1, 3835)
[M::mem_pestat] skip orientation FF
[M::mem_pestat] skip orientation RF
[M::mem_pestat] skip orientation RR
[M::process] read 1467292 sequences (200000226 bp)...
[M::mem_process_seqs] Processed 1465270 reads in 470.444 CPU sec, 50.796 real sec
[M::mem_pestat] # candidate unique pairs for (FF, FR, RF, RR): (246, 554706, 99, 124)
[M::mem_pestat] analyzing insert size distribution for orientation FF...
[M::mem_pestat] (25, 50, 75) percentile: (307, 509, 783)
[M::mem_pestat] low and high boundaries for computing mean and std.dev: (1, 1735)
[M::mem_pestat] mean and std.dev: (537.79, 312.43)
[M::mem_pestat] low and high boundaries for proper pairs: (1, 2211)
[M::mem_pestat] analyzing insert size distribution for orientation FR...
[M::mem_pestat] (25, 50, 75) percentile: (302, 395, 514)
[M::mem_pestat] low and high boundaries for computing mean and std.dev: (1, 938)
[M::mem_pestat] mean and std.dev: (415.58, 158.33)
[M::mem_pestat] low and high boundaries for proper pairs: (1, 1150)
[M::mem_pestat] analyzing insert size distribution for orientation RF...
[M::mem_pestat] (25, 50, 75) percentile: (111, 835, 5027)
[M::mem_pestat] low and high boundaries for computing mean and std.dev: (1, 14859)
[M::mem_pestat] mean and std.dev: (2621.96, 3000.53)
[M::mem_pestat] low and high boundaries for proper pairs: (1, 19775)
[M::mem_pestat] analyzing insert size distribution for orientation RR...
[M::mem_pestat] (25, 50, 75) percentile: (395, 685, 1413)
[M::mem_pestat] low and high boundaries for computing mean and std.dev: (1, 3449)
[M::mem_pestat] mean and std.dev: (862.02, 728.02)
[M::mem_pestat] low and high boundaries for proper pairs: (1, 4467)
[M::mem_pestat] skip orientation FF
[M::mem_pestat] skip orientation RF
[M::mem_pestat] skip orientation RR
[M::process] read 1472052 sequences (200000034 bp)...
[M::mem_process_seqs] Processed 1467292 reads in 469.889 CPU sec, 51.092 real sec
[M::mem_pestat] # candidate unique pairs for (FF, FR, RF, RR): (251, 553229, 123, 105)
[M::mem_pestat] analyzing insert size distribution for orientation FF...
[M::mem_pestat] (25, 50, 75) percentile: (320, 456, 804)
[M::mem_pestat] low and high boundaries for computing mean and std.dev: (1, 1772)
[M::mem_pestat] mean and std.dev: (572.64, 377.10)
[M::mem_pestat] low and high boundaries for proper pairs: (1, 2256)
[M::mem_pestat] analyzing insert size distribution for orientation FR...
[M::mem_pestat] (25, 50, 75) percentile: (299, 392, 506)
[M::mem_pestat] low and high boundaries for computing mean and std.dev: (1, 920)
[M::mem_pestat] mean and std.dev: (409.79, 152.98)
[M::mem_pestat] low and high boundaries for proper pairs: (1, 1127)
[M::mem_pestat] analyzing insert size distribution for orientation RF...
[M::mem_pestat] (25, 50, 75) percentile: (60, 330, 2692)
[M::mem_pestat] low and high boundaries for computing mean and std.dev: (1, 7956)
[M::mem_pestat] mean and std.dev: (1304.85, 1969.29)
[M::mem_pestat] low and high boundaries for proper pairs: (1, 10588)
[M::mem_pestat] analyzing insert size distribution for orientation RR...
[M::mem_pestat] (25, 50, 75) percentile: (281, 487, 1108)
[M::mem_pestat] low and high boundaries for computing mean and std.dev: (1, 2762)
[M::mem_pestat] mean and std.dev: (657.09, 572.34)
[M::mem_pestat] low and high boundaries for proper pairs: (1, 3589)
[M::mem_pestat] skip orientation FF
[M::mem_pestat] skip orientation RF
[M::mem_pestat] skip orientation RR
[M::process] read 1481532 sequences (200000179 bp)...
[M::mem_process_seqs] Processed 1472052 reads in 472.994 CPU sec, 51.474 real sec
[M::mem_pestat] # candidate unique pairs for (FF, FR, RF, RR): (239, 554136, 125, 112)
[M::mem_pestat] analyzing insert size distribution for orientation FF...
[M::mem_pestat] (25, 50, 75) percentile: (362, 489, 701)
[M::mem_pestat] low and high boundaries for computing mean and std.dev: (1, 1379)
[M::mem_pestat] mean and std.dev: (508.26, 233.51)
[M::mem_pestat] low and high boundaries for proper pairs: (1, 1718)
[M::mem_pestat] analyzing insert size distribution for orientation FR...
[M::mem_pestat] (25, 50, 75) percentile: (294, 383, 489)
[M::mem_pestat] low and high boundaries for computing mean and std.dev: (1, 879)
[M::mem_pestat] mean and std.dev: (397.31, 143.65)
[M::mem_pestat] low and high boundaries for proper pairs: (1, 1074)
[M::mem_pestat] analyzing insert size distribution for orientation RF...
[M::mem_pestat] (25, 50, 75) percentile: (112, 439, 3393)
[M::mem_pestat] low and high boundaries for computing mean and std.dev: (1, 9955)
[M::mem_pestat] mean and std.dev: (2071.24, 2771.60)
[M::mem_pestat] low and high boundaries for proper pairs: (1, 13236)
[M::mem_pestat] analyzing insert size distribution for orientation RR...
[M::mem_pestat] (25, 50, 75) percentile: (365, 728, 1338)
[M::mem_pestat] low and high boundaries for computing mean and std.dev: (1, 3284)
[M::mem_pestat] mean and std.dev: (882.73, 709.63)
[M::mem_pestat] low and high boundaries for proper pairs: (1, 4257)
[M::mem_pestat] skip orientation FF
[M::mem_pestat] skip orientation RF
[M::mem_pestat] skip orientation RR
[M::mem_process_seqs] Processed 1481532 reads in 492.945 CPU sec, 81.871 real sec
[M::process] read 1464928 sequences (200000034 bp)...
[M::process] read 1466846 sequences (200000059 bp)...
[M::mem_pestat] # candidate unique pairs for (FF, FR, RF, RR): (252, 555377, 110, 112)
[M::mem_pestat] analyzing insert size distribution for orientation FF...
[M::mem_pestat] (25, 50, 75) percentile: (386, 576, 831)
[M::mem_pestat] low and high boundaries for computing mean and std.dev: (1, 1721)
[M::mem_pestat] mean and std.dev: (589.60, 310.88)
[M::mem_pestat] low and high boundaries for proper pairs: (1, 2166)
[M::mem_pestat] analyzing insert size distribution for orientation FR...
[M::mem_pestat] (25, 50, 75) percentile: (304, 399, 519)
[M::mem_pestat] low and high boundaries for computing mean and std.dev: (1, 949)
[M::mem_pestat] mean and std.dev: (419.79, 161.21)
[M::mem_pestat] low and high boundaries for proper pairs: (1, 1164)
[M::mem_pestat] analyzing insert size distribution for orientation RF...
[M::mem_pestat] (25, 50, 75) percentile: (84, 403, 2933)
[M::mem_pestat] low and high boundaries for computing mean and std.dev: (1, 8631)
[M::mem_pestat] mean and std.dev: (1385.18, 2095.24)
[M::mem_pestat] low and high boundaries for proper pairs: (1, 11480)
[M::mem_pestat] analyzing insert size distribution for orientation RR...
[M::mem_pestat] (25, 50, 75) percentile: (241, 511, 1059)
[M::mem_pestat] low and high boundaries for computing mean and std.dev: (1, 2695)
[M::mem_pestat] mean and std.dev: (653.17, 560.03)
[M::mem_pestat] low and high boundaries for proper pairs: (1, 3513)
[M::mem_pestat] skip orientation FF
[M::mem_pestat] skip orientation RF
[M::mem_pestat] skip orientation RR
[M::mem_process_seqs] Processed 1464928 reads in 466.247 CPU sec, 49.157 real sec
[M::mem_pestat] # candidate unique pairs for (FF, FR, RF, RR): (263, 555451, 120, 116)
[M::mem_pestat] analyzing insert size distribution for orientation FF...
[M::mem_pestat] (25, 50, 75) percentile: (339, 544, 773)
[M::mem_pestat] low and high boundaries for computing mean and std.dev: (1, 1641)
[M::mem_pestat] mean and std.dev: (550.70, 305.95)
[M::mem_pestat] low and high boundaries for proper pairs: (1, 2075)
[M::mem_pestat] analyzing insert size distribution for orientation FR...
[M::mem_pestat] (25, 50, 75) percentile: (305, 399, 516)
[M::mem_pestat] low and high boundaries for computing mean and std.dev: (1, 938)
[M::mem_pestat] mean and std.dev: (418.13, 158.42)
[M::mem_pestat] low and high boundaries for proper pairs: (1, 1149)
[M::mem_pestat] analyzing insert size distribution for orientation RF...
[M::mem_pestat] (25, 50, 75) percentile: (123, 517, 2832)
[M::mem_pestat] low and high boundaries for computing mean and std.dev: (1, 8250)
[M::mem_pestat] mean and std.dev: (1376.68, 1704.85)
[M::mem_pestat] low and high boundaries for proper pairs: (1, 10959)
[M::mem_pestat] analyzing insert size distribution for orientation RR...
[M::mem_pestat] (25, 50, 75) percentile: (302, 633, 1171)
[M::mem_pestat] low and high boundaries for computing mean and std.dev: (1, 2909)
[M::mem_pestat] mean and std.dev: (759.98, 592.80)
[M::mem_pestat] low and high boundaries for proper pairs: (1, 3778)
[M::mem_pestat] skip orientation FF
[M::mem_pestat] skip orientation RF
[M::mem_pestat] skip orientation RR
[M::process] read 1469630 sequences (200000085 bp)...
[M::mem_process_seqs] Processed 1466846 reads in 469.242 CPU sec, 50.649 real sec
[M::mem_pestat] # candidate unique pairs for (FF, FR, RF, RR): (252, 554405, 122, 113)
[M::mem_pestat] analyzing insert size distribution for orientation FF...
[M::mem_pestat] (25, 50, 75) percentile: (361, 556, 863)
[M::mem_pestat] low and high boundaries for computing mean and std.dev: (1, 1867)
[M::mem_pestat] mean and std.dev: (594.64, 351.34)
[M::mem_pestat] low and high boundaries for proper pairs: (1, 2369)
[M::mem_pestat] analyzing insert size distribution for orientation FR...
[M::mem_pestat] (25, 50, 75) percentile: (303, 396, 511)
[M::mem_pestat] low and high boundaries for computing mean and std.dev: (1, 927)
[M::mem_pestat] mean and std.dev: (414.54, 155.18)
[M::mem_pestat] low and high boundaries for proper pairs: (1, 1135)
[M::mem_pestat] analyzing insert size distribution for orientation RF...
[M::mem_pestat] (25, 50, 75) percentile: (99, 815, 3197)
[M::mem_pestat] low and high boundaries for computing mean and std.dev: (1, 9393)
[M::mem_pestat] mean and std.dev: (1864.83, 2341.46)
[M::mem_pestat] low and high boundaries for proper pairs: (1, 12491)
[M::mem_pestat] analyzing insert size distribution for orientation RR...
[M::mem_pestat] (25, 50, 75) percentile: (322, 588, 1051)
[M::mem_pestat] low and high boundaries for computing mean and std.dev: (1, 2509)
[M::mem_pestat] mean and std.dev: (670.00, 491.34)
[M::mem_pestat] low and high boundaries for proper pairs: (1, 3238)
[M::mem_pestat] skip orientation FF
[M::mem_pestat] skip orientation RF
[M::mem_pestat] skip orientation RR
[M::process] read 1477496 sequences (200000239 bp)...
[M::mem_process_seqs] Processed 1469630 reads in 474.617 CPU sec, 51.401 real sec
[M::mem_pestat] # candidate unique pairs for (FF, FR, RF, RR): (245, 554082, 114, 107)
[M::mem_pestat] analyzing insert size distribution for orientation FF...
[M::mem_pestat] (25, 50, 75) percentile: (361, 541, 809)
[M::mem_pestat] low and high boundaries for computing mean and std.dev: (1, 1705)
[M::mem_pestat] mean and std.dev: (568.92, 323.23)
[M::mem_pestat] low and high boundaries for proper pairs: (1, 2153)
[M::mem_pestat] analyzing insert size distribution for orientation FR...
[M::mem_pestat] (25, 50, 75) percentile: (298, 390, 500)
[M::mem_pestat] low and high boundaries for computing mean and std.dev: (1, 904)
[M::mem_pestat] mean and std.dev: (405.62, 148.50)
[M::mem_pestat] low and high boundaries for proper pairs: (1, 1106)
[M::mem_pestat] analyzing insert size distribution for orientation RF...
[M::mem_pestat] (25, 50, 75) percentile: (49, 253, 1542)
[M::mem_pestat] low and high boundaries for computing mean and std.dev: (1, 4528)
[M::mem_pestat] mean and std.dev: (781.67, 1213.23)
[M::mem_pestat] low and high boundaries for proper pairs: (1, 6021)
[M::mem_pestat] analyzing insert size distribution for orientation RR...
[M::mem_pestat] (25, 50, 75) percentile: (239, 472, 850)
[M::mem_pestat] low and high boundaries for computing mean and std.dev: (1, 2072)
[M::mem_pestat] mean and std.dev: (543.15, 431.91)
[M::mem_pestat] low and high boundaries for proper pairs: (1, 2683)
[M::mem_pestat] skip orientation FF
[M::mem_pestat] skip orientation RF
[M::mem_pestat] skip orientation RR
[M::process] read 1472942 sequences (200000156 bp)...
[M::mem_process_seqs] Processed 1477496 reads in 472.974 CPU sec, 51.083 real sec
[M::mem_pestat] # candidate unique pairs for (FF, FR, RF, RR): (239, 556562, 117, 97)
[M::mem_pestat] analyzing insert size distribution for orientation FF...
[M::mem_pestat] (25, 50, 75) percentile: (347, 554, 836)
[M::mem_pestat] low and high boundaries for computing mean and std.dev: (1, 1814)
[M::mem_pestat] mean and std.dev: (580.60, 331.63)
[M::mem_pestat] low and high boundaries for proper pairs: (1, 2303)
[M::mem_pestat] analyzing insert size distribution for orientation FR...
[M::mem_pestat] (25, 50, 75) percentile: (299, 390, 501)
[M::mem_pestat] low and high boundaries for computing mean and std.dev: (1, 905)
[M::mem_pestat] mean and std.dev: (406.72, 150.71)
[M::mem_pestat] low and high boundaries for proper pairs: (1, 1107)
[M::mem_pestat] analyzing insert size distribution for orientation RF...
[M::mem_pestat] (25, 50, 75) percentile: (112, 445, 2989)
[M::mem_pestat] low and high boundaries for computing mean and std.dev: (1, 8743)
[M::mem_pestat] mean and std.dev: (1473.15, 2049.17)
[M::mem_pestat] low and high boundaries for proper pairs: (1, 11620)
[M::mem_pestat] analyzing insert size distribution for orientation RR...
[M::mem_pestat] (25, 50, 75) percentile: (297, 461, 976)
[M::mem_pestat] low and high boundaries for computing mean and std.dev: (1, 2334)
[M::mem_pestat] mean and std.dev: (622.27, 474.05)
[M::mem_pestat] low and high boundaries for proper pairs: (1, 3013)
[M::mem_pestat] skip orientation FF
[M::mem_pestat] skip orientation RF
[M::mem_pestat] skip orientation RR
[M::mem_process_seqs] Processed 1472942 reads in 479.058 CPU sec, 78.012 real sec
[M::process] read 1464492 sequences (200000172 bp)...
[M::process] read 1466678 sequences (200000204 bp)...
[M::mem_pestat] # candidate unique pairs for (FF, FR, RF, RR): (231, 556351, 119, 97)
[M::mem_pestat] analyzing insert size distribution for orientation FF...
[M::mem_pestat] (25, 50, 75) percentile: (336, 524, 789)
[M::mem_pestat] low and high boundaries for computing mean and std.dev: (1, 1695)
[M::mem_pestat] mean and std.dev: (547.26, 316.61)
[M::mem_pestat] low and high boundaries for proper pairs: (1, 2148)
[M::mem_pestat] analyzing insert size distribution for orientation FR...
[M::mem_pestat] (25, 50, 75) percentile: (303, 396, 513)
[M::mem_pestat] low and high boundaries for computing mean and std.dev: (1, 933)
[M::mem_pestat] mean and std.dev: (415.98, 157.97)
[M::mem_pestat] low and high boundaries for proper pairs: (1, 1143)
[M::mem_pestat] analyzing insert size distribution for orientation RF...
[M::mem_pestat] (25, 50, 75) percentile: (37, 230, 2635)
[M::mem_pestat] low and high boundaries for computing mean and std.dev: (1, 7831)
[M::mem_pestat] mean and std.dev: (1142.75, 1767.29)
[M::mem_pestat] low and high boundaries for proper pairs: (1, 10429)
[M::mem_pestat] analyzing insert size distribution for orientation RR...
[M::mem_pestat] (25, 50, 75) percentile: (342, 518, 1187)
[M::mem_pestat] low and high boundaries for computing mean and std.dev: (1, 2877)
[M::mem_pestat] mean and std.dev: (712.80, 594.87)
[M::mem_pestat] low and high boundaries for proper pairs: (1, 3722)
[M::mem_pestat] skip orientation FF
[M::mem_pestat] skip orientation RF
[M::mem_pestat] skip orientation RR
[M::mem_process_seqs] Processed 1464492 reads in 460.995 CPU sec, 48.371 real sec
[M::mem_pestat] # candidate unique pairs for (FF, FR, RF, RR): (238, 555699, 115, 103)
[M::mem_pestat] analyzing insert size distribution for orientation FF...
[M::mem_pestat] (25, 50, 75) percentile: (320, 549, 850)
[M::mem_pestat] low and high boundaries for computing mean and std.dev: (1, 1910)
[M::mem_pestat] mean and std.dev: (606.61, 391.62)
[M::mem_pestat] low and high boundaries for proper pairs: (1, 2440)
[M::mem_pestat] analyzing insert size distribution for orientation FR...
[M::mem_pestat] (25, 50, 75) percentile: (302, 395, 510)
[M::mem_pestat] low and high boundaries for computing mean and std.dev: (1, 926)
[M::mem_pestat] mean and std.dev: (413.76, 155.91)
[M::mem_pestat] low and high boundaries for proper pairs: (1, 1134)
[M::mem_pestat] analyzing insert size distribution for orientation RF...
[M::mem_pestat] (25, 50, 75) percentile: (123, 725, 3915)
[M::mem_pestat] low and high boundaries for computing mean and std.dev: (1, 11499)
[M::mem_pestat] mean and std.dev: (2149.93, 2591.11)
[M::mem_pestat] low and high boundaries for proper pairs: (1, 15291)
[M::mem_pestat] analyzing insert size distribution for orientation RR...
[M::mem_pestat] (25, 50, 75) percentile: (324, 669, 1046)
[M::mem_pestat] low and high boundaries for computing mean and std.dev: (1, 2490)
[M::mem_pestat] mean and std.dev: (695.31, 480.79)
[M::mem_pestat] low and high boundaries for proper pairs: (1, 3212)
[M::mem_pestat] skip orientation FF
[M::mem_pestat] skip orientation RF
[M::mem_pestat] skip orientation RR
[M::process] read 1469006 sequences (200000026 bp)...
[M::mem_process_seqs] Processed 1466678 reads in 466.879 CPU sec, 50.504 real sec
[M::mem_pestat] # candidate unique pairs for (FF, FR, RF, RR): (238, 554640, 132, 96)
[M::mem_pestat] analyzing insert size distribution for orientation FF...
[M::mem_pestat] (25, 50, 75) percentile: (361, 520, 868)
[M::mem_pestat] low and high boundaries for computing mean and std.dev: (1, 1882)
[M::mem_pestat] mean and std.dev: (626.49, 394.04)
[M::mem_pestat] low and high boundaries for proper pairs: (1, 2389)
[M::mem_pestat] analyzing insert size distribution for orientation FR...
[M::mem_pestat] (25, 50, 75) percentile: (301, 394, 508)
[M::mem_pestat] low and high boundaries for computing mean and std.dev: (1, 922)
[M::mem_pestat] mean and std.dev: (411.93, 153.82)
[M::mem_pestat] low and high boundaries for proper pairs: (1, 1129)
[M::mem_pestat] analyzing insert size distribution for orientation RF...
[M::mem_pestat] (25, 50, 75) percentile: (79, 486, 3386)
[M::mem_pestat] low and high boundaries for computing mean and std.dev: (1, 10000)
[M::mem_pestat] mean and std.dev: (1774.19, 2417.51)
[M::mem_pestat] low and high boundaries for proper pairs: (1, 13307)
[M::mem_pestat] analyzing insert size distribution for orientation RR...
[M::mem_pestat] (25, 50, 75) percentile: (333, 585, 1328)
[M::mem_pestat] low and high boundaries for computing mean and std.dev: (1, 3318)
[M::mem_pestat] mean and std.dev: (809.91, 700.75)
[M::mem_pestat] low and high boundaries for proper pairs: (1, 4313)
[M::mem_pestat] skip orientation FF
[M::mem_pestat] skip orientation RF
[M::mem_pestat] skip orientation RR
[M::mem_process_seqs] Processed 1469006 reads in 483.737 CPU sec, 77.867 real sec
[M::process] read 1478844 sequences (200000183 bp)...
[M::process] read 1485584 sequences (200000214 bp)...
[M::mem_pestat] # candidate unique pairs for (FF, FR, RF, RR): (255, 555162, 117, 101)
[M::mem_pestat] analyzing insert size distribution for orientation FF...
[M::mem_pestat] (25, 50, 75) percentile: (358, 511, 863)
[M::mem_pestat] low and high boundaries for computing mean and std.dev: (1, 1873)
[M::mem_pestat] mean and std.dev: (595.84, 351.92)
[M::mem_pestat] low and high boundaries for proper pairs: (1, 2378)
[M::mem_pestat] analyzing insert size distribution for orientation FR...
[M::mem_pestat] (25, 50, 75) percentile: (296, 387, 496)
[M::mem_pestat] low and high boundaries for computing mean and std.dev: (1, 896)
[M::mem_pestat] mean and std.dev: (402.62, 147.97)
[M::mem_pestat] low and high boundaries for proper pairs: (1, 1096)
[M::mem_pestat] analyzing insert size distribution for orientation RF...
[M::mem_pestat] (25, 50, 75) percentile: (92, 334, 3021)
[M::mem_pestat] low and high boundaries for computing mean and std.dev: (1, 8879)
[M::mem_pestat] mean and std.dev: (1545.37, 2035.94)
[M::mem_pestat] low and high boundaries for proper pairs: (1, 11808)
[M::mem_pestat] analyzing insert size distribution for orientation RR...
[M::mem_pestat] (25, 50, 75) percentile: (301, 509, 1249)
[M::mem_pestat] low and high boundaries for computing mean and std.dev: (1, 3145)
[M::mem_pestat] mean and std.dev: (793.48, 710.82)
[M::mem_pestat] low and high boundaries for proper pairs: (1, 4093)
[M::mem_pestat] skip orientation FF
[M::mem_pestat] skip orientation RF
[M::mem_pestat] skip orientation RR
[M::mem_process_seqs] Processed 1478844 reads in 474.219 CPU sec, 50.073 real sec
[M::process] read 1480856 sequences (200000138 bp)...
[M::mem_pestat] # candidate unique pairs for (FF, FR, RF, RR): (284, 558355, 100, 113)
[M::mem_pestat] analyzing insert size distribution for orientation FF...
[M::mem_pestat] (25, 50, 75) percentile: (362, 534, 863)
[M::mem_pestat] low and high boundaries for computing mean and std.dev: (1, 1865)
[M::mem_pestat] mean and std.dev: (591.04, 346.37)
[M::mem_pestat] low and high boundaries for proper pairs: (1, 2366)
[M::mem_pestat] analyzing insert size distribution for orientation FR...
[M::mem_pestat] (25, 50, 75) percentile: (298, 392, 510)
[M::mem_pestat] low and high boundaries for computing mean and std.dev: (1, 934)
[M::mem_pestat] mean and std.dev: (412.24, 159.51)
[M::mem_pestat] low and high boundaries for proper pairs: (1, 1146)
[M::mem_pestat] analyzing insert size distribution for orientation RF...
[M::mem_pestat] (25, 50, 75) percentile: (71, 428, 3629)
[M::mem_pestat] low and high boundaries for computing mean and std.dev: (1, 10745)
[M::mem_pestat] mean and std.dev: (2016.70, 2751.73)
[M::mem_pestat] low and high boundaries for proper pairs: (1, 14303)
[M::mem_pestat] analyzing insert size distribution for orientation RR...
[M::mem_pestat] (25, 50, 75) percentile: (281, 532, 1430)
[M::mem_pestat] low and high boundaries for computing mean and std.dev: (1, 3728)
[M::mem_pestat] mean and std.dev: (842.50, 759.09)
[M::mem_pestat] low and high boundaries for proper pairs: (1, 4877)
[M::mem_pestat] skip orientation FF
[M::mem_pestat] skip orientation RF
[M::mem_pestat] skip orientation RR
[M::mem_process_seqs] Processed 1485584 reads in 548.899 CPU sec, 62.058 real sec
[M::mem_pestat] # candidate unique pairs for (FF, FR, RF, RR): (270, 556020, 138, 123)
[M::mem_pestat] analyzing insert size distribution for orientation FF...
[M::mem_pestat] (25, 50, 75) percentile: (348, 572, 734)
[M::mem_pestat] low and high boundaries for computing mean and std.dev: (1, 1506)
[M::mem_pestat] mean and std.dev: (541.50, 266.90)
[M::mem_pestat] low and high boundaries for proper pairs: (1, 1892)
[M::mem_pestat] analyzing insert size distribution for orientation FR...
[M::mem_pestat] (25, 50, 75) percentile: (301, 396, 516)
[M::mem_pestat] low and high boundaries for computing mean and std.dev: (1, 946)
[M::mem_pestat] mean and std.dev: (416.89, 161.14)
[M::mem_pestat] low and high boundaries for proper pairs: (1, 1161)
[M::mem_pestat] analyzing insert size distribution for orientation RF...
[M::mem_pestat] (25, 50, 75) percentile: (68, 497, 3099)
[M::mem_pestat] low and high boundaries for computing mean and std.dev: (1, 9161)
[M::mem_pestat] mean and std.dev: (1604.92, 2218.49)
[M::mem_pestat] low and high boundaries for proper pairs: (1, 12192)
[M::mem_pestat] analyzing insert size distribution for orientation RR...
[M::mem_pestat] (25, 50, 75) percentile: (327, 605, 1369)
[M::mem_pestat] low and high boundaries for computing mean and std.dev: (1, 3453)
[M::mem_pestat] mean and std.dev: (762.68, 680.41)
[M::mem_pestat] low and high boundaries for proper pairs: (1, 4495)
[M::mem_pestat] skip orientation FF
[M::mem_pestat] skip orientation RF
[M::mem_pestat] skip orientation RR
[M::mem_process_seqs] Processed 1480856 reads in 533.087 CPU sec, 102.938 real sec
[M::process] read 1492050 sequences (200000234 bp)...
[M::process] read 1492678 sequences (200000010 bp)...
[M::mem_pestat] # candidate unique pairs for (FF, FR, RF, RR): (276, 557833, 151, 116)
[M::mem_pestat] analyzing insert size distribution for orientation FF...
[M::mem_pestat] (25, 50, 75) percentile: (308, 520, 822)
[M::mem_pestat] low and high boundaries for computing mean and std.dev: (1, 1850)
[M::mem_pestat] mean and std.dev: (571.57, 354.46)
[M::mem_pestat] low and high boundaries for proper pairs: (1, 2364)
[M::mem_pestat] analyzing insert size distribution for orientation FR...
[M::mem_pestat] (25, 50, 75) percentile: (300, 394, 508)
[M::mem_pestat] low and high boundaries for computing mean and std.dev: (1, 924)
[M::mem_pestat] mean and std.dev: (412.11, 155.04)
[M::mem_pestat] low and high boundaries for proper pairs: (1, 1132)
[M::mem_pestat] analyzing insert size distribution for orientation RF...
[M::mem_pestat] (25, 50, 75) percentile: (50, 384, 2139)
[M::mem_pestat] low and high boundaries for computing mean and std.dev: (1, 6317)
[M::mem_pestat] mean and std.dev: (1130.65, 1648.58)
[M::mem_pestat] low and high boundaries for proper pairs: (1, 8406)
[M::mem_pestat] analyzing insert size distribution for orientation RR...
[M::mem_pestat] (25, 50, 75) percentile: (278, 647, 1230)
[M::mem_pestat] low and high boundaries for computing mean and std.dev: (1, 3134)
[M::mem_pestat] mean and std.dev: (726.23, 612.06)
[M::mem_pestat] low and high boundaries for proper pairs: (1, 4086)
[M::mem_pestat] skip orientation FF
[M::mem_pestat] skip orientation RF
[M::mem_pestat] skip orientation RR
[M::mem_process_seqs] Processed 1492050 reads in 479.199 CPU sec, 48.595 real sec
[M::process] read 1475492 sequences (200000163 bp)...
[M::mem_pestat] # candidate unique pairs for (FF, FR, RF, RR): (260, 555892, 112, 110)
[M::mem_pestat] analyzing insert size distribution for orientation FF...
[M::mem_pestat] (25, 50, 75) percentile: (328, 496, 787)
[M::mem_pestat] low and high boundaries for computing mean and std.dev: (1, 1705)
[M::mem_pestat] mean and std.dev: (527.55, 266.98)
[M::mem_pestat] low and high boundaries for proper pairs: (1, 2164)
[M::mem_pestat] analyzing insert size distribution for orientation FR...
[M::mem_pestat] (25, 50, 75) percentile: (298, 390, 502)
[M::mem_pestat] low and high boundaries for computing mean and std.dev: (1, 910)
[M::mem_pestat] mean and std.dev: (407.11, 151.09)
[M::mem_pestat] low and high boundaries for proper pairs: (1, 1114)
[M::mem_pestat] analyzing insert size distribution for orientation RF...
[M::mem_pestat] (25, 50, 75) percentile: (94, 454, 3645)
[M::mem_pestat] low and high boundaries for computing mean and std.dev: (1, 10747)
[M::mem_pestat] mean and std.dev: (2086.87, 2772.77)
[M::mem_pestat] low and high boundaries for proper pairs: (1, 14298)
[M::mem_pestat] analyzing insert size distribution for orientation RR...
[M::mem_pestat] (25, 50, 75) percentile: (261, 504, 953)
[M::mem_pestat] low and high boundaries for computing mean and std.dev: (1, 2337)
[M::mem_pestat] mean and std.dev: (606.28, 477.35)
[M::mem_pestat] low and high boundaries for proper pairs: (1, 3029)
[M::mem_pestat] skip orientation FF
[M::mem_pestat] skip orientation RF
[M::mem_pestat] skip orientation RR
[M::mem_process_seqs] Processed 1492678 reads in 481.595 CPU sec, 52.099 real sec
[M::mem_pestat] # candidate unique pairs for (FF, FR, RF, RR): (235, 556596, 138, 96)
[M::mem_pestat] analyzing insert size distribution for orientation FF...
[M::mem_pestat] (25, 50, 75) percentile: (367, 603, 905)
[M::mem_pestat] low and high boundaries for computing mean and std.dev: (1, 1981)
[M::mem_pestat] mean and std.dev: (599.79, 313.80)
[M::mem_pestat] low and high boundaries for proper pairs: (1, 2519)
[M::mem_pestat] analyzing insert size distribution for orientation FR...
[M::mem_pestat] (25, 50, 75) percentile: (297, 391, 510)
[M::mem_pestat] low and high boundaries for computing mean and std.dev: (1, 936)
[M::mem_pestat] mean and std.dev: (411.89, 159.24)
[M::mem_pestat] low and high boundaries for proper pairs: (1, 1149)
[M::mem_pestat] analyzing insert size distribution for orientation RF...
[M::mem_pestat] (25, 50, 75) percentile: (101, 414, 2945)
[M::mem_pestat] low and high boundaries for computing mean and std.dev: (1, 8633)
[M::mem_pestat] mean and std.dev: (1528.70, 2321.70)
[M::mem_pestat] low and high boundaries for proper pairs: (1, 11477)
[M::mem_pestat] analyzing insert size distribution for orientation RR...
[M::mem_pestat] (25, 50, 75) percentile: (262, 575, 1141)
[M::mem_pestat] low and high boundaries for computing mean and std.dev: (1, 2899)
[M::mem_pestat] mean and std.dev: (709.21, 582.47)
[M::mem_pestat] low and high boundaries for proper pairs: (1, 3778)
[M::mem_pestat] skip orientation FF
[M::mem_pestat] skip orientation RF
[M::mem_pestat] skip orientation RR
[M::process] read 1473672 sequences (200000070 bp)...
[M::mem_process_seqs] Processed 1475492 reads in 474.258 CPU sec, 51.260 real sec
[M::mem_pestat] # candidate unique pairs for (FF, FR, RF, RR): (255, 554820, 123, 104)
[M::mem_pestat] analyzing insert size distribution for orientation FF...
[M::mem_pestat] (25, 50, 75) percentile: (374, 568, 937)
[M::mem_pestat] low and high boundaries for computing mean and std.dev: (1, 2063)
[M::mem_pestat] mean and std.dev: (634.11, 382.17)
[M::mem_pestat] low and high boundaries for proper pairs: (1, 2626)
[M::mem_pestat] analyzing insert size distribution for orientation FR...
[M::mem_pestat] (25, 50, 75) percentile: (301, 396, 517)
[M::mem_pestat] low and high boundaries for computing mean and std.dev: (1, 949)
[M::mem_pestat] mean and std.dev: (417.63, 162.15)
[M::mem_pestat] low and high boundaries for proper pairs: (1, 1165)
[M::mem_pestat] analyzing insert size distribution for orientation RF...
[M::mem_pestat] (25, 50, 75) percentile: (110, 611, 4138)
[M::mem_pestat] low and high boundaries for computing mean and std.dev: (1, 12194)
[M::mem_pestat] mean and std.dev: (2202.11, 2797.49)
[M::mem_pestat] low and high boundaries for proper pairs: (1, 16222)
[M::mem_pestat] analyzing insert size distribution for orientation RR...
[M::mem_pestat] (25, 50, 75) percentile: (344, 615, 1473)
[M::mem_pestat] low and high boundaries for computing mean and std.dev: (1, 3731)
[M::mem_pestat] mean and std.dev: (865.36, 786.35)
[M::mem_pestat] low and high boundaries for proper pairs: (1, 4860)
[M::mem_pestat] skip orientation FF
[M::mem_pestat] skip orientation RF
[M::mem_pestat] skip orientation RR
[M::process] read 1482698 sequences (200000255 bp)...
[M::mem_process_seqs] Processed 1473672 reads in 482.089 CPU sec, 51.952 real sec
[M::mem_pestat] # candidate unique pairs for (FF, FR, RF, RR): (253, 555695, 122, 104)
[M::mem_pestat] analyzing insert size distribution for orientation FF...
[M::mem_pestat] (25, 50, 75) percentile: (380, 557, 844)
[M::mem_pestat] low and high boundaries for computing mean and std.dev: (1, 1772)
[M::mem_pestat] mean and std.dev: (605.71, 342.77)
[M::mem_pestat] low and high boundaries for proper pairs: (1, 2236)
[M::mem_pestat] analyzing insert size distribution for orientation FR...
[M::mem_pestat] (25, 50, 75) percentile: (301, 395, 513)
[M::mem_pestat] low and high boundaries for computing mean and std.dev: (1, 937)
[M::mem_pestat] mean and std.dev: (414.64, 157.96)
[M::mem_pestat] low and high boundaries for proper pairs: (1, 1149)
[M::mem_pestat] analyzing insert size distribution for orientation RF...
[M::mem_pestat] (25, 50, 75) percentile: (77, 397, 3221)
[M::mem_pestat] low and high boundaries for computing mean and std.dev: (1, 9509)
[M::mem_pestat] mean and std.dev: (1796.30, 2521.95)
[M::mem_pestat] low and high boundaries for proper pairs: (1, 12653)
[M::mem_pestat] analyzing insert size distribution for orientation RR...
[M::mem_pestat] (25, 50, 75) percentile: (301, 625, 1342)
[M::mem_pestat] low and high boundaries for computing mean and std.dev: (1, 3424)
[M::mem_pestat] mean and std.dev: (760.20, 717.04)
[M::mem_pestat] low and high boundaries for proper pairs: (1, 4465)
[M::mem_pestat] skip orientation FF
[M::mem_pestat] skip orientation RF
[M::mem_pestat] skip orientation RR
[M::process] read 1488298 sequences (200000228 bp)...
[M::mem_process_seqs] Processed 1482698 reads in 491.231 CPU sec, 52.912 real sec
[M::mem_pestat] # candidate unique pairs for (FF, FR, RF, RR): (227, 554431, 132, 132)
[M::mem_pestat] analyzing insert size distribution for orientation FF...
[M::mem_pestat] (25, 50, 75) percentile: (358, 503, 764)
[M::mem_pestat] low and high boundaries for computing mean and std.dev: (1, 1576)
[M::mem_pestat] mean and std.dev: (560.27, 292.36)
[M::mem_pestat] low and high boundaries for proper pairs: (1, 1982)
[M::mem_pestat] analyzing insert size distribution for orientation FR...
[M::mem_pestat] (25, 50, 75) percentile: (298, 391, 504)
[M::mem_pestat] low and high boundaries for computing mean and std.dev: (1, 916)
[M::mem_pestat] mean and std.dev: (408.30, 152.55)
[M::mem_pestat] low and high boundaries for proper pairs: (1, 1122)
[M::mem_pestat] analyzing insert size distribution for orientation RF...
[M::mem_pestat] (25, 50, 75) percentile: (115, 521, 3635)
[M::mem_pestat] low and high boundaries for computing mean and std.dev: (1, 10675)
[M::mem_pestat] mean and std.dev: (2165.80, 2980.29)
[M::mem_pestat] low and high boundaries for proper pairs: (1, 14195)
[M::mem_pestat] analyzing insert size distribution for orientation RR...
[M::mem_pestat] (25, 50, 75) percentile: (297, 581, 1333)
[M::mem_pestat] low and high boundaries for computing mean and std.dev: (1, 3405)
[M::mem_pestat] mean and std.dev: (829.69, 746.30)
[M::mem_pestat] low and high boundaries for proper pairs: (1, 4441)
[M::mem_pestat] skip orientation FF
[M::mem_pestat] skip orientation RF
[M::mem_pestat] skip orientation RR
[M::process] read 1480760 sequences (200000112 bp)...
[M::mem_process_seqs] Processed 1488298 reads in 494.689 CPU sec, 53.284 real sec
[M::mem_pestat] # candidate unique pairs for (FF, FR, RF, RR): (239, 555550, 140, 116)
[M::mem_pestat] analyzing insert size distribution for orientation FF...
[M::mem_pestat] (25, 50, 75) percentile: (336, 532, 865)
[M::mem_pestat] low and high boundaries for computing mean and std.dev: (1, 1923)
[M::mem_pestat] mean and std.dev: (593.38, 377.17)
[M::mem_pestat] low and high boundaries for proper pairs: (1, 2452)
[M::mem_pestat] analyzing insert size distribution for orientation FR...
[M::mem_pestat] (25, 50, 75) percentile: (297, 390, 504)
[M::mem_pestat] low and high boundaries for computing mean and std.dev: (1, 918)
[M::mem_pestat] mean and std.dev: (407.91, 154.41)
[M::mem_pestat] low and high boundaries for proper pairs: (1, 1125)
[M::mem_pestat] analyzing insert size distribution for orientation RF...
[M::mem_pestat] (25, 50, 75) percentile: (66, 446, 3361)
[M::mem_pestat] low and high boundaries for computing mean and std.dev: (1, 9951)
[M::mem_pestat] mean and std.dev: (2000.34, 2753.64)
[M::mem_pestat] low and high boundaries for proper pairs: (1, 13246)
[M::mem_pestat] analyzing insert size distribution for orientation RR...
[M::mem_pestat] (25, 50, 75) percentile: (240, 536, 1040)
[M::mem_pestat] low and high boundaries for computing mean and std.dev: (1, 2640)
[M::mem_pestat] mean and std.dev: (619.49, 471.27)
[M::mem_pestat] low and high boundaries for proper pairs: (1, 3440)
[M::mem_pestat] skip orientation FF
[M::mem_pestat] skip orientation RF
[M::mem_pestat] skip orientation RR
[M::process] read 1468922 sequences (200000159 bp)...
[M::mem_process_seqs] Processed 1480760 reads in 473.604 CPU sec, 51.255 real sec
[M::mem_pestat] # candidate unique pairs for (FF, FR, RF, RR): (239, 553520, 131, 118)
[M::mem_pestat] analyzing insert size distribution for orientation FF...
[M::mem_pestat] (25, 50, 75) percentile: (364, 578, 901)
[M::mem_pestat] low and high boundaries for computing mean and std.dev: (1, 1975)
[M::mem_pestat] mean and std.dev: (585.76, 321.57)
[M::mem_pestat] low and high boundaries for proper pairs: (1, 2512)
[M::mem_pestat] analyzing insert size distribution for orientation FR...
[M::mem_pestat] (25, 50, 75) percentile: (303, 399, 524)
[M::mem_pestat] low and high boundaries for computing mean and std.dev: (1, 966)
[M::mem_pestat] mean and std.dev: (422.28, 166.49)
[M::mem_pestat] low and high boundaries for proper pairs: (1, 1187)
[M::mem_pestat] analyzing insert size distribution for orientation RF...
[M::mem_pestat] (25, 50, 75) percentile: (81, 385, 3098)
[M::mem_pestat] low and high boundaries for computing mean and std.dev: (1, 9132)
[M::mem_pestat] mean and std.dev: (1673.33, 2352.33)
[M::mem_pestat] low and high boundaries for proper pairs: (1, 12149)
[M::mem_pestat] analyzing insert size distribution for orientation RR...
[M::mem_pestat] (25, 50, 75) percentile: (367, 558, 1209)
[M::mem_pestat] low and high boundaries for computing mean and std.dev: (1, 2893)
[M::mem_pestat] mean and std.dev: (758.81, 604.59)
[M::mem_pestat] low and high boundaries for proper pairs: (1, 3735)
[M::mem_pestat] skip orientation FF
[M::mem_pestat] skip orientation RF
[M::mem_pestat] skip orientation RR
[M::process] read 1471696 sequences (200000086 bp)...
[M::mem_process_seqs] Processed 1468922 reads in 475.045 CPU sec, 51.299 real sec
[M::mem_pestat] # candidate unique pairs for (FF, FR, RF, RR): (249, 554160, 119, 100)
[M::mem_pestat] analyzing insert size distribution for orientation FF...
[M::mem_pestat] (25, 50, 75) percentile: (384, 547, 821)
[M::mem_pestat] low and high boundaries for computing mean and std.dev: (1, 1695)
[M::mem_pestat] mean and std.dev: (590.49, 305.34)
[M::mem_pestat] low and high boundaries for proper pairs: (1, 2132)
[M::mem_pestat] analyzing insert size distribution for orientation FR...
[M::mem_pestat] (25, 50, 75) percentile: (304, 400, 523)
[M::mem_pestat] low and high boundaries for computing mean and std.dev: (1, 961)
[M::mem_pestat] mean and std.dev: (422.31, 164.74)
[M::mem_pestat] low and high boundaries for proper pairs: (1, 1180)
[M::mem_pestat] analyzing insert size distribution for orientation RF...
[M::mem_pestat] (25, 50, 75) percentile: (97, 447, 1311)
[M::mem_pestat] low and high boundaries for computing mean and std.dev: (1, 3739)
[M::mem_pestat] mean and std.dev: (584.38, 768.20)
[M::mem_pestat] low and high boundaries for proper pairs: (1, 4953)
[M::mem_pestat] analyzing insert size distribution for orientation RR...
[M::mem_pestat] (25, 50, 75) percentile: (251, 557, 1268)
[M::mem_pestat] low and high boundaries for computing mean and std.dev: (1, 3302)
[M::mem_pestat] mean and std.dev: (783.64, 731.24)
[M::mem_pestat] low and high boundaries for proper pairs: (1, 4319)
[M::mem_pestat] skip orientation FF
[M::mem_pestat] skip orientation RF
[M::mem_pestat] skip orientation RR
[M::process] read 1477698 sequences (200000026 bp)...
[M::mem_process_seqs] Processed 1471696 reads in 474.864 CPU sec, 51.240 real sec
[M::mem_pestat] # candidate unique pairs for (FF, FR, RF, RR): (272, 553237, 136, 121)
[M::mem_pestat] analyzing insert size distribution for orientation FF...
[M::mem_pestat] (25, 50, 75) percentile: (367, 543, 931)
[M::mem_pestat] low and high boundaries for computing mean and std.dev: (1, 2059)
[M::mem_pestat] mean and std.dev: (609.42, 371.69)
[M::mem_pestat] low and high boundaries for proper pairs: (1, 2623)
[M::mem_pestat] analyzing insert size distribution for orientation FR...
[M::mem_pestat] (25, 50, 75) percentile: (301, 397, 516)
[M::mem_pestat] low and high boundaries for computing mean and std.dev: (1, 946)
[M::mem_pestat] mean and std.dev: (417.01, 160.06)
[M::mem_pestat] low and high boundaries for proper pairs: (1, 1161)
[M::mem_pestat] analyzing insert size distribution for orientation RF...
[M::mem_pestat] (25, 50, 75) percentile: (158, 537, 2758)
[M::mem_pestat] low and high boundaries for computing mean and std.dev: (1, 7958)
[M::mem_pestat] mean and std.dev: (1689.17, 2239.83)
[M::mem_pestat] low and high boundaries for proper pairs: (1, 10648)
[M::mem_pestat] analyzing insert size distribution for orientation RR...
[M::mem_pestat] (25, 50, 75) percentile: (354, 675, 1668)
[M::mem_pestat] low and high boundaries for computing mean and std.dev: (1, 4296)
[M::mem_pestat] mean and std.dev: (993.87, 970.86)
[M::mem_pestat] low and high boundaries for proper pairs: (1, 5610)
[M::mem_pestat] skip orientation FF
[M::mem_pestat] skip orientation RF
[M::mem_pestat] skip orientation RR
[M::process] read 1481132 sequences (200000023 bp)...
[M::mem_process_seqs] Processed 1477698 reads in 495.832 CPU sec, 53.343 real sec
[M::mem_pestat] # candidate unique pairs for (FF, FR, RF, RR): (235, 553599, 114, 105)
[M::mem_pestat] analyzing insert size distribution for orientation FF...
[M::mem_pestat] (25, 50, 75) percentile: (363, 543, 833)
[M::mem_pestat] low and high boundaries for computing mean and std.dev: (1, 1773)
[M::mem_pestat] mean and std.dev: (584.38, 339.98)
[M::mem_pestat] low and high boundaries for proper pairs: (1, 2243)
[M::mem_pestat] analyzing insert size distribution for orientation FR...
[M::mem_pestat] (25, 50, 75) percentile: (297, 390, 504)
[M::mem_pestat] low and high boundaries for computing mean and std.dev: (1, 918)
[M::mem_pestat] mean and std.dev: (408.19, 153.25)
[M::mem_pestat] low and high boundaries for proper pairs: (1, 1125)
[M::mem_pestat] analyzing insert size distribution for orientation RF...
[M::mem_pestat] (25, 50, 75) percentile: (63, 517, 3114)
[M::mem_pestat] low and high boundaries for computing mean and std.dev: (1, 9216)
[M::mem_pestat] mean and std.dev: (1878.03, 2526.42)
[M::mem_pestat] low and high boundaries for proper pairs: (1, 12267)
[M::mem_pestat] analyzing insert size distribution for orientation RR...
[M::mem_pestat] (25, 50, 75) percentile: (259, 416, 854)
[M::mem_pestat] low and high boundaries for computing mean and std.dev: (1, 2044)
[M::mem_pestat] mean and std.dev: (534.27, 394.77)
[M::mem_pestat] low and high boundaries for proper pairs: (1, 2639)
[M::mem_pestat] skip orientation FF
[M::mem_pestat] skip orientation RF
[M::mem_pestat] skip orientation RR
[M::process] read 1469184 sequences (200000148 bp)...
[M::mem_process_seqs] Processed 1481132 reads in 476.790 CPU sec, 51.465 real sec
[M::mem_pestat] # candidate unique pairs for (FF, FR, RF, RR): (223, 554624, 128, 106)
[M::mem_pestat] analyzing insert size distribution for orientation FF...
[M::mem_pestat] (25, 50, 75) percentile: (387, 551, 826)
[M::mem_pestat] low and high boundaries for computing mean and std.dev: (1, 1704)
[M::mem_pestat] mean and std.dev: (593.04, 310.55)
[M::mem_pestat] low and high boundaries for proper pairs: (1, 2143)
[M::mem_pestat] analyzing insert size distribution for orientation FR...
[M::mem_pestat] (25, 50, 75) percentile: (302, 397, 520)
[M::mem_pestat] low and high boundaries for computing mean and std.dev: (1, 956)
[M::mem_pestat] mean and std.dev: (419.63, 164.99)
[M::mem_pestat] low and high boundaries for proper pairs: (1, 1174)
[M::mem_pestat] analyzing insert size distribution for orientation RF...
[M::mem_pestat] (25, 50, 75) percentile: (50, 451, 3493)
[M::mem_pestat] low and high boundaries for computing mean and std.dev: (1, 10379)
[M::mem_pestat] mean and std.dev: (1889.85, 2561.64)
[M::mem_pestat] low and high boundaries for proper pairs: (1, 13822)
[M::mem_pestat] analyzing insert size distribution for orientation RR...
[M::mem_pestat] (25, 50, 75) percentile: (232, 660, 1135)
[M::mem_pestat] low and high boundaries for computing mean and std.dev: (1, 2941)
[M::mem_pestat] mean and std.dev: (706.35, 566.76)
[M::mem_pestat] low and high boundaries for proper pairs: (1, 3844)
[M::mem_pestat] skip orientation FF
[M::mem_pestat] skip orientation RF
[M::mem_pestat] skip orientation RR
[M::process] read 1469508 sequences (200000046 bp)...
[M::mem_process_seqs] Processed 1469184 reads in 470.615 CPU sec, 50.909 real sec
[M::mem_pestat] # candidate unique pairs for (FF, FR, RF, RR): (260, 554750, 103, 109)
[M::mem_pestat] analyzing insert size distribution for orientation FF...
[M::mem_pestat] (25, 50, 75) percentile: (357, 577, 805)
[M::mem_pestat] low and high boundaries for computing mean and std.dev: (1, 1701)
[M::mem_pestat] mean and std.dev: (584.22, 323.98)
[M::mem_pestat] low and high boundaries for proper pairs: (1, 2149)
[M::mem_pestat] analyzing insert size distribution for orientation FR...
[M::mem_pestat] (25, 50, 75) percentile: (305, 401, 524)
[M::mem_pestat] low and high boundaries for computing mean and std.dev: (1, 962)
[M::mem_pestat] mean and std.dev: (423.26, 165.23)
[M::mem_pestat] low and high boundaries for proper pairs: (1, 1181)
[M::mem_pestat] analyzing insert size distribution for orientation RF...
[M::mem_pestat] (25, 50, 75) percentile: (116, 417, 2991)
[M::mem_pestat] low and high boundaries for computing mean and std.dev: (1, 8741)
[M::mem_pestat] mean and std.dev: (1536.17, 1998.89)
[M::mem_pestat] low and high boundaries for proper pairs: (1, 11616)
[M::mem_pestat] analyzing insert size distribution for orientation RR...
[M::mem_pestat] (25, 50, 75) percentile: (313, 509, 1102)
[M::mem_pestat] low and high boundaries for computing mean and std.dev: (1, 2680)
[M::mem_pestat] mean and std.dev: (697.50, 523.98)
[M::mem_pestat] low and high boundaries for proper pairs: (1, 3469)
[M::mem_pestat] skip orientation FF
[M::mem_pestat] skip orientation RF
[M::mem_pestat] skip orientation RR
[M::process] read 1474322 sequences (200000127 bp)...
[M::mem_process_seqs] Processed 1469508 reads in 471.264 CPU sec, 50.864 real sec
[M::mem_pestat] # candidate unique pairs for (FF, FR, RF, RR): (221, 555122, 106, 110)
[M::mem_pestat] analyzing insert size distribution for orientation FF...
[M::mem_pestat] (25, 50, 75) percentile: (367, 567, 873)
[M::mem_pestat] low and high boundaries for computing mean and std.dev: (1, 1885)
[M::mem_pestat] mean and std.dev: (599.76, 343.43)
[M::mem_pestat] low and high boundaries for proper pairs: (1, 2391)
[M::mem_pestat] analyzing insert size distribution for orientation FR...
[M::mem_pestat] (25, 50, 75) percentile: (303, 399, 520)
[M::mem_pestat] low and high boundaries for computing mean and std.dev: (1, 954)
[M::mem_pestat] mean and std.dev: (420.48, 162.58)
[M::mem_pestat] low and high boundaries for proper pairs: (1, 1171)
[M::mem_pestat] analyzing insert size distribution for orientation RF...
[M::mem_pestat] (25, 50, 75) percentile: (164, 1130, 3899)
[M::mem_pestat] low and high boundaries for computing mean and std.dev: (1, 11369)
[M::mem_pestat] mean and std.dev: (2272.47, 2612.59)
[M::mem_pestat] low and high boundaries for proper pairs: (1, 15104)
[M::mem_pestat] analyzing insert size distribution for orientation RR...
[M::mem_pestat] (25, 50, 75) percentile: (320, 539, 1174)
[M::mem_pestat] low and high boundaries for computing mean and std.dev: (1, 2882)
[M::mem_pestat] mean and std.dev: (717.49, 602.67)
[M::mem_pestat] low and high boundaries for proper pairs: (1, 3736)
[M::mem_pestat] skip orientation FF
[M::mem_pestat] skip orientation RF
[M::mem_pestat] skip orientation RR
[M::process] read 1477254 sequences (200000017 bp)...
[M::mem_process_seqs] Processed 1474322 reads in 476.071 CPU sec, 51.368 real sec
[M::mem_pestat] # candidate unique pairs for (FF, FR, RF, RR): (214, 553595, 124, 103)
[M::mem_pestat] analyzing insert size distribution for orientation FF...
[M::mem_pestat] (25, 50, 75) percentile: (322, 537, 837)
[M::mem_pestat] low and high boundaries for computing mean and std.dev: (1, 1867)
[M::mem_pestat] mean and std.dev: (582.50, 374.49)
[M::mem_pestat] low and high boundaries for proper pairs: (1, 2382)
[M::mem_pestat] analyzing insert size distribution for orientation FR...
[M::mem_pestat] (25, 50, 75) percentile: (300, 394, 511)
[M::mem_pestat] low and high boundaries for computing mean and std.dev: (1, 933)
[M::mem_pestat] mean and std.dev: (412.92, 156.66)
[M::mem_pestat] low and high boundaries for proper pairs: (1, 1144)
[M::mem_pestat] analyzing insert size distribution for orientation RF...
[M::mem_pestat] (25, 50, 75) percentile: (49, 387, 3011)
[M::mem_pestat] low and high boundaries for computing mean and std.dev: (1, 8935)
[M::mem_pestat] mean and std.dev: (1546.17, 2067.23)
[M::mem_pestat] low and high boundaries for proper pairs: (1, 11897)
[M::mem_pestat] analyzing insert size distribution for orientation RR...
[M::mem_pestat] (25, 50, 75) percentile: (251, 618, 1399)
[M::mem_pestat] low and high boundaries for computing mean and std.dev: (1, 3695)
[M::mem_pestat] mean and std.dev: (794.34, 743.33)
[M::mem_pestat] low and high boundaries for proper pairs: (1, 4843)
[M::mem_pestat] skip orientation FF
[M::mem_pestat] skip orientation RF
[M::mem_pestat] skip orientation RR
[M::mem_process_seqs] Processed 1477254 reads in 490.040 CPU sec, 79.093 real sec
[M::process] read 1480052 sequences (200000148 bp)...
[M::process] read 1469942 sequences (200000150 bp)...
[M::mem_pestat] # candidate unique pairs for (FF, FR, RF, RR): (290, 556974, 134, 119)
[M::mem_pestat] analyzing insert size distribution for orientation FF...
[M::mem_pestat] (25, 50, 75) percentile: (394, 553, 836)
[M::mem_pestat] low and high boundaries for computing mean and std.dev: (1, 1720)
[M::mem_pestat] mean and std.dev: (599.76, 317.15)
[M::mem_pestat] low and high boundaries for proper pairs: (1, 2162)
[M::mem_pestat] analyzing insert size distribution for orientation FR...
[M::mem_pestat] (25, 50, 75) percentile: (301, 396, 513)
[M::mem_pestat] low and high boundaries for computing mean and std.dev: (1, 937)
[M::mem_pestat] mean and std.dev: (414.50, 158.05)
[M::mem_pestat] low and high boundaries for proper pairs: (1, 1149)
[M::mem_pestat] analyzing insert size distribution for orientation RF...
[M::mem_pestat] (25, 50, 75) percentile: (81, 394, 2821)
[M::mem_pestat] low and high boundaries for computing mean and std.dev: (1, 8301)
[M::mem_pestat] mean and std.dev: (1441.80, 1963.79)
[M::mem_pestat] low and high boundaries for proper pairs: (1, 11041)
[M::mem_pestat] analyzing insert size distribution for orientation RR...
[M::mem_pestat] (25, 50, 75) percentile: (287, 452, 980)
[M::mem_pestat] low and high boundaries for computing mean and std.dev: (1, 2366)
[M::mem_pestat] mean and std.dev: (593.88, 487.39)
[M::mem_pestat] low and high boundaries for proper pairs: (1, 3059)
[M::mem_pestat] skip orientation FF
[M::mem_pestat] skip orientation RF
[M::mem_pestat] skip orientation RR
[M::mem_process_seqs] Processed 1480052 reads in 485.361 CPU sec, 50.995 real sec
[M::mem_pestat] # candidate unique pairs for (FF, FR, RF, RR): (267, 556287, 127, 109)
[M::mem_pestat] analyzing insert size distribution for orientation FF...
[M::mem_pestat] (25, 50, 75) percentile: (330, 516, 830)
[M::mem_pestat] low and high boundaries for computing mean and std.dev: (1, 1830)
[M::mem_pestat] mean and std.dev: (565.65, 336.63)
[M::mem_pestat] low and high boundaries for proper pairs: (1, 2330)
[M::mem_pestat] analyzing insert size distribution for orientation FR...
[M::mem_pestat] (25, 50, 75) percentile: (307, 404, 527)
[M::mem_pestat] low and high boundaries for computing mean and std.dev: (1, 967)
[M::mem_pestat] mean and std.dev: (425.44, 165.31)
[M::mem_pestat] low and high boundaries for proper pairs: (1, 1187)
[M::mem_pestat] analyzing insert size distribution for orientation RF...
[M::mem_pestat] (25, 50, 75) percentile: (117, 506, 3612)
[M::mem_pestat] low and high boundaries for computing mean and std.dev: (1, 10602)
[M::mem_pestat] mean and std.dev: (2069.53, 2641.20)
[M::mem_pestat] low and high boundaries for proper pairs: (1, 14097)
[M::mem_pestat] analyzing insert size distribution for orientation RR...
[M::mem_pestat] (25, 50, 75) percentile: (302, 630, 1112)
[M::mem_pestat] low and high boundaries for computing mean and std.dev: (1, 2732)
[M::mem_pestat] mean and std.dev: (701.64, 565.13)
[M::mem_pestat] low and high boundaries for proper pairs: (1, 3542)
[M::mem_pestat] skip orientation FF
[M::mem_pestat] skip orientation RF
[M::mem_pestat] skip orientation RR
[M::process] read 1473172 sequences (200000095 bp)...
[M::mem_process_seqs] Processed 1469942 reads in 471.903 CPU sec, 51.001 real sec
[M::mem_pestat] # candidate unique pairs for (FF, FR, RF, RR): (261, 553546, 128, 130)
[M::mem_pestat] analyzing insert size distribution for orientation FF...
[M::mem_pestat] (25, 50, 75) percentile: (338, 542, 804)
[M::mem_pestat] low and high boundaries for computing mean and std.dev: (1, 1736)
[M::mem_pestat] mean and std.dev: (570.57, 328.29)
[M::mem_pestat] low and high boundaries for proper pairs: (1, 2202)
[M::mem_pestat] analyzing insert size distribution for orientation FR...
[M::mem_pestat] (25, 50, 75) percentile: (306, 402, 523)
[M::mem_pestat] low and high boundaries for computing mean and std.dev: (1, 957)
[M::mem_pestat] mean and std.dev: (423.12, 162.85)
[M::mem_pestat] low and high boundaries for proper pairs: (1, 1174)
[M::mem_pestat] analyzing insert size distribution for orientation RF...
[M::mem_pestat] (25, 50, 75) percentile: (149, 656, 3702)
[M::mem_pestat] low and high boundaries for computing mean and std.dev: (1, 10808)
[M::mem_pestat] mean and std.dev: (2137.18, 2688.97)
[M::mem_pestat] low and high boundaries for proper pairs: (1, 14361)
[M::mem_pestat] analyzing insert size distribution for orientation RR...
[M::mem_pestat] (25, 50, 75) percentile: (238, 540, 1056)
[M::mem_pestat] low and high boundaries for computing mean and std.dev: (1, 2692)
[M::mem_pestat] mean and std.dev: (664.64, 569.88)
[M::mem_pestat] low and high boundaries for proper pairs: (1, 3510)
[M::mem_pestat] skip orientation FF
[M::mem_pestat] skip orientation RF
[M::mem_pestat] skip orientation RR
[M::process] read 1475478 sequences (200000131 bp)...
[M::mem_process_seqs] Processed 1473172 reads in 480.177 CPU sec, 51.803 real sec
[M::mem_pestat] # candidate unique pairs for (FF, FR, RF, RR): (254, 553036, 140, 121)
[M::mem_pestat] analyzing insert size distribution for orientation FF...
[M::mem_pestat] (25, 50, 75) percentile: (358, 525, 895)
[M::mem_pestat] low and high boundaries for computing mean and std.dev: (1, 1969)
[M::mem_pestat] mean and std.dev: (596.69, 364.72)
[M::mem_pestat] low and high boundaries for proper pairs: (1, 2506)
[M::mem_pestat] analyzing insert size distribution for orientation FR...
[M::mem_pestat] (25, 50, 75) percentile: (305, 399, 518)
[M::mem_pestat] low and high boundaries for computing mean and std.dev: (1, 944)
[M::mem_pestat] mean and std.dev: (419.41, 159.32)
[M::mem_pestat] low and high boundaries for proper pairs: (1, 1157)
[M::mem_pestat] analyzing insert size distribution for orientation RF...
[M::mem_pestat] (25, 50, 75) percentile: (157, 608, 3865)
[M::mem_pestat] low and high boundaries for computing mean and std.dev: (1, 11281)
[M::mem_pestat] mean and std.dev: (2180.54, 2726.52)
[M::mem_pestat] low and high boundaries for proper pairs: (1, 14989)
[M::mem_pestat] analyzing insert size distribution for orientation RR...
[M::mem_pestat] (25, 50, 75) percentile: (292, 551, 1194)
[M::mem_pestat] low and high boundaries for computing mean and std.dev: (1, 2998)
[M::mem_pestat] mean and std.dev: (685.76, 600.01)
[M::mem_pestat] low and high boundaries for proper pairs: (1, 3900)
[M::mem_pestat] skip orientation FF
[M::mem_pestat] skip orientation RF
[M::mem_pestat] skip orientation RR
[M::process] read 1483232 sequences (200000002 bp)...
[M::mem_process_seqs] Processed 1475478 reads in 477.135 CPU sec, 51.491 real sec
[M::mem_pestat] # candidate unique pairs for (FF, FR, RF, RR): (276, 555338, 119, 88)
[M::mem_pestat] analyzing insert size distribution for orientation FF...
[M::mem_pestat] (25, 50, 75) percentile: (359, 557, 865)
[M::mem_pestat] low and high boundaries for computing mean and std.dev: (1, 1877)
[M::mem_pestat] mean and std.dev: (582.84, 344.76)
[M::mem_pestat] low and high boundaries for proper pairs: (1, 2383)
[M::mem_pestat] analyzing insert size distribution for orientation FR...
[M::mem_pestat] (25, 50, 75) percentile: (300, 393, 506)
[M::mem_pestat] low and high boundaries for computing mean and std.dev: (1, 918)
[M::mem_pestat] mean and std.dev: (409.84, 152.83)
[M::mem_pestat] low and high boundaries for proper pairs: (1, 1124)
[M::mem_pestat] analyzing insert size distribution for orientation RF...
[M::mem_pestat] (25, 50, 75) percentile: (49, 288, 3065)
[M::mem_pestat] low and high boundaries for computing mean and std.dev: (1, 9097)
[M::mem_pestat] mean and std.dev: (1519.97, 2291.86)
[M::mem_pestat] low and high boundaries for proper pairs: (1, 12113)
[M::mem_pestat] analyzing insert size distribution for orientation RR...
[M::mem_pestat] (25, 50, 75) percentile: (323, 661, 1525)
[M::mem_pestat] low and high boundaries for computing mean and std.dev: (1, 3929)
[M::mem_pestat] mean and std.dev: (941.19, 793.98)
[M::mem_pestat] low and high boundaries for proper pairs: (1, 5131)
[M::mem_pestat] skip orientation FF
[M::mem_pestat] skip orientation RF
[M::mem_pestat] skip orientation RR
[M::process] read 1487416 sequences (200000285 bp)...
[M::mem_process_seqs] Processed 1483232 reads in 493.653 CPU sec, 53.541 real sec
[M::process] read 1489600 sequences (200000094 bp)...
[M::mem_pestat] # candidate unique pairs for (FF, FR, RF, RR): (248, 562596, 119, 114)
[M::mem_pestat] analyzing insert size distribution for orientation FF...
[M::mem_pestat] (25, 50, 75) percentile: (368, 518, 860)
[M::mem_pestat] low and high boundaries for computing mean and std.dev: (1, 1844)
[M::mem_pestat] mean and std.dev: (612.46, 370.63)
[M::mem_pestat] low and high boundaries for proper pairs: (1, 2336)
[M::mem_pestat] analyzing insert size distribution for orientation FR...
[M::mem_pestat] (25, 50, 75) percentile: (306, 401, 522)
[M::mem_pestat] low and high boundaries for computing mean and std.dev: (1, 954)
[M::mem_pestat] mean and std.dev: (421.85, 162.61)
[M::mem_pestat] low and high boundaries for proper pairs: (1, 1170)
[M::mem_pestat] analyzing insert size distribution for orientation RF...
[M::mem_pestat] (25, 50, 75) percentile: (43, 247, 2020)
[M::mem_pestat] low and high boundaries for computing mean and std.dev: (1, 5974)
[M::mem_pestat] mean and std.dev: (867.47, 1331.43)
[M::mem_pestat] low and high boundaries for proper pairs: (1, 7951)
[M::mem_pestat] analyzing insert size distribution for orientation RR...
[M::mem_pestat] (25, 50, 75) percentile: (269, 645, 1304)
[M::mem_pestat] low and high boundaries for computing mean and std.dev: (1, 3374)
[M::mem_pestat] mean and std.dev: (871.04, 798.42)
[M::mem_pestat] low and high boundaries for proper pairs: (1, 4409)
[M::mem_pestat] skip orientation FF
[M::mem_pestat] skip orientation RF
[M::mem_pestat] skip orientation RR
[M::mem_process_seqs] Processed 1487416 reads in 559.519 CPU sec, 59.860 real sec
[M::mem_pestat] # candidate unique pairs for (FF, FR, RF, RR): (263, 562104, 140, 98)
[M::mem_pestat] analyzing insert size distribution for orientation FF...
[M::mem_pestat] (25, 50, 75) percentile: (346, 533, 774)
[M::mem_pestat] low and high boundaries for computing mean and std.dev: (1, 1630)
[M::mem_pestat] mean and std.dev: (546.40, 291.34)
[M::mem_pestat] low and high boundaries for proper pairs: (1, 2058)
[M::mem_pestat] analyzing insert size distribution for orientation FR...
[M::mem_pestat] (25, 50, 75) percentile: (305, 400, 520)
[M::mem_pestat] low and high boundaries for computing mean and std.dev: (1, 950)
[M::mem_pestat] mean and std.dev: (420.26, 161.32)
[M::mem_pestat] low and high boundaries for proper pairs: (1, 1165)
[M::mem_pestat] analyzing insert size distribution for orientation RF...
[M::mem_pestat] (25, 50, 75) percentile: (150, 548, 3832)
[M::mem_pestat] low and high boundaries for computing mean and std.dev: (1, 11196)
[M::mem_pestat] mean and std.dev: (2052.23, 2556.47)
[M::mem_pestat] low and high boundaries for proper pairs: (1, 14878)
[M::mem_pestat] analyzing insert size distribution for orientation RR...
[M::mem_pestat] (25, 50, 75) percentile: (324, 649, 1147)
[M::mem_pestat] low and high boundaries for computing mean and std.dev: (1, 2793)
[M::mem_pestat] mean and std.dev: (788.39, 623.19)
[M::mem_pestat] low and high boundaries for proper pairs: (1, 3616)
[M::mem_pestat] skip orientation FF
[M::mem_pestat] skip orientation RF
[M::mem_pestat] skip orientation RR
[M::process] read 1516662 sequences (200000006 bp)...
[M::mem_process_seqs] Processed 1489600 reads in 570.087 CPU sec, 60.934 real sec
[M::process] read 1478410 sequences (200000186 bp)...
[M::mem_pestat] # candidate unique pairs for (FF, FR, RF, RR): (265, 536460, 121, 85)
[M::mem_pestat] analyzing insert size distribution for orientation FF...
[M::mem_pestat] (25, 50, 75) percentile: (326, 478, 806)
[M::mem_pestat] low and high boundaries for computing mean and std.dev: (1, 1766)
[M::mem_pestat] mean and std.dev: (561.52, 360.08)
[M::mem_pestat] low and high boundaries for proper pairs: (1, 2246)
[M::mem_pestat] analyzing insert size distribution for orientation FR...
[M::mem_pestat] (25, 50, 75) percentile: (305, 399, 517)
[M::mem_pestat] low and high boundaries for computing mean and std.dev: (1, 941)
[M::mem_pestat] mean and std.dev: (418.61, 159.05)
[M::mem_pestat] low and high boundaries for proper pairs: (1, 1153)
[M::mem_pestat] analyzing insert size distribution for orientation RF...
[M::mem_pestat] (25, 50, 75) percentile: (106, 304, 2632)
[M::mem_pestat] low and high boundaries for computing mean and std.dev: (1, 7684)
[M::mem_pestat] mean and std.dev: (1338.74, 1936.31)
[M::mem_pestat] low and high boundaries for proper pairs: (1, 10210)
[M::mem_pestat] analyzing insert size distribution for orientation RR...
[M::mem_pestat] (25, 50, 75) percentile: (333, 652, 1314)
[M::mem_pestat] low and high boundaries for computing mean and std.dev: (1, 3276)
[M::mem_pestat] mean and std.dev: (787.59, 588.04)
[M::mem_pestat] low and high boundaries for proper pairs: (1, 4257)
[M::mem_pestat] skip orientation FF
[M::mem_pestat] skip orientation RF
[M::mem_pestat] skip orientation RR
[M::mem_process_seqs] Processed 1516662 reads in 550.981 CPU sec, 59.093 real sec
[M::mem_pestat] # candidate unique pairs for (FF, FR, RF, RR): (244, 555237, 129, 113)
[M::mem_pestat] analyzing insert size distribution for orientation FF...
[M::mem_pestat] (25, 50, 75) percentile: (369, 562, 831)
[M::mem_pestat] low and high boundaries for computing mean and std.dev: (1, 1755)
[M::mem_pestat] mean and std.dev: (590.18, 333.56)
[M::mem_pestat] low and high boundaries for proper pairs: (1, 2217)
[M::mem_pestat] analyzing insert size distribution for orientation FR...
[M::mem_pestat] (25, 50, 75) percentile: (302, 397, 514)
[M::mem_pestat] low and high boundaries for computing mean and std.dev: (1, 938)
[M::mem_pestat] mean and std.dev: (415.75, 157.03)
[M::mem_pestat] low and high boundaries for proper pairs: (1, 1150)
[M::mem_pestat] analyzing insert size distribution for orientation RF...
[M::mem_pestat] (25, 50, 75) percentile: (95, 392, 4646)
[M::mem_pestat] low and high boundaries for computing mean and std.dev: (1, 13748)
[M::mem_pestat] mean and std.dev: (2376.97, 3103.78)
[M::mem_pestat] low and high boundaries for proper pairs: (1, 18299)
[M::mem_pestat] analyzing insert size distribution for orientation RR...
[M::mem_pestat] (25, 50, 75) percentile: (300, 506, 1139)
[M::mem_pestat] low and high boundaries for computing mean and std.dev: (1, 2817)
[M::mem_pestat] mean and std.dev: (627.98, 513.09)
[M::mem_pestat] low and high boundaries for proper pairs: (1, 3656)
[M::mem_pestat] skip orientation FF
[M::mem_pestat] skip orientation RF
[M::mem_pestat] skip orientation RR
[M::process] read 249734 sequences (33671710 bp)...
[M::mem_process_seqs] Processed 1478410 reads in 493.632 CPU sec, 58.625 real sec
[M::mem_pestat] # candidate unique pairs for (FF, FR, RF, RR): (47, 93365, 22, 22)
[M::mem_pestat] analyzing insert size distribution for orientation FF...
[M::mem_pestat] (25, 50, 75) percentile: (441, 512, 856)
[M::mem_pestat] low and high boundaries for computing mean and std.dev: (1, 1686)
[M::mem_pestat] mean and std.dev: (592.33, 367.58)
[M::mem_pestat] low and high boundaries for proper pairs: (1, 2101)
[M::mem_pestat] analyzing insert size distribution for orientation FR...
[M::mem_pestat] (25, 50, 75) percentile: (299, 393, 507)
[M::mem_pestat] low and high boundaries for computing mean and std.dev: (1, 923)
[M::mem_pestat] mean and std.dev: (410.30, 152.84)
[M::mem_pestat] low and high boundaries for proper pairs: (1, 1131)
[M::mem_pestat] analyzing insert size distribution for orientation RF...
[M::mem_pestat] (25, 50, 75) percentile: (394, 2394, 4192)
[M::mem_pestat] low and high boundaries for computing mean and std.dev: (1, 11788)
[M::mem_pestat] mean and std.dev: (3016.41, 3033.87)
[M::mem_pestat] low and high boundaries for proper pairs: (1, 15586)
[M::mem_pestat] analyzing insert size distribution for orientation RR...
[M::mem_pestat] (25, 50, 75) percentile: (303, 602, 1764)
[M::mem_pestat] low and high boundaries for computing mean and std.dev: (1, 4686)
[M::mem_pestat] mean and std.dev: (1089.64, 1122.43)
[M::mem_pestat] low and high boundaries for proper pairs: (1, 6147)
[M::mem_pestat] skip orientation FF
[M::mem_pestat] skip orientation RF
[M::mem_pestat] skip orientation RR
[M::mem_process_seqs] Processed 249734 reads in 80.410 CPU sec, 9.178 real sec
[main] Version: 0.7.17-r1188
[main] CMD: bwa mem -t 20 -Rsamblaster: Marked 4585664 of 39237654 (11.69%) read ids as duplicates @RG\tID:SR_LO_19T_201\tPL:ILLUMINA\tPU:HJMFJDSX7.4\tSM:SR_LO_19T_201\tCN:MCGILL\tBC:GGTAGAATTA-TGATGGCTAC /storage/scratch/iee/dj20y461/Stickleback/G_aculeatus/FITNESS//data/ref_A_X/stickleback_v5_assembly_A_X.fasta using 845596k memory in  /storage/scratch/iee/dj20y461/Stickleback/G_aculeatus/FITNESS//data/trimmed/SR_LO_19T_201.R1.trimmed.fastq.gz /storage/scratch/iee/dj20y461/Stickleback/G_aculeatus/FITNESS//data/trimmed/SR_LO_19T_201.R2.trimmed.fastq.gz1M
[main] Real time: 3031.511 sec; CPU: 25762.411 sec
33S(92.612S) CPU seconds and 50M31S(3031S) wall time.
[bam_sort_core] merging from 20 files and 20 in-memory blocks...
