samblaster: Version 0.1.24
samblaster: Inputting from stdin
samblaster: Outputting to stdout
[M::bwa_idx_load_from_disk] read 0 ALT contigs
[M::process] read 1468300 sequences (200000078 bp)...
[M::mem_pestat] # candidate unique pairs for (FF, FR, RF, RR): (219, 564660, 145, 116)
[M::mem_pestat] analyzing insert size distribution for orientation FF...
[M::mem_pestat] (25, 50, 75) percentile: (275, 445, 771)
[M::mem_pestat] low and high boundaries for computing mean and std.dev: (1, 1763)
[M::mem_pestat] mean and std.dev: (525.75, 354.98)
[M::mem_pestat] low and high boundaries for proper pairs: (1, 2259)
[M::mem_pestat] analyzing insert size distribution for orientation FR...
[M::mem_pestat] (25, 50, 75) percentile: (298, 390, 504)
[M::mem_pestat] low and high boundaries for computing mean and std.dev: (1, 916)
[M::mem_pestat] mean and std.dev: (408.33, 154.84)
[M::mem_pestat] low and high boundaries for proper pairs: (1, 1122)
[M::mem_pestat] analyzing insert size distribution for orientation RF...
[M::mem_pestat] (25, 50, 75) percentile: (88, 360, 2306)
[M::mem_pestat] low and high boundaries for computing mean and std.dev: (1, 6742)
[M::mem_pestat] mean and std.dev: (1168.52, 1659.88)
[M::mem_pestat] low and high boundaries for proper pairs: (1, 8960)
[M::mem_pestat] analyzing insert size distribution for orientation RR...
[M::mem_pestat] (25, 50, 75) percentile: (303, 516, 1285)
[M::mem_pestat] low and high boundaries for computing mean and std.dev: (1, 3249)
[M::mem_pestat] mean and std.dev: (678.98, 568.43)
[M::mem_pestat] low and high boundaries for proper pairs: (1, 4231)
[M::mem_pestat] skip orientation FF
[M::mem_pestat] skip orientation RF
[M::mem_pestat] skip orientation RR
[M::mem_process_seqs] Processed 1468300 reads in 475.552 CPU sec, 114.391 real sec
samblaster: Loaded 23 header sequence entries.
[M::process] read 1468992 sequences (200000039 bp)...
[M::process] read 1469484 sequences (200000138 bp)...
[M::mem_pestat] # candidate unique pairs for (FF, FR, RF, RR): (252, 563505, 122, 109)
[M::mem_pestat] analyzing insert size distribution for orientation FF...
[M::mem_pestat] (25, 50, 75) percentile: (361, 522, 836)
[M::mem_pestat] low and high boundaries for computing mean and std.dev: (1, 1786)
[M::mem_pestat] mean and std.dev: (573.75, 333.99)
[M::mem_pestat] low and high boundaries for proper pairs: (1, 2261)
[M::mem_pestat] analyzing insert size distribution for orientation FR...
[M::mem_pestat] (25, 50, 75) percentile: (298, 390, 504)
[M::mem_pestat] low and high boundaries for computing mean and std.dev: (1, 916)
[M::mem_pestat] mean and std.dev: (408.63, 154.60)
[M::mem_pestat] low and high boundaries for proper pairs: (1, 1122)
[M::mem_pestat] analyzing insert size distribution for orientation RF...
[M::mem_pestat] (25, 50, 75) percentile: (51, 437, 2444)
[M::mem_pestat] low and high boundaries for computing mean and std.dev: (1, 7230)
[M::mem_pestat] mean and std.dev: (1493.09, 2098.97)
[M::mem_pestat] low and high boundaries for proper pairs: (1, 9889)
[M::mem_pestat] analyzing insert size distribution for orientation RR...
[M::mem_pestat] (25, 50, 75) percentile: (285, 504, 1321)
[M::mem_pestat] low and high boundaries for computing mean and std.dev: (1, 3393)
[M::mem_pestat] mean and std.dev: (800.58, 781.24)
[M::mem_pestat] low and high boundaries for proper pairs: (1, 4429)
[M::mem_pestat] skip orientation FF
[M::mem_pestat] skip orientation RF
[M::mem_pestat] skip orientation RR
[M::mem_process_seqs] Processed 1468992 reads in 451.297 CPU sec, 51.526 real sec
[M::process] read 1469090 sequences (200000216 bp)...
[M::mem_pestat] # candidate unique pairs for (FF, FR, RF, RR): (222, 562868, 151, 109)
[M::mem_pestat] analyzing insert size distribution for orientation FF...
[M::mem_pestat] (25, 50, 75) percentile: (351, 514, 840)
[M::mem_pestat] low and high boundaries for computing mean and std.dev: (1, 1818)
[M::mem_pestat] mean and std.dev: (585.35, 350.32)
[M::mem_pestat] low and high boundaries for proper pairs: (1, 2307)
[M::mem_pestat] analyzing insert size distribution for orientation FR...
[M::mem_pestat] (25, 50, 75) percentile: (298, 391, 504)
[M::mem_pestat] low and high boundaries for computing mean and std.dev: (1, 916)
[M::mem_pestat] mean and std.dev: (408.97, 154.21)
[M::mem_pestat] low and high boundaries for proper pairs: (1, 1122)
[M::mem_pestat] analyzing insert size distribution for orientation RF...
[M::mem_pestat] (25, 50, 75) percentile: (42, 634, 3753)
[M::mem_pestat] low and high boundaries for computing mean and std.dev: (1, 11175)
[M::mem_pestat] mean and std.dev: (2083.28, 2744.30)
[M::mem_pestat] low and high boundaries for proper pairs: (1, 14886)
[M::mem_pestat] analyzing insert size distribution for orientation RR...
[M::mem_pestat] (25, 50, 75) percentile: (246, 646, 1191)
[M::mem_pestat] low and high boundaries for computing mean and std.dev: (1, 3081)
[M::mem_pestat] mean and std.dev: (744.41, 641.13)
[M::mem_pestat] low and high boundaries for proper pairs: (1, 4026)
[M::mem_pestat] skip orientation FF
[M::mem_pestat] skip orientation RF
[M::mem_pestat] skip orientation RR
[M::mem_process_seqs] Processed 1469484 reads in 448.698 CPU sec, 49.459 real sec
[M::mem_pestat] # candidate unique pairs for (FF, FR, RF, RR): (237, 564345, 136, 97)
[M::mem_pestat] analyzing insert size distribution for orientation FF...
[M::mem_pestat] (25, 50, 75) percentile: (326, 472, 707)
[M::mem_pestat] low and high boundaries for computing mean and std.dev: (1, 1469)
[M::mem_pestat] mean and std.dev: (498.41, 271.26)
[M::mem_pestat] low and high boundaries for proper pairs: (1, 1850)
[M::mem_pestat] analyzing insert size distribution for orientation FR...
[M::mem_pestat] (25, 50, 75) percentile: (296, 388, 500)
[M::mem_pestat] low and high boundaries for computing mean and std.dev: (1, 908)
[M::mem_pestat] mean and std.dev: (405.78, 153.55)
[M::mem_pestat] low and high boundaries for proper pairs: (1, 1112)
[M::mem_pestat] analyzing insert size distribution for orientation RF...
[M::mem_pestat] (25, 50, 75) percentile: (110, 580, 3360)
[M::mem_pestat] low and high boundaries for computing mean and std.dev: (1, 9860)
[M::mem_pestat] mean and std.dev: (1918.83, 2440.48)
[M::mem_pestat] low and high boundaries for proper pairs: (1, 13110)
[M::mem_pestat] analyzing insert size distribution for orientation RR...
[M::mem_pestat] (25, 50, 75) percentile: (317, 505, 1716)
[M::mem_pestat] low and high boundaries for computing mean and std.dev: (1, 4514)
[M::mem_pestat] mean and std.dev: (997.65, 1097.29)
[M::mem_pestat] low and high boundaries for proper pairs: (1, 5913)
[M::mem_pestat] skip orientation FF
[M::mem_pestat] skip orientation RF
[M::mem_pestat] skip orientation RR
[M::process] read 1471618 sequences (200000055 bp)...
[M::mem_process_seqs] Processed 1469090 reads in 446.056 CPU sec, 48.987 real sec
[M::process] read 1470844 sequences (200000287 bp)...
[M::mem_pestat] # candidate unique pairs for (FF, FR, RF, RR): (194, 565038, 135, 123)
[M::mem_pestat] analyzing insert size distribution for orientation FF...
[M::mem_pestat] (25, 50, 75) percentile: (338, 494, 723)
[M::mem_pestat] low and high boundaries for computing mean and std.dev: (1, 1493)
[M::mem_pestat] mean and std.dev: (547.91, 311.01)
[M::mem_pestat] low and high boundaries for proper pairs: (1, 1878)
[M::mem_pestat] analyzing insert size distribution for orientation FR...
[M::mem_pestat] (25, 50, 75) percentile: (295, 385, 498)
[M::mem_pestat] low and high boundaries for computing mean and std.dev: (1, 904)
[M::mem_pestat] mean and std.dev: (403.66, 152.15)
[M::mem_pestat] low and high boundaries for proper pairs: (1, 1107)
[M::mem_pestat] analyzing insert size distribution for orientation RF...
[M::mem_pestat] (25, 50, 75) percentile: (48, 370, 2835)
[M::mem_pestat] low and high boundaries for computing mean and std.dev: (1, 8409)
[M::mem_pestat] mean and std.dev: (1445.56, 2194.53)
[M::mem_pestat] low and high boundaries for proper pairs: (1, 11196)
[M::mem_pestat] analyzing insert size distribution for orientation RR...
[M::mem_pestat] (25, 50, 75) percentile: (258, 503, 1025)
[M::mem_pestat] low and high boundaries for computing mean and std.dev: (1, 2559)
[M::mem_pestat] mean and std.dev: (612.88, 509.45)
[M::mem_pestat] low and high boundaries for proper pairs: (1, 3326)
[M::mem_pestat] skip orientation FF
[M::mem_pestat] skip orientation RF
[M::mem_pestat] skip orientation RR
[M::mem_process_seqs] Processed 1471618 reads in 448.929 CPU sec, 50.053 real sec
[M::mem_pestat] # candidate unique pairs for (FF, FR, RF, RR): (230, 564246, 113, 99)
[M::mem_pestat] analyzing insert size distribution for orientation FF...
[M::mem_pestat] (25, 50, 75) percentile: (305, 497, 769)
[M::mem_pestat] low and high boundaries for computing mean and std.dev: (1, 1697)
[M::mem_pestat] mean and std.dev: (539.43, 309.00)
[M::mem_pestat] low and high boundaries for proper pairs: (1, 2161)
[M::mem_pestat] analyzing insert size distribution for orientation FR...
[M::mem_pestat] (25, 50, 75) percentile: (296, 386, 497)
[M::mem_pestat] low and high boundaries for computing mean and std.dev: (1, 899)
[M::mem_pestat] mean and std.dev: (403.88, 151.43)
[M::mem_pestat] low and high boundaries for proper pairs: (1, 1100)
[M::mem_pestat] analyzing insert size distribution for orientation RF...
[M::mem_pestat] (25, 50, 75) percentile: (66, 544, 2341)
[M::mem_pestat] low and high boundaries for computing mean and std.dev: (1, 6891)
[M::mem_pestat] mean and std.dev: (1275.90, 1709.98)
[M::mem_pestat] low and high boundaries for proper pairs: (1, 9166)
[M::mem_pestat] analyzing insert size distribution for orientation RR...
[M::mem_pestat] (25, 50, 75) percentile: (328, 589, 1296)
[M::mem_pestat] low and high boundaries for computing mean and std.dev: (1, 3232)
[M::mem_pestat] mean and std.dev: (773.13, 586.02)
[M::mem_pestat] low and high boundaries for proper pairs: (1, 4200)
[M::mem_pestat] skip orientation FF
[M::mem_pestat] skip orientation RF
[M::mem_pestat] skip orientation RR
[M::process] read 1470528 sequences (200000111 bp)...
[M::mem_process_seqs] Processed 1470844 reads in 447.327 CPU sec, 49.653 real sec
[M::mem_pestat] # candidate unique pairs for (FF, FR, RF, RR): (220, 563780, 152, 101)
[M::mem_pestat] analyzing insert size distribution for orientation FF...
[M::mem_pestat] (25, 50, 75) percentile: (353, 517, 864)
[M::mem_pestat] low and high boundaries for computing mean and std.dev: (1, 1886)
[M::mem_pestat] mean and std.dev: (595.01, 365.19)
[M::mem_pestat] low and high boundaries for proper pairs: (1, 2397)
[M::mem_pestat] analyzing insert size distribution for orientation FR...
[M::mem_pestat] (25, 50, 75) percentile: (297, 388, 500)
[M::mem_pestat] low and high boundaries for computing mean and std.dev: (1, 906)
[M::mem_pestat] mean and std.dev: (405.86, 152.79)
[M::mem_pestat] low and high boundaries for proper pairs: (1, 1109)
[M::mem_pestat] analyzing insert size distribution for orientation RF...
[M::mem_pestat] (25, 50, 75) percentile: (56, 434, 2770)
[M::mem_pestat] low and high boundaries for computing mean and std.dev: (1, 8198)
[M::mem_pestat] mean and std.dev: (1436.13, 2041.26)
[M::mem_pestat] low and high boundaries for proper pairs: (1, 10912)
[M::mem_pestat] analyzing insert size distribution for orientation RR...
[M::mem_pestat] (25, 50, 75) percentile: (294, 426, 1179)
[M::mem_pestat] low and high boundaries for computing mean and std.dev: (1, 2949)
[M::mem_pestat] mean and std.dev: (698.16, 660.81)
[M::mem_pestat] low and high boundaries for proper pairs: (1, 3834)
[M::mem_pestat] skip orientation FF
[M::mem_pestat] skip orientation RF
[M::mem_pestat] skip orientation RR
[M::mem_process_seqs] Processed 1470528 reads in 455.643 CPU sec, 67.022 real sec
[M::process] read 1472112 sequences (200000199 bp)...
[M::process] read 1473522 sequences (200000028 bp)...
[M::mem_pestat] # candidate unique pairs for (FF, FR, RF, RR): (263, 565044, 136, 129)
[M::mem_pestat] analyzing insert size distribution for orientation FF...
[M::mem_pestat] (25, 50, 75) percentile: (347, 518, 833)
[M::mem_pestat] low and high boundaries for computing mean and std.dev: (1, 1805)
[M::mem_pestat] mean and std.dev: (595.80, 368.43)
[M::mem_pestat] low and high boundaries for proper pairs: (1, 2291)
[M::mem_pestat] analyzing insert size distribution for orientation FR...
[M::mem_pestat] (25, 50, 75) percentile: (294, 384, 495)
[M::mem_pestat] low and high boundaries for computing mean and std.dev: (1, 897)
[M::mem_pestat] mean and std.dev: (402.00, 151.28)
[M::mem_pestat] low and high boundaries for proper pairs: (1, 1098)
[M::mem_pestat] analyzing insert size distribution for orientation RF...
[M::mem_pestat] (25, 50, 75) percentile: (142, 598, 3472)
[M::mem_pestat] low and high boundaries for computing mean and std.dev: (1, 10132)
[M::mem_pestat] mean and std.dev: (2033.01, 2579.35)
[M::mem_pestat] low and high boundaries for proper pairs: (1, 13462)
[M::mem_pestat] analyzing insert size distribution for orientation RR...
[M::mem_pestat] (25, 50, 75) percentile: (233, 580, 1088)
[M::mem_pestat] low and high boundaries for computing mean and std.dev: (1, 2798)
[M::mem_pestat] mean and std.dev: (673.19, 565.89)
[M::mem_pestat] low and high boundaries for proper pairs: (1, 3653)
[M::mem_pestat] skip orientation FF
[M::mem_pestat] skip orientation RF
[M::mem_pestat] skip orientation RR
[M::mem_process_seqs] Processed 1472112 reads in 446.650 CPU sec, 46.396 real sec
[M::mem_pestat] # candidate unique pairs for (FF, FR, RF, RR): (214, 564648, 135, 102)
[M::mem_pestat] analyzing insert size distribution for orientation FF...
[M::mem_pestat] (25, 50, 75) percentile: (349, 567, 898)
[M::mem_pestat] low and high boundaries for computing mean and std.dev: (1, 1996)
[M::mem_pestat] mean and std.dev: (620.70, 395.23)
[M::mem_pestat] low and high boundaries for proper pairs: (1, 2545)
[M::mem_pestat] analyzing insert size distribution for orientation FR...
[M::mem_pestat] (25, 50, 75) percentile: (297, 389, 502)
[M::mem_pestat] low and high boundaries for computing mean and std.dev: (1, 912)
[M::mem_pestat] mean and std.dev: (406.81, 153.79)
[M::mem_pestat] low and high boundaries for proper pairs: (1, 1117)
[M::mem_pestat] analyzing insert size distribution for orientation RF...
[M::mem_pestat] (25, 50, 75) percentile: (97, 396, 1714)
[M::mem_pestat] low and high boundaries for computing mean and std.dev: (1, 4948)
[M::mem_pestat] mean and std.dev: (893.05, 1235.43)
[M::mem_pestat] low and high boundaries for proper pairs: (1, 6565)
[M::mem_pestat] analyzing insert size distribution for orientation RR...
[M::mem_pestat] (25, 50, 75) percentile: (284, 601, 1123)
[M::mem_pestat] low and high boundaries for computing mean and std.dev: (1, 2801)
[M::mem_pestat] mean and std.dev: (736.35, 579.46)
[M::mem_pestat] low and high boundaries for proper pairs: (1, 3640)
[M::mem_pestat] skip orientation FF
[M::mem_pestat] skip orientation RF
[M::mem_pestat] skip orientation RR
[M::process] read 1471522 sequences (200000137 bp)...
[M::mem_process_seqs] Processed 1473522 reads in 447.601 CPU sec, 48.937 real sec
[M::mem_pestat] # candidate unique pairs for (FF, FR, RF, RR): (226, 564428, 147, 86)
[M::mem_pestat] analyzing insert size distribution for orientation FF...
[M::mem_pestat] (25, 50, 75) percentile: (317, 510, 742)
[M::mem_pestat] low and high boundaries for computing mean and std.dev: (1, 1592)
[M::mem_pestat] mean and std.dev: (536.82, 310.54)
[M::mem_pestat] low and high boundaries for proper pairs: (1, 2017)
[M::mem_pestat] analyzing insert size distribution for orientation FR...
[M::mem_pestat] (25, 50, 75) percentile: (301, 395, 514)
[M::mem_pestat] low and high boundaries for computing mean and std.dev: (1, 940)
[M::mem_pestat] mean and std.dev: (415.84, 160.62)
[M::mem_pestat] low and high boundaries for proper pairs: (1, 1153)
[M::mem_pestat] analyzing insert size distribution for orientation RF...
[M::mem_pestat] (25, 50, 75) percentile: (96, 390, 3375)
[M::mem_pestat] low and high boundaries for computing mean and std.dev: (1, 9933)
[M::mem_pestat] mean and std.dev: (1897.81, 2675.41)
[M::mem_pestat] low and high boundaries for proper pairs: (1, 13212)
[M::mem_pestat] analyzing insert size distribution for orientation RR...
[M::mem_pestat] (25, 50, 75) percentile: (303, 595, 995)
[M::mem_pestat] low and high boundaries for computing mean and std.dev: (1, 2379)
[M::mem_pestat] mean and std.dev: (704.95, 550.00)
[M::mem_pestat] low and high boundaries for proper pairs: (1, 3071)
[M::mem_pestat] skip orientation FF
[M::mem_pestat] skip orientation RF
[M::mem_pestat] skip orientation RR
[M::process] read 1471408 sequences (200000110 bp)...
[M::mem_process_seqs] Processed 1471522 reads in 448.634 CPU sec, 49.146 real sec
[M::mem_pestat] # candidate unique pairs for (FF, FR, RF, RR): (213, 564712, 144, 119)
[M::mem_pestat] analyzing insert size distribution for orientation FF...
[M::mem_pestat] (25, 50, 75) percentile: (328, 514, 847)
[M::mem_pestat] low and high boundaries for computing mean and std.dev: (1, 1885)
[M::mem_pestat] mean and std.dev: (551.62, 312.82)
[M::mem_pestat] low and high boundaries for proper pairs: (1, 2404)
[M::mem_pestat] analyzing insert size distribution for orientation FR...
[M::mem_pestat] (25, 50, 75) percentile: (302, 396, 515)
[M::mem_pestat] low and high boundaries for computing mean and std.dev: (1, 941)
[M::mem_pestat] mean and std.dev: (416.42, 160.55)
[M::mem_pestat] low and high boundaries for proper pairs: (1, 1154)
[M::mem_pestat] analyzing insert size distribution for orientation RF...
[M::mem_pestat] (25, 50, 75) percentile: (55, 520, 2726)
[M::mem_pestat] low and high boundaries for computing mean and std.dev: (1, 8068)
[M::mem_pestat] mean and std.dev: (1504.36, 2096.87)
[M::mem_pestat] low and high boundaries for proper pairs: (1, 10739)
[M::mem_pestat] analyzing insert size distribution for orientation RR...
[M::mem_pestat] (25, 50, 75) percentile: (269, 539, 1296)
[M::mem_pestat] low and high boundaries for computing mean and std.dev: (1, 3350)
[M::mem_pestat] mean and std.dev: (804.09, 706.28)
[M::mem_pestat] low and high boundaries for proper pairs: (1, 4377)
[M::mem_pestat] skip orientation FF
[M::mem_pestat] skip orientation RF
[M::mem_pestat] skip orientation RR
[M::process] read 1473660 sequences (200000100 bp)...
[M::mem_process_seqs] Processed 1471408 reads in 448.891 CPU sec, 49.567 real sec
[M::mem_pestat] # candidate unique pairs for (FF, FR, RF, RR): (226, 564888, 131, 117)
[M::mem_pestat] analyzing insert size distribution for orientation FF...
[M::mem_pestat] (25, 50, 75) percentile: (310, 479, 830)
[M::mem_pestat] low and high boundaries for computing mean and std.dev: (1, 1870)
[M::mem_pestat] mean and std.dev: (540.54, 343.13)
[M::mem_pestat] low and high boundaries for proper pairs: (1, 2390)
[M::mem_pestat] analyzing insert size distribution for orientation FR...
[M::mem_pestat] (25, 50, 75) percentile: (299, 392, 508)
[M::mem_pestat] low and high boundaries for computing mean and std.dev: (1, 926)
[M::mem_pestat] mean and std.dev: (411.46, 157.23)
[M::mem_pestat] low and high boundaries for proper pairs: (1, 1135)
[M::mem_pestat] analyzing insert size distribution for orientation RF...
[M::mem_pestat] (25, 50, 75) percentile: (113, 578, 3293)
[M::mem_pestat] low and high boundaries for computing mean and std.dev: (1, 9653)
[M::mem_pestat] mean and std.dev: (2053.55, 2775.41)
[M::mem_pestat] low and high boundaries for proper pairs: (1, 13155)
[M::mem_pestat] analyzing insert size distribution for orientation RR...
[M::mem_pestat] (25, 50, 75) percentile: (258, 526, 1364)
[M::mem_pestat] low and high boundaries for computing mean and std.dev: (1, 3576)
[M::mem_pestat] mean and std.dev: (807.09, 802.20)
[M::mem_pestat] low and high boundaries for proper pairs: (1, 4682)
[M::mem_pestat] skip orientation FF
[M::mem_pestat] skip orientation RF
[M::mem_pestat] skip orientation RR
[M::mem_process_seqs] Processed 1473660 reads in 465.110 CPU sec, 76.302 real sec
[M::process] read 1474404 sequences (200000031 bp)...
[M::process] read 1476210 sequences (200000200 bp)...
[M::mem_pestat] # candidate unique pairs for (FF, FR, RF, RR): (252, 563959, 123, 132)
[M::mem_pestat] analyzing insert size distribution for orientation FF...
[M::mem_pestat] (25, 50, 75) percentile: (353, 559, 938)
[M::mem_pestat] low and high boundaries for computing mean and std.dev: (1, 2108)
[M::mem_pestat] mean and std.dev: (611.17, 358.10)
[M::mem_pestat] low and high boundaries for proper pairs: (1, 2693)
[M::mem_pestat] analyzing insert size distribution for orientation FR...
[M::mem_pestat] (25, 50, 75) percentile: (299, 392, 509)
[M::mem_pestat] low and high boundaries for computing mean and std.dev: (1, 929)
[M::mem_pestat] mean and std.dev: (412.06, 157.99)
[M::mem_pestat] low and high boundaries for proper pairs: (1, 1139)
[M::mem_pestat] analyzing insert size distribution for orientation RF...
[M::mem_pestat] (25, 50, 75) percentile: (86, 461, 3205)
[M::mem_pestat] low and high boundaries for computing mean and std.dev: (1, 9443)
[M::mem_pestat] mean and std.dev: (1881.94, 2579.78)
[M::mem_pestat] low and high boundaries for proper pairs: (1, 12562)
[M::mem_pestat] analyzing insert size distribution for orientation RR...
[M::mem_pestat] (25, 50, 75) percentile: (294, 589, 1280)
[M::mem_pestat] low and high boundaries for computing mean and std.dev: (1, 3252)
[M::mem_pestat] mean and std.dev: (811.15, 738.58)
[M::mem_pestat] low and high boundaries for proper pairs: (1, 4238)
[M::mem_pestat] skip orientation FF
[M::mem_pestat] skip orientation RF
[M::mem_pestat] skip orientation RR
[M::mem_process_seqs] Processed 1474404 reads in 450.668 CPU sec, 48.084 real sec
[M::mem_pestat] # candidate unique pairs for (FF, FR, RF, RR): (245, 565592, 138, 118)
[M::mem_pestat] analyzing insert size distribution for orientation FF...
[M::mem_pestat] (25, 50, 75) percentile: (344, 513, 815)
[M::mem_pestat] low and high boundaries for computing mean and std.dev: (1, 1757)
[M::mem_pestat] mean and std.dev: (588.40, 347.83)
[M::mem_pestat] low and high boundaries for proper pairs: (1, 2228)
[M::mem_pestat] analyzing insert size distribution for orientation FR...
[M::mem_pestat] (25, 50, 75) percentile: (299, 391, 505)
[M::mem_pestat] low and high boundaries for computing mean and std.dev: (1, 917)
[M::mem_pestat] mean and std.dev: (409.65, 155.99)
[M::mem_pestat] low and high boundaries for proper pairs: (1, 1123)
[M::mem_pestat] analyzing insert size distribution for orientation RF...
[M::mem_pestat] (25, 50, 75) percentile: (165, 1005, 4414)
[M::mem_pestat] low and high boundaries for computing mean and std.dev: (1, 12912)
[M::mem_pestat] mean and std.dev: (2374.49, 2805.70)
[M::mem_pestat] low and high boundaries for proper pairs: (1, 17161)
[M::mem_pestat] analyzing insert size distribution for orientation RR...
[M::mem_pestat] (25, 50, 75) percentile: (230, 409, 802)
[M::mem_pestat] low and high boundaries for computing mean and std.dev: (1, 1946)
[M::mem_pestat] mean and std.dev: (483.00, 375.30)
[M::mem_pestat] low and high boundaries for proper pairs: (1, 2518)
[M::mem_pestat] skip orientation FF
[M::mem_pestat] skip orientation RF
[M::mem_pestat] skip orientation RR
[M::process] read 1478800 sequences (200000084 bp)...
[M::mem_process_seqs] Processed 1476210 reads in 449.247 CPU sec, 48.734 real sec
[M::mem_pestat] # candidate unique pairs for (FF, FR, RF, RR): (217, 566212, 165, 103)
[M::mem_pestat] analyzing insert size distribution for orientation FF...
[M::mem_pestat] (25, 50, 75) percentile: (368, 567, 838)
[M::mem_pestat] low and high boundaries for computing mean and std.dev: (1, 1778)
[M::mem_pestat] mean and std.dev: (605.35, 363.72)
[M::mem_pestat] low and high boundaries for proper pairs: (1, 2248)
[M::mem_pestat] analyzing insert size distribution for orientation FR...
[M::mem_pestat] (25, 50, 75) percentile: (298, 389, 504)
[M::mem_pestat] low and high boundaries for computing mean and std.dev: (1, 916)
[M::mem_pestat] mean and std.dev: (408.26, 155.44)
[M::mem_pestat] low and high boundaries for proper pairs: (1, 1122)
[M::mem_pestat] analyzing insert size distribution for orientation RF...
[M::mem_pestat] (25, 50, 75) percentile: (116, 481, 2883)
[M::mem_pestat] low and high boundaries for computing mean and std.dev: (1, 8417)
[M::mem_pestat] mean and std.dev: (1450.53, 1995.63)
[M::mem_pestat] low and high boundaries for proper pairs: (1, 11184)
[M::mem_pestat] analyzing insert size distribution for orientation RR...
[M::mem_pestat] (25, 50, 75) percentile: (308, 609, 1430)
[M::mem_pestat] low and high boundaries for computing mean and std.dev: (1, 3674)
[M::mem_pestat] mean and std.dev: (798.82, 738.17)
[M::mem_pestat] low and high boundaries for proper pairs: (1, 4796)
[M::mem_pestat] skip orientation FF
[M::mem_pestat] skip orientation RF
[M::mem_pestat] skip orientation RR
[M::process] read 1480654 sequences (200000235 bp)...
[M::mem_process_seqs] Processed 1478800 reads in 452.928 CPU sec, 49.165 real sec
[M::mem_pestat] # candidate unique pairs for (FF, FR, RF, RR): (242, 566055, 131, 103)
[M::mem_pestat] analyzing insert size distribution for orientation FF...
[M::mem_pestat] (25, 50, 75) percentile: (382, 527, 867)
[M::mem_pestat] low and high boundaries for computing mean and std.dev: (1, 1837)
[M::mem_pestat] mean and std.dev: (596.57, 355.34)
[M::mem_pestat] low and high boundaries for proper pairs: (1, 2322)
[M::mem_pestat] analyzing insert size distribution for orientation FR...
[M::mem_pestat] (25, 50, 75) percentile: (297, 388, 503)
[M::mem_pestat] low and high boundaries for computing mean and std.dev: (1, 915)
[M::mem_pestat] mean and std.dev: (407.35, 154.56)
[M::mem_pestat] low and high boundaries for proper pairs: (1, 1121)
[M::mem_pestat] analyzing insert size distribution for orientation RF...
[M::mem_pestat] (25, 50, 75) percentile: (133, 492, 2604)
[M::mem_pestat] low and high boundaries for computing mean and std.dev: (1, 7546)
[M::mem_pestat] mean and std.dev: (1327.48, 1849.10)
[M::mem_pestat] low and high boundaries for proper pairs: (1, 10017)
[M::mem_pestat] analyzing insert size distribution for orientation RR...
[M::mem_pestat] (25, 50, 75) percentile: (283, 578, 978)
[M::mem_pestat] low and high boundaries for computing mean and std.dev: (1, 2368)
[M::mem_pestat] mean and std.dev: (641.75, 503.59)
[M::mem_pestat] low and high boundaries for proper pairs: (1, 3063)
[M::mem_pestat] skip orientation FF
[M::mem_pestat] skip orientation RF
[M::mem_pestat] skip orientation RR
[M::mem_process_seqs] Processed 1480654 reads in 465.518 CPU sec, 75.215 real sec
[M::process] read 1263246 sequences (170603531 bp)...
[M::mem_pestat] # candidate unique pairs for (FF, FR, RF, RR): (210, 482502, 106, 91)
[M::mem_pestat] analyzing insert size distribution for orientation FF...
[M::mem_pestat] (25, 50, 75) percentile: (333, 526, 751)
[M::mem_pestat] low and high boundaries for computing mean and std.dev: (1, 1587)
[M::mem_pestat] mean and std.dev: (550.88, 315.38)
[M::mem_pestat] low and high boundaries for proper pairs: (1, 2005)
[M::mem_pestat] analyzing insert size distribution for orientation FR...
[M::mem_pestat] (25, 50, 75) percentile: (298, 390, 503)
[M::mem_pestat] low and high boundaries for computing mean and std.dev: (1, 913)
[M::mem_pestat] mean and std.dev: (407.86, 154.00)
[M::mem_pestat] low and high boundaries for proper pairs: (1, 1118)
[M::mem_pestat] analyzing insert size distribution for orientation RF...
[M::mem_pestat] (25, 50, 75) percentile: (63, 344, 2481)
[M::mem_pestat] low and high boundaries for computing mean and std.dev: (1, 7317)
[M::mem_pestat] mean and std.dev: (1352.62, 1920.25)
[M::mem_pestat] low and high boundaries for proper pairs: (1, 9735)
[M::mem_pestat] analyzing insert size distribution for orientation RR...
[M::mem_pestat] (25, 50, 75) percentile: (308, 536, 1304)
[M::mem_pestat] low and high boundaries for computing mean and std.dev: (1, 3296)
[M::mem_pestat] mean and std.dev: (738.66, 706.76)
[M::mem_pestat] low and high boundaries for proper pairs: (1, 4292)
[M::mem_pestat] skip orientation FF
[M::mem_pestat] skip orientation RF
[M::mem_pestat] skip orientation RR
[M::mem_process_seqs] Processed 1263246 reads in 382.322 CPU sec, 41.094 real sec
[main] Version: 0.7.17-r1188
[main] CMD:samblaster: Marked 1196109 of 12412197 (9.64%) read ids as duplicates bwa mem using 220900k memory in  -t28.125S 20 CPU seconds and  -R16M @RG\tID:WT_GL_19T_062\tPL:ILLUMINA\tPU:HJMNCDSX7.1\tSM:WT_GL_19T_062\tCN:MCGILL\tBC:CATATGCGAT-NCGTTCAAGG21S /storage/scratch/iee/dj20y461/Stickleback/G_aculeatus/FITNESS//data/ref_A_X/stickleback_v5_assembly_A_X.fasta(981S) /storage/scratch/iee/dj20y461/Stickleback/G_aculeatus/FITNESS//data/trimmed/WT_GL_19T_062.R1.trimmed.fastq.gz wall time.
 /storage/scratch/iee/dj20y461/Stickleback/G_aculeatus/FITNESS//data/trimmed/WT_GL_19T_062.R2.trimmed.fastq.gz
[main] Real time: 981.045 sec; CPU: 7647.070 sec
[bam_sort_core] merging from 0 files and 20 in-memory blocks...
