samblaster: Version 0.1.24
samblaster: Inputting from stdin
samblaster: Outputting to stdout
[M::bwa_idx_load_from_disk] read 0 ALT contigs
[M::process] read 1465732 sequences (200000040 bp)...
[M::mem_pestat] # candidate unique pairs for (FF, FR, RF, RR): (45, 568855, 125, 30)
[M::mem_pestat] analyzing insert size distribution for orientation FF...
[M::mem_pestat] (25, 50, 75) percentile: (253, 449, 709)
[M::mem_pestat] low and high boundaries for computing mean and std.dev: (1, 1621)
[M::mem_pestat] mean and std.dev: (473.88, 281.01)
[M::mem_pestat] low and high boundaries for proper pairs: (1, 2077)
[M::mem_pestat] analyzing insert size distribution for orientation FR...
[M::mem_pestat] (25, 50, 75) percentile: (266, 349, 445)
[M::mem_pestat] low and high boundaries for computing mean and std.dev: (1, 803)
[M::mem_pestat] mean and std.dev: (361.98, 133.09)
[M::mem_pestat] low and high boundaries for proper pairs: (1, 982)
[M::mem_pestat] analyzing insert size distribution for orientation RF...
[M::mem_pestat] (25, 50, 75) percentile: (71, 324, 1613)
[M::mem_pestat] low and high boundaries for computing mean and std.dev: (1, 4697)
[M::mem_pestat] mean and std.dev: (702.79, 1059.85)
[M::mem_pestat] low and high boundaries for proper pairs: (1, 6239)
[M::mem_pestat] analyzing insert size distribution for orientation RR...
[M::mem_pestat] (25, 50, 75) percentile: (214, 797, 1724)
[M::mem_pestat] low and high boundaries for computing mean and std.dev: (1, 4744)
[M::mem_pestat] mean and std.dev: (903.52, 877.93)
[M::mem_pestat] low and high boundaries for proper pairs: (1, 6254)
[M::mem_pestat] skip orientation FF
[M::mem_pestat] skip orientation RF
[M::mem_pestat] skip orientation RR
[M::mem_process_seqs] Processed 1465732 reads in 461.541 CPU sec, 111.525 real sec
samblaster: Loaded 23 header sequence entries.
[M::process] read 1462022 sequences (200000187 bp)...
[M::process] read 1459820 sequences (200000064 bp)...
[M::mem_pestat] # candidate unique pairs for (FF, FR, RF, RR): (45, 566495, 123, 30)
[M::mem_pestat] analyzing insert size distribution for orientation FF...
[M::mem_pestat] (25, 50, 75) percentile: (213, 351, 1451)
[M::mem_pestat] low and high boundaries for computing mean and std.dev: (1, 3927)
[M::mem_pestat] mean and std.dev: (785.33, 893.03)
[M::mem_pestat] low and high boundaries for proper pairs: (1, 5165)
[M::mem_pestat] analyzing insert size distribution for orientation FR...
[M::mem_pestat] (25, 50, 75) percentile: (269, 354, 453)
[M::mem_pestat] low and high boundaries for computing mean and std.dev: (1, 821)
[M::mem_pestat] mean and std.dev: (367.88, 136.56)
[M::mem_pestat] low and high boundaries for proper pairs: (1, 1005)
[M::mem_pestat] analyzing insert size distribution for orientation RF...
[M::mem_pestat] (25, 50, 75) percentile: (85, 335, 2395)
[M::mem_pestat] low and high boundaries for computing mean and std.dev: (1, 7015)
[M::mem_pestat] mean and std.dev: (1112.32, 1586.62)
[M::mem_pestat] low and high boundaries for proper pairs: (1, 9325)
[M::mem_pestat] analyzing insert size distribution for orientation RR...
[M::mem_pestat] (25, 50, 75) percentile: (190, 601, 1238)
[M::mem_pestat] low and high boundaries for computing mean and std.dev: (1, 3334)
[M::mem_pestat] mean and std.dev: (770.45, 693.21)
[M::mem_pestat] low and high boundaries for proper pairs: (1, 4382)
[M::mem_pestat] skip orientation FF
[M::mem_pestat] skip orientation RF
[M::mem_pestat] skip orientation RR
[M::mem_process_seqs] Processed 1462022 reads in 432.858 CPU sec, 48.130 real sec
[M::process] read 1459888 sequences (200000137 bp)...
[M::mem_pestat] # candidate unique pairs for (FF, FR, RF, RR): (37, 564173, 106, 44)
[M::mem_pestat] analyzing insert size distribution for orientation FF...
[M::mem_pestat] (25, 50, 75) percentile: (348, 513, 791)
[M::mem_pestat] low and high boundaries for computing mean and std.dev: (1, 1677)
[M::mem_pestat] mean and std.dev: (519.42, 288.21)
[M::mem_pestat] low and high boundaries for proper pairs: (1, 2120)
[M::mem_pestat] analyzing insert size distribution for orientation FR...
[M::mem_pestat] (25, 50, 75) percentile: (272, 358, 459)
[M::mem_pestat] low and high boundaries for computing mean and std.dev: (1, 833)
[M::mem_pestat] mean and std.dev: (372.59, 139.38)
[M::mem_pestat] low and high boundaries for proper pairs: (1, 1020)
[M::mem_pestat] analyzing insert size distribution for orientation RF...
[M::mem_pestat] (25, 50, 75) percentile: (81, 372, 3079)
[M::mem_pestat] low and high boundaries for computing mean and std.dev: (1, 9075)
[M::mem_pestat] mean and std.dev: (1656.49, 2336.09)
[M::mem_pestat] low and high boundaries for proper pairs: (1, 12073)
[M::mem_pestat] analyzing insert size distribution for orientation RR...
[M::mem_pestat] (25, 50, 75) percentile: (178, 354, 699)
[M::mem_pestat] low and high boundaries for computing mean and std.dev: (1, 1741)
[M::mem_pestat] mean and std.dev: (394.12, 313.09)
[M::mem_pestat] low and high boundaries for proper pairs: (1, 2262)
[M::mem_pestat] skip orientation FF
[M::mem_pestat] skip orientation RF
[M::mem_pestat] skip orientation RR
[M::mem_process_seqs] Processed 1459820 reads in 436.091 CPU sec, 48.957 real sec
[M::mem_pestat] # candidate unique pairs for (FF, FR, RF, RR): (50, 562266, 126, 33)
[M::mem_pestat] analyzing insert size distribution for orientation FF...
[M::mem_pestat] (25, 50, 75) percentile: (285, 421, 643)
[M::mem_pestat] low and high boundaries for computing mean and std.dev: (1, 1359)
[M::mem_pestat] mean and std.dev: (423.50, 235.18)
[M::mem_pestat] low and high boundaries for proper pairs: (1, 1717)
[M::mem_pestat] analyzing insert size distribution for orientation FR...
[M::mem_pestat] (25, 50, 75) percentile: (271, 357, 459)
[M::mem_pestat] low and high boundaries for computing mean and std.dev: (1, 835)
[M::mem_pestat] mean and std.dev: (372.44, 139.67)
[M::mem_pestat] low and high boundaries for proper pairs: (1, 1023)
[M::mem_pestat] analyzing insert size distribution for orientation RF...
[M::mem_pestat] (25, 50, 75) percentile: (73, 462, 4435)
[M::mem_pestat] low and high boundaries for computing mean and std.dev: (1, 13159)
[M::mem_pestat] mean and std.dev: (2321.70, 3094.77)
[M::mem_pestat] low and high boundaries for proper pairs: (1, 17521)
[M::mem_pestat] analyzing insert size distribution for orientation RR...
[M::mem_pestat] (25, 50, 75) percentile: (214, 441, 2391)
[M::mem_pestat] low and high boundaries for computing mean and std.dev: (1, 6745)
[M::mem_pestat] mean and std.dev: (1112.77, 1426.33)
[M::mem_pestat] low and high boundaries for proper pairs: (1, 8922)
[M::mem_pestat] skip orientation FF
[M::mem_pestat] skip orientation RF
[M::mem_pestat] skip orientation RR
[M::mem_process_seqs] Processed 1459888 reads in 445.222 CPU sec, 65.568 real sec
[M::process] read 1464342 sequences (200000124 bp)...
[M::process] read 1460896 sequences (200000212 bp)...
[M::mem_pestat] # candidate unique pairs for (FF, FR, RF, RR): (33, 567066, 107, 31)
[M::mem_pestat] analyzing insert size distribution for orientation FF...
[M::mem_pestat] (25, 50, 75) percentile: (278, 499, 844)
[M::mem_pestat] low and high boundaries for computing mean and std.dev: (1, 1976)
[M::mem_pestat] mean and std.dev: (504.83, 305.10)
[M::mem_pestat] low and high boundaries for proper pairs: (1, 2542)
[M::mem_pestat] analyzing insert size distribution for orientation FR...
[M::mem_pestat] (25, 50, 75) percentile: (269, 352, 450)
[M::mem_pestat] low and high boundaries for computing mean and std.dev: (1, 812)
[M::mem_pestat] mean and std.dev: (366.24, 135.21)
[M::mem_pestat] low and high boundaries for proper pairs: (1, 993)
[M::mem_pestat] analyzing insert size distribution for orientation RF...
[M::mem_pestat] (25, 50, 75) percentile: (82, 625, 3267)
[M::mem_pestat] low and high boundaries for computing mean and std.dev: (1, 9637)
[M::mem_pestat] mean and std.dev: (1708.64, 2422.59)
[M::mem_pestat] low and high boundaries for proper pairs: (1, 12822)
[M::mem_pestat] analyzing insert size distribution for orientation RR...
[M::mem_pestat] (25, 50, 75) percentile: (208, 385, 2624)
[M::mem_pestat] low and high boundaries for computing mean and std.dev: (1, 7456)
[M::mem_pestat] mean and std.dev: (1402.29, 1674.23)
[M::mem_pestat] low and high boundaries for proper pairs: (1, 9872)
[M::mem_pestat] skip orientation FF
[M::mem_pestat] skip orientation RF
[M::mem_pestat] skip orientation RR
[M::mem_process_seqs] Processed 1464342 reads in 430.451 CPU sec, 44.913 real sec
[M::process] read 1460784 sequences (200000179 bp)...
[M::mem_pestat] # candidate unique pairs for (FF, FR, RF, RR): (47, 565709, 124, 28)
[M::mem_pestat] analyzing insert size distribution for orientation FF...
[M::mem_pestat] (25, 50, 75) percentile: (269, 388, 653)
[M::mem_pestat] low and high boundaries for computing mean and std.dev: (1, 1421)
[M::mem_pestat] mean and std.dev: (411.36, 256.60)
[M::mem_pestat] low and high boundaries for proper pairs: (1, 1805)
[M::mem_pestat] analyzing insert size distribution for orientation FR...
[M::mem_pestat] (25, 50, 75) percentile: (272, 356, 457)
[M::mem_pestat] low and high boundaries for computing mean and std.dev: (1, 827)
[M::mem_pestat] mean and std.dev: (371.53, 138.55)
[M::mem_pestat] low and high boundaries for proper pairs: (1, 1012)
[M::mem_pestat] analyzing insert size distribution for orientation RF...
[M::mem_pestat] (25, 50, 75) percentile: (66, 368, 3265)
[M::mem_pestat] low and high boundaries for computing mean and std.dev: (1, 9663)
[M::mem_pestat] mean and std.dev: (1775.14, 2499.11)
[M::mem_pestat] low and high boundaries for proper pairs: (1, 12862)
[M::mem_pestat] analyzing insert size distribution for orientation RR...
[M::mem_pestat] (25, 50, 75) percentile: (239, 403, 1432)
[M::mem_pestat] low and high boundaries for computing mean and std.dev: (1, 3818)
[M::mem_pestat] mean and std.dev: (706.56, 800.94)
[M::mem_pestat] low and high boundaries for proper pairs: (1, 5011)
[M::mem_pestat] skip orientation FF
[M::mem_pestat] skip orientation RF
[M::mem_pestat] skip orientation RR
[M::mem_process_seqs] Processed 1460896 reads in 433.007 CPU sec, 47.096 real sec
[M::mem_pestat] # candidate unique pairs for (FF, FR, RF, RR): (49, 563872, 100, 45)
[M::mem_pestat] analyzing insert size distribution for orientation FF...
[M::mem_pestat] (25, 50, 75) percentile: (301, 440, 1461)
[M::mem_pestat] low and high boundaries for computing mean and std.dev: (1, 3781)
[M::mem_pestat] mean and std.dev: (815.79, 962.97)
[M::mem_pestat] low and high boundaries for proper pairs: (1, 4941)
[M::mem_pestat] analyzing insert size distribution for orientation FR...
[M::mem_pestat] (25, 50, 75) percentile: (273, 359, 461)
[M::mem_pestat] low and high boundaries for computing mean and std.dev: (1, 837)
[M::mem_pestat] mean and std.dev: (374.53, 140.58)
[M::mem_pestat] low and high boundaries for proper pairs: (1, 1025)
[M::mem_pestat] analyzing insert size distribution for orientation RF...
[M::mem_pestat] (25, 50, 75) percentile: (70, 718, 3537)
[M::mem_pestat] low and high boundaries for computing mean and std.dev: (1, 10471)
[M::mem_pestat] mean and std.dev: (2197.90, 2757.69)
[M::mem_pestat] low and high boundaries for proper pairs: (1, 13938)
[M::mem_pestat] analyzing insert size distribution for orientation RR...
[M::mem_pestat] (25, 50, 75) percentile: (132, 405, 2159)
[M::mem_pestat] low and high boundaries for computing mean and std.dev: (1, 6213)
[M::mem_pestat] mean and std.dev: (1008.24, 1411.77)
[M::mem_pestat] low and high boundaries for proper pairs: (1, 8240)
[M::mem_pestat] skip orientation FF
[M::mem_pestat] skip orientation RF
[M::mem_pestat] skip orientation RR
[M::process] read 1460804 sequences (200000128 bp)...
[M::mem_process_seqs] Processed 1460784 reads in 436.208 CPU sec, 47.534 real sec
[M::mem_pestat] # candidate unique pairs for (FF, FR, RF, RR): (46, 562387, 120, 33)
[M::mem_pestat] analyzing insert size distribution for orientation FF...
[M::mem_pestat] (25, 50, 75) percentile: (265, 370, 716)
[M::mem_pestat] low and high boundaries for computing mean and std.dev: (1, 1618)
[M::mem_pestat] mean and std.dev: (401.22, 216.72)
[M::mem_pestat] low and high boundaries for proper pairs: (1, 2069)
[M::mem_pestat] analyzing insert size distribution for orientation FR...
[M::mem_pestat] (25, 50, 75) percentile: (273, 359, 461)
[M::mem_pestat] low and high boundaries for computing mean and std.dev: (1, 837)
[M::mem_pestat] mean and std.dev: (374.34, 140.36)
[M::mem_pestat] low and high boundaries for proper pairs: (1, 1025)
[M::mem_pestat] analyzing insert size distribution for orientation RF...
[M::mem_pestat] (25, 50, 75) percentile: (74, 413, 3034)
[M::mem_pestat] low and high boundaries for computing mean and std.dev: (1, 8954)
[M::mem_pestat] mean and std.dev: (1490.03, 1983.24)
[M::mem_pestat] low and high boundaries for proper pairs: (1, 11914)
[M::mem_pestat] analyzing insert size distribution for orientation RR...
[M::mem_pestat] (25, 50, 75) percentile: (153, 249, 493)
[M::mem_pestat] low and high boundaries for computing mean and std.dev: (1, 1173)
[M::mem_pestat] mean and std.dev: (284.17, 182.20)
[M::mem_pestat] low and high boundaries for proper pairs: (1, 1513)
[M::mem_pestat] skip orientation FF
[M::mem_pestat] skip orientation RF
[M::mem_pestat] skip orientation RR
[M::process] read 1465200 sequences (200000027 bp)...
[M::mem_process_seqs] Processed 1460804 reads in 439.797 CPU sec, 47.754 real sec
[M::mem_pestat] # candidate unique pairs for (FF, FR, RF, RR): (53, 566449, 137, 32)
[M::mem_pestat] analyzing insert size distribution for orientation FF...
[M::mem_pestat] (25, 50, 75) percentile: (299, 403, 654)
[M::mem_pestat] low and high boundaries for computing mean and std.dev: (1, 1364)
[M::mem_pestat] mean and std.dev: (433.87, 224.13)
[M::mem_pestat] low and high boundaries for proper pairs: (1, 1719)
[M::mem_pestat] analyzing insert size distribution for orientation FR...
[M::mem_pestat] (25, 50, 75) percentile: (269, 353, 453)
[M::mem_pestat] low and high boundaries for computing mean and std.dev: (1, 821)
[M::mem_pestat] mean and std.dev: (367.89, 136.45)
[M::mem_pestat] low and high boundaries for proper pairs: (1, 1005)
[M::mem_pestat] analyzing insert size distribution for orientation RF...
[M::mem_pestat] (25, 50, 75) percentile: (63, 380, 3143)
[M::mem_pestat] low and high boundaries for computing mean and std.dev: (1, 9303)
[M::mem_pestat] mean and std.dev: (1709.57, 2489.46)
[M::mem_pestat] low and high boundaries for proper pairs: (1, 12383)
[M::mem_pestat] analyzing insert size distribution for orientation RR...
[M::mem_pestat] (25, 50, 75) percentile: (221, 379, 2341)
[M::mem_pestat] low and high boundaries for computing mean and std.dev: (1, 6581)
[M::mem_pestat] mean and std.dev: (1090.00, 1708.60)
[M::mem_pestat] low and high boundaries for proper pairs: (1, 8701)
[M::mem_pestat] skip orientation FF
[M::mem_pestat] skip orientation RF
[M::mem_pestat] skip orientation RR
[M::process] read 1461006 sequences (200000268 bp)...
[M::mem_process_seqs] Processed 1465200 reads in 435.670 CPU sec, 47.236 real sec
[M::mem_pestat] # candidate unique pairs for (FF, FR, RF, RR): (38, 565798, 134, 33)
[M::mem_pestat] analyzing insert size distribution for orientation FF...
[M::mem_pestat] (25, 50, 75) percentile: (267, 395, 747)
[M::mem_pestat] low and high boundaries for computing mean and std.dev: (1, 1707)
[M::mem_pestat] mean and std.dev: (479.69, 340.23)
[M::mem_pestat] low and high boundaries for proper pairs: (1, 2187)
[M::mem_pestat] analyzing insert size distribution for orientation FR...
[M::mem_pestat] (25, 50, 75) percentile: (272, 357, 458)
[M::mem_pestat] low and high boundaries for computing mean and std.dev: (1, 830)
[M::mem_pestat] mean and std.dev: (371.92, 138.87)
[M::mem_pestat] low and high boundaries for proper pairs: (1, 1016)
[M::mem_pestat] analyzing insert size distribution for orientation RF...
[M::mem_pestat] (25, 50, 75) percentile: (33, 315, 1951)
[M::mem_pestat] low and high boundaries for computing mean and std.dev: (1, 5787)
[M::mem_pestat] mean and std.dev: (870.81, 1266.51)
[M::mem_pestat] low and high boundaries for proper pairs: (1, 7705)
[M::mem_pestat] analyzing insert size distribution for orientation RR...
[M::mem_pestat] (25, 50, 75) percentile: (336, 570, 1748)
[M::mem_pestat] low and high boundaries for computing mean and std.dev: (1, 4572)
[M::mem_pestat] mean and std.dev: (734.82, 615.01)
[M::mem_pestat] low and high boundaries for proper pairs: (1, 5984)
[M::mem_pestat] skip orientation FF
[M::mem_pestat] skip orientation RF
[M::mem_pestat] skip orientation RR
[M::process] read 1459052 sequences (200000039 bp)...
[M::mem_process_seqs] Processed 1461006 reads in 435.264 CPU sec, 47.304 real sec
[M::mem_pestat] # candidate unique pairs for (FF, FR, RF, RR): (55, 564343, 115, 31)
[M::mem_pestat] analyzing insert size distribution for orientation FF...
[M::mem_pestat] (25, 50, 75) percentile: (266, 452, 630)
[M::mem_pestat] low and high boundaries for computing mean and std.dev: (1, 1358)
[M::mem_pestat] mean and std.dev: (414.71, 212.68)
[M::mem_pestat] low and high boundaries for proper pairs: (1, 1722)
[M::mem_pestat] analyzing insert size distribution for orientation FR...
[M::mem_pestat] (25, 50, 75) percentile: (275, 360, 464)
[M::mem_pestat] low and high boundaries for computing mean and std.dev: (1, 842)
[M::mem_pestat] mean and std.dev: (376.23, 141.59)
[M::mem_pestat] low and high boundaries for proper pairs: (1, 1031)
[M::mem_pestat] analyzing insert size distribution for orientation RF...
[M::mem_pestat] (25, 50, 75) percentile: (83, 545, 3277)
[M::mem_pestat] low and high boundaries for computing mean and std.dev: (1, 9665)
[M::mem_pestat] mean and std.dev: (1966.52, 2637.71)
[M::mem_pestat] low and high boundaries for proper pairs: (1, 12859)
[M::mem_pestat] analyzing insert size distribution for orientation RR...
[M::mem_pestat] (25, 50, 75) percentile: (174, 278, 542)
[M::mem_pestat] low and high boundaries for computing mean and std.dev: (1, 1278)
[M::mem_pestat] mean and std.dev: (327.14, 243.74)
[M::mem_pestat] low and high boundaries for proper pairs: (1, 1646)
[M::mem_pestat] skip orientation FF
[M::mem_pestat] skip orientation RF
[M::mem_pestat] skip orientation RR
[M::process] read 1459782 sequences (200000102 bp)...
[M::mem_process_seqs] Processed 1459052 reads in 437.976 CPU sec, 47.501 real sec
[M::mem_pestat] # candidate unique pairs for (FF, FR, RF, RR): (45, 562599, 122, 45)
[M::mem_pestat] analyzing insert size distribution for orientation FF...
[M::mem_pestat] (25, 50, 75) percentile: (275, 359, 808)
[M::mem_pestat] low and high boundaries for computing mean and std.dev: (1, 1874)
[M::mem_pestat] mean and std.dev: (547.34, 418.34)
[M::mem_pestat] low and high boundaries for proper pairs: (1, 2407)
[M::mem_pestat] analyzing insert size distribution for orientation FR...
[M::mem_pestat] (25, 50, 75) percentile: (274, 360, 463)
[M::mem_pestat] low and high boundaries for computing mean and std.dev: (1, 841)
[M::mem_pestat] mean and std.dev: (375.81, 141.58)
[M::mem_pestat] low and high boundaries for proper pairs: (1, 1030)
[M::mem_pestat] analyzing insert size distribution for orientation RF...
[M::mem_pestat] (25, 50, 75) percentile: (130, 595, 3296)
[M::mem_pestat] low and high boundaries for computing mean and std.dev: (1, 9628)
[M::mem_pestat] mean and std.dev: (1933.62, 2387.88)
[M::mem_pestat] low and high boundaries for proper pairs: (1, 12794)
[M::mem_pestat] analyzing insert size distribution for orientation RR...
[M::mem_pestat] (25, 50, 75) percentile: (166, 257, 738)
[M::mem_pestat] low and high boundaries for computing mean and std.dev: (1, 1882)
[M::mem_pestat] mean and std.dev: (402.83, 363.47)
[M::mem_pestat] low and high boundaries for proper pairs: (1, 2454)
[M::mem_pestat] skip orientation FF
[M::mem_pestat] skip orientation RF
[M::mem_pestat] skip orientation RR
[M::process] read 1465086 sequences (200000154 bp)...
[M::mem_process_seqs] Processed 1459782 reads in 439.730 CPU sec, 47.661 real sec
[M::mem_pestat] # candidate unique pairs for (FF, FR, RF, RR): (35, 565429, 114, 45)
[M::mem_pestat] analyzing insert size distribution for orientation FF...
[M::mem_pestat] (25, 50, 75) percentile: (332, 538, 796)
[M::mem_pestat] low and high boundaries for computing mean and std.dev: (1, 1724)
[M::mem_pestat] mean and std.dev: (508.19, 305.65)
[M::mem_pestat] low and high boundaries for proper pairs: (1, 2188)
[M::mem_pestat] analyzing insert size distribution for orientation FR...
[M::mem_pestat] (25, 50, 75) percentile: (270, 355, 454)
[M::mem_pestat] low and high boundaries for computing mean and std.dev: (1, 822)
[M::mem_pestat] mean and std.dev: (369.26, 136.93)
[M::mem_pestat] low and high boundaries for proper pairs: (1, 1006)
[M::mem_pestat] analyzing insert size distribution for orientation RF...
[M::mem_pestat] (25, 50, 75) percentile: (98, 442, 2031)
[M::mem_pestat] low and high boundaries for computing mean and std.dev: (1, 5897)
[M::mem_pestat] mean and std.dev: (1006.48, 1420.24)
[M::mem_pestat] low and high boundaries for proper pairs: (1, 7830)
[M::mem_pestat] analyzing insert size distribution for orientation RR...
[M::mem_pestat] (25, 50, 75) percentile: (199, 259, 772)
[M::mem_pestat] low and high boundaries for computing mean and std.dev: (1, 1918)
[M::mem_pestat] mean and std.dev: (443.86, 395.05)
[M::mem_pestat] low and high boundaries for proper pairs: (1, 2491)
[M::mem_pestat] skip orientation FF
[M::mem_pestat] skip orientation RF
[M::mem_pestat] skip orientation RR
[M::process] read 1460468 sequences (200000101 bp)...
[M::mem_process_seqs] Processed 1465086 reads in 437.006 CPU sec, 47.344 real sec
[M::mem_pestat] # candidate unique pairs for (FF, FR, RF, RR): (39, 566592, 97, 39)
[M::mem_pestat] analyzing insert size distribution for orientation FF...
[M::mem_pestat] (25, 50, 75) percentile: (324, 545, 969)
[M::mem_pestat] low and high boundaries for computing mean and std.dev: (1, 2259)
[M::mem_pestat] mean and std.dev: (557.59, 402.89)
[M::mem_pestat] low and high boundaries for proper pairs: (1, 2904)
[M::mem_pestat] analyzing insert size distribution for orientation FR...
[M::mem_pestat] (25, 50, 75) percentile: (273, 357, 457)
[M::mem_pestat] low and high boundaries for computing mean and std.dev: (1, 825)
[M::mem_pestat] mean and std.dev: (371.48, 137.85)
[M::mem_pestat] low and high boundaries for proper pairs: (1, 1009)
[M::mem_pestat] analyzing insert size distribution for orientation RF...
[M::mem_pestat] (25, 50, 75) percentile: (95, 434, 2335)
[M::mem_pestat] low and high boundaries for computing mean and std.dev: (1, 6815)
[M::mem_pestat] mean and std.dev: (1095.88, 1478.87)
[M::mem_pestat] low and high boundaries for proper pairs: (1, 9055)
[M::mem_pestat] analyzing insert size distribution for orientation RR...
[M::mem_pestat] (25, 50, 75) percentile: (159, 315, 516)
[M::mem_pestat] low and high boundaries for computing mean and std.dev: (1, 1230)
[M::mem_pestat] mean and std.dev: (337.66, 225.19)
[M::mem_pestat] low and high boundaries for proper pairs: (1, 1587)
[M::mem_pestat] skip orientation FF
[M::mem_pestat] skip orientation RF
[M::mem_pestat] skip orientation RR
[M::process] read 1457866 sequences (200000287 bp)...
[M::mem_process_seqs] Processed 1460468 reads in 432.679 CPU sec, 47.012 real sec
[M::mem_pestat] # candidate unique pairs for (FF, FR, RF, RR): (30, 564464, 138, 32)
[M::mem_pestat] analyzing insert size distribution for orientation FF...
[M::mem_pestat] (25, 50, 75) percentile: (312, 428, 698)
[M::mem_pestat] low and high boundaries for computing mean and std.dev: (1, 1470)
[M::mem_pestat] mean and std.dev: (449.08, 263.01)
[M::mem_pestat] low and high boundaries for proper pairs: (1, 1856)
[M::mem_pestat] analyzing insert size distribution for orientation FR...
[M::mem_pestat] (25, 50, 75) percentile: (276, 362, 466)
[M::mem_pestat] low and high boundaries for computing mean and std.dev: (1, 846)
[M::mem_pestat] mean and std.dev: (377.90, 142.37)
[M::mem_pestat] low and high boundaries for proper pairs: (1, 1036)
[M::mem_pestat] analyzing insert size distribution for orientation RF...
[M::mem_pestat] (25, 50, 75) percentile: (105, 383, 3104)
[M::mem_pestat] low and high boundaries for computing mean and std.dev: (1, 9102)
[M::mem_pestat] mean and std.dev: (1848.81, 2586.48)
[M::mem_pestat] low and high boundaries for proper pairs: (1, 12195)
[M::mem_pestat] analyzing insert size distribution for orientation RR...
[M::mem_pestat] (25, 50, 75) percentile: (178, 277, 617)
[M::mem_pestat] low and high boundaries for computing mean and std.dev: (1, 1495)
[M::mem_pestat] mean and std.dev: (345.83, 254.03)
[M::mem_pestat] low and high boundaries for proper pairs: (1, 1934)
[M::mem_pestat] skip orientation FF
[M::mem_pestat] skip orientation RF
[M::mem_pestat] skip orientation RR
[M::process] read 1458064 sequences (200000257 bp)...
[M::mem_process_seqs] Processed 1457866 reads in 437.285 CPU sec, 47.487 real sec
[M::mem_pestat] # candidate unique pairs for (FF, FR, RF, RR): (43, 562743, 131, 37)
[M::mem_pestat] analyzing insert size distribution for orientation FF...
[M::mem_pestat] (25, 50, 75) percentile: (336, 460, 729)
[M::mem_pestat] low and high boundaries for computing mean and std.dev: (1, 1515)
[M::mem_pestat] mean and std.dev: (539.44, 356.77)
[M::mem_pestat] low and high boundaries for proper pairs: (1, 1967)
[M::mem_pestat] analyzing insert size distribution for orientation FR...
[M::mem_pestat] (25, 50, 75) percentile: (275, 361, 465)
[M::mem_pestat] low and high boundaries for computing mean and std.dev: (1, 845)
[M::mem_pestat] mean and std.dev: (377.26, 142.62)
[M::mem_pestat] low and high boundaries for proper pairs: (1, 1035)
[M::mem_pestat] analyzing insert size distribution for orientation RF...
[M::mem_pestat] (25, 50, 75) percentile: (65, 399, 2848)
[M::mem_pestat] low and high boundaries for computing mean and std.dev: (1, 8414)
[M::mem_pestat] mean and std.dev: (1533.39, 2348.37)
[M::mem_pestat] low and high boundaries for proper pairs: (1, 11197)
[M::mem_pestat] analyzing insert size distribution for orientation RR...
[M::mem_pestat] (25, 50, 75) percentile: (223, 369, 908)
[M::mem_pestat] low and high boundaries for computing mean and std.dev: (1, 2278)
[M::mem_pestat] mean and std.dev: (396.73, 306.67)
[M::mem_pestat] low and high boundaries for proper pairs: (1, 2963)
[M::mem_pestat] skip orientation FF
[M::mem_pestat] skip orientation RF
[M::mem_pestat] skip orientation RR
[M::mem_process_seqs] Processed 1458064 reads in 449.185 CPU sec, 70.589 real sec
[M::process] read 1462754 sequences (200000063 bp)...
[M::process] read 1461732 sequences (200000101 bp)...
[M::mem_pestat] # candidate unique pairs for (FF, FR, RF, RR): (48, 563474, 103, 26)
[M::mem_pestat] analyzing insert size distribution for orientation FF...
[M::mem_pestat] (25, 50, 75) percentile: (366, 618, 945)
[M::mem_pestat] low and high boundaries for computing mean and std.dev: (1, 2103)
[M::mem_pestat] mean and std.dev: (633.91, 382.76)
[M::mem_pestat] low and high boundaries for proper pairs: (1, 2682)
[M::mem_pestat] analyzing insert size distribution for orientation FR...
[M::mem_pestat] (25, 50, 75) percentile: (272, 357, 458)
[M::mem_pestat] low and high boundaries for computing mean and std.dev: (1, 830)
[M::mem_pestat] mean and std.dev: (371.62, 138.52)
[M::mem_pestat] low and high boundaries for proper pairs: (1, 1016)
[M::mem_pestat] analyzing insert size distribution for orientation RF...
[M::mem_pestat] (25, 50, 75) percentile: (64, 529, 3533)
[M::mem_pestat] low and high boundaries for computing mean and std.dev: (1, 10471)
[M::mem_pestat] mean and std.dev: (2072.93, 2716.96)
[M::mem_pestat] low and high boundaries for proper pairs: (1, 13940)
[M::mem_pestat] analyzing insert size distribution for orientation RR...
[M::mem_pestat] (25, 50, 75) percentile: (164, 315, 543)
[M::mem_pestat] low and high boundaries for computing mean and std.dev: (1, 1301)
[M::mem_pestat] mean and std.dev: (263.30, 139.42)
[M::mem_pestat] low and high boundaries for proper pairs: (1, 1680)
[M::mem_pestat] skip orientation FF
[M::mem_pestat] skip orientation RF
[M::mem_pestat] skip orientation RR
[M::mem_process_seqs] Processed 1462754 reads in 438.350 CPU sec, 45.853 real sec
[M::mem_pestat] # candidate unique pairs for (FF, FR, RF, RR): (36, 566859, 137, 25)
[M::mem_pestat] analyzing insert size distribution for orientation FF...
[M::mem_pestat] (25, 50, 75) percentile: (322, 574, 862)
[M::mem_pestat] low and high boundaries for computing mean and std.dev: (1, 1942)
[M::mem_pestat] mean and std.dev: (480.13, 246.11)
[M::mem_pestat] low and high boundaries for proper pairs: (1, 2482)
[M::mem_pestat] analyzing insert size distribution for orientation FR...
[M::mem_pestat] (25, 50, 75) percentile: (273, 357, 457)
[M::mem_pestat] low and high boundaries for computing mean and std.dev: (1, 825)
[M::mem_pestat] mean and std.dev: (371.42, 137.73)
[M::mem_pestat] low and high boundaries for proper pairs: (1, 1009)
[M::mem_pestat] analyzing insert size distribution for orientation RF...
[M::mem_pestat] (25, 50, 75) percentile: (56, 355, 3043)
[M::mem_pestat] low and high boundaries for computing mean and std.dev: (1, 9017)
[M::mem_pestat] mean and std.dev: (1538.00, 2253.07)
[M::mem_pestat] low and high boundaries for proper pairs: (1, 12004)
[M::mem_pestat] analyzing insert size distribution for orientation RR...
[M::mem_pestat] (25, 50, 75) percentile: (232, 377, 1982)
[M::mem_pestat] low and high boundaries for computing mean and std.dev: (1, 5482)
[M::mem_pestat] mean and std.dev: (885.48, 1136.61)
[M::mem_pestat] low and high boundaries for proper pairs: (1, 7232)
[M::mem_pestat] skip orientation FF
[M::mem_pestat] skip orientation RF
[M::mem_pestat] skip orientation RR
[M::process] read 1459278 sequences (200000230 bp)...
[M::mem_process_seqs] Processed 1461732 reads in 431.607 CPU sec, 46.726 real sec
[M::mem_pestat] # candidate unique pairs for (FF, FR, RF, RR): (45, 564572, 140, 42)
[M::mem_pestat] analyzing insert size distribution for orientation FF...
[M::mem_pestat] (25, 50, 75) percentile: (254, 364, 667)
[M::mem_pestat] low and high boundaries for computing mean and std.dev: (1, 1493)
[M::mem_pestat] mean and std.dev: (437.71, 292.13)
[M::mem_pestat] low and high boundaries for proper pairs: (1, 1906)
[M::mem_pestat] analyzing insert size distribution for orientation FR...
[M::mem_pestat] (25, 50, 75) percentile: (276, 362, 465)
[M::mem_pestat] low and high boundaries for computing mean and std.dev: (1, 843)
[M::mem_pestat] mean and std.dev: (377.36, 141.69)
[M::mem_pestat] low and high boundaries for proper pairs: (1, 1032)
[M::mem_pestat] analyzing insert size distribution for orientation RF...
[M::mem_pestat] (25, 50, 75) percentile: (79, 309, 2673)
[M::mem_pestat] low and high boundaries for computing mean and std.dev: (1, 7861)
[M::mem_pestat] mean and std.dev: (1373.73, 2076.57)
[M::mem_pestat] low and high boundaries for proper pairs: (1, 10455)
[M::mem_pestat] analyzing insert size distribution for orientation RR...
[M::mem_pestat] (25, 50, 75) percentile: (238, 423, 1149)
[M::mem_pestat] low and high boundaries for computing mean and std.dev: (1, 2971)
[M::mem_pestat] mean and std.dev: (620.28, 596.02)
[M::mem_pestat] low and high boundaries for proper pairs: (1, 3882)
[M::mem_pestat] skip orientation FF
[M::mem_pestat] skip orientation RF
[M::mem_pestat] skip orientation RR
[M::process] read 1458942 sequences (200000108 bp)...
[M::mem_process_seqs] Processed 1459278 reads in 434.755 CPU sec, 47.111 real sec
[M::mem_pestat] # candidate unique pairs for (FF, FR, RF, RR): (54, 562479, 126, 46)
[M::mem_pestat] analyzing insert size distribution for orientation FF...
[M::mem_pestat] (25, 50, 75) percentile: (306, 571, 891)
[M::mem_pestat] low and high boundaries for computing mean and std.dev: (1, 2061)
[M::mem_pestat] mean and std.dev: (611.39, 416.99)
[M::mem_pestat] low and high boundaries for proper pairs: (1, 2646)
[M::mem_pestat] analyzing insert size distribution for orientation FR...
[M::mem_pestat] (25, 50, 75) percentile: (276, 362, 466)
[M::mem_pestat] low and high boundaries for computing mean and std.dev: (1, 846)
[M::mem_pestat] mean and std.dev: (378.17, 142.62)
[M::mem_pestat] low and high boundaries for proper pairs: (1, 1036)
[M::mem_pestat] analyzing insert size distribution for orientation RF...
[M::mem_pestat] (25, 50, 75) percentile: (88, 583, 4512)
[M::mem_pestat] low and high boundaries for computing mean and std.dev: (1, 13360)
[M::mem_pestat] mean and std.dev: (2367.52, 2910.30)
[M::mem_pestat] low and high boundaries for proper pairs: (1, 17784)
[M::mem_pestat] analyzing insert size distribution for orientation RR...
[M::mem_pestat] (25, 50, 75) percentile: (208, 396, 1576)
[M::mem_pestat] low and high boundaries for computing mean and std.dev: (1, 4312)
[M::mem_pestat] mean and std.dev: (652.51, 813.61)
[M::mem_pestat] low and high boundaries for proper pairs: (1, 5680)
[M::mem_pestat] skip orientation FF
[M::mem_pestat] skip orientation RF
[M::mem_pestat] skip orientation RR
[M::process] read 1462494 sequences (200000163 bp)...
[M::mem_process_seqs] Processed 1458942 reads in 436.757 CPU sec, 47.295 real sec
[M::mem_pestat] # candidate unique pairs for (FF, FR, RF, RR): (41, 561933, 112, 39)
[M::mem_pestat] analyzing insert size distribution for orientation FF...
[M::mem_pestat] (25, 50, 75) percentile: (352, 437, 1000)
[M::mem_pestat] low and high boundaries for computing mean and std.dev: (1, 2296)
[M::mem_pestat] mean and std.dev: (530.58, 354.41)
[M::mem_pestat] low and high boundaries for proper pairs: (1, 2944)
[M::mem_pestat] analyzing insert size distribution for orientation FR...
[M::mem_pestat] (25, 50, 75) percentile: (272, 358, 460)
[M::mem_pestat] low and high boundaries for computing mean and std.dev: (1, 836)
[M::mem_pestat] mean and std.dev: (373.46, 140.14)
[M::mem_pestat] low and high boundaries for proper pairs: (1, 1024)
[M::mem_pestat] analyzing insert size distribution for orientation RF...
[M::mem_pestat] (25, 50, 75) percentile: (60, 445, 2055)
[M::mem_pestat] low and high boundaries for computing mean and std.dev: (1, 6045)
[M::mem_pestat] mean and std.dev: (841.89, 1172.18)
[M::mem_pestat] low and high boundaries for proper pairs: (1, 8040)
[M::mem_pestat] analyzing insert size distribution for orientation RR...
[M::mem_pestat] (25, 50, 75) percentile: (163, 294, 503)
[M::mem_pestat] low and high boundaries for computing mean and std.dev: (1, 1183)
[M::mem_pestat] mean and std.dev: (287.18, 174.07)
[M::mem_pestat] low and high boundaries for proper pairs: (1, 1523)
[M::mem_pestat] skip orientation FF
[M::mem_pestat] skip orientation RF
[M::mem_pestat] skip orientation RR
[M::process] read 1462398 sequences (200000176 bp)...
[M::mem_process_seqs] Processed 1462494 reads in 441.240 CPU sec, 47.705 real sec
[M::mem_pestat] # candidate unique pairs for (FF, FR, RF, RR): (48, 568040, 113, 37)
[M::mem_pestat] analyzing insert size distribution for orientation FF...
[M::mem_pestat] (25, 50, 75) percentile: (307, 404, 687)
[M::mem_pestat] low and high boundaries for computing mean and std.dev: (1, 1447)
[M::mem_pestat] mean and std.dev: (455.07, 260.31)
[M::mem_pestat] low and high boundaries for proper pairs: (1, 1827)
[M::mem_pestat] analyzing insert size distribution for orientation FR...
[M::mem_pestat] (25, 50, 75) percentile: (271, 355, 453)
[M::mem_pestat] low and high boundaries for computing mean and std.dev: (1, 817)
[M::mem_pestat] mean and std.dev: (368.65, 136.22)
[M::mem_pestat] low and high boundaries for proper pairs: (1, 999)
[M::mem_pestat] analyzing insert size distribution for orientation RF...
[M::mem_pestat] (25, 50, 75) percentile: (59, 838, 3965)
[M::mem_pestat] low and high boundaries for computing mean and std.dev: (1, 11777)
[M::mem_pestat] mean and std.dev: (2345.58, 2866.39)
[M::mem_pestat] low and high boundaries for proper pairs: (1, 15683)
[M::mem_pestat] analyzing insert size distribution for orientation RR...
[M::mem_pestat] (25, 50, 75) percentile: (217, 317, 1226)
[M::mem_pestat] low and high boundaries for computing mean and std.dev: (1, 3244)
[M::mem_pestat] mean and std.dev: (583.47, 674.10)
[M::mem_pestat] low and high boundaries for proper pairs: (1, 4253)
[M::mem_pestat] skip orientation FF
[M::mem_pestat] skip orientation RF
[M::mem_pestat] skip orientation RR
[M::process] read 1460280 sequences (200000262 bp)...
[M::mem_process_seqs] Processed 1462398 reads in 429.518 CPU sec, 46.530 real sec
[M::mem_pestat] # candidate unique pairs for (FF, FR, RF, RR): (52, 565862, 128, 36)
[M::mem_pestat] analyzing insert size distribution for orientation FF...
[M::mem_pestat] (25, 50, 75) percentile: (312, 428, 616)
[M::mem_pestat] low and high boundaries for computing mean and std.dev: (1, 1224)
[M::mem_pestat] mean and std.dev: (433.15, 249.36)
[M::mem_pestat] low and high boundaries for proper pairs: (1, 1528)
[M::mem_pestat] analyzing insert size distribution for orientation FR...
[M::mem_pestat] (25, 50, 75) percentile: (273, 358, 459)
[M::mem_pestat] low and high boundaries for computing mean and std.dev: (1, 831)
[M::mem_pestat] mean and std.dev: (372.82, 138.69)
[M::mem_pestat] low and high boundaries for proper pairs: (1, 1017)
[M::mem_pestat] analyzing insert size distribution for orientation RF...
[M::mem_pestat] (25, 50, 75) percentile: (61, 319, 1901)
[M::mem_pestat] low and high boundaries for computing mean and std.dev: (1, 5581)
[M::mem_pestat] mean and std.dev: (797.83, 1258.65)
[M::mem_pestat] low and high boundaries for proper pairs: (1, 7421)
[M::mem_pestat] analyzing insert size distribution for orientation RR...
[M::mem_pestat] (25, 50, 75) percentile: (253, 387, 869)
[M::mem_pestat] low and high boundaries for computing mean and std.dev: (1, 2101)
[M::mem_pestat] mean and std.dev: (483.18, 360.08)
[M::mem_pestat] low and high boundaries for proper pairs: (1, 2717)
[M::mem_pestat] skip orientation FF
[M::mem_pestat] skip orientation RF
[M::mem_pestat] skip orientation RR
[M::process] read 1458938 sequences (200000077 bp)...
[M::mem_process_seqs] Processed 1460280 reads in 432.990 CPU sec, 46.927 real sec
[M::mem_pestat] # candidate unique pairs for (FF, FR, RF, RR): (43, 564049, 109, 29)
[M::mem_pestat] analyzing insert size distribution for orientation FF...
[M::mem_pestat] (25, 50, 75) percentile: (290, 534, 844)
[M::mem_pestat] low and high boundaries for computing mean and std.dev: (1, 1952)
[M::mem_pestat] mean and std.dev: (481.81, 313.83)
[M::mem_pestat] low and high boundaries for proper pairs: (1, 2506)
[M::mem_pestat] analyzing insert size distribution for orientation FR...
[M::mem_pestat] (25, 50, 75) percentile: (274, 360, 463)
[M::mem_pestat] low and high boundaries for computing mean and std.dev: (1, 841)
[M::mem_pestat] mean and std.dev: (375.85, 141.28)
[M::mem_pestat] low and high boundaries for proper pairs: (1, 1030)
[M::mem_pestat] analyzing insert size distribution for orientation RF...
[M::mem_pestat] (25, 50, 75) percentile: (123, 681, 3191)
[M::mem_pestat] low and high boundaries for computing mean and std.dev: (1, 9327)
[M::mem_pestat] mean and std.dev: (1924.86, 2422.44)
[M::mem_pestat] low and high boundaries for proper pairs: (1, 12395)
[M::mem_pestat] analyzing insert size distribution for orientation RR...
[M::mem_pestat] (25, 50, 75) percentile: (134, 350, 1373)
[M::mem_pestat] low and high boundaries for computing mean and std.dev: (1, 3851)
[M::mem_pestat] mean and std.dev: (601.76, 777.52)
[M::mem_pestat] low and high boundaries for proper pairs: (1, 5090)
[M::mem_pestat] skip orientation FF
[M::mem_pestat] skip orientation RF
[M::mem_pestat] skip orientation RR
[M::process] read 1459088 sequences (200000246 bp)...
[M::mem_process_seqs] Processed 1458938 reads in 434.708 CPU sec, 47.064 real sec
[M::mem_pestat] # candidate unique pairs for (FF, FR, RF, RR): (43, 561658, 117, 34)
[M::mem_pestat] analyzing insert size distribution for orientation FF...
[M::mem_pestat] (25, 50, 75) percentile: (287, 375, 654)
[M::mem_pestat] low and high boundaries for computing mean and std.dev: (1, 1388)
[M::mem_pestat] mean and std.dev: (420.11, 252.60)
[M::mem_pestat] low and high boundaries for proper pairs: (1, 1755)
[M::mem_pestat] analyzing insert size distribution for orientation FR...
[M::mem_pestat] (25, 50, 75) percentile: (272, 359, 462)
[M::mem_pestat] low and high boundaries for computing mean and std.dev: (1, 842)
[M::mem_pestat] mean and std.dev: (374.65, 141.15)
[M::mem_pestat] low and high boundaries for proper pairs: (1, 1032)
[M::mem_pestat] analyzing insert size distribution for orientation RF...
[M::mem_pestat] (25, 50, 75) percentile: (52, 467, 3326)
[M::mem_pestat] low and high boundaries for computing mean and std.dev: (1, 9874)
[M::mem_pestat] mean and std.dev: (1862.00, 2583.66)
[M::mem_pestat] low and high boundaries for proper pairs: (1, 13148)
[M::mem_pestat] analyzing insert size distribution for orientation RR...
[M::mem_pestat] (25, 50, 75) percentile: (148, 287, 578)
[M::mem_pestat] low and high boundaries for computing mean and std.dev: (1, 1438)
[M::mem_pestat] mean and std.dev: (357.79, 271.88)
[M::mem_pestat] low and high boundaries for proper pairs: (1, 1868)
[M::mem_pestat] skip orientation FF
[M::mem_pestat] skip orientation RF
[M::mem_pestat] skip orientation RR
[M::process] read 1472926 sequences (200000158 bp)...
[M::mem_process_seqs] Processed 1459088 reads in 440.143 CPU sec, 47.677 real sec
[M::mem_pestat] # candidate unique pairs for (FF, FR, RF, RR): (41, 567986, 98, 30)
[M::mem_pestat] analyzing insert size distribution for orientation FF...
[M::mem_pestat] (25, 50, 75) percentile: (297, 364, 662)
[M::mem_pestat] low and high boundaries for computing mean and std.dev: (1, 1392)
[M::mem_pestat] mean and std.dev: (357.03, 183.70)
[M::mem_pestat] low and high boundaries for proper pairs: (1, 1757)
[M::mem_pestat] analyzing insert size distribution for orientation FR...
[M::mem_pestat] (25, 50, 75) percentile: (267, 351, 448)
[M::mem_pestat] low and high boundaries for computing mean and std.dev: (1, 810)
[M::mem_pestat] mean and std.dev: (364.48, 134.61)
[M::mem_pestat] low and high boundaries for proper pairs: (1, 991)
[M::mem_pestat] analyzing insert size distribution for orientation RF...
[M::mem_pestat] (25, 50, 75) percentile: (52, 537, 3213)
[M::mem_pestat] low and high boundaries for computing mean and std.dev: (1, 9535)
[M::mem_pestat] mean and std.dev: (1790.60, 2491.13)
[M::mem_pestat] low and high boundaries for proper pairs: (1, 12696)
[M::mem_pestat] analyzing insert size distribution for orientation RR...
[M::mem_pestat] (25, 50, 75) percentile: (187, 307, 771)
[M::mem_pestat] low and high boundaries for computing mean and std.dev: (1, 1939)
[M::mem_pestat] mean and std.dev: (495.57, 512.57)
[M::mem_pestat] low and high boundaries for proper pairs: (1, 2546)
[M::mem_pestat] skip orientation FF
[M::mem_pestat] skip orientation RF
[M::mem_pestat] skip orientation RR
[M::process] read 1471092 sequences (200000072 bp)...
[M::mem_process_seqs] Processed 1472926 reads in 436.819 CPU sec, 47.243 real sec
[M::mem_pestat] # candidate unique pairs for (FF, FR, RF, RR): (36, 568522, 124, 27)
[M::mem_pestat] analyzing insert size distribution for orientation FF...
[M::mem_pestat] (25, 50, 75) percentile: (331, 550, 854)
[M::mem_pestat] low and high boundaries for computing mean and std.dev: (1, 1900)
[M::mem_pestat] mean and std.dev: (597.44, 403.83)
[M::mem_pestat] low and high boundaries for proper pairs: (1, 2423)
[M::mem_pestat] analyzing insert size distribution for orientation FR...
[M::mem_pestat] (25, 50, 75) percentile: (271, 356, 456)
[M::mem_pestat] low and high boundaries for computing mean and std.dev: (1, 826)
[M::mem_pestat] mean and std.dev: (370.25, 137.86)
[M::mem_pestat] low and high boundaries for proper pairs: (1, 1011)
[M::mem_pestat] analyzing insert size distribution for orientation RF...
[M::mem_pestat] (25, 50, 75) percentile: (53, 434, 2955)
[M::mem_pestat] low and high boundaries for computing mean and std.dev: (1, 8759)
[M::mem_pestat] mean and std.dev: (1459.85, 2033.79)
[M::mem_pestat] low and high boundaries for proper pairs: (1, 11661)
[M::mem_pestat] analyzing insert size distribution for orientation RR...
[M::mem_pestat] (25, 50, 75) percentile: (234, 438, 1856)
[M::mem_pestat] low and high boundaries for computing mean and std.dev: (1, 5100)
[M::mem_pestat] mean and std.dev: (864.56, 952.43)
[M::mem_pestat] low and high boundaries for proper pairs: (1, 6722)
[M::mem_pestat] skip orientation FF
[M::mem_pestat] skip orientation RF
[M::mem_pestat] skip orientation RR
[M::process] read 1464630 sequences (200000074 bp)...
[M::mem_process_seqs] Processed 1471092 reads in 437.632 CPU sec, 47.491 real sec
[M::mem_pestat] # candidate unique pairs for (FF, FR, RF, RR): (52, 566963, 123, 43)
[M::mem_pestat] analyzing insert size distribution for orientation FF...
[M::mem_pestat] (25, 50, 75) percentile: (216, 456, 653)
[M::mem_pestat] low and high boundaries for computing mean and std.dev: (1, 1527)
[M::mem_pestat] mean and std.dev: (396.11, 222.79)
[M::mem_pestat] low and high boundaries for proper pairs: (1, 1964)
[M::mem_pestat] analyzing insert size distribution for orientation FR...
[M::mem_pestat] (25, 50, 75) percentile: (274, 359, 463)
[M::mem_pestat] low and high boundaries for computing mean and std.dev: (1, 841)
[M::mem_pestat] mean and std.dev: (375.28, 141.73)
[M::mem_pestat] low and high boundaries for proper pairs: (1, 1030)
[M::mem_pestat] analyzing insert size distribution for orientation RF...
[M::mem_pestat] (25, 50, 75) percentile: (59, 322, 2440)
[M::mem_pestat] low and high boundaries for computing mean and std.dev: (1, 7202)
[M::mem_pestat] mean and std.dev: (1217.65, 1762.59)
[M::mem_pestat] low and high boundaries for proper pairs: (1, 9583)
[M::mem_pestat] analyzing insert size distribution for orientation RR...
[M::mem_pestat] (25, 50, 75) percentile: (194, 323, 510)
[M::mem_pestat] low and high boundaries for computing mean and std.dev: (1, 1142)
[M::mem_pestat] mean and std.dev: (334.23, 216.71)
[M::mem_pestat] low and high boundaries for proper pairs: (1, 1458)
[M::mem_pestat] skip orientation FF
[M::mem_pestat] skip orientation RF
[M::mem_pestat] skip orientation RR
[M::process] read 1462510 sequences (200000254 bp)...
[M::mem_process_seqs] Processed 1464630 reads in 438.481 CPU sec, 47.579 real sec
[M::mem_pestat] # candidate unique pairs for (FF, FR, RF, RR): (39, 563753, 139, 36)
[M::mem_pestat] analyzing insert size distribution for orientation FF...
[M::mem_pestat] (25, 50, 75) percentile: (306, 481, 871)
[M::mem_pestat] low and high boundaries for computing mean and std.dev: (1, 2001)
[M::mem_pestat] mean and std.dev: (517.77, 347.82)
[M::mem_pestat] low and high boundaries for proper pairs: (1, 2566)
[M::mem_pestat] analyzing insert size distribution for orientation FR...
[M::mem_pestat] (25, 50, 75) percentile: (274, 361, 466)
[M::mem_pestat] low and high boundaries for computing mean and std.dev: (1, 850)
[M::mem_pestat] mean and std.dev: (377.24, 143.57)
[M::mem_pestat] low and high boundaries for proper pairs: (1, 1042)
[M::mem_pestat] analyzing insert size distribution for orientation RF...
[M::mem_pestat] (25, 50, 75) percentile: (157, 429, 2931)
[M::mem_pestat] low and high boundaries for computing mean and std.dev: (1, 8479)
[M::mem_pestat] mean and std.dev: (1587.89, 2235.50)
[M::mem_pestat] low and high boundaries for proper pairs: (1, 11253)
[M::mem_pestat] analyzing insert size distribution for orientation RR...
[M::mem_pestat] (25, 50, 75) percentile: (245, 320, 905)
[M::mem_pestat] low and high boundaries for computing mean and std.dev: (1, 2225)
[M::mem_pestat] mean and std.dev: (418.72, 352.42)
[M::mem_pestat] low and high boundaries for proper pairs: (1, 2885)
[M::mem_pestat] skip orientation FF
[M::mem_pestat] skip orientation RF
[M::mem_pestat] skip orientation RR
[M::mem_process_seqs] Processed 1462510 reads in 448.222 CPU sec, 85.768 real sec
[M::process] read 1469264 sequences (200000208 bp)...
[M::process] read 1464114 sequences (200000251 bp)...
[M::mem_pestat] # candidate unique pairs for (FF, FR, RF, RR): (49, 567280, 121, 45)
[M::mem_pestat] analyzing insert size distribution for orientation FF...
[M::mem_pestat] (25, 50, 75) percentile: (345, 479, 1242)
[M::mem_pestat] low and high boundaries for computing mean and std.dev: (1, 3036)
[M::mem_pestat] mean and std.dev: (727.33, 692.91)
[M::mem_pestat] low and high boundaries for proper pairs: (1, 3933)
[M::mem_pestat] analyzing insert size distribution for orientation FR...
[M::mem_pestat] (25, 50, 75) percentile: (271, 356, 457)
[M::mem_pestat] low and high boundaries for computing mean and std.dev: (1, 829)
[M::mem_pestat] mean and std.dev: (370.67, 138.65)
[M::mem_pestat] low and high boundaries for proper pairs: (1, 1015)
[M::mem_pestat] analyzing insert size distribution for orientation RF...
[M::mem_pestat] (25, 50, 75) percentile: (56, 340, 2512)
[M::mem_pestat] low and high boundaries for computing mean and std.dev: (1, 7424)
[M::mem_pestat] mean and std.dev: (1132.58, 1667.24)
[M::mem_pestat] low and high boundaries for proper pairs: (1, 9880)
[M::mem_pestat] analyzing insert size distribution for orientation RR...
[M::mem_pestat] (25, 50, 75) percentile: (220, 313, 451)
[M::mem_pestat] low and high boundaries for computing mean and std.dev: (1, 913)
[M::mem_pestat] mean and std.dev: (325.57, 165.03)
[M::mem_pestat] low and high boundaries for proper pairs: (1, 1144)
[M::mem_pestat] skip orientation FF
[M::mem_pestat] skip orientation RF
[M::mem_pestat] skip orientation RR
[M::mem_process_seqs] Processed 1469264 reads in 434.776 CPU sec, 44.150 real sec
[M::process] read 1461524 sequences (200000280 bp)...
[M::mem_pestat] # candidate unique pairs for (FF, FR, RF, RR): (45, 566071, 128, 39)
[M::mem_pestat] analyzing insert size distribution for orientation FF...
[M::mem_pestat] (25, 50, 75) percentile: (196, 396, 654)
[M::mem_pestat] low and high boundaries for computing mean and std.dev: (1, 1570)
[M::mem_pestat] mean and std.dev: (377.00, 245.16)
[M::mem_pestat] low and high boundaries for proper pairs: (1, 2028)
[M::mem_pestat] analyzing insert size distribution for orientation FR...
[M::mem_pestat] (25, 50, 75) percentile: (274, 359, 462)
[M::mem_pestat] low and high boundaries for computing mean and std.dev: (1, 838)
[M::mem_pestat] mean and std.dev: (374.60, 140.53)
[M::mem_pestat] low and high boundaries for proper pairs: (1, 1026)
[M::mem_pestat] analyzing insert size distribution for orientation RF...
[M::mem_pestat] (25, 50, 75) percentile: (74, 643, 3615)
[M::mem_pestat] low and high boundaries for computing mean and std.dev: (1, 10697)
[M::mem_pestat] mean and std.dev: (2150.95, 2825.56)
[M::mem_pestat] low and high boundaries for proper pairs: (1, 14238)
[M::mem_pestat] analyzing insert size distribution for orientation RR...
[M::mem_pestat] (25, 50, 75) percentile: (256, 306, 991)
[M::mem_pestat] low and high boundaries for computing mean and std.dev: (1, 2461)
[M::mem_pestat] mean and std.dev: (455.17, 458.96)
[M::mem_pestat] low and high boundaries for proper pairs: (1, 3196)
[M::mem_pestat] skip orientation FF
[M::mem_pestat] skip orientation RF
[M::mem_pestat] skip orientation RR
[M::mem_process_seqs] Processed 1464114 reads in 434.236 CPU sec, 47.144 real sec
[M::mem_pestat] # candidate unique pairs for (FF, FR, RF, RR): (49, 564703, 123, 37)
[M::mem_pestat] analyzing insert size distribution for orientation FF...
[M::mem_pestat] (25, 50, 75) percentile: (313, 401, 860)
[M::mem_pestat] low and high boundaries for computing mean and std.dev: (1, 1954)
[M::mem_pestat] mean and std.dev: (461.60, 327.03)
[M::mem_pestat] low and high boundaries for proper pairs: (1, 2501)
[M::mem_pestat] analyzing insert size distribution for orientation FR...
[M::mem_pestat] (25, 50, 75) percentile: (276, 362, 467)
[M::mem_pestat] low and high boundaries for computing mean and std.dev: (1, 849)
[M::mem_pestat] mean and std.dev: (378.67, 143.55)
[M::mem_pestat] low and high boundaries for proper pairs: (1, 1040)
[M::mem_pestat] analyzing insert size distribution for orientation RF...
[M::mem_pestat] (25, 50, 75) percentile: (36, 305, 2473)
[M::mem_pestat] low and high boundaries for computing mean and std.dev: (1, 7347)
[M::mem_pestat] mean and std.dev: (1180.23, 1738.30)
[M::mem_pestat] low and high boundaries for proper pairs: (1, 9784)
[M::mem_pestat] analyzing insert size distribution for orientation RR...
[M::mem_pestat] (25, 50, 75) percentile: (169, 440, 1094)
[M::mem_pestat] low and high boundaries for computing mean and std.dev: (1, 2944)
[M::mem_pestat] mean and std.dev: (521.24, 463.93)
[M::mem_pestat] low and high boundaries for proper pairs: (1, 3869)
[M::mem_pestat] skip orientation FF
[M::mem_pestat] skip orientation RF
[M::mem_pestat] skip orientation RR
[M::process] read 1461356 sequences (200000241 bp)...
[M::mem_process_seqs] Processed 1461524 reads in 437.275 CPU sec, 47.338 real sec
[M::mem_pestat] # candidate unique pairs for (FF, FR, RF, RR): (37, 563089, 120, 43)
[M::mem_pestat] analyzing insert size distribution for orientation FF...
[M::mem_pestat] (25, 50, 75) percentile: (285, 489, 820)
[M::mem_pestat] low and high boundaries for computing mean and std.dev: (1, 1890)
[M::mem_pestat] mean and std.dev: (536.58, 355.13)
[M::mem_pestat] low and high boundaries for proper pairs: (1, 2425)
[M::mem_pestat] analyzing insert size distribution for orientation FR...
[M::mem_pestat] (25, 50, 75) percentile: (276, 363, 468)
[M::mem_pestat] low and high boundaries for computing mean and std.dev: (1, 852)
[M::mem_pestat] mean and std.dev: (379.46, 144.31)
[M::mem_pestat] low and high boundaries for proper pairs: (1, 1044)
[M::mem_pestat] analyzing insert size distribution for orientation RF...
[M::mem_pestat] (25, 50, 75) percentile: (102, 383, 2231)
[M::mem_pestat] low and high boundaries for computing mean and std.dev: (1, 6489)
[M::mem_pestat] mean and std.dev: (1059.37, 1574.70)
[M::mem_pestat] low and high boundaries for proper pairs: (1, 8618)
[M::mem_pestat] analyzing insert size distribution for orientation RR...
[M::mem_pestat] (25, 50, 75) percentile: (171, 282, 527)
[M::mem_pestat] low and high boundaries for computing mean and std.dev: (1, 1239)
[M::mem_pestat] mean and std.dev: (309.24, 183.29)
[M::mem_pestat] low and high boundaries for proper pairs: (1, 1595)
[M::mem_pestat] skip orientation FF
[M::mem_pestat] skip orientation RF
[M::mem_pestat] skip orientation RR
[M::process] read 1468484 sequences (200000068 bp)...
[M::mem_process_seqs] Processed 1461356 reads in 440.903 CPU sec, 47.709 real sec
[M::mem_pestat] # candidate unique pairs for (FF, FR, RF, RR): (50, 565489, 130, 33)
[M::mem_pestat] analyzing insert size distribution for orientation FF...
[M::mem_pestat] (25, 50, 75) percentile: (332, 479, 1007)
[M::mem_pestat] low and high boundaries for computing mean and std.dev: (1, 2357)
[M::mem_pestat] mean and std.dev: (573.86, 393.66)
[M::mem_pestat] low and high boundaries for proper pairs: (1, 3032)
[M::mem_pestat] analyzing insert size distribution for orientation FR...
[M::mem_pestat] (25, 50, 75) percentile: (272, 357, 459)
[M::mem_pestat] low and high boundaries for computing mean and std.dev: (1, 833)
[M::mem_pestat] mean and std.dev: (372.60, 140.19)
[M::mem_pestat] low and high boundaries for proper pairs: (1, 1020)
[M::mem_pestat] analyzing insert size distribution for orientation RF...
[M::mem_pestat] (25, 50, 75) percentile: (64, 353, 3209)
[M::mem_pestat] low and high boundaries for computing mean and std.dev: (1, 9499)
[M::mem_pestat] mean and std.dev: (1868.42, 2559.69)
[M::mem_pestat] low and high boundaries for proper pairs: (1, 12644)
[M::mem_pestat] analyzing insert size distribution for orientation RR...
[M::mem_pestat] (25, 50, 75) percentile: (244, 480, 1311)
[M::mem_pestat] low and high boundaries for computing mean and std.dev: (1, 3445)
[M::mem_pestat] mean and std.dev: (753.48, 705.38)
[M::mem_pestat] low and high boundaries for proper pairs: (1, 4512)
[M::mem_pestat] skip orientation FF
[M::mem_pestat] skip orientation RF
[M::mem_pestat] skip orientation RR
[M::process] read 1463414 sequences (200000285 bp)...
[M::mem_process_seqs] Processed 1468484 reads in 440.773 CPU sec, 47.710 real sec
[M::mem_pestat] # candidate unique pairs for (FF, FR, RF, RR): (28, 565281, 122, 44)
[M::mem_pestat] analyzing insert size distribution for orientation FF...
[M::mem_pestat] (25, 50, 75) percentile: (279, 443, 803)
[M::mem_pestat] low and high boundaries for computing mean and std.dev: (1, 1851)
[M::mem_pestat] mean and std.dev: (526.31, 340.17)
[M::mem_pestat] low and high boundaries for proper pairs: (1, 2375)
[M::mem_pestat] analyzing insert size distribution for orientation FR...
[M::mem_pestat] (25, 50, 75) percentile: (274, 359, 462)
[M::mem_pestat] low and high boundaries for computing mean and std.dev: (1, 838)
[M::mem_pestat] mean and std.dev: (374.54, 140.87)
[M::mem_pestat] low and high boundaries for proper pairs: (1, 1026)
[M::mem_pestat] analyzing insert size distribution for orientation RF...
[M::mem_pestat] (25, 50, 75) percentile: (63, 496, 2979)
[M::mem_pestat] low and high boundaries for computing mean and std.dev: (1, 8811)
[M::mem_pestat] mean and std.dev: (1895.06, 2602.89)
[M::mem_pestat] low and high boundaries for proper pairs: (1, 12307)
[M::mem_pestat] analyzing insert size distribution for orientation RR...
[M::mem_pestat] (25, 50, 75) percentile: (252, 357, 1472)
[M::mem_pestat] low and high boundaries for computing mean and std.dev: (1, 3912)
[M::mem_pestat] mean and std.dev: (656.21, 765.55)
[M::mem_pestat] low and high boundaries for proper pairs: (1, 5132)
[M::mem_pestat] skip orientation FF
[M::mem_pestat] skip orientation RF
[M::mem_pestat] skip orientation RR
[M::process] read 1460536 sequences (200000191 bp)...
[M::mem_process_seqs] Processed 1463414 reads in 436.523 CPU sec, 47.391 real sec
[M::mem_pestat] # candidate unique pairs for (FF, FR, RF, RR): (39, 563643, 117, 43)
[M::mem_pestat] analyzing insert size distribution for orientation FF...
[M::mem_pestat] (25, 50, 75) percentile: (317, 389, 894)
[M::mem_pestat] low and high boundaries for computing mean and std.dev: (1, 2048)
[M::mem_pestat] mean and std.dev: (460.03, 302.31)
[M::mem_pestat] low and high boundaries for proper pairs: (1, 2625)
[M::mem_pestat] analyzing insert size distribution for orientation FR...
[M::mem_pestat] (25, 50, 75) percentile: (276, 363, 469)
[M::mem_pestat] low and high boundaries for computing mean and std.dev: (1, 855)
[M::mem_pestat] mean and std.dev: (379.76, 144.34)
[M::mem_pestat] low and high boundaries for proper pairs: (1, 1048)
[M::mem_pestat] analyzing insert size distribution for orientation RF...
[M::mem_pestat] (25, 50, 75) percentile: (33, 316, 2304)
[M::mem_pestat] low and high boundaries for computing mean and std.dev: (1, 6846)
[M::mem_pestat] mean and std.dev: (1084.66, 1647.20)
[M::mem_pestat] low and high boundaries for proper pairs: (1, 9117)
[M::mem_pestat] analyzing insert size distribution for orientation RR...
[M::mem_pestat] (25, 50, 75) percentile: (173, 424, 767)
[M::mem_pestat] low and high boundaries for computing mean and std.dev: (1, 1955)
[M::mem_pestat] mean and std.dev: (447.44, 377.77)
[M::mem_pestat] low and high boundaries for proper pairs: (1, 2549)
[M::mem_pestat] skip orientation FF
[M::mem_pestat] skip orientation RF
[M::mem_pestat] skip orientation RR
[M::process] read 1459118 sequences (200000043 bp)...
[M::mem_process_seqs] Processed 1460536 reads in 439.366 CPU sec, 47.613 real sec
[M::mem_pestat] # candidate unique pairs for (FF, FR, RF, RR): (46, 562383, 126, 31)
[M::mem_pestat] analyzing insert size distribution for orientation FF...
[M::mem_pestat] (25, 50, 75) percentile: (283, 401, 621)
[M::mem_pestat] low and high boundaries for computing mean and std.dev: (1, 1297)
[M::mem_pestat] mean and std.dev: (416.41, 210.56)
[M::mem_pestat] low and high boundaries for proper pairs: (1, 1635)
[M::mem_pestat] analyzing insert size distribution for orientation FR...
[M::mem_pestat] (25, 50, 75) percentile: (276, 363, 470)
[M::mem_pestat] low and high boundaries for computing mean and std.dev: (1, 858)
[M::mem_pestat] mean and std.dev: (380.60, 145.73)
[M::mem_pestat] low and high boundaries for proper pairs: (1, 1052)
[M::mem_pestat] analyzing insert size distribution for orientation RF...
[M::mem_pestat] (25, 50, 75) percentile: (62, 271, 2028)
[M::mem_pestat] low and high boundaries for computing mean and std.dev: (1, 5960)
[M::mem_pestat] mean and std.dev: (871.37, 1440.08)
[M::mem_pestat] low and high boundaries for proper pairs: (1, 7926)
[M::mem_pestat] analyzing insert size distribution for orientation RR...
[M::mem_pestat] (25, 50, 75) percentile: (242, 428, 704)
[M::mem_pestat] low and high boundaries for computing mean and std.dev: (1, 1628)
[M::mem_pestat] mean and std.dev: (408.50, 290.30)
[M::mem_pestat] low and high boundaries for proper pairs: (1, 2090)
[M::mem_pestat] skip orientation FF
[M::mem_pestat] skip orientation RF
[M::mem_pestat] skip orientation RR
[M::mem_process_seqs] Processed 1459118 reads in 451.131 CPU sec, 66.883 real sec
[M::process] read 1466924 sequences (200000183 bp)...
[M::process] read 1465556 sequences (200000029 bp)...
[M::mem_pestat] # candidate unique pairs for (FF, FR, RF, RR): (48, 565110, 111, 40)
[M::mem_pestat] analyzing insert size distribution for orientation FF...
[M::mem_pestat] (25, 50, 75) percentile: (310, 550, 934)
[M::mem_pestat] low and high boundaries for computing mean and std.dev: (1, 2182)
[M::mem_pestat] mean and std.dev: (612.02, 456.79)
[M::mem_pestat] low and high boundaries for proper pairs: (1, 2806)
[M::mem_pestat] analyzing insert size distribution for orientation FR...
[M::mem_pestat] (25, 50, 75) percentile: (273, 359, 461)
[M::mem_pestat] low and high boundaries for computing mean and std.dev: (1, 837)
[M::mem_pestat] mean and std.dev: (374.18, 140.94)
[M::mem_pestat] low and high boundaries for proper pairs: (1, 1025)
[M::mem_pestat] analyzing insert size distribution for orientation RF...
[M::mem_pestat] (25, 50, 75) percentile: (87, 650, 2948)
[M::mem_pestat] low and high boundaries for computing mean and std.dev: (1, 8670)
[M::mem_pestat] mean and std.dev: (1597.38, 2199.84)
[M::mem_pestat] low and high boundaries for proper pairs: (1, 11531)
[M::mem_pestat] analyzing insert size distribution for orientation RR...
[M::mem_pestat] (25, 50, 75) percentile: (143, 303, 746)
[M::mem_pestat] low and high boundaries for computing mean and std.dev: (1, 1952)
[M::mem_pestat] mean and std.dev: (437.95, 434.62)
[M::mem_pestat] low and high boundaries for proper pairs: (1, 2555)
[M::mem_pestat] skip orientation FF
[M::mem_pestat] skip orientation RF
[M::mem_pestat] skip orientation RR
[M::mem_process_seqs] Processed 1466924 reads in 437.920 CPU sec, 45.708 real sec
[M::mem_pestat] # candidate unique pairs for (FF, FR, RF, RR): (53, 567078, 125, 43)
[M::mem_pestat] analyzing insert size distribution for orientation FF...
[M::mem_pestat] (25, 50, 75) percentile: (293, 417, 1187)
[M::mem_pestat] low and high boundaries for computing mean and std.dev: (1, 2975)
[M::mem_pestat] mean and std.dev: (620.47, 607.72)
[M::mem_pestat] low and high boundaries for proper pairs: (1, 3869)
[M::mem_pestat] analyzing insert size distribution for orientation FR...
[M::mem_pestat] (25, 50, 75) percentile: (275, 359, 461)
[M::mem_pestat] low and high boundaries for computing mean and std.dev: (1, 833)
[M::mem_pestat] mean and std.dev: (374.11, 139.71)
[M::mem_pestat] low and high boundaries for proper pairs: (1, 1019)
[M::mem_pestat] analyzing insert size distribution for orientation RF...
[M::mem_pestat] (25, 50, 75) percentile: (59, 483, 3226)
[M::mem_pestat] low and high boundaries for computing mean and std.dev: (1, 9560)
[M::mem_pestat] mean and std.dev: (1764.12, 2471.47)
[M::mem_pestat] low and high boundaries for proper pairs: (1, 12727)
[M::mem_pestat] analyzing insert size distribution for orientation RR...
[M::mem_pestat] (25, 50, 75) percentile: (201, 357, 1161)
[M::mem_pestat] low and high boundaries for computing mean and std.dev: (1, 3081)
[M::mem_pestat] mean and std.dev: (567.56, 542.81)
[M::mem_pestat] low and high boundaries for proper pairs: (1, 4041)
[M::mem_pestat] skip orientation FF
[M::mem_pestat] skip orientation RF
[M::mem_pestat] skip orientation RR
[M::mem_process_seqs] Processed 1465556 reads in 449.639 CPU sec, 72.196 real sec
[M::process] read 1460636 sequences (200000123 bp)...
[M::process] read 1459088 sequences (200000171 bp)...
[M::mem_pestat] # candidate unique pairs for (FF, FR, RF, RR): (38, 564804, 133, 40)
[M::mem_pestat] analyzing insert size distribution for orientation FF...
[M::mem_pestat] (25, 50, 75) percentile: (370, 616, 1430)
[M::mem_pestat] low and high boundaries for computing mean and std.dev: (1, 3550)
[M::mem_pestat] mean and std.dev: (782.03, 759.84)
[M::mem_pestat] low and high boundaries for proper pairs: (1, 4610)
[M::mem_pestat] analyzing insert size distribution for orientation FR...
[M::mem_pestat] (25, 50, 75) percentile: (277, 364, 470)
[M::mem_pestat] low and high boundaries for computing mean and std.dev: (1, 856)
[M::mem_pestat] mean and std.dev: (380.81, 144.96)
[M::mem_pestat] low and high boundaries for proper pairs: (1, 1049)
[M::mem_pestat] analyzing insert size distribution for orientation RF...
[M::mem_pestat] (25, 50, 75) percentile: (143, 689, 3446)
[M::mem_pestat] low and high boundaries for computing mean and std.dev: (1, 10052)
[M::mem_pestat] mean and std.dev: (2039.74, 2616.45)
[M::mem_pestat] low and high boundaries for proper pairs: (1, 13355)
[M::mem_pestat] analyzing insert size distribution for orientation RR...
[M::mem_pestat] (25, 50, 75) percentile: (246, 396, 1049)
[M::mem_pestat] low and high boundaries for computing mean and std.dev: (1, 2655)
[M::mem_pestat] mean and std.dev: (465.31, 427.45)
[M::mem_pestat] low and high boundaries for proper pairs: (1, 3458)
[M::mem_pestat] skip orientation FF
[M::mem_pestat] skip orientation RF
[M::mem_pestat] skip orientation RR
[M::mem_process_seqs] Processed 1460636 reads in 436.553 CPU sec, 45.671 real sec
[M::process] read 1465796 sequences (200000062 bp)...
[M::mem_pestat] # candidate unique pairs for (FF, FR, RF, RR): (52, 562886, 121, 31)
[M::mem_pestat] analyzing insert size distribution for orientation FF...
[M::mem_pestat] (25, 50, 75) percentile: (274, 379, 778)
[M::mem_pestat] low and high boundaries for computing mean and std.dev: (1, 1786)
[M::mem_pestat] mean and std.dev: (421.86, 282.44)
[M::mem_pestat] low and high boundaries for proper pairs: (1, 2290)
[M::mem_pestat] analyzing insert size distribution for orientation FR...
[M::mem_pestat] (25, 50, 75) percentile: (277, 364, 472)
[M::mem_pestat] low and high boundaries for computing mean and std.dev: (1, 862)
[M::mem_pestat] mean and std.dev: (381.89, 146.51)
[M::mem_pestat] low and high boundaries for proper pairs: (1, 1057)
[M::mem_pestat] analyzing insert size distribution for orientation RF...
[M::mem_pestat] (25, 50, 75) percentile: (109, 610, 3830)
[M::mem_pestat] low and high boundaries for computing mean and std.dev: (1, 11272)
[M::mem_pestat] mean and std.dev: (2222.83, 2744.67)
[M::mem_pestat] low and high boundaries for proper pairs: (1, 14993)
[M::mem_pestat] analyzing insert size distribution for orientation RR...
[M::mem_pestat] (25, 50, 75) percentile: (259, 401, 888)
[M::mem_pestat] low and high boundaries for computing mean and std.dev: (1, 2146)
[M::mem_pestat] mean and std.dev: (491.86, 353.96)
[M::mem_pestat] low and high boundaries for proper pairs: (1, 2775)
[M::mem_pestat] skip orientation FF
[M::mem_pestat] skip orientation RF
[M::mem_pestat] skip orientation RR
[M::mem_process_seqs] Processed 1459088 reads in 439.305 CPU sec, 47.545 real sec
[M::mem_pestat] # candidate unique pairs for (FF, FR, RF, RR): (52, 563776, 114, 34)
[M::mem_pestat] analyzing insert size distribution for orientation FF...
[M::mem_pestat] (25, 50, 75) percentile: (342, 632, 1316)
[M::mem_pestat] low and high boundaries for computing mean and std.dev: (1, 3264)
[M::mem_pestat] mean and std.dev: (821.00, 762.43)
[M::mem_pestat] low and high boundaries for proper pairs: (1, 4238)
[M::mem_pestat] analyzing insert size distribution for orientation FR...
[M::mem_pestat] (25, 50, 75) percentile: (274, 360, 464)
[M::mem_pestat] low and high boundaries for computing mean and std.dev: (1, 844)
[M::mem_pestat] mean and std.dev: (376.41, 142.65)
[M::mem_pestat] low and high boundaries for proper pairs: (1, 1034)
[M::mem_pestat] analyzing insert size distribution for orientation RF...
[M::mem_pestat] (25, 50, 75) percentile: (188, 642, 3378)
[M::mem_pestat] low and high boundaries for computing mean and std.dev: (1, 9758)
[M::mem_pestat] mean and std.dev: (1909.61, 2365.49)
[M::mem_pestat] low and high boundaries for proper pairs: (1, 12948)
[M::mem_pestat] analyzing insert size distribution for orientation RR...
[M::mem_pestat] (25, 50, 75) percentile: (162, 323, 770)
[M::mem_pestat] low and high boundaries for computing mean and std.dev: (1, 1986)
[M::mem_pestat] mean and std.dev: (369.97, 324.65)
[M::mem_pestat] low and high boundaries for proper pairs: (1, 2594)
[M::mem_pestat] skip orientation FF
[M::mem_pestat] skip orientation RF
[M::mem_pestat] skip orientation RR
[M::process] read 1471496 sequences (200000280 bp)...
[M::mem_process_seqs] Processed 1465796 reads in 442.828 CPU sec, 47.916 real sec
[M::mem_pestat] # candidate unique pairs for (FF, FR, RF, RR): (52, 568080, 118, 46)
[M::mem_pestat] analyzing insert size distribution for orientation FF...
[M::mem_pestat] (25, 50, 75) percentile: (301, 495, 874)
[M::mem_pestat] low and high boundaries for computing mean and std.dev: (1, 2020)
[M::mem_pestat] mean and std.dev: (474.44, 324.35)
[M::mem_pestat] low and high boundaries for proper pairs: (1, 2593)
[M::mem_pestat] analyzing insert size distribution for orientation FR...
[M::mem_pestat] (25, 50, 75) percentile: (274, 359, 460)
[M::mem_pestat] low and high boundaries for computing mean and std.dev: (1, 832)
[M::mem_pestat] mean and std.dev: (373.75, 139.11)
[M::mem_pestat] low and high boundaries for proper pairs: (1, 1018)
[M::mem_pestat] analyzing insert size distribution for orientation RF...
[M::mem_pestat] (25, 50, 75) percentile: (47, 426, 2989)
[M::mem_pestat] low and high boundaries for computing mean and std.dev: (1, 8873)
[M::mem_pestat] mean and std.dev: (1548.42, 2130.86)
[M::mem_pestat] low and high boundaries for proper pairs: (1, 11815)
[M::mem_pestat] analyzing insert size distribution for orientation RR...
[M::mem_pestat] (25, 50, 75) percentile: (195, 371, 1239)
[M::mem_pestat] low and high boundaries for computing mean and std.dev: (1, 3327)
[M::mem_pestat] mean and std.dev: (649.67, 693.89)
[M::mem_pestat] low and high boundaries for proper pairs: (1, 4371)
[M::mem_pestat] skip orientation FF
[M::mem_pestat] skip orientation RF
[M::mem_pestat] skip orientation RR
[M::process] read 1464402 sequences (200000140 bp)...
[M::mem_process_seqs] Processed 1471496 reads in 439.115 CPU sec, 47.580 real sec
[M::mem_pestat] # candidate unique pairs for (FF, FR, RF, RR): (47, 565529, 112, 38)
[M::mem_pestat] analyzing insert size distribution for orientation FF...
[M::mem_pestat] (25, 50, 75) percentile: (323, 533, 1717)
[M::mem_pestat] low and high boundaries for computing mean and std.dev: (1, 4505)
[M::mem_pestat] mean and std.dev: (868.88, 940.98)
[M::mem_pestat] low and high boundaries for proper pairs: (1, 5899)
[M::mem_pestat] analyzing insert size distribution for orientation FR...
[M::mem_pestat] (25, 50, 75) percentile: (277, 363, 469)
[M::mem_pestat] low and high boundaries for computing mean and std.dev: (1, 853)
[M::mem_pestat] mean and std.dev: (379.92, 143.69)
[M::mem_pestat] low and high boundaries for proper pairs: (1, 1045)
[M::mem_pestat] analyzing insert size distribution for orientation RF...
[M::mem_pestat] (25, 50, 75) percentile: (141, 530, 3183)
[M::mem_pestat] low and high boundaries for computing mean and std.dev: (1, 9267)
[M::mem_pestat] mean and std.dev: (2124.47, 2765.12)
[M::mem_pestat] low and high boundaries for proper pairs: (1, 13185)
[M::mem_pestat] analyzing insert size distribution for orientation RR...
[M::mem_pestat] (25, 50, 75) percentile: (219, 428, 1456)
[M::mem_pestat] low and high boundaries for computing mean and std.dev: (1, 3930)
[M::mem_pestat] mean and std.dev: (748.66, 944.80)
[M::mem_pestat] low and high boundaries for proper pairs: (1, 5167)
[M::mem_pestat] skip orientation FF
[M::mem_pestat] skip orientation RF
[M::mem_pestat] skip orientation RR
[M::process] read 1463982 sequences (200000216 bp)...
[M::mem_process_seqs] Processed 1464402 reads in 438.284 CPU sec, 47.553 real sec
[M::mem_pestat] # candidate unique pairs for (FF, FR, RF, RR): (59, 564091, 131, 38)
[M::mem_pestat] analyzing insert size distribution for orientation FF...
[M::mem_pestat] (25, 50, 75) percentile: (293, 453, 889)
[M::mem_pestat] low and high boundaries for computing mean and std.dev: (1, 2081)
[M::mem_pestat] mean and std.dev: (460.74, 309.22)
[M::mem_pestat] low and high boundaries for proper pairs: (1, 2677)
[M::mem_pestat] analyzing insert size distribution for orientation FR...
[M::mem_pestat] (25, 50, 75) percentile: (277, 365, 472)
[M::mem_pestat] low and high boundaries for computing mean and std.dev: (1, 862)
[M::mem_pestat] mean and std.dev: (381.90, 145.71)
[M::mem_pestat] low and high boundaries for proper pairs: (1, 1057)
[M::mem_pestat] analyzing insert size distribution for orientation RF...
[M::mem_pestat] (25, 50, 75) percentile: (111, 459, 2493)
[M::mem_pestat] low and high boundaries for computing mean and std.dev: (1, 7257)
[M::mem_pestat] mean and std.dev: (1109.44, 1620.46)
[M::mem_pestat] low and high boundaries for proper pairs: (1, 9639)
[M::mem_pestat] analyzing insert size distribution for orientation RR...
[M::mem_pestat] (25, 50, 75) percentile: (265, 401, 1102)
[M::mem_pestat] low and high boundaries for computing mean and std.dev: (1, 2776)
[M::mem_pestat] mean and std.dev: (586.88, 606.01)
[M::mem_pestat] low and high boundaries for proper pairs: (1, 3613)
[M::mem_pestat] skip orientation FF
[M::mem_pestat] skip orientation RF
[M::mem_pestat] skip orientation RR
[M::process] read 1465050 sequences (200000063 bp)...
[M::mem_process_seqs] Processed 1463982 reads in 440.671 CPU sec, 47.793 real sec
[M::mem_pestat] # candidate unique pairs for (FF, FR, RF, RR): (45, 562619, 101, 42)
[M::mem_pestat] analyzing insert size distribution for orientation FF...
[M::mem_pestat] (25, 50, 75) percentile: (275, 415, 871)
[M::mem_pestat] low and high boundaries for computing mean and std.dev: (1, 2063)
[M::mem_pestat] mean and std.dev: (484.74, 384.00)
[M::mem_pestat] low and high boundaries for proper pairs: (1, 2659)
[M::mem_pestat] analyzing insert size distribution for orientation FR...
[M::mem_pestat] (25, 50, 75) percentile: (275, 361, 466)
[M::mem_pestat] low and high boundaries for computing mean and std.dev: (1, 848)
[M::mem_pestat] mean and std.dev: (377.88, 143.39)
[M::mem_pestat] low and high boundaries for proper pairs: (1, 1039)
[M::mem_pestat] analyzing insert size distribution for orientation RF...
[M::mem_pestat] (25, 50, 75) percentile: (57, 306, 1796)
[M::mem_pestat] low and high boundaries for computing mean and std.dev: (1, 5274)
[M::mem_pestat] mean and std.dev: (667.72, 1093.91)
[M::mem_pestat] low and high boundaries for proper pairs: (1, 7013)
[M::mem_pestat] analyzing insert size distribution for orientation RR...
[M::mem_pestat] (25, 50, 75) percentile: (188, 430, 893)
[M::mem_pestat] low and high boundaries for computing mean and std.dev: (1, 2303)
[M::mem_pestat] mean and std.dev: (535.24, 542.01)
[M::mem_pestat] low and high boundaries for proper pairs: (1, 3008)
[M::mem_pestat] skip orientation FF
[M::mem_pestat] skip orientation RF
[M::mem_pestat] skip orientation RR
[M::process] read 1480394 sequences (200000135 bp)...
[M::mem_process_seqs] Processed 1465050 reads in 443.829 CPU sec, 48.083 real sec
[M::mem_pestat] # candidate unique pairs for (FF, FR, RF, RR): (49, 570979, 119, 33)
[M::mem_pestat] analyzing insert size distribution for orientation FF...
[M::mem_pestat] (25, 50, 75) percentile: (364, 514, 736)
[M::mem_pestat] low and high boundaries for computing mean and std.dev: (1, 1480)
[M::mem_pestat] mean and std.dev: (513.39, 247.39)
[M::mem_pestat] low and high boundaries for proper pairs: (1, 1852)
[M::mem_pestat] analyzing insert size distribution for orientation FR...
[M::mem_pestat] (25, 50, 75) percentile: (272, 356, 455)
[M::mem_pestat] low and high boundaries for computing mean and std.dev: (1, 821)
[M::mem_pestat] mean and std.dev: (369.95, 136.77)
[M::mem_pestat] low and high boundaries for proper pairs: (1, 1004)
[M::mem_pestat] analyzing insert size distribution for orientation RF...
[M::mem_pestat] (25, 50, 75) percentile: (109, 494, 2953)
[M::mem_pestat] low and high boundaries for computing mean and std.dev: (1, 8641)
[M::mem_pestat] mean and std.dev: (1605.84, 2177.71)
[M::mem_pestat] low and high boundaries for proper pairs: (1, 11485)
[M::mem_pestat] analyzing insert size distribution for orientation RR...
[M::mem_pestat] (25, 50, 75) percentile: (239, 518, 1215)
[M::mem_pestat] low and high boundaries for computing mean and std.dev: (1, 3167)
[M::mem_pestat] mean and std.dev: (676.07, 635.30)
[M::mem_pestat] low and high boundaries for proper pairs: (1, 4143)
[M::mem_pestat] skip orientation FF
[M::mem_pestat] skip orientation RF
[M::mem_pestat] skip orientation RR
[M::process] read 1468244 sequences (200000031 bp)...
[M::mem_process_seqs] Processed 1480394 reads in 450.638 CPU sec, 48.746 real sec
[M::mem_pestat] # candidate unique pairs for (FF, FR, RF, RR): (39, 566336, 115, 26)
[M::mem_pestat] analyzing insert size distribution for orientation FF...
[M::mem_pestat] (25, 50, 75) percentile: (309, 449, 860)
[M::mem_pestat] low and high boundaries for computing mean and std.dev: (1, 1962)
[M::mem_pestat] mean and std.dev: (540.97, 355.84)
[M::mem_pestat] low and high boundaries for proper pairs: (1, 2513)
[M::mem_pestat] analyzing insert size distribution for orientation FR...
[M::mem_pestat] (25, 50, 75) percentile: (275, 361, 463)
[M::mem_pestat] low and high boundaries for computing mean and std.dev: (1, 839)
[M::mem_pestat] mean and std.dev: (376.00, 141.04)
[M::mem_pestat] low and high boundaries for proper pairs: (1, 1027)
[M::mem_pestat] analyzing insert size distribution for orientation RF...
[M::mem_pestat] (25, 50, 75) percentile: (30, 208, 2329)
[M::mem_pestat] low and high boundaries for computing mean and std.dev: (1, 6927)
[M::mem_pestat] mean and std.dev: (961.93, 1514.43)
[M::mem_pestat] low and high boundaries for proper pairs: (1, 9226)
[M::mem_pestat] analyzing insert size distribution for orientation RR...
[M::mem_pestat] (25, 50, 75) percentile: (220, 394, 1325)
[M::mem_pestat] low and high boundaries for computing mean and std.dev: (1, 3535)
[M::mem_pestat] mean and std.dev: (613.83, 666.72)
[M::mem_pestat] low and high boundaries for proper pairs: (1, 4640)
[M::mem_pestat] skip orientation FF
[M::mem_pestat] skip orientation RF
[M::mem_pestat] skip orientation RR
[M::process] read 1465328 sequences (200000091 bp)...
[M::mem_process_seqs] Processed 1468244 reads in 438.225 CPU sec, 47.603 real sec
[M::mem_pestat] # candidate unique pairs for (FF, FR, RF, RR): (53, 565089, 130, 35)
[M::mem_pestat] analyzing insert size distribution for orientation FF...
[M::mem_pestat] (25, 50, 75) percentile: (265, 459, 955)
[M::mem_pestat] low and high boundaries for computing mean and std.dev: (1, 2335)
[M::mem_pestat] mean and std.dev: (585.48, 487.36)
[M::mem_pestat] low and high boundaries for proper pairs: (1, 3025)
[M::mem_pestat] analyzing insert size distribution for orientation FR...
[M::mem_pestat] (25, 50, 75) percentile: (275, 362, 467)
[M::mem_pestat] low and high boundaries for computing mean and std.dev: (1, 851)
[M::mem_pestat] mean and std.dev: (378.65, 143.59)
[M::mem_pestat] low and high boundaries for proper pairs: (1, 1043)
[M::mem_pestat] analyzing insert size distribution for orientation RF...
[M::mem_pestat] (25, 50, 75) percentile: (41, 194, 1367)
[M::mem_pestat] low and high boundaries for computing mean and std.dev: (1, 4019)
[M::mem_pestat] mean and std.dev: (601.32, 993.93)
[M::mem_pestat] low and high boundaries for proper pairs: (1, 5345)
[M::mem_pestat] analyzing insert size distribution for orientation RR...
[M::mem_pestat] (25, 50, 75) percentile: (207, 372, 1618)
[M::mem_pestat] low and high boundaries for computing mean and std.dev: (1, 4440)
[M::mem_pestat] mean and std.dev: (819.03, 1002.83)
[M::mem_pestat] low and high boundaries for proper pairs: (1, 5851)
[M::mem_pestat] skip orientation FF
[M::mem_pestat] skip orientation RF
[M::mem_pestat] skip orientation RR
[M::mem_process_seqs] Processed 1465328 reads in 451.690 CPU sec, 70.150 real sec
[M::process] read 1465098 sequences (200000137 bp)...
[M::process] read 230582 sequences (31305158 bp)...
[M::mem_pestat] # candidate unique pairs for (FF, FR, RF, RR): (45, 563055, 149, 41)
[M::mem_pestat] analyzing insert size distribution for orientation FF...
[M::mem_pestat] (25, 50, 75) percentile: (347, 438, 804)
[M::mem_pestat] low and high boundaries for computing mean and std.dev: (1, 1718)
[M::mem_pestat] mean and std.dev: (461.50, 259.17)
[M::mem_pestat] low and high boundaries for proper pairs: (1, 2175)
[M::mem_pestat] analyzing insert size distribution for orientation FR...
[M::mem_pestat] (25, 50, 75) percentile: (275, 362, 467)
[M::mem_pestat] low and high boundaries for computing mean and std.dev: (1, 851)
[M::mem_pestat] mean and std.dev: (378.09, 143.66)
[M::mem_pestat] low and high boundaries for proper pairs: (1, 1043)
[M::mem_pestat] analyzing insert size distribution for orientation RF...
[M::mem_pestat] (25, 50, 75) percentile: (57, 450, 2898)
[M::mem_pestat] low and high boundaries for computing mean and std.dev: (1, 8580)
[M::mem_pestat] mean and std.dev: (1514.07, 2109.08)
[M::mem_pestat] low and high boundaries for proper pairs: (1, 11421)
[M::mem_pestat] analyzing insert size distribution for orientation RR...
[M::mem_pestat] (25, 50, 75) percentile: (179, 275, 472)
[M::mem_pestat] low and high boundaries for computing mean and std.dev: (1, 1058)
[M::mem_pestat] mean and std.dev: (303.83, 215.04)
[M::mem_pestat] low and high boundaries for proper pairs: (1, 1351)
[M::mem_pestat] skip orientation FF
[M::mem_pestat] skip orientation RF
[M::mem_pestat] skip orientation RR
[M::mem_process_seqs] Processed 1465098 reads in 439.185 CPU sec, 46.417 real sec
[M::mem_pestat] # candidate unique pairs for (FF, FR, RF, RR): (12, 88022, 26, 5)
[M::mem_pestat] analyzing insert size distribution for orientation FF...
[M::mem_pestat] (25, 50, 75) percentile: (344, 503, 625)
[M::mem_pestat] low and high boundaries for computing mean and std.dev: (1, 1187)
[M::mem_pestat] mean and std.dev: (462.50, 182.99)
[M::mem_pestat] low and high boundaries for proper pairs: (1, 1468)
[M::mem_pestat] analyzing insert size distribution for orientation FR...
[M::mem_pestat] (25, 50, 75) percentile: (272, 359, 461)
[M::mem_pestat] low and high boundaries for computing mean and std.dev: (1, 839)
[M::mem_pestat] mean and std.dev: (374.47, 140.68)
[M::mem_pestat] low and high boundaries for proper pairs: (1, 1028)
[M::mem_pestat] analyzing insert size distribution for orientation RF...
[M::mem_pestat] (25, 50, 75) percentile: (37, 594, 6035)
[M::mem_pestat] low and high boundaries for computing mean and std.dev: (1, 18031)
[M::mem_pestat] mean and std.dev: (2615.31, 3440.64)
[M::mem_pestat] low and high boundaries for proper pairs: (1, 24029)
[M::mem_pestat] skip orientation RR as there are not enough pairs
[M::mem_pestat] skip orientation FF
[M::mem_pestat] skip orientation RF
[M::mem_process_seqs] Processed 230582 reads in 71.658 CPU sec, 8.134 real sec
[main] Version: 0.7.17-r1188
[main] CMD: bwa memsamblaster: Marked 3735752 of 36699130 (10.18%) read ids as duplicates -t 20 using 845124k memory in  -R1M @RG\tID:WB_LL_19T_348\tPL:ILLUMINA\tPU:HJMNCDSX7.3\tSM:WB_LL_19T_348\tCN:MCGILL\tBC:CAATCGGCTG-NTCCTACAGC28S /storage/scratch/iee/dj20y461/Stickleback/G_aculeatus/FITNESS//data/ref_A_X/stickleback_v5_assembly_A_X.fasta(87.940S) /storage/scratch/iee/dj20y461/Stickleback/G_aculeatus/FITNESS//data/trimmed/WB_LL_19T_348.R1.trimmed.fastq.gz CPU seconds and  /storage/scratch/iee/dj20y461/Stickleback/G_aculeatus/FITNESS//data/trimmed/WB_LL_19T_348.R2.trimmed.fastq.gz43M31S
[main] Real time: 2610.489 sec; CPU: 22064.876 sec
(2611S) wall time.
[bam_sort_core] merging from 20 files and 20 in-memory blocks...
