samblaster: Version 0.1.24
samblaster: Inputting from stdin
samblaster: Outputting to stdout
[M::bwa_idx_load_from_disk] read 0 ALT contigs
[M::process] read 1465018 sequences (200000012 bp)...
[M::mem_pestat] # candidate unique pairs for (FF, FR, RF, RR): (213, 556521, 131, 99)
[M::mem_pestat] analyzing insert size distribution for orientation FF...
[M::mem_pestat] (25, 50, 75) percentile: (296, 444, 756)
[M::mem_pestat] low and high boundaries for computing mean and std.dev: (1, 1676)
[M::mem_pestat] mean and std.dev: (510.31, 330.06)
[M::mem_pestat] low and high boundaries for proper pairs: (1, 2136)
[M::mem_pestat] analyzing insert size distribution for orientation FR...
[M::mem_pestat] (25, 50, 75) percentile: (281, 369, 474)
[M::mem_pestat] low and high boundaries for computing mean and std.dev: (1, 860)
[M::mem_pestat] mean and std.dev: (384.65, 144.35)
[M::mem_pestat] low and high boundaries for proper pairs: (1, 1053)
[M::mem_pestat] analyzing insert size distribution for orientation RF...
[M::mem_pestat] (25, 50, 75) percentile: (74, 398, 2601)
[M::mem_pestat] low and high boundaries for computing mean and std.dev: (1, 7655)
[M::mem_pestat] mean and std.dev: (1315.78, 1964.17)
[M::mem_pestat] low and high boundaries for proper pairs: (1, 10182)
[M::mem_pestat] analyzing insert size distribution for orientation RR...
[M::mem_pestat] (25, 50, 75) percentile: (206, 324, 729)
[M::mem_pestat] low and high boundaries for computing mean and std.dev: (1, 1775)
[M::mem_pestat] mean and std.dev: (434.59, 350.26)
[M::mem_pestat] low and high boundaries for proper pairs: (1, 2298)
[M::mem_pestat] skip orientation FF
[M::mem_pestat] skip orientation RF
[M::mem_pestat] skip orientation RR
[M::mem_process_seqs] Processed 1465018 reads in 486.144 CPU sec, 117.485 real sec
samblaster: Loaded 23 header sequence entries.
[M::process] read 1461660 sequences (200000264 bp)...
[M::process] read 1461446 sequences (200000007 bp)...
[M::mem_pestat] # candidate unique pairs for (FF, FR, RF, RR): (222, 554577, 113, 108)
[M::mem_pestat] analyzing insert size distribution for orientation FF...
[M::mem_pestat] (25, 50, 75) percentile: (290, 436, 691)
[M::mem_pestat] low and high boundaries for computing mean and std.dev: (1, 1493)
[M::mem_pestat] mean and std.dev: (480.49, 270.36)
[M::mem_pestat] low and high boundaries for proper pairs: (1, 1894)
[M::mem_pestat] analyzing insert size distribution for orientation FR...
[M::mem_pestat] (25, 50, 75) percentile: (282, 369, 475)
[M::mem_pestat] low and high boundaries for computing mean and std.dev: (1, 861)
[M::mem_pestat] mean and std.dev: (385.58, 144.66)
[M::mem_pestat] low and high boundaries for proper pairs: (1, 1054)
[M::mem_pestat] analyzing insert size distribution for orientation RF...
[M::mem_pestat] (25, 50, 75) percentile: (87, 382, 2330)
[M::mem_pestat] low and high boundaries for computing mean and std.dev: (1, 6816)
[M::mem_pestat] mean and std.dev: (1326.01, 1933.65)
[M::mem_pestat] low and high boundaries for proper pairs: (1, 9061)
[M::mem_pestat] analyzing insert size distribution for orientation RR...
[M::mem_pestat] (25, 50, 75) percentile: (234, 430, 969)
[M::mem_pestat] low and high boundaries for computing mean and std.dev: (1, 2439)
[M::mem_pestat] mean and std.dev: (578.26, 480.87)
[M::mem_pestat] low and high boundaries for proper pairs: (1, 3174)
[M::mem_pestat] skip orientation FF
[M::mem_pestat] skip orientation RF
[M::mem_pestat] skip orientation RR
[M::mem_process_seqs] Processed 1461660 reads in 458.496 CPU sec, 51.018 real sec
[M::process] read 1464288 sequences (200000192 bp)...
[M::mem_pestat] # candidate unique pairs for (FF, FR, RF, RR): (233, 552881, 129, 102)
[M::mem_pestat] analyzing insert size distribution for orientation FF...
[M::mem_pestat] (25, 50, 75) percentile: (297, 408, 630)
[M::mem_pestat] low and high boundaries for computing mean and std.dev: (1, 1296)
[M::mem_pestat] mean and std.dev: (467.43, 250.00)
[M::mem_pestat] low and high boundaries for proper pairs: (1, 1629)
[M::mem_pestat] analyzing insert size distribution for orientation FR...
[M::mem_pestat] (25, 50, 75) percentile: (280, 368, 472)
[M::mem_pestat] low and high boundaries for computing mean and std.dev: (1, 856)
[M::mem_pestat] mean and std.dev: (383.54, 143.55)
[M::mem_pestat] low and high boundaries for proper pairs: (1, 1048)
[M::mem_pestat] analyzing insert size distribution for orientation RF...
[M::mem_pestat] (25, 50, 75) percentile: (51, 325, 2910)
[M::mem_pestat] low and high boundaries for computing mean and std.dev: (1, 8628)
[M::mem_pestat] mean and std.dev: (1415.76, 2021.83)
[M::mem_pestat] low and high boundaries for proper pairs: (1, 11487)
[M::mem_pestat] analyzing insert size distribution for orientation RR...
[M::mem_pestat] (25, 50, 75) percentile: (218, 354, 675)
[M::mem_pestat] low and high boundaries for computing mean and std.dev: (1, 1589)
[M::mem_pestat] mean and std.dev: (456.42, 347.74)
[M::mem_pestat] low and high boundaries for proper pairs: (1, 2046)
[M::mem_pestat] skip orientation FF
[M::mem_pestat] skip orientation RF
[M::mem_pestat] skip orientation RR
[M::mem_process_seqs] Processed 1461446 reads in 463.099 CPU sec, 51.735 real sec
[M::mem_pestat] # candidate unique pairs for (FF, FR, RF, RR): (258, 555785, 136, 83)
[M::mem_pestat] analyzing insert size distribution for orientation FF...
[M::mem_pestat] (25, 50, 75) percentile: (260, 427, 665)
[M::mem_pestat] low and high boundaries for computing mean and std.dev: (1, 1475)
[M::mem_pestat] mean and std.dev: (469.70, 282.51)
[M::mem_pestat] low and high boundaries for proper pairs: (1, 1880)
[M::mem_pestat] analyzing insert size distribution for orientation FR...
[M::mem_pestat] (25, 50, 75) percentile: (282, 368, 474)
[M::mem_pestat] low and high boundaries for computing mean and std.dev: (1, 858)
[M::mem_pestat] mean and std.dev: (384.53, 143.71)
[M::mem_pestat] low and high boundaries for proper pairs: (1, 1050)
[M::mem_pestat] analyzing insert size distribution for orientation RF...
[M::mem_pestat] (25, 50, 75) percentile: (57, 447, 1593)
[M::mem_pestat] low and high boundaries for computing mean and std.dev: (1, 4665)
[M::mem_pestat] mean and std.dev: (777.71, 1120.91)
[M::mem_pestat] low and high boundaries for proper pairs: (1, 6201)
[M::mem_pestat] analyzing insert size distribution for orientation RR...
[M::mem_pestat] (25, 50, 75) percentile: (230, 366, 735)
[M::mem_pestat] low and high boundaries for computing mean and std.dev: (1, 1745)
[M::mem_pestat] mean and std.dev: (432.31, 301.72)
[M::mem_pestat] low and high boundaries for proper pairs: (1, 2250)
[M::mem_pestat] skip orientation FF
[M::mem_pestat] skip orientation RF
[M::mem_pestat] skip orientation RR
[M::mem_process_seqs] Processed 1464288 reads in 480.360 CPU sec, 80.732 real sec
[M::process] read 1462424 sequences (200000228 bp)...
[M::process] read 1461408 sequences (200000072 bp)...
[M::mem_pestat] # candidate unique pairs for (FF, FR, RF, RR): (239, 554543, 145, 114)
[M::mem_pestat] analyzing insert size distribution for orientation FF...
[M::mem_pestat] (25, 50, 75) percentile: (258, 402, 666)
[M::mem_pestat] low and high boundaries for computing mean and std.dev: (1, 1482)
[M::mem_pestat] mean and std.dev: (468.37, 295.70)
[M::mem_pestat] low and high boundaries for proper pairs: (1, 1890)
[M::mem_pestat] analyzing insert size distribution for orientation FR...
[M::mem_pestat] (25, 50, 75) percentile: (282, 370, 476)
[M::mem_pestat] low and high boundaries for computing mean and std.dev: (1, 864)
[M::mem_pestat] mean and std.dev: (386.41, 145.04)
[M::mem_pestat] low and high boundaries for proper pairs: (1, 1058)
[M::mem_pestat] analyzing insert size distribution for orientation RF...
[M::mem_pestat] (25, 50, 75) percentile: (124, 407, 2398)
[M::mem_pestat] low and high boundaries for computing mean and std.dev: (1, 6946)
[M::mem_pestat] mean and std.dev: (1312.25, 1853.25)
[M::mem_pestat] low and high boundaries for proper pairs: (1, 9220)
[M::mem_pestat] analyzing insert size distribution for orientation RR...
[M::mem_pestat] (25, 50, 75) percentile: (203, 319, 822)
[M::mem_pestat] low and high boundaries for computing mean and std.dev: (1, 2060)
[M::mem_pestat] mean and std.dev: (504.67, 470.39)
[M::mem_pestat] low and high boundaries for proper pairs: (1, 2679)
[M::mem_pestat] skip orientation FF
[M::mem_pestat] skip orientation RF
[M::mem_pestat] skip orientation RR
[M::mem_process_seqs] Processed 1462424 reads in 459.399 CPU sec, 50.137 real sec
[M::mem_pestat] # candidate unique pairs for (FF, FR, RF, RR): (232, 553194, 125, 97)
[M::mem_pestat] analyzing insert size distribution for orientation FF...
[M::mem_pestat] (25, 50, 75) percentile: (257, 392, 580)
[M::mem_pestat] low and high boundaries for computing mean and std.dev: (1, 1226)
[M::mem_pestat] mean and std.dev: (410.28, 217.49)
[M::mem_pestat] low and high boundaries for proper pairs: (1, 1549)
[M::mem_pestat] analyzing insert size distribution for orientation FR...
[M::mem_pestat] (25, 50, 75) percentile: (281, 369, 474)
[M::mem_pestat] low and high boundaries for computing mean and std.dev: (1, 860)
[M::mem_pestat] mean and std.dev: (384.63, 143.93)
[M::mem_pestat] low and high boundaries for proper pairs: (1, 1053)
[M::mem_pestat] analyzing insert size distribution for orientation RF...
[M::mem_pestat] (25, 50, 75) percentile: (78, 487, 1894)
[M::mem_pestat] low and high boundaries for computing mean and std.dev: (1, 5526)
[M::mem_pestat] mean and std.dev: (1011.12, 1339.64)
[M::mem_pestat] low and high boundaries for proper pairs: (1, 7342)
[M::mem_pestat] analyzing insert size distribution for orientation RR...
[M::mem_pestat] (25, 50, 75) percentile: (172, 302, 716)
[M::mem_pestat] low and high boundaries for computing mean and std.dev: (1, 1804)
[M::mem_pestat] mean and std.dev: (422.81, 344.39)
[M::mem_pestat] low and high boundaries for proper pairs: (1, 2348)
[M::mem_pestat] skip orientation FF
[M::mem_pestat] skip orientation RF
[M::mem_pestat] skip orientation RR
[M::process] read 1466442 sequences (200000002 bp)...
[M::mem_process_seqs] Processed 1461408 reads in 461.413 CPU sec, 51.239 real sec
[M::mem_pestat] # candidate unique pairs for (FF, FR, RF, RR): (232, 556221, 111, 102)
[M::mem_pestat] analyzing insert size distribution for orientation FF...
[M::mem_pestat] (25, 50, 75) percentile: (269, 453, 715)
[M::mem_pestat] low and high boundaries for computing mean and std.dev: (1, 1607)
[M::mem_pestat] mean and std.dev: (490.01, 294.32)
[M::mem_pestat] low and high boundaries for proper pairs: (1, 2053)
[M::mem_pestat] analyzing insert size distribution for orientation FR...
[M::mem_pestat] (25, 50, 75) percentile: (279, 366, 469)
[M::mem_pestat] low and high boundaries for computing mean and std.dev: (1, 849)
[M::mem_pestat] mean and std.dev: (380.70, 141.48)
[M::mem_pestat] low and high boundaries for proper pairs: (1, 1039)
[M::mem_pestat] analyzing insert size distribution for orientation RF...
[M::mem_pestat] (25, 50, 75) percentile: (129, 386, 2424)
[M::mem_pestat] low and high boundaries for computing mean and std.dev: (1, 7014)
[M::mem_pestat] mean and std.dev: (1048.60, 1562.32)
[M::mem_pestat] low and high boundaries for proper pairs: (1, 9309)
[M::mem_pestat] analyzing insert size distribution for orientation RR...
[M::mem_pestat] (25, 50, 75) percentile: (204, 431, 947)
[M::mem_pestat] low and high boundaries for computing mean and std.dev: (1, 2433)
[M::mem_pestat] mean and std.dev: (558.43, 483.83)
[M::mem_pestat] low and high boundaries for proper pairs: (1, 3176)
[M::mem_pestat] skip orientation FF
[M::mem_pestat] skip orientation RF
[M::mem_pestat] skip orientation RR
[M::process] read 1464468 sequences (200000133 bp)...
[M::mem_process_seqs] Processed 1466442 reads in 458.403 CPU sec, 50.156 real sec
[M::mem_pestat] # candidate unique pairs for (FF, FR, RF, RR): (233, 556217, 132, 107)
[M::mem_pestat] analyzing insert size distribution for orientation FF...
[M::mem_pestat] (25, 50, 75) percentile: (264, 396, 561)
[M::mem_pestat] low and high boundaries for computing mean and std.dev: (1, 1155)
[M::mem_pestat] mean and std.dev: (425.93, 214.18)
[M::mem_pestat] low and high boundaries for proper pairs: (1, 1452)
[M::mem_pestat] analyzing insert size distribution for orientation FR...
[M::mem_pestat] (25, 50, 75) percentile: (280, 367, 471)
[M::mem_pestat] low and high boundaries for computing mean and std.dev: (1, 853)
[M::mem_pestat] mean and std.dev: (382.49, 142.90)
[M::mem_pestat] low and high boundaries for proper pairs: (1, 1044)
[M::mem_pestat] analyzing insert size distribution for orientation RF...
[M::mem_pestat] (25, 50, 75) percentile: (54, 311, 1375)
[M::mem_pestat] low and high boundaries for computing mean and std.dev: (1, 4017)
[M::mem_pestat] mean and std.dev: (691.19, 965.53)
[M::mem_pestat] low and high boundaries for proper pairs: (1, 5338)
[M::mem_pestat] analyzing insert size distribution for orientation RR...
[M::mem_pestat] (25, 50, 75) percentile: (243, 448, 1128)
[M::mem_pestat] low and high boundaries for computing mean and std.dev: (1, 2898)
[M::mem_pestat] mean and std.dev: (617.08, 553.05)
[M::mem_pestat] low and high boundaries for proper pairs: (1, 3783)
[M::mem_pestat] skip orientation FF
[M::mem_pestat] skip orientation RF
[M::mem_pestat] skip orientation RR
[M::process] read 1462246 sequences (200000066 bp)...
[M::mem_process_seqs] Processed 1464468 reads in 457.498 CPU sec, 49.486 real sec
[M::mem_pestat] # candidate unique pairs for (FF, FR, RF, RR): (229, 553627, 117, 105)
[M::mem_pestat] analyzing insert size distribution for orientation FF...
[M::mem_pestat] (25, 50, 75) percentile: (300, 425, 680)
[M::mem_pestat] low and high boundaries for computing mean and std.dev: (1, 1440)
[M::mem_pestat] mean and std.dev: (452.90, 242.16)
[M::mem_pestat] low and high boundaries for proper pairs: (1, 1820)
[M::mem_pestat] analyzing insert size distribution for orientation FR...
[M::mem_pestat] (25, 50, 75) percentile: (281, 368, 472)
[M::mem_pestat] low and high boundaries for computing mean and std.dev: (1, 854)
[M::mem_pestat] mean and std.dev: (384.06, 143.41)
[M::mem_pestat] low and high boundaries for proper pairs: (1, 1045)
[M::mem_pestat] analyzing insert size distribution for orientation RF...
[M::mem_pestat] (25, 50, 75) percentile: (104, 563, 3329)
[M::mem_pestat] low and high boundaries for computing mean and std.dev: (1, 9779)
[M::mem_pestat] mean and std.dev: (1769.62, 2222.96)
[M::mem_pestat] low and high boundaries for proper pairs: (1, 13004)
[M::mem_pestat] analyzing insert size distribution for orientation RR...
[M::mem_pestat] (25, 50, 75) percentile: (232, 350, 891)
[M::mem_pestat] low and high boundaries for computing mean and std.dev: (1, 2209)
[M::mem_pestat] mean and std.dev: (515.34, 446.92)
[M::mem_pestat] low and high boundaries for proper pairs: (1, 2868)
[M::mem_pestat] skip orientation FF
[M::mem_pestat] skip orientation RF
[M::mem_pestat] skip orientation RR
[M::process] read 1466622 sequences (200000095 bp)...
[M::mem_process_seqs] Processed 1462246 reads in 461.273 CPU sec, 49.922 real sec
[M::mem_pestat] # candidate unique pairs for (FF, FR, RF, RR): (220, 555926, 154, 103)
[M::mem_pestat] analyzing insert size distribution for orientation FF...
[M::mem_pestat] (25, 50, 75) percentile: (276, 396, 567)
[M::mem_pestat] low and high boundaries for computing mean and std.dev: (1, 1149)
[M::mem_pestat] mean and std.dev: (425.23, 214.66)
[M::mem_pestat] low and high boundaries for proper pairs: (1, 1440)
[M::mem_pestat] analyzing insert size distribution for orientation FR...
[M::mem_pestat] (25, 50, 75) percentile: (278, 364, 466)
[M::mem_pestat] low and high boundaries for computing mean and std.dev: (1, 842)
[M::mem_pestat] mean and std.dev: (379.12, 140.32)
[M::mem_pestat] low and high boundaries for proper pairs: (1, 1030)
[M::mem_pestat] analyzing insert size distribution for orientation RF...
[M::mem_pestat] (25, 50, 75) percentile: (77, 412, 2936)
[M::mem_pestat] low and high boundaries for computing mean and std.dev: (1, 8654)
[M::mem_pestat] mean and std.dev: (1620.73, 2326.58)
[M::mem_pestat] low and high boundaries for proper pairs: (1, 11513)
[M::mem_pestat] analyzing insert size distribution for orientation RR...
[M::mem_pestat] (25, 50, 75) percentile: (189, 318, 555)
[M::mem_pestat] low and high boundaries for computing mean and std.dev: (1, 1287)
[M::mem_pestat] mean and std.dev: (355.62, 240.22)
[M::mem_pestat] low and high boundaries for proper pairs: (1, 1653)
[M::mem_pestat] skip orientation FF
[M::mem_pestat] skip orientation RF
[M::mem_pestat] skip orientation RR
[M::process] read 1465332 sequences (200000258 bp)...
[M::mem_process_seqs] Processed 1466622 reads in 465.172 CPU sec, 50.656 real sec
[M::mem_pestat] # candidate unique pairs for (FF, FR, RF, RR): (246, 556726, 138, 112)
[M::mem_pestat] analyzing insert size distribution for orientation FF...
[M::mem_pestat] (25, 50, 75) percentile: (283, 394, 667)
[M::mem_pestat] low and high boundaries for computing mean and std.dev: (1, 1435)
[M::mem_pestat] mean and std.dev: (452.75, 269.94)
[M::mem_pestat] low and high boundaries for proper pairs: (1, 1819)
[M::mem_pestat] analyzing insert size distribution for orientation FR...
[M::mem_pestat] (25, 50, 75) percentile: (279, 366, 469)
[M::mem_pestat] low and high boundaries for computing mean and std.dev: (1, 849)
[M::mem_pestat] mean and std.dev: (381.19, 142.00)
[M::mem_pestat] low and high boundaries for proper pairs: (1, 1039)
[M::mem_pestat] analyzing insert size distribution for orientation RF...
[M::mem_pestat] (25, 50, 75) percentile: (145, 743, 3384)
[M::mem_pestat] low and high boundaries for computing mean and std.dev: (1, 9862)
[M::mem_pestat] mean and std.dev: (2014.27, 2367.24)
[M::mem_pestat] low and high boundaries for proper pairs: (1, 13101)
[M::mem_pestat] analyzing insert size distribution for orientation RR...
[M::mem_pestat] (25, 50, 75) percentile: (207, 303, 716)
[M::mem_pestat] low and high boundaries for computing mean and std.dev: (1, 1734)
[M::mem_pestat] mean and std.dev: (418.75, 325.49)
[M::mem_pestat] low and high boundaries for proper pairs: (1, 2243)
[M::mem_pestat] skip orientation FF
[M::mem_pestat] skip orientation RF
[M::mem_pestat] skip orientation RR
[M::process] read 1462708 sequences (200000167 bp)...
[M::mem_process_seqs] Processed 1465332 reads in 458.833 CPU sec, 49.669 real sec
[M::mem_pestat] # candidate unique pairs for (FF, FR, RF, RR): (244, 554557, 145, 109)
[M::mem_pestat] analyzing insert size distribution for orientation FF...
[M::mem_pestat] (25, 50, 75) percentile: (284, 426, 605)
[M::mem_pestat] low and high boundaries for computing mean and std.dev: (1, 1247)
[M::mem_pestat] mean and std.dev: (429.90, 213.01)
[M::mem_pestat] low and high boundaries for proper pairs: (1, 1568)
[M::mem_pestat] analyzing insert size distribution for orientation FR...
[M::mem_pestat] (25, 50, 75) percentile: (280, 367, 471)
[M::mem_pestat] low and high boundaries for computing mean and std.dev: (1, 853)
[M::mem_pestat] mean and std.dev: (382.66, 142.91)
[M::mem_pestat] low and high boundaries for proper pairs: (1, 1044)
[M::mem_pestat] analyzing insert size distribution for orientation RF...
[M::mem_pestat] (25, 50, 75) percentile: (45, 368, 2488)
[M::mem_pestat] low and high boundaries for computing mean and std.dev: (1, 7374)
[M::mem_pestat] mean and std.dev: (1223.97, 1763.60)
[M::mem_pestat] low and high boundaries for proper pairs: (1, 9817)
[M::mem_pestat] analyzing insert size distribution for orientation RR...
[M::mem_pestat] (25, 50, 75) percentile: (226, 353, 674)
[M::mem_pestat] low and high boundaries for computing mean and std.dev: (1, 1570)
[M::mem_pestat] mean and std.dev: (453.61, 359.88)
[M::mem_pestat] low and high boundaries for proper pairs: (1, 2018)
[M::mem_pestat] skip orientation FF
[M::mem_pestat] skip orientation RF
[M::mem_pestat] skip orientation RR
[M::process] read 1467454 sequences (200000117 bp)...
[M::mem_process_seqs] Processed 1462708 reads in 460.072 CPU sec, 49.763 real sec
[M::mem_pestat] # candidate unique pairs for (FF, FR, RF, RR): (222, 555401, 121, 95)
[M::mem_pestat] analyzing insert size distribution for orientation FF...
[M::mem_pestat] (25, 50, 75) percentile: (258, 404, 563)
[M::mem_pestat] low and high boundaries for computing mean and std.dev: (1, 1173)
[M::mem_pestat] mean and std.dev: (414.28, 211.19)
[M::mem_pestat] low and high boundaries for proper pairs: (1, 1478)
[M::mem_pestat] analyzing insert size distribution for orientation FR...
[M::mem_pestat] (25, 50, 75) percentile: (278, 364, 466)
[M::mem_pestat] low and high boundaries for computing mean and std.dev: (1, 842)
[M::mem_pestat] mean and std.dev: (378.57, 139.96)
[M::mem_pestat] low and high boundaries for proper pairs: (1, 1030)
[M::mem_pestat] analyzing insert size distribution for orientation RF...
[M::mem_pestat] (25, 50, 75) percentile: (180, 512, 3042)
[M::mem_pestat] low and high boundaries for computing mean and std.dev: (1, 8766)
[M::mem_pestat] mean and std.dev: (1709.29, 2222.61)
[M::mem_pestat] low and high boundaries for proper pairs: (1, 11628)
[M::mem_pestat] analyzing insert size distribution for orientation RR...
[M::mem_pestat] (25, 50, 75) percentile: (193, 340, 642)
[M::mem_pestat] low and high boundaries for computing mean and std.dev: (1, 1540)
[M::mem_pestat] mean and std.dev: (414.29, 337.47)
[M::mem_pestat] low and high boundaries for proper pairs: (1, 1989)
[M::mem_pestat] skip orientation FF
[M::mem_pestat] skip orientation RF
[M::mem_pestat] skip orientation RR
[M::process] read 1464472 sequences (200000205 bp)...
[M::mem_process_seqs] Processed 1467454 reads in 463.163 CPU sec, 50.518 real sec
[M::mem_pestat] # candidate unique pairs for (FF, FR, RF, RR): (200, 556254, 142, 120)
[M::mem_pestat] analyzing insert size distribution for orientation FF...
[M::mem_pestat] (25, 50, 75) percentile: (289, 408, 689)
[M::mem_pestat] low and high boundaries for computing mean and std.dev: (1, 1489)
[M::mem_pestat] mean and std.dev: (464.94, 265.58)
[M::mem_pestat] low and high boundaries for proper pairs: (1, 1889)
[M::mem_pestat] analyzing insert size distribution for orientation FR...
[M::mem_pestat] (25, 50, 75) percentile: (280, 367, 471)
[M::mem_pestat] low and high boundaries for computing mean and std.dev: (1, 853)
[M::mem_pestat] mean and std.dev: (382.63, 142.89)
[M::mem_pestat] low and high boundaries for proper pairs: (1, 1044)
[M::mem_pestat] analyzing insert size distribution for orientation RF...
[M::mem_pestat] (25, 50, 75) percentile: (67, 467, 2520)
[M::mem_pestat] low and high boundaries for computing mean and std.dev: (1, 7426)
[M::mem_pestat] mean and std.dev: (1387.85, 1903.28)
[M::mem_pestat] low and high boundaries for proper pairs: (1, 9879)
[M::mem_pestat] analyzing insert size distribution for orientation RR...
[M::mem_pestat] (25, 50, 75) percentile: (216, 365, 727)
[M::mem_pestat] low and high boundaries for computing mean and std.dev: (1, 1749)
[M::mem_pestat] mean and std.dev: (471.12, 346.31)
[M::mem_pestat] low and high boundaries for proper pairs: (1, 2260)
[M::mem_pestat] skip orientation FF
[M::mem_pestat] skip orientation RF
[M::mem_pestat] skip orientation RR
[M::process] read 1464788 sequences (200000269 bp)...
[M::mem_process_seqs] Processed 1464472 reads in 459.553 CPU sec, 49.909 real sec
[M::mem_pestat] # candidate unique pairs for (FF, FR, RF, RR): (237, 554864, 132, 94)
[M::mem_pestat] analyzing insert size distribution for orientation FF...
[M::mem_pestat] (25, 50, 75) percentile: (264, 386, 657)
[M::mem_pestat] low and high boundaries for computing mean and std.dev: (1, 1443)
[M::mem_pestat] mean and std.dev: (438.60, 263.30)
[M::mem_pestat] low and high boundaries for proper pairs: (1, 1836)
[M::mem_pestat] analyzing insert size distribution for orientation FR...
[M::mem_pestat] (25, 50, 75) percentile: (281, 368, 473)
[M::mem_pestat] low and high boundaries for computing mean and std.dev: (1, 857)
[M::mem_pestat] mean and std.dev: (383.94, 143.38)
[M::mem_pestat] low and high boundaries for proper pairs: (1, 1049)
[M::mem_pestat] analyzing insert size distribution for orientation RF...
[M::mem_pestat] (25, 50, 75) percentile: (58, 383, 1934)
[M::mem_pestat] low and high boundaries for computing mean and std.dev: (1, 5686)
[M::mem_pestat] mean and std.dev: (916.12, 1300.27)
[M::mem_pestat] low and high boundaries for proper pairs: (1, 7562)
[M::mem_pestat] analyzing insert size distribution for orientation RR...
[M::mem_pestat] (25, 50, 75) percentile: (200, 376, 850)
[M::mem_pestat] low and high boundaries for computing mean and std.dev: (1, 2150)
[M::mem_pestat] mean and std.dev: (466.29, 402.64)
[M::mem_pestat] low and high boundaries for proper pairs: (1, 2800)
[M::mem_pestat] skip orientation FF
[M::mem_pestat] skip orientation RF
[M::mem_pestat] skip orientation RR
[M::process] read 1469904 sequences (200000264 bp)...
[M::mem_process_seqs] Processed 1464788 reads in 460.733 CPU sec, 50.151 real sec
[M::mem_pestat] # candidate unique pairs for (FF, FR, RF, RR): (231, 555040, 154, 113)
[M::mem_pestat] analyzing insert size distribution for orientation FF...
[M::mem_pestat] (25, 50, 75) percentile: (291, 400, 586)
[M::mem_pestat] low and high boundaries for computing mean and std.dev: (1, 1176)
[M::mem_pestat] mean and std.dev: (435.30, 226.40)
[M::mem_pestat] low and high boundaries for proper pairs: (1, 1471)
[M::mem_pestat] analyzing insert size distribution for orientation FR...
[M::mem_pestat] (25, 50, 75) percentile: (277, 363, 464)
[M::mem_pestat] low and high boundaries for computing mean and std.dev: (1, 838)
[M::mem_pestat] mean and std.dev: (377.57, 139.29)
[M::mem_pestat] low and high boundaries for proper pairs: (1, 1025)
[M::mem_pestat] analyzing insert size distribution for orientation RF...
[M::mem_pestat] (25, 50, 75) percentile: (170, 734, 3836)
[M::mem_pestat] low and high boundaries for computing mean and std.dev: (1, 11168)
[M::mem_pestat] mean and std.dev: (2192.21, 2640.00)
[M::mem_pestat] low and high boundaries for proper pairs: (1, 14834)
[M::mem_pestat] analyzing insert size distribution for orientation RR...
[M::mem_pestat] (25, 50, 75) percentile: (176, 333, 809)
[M::mem_pestat] low and high boundaries for computing mean and std.dev: (1, 2075)
[M::mem_pestat] mean and std.dev: (483.19, 431.04)
[M::mem_pestat] low and high boundaries for proper pairs: (1, 2708)
[M::mem_pestat] skip orientation FF
[M::mem_pestat] skip orientation RF
[M::mem_pestat] skip orientation RR
[M::mem_process_seqs] Processed 1469904 reads in 489.056 CPU sec, 80.730 real sec
[M::process] read 1464964 sequences (200000160 bp)...
[M::process] read 1464822 sequences (200000000 bp)...
[M::mem_pestat] # candidate unique pairs for (FF, FR, RF, RR): (225, 556659, 134, 96)
[M::mem_pestat] analyzing insert size distribution for orientation FF...
[M::mem_pestat] (25, 50, 75) percentile: (288, 379, 624)
[M::mem_pestat] low and high boundaries for computing mean and std.dev: (1, 1296)
[M::mem_pestat] mean and std.dev: (432.55, 232.27)
[M::mem_pestat] low and high boundaries for proper pairs: (1, 1632)
[M::mem_pestat] analyzing insert size distribution for orientation FR...
[M::mem_pestat] (25, 50, 75) percentile: (279, 365, 468)
[M::mem_pestat] low and high boundaries for computing mean and std.dev: (1, 846)
[M::mem_pestat] mean and std.dev: (380.55, 141.93)
[M::mem_pestat] low and high boundaries for proper pairs: (1, 1035)
[M::mem_pestat] analyzing insert size distribution for orientation RF...
[M::mem_pestat] (25, 50, 75) percentile: (103, 416, 2924)
[M::mem_pestat] low and high boundaries for computing mean and std.dev: (1, 8566)
[M::mem_pestat] mean and std.dev: (1512.33, 2042.34)
[M::mem_pestat] low and high boundaries for proper pairs: (1, 11387)
[M::mem_pestat] analyzing insert size distribution for orientation RR...
[M::mem_pestat] (25, 50, 75) percentile: (213, 456, 903)
[M::mem_pestat] low and high boundaries for computing mean and std.dev: (1, 2283)
[M::mem_pestat] mean and std.dev: (542.75, 458.88)
[M::mem_pestat] low and high boundaries for proper pairs: (1, 2973)
[M::mem_pestat] skip orientation FF
[M::mem_pestat] skip orientation RF
[M::mem_pestat] skip orientation RR
[M::mem_process_seqs] Processed 1464964 reads in 457.544 CPU sec, 47.794 real sec
[M::mem_pestat] # candidate unique pairs for (FF, FR, RF, RR): (211, 555494, 140, 114)
[M::mem_pestat] analyzing insert size distribution for orientation FF...
[M::mem_pestat] (25, 50, 75) percentile: (262, 388, 612)
[M::mem_pestat] low and high boundaries for computing mean and std.dev: (1, 1312)
[M::mem_pestat] mean and std.dev: (440.43, 249.08)
[M::mem_pestat] low and high boundaries for proper pairs: (1, 1662)
[M::mem_pestat] analyzing insert size distribution for orientation FR...
[M::mem_pestat] (25, 50, 75) percentile: (279, 366, 469)
[M::mem_pestat] low and high boundaries for computing mean and std.dev: (1, 849)
[M::mem_pestat] mean and std.dev: (381.51, 142.16)
[M::mem_pestat] low and high boundaries for proper pairs: (1, 1039)
[M::mem_pestat] analyzing insert size distribution for orientation RF...
[M::mem_pestat] (25, 50, 75) percentile: (75, 388, 3149)
[M::mem_pestat] low and high boundaries for computing mean and std.dev: (1, 9297)
[M::mem_pestat] mean and std.dev: (1731.03, 2396.83)
[M::mem_pestat] low and high boundaries for proper pairs: (1, 12371)
[M::mem_pestat] analyzing insert size distribution for orientation RR...
[M::mem_pestat] (25, 50, 75) percentile: (250, 449, 919)
[M::mem_pestat] low and high boundaries for computing mean and std.dev: (1, 2257)
[M::mem_pestat] mean and std.dev: (526.75, 405.35)
[M::mem_pestat] low and high boundaries for proper pairs: (1, 2926)
[M::mem_pestat] skip orientation FF
[M::mem_pestat] skip orientation RF
[M::mem_pestat] skip orientation RR
[M::process] read 1468954 sequences (200000091 bp)...
[M::mem_process_seqs] Processed 1464822 reads in 458.979 CPU sec, 49.788 real sec
[M::mem_pestat] # candidate unique pairs for (FF, FR, RF, RR): (223, 554879, 142, 110)
[M::mem_pestat] analyzing insert size distribution for orientation FF...
[M::mem_pestat] (25, 50, 75) percentile: (292, 414, 639)
[M::mem_pestat] low and high boundaries for computing mean and std.dev: (1, 1333)
[M::mem_pestat] mean and std.dev: (452.23, 248.22)
[M::mem_pestat] low and high boundaries for proper pairs: (1, 1680)
[M::mem_pestat] analyzing insert size distribution for orientation FR...
[M::mem_pestat] (25, 50, 75) percentile: (279, 365, 468)
[M::mem_pestat] low and high boundaries for computing mean and std.dev: (1, 846)
[M::mem_pestat] mean and std.dev: (380.11, 140.63)
[M::mem_pestat] low and high boundaries for proper pairs: (1, 1035)
[M::mem_pestat] analyzing insert size distribution for orientation RF...
[M::mem_pestat] (25, 50, 75) percentile: (106, 385, 1641)
[M::mem_pestat] low and high boundaries for computing mean and std.dev: (1, 4711)
[M::mem_pestat] mean and std.dev: (792.80, 1125.42)
[M::mem_pestat] low and high boundaries for proper pairs: (1, 6246)
[M::mem_pestat] analyzing insert size distribution for orientation RR...
[M::mem_pestat] (25, 50, 75) percentile: (213, 336, 558)
[M::mem_pestat] low and high boundaries for computing mean and std.dev: (1, 1248)
[M::mem_pestat] mean and std.dev: (380.69, 262.46)
[M::mem_pestat] low and high boundaries for proper pairs: (1, 1593)
[M::mem_pestat] skip orientation FF
[M::mem_pestat] skip orientation RF
[M::mem_pestat] skip orientation RR
[M::process] read 1467804 sequences (200000066 bp)...
[M::mem_process_seqs] Processed 1468954 reads in 462.692 CPU sec, 50.092 real sec
[M::mem_pestat] # candidate unique pairs for (FF, FR, RF, RR): (229, 556519, 143, 127)
[M::mem_pestat] analyzing insert size distribution for orientation FF...
[M::mem_pestat] (25, 50, 75) percentile: (261, 403, 678)
[M::mem_pestat] low and high boundaries for computing mean and std.dev: (1, 1512)
[M::mem_pestat] mean and std.dev: (445.88, 257.16)
[M::mem_pestat] low and high boundaries for proper pairs: (1, 1929)
[M::mem_pestat] analyzing insert size distribution for orientation FR...
[M::mem_pestat] (25, 50, 75) percentile: (283, 372, 479)
[M::mem_pestat] low and high boundaries for computing mean and std.dev: (1, 871)
[M::mem_pestat] mean and std.dev: (388.34, 146.84)
[M::mem_pestat] low and high boundaries for proper pairs: (1, 1067)
[M::mem_pestat] analyzing insert size distribution for orientation RF...
[M::mem_pestat] (25, 50, 75) percentile: (95, 588, 2636)
[M::mem_pestat] low and high boundaries for computing mean and std.dev: (1, 7718)
[M::mem_pestat] mean and std.dev: (1490.61, 1994.27)
[M::mem_pestat] low and high boundaries for proper pairs: (1, 10259)
[M::mem_pestat] analyzing insert size distribution for orientation RR...
[M::mem_pestat] (25, 50, 75) percentile: (188, 367, 641)
[M::mem_pestat] low and high boundaries for computing mean and std.dev: (1, 1547)
[M::mem_pestat] mean and std.dev: (383.54, 284.59)
[M::mem_pestat] low and high boundaries for proper pairs: (1, 2000)
[M::mem_pestat] skip orientation FF
[M::mem_pestat] skip orientation RF
[M::mem_pestat] skip orientation RR
[M::process] read 1465400 sequences (200000173 bp)...
[M::mem_process_seqs] Processed 1467804 reads in 459.691 CPU sec, 49.784 real sec
[M::mem_pestat] # candidate unique pairs for (FF, FR, RF, RR): (238, 555942, 134, 112)
[M::mem_pestat] analyzing insert size distribution for orientation FF...
[M::mem_pestat] (25, 50, 75) percentile: (306, 430, 615)
[M::mem_pestat] low and high boundaries for computing mean and std.dev: (1, 1233)
[M::mem_pestat] mean and std.dev: (462.13, 234.89)
[M::mem_pestat] low and high boundaries for proper pairs: (1, 1542)
[M::mem_pestat] analyzing insert size distribution for orientation FR...
[M::mem_pestat] (25, 50, 75) percentile: (284, 373, 481)
[M::mem_pestat] low and high boundaries for computing mean and std.dev: (1, 875)
[M::mem_pestat] mean and std.dev: (389.93, 148.20)
[M::mem_pestat] low and high boundaries for proper pairs: (1, 1072)
[M::mem_pestat] analyzing insert size distribution for orientation RF...
[M::mem_pestat] (25, 50, 75) percentile: (97, 449, 2723)
[M::mem_pestat] low and high boundaries for computing mean and std.dev: (1, 7975)
[M::mem_pestat] mean and std.dev: (1571.43, 2126.70)
[M::mem_pestat] low and high boundaries for proper pairs: (1, 10601)
[M::mem_pestat] analyzing insert size distribution for orientation RR...
[M::mem_pestat] (25, 50, 75) percentile: (282, 422, 789)
[M::mem_pestat] low and high boundaries for computing mean and std.dev: (1, 1803)
[M::mem_pestat] mean and std.dev: (514.93, 377.11)
[M::mem_pestat] low and high boundaries for proper pairs: (1, 2310)
[M::mem_pestat] skip orientation FF
[M::mem_pestat] skip orientation RF
[M::mem_pestat] skip orientation RR
[M::process] read 1463824 sequences (200000038 bp)...
[M::mem_process_seqs] Processed 1465400 reads in 463.096 CPU sec, 50.138 real sec
[M::mem_pestat] # candidate unique pairs for (FF, FR, RF, RR): (239, 553390, 135, 129)
[M::mem_pestat] analyzing insert size distribution for orientation FF...
[M::mem_pestat] (25, 50, 75) percentile: (299, 439, 702)
[M::mem_pestat] low and high boundaries for computing mean and std.dev: (1, 1508)
[M::mem_pestat] mean and std.dev: (471.17, 255.64)
[M::mem_pestat] low and high boundaries for proper pairs: (1, 1911)
[M::mem_pestat] analyzing insert size distribution for orientation FR...
[M::mem_pestat] (25, 50, 75) percentile: (283, 371, 480)
[M::mem_pestat] low and high boundaries for computing mean and std.dev: (1, 874)
[M::mem_pestat] mean and std.dev: (388.82, 148.07)
[M::mem_pestat] low and high boundaries for proper pairs: (1, 1071)
[M::mem_pestat] analyzing insert size distribution for orientation RF...
[M::mem_pestat] (25, 50, 75) percentile: (57, 324, 1164)
[M::mem_pestat] low and high boundaries for computing mean and std.dev: (1, 3378)
[M::mem_pestat] mean and std.dev: (547.39, 735.64)
[M::mem_pestat] low and high boundaries for proper pairs: (1, 4485)
[M::mem_pestat] analyzing insert size distribution for orientation RR...
[M::mem_pestat] (25, 50, 75) percentile: (214, 373, 717)
[M::mem_pestat] low and high boundaries for computing mean and std.dev: (1, 1723)
[M::mem_pestat] mean and std.dev: (443.02, 319.01)
[M::mem_pestat] low and high boundaries for proper pairs: (1, 2226)
[M::mem_pestat] skip orientation FF
[M::mem_pestat] skip orientation RF
[M::mem_pestat] skip orientation RR
[M::process] read 1465872 sequences (200000124 bp)...
[M::mem_process_seqs] Processed 1463824 reads in 465.057 CPU sec, 50.370 real sec
[M::mem_pestat] # candidate unique pairs for (FF, FR, RF, RR): (234, 555926, 127, 111)
[M::mem_pestat] analyzing insert size distribution for orientation FF...
[M::mem_pestat] (25, 50, 75) percentile: (290, 426, 715)
[M::mem_pestat] low and high boundaries for computing mean and std.dev: (1, 1565)
[M::mem_pestat] mean and std.dev: (472.42, 295.47)
[M::mem_pestat] low and high boundaries for proper pairs: (1, 1990)
[M::mem_pestat] analyzing insert size distribution for orientation FR...
[M::mem_pestat] (25, 50, 75) percentile: (284, 372, 480)
[M::mem_pestat] low and high boundaries for computing mean and std.dev: (1, 872)
[M::mem_pestat] mean and std.dev: (389.23, 147.23)
[M::mem_pestat] low and high boundaries for proper pairs: (1, 1068)
[M::mem_pestat] analyzing insert size distribution for orientation RF...
[M::mem_pestat] (25, 50, 75) percentile: (86, 403, 2892)
[M::mem_pestat] low and high boundaries for computing mean and std.dev: (1, 8504)
[M::mem_pestat] mean and std.dev: (1565.68, 2091.00)
[M::mem_pestat] low and high boundaries for proper pairs: (1, 11310)
[M::mem_pestat] analyzing insert size distribution for orientation RR...
[M::mem_pestat] (25, 50, 75) percentile: (194, 327, 876)
[M::mem_pestat] low and high boundaries for computing mean and std.dev: (1, 2240)
[M::mem_pestat] mean and std.dev: (483.79, 431.43)
[M::mem_pestat] low and high boundaries for proper pairs: (1, 2922)
[M::mem_pestat] skip orientation FF
[M::mem_pestat] skip orientation RF
[M::mem_pestat] skip orientation RR
[M::process] read 1465018 sequences (200000190 bp)...
[M::mem_process_seqs] Processed 1465872 reads in 462.022 CPU sec, 50.019 real sec
[M::mem_pestat] # candidate unique pairs for (FF, FR, RF, RR): (252, 554975, 133, 139)
[M::mem_pestat] analyzing insert size distribution for orientation FF...
[M::mem_pestat] (25, 50, 75) percentile: (282, 435, 653)
[M::mem_pestat] low and high boundaries for computing mean and std.dev: (1, 1395)
[M::mem_pestat] mean and std.dev: (482.53, 285.23)
[M::mem_pestat] low and high boundaries for proper pairs: (1, 1766)
[M::mem_pestat] analyzing insert size distribution for orientation FR...
[M::mem_pestat] (25, 50, 75) percentile: (285, 374, 482)
[M::mem_pestat] low and high boundaries for computing mean and std.dev: (1, 876)
[M::mem_pestat] mean and std.dev: (390.82, 148.22)
[M::mem_pestat] low and high boundaries for proper pairs: (1, 1073)
[M::mem_pestat] analyzing insert size distribution for orientation RF...
[M::mem_pestat] (25, 50, 75) percentile: (145, 568, 3009)
[M::mem_pestat] low and high boundaries for computing mean and std.dev: (1, 8737)
[M::mem_pestat] mean and std.dev: (1790.80, 2374.07)
[M::mem_pestat] low and high boundaries for proper pairs: (1, 11601)
[M::mem_pestat] analyzing insert size distribution for orientation RR...
[M::mem_pestat] (25, 50, 75) percentile: (219, 437, 855)
[M::mem_pestat] low and high boundaries for computing mean and std.dev: (1, 2127)
[M::mem_pestat] mean and std.dev: (520.26, 435.58)
[M::mem_pestat] low and high boundaries for proper pairs: (1, 2763)
[M::mem_pestat] skip orientation FF
[M::mem_pestat] skip orientation RF
[M::mem_pestat] skip orientation RR
[M::process] read 1464352 sequences (200000230 bp)...
[M::mem_process_seqs] Processed 1465018 reads in 463.167 CPU sec, 50.118 real sec
[M::mem_pestat] # candidate unique pairs for (FF, FR, RF, RR): (238, 553017, 127, 91)
[M::mem_pestat] analyzing insert size distribution for orientation FF...
[M::mem_pestat] (25, 50, 75) percentile: (276, 412, 617)
[M::mem_pestat] low and high boundaries for computing mean and std.dev: (1, 1299)
[M::mem_pestat] mean and std.dev: (460.50, 260.93)
[M::mem_pestat] low and high boundaries for proper pairs: (1, 1640)
[M::mem_pestat] analyzing insert size distribution for orientation FR...
[M::mem_pestat] (25, 50, 75) percentile: (283, 372, 480)
[M::mem_pestat] low and high boundaries for computing mean and std.dev: (1, 874)
[M::mem_pestat] mean and std.dev: (389.10, 147.75)
[M::mem_pestat] low and high boundaries for proper pairs: (1, 1071)
[M::mem_pestat] analyzing insert size distribution for orientation RF...
[M::mem_pestat] (25, 50, 75) percentile: (46, 281, 1818)
[M::mem_pestat] low and high boundaries for computing mean and std.dev: (1, 5362)
[M::mem_pestat] mean and std.dev: (845.95, 1314.68)
[M::mem_pestat] low and high boundaries for proper pairs: (1, 7134)
[M::mem_pestat] analyzing insert size distribution for orientation RR...
[M::mem_pestat] (25, 50, 75) percentile: (173, 305, 615)
[M::mem_pestat] low and high boundaries for computing mean and std.dev: (1, 1499)
[M::mem_pestat] mean and std.dev: (357.09, 297.35)
[M::mem_pestat] low and high boundaries for proper pairs: (1, 1941)
[M::mem_pestat] skip orientation FF
[M::mem_pestat] skip orientation RF
[M::mem_pestat] skip orientation RR
[M::mem_process_seqs] Processed 1464352 reads in 487.447 CPU sec, 77.480 real sec
[M::process] read 1467792 sequences (200000177 bp)...
[M::process] read 1467306 sequences (200000143 bp)...
[M::mem_pestat] # candidate unique pairs for (FF, FR, RF, RR): (217, 557419, 143, 86)
[M::mem_pestat] analyzing insert size distribution for orientation FF...
[M::mem_pestat] (25, 50, 75) percentile: (283, 410, 610)
[M::mem_pestat] low and high boundaries for computing mean and std.dev: (1, 1264)
[M::mem_pestat] mean and std.dev: (460.14, 254.08)
[M::mem_pestat] low and high boundaries for proper pairs: (1, 1591)
[M::mem_pestat] analyzing insert size distribution for orientation FR...
[M::mem_pestat] (25, 50, 75) percentile: (282, 369, 474)
[M::mem_pestat] low and high boundaries for computing mean and std.dev: (1, 858)
[M::mem_pestat] mean and std.dev: (384.84, 144.75)
[M::mem_pestat] low and high boundaries for proper pairs: (1, 1050)
[M::mem_pestat] analyzing insert size distribution for orientation RF...
[M::mem_pestat] (25, 50, 75) percentile: (80, 410, 2790)
[M::mem_pestat] low and high boundaries for computing mean and std.dev: (1, 8210)
[M::mem_pestat] mean and std.dev: (1441.45, 1983.05)
[M::mem_pestat] low and high boundaries for proper pairs: (1, 10920)
[M::mem_pestat] analyzing insert size distribution for orientation RR...
[M::mem_pestat] (25, 50, 75) percentile: (225, 450, 665)
[M::mem_pestat] low and high boundaries for computing mean and std.dev: (1, 1545)
[M::mem_pestat] mean and std.dev: (423.29, 246.56)
[M::mem_pestat] low and high boundaries for proper pairs: (1, 1985)
[M::mem_pestat] skip orientation FF
[M::mem_pestat] skip orientation RF
[M::mem_pestat] skip orientation RR
[M::mem_process_seqs] Processed 1467792 reads in 462.109 CPU sec, 48.695 real sec
[M::mem_pestat] # candidate unique pairs for (FF, FR, RF, RR): (210, 556103, 135, 106)
[M::mem_pestat] analyzing insert size distribution for orientation FF...
[M::mem_pestat] (25, 50, 75) percentile: (282, 427, 595)
[M::mem_pestat] low and high boundaries for computing mean and std.dev: (1, 1221)
[M::mem_pestat] mean and std.dev: (445.41, 228.32)
[M::mem_pestat] low and high boundaries for proper pairs: (1, 1534)
[M::mem_pestat] analyzing insert size distribution for orientation FR...
[M::mem_pestat] (25, 50, 75) percentile: (283, 371, 477)
[M::mem_pestat] low and high boundaries for computing mean and std.dev: (1, 865)
[M::mem_pestat] mean and std.dev: (387.22, 146.02)
[M::mem_pestat] low and high boundaries for proper pairs: (1, 1059)
[M::mem_pestat] analyzing insert size distribution for orientation RF...
[M::mem_pestat] (25, 50, 75) percentile: (75, 366, 3267)
[M::mem_pestat] low and high boundaries for computing mean and std.dev: (1, 9651)
[M::mem_pestat] mean and std.dev: (1747.59, 2387.31)
[M::mem_pestat] low and high boundaries for proper pairs: (1, 12843)
[M::mem_pestat] analyzing insert size distribution for orientation RR...
[M::mem_pestat] (25, 50, 75) percentile: (268, 392, 995)
[M::mem_pestat] low and high boundaries for computing mean and std.dev: (1, 2449)
[M::mem_pestat] mean and std.dev: (582.98, 501.71)
[M::mem_pestat] low and high boundaries for proper pairs: (1, 3176)
[M::mem_pestat] skip orientation FF
[M::mem_pestat] skip orientation RF
[M::mem_pestat] skip orientation RR
[M::process] read 1464844 sequences (200000193 bp)...
[M::mem_process_seqs] Processed 1467306 reads in 463.073 CPU sec, 50.164 real sec
[M::mem_pestat] # candidate unique pairs for (FF, FR, RF, RR): (220, 553059, 129, 116)
[M::mem_pestat] analyzing insert size distribution for orientation FF...
[M::mem_pestat] (25, 50, 75) percentile: (280, 439, 742)
[M::mem_pestat] low and high boundaries for computing mean and std.dev: (1, 1666)
[M::mem_pestat] mean and std.dev: (508.74, 318.91)
[M::mem_pestat] low and high boundaries for proper pairs: (1, 2128)
[M::mem_pestat] analyzing insert size distribution for orientation FR...
[M::mem_pestat] (25, 50, 75) percentile: (283, 372, 479)
[M::mem_pestat] low and high boundaries for computing mean and std.dev: (1, 871)
[M::mem_pestat] mean and std.dev: (388.87, 147.31)
[M::mem_pestat] low and high boundaries for proper pairs: (1, 1067)
[M::mem_pestat] analyzing insert size distribution for orientation RF...
[M::mem_pestat] (25, 50, 75) percentile: (139, 420, 2492)
[M::mem_pestat] low and high boundaries for computing mean and std.dev: (1, 7198)
[M::mem_pestat] mean and std.dev: (1328.51, 1833.89)
[M::mem_pestat] low and high boundaries for proper pairs: (1, 9551)
[M::mem_pestat] analyzing insert size distribution for orientation RR...
[M::mem_pestat] (25, 50, 75) percentile: (193, 345, 771)
[M::mem_pestat] low and high boundaries for computing mean and std.dev: (1, 1927)
[M::mem_pestat] mean and std.dev: (442.79, 361.89)
[M::mem_pestat] low and high boundaries for proper pairs: (1, 2505)
[M::mem_pestat] skip orientation FF
[M::mem_pestat] skip orientation RF
[M::mem_pestat] skip orientation RR
[M::process] read 1470464 sequences (200000214 bp)...
[M::mem_process_seqs] Processed 1464844 reads in 466.357 CPU sec, 50.593 real sec
[M::mem_pestat] # candidate unique pairs for (FF, FR, RF, RR): (263, 556940, 134, 100)
[M::mem_pestat] analyzing insert size distribution for orientation FF...
[M::mem_pestat] (25, 50, 75) percentile: (305, 417, 664)
[M::mem_pestat] low and high boundaries for computing mean and std.dev: (1, 1382)
[M::mem_pestat] mean and std.dev: (446.16, 242.76)
[M::mem_pestat] low and high boundaries for proper pairs: (1, 1741)
[M::mem_pestat] analyzing insert size distribution for orientation FR...
[M::mem_pestat] (25, 50, 75) percentile: (281, 368, 473)
[M::mem_pestat] low and high boundaries for computing mean and std.dev: (1, 857)
[M::mem_pestat] mean and std.dev: (383.58, 144.06)
[M::mem_pestat] low and high boundaries for proper pairs: (1, 1049)
[M::mem_pestat] analyzing insert size distribution for orientation RF...
[M::mem_pestat] (25, 50, 75) percentile: (71, 476, 3835)
[M::mem_pestat] low and high boundaries for computing mean and std.dev: (1, 11363)
[M::mem_pestat] mean and std.dev: (2028.48, 2718.71)
[M::mem_pestat] low and high boundaries for proper pairs: (1, 15127)
[M::mem_pestat] analyzing insert size distribution for orientation RR...
[M::mem_pestat] (25, 50, 75) percentile: (219, 317, 583)
[M::mem_pestat] low and high boundaries for computing mean and std.dev: (1, 1311)
[M::mem_pestat] mean and std.dev: (385.43, 267.23)
[M::mem_pestat] low and high boundaries for proper pairs: (1, 1675)
[M::mem_pestat] skip orientation FF
[M::mem_pestat] skip orientation RF
[M::mem_pestat] skip orientation RR
[M::mem_process_seqs] Processed 1470464 reads in 470.762 CPU sec, 91.834 real sec
[M::process] read 1470624 sequences (200000138 bp)...
[M::process] read 1469008 sequences (200000147 bp)...
[M::mem_pestat] # candidate unique pairs for (FF, FR, RF, RR): (222, 556630, 141, 111)
[M::mem_pestat] analyzing insert size distribution for orientation FF...
[M::mem_pestat] (25, 50, 75) percentile: (280, 384, 565)
[M::mem_pestat] low and high boundaries for computing mean and std.dev: (1, 1135)
[M::mem_pestat] mean and std.dev: (408.73, 190.83)
[M::mem_pestat] low and high boundaries for proper pairs: (1, 1420)
[M::mem_pestat] analyzing insert size distribution for orientation FR...
[M::mem_pestat] (25, 50, 75) percentile: (282, 369, 475)
[M::mem_pestat] low and high boundaries for computing mean and std.dev: (1, 861)
[M::mem_pestat] mean and std.dev: (385.66, 144.65)
[M::mem_pestat] low and high boundaries for proper pairs: (1, 1054)
[M::mem_pestat] analyzing insert size distribution for orientation RF...
[M::mem_pestat] (25, 50, 75) percentile: (103, 605, 2847)
[M::mem_pestat] low and high boundaries for computing mean and std.dev: (1, 8335)
[M::mem_pestat] mean and std.dev: (1567.23, 2020.97)
[M::mem_pestat] low and high boundaries for proper pairs: (1, 11079)
[M::mem_pestat] analyzing insert size distribution for orientation RR...
[M::mem_pestat] (25, 50, 75) percentile: (206, 329, 648)
[M::mem_pestat] low and high boundaries for computing mean and std.dev: (1, 1532)
[M::mem_pestat] mean and std.dev: (388.30, 291.05)
[M::mem_pestat] low and high boundaries for proper pairs: (1, 1974)
[M::mem_pestat] skip orientation FF
[M::mem_pestat] skip orientation RF
[M::mem_pestat] skip orientation RR
[M::mem_process_seqs] Processed 1470624 reads in 460.527 CPU sec, 46.898 real sec
[M::mem_pestat] # candidate unique pairs for (FF, FR, RF, RR): (226, 554685, 153, 110)
[M::mem_pestat] analyzing insert size distribution for orientation FF...
[M::mem_pestat] (25, 50, 75) percentile: (268, 435, 662)
[M::mem_pestat] low and high boundaries for computing mean and std.dev: (1, 1450)
[M::mem_pestat] mean and std.dev: (471.02, 273.89)
[M::mem_pestat] low and high boundaries for proper pairs: (1, 1844)
[M::mem_pestat] analyzing insert size distribution for orientation FR...
[M::mem_pestat] (25, 50, 75) percentile: (282, 370, 476)
[M::mem_pestat] low and high boundaries for computing mean and std.dev: (1, 864)
[M::mem_pestat] mean and std.dev: (386.80, 145.33)
[M::mem_pestat] low and high boundaries for proper pairs: (1, 1058)
[M::mem_pestat] analyzing insert size distribution for orientation RF...
[M::mem_pestat] (25, 50, 75) percentile: (70, 382, 2923)
[M::mem_pestat] low and high boundaries for computing mean and std.dev: (1, 8629)
[M::mem_pestat] mean and std.dev: (1402.31, 1964.54)
[M::mem_pestat] low and high boundaries for proper pairs: (1, 11482)
[M::mem_pestat] analyzing insert size distribution for orientation RR...
[M::mem_pestat] (25, 50, 75) percentile: (231, 385, 747)
[M::mem_pestat] low and high boundaries for computing mean and std.dev: (1, 1779)
[M::mem_pestat] mean and std.dev: (484.10, 373.35)
[M::mem_pestat] low and high boundaries for proper pairs: (1, 2295)
[M::mem_pestat] skip orientation FF
[M::mem_pestat] skip orientation RF
[M::mem_pestat] skip orientation RR
[M::process] read 1471962 sequences (200000129 bp)...
[M::mem_process_seqs] Processed 1469008 reads in 464.423 CPU sec, 50.311 real sec
[M::mem_pestat] # candidate unique pairs for (FF, FR, RF, RR): (239, 557623, 126, 125)
[M::mem_pestat] analyzing insert size distribution for orientation FF...
[M::mem_pestat] (25, 50, 75) percentile: (281, 461, 682)
[M::mem_pestat] low and high boundaries for computing mean and std.dev: (1, 1484)
[M::mem_pestat] mean and std.dev: (468.49, 254.65)
[M::mem_pestat] low and high boundaries for proper pairs: (1, 1885)
[M::mem_pestat] analyzing insert size distribution for orientation FR...
[M::mem_pestat] (25, 50, 75) percentile: (280, 367, 472)
[M::mem_pestat] low and high boundaries for computing mean and std.dev: (1, 856)
[M::mem_pestat] mean and std.dev: (383.25, 143.77)
[M::mem_pestat] low and high boundaries for proper pairs: (1, 1048)
[M::mem_pestat] analyzing insert size distribution for orientation RF...
[M::mem_pestat] (25, 50, 75) percentile: (48, 236, 1357)
[M::mem_pestat] low and high boundaries for computing mean and std.dev: (1, 3975)
[M::mem_pestat] mean and std.dev: (586.54, 888.26)
[M::mem_pestat] low and high boundaries for proper pairs: (1, 5284)
[M::mem_pestat] analyzing insert size distribution for orientation RR...
[M::mem_pestat] (25, 50, 75) percentile: (276, 421, 919)
[M::mem_pestat] low and high boundaries for computing mean and std.dev: (1, 2205)
[M::mem_pestat] mean and std.dev: (545.31, 435.13)
[M::mem_pestat] low and high boundaries for proper pairs: (1, 2848)
[M::mem_pestat] skip orientation FF
[M::mem_pestat] skip orientation RF
[M::mem_pestat] skip orientation RR
[M::process] read 1471546 sequences (200000214 bp)...
[M::mem_process_seqs] Processed 1471962 reads in 461.634 CPU sec, 49.962 real sec
[M::mem_pestat] # candidate unique pairs for (FF, FR, RF, RR): (207, 556461, 142, 100)
[M::mem_pestat] analyzing insert size distribution for orientation FF...
[M::mem_pestat] (25, 50, 75) percentile: (309, 461, 673)
[M::mem_pestat] low and high boundaries for computing mean and std.dev: (1, 1401)
[M::mem_pestat] mean and std.dev: (479.92, 241.53)
[M::mem_pestat] low and high boundaries for proper pairs: (1, 1765)
[M::mem_pestat] analyzing insert size distribution for orientation FR...
[M::mem_pestat] (25, 50, 75) percentile: (282, 369, 475)
[M::mem_pestat] low and high boundaries for computing mean and std.dev: (1, 861)
[M::mem_pestat] mean and std.dev: (385.78, 144.80)
[M::mem_pestat] low and high boundaries for proper pairs: (1, 1054)
[M::mem_pestat] analyzing insert size distribution for orientation RF...
[M::mem_pestat] (25, 50, 75) percentile: (85, 445, 1832)
[M::mem_pestat] low and high boundaries for computing mean and std.dev: (1, 5326)
[M::mem_pestat] mean and std.dev: (774.77, 1084.43)
[M::mem_pestat] low and high boundaries for proper pairs: (1, 7073)
[M::mem_pestat] analyzing insert size distribution for orientation RR...
[M::mem_pestat] (25, 50, 75) percentile: (237, 384, 932)
[M::mem_pestat] low and high boundaries for computing mean and std.dev: (1, 2322)
[M::mem_pestat] mean and std.dev: (494.01, 403.00)
[M::mem_pestat] low and high boundaries for proper pairs: (1, 3017)
[M::mem_pestat] skip orientation FF
[M::mem_pestat] skip orientation RF
[M::mem_pestat] skip orientation RR
[M::process] read 1472548 sequences (200000209 bp)...
[M::mem_process_seqs] Processed 1471546 reads in 464.113 CPU sec, 50.306 real sec
[M::mem_pestat] # candidate unique pairs for (FF, FR, RF, RR): (212, 555485, 137, 105)
[M::mem_pestat] analyzing insert size distribution for orientation FF...
[M::mem_pestat] (25, 50, 75) percentile: (276, 424, 634)
[M::mem_pestat] low and high boundaries for computing mean and std.dev: (1, 1350)
[M::mem_pestat] mean and std.dev: (456.93, 239.40)
[M::mem_pestat] low and high boundaries for proper pairs: (1, 1708)
[M::mem_pestat] analyzing insert size distribution for orientation FR...
[M::mem_pestat] (25, 50, 75) percentile: (282, 370, 475)
[M::mem_pestat] low and high boundaries for computing mean and std.dev: (1, 861)
[M::mem_pestat] mean and std.dev: (386.26, 144.69)
[M::mem_pestat] low and high boundaries for proper pairs: (1, 1054)
[M::mem_pestat] analyzing insert size distribution for orientation RF...
[M::mem_pestat] (25, 50, 75) percentile: (67, 369, 2287)
[M::mem_pestat] low and high boundaries for computing mean and std.dev: (1, 6727)
[M::mem_pestat] mean and std.dev: (1194.09, 1768.44)
[M::mem_pestat] low and high boundaries for proper pairs: (1, 8947)
[M::mem_pestat] analyzing insert size distribution for orientation RR...
[M::mem_pestat] (25, 50, 75) percentile: (198, 334, 719)
[M::mem_pestat] low and high boundaries for computing mean and std.dev: (1, 1761)
[M::mem_pestat] mean and std.dev: (478.12, 400.98)
[M::mem_pestat] low and high boundaries for proper pairs: (1, 2282)
[M::mem_pestat] skip orientation FF
[M::mem_pestat] skip orientation RF
[M::mem_pestat] skip orientation RR
[M::process] read 1475398 sequences (200000135 bp)...
[M::mem_process_seqs] Processed 1472548 reads in 467.822 CPU sec, 50.618 real sec
[M::mem_pestat] # candidate unique pairs for (FF, FR, RF, RR): (226, 557135, 135, 109)
[M::mem_pestat] analyzing insert size distribution for orientation FF...
[M::mem_pestat] (25, 50, 75) percentile: (262, 397, 634)
[M::mem_pestat] low and high boundaries for computing mean and std.dev: (1, 1378)
[M::mem_pestat] mean and std.dev: (438.57, 239.61)
[M::mem_pestat] low and high boundaries for proper pairs: (1, 1750)
[M::mem_pestat] analyzing insert size distribution for orientation FR...
[M::mem_pestat] (25, 50, 75) percentile: (279, 365, 469)
[M::mem_pestat] low and high boundaries for computing mean and std.dev: (1, 849)
[M::mem_pestat] mean and std.dev: (380.97, 142.05)
[M::mem_pestat] low and high boundaries for proper pairs: (1, 1039)
[M::mem_pestat] analyzing insert size distribution for orientation RF...
[M::mem_pestat] (25, 50, 75) percentile: (119, 451, 2892)
[M::mem_pestat] low and high boundaries for computing mean and std.dev: (1, 8438)
[M::mem_pestat] mean and std.dev: (1547.64, 2051.36)
[M::mem_pestat] low and high boundaries for proper pairs: (1, 11211)
[M::mem_pestat] analyzing insert size distribution for orientation RR...
[M::mem_pestat] (25, 50, 75) percentile: (228, 391, 771)
[M::mem_pestat] low and high boundaries for computing mean and std.dev: (1, 1857)
[M::mem_pestat] mean and std.dev: (454.77, 325.37)
[M::mem_pestat] low and high boundaries for proper pairs: (1, 2400)
[M::mem_pestat] skip orientation FF
[M::mem_pestat] skip orientation RF
[M::mem_pestat] skip orientation RR
[M::process] read 1471244 sequences (200000278 bp)...
[M::mem_process_seqs] Processed 1475398 reads in 466.407 CPU sec, 50.479 real sec
[M::mem_pestat] # candidate unique pairs for (FF, FR, RF, RR): (240, 556914, 121, 99)
[M::mem_pestat] analyzing insert size distribution for orientation FF...
[M::mem_pestat] (25, 50, 75) percentile: (278, 427, 636)
[M::mem_pestat] low and high boundaries for computing mean and std.dev: (1, 1352)
[M::mem_pestat] mean and std.dev: (462.90, 250.41)
[M::mem_pestat] low and high boundaries for proper pairs: (1, 1710)
[M::mem_pestat] analyzing insert size distribution for orientation FR...
[M::mem_pestat] (25, 50, 75) percentile: (281, 369, 474)
[M::mem_pestat] low and high boundaries for computing mean and std.dev: (1, 860)
[M::mem_pestat] mean and std.dev: (384.87, 144.67)
[M::mem_pestat] low and high boundaries for proper pairs: (1, 1053)
[M::mem_pestat] analyzing insert size distribution for orientation RF...
[M::mem_pestat] (25, 50, 75) percentile: (54, 251, 1479)
[M::mem_pestat] low and high boundaries for computing mean and std.dev: (1, 4329)
[M::mem_pestat] mean and std.dev: (743.59, 1110.93)
[M::mem_pestat] low and high boundaries for proper pairs: (1, 5754)
[M::mem_pestat] analyzing insert size distribution for orientation RR...
[M::mem_pestat] (25, 50, 75) percentile: (199, 301, 506)
[M::mem_pestat] low and high boundaries for computing mean and std.dev: (1, 1120)
[M::mem_pestat] mean and std.dev: (342.91, 223.90)
[M::mem_pestat] low and high boundaries for proper pairs: (1, 1427)
[M::mem_pestat] skip orientation FF
[M::mem_pestat] skip orientation RF
[M::mem_pestat] skip orientation RR
[M::mem_process_seqs] Processed 1471244 reads in 477.524 CPU sec, 78.078 real sec
[M::process] read 1473722 sequences (200000118 bp)...
[M::process] read 500430 sequences (67909199 bp)...
[M::mem_pestat] # candidate unique pairs for (FF, FR, RF, RR): (213, 555944, 163, 107)
[M::mem_pestat] analyzing insert size distribution for orientation FF...
[M::mem_pestat] (25, 50, 75) percentile: (278, 432, 697)
[M::mem_pestat] low and high boundaries for computing mean and std.dev: (1, 1535)
[M::mem_pestat] mean and std.dev: (476.09, 275.57)
[M::mem_pestat] low and high boundaries for proper pairs: (1, 1954)
[M::mem_pestat] analyzing insert size distribution for orientation FR...
[M::mem_pestat] (25, 50, 75) percentile: (281, 368, 473)
[M::mem_pestat] low and high boundaries for computing mean and std.dev: (1, 857)
[M::mem_pestat] mean and std.dev: (383.99, 143.51)
[M::mem_pestat] low and high boundaries for proper pairs: (1, 1049)
[M::mem_pestat] analyzing insert size distribution for orientation RF...
[M::mem_pestat] (25, 50, 75) percentile: (120, 479, 3075)
[M::mem_pestat] low and high boundaries for computing mean and std.dev: (1, 8985)
[M::mem_pestat] mean and std.dev: (1678.57, 2251.03)
[M::mem_pestat] low and high boundaries for proper pairs: (1, 11940)
[M::mem_pestat] analyzing insert size distribution for orientation RR...
[M::mem_pestat] (25, 50, 75) percentile: (194, 364, 589)
[M::mem_pestat] low and high boundaries for computing mean and std.dev: (1, 1379)
[M::mem_pestat] mean and std.dev: (379.53, 275.19)
[M::mem_pestat] low and high boundaries for proper pairs: (1, 1774)
[M::mem_pestat] skip orientation FF
[M::mem_pestat] skip orientation RF
[M::mem_pestat] skip orientation RR
[M::mem_process_seqs] Processed 1473722 reads in 463.775 CPU sec, 48.706 real sec
[M::mem_pestat] # candidate unique pairs for (FF, FR, RF, RR): (65, 188512, 47, 42)
[M::mem_pestat] analyzing insert size distribution for orientation FF...
[M::mem_pestat] (25, 50, 75) percentile: (261, 439, 694)
[M::mem_pestat] low and high boundaries for computing mean and std.dev: (1, 1560)
[M::mem_pestat] mean and std.dev: (459.97, 255.88)
[M::mem_pestat] low and high boundaries for proper pairs: (1, 1993)
[M::mem_pestat] analyzing insert size distribution for orientation FR...
[M::mem_pestat] (25, 50, 75) percentile: (279, 366, 469)
[M::mem_pestat] low and high boundaries for computing mean and std.dev: (1, 849)
[M::mem_pestat] mean and std.dev: (381.32, 141.39)
[M::mem_pestat] low and high boundaries for proper pairs: (1, 1039)
[M::mem_pestat] analyzing insert size distribution for orientation RF...
[M::mem_pestat] (25, 50, 75) percentile: (107, 397, 2225)
[M::mem_pestat] low and high boundaries for computing mean and std.dev: (1, 6461)
[M::mem_pestat] mean and std.dev: (1127.75, 1622.10)
[M::mem_pestat] low and high boundaries for proper pairs: (1, 8579)
[M::mem_pestat] analyzing insert size distribution for orientation RR...
[M::mem_pestat] (25, 50, 75) percentile: (305, 514, 829)
[M::mem_pestat] low and high boundaries for computing mean and std.dev: (1, 1877)
[M::mem_pestat] mean and std.dev: (540.82, 393.55)
[M::mem_pestat] low and high boundaries for proper pairs: (1, 2401)
[M::mem_pestat] skip orientation FF
[M::mem_pestat] skip orientation RF
[M::mem_pestat] skip orientation RR
[M::mem_process_seqs] Processed 500430 reads in 159.065 CPU sec, 17.799 real sec
[main] Version: 0.7.17-r1188
[main] CMD:samblaster: Marked 2613250 of 27384289 (9.54%) read ids as duplicates bwa mem using 475140k memory in  -t1M 204S -R(64.207S) @RG\tID:WT_LL_19T_232\tPL:ILLUMINA\tPU:HJMNCDSX7.1\tSM:WT_LL_19T_232\tCN:MCGILL\tBC:CGCTGTCTCA-NGTGAGTAAT CPU seconds and  /storage/scratch/iee/dj20y461/Stickleback/G_aculeatus/FITNESS//data/ref_A_X/stickleback_v5_assembly_A_X.fasta35M /storage/scratch/iee/dj20y461/Stickleback/G_aculeatus/FITNESS//data/trimmed/WT_LL_19T_232.R1.trimmed.fastq.gz20S /storage/scratch/iee/dj20y461/Stickleback/G_aculeatus/FITNESS//data/trimmed/WT_LL_19T_232.R2.trimmed.fastq.gz(2120S) wall time.

[main] Real time: 2120.250 sec; CPU: 17394.545 sec
[bam_sort_core] merging from 20 files and 20 in-memory blocks...
