samblaster: Version 0.1.24
samblaster: Inputting from stdin
samblaster: Outputting to stdout
[M::bwa_idx_load_from_disk] read 0 ALT contigs
[M::process] read 1447386 sequences (200000023 bp)...
[M::mem_pestat] # candidate unique pairs for (FF, FR, RF, RR): (33, 561739, 122, 25)
[M::mem_pestat] analyzing insert size distribution for orientation FF...
[M::mem_pestat] (25, 50, 75) percentile: (193, 409, 655)
[M::mem_pestat] low and high boundaries for computing mean and std.dev: (1, 1579)
[M::mem_pestat] mean and std.dev: (360.79, 267.79)
[M::mem_pestat] low and high boundaries for proper pairs: (1, 2041)
[M::mem_pestat] analyzing insert size distribution for orientation FR...
[M::mem_pestat] (25, 50, 75) percentile: (200, 267, 343)
[M::mem_pestat] low and high boundaries for computing mean and std.dev: (1, 629)
[M::mem_pestat] mean and std.dev: (278.45, 100.61)
[M::mem_pestat] low and high boundaries for proper pairs: (1, 772)
[M::mem_pestat] analyzing insert size distribution for orientation RF...
[M::mem_pestat] (25, 50, 75) percentile: (32, 213, 1584)
[M::mem_pestat] low and high boundaries for computing mean and std.dev: (1, 4688)
[M::mem_pestat] mean and std.dev: (636.68, 1052.62)
[M::mem_pestat] low and high boundaries for proper pairs: (1, 6240)
[M::mem_pestat] analyzing insert size distribution for orientation RR...
[M::mem_pestat] (25, 50, 75) percentile: (176, 273, 1541)
[M::mem_pestat] low and high boundaries for computing mean and std.dev: (1, 4271)
[M::mem_pestat] mean and std.dev: (514.17, 585.78)
[M::mem_pestat] low and high boundaries for proper pairs: (1, 5636)
[M::mem_pestat] skip orientation FF
[M::mem_pestat] skip orientation RF
[M::mem_pestat] skip orientation RR
[M::mem_process_seqs] Processed 1447386 reads in 448.480 CPU sec, 106.800 real sec
samblaster: Loaded 23 header sequence entries.
[M::process] read 1447312 sequences (200000212 bp)...
[M::process] read 1449700 sequences (200000162 bp)...
[M::mem_pestat] # candidate unique pairs for (FF, FR, RF, RR): (35, 562026, 92, 30)
[M::mem_pestat] analyzing insert size distribution for orientation FF...
[M::mem_pestat] (25, 50, 75) percentile: (205, 266, 444)
[M::mem_pestat] low and high boundaries for computing mean and std.dev: (1, 922)
[M::mem_pestat] mean and std.dev: (274.23, 144.58)
[M::mem_pestat] low and high boundaries for proper pairs: (1, 1161)
[M::mem_pestat] analyzing insert size distribution for orientation FR...
[M::mem_pestat] (25, 50, 75) percentile: (200, 267, 344)
[M::mem_pestat] low and high boundaries for computing mean and std.dev: (1, 632)
[M::mem_pestat] mean and std.dev: (278.82, 100.80)
[M::mem_pestat] low and high boundaries for proper pairs: (1, 776)
[M::mem_pestat] analyzing insert size distribution for orientation RF...
[M::mem_pestat] (25, 50, 75) percentile: (114, 409, 2488)
[M::mem_pestat] low and high boundaries for computing mean and std.dev: (1, 7236)
[M::mem_pestat] mean and std.dev: (1224.31, 1690.95)
[M::mem_pestat] low and high boundaries for proper pairs: (1, 9610)
[M::mem_pestat] analyzing insert size distribution for orientation RR...
[M::mem_pestat] (25, 50, 75) percentile: (109, 183, 340)
[M::mem_pestat] low and high boundaries for computing mean and std.dev: (1, 802)
[M::mem_pestat] mean and std.dev: (202.12, 166.02)
[M::mem_pestat] low and high boundaries for proper pairs: (1, 1033)
[M::mem_pestat] skip orientation FF
[M::mem_pestat] skip orientation RF
[M::mem_pestat] skip orientation RR
[M::mem_process_seqs] Processed 1447312 reads in 420.761 CPU sec, 46.035 real sec
[M::process] read 1449810 sequences (200000224 bp)...
[M::mem_pestat] # candidate unique pairs for (FF, FR, RF, RR): (32, 562688, 116, 33)
[M::mem_pestat] analyzing insert size distribution for orientation FF...
[M::mem_pestat] (25, 50, 75) percentile: (167, 314, 467)
[M::mem_pestat] low and high boundaries for computing mean and std.dev: (1, 1067)
[M::mem_pestat] mean and std.dev: (262.00, 152.78)
[M::mem_pestat] low and high boundaries for proper pairs: (1, 1367)
[M::mem_pestat] analyzing insert size distribution for orientation FR...
[M::mem_pestat] (25, 50, 75) percentile: (199, 266, 342)
[M::mem_pestat] low and high boundaries for computing mean and std.dev: (1, 628)
[M::mem_pestat] mean and std.dev: (277.36, 99.99)
[M::mem_pestat] low and high boundaries for proper pairs: (1, 771)
[M::mem_pestat] analyzing insert size distribution for orientation RF...
[M::mem_pestat] (25, 50, 75) percentile: (84, 268, 2272)
[M::mem_pestat] low and high boundaries for computing mean and std.dev: (1, 6648)
[M::mem_pestat] mean and std.dev: (1021.04, 1496.20)
[M::mem_pestat] low and high boundaries for proper pairs: (1, 8836)
[M::mem_pestat] analyzing insert size distribution for orientation RR...
[M::mem_pestat] (25, 50, 75) percentile: (150, 241, 482)
[M::mem_pestat] low and high boundaries for computing mean and std.dev: (1, 1146)
[M::mem_pestat] mean and std.dev: (264.62, 183.22)
[M::mem_pestat] low and high boundaries for proper pairs: (1, 1478)
[M::mem_pestat] skip orientation FF
[M::mem_pestat] skip orientation RF
[M::mem_pestat] skip orientation RR
[M::mem_process_seqs] Processed 1449700 reads in 421.520 CPU sec, 46.812 real sec
[M::process] read 1449644 sequences (200000159 bp)...
[M::mem_pestat] # candidate unique pairs for (FF, FR, RF, RR): (32, 563080, 111, 35)
[M::mem_pestat] analyzing insert size distribution for orientation FF...
[M::mem_pestat] (25, 50, 75) percentile: (210, 289, 485)
[M::mem_pestat] low and high boundaries for computing mean and std.dev: (1, 1035)
[M::mem_pestat] mean and std.dev: (277.31, 201.15)
[M::mem_pestat] low and high boundaries for proper pairs: (1, 1310)
[M::mem_pestat] analyzing insert size distribution for orientation FR...
[M::mem_pestat] (25, 50, 75) percentile: (199, 266, 342)
[M::mem_pestat] low and high boundaries for computing mean and std.dev: (1, 628)
[M::mem_pestat] mean and std.dev: (277.44, 99.89)
[M::mem_pestat] low and high boundaries for proper pairs: (1, 771)
[M::mem_pestat] analyzing insert size distribution for orientation RF...
[M::mem_pestat] (25, 50, 75) percentile: (41, 208, 1558)
[M::mem_pestat] low and high boundaries for computing mean and std.dev: (1, 4592)
[M::mem_pestat] mean and std.dev: (609.73, 950.13)
[M::mem_pestat] low and high boundaries for proper pairs: (1, 6109)
[M::mem_pestat] analyzing insert size distribution for orientation RR...
[M::mem_pestat] (25, 50, 75) percentile: (140, 241, 716)
[M::mem_pestat] low and high boundaries for computing mean and std.dev: (1, 1868)
[M::mem_pestat] mean and std.dev: (360.06, 395.57)
[M::mem_pestat] low and high boundaries for proper pairs: (1, 2444)
[M::mem_pestat] skip orientation FF
[M::mem_pestat] skip orientation RF
[M::mem_pestat] skip orientation RR
[M::mem_process_seqs] Processed 1449810 reads in 423.887 CPU sec, 48.137 real sec
[M::process] read 1450680 sequences (200000265 bp)...
[M::mem_pestat] # candidate unique pairs for (FF, FR, RF, RR): (35, 563168, 92, 26)
[M::mem_pestat] analyzing insert size distribution for orientation FF...
[M::mem_pestat] (25, 50, 75) percentile: (206, 309, 943)
[M::mem_pestat] low and high boundaries for computing mean and std.dev: (1, 2417)
[M::mem_pestat] mean and std.dev: (384.18, 433.14)
[M::mem_pestat] low and high boundaries for proper pairs: (1, 3154)
[M::mem_pestat] analyzing insert size distribution for orientation FR...
[M::mem_pestat] (25, 50, 75) percentile: (199, 266, 342)
[M::mem_pestat] low and high boundaries for computing mean and std.dev: (1, 628)
[M::mem_pestat] mean and std.dev: (277.60, 100.17)
[M::mem_pestat] low and high boundaries for proper pairs: (1, 771)
[M::mem_pestat] analyzing insert size distribution for orientation RF...
[M::mem_pestat] (25, 50, 75) percentile: (49, 200, 1243)
[M::mem_pestat] low and high boundaries for computing mean and std.dev: (1, 3631)
[M::mem_pestat] mean and std.dev: (617.40, 877.09)
[M::mem_pestat] low and high boundaries for proper pairs: (1, 4825)
[M::mem_pestat] analyzing insert size distribution for orientation RR...
[M::mem_pestat] (25, 50, 75) percentile: (176, 338, 813)
[M::mem_pestat] low and high boundaries for computing mean and std.dev: (1, 2087)
[M::mem_pestat] mean and std.dev: (458.25, 483.75)
[M::mem_pestat] low and high boundaries for proper pairs: (1, 2724)
[M::mem_pestat] skip orientation FF
[M::mem_pestat] skip orientation RF
[M::mem_pestat] skip orientation RR
[M::mem_process_seqs] Processed 1449644 reads in 420.481 CPU sec, 47.150 real sec
[M::mem_pestat] # candidate unique pairs for (FF, FR, RF, RR): (30, 561893, 100, 23)
[M::mem_pestat] analyzing insert size distribution for orientation FF...
[M::mem_pestat] (25, 50, 75) percentile: (148, 234, 356)
[M::mem_pestat] low and high boundaries for computing mean and std.dev: (1, 772)
[M::mem_pestat] mean and std.dev: (231.73, 125.68)
[M::mem_pestat] low and high boundaries for proper pairs: (1, 980)
[M::mem_pestat] analyzing insert size distribution for orientation FR...
[M::mem_pestat] (25, 50, 75) percentile: (199, 265, 341)
[M::mem_pestat] low and high boundaries for computing mean and std.dev: (1, 625)
[M::mem_pestat] mean and std.dev: (276.95, 99.67)
[M::mem_pestat] low and high boundaries for proper pairs: (1, 767)
[M::mem_pestat] analyzing insert size distribution for orientation RF...
[M::mem_pestat] (25, 50, 75) percentile: (43, 238, 1399)
[M::mem_pestat] low and high boundaries for computing mean and std.dev: (1, 4111)
[M::mem_pestat] mean and std.dev: (453.73, 746.60)
[M::mem_pestat] low and high boundaries for proper pairs: (1, 5467)
[M::mem_pestat] analyzing insert size distribution for orientation RR...
[M::mem_pestat] (25, 50, 75) percentile: (114, 134, 323)
[M::mem_pestat] low and high boundaries for computing mean and std.dev: (1, 741)
[M::mem_pestat] mean and std.dev: (180.05, 125.61)
[M::mem_pestat] low and high boundaries for proper pairs: (1, 950)
[M::mem_pestat] skip orientation FF
[M::mem_pestat] skip orientation RF
[M::mem_pestat] skip orientation RR
[M::process] read 1452482 sequences (200000222 bp)...
[M::mem_process_seqs] Processed 1450680 reads in 427.241 CPU sec, 46.764 real sec
[M::mem_pestat] # candidate unique pairs for (FF, FR, RF, RR): (25, 563290, 90, 23)
[M::mem_pestat] analyzing insert size distribution for orientation FF...
[M::mem_pestat] (25, 50, 75) percentile: (229, 321, 685)
[M::mem_pestat] low and high boundaries for computing mean and std.dev: (1, 1597)
[M::mem_pestat] mean and std.dev: (429.96, 397.98)
[M::mem_pestat] low and high boundaries for proper pairs: (1, 2053)
[M::mem_pestat] analyzing insert size distribution for orientation FR...
[M::mem_pestat] (25, 50, 75) percentile: (201, 267, 344)
[M::mem_pestat] low and high boundaries for computing mean and std.dev: (1, 630)
[M::mem_pestat] mean and std.dev: (278.98, 100.69)
[M::mem_pestat] low and high boundaries for proper pairs: (1, 773)
[M::mem_pestat] analyzing insert size distribution for orientation RF...
[M::mem_pestat] (25, 50, 75) percentile: (59, 255, 1804)
[M::mem_pestat] low and high boundaries for computing mean and std.dev: (1, 5294)
[M::mem_pestat] mean and std.dev: (801.89, 1216.02)
[M::mem_pestat] low and high boundaries for proper pairs: (1, 7039)
[M::mem_pestat] analyzing insert size distribution for orientation RR...
[M::mem_pestat] (25, 50, 75) percentile: (160, 205, 725)
[M::mem_pestat] low and high boundaries for computing mean and std.dev: (1, 1855)
[M::mem_pestat] mean and std.dev: (343.75, 395.27)
[M::mem_pestat] low and high boundaries for proper pairs: (1, 2420)
[M::mem_pestat] skip orientation FF
[M::mem_pestat] skip orientation RF
[M::mem_pestat] skip orientation RR
[M::process] read 1451684 sequences (200000059 bp)...
[M::mem_process_seqs] Processed 1452482 reads in 424.667 CPU sec, 46.756 real sec
[M::process] read 1453374 sequences (200000129 bp)...
[M::mem_pestat] # candidate unique pairs for (FF, FR, RF, RR): (36, 561933, 94, 31)
[M::mem_pestat] analyzing insert size distribution for orientation FF...
[M::mem_pestat] (25, 50, 75) percentile: (241, 487, 1019)
[M::mem_pestat] low and high boundaries for computing mean and std.dev: (1, 2575)
[M::mem_pestat] mean and std.dev: (482.00, 433.56)
[M::mem_pestat] low and high boundaries for proper pairs: (1, 3353)
[M::mem_pestat] analyzing insert size distribution for orientation FR...
[M::mem_pestat] (25, 50, 75) percentile: (201, 268, 345)
[M::mem_pestat] low and high boundaries for computing mean and std.dev: (1, 633)
[M::mem_pestat] mean and std.dev: (280.02, 101.34)
[M::mem_pestat] low and high boundaries for proper pairs: (1, 777)
[M::mem_pestat] analyzing insert size distribution for orientation RF...
[M::mem_pestat] (25, 50, 75) percentile: (68, 257, 1482)
[M::mem_pestat] low and high boundaries for computing mean and std.dev: (1, 4310)
[M::mem_pestat] mean and std.dev: (700.09, 1030.36)
[M::mem_pestat] low and high boundaries for proper pairs: (1, 5724)
[M::mem_pestat] analyzing insert size distribution for orientation RR...
[M::mem_pestat] (25, 50, 75) percentile: (99, 188, 576)
[M::mem_pestat] low and high boundaries for computing mean and std.dev: (1, 1530)
[M::mem_pestat] mean and std.dev: (238.27, 237.05)
[M::mem_pestat] low and high boundaries for proper pairs: (1, 2007)
[M::mem_pestat] skip orientation FF
[M::mem_pestat] skip orientation RF
[M::mem_pestat] skip orientation RR
[M::mem_process_seqs] Processed 1451684 reads in 423.914 CPU sec, 47.057 real sec
[M::mem_pestat] # candidate unique pairs for (FF, FR, RF, RR): (28, 562387, 83, 29)
[M::mem_pestat] analyzing insert size distribution for orientation FF...
[M::mem_pestat] (25, 50, 75) percentile: (287, 480, 1567)
[M::mem_pestat] low and high boundaries for computing mean and std.dev: (1, 4127)
[M::mem_pestat] mean and std.dev: (830.81, 927.58)
[M::mem_pestat] low and high boundaries for proper pairs: (1, 5407)
[M::mem_pestat] analyzing insert size distribution for orientation FR...
[M::mem_pestat] (25, 50, 75) percentile: (201, 268, 344)
[M::mem_pestat] low and high boundaries for computing mean and std.dev: (1, 630)
[M::mem_pestat] mean and std.dev: (279.02, 100.69)
[M::mem_pestat] low and high boundaries for proper pairs: (1, 773)
[M::mem_pestat] analyzing insert size distribution for orientation RF...
[M::mem_pestat] (25, 50, 75) percentile: (55, 220, 700)
[M::mem_pestat] low and high boundaries for computing mean and std.dev: (1, 1990)
[M::mem_pestat] mean and std.dev: (284.42, 362.69)
[M::mem_pestat] low and high boundaries for proper pairs: (1, 2635)
[M::mem_pestat] analyzing insert size distribution for orientation RR...
[M::mem_pestat] (25, 50, 75) percentile: (150, 228, 329)
[M::mem_pestat] low and high boundaries for computing mean and std.dev: (1, 687)
[M::mem_pestat] mean and std.dev: (220.19, 108.12)
[M::mem_pestat] low and high boundaries for proper pairs: (1, 866)
[M::mem_pestat] skip orientation FF
[M::mem_pestat] skip orientation RF
[M::mem_pestat] skip orientation RR
[M::process] read 1454896 sequences (200000223 bp)...
[M::mem_process_seqs] Processed 1453374 reads in 428.484 CPU sec, 46.978 real sec
[M::mem_pestat] # candidate unique pairs for (FF, FR, RF, RR): (26, 563774, 130, 30)
[M::mem_pestat] analyzing insert size distribution for orientation FF...
[M::mem_pestat] (25, 50, 75) percentile: (140, 369, 711)
[M::mem_pestat] low and high boundaries for computing mean and std.dev: (1, 1853)
[M::mem_pestat] mean and std.dev: (483.65, 409.11)
[M::mem_pestat] low and high boundaries for proper pairs: (1, 2424)
[M::mem_pestat] analyzing insert size distribution for orientation FR...
[M::mem_pestat] (25, 50, 75) percentile: (200, 267, 343)
[M::mem_pestat] low and high boundaries for computing mean and std.dev: (1, 629)
[M::mem_pestat] mean and std.dev: (278.39, 100.31)
[M::mem_pestat] low and high boundaries for proper pairs: (1, 772)
[M::mem_pestat] analyzing insert size distribution for orientation RF...
[M::mem_pestat] (25, 50, 75) percentile: (48, 188, 1946)
[M::mem_pestat] low and high boundaries for computing mean and std.dev: (1, 5742)
[M::mem_pestat] mean and std.dev: (921.12, 1447.38)
[M::mem_pestat] low and high boundaries for proper pairs: (1, 7640)
[M::mem_pestat] analyzing insert size distribution for orientation RR...
[M::mem_pestat] (25, 50, 75) percentile: (254, 414, 3420)
[M::mem_pestat] low and high boundaries for computing mean and std.dev: (1, 9752)
[M::mem_pestat] mean and std.dev: (1482.03, 2066.85)
[M::mem_pestat] low and high boundaries for proper pairs: (1, 12918)
[M::mem_pestat] skip orientation FF
[M::mem_pestat] skip orientation RF
[M::mem_pestat] skip orientation RR
[M::process] read 1455042 sequences (200000027 bp)...
[M::mem_process_seqs] Processed 1454896 reads in 424.218 CPU sec, 46.577 real sec
[M::mem_pestat] # candidate unique pairs for (FF, FR, RF, RR): (39, 562981, 110, 25)
[M::mem_pestat] analyzing insert size distribution for orientation FF...
[M::mem_pestat] (25, 50, 75) percentile: (175, 352, 724)
[M::mem_pestat] low and high boundaries for computing mean and std.dev: (1, 1822)
[M::mem_pestat] mean and std.dev: (458.56, 406.21)
[M::mem_pestat] low and high boundaries for proper pairs: (1, 2371)
[M::mem_pestat] analyzing insert size distribution for orientation FR...
[M::mem_pestat] (25, 50, 75) percentile: (200, 267, 343)
[M::mem_pestat] low and high boundaries for computing mean and std.dev: (1, 629)
[M::mem_pestat] mean and std.dev: (278.49, 100.39)
[M::mem_pestat] low and high boundaries for proper pairs: (1, 772)
[M::mem_pestat] analyzing insert size distribution for orientation RF...
[M::mem_pestat] (25, 50, 75) percentile: (61, 260, 1968)
[M::mem_pestat] low and high boundaries for computing mean and std.dev: (1, 5782)
[M::mem_pestat] mean and std.dev: (961.70, 1479.50)
[M::mem_pestat] low and high boundaries for proper pairs: (1, 7689)
[M::mem_pestat] analyzing insert size distribution for orientation RR...
[M::mem_pestat] (25, 50, 75) percentile: (119, 367, 2252)
[M::mem_pestat] low and high boundaries for computing mean and std.dev: (1, 6518)
[M::mem_pestat] mean and std.dev: (1236.60, 1517.64)
[M::mem_pestat] low and high boundaries for proper pairs: (1, 8651)
[M::mem_pestat] skip orientation FF
[M::mem_pestat] skip orientation RF
[M::mem_pestat] skip orientation RR
[M::mem_process_seqs] Processed 1455042 reads in 431.323 CPU sec, 59.701 real sec
[M::process] read 1456078 sequences (200000106 bp)...
[M::process] read 243924 sequences (33539279 bp)...
[M::mem_pestat] # candidate unique pairs for (FF, FR, RF, RR): (37, 563140, 107, 43)
[M::mem_pestat] analyzing insert size distribution for orientation FF...
[M::mem_pestat] (25, 50, 75) percentile: (151, 297, 611)
[M::mem_pestat] low and high boundaries for computing mean and std.dev: (1, 1531)
[M::mem_pestat] mean and std.dev: (382.69, 346.08)
[M::mem_pestat] low and high boundaries for proper pairs: (1, 1991)
[M::mem_pestat] analyzing insert size distribution for orientation FR...
[M::mem_pestat] (25, 50, 75) percentile: (200, 266, 342)
[M::mem_pestat] low and high boundaries for computing mean and std.dev: (1, 626)
[M::mem_pestat] mean and std.dev: (277.83, 100.00)
[M::mem_pestat] low and high boundaries for proper pairs: (1, 768)
[M::mem_pestat] analyzing insert size distribution for orientation RF...
[M::mem_pestat] (25, 50, 75) percentile: (75, 224, 778)
[M::mem_pestat] low and high boundaries for computing mean and std.dev: (1, 2184)
[M::mem_pestat] mean and std.dev: (320.36, 411.05)
[M::mem_pestat] low and high boundaries for proper pairs: (1, 2887)
[M::mem_pestat] analyzing insert size distribution for orientation RR...
[M::mem_pestat] (25, 50, 75) percentile: (172, 320, 677)
[M::mem_pestat] low and high boundaries for computing mean and std.dev: (1, 1687)
[M::mem_pestat] mean and std.dev: (437.92, 404.15)
[M::mem_pestat] low and high boundaries for proper pairs: (1, 2192)
[M::mem_pestat] skip orientation FF
[M::mem_pestat] skip orientation RF
[M::mem_pestat] skip orientation RR
[M::mem_process_seqs] Processed 1456078 reads in 419.612 CPU sec, 43.379 real sec
[M::mem_pestat] # candidate unique pairs for (FF, FR, RF, RR): (3, 94095, 18, 5)
[M::mem_pestat] skip orientation FF as there are not enough pairs
[M::mem_pestat] analyzing insert size distribution for orientation FR...
[M::mem_pestat] (25, 50, 75) percentile: (200, 267, 343)
[M::mem_pestat] low and high boundaries for computing mean and std.dev: (1, 629)
[M::mem_pestat] mean and std.dev: (278.53, 101.07)
[M::mem_pestat] low and high boundaries for proper pairs: (1, 772)
[M::mem_pestat] analyzing insert size distribution for orientation RF...
[M::mem_pestat] (25, 50, 75) percentile: (127, 253, 2795)
[M::mem_pestat] low and high boundaries for computing mean and std.dev: (1, 8131)
[M::mem_pestat] mean and std.dev: (1429.50, 2127.15)
[M::mem_pestat] low and high boundaries for proper pairs: (1, 10799)
[M::mem_pestat] skip orientation RR as there are not enough pairs
[M::mem_pestat] skip orientation RF
[M::mem_process_seqs] Processed 243924 reads in 72.532 CPU sec, 7.948 real sec
[main] Version: 0.7.17-r1188
samblaster: Marked 889212 of 8831006 (10.07%) read ids as duplicates[main] CMD: using 203024k memory in  bwa20.431S mem CPU seconds and  -t10M 2055S -R(655S) @RG\tID:WB_GL_19T_223\tPL:ILLUMINA\tPU:HJMNCDSX7.1\tSM:WB_GL_19T_223\tCN:MCGILL\tBC:ACTAGCGCTA-NAGGAAGTAA wall time.
 /storage/scratch/iee/dj20y461/Stickleback/G_aculeatus/FITNESS//data/ref_A_X/stickleback_v5_assembly_A_X.fasta /storage/scratch/iee/dj20y461/Stickleback/G_aculeatus/FITNESS//data/trimmed/WB_GL_19T_223.R1.trimmed.fastq.gz /storage/scratch/iee/dj20y461/Stickleback/G_aculeatus/FITNESS//data/trimmed/WB_GL_19T_223.R2.trimmed.fastq.gz
[main] Real time: 655.519 sec; CPU: 5198.770 sec
[bam_sort_core] merging from 0 files and 20 in-memory blocks...
