samblaster: Version 0.1.24
samblaster: Inputting from stdin
samblaster: Outputting to stdout
[M::bwa_idx_load_from_disk] read 0 ALT contigs
[M::process] read 1463206 sequences (200000197 bp)...
[M::mem_pestat] # candidate unique pairs for (FF, FR, RF, RR): (234, 560221, 144, 116)
[M::mem_pestat] analyzing insert size distribution for orientation FF...
[M::mem_pestat] (25, 50, 75) percentile: (329, 494, 776)
[M::mem_pestat] low and high boundaries for computing mean and std.dev: (1, 1670)
[M::mem_pestat] mean and std.dev: (538.45, 329.19)
[M::mem_pestat] low and high boundaries for proper pairs: (1, 2117)
[M::mem_pestat] analyzing insert size distribution for orientation FR...
[M::mem_pestat] (25, 50, 75) percentile: (275, 364, 467)
[M::mem_pestat] low and high boundaries for computing mean and std.dev: (1, 851)
[M::mem_pestat] mean and std.dev: (378.37, 143.02)
[M::mem_pestat] low and high boundaries for proper pairs: (1, 1043)
[M::mem_pestat] analyzing insert size distribution for orientation RF...
[M::mem_pestat] (25, 50, 75) percentile: (101, 457, 2885)
[M::mem_pestat] low and high boundaries for computing mean and std.dev: (1, 8453)
[M::mem_pestat] mean and std.dev: (1484.54, 2037.74)
[M::mem_pestat] low and high boundaries for proper pairs: (1, 11237)
[M::mem_pestat] analyzing insert size distribution for orientation RR...
[M::mem_pestat] (25, 50, 75) percentile: (268, 520, 953)
[M::mem_pestat] low and high boundaries for computing mean and std.dev: (1, 2323)
[M::mem_pestat] mean and std.dev: (587.25, 491.02)
[M::mem_pestat] low and high boundaries for proper pairs: (1, 3008)
[M::mem_pestat] skip orientation FF
[M::mem_pestat] skip orientation RF
[M::mem_pestat] skip orientation RR
[M::mem_process_seqs] Processed 1463206 reads in 476.813 CPU sec, 115.058 real sec
samblaster: Loaded 23 header sequence entries.
[M::process] read 1461280 sequences (200000164 bp)...
[M::process] read 1464604 sequences (200000101 bp)...
[M::mem_pestat] # candidate unique pairs for (FF, FR, RF, RR): (214, 558835, 121, 103)
[M::mem_pestat] analyzing insert size distribution for orientation FF...
[M::mem_pestat] (25, 50, 75) percentile: (330, 501, 940)
[M::mem_pestat] low and high boundaries for computing mean and std.dev: (1, 2160)
[M::mem_pestat] mean and std.dev: (618.98, 462.07)
[M::mem_pestat] low and high boundaries for proper pairs: (1, 2770)
[M::mem_pestat] analyzing insert size distribution for orientation FR...
[M::mem_pestat] (25, 50, 75) percentile: (279, 369, 473)
[M::mem_pestat] low and high boundaries for computing mean and std.dev: (1, 861)
[M::mem_pestat] mean and std.dev: (383.32, 144.41)
[M::mem_pestat] low and high boundaries for proper pairs: (1, 1055)
[M::mem_pestat] analyzing insert size distribution for orientation RF...
[M::mem_pestat] (25, 50, 75) percentile: (81, 448, 3291)
[M::mem_pestat] low and high boundaries for computing mean and std.dev: (1, 9711)
[M::mem_pestat] mean and std.dev: (1715.50, 2239.93)
[M::mem_pestat] low and high boundaries for proper pairs: (1, 12921)
[M::mem_pestat] analyzing insert size distribution for orientation RR...
[M::mem_pestat] (25, 50, 75) percentile: (282, 486, 1064)
[M::mem_pestat] low and high boundaries for computing mean and std.dev: (1, 2628)
[M::mem_pestat] mean and std.dev: (640.67, 542.26)
[M::mem_pestat] low and high boundaries for proper pairs: (1, 3410)
[M::mem_pestat] skip orientation FF
[M::mem_pestat] skip orientation RF
[M::mem_pestat] skip orientation RR
[M::mem_process_seqs] Processed 1461280 reads in 449.285 CPU sec, 49.352 real sec
[M::mem_pestat] # candidate unique pairs for (FF, FR, RF, RR): (231, 557983, 121, 95)
[M::mem_pestat] analyzing insert size distribution for orientation FF...
[M::mem_pestat] (25, 50, 75) percentile: (319, 492, 822)
[M::mem_pestat] low and high boundaries for computing mean and std.dev: (1, 1828)
[M::mem_pestat] mean and std.dev: (541.78, 337.56)
[M::mem_pestat] low and high boundaries for proper pairs: (1, 2331)
[M::mem_pestat] analyzing insert size distribution for orientation FR...
[M::mem_pestat] (25, 50, 75) percentile: (278, 368, 469)
[M::mem_pestat] low and high boundaries for computing mean and std.dev: (1, 851)
[M::mem_pestat] mean and std.dev: (380.30, 141.15)
[M::mem_pestat] low and high boundaries for proper pairs: (1, 1042)
[M::mem_pestat] analyzing insert size distribution for orientation RF...
[M::mem_pestat] (25, 50, 75) percentile: (79, 378, 1196)
[M::mem_pestat] low and high boundaries for computing mean and std.dev: (1, 3430)
[M::mem_pestat] mean and std.dev: (580.05, 793.34)
[M::mem_pestat] low and high boundaries for proper pairs: (1, 4547)
[M::mem_pestat] analyzing insert size distribution for orientation RR...
[M::mem_pestat] (25, 50, 75) percentile: (304, 530, 1009)
[M::mem_pestat] low and high boundaries for computing mean and std.dev: (1, 2419)
[M::mem_pestat] mean and std.dev: (598.32, 458.32)
[M::mem_pestat] low and high boundaries for proper pairs: (1, 3124)
[M::mem_pestat] skip orientation FF
[M::mem_pestat] skip orientation RF
[M::mem_pestat] skip orientation RR
[M::process] read 1466944 sequences (200000066 bp)...
[M::mem_process_seqs] Processed 1464604 reads in 451.004 CPU sec, 50.530 real sec
[M::mem_pestat] # candidate unique pairs for (FF, FR, RF, RR): (203, 558394, 141, 119)
[M::mem_pestat] analyzing insert size distribution for orientation FF...
[M::mem_pestat] (25, 50, 75) percentile: (317, 493, 700)
[M::mem_pestat] low and high boundaries for computing mean and std.dev: (1, 1466)
[M::mem_pestat] mean and std.dev: (508.67, 280.94)
[M::mem_pestat] low and high boundaries for proper pairs: (1, 1849)
[M::mem_pestat] analyzing insert size distribution for orientation FR...
[M::mem_pestat] (25, 50, 75) percentile: (275, 363, 463)
[M::mem_pestat] low and high boundaries for computing mean and std.dev: (1, 839)
[M::mem_pestat] mean and std.dev: (375.90, 138.98)
[M::mem_pestat] low and high boundaries for proper pairs: (1, 1027)
[M::mem_pestat] analyzing insert size distribution for orientation RF...
[M::mem_pestat] (25, 50, 75) percentile: (91, 400, 3026)
[M::mem_pestat] low and high boundaries for computing mean and std.dev: (1, 8896)
[M::mem_pestat] mean and std.dev: (1576.50, 2137.17)
[M::mem_pestat] low and high boundaries for proper pairs: (1, 11831)
[M::mem_pestat] analyzing insert size distribution for orientation RR...
[M::mem_pestat] (25, 50, 75) percentile: (301, 496, 873)
[M::mem_pestat] low and high boundaries for computing mean and std.dev: (1, 2017)
[M::mem_pestat] mean and std.dev: (559.18, 398.57)
[M::mem_pestat] low and high boundaries for proper pairs: (1, 2589)
[M::mem_pestat] skip orientation FF
[M::mem_pestat] skip orientation RF
[M::mem_pestat] skip orientation RR
[M::process] read 1462230 sequences (200000150 bp)...
[M::mem_process_seqs] Processed 1466944 reads in 452.200 CPU sec, 50.397 real sec
[M::mem_pestat] # candidate unique pairs for (FF, FR, RF, RR): (209, 558412, 144, 94)
[M::mem_pestat] analyzing insert size distribution for orientation FF...
[M::mem_pestat] (25, 50, 75) percentile: (351, 512, 866)
[M::mem_pestat] low and high boundaries for computing mean and std.dev: (1, 1896)
[M::mem_pestat] mean and std.dev: (575.81, 364.51)
[M::mem_pestat] low and high boundaries for proper pairs: (1, 2411)
[M::mem_pestat] analyzing insert size distribution for orientation FR...
[M::mem_pestat] (25, 50, 75) percentile: (279, 369, 474)
[M::mem_pestat] low and high boundaries for computing mean and std.dev: (1, 864)
[M::mem_pestat] mean and std.dev: (383.82, 144.75)
[M::mem_pestat] low and high boundaries for proper pairs: (1, 1059)
[M::mem_pestat] analyzing insert size distribution for orientation RF...
[M::mem_pestat] (25, 50, 75) percentile: (86, 557, 3554)
[M::mem_pestat] low and high boundaries for computing mean and std.dev: (1, 10490)
[M::mem_pestat] mean and std.dev: (1986.22, 2533.34)
[M::mem_pestat] low and high boundaries for proper pairs: (1, 13958)
[M::mem_pestat] analyzing insert size distribution for orientation RR...
[M::mem_pestat] (25, 50, 75) percentile: (290, 525, 1045)
[M::mem_pestat] low and high boundaries for computing mean and std.dev: (1, 2555)
[M::mem_pestat] mean and std.dev: (667.12, 529.71)
[M::mem_pestat] low and high boundaries for proper pairs: (1, 3310)
[M::mem_pestat] skip orientation FF
[M::mem_pestat] skip orientation RF
[M::mem_pestat] skip orientation RR
[M::process] read 1465890 sequences (200000170 bp)...
[M::mem_process_seqs] Processed 1462230 reads in 450.638 CPU sec, 49.189 real sec
[M::mem_pestat] # candidate unique pairs for (FF, FR, RF, RR): (200, 558230, 136, 103)
[M::mem_pestat] analyzing insert size distribution for orientation FF...
[M::mem_pestat] (25, 50, 75) percentile: (323, 496, 818)
[M::mem_pestat] low and high boundaries for computing mean and std.dev: (1, 1808)
[M::mem_pestat] mean and std.dev: (549.86, 340.10)
[M::mem_pestat] low and high boundaries for proper pairs: (1, 2303)
[M::mem_pestat] analyzing insert size distribution for orientation FR...
[M::mem_pestat] (25, 50, 75) percentile: (279, 369, 472)
[M::mem_pestat] low and high boundaries for computing mean and std.dev: (1, 858)
[M::mem_pestat] mean and std.dev: (382.38, 142.75)
[M::mem_pestat] low and high boundaries for proper pairs: (1, 1051)
[M::mem_pestat] analyzing insert size distribution for orientation RF...
[M::mem_pestat] (25, 50, 75) percentile: (84, 830, 3885)
[M::mem_pestat] low and high boundaries for computing mean and std.dev: (1, 11487)
[M::mem_pestat] mean and std.dev: (2060.00, 2561.62)
[M::mem_pestat] low and high boundaries for proper pairs: (1, 15288)
[M::mem_pestat] analyzing insert size distribution for orientation RR...
[M::mem_pestat] (25, 50, 75) percentile: (230, 461, 841)
[M::mem_pestat] low and high boundaries for computing mean and std.dev: (1, 2063)
[M::mem_pestat] mean and std.dev: (516.97, 370.28)
[M::mem_pestat] low and high boundaries for proper pairs: (1, 2674)
[M::mem_pestat] skip orientation FF
[M::mem_pestat] skip orientation RF
[M::mem_pestat] skip orientation RR
[M::mem_process_seqs] Processed 1465890 reads in 463.794 CPU sec, 70.999 real sec
[M::process] read 1474210 sequences (200000079 bp)...
[M::process] read 1458502 sequences (200000027 bp)...
[M::mem_pestat] # candidate unique pairs for (FF, FR, RF, RR): (220, 557693, 135, 120)
[M::mem_pestat] analyzing insert size distribution for orientation FF...
[M::mem_pestat] (25, 50, 75) percentile: (299, 460, 702)
[M::mem_pestat] low and high boundaries for computing mean and std.dev: (1, 1508)
[M::mem_pestat] mean and std.dev: (509.81, 300.72)
[M::mem_pestat] low and high boundaries for proper pairs: (1, 1911)
[M::mem_pestat] analyzing insert size distribution for orientation FR...
[M::mem_pestat] (25, 50, 75) percentile: (275, 362, 459)
[M::mem_pestat] low and high boundaries for computing mean and std.dev: (1, 827)
[M::mem_pestat] mean and std.dev: (372.97, 135.50)
[M::mem_pestat] low and high boundaries for proper pairs: (1, 1011)
[M::mem_pestat] analyzing insert size distribution for orientation RF...
[M::mem_pestat] (25, 50, 75) percentile: (81, 461, 3197)
[M::mem_pestat] low and high boundaries for computing mean and std.dev: (1, 9429)
[M::mem_pestat] mean and std.dev: (1598.56, 2227.24)
[M::mem_pestat] low and high boundaries for proper pairs: (1, 12545)
[M::mem_pestat] analyzing insert size distribution for orientation RR...
[M::mem_pestat] (25, 50, 75) percentile: (267, 497, 889)
[M::mem_pestat] low and high boundaries for computing mean and std.dev: (1, 2133)
[M::mem_pestat] mean and std.dev: (574.23, 447.50)
[M::mem_pestat] low and high boundaries for proper pairs: (1, 2755)
[M::mem_pestat] skip orientation FF
[M::mem_pestat] skip orientation RF
[M::mem_pestat] skip orientation RR
[M::mem_process_seqs] Processed 1474210 reads in 454.659 CPU sec, 47.508 real sec
[M::mem_pestat] # candidate unique pairs for (FF, FR, RF, RR): (218, 558410, 120, 97)
[M::mem_pestat] analyzing insert size distribution for orientation FF...
[M::mem_pestat] (25, 50, 75) percentile: (313, 518, 770)
[M::mem_pestat] low and high boundaries for computing mean and std.dev: (1, 1684)
[M::mem_pestat] mean and std.dev: (526.33, 301.97)
[M::mem_pestat] low and high boundaries for proper pairs: (1, 2141)
[M::mem_pestat] analyzing insert size distribution for orientation FR...
[M::mem_pestat] (25, 50, 75) percentile: (279, 370, 476)
[M::mem_pestat] low and high boundaries for computing mean and std.dev: (1, 870)
[M::mem_pestat] mean and std.dev: (385.00, 146.78)
[M::mem_pestat] low and high boundaries for proper pairs: (1, 1067)
[M::mem_pestat] analyzing insert size distribution for orientation RF...
[M::mem_pestat] (25, 50, 75) percentile: (51, 446, 3081)
[M::mem_pestat] low and high boundaries for computing mean and std.dev: (1, 9141)
[M::mem_pestat] mean and std.dev: (1729.34, 2380.75)
[M::mem_pestat] low and high boundaries for proper pairs: (1, 12171)
[M::mem_pestat] analyzing insert size distribution for orientation RR...
[M::mem_pestat] (25, 50, 75) percentile: (274, 560, 1249)
[M::mem_pestat] low and high boundaries for computing mean and std.dev: (1, 3199)
[M::mem_pestat] mean and std.dev: (809.78, 740.88)
[M::mem_pestat] low and high boundaries for proper pairs: (1, 4174)
[M::mem_pestat] skip orientation FF
[M::mem_pestat] skip orientation RF
[M::mem_pestat] skip orientation RR
[M::process] read 1460534 sequences (200000013 bp)...
[M::mem_process_seqs] Processed 1458502 reads in 447.389 CPU sec, 48.484 real sec
[M::mem_pestat] # candidate unique pairs for (FF, FR, RF, RR): (196, 557632, 127, 114)
[M::mem_pestat] analyzing insert size distribution for orientation FF...
[M::mem_pestat] (25, 50, 75) percentile: (318, 482, 767)
[M::mem_pestat] low and high boundaries for computing mean and std.dev: (1, 1665)
[M::mem_pestat] mean and std.dev: (508.55, 263.35)
[M::mem_pestat] low and high boundaries for proper pairs: (1, 2114)
[M::mem_pestat] analyzing insert size distribution for orientation FR...
[M::mem_pestat] (25, 50, 75) percentile: (281, 372, 477)
[M::mem_pestat] low and high boundaries for computing mean and std.dev: (1, 869)
[M::mem_pestat] mean and std.dev: (386.30, 145.91)
[M::mem_pestat] low and high boundaries for proper pairs: (1, 1065)
[M::mem_pestat] analyzing insert size distribution for orientation RF...
[M::mem_pestat] (25, 50, 75) percentile: (46, 486, 2567)
[M::mem_pestat] low and high boundaries for computing mean and std.dev: (1, 7609)
[M::mem_pestat] mean and std.dev: (1430.75, 2086.62)
[M::mem_pestat] low and high boundaries for proper pairs: (1, 10130)
[M::mem_pestat] analyzing insert size distribution for orientation RR...
[M::mem_pestat] (25, 50, 75) percentile: (237, 466, 1020)
[M::mem_pestat] low and high boundaries for computing mean and std.dev: (1, 2586)
[M::mem_pestat] mean and std.dev: (572.01, 462.56)
[M::mem_pestat] low and high boundaries for proper pairs: (1, 3369)
[M::mem_pestat] skip orientation FF
[M::mem_pestat] skip orientation RF
[M::mem_pestat] skip orientation RR
[M::process] read 1466046 sequences (200000221 bp)...
[M::mem_process_seqs] Processed 1460534 reads in 453.297 CPU sec, 49.383 real sec
[M::mem_pestat] # candidate unique pairs for (FF, FR, RF, RR): (207, 557158, 134, 111)
[M::mem_pestat] analyzing insert size distribution for orientation FF...
[M::mem_pestat] (25, 50, 75) percentile: (319, 447, 839)
[M::mem_pestat] low and high boundaries for computing mean and std.dev: (1, 1879)
[M::mem_pestat] mean and std.dev: (552.28, 384.10)
[M::mem_pestat] low and high boundaries for proper pairs: (1, 2399)
[M::mem_pestat] analyzing insert size distribution for orientation FR...
[M::mem_pestat] (25, 50, 75) percentile: (278, 368, 469)
[M::mem_pestat] low and high boundaries for computing mean and std.dev: (1, 851)
[M::mem_pestat] mean and std.dev: (380.21, 141.00)
[M::mem_pestat] low and high boundaries for proper pairs: (1, 1042)
[M::mem_pestat] analyzing insert size distribution for orientation RF...
[M::mem_pestat] (25, 50, 75) percentile: (94, 644, 3064)
[M::mem_pestat] low and high boundaries for computing mean and std.dev: (1, 9004)
[M::mem_pestat] mean and std.dev: (1604.28, 2101.61)
[M::mem_pestat] low and high boundaries for proper pairs: (1, 11974)
[M::mem_pestat] analyzing insert size distribution for orientation RR...
[M::mem_pestat] (25, 50, 75) percentile: (253, 444, 833)
[M::mem_pestat] low and high boundaries for computing mean and std.dev: (1, 1993)
[M::mem_pestat] mean and std.dev: (504.09, 396.86)
[M::mem_pestat] low and high boundaries for proper pairs: (1, 2573)
[M::mem_pestat] skip orientation FF
[M::mem_pestat] skip orientation RF
[M::mem_pestat] skip orientation RR
[M::mem_process_seqs] Processed 1466046 reads in 471.655 CPU sec, 77.830 real sec
[M::process] read 1467888 sequences (200000188 bp)...
[M::process] read 1458956 sequences (200000035 bp)...
[M::mem_pestat] # candidate unique pairs for (FF, FR, RF, RR): (250, 557875, 126, 103)
[M::mem_pestat] analyzing insert size distribution for orientation FF...
[M::mem_pestat] (25, 50, 75) percentile: (311, 535, 756)
[M::mem_pestat] low and high boundaries for computing mean and std.dev: (1, 1646)
[M::mem_pestat] mean and std.dev: (530.37, 305.14)
[M::mem_pestat] low and high boundaries for proper pairs: (1, 2091)
[M::mem_pestat] analyzing insert size distribution for orientation FR...
[M::mem_pestat] (25, 50, 75) percentile: (275, 363, 464)
[M::mem_pestat] low and high boundaries for computing mean and std.dev: (1, 842)
[M::mem_pestat] mean and std.dev: (375.97, 139.17)
[M::mem_pestat] low and high boundaries for proper pairs: (1, 1031)
[M::mem_pestat] analyzing insert size distribution for orientation RF...
[M::mem_pestat] (25, 50, 75) percentile: (110, 439, 2211)
[M::mem_pestat] low and high boundaries for computing mean and std.dev: (1, 6413)
[M::mem_pestat] mean and std.dev: (1181.83, 1591.28)
[M::mem_pestat] low and high boundaries for proper pairs: (1, 8514)
[M::mem_pestat] analyzing insert size distribution for orientation RR...
[M::mem_pestat] (25, 50, 75) percentile: (345, 611, 1478)
[M::mem_pestat] low and high boundaries for computing mean and std.dev: (1, 3744)
[M::mem_pestat] mean and std.dev: (900.73, 794.36)
[M::mem_pestat] low and high boundaries for proper pairs: (1, 4877)
[M::mem_pestat] skip orientation FF
[M::mem_pestat] skip orientation RF
[M::mem_pestat] skip orientation RR
[M::mem_process_seqs] Processed 1467888 reads in 452.640 CPU sec, 47.571 real sec
[M::mem_pestat] # candidate unique pairs for (FF, FR, RF, RR): (214, 558134, 140, 107)
[M::mem_pestat] analyzing insert size distribution for orientation FF...
[M::mem_pestat] (25, 50, 75) percentile: (350, 539, 883)
[M::mem_pestat] low and high boundaries for computing mean and std.dev: (1, 1949)
[M::mem_pestat] mean and std.dev: (573.05, 358.46)
[M::mem_pestat] low and high boundaries for proper pairs: (1, 2482)
[M::mem_pestat] analyzing insert size distribution for orientation FR...
[M::mem_pestat] (25, 50, 75) percentile: (281, 372, 477)
[M::mem_pestat] low and high boundaries for computing mean and std.dev: (1, 869)
[M::mem_pestat] mean and std.dev: (386.71, 146.30)
[M::mem_pestat] low and high boundaries for proper pairs: (1, 1065)
[M::mem_pestat] analyzing insert size distribution for orientation RF...
[M::mem_pestat] (25, 50, 75) percentile: (62, 335, 1688)
[M::mem_pestat] low and high boundaries for computing mean and std.dev: (1, 4940)
[M::mem_pestat] mean and std.dev: (817.26, 1272.79)
[M::mem_pestat] low and high boundaries for proper pairs: (1, 6566)
[M::mem_pestat] analyzing insert size distribution for orientation RR...
[M::mem_pestat] (25, 50, 75) percentile: (307, 763, 1129)
[M::mem_pestat] low and high boundaries for computing mean and std.dev: (1, 2773)
[M::mem_pestat] mean and std.dev: (807.40, 632.03)
[M::mem_pestat] low and high boundaries for proper pairs: (1, 3595)
[M::mem_pestat] skip orientation FF
[M::mem_pestat] skip orientation RF
[M::mem_pestat] skip orientation RR
[M::process] read 1462034 sequences (200000039 bp)...
[M::mem_process_seqs] Processed 1458956 reads in 449.452 CPU sec, 48.697 real sec
[M::mem_pestat] # candidate unique pairs for (FF, FR, RF, RR): (216, 557731, 147, 112)
[M::mem_pestat] analyzing insert size distribution for orientation FF...
[M::mem_pestat] (25, 50, 75) percentile: (301, 483, 722)
[M::mem_pestat] low and high boundaries for computing mean and std.dev: (1, 1564)
[M::mem_pestat] mean and std.dev: (512.32, 292.27)
[M::mem_pestat] low and high boundaries for proper pairs: (1, 1985)
[M::mem_pestat] analyzing insert size distribution for orientation FR...
[M::mem_pestat] (25, 50, 75) percentile: (281, 371, 474)
[M::mem_pestat] low and high boundaries for computing mean and std.dev: (1, 860)
[M::mem_pestat] mean and std.dev: (384.57, 144.05)
[M::mem_pestat] low and high boundaries for proper pairs: (1, 1053)
[M::mem_pestat] analyzing insert size distribution for orientation RF...
[M::mem_pestat] (25, 50, 75) percentile: (94, 489, 2491)
[M::mem_pestat] low and high boundaries for computing mean and std.dev: (1, 7285)
[M::mem_pestat] mean and std.dev: (1248.06, 1678.60)
[M::mem_pestat] low and high boundaries for proper pairs: (1, 9682)
[M::mem_pestat] analyzing insert size distribution for orientation RR...
[M::mem_pestat] (25, 50, 75) percentile: (310, 464, 823)
[M::mem_pestat] low and high boundaries for computing mean and std.dev: (1, 1849)
[M::mem_pestat] mean and std.dev: (539.94, 352.19)
[M::mem_pestat] low and high boundaries for proper pairs: (1, 2362)
[M::mem_pestat] skip orientation FF
[M::mem_pestat] skip orientation RF
[M::mem_pestat] skip orientation RR
[M::process] read 1471726 sequences (200000160 bp)...
[M::mem_process_seqs] Processed 1462034 reads in 450.316 CPU sec, 48.805 real sec
[M::mem_pestat] # candidate unique pairs for (FF, FR, RF, RR): (247, 557608, 107, 83)
[M::mem_pestat] analyzing insert size distribution for orientation FF...
[M::mem_pestat] (25, 50, 75) percentile: (310, 454, 713)
[M::mem_pestat] low and high boundaries for computing mean and std.dev: (1, 1519)
[M::mem_pestat] mean and std.dev: (504.78, 281.15)
[M::mem_pestat] low and high boundaries for proper pairs: (1, 1922)
[M::mem_pestat] analyzing insert size distribution for orientation FR...
[M::mem_pestat] (25, 50, 75) percentile: (275, 362, 460)
[M::mem_pestat] low and high boundaries for computing mean and std.dev: (1, 830)
[M::mem_pestat] mean and std.dev: (373.52, 136.03)
[M::mem_pestat] low and high boundaries for proper pairs: (1, 1015)
[M::mem_pestat] analyzing insert size distribution for orientation RF...
[M::mem_pestat] (25, 50, 75) percentile: (59, 194, 1943)
[M::mem_pestat] low and high boundaries for computing mean and std.dev: (1, 5711)
[M::mem_pestat] mean and std.dev: (822.11, 1322.52)
[M::mem_pestat] low and high boundaries for proper pairs: (1, 7595)
[M::mem_pestat] analyzing insert size distribution for orientation RR...
[M::mem_pestat] (25, 50, 75) percentile: (279, 558, 1413)
[M::mem_pestat] low and high boundaries for computing mean and std.dev: (1, 3681)
[M::mem_pestat] mean and std.dev: (799.44, 755.86)
[M::mem_pestat] low and high boundaries for proper pairs: (1, 4815)
[M::mem_pestat] skip orientation FF
[M::mem_pestat] skip orientation RF
[M::mem_pestat] skip orientation RR
[M::mem_process_seqs] Processed 1471726 reads in 467.147 CPU sec, 75.155 real sec
[M::process] read 1458952 sequences (200000002 bp)...
[M::process] read 1460456 sequences (200000089 bp)...
[M::mem_pestat] # candidate unique pairs for (FF, FR, RF, RR): (199, 559670, 130, 96)
[M::mem_pestat] analyzing insert size distribution for orientation FF...
[M::mem_pestat] (25, 50, 75) percentile: (306, 481, 701)
[M::mem_pestat] low and high boundaries for computing mean and std.dev: (1, 1491)
[M::mem_pestat] mean and std.dev: (471.58, 254.79)
[M::mem_pestat] low and high boundaries for proper pairs: (1, 1886)
[M::mem_pestat] analyzing insert size distribution for orientation FR...
[M::mem_pestat] (25, 50, 75) percentile: (283, 373, 479)
[M::mem_pestat] low and high boundaries for computing mean and std.dev: (1, 871)
[M::mem_pestat] mean and std.dev: (388.07, 146.38)
[M::mem_pestat] low and high boundaries for proper pairs: (1, 1067)
[M::mem_pestat] analyzing insert size distribution for orientation RF...
[M::mem_pestat] (25, 50, 75) percentile: (57, 437, 2429)
[M::mem_pestat] low and high boundaries for computing mean and std.dev: (1, 7173)
[M::mem_pestat] mean and std.dev: (1356.80, 1765.80)
[M::mem_pestat] low and high boundaries for proper pairs: (1, 9545)
[M::mem_pestat] analyzing insert size distribution for orientation RR...
[M::mem_pestat] (25, 50, 75) percentile: (254, 455, 946)
[M::mem_pestat] low and high boundaries for computing mean and std.dev: (1, 2330)
[M::mem_pestat] mean and std.dev: (554.25, 460.89)
[M::mem_pestat] low and high boundaries for proper pairs: (1, 3022)
[M::mem_pestat] skip orientation FF
[M::mem_pestat] skip orientation RF
[M::mem_pestat] skip orientation RR
[M::mem_process_seqs] Processed 1458952 reads in 446.603 CPU sec, 46.874 real sec
[M::mem_pestat] # candidate unique pairs for (FF, FR, RF, RR): (214, 558866, 133, 93)
[M::mem_pestat] analyzing insert size distribution for orientation FF...
[M::mem_pestat] (25, 50, 75) percentile: (310, 468, 739)
[M::mem_pestat] low and high boundaries for computing mean and std.dev: (1, 1597)
[M::mem_pestat] mean and std.dev: (526.29, 311.57)
[M::mem_pestat] low and high boundaries for proper pairs: (1, 2026)
[M::mem_pestat] analyzing insert size distribution for orientation FR...
[M::mem_pestat] (25, 50, 75) percentile: (284, 374, 478)
[M::mem_pestat] low and high boundaries for computing mean and std.dev: (1, 866)
[M::mem_pestat] mean and std.dev: (387.88, 145.15)
[M::mem_pestat] low and high boundaries for proper pairs: (1, 1060)
[M::mem_pestat] analyzing insert size distribution for orientation RF...
[M::mem_pestat] (25, 50, 75) percentile: (117, 437, 2490)
[M::mem_pestat] low and high boundaries for computing mean and std.dev: (1, 7236)
[M::mem_pestat] mean and std.dev: (1187.48, 1588.05)
[M::mem_pestat] low and high boundaries for proper pairs: (1, 9609)
[M::mem_pestat] analyzing insert size distribution for orientation RR...
[M::mem_pestat] (25, 50, 75) percentile: (334, 632, 1492)
[M::mem_pestat] low and high boundaries for computing mean and std.dev: (1, 3808)
[M::mem_pestat] mean and std.dev: (881.57, 784.82)
[M::mem_pestat] low and high boundaries for proper pairs: (1, 4966)
[M::mem_pestat] skip orientation FF
[M::mem_pestat] skip orientation RF
[M::mem_pestat] skip orientation RR
[M::process] read 1464942 sequences (200000256 bp)...
[M::mem_process_seqs] Processed 1460456 reads in 449.303 CPU sec, 48.602 real sec
[M::mem_pestat] # candidate unique pairs for (FF, FR, RF, RR): (227, 558272, 131, 96)
[M::mem_pestat] analyzing insert size distribution for orientation FF...
[M::mem_pestat] (25, 50, 75) percentile: (316, 475, 755)
[M::mem_pestat] low and high boundaries for computing mean and std.dev: (1, 1633)
[M::mem_pestat] mean and std.dev: (546.40, 338.15)
[M::mem_pestat] low and high boundaries for proper pairs: (1, 2072)
[M::mem_pestat] analyzing insert size distribution for orientation FR...
[M::mem_pestat] (25, 50, 75) percentile: (281, 370, 473)
[M::mem_pestat] low and high boundaries for computing mean and std.dev: (1, 857)
[M::mem_pestat] mean and std.dev: (383.55, 142.00)
[M::mem_pestat] low and high boundaries for proper pairs: (1, 1049)
[M::mem_pestat] analyzing insert size distribution for orientation RF...
[M::mem_pestat] (25, 50, 75) percentile: (64, 437, 2895)
[M::mem_pestat] low and high boundaries for computing mean and std.dev: (1, 8557)
[M::mem_pestat] mean and std.dev: (1597.67, 2260.31)
[M::mem_pestat] low and high boundaries for proper pairs: (1, 11388)
[M::mem_pestat] analyzing insert size distribution for orientation RR...
[M::mem_pestat] (25, 50, 75) percentile: (217, 468, 848)
[M::mem_pestat] low and high boundaries for computing mean and std.dev: (1, 2110)
[M::mem_pestat] mean and std.dev: (541.87, 394.44)
[M::mem_pestat] low and high boundaries for proper pairs: (1, 2741)
[M::mem_pestat] skip orientation FF
[M::mem_pestat] skip orientation RF
[M::mem_pestat] skip orientation RR
[M::process] read 1467792 sequences (200000122 bp)...
[M::mem_process_seqs] Processed 1464942 reads in 452.937 CPU sec, 49.022 real sec
[M::mem_pestat] # candidate unique pairs for (FF, FR, RF, RR): (205, 560007, 137, 108)
[M::mem_pestat] analyzing insert size distribution for orientation FF...
[M::mem_pestat] (25, 50, 75) percentile: (325, 490, 790)
[M::mem_pestat] low and high boundaries for computing mean and std.dev: (1, 1720)
[M::mem_pestat] mean and std.dev: (512.45, 308.73)
[M::mem_pestat] low and high boundaries for proper pairs: (1, 2185)
[M::mem_pestat] analyzing insert size distribution for orientation FR...
[M::mem_pestat] (25, 50, 75) percentile: (278, 367, 466)
[M::mem_pestat] low and high boundaries for computing mean and std.dev: (1, 842)
[M::mem_pestat] mean and std.dev: (378.41, 138.65)
[M::mem_pestat] low and high boundaries for proper pairs: (1, 1030)
[M::mem_pestat] analyzing insert size distribution for orientation RF...
[M::mem_pestat] (25, 50, 75) percentile: (112, 404, 3066)
[M::mem_pestat] low and high boundaries for computing mean and std.dev: (1, 8974)
[M::mem_pestat] mean and std.dev: (1622.93, 2204.56)
[M::mem_pestat] low and high boundaries for proper pairs: (1, 11928)
[M::mem_pestat] analyzing insert size distribution for orientation RR...
[M::mem_pestat] (25, 50, 75) percentile: (252, 505, 978)
[M::mem_pestat] low and high boundaries for computing mean and std.dev: (1, 2430)
[M::mem_pestat] mean and std.dev: (571.88, 435.36)
[M::mem_pestat] low and high boundaries for proper pairs: (1, 3156)
[M::mem_pestat] skip orientation FF
[M::mem_pestat] skip orientation RF
[M::mem_pestat] skip orientation RR
[M::process] read 1458742 sequences (200000212 bp)...
[M::mem_process_seqs] Processed 1467792 reads in 449.726 CPU sec, 48.742 real sec
[M::mem_pestat] # candidate unique pairs for (FF, FR, RF, RR): (196, 560551, 129, 125)
[M::mem_pestat] analyzing insert size distribution for orientation FF...
[M::mem_pestat] (25, 50, 75) percentile: (329, 483, 773)
[M::mem_pestat] low and high boundaries for computing mean and std.dev: (1, 1661)
[M::mem_pestat] mean and std.dev: (527.67, 306.98)
[M::mem_pestat] low and high boundaries for proper pairs: (1, 2105)
[M::mem_pestat] analyzing insert size distribution for orientation FR...
[M::mem_pestat] (25, 50, 75) percentile: (283, 373, 476)
[M::mem_pestat] low and high boundaries for computing mean and std.dev: (1, 862)
[M::mem_pestat] mean and std.dev: (386.40, 144.32)
[M::mem_pestat] low and high boundaries for proper pairs: (1, 1055)
[M::mem_pestat] analyzing insert size distribution for orientation RF...
[M::mem_pestat] (25, 50, 75) percentile: (68, 405, 2805)
[M::mem_pestat] low and high boundaries for computing mean and std.dev: (1, 8279)
[M::mem_pestat] mean and std.dev: (1494.94, 2165.74)
[M::mem_pestat] low and high boundaries for proper pairs: (1, 11016)
[M::mem_pestat] analyzing insert size distribution for orientation RR...
[M::mem_pestat] (25, 50, 75) percentile: (295, 471, 953)
[M::mem_pestat] low and high boundaries for computing mean and std.dev: (1, 2269)
[M::mem_pestat] mean and std.dev: (582.91, 444.57)
[M::mem_pestat] low and high boundaries for proper pairs: (1, 2927)
[M::mem_pestat] skip orientation FF
[M::mem_pestat] skip orientation RF
[M::mem_pestat] skip orientation RR
[M::mem_process_seqs] Processed 1458742 reads in 457.746 CPU sec, 73.431 real sec
[M::process] read 1461002 sequences (200000007 bp)...
[M::process] read 1466804 sequences (200000032 bp)...
[M::mem_pestat] # candidate unique pairs for (FF, FR, RF, RR): (220, 559037, 120, 92)
[M::mem_pestat] analyzing insert size distribution for orientation FF...
[M::mem_pestat] (25, 50, 75) percentile: (349, 529, 802)
[M::mem_pestat] low and high boundaries for computing mean and std.dev: (1, 1708)
[M::mem_pestat] mean and std.dev: (561.51, 317.17)
[M::mem_pestat] low and high boundaries for proper pairs: (1, 2161)
[M::mem_pestat] analyzing insert size distribution for orientation FR...
[M::mem_pestat] (25, 50, 75) percentile: (282, 372, 474)
[M::mem_pestat] low and high boundaries for computing mean and std.dev: (1, 858)
[M::mem_pestat] mean and std.dev: (385.15, 143.17)
[M::mem_pestat] low and high boundaries for proper pairs: (1, 1050)
[M::mem_pestat] analyzing insert size distribution for orientation RF...
[M::mem_pestat] (25, 50, 75) percentile: (136, 552, 3157)
[M::mem_pestat] low and high boundaries for computing mean and std.dev: (1, 9199)
[M::mem_pestat] mean and std.dev: (1918.08, 2465.64)
[M::mem_pestat] low and high boundaries for proper pairs: (1, 12220)
[M::mem_pestat] analyzing insert size distribution for orientation RR...
[M::mem_pestat] (25, 50, 75) percentile: (303, 593, 1341)
[M::mem_pestat] low and high boundaries for computing mean and std.dev: (1, 3417)
[M::mem_pestat] mean and std.dev: (755.46, 717.44)
[M::mem_pestat] low and high boundaries for proper pairs: (1, 4455)
[M::mem_pestat] skip orientation FF
[M::mem_pestat] skip orientation RF
[M::mem_pestat] skip orientation RR
[M::mem_process_seqs] Processed 1461002 reads in 447.467 CPU sec, 46.922 real sec
[M::mem_pestat] # candidate unique pairs for (FF, FR, RF, RR): (205, 558493, 133, 102)
[M::mem_pestat] analyzing insert size distribution for orientation FF...
[M::mem_pestat] (25, 50, 75) percentile: (372, 553, 880)
[M::mem_pestat] low and high boundaries for computing mean and std.dev: (1, 1896)
[M::mem_pestat] mean and std.dev: (600.13, 337.12)
[M::mem_pestat] low and high boundaries for proper pairs: (1, 2404)
[M::mem_pestat] analyzing insert size distribution for orientation FR...
[M::mem_pestat] (25, 50, 75) percentile: (279, 368, 468)
[M::mem_pestat] low and high boundaries for computing mean and std.dev: (1, 846)
[M::mem_pestat] mean and std.dev: (380.01, 139.41)
[M::mem_pestat] low and high boundaries for proper pairs: (1, 1035)
[M::mem_pestat] analyzing insert size distribution for orientation RF...
[M::mem_pestat] (25, 50, 75) percentile: (48, 283, 3040)
[M::mem_pestat] low and high boundaries for computing mean and std.dev: (1, 9024)
[M::mem_pestat] mean and std.dev: (1472.23, 2264.08)
[M::mem_pestat] low and high boundaries for proper pairs: (1, 12016)
[M::mem_pestat] analyzing insert size distribution for orientation RR...
[M::mem_pestat] (25, 50, 75) percentile: (194, 408, 856)
[M::mem_pestat] low and high boundaries for computing mean and std.dev: (1, 2180)
[M::mem_pestat] mean and std.dev: (494.86, 389.44)
[M::mem_pestat] low and high boundaries for proper pairs: (1, 2842)
[M::mem_pestat] skip orientation FF
[M::mem_pestat] skip orientation RF
[M::mem_pestat] skip orientation RR
[M::process] read 1478896 sequences (200000017 bp)...
[M::mem_process_seqs] Processed 1466804 reads in 451.519 CPU sec, 48.889 real sec
[M::process] read 1473742 sequences (200000093 bp)...
[M::mem_pestat] # candidate unique pairs for (FF, FR, RF, RR): (231, 562311, 150, 118)
[M::mem_pestat] analyzing insert size distribution for orientation FF...
[M::mem_pestat] (25, 50, 75) percentile: (312, 473, 735)
[M::mem_pestat] low and high boundaries for computing mean and std.dev: (1, 1581)
[M::mem_pestat] mean and std.dev: (500.87, 277.84)
[M::mem_pestat] low and high boundaries for proper pairs: (1, 2004)
[M::mem_pestat] analyzing insert size distribution for orientation FR...
[M::mem_pestat] (25, 50, 75) percentile: (277, 367, 472)
[M::mem_pestat] low and high boundaries for computing mean and std.dev: (1, 862)
[M::mem_pestat] mean and std.dev: (381.68, 145.15)
[M::mem_pestat] low and high boundaries for proper pairs: (1, 1057)
[M::mem_pestat] analyzing insert size distribution for orientation RF...
[M::mem_pestat] (25, 50, 75) percentile: (62, 459, 3005)
[M::mem_pestat] low and high boundaries for computing mean and std.dev: (1, 8891)
[M::mem_pestat] mean and std.dev: (1586.92, 2197.01)
[M::mem_pestat] low and high boundaries for proper pairs: (1, 11834)
[M::mem_pestat] analyzing insert size distribution for orientation RR...
[M::mem_pestat] (25, 50, 75) percentile: (354, 620, 1296)
[M::mem_pestat] low and high boundaries for computing mean and std.dev: (1, 3180)
[M::mem_pestat] mean and std.dev: (730.66, 555.97)
[M::mem_pestat] low and high boundaries for proper pairs: (1, 4122)
[M::mem_pestat] skip orientation FF
[M::mem_pestat] skip orientation RF
[M::mem_pestat] skip orientation RR
[M::mem_process_seqs] Processed 1478896 reads in 527.433 CPU sec, 58.199 real sec
[M::process] read 1482242 sequences (200000047 bp)...
[M::mem_pestat] # candidate unique pairs for (FF, FR, RF, RR): (226, 558831, 148, 124)
[M::mem_pestat] analyzing insert size distribution for orientation FF...
[M::mem_pestat] (25, 50, 75) percentile: (350, 537, 801)
[M::mem_pestat] low and high boundaries for computing mean and std.dev: (1, 1703)
[M::mem_pestat] mean and std.dev: (571.26, 312.32)
[M::mem_pestat] low and high boundaries for proper pairs: (1, 2154)
[M::mem_pestat] analyzing insert size distribution for orientation FR...
[M::mem_pestat] (25, 50, 75) percentile: (281, 371, 476)
[M::mem_pestat] low and high boundaries for computing mean and std.dev: (1, 866)
[M::mem_pestat] mean and std.dev: (386.13, 146.09)
[M::mem_pestat] low and high boundaries for proper pairs: (1, 1061)
[M::mem_pestat] analyzing insert size distribution for orientation RF...
[M::mem_pestat] (25, 50, 75) percentile: (66, 615, 3475)
[M::mem_pestat] low and high boundaries for computing mean and std.dev: (1, 10293)
[M::mem_pestat] mean and std.dev: (1985.97, 2616.94)
[M::mem_pestat] low and high boundaries for proper pairs: (1, 13702)
[M::mem_pestat] analyzing insert size distribution for orientation RR...
[M::mem_pestat] (25, 50, 75) percentile: (286, 528, 1377)
[M::mem_pestat] low and high boundaries for computing mean and std.dev: (1, 3559)
[M::mem_pestat] mean and std.dev: (771.83, 723.28)
[M::mem_pestat] low and high boundaries for proper pairs: (1, 4650)
[M::mem_pestat] skip orientation FF
[M::mem_pestat] skip orientation RF
[M::mem_pestat] skip orientation RR
[M::mem_process_seqs] Processed 1473742 reads in 488.264 CPU sec, 53.941 real sec
[M::mem_pestat] # candidate unique pairs for (FF, FR, RF, RR): (217, 560085, 106, 138)
[M::mem_pestat] analyzing insert size distribution for orientation FF...
[M::mem_pestat] (25, 50, 75) percentile: (370, 534, 778)
[M::mem_pestat] low and high boundaries for computing mean and std.dev: (1, 1594)
[M::mem_pestat] mean and std.dev: (545.82, 269.98)
[M::mem_pestat] low and high boundaries for proper pairs: (1, 2002)
[M::mem_pestat] analyzing insert size distribution for orientation FR...
[M::mem_pestat] (25, 50, 75) percentile: (280, 370, 472)
[M::mem_pestat] low and high boundaries for computing mean and std.dev: (1, 856)
[M::mem_pestat] mean and std.dev: (382.86, 142.53)
[M::mem_pestat] low and high boundaries for proper pairs: (1, 1048)
[M::mem_pestat] analyzing insert size distribution for orientation RF...
[M::mem_pestat] (25, 50, 75) percentile: (71, 451, 2735)
[M::mem_pestat] low and high boundaries for computing mean and std.dev: (1, 8063)
[M::mem_pestat] mean and std.dev: (1375.21, 1983.57)
[M::mem_pestat] low and high boundaries for proper pairs: (1, 10727)
[M::mem_pestat] analyzing insert size distribution for orientation RR...
[M::mem_pestat] (25, 50, 75) percentile: (297, 637, 1102)
[M::mem_pestat] low and high boundaries for computing mean and std.dev: (1, 2712)
[M::mem_pestat] mean and std.dev: (727.35, 594.04)
[M::mem_pestat] low and high boundaries for proper pairs: (1, 3517)
[M::mem_pestat] skip orientation FF
[M::mem_pestat] skip orientation RF
[M::mem_pestat] skip orientation RR
[M::process] read 1472454 sequences (200000031 bp)...
[M::mem_process_seqs] Processed 1482242 reads in 464.996 CPU sec, 50.669 real sec
[M::mem_pestat] # candidate unique pairs for (FF, FR, RF, RR): (211, 559209, 124, 109)
[M::mem_pestat] analyzing insert size distribution for orientation FF...
[M::mem_pestat] (25, 50, 75) percentile: (306, 496, 736)
[M::mem_pestat] low and high boundaries for computing mean and std.dev: (1, 1596)
[M::mem_pestat] mean and std.dev: (514.06, 285.49)
[M::mem_pestat] low and high boundaries for proper pairs: (1, 2026)
[M::mem_pestat] analyzing insert size distribution for orientation FR...
[M::mem_pestat] (25, 50, 75) percentile: (277, 367, 470)
[M::mem_pestat] low and high boundaries for computing mean and std.dev: (1, 856)
[M::mem_pestat] mean and std.dev: (380.56, 143.25)
[M::mem_pestat] low and high boundaries for proper pairs: (1, 1049)
[M::mem_pestat] analyzing insert size distribution for orientation RF...
[M::mem_pestat] (25, 50, 75) percentile: (85, 407, 3136)
[M::mem_pestat] low and high boundaries for computing mean and std.dev: (1, 9238)
[M::mem_pestat] mean and std.dev: (1613.54, 2342.98)
[M::mem_pestat] low and high boundaries for proper pairs: (1, 12289)
[M::mem_pestat] analyzing insert size distribution for orientation RR...
[M::mem_pestat] (25, 50, 75) percentile: (203, 450, 952)
[M::mem_pestat] low and high boundaries for computing mean and std.dev: (1, 2450)
[M::mem_pestat] mean and std.dev: (564.92, 517.48)
[M::mem_pestat] low and high boundaries for proper pairs: (1, 3199)
[M::mem_pestat] skip orientation FF
[M::mem_pestat] skip orientation RF
[M::mem_pestat] skip orientation RR
[M::mem_process_seqs] Processed 1472454 reads in 476.036 CPU sec, 77.625 real sec
[M::process] read 1466252 sequences (200000121 bp)...
[M::process] read 1476186 sequences (200000010 bp)...
[M::mem_pestat] # candidate unique pairs for (FF, FR, RF, RR): (236, 558738, 130, 88)
[M::mem_pestat] analyzing insert size distribution for orientation FF...
[M::mem_pestat] (25, 50, 75) percentile: (344, 509, 781)
[M::mem_pestat] low and high boundaries for computing mean and std.dev: (1, 1655)
[M::mem_pestat] mean and std.dev: (557.55, 338.19)
[M::mem_pestat] low and high boundaries for proper pairs: (1, 2092)
[M::mem_pestat] analyzing insert size distribution for orientation FR...
[M::mem_pestat] (25, 50, 75) percentile: (281, 372, 478)
[M::mem_pestat] low and high boundaries for computing mean and std.dev: (1, 872)
[M::mem_pestat] mean and std.dev: (387.02, 147.44)
[M::mem_pestat] low and high boundaries for proper pairs: (1, 1069)
[M::mem_pestat] analyzing insert size distribution for orientation RF...
[M::mem_pestat] (25, 50, 75) percentile: (45, 378, 2911)
[M::mem_pestat] low and high boundaries for computing mean and std.dev: (1, 8643)
[M::mem_pestat] mean and std.dev: (1514.89, 2103.68)
[M::mem_pestat] low and high boundaries for proper pairs: (1, 11509)
[M::mem_pestat] analyzing insert size distribution for orientation RR...
[M::mem_pestat] (25, 50, 75) percentile: (272, 498, 1776)
[M::mem_pestat] low and high boundaries for computing mean and std.dev: (1, 4784)
[M::mem_pestat] mean and std.dev: (962.02, 1068.07)
[M::mem_pestat] low and high boundaries for proper pairs: (1, 6288)
[M::mem_pestat] skip orientation FF
[M::mem_pestat] skip orientation RF
[M::mem_pestat] skip orientation RR
[M::mem_process_seqs] Processed 1466252 reads in 461.559 CPU sec, 48.426 real sec
[M::mem_pestat] # candidate unique pairs for (FF, FR, RF, RR): (244, 559174, 148, 113)
[M::mem_pestat] analyzing insert size distribution for orientation FF...
[M::mem_pestat] (25, 50, 75) percentile: (331, 498, 831)
[M::mem_pestat] low and high boundaries for computing mean and std.dev: (1, 1831)
[M::mem_pestat] mean and std.dev: (556.93, 340.82)
[M::mem_pestat] low and high boundaries for proper pairs: (1, 2331)
[M::mem_pestat] analyzing insert size distribution for orientation FR...
[M::mem_pestat] (25, 50, 75) percentile: (281, 371, 474)
[M::mem_pestat] low and high boundaries for computing mean and std.dev: (1, 860)
[M::mem_pestat] mean and std.dev: (384.56, 143.97)
[M::mem_pestat] low and high boundaries for proper pairs: (1, 1053)
[M::mem_pestat] analyzing insert size distribution for orientation RF...
[M::mem_pestat] (25, 50, 75) percentile: (112, 764, 3562)
[M::mem_pestat] low and high boundaries for computing mean and std.dev: (1, 10462)
[M::mem_pestat] mean and std.dev: (1940.97, 2334.70)
[M::mem_pestat] low and high boundaries for proper pairs: (1, 13912)
[M::mem_pestat] analyzing insert size distribution for orientation RR...
[M::mem_pestat] (25, 50, 75) percentile: (258, 576, 1470)
[M::mem_pestat] low and high boundaries for computing mean and std.dev: (1, 3894)
[M::mem_pestat] mean and std.dev: (813.66, 786.46)
[M::mem_pestat] low and high boundaries for proper pairs: (1, 5106)
[M::mem_pestat] skip orientation FF
[M::mem_pestat] skip orientation RF
[M::mem_pestat] skip orientation RR
[M::process] read 1476346 sequences (200000072 bp)...
[M::mem_process_seqs] Processed 1476186 reads in 481.119 CPU sec, 52.113 real sec
[M::process] read 1461662 sequences (200000222 bp)...
[M::mem_pestat] # candidate unique pairs for (FF, FR, RF, RR): (253, 558471, 117, 119)
[M::mem_pestat] analyzing insert size distribution for orientation FF...
[M::mem_pestat] (25, 50, 75) percentile: (346, 499, 744)
[M::mem_pestat] low and high boundaries for computing mean and std.dev: (1, 1540)
[M::mem_pestat] mean and std.dev: (532.40, 288.66)
[M::mem_pestat] low and high boundaries for proper pairs: (1, 1938)
[M::mem_pestat] analyzing insert size distribution for orientation FR...
[M::mem_pestat] (25, 50, 75) percentile: (277, 366, 468)
[M::mem_pestat] low and high boundaries for computing mean and std.dev: (1, 850)
[M::mem_pestat] mean and std.dev: (379.14, 140.77)
[M::mem_pestat] low and high boundaries for proper pairs: (1, 1041)
[M::mem_pestat] analyzing insert size distribution for orientation RF...
[M::mem_pestat] (25, 50, 75) percentile: (100, 412, 3892)
[M::mem_pestat] low and high boundaries for computing mean and std.dev: (1, 11476)
[M::mem_pestat] mean and std.dev: (1962.65, 2745.51)
[M::mem_pestat] low and high boundaries for proper pairs: (1, 15268)
[M::mem_pestat] analyzing insert size distribution for orientation RR...
[M::mem_pestat] (25, 50, 75) percentile: (239, 502, 1057)
[M::mem_pestat] low and high boundaries for computing mean and std.dev: (1, 2693)
[M::mem_pestat] mean and std.dev: (637.84, 544.93)
[M::mem_pestat] low and high boundaries for proper pairs: (1, 3511)
[M::mem_pestat] skip orientation FF
[M::mem_pestat] skip orientation RF
[M::mem_pestat] skip orientation RR
[M::mem_process_seqs] Processed 1476346 reads in 457.280 CPU sec, 49.649 real sec
[M::mem_pestat] # candidate unique pairs for (FF, FR, RF, RR): (222, 557594, 137, 94)
[M::mem_pestat] analyzing insert size distribution for orientation FF...
[M::mem_pestat] (25, 50, 75) percentile: (336, 544, 812)
[M::mem_pestat] low and high boundaries for computing mean and std.dev: (1, 1764)
[M::mem_pestat] mean and std.dev: (579.97, 343.57)
[M::mem_pestat] low and high boundaries for proper pairs: (1, 2240)
[M::mem_pestat] analyzing insert size distribution for orientation FR...
[M::mem_pestat] (25, 50, 75) percentile: (282, 373, 481)
[M::mem_pestat] low and high boundaries for computing mean and std.dev: (1, 879)
[M::mem_pestat] mean and std.dev: (388.81, 149.58)
[M::mem_pestat] low and high boundaries for proper pairs: (1, 1078)
[M::mem_pestat] analyzing insert size distribution for orientation RF...
[M::mem_pestat] (25, 50, 75) percentile: (76, 546, 2953)
[M::mem_pestat] low and high boundaries for computing mean and std.dev: (1, 8707)
[M::mem_pestat] mean and std.dev: (1669.19, 2222.76)
[M::mem_pestat] low and high boundaries for proper pairs: (1, 11584)
[M::mem_pestat] analyzing insert size distribution for orientation RR...
[M::mem_pestat] (25, 50, 75) percentile: (223, 371, 865)
[M::mem_pestat] low and high boundaries for computing mean and std.dev: (1, 2149)
[M::mem_pestat] mean and std.dev: (524.81, 456.36)
[M::mem_pestat] low and high boundaries for proper pairs: (1, 2791)
[M::mem_pestat] skip orientation FF
[M::mem_pestat] skip orientation RF
[M::mem_pestat] skip orientation RR
[M::mem_process_seqs] Processed 1461662 reads in 460.400 CPU sec, 90.869 real sec
[M::process] read 1465334 sequences (200000204 bp)...
[M::process] read 1469084 sequences (200000088 bp)...
[M::mem_pestat] # candidate unique pairs for (FF, FR, RF, RR): (222, 557204, 142, 122)
[M::mem_pestat] analyzing insert size distribution for orientation FF...
[M::mem_pestat] (25, 50, 75) percentile: (377, 580, 936)
[M::mem_pestat] low and high boundaries for computing mean and std.dev: (1, 2054)
[M::mem_pestat] mean and std.dev: (621.21, 357.75)
[M::mem_pestat] low and high boundaries for proper pairs: (1, 2613)
[M::mem_pestat] analyzing insert size distribution for orientation FR...
[M::mem_pestat] (25, 50, 75) percentile: (283, 374, 482)
[M::mem_pestat] low and high boundaries for computing mean and std.dev: (1, 880)
[M::mem_pestat] mean and std.dev: (389.79, 149.09)
[M::mem_pestat] low and high boundaries for proper pairs: (1, 1079)
[M::mem_pestat] analyzing insert size distribution for orientation RF...
[M::mem_pestat] (25, 50, 75) percentile: (150, 790, 3172)
[M::mem_pestat] low and high boundaries for computing mean and std.dev: (1, 9216)
[M::mem_pestat] mean and std.dev: (1669.40, 2065.84)
[M::mem_pestat] low and high boundaries for proper pairs: (1, 12238)
[M::mem_pestat] analyzing insert size distribution for orientation RR...
[M::mem_pestat] (25, 50, 75) percentile: (274, 507, 896)
[M::mem_pestat] low and high boundaries for computing mean and std.dev: (1, 2140)
[M::mem_pestat] mean and std.dev: (555.54, 411.51)
[M::mem_pestat] low and high boundaries for proper pairs: (1, 2762)
[M::mem_pestat] skip orientation FF
[M::mem_pestat] skip orientation RF
[M::mem_pestat] skip orientation RR
[M::mem_process_seqs] Processed 1465334 reads in 458.550 CPU sec, 46.602 real sec
[M::mem_pestat] # candidate unique pairs for (FF, FR, RF, RR): (208, 556583, 138, 110)
[M::mem_pestat] analyzing insert size distribution for orientation FF...
[M::mem_pestat] (25, 50, 75) percentile: (305, 488, 744)
[M::mem_pestat] low and high boundaries for computing mean and std.dev: (1, 1622)
[M::mem_pestat] mean and std.dev: (539.54, 321.74)
[M::mem_pestat] low and high boundaries for proper pairs: (1, 2061)
[M::mem_pestat] analyzing insert size distribution for orientation FR...
[M::mem_pestat] (25, 50, 75) percentile: (280, 370, 475)
[M::mem_pestat] low and high boundaries for computing mean and std.dev: (1, 865)
[M::mem_pestat] mean and std.dev: (384.79, 145.18)
[M::mem_pestat] low and high boundaries for proper pairs: (1, 1060)
[M::mem_pestat] analyzing insert size distribution for orientation RF...
[M::mem_pestat] (25, 50, 75) percentile: (45, 417, 3047)
[M::mem_pestat] low and high boundaries for computing mean and std.dev: (1, 9051)
[M::mem_pestat] mean and std.dev: (1478.33, 2163.36)
[M::mem_pestat] low and high boundaries for proper pairs: (1, 12053)
[M::mem_pestat] analyzing insert size distribution for orientation RR...
[M::mem_pestat] (25, 50, 75) percentile: (263, 430, 819)
[M::mem_pestat] low and high boundaries for computing mean and std.dev: (1, 1931)
[M::mem_pestat] mean and std.dev: (565.25, 396.50)
[M::mem_pestat] low and high boundaries for proper pairs: (1, 2487)
[M::mem_pestat] skip orientation FF
[M::mem_pestat] skip orientation RF
[M::mem_pestat] skip orientation RR
[M::process] read 1466170 sequences (200000193 bp)...
[M::mem_process_seqs] Processed 1469084 reads in 464.560 CPU sec, 50.194 real sec
[M::mem_pestat] # candidate unique pairs for (FF, FR, RF, RR): (204, 558737, 141, 115)
[M::mem_pestat] analyzing insert size distribution for orientation FF...
[M::mem_pestat] (25, 50, 75) percentile: (317, 471, 779)
[M::mem_pestat] low and high boundaries for computing mean and std.dev: (1, 1703)
[M::mem_pestat] mean and std.dev: (536.05, 314.68)
[M::mem_pestat] low and high boundaries for proper pairs: (1, 2165)
[M::mem_pestat] analyzing insert size distribution for orientation FR...
[M::mem_pestat] (25, 50, 75) percentile: (279, 370, 475)
[M::mem_pestat] low and high boundaries for computing mean and std.dev: (1, 867)
[M::mem_pestat] mean and std.dev: (384.31, 145.74)
[M::mem_pestat] low and high boundaries for proper pairs: (1, 1063)
[M::mem_pestat] analyzing insert size distribution for orientation RF...
[M::mem_pestat] (25, 50, 75) percentile: (39, 186, 1050)
[M::mem_pestat] low and high boundaries for computing mean and std.dev: (1, 3072)
[M::mem_pestat] mean and std.dev: (398.43, 645.10)
[M::mem_pestat] low and high boundaries for proper pairs: (1, 4083)
[M::mem_pestat] analyzing insert size distribution for orientation RR...
[M::mem_pestat] (25, 50, 75) percentile: (302, 568, 1354)
[M::mem_pestat] low and high boundaries for computing mean and std.dev: (1, 3458)
[M::mem_pestat] mean and std.dev: (811.39, 745.35)
[M::mem_pestat] low and high boundaries for proper pairs: (1, 4510)
[M::mem_pestat] skip orientation FF
[M::mem_pestat] skip orientation RF
[M::mem_pestat] skip orientation RR
[M::process] read 1462298 sequences (200000081 bp)...
[M::mem_process_seqs] Processed 1466170 reads in 454.020 CPU sec, 49.171 real sec
[M::mem_pestat] # candidate unique pairs for (FF, FR, RF, RR): (213, 558715, 127, 102)
[M::mem_pestat] analyzing insert size distribution for orientation FF...
[M::mem_pestat] (25, 50, 75) percentile: (363, 539, 843)
[M::mem_pestat] low and high boundaries for computing mean and std.dev: (1, 1803)
[M::mem_pestat] mean and std.dev: (593.04, 352.30)
[M::mem_pestat] low and high boundaries for proper pairs: (1, 2283)
[M::mem_pestat] analyzing insert size distribution for orientation FR...
[M::mem_pestat] (25, 50, 75) percentile: (283, 375, 483)
[M::mem_pestat] low and high boundaries for computing mean and std.dev: (1, 883)
[M::mem_pestat] mean and std.dev: (390.78, 149.88)
[M::mem_pestat] low and high boundaries for proper pairs: (1, 1083)
[M::mem_pestat] analyzing insert size distribution for orientation RF...
[M::mem_pestat] (25, 50, 75) percentile: (103, 509, 3090)
[M::mem_pestat] low and high boundaries for computing mean and std.dev: (1, 9064)
[M::mem_pestat] mean and std.dev: (1630.20, 2192.59)
[M::mem_pestat] low and high boundaries for proper pairs: (1, 12051)
[M::mem_pestat] analyzing insert size distribution for orientation RR...
[M::mem_pestat] (25, 50, 75) percentile: (247, 545, 979)
[M::mem_pestat] low and high boundaries for computing mean and std.dev: (1, 2443)
[M::mem_pestat] mean and std.dev: (653.98, 563.24)
[M::mem_pestat] low and high boundaries for proper pairs: (1, 3175)
[M::mem_pestat] skip orientation FF
[M::mem_pestat] skip orientation RF
[M::mem_pestat] skip orientation RR
[M::process] read 1466738 sequences (200000148 bp)...
[M::mem_process_seqs] Processed 1462298 reads in 451.421 CPU sec, 48.873 real sec
[M::mem_pestat] # candidate unique pairs for (FF, FR, RF, RR): (226, 558288, 113, 107)
[M::mem_pestat] analyzing insert size distribution for orientation FF...
[M::mem_pestat] (25, 50, 75) percentile: (281, 466, 690)
[M::mem_pestat] low and high boundaries for computing mean and std.dev: (1, 1508)
[M::mem_pestat] mean and std.dev: (466.70, 267.73)
[M::mem_pestat] low and high boundaries for proper pairs: (1, 1917)
[M::mem_pestat] analyzing insert size distribution for orientation FR...
[M::mem_pestat] (25, 50, 75) percentile: (282, 373, 479)
[M::mem_pestat] low and high boundaries for computing mean and std.dev: (1, 873)
[M::mem_pestat] mean and std.dev: (388.11, 147.09)
[M::mem_pestat] low and high boundaries for proper pairs: (1, 1070)
[M::mem_pestat] analyzing insert size distribution for orientation RF...
[M::mem_pestat] (25, 50, 75) percentile: (81, 562, 3767)
[M::mem_pestat] low and high boundaries for computing mean and std.dev: (1, 11139)
[M::mem_pestat] mean and std.dev: (2020.23, 2649.45)
[M::mem_pestat] low and high boundaries for proper pairs: (1, 14825)
[M::mem_pestat] analyzing insert size distribution for orientation RR...
[M::mem_pestat] (25, 50, 75) percentile: (336, 521, 1181)
[M::mem_pestat] low and high boundaries for computing mean and std.dev: (1, 2871)
[M::mem_pestat] mean and std.dev: (615.61, 511.65)
[M::mem_pestat] low and high boundaries for proper pairs: (1, 3716)
[M::mem_pestat] skip orientation FF
[M::mem_pestat] skip orientation RF
[M::mem_pestat] skip orientation RR
[M::process] read 1472342 sequences (200000047 bp)...
[M::mem_process_seqs] Processed 1466738 reads in 455.029 CPU sec, 49.234 real sec
[M::mem_pestat] # candidate unique pairs for (FF, FR, RF, RR): (247, 558430, 138, 117)
[M::mem_pestat] analyzing insert size distribution for orientation FF...
[M::mem_pestat] (25, 50, 75) percentile: (328, 499, 749)
[M::mem_pestat] low and high boundaries for computing mean and std.dev: (1, 1591)
[M::mem_pestat] mean and std.dev: (534.26, 302.10)
[M::mem_pestat] low and high boundaries for proper pairs: (1, 2012)
[M::mem_pestat] analyzing insert size distribution for orientation FR...
[M::mem_pestat] (25, 50, 75) percentile: (280, 370, 473)
[M::mem_pestat] low and high boundaries for computing mean and std.dev: (1, 859)
[M::mem_pestat] mean and std.dev: (383.15, 143.20)
[M::mem_pestat] low and high boundaries for proper pairs: (1, 1052)
[M::mem_pestat] analyzing insert size distribution for orientation RF...
[M::mem_pestat] (25, 50, 75) percentile: (78, 381, 1814)
[M::mem_pestat] low and high boundaries for computing mean and std.dev: (1, 5286)
[M::mem_pestat] mean and std.dev: (1024.91, 1383.60)
[M::mem_pestat] low and high boundaries for proper pairs: (1, 7022)
[M::mem_pestat] analyzing insert size distribution for orientation RR...
[M::mem_pestat] (25, 50, 75) percentile: (241, 451, 869)
[M::mem_pestat] low and high boundaries for computing mean and std.dev: (1, 2125)
[M::mem_pestat] mean and std.dev: (563.52, 416.96)
[M::mem_pestat] low and high boundaries for proper pairs: (1, 2753)
[M::mem_pestat] skip orientation FF
[M::mem_pestat] skip orientation RF
[M::mem_pestat] skip orientation RR
[M::process] read 1463150 sequences (200000079 bp)...
[M::mem_process_seqs] Processed 1472342 reads in 466.051 CPU sec, 50.393 real sec
[M::mem_pestat] # candidate unique pairs for (FF, FR, RF, RR): (213, 559381, 131, 96)
[M::mem_pestat] analyzing insert size distribution for orientation FF...
[M::mem_pestat] (25, 50, 75) percentile: (323, 495, 861)
[M::mem_pestat] low and high boundaries for computing mean and std.dev: (1, 1937)
[M::mem_pestat] mean and std.dev: (558.91, 359.63)
[M::mem_pestat] low and high boundaries for proper pairs: (1, 2475)
[M::mem_pestat] analyzing insert size distribution for orientation FR...
[M::mem_pestat] (25, 50, 75) percentile: (286, 378, 486)
[M::mem_pestat] low and high boundaries for computing mean and std.dev: (1, 886)
[M::mem_pestat] mean and std.dev: (393.35, 149.73)
[M::mem_pestat] low and high boundaries for proper pairs: (1, 1086)
[M::mem_pestat] analyzing insert size distribution for orientation RF...
[M::mem_pestat] (25, 50, 75) percentile: (126, 482, 3331)
[M::mem_pestat] low and high boundaries for computing mean and std.dev: (1, 9741)
[M::mem_pestat] mean and std.dev: (1968.65, 2375.88)
[M::mem_pestat] low and high boundaries for proper pairs: (1, 12946)
[M::mem_pestat] analyzing insert size distribution for orientation RR...
[M::mem_pestat] (25, 50, 75) percentile: (280, 532, 1354)
[M::mem_pestat] low and high boundaries for computing mean and std.dev: (1, 3502)
[M::mem_pestat] mean and std.dev: (869.47, 894.68)
[M::mem_pestat] low and high boundaries for proper pairs: (1, 4576)
[M::mem_pestat] skip orientation FF
[M::mem_pestat] skip orientation RF
[M::mem_pestat] skip orientation RR
[M::process] read 1465854 sequences (200000107 bp)...
[M::mem_process_seqs] Processed 1463150 reads in 454.703 CPU sec, 49.290 real sec
[M::mem_pestat] # candidate unique pairs for (FF, FR, RF, RR): (181, 558408, 132, 90)
[M::mem_pestat] analyzing insert size distribution for orientation FF...
[M::mem_pestat] (25, 50, 75) percentile: (329, 516, 696)
[M::mem_pestat] low and high boundaries for computing mean and std.dev: (1, 1430)
[M::mem_pestat] mean and std.dev: (513.78, 277.86)
[M::mem_pestat] low and high boundaries for proper pairs: (1, 1797)
[M::mem_pestat] analyzing insert size distribution for orientation FR...
[M::mem_pestat] (25, 50, 75) percentile: (286, 377, 484)
[M::mem_pestat] low and high boundaries for computing mean and std.dev: (1, 880)
[M::mem_pestat] mean and std.dev: (391.89, 148.31)
[M::mem_pestat] low and high boundaries for proper pairs: (1, 1078)
[M::mem_pestat] analyzing insert size distribution for orientation RF...
[M::mem_pestat] (25, 50, 75) percentile: (97, 485, 3264)
[M::mem_pestat] low and high boundaries for computing mean and std.dev: (1, 9598)
[M::mem_pestat] mean and std.dev: (1665.72, 2243.32)
[M::mem_pestat] low and high boundaries for proper pairs: (1, 12765)
[M::mem_pestat] analyzing insert size distribution for orientation RR...
[M::mem_pestat] (25, 50, 75) percentile: (285, 585, 1062)
[M::mem_pestat] low and high boundaries for computing mean and std.dev: (1, 2616)
[M::mem_pestat] mean and std.dev: (702.30, 588.87)
[M::mem_pestat] low and high boundaries for proper pairs: (1, 3393)
[M::mem_pestat] skip orientation FF
[M::mem_pestat] skip orientation RF
[M::mem_pestat] skip orientation RR
[M::process] read 1468486 sequences (200000042 bp)...
[M::mem_process_seqs] Processed 1465854 reads in 459.089 CPU sec, 49.654 real sec
[M::mem_pestat] # candidate unique pairs for (FF, FR, RF, RR): (200, 557267, 123, 111)
[M::mem_pestat] analyzing insert size distribution for orientation FF...
[M::mem_pestat] (25, 50, 75) percentile: (381, 534, 770)
[M::mem_pestat] low and high boundaries for computing mean and std.dev: (1, 1548)
[M::mem_pestat] mean and std.dev: (551.73, 282.29)
[M::mem_pestat] low and high boundaries for proper pairs: (1, 1937)
[M::mem_pestat] analyzing insert size distribution for orientation FR...
[M::mem_pestat] (25, 50, 75) percentile: (282, 372, 477)
[M::mem_pestat] low and high boundaries for computing mean and std.dev: (1, 867)
[M::mem_pestat] mean and std.dev: (386.23, 144.70)
[M::mem_pestat] low and high boundaries for proper pairs: (1, 1062)
[M::mem_pestat] analyzing insert size distribution for orientation RF...
[M::mem_pestat] (25, 50, 75) percentile: (57, 337, 2409)
[M::mem_pestat] low and high boundaries for computing mean and std.dev: (1, 7113)
[M::mem_pestat] mean and std.dev: (1256.06, 1838.84)
[M::mem_pestat] low and high boundaries for proper pairs: (1, 9465)
[M::mem_pestat] analyzing insert size distribution for orientation RR...
[M::mem_pestat] (25, 50, 75) percentile: (326, 708, 1384)
[M::mem_pestat] low and high boundaries for computing mean and std.dev: (1, 3500)
[M::mem_pestat] mean and std.dev: (818.73, 687.20)
[M::mem_pestat] low and high boundaries for proper pairs: (1, 4558)
[M::mem_pestat] skip orientation FF
[M::mem_pestat] skip orientation RF
[M::mem_pestat] skip orientation RR
[M::process] read 1481632 sequences (200000225 bp)...
[M::mem_process_seqs] Processed 1468486 reads in 456.174 CPU sec, 49.451 real sec
[M::mem_pestat] # candidate unique pairs for (FF, FR, RF, RR): (247, 565098, 124, 115)
[M::mem_pestat] analyzing insert size distribution for orientation FF...
[M::mem_pestat] (25, 50, 75) percentile: (346, 508, 871)
[M::mem_pestat] low and high boundaries for computing mean and std.dev: (1, 1921)
[M::mem_pestat] mean and std.dev: (583.50, 371.33)
[M::mem_pestat] low and high boundaries for proper pairs: (1, 2446)
[M::mem_pestat] analyzing insert size distribution for orientation FR...
[M::mem_pestat] (25, 50, 75) percentile: (284, 374, 478)
[M::mem_pestat] low and high boundaries for computing mean and std.dev: (1, 866)
[M::mem_pestat] mean and std.dev: (387.54, 145.44)
[M::mem_pestat] low and high boundaries for proper pairs: (1, 1060)
[M::mem_pestat] analyzing insert size distribution for orientation RF...
[M::mem_pestat] (25, 50, 75) percentile: (100, 821, 3961)
[M::mem_pestat] low and high boundaries for computing mean and std.dev: (1, 11683)
[M::mem_pestat] mean and std.dev: (2196.85, 2599.77)
[M::mem_pestat] low and high boundaries for proper pairs: (1, 15544)
[M::mem_pestat] analyzing insert size distribution for orientation RR...
[M::mem_pestat] (25, 50, 75) percentile: (251, 497, 829)
[M::mem_pestat] low and high boundaries for computing mean and std.dev: (1, 1985)
[M::mem_pestat] mean and std.dev: (512.80, 357.22)
[M::mem_pestat] low and high boundaries for proper pairs: (1, 2563)
[M::mem_pestat] skip orientation FF
[M::mem_pestat] skip orientation RF
[M::mem_pestat] skip orientation RR
[M::process] read 1479562 sequences (200000227 bp)...
[M::mem_process_seqs] Processed 1481632 reads in 526.490 CPU sec, 56.477 real sec
[M::mem_pestat] # candidate unique pairs for (FF, FR, RF, RR): (270, 564985, 146, 129)
[M::mem_pestat] analyzing insert size distribution for orientation FF...
[M::mem_pestat] (25, 50, 75) percentile: (313, 500, 778)
[M::mem_pestat] low and high boundaries for computing mean and std.dev: (1, 1708)
[M::mem_pestat] mean and std.dev: (536.67, 315.71)
[M::mem_pestat] low and high boundaries for proper pairs: (1, 2173)
[M::mem_pestat] analyzing insert size distribution for orientation FR...
[M::mem_pestat] (25, 50, 75) percentile: (285, 375, 481)
[M::mem_pestat] low and high boundaries for computing mean and std.dev: (1, 873)
[M::mem_pestat] mean and std.dev: (389.89, 146.80)
[M::mem_pestat] low and high boundaries for proper pairs: (1, 1069)
[M::mem_pestat] analyzing insert size distribution for orientation RF...
[M::mem_pestat] (25, 50, 75) percentile: (61, 386, 1985)
[M::mem_pestat] low and high boundaries for computing mean and std.dev: (1, 5833)
[M::mem_pestat] mean and std.dev: (797.99, 1232.72)
[M::mem_pestat] low and high boundaries for proper pairs: (1, 7757)
[M::mem_pestat] analyzing insert size distribution for orientation RR...
[M::mem_pestat] (25, 50, 75) percentile: (300, 577, 1296)
[M::mem_pestat] low and high boundaries for computing mean and std.dev: (1, 3288)
[M::mem_pestat] mean and std.dev: (803.23, 690.96)
[M::mem_pestat] low and high boundaries for proper pairs: (1, 4284)
[M::mem_pestat] skip orientation FF
[M::mem_pestat] skip orientation RF
[M::mem_pestat] skip orientation RR
[M::process] read 1501858 sequences (200000008 bp)...
[M::mem_process_seqs] Processed 1479562 reads in 545.238 CPU sec, 58.437 real sec
[M::process] read 799670 sequences (108961181 bp)...
[M::mem_pestat] # candidate unique pairs for (FF, FR, RF, RR): (241, 543591, 117, 88)
[M::mem_pestat] analyzing insert size distribution for orientation FF...
[M::mem_pestat] (25, 50, 75) percentile: (368, 493, 731)
[M::mem_pestat] low and high boundaries for computing mean and std.dev: (1, 1457)
[M::mem_pestat] mean and std.dev: (541.52, 277.75)
[M::mem_pestat] low and high boundaries for proper pairs: (1, 1820)
[M::mem_pestat] analyzing insert size distribution for orientation FR...
[M::mem_pestat] (25, 50, 75) percentile: (284, 375, 480)
[M::mem_pestat] low and high boundaries for computing mean and std.dev: (1, 872)
[M::mem_pestat] mean and std.dev: (389.10, 146.32)
[M::mem_pestat] low and high boundaries for proper pairs: (1, 1068)
[M::mem_pestat] analyzing insert size distribution for orientation RF...
[M::mem_pestat] (25, 50, 75) percentile: (58, 382, 1504)
[M::mem_pestat] low and high boundaries for computing mean and std.dev: (1, 4396)
[M::mem_pestat] mean and std.dev: (748.60, 1046.71)
[M::mem_pestat] low and high boundaries for proper pairs: (1, 5842)
[M::mem_pestat] analyzing insert size distribution for orientation RR...
[M::mem_pestat] (25, 50, 75) percentile: (241, 476, 1322)
[M::mem_pestat] low and high boundaries for computing mean and std.dev: (1, 3484)
[M::mem_pestat] mean and std.dev: (828.72, 905.73)
[M::mem_pestat] low and high boundaries for proper pairs: (1, 4565)
[M::mem_pestat] skip orientation FF
[M::mem_pestat] skip orientation RF
[M::mem_pestat] skip orientation RR
[M::mem_process_seqs] Processed 1501858 reads in 517.367 CPU sec, 55.647 real sec
[M::mem_pestat] # candidate unique pairs for (FF, FR, RF, RR): (132, 303660, 73, 70)
[M::mem_pestat] analyzing insert size distribution for orientation FF...
[M::mem_pestat] (25, 50, 75) percentile: (366, 519, 748)
[M::mem_pestat] low and high boundaries for computing mean and std.dev: (1, 1512)
[M::mem_pestat] mean and std.dev: (546.34, 287.23)
[M::mem_pestat] low and high boundaries for proper pairs: (1, 1894)
[M::mem_pestat] analyzing insert size distribution for orientation FR...
[M::mem_pestat] (25, 50, 75) percentile: (281, 371, 474)
[M::mem_pestat] low and high boundaries for computing mean and std.dev: (1, 860)
[M::mem_pestat] mean and std.dev: (384.58, 143.42)
[M::mem_pestat] low and high boundaries for proper pairs: (1, 1053)
[M::mem_pestat] analyzing insert size distribution for orientation RF...
[M::mem_pestat] (25, 50, 75) percentile: (97, 272, 3369)
[M::mem_pestat] low and high boundaries for computing mean and std.dev: (1, 9913)
[M::mem_pestat] mean and std.dev: (1786.75, 2533.78)
[M::mem_pestat] low and high boundaries for proper pairs: (1, 13185)
[M::mem_pestat] analyzing insert size distribution for orientation RR...
[M::mem_pestat] (25, 50, 75) percentile: (354, 581, 1066)
[M::mem_pestat] low and high boundaries for computing mean and std.dev: (1, 2490)
[M::mem_pestat] mean and std.dev: (703.36, 482.81)
[M::mem_pestat] low and high boundaries for proper pairs: (1, 3202)
[M::mem_pestat] skip orientation FF
[M::mem_pestat] skip orientation RF
[M::mem_pestat] skip orientation RR
[M::mem_process_seqs] Processed 799670 reads in 248.558 CPU sec, 27.599 real sec
[main] Version: 0.7.17-r1188
[main] CMD: bwasamblaster: Marked 3251360 of 30496349 (10.66%) read ids as duplicates mem -t using 506464k memory in  201M -R11S @RG\tID:SR_CL_19T_275\tPL:ILLUMINA\tPU:HJMFJDSX7.4\tSM:SR_CL_19T_275\tCN:MCGILL\tBC:AGGAGGTATC-TGCCAACTGG(70.703S) /storage/scratch/iee/dj20y461/Stickleback/G_aculeatus/FITNESS//data/ref_A_X/stickleback_v5_assembly_A_X.fasta CPU seconds and  /storage/scratch/iee/dj20y461/Stickleback/G_aculeatus/FITNESS//data/trimmed/SR_CL_19T_275.R1.trimmed.fastq.gz39M /storage/scratch/iee/dj20y461/Stickleback/G_aculeatus/FITNESS//data/trimmed/SR_CL_19T_275.R2.trimmed.fastq.gz3S(2343S)
[main] Real time: 2342.752 sec; CPU: 19347.768 sec
 wall time.
[bam_sort_core] merging from 20 files and 20 in-memory blocks...
