samblaster: Version 0.1.24
samblaster: Inputting from stdin
samblaster: Outputting to stdout
[M::bwa_idx_load_from_disk] read 0 ALT contigs
[M::process] read 1466746 sequences (200000056 bp)...
[M::mem_pestat] # candidate unique pairs for (FF, FR, RF, RR): (124, 529405, 105, 53)
[M::mem_pestat] analyzing insert size distribution for orientation FF...
[M::mem_pestat] (25, 50, 75) percentile: (287, 432, 663)
[M::mem_pestat] low and high boundaries for computing mean and std.dev: (1, 1415)
[M::mem_pestat] mean and std.dev: (439.65, 265.06)
[M::mem_pestat] low and high boundaries for proper pairs: (1, 1791)
[M::mem_pestat] analyzing insert size distribution for orientation FR...
[M::mem_pestat] (25, 50, 75) percentile: (280, 369, 476)
[M::mem_pestat] low and high boundaries for computing mean and std.dev: (1, 868)
[M::mem_pestat] mean and std.dev: (385.87, 147.05)
[M::mem_pestat] low and high boundaries for proper pairs: (1, 1064)
[M::mem_pestat] analyzing insert size distribution for orientation RF...
[M::mem_pestat] (25, 50, 75) percentile: (56, 488, 1220)
[M::mem_pestat] low and high boundaries for computing mean and std.dev: (1, 3548)
[M::mem_pestat] mean and std.dev: (514.22, 653.60)
[M::mem_pestat] low and high boundaries for proper pairs: (1, 4712)
[M::mem_pestat] analyzing insert size distribution for orientation RR...
[M::mem_pestat] (25, 50, 75) percentile: (271, 578, 2953)
[M::mem_pestat] low and high boundaries for computing mean and std.dev: (1, 8317)
[M::mem_pestat] mean and std.dev: (1560.75, 1796.60)
[M::mem_pestat] low and high boundaries for proper pairs: (1, 10999)
[M::mem_pestat] skip orientation FF
[M::mem_pestat] skip orientation RF
[M::mem_pestat] skip orientation RR
[M::mem_process_seqs] Processed 1466746 reads in 465.109 CPU sec, 110.368 real sec
samblaster: Loaded 23 header sequence entries.
[M::process] read 1463210 sequences (200000135 bp)...
[M::process] read 1464772 sequences (200000029 bp)...
[M::mem_pestat] # candidate unique pairs for (FF, FR, RF, RR): (94, 528113, 128, 46)
[M::mem_pestat] analyzing insert size distribution for orientation FF...
[M::mem_pestat] (25, 50, 75) percentile: (303, 475, 726)
[M::mem_pestat] low and high boundaries for computing mean and std.dev: (1, 1572)
[M::mem_pestat] mean and std.dev: (523.77, 315.19)
[M::mem_pestat] low and high boundaries for proper pairs: (1, 1995)
[M::mem_pestat] analyzing insert size distribution for orientation FR...
[M::mem_pestat] (25, 50, 75) percentile: (285, 375, 486)
[M::mem_pestat] low and high boundaries for computing mean and std.dev: (1, 888)
[M::mem_pestat] mean and std.dev: (393.63, 150.52)
[M::mem_pestat] low and high boundaries for proper pairs: (1, 1089)
[M::mem_pestat] analyzing insert size distribution for orientation RF...
[M::mem_pestat] (25, 50, 75) percentile: (80, 669, 4146)
[M::mem_pestat] low and high boundaries for computing mean and std.dev: (1, 12278)
[M::mem_pestat] mean and std.dev: (2232.33, 2871.03)
[M::mem_pestat] low and high boundaries for proper pairs: (1, 16344)
[M::mem_pestat] analyzing insert size distribution for orientation RR...
[M::mem_pestat] (25, 50, 75) percentile: (198, 405, 659)
[M::mem_pestat] low and high boundaries for computing mean and std.dev: (1, 1581)
[M::mem_pestat] mean and std.dev: (389.67, 273.41)
[M::mem_pestat] low and high boundaries for proper pairs: (1, 2042)
[M::mem_pestat] skip orientation FF
[M::mem_pestat] skip orientation RF
[M::mem_pestat] skip orientation RR
[M::mem_process_seqs] Processed 1463210 reads in 438.034 CPU sec, 46.950 real sec
[M::process] read 1468170 sequences (200000127 bp)...
[M::mem_pestat] # candidate unique pairs for (FF, FR, RF, RR): (94, 528017, 117, 63)
[M::mem_pestat] analyzing insert size distribution for orientation FF...
[M::mem_pestat] (25, 50, 75) percentile: (300, 446, 598)
[M::mem_pestat] low and high boundaries for computing mean and std.dev: (1, 1194)
[M::mem_pestat] mean and std.dev: (462.32, 250.75)
[M::mem_pestat] low and high boundaries for proper pairs: (1, 1492)
[M::mem_pestat] analyzing insert size distribution for orientation FR...
[M::mem_pestat] (25, 50, 75) percentile: (286, 375, 484)
[M::mem_pestat] low and high boundaries for computing mean and std.dev: (1, 880)
[M::mem_pestat] mean and std.dev: (392.44, 148.31)
[M::mem_pestat] low and high boundaries for proper pairs: (1, 1078)
[M::mem_pestat] analyzing insert size distribution for orientation RF...
[M::mem_pestat] (25, 50, 75) percentile: (126, 604, 3654)
[M::mem_pestat] low and high boundaries for computing mean and std.dev: (1, 10710)
[M::mem_pestat] mean and std.dev: (2007.62, 2332.95)
[M::mem_pestat] low and high boundaries for proper pairs: (1, 14238)
[M::mem_pestat] analyzing insert size distribution for orientation RR...
[M::mem_pestat] (25, 50, 75) percentile: (253, 560, 1077)
[M::mem_pestat] low and high boundaries for computing mean and std.dev: (1, 2725)
[M::mem_pestat] mean and std.dev: (587.93, 511.83)
[M::mem_pestat] low and high boundaries for proper pairs: (1, 3549)
[M::mem_pestat] skip orientation FF
[M::mem_pestat] skip orientation RF
[M::mem_pestat] skip orientation RR
[M::mem_process_seqs] Processed 1464772 reads in 441.303 CPU sec, 48.955 real sec
[M::mem_pestat] # candidate unique pairs for (FF, FR, RF, RR): (119, 528112, 117, 68)
[M::mem_pestat] analyzing insert size distribution for orientation FF...
[M::mem_pestat] (25, 50, 75) percentile: (275, 416, 771)
[M::mem_pestat] low and high boundaries for computing mean and std.dev: (1, 1763)
[M::mem_pestat] mean and std.dev: (479.04, 307.39)
[M::mem_pestat] low and high boundaries for proper pairs: (1, 2259)
[M::mem_pestat] analyzing insert size distribution for orientation FR...
[M::mem_pestat] (25, 50, 75) percentile: (283, 371, 477)
[M::mem_pestat] low and high boundaries for computing mean and std.dev: (1, 865)
[M::mem_pestat] mean and std.dev: (387.25, 144.03)
[M::mem_pestat] low and high boundaries for proper pairs: (1, 1059)
[M::mem_pestat] analyzing insert size distribution for orientation RF...
[M::mem_pestat] (25, 50, 75) percentile: (145, 732, 4346)
[M::mem_pestat] low and high boundaries for computing mean and std.dev: (1, 12748)
[M::mem_pestat] mean and std.dev: (2223.03, 2641.38)
[M::mem_pestat] low and high boundaries for proper pairs: (1, 16949)
[M::mem_pestat] analyzing insert size distribution for orientation RR...
[M::mem_pestat] (25, 50, 75) percentile: (210, 396, 979)
[M::mem_pestat] low and high boundaries for computing mean and std.dev: (1, 2517)
[M::mem_pestat] mean and std.dev: (593.29, 556.38)
[M::mem_pestat] low and high boundaries for proper pairs: (1, 3286)
[M::mem_pestat] skip orientation FF
[M::mem_pestat] skip orientation RF
[M::mem_pestat] skip orientation RR
[M::process] read 1471602 sequences (200000147 bp)...
[M::mem_process_seqs] Processed 1468170 reads in 443.332 CPU sec, 48.760 real sec
[M::process] read 1464686 sequences (200000092 bp)...
[M::mem_pestat] # candidate unique pairs for (FF, FR, RF, RR): (106, 526771, 108, 68)
[M::mem_pestat] analyzing insert size distribution for orientation FF...
[M::mem_pestat] (25, 50, 75) percentile: (314, 507, 789)
[M::mem_pestat] low and high boundaries for computing mean and std.dev: (1, 1739)
[M::mem_pestat] mean and std.dev: (531.72, 316.37)
[M::mem_pestat] low and high boundaries for proper pairs: (1, 2214)
[M::mem_pestat] analyzing insert size distribution for orientation FR...
[M::mem_pestat] (25, 50, 75) percentile: (280, 367, 471)
[M::mem_pestat] low and high boundaries for computing mean and std.dev: (1, 853)
[M::mem_pestat] mean and std.dev: (382.05, 140.81)
[M::mem_pestat] low and high boundaries for proper pairs: (1, 1044)
[M::mem_pestat] analyzing insert size distribution for orientation RF...
[M::mem_pestat] (25, 50, 75) percentile: (75, 775, 4099)
[M::mem_pestat] low and high boundaries for computing mean and std.dev: (1, 12147)
[M::mem_pestat] mean and std.dev: (2097.18, 2655.01)
[M::mem_pestat] low and high boundaries for proper pairs: (1, 16171)
[M::mem_pestat] analyzing insert size distribution for orientation RR...
[M::mem_pestat] (25, 50, 75) percentile: (249, 497, 1073)
[M::mem_pestat] low and high boundaries for computing mean and std.dev: (1, 2721)
[M::mem_pestat] mean and std.dev: (578.27, 464.09)
[M::mem_pestat] low and high boundaries for proper pairs: (1, 3545)
[M::mem_pestat] skip orientation FF
[M::mem_pestat] skip orientation RF
[M::mem_pestat] skip orientation RR
[M::mem_process_seqs] Processed 1471602 reads in 445.074 CPU sec, 49.152 real sec
[M::mem_pestat] # candidate unique pairs for (FF, FR, RF, RR): (93, 528355, 92, 44)
[M::mem_pestat] analyzing insert size distribution for orientation FF...
[M::mem_pestat] (25, 50, 75) percentile: (346, 539, 1034)
[M::mem_pestat] low and high boundaries for computing mean and std.dev: (1, 2410)
[M::mem_pestat] mean and std.dev: (653.01, 487.51)
[M::mem_pestat] low and high boundaries for proper pairs: (1, 3098)
[M::mem_pestat] analyzing insert size distribution for orientation FR...
[M::mem_pestat] (25, 50, 75) percentile: (284, 374, 483)
[M::mem_pestat] low and high boundaries for computing mean and std.dev: (1, 881)
[M::mem_pestat] mean and std.dev: (391.56, 149.35)
[M::mem_pestat] low and high boundaries for proper pairs: (1, 1080)
[M::mem_pestat] analyzing insert size distribution for orientation RF...
[M::mem_pestat] (25, 50, 75) percentile: (74, 415, 2092)
[M::mem_pestat] low and high boundaries for computing mean and std.dev: (1, 6128)
[M::mem_pestat] mean and std.dev: (1090.27, 1628.35)
[M::mem_pestat] low and high boundaries for proper pairs: (1, 8146)
[M::mem_pestat] analyzing insert size distribution for orientation RR...
[M::mem_pestat] (25, 50, 75) percentile: (217, 381, 867)
[M::mem_pestat] low and high boundaries for computing mean and std.dev: (1, 2167)
[M::mem_pestat] mean and std.dev: (486.22, 402.39)
[M::mem_pestat] low and high boundaries for proper pairs: (1, 2817)
[M::mem_pestat] skip orientation FF
[M::mem_pestat] skip orientation RF
[M::mem_pestat] skip orientation RR
[M::mem_process_seqs] Processed 1464686 reads in 454.033 CPU sec, 73.490 real sec
[M::process] read 1466462 sequences (200000253 bp)...
[M::process] read 1468754 sequences (200000140 bp)...
[M::mem_pestat] # candidate unique pairs for (FF, FR, RF, RR): (115, 527985, 110, 48)
[M::mem_pestat] analyzing insert size distribution for orientation FF...
[M::mem_pestat] (25, 50, 75) percentile: (347, 555, 843)
[M::mem_pestat] low and high boundaries for computing mean and std.dev: (1, 1835)
[M::mem_pestat] mean and std.dev: (566.28, 331.34)
[M::mem_pestat] low and high boundaries for proper pairs: (1, 2331)
[M::mem_pestat] analyzing insert size distribution for orientation FR...
[M::mem_pestat] (25, 50, 75) percentile: (286, 375, 485)
[M::mem_pestat] low and high boundaries for computing mean and std.dev: (1, 883)
[M::mem_pestat] mean and std.dev: (393.22, 148.75)
[M::mem_pestat] low and high boundaries for proper pairs: (1, 1082)
[M::mem_pestat] analyzing insert size distribution for orientation RF...
[M::mem_pestat] (25, 50, 75) percentile: (101, 414, 3562)
[M::mem_pestat] low and high boundaries for computing mean and std.dev: (1, 10484)
[M::mem_pestat] mean and std.dev: (1943.13, 2706.92)
[M::mem_pestat] low and high boundaries for proper pairs: (1, 13945)
[M::mem_pestat] analyzing insert size distribution for orientation RR...
[M::mem_pestat] (25, 50, 75) percentile: (255, 471, 842)
[M::mem_pestat] low and high boundaries for computing mean and std.dev: (1, 2016)
[M::mem_pestat] mean and std.dev: (511.48, 362.09)
[M::mem_pestat] low and high boundaries for proper pairs: (1, 2603)
[M::mem_pestat] skip orientation FF
[M::mem_pestat] skip orientation RF
[M::mem_pestat] skip orientation RR
[M::mem_process_seqs] Processed 1466462 reads in 443.084 CPU sec, 46.338 real sec
[M::mem_pestat] # candidate unique pairs for (FF, FR, RF, RR): (105, 527808, 131, 53)
[M::mem_pestat] analyzing insert size distribution for orientation FF...
[M::mem_pestat] (25, 50, 75) percentile: (316, 497, 798)
[M::mem_pestat] low and high boundaries for computing mean and std.dev: (1, 1762)
[M::mem_pestat] mean and std.dev: (513.04, 298.48)
[M::mem_pestat] low and high boundaries for proper pairs: (1, 2244)
[M::mem_pestat] analyzing insert size distribution for orientation FR...
[M::mem_pestat] (25, 50, 75) percentile: (285, 374, 481)
[M::mem_pestat] low and high boundaries for computing mean and std.dev: (1, 873)
[M::mem_pestat] mean and std.dev: (390.88, 146.23)
[M::mem_pestat] low and high boundaries for proper pairs: (1, 1069)
[M::mem_pestat] analyzing insert size distribution for orientation RF...
[M::mem_pestat] (25, 50, 75) percentile: (75, 569, 3215)
[M::mem_pestat] low and high boundaries for computing mean and std.dev: (1, 9495)
[M::mem_pestat] mean and std.dev: (1811.97, 2379.78)
[M::mem_pestat] low and high boundaries for proper pairs: (1, 12635)
[M::mem_pestat] analyzing insert size distribution for orientation RR...
[M::mem_pestat] (25, 50, 75) percentile: (244, 525, 1303)
[M::mem_pestat] low and high boundaries for computing mean and std.dev: (1, 3421)
[M::mem_pestat] mean and std.dev: (714.20, 673.49)
[M::mem_pestat] low and high boundaries for proper pairs: (1, 4480)
[M::mem_pestat] skip orientation FF
[M::mem_pestat] skip orientation RF
[M::mem_pestat] skip orientation RR
[M::mem_process_seqs] Processed 1468754 reads in 447.085 CPU sec, 62.387 real sec
[M::process] read 1474860 sequences (200000088 bp)...
[M::process] read 1469400 sequences (200000083 bp)...
[M::mem_pestat] # candidate unique pairs for (FF, FR, RF, RR): (121, 526306, 120, 69)
[M::mem_pestat] analyzing insert size distribution for orientation FF...
[M::mem_pestat] (25, 50, 75) percentile: (338, 490, 672)
[M::mem_pestat] low and high boundaries for computing mean and std.dev: (1, 1340)
[M::mem_pestat] mean and std.dev: (488.94, 225.29)
[M::mem_pestat] low and high boundaries for proper pairs: (1, 1674)
[M::mem_pestat] analyzing insert size distribution for orientation FR...
[M::mem_pestat] (25, 50, 75) percentile: (281, 368, 472)
[M::mem_pestat] low and high boundaries for computing mean and std.dev: (1, 854)
[M::mem_pestat] mean and std.dev: (383.06, 140.31)
[M::mem_pestat] low and high boundaries for proper pairs: (1, 1045)
[M::mem_pestat] analyzing insert size distribution for orientation RF...
[M::mem_pestat] (25, 50, 75) percentile: (135, 668, 3582)
[M::mem_pestat] low and high boundaries for computing mean and std.dev: (1, 10476)
[M::mem_pestat] mean and std.dev: (2212.08, 2684.49)
[M::mem_pestat] low and high boundaries for proper pairs: (1, 13923)
[M::mem_pestat] analyzing insert size distribution for orientation RR...
[M::mem_pestat] (25, 50, 75) percentile: (242, 652, 1535)
[M::mem_pestat] low and high boundaries for computing mean and std.dev: (1, 4121)
[M::mem_pestat] mean and std.dev: (839.13, 916.08)
[M::mem_pestat] low and high boundaries for proper pairs: (1, 5414)
[M::mem_pestat] skip orientation FF
[M::mem_pestat] skip orientation RF
[M::mem_pestat] skip orientation RR
[M::mem_process_seqs] Processed 1474860 reads in 446.495 CPU sec, 45.302 real sec
[M::process] read 1460516 sequences (200000174 bp)...
[M::mem_pestat] # candidate unique pairs for (FF, FR, RF, RR): (100, 527060, 106, 69)
[M::mem_pestat] analyzing insert size distribution for orientation FF...
[M::mem_pestat] (25, 50, 75) percentile: (308, 480, 727)
[M::mem_pestat] low and high boundaries for computing mean and std.dev: (1, 1565)
[M::mem_pestat] mean and std.dev: (500.28, 293.53)
[M::mem_pestat] low and high boundaries for proper pairs: (1, 1984)
[M::mem_pestat] analyzing insert size distribution for orientation FR...
[M::mem_pestat] (25, 50, 75) percentile: (281, 369, 475)
[M::mem_pestat] low and high boundaries for computing mean and std.dev: (1, 863)
[M::mem_pestat] mean and std.dev: (384.57, 144.10)
[M::mem_pestat] low and high boundaries for proper pairs: (1, 1057)
[M::mem_pestat] analyzing insert size distribution for orientation RF...
[M::mem_pestat] (25, 50, 75) percentile: (78, 510, 2493)
[M::mem_pestat] low and high boundaries for computing mean and std.dev: (1, 7323)
[M::mem_pestat] mean and std.dev: (1463.09, 1952.77)
[M::mem_pestat] low and high boundaries for proper pairs: (1, 9738)
[M::mem_pestat] analyzing insert size distribution for orientation RR...
[M::mem_pestat] (25, 50, 75) percentile: (242, 415, 705)
[M::mem_pestat] low and high boundaries for computing mean and std.dev: (1, 1631)
[M::mem_pestat] mean and std.dev: (415.27, 276.69)
[M::mem_pestat] low and high boundaries for proper pairs: (1, 2094)
[M::mem_pestat] skip orientation FF
[M::mem_pestat] skip orientation RF
[M::mem_pestat] skip orientation RR
[M::mem_process_seqs] Processed 1469400 reads in 441.340 CPU sec, 47.741 real sec
[M::mem_pestat] # candidate unique pairs for (FF, FR, RF, RR): (119, 527215, 112, 61)
[M::mem_pestat] analyzing insert size distribution for orientation FF...
[M::mem_pestat] (25, 50, 75) percentile: (344, 528, 823)
[M::mem_pestat] low and high boundaries for computing mean and std.dev: (1, 1781)
[M::mem_pestat] mean and std.dev: (563.49, 330.55)
[M::mem_pestat] low and high boundaries for proper pairs: (1, 2260)
[M::mem_pestat] analyzing insert size distribution for orientation FR...
[M::mem_pestat] (25, 50, 75) percentile: (286, 377, 489)
[M::mem_pestat] low and high boundaries for computing mean and std.dev: (1, 895)
[M::mem_pestat] mean and std.dev: (395.93, 152.51)
[M::mem_pestat] low and high boundaries for proper pairs: (1, 1098)
[M::mem_pestat] analyzing insert size distribution for orientation RF...
[M::mem_pestat] (25, 50, 75) percentile: (63, 423, 2865)
[M::mem_pestat] low and high boundaries for computing mean and std.dev: (1, 8469)
[M::mem_pestat] mean and std.dev: (1434.87, 2151.00)
[M::mem_pestat] low and high boundaries for proper pairs: (1, 11271)
[M::mem_pestat] analyzing insert size distribution for orientation RR...
[M::mem_pestat] (25, 50, 75) percentile: (274, 533, 980)
[M::mem_pestat] low and high boundaries for computing mean and std.dev: (1, 2392)
[M::mem_pestat] mean and std.dev: (644.19, 527.52)
[M::mem_pestat] low and high boundaries for proper pairs: (1, 3098)
[M::mem_pestat] skip orientation FF
[M::mem_pestat] skip orientation RF
[M::mem_pestat] skip orientation RR
[M::process] read 1463388 sequences (200000241 bp)...
[M::mem_process_seqs] Processed 1460516 reads in 440.566 CPU sec, 47.602 real sec
[M::mem_pestat] # candidate unique pairs for (FF, FR, RF, RR): (100, 527427, 108, 49)
[M::mem_pestat] analyzing insert size distribution for orientation FF...
[M::mem_pestat] (25, 50, 75) percentile: (357, 560, 986)
[M::mem_pestat] low and high boundaries for computing mean and std.dev: (1, 2244)
[M::mem_pestat] mean and std.dev: (634.80, 471.57)
[M::mem_pestat] low and high boundaries for proper pairs: (1, 2873)
[M::mem_pestat] analyzing insert size distribution for orientation FR...
[M::mem_pestat] (25, 50, 75) percentile: (287, 377, 488)
[M::mem_pestat] low and high boundaries for computing mean and std.dev: (1, 890)
[M::mem_pestat] mean and std.dev: (395.53, 150.27)
[M::mem_pestat] low and high boundaries for proper pairs: (1, 1091)
[M::mem_pestat] analyzing insert size distribution for orientation RF...
[M::mem_pestat] (25, 50, 75) percentile: (104, 300, 1067)
[M::mem_pestat] low and high boundaries for computing mean and std.dev: (1, 2993)
[M::mem_pestat] mean and std.dev: (427.96, 544.23)
[M::mem_pestat] low and high boundaries for proper pairs: (1, 3956)
[M::mem_pestat] analyzing insert size distribution for orientation RR...
[M::mem_pestat] (25, 50, 75) percentile: (260, 541, 952)
[M::mem_pestat] low and high boundaries for computing mean and std.dev: (1, 2336)
[M::mem_pestat] mean and std.dev: (556.73, 388.96)
[M::mem_pestat] low and high boundaries for proper pairs: (1, 3028)
[M::mem_pestat] skip orientation FF
[M::mem_pestat] skip orientation RF
[M::mem_pestat] skip orientation RR
[M::process] read 1466734 sequences (200000040 bp)...
[M::mem_process_seqs] Processed 1463388 reads in 443.901 CPU sec, 47.918 real sec
[M::mem_pestat] # candidate unique pairs for (FF, FR, RF, RR): (111, 526754, 131, 48)
[M::mem_pestat] analyzing insert size distribution for orientation FF...
[M::mem_pestat] (25, 50, 75) percentile: (275, 466, 693)
[M::mem_pestat] low and high boundaries for computing mean and std.dev: (1, 1529)
[M::mem_pestat] mean and std.dev: (490.72, 286.02)
[M::mem_pestat] low and high boundaries for proper pairs: (1, 1947)
[M::mem_pestat] analyzing insert size distribution for orientation FR...
[M::mem_pestat] (25, 50, 75) percentile: (285, 374, 482)
[M::mem_pestat] low and high boundaries for computing mean and std.dev: (1, 876)
[M::mem_pestat] mean and std.dev: (390.71, 146.67)
[M::mem_pestat] low and high boundaries for proper pairs: (1, 1073)
[M::mem_pestat] analyzing insert size distribution for orientation RF...
[M::mem_pestat] (25, 50, 75) percentile: (150, 611, 3953)
[M::mem_pestat] low and high boundaries for computing mean and std.dev: (1, 11559)
[M::mem_pestat] mean and std.dev: (2239.30, 2851.73)
[M::mem_pestat] low and high boundaries for proper pairs: (1, 15362)
[M::mem_pestat] analyzing insert size distribution for orientation RR...
[M::mem_pestat] (25, 50, 75) percentile: (201, 368, 846)
[M::mem_pestat] low and high boundaries for computing mean and std.dev: (1, 2136)
[M::mem_pestat] mean and std.dev: (484.65, 405.86)
[M::mem_pestat] low and high boundaries for proper pairs: (1, 2781)
[M::mem_pestat] skip orientation FF
[M::mem_pestat] skip orientation RF
[M::mem_pestat] skip orientation RR
[M::process] read 1474808 sequences (200000033 bp)...
[M::mem_process_seqs] Processed 1466734 reads in 444.802 CPU sec, 48.058 real sec
[M::mem_pestat] # candidate unique pairs for (FF, FR, RF, RR): (105, 525641, 116, 58)
[M::mem_pestat] analyzing insert size distribution for orientation FF...
[M::mem_pestat] (25, 50, 75) percentile: (297, 473, 679)
[M::mem_pestat] low and high boundaries for computing mean and std.dev: (1, 1443)
[M::mem_pestat] mean and std.dev: (495.26, 274.81)
[M::mem_pestat] low and high boundaries for proper pairs: (1, 1825)
[M::mem_pestat] analyzing insert size distribution for orientation FR...
[M::mem_pestat] (25, 50, 75) percentile: (280, 367, 469)
[M::mem_pestat] low and high boundaries for computing mean and std.dev: (1, 847)
[M::mem_pestat] mean and std.dev: (381.22, 138.77)
[M::mem_pestat] low and high boundaries for proper pairs: (1, 1036)
[M::mem_pestat] analyzing insert size distribution for orientation RF...
[M::mem_pestat] (25, 50, 75) percentile: (141, 518, 3267)
[M::mem_pestat] low and high boundaries for computing mean and std.dev: (1, 9519)
[M::mem_pestat] mean and std.dev: (1784.89, 2580.97)
[M::mem_pestat] low and high boundaries for proper pairs: (1, 12645)
[M::mem_pestat] analyzing insert size distribution for orientation RR...
[M::mem_pestat] (25, 50, 75) percentile: (280, 469, 1092)
[M::mem_pestat] low and high boundaries for computing mean and std.dev: (1, 2716)
[M::mem_pestat] mean and std.dev: (650.56, 538.32)
[M::mem_pestat] low and high boundaries for proper pairs: (1, 3528)
[M::mem_pestat] skip orientation FF
[M::mem_pestat] skip orientation RF
[M::mem_pestat] skip orientation RR
[M::process] read 1464616 sequences (200000091 bp)...
[M::mem_process_seqs] Processed 1474808 reads in 449.339 CPU sec, 48.526 real sec
[M::mem_pestat] # candidate unique pairs for (FF, FR, RF, RR): (126, 528423, 96, 46)
[M::mem_pestat] analyzing insert size distribution for orientation FF...
[M::mem_pestat] (25, 50, 75) percentile: (313, 513, 815)
[M::mem_pestat] low and high boundaries for computing mean and std.dev: (1, 1819)
[M::mem_pestat] mean and std.dev: (557.02, 344.54)
[M::mem_pestat] low and high boundaries for proper pairs: (1, 2321)
[M::mem_pestat] analyzing insert size distribution for orientation FR...
[M::mem_pestat] (25, 50, 75) percentile: (283, 372, 481)
[M::mem_pestat] low and high boundaries for computing mean and std.dev: (1, 877)
[M::mem_pestat] mean and std.dev: (389.69, 147.83)
[M::mem_pestat] low and high boundaries for proper pairs: (1, 1075)
[M::mem_pestat] analyzing insert size distribution for orientation RF...
[M::mem_pestat] (25, 50, 75) percentile: (61, 284, 1776)
[M::mem_pestat] low and high boundaries for computing mean and std.dev: (1, 5206)
[M::mem_pestat] mean and std.dev: (781.93, 1188.12)
[M::mem_pestat] low and high boundaries for proper pairs: (1, 6921)
[M::mem_pestat] analyzing insert size distribution for orientation RR...
[M::mem_pestat] (25, 50, 75) percentile: (239, 444, 906)
[M::mem_pestat] low and high boundaries for computing mean and std.dev: (1, 2240)
[M::mem_pestat] mean and std.dev: (525.59, 486.61)
[M::mem_pestat] low and high boundaries for proper pairs: (1, 2907)
[M::mem_pestat] skip orientation FF
[M::mem_pestat] skip orientation RF
[M::mem_pestat] skip orientation RR
[M::process] read 1461136 sequences (200000060 bp)...
[M::mem_process_seqs] Processed 1464616 reads in 439.542 CPU sec, 47.582 real sec
[M::mem_pestat] # candidate unique pairs for (FF, FR, RF, RR): (99, 528235, 98, 72)
[M::mem_pestat] analyzing insert size distribution for orientation FF...
[M::mem_pestat] (25, 50, 75) percentile: (292, 453, 778)
[M::mem_pestat] low and high boundaries for computing mean and std.dev: (1, 1750)
[M::mem_pestat] mean and std.dev: (518.48, 370.83)
[M::mem_pestat] low and high boundaries for proper pairs: (1, 2236)
[M::mem_pestat] analyzing insert size distribution for orientation FR...
[M::mem_pestat] (25, 50, 75) percentile: (287, 377, 490)
[M::mem_pestat] low and high boundaries for computing mean and std.dev: (1, 896)
[M::mem_pestat] mean and std.dev: (396.35, 151.76)
[M::mem_pestat] low and high boundaries for proper pairs: (1, 1099)
[M::mem_pestat] analyzing insert size distribution for orientation RF...
[M::mem_pestat] (25, 50, 75) percentile: (49, 629, 3679)
[M::mem_pestat] low and high boundaries for computing mean and std.dev: (1, 10939)
[M::mem_pestat] mean and std.dev: (2382.22, 3214.73)
[M::mem_pestat] low and high boundaries for proper pairs: (1, 15241)
[M::mem_pestat] analyzing insert size distribution for orientation RR...
[M::mem_pestat] (25, 50, 75) percentile: (196, 433, 813)
[M::mem_pestat] low and high boundaries for computing mean and std.dev: (1, 2047)
[M::mem_pestat] mean and std.dev: (445.00, 333.31)
[M::mem_pestat] low and high boundaries for proper pairs: (1, 2664)
[M::mem_pestat] skip orientation FF
[M::mem_pestat] skip orientation RF
[M::mem_pestat] skip orientation RR
[M::process] read 1464118 sequences (200000166 bp)...
[M::mem_process_seqs] Processed 1461136 reads in 441.705 CPU sec, 47.799 real sec
[M::mem_pestat] # candidate unique pairs for (FF, FR, RF, RR): (110, 528208, 118, 59)
[M::mem_pestat] analyzing insert size distribution for orientation FF...
[M::mem_pestat] (25, 50, 75) percentile: (318, 485, 676)
[M::mem_pestat] low and high boundaries for computing mean and std.dev: (1, 1392)
[M::mem_pestat] mean and std.dev: (470.35, 232.81)
[M::mem_pestat] low and high boundaries for proper pairs: (1, 1750)
[M::mem_pestat] analyzing insert size distribution for orientation FR...
[M::mem_pestat] (25, 50, 75) percentile: (287, 377, 487)
[M::mem_pestat] low and high boundaries for computing mean and std.dev: (1, 887)
[M::mem_pestat] mean and std.dev: (394.83, 149.58)
[M::mem_pestat] low and high boundaries for proper pairs: (1, 1087)
[M::mem_pestat] analyzing insert size distribution for orientation RF...
[M::mem_pestat] (25, 50, 75) percentile: (61, 410, 3587)
[M::mem_pestat] low and high boundaries for computing mean and std.dev: (1, 10639)
[M::mem_pestat] mean and std.dev: (2073.33, 2977.38)
[M::mem_pestat] low and high boundaries for proper pairs: (1, 14165)
[M::mem_pestat] analyzing insert size distribution for orientation RR...
[M::mem_pestat] (25, 50, 75) percentile: (261, 372, 627)
[M::mem_pestat] low and high boundaries for computing mean and std.dev: (1, 1359)
[M::mem_pestat] mean and std.dev: (370.90, 220.21)
[M::mem_pestat] low and high boundaries for proper pairs: (1, 1725)
[M::mem_pestat] skip orientation FF
[M::mem_pestat] skip orientation RF
[M::mem_pestat] skip orientation RR
[M::process] read 1466938 sequences (200000166 bp)...
[M::mem_process_seqs] Processed 1464118 reads in 443.189 CPU sec, 47.877 real sec
[M::mem_pestat] # candidate unique pairs for (FF, FR, RF, RR): (112, 526902, 135, 51)
[M::mem_pestat] analyzing insert size distribution for orientation FF...
[M::mem_pestat] (25, 50, 75) percentile: (281, 495, 743)
[M::mem_pestat] low and high boundaries for computing mean and std.dev: (1, 1667)
[M::mem_pestat] mean and std.dev: (521.68, 330.50)
[M::mem_pestat] low and high boundaries for proper pairs: (1, 2129)
[M::mem_pestat] analyzing insert size distribution for orientation FR...
[M::mem_pestat] (25, 50, 75) percentile: (284, 373, 481)
[M::mem_pestat] low and high boundaries for computing mean and std.dev: (1, 875)
[M::mem_pestat] mean and std.dev: (389.71, 146.09)
[M::mem_pestat] low and high boundaries for proper pairs: (1, 1072)
[M::mem_pestat] analyzing insert size distribution for orientation RF...
[M::mem_pestat] (25, 50, 75) percentile: (123, 457, 3010)
[M::mem_pestat] low and high boundaries for computing mean and std.dev: (1, 8784)
[M::mem_pestat] mean and std.dev: (1491.92, 2080.27)
[M::mem_pestat] low and high boundaries for proper pairs: (1, 11671)
[M::mem_pestat] analyzing insert size distribution for orientation RR...
[M::mem_pestat] (25, 50, 75) percentile: (198, 382, 802)
[M::mem_pestat] low and high boundaries for computing mean and std.dev: (1, 2010)
[M::mem_pestat] mean and std.dev: (419.00, 335.88)
[M::mem_pestat] low and high boundaries for proper pairs: (1, 2614)
[M::mem_pestat] skip orientation FF
[M::mem_pestat] skip orientation RF
[M::mem_pestat] skip orientation RR
[M::process] read 1475604 sequences (200000196 bp)...
[M::mem_process_seqs] Processed 1466938 reads in 444.699 CPU sec, 48.017 real sec
[M::mem_pestat] # candidate unique pairs for (FF, FR, RF, RR): (100, 526645, 120, 46)
[M::mem_pestat] analyzing insert size distribution for orientation FF...
[M::mem_pestat] (25, 50, 75) percentile: (277, 471, 700)
[M::mem_pestat] low and high boundaries for computing mean and std.dev: (1, 1546)
[M::mem_pestat] mean and std.dev: (504.20, 330.05)
[M::mem_pestat] low and high boundaries for proper pairs: (1, 1969)
[M::mem_pestat] analyzing insert size distribution for orientation FR...
[M::mem_pestat] (25, 50, 75) percentile: (280, 366, 467)
[M::mem_pestat] low and high boundaries for computing mean and std.dev: (1, 841)
[M::mem_pestat] mean and std.dev: (379.74, 137.58)
[M::mem_pestat] low and high boundaries for proper pairs: (1, 1028)
[M::mem_pestat] analyzing insert size distribution for orientation RF...
[M::mem_pestat] (25, 50, 75) percentile: (57, 429, 2788)
[M::mem_pestat] low and high boundaries for computing mean and std.dev: (1, 8250)
[M::mem_pestat] mean and std.dev: (1451.68, 2120.07)
[M::mem_pestat] low and high boundaries for proper pairs: (1, 10981)
[M::mem_pestat] analyzing insert size distribution for orientation RR...
[M::mem_pestat] (25, 50, 75) percentile: (304, 629, 1143)
[M::mem_pestat] low and high boundaries for computing mean and std.dev: (1, 2821)
[M::mem_pestat] mean and std.dev: (743.16, 517.75)
[M::mem_pestat] low and high boundaries for proper pairs: (1, 3660)
[M::mem_pestat] skip orientation FF
[M::mem_pestat] skip orientation RF
[M::mem_pestat] skip orientation RR
[M::process] read 1461258 sequences (200000049 bp)...
[M::mem_process_seqs] Processed 1475604 reads in 446.636 CPU sec, 48.231 real sec
[M::mem_pestat] # candidate unique pairs for (FF, FR, RF, RR): (106, 529088, 124, 58)
[M::mem_pestat] analyzing insert size distribution for orientation FF...
[M::mem_pestat] (25, 50, 75) percentile: (284, 412, 639)
[M::mem_pestat] low and high boundaries for computing mean and std.dev: (1, 1349)
[M::mem_pestat] mean and std.dev: (474.82, 298.20)
[M::mem_pestat] low and high boundaries for proper pairs: (1, 1704)
[M::mem_pestat] analyzing insert size distribution for orientation FR...
[M::mem_pestat] (25, 50, 75) percentile: (289, 379, 491)
[M::mem_pestat] low and high boundaries for computing mean and std.dev: (1, 895)
[M::mem_pestat] mean and std.dev: (398.05, 152.02)
[M::mem_pestat] low and high boundaries for proper pairs: (1, 1097)
[M::mem_pestat] analyzing insert size distribution for orientation RF...
[M::mem_pestat] (25, 50, 75) percentile: (175, 860, 3743)
[M::mem_pestat] low and high boundaries for computing mean and std.dev: (1, 10879)
[M::mem_pestat] mean and std.dev: (2264.37, 2596.62)
[M::mem_pestat] low and high boundaries for proper pairs: (1, 14447)
[M::mem_pestat] analyzing insert size distribution for orientation RR...
[M::mem_pestat] (25, 50, 75) percentile: (185, 558, 1068)
[M::mem_pestat] low and high boundaries for computing mean and std.dev: (1, 2834)
[M::mem_pestat] mean and std.dev: (578.00, 450.46)
[M::mem_pestat] low and high boundaries for proper pairs: (1, 3717)
[M::mem_pestat] skip orientation FF
[M::mem_pestat] skip orientation RF
[M::mem_pestat] skip orientation RR
[M::process] read 1462286 sequences (200000090 bp)...
[M::mem_process_seqs] Processed 1461258 reads in 438.128 CPU sec, 47.428 real sec
[M::mem_pestat] # candidate unique pairs for (FF, FR, RF, RR): (87, 529118, 112, 47)
[M::mem_pestat] analyzing insert size distribution for orientation FF...
[M::mem_pestat] (25, 50, 75) percentile: (309, 475, 873)
[M::mem_pestat] low and high boundaries for computing mean and std.dev: (1, 2001)
[M::mem_pestat] mean and std.dev: (573.93, 400.10)
[M::mem_pestat] low and high boundaries for proper pairs: (1, 2565)
[M::mem_pestat] analyzing insert size distribution for orientation FR...
[M::mem_pestat] (25, 50, 75) percentile: (289, 380, 490)
[M::mem_pestat] low and high boundaries for computing mean and std.dev: (1, 892)
[M::mem_pestat] mean and std.dev: (397.58, 150.47)
[M::mem_pestat] low and high boundaries for proper pairs: (1, 1093)
[M::mem_pestat] analyzing insert size distribution for orientation RF...
[M::mem_pestat] (25, 50, 75) percentile: (141, 672, 4626)
[M::mem_pestat] low and high boundaries for computing mean and std.dev: (1, 13596)
[M::mem_pestat] mean and std.dev: (2333.05, 2764.90)
[M::mem_pestat] low and high boundaries for proper pairs: (1, 18081)
[M::mem_pestat] analyzing insert size distribution for orientation RR...
[M::mem_pestat] (25, 50, 75) percentile: (153, 376, 886)
[M::mem_pestat] low and high boundaries for computing mean and std.dev: (1, 2352)
[M::mem_pestat] mean and std.dev: (585.14, 604.40)
[M::mem_pestat] low and high boundaries for proper pairs: (1, 3085)
[M::mem_pestat] skip orientation FF
[M::mem_pestat] skip orientation RF
[M::mem_pestat] skip orientation RR
[M::process] read 1464424 sequences (200000068 bp)...
[M::mem_process_seqs] Processed 1462286 reads in 441.752 CPU sec, 47.757 real sec
[M::mem_pestat] # candidate unique pairs for (FF, FR, RF, RR): (95, 527922, 123, 64)
[M::mem_pestat] analyzing insert size distribution for orientation FF...
[M::mem_pestat] (25, 50, 75) percentile: (309, 457, 813)
[M::mem_pestat] low and high boundaries for computing mean and std.dev: (1, 1821)
[M::mem_pestat] mean and std.dev: (576.06, 397.60)
[M::mem_pestat] low and high boundaries for proper pairs: (1, 2325)
[M::mem_pestat] analyzing insert size distribution for orientation FR...
[M::mem_pestat] (25, 50, 75) percentile: (288, 378, 487)
[M::mem_pestat] low and high boundaries for computing mean and std.dev: (1, 885)
[M::mem_pestat] mean and std.dev: (394.81, 148.05)
[M::mem_pestat] low and high boundaries for proper pairs: (1, 1084)
[M::mem_pestat] analyzing insert size distribution for orientation RF...
[M::mem_pestat] (25, 50, 75) percentile: (79, 350, 2904)
[M::mem_pestat] low and high boundaries for computing mean and std.dev: (1, 8554)
[M::mem_pestat] mean and std.dev: (1281.49, 1913.36)
[M::mem_pestat] low and high boundaries for proper pairs: (1, 11379)
[M::mem_pestat] analyzing insert size distribution for orientation RR...
[M::mem_pestat] (25, 50, 75) percentile: (234, 570, 1293)
[M::mem_pestat] low and high boundaries for computing mean and std.dev: (1, 3411)
[M::mem_pestat] mean and std.dev: (729.39, 620.06)
[M::mem_pestat] low and high boundaries for proper pairs: (1, 4470)
[M::mem_pestat] skip orientation FF
[M::mem_pestat] skip orientation RF
[M::mem_pestat] skip orientation RR
[M::process] read 1469562 sequences (200000282 bp)...
[M::mem_process_seqs] Processed 1464424 reads in 444.630 CPU sec, 48.006 real sec
[M::mem_pestat] # candidate unique pairs for (FF, FR, RF, RR): (109, 526834, 110, 62)
[M::mem_pestat] analyzing insert size distribution for orientation FF...
[M::mem_pestat] (25, 50, 75) percentile: (324, 573, 837)
[M::mem_pestat] low and high boundaries for computing mean and std.dev: (1, 1863)
[M::mem_pestat] mean and std.dev: (577.39, 367.72)
[M::mem_pestat] low and high boundaries for proper pairs: (1, 2376)
[M::mem_pestat] analyzing insert size distribution for orientation FR...
[M::mem_pestat] (25, 50, 75) percentile: (286, 375, 481)
[M::mem_pestat] low and high boundaries for computing mean and std.dev: (1, 871)
[M::mem_pestat] mean and std.dev: (390.53, 144.49)
[M::mem_pestat] low and high boundaries for proper pairs: (1, 1066)
[M::mem_pestat] analyzing insert size distribution for orientation RF...
[M::mem_pestat] (25, 50, 75) percentile: (107, 804, 3071)
[M::mem_pestat] low and high boundaries for computing mean and std.dev: (1, 8999)
[M::mem_pestat] mean and std.dev: (1824.56, 2161.76)
[M::mem_pestat] low and high boundaries for proper pairs: (1, 11963)
[M::mem_pestat] analyzing insert size distribution for orientation RR...
[M::mem_pestat] (25, 50, 75) percentile: (264, 527, 1004)
[M::mem_pestat] low and high boundaries for computing mean and std.dev: (1, 2484)
[M::mem_pestat] mean and std.dev: (661.83, 539.65)
[M::mem_pestat] low and high boundaries for proper pairs: (1, 3224)
[M::mem_pestat] skip orientation FF
[M::mem_pestat] skip orientation RF
[M::mem_pestat] skip orientation RR
[M::process] read 1472974 sequences (200000255 bp)...
[M::mem_process_seqs] Processed 1469562 reads in 448.856 CPU sec, 48.455 real sec
[M::mem_pestat] # candidate unique pairs for (FF, FR, RF, RR): (99, 528048, 118, 76)
[M::mem_pestat] analyzing insert size distribution for orientation FF...
[M::mem_pestat] (25, 50, 75) percentile: (284, 418, 683)
[M::mem_pestat] low and high boundaries for computing mean and std.dev: (1, 1481)
[M::mem_pestat] mean and std.dev: (458.34, 285.88)
[M::mem_pestat] low and high boundaries for proper pairs: (1, 1880)
[M::mem_pestat] analyzing insert size distribution for orientation FR...
[M::mem_pestat] (25, 50, 75) percentile: (283, 370, 474)
[M::mem_pestat] low and high boundaries for computing mean and std.dev: (1, 856)
[M::mem_pestat] mean and std.dev: (384.55, 140.68)
[M::mem_pestat] low and high boundaries for proper pairs: (1, 1047)
[M::mem_pestat] analyzing insert size distribution for orientation RF...
[M::mem_pestat] (25, 50, 75) percentile: (181, 409, 2835)
[M::mem_pestat] low and high boundaries for computing mean and std.dev: (1, 8143)
[M::mem_pestat] mean and std.dev: (1593.24, 2162.87)
[M::mem_pestat] low and high boundaries for proper pairs: (1, 10797)
[M::mem_pestat] analyzing insert size distribution for orientation RR...
[M::mem_pestat] (25, 50, 75) percentile: (215, 486, 822)
[M::mem_pestat] low and high boundaries for computing mean and std.dev: (1, 2036)
[M::mem_pestat] mean and std.dev: (505.18, 343.27)
[M::mem_pestat] low and high boundaries for proper pairs: (1, 2643)
[M::mem_pestat] skip orientation FF
[M::mem_pestat] skip orientation RF
[M::mem_pestat] skip orientation RR
[M::mem_process_seqs] Processed 1472974 reads in 456.254 CPU sec, 69.616 real sec
[M::process] read 1461000 sequences (200000050 bp)...
[M::mem_pestat] # candidate unique pairs for (FF, FR, RF, RR): (108, 530225, 118, 55)
[M::mem_pestat] analyzing insert size distribution for orientation FF...
[M::mem_pestat] (25, 50, 75) percentile: (310, 473, 716)
[M::mem_pestat] low and high boundaries for computing mean and std.dev: (1, 1528)
[M::mem_pestat] mean and std.dev: (521.42, 298.60)
[M::mem_pestat] low and high boundaries for proper pairs: (1, 1934)
[M::mem_pestat] analyzing insert size distribution for orientation FR...
[M::mem_pestat] (25, 50, 75) percentile: (288, 378, 487)
[M::mem_pestat] low and high boundaries for computing mean and std.dev: (1, 885)
[M::mem_pestat] mean and std.dev: (395.04, 149.50)
[M::mem_pestat] low and high boundaries for proper pairs: (1, 1084)
[M::mem_pestat] analyzing insert size distribution for orientation RF...
[M::mem_pestat] (25, 50, 75) percentile: (53, 306, 2178)
[M::mem_pestat] low and high boundaries for computing mean and std.dev: (1, 6428)
[M::mem_pestat] mean and std.dev: (1073.47, 1706.81)
[M::mem_pestat] low and high boundaries for proper pairs: (1, 8553)
[M::mem_pestat] analyzing insert size distribution for orientation RR...
[M::mem_pestat] (25, 50, 75) percentile: (223, 413, 818)
[M::mem_pestat] low and high boundaries for computing mean and std.dev: (1, 2008)
[M::mem_pestat] mean and std.dev: (461.52, 370.90)
[M::mem_pestat] low and high boundaries for proper pairs: (1, 2603)
[M::mem_pestat] skip orientation FF
[M::mem_pestat] skip orientation RF
[M::mem_pestat] skip orientation RR
[M::process] read 1463046 sequences (200000231 bp)...
[M::mem_process_seqs] Processed 1461000 reads in 432.973 CPU sec, 45.293 real sec
[M::mem_pestat] # candidate unique pairs for (FF, FR, RF, RR): (102, 529557, 113, 52)
[M::mem_pestat] analyzing insert size distribution for orientation FF...
[M::mem_pestat] (25, 50, 75) percentile: (366, 532, 765)
[M::mem_pestat] low and high boundaries for computing mean and std.dev: (1, 1563)
[M::mem_pestat] mean and std.dev: (566.82, 319.24)
[M::mem_pestat] low and high boundaries for proper pairs: (1, 1962)
[M::mem_pestat] analyzing insert size distribution for orientation FR...
[M::mem_pestat] (25, 50, 75) percentile: (287, 376, 485)
[M::mem_pestat] low and high boundaries for computing mean and std.dev: (1, 881)
[M::mem_pestat] mean and std.dev: (393.76, 148.44)
[M::mem_pestat] low and high boundaries for proper pairs: (1, 1079)
[M::mem_pestat] analyzing insert size distribution for orientation RF...
[M::mem_pestat] (25, 50, 75) percentile: (47, 647, 3869)
[M::mem_pestat] low and high boundaries for computing mean and std.dev: (1, 11513)
[M::mem_pestat] mean and std.dev: (2085.44, 2763.63)
[M::mem_pestat] low and high boundaries for proper pairs: (1, 15335)
[M::mem_pestat] analyzing insert size distribution for orientation RR...
[M::mem_pestat] (25, 50, 75) percentile: (237, 400, 1010)
[M::mem_pestat] low and high boundaries for computing mean and std.dev: (1, 2556)
[M::mem_pestat] mean and std.dev: (603.49, 500.20)
[M::mem_pestat] low and high boundaries for proper pairs: (1, 3329)
[M::mem_pestat] skip orientation FF
[M::mem_pestat] skip orientation RF
[M::mem_pestat] skip orientation RR
[M::process] read 1463828 sequences (200000071 bp)...
[M::mem_process_seqs] Processed 1463046 reads in 439.862 CPU sec, 47.554 real sec
[M::mem_pestat] # candidate unique pairs for (FF, FR, RF, RR): (99, 528737, 112, 56)
[M::mem_pestat] analyzing insert size distribution for orientation FF...
[M::mem_pestat] (25, 50, 75) percentile: (297, 459, 973)
[M::mem_pestat] low and high boundaries for computing mean and std.dev: (1, 2325)
[M::mem_pestat] mean and std.dev: (600.62, 467.21)
[M::mem_pestat] low and high boundaries for proper pairs: (1, 3001)
[M::mem_pestat] analyzing insert size distribution for orientation FR...
[M::mem_pestat] (25, 50, 75) percentile: (287, 376, 485)
[M::mem_pestat] low and high boundaries for computing mean and std.dev: (1, 881)
[M::mem_pestat] mean and std.dev: (393.35, 147.35)
[M::mem_pestat] low and high boundaries for proper pairs: (1, 1079)
[M::mem_pestat] analyzing insert size distribution for orientation RF...
[M::mem_pestat] (25, 50, 75) percentile: (100, 765, 3246)
[M::mem_pestat] low and high boundaries for computing mean and std.dev: (1, 9538)
[M::mem_pestat] mean and std.dev: (1819.87, 2213.34)
[M::mem_pestat] low and high boundaries for proper pairs: (1, 12684)
[M::mem_pestat] analyzing insert size distribution for orientation RR...
[M::mem_pestat] (25, 50, 75) percentile: (217, 448, 753)
[M::mem_pestat] low and high boundaries for computing mean and std.dev: (1, 1825)
[M::mem_pestat] mean and std.dev: (455.30, 348.16)
[M::mem_pestat] low and high boundaries for proper pairs: (1, 2361)
[M::mem_pestat] skip orientation FF
[M::mem_pestat] skip orientation RF
[M::mem_pestat] skip orientation RR
[M::process] read 1467360 sequences (200000234 bp)...
[M::mem_process_seqs] Processed 1463828 reads in 441.443 CPU sec, 47.795 real sec
[M::mem_pestat] # candidate unique pairs for (FF, FR, RF, RR): (81, 527628, 108, 67)
[M::mem_pestat] analyzing insert size distribution for orientation FF...
[M::mem_pestat] (25, 50, 75) percentile: (333, 501, 902)
[M::mem_pestat] low and high boundaries for computing mean and std.dev: (1, 2040)
[M::mem_pestat] mean and std.dev: (546.70, 386.66)
[M::mem_pestat] low and high boundaries for proper pairs: (1, 2609)
[M::mem_pestat] analyzing insert size distribution for orientation FR...
[M::mem_pestat] (25, 50, 75) percentile: (286, 374, 480)
[M::mem_pestat] low and high boundaries for computing mean and std.dev: (1, 868)
[M::mem_pestat] mean and std.dev: (389.93, 144.43)
[M::mem_pestat] low and high boundaries for proper pairs: (1, 1062)
[M::mem_pestat] analyzing insert size distribution for orientation RF...
[M::mem_pestat] (25, 50, 75) percentile: (128, 511, 3286)
[M::mem_pestat] low and high boundaries for computing mean and std.dev: (1, 9602)
[M::mem_pestat] mean and std.dev: (1974.14, 2693.37)
[M::mem_pestat] low and high boundaries for proper pairs: (1, 12760)
[M::mem_pestat] analyzing insert size distribution for orientation RR...
[M::mem_pestat] (25, 50, 75) percentile: (240, 437, 1048)
[M::mem_pestat] low and high boundaries for computing mean and std.dev: (1, 2664)
[M::mem_pestat] mean and std.dev: (626.51, 548.14)
[M::mem_pestat] low and high boundaries for proper pairs: (1, 3472)
[M::mem_pestat] skip orientation FF
[M::mem_pestat] skip orientation RF
[M::mem_pestat] skip orientation RR
[M::process] read 1478130 sequences (200000028 bp)...
[M::mem_process_seqs] Processed 1467360 reads in 444.818 CPU sec, 48.037 real sec
[M::mem_pestat] # candidate unique pairs for (FF, FR, RF, RR): (91, 530302, 126, 62)
[M::mem_pestat] analyzing insert size distribution for orientation FF...
[M::mem_pestat] (25, 50, 75) percentile: (280, 432, 696)
[M::mem_pestat] low and high boundaries for computing mean and std.dev: (1, 1528)
[M::mem_pestat] mean and std.dev: (489.03, 292.57)
[M::mem_pestat] low and high boundaries for proper pairs: (1, 1944)
[M::mem_pestat] analyzing insert size distribution for orientation FR...
[M::mem_pestat] (25, 50, 75) percentile: (281, 369, 475)
[M::mem_pestat] low and high boundaries for computing mean and std.dev: (1, 863)
[M::mem_pestat] mean and std.dev: (384.86, 144.35)
[M::mem_pestat] low and high boundaries for proper pairs: (1, 1057)
[M::mem_pestat] analyzing insert size distribution for orientation RF...
[M::mem_pestat] (25, 50, 75) percentile: (77, 341, 3232)
[M::mem_pestat] low and high boundaries for computing mean and std.dev: (1, 9542)
[M::mem_pestat] mean and std.dev: (1708.83, 2508.44)
[M::mem_pestat] low and high boundaries for proper pairs: (1, 12697)
[M::mem_pestat] analyzing insert size distribution for orientation RR...
[M::mem_pestat] (25, 50, 75) percentile: (257, 482, 1472)
[M::mem_pestat] low and high boundaries for computing mean and std.dev: (1, 3902)
[M::mem_pestat] mean and std.dev: (706.09, 751.82)
[M::mem_pestat] low and high boundaries for proper pairs: (1, 5117)
[M::mem_pestat] skip orientation FF
[M::mem_pestat] skip orientation RF
[M::mem_pestat] skip orientation RR
[M::mem_process_seqs] Processed 1478130 reads in 478.260 CPU sec, 81.956 real sec
[M::process] read 1479634 sequences (200000104 bp)...
[M::process] read 1477446 sequences (200000261 bp)...
[M::mem_pestat] # candidate unique pairs for (FF, FR, RF, RR): (113, 531986, 117, 48)
[M::mem_pestat] analyzing insert size distribution for orientation FF...
[M::mem_pestat] (25, 50, 75) percentile: (345, 540, 842)
[M::mem_pestat] low and high boundaries for computing mean and std.dev: (1, 1836)
[M::mem_pestat] mean and std.dev: (545.50, 306.90)
[M::mem_pestat] low and high boundaries for proper pairs: (1, 2333)
[M::mem_pestat] analyzing insert size distribution for orientation FR...
[M::mem_pestat] (25, 50, 75) percentile: (286, 376, 488)
[M::mem_pestat] low and high boundaries for computing mean and std.dev: (1, 892)
[M::mem_pestat] mean and std.dev: (395.14, 152.15)
[M::mem_pestat] low and high boundaries for proper pairs: (1, 1094)
[M::mem_pestat] analyzing insert size distribution for orientation RF...
[M::mem_pestat] (25, 50, 75) percentile: (145, 511, 3474)
[M::mem_pestat] low and high boundaries for computing mean and std.dev: (1, 10132)
[M::mem_pestat] mean and std.dev: (2085.70, 2789.62)
[M::mem_pestat] low and high boundaries for proper pairs: (1, 13461)
[M::mem_pestat] analyzing insert size distribution for orientation RR...
[M::mem_pestat] (25, 50, 75) percentile: (208, 471, 1030)
[M::mem_pestat] low and high boundaries for computing mean and std.dev: (1, 2674)
[M::mem_pestat] mean and std.dev: (542.30, 481.33)
[M::mem_pestat] low and high boundaries for proper pairs: (1, 3496)
[M::mem_pestat] skip orientation FF
[M::mem_pestat] skip orientation RF
[M::mem_pestat] skip orientation RR
[M::mem_process_seqs] Processed 1479634 reads in 508.028 CPU sec, 51.451 real sec
[M::process] read 1486000 sequences (200000271 bp)...
[M::mem_pestat] # candidate unique pairs for (FF, FR, RF, RR): (122, 529455, 124, 70)
[M::mem_pestat] analyzing insert size distribution for orientation FF...
[M::mem_pestat] (25, 50, 75) percentile: (321, 484, 708)
[M::mem_pestat] low and high boundaries for computing mean and std.dev: (1, 1482)
[M::mem_pestat] mean and std.dev: (515.20, 285.36)
[M::mem_pestat] low and high boundaries for proper pairs: (1, 1869)
[M::mem_pestat] analyzing insert size distribution for orientation FR...
[M::mem_pestat] (25, 50, 75) percentile: (287, 378, 489)
[M::mem_pestat] low and high boundaries for computing mean and std.dev: (1, 893)
[M::mem_pestat] mean and std.dev: (395.88, 150.73)
[M::mem_pestat] low and high boundaries for proper pairs: (1, 1095)
[M::mem_pestat] analyzing insert size distribution for orientation RF...
[M::mem_pestat] (25, 50, 75) percentile: (93, 591, 4128)
[M::mem_pestat] low and high boundaries for computing mean and std.dev: (1, 12198)
[M::mem_pestat] mean and std.dev: (2290.88, 2877.68)
[M::mem_pestat] low and high boundaries for proper pairs: (1, 16233)
[M::mem_pestat] analyzing insert size distribution for orientation RR...
[M::mem_pestat] (25, 50, 75) percentile: (215, 412, 697)
[M::mem_pestat] low and high boundaries for computing mean and std.dev: (1, 1661)
[M::mem_pestat] mean and std.dev: (469.59, 346.61)
[M::mem_pestat] low and high boundaries for proper pairs: (1, 2143)
[M::mem_pestat] skip orientation FF
[M::mem_pestat] skip orientation RF
[M::mem_pestat] skip orientation RR
[M::mem_process_seqs] Processed 1477446 reads in 470.408 CPU sec, 50.741 real sec
[M::mem_pestat] # candidate unique pairs for (FF, FR, RF, RR): (118, 529851, 125, 70)
[M::mem_pestat] analyzing insert size distribution for orientation FF...
[M::mem_pestat] (25, 50, 75) percentile: (315, 436, 848)
[M::mem_pestat] low and high boundaries for computing mean and std.dev: (1, 1914)
[M::mem_pestat] mean and std.dev: (530.66, 312.86)
[M::mem_pestat] low and high boundaries for proper pairs: (1, 2447)
[M::mem_pestat] analyzing insert size distribution for orientation FR...
[M::mem_pestat] (25, 50, 75) percentile: (286, 374, 483)
[M::mem_pestat] low and high boundaries for computing mean and std.dev: (1, 877)
[M::mem_pestat] mean and std.dev: (391.78, 146.97)
[M::mem_pestat] low and high boundaries for proper pairs: (1, 1074)
[M::mem_pestat] analyzing insert size distribution for orientation RF...
[M::mem_pestat] (25, 50, 75) percentile: (148, 550, 3223)
[M::mem_pestat] low and high boundaries for computing mean and std.dev: (1, 9373)
[M::mem_pestat] mean and std.dev: (1938.74, 2551.30)
[M::mem_pestat] low and high boundaries for proper pairs: (1, 12448)
[M::mem_pestat] analyzing insert size distribution for orientation RR...
[M::mem_pestat] (25, 50, 75) percentile: (234, 546, 1045)
[M::mem_pestat] low and high boundaries for computing mean and std.dev: (1, 2667)
[M::mem_pestat] mean and std.dev: (616.37, 509.24)
[M::mem_pestat] low and high boundaries for proper pairs: (1, 3478)
[M::mem_pestat] skip orientation FF
[M::mem_pestat] skip orientation RF
[M::mem_pestat] skip orientation RR
[M::process] read 1483706 sequences (200000107 bp)...
[M::mem_process_seqs] Processed 1486000 reads in 454.912 CPU sec, 49.172 real sec
[M::mem_pestat] # candidate unique pairs for (FF, FR, RF, RR): (92, 529059, 109, 66)
[M::mem_pestat] analyzing insert size distribution for orientation FF...
[M::mem_pestat] (25, 50, 75) percentile: (283, 466, 797)
[M::mem_pestat] low and high boundaries for computing mean and std.dev: (1, 1825)
[M::mem_pestat] mean and std.dev: (522.70, 352.53)
[M::mem_pestat] low and high boundaries for proper pairs: (1, 2339)
[M::mem_pestat] analyzing insert size distribution for orientation FR...
[M::mem_pestat] (25, 50, 75) percentile: (283, 371, 477)
[M::mem_pestat] low and high boundaries for computing mean and std.dev: (1, 865)
[M::mem_pestat] mean and std.dev: (386.84, 143.64)
[M::mem_pestat] low and high boundaries for proper pairs: (1, 1059)
[M::mem_pestat] analyzing insert size distribution for orientation RF...
[M::mem_pestat] (25, 50, 75) percentile: (82, 303, 2922)
[M::mem_pestat] low and high boundaries for computing mean and std.dev: (1, 8602)
[M::mem_pestat] mean and std.dev: (1611.87, 2325.74)
[M::mem_pestat] low and high boundaries for proper pairs: (1, 11442)
[M::mem_pestat] analyzing insert size distribution for orientation RR...
[M::mem_pestat] (25, 50, 75) percentile: (293, 521, 1137)
[M::mem_pestat] low and high boundaries for computing mean and std.dev: (1, 2825)
[M::mem_pestat] mean and std.dev: (690.15, 591.91)
[M::mem_pestat] low and high boundaries for proper pairs: (1, 3669)
[M::mem_pestat] skip orientation FF
[M::mem_pestat] skip orientation RF
[M::mem_pestat] skip orientation RR
[M::process] read 1467990 sequences (200000145 bp)...
[M::mem_process_seqs] Processed 1483706 reads in 447.105 CPU sec, 48.445 real sec
[M::mem_pestat] # candidate unique pairs for (FF, FR, RF, RR): (96, 529173, 122, 52)
[M::mem_pestat] analyzing insert size distribution for orientation FF...
[M::mem_pestat] (25, 50, 75) percentile: (258, 480, 750)
[M::mem_pestat] low and high boundaries for computing mean and std.dev: (1, 1734)
[M::mem_pestat] mean and std.dev: (457.08, 238.32)
[M::mem_pestat] low and high boundaries for proper pairs: (1, 2226)
[M::mem_pestat] analyzing insert size distribution for orientation FR...
[M::mem_pestat] (25, 50, 75) percentile: (285, 375, 488)
[M::mem_pestat] low and high boundaries for computing mean and std.dev: (1, 894)
[M::mem_pestat] mean and std.dev: (394.41, 152.65)
[M::mem_pestat] low and high boundaries for proper pairs: (1, 1097)
[M::mem_pestat] analyzing insert size distribution for orientation RF...
[M::mem_pestat] (25, 50, 75) percentile: (106, 362, 2035)
[M::mem_pestat] low and high boundaries for computing mean and std.dev: (1, 5893)
[M::mem_pestat] mean and std.dev: (971.29, 1538.49)
[M::mem_pestat] low and high boundaries for proper pairs: (1, 7822)
[M::mem_pestat] analyzing insert size distribution for orientation RR...
[M::mem_pestat] (25, 50, 75) percentile: (229, 417, 847)
[M::mem_pestat] low and high boundaries for computing mean and std.dev: (1, 2083)
[M::mem_pestat] mean and std.dev: (545.14, 461.04)
[M::mem_pestat] low and high boundaries for proper pairs: (1, 2701)
[M::mem_pestat] skip orientation FF
[M::mem_pestat] skip orientation RF
[M::mem_pestat] skip orientation RR
[M::process] read 1468434 sequences (200000037 bp)...
[M::mem_process_seqs] Processed 1467990 reads in 448.888 CPU sec, 48.587 real sec
[M::mem_pestat] # candidate unique pairs for (FF, FR, RF, RR): (118, 527484, 130, 70)
[M::mem_pestat] analyzing insert size distribution for orientation FF...
[M::mem_pestat] (25, 50, 75) percentile: (344, 533, 783)
[M::mem_pestat] low and high boundaries for computing mean and std.dev: (1, 1661)
[M::mem_pestat] mean and std.dev: (576.29, 334.12)
[M::mem_pestat] low and high boundaries for proper pairs: (1, 2100)
[M::mem_pestat] analyzing insert size distribution for orientation FR...
[M::mem_pestat] (25, 50, 75) percentile: (287, 378, 491)
[M::mem_pestat] low and high boundaries for computing mean and std.dev: (1, 899)
[M::mem_pestat] mean and std.dev: (397.15, 153.28)
[M::mem_pestat] low and high boundaries for proper pairs: (1, 1103)
[M::mem_pestat] analyzing insert size distribution for orientation RF...
[M::mem_pestat] (25, 50, 75) percentile: (119, 381, 1973)
[M::mem_pestat] low and high boundaries for computing mean and std.dev: (1, 5681)
[M::mem_pestat] mean and std.dev: (1006.17, 1507.92)
[M::mem_pestat] low and high boundaries for proper pairs: (1, 7535)
[M::mem_pestat] analyzing insert size distribution for orientation RR...
[M::mem_pestat] (25, 50, 75) percentile: (232, 468, 1726)
[M::mem_pestat] low and high boundaries for computing mean and std.dev: (1, 4714)
[M::mem_pestat] mean and std.dev: (844.49, 1025.35)
[M::mem_pestat] low and high boundaries for proper pairs: (1, 6208)
[M::mem_pestat] skip orientation FF
[M::mem_pestat] skip orientation RF
[M::mem_pestat] skip orientation RR
[M::process] read 1477674 sequences (200000121 bp)...
[M::mem_process_seqs] Processed 1468434 reads in 456.980 CPU sec, 49.327 real sec
[M::mem_pestat] # candidate unique pairs for (FF, FR, RF, RR): (113, 529487, 120, 81)
[M::mem_pestat] analyzing insert size distribution for orientation FF...
[M::mem_pestat] (25, 50, 75) percentile: (343, 572, 792)
[M::mem_pestat] low and high boundaries for computing mean and std.dev: (1, 1690)
[M::mem_pestat] mean and std.dev: (557.41, 285.95)
[M::mem_pestat] low and high boundaries for proper pairs: (1, 2139)
[M::mem_pestat] analyzing insert size distribution for orientation FR...
[M::mem_pestat] (25, 50, 75) percentile: (287, 376, 486)
[M::mem_pestat] low and high boundaries for computing mean and std.dev: (1, 884)
[M::mem_pestat] mean and std.dev: (393.98, 149.23)
[M::mem_pestat] low and high boundaries for proper pairs: (1, 1083)
[M::mem_pestat] analyzing insert size distribution for orientation RF...
[M::mem_pestat] (25, 50, 75) percentile: (105, 697, 4280)
[M::mem_pestat] low and high boundaries for computing mean and std.dev: (1, 12630)
[M::mem_pestat] mean and std.dev: (2347.80, 3027.09)
[M::mem_pestat] low and high boundaries for proper pairs: (1, 16805)
[M::mem_pestat] analyzing insert size distribution for orientation RR...
[M::mem_pestat] (25, 50, 75) percentile: (223, 433, 813)
[M::mem_pestat] low and high boundaries for computing mean and std.dev: (1, 1993)
[M::mem_pestat] mean and std.dev: (456.96, 338.39)
[M::mem_pestat] low and high boundaries for proper pairs: (1, 2583)
[M::mem_pestat] skip orientation FF
[M::mem_pestat] skip orientation RF
[M::mem_pestat] skip orientation RR
[M::process] read 1480620 sequences (200000266 bp)...
[M::mem_process_seqs] Processed 1477674 reads in 460.708 CPU sec, 49.685 real sec
[M::mem_pestat] # candidate unique pairs for (FF, FR, RF, RR): (92, 528975, 109, 62)
[M::mem_pestat] analyzing insert size distribution for orientation FF...
[M::mem_pestat] (25, 50, 75) percentile: (317, 489, 710)
[M::mem_pestat] low and high boundaries for computing mean and std.dev: (1, 1496)
[M::mem_pestat] mean and std.dev: (487.46, 296.67)
[M::mem_pestat] low and high boundaries for proper pairs: (1, 1889)
[M::mem_pestat] analyzing insert size distribution for orientation FR...
[M::mem_pestat] (25, 50, 75) percentile: (285, 373, 480)
[M::mem_pestat] low and high boundaries for computing mean and std.dev: (1, 870)
[M::mem_pestat] mean and std.dev: (389.73, 145.34)
[M::mem_pestat] low and high boundaries for proper pairs: (1, 1065)
[M::mem_pestat] analyzing insert size distribution for orientation RF...
[M::mem_pestat] (25, 50, 75) percentile: (110, 661, 3223)
[M::mem_pestat] low and high boundaries for computing mean and std.dev: (1, 9449)
[M::mem_pestat] mean and std.dev: (1683.65, 2194.40)
[M::mem_pestat] low and high boundaries for proper pairs: (1, 12562)
[M::mem_pestat] analyzing insert size distribution for orientation RR...
[M::mem_pestat] (25, 50, 75) percentile: (228, 359, 996)
[M::mem_pestat] low and high boundaries for computing mean and std.dev: (1, 2532)
[M::mem_pestat] mean and std.dev: (555.14, 528.59)
[M::mem_pestat] low and high boundaries for proper pairs: (1, 3300)
[M::mem_pestat] skip orientation FF
[M::mem_pestat] skip orientation RF
[M::mem_pestat] skip orientation RR
[M::process] read 1476150 sequences (200000029 bp)...
[M::mem_process_seqs] Processed 1480620 reads in 463.054 CPU sec, 50.027 real sec
[M::mem_pestat] # candidate unique pairs for (FF, FR, RF, RR): (122, 528187, 105, 53)
[M::mem_pestat] analyzing insert size distribution for orientation FF...
[M::mem_pestat] (25, 50, 75) percentile: (353, 514, 881)
[M::mem_pestat] low and high boundaries for computing mean and std.dev: (1, 1937)
[M::mem_pestat] mean and std.dev: (578.05, 392.82)
[M::mem_pestat] low and high boundaries for proper pairs: (1, 2465)
[M::mem_pestat] analyzing insert size distribution for orientation FR...
[M::mem_pestat] (25, 50, 75) percentile: (283, 372, 480)
[M::mem_pestat] low and high boundaries for computing mean and std.dev: (1, 874)
[M::mem_pestat] mean and std.dev: (388.50, 146.20)
[M::mem_pestat] low and high boundaries for proper pairs: (1, 1071)
[M::mem_pestat] analyzing insert size distribution for orientation RF...
[M::mem_pestat] (25, 50, 75) percentile: (108, 755, 3899)
[M::mem_pestat] low and high boundaries for computing mean and std.dev: (1, 11481)
[M::mem_pestat] mean and std.dev: (2241.26, 2684.10)
[M::mem_pestat] low and high boundaries for proper pairs: (1, 15272)
[M::mem_pestat] analyzing insert size distribution for orientation RR...
[M::mem_pestat] (25, 50, 75) percentile: (196, 500, 1127)
[M::mem_pestat] low and high boundaries for computing mean and std.dev: (1, 2989)
[M::mem_pestat] mean and std.dev: (697.80, 700.72)
[M::mem_pestat] low and high boundaries for proper pairs: (1, 3920)
[M::mem_pestat] skip orientation FF
[M::mem_pestat] skip orientation RF
[M::mem_pestat] skip orientation RR
[M::process] read 1464074 sequences (200000206 bp)...
[M::mem_process_seqs] Processed 1476150 reads in 444.043 CPU sec, 48.132 real sec
[M::mem_pestat] # candidate unique pairs for (FF, FR, RF, RR): (116, 527546, 127, 69)
[M::mem_pestat] analyzing insert size distribution for orientation FF...
[M::mem_pestat] (25, 50, 75) percentile: (315, 467, 815)
[M::mem_pestat] low and high boundaries for computing mean and std.dev: (1, 1815)
[M::mem_pestat] mean and std.dev: (550.87, 334.92)
[M::mem_pestat] low and high boundaries for proper pairs: (1, 2315)
[M::mem_pestat] analyzing insert size distribution for orientation FR...
[M::mem_pestat] (25, 50, 75) percentile: (288, 380, 496)
[M::mem_pestat] low and high boundaries for computing mean and std.dev: (1, 912)
[M::mem_pestat] mean and std.dev: (400.44, 156.70)
[M::mem_pestat] low and high boundaries for proper pairs: (1, 1120)
[M::mem_pestat] analyzing insert size distribution for orientation RF...
[M::mem_pestat] (25, 50, 75) percentile: (112, 546, 3266)
[M::mem_pestat] low and high boundaries for computing mean and std.dev: (1, 9574)
[M::mem_pestat] mean and std.dev: (1710.56, 2286.59)
[M::mem_pestat] low and high boundaries for proper pairs: (1, 12728)
[M::mem_pestat] analyzing insert size distribution for orientation RR...
[M::mem_pestat] (25, 50, 75) percentile: (337, 508, 1000)
[M::mem_pestat] low and high boundaries for computing mean and std.dev: (1, 2326)
[M::mem_pestat] mean and std.dev: (605.77, 397.47)
[M::mem_pestat] low and high boundaries for proper pairs: (1, 2989)
[M::mem_pestat] skip orientation FF
[M::mem_pestat] skip orientation RF
[M::mem_pestat] skip orientation RR
[M::mem_process_seqs] Processed 1464074 reads in 461.517 CPU sec, 71.036 real sec
[M::process] read 1466122 sequences (200000140 bp)...
[M::process] read 1470726 sequences (200000149 bp)...
[M::mem_pestat] # candidate unique pairs for (FF, FR, RF, RR): (95, 527731, 105, 51)
[M::mem_pestat] analyzing insert size distribution for orientation FF...
[M::mem_pestat] (25, 50, 75) percentile: (305, 399, 850)
[M::mem_pestat] low and high boundaries for computing mean and std.dev: (1, 1940)
[M::mem_pestat] mean and std.dev: (514.15, 353.23)
[M::mem_pestat] low and high boundaries for proper pairs: (1, 2485)
[M::mem_pestat] analyzing insert size distribution for orientation FR...
[M::mem_pestat] (25, 50, 75) percentile: (289, 381, 496)
[M::mem_pestat] low and high boundaries for computing mean and std.dev: (1, 910)
[M::mem_pestat] mean and std.dev: (400.86, 155.61)
[M::mem_pestat] low and high boundaries for proper pairs: (1, 1117)
[M::mem_pestat] analyzing insert size distribution for orientation RF...
[M::mem_pestat] (25, 50, 75) percentile: (124, 613, 3540)
[M::mem_pestat] low and high boundaries for computing mean and std.dev: (1, 10372)
[M::mem_pestat] mean and std.dev: (2022.72, 2658.10)
[M::mem_pestat] low and high boundaries for proper pairs: (1, 13788)
[M::mem_pestat] analyzing insert size distribution for orientation RR...
[M::mem_pestat] (25, 50, 75) percentile: (180, 418, 868)
[M::mem_pestat] low and high boundaries for computing mean and std.dev: (1, 2244)
[M::mem_pestat] mean and std.dev: (576.90, 527.29)
[M::mem_pestat] low and high boundaries for proper pairs: (1, 2932)
[M::mem_pestat] skip orientation FF
[M::mem_pestat] skip orientation RF
[M::mem_pestat] skip orientation RR
[M::mem_process_seqs] Processed 1466122 reads in 445.964 CPU sec, 46.786 real sec
[M::mem_pestat] # candidate unique pairs for (FF, FR, RF, RR): (125, 527307, 127, 64)
[M::mem_pestat] analyzing insert size distribution for orientation FF...
[M::mem_pestat] (25, 50, 75) percentile: (318, 516, 950)
[M::mem_pestat] low and high boundaries for computing mean and std.dev: (1, 2214)
[M::mem_pestat] mean and std.dev: (575.42, 419.06)
[M::mem_pestat] low and high boundaries for proper pairs: (1, 2846)
[M::mem_pestat] analyzing insert size distribution for orientation FR...
[M::mem_pestat] (25, 50, 75) percentile: (288, 379, 492)
[M::mem_pestat] low and high boundaries for computing mean and std.dev: (1, 900)
[M::mem_pestat] mean and std.dev: (398.06, 152.58)
[M::mem_pestat] low and high boundaries for proper pairs: (1, 1104)
[M::mem_pestat] analyzing insert size distribution for orientation RF...
[M::mem_pestat] (25, 50, 75) percentile: (35, 365, 2840)
[M::mem_pestat] low and high boundaries for computing mean and std.dev: (1, 8450)
[M::mem_pestat] mean and std.dev: (1581.56, 2238.72)
[M::mem_pestat] low and high boundaries for proper pairs: (1, 11255)
[M::mem_pestat] analyzing insert size distribution for orientation RR...
[M::mem_pestat] (25, 50, 75) percentile: (191, 388, 708)
[M::mem_pestat] low and high boundaries for computing mean and std.dev: (1, 1742)
[M::mem_pestat] mean and std.dev: (452.00, 376.43)
[M::mem_pestat] low and high boundaries for proper pairs: (1, 2259)
[M::mem_pestat] skip orientation FF
[M::mem_pestat] skip orientation RF
[M::mem_pestat] skip orientation RR
[M::process] read 1472470 sequences (200000105 bp)...
[M::mem_process_seqs] Processed 1470726 reads in 465.500 CPU sec, 50.151 real sec
[M::mem_pestat] # candidate unique pairs for (FF, FR, RF, RR): (131, 525855, 102, 69)
[M::mem_pestat] analyzing insert size distribution for orientation FF...
[M::mem_pestat] (25, 50, 75) percentile: (299, 467, 752)
[M::mem_pestat] low and high boundaries for computing mean and std.dev: (1, 1658)
[M::mem_pestat] mean and std.dev: (498.20, 294.00)
[M::mem_pestat] low and high boundaries for proper pairs: (1, 2111)
[M::mem_pestat] analyzing insert size distribution for orientation FR...
[M::mem_pestat] (25, 50, 75) percentile: (285, 375, 485)
[M::mem_pestat] low and high boundaries for computing mean and std.dev: (1, 885)
[M::mem_pestat] mean and std.dev: (392.60, 148.60)
[M::mem_pestat] low and high boundaries for proper pairs: (1, 1085)
[M::mem_pestat] analyzing insert size distribution for orientation RF...
[M::mem_pestat] (25, 50, 75) percentile: (103, 460, 2100)
[M::mem_pestat] low and high boundaries for computing mean and std.dev: (1, 6094)
[M::mem_pestat] mean and std.dev: (1174.76, 1600.37)
[M::mem_pestat] low and high boundaries for proper pairs: (1, 8091)
[M::mem_pestat] analyzing insert size distribution for orientation RR...
[M::mem_pestat] (25, 50, 75) percentile: (216, 359, 652)
[M::mem_pestat] low and high boundaries for computing mean and std.dev: (1, 1524)
[M::mem_pestat] mean and std.dev: (420.81, 283.14)
[M::mem_pestat] low and high boundaries for proper pairs: (1, 1960)
[M::mem_pestat] skip orientation FF
[M::mem_pestat] skip orientation RF
[M::mem_pestat] skip orientation RR
[M::process] read 1468732 sequences (200000128 bp)...
[M::mem_process_seqs] Processed 1472470 reads in 448.146 CPU sec, 48.508 real sec
[M::mem_pestat] # candidate unique pairs for (FF, FR, RF, RR): (102, 529017, 120, 73)
[M::mem_pestat] analyzing insert size distribution for orientation FF...
[M::mem_pestat] (25, 50, 75) percentile: (281, 577, 901)
[M::mem_pestat] low and high boundaries for computing mean and std.dev: (1, 2141)
[M::mem_pestat] mean and std.dev: (557.23, 351.76)
[M::mem_pestat] low and high boundaries for proper pairs: (1, 2761)
[M::mem_pestat] analyzing insert size distribution for orientation FR...
[M::mem_pestat] (25, 50, 75) percentile: (285, 375, 487)
[M::mem_pestat] low and high boundaries for computing mean and std.dev: (1, 891)
[M::mem_pestat] mean and std.dev: (393.64, 151.72)
[M::mem_pestat] low and high boundaries for proper pairs: (1, 1093)
[M::mem_pestat] analyzing insert size distribution for orientation RF...
[M::mem_pestat] (25, 50, 75) percentile: (47, 310, 3013)
[M::mem_pestat] low and high boundaries for computing mean and std.dev: (1, 8945)
[M::mem_pestat] mean and std.dev: (1551.94, 2344.37)
[M::mem_pestat] low and high boundaries for proper pairs: (1, 11911)
[M::mem_pestat] analyzing insert size distribution for orientation RR...
[M::mem_pestat] (25, 50, 75) percentile: (296, 445, 800)
[M::mem_pestat] low and high boundaries for computing mean and std.dev: (1, 1808)
[M::mem_pestat] mean and std.dev: (544.87, 379.66)
[M::mem_pestat] low and high boundaries for proper pairs: (1, 2312)
[M::mem_pestat] skip orientation FF
[M::mem_pestat] skip orientation RF
[M::mem_pestat] skip orientation RR
[M::process] read 1463782 sequences (200000114 bp)...
[M::mem_process_seqs] Processed 1468732 reads in 443.076 CPU sec, 47.953 real sec
[M::mem_pestat] # candidate unique pairs for (FF, FR, RF, RR): (125, 527955, 101, 53)
[M::mem_pestat] analyzing insert size distribution for orientation FF...
[M::mem_pestat] (25, 50, 75) percentile: (310, 536, 782)
[M::mem_pestat] low and high boundaries for computing mean and std.dev: (1, 1726)
[M::mem_pestat] mean and std.dev: (513.55, 269.84)
[M::mem_pestat] low and high boundaries for proper pairs: (1, 2198)
[M::mem_pestat] analyzing insert size distribution for orientation FR...
[M::mem_pestat] (25, 50, 75) percentile: (289, 381, 497)
[M::mem_pestat] low and high boundaries for computing mean and std.dev: (1, 913)
[M::mem_pestat] mean and std.dev: (400.97, 156.39)
[M::mem_pestat] low and high boundaries for proper pairs: (1, 1121)
[M::mem_pestat] analyzing insert size distribution for orientation RF...
[M::mem_pestat] (25, 50, 75) percentile: (54, 560, 3158)
[M::mem_pestat] low and high boundaries for computing mean and std.dev: (1, 9366)
[M::mem_pestat] mean and std.dev: (1867.85, 2587.83)
[M::mem_pestat] low and high boundaries for proper pairs: (1, 12470)
[M::mem_pestat] analyzing insert size distribution for orientation RR...
[M::mem_pestat] (25, 50, 75) percentile: (326, 443, 952)
[M::mem_pestat] low and high boundaries for computing mean and std.dev: (1, 2204)
[M::mem_pestat] mean and std.dev: (600.88, 467.21)
[M::mem_pestat] low and high boundaries for proper pairs: (1, 2830)
[M::mem_pestat] skip orientation FF
[M::mem_pestat] skip orientation RF
[M::mem_pestat] skip orientation RR
[M::process] read 1466634 sequences (200000189 bp)...
[M::mem_process_seqs] Processed 1463782 reads in 442.237 CPU sec, 47.819 real sec
[M::mem_pestat] # candidate unique pairs for (FF, FR, RF, RR): (125, 528141, 123, 54)
[M::mem_pestat] analyzing insert size distribution for orientation FF...
[M::mem_pestat] (25, 50, 75) percentile: (307, 455, 717)
[M::mem_pestat] low and high boundaries for computing mean and std.dev: (1, 1537)
[M::mem_pestat] mean and std.dev: (482.11, 252.37)
[M::mem_pestat] low and high boundaries for proper pairs: (1, 1947)
[M::mem_pestat] analyzing insert size distribution for orientation FR...
[M::mem_pestat] (25, 50, 75) percentile: (290, 381, 495)
[M::mem_pestat] low and high boundaries for computing mean and std.dev: (1, 905)
[M::mem_pestat] mean and std.dev: (400.51, 154.25)
[M::mem_pestat] low and high boundaries for proper pairs: (1, 1110)
[M::mem_pestat] analyzing insert size distribution for orientation RF...
[M::mem_pestat] (25, 50, 75) percentile: (55, 353, 3507)
[M::mem_pestat] low and high boundaries for computing mean and std.dev: (1, 10411)
[M::mem_pestat] mean and std.dev: (2047.00, 2799.46)
[M::mem_pestat] low and high boundaries for proper pairs: (1, 13863)
[M::mem_pestat] analyzing insert size distribution for orientation RR...
[M::mem_pestat] (25, 50, 75) percentile: (282, 540, 938)
[M::mem_pestat] low and high boundaries for computing mean and std.dev: (1, 2250)
[M::mem_pestat] mean and std.dev: (566.52, 410.19)
[M::mem_pestat] low and high boundaries for proper pairs: (1, 2906)
[M::mem_pestat] skip orientation FF
[M::mem_pestat] skip orientation RF
[M::mem_pestat] skip orientation RR
[M::process] read 1469672 sequences (200000211 bp)...
[M::mem_process_seqs] Processed 1466634 reads in 445.828 CPU sec, 48.248 real sec
[M::mem_pestat] # candidate unique pairs for (FF, FR, RF, RR): (115, 527338, 114, 66)
[M::mem_pestat] analyzing insert size distribution for orientation FF...
[M::mem_pestat] (25, 50, 75) percentile: (343, 477, 732)
[M::mem_pestat] low and high boundaries for computing mean and std.dev: (1, 1510)
[M::mem_pestat] mean and std.dev: (504.09, 271.70)
[M::mem_pestat] low and high boundaries for proper pairs: (1, 1899)
[M::mem_pestat] analyzing insert size distribution for orientation FR...
[M::mem_pestat] (25, 50, 75) percentile: (288, 378, 490)
[M::mem_pestat] low and high boundaries for computing mean and std.dev: (1, 894)
[M::mem_pestat] mean and std.dev: (396.94, 151.56)
[M::mem_pestat] low and high boundaries for proper pairs: (1, 1096)
[M::mem_pestat] analyzing insert size distribution for orientation RF...
[M::mem_pestat] (25, 50, 75) percentile: (143, 778, 4300)
[M::mem_pestat] low and high boundaries for computing mean and std.dev: (1, 12614)
[M::mem_pestat] mean and std.dev: (2372.31, 2884.49)
[M::mem_pestat] low and high boundaries for proper pairs: (1, 16771)
[M::mem_pestat] analyzing insert size distribution for orientation RR...
[M::mem_pestat] (25, 50, 75) percentile: (238, 477, 863)
[M::mem_pestat] low and high boundaries for computing mean and std.dev: (1, 2113)
[M::mem_pestat] mean and std.dev: (482.14, 333.67)
[M::mem_pestat] low and high boundaries for proper pairs: (1, 2738)
[M::mem_pestat] skip orientation FF
[M::mem_pestat] skip orientation RF
[M::mem_pestat] skip orientation RR
[M::process] read 1475606 sequences (200000079 bp)...
[M::mem_process_seqs] Processed 1469672 reads in 448.491 CPU sec, 48.467 real sec
[M::mem_pestat] # candidate unique pairs for (FF, FR, RF, RR): (103, 527853, 126, 74)
[M::mem_pestat] analyzing insert size distribution for orientation FF...
[M::mem_pestat] (25, 50, 75) percentile: (364, 448, 757)
[M::mem_pestat] low and high boundaries for computing mean and std.dev: (1, 1543)
[M::mem_pestat] mean and std.dev: (527.90, 293.07)
[M::mem_pestat] low and high boundaries for proper pairs: (1, 1936)
[M::mem_pestat] analyzing insert size distribution for orientation FR...
[M::mem_pestat] (25, 50, 75) percentile: (284, 373, 480)
[M::mem_pestat] low and high boundaries for computing mean and std.dev: (1, 872)
[M::mem_pestat] mean and std.dev: (389.20, 145.58)
[M::mem_pestat] low and high boundaries for proper pairs: (1, 1068)
[M::mem_pestat] analyzing insert size distribution for orientation RF...
[M::mem_pestat] (25, 50, 75) percentile: (100, 539, 3879)
[M::mem_pestat] low and high boundaries for computing mean and std.dev: (1, 11437)
[M::mem_pestat] mean and std.dev: (1963.76, 2575.09)
[M::mem_pestat] low and high boundaries for proper pairs: (1, 15216)
[M::mem_pestat] analyzing insert size distribution for orientation RR...
[M::mem_pestat] (25, 50, 75) percentile: (303, 601, 1139)
[M::mem_pestat] low and high boundaries for computing mean and std.dev: (1, 2811)
[M::mem_pestat] mean and std.dev: (724.88, 591.38)
[M::mem_pestat] low and high boundaries for proper pairs: (1, 3647)
[M::mem_pestat] skip orientation FF
[M::mem_pestat] skip orientation RF
[M::mem_pestat] skip orientation RR
[M::process] read 1467700 sequences (200000266 bp)...
[M::mem_process_seqs] Processed 1475606 reads in 450.356 CPU sec, 48.681 real sec
[M::mem_pestat] # candidate unique pairs for (FF, FR, RF, RR): (132, 530123, 118, 62)
[M::mem_pestat] analyzing insert size distribution for orientation FF...
[M::mem_pestat] (25, 50, 75) percentile: (270, 540, 783)
[M::mem_pestat] low and high boundaries for computing mean and std.dev: (1, 1809)
[M::mem_pestat] mean and std.dev: (549.30, 358.16)
[M::mem_pestat] low and high boundaries for proper pairs: (1, 2322)
[M::mem_pestat] analyzing insert size distribution for orientation FR...
[M::mem_pestat] (25, 50, 75) percentile: (291, 383, 497)
[M::mem_pestat] low and high boundaries for computing mean and std.dev: (1, 909)
[M::mem_pestat] mean and std.dev: (402.09, 155.40)
[M::mem_pestat] low and high boundaries for proper pairs: (1, 1115)
[M::mem_pestat] analyzing insert size distribution for orientation RF...
[M::mem_pestat] (25, 50, 75) percentile: (93, 667, 3205)
[M::mem_pestat] low and high boundaries for computing mean and std.dev: (1, 9429)
[M::mem_pestat] mean and std.dev: (1579.70, 2051.81)
[M::mem_pestat] low and high boundaries for proper pairs: (1, 12541)
[M::mem_pestat] analyzing insert size distribution for orientation RR...
[M::mem_pestat] (25, 50, 75) percentile: (216, 401, 741)
[M::mem_pestat] low and high boundaries for computing mean and std.dev: (1, 1791)
[M::mem_pestat] mean and std.dev: (438.47, 340.43)
[M::mem_pestat] low and high boundaries for proper pairs: (1, 2316)
[M::mem_pestat] skip orientation FF
[M::mem_pestat] skip orientation RF
[M::mem_pestat] skip orientation RR
[M::process] read 1465032 sequences (200000166 bp)...
[M::mem_process_seqs] Processed 1467700 reads in 456.293 CPU sec, 49.279 real sec
[M::mem_pestat] # candidate unique pairs for (FF, FR, RF, RR): (125, 528777, 93, 73)
[M::mem_pestat] analyzing insert size distribution for orientation FF...
[M::mem_pestat] (25, 50, 75) percentile: (321, 453, 864)
[M::mem_pestat] low and high boundaries for computing mean and std.dev: (1, 1950)
[M::mem_pestat] mean and std.dev: (512.31, 312.22)
[M::mem_pestat] low and high boundaries for proper pairs: (1, 2493)
[M::mem_pestat] analyzing insert size distribution for orientation FR...
[M::mem_pestat] (25, 50, 75) percentile: (292, 384, 499)
[M::mem_pestat] low and high boundaries for computing mean and std.dev: (1, 913)
[M::mem_pestat] mean and std.dev: (403.44, 155.43)
[M::mem_pestat] low and high boundaries for proper pairs: (1, 1120)
[M::mem_pestat] analyzing insert size distribution for orientation RF...
[M::mem_pestat] (25, 50, 75) percentile: (116, 709, 3935)
[M::mem_pestat] low and high boundaries for computing mean and std.dev: (1, 11573)
[M::mem_pestat] mean and std.dev: (2026.44, 2502.70)
[M::mem_pestat] low and high boundaries for proper pairs: (1, 15392)
[M::mem_pestat] analyzing insert size distribution for orientation RR...
[M::mem_pestat] (25, 50, 75) percentile: (309, 497, 1215)
[M::mem_pestat] low and high boundaries for computing mean and std.dev: (1, 3027)
[M::mem_pestat] mean and std.dev: (626.10, 541.77)
[M::mem_pestat] low and high boundaries for proper pairs: (1, 3933)
[M::mem_pestat] skip orientation FF
[M::mem_pestat] skip orientation RF
[M::mem_pestat] skip orientation RR
[M::mem_process_seqs] Processed 1465032 reads in 463.012 CPU sec, 73.481 real sec
[M::process] read 1469870 sequences (200000113 bp)...
[M::mem_pestat] # candidate unique pairs for (FF, FR, RF, RR): (109, 528192, 114, 52)
[M::mem_pestat] analyzing insert size distribution for orientation FF...
[M::mem_pestat] (25, 50, 75) percentile: (305, 532, 1019)
[M::mem_pestat] low and high boundaries for computing mean and std.dev: (1, 2447)
[M::mem_pestat] mean and std.dev: (594.37, 411.36)
[M::mem_pestat] low and high boundaries for proper pairs: (1, 3161)
[M::mem_pestat] analyzing insert size distribution for orientation FR...
[M::mem_pestat] (25, 50, 75) percentile: (291, 382, 495)
[M::mem_pestat] low and high boundaries for computing mean and std.dev: (1, 903)
[M::mem_pestat] mean and std.dev: (400.98, 152.98)
[M::mem_pestat] low and high boundaries for proper pairs: (1, 1107)
[M::mem_pestat] analyzing insert size distribution for orientation RF...
[M::mem_pestat] (25, 50, 75) percentile: (100, 780, 3098)
[M::mem_pestat] low and high boundaries for computing mean and std.dev: (1, 9094)
[M::mem_pestat] mean and std.dev: (1744.09, 2206.96)
[M::mem_pestat] low and high boundaries for proper pairs: (1, 12092)
[M::mem_pestat] analyzing insert size distribution for orientation RR...
[M::mem_pestat] (25, 50, 75) percentile: (264, 384, 787)
[M::mem_pestat] low and high boundaries for computing mean and std.dev: (1, 1833)
[M::mem_pestat] mean and std.dev: (532.98, 398.63)
[M::mem_pestat] low and high boundaries for proper pairs: (1, 2356)
[M::mem_pestat] skip orientation FF
[M::mem_pestat] skip orientation RF
[M::mem_pestat] skip orientation RR
[M::process] read 1470322 sequences (200000187 bp)...
[M::mem_process_seqs] Processed 1469870 reads in 450.824 CPU sec, 46.949 real sec
[M::mem_pestat] # candidate unique pairs for (FF, FR, RF, RR): (114, 526854, 122, 53)
[M::mem_pestat] analyzing insert size distribution for orientation FF...
[M::mem_pestat] (25, 50, 75) percentile: (341, 495, 704)
[M::mem_pestat] low and high boundaries for computing mean and std.dev: (1, 1430)
[M::mem_pestat] mean and std.dev: (499.12, 255.53)
[M::mem_pestat] low and high boundaries for proper pairs: (1, 1793)
[M::mem_pestat] analyzing insert size distribution for orientation FR...
[M::mem_pestat] (25, 50, 75) percentile: (288, 380, 491)
[M::mem_pestat] low and high boundaries for computing mean and std.dev: (1, 897)
[M::mem_pestat] mean and std.dev: (397.48, 150.74)
[M::mem_pestat] low and high boundaries for proper pairs: (1, 1100)
[M::mem_pestat] analyzing insert size distribution for orientation RF...
[M::mem_pestat] (25, 50, 75) percentile: (71, 689, 3549)
[M::mem_pestat] low and high boundaries for computing mean and std.dev: (1, 10505)
[M::mem_pestat] mean and std.dev: (2106.75, 2823.42)
[M::mem_pestat] low and high boundaries for proper pairs: (1, 13983)
[M::mem_pestat] analyzing insert size distribution for orientation RR...
[M::mem_pestat] (25, 50, 75) percentile: (234, 319, 917)
[M::mem_pestat] low and high boundaries for computing mean and std.dev: (1, 2283)
[M::mem_pestat] mean and std.dev: (541.86, 528.45)
[M::mem_pestat] low and high boundaries for proper pairs: (1, 2966)
[M::mem_pestat] skip orientation FF
[M::mem_pestat] skip orientation RF
[M::mem_pestat] skip orientation RR
[M::process] read 1479340 sequences (200000225 bp)...
[M::mem_process_seqs] Processed 1470322 reads in 445.731 CPU sec, 48.176 real sec
[M::process] read 1483212 sequences (200000163 bp)...
[M::mem_pestat] # candidate unique pairs for (FF, FR, RF, RR): (117, 530686, 104, 53)
[M::mem_pestat] analyzing insert size distribution for orientation FF...
[M::mem_pestat] (25, 50, 75) percentile: (287, 482, 784)
[M::mem_pestat] low and high boundaries for computing mean and std.dev: (1, 1778)
[M::mem_pestat] mean and std.dev: (514.83, 327.77)
[M::mem_pestat] low and high boundaries for proper pairs: (1, 2275)
[M::mem_pestat] analyzing insert size distribution for orientation FR...
[M::mem_pestat] (25, 50, 75) percentile: (286, 376, 483)
[M::mem_pestat] low and high boundaries for computing mean and std.dev: (1, 877)
[M::mem_pestat] mean and std.dev: (391.94, 146.73)
[M::mem_pestat] low and high boundaries for proper pairs: (1, 1074)
[M::mem_pestat] analyzing insert size distribution for orientation RF...
[M::mem_pestat] (25, 50, 75) percentile: (112, 447, 3482)
[M::mem_pestat] low and high boundaries for computing mean and std.dev: (1, 10222)
[M::mem_pestat] mean and std.dev: (1982.25, 2730.76)
[M::mem_pestat] low and high boundaries for proper pairs: (1, 13592)
[M::mem_pestat] analyzing insert size distribution for orientation RR...
[M::mem_pestat] (25, 50, 75) percentile: (260, 465, 821)
[M::mem_pestat] low and high boundaries for computing mean and std.dev: (1, 1943)
[M::mem_pestat] mean and std.dev: (518.22, 398.09)
[M::mem_pestat] low and high boundaries for proper pairs: (1, 2504)
[M::mem_pestat] skip orientation FF
[M::mem_pestat] skip orientation RF
[M::mem_pestat] skip orientation RR
[M::mem_process_seqs] Processed 1479340 reads in 482.960 CPU sec, 52.038 real sec
[M::process] read 1485340 sequences (200000223 bp)...
[M::mem_pestat] # candidate unique pairs for (FF, FR, RF, RR): (135, 535962, 107, 62)
[M::mem_pestat] analyzing insert size distribution for orientation FF...
[M::mem_pestat] (25, 50, 75) percentile: (336, 496, 707)
[M::mem_pestat] low and high boundaries for computing mean and std.dev: (1, 1449)
[M::mem_pestat] mean and std.dev: (475.25, 240.47)
[M::mem_pestat] low and high boundaries for proper pairs: (1, 1820)
[M::mem_pestat] analyzing insert size distribution for orientation FR...
[M::mem_pestat] (25, 50, 75) percentile: (290, 381, 493)
[M::mem_pestat] low and high boundaries for computing mean and std.dev: (1, 899)
[M::mem_pestat] mean and std.dev: (399.15, 152.43)
[M::mem_pestat] low and high boundaries for proper pairs: (1, 1102)
[M::mem_pestat] analyzing insert size distribution for orientation RF...
[M::mem_pestat] (25, 50, 75) percentile: (86, 734, 4187)
[M::mem_pestat] low and high boundaries for computing mean and std.dev: (1, 12389)
[M::mem_pestat] mean and std.dev: (2273.45, 2920.62)
[M::mem_pestat] low and high boundaries for proper pairs: (1, 16490)
[M::mem_pestat] analyzing insert size distribution for orientation RR...
[M::mem_pestat] (25, 50, 75) percentile: (264, 744, 1607)
[M::mem_pestat] low and high boundaries for computing mean and std.dev: (1, 4293)
[M::mem_pestat] mean and std.dev: (888.60, 893.30)
[M::mem_pestat] low and high boundaries for proper pairs: (1, 5636)
[M::mem_pestat] skip orientation FF
[M::mem_pestat] skip orientation RF
[M::mem_pestat] skip orientation RR
[M::mem_process_seqs] Processed 1483212 reads in 522.907 CPU sec, 56.043 real sec
[M::process] read 1513878 sequences (200000005 bp)...
[M::mem_pestat] # candidate unique pairs for (FF, FR, RF, RR): (111, 535374, 120, 68)
[M::mem_pestat] analyzing insert size distribution for orientation FF...
[M::mem_pestat] (25, 50, 75) percentile: (325, 482, 660)
[M::mem_pestat] low and high boundaries for computing mean and std.dev: (1, 1330)
[M::mem_pestat] mean and std.dev: (457.58, 225.64)
[M::mem_pestat] low and high boundaries for proper pairs: (1, 1665)
[M::mem_pestat] analyzing insert size distribution for orientation FR...
[M::mem_pestat] (25, 50, 75) percentile: (290, 381, 493)
[M::mem_pestat] low and high boundaries for computing mean and std.dev: (1, 899)
[M::mem_pestat] mean and std.dev: (399.39, 152.11)
[M::mem_pestat] low and high boundaries for proper pairs: (1, 1102)
[M::mem_pestat] analyzing insert size distribution for orientation RF...
[M::mem_pestat] (25, 50, 75) percentile: (123, 387, 3250)
[M::mem_pestat] low and high boundaries for computing mean and std.dev: (1, 9504)
[M::mem_pestat] mean and std.dev: (1763.17, 2481.87)
[M::mem_pestat] low and high boundaries for proper pairs: (1, 12631)
[M::mem_pestat] analyzing insert size distribution for orientation RR...
[M::mem_pestat] (25, 50, 75) percentile: (232, 352, 1021)
[M::mem_pestat] low and high boundaries for computing mean and std.dev: (1, 2599)
[M::mem_pestat] mean and std.dev: (531.79, 489.62)
[M::mem_pestat] low and high boundaries for proper pairs: (1, 3388)
[M::mem_pestat] skip orientation FF
[M::mem_pestat] skip orientation RF
[M::mem_pestat] skip orientation RR
[M::mem_process_seqs] Processed 1485340 reads in 522.405 CPU sec, 56.092 real sec
[M::mem_pestat] # candidate unique pairs for (FF, FR, RF, RR): (106, 509296, 119, 62)
[M::mem_pestat] analyzing insert size distribution for orientation FF...
[M::mem_pestat] (25, 50, 75) percentile: (323, 481, 766)
[M::mem_pestat] low and high boundaries for computing mean and std.dev: (1, 1652)
[M::mem_pestat] mean and std.dev: (504.91, 279.59)
[M::mem_pestat] low and high boundaries for proper pairs: (1, 2095)
[M::mem_pestat] analyzing insert size distribution for orientation FR...
[M::mem_pestat] (25, 50, 75) percentile: (289, 380, 491)
[M::mem_pestat] low and high boundaries for computing mean and std.dev: (1, 895)
[M::mem_pestat] mean and std.dev: (397.87, 150.91)
[M::mem_pestat] low and high boundaries for proper pairs: (1, 1097)
[M::mem_pestat] analyzing insert size distribution for orientation RF...
[M::mem_pestat] (25, 50, 75) percentile: (143, 552, 2611)
[M::mem_pestat] low and high boundaries for computing mean and std.dev: (1, 7547)
[M::mem_pestat] mean and std.dev: (1369.68, 1859.24)
[M::mem_pestat] low and high boundaries for proper pairs: (1, 10015)
[M::mem_pestat] analyzing insert size distribution for orientation RR...
[M::mem_pestat] (25, 50, 75) percentile: (302, 795, 2339)
[M::mem_pestat] low and high boundaries for computing mean and std.dev: (1, 6413)
[M::mem_pestat] mean and std.dev: (1378.60, 1466.77)
[M::mem_pestat] low and high boundaries for proper pairs: (1, 8450)
[M::mem_pestat] skip orientation FF
[M::mem_pestat] skip orientation RF
[M::mem_pestat] skip orientation RR
[M::process] read 1471754 sequences (200000072 bp)...
[M::mem_process_seqs] Processed 1513878 reads in 511.321 CPU sec, 54.892 real sec
[M::mem_pestat] # candidate unique pairs for (FF, FR, RF, RR): (128, 528309, 125, 49)
[M::mem_pestat] analyzing insert size distribution for orientation FF...
[M::mem_pestat] (25, 50, 75) percentile: (337, 538, 796)
[M::mem_pestat] low and high boundaries for computing mean and std.dev: (1, 1714)
[M::mem_pestat] mean and std.dev: (521.48, 300.46)
[M::mem_pestat] low and high boundaries for proper pairs: (1, 2173)
[M::mem_pestat] analyzing insert size distribution for orientation FR...
[M::mem_pestat] (25, 50, 75) percentile: (288, 378, 489)
[M::mem_pestat] low and high boundaries for computing mean and std.dev: (1, 891)
[M::mem_pestat] mean and std.dev: (395.80, 149.54)
[M::mem_pestat] low and high boundaries for proper pairs: (1, 1092)
[M::mem_pestat] analyzing insert size distribution for orientation RF...
[M::mem_pestat] (25, 50, 75) percentile: (131, 465, 3232)
[M::mem_pestat] low and high boundaries for computing mean and std.dev: (1, 9434)
[M::mem_pestat] mean and std.dev: (1781.04, 2363.91)
[M::mem_pestat] low and high boundaries for proper pairs: (1, 12535)
[M::mem_pestat] analyzing insert size distribution for orientation RR...
[M::mem_pestat] (25, 50, 75) percentile: (293, 412, 1112)
[M::mem_pestat] low and high boundaries for computing mean and std.dev: (1, 2750)
[M::mem_pestat] mean and std.dev: (605.31, 531.58)
[M::mem_pestat] low and high boundaries for proper pairs: (1, 3569)
[M::mem_pestat] skip orientation FF
[M::mem_pestat] skip orientation RF
[M::mem_pestat] skip orientation RR
[M::mem_process_seqs] Processed 1471754 reads in 459.298 CPU sec, 72.314 real sec
[M::process] read 207782 sequences (28154848 bp)...
[M::mem_pestat] # candidate unique pairs for (FF, FR, RF, RR): (15, 74459, 20, 10)
[M::mem_pestat] analyzing insert size distribution for orientation FF...
[M::mem_pestat] (25, 50, 75) percentile: (461, 548, 877)
[M::mem_pestat] low and high boundaries for computing mean and std.dev: (1, 1709)
[M::mem_pestat] mean and std.dev: (613.67, 285.68)
[M::mem_pestat] low and high boundaries for proper pairs: (1, 2125)
[M::mem_pestat] analyzing insert size distribution for orientation FR...
[M::mem_pestat] (25, 50, 75) percentile: (284, 373, 482)
[M::mem_pestat] low and high boundaries for computing mean and std.dev: (1, 878)
[M::mem_pestat] mean and std.dev: (389.93, 145.81)
[M::mem_pestat] low and high boundaries for proper pairs: (1, 1076)
[M::mem_pestat] analyzing insert size distribution for orientation RF...
[M::mem_pestat] (25, 50, 75) percentile: (48, 1456, 5374)
[M::mem_pestat] low and high boundaries for computing mean and std.dev: (1, 16026)
[M::mem_pestat] mean and std.dev: (2142.50, 2367.70)
[M::mem_pestat] low and high boundaries for proper pairs: (1, 21352)
[M::mem_pestat] analyzing insert size distribution for orientation RR...
[M::mem_pestat] (25, 50, 75) percentile: (219, 825, 1566)
[M::mem_pestat] low and high boundaries for computing mean and std.dev: (1, 4260)
[M::mem_pestat] mean and std.dev: (911.20, 746.28)
[M::mem_pestat] low and high boundaries for proper pairs: (1, 5607)
[M::mem_pestat] skip orientation FF
[M::mem_pestat] skip orientation RF
[M::mem_pestat] skip orientation RR
[M::mem_process_seqs] Processed 207782 reads in 63.160 CPU sec, 6.770 real sec
[main] Version: 0.7.17-r1188
[main] CMD: bwa memsamblaster: Marked 4625156 of 41285045 (11.20%) read ids as duplicates -t 20 using 847328k memory in  -R1M @RG\tID:WT_LL_19T_003\tPL:ILLUMINA\tPU:HJMFJDSX7.4\tSM:WT_LL_19T_003\tCN:MCGILL\tBC:GTTGGATGAA-TTACCTGGAA36S /storage/scratch/iee/dj20y461/Stickleback/G_aculeatus/FITNESS//data/ref_A_X/stickleback_v5_assembly_A_X.fasta(95.610S) /storage/scratch/iee/dj20y461/Stickleback/G_aculeatus/FITNESS//data/trimmed/WT_LL_19T_003.R1.trimmed.fastq.gz CPU seconds and  /storage/scratch/iee/dj20y461/Stickleback/G_aculeatus/FITNESS//data/trimmed/WT_LL_19T_003.R2.trimmed.fastq.gz49M54S
[main] Real time: 2993.538 sec; CPU: 25540.488 sec
(2994S) wall time.
[bam_sort_core] merging from 40 files and 20 in-memory blocks...
