samblaster: Version 0.1.24
samblaster: Inputting from stdin
samblaster: Outputting to stdout
[M::bwa_idx_load_from_disk] read 0 ALT contigs
[M::process] read 1470834 sequences (200000139 bp)...
[M::mem_pestat] # candidate unique pairs for (FF, FR, RF, RR): (165, 563733, 125, 63)
[M::mem_pestat] analyzing insert size distribution for orientation FF...
[M::mem_pestat] (25, 50, 75) percentile: (335, 482, 770)
[M::mem_pestat] low and high boundaries for computing mean and std.dev: (1, 1640)
[M::mem_pestat] mean and std.dev: (514.05, 283.85)
[M::mem_pestat] low and high boundaries for proper pairs: (1, 2075)
[M::mem_pestat] analyzing insert size distribution for orientation FR...
[M::mem_pestat] (25, 50, 75) percentile: (308, 404, 520)
[M::mem_pestat] low and high boundaries for computing mean and std.dev: (1, 944)
[M::mem_pestat] mean and std.dev: (421.19, 159.36)
[M::mem_pestat] low and high boundaries for proper pairs: (1, 1156)
[M::mem_pestat] analyzing insert size distribution for orientation RF...
[M::mem_pestat] (25, 50, 75) percentile: (168, 603, 3327)
[M::mem_pestat] low and high boundaries for computing mean and std.dev: (1, 9645)
[M::mem_pestat] mean and std.dev: (1811.23, 2352.03)
[M::mem_pestat] low and high boundaries for proper pairs: (1, 12804)
[M::mem_pestat] analyzing insert size distribution for orientation RR...
[M::mem_pestat] (25, 50, 75) percentile: (288, 564, 1360)
[M::mem_pestat] low and high boundaries for computing mean and std.dev: (1, 3504)
[M::mem_pestat] mean and std.dev: (779.10, 720.60)
[M::mem_pestat] low and high boundaries for proper pairs: (1, 4576)
[M::mem_pestat] skip orientation FF
[M::mem_pestat] skip orientation RF
[M::mem_pestat] skip orientation RR
[M::mem_process_seqs] Processed 1470834 reads in 477.675 CPU sec, 114.952 real sec
samblaster: Loaded 23 header sequence entries.
[M::process] read 1468426 sequences (200000089 bp)...
[M::process] read 1473612 sequences (200000223 bp)...
[M::mem_pestat] # candidate unique pairs for (FF, FR, RF, RR): (145, 562690, 117, 55)
[M::mem_pestat] analyzing insert size distribution for orientation FF...
[M::mem_pestat] (25, 50, 75) percentile: (353, 520, 874)
[M::mem_pestat] low and high boundaries for computing mean and std.dev: (1, 1916)
[M::mem_pestat] mean and std.dev: (598.12, 376.32)
[M::mem_pestat] low and high boundaries for proper pairs: (1, 2437)
[M::mem_pestat] analyzing insert size distribution for orientation FR...
[M::mem_pestat] (25, 50, 75) percentile: (313, 410, 527)
[M::mem_pestat] low and high boundaries for computing mean and std.dev: (1, 955)
[M::mem_pestat] mean and std.dev: (427.22, 160.68)
[M::mem_pestat] low and high boundaries for proper pairs: (1, 1169)
[M::mem_pestat] analyzing insert size distribution for orientation RF...
[M::mem_pestat] (25, 50, 75) percentile: (68, 631, 4221)
[M::mem_pestat] low and high boundaries for computing mean and std.dev: (1, 12527)
[M::mem_pestat] mean and std.dev: (2092.36, 2713.79)
[M::mem_pestat] low and high boundaries for proper pairs: (1, 16680)
[M::mem_pestat] analyzing insert size distribution for orientation RR...
[M::mem_pestat] (25, 50, 75) percentile: (358, 653, 1411)
[M::mem_pestat] low and high boundaries for computing mean and std.dev: (1, 3517)
[M::mem_pestat] mean and std.dev: (842.54, 774.11)
[M::mem_pestat] low and high boundaries for proper pairs: (1, 4570)
[M::mem_pestat] skip orientation FF
[M::mem_pestat] skip orientation RF
[M::mem_pestat] skip orientation RR
[M::mem_process_seqs] Processed 1468426 reads in 449.635 CPU sec, 48.873 real sec
[M::mem_pestat] # candidate unique pairs for (FF, FR, RF, RR): (149, 561632, 123, 81)
[M::mem_pestat] analyzing insert size distribution for orientation FF...
[M::mem_pestat] (25, 50, 75) percentile: (344, 545, 799)
[M::mem_pestat] low and high boundaries for computing mean and std.dev: (1, 1709)
[M::mem_pestat] mean and std.dev: (563.91, 315.92)
[M::mem_pestat] low and high boundaries for proper pairs: (1, 2164)
[M::mem_pestat] analyzing insert size distribution for orientation FR...
[M::mem_pestat] (25, 50, 75) percentile: (311, 408, 522)
[M::mem_pestat] low and high boundaries for computing mean and std.dev: (1, 944)
[M::mem_pestat] mean and std.dev: (423.47, 156.57)
[M::mem_pestat] low and high boundaries for proper pairs: (1, 1155)
[M::mem_pestat] analyzing insert size distribution for orientation RF...
[M::mem_pestat] (25, 50, 75) percentile: (143, 1540, 4341)
[M::mem_pestat] low and high boundaries for computing mean and std.dev: (1, 12737)
[M::mem_pestat] mean and std.dev: (2620.79, 2933.14)
[M::mem_pestat] low and high boundaries for proper pairs: (1, 16935)
[M::mem_pestat] analyzing insert size distribution for orientation RR...
[M::mem_pestat] (25, 50, 75) percentile: (264, 538, 1115)
[M::mem_pestat] low and high boundaries for computing mean and std.dev: (1, 2817)
[M::mem_pestat] mean and std.dev: (693.06, 546.68)
[M::mem_pestat] low and high boundaries for proper pairs: (1, 3668)
[M::mem_pestat] skip orientation FF
[M::mem_pestat] skip orientation RF
[M::mem_pestat] skip orientation RR
[M::process] read 1480402 sequences (200000063 bp)...
[M::mem_process_seqs] Processed 1473612 reads in 454.233 CPU sec, 51.213 real sec
[M::mem_pestat] # candidate unique pairs for (FF, FR, RF, RR): (165, 561962, 127, 83)
[M::mem_pestat] analyzing insert size distribution for orientation FF...
[M::mem_pestat] (25, 50, 75) percentile: (370, 572, 904)
[M::mem_pestat] low and high boundaries for computing mean and std.dev: (1, 1972)
[M::mem_pestat] mean and std.dev: (572.60, 318.95)
[M::mem_pestat] low and high boundaries for proper pairs: (1, 2506)
[M::mem_pestat] analyzing insert size distribution for orientation FR...
[M::mem_pestat] (25, 50, 75) percentile: (307, 401, 509)
[M::mem_pestat] low and high boundaries for computing mean and std.dev: (1, 913)
[M::mem_pestat] mean and std.dev: (413.62, 149.50)
[M::mem_pestat] low and high boundaries for proper pairs: (1, 1115)
[M::mem_pestat] analyzing insert size distribution for orientation RF...
[M::mem_pestat] (25, 50, 75) percentile: (248, 1184, 4134)
[M::mem_pestat] low and high boundaries for computing mean and std.dev: (1, 11906)
[M::mem_pestat] mean and std.dev: (2429.86, 2743.61)
[M::mem_pestat] low and high boundaries for proper pairs: (1, 15792)
[M::mem_pestat] analyzing insert size distribution for orientation RR...
[M::mem_pestat] (25, 50, 75) percentile: (293, 607, 1015)
[M::mem_pestat] low and high boundaries for computing mean and std.dev: (1, 2459)
[M::mem_pestat] mean and std.dev: (658.75, 507.02)
[M::mem_pestat] low and high boundaries for proper pairs: (1, 3181)
[M::mem_pestat] skip orientation FF
[M::mem_pestat] skip orientation RF
[M::mem_pestat] skip orientation RR
[M::process] read 1470258 sequences (200000060 bp)...
[M::mem_process_seqs] Processed 1480402 reads in 457.686 CPU sec, 51.518 real sec
[M::process] read 1472722 sequences (200000053 bp)...
[M::mem_pestat] # candidate unique pairs for (FF, FR, RF, RR): (162, 563445, 103, 93)
[M::mem_pestat] analyzing insert size distribution for orientation FF...
[M::mem_pestat] (25, 50, 75) percentile: (356, 559, 898)
[M::mem_pestat] low and high boundaries for computing mean and std.dev: (1, 1982)
[M::mem_pestat] mean and std.dev: (570.60, 315.25)
[M::mem_pestat] low and high boundaries for proper pairs: (1, 2524)
[M::mem_pestat] analyzing insert size distribution for orientation FR...
[M::mem_pestat] (25, 50, 75) percentile: (311, 408, 525)
[M::mem_pestat] low and high boundaries for computing mean and std.dev: (1, 953)
[M::mem_pestat] mean and std.dev: (425.34, 160.36)
[M::mem_pestat] low and high boundaries for proper pairs: (1, 1167)
[M::mem_pestat] analyzing insert size distribution for orientation RF...
[M::mem_pestat] (25, 50, 75) percentile: (187, 690, 3134)
[M::mem_pestat] low and high boundaries for computing mean and std.dev: (1, 9028)
[M::mem_pestat] mean and std.dev: (1797.38, 2257.42)
[M::mem_pestat] low and high boundaries for proper pairs: (1, 11975)
[M::mem_pestat] analyzing insert size distribution for orientation RR...
[M::mem_pestat] (25, 50, 75) percentile: (239, 521, 1177)
[M::mem_pestat] low and high boundaries for computing mean and std.dev: (1, 3053)
[M::mem_pestat] mean and std.dev: (669.07, 658.40)
[M::mem_pestat] low and high boundaries for proper pairs: (1, 3991)
[M::mem_pestat] skip orientation FF
[M::mem_pestat] skip orientation RF
[M::mem_pestat] skip orientation RR
[M::mem_process_seqs] Processed 1470258 reads in 448.864 CPU sec, 50.222 real sec
[M::mem_pestat] # candidate unique pairs for (FF, FR, RF, RR): (136, 562436, 133, 88)
[M::mem_pestat] analyzing insert size distribution for orientation FF...
[M::mem_pestat] (25, 50, 75) percentile: (378, 543, 819)
[M::mem_pestat] low and high boundaries for computing mean and std.dev: (1, 1701)
[M::mem_pestat] mean and std.dev: (591.85, 292.55)
[M::mem_pestat] low and high boundaries for proper pairs: (1, 2142)
[M::mem_pestat] analyzing insert size distribution for orientation FR...
[M::mem_pestat] (25, 50, 75) percentile: (313, 410, 526)
[M::mem_pestat] low and high boundaries for computing mean and std.dev: (1, 952)
[M::mem_pestat] mean and std.dev: (426.86, 159.05)
[M::mem_pestat] low and high boundaries for proper pairs: (1, 1165)
[M::mem_pestat] analyzing insert size distribution for orientation RF...
[M::mem_pestat] (25, 50, 75) percentile: (118, 1024, 3552)
[M::mem_pestat] low and high boundaries for computing mean and std.dev: (1, 10420)
[M::mem_pestat] mean and std.dev: (2075.44, 2378.57)
[M::mem_pestat] low and high boundaries for proper pairs: (1, 13854)
[M::mem_pestat] analyzing insert size distribution for orientation RR...
[M::mem_pestat] (25, 50, 75) percentile: (320, 619, 1408)
[M::mem_pestat] low and high boundaries for computing mean and std.dev: (1, 3584)
[M::mem_pestat] mean and std.dev: (747.70, 660.63)
[M::mem_pestat] low and high boundaries for proper pairs: (1, 4672)
[M::mem_pestat] skip orientation FF
[M::mem_pestat] skip orientation RF
[M::mem_pestat] skip orientation RR
[M::process] read 1478122 sequences (200000013 bp)...
[M::mem_process_seqs] Processed 1472722 reads in 453.710 CPU sec, 50.241 real sec
[M::process] read 1482670 sequences (200000142 bp)...
[M::mem_pestat] # candidate unique pairs for (FF, FR, RF, RR): (131, 562020, 138, 70)
[M::mem_pestat] analyzing insert size distribution for orientation FF...
[M::mem_pestat] (25, 50, 75) percentile: (416, 595, 853)
[M::mem_pestat] low and high boundaries for computing mean and std.dev: (1, 1727)
[M::mem_pestat] mean and std.dev: (578.98, 312.58)
[M::mem_pestat] low and high boundaries for proper pairs: (1, 2164)
[M::mem_pestat] analyzing insert size distribution for orientation FR...
[M::mem_pestat] (25, 50, 75) percentile: (310, 406, 518)
[M::mem_pestat] low and high boundaries for computing mean and std.dev: (1, 934)
[M::mem_pestat] mean and std.dev: (420.59, 153.89)
[M::mem_pestat] low and high boundaries for proper pairs: (1, 1142)
[M::mem_pestat] analyzing insert size distribution for orientation RF...
[M::mem_pestat] (25, 50, 75) percentile: (96, 588, 3339)
[M::mem_pestat] low and high boundaries for computing mean and std.dev: (1, 9825)
[M::mem_pestat] mean and std.dev: (2103.41, 2749.56)
[M::mem_pestat] low and high boundaries for proper pairs: (1, 13102)
[M::mem_pestat] analyzing insert size distribution for orientation RR...
[M::mem_pestat] (25, 50, 75) percentile: (363, 720, 1591)
[M::mem_pestat] low and high boundaries for computing mean and std.dev: (1, 4047)
[M::mem_pestat] mean and std.dev: (911.92, 876.71)
[M::mem_pestat] low and high boundaries for proper pairs: (1, 5275)
[M::mem_pestat] skip orientation FF
[M::mem_pestat] skip orientation RF
[M::mem_pestat] skip orientation RR
[M::mem_process_seqs] Processed 1478122 reads in 456.748 CPU sec, 50.428 real sec
[M::process] read 1465856 sequences (200000140 bp)...
[M::mem_pestat] # candidate unique pairs for (FF, FR, RF, RR): (134, 562478, 124, 77)
[M::mem_pestat] analyzing insert size distribution for orientation FF...
[M::mem_pestat] (25, 50, 75) percentile: (370, 537, 884)
[M::mem_pestat] low and high boundaries for computing mean and std.dev: (1, 1912)
[M::mem_pestat] mean and std.dev: (586.03, 350.29)
[M::mem_pestat] low and high boundaries for proper pairs: (1, 2426)
[M::mem_pestat] analyzing insert size distribution for orientation FR...
[M::mem_pestat] (25, 50, 75) percentile: (305, 399, 507)
[M::mem_pestat] low and high boundaries for computing mean and std.dev: (1, 911)
[M::mem_pestat] mean and std.dev: (411.79, 148.88)
[M::mem_pestat] low and high boundaries for proper pairs: (1, 1113)
[M::mem_pestat] analyzing insert size distribution for orientation RF...
[M::mem_pestat] (25, 50, 75) percentile: (184, 1228, 4310)
[M::mem_pestat] low and high boundaries for computing mean and std.dev: (1, 12562)
[M::mem_pestat] mean and std.dev: (2491.50, 2896.70)
[M::mem_pestat] low and high boundaries for proper pairs: (1, 16688)
[M::mem_pestat] analyzing insert size distribution for orientation RR...
[M::mem_pestat] (25, 50, 75) percentile: (305, 537, 897)
[M::mem_pestat] low and high boundaries for computing mean and std.dev: (1, 2081)
[M::mem_pestat] mean and std.dev: (538.85, 329.61)
[M::mem_pestat] low and high boundaries for proper pairs: (1, 2673)
[M::mem_pestat] skip orientation FF
[M::mem_pestat] skip orientation RF
[M::mem_pestat] skip orientation RR
[M::mem_process_seqs] Processed 1482670 reads in 456.207 CPU sec, 50.269 real sec
[M::mem_pestat] # candidate unique pairs for (FF, FR, RF, RR): (142, 562135, 129, 87)
[M::mem_pestat] analyzing insert size distribution for orientation FF...
[M::mem_pestat] (25, 50, 75) percentile: (377, 630, 1115)
[M::mem_pestat] low and high boundaries for computing mean and std.dev: (1, 2591)
[M::mem_pestat] mean and std.dev: (707.18, 446.23)
[M::mem_pestat] low and high boundaries for proper pairs: (1, 3329)
[M::mem_pestat] analyzing insert size distribution for orientation FR...
[M::mem_pestat] (25, 50, 75) percentile: (314, 412, 533)
[M::mem_pestat] low and high boundaries for computing mean and std.dev: (1, 971)
[M::mem_pestat] mean and std.dev: (431.31, 164.62)
[M::mem_pestat] low and high boundaries for proper pairs: (1, 1190)
[M::mem_pestat] analyzing insert size distribution for orientation RF...
[M::mem_pestat] (25, 50, 75) percentile: (185, 1400, 3870)
[M::mem_pestat] low and high boundaries for computing mean and std.dev: (1, 11240)
[M::mem_pestat] mean and std.dev: (2427.94, 2849.23)
[M::mem_pestat] low and high boundaries for proper pairs: (1, 14925)
[M::mem_pestat] analyzing insert size distribution for orientation RR...
[M::mem_pestat] (25, 50, 75) percentile: (239, 441, 1010)
[M::mem_pestat] low and high boundaries for computing mean and std.dev: (1, 2552)
[M::mem_pestat] mean and std.dev: (578.42, 502.68)
[M::mem_pestat] low and high boundaries for proper pairs: (1, 3323)
[M::mem_pestat] skip orientation FF
[M::mem_pestat] skip orientation RF
[M::mem_pestat] skip orientation RR
[M::process] read 1469606 sequences (200000220 bp)...
[M::mem_process_seqs] Processed 1465856 reads in 449.259 CPU sec, 48.832 real sec
[M::mem_pestat] # candidate unique pairs for (FF, FR, RF, RR): (165, 562191, 118, 62)
[M::mem_pestat] analyzing insert size distribution for orientation FF...
[M::mem_pestat] (25, 50, 75) percentile: (409, 585, 838)
[M::mem_pestat] low and high boundaries for computing mean and std.dev: (1, 1696)
[M::mem_pestat] mean and std.dev: (586.43, 285.11)
[M::mem_pestat] low and high boundaries for proper pairs: (1, 2125)
[M::mem_pestat] analyzing insert size distribution for orientation FR...
[M::mem_pestat] (25, 50, 75) percentile: (314, 412, 530)
[M::mem_pestat] low and high boundaries for computing mean and std.dev: (1, 962)
[M::mem_pestat] mean and std.dev: (429.46, 161.55)
[M::mem_pestat] low and high boundaries for proper pairs: (1, 1178)
[M::mem_pestat] analyzing insert size distribution for orientation RF...
[M::mem_pestat] (25, 50, 75) percentile: (102, 522, 2032)
[M::mem_pestat] low and high boundaries for computing mean and std.dev: (1, 5892)
[M::mem_pestat] mean and std.dev: (997.18, 1288.16)
[M::mem_pestat] low and high boundaries for proper pairs: (1, 7822)
[M::mem_pestat] analyzing insert size distribution for orientation RR...
[M::mem_pestat] (25, 50, 75) percentile: (348, 504, 1904)
[M::mem_pestat] low and high boundaries for computing mean and std.dev: (1, 5016)
[M::mem_pestat] mean and std.dev: (1014.20, 1142.91)
[M::mem_pestat] low and high boundaries for proper pairs: (1, 6572)
[M::mem_pestat] skip orientation FF
[M::mem_pestat] skip orientation RF
[M::mem_pestat] skip orientation RR
[M::process] read 1475420 sequences (200000266 bp)...
[M::mem_process_seqs] Processed 1469606 reads in 454.709 CPU sec, 49.428 real sec
[M::process] read 1481504 sequences (200000113 bp)...
[M::mem_pestat] # candidate unique pairs for (FF, FR, RF, RR): (150, 561310, 139, 80)
[M::mem_pestat] analyzing insert size distribution for orientation FF...
[M::mem_pestat] (25, 50, 75) percentile: (380, 597, 914)
[M::mem_pestat] low and high boundaries for computing mean and std.dev: (1, 1982)
[M::mem_pestat] mean and std.dev: (624.09, 386.28)
[M::mem_pestat] low and high boundaries for proper pairs: (1, 2516)
[M::mem_pestat] analyzing insert size distribution for orientation FR...
[M::mem_pestat] (25, 50, 75) percentile: (311, 407, 520)
[M::mem_pestat] low and high boundaries for computing mean and std.dev: (1, 938)
[M::mem_pestat] mean and std.dev: (422.06, 154.92)
[M::mem_pestat] low and high boundaries for proper pairs: (1, 1147)
[M::mem_pestat] analyzing insert size distribution for orientation RF...
[M::mem_pestat] (25, 50, 75) percentile: (157, 888, 3125)
[M::mem_pestat] low and high boundaries for computing mean and std.dev: (1, 9061)
[M::mem_pestat] mean and std.dev: (1765.78, 2056.13)
[M::mem_pestat] low and high boundaries for proper pairs: (1, 12029)
[M::mem_pestat] analyzing insert size distribution for orientation RR...
[M::mem_pestat] (25, 50, 75) percentile: (274, 479, 943)
[M::mem_pestat] low and high boundaries for computing mean and std.dev: (1, 2281)
[M::mem_pestat] mean and std.dev: (515.79, 369.02)
[M::mem_pestat] low and high boundaries for proper pairs: (1, 2950)
[M::mem_pestat] skip orientation FF
[M::mem_pestat] skip orientation RF
[M::mem_pestat] skip orientation RR
[M::mem_process_seqs] Processed 1475420 reads in 458.886 CPU sec, 50.555 real sec
[M::mem_pestat] # candidate unique pairs for (FF, FR, RF, RR): (150, 562067, 119, 67)
[M::mem_pestat] analyzing insert size distribution for orientation FF...
[M::mem_pestat] (25, 50, 75) percentile: (359, 563, 752)
[M::mem_pestat] low and high boundaries for computing mean and std.dev: (1, 1538)
[M::mem_pestat] mean and std.dev: (549.84, 279.58)
[M::mem_pestat] low and high boundaries for proper pairs: (1, 1931)
[M::mem_pestat] analyzing insert size distribution for orientation FR...
[M::mem_pestat] (25, 50, 75) percentile: (306, 400, 508)
[M::mem_pestat] low and high boundaries for computing mean and std.dev: (1, 912)
[M::mem_pestat] mean and std.dev: (412.48, 149.34)
[M::mem_pestat] low and high boundaries for proper pairs: (1, 1114)
[M::mem_pestat] analyzing insert size distribution for orientation RF...
[M::mem_pestat] (25, 50, 75) percentile: (173, 679, 3338)
[M::mem_pestat] low and high boundaries for computing mean and std.dev: (1, 9668)
[M::mem_pestat] mean and std.dev: (1870.54, 2456.45)
[M::mem_pestat] low and high boundaries for proper pairs: (1, 12833)
[M::mem_pestat] analyzing insert size distribution for orientation RR...
[M::mem_pestat] (25, 50, 75) percentile: (231, 504, 1101)
[M::mem_pestat] low and high boundaries for computing mean and std.dev: (1, 2841)
[M::mem_pestat] mean and std.dev: (645.68, 607.44)
[M::mem_pestat] low and high boundaries for proper pairs: (1, 3711)
[M::mem_pestat] skip orientation FF
[M::mem_pestat] skip orientation RF
[M::mem_pestat] skip orientation RR
[M::mem_process_seqs] Processed 1481504 reads in 466.617 CPU sec, 70.163 real sec
[M::process] read 1466026 sequences (200000050 bp)...
[M::process] read 1468206 sequences (200000096 bp)...
[M::mem_pestat] # candidate unique pairs for (FF, FR, RF, RR): (143, 562877, 123, 62)
[M::mem_pestat] analyzing insert size distribution for orientation FF...
[M::mem_pestat] (25, 50, 75) percentile: (403, 584, 917)
[M::mem_pestat] low and high boundaries for computing mean and std.dev: (1, 1945)
[M::mem_pestat] mean and std.dev: (615.10, 335.19)
[M::mem_pestat] low and high boundaries for proper pairs: (1, 2459)
[M::mem_pestat] analyzing insert size distribution for orientation FR...
[M::mem_pestat] (25, 50, 75) percentile: (313, 411, 531)
[M::mem_pestat] low and high boundaries for computing mean and std.dev: (1, 967)
[M::mem_pestat] mean and std.dev: (430.04, 163.15)
[M::mem_pestat] low and high boundaries for proper pairs: (1, 1185)
[M::mem_pestat] analyzing insert size distribution for orientation RF...
[M::mem_pestat] (25, 50, 75) percentile: (190, 973, 3569)
[M::mem_pestat] low and high boundaries for computing mean and std.dev: (1, 10327)
[M::mem_pestat] mean and std.dev: (2070.47, 2485.41)
[M::mem_pestat] low and high boundaries for proper pairs: (1, 13706)
[M::mem_pestat] analyzing insert size distribution for orientation RR...
[M::mem_pestat] (25, 50, 75) percentile: (413, 681, 1276)
[M::mem_pestat] low and high boundaries for computing mean and std.dev: (1, 3002)
[M::mem_pestat] mean and std.dev: (785.71, 638.72)
[M::mem_pestat] low and high boundaries for proper pairs: (1, 3865)
[M::mem_pestat] skip orientation FF
[M::mem_pestat] skip orientation RF
[M::mem_pestat] skip orientation RR
[M::mem_process_seqs] Processed 1466026 reads in 447.031 CPU sec, 46.417 real sec
[M::mem_pestat] # candidate unique pairs for (FF, FR, RF, RR): (138, 562983, 115, 76)
[M::mem_pestat] analyzing insert size distribution for orientation FF...
[M::mem_pestat] (25, 50, 75) percentile: (370, 493, 896)
[M::mem_pestat] low and high boundaries for computing mean and std.dev: (1, 1948)
[M::mem_pestat] mean and std.dev: (571.63, 348.99)
[M::mem_pestat] low and high boundaries for proper pairs: (1, 2474)
[M::mem_pestat] analyzing insert size distribution for orientation FR...
[M::mem_pestat] (25, 50, 75) percentile: (315, 412, 529)
[M::mem_pestat] low and high boundaries for computing mean and std.dev: (1, 957)
[M::mem_pestat] mean and std.dev: (428.97, 160.26)
[M::mem_pestat] low and high boundaries for proper pairs: (1, 1171)
[M::mem_pestat] analyzing insert size distribution for orientation RF...
[M::mem_pestat] (25, 50, 75) percentile: (217, 1512, 4753)
[M::mem_pestat] low and high boundaries for computing mean and std.dev: (1, 13825)
[M::mem_pestat] mean and std.dev: (2497.43, 2699.86)
[M::mem_pestat] low and high boundaries for proper pairs: (1, 18361)
[M::mem_pestat] analyzing insert size distribution for orientation RR...
[M::mem_pestat] (25, 50, 75) percentile: (418, 655, 1281)
[M::mem_pestat] low and high boundaries for computing mean and std.dev: (1, 3007)
[M::mem_pestat] mean and std.dev: (809.55, 603.91)
[M::mem_pestat] low and high boundaries for proper pairs: (1, 3870)
[M::mem_pestat] skip orientation FF
[M::mem_pestat] skip orientation RF
[M::mem_pestat] skip orientation RR
[M::process] read 1474936 sequences (200000004 bp)...
[M::mem_process_seqs] Processed 1468206 reads in 451.696 CPU sec, 48.906 real sec
[M::mem_pestat] # candidate unique pairs for (FF, FR, RF, RR): (133, 561505, 121, 77)
[M::mem_pestat] analyzing insert size distribution for orientation FF...
[M::mem_pestat] (25, 50, 75) percentile: (340, 544, 773)
[M::mem_pestat] low and high boundaries for computing mean and std.dev: (1, 1639)
[M::mem_pestat] mean and std.dev: (529.75, 268.84)
[M::mem_pestat] low and high boundaries for proper pairs: (1, 2072)
[M::mem_pestat] analyzing insert size distribution for orientation FR...
[M::mem_pestat] (25, 50, 75) percentile: (311, 407, 519)
[M::mem_pestat] low and high boundaries for computing mean and std.dev: (1, 935)
[M::mem_pestat] mean and std.dev: (421.49, 154.28)
[M::mem_pestat] low and high boundaries for proper pairs: (1, 1143)
[M::mem_pestat] analyzing insert size distribution for orientation RF...
[M::mem_pestat] (25, 50, 75) percentile: (185, 880, 3137)
[M::mem_pestat] low and high boundaries for computing mean and std.dev: (1, 9041)
[M::mem_pestat] mean and std.dev: (1971.96, 2336.39)
[M::mem_pestat] low and high boundaries for proper pairs: (1, 11993)
[M::mem_pestat] analyzing insert size distribution for orientation RR...
[M::mem_pestat] (25, 50, 75) percentile: (314, 652, 1385)
[M::mem_pestat] low and high boundaries for computing mean and std.dev: (1, 3527)
[M::mem_pestat] mean and std.dev: (817.44, 751.33)
[M::mem_pestat] low and high boundaries for proper pairs: (1, 4598)
[M::mem_pestat] skip orientation FF
[M::mem_pestat] skip orientation RF
[M::mem_pestat] skip orientation RR
[M::process] read 1480050 sequences (200000152 bp)...
[M::mem_process_seqs] Processed 1474936 reads in 455.464 CPU sec, 49.362 real sec
[M::mem_pestat] # candidate unique pairs for (FF, FR, RF, RR): (145, 562842, 122, 86)
[M::mem_pestat] analyzing insert size distribution for orientation FF...
[M::mem_pestat] (25, 50, 75) percentile: (395, 607, 967)
[M::mem_pestat] low and high boundaries for computing mean and std.dev: (1, 2111)
[M::mem_pestat] mean and std.dev: (677.79, 405.57)
[M::mem_pestat] low and high boundaries for proper pairs: (1, 2683)
[M::mem_pestat] analyzing insert size distribution for orientation FR...
[M::mem_pestat] (25, 50, 75) percentile: (308, 402, 511)
[M::mem_pestat] low and high boundaries for computing mean and std.dev: (1, 917)
[M::mem_pestat] mean and std.dev: (415.11, 150.47)
[M::mem_pestat] low and high boundaries for proper pairs: (1, 1120)
[M::mem_pestat] analyzing insert size distribution for orientation RF...
[M::mem_pestat] (25, 50, 75) percentile: (177, 845, 4950)
[M::mem_pestat] low and high boundaries for computing mean and std.dev: (1, 14496)
[M::mem_pestat] mean and std.dev: (2486.79, 2906.98)
[M::mem_pestat] low and high boundaries for proper pairs: (1, 19269)
[M::mem_pestat] analyzing insert size distribution for orientation RR...
[M::mem_pestat] (25, 50, 75) percentile: (292, 648, 1365)
[M::mem_pestat] low and high boundaries for computing mean and std.dev: (1, 3511)
[M::mem_pestat] mean and std.dev: (730.81, 600.11)
[M::mem_pestat] low and high boundaries for proper pairs: (1, 4584)
[M::mem_pestat] skip orientation FF
[M::mem_pestat] skip orientation RF
[M::mem_pestat] skip orientation RR
[M::process] read 1466164 sequences (200000122 bp)...
[M::mem_process_seqs] Processed 1480050 reads in 452.033 CPU sec, 48.978 real sec
[M::mem_pestat] # candidate unique pairs for (FF, FR, RF, RR): (148, 563462, 115, 86)
[M::mem_pestat] analyzing insert size distribution for orientation FF...
[M::mem_pestat] (25, 50, 75) percentile: (352, 579, 873)
[M::mem_pestat] low and high boundaries for computing mean and std.dev: (1, 1915)
[M::mem_pestat] mean and std.dev: (613.26, 366.57)
[M::mem_pestat] low and high boundaries for proper pairs: (1, 2436)
[M::mem_pestat] analyzing insert size distribution for orientation FR...
[M::mem_pestat] (25, 50, 75) percentile: (318, 415, 534)
[M::mem_pestat] low and high boundaries for computing mean and std.dev: (1, 966)
[M::mem_pestat] mean and std.dev: (433.44, 162.91)
[M::mem_pestat] low and high boundaries for proper pairs: (1, 1182)
[M::mem_pestat] analyzing insert size distribution for orientation RF...
[M::mem_pestat] (25, 50, 75) percentile: (177, 954, 4377)
[M::mem_pestat] low and high boundaries for computing mean and std.dev: (1, 12777)
[M::mem_pestat] mean and std.dev: (2370.60, 2545.44)
[M::mem_pestat] low and high boundaries for proper pairs: (1, 16977)
[M::mem_pestat] analyzing insert size distribution for orientation RR...
[M::mem_pestat] (25, 50, 75) percentile: (294, 687, 1275)
[M::mem_pestat] low and high boundaries for computing mean and std.dev: (1, 3237)
[M::mem_pestat] mean and std.dev: (831.04, 728.00)
[M::mem_pestat] low and high boundaries for proper pairs: (1, 4218)
[M::mem_pestat] skip orientation FF
[M::mem_pestat] skip orientation RF
[M::mem_pestat] skip orientation RR
[M::process] read 1468640 sequences (200000221 bp)...
[M::mem_process_seqs] Processed 1466164 reads in 448.300 CPU sec, 48.659 real sec
[M::mem_pestat] # candidate unique pairs for (FF, FR, RF, RR): (141, 562292, 130, 61)
[M::mem_pestat] analyzing insert size distribution for orientation FF...
[M::mem_pestat] (25, 50, 75) percentile: (386, 619, 1070)
[M::mem_pestat] low and high boundaries for computing mean and std.dev: (1, 2438)
[M::mem_pestat] mean and std.dev: (657.01, 420.32)
[M::mem_pestat] low and high boundaries for proper pairs: (1, 3122)
[M::mem_pestat] analyzing insert size distribution for orientation FR...
[M::mem_pestat] (25, 50, 75) percentile: (317, 414, 530)
[M::mem_pestat] low and high boundaries for computing mean and std.dev: (1, 956)
[M::mem_pestat] mean and std.dev: (430.22, 159.57)
[M::mem_pestat] low and high boundaries for proper pairs: (1, 1169)
[M::mem_pestat] analyzing insert size distribution for orientation RF...
[M::mem_pestat] (25, 50, 75) percentile: (216, 1039, 3147)
[M::mem_pestat] low and high boundaries for computing mean and std.dev: (1, 9009)
[M::mem_pestat] mean and std.dev: (1845.41, 2168.49)
[M::mem_pestat] low and high boundaries for proper pairs: (1, 11940)
[M::mem_pestat] analyzing insert size distribution for orientation RR...
[M::mem_pestat] (25, 50, 75) percentile: (308, 499, 1680)
[M::mem_pestat] low and high boundaries for computing mean and std.dev: (1, 4424)
[M::mem_pestat] mean and std.dev: (975.79, 1087.03)
[M::mem_pestat] low and high boundaries for proper pairs: (1, 5796)
[M::mem_pestat] skip orientation FF
[M::mem_pestat] skip orientation RF
[M::mem_pestat] skip orientation RR
[M::mem_process_seqs] Processed 1468640 reads in 467.986 CPU sec, 76.134 real sec
[M::process] read 1475340 sequences (200000231 bp)...
[M::process] read 1479232 sequences (200000149 bp)...
[M::mem_pestat] # candidate unique pairs for (FF, FR, RF, RR): (134, 561940, 124, 82)
[M::mem_pestat] analyzing insert size distribution for orientation FF...
[M::mem_pestat] (25, 50, 75) percentile: (381, 600, 992)
[M::mem_pestat] low and high boundaries for computing mean and std.dev: (1, 2214)
[M::mem_pestat] mean and std.dev: (673.06, 410.70)
[M::mem_pestat] low and high boundaries for proper pairs: (1, 2825)
[M::mem_pestat] analyzing insert size distribution for orientation FR...
[M::mem_pestat] (25, 50, 75) percentile: (314, 409, 522)
[M::mem_pestat] low and high boundaries for computing mean and std.dev: (1, 938)
[M::mem_pestat] mean and std.dev: (424.07, 154.38)
[M::mem_pestat] low and high boundaries for proper pairs: (1, 1146)
[M::mem_pestat] analyzing insert size distribution for orientation RF...
[M::mem_pestat] (25, 50, 75) percentile: (188, 997, 3507)
[M::mem_pestat] low and high boundaries for computing mean and std.dev: (1, 10145)
[M::mem_pestat] mean and std.dev: (2124.42, 2485.05)
[M::mem_pestat] low and high boundaries for proper pairs: (1, 13464)
[M::mem_pestat] analyzing insert size distribution for orientation RR...
[M::mem_pestat] (25, 50, 75) percentile: (298, 556, 1276)
[M::mem_pestat] low and high boundaries for computing mean and std.dev: (1, 3232)
[M::mem_pestat] mean and std.dev: (715.74, 621.45)
[M::mem_pestat] low and high boundaries for proper pairs: (1, 4210)
[M::mem_pestat] skip orientation FF
[M::mem_pestat] skip orientation RF
[M::mem_pestat] skip orientation RR
[M::mem_process_seqs] Processed 1475340 reads in 453.226 CPU sec, 47.652 real sec
[M::mem_pestat] # candidate unique pairs for (FF, FR, RF, RR): (168, 563790, 109, 95)
[M::mem_pestat] analyzing insert size distribution for orientation FF...
[M::mem_pestat] (25, 50, 75) percentile: (405, 568, 1014)
[M::mem_pestat] low and high boundaries for computing mean and std.dev: (1, 2232)
[M::mem_pestat] mean and std.dev: (651.02, 430.48)
[M::mem_pestat] low and high boundaries for proper pairs: (1, 2841)
[M::mem_pestat] analyzing insert size distribution for orientation FR...
[M::mem_pestat] (25, 50, 75) percentile: (310, 404, 513)
[M::mem_pestat] low and high boundaries for computing mean and std.dev: (1, 919)
[M::mem_pestat] mean and std.dev: (416.84, 150.46)
[M::mem_pestat] low and high boundaries for proper pairs: (1, 1122)
[M::mem_pestat] analyzing insert size distribution for orientation RF...
[M::mem_pestat] (25, 50, 75) percentile: (88, 712, 2509)
[M::mem_pestat] low and high boundaries for computing mean and std.dev: (1, 7351)
[M::mem_pestat] mean and std.dev: (1539.84, 1903.10)
[M::mem_pestat] low and high boundaries for proper pairs: (1, 9772)
[M::mem_pestat] analyzing insert size distribution for orientation RR...
[M::mem_pestat] (25, 50, 75) percentile: (250, 483, 1007)
[M::mem_pestat] low and high boundaries for computing mean and std.dev: (1, 2521)
[M::mem_pestat] mean and std.dev: (501.14, 407.77)
[M::mem_pestat] low and high boundaries for proper pairs: (1, 3278)
[M::mem_pestat] skip orientation FF
[M::mem_pestat] skip orientation RF
[M::mem_pestat] skip orientation RR
[M::process] read 1464966 sequences (200000266 bp)...
[M::mem_process_seqs] Processed 1479232 reads in 450.784 CPU sec, 48.859 real sec
[M::mem_pestat] # candidate unique pairs for (FF, FR, RF, RR): (156, 564044, 117, 87)
[M::mem_pestat] analyzing insert size distribution for orientation FF...
[M::mem_pestat] (25, 50, 75) percentile: (374, 568, 881)
[M::mem_pestat] low and high boundaries for computing mean and std.dev: (1, 1895)
[M::mem_pestat] mean and std.dev: (605.18, 334.87)
[M::mem_pestat] low and high boundaries for proper pairs: (1, 2402)
[M::mem_pestat] analyzing insert size distribution for orientation FR...
[M::mem_pestat] (25, 50, 75) percentile: (315, 411, 528)
[M::mem_pestat] low and high boundaries for computing mean and std.dev: (1, 954)
[M::mem_pestat] mean and std.dev: (428.67, 160.36)
[M::mem_pestat] low and high boundaries for proper pairs: (1, 1167)
[M::mem_pestat] analyzing insert size distribution for orientation RF...
[M::mem_pestat] (25, 50, 75) percentile: (181, 755, 2952)
[M::mem_pestat] low and high boundaries for computing mean and std.dev: (1, 8494)
[M::mem_pestat] mean and std.dev: (1467.53, 1906.00)
[M::mem_pestat] low and high boundaries for proper pairs: (1, 11265)
[M::mem_pestat] analyzing insert size distribution for orientation RR...
[M::mem_pestat] (25, 50, 75) percentile: (334, 590, 1307)
[M::mem_pestat] low and high boundaries for computing mean and std.dev: (1, 3253)
[M::mem_pestat] mean and std.dev: (728.46, 501.42)
[M::mem_pestat] low and high boundaries for proper pairs: (1, 4226)
[M::mem_pestat] skip orientation FF
[M::mem_pestat] skip orientation RF
[M::mem_pestat] skip orientation RR
[M::process] read 1467676 sequences (200000065 bp)...
[M::mem_process_seqs] Processed 1464966 reads in 445.723 CPU sec, 48.368 real sec
[M::mem_pestat] # candidate unique pairs for (FF, FR, RF, RR): (164, 564202, 109, 75)
[M::mem_pestat] analyzing insert size distribution for orientation FF...
[M::mem_pestat] (25, 50, 75) percentile: (384, 538, 818)
[M::mem_pestat] low and high boundaries for computing mean and std.dev: (1, 1686)
[M::mem_pestat] mean and std.dev: (569.90, 320.65)
[M::mem_pestat] low and high boundaries for proper pairs: (1, 2120)
[M::mem_pestat] analyzing insert size distribution for orientation FR...
[M::mem_pestat] (25, 50, 75) percentile: (314, 410, 524)
[M::mem_pestat] low and high boundaries for computing mean and std.dev: (1, 944)
[M::mem_pestat] mean and std.dev: (426.18, 157.75)
[M::mem_pestat] low and high boundaries for proper pairs: (1, 1154)
[M::mem_pestat] analyzing insert size distribution for orientation RF...
[M::mem_pestat] (25, 50, 75) percentile: (124, 694, 3521)
[M::mem_pestat] low and high boundaries for computing mean and std.dev: (1, 10315)
[M::mem_pestat] mean and std.dev: (1982.06, 2419.23)
[M::mem_pestat] low and high boundaries for proper pairs: (1, 13712)
[M::mem_pestat] analyzing insert size distribution for orientation RR...
[M::mem_pestat] (25, 50, 75) percentile: (309, 519, 1222)
[M::mem_pestat] low and high boundaries for computing mean and std.dev: (1, 3048)
[M::mem_pestat] mean and std.dev: (706.71, 607.30)
[M::mem_pestat] low and high boundaries for proper pairs: (1, 3961)
[M::mem_pestat] skip orientation FF
[M::mem_pestat] skip orientation RF
[M::mem_pestat] skip orientation RR
[M::process] read 1471428 sequences (200000080 bp)...
[M::mem_process_seqs] Processed 1467676 reads in 448.061 CPU sec, 48.567 real sec
[M::mem_pestat] # candidate unique pairs for (FF, FR, RF, RR): (149, 563406, 118, 80)
[M::mem_pestat] analyzing insert size distribution for orientation FF...
[M::mem_pestat] (25, 50, 75) percentile: (344, 542, 784)
[M::mem_pestat] low and high boundaries for computing mean and std.dev: (1, 1664)
[M::mem_pestat] mean and std.dev: (526.25, 277.46)
[M::mem_pestat] low and high boundaries for proper pairs: (1, 2104)
[M::mem_pestat] analyzing insert size distribution for orientation FR...
[M::mem_pestat] (25, 50, 75) percentile: (313, 409, 522)
[M::mem_pestat] low and high boundaries for computing mean and std.dev: (1, 940)
[M::mem_pestat] mean and std.dev: (423.92, 155.37)
[M::mem_pestat] low and high boundaries for proper pairs: (1, 1149)
[M::mem_pestat] analyzing insert size distribution for orientation RF...
[M::mem_pestat] (25, 50, 75) percentile: (119, 652, 3714)
[M::mem_pestat] low and high boundaries for computing mean and std.dev: (1, 10904)
[M::mem_pestat] mean and std.dev: (2259.13, 2840.70)
[M::mem_pestat] low and high boundaries for proper pairs: (1, 14499)
[M::mem_pestat] analyzing insert size distribution for orientation RR...
[M::mem_pestat] (25, 50, 75) percentile: (339, 550, 1416)
[M::mem_pestat] low and high boundaries for computing mean and std.dev: (1, 3570)
[M::mem_pestat] mean and std.dev: (673.81, 516.58)
[M::mem_pestat] low and high boundaries for proper pairs: (1, 4647)
[M::mem_pestat] skip orientation FF
[M::mem_pestat] skip orientation RF
[M::mem_pestat] skip orientation RR
[M::process] read 1483502 sequences (200000223 bp)...
[M::mem_process_seqs] Processed 1471428 reads in 450.824 CPU sec, 48.937 real sec
[M::mem_pestat] # candidate unique pairs for (FF, FR, RF, RR): (150, 565150, 120, 79)
[M::mem_pestat] analyzing insert size distribution for orientation FF...
[M::mem_pestat] (25, 50, 75) percentile: (346, 506, 769)
[M::mem_pestat] low and high boundaries for computing mean and std.dev: (1, 1615)
[M::mem_pestat] mean and std.dev: (551.41, 287.10)
[M::mem_pestat] low and high boundaries for proper pairs: (1, 2038)
[M::mem_pestat] analyzing insert size distribution for orientation FR...
[M::mem_pestat] (25, 50, 75) percentile: (308, 403, 514)
[M::mem_pestat] low and high boundaries for computing mean and std.dev: (1, 926)
[M::mem_pestat] mean and std.dev: (417.01, 153.30)
[M::mem_pestat] low and high boundaries for proper pairs: (1, 1132)
[M::mem_pestat] analyzing insert size distribution for orientation RF...
[M::mem_pestat] (25, 50, 75) percentile: (145, 1206, 3615)
[M::mem_pestat] low and high boundaries for computing mean and std.dev: (1, 10555)
[M::mem_pestat] mean and std.dev: (2155.32, 2460.61)
[M::mem_pestat] low and high boundaries for proper pairs: (1, 14025)
[M::mem_pestat] analyzing insert size distribution for orientation RR...
[M::mem_pestat] (25, 50, 75) percentile: (281, 578, 1454)
[M::mem_pestat] low and high boundaries for computing mean and std.dev: (1, 3800)
[M::mem_pestat] mean and std.dev: (918.69, 870.68)
[M::mem_pestat] low and high boundaries for proper pairs: (1, 4973)
[M::mem_pestat] skip orientation FF
[M::mem_pestat] skip orientation RF
[M::mem_pestat] skip orientation RR
[M::process] read 1484582 sequences (200000031 bp)...
[M::mem_process_seqs] Processed 1483502 reads in 477.230 CPU sec, 51.465 real sec
[M::mem_pestat] # candidate unique pairs for (FF, FR, RF, RR): (176, 564738, 101, 84)
[M::mem_pestat] analyzing insert size distribution for orientation FF...
[M::mem_pestat] (25, 50, 75) percentile: (438, 571, 923)
[M::mem_pestat] low and high boundaries for computing mean and std.dev: (1, 1893)
[M::mem_pestat] mean and std.dev: (633.50, 349.99)
[M::mem_pestat] low and high boundaries for proper pairs: (1, 2378)
[M::mem_pestat] analyzing insert size distribution for orientation FR...
[M::mem_pestat] (25, 50, 75) percentile: (314, 412, 533)
[M::mem_pestat] low and high boundaries for computing mean and std.dev: (1, 971)
[M::mem_pestat] mean and std.dev: (431.25, 164.85)
[M::mem_pestat] low and high boundaries for proper pairs: (1, 1190)
[M::mem_pestat] analyzing insert size distribution for orientation RF...
[M::mem_pestat] (25, 50, 75) percentile: (206, 1150, 4724)
[M::mem_pestat] low and high boundaries for computing mean and std.dev: (1, 13760)
[M::mem_pestat] mean and std.dev: (2662.34, 3072.87)
[M::mem_pestat] low and high boundaries for proper pairs: (1, 18278)
[M::mem_pestat] analyzing insert size distribution for orientation RR...
[M::mem_pestat] (25, 50, 75) percentile: (311, 461, 1005)
[M::mem_pestat] low and high boundaries for computing mean and std.dev: (1, 2393)
[M::mem_pestat] mean and std.dev: (634.36, 508.14)
[M::mem_pestat] low and high boundaries for proper pairs: (1, 3087)
[M::mem_pestat] skip orientation FF
[M::mem_pestat] skip orientation RF
[M::mem_pestat] skip orientation RR
[M::process] read 1490340 sequences (200000244 bp)...
[M::mem_process_seqs] Processed 1484582 reads in 526.282 CPU sec, 56.645 real sec
[M::mem_pestat] # candidate unique pairs for (FF, FR, RF, RR): (161, 565565, 142, 78)
[M::mem_pestat] analyzing insert size distribution for orientation FF...
[M::mem_pestat] (25, 50, 75) percentile: (434, 657, 1004)
[M::mem_pestat] low and high boundaries for computing mean and std.dev: (1, 2144)
[M::mem_pestat] mean and std.dev: (675.39, 357.20)
[M::mem_pestat] low and high boundaries for proper pairs: (1, 2714)
[M::mem_pestat] analyzing insert size distribution for orientation FR...
[M::mem_pestat] (25, 50, 75) percentile: (315, 412, 530)
[M::mem_pestat] low and high boundaries for computing mean and std.dev: (1, 960)
[M::mem_pestat] mean and std.dev: (429.47, 160.58)
[M::mem_pestat] low and high boundaries for proper pairs: (1, 1175)
[M::mem_pestat] analyzing insert size distribution for orientation RF...
[M::mem_pestat] (25, 50, 75) percentile: (172, 927, 3649)
[M::mem_pestat] low and high boundaries for computing mean and std.dev: (1, 10603)
[M::mem_pestat] mean and std.dev: (2110.04, 2561.72)
[M::mem_pestat] low and high boundaries for proper pairs: (1, 14080)
[M::mem_pestat] analyzing insert size distribution for orientation RR...
[M::mem_pestat] (25, 50, 75) percentile: (275, 756, 1303)
[M::mem_pestat] low and high boundaries for computing mean and std.dev: (1, 3359)
[M::mem_pestat] mean and std.dev: (771.10, 676.04)
[M::mem_pestat] low and high boundaries for proper pairs: (1, 4387)
[M::mem_pestat] skip orientation FF
[M::mem_pestat] skip orientation RF
[M::mem_pestat] skip orientation RR
[M::process] read 1495002 sequences (200000209 bp)...
[M::mem_process_seqs] Processed 1490340 reads in 474.533 CPU sec, 51.460 real sec
[M::mem_pestat] # candidate unique pairs for (FF, FR, RF, RR): (177, 564975, 134, 80)
[M::mem_pestat] analyzing insert size distribution for orientation FF...
[M::mem_pestat] (25, 50, 75) percentile: (373, 590, 904)
[M::mem_pestat] low and high boundaries for computing mean and std.dev: (1, 1966)
[M::mem_pestat] mean and std.dev: (588.04, 328.35)
[M::mem_pestat] low and high boundaries for proper pairs: (1, 2497)
[M::mem_pestat] analyzing insert size distribution for orientation FR...
[M::mem_pestat] (25, 50, 75) percentile: (311, 408, 522)
[M::mem_pestat] low and high boundaries for computing mean and std.dev: (1, 944)
[M::mem_pestat] mean and std.dev: (423.06, 155.81)
[M::mem_pestat] low and high boundaries for proper pairs: (1, 1155)
[M::mem_pestat] analyzing insert size distribution for orientation RF...
[M::mem_pestat] (25, 50, 75) percentile: (139, 789, 3555)
[M::mem_pestat] low and high boundaries for computing mean and std.dev: (1, 10387)
[M::mem_pestat] mean and std.dev: (2158.93, 2747.72)
[M::mem_pestat] low and high boundaries for proper pairs: (1, 13803)
[M::mem_pestat] analyzing insert size distribution for orientation RR...
[M::mem_pestat] (25, 50, 75) percentile: (381, 551, 1519)
[M::mem_pestat] low and high boundaries for computing mean and std.dev: (1, 3795)
[M::mem_pestat] mean and std.dev: (784.44, 699.32)
[M::mem_pestat] low and high boundaries for proper pairs: (1, 4933)
[M::mem_pestat] skip orientation FF
[M::mem_pestat] skip orientation RF
[M::mem_pestat] skip orientation RR
[M::process] read 1479382 sequences (200000035 bp)...
[M::mem_process_seqs] Processed 1495002 reads in 464.277 CPU sec, 50.378 real sec
[M::mem_pestat] # candidate unique pairs for (FF, FR, RF, RR): (162, 564447, 124, 85)
[M::mem_pestat] analyzing insert size distribution for orientation FF...
[M::mem_pestat] (25, 50, 75) percentile: (366, 538, 826)
[M::mem_pestat] low and high boundaries for computing mean and std.dev: (1, 1746)
[M::mem_pestat] mean and std.dev: (580.77, 326.60)
[M::mem_pestat] low and high boundaries for proper pairs: (1, 2206)
[M::mem_pestat] analyzing insert size distribution for orientation FR...
[M::mem_pestat] (25, 50, 75) percentile: (310, 407, 524)
[M::mem_pestat] low and high boundaries for computing mean and std.dev: (1, 952)
[M::mem_pestat] mean and std.dev: (424.57, 160.30)
[M::mem_pestat] low and high boundaries for proper pairs: (1, 1166)
[M::mem_pestat] analyzing insert size distribution for orientation RF...
[M::mem_pestat] (25, 50, 75) percentile: (145, 745, 3345)
[M::mem_pestat] low and high boundaries for computing mean and std.dev: (1, 9745)
[M::mem_pestat] mean and std.dev: (1825.57, 2262.44)
[M::mem_pestat] low and high boundaries for proper pairs: (1, 12945)
[M::mem_pestat] analyzing insert size distribution for orientation RR...
[M::mem_pestat] (25, 50, 75) percentile: (310, 615, 1325)
[M::mem_pestat] low and high boundaries for computing mean and std.dev: (1, 3355)
[M::mem_pestat] mean and std.dev: (741.86, 632.40)
[M::mem_pestat] low and high boundaries for proper pairs: (1, 4370)
[M::mem_pestat] skip orientation FF
[M::mem_pestat] skip orientation RF
[M::mem_pestat] skip orientation RR
[M::process] read 1474622 sequences (200000180 bp)...
[M::mem_process_seqs] Processed 1479382 reads in 459.018 CPU sec, 49.860 real sec
[M::mem_pestat] # candidate unique pairs for (FF, FR, RF, RR): (155, 562379, 120, 60)
[M::mem_pestat] analyzing insert size distribution for orientation FF...
[M::mem_pestat] (25, 50, 75) percentile: (404, 595, 1084)
[M::mem_pestat] low and high boundaries for computing mean and std.dev: (1, 2444)
[M::mem_pestat] mean and std.dev: (672.01, 446.60)
[M::mem_pestat] low and high boundaries for proper pairs: (1, 3124)
[M::mem_pestat] analyzing insert size distribution for orientation FR...
[M::mem_pestat] (25, 50, 75) percentile: (315, 413, 535)
[M::mem_pestat] low and high boundaries for computing mean and std.dev: (1, 975)
[M::mem_pestat] mean and std.dev: (432.66, 165.34)
[M::mem_pestat] low and high boundaries for proper pairs: (1, 1195)
[M::mem_pestat] analyzing insert size distribution for orientation RF...
[M::mem_pestat] (25, 50, 75) percentile: (163, 765, 3063)
[M::mem_pestat] low and high boundaries for computing mean and std.dev: (1, 8863)
[M::mem_pestat] mean and std.dev: (1789.82, 2117.02)
[M::mem_pestat] low and high boundaries for proper pairs: (1, 11763)
[M::mem_pestat] analyzing insert size distribution for orientation RR...
[M::mem_pestat] (25, 50, 75) percentile: (347, 529, 1443)
[M::mem_pestat] low and high boundaries for computing mean and std.dev: (1, 3635)
[M::mem_pestat] mean and std.dev: (865.34, 820.76)
[M::mem_pestat] low and high boundaries for proper pairs: (1, 4731)
[M::mem_pestat] skip orientation FF
[M::mem_pestat] skip orientation RF
[M::mem_pestat] skip orientation RR
[M::mem_process_seqs] Processed 1474622 reads in 472.964 CPU sec, 93.188 real sec
[M::process] read 1486054 sequences (200000088 bp)...
[M::process] read 1491626 sequences (200000071 bp)...
[M::mem_pestat] # candidate unique pairs for (FF, FR, RF, RR): (203, 563674, 125, 88)
[M::mem_pestat] analyzing insert size distribution for orientation FF...
[M::mem_pestat] (25, 50, 75) percentile: (384, 635, 962)
[M::mem_pestat] low and high boundaries for computing mean and std.dev: (1, 2118)
[M::mem_pestat] mean and std.dev: (687.56, 429.20)
[M::mem_pestat] low and high boundaries for proper pairs: (1, 2696)
[M::mem_pestat] analyzing insert size distribution for orientation FR...
[M::mem_pestat] (25, 50, 75) percentile: (314, 412, 528)
[M::mem_pestat] low and high boundaries for computing mean and std.dev: (1, 956)
[M::mem_pestat] mean and std.dev: (428.38, 159.67)
[M::mem_pestat] low and high boundaries for proper pairs: (1, 1170)
[M::mem_pestat] analyzing insert size distribution for orientation RF...
[M::mem_pestat] (25, 50, 75) percentile: (120, 570, 3240)
[M::mem_pestat] low and high boundaries for computing mean and std.dev: (1, 9480)
[M::mem_pestat] mean and std.dev: (1652.52, 2182.38)
[M::mem_pestat] low and high boundaries for proper pairs: (1, 12600)
[M::mem_pestat] analyzing insert size distribution for orientation RR...
[M::mem_pestat] (25, 50, 75) percentile: (303, 647, 2032)
[M::mem_pestat] low and high boundaries for computing mean and std.dev: (1, 5490)
[M::mem_pestat] mean and std.dev: (1128.39, 1256.77)
[M::mem_pestat] low and high boundaries for proper pairs: (1, 7219)
[M::mem_pestat] skip orientation FF
[M::mem_pestat] skip orientation RF
[M::mem_pestat] skip orientation RR
[M::mem_process_seqs] Processed 1486054 reads in 466.466 CPU sec, 47.561 real sec
[M::process] read 1472868 sequences (200000143 bp)...
[M::mem_pestat] # candidate unique pairs for (FF, FR, RF, RR): (167, 563680, 120, 76)
[M::mem_pestat] analyzing insert size distribution for orientation FF...
[M::mem_pestat] (25, 50, 75) percentile: (395, 572, 818)
[M::mem_pestat] low and high boundaries for computing mean and std.dev: (1, 1664)
[M::mem_pestat] mean and std.dev: (582.63, 309.74)
[M::mem_pestat] low and high boundaries for proper pairs: (1, 2087)
[M::mem_pestat] analyzing insert size distribution for orientation FR...
[M::mem_pestat] (25, 50, 75) percentile: (310, 406, 518)
[M::mem_pestat] low and high boundaries for computing mean and std.dev: (1, 934)
[M::mem_pestat] mean and std.dev: (420.33, 153.33)
[M::mem_pestat] low and high boundaries for proper pairs: (1, 1142)
[M::mem_pestat] analyzing insert size distribution for orientation RF...
[M::mem_pestat] (25, 50, 75) percentile: (97, 454, 3202)
[M::mem_pestat] low and high boundaries for computing mean and std.dev: (1, 9412)
[M::mem_pestat] mean and std.dev: (1699.67, 2459.95)
[M::mem_pestat] low and high boundaries for proper pairs: (1, 12517)
[M::mem_pestat] analyzing insert size distribution for orientation RR...
[M::mem_pestat] (25, 50, 75) percentile: (301, 525, 1868)
[M::mem_pestat] low and high boundaries for computing mean and std.dev: (1, 5002)
[M::mem_pestat] mean and std.dev: (827.65, 807.99)
[M::mem_pestat] low and high boundaries for proper pairs: (1, 6569)
[M::mem_pestat] skip orientation FF
[M::mem_pestat] skip orientation RF
[M::mem_pestat] skip orientation RR
[M::mem_process_seqs] Processed 1491626 reads in 469.879 CPU sec, 50.905 real sec
[M::mem_pestat] # candidate unique pairs for (FF, FR, RF, RR): (179, 562607, 112, 91)
[M::mem_pestat] analyzing insert size distribution for orientation FF...
[M::mem_pestat] (25, 50, 75) percentile: (386, 552, 799)
[M::mem_pestat] low and high boundaries for computing mean and std.dev: (1, 1625)
[M::mem_pestat] mean and std.dev: (574.15, 304.10)
[M::mem_pestat] low and high boundaries for proper pairs: (1, 2038)
[M::mem_pestat] analyzing insert size distribution for orientation FR...
[M::mem_pestat] (25, 50, 75) percentile: (314, 412, 533)
[M::mem_pestat] low and high boundaries for computing mean and std.dev: (1, 971)
[M::mem_pestat] mean and std.dev: (431.33, 165.57)
[M::mem_pestat] low and high boundaries for proper pairs: (1, 1190)
[M::mem_pestat] analyzing insert size distribution for orientation RF...
[M::mem_pestat] (25, 50, 75) percentile: (186, 1164, 3263)
[M::mem_pestat] low and high boundaries for computing mean and std.dev: (1, 9417)
[M::mem_pestat] mean and std.dev: (2023.57, 2273.97)
[M::mem_pestat] low and high boundaries for proper pairs: (1, 12494)
[M::mem_pestat] analyzing insert size distribution for orientation RR...
[M::mem_pestat] (25, 50, 75) percentile: (335, 682, 1141)
[M::mem_pestat] low and high boundaries for computing mean and std.dev: (1, 2753)
[M::mem_pestat] mean and std.dev: (733.77, 570.52)
[M::mem_pestat] low and high boundaries for proper pairs: (1, 3559)
[M::mem_pestat] skip orientation FF
[M::mem_pestat] skip orientation RF
[M::mem_pestat] skip orientation RR
[M::process] read 1470410 sequences (200000068 bp)...
[M::mem_process_seqs] Processed 1472868 reads in 452.695 CPU sec, 49.153 real sec
[M::mem_pestat] # candidate unique pairs for (FF, FR, RF, RR): (153, 562083, 111, 79)
[M::mem_pestat] analyzing insert size distribution for orientation FF...
[M::mem_pestat] (25, 50, 75) percentile: (391, 625, 941)
[M::mem_pestat] low and high boundaries for computing mean and std.dev: (1, 2041)
[M::mem_pestat] mean and std.dev: (652.64, 363.16)
[M::mem_pestat] low and high boundaries for proper pairs: (1, 2591)
[M::mem_pestat] analyzing insert size distribution for orientation FR...
[M::mem_pestat] (25, 50, 75) percentile: (317, 417, 541)
[M::mem_pestat] low and high boundaries for computing mean and std.dev: (1, 989)
[M::mem_pestat] mean and std.dev: (437.32, 168.76)
[M::mem_pestat] low and high boundaries for proper pairs: (1, 1213)
[M::mem_pestat] analyzing insert size distribution for orientation RF...
[M::mem_pestat] (25, 50, 75) percentile: (178, 878, 4769)
[M::mem_pestat] low and high boundaries for computing mean and std.dev: (1, 13951)
[M::mem_pestat] mean and std.dev: (2563.06, 2987.08)
[M::mem_pestat] low and high boundaries for proper pairs: (1, 18542)
[M::mem_pestat] analyzing insert size distribution for orientation RR...
[M::mem_pestat] (25, 50, 75) percentile: (266, 485, 970)
[M::mem_pestat] low and high boundaries for computing mean and std.dev: (1, 2378)
[M::mem_pestat] mean and std.dev: (547.77, 436.30)
[M::mem_pestat] low and high boundaries for proper pairs: (1, 3082)
[M::mem_pestat] skip orientation FF
[M::mem_pestat] skip orientation RF
[M::mem_pestat] skip orientation RR
[M::process] read 1477810 sequences (200000122 bp)...
[M::mem_process_seqs] Processed 1470410 reads in 454.816 CPU sec, 49.273 real sec
[M::process] read 1482626 sequences (200000228 bp)...
[M::mem_pestat] # candidate unique pairs for (FF, FR, RF, RR): (147, 562313, 101, 93)
[M::mem_pestat] analyzing insert size distribution for orientation FF...
[M::mem_pestat] (25, 50, 75) percentile: (369, 615, 881)
[M::mem_pestat] low and high boundaries for computing mean and std.dev: (1, 1905)
[M::mem_pestat] mean and std.dev: (615.22, 355.08)
[M::mem_pestat] low and high boundaries for proper pairs: (1, 2417)
[M::mem_pestat] analyzing insert size distribution for orientation FR...
[M::mem_pestat] (25, 50, 75) percentile: (316, 415, 536)
[M::mem_pestat] low and high boundaries for computing mean and std.dev: (1, 976)
[M::mem_pestat] mean and std.dev: (433.82, 164.43)
[M::mem_pestat] low and high boundaries for proper pairs: (1, 1196)
[M::mem_pestat] analyzing insert size distribution for orientation RF...
[M::mem_pestat] (25, 50, 75) percentile: (143, 988, 3683)
[M::mem_pestat] low and high boundaries for computing mean and std.dev: (1, 10763)
[M::mem_pestat] mean and std.dev: (2210.08, 2706.99)
[M::mem_pestat] low and high boundaries for proper pairs: (1, 14303)
[M::mem_pestat] analyzing insert size distribution for orientation RR...
[M::mem_pestat] (25, 50, 75) percentile: (275, 504, 1285)
[M::mem_pestat] low and high boundaries for computing mean and std.dev: (1, 3305)
[M::mem_pestat] mean and std.dev: (719.01, 677.87)
[M::mem_pestat] low and high boundaries for proper pairs: (1, 4315)
[M::mem_pestat] skip orientation FF
[M::mem_pestat] skip orientation RF
[M::mem_pestat] skip orientation RR
[M::mem_process_seqs] Processed 1477810 reads in 473.248 CPU sec, 51.140 real sec
[M::mem_pestat] # candidate unique pairs for (FF, FR, RF, RR): (176, 561110, 138, 83)
[M::mem_pestat] analyzing insert size distribution for orientation FF...
[M::mem_pestat] (25, 50, 75) percentile: (368, 550, 839)
[M::mem_pestat] low and high boundaries for computing mean and std.dev: (1, 1781)
[M::mem_pestat] mean and std.dev: (551.53, 276.07)
[M::mem_pestat] low and high boundaries for proper pairs: (1, 2252)
[M::mem_pestat] analyzing insert size distribution for orientation FR...
[M::mem_pestat] (25, 50, 75) percentile: (312, 409, 524)
[M::mem_pestat] low and high boundaries for computing mean and std.dev: (1, 948)
[M::mem_pestat] mean and std.dev: (424.63, 157.18)
[M::mem_pestat] low and high boundaries for proper pairs: (1, 1160)
[M::mem_pestat] analyzing insert size distribution for orientation RF...
[M::mem_pestat] (25, 50, 75) percentile: (162, 795, 3115)
[M::mem_pestat] low and high boundaries for computing mean and std.dev: (1, 9021)
[M::mem_pestat] mean and std.dev: (1677.79, 2012.57)
[M::mem_pestat] low and high boundaries for proper pairs: (1, 11974)
[M::mem_pestat] analyzing insert size distribution for orientation RR...
[M::mem_pestat] (25, 50, 75) percentile: (318, 617, 1440)
[M::mem_pestat] low and high boundaries for computing mean and std.dev: (1, 3684)
[M::mem_pestat] mean and std.dev: (862.83, 781.66)
[M::mem_pestat] low and high boundaries for proper pairs: (1, 4806)
[M::mem_pestat] skip orientation FF
[M::mem_pestat] skip orientation RF
[M::mem_pestat] skip orientation RR
[M::process] read 1469832 sequences (200000022 bp)...
[M::mem_process_seqs] Processed 1482626 reads in 461.026 CPU sec, 50.004 real sec
[M::mem_pestat] # candidate unique pairs for (FF, FR, RF, RR): (133, 563292, 107, 100)
[M::mem_pestat] analyzing insert size distribution for orientation FF...
[M::mem_pestat] (25, 50, 75) percentile: (356, 585, 879)
[M::mem_pestat] low and high boundaries for computing mean and std.dev: (1, 1925)
[M::mem_pestat] mean and std.dev: (621.08, 375.96)
[M::mem_pestat] low and high boundaries for proper pairs: (1, 2448)
[M::mem_pestat] analyzing insert size distribution for orientation FR...
[M::mem_pestat] (25, 50, 75) percentile: (314, 413, 535)
[M::mem_pestat] low and high boundaries for computing mean and std.dev: (1, 977)
[M::mem_pestat] mean and std.dev: (433.00, 166.68)
[M::mem_pestat] low and high boundaries for proper pairs: (1, 1198)
[M::mem_pestat] analyzing insert size distribution for orientation RF...
[M::mem_pestat] (25, 50, 75) percentile: (218, 1063, 4189)
[M::mem_pestat] low and high boundaries for computing mean and std.dev: (1, 12131)
[M::mem_pestat] mean and std.dev: (2479.62, 2695.34)
[M::mem_pestat] low and high boundaries for proper pairs: (1, 16102)
[M::mem_pestat] analyzing insert size distribution for orientation RR...
[M::mem_pestat] (25, 50, 75) percentile: (307, 471, 1449)
[M::mem_pestat] low and high boundaries for computing mean and std.dev: (1, 3733)
[M::mem_pestat] mean and std.dev: (801.19, 789.33)
[M::mem_pestat] low and high boundaries for proper pairs: (1, 4875)
[M::mem_pestat] skip orientation FF
[M::mem_pestat] skip orientation RF
[M::mem_pestat] skip orientation RR
[M::mem_process_seqs] Processed 1469832 reads in 466.954 CPU sec, 76.640 real sec
[M::process] read 1469986 sequences (200000286 bp)...
[M::process] read 1476024 sequences (200000172 bp)...
[M::mem_pestat] # candidate unique pairs for (FF, FR, RF, RR): (139, 562873, 135, 77)
[M::mem_pestat] analyzing insert size distribution for orientation FF...
[M::mem_pestat] (25, 50, 75) percentile: (403, 606, 1078)
[M::mem_pestat] low and high boundaries for computing mean and std.dev: (1, 2428)
[M::mem_pestat] mean and std.dev: (659.64, 457.88)
[M::mem_pestat] low and high boundaries for proper pairs: (1, 3103)
[M::mem_pestat] analyzing insert size distribution for orientation FR...
[M::mem_pestat] (25, 50, 75) percentile: (318, 417, 540)
[M::mem_pestat] low and high boundaries for computing mean and std.dev: (1, 984)
[M::mem_pestat] mean and std.dev: (437.18, 167.74)
[M::mem_pestat] low and high boundaries for proper pairs: (1, 1206)
[M::mem_pestat] analyzing insert size distribution for orientation RF...
[M::mem_pestat] (25, 50, 75) percentile: (153, 916, 4151)
[M::mem_pestat] low and high boundaries for computing mean and std.dev: (1, 12147)
[M::mem_pestat] mean and std.dev: (2210.30, 2574.81)
[M::mem_pestat] low and high boundaries for proper pairs: (1, 16145)
[M::mem_pestat] analyzing insert size distribution for orientation RR...
[M::mem_pestat] (25, 50, 75) percentile: (309, 735, 1716)
[M::mem_pestat] low and high boundaries for computing mean and std.dev: (1, 4530)
[M::mem_pestat] mean and std.dev: (987.50, 982.12)
[M::mem_pestat] low and high boundaries for proper pairs: (1, 5937)
[M::mem_pestat] skip orientation FF
[M::mem_pestat] skip orientation RF
[M::mem_pestat] skip orientation RR
[M::mem_process_seqs] Processed 1469986 reads in 453.313 CPU sec, 47.623 real sec
[M::mem_pestat] # candidate unique pairs for (FF, FR, RF, RR): (143, 561963, 135, 73)
[M::mem_pestat] analyzing insert size distribution for orientation FF...
[M::mem_pestat] (25, 50, 75) percentile: (347, 542, 888)
[M::mem_pestat] low and high boundaries for computing mean and std.dev: (1, 1970)
[M::mem_pestat] mean and std.dev: (590.15, 354.25)
[M::mem_pestat] low and high boundaries for proper pairs: (1, 2511)
[M::mem_pestat] analyzing insert size distribution for orientation FR...
[M::mem_pestat] (25, 50, 75) percentile: (316, 414, 535)
[M::mem_pestat] low and high boundaries for computing mean and std.dev: (1, 973)
[M::mem_pestat] mean and std.dev: (433.41, 163.98)
[M::mem_pestat] low and high boundaries for proper pairs: (1, 1192)
[M::mem_pestat] analyzing insert size distribution for orientation RF...
[M::mem_pestat] (25, 50, 75) percentile: (129, 529, 3511)
[M::mem_pestat] low and high boundaries for computing mean and std.dev: (1, 10275)
[M::mem_pestat] mean and std.dev: (2068.50, 2783.36)
[M::mem_pestat] low and high boundaries for proper pairs: (1, 13657)
[M::mem_pestat] analyzing insert size distribution for orientation RR...
[M::mem_pestat] (25, 50, 75) percentile: (319, 540, 1437)
[M::mem_pestat] low and high boundaries for computing mean and std.dev: (1, 3673)
[M::mem_pestat] mean and std.dev: (739.51, 671.90)
[M::mem_pestat] low and high boundaries for proper pairs: (1, 4791)
[M::mem_pestat] skip orientation FF
[M::mem_pestat] skip orientation RF
[M::mem_pestat] skip orientation RR
[M::process] read 1483612 sequences (200000161 bp)...
[M::mem_process_seqs] Processed 1476024 reads in 459.480 CPU sec, 49.724 real sec
[M::mem_pestat] # candidate unique pairs for (FF, FR, RF, RR): (158, 562980, 143, 66)
[M::mem_pestat] analyzing insert size distribution for orientation FF...
[M::mem_pestat] (25, 50, 75) percentile: (388, 578, 811)
[M::mem_pestat] low and high boundaries for computing mean and std.dev: (1, 1657)
[M::mem_pestat] mean and std.dev: (565.18, 292.89)
[M::mem_pestat] low and high boundaries for proper pairs: (1, 2080)
[M::mem_pestat] analyzing insert size distribution for orientation FR...
[M::mem_pestat] (25, 50, 75) percentile: (311, 408, 522)
[M::mem_pestat] low and high boundaries for computing mean and std.dev: (1, 944)
[M::mem_pestat] mean and std.dev: (423.36, 156.11)
[M::mem_pestat] low and high boundaries for proper pairs: (1, 1155)
[M::mem_pestat] analyzing insert size distribution for orientation RF...
[M::mem_pestat] (25, 50, 75) percentile: (120, 687, 3863)
[M::mem_pestat] low and high boundaries for computing mean and std.dev: (1, 11349)
[M::mem_pestat] mean and std.dev: (2201.03, 2883.24)
[M::mem_pestat] low and high boundaries for proper pairs: (1, 15092)
[M::mem_pestat] analyzing insert size distribution for orientation RR...
[M::mem_pestat] (25, 50, 75) percentile: (232, 449, 952)
[M::mem_pestat] low and high boundaries for computing mean and std.dev: (1, 2392)
[M::mem_pestat] mean and std.dev: (524.84, 433.33)
[M::mem_pestat] low and high boundaries for proper pairs: (1, 3112)
[M::mem_pestat] skip orientation FF
[M::mem_pestat] skip orientation RF
[M::mem_pestat] skip orientation RR
[M::process] read 1471914 sequences (200000198 bp)...
[M::mem_process_seqs] Processed 1483612 reads in 459.150 CPU sec, 50.099 real sec
[M::mem_pestat] # candidate unique pairs for (FF, FR, RF, RR): (161, 564865, 110, 72)
[M::mem_pestat] analyzing insert size distribution for orientation FF...
[M::mem_pestat] (25, 50, 75) percentile: (398, 661, 1131)
[M::mem_pestat] low and high boundaries for computing mean and std.dev: (1, 2597)
[M::mem_pestat] mean and std.dev: (678.44, 422.31)
[M::mem_pestat] low and high boundaries for proper pairs: (1, 3330)
[M::mem_pestat] analyzing insert size distribution for orientation FR...
[M::mem_pestat] (25, 50, 75) percentile: (320, 419, 542)
[M::mem_pestat] low and high boundaries for computing mean and std.dev: (1, 986)
[M::mem_pestat] mean and std.dev: (438.79, 168.08)
[M::mem_pestat] low and high boundaries for proper pairs: (1, 1208)
[M::mem_pestat] analyzing insert size distribution for orientation RF...
[M::mem_pestat] (25, 50, 75) percentile: (203, 756, 1726)
[M::mem_pestat] low and high boundaries for computing mean and std.dev: (1, 4772)
[M::mem_pestat] mean and std.dev: (803.82, 911.78)
[M::mem_pestat] low and high boundaries for proper pairs: (1, 6295)
[M::mem_pestat] analyzing insert size distribution for orientation RR...
[M::mem_pestat] (25, 50, 75) percentile: (278, 568, 1469)
[M::mem_pestat] low and high boundaries for computing mean and std.dev: (1, 3851)
[M::mem_pestat] mean and std.dev: (915.69, 907.24)
[M::mem_pestat] low and high boundaries for proper pairs: (1, 5042)
[M::mem_pestat] skip orientation FF
[M::mem_pestat] skip orientation RF
[M::mem_pestat] skip orientation RR
[M::process] read 1470096 sequences (200000259 bp)...
[M::mem_process_seqs] Processed 1471914 reads in 458.936 CPU sec, 50.352 real sec
[M::mem_pestat] # candidate unique pairs for (FF, FR, RF, RR): (169, 563183, 120, 90)
[M::mem_pestat] analyzing insert size distribution for orientation FF...
[M::mem_pestat] (25, 50, 75) percentile: (395, 663, 996)
[M::mem_pestat] low and high boundaries for computing mean and std.dev: (1, 2198)
[M::mem_pestat] mean and std.dev: (680.22, 413.77)
[M::mem_pestat] low and high boundaries for proper pairs: (1, 2799)
[M::mem_pestat] analyzing insert size distribution for orientation FR...
[M::mem_pestat] (25, 50, 75) percentile: (320, 419, 542)
[M::mem_pestat] low and high boundaries for computing mean and std.dev: (1, 986)
[M::mem_pestat] mean and std.dev: (438.50, 166.71)
[M::mem_pestat] low and high boundaries for proper pairs: (1, 1208)
[M::mem_pestat] analyzing insert size distribution for orientation RF...
[M::mem_pestat] (25, 50, 75) percentile: (115, 674, 2965)
[M::mem_pestat] low and high boundaries for computing mean and std.dev: (1, 8665)
[M::mem_pestat] mean and std.dev: (1686.38, 2141.85)
[M::mem_pestat] low and high boundaries for proper pairs: (1, 11515)
[M::mem_pestat] analyzing insert size distribution for orientation RR...
[M::mem_pestat] (25, 50, 75) percentile: (260, 620, 1128)
[M::mem_pestat] low and high boundaries for computing mean and std.dev: (1, 2864)
[M::mem_pestat] mean and std.dev: (723.54, 581.44)
[M::mem_pestat] low and high boundaries for proper pairs: (1, 3732)
[M::mem_pestat] skip orientation FF
[M::mem_pestat] skip orientation RF
[M::mem_pestat] skip orientation RR
[M::process] read 1476750 sequences (200000273 bp)...
[M::mem_process_seqs] Processed 1470096 reads in 457.326 CPU sec, 49.521 real sec
[M::mem_pestat] # candidate unique pairs for (FF, FR, RF, RR): (144, 561699, 144, 77)
[M::mem_pestat] analyzing insert size distribution for orientation FF...
[M::mem_pestat] (25, 50, 75) percentile: (398, 637, 1020)
[M::mem_pestat] low and high boundaries for computing mean and std.dev: (1, 2264)
[M::mem_pestat] mean and std.dev: (675.12, 452.96)
[M::mem_pestat] low and high boundaries for proper pairs: (1, 2886)
[M::mem_pestat] analyzing insert size distribution for orientation FR...
[M::mem_pestat] (25, 50, 75) percentile: (318, 416, 535)
[M::mem_pestat] low and high boundaries for computing mean and std.dev: (1, 969)
[M::mem_pestat] mean and std.dev: (433.75, 162.20)
[M::mem_pestat] low and high boundaries for proper pairs: (1, 1186)
[M::mem_pestat] analyzing insert size distribution for orientation RF...
[M::mem_pestat] (25, 50, 75) percentile: (153, 577, 3791)
[M::mem_pestat] low and high boundaries for computing mean and std.dev: (1, 11067)
[M::mem_pestat] mean and std.dev: (1991.37, 2554.32)
[M::mem_pestat] low and high boundaries for proper pairs: (1, 14705)
[M::mem_pestat] analyzing insert size distribution for orientation RR...
[M::mem_pestat] (25, 50, 75) percentile: (213, 522, 906)
[M::mem_pestat] low and high boundaries for computing mean and std.dev: (1, 2292)
[M::mem_pestat] mean and std.dev: (514.93, 401.09)
[M::mem_pestat] low and high boundaries for proper pairs: (1, 2985)
[M::mem_pestat] skip orientation FF
[M::mem_pestat] skip orientation RF
[M::mem_pestat] skip orientation RR
[M::process] read 1484084 sequences (200000165 bp)...
[M::mem_process_seqs] Processed 1476750 reads in 461.106 CPU sec, 49.964 real sec
[M::mem_pestat] # candidate unique pairs for (FF, FR, RF, RR): (150, 563427, 117, 88)
[M::mem_pestat] analyzing insert size distribution for orientation FF...
[M::mem_pestat] (25, 50, 75) percentile: (349, 560, 916)
[M::mem_pestat] low and high boundaries for computing mean and std.dev: (1, 2050)
[M::mem_pestat] mean and std.dev: (655.14, 442.49)
[M::mem_pestat] low and high boundaries for proper pairs: (1, 2617)
[M::mem_pestat] analyzing insert size distribution for orientation FR...
[M::mem_pestat] (25, 50, 75) percentile: (314, 410, 524)
[M::mem_pestat] low and high boundaries for computing mean and std.dev: (1, 944)
[M::mem_pestat] mean and std.dev: (425.13, 155.77)
[M::mem_pestat] low and high boundaries for proper pairs: (1, 1154)
[M::mem_pestat] analyzing insert size distribution for orientation RF...
[M::mem_pestat] (25, 50, 75) percentile: (157, 1128, 4837)
[M::mem_pestat] low and high boundaries for computing mean and std.dev: (1, 14197)
[M::mem_pestat] mean and std.dev: (2563.97, 3025.81)
[M::mem_pestat] low and high boundaries for proper pairs: (1, 18877)
[M::mem_pestat] analyzing insert size distribution for orientation RR...
[M::mem_pestat] (25, 50, 75) percentile: (193, 398, 888)
[M::mem_pestat] low and high boundaries for computing mean and std.dev: (1, 2278)
[M::mem_pestat] mean and std.dev: (539.89, 495.53)
[M::mem_pestat] low and high boundaries for proper pairs: (1, 2973)
[M::mem_pestat] skip orientation FF
[M::mem_pestat] skip orientation RF
[M::mem_pestat] skip orientation RR
[M::process] read 1488234 sequences (200000174 bp)...
[M::mem_process_seqs] Processed 1484084 reads in 467.841 CPU sec, 50.621 real sec
[M::process] read 1486868 sequences (200000230 bp)...
[M::mem_pestat] # candidate unique pairs for (FF, FR, RF, RR): (176, 571066, 118, 95)
[M::mem_pestat] analyzing insert size distribution for orientation FF...
[M::mem_pestat] (25, 50, 75) percentile: (416, 692, 1089)
[M::mem_pestat] low and high boundaries for computing mean and std.dev: (1, 2435)
[M::mem_pestat] mean and std.dev: (680.45, 384.73)
[M::mem_pestat] low and high boundaries for proper pairs: (1, 3108)
[M::mem_pestat] analyzing insert size distribution for orientation FR...
[M::mem_pestat] (25, 50, 75) percentile: (318, 415, 535)
[M::mem_pestat] low and high boundaries for computing mean and std.dev: (1, 969)
[M::mem_pestat] mean and std.dev: (433.79, 164.17)
[M::mem_pestat] low and high boundaries for proper pairs: (1, 1186)
[M::mem_pestat] analyzing insert size distribution for orientation RF...
[M::mem_pestat] (25, 50, 75) percentile: (176, 698, 3513)
[M::mem_pestat] low and high boundaries for computing mean and std.dev: (1, 10187)
[M::mem_pestat] mean and std.dev: (1971.14, 2447.08)
[M::mem_pestat] low and high boundaries for proper pairs: (1, 13524)
[M::mem_pestat] analyzing insert size distribution for orientation RR...
[M::mem_pestat] (25, 50, 75) percentile: (285, 579, 1264)
[M::mem_pestat] low and high boundaries for computing mean and std.dev: (1, 3222)
[M::mem_pestat] mean and std.dev: (745.06, 633.31)
[M::mem_pestat] low and high boundaries for proper pairs: (1, 4201)
[M::mem_pestat] skip orientation FF
[M::mem_pestat] skip orientation RF
[M::mem_pestat] skip orientation RR
[M::mem_process_seqs] Processed 1488234 reads in 536.090 CPU sec, 57.506 real sec
[M::mem_pestat] # candidate unique pairs for (FF, FR, RF, RR): (135, 569511, 111, 103)
[M::mem_pestat] analyzing insert size distribution for orientation FF...
[M::mem_pestat] (25, 50, 75) percentile: (347, 528, 900)
[M::mem_pestat] low and high boundaries for computing mean and std.dev: (1, 2006)
[M::mem_pestat] mean and std.dev: (592.78, 356.04)
[M::mem_pestat] low and high boundaries for proper pairs: (1, 2559)
[M::mem_pestat] analyzing insert size distribution for orientation FR...
[M::mem_pestat] (25, 50, 75) percentile: (318, 415, 534)
[M::mem_pestat] low and high boundaries for computing mean and std.dev: (1, 966)
[M::mem_pestat] mean and std.dev: (432.85, 162.78)
[M::mem_pestat] low and high boundaries for proper pairs: (1, 1182)
[M::mem_pestat] analyzing insert size distribution for orientation RF...
[M::mem_pestat] (25, 50, 75) percentile: (108, 1526, 4120)
[M::mem_pestat] low and high boundaries for computing mean and std.dev: (1, 12144)
[M::mem_pestat] mean and std.dev: (2535.64, 3004.84)
[M::mem_pestat] low and high boundaries for proper pairs: (1, 16156)
[M::mem_pestat] analyzing insert size distribution for orientation RR...
[M::mem_pestat] (25, 50, 75) percentile: (373, 738, 1905)
[M::mem_pestat] low and high boundaries for computing mean and std.dev: (1, 4969)
[M::mem_pestat] mean and std.dev: (1025.39, 1056.54)
[M::mem_pestat] low and high boundaries for proper pairs: (1, 6501)
[M::mem_pestat] skip orientation FF
[M::mem_pestat] skip orientation RF
[M::mem_pestat] skip orientation RR
[M::process] read 1515006 sequences (200000007 bp)...
[M::mem_process_seqs] Processed 1486868 reads in 528.536 CPU sec, 56.785 real sec
[M::mem_pestat] # candidate unique pairs for (FF, FR, RF, RR): (154, 546394, 115, 81)
[M::mem_pestat] analyzing insert size distribution for orientation FF...
[M::mem_pestat] (25, 50, 75) percentile: (389, 557, 980)
[M::mem_pestat] low and high boundaries for computing mean and std.dev: (1, 2162)
[M::mem_pestat] mean and std.dev: (652.19, 405.31)
[M::mem_pestat] low and high boundaries for proper pairs: (1, 2753)
[M::mem_pestat] analyzing insert size distribution for orientation FR...
[M::mem_pestat] (25, 50, 75) percentile: (318, 414, 532)
[M::mem_pestat] low and high boundaries for computing mean and std.dev: (1, 960)
[M::mem_pestat] mean and std.dev: (431.85, 160.91)
[M::mem_pestat] low and high boundaries for proper pairs: (1, 1174)
[M::mem_pestat] analyzing insert size distribution for orientation RF...
[M::mem_pestat] (25, 50, 75) percentile: (143, 898, 2768)
[M::mem_pestat] low and high boundaries for computing mean and std.dev: (1, 8018)
[M::mem_pestat] mean and std.dev: (1628.05, 1888.52)
[M::mem_pestat] low and high boundaries for proper pairs: (1, 10643)
[M::mem_pestat] analyzing insert size distribution for orientation RR...
[M::mem_pestat] (25, 50, 75) percentile: (261, 517, 1349)
[M::mem_pestat] low and high boundaries for computing mean and std.dev: (1, 3525)
[M::mem_pestat] mean and std.dev: (716.15, 613.26)
[M::mem_pestat] low and high boundaries for proper pairs: (1, 4613)
[M::mem_pestat] skip orientation FF
[M::mem_pestat] skip orientation RF
[M::mem_pestat] skip orientation RR
[M::process] read 1049640 sequences (142146683 bp)...
[M::mem_process_seqs] Processed 1515006 reads in 518.658 CPU sec, 55.828 real sec
[M::mem_pestat] # candidate unique pairs for (FF, FR, RF, RR): (110, 400502, 83, 41)
[M::mem_pestat] analyzing insert size distribution for orientation FF...
[M::mem_pestat] (25, 50, 75) percentile: (373, 596, 939)
[M::mem_pestat] low and high boundaries for computing mean and std.dev: (1, 2071)
[M::mem_pestat] mean and std.dev: (667.22, 412.57)
[M::mem_pestat] low and high boundaries for proper pairs: (1, 2637)
[M::mem_pestat] analyzing insert size distribution for orientation FR...
[M::mem_pestat] (25, 50, 75) percentile: (315, 411, 526)
[M::mem_pestat] low and high boundaries for computing mean and std.dev: (1, 948)
[M::mem_pestat] mean and std.dev: (427.01, 157.16)
[M::mem_pestat] low and high boundaries for proper pairs: (1, 1159)
[M::mem_pestat] analyzing insert size distribution for orientation RF...
[M::mem_pestat] (25, 50, 75) percentile: (153, 1139, 3539)
[M::mem_pestat] low and high boundaries for computing mean and std.dev: (1, 10311)
[M::mem_pestat] mean and std.dev: (2189.80, 2642.49)
[M::mem_pestat] low and high boundaries for proper pairs: (1, 13697)
[M::mem_pestat] analyzing insert size distribution for orientation RR...
[M::mem_pestat] (25, 50, 75) percentile: (295, 756, 1979)
[M::mem_pestat] low and high boundaries for computing mean and std.dev: (1, 5347)
[M::mem_pestat] mean and std.dev: (1143.20, 1035.60)
[M::mem_pestat] low and high boundaries for proper pairs: (1, 7031)
[M::mem_pestat] skip orientation FF
[M::mem_pestat] skip orientation RF
[M::mem_pestat] skip orientation RR
[M::mem_process_seqs] Processed 1049640 reads in 321.443 CPU sec, 36.017 real sec
[main] Version: 0.7.17-r1188
[main] CMD:samblaster: Marked 4363952 of 34501483 (12.65%) read ids as duplicates bwa mem using 542368k memory in  -t1M 2020S -R(80.423S) @RG\tID:WK_CL_19T_018\tPL:ILLUMINA\tPU:HJMFJDSX7.4\tSM:WK_CL_19T_018\tCN:MCGILL\tBC:ATGTAACGTT-CAGCAATCGT CPU seconds and  /storage/scratch/iee/dj20y461/Stickleback/G_aculeatus/FITNESS//data/ref_A_X/stickleback_v5_assembly_A_X.fasta42M /storage/scratch/iee/dj20y461/Stickleback/G_aculeatus/FITNESS//data/trimmed/WK_CL_19T_018.R1.trimmed.fastq.gz32S /storage/scratch/iee/dj20y461/Stickleback/G_aculeatus/FITNESS//data/trimmed/WK_CL_19T_018.R2.trimmed.fastq.gz(2552S) wall time.

[main] Real time: 2552.753 sec; CPU: 21718.788 sec
[bam_sort_core] merging from 20 files and 20 in-memory blocks...
