samblaster: Version 0.1.24
samblaster: Inputting from stdin
samblaster: Outputting to stdout
[M::bwa_idx_load_from_disk] read 0 ALT contigs
[M::process] read 1458820 sequences (200000013 bp)...
[M::mem_pestat] # candidate unique pairs for (FF, FR, RF, RR): (71, 563631, 102, 48)
[M::mem_pestat] analyzing insert size distribution for orientation FF...
[M::mem_pestat] (25, 50, 75) percentile: (219, 384, 550)
[M::mem_pestat] low and high boundaries for computing mean and std.dev: (1, 1212)
[M::mem_pestat] mean and std.dev: (380.75, 229.43)
[M::mem_pestat] low and high boundaries for proper pairs: (1, 1543)
[M::mem_pestat] analyzing insert size distribution for orientation FR...
[M::mem_pestat] (25, 50, 75) percentile: (233, 310, 395)
[M::mem_pestat] low and high boundaries for computing mean and std.dev: (1, 719)
[M::mem_pestat] mean and std.dev: (320.86, 117.40)
[M::mem_pestat] low and high boundaries for proper pairs: (1, 881)
[M::mem_pestat] analyzing insert size distribution for orientation RF...
[M::mem_pestat] (25, 50, 75) percentile: (31, 178, 2375)
[M::mem_pestat] low and high boundaries for computing mean and std.dev: (1, 7063)
[M::mem_pestat] mean and std.dev: (1233.71, 1972.79)
[M::mem_pestat] low and high boundaries for proper pairs: (1, 9407)
[M::mem_pestat] analyzing insert size distribution for orientation RR...
[M::mem_pestat] (25, 50, 75) percentile: (289, 453, 1061)
[M::mem_pestat] low and high boundaries for computing mean and std.dev: (1, 2605)
[M::mem_pestat] mean and std.dev: (526.88, 375.74)
[M::mem_pestat] low and high boundaries for proper pairs: (1, 3377)
[M::mem_pestat] skip orientation FF
[M::mem_pestat] skip orientation RF
[M::mem_pestat] skip orientation RR
[M::mem_process_seqs] Processed 1458820 reads in 456.766 CPU sec, 108.701 real sec
samblaster: Loaded 23 header sequence entries.
[M::process] read 1455002 sequences (200000028 bp)...
[M::process] read 1452454 sequences (200000133 bp)...
[M::mem_pestat] # candidate unique pairs for (FF, FR, RF, RR): (66, 561211, 117, 32)
[M::mem_pestat] analyzing insert size distribution for orientation FF...
[M::mem_pestat] (25, 50, 75) percentile: (226, 368, 762)
[M::mem_pestat] low and high boundaries for computing mean and std.dev: (1, 1834)
[M::mem_pestat] mean and std.dev: (404.21, 254.99)
[M::mem_pestat] low and high boundaries for proper pairs: (1, 2370)
[M::mem_pestat] analyzing insert size distribution for orientation FR...
[M::mem_pestat] (25, 50, 75) percentile: (237, 315, 401)
[M::mem_pestat] low and high boundaries for computing mean and std.dev: (1, 729)
[M::mem_pestat] mean and std.dev: (325.57, 119.40)
[M::mem_pestat] low and high boundaries for proper pairs: (1, 893)
[M::mem_pestat] analyzing insert size distribution for orientation RF...
[M::mem_pestat] (25, 50, 75) percentile: (65, 231, 2151)
[M::mem_pestat] low and high boundaries for computing mean and std.dev: (1, 6323)
[M::mem_pestat] mean and std.dev: (974.49, 1431.60)
[M::mem_pestat] low and high boundaries for proper pairs: (1, 8409)
[M::mem_pestat] analyzing insert size distribution for orientation RR...
[M::mem_pestat] (25, 50, 75) percentile: (253, 575, 843)
[M::mem_pestat] low and high boundaries for computing mean and std.dev: (1, 2023)
[M::mem_pestat] mean and std.dev: (522.93, 343.13)
[M::mem_pestat] low and high boundaries for proper pairs: (1, 2613)
[M::mem_pestat] skip orientation FF
[M::mem_pestat] skip orientation RF
[M::mem_pestat] skip orientation RR
[M::mem_process_seqs] Processed 1455002 reads in 428.888 CPU sec, 47.755 real sec
[M::mem_pestat] # candidate unique pairs for (FF, FR, RF, RR): (76, 559539, 108, 37)
[M::mem_pestat] analyzing insert size distribution for orientation FF...
[M::mem_pestat] (25, 50, 75) percentile: (230, 382, 690)
[M::mem_pestat] low and high boundaries for computing mean and std.dev: (1, 1610)
[M::mem_pestat] mean and std.dev: (452.94, 341.77)
[M::mem_pestat] low and high boundaries for proper pairs: (1, 2070)
[M::mem_pestat] analyzing insert size distribution for orientation FR...
[M::mem_pestat] (25, 50, 75) percentile: (239, 318, 406)
[M::mem_pestat] low and high boundaries for computing mean and std.dev: (1, 740)
[M::mem_pestat] mean and std.dev: (328.98, 121.63)
[M::mem_pestat] low and high boundaries for proper pairs: (1, 907)
[M::mem_pestat] analyzing insert size distribution for orientation RF...
[M::mem_pestat] (25, 50, 75) percentile: (25, 211, 1485)
[M::mem_pestat] low and high boundaries for computing mean and std.dev: (1, 4405)
[M::mem_pestat] mean and std.dev: (698.18, 1083.14)
[M::mem_pestat] low and high boundaries for proper pairs: (1, 5865)
[M::mem_pestat] analyzing insert size distribution for orientation RR...
[M::mem_pestat] (25, 50, 75) percentile: (269, 400, 842)
[M::mem_pestat] low and high boundaries for computing mean and std.dev: (1, 1988)
[M::mem_pestat] mean and std.dev: (460.72, 335.57)
[M::mem_pestat] low and high boundaries for proper pairs: (1, 2561)
[M::mem_pestat] skip orientation FF
[M::mem_pestat] skip orientation RF
[M::mem_pestat] skip orientation RR
[M::mem_process_seqs] Processed 1452454 reads in 444.807 CPU sec, 70.275 real sec
[M::process] read 1453342 sequences (200000062 bp)...
[M::process] read 1456994 sequences (200000074 bp)...
[M::mem_pestat] # candidate unique pairs for (FF, FR, RF, RR): (79, 557600, 112, 35)
[M::mem_pestat] analyzing insert size distribution for orientation FF...
[M::mem_pestat] (25, 50, 75) percentile: (245, 368, 603)
[M::mem_pestat] low and high boundaries for computing mean and std.dev: (1, 1319)
[M::mem_pestat] mean and std.dev: (396.26, 230.82)
[M::mem_pestat] low and high boundaries for proper pairs: (1, 1677)
[M::mem_pestat] analyzing insert size distribution for orientation FR...
[M::mem_pestat] (25, 50, 75) percentile: (239, 318, 406)
[M::mem_pestat] low and high boundaries for computing mean and std.dev: (1, 740)
[M::mem_pestat] mean and std.dev: (329.23, 121.95)
[M::mem_pestat] low and high boundaries for proper pairs: (1, 907)
[M::mem_pestat] analyzing insert size distribution for orientation RF...
[M::mem_pestat] (25, 50, 75) percentile: (62, 594, 3068)
[M::mem_pestat] low and high boundaries for computing mean and std.dev: (1, 9080)
[M::mem_pestat] mean and std.dev: (1568.65, 2280.48)
[M::mem_pestat] low and high boundaries for proper pairs: (1, 12086)
[M::mem_pestat] analyzing insert size distribution for orientation RR...
[M::mem_pestat] (25, 50, 75) percentile: (249, 454, 1417)
[M::mem_pestat] low and high boundaries for computing mean and std.dev: (1, 3753)
[M::mem_pestat] mean and std.dev: (555.03, 481.28)
[M::mem_pestat] low and high boundaries for proper pairs: (1, 4921)
[M::mem_pestat] skip orientation FF
[M::mem_pestat] skip orientation RF
[M::mem_pestat] skip orientation RR
[M::mem_process_seqs] Processed 1453342 reads in 437.131 CPU sec, 47.371 real sec
[M::process] read 1453852 sequences (200000004 bp)...
[M::mem_pestat] # candidate unique pairs for (FF, FR, RF, RR): (60, 562650, 110, 41)
[M::mem_pestat] analyzing insert size distribution for orientation FF...
[M::mem_pestat] (25, 50, 75) percentile: (294, 487, 902)
[M::mem_pestat] low and high boundaries for computing mean and std.dev: (1, 2118)
[M::mem_pestat] mean and std.dev: (527.74, 401.79)
[M::mem_pestat] low and high boundaries for proper pairs: (1, 2726)
[M::mem_pestat] analyzing insert size distribution for orientation FR...
[M::mem_pestat] (25, 50, 75) percentile: (236, 314, 400)
[M::mem_pestat] low and high boundaries for computing mean and std.dev: (1, 728)
[M::mem_pestat] mean and std.dev: (324.48, 118.97)
[M::mem_pestat] low and high boundaries for proper pairs: (1, 892)
[M::mem_pestat] analyzing insert size distribution for orientation RF...
[M::mem_pestat] (25, 50, 75) percentile: (50, 337, 3209)
[M::mem_pestat] low and high boundaries for computing mean and std.dev: (1, 9527)
[M::mem_pestat] mean and std.dev: (1500.87, 2077.71)
[M::mem_pestat] low and high boundaries for proper pairs: (1, 12686)
[M::mem_pestat] analyzing insert size distribution for orientation RR...
[M::mem_pestat] (25, 50, 75) percentile: (226, 459, 713)
[M::mem_pestat] low and high boundaries for computing mean and std.dev: (1, 1687)
[M::mem_pestat] mean and std.dev: (454.67, 301.92)
[M::mem_pestat] low and high boundaries for proper pairs: (1, 2174)
[M::mem_pestat] skip orientation FF
[M::mem_pestat] skip orientation RF
[M::mem_pestat] skip orientation RR
[M::mem_process_seqs] Processed 1456994 reads in 429.521 CPU sec, 47.560 real sec
[M::process] read 1453492 sequences (200000103 bp)...
[M::mem_pestat] # candidate unique pairs for (FF, FR, RF, RR): (65, 560376, 130, 35)
[M::mem_pestat] analyzing insert size distribution for orientation FF...
[M::mem_pestat] (25, 50, 75) percentile: (282, 424, 750)
[M::mem_pestat] low and high boundaries for computing mean and std.dev: (1, 1686)
[M::mem_pestat] mean and std.dev: (420.58, 250.16)
[M::mem_pestat] low and high boundaries for proper pairs: (1, 2154)
[M::mem_pestat] analyzing insert size distribution for orientation FR...
[M::mem_pestat] (25, 50, 75) percentile: (239, 318, 405)
[M::mem_pestat] low and high boundaries for computing mean and std.dev: (1, 737)
[M::mem_pestat] mean and std.dev: (328.75, 121.09)
[M::mem_pestat] low and high boundaries for proper pairs: (1, 903)
[M::mem_pestat] analyzing insert size distribution for orientation RF...
[M::mem_pestat] (25, 50, 75) percentile: (35, 322, 1925)
[M::mem_pestat] low and high boundaries for computing mean and std.dev: (1, 5705)
[M::mem_pestat] mean and std.dev: (1061.45, 1564.86)
[M::mem_pestat] low and high boundaries for proper pairs: (1, 7595)
[M::mem_pestat] analyzing insert size distribution for orientation RR...
[M::mem_pestat] (25, 50, 75) percentile: (221, 499, 1000)
[M::mem_pestat] low and high boundaries for computing mean and std.dev: (1, 2558)
[M::mem_pestat] mean and std.dev: (585.12, 492.78)
[M::mem_pestat] low and high boundaries for proper pairs: (1, 3337)
[M::mem_pestat] skip orientation FF
[M::mem_pestat] skip orientation RF
[M::mem_pestat] skip orientation RR
[M::mem_process_seqs] Processed 1453852 reads in 431.327 CPU sec, 47.756 real sec
[M::mem_pestat] # candidate unique pairs for (FF, FR, RF, RR): (57, 558206, 99, 49)
[M::mem_pestat] analyzing insert size distribution for orientation FF...
[M::mem_pestat] (25, 50, 75) percentile: (227, 494, 929)
[M::mem_pestat] low and high boundaries for computing mean and std.dev: (1, 2333)
[M::mem_pestat] mean and std.dev: (603.72, 513.46)
[M::mem_pestat] low and high boundaries for proper pairs: (1, 3035)
[M::mem_pestat] analyzing insert size distribution for orientation FR...
[M::mem_pestat] (25, 50, 75) percentile: (240, 320, 408)
[M::mem_pestat] low and high boundaries for computing mean and std.dev: (1, 744)
[M::mem_pestat] mean and std.dev: (331.07, 122.62)
[M::mem_pestat] low and high boundaries for proper pairs: (1, 912)
[M::mem_pestat] analyzing insert size distribution for orientation RF...
[M::mem_pestat] (25, 50, 75) percentile: (44, 310, 2429)
[M::mem_pestat] low and high boundaries for computing mean and std.dev: (1, 7199)
[M::mem_pestat] mean and std.dev: (1118.99, 1699.07)
[M::mem_pestat] low and high boundaries for proper pairs: (1, 9584)
[M::mem_pestat] analyzing insert size distribution for orientation RR...
[M::mem_pestat] (25, 50, 75) percentile: (215, 451, 1313)
[M::mem_pestat] low and high boundaries for computing mean and std.dev: (1, 3509)
[M::mem_pestat] mean and std.dev: (600.63, 665.27)
[M::mem_pestat] low and high boundaries for proper pairs: (1, 4607)
[M::mem_pestat] skip orientation FF
[M::mem_pestat] skip orientation RF
[M::mem_pestat] skip orientation RR
[M::process] read 1454980 sequences (200000115 bp)...
[M::mem_process_seqs] Processed 1453492 reads in 434.445 CPU sec, 47.151 real sec
[M::mem_pestat] # candidate unique pairs for (FF, FR, RF, RR): (69, 557225, 104, 43)
[M::mem_pestat] analyzing insert size distribution for orientation FF...
[M::mem_pestat] (25, 50, 75) percentile: (253, 377, 711)
[M::mem_pestat] low and high boundaries for computing mean and std.dev: (1, 1627)
[M::mem_pestat] mean and std.dev: (435.11, 263.57)
[M::mem_pestat] low and high boundaries for proper pairs: (1, 2085)
[M::mem_pestat] analyzing insert size distribution for orientation FR...
[M::mem_pestat] (25, 50, 75) percentile: (239, 319, 408)
[M::mem_pestat] low and high boundaries for computing mean and std.dev: (1, 746)
[M::mem_pestat] mean and std.dev: (330.69, 122.49)
[M::mem_pestat] low and high boundaries for proper pairs: (1, 915)
[M::mem_pestat] analyzing insert size distribution for orientation RF...
[M::mem_pestat] (25, 50, 75) percentile: (85, 358, 3061)
[M::mem_pestat] low and high boundaries for computing mean and std.dev: (1, 9013)
[M::mem_pestat] mean and std.dev: (1422.46, 2053.31)
[M::mem_pestat] low and high boundaries for proper pairs: (1, 11989)
[M::mem_pestat] analyzing insert size distribution for orientation RR...
[M::mem_pestat] (25, 50, 75) percentile: (232, 319, 1016)
[M::mem_pestat] low and high boundaries for computing mean and std.dev: (1, 2584)
[M::mem_pestat] mean and std.dev: (511.16, 488.69)
[M::mem_pestat] low and high boundaries for proper pairs: (1, 3368)
[M::mem_pestat] skip orientation FF
[M::mem_pestat] skip orientation RF
[M::mem_pestat] skip orientation RR
[M::process] read 1456780 sequences (200000209 bp)...
[M::mem_process_seqs] Processed 1454980 reads in 440.596 CPU sec, 47.955 real sec
[M::mem_pestat] # candidate unique pairs for (FF, FR, RF, RR): (77, 561701, 129, 42)
[M::mem_pestat] analyzing insert size distribution for orientation FF...
[M::mem_pestat] (25, 50, 75) percentile: (205, 311, 604)
[M::mem_pestat] low and high boundaries for computing mean and std.dev: (1, 1402)
[M::mem_pestat] mean and std.dev: (377.04, 255.40)
[M::mem_pestat] low and high boundaries for proper pairs: (1, 1801)
[M::mem_pestat] analyzing insert size distribution for orientation FR...
[M::mem_pestat] (25, 50, 75) percentile: (236, 314, 401)
[M::mem_pestat] low and high boundaries for computing mean and std.dev: (1, 731)
[M::mem_pestat] mean and std.dev: (324.95, 119.35)
[M::mem_pestat] low and high boundaries for proper pairs: (1, 896)
[M::mem_pestat] analyzing insert size distribution for orientation RF...
[M::mem_pestat] (25, 50, 75) percentile: (43, 346, 3303)
[M::mem_pestat] low and high boundaries for computing mean and std.dev: (1, 9823)
[M::mem_pestat] mean and std.dev: (1833.47, 2628.71)
[M::mem_pestat] low and high boundaries for proper pairs: (1, 13083)
[M::mem_pestat] analyzing insert size distribution for orientation RR...
[M::mem_pestat] (25, 50, 75) percentile: (213, 398, 866)
[M::mem_pestat] low and high boundaries for computing mean and std.dev: (1, 2172)
[M::mem_pestat] mean and std.dev: (519.45, 419.08)
[M::mem_pestat] low and high boundaries for proper pairs: (1, 2825)
[M::mem_pestat] skip orientation FF
[M::mem_pestat] skip orientation RF
[M::mem_pestat] skip orientation RR
[M::process] read 1453772 sequences (200000143 bp)...
[M::mem_process_seqs] Processed 1456780 reads in 431.743 CPU sec, 47.521 real sec
[M::mem_pestat] # candidate unique pairs for (FF, FR, RF, RR): (93, 560758, 108, 49)
[M::mem_pestat] analyzing insert size distribution for orientation FF...
[M::mem_pestat] (25, 50, 75) percentile: (237, 417, 763)
[M::mem_pestat] low and high boundaries for computing mean and std.dev: (1, 1815)
[M::mem_pestat] mean and std.dev: (473.54, 353.48)
[M::mem_pestat] low and high boundaries for proper pairs: (1, 2341)
[M::mem_pestat] analyzing insert size distribution for orientation FR...
[M::mem_pestat] (25, 50, 75) percentile: (239, 318, 406)
[M::mem_pestat] low and high boundaries for computing mean and std.dev: (1, 740)
[M::mem_pestat] mean and std.dev: (329.20, 121.63)
[M::mem_pestat] low and high boundaries for proper pairs: (1, 907)
[M::mem_pestat] analyzing insert size distribution for orientation RF...
[M::mem_pestat] (25, 50, 75) percentile: (25, 183, 1834)
[M::mem_pestat] low and high boundaries for computing mean and std.dev: (1, 5452)
[M::mem_pestat] mean and std.dev: (916.53, 1450.53)
[M::mem_pestat] low and high boundaries for proper pairs: (1, 7261)
[M::mem_pestat] analyzing insert size distribution for orientation RR...
[M::mem_pestat] (25, 50, 75) percentile: (231, 456, 1295)
[M::mem_pestat] low and high boundaries for computing mean and std.dev: (1, 3423)
[M::mem_pestat] mean and std.dev: (556.83, 575.32)
[M::mem_pestat] low and high boundaries for proper pairs: (1, 4487)
[M::mem_pestat] skip orientation FF
[M::mem_pestat] skip orientation RF
[M::mem_pestat] skip orientation RR
[M::mem_process_seqs] Processed 1453772 reads in 444.923 CPU sec, 70.341 real sec
[M::process] read 1451816 sequences (200000047 bp)...
[M::process] read 1454190 sequences (200000095 bp)...
[M::mem_pestat] # candidate unique pairs for (FF, FR, RF, RR): (68, 558694, 110, 41)
[M::mem_pestat] analyzing insert size distribution for orientation FF...
[M::mem_pestat] (25, 50, 75) percentile: (254, 414, 747)
[M::mem_pestat] low and high boundaries for computing mean and std.dev: (1, 1733)
[M::mem_pestat] mean and std.dev: (454.80, 315.38)
[M::mem_pestat] low and high boundaries for proper pairs: (1, 2226)
[M::mem_pestat] analyzing insert size distribution for orientation FR...
[M::mem_pestat] (25, 50, 75) percentile: (241, 321, 410)
[M::mem_pestat] low and high boundaries for computing mean and std.dev: (1, 748)
[M::mem_pestat] mean and std.dev: (332.35, 123.30)
[M::mem_pestat] low and high boundaries for proper pairs: (1, 917)
[M::mem_pestat] analyzing insert size distribution for orientation RF...
[M::mem_pestat] (25, 50, 75) percentile: (56, 252, 3771)
[M::mem_pestat] low and high boundaries for computing mean and std.dev: (1, 11201)
[M::mem_pestat] mean and std.dev: (1850.64, 2477.01)
[M::mem_pestat] low and high boundaries for proper pairs: (1, 14916)
[M::mem_pestat] analyzing insert size distribution for orientation RR...
[M::mem_pestat] (25, 50, 75) percentile: (164, 373, 1354)
[M::mem_pestat] low and high boundaries for computing mean and std.dev: (1, 3734)
[M::mem_pestat] mean and std.dev: (605.89, 816.53)
[M::mem_pestat] low and high boundaries for proper pairs: (1, 4924)
[M::mem_pestat] skip orientation FF
[M::mem_pestat] skip orientation RF
[M::mem_pestat] skip orientation RR
[M::mem_process_seqs] Processed 1451816 reads in 432.795 CPU sec, 45.543 real sec
[M::mem_pestat] # candidate unique pairs for (FF, FR, RF, RR): (64, 557281, 113, 42)
[M::mem_pestat] analyzing insert size distribution for orientation FF...
[M::mem_pestat] (25, 50, 75) percentile: (273, 428, 656)
[M::mem_pestat] low and high boundaries for computing mean and std.dev: (1, 1422)
[M::mem_pestat] mean and std.dev: (464.40, 278.68)
[M::mem_pestat] low and high boundaries for proper pairs: (1, 1805)
[M::mem_pestat] analyzing insert size distribution for orientation FR...
[M::mem_pestat] (25, 50, 75) percentile: (240, 319, 409)
[M::mem_pestat] low and high boundaries for computing mean and std.dev: (1, 747)
[M::mem_pestat] mean and std.dev: (331.40, 123.22)
[M::mem_pestat] low and high boundaries for proper pairs: (1, 916)
[M::mem_pestat] analyzing insert size distribution for orientation RF...
[M::mem_pestat] (25, 50, 75) percentile: (90, 613, 3121)
[M::mem_pestat] low and high boundaries for computing mean and std.dev: (1, 9183)
[M::mem_pestat] mean and std.dev: (1597.65, 2059.41)
[M::mem_pestat] low and high boundaries for proper pairs: (1, 12214)
[M::mem_pestat] analyzing insert size distribution for orientation RR...
[M::mem_pestat] (25, 50, 75) percentile: (239, 365, 927)
[M::mem_pestat] low and high boundaries for computing mean and std.dev: (1, 2303)
[M::mem_pestat] mean and std.dev: (478.23, 461.51)
[M::mem_pestat] low and high boundaries for proper pairs: (1, 2991)
[M::mem_pestat] skip orientation FF
[M::mem_pestat] skip orientation RF
[M::mem_pestat] skip orientation RR
[M::process] read 1456972 sequences (200000100 bp)...
[M::mem_process_seqs] Processed 1454190 reads in 438.700 CPU sec, 47.542 real sec
[M::mem_pestat] # candidate unique pairs for (FF, FR, RF, RR): (57, 563073, 117, 41)
[M::mem_pestat] analyzing insert size distribution for orientation FF...
[M::mem_pestat] (25, 50, 75) percentile: (248, 358, 621)
[M::mem_pestat] low and high boundaries for computing mean and std.dev: (1, 1367)
[M::mem_pestat] mean and std.dev: (417.15, 254.92)
[M::mem_pestat] low and high boundaries for proper pairs: (1, 1740)
[M::mem_pestat] analyzing insert size distribution for orientation FR...
[M::mem_pestat] (25, 50, 75) percentile: (237, 315, 402)
[M::mem_pestat] low and high boundaries for computing mean and std.dev: (1, 732)
[M::mem_pestat] mean and std.dev: (326.06, 119.57)
[M::mem_pestat] low and high boundaries for proper pairs: (1, 897)
[M::mem_pestat] analyzing insert size distribution for orientation RF...
[M::mem_pestat] (25, 50, 75) percentile: (36, 190, 1237)
[M::mem_pestat] low and high boundaries for computing mean and std.dev: (1, 3639)
[M::mem_pestat] mean and std.dev: (591.44, 891.12)
[M::mem_pestat] low and high boundaries for proper pairs: (1, 4840)
[M::mem_pestat] analyzing insert size distribution for orientation RR...
[M::mem_pestat] (25, 50, 75) percentile: (192, 333, 1542)
[M::mem_pestat] low and high boundaries for computing mean and std.dev: (1, 4242)
[M::mem_pestat] mean and std.dev: (603.28, 695.22)
[M::mem_pestat] low and high boundaries for proper pairs: (1, 5592)
[M::mem_pestat] skip orientation FF
[M::mem_pestat] skip orientation RF
[M::mem_pestat] skip orientation RR
[M::process] read 1452428 sequences (200000018 bp)...
[M::mem_process_seqs] Processed 1456972 reads in 429.509 CPU sec, 47.392 real sec
[M::mem_pestat] # candidate unique pairs for (FF, FR, RF, RR): (77, 560406, 123, 44)
[M::mem_pestat] analyzing insert size distribution for orientation FF...
[M::mem_pestat] (25, 50, 75) percentile: (256, 408, 661)
[M::mem_pestat] low and high boundaries for computing mean and std.dev: (1, 1471)
[M::mem_pestat] mean and std.dev: (415.49, 233.51)
[M::mem_pestat] low and high boundaries for proper pairs: (1, 1876)
[M::mem_pestat] analyzing insert size distribution for orientation FR...
[M::mem_pestat] (25, 50, 75) percentile: (240, 319, 407)
[M::mem_pestat] low and high boundaries for computing mean and std.dev: (1, 741)
[M::mem_pestat] mean and std.dev: (330.20, 122.01)
[M::mem_pestat] low and high boundaries for proper pairs: (1, 908)
[M::mem_pestat] analyzing insert size distribution for orientation RF...
[M::mem_pestat] (25, 50, 75) percentile: (48, 286, 1523)
[M::mem_pestat] low and high boundaries for computing mean and std.dev: (1, 4473)
[M::mem_pestat] mean and std.dev: (633.25, 983.23)
[M::mem_pestat] low and high boundaries for proper pairs: (1, 5948)
[M::mem_pestat] analyzing insert size distribution for orientation RR...
[M::mem_pestat] (25, 50, 75) percentile: (152, 440, 914)
[M::mem_pestat] low and high boundaries for computing mean and std.dev: (1, 2438)
[M::mem_pestat] mean and std.dev: (451.03, 438.09)
[M::mem_pestat] low and high boundaries for proper pairs: (1, 3200)
[M::mem_pestat] skip orientation FF
[M::mem_pestat] skip orientation RF
[M::mem_pestat] skip orientation RR
[M::process] read 1450208 sequences (200000043 bp)...
[M::mem_process_seqs] Processed 1452428 reads in 430.365 CPU sec, 46.772 real sec
[M::mem_pestat] # candidate unique pairs for (FF, FR, RF, RR): (65, 558572, 101, 32)
[M::mem_pestat] analyzing insert size distribution for orientation FF...
[M::mem_pestat] (25, 50, 75) percentile: (314, 419, 969)
[M::mem_pestat] low and high boundaries for computing mean and std.dev: (1, 2279)
[M::mem_pestat] mean and std.dev: (553.59, 398.33)
[M::mem_pestat] low and high boundaries for proper pairs: (1, 2934)
[M::mem_pestat] analyzing insert size distribution for orientation FR...
[M::mem_pestat] (25, 50, 75) percentile: (242, 321, 411)
[M::mem_pestat] low and high boundaries for computing mean and std.dev: (1, 749)
[M::mem_pestat] mean and std.dev: (333.27, 123.95)
[M::mem_pestat] low and high boundaries for proper pairs: (1, 918)
[M::mem_pestat] analyzing insert size distribution for orientation RF...
[M::mem_pestat] (25, 50, 75) percentile: (55, 383, 2989)
[M::mem_pestat] low and high boundaries for computing mean and std.dev: (1, 8857)
[M::mem_pestat] mean and std.dev: (1469.19, 1861.07)
[M::mem_pestat] low and high boundaries for proper pairs: (1, 11791)
[M::mem_pestat] analyzing insert size distribution for orientation RR...
[M::mem_pestat] (25, 50, 75) percentile: (199, 358, 847)
[M::mem_pestat] low and high boundaries for computing mean and std.dev: (1, 2143)
[M::mem_pestat] mean and std.dev: (518.43, 509.27)
[M::mem_pestat] low and high boundaries for proper pairs: (1, 2791)
[M::mem_pestat] skip orientation FF
[M::mem_pestat] skip orientation RF
[M::mem_pestat] skip orientation RR
[M::process] read 1451734 sequences (200000054 bp)...
[M::mem_process_seqs] Processed 1450208 reads in 433.212 CPU sec, 48.013 real sec
[M::mem_pestat] # candidate unique pairs for (FF, FR, RF, RR): (82, 556938, 123, 46)
[M::mem_pestat] analyzing insert size distribution for orientation FF...
[M::mem_pestat] (25, 50, 75) percentile: (235, 343, 522)
[M::mem_pestat] low and high boundaries for computing mean and std.dev: (1, 1096)
[M::mem_pestat] mean and std.dev: (357.34, 194.18)
[M::mem_pestat] low and high boundaries for proper pairs: (1, 1383)
[M::mem_pestat] analyzing insert size distribution for orientation FR...
[M::mem_pestat] (25, 50, 75) percentile: (240, 320, 410)
[M::mem_pestat] low and high boundaries for computing mean and std.dev: (1, 750)
[M::mem_pestat] mean and std.dev: (332.18, 123.72)
[M::mem_pestat] low and high boundaries for proper pairs: (1, 920)
[M::mem_pestat] analyzing insert size distribution for orientation RF...
[M::mem_pestat] (25, 50, 75) percentile: (118, 1096, 4025)
[M::mem_pestat] low and high boundaries for computing mean and std.dev: (1, 11839)
[M::mem_pestat] mean and std.dev: (2218.50, 2430.01)
[M::mem_pestat] low and high boundaries for proper pairs: (1, 15746)
[M::mem_pestat] analyzing insert size distribution for orientation RR...
[M::mem_pestat] (25, 50, 75) percentile: (236, 403, 1111)
[M::mem_pestat] low and high boundaries for computing mean and std.dev: (1, 2861)
[M::mem_pestat] mean and std.dev: (536.85, 581.84)
[M::mem_pestat] low and high boundaries for proper pairs: (1, 3736)
[M::mem_pestat] skip orientation FF
[M::mem_pestat] skip orientation RF
[M::mem_pestat] skip orientation RR
[M::mem_process_seqs] Processed 1451734 reads in 454.454 CPU sec, 71.750 real sec
[M::process] read 1456006 sequences (200000217 bp)...
[M::process] read 1453262 sequences (200000048 bp)...
[M::mem_pestat] # candidate unique pairs for (FF, FR, RF, RR): (69, 561843, 108, 55)
[M::mem_pestat] analyzing insert size distribution for orientation FF...
[M::mem_pestat] (25, 50, 75) percentile: (211, 336, 1206)
[M::mem_pestat] low and high boundaries for computing mean and std.dev: (1, 3196)
[M::mem_pestat] mean and std.dev: (616.00, 637.31)
[M::mem_pestat] low and high boundaries for proper pairs: (1, 4191)
[M::mem_pestat] analyzing insert size distribution for orientation FR...
[M::mem_pestat] (25, 50, 75) percentile: (238, 316, 403)
[M::mem_pestat] low and high boundaries for computing mean and std.dev: (1, 733)
[M::mem_pestat] mean and std.dev: (327.21, 120.21)
[M::mem_pestat] low and high boundaries for proper pairs: (1, 898)
[M::mem_pestat] analyzing insert size distribution for orientation RF...
[M::mem_pestat] (25, 50, 75) percentile: (47, 348, 1696)
[M::mem_pestat] low and high boundaries for computing mean and std.dev: (1, 4994)
[M::mem_pestat] mean and std.dev: (761.71, 1127.64)
[M::mem_pestat] low and high boundaries for proper pairs: (1, 6643)
[M::mem_pestat] analyzing insert size distribution for orientation RR...
[M::mem_pestat] (25, 50, 75) percentile: (194, 346, 883)
[M::mem_pestat] low and high boundaries for computing mean and std.dev: (1, 2261)
[M::mem_pestat] mean and std.dev: (422.83, 343.41)
[M::mem_pestat] low and high boundaries for proper pairs: (1, 2950)
[M::mem_pestat] skip orientation FF
[M::mem_pestat] skip orientation RF
[M::mem_pestat] skip orientation RR
[M::mem_process_seqs] Processed 1456006 reads in 431.090 CPU sec, 45.196 real sec
[M::mem_pestat] # candidate unique pairs for (FF, FR, RF, RR): (74, 560635, 98, 43)
[M::mem_pestat] analyzing insert size distribution for orientation FF...
[M::mem_pestat] (25, 50, 75) percentile: (215, 369, 513)
[M::mem_pestat] low and high boundaries for computing mean and std.dev: (1, 1109)
[M::mem_pestat] mean and std.dev: (355.61, 188.17)
[M::mem_pestat] low and high boundaries for proper pairs: (1, 1407)
[M::mem_pestat] analyzing insert size distribution for orientation FR...
[M::mem_pestat] (25, 50, 75) percentile: (240, 320, 408)
[M::mem_pestat] low and high boundaries for computing mean and std.dev: (1, 744)
[M::mem_pestat] mean and std.dev: (330.88, 122.07)
[M::mem_pestat] low and high boundaries for proper pairs: (1, 912)
[M::mem_pestat] analyzing insert size distribution for orientation RF...
[M::mem_pestat] (25, 50, 75) percentile: (28, 182, 1126)
[M::mem_pestat] low and high boundaries for computing mean and std.dev: (1, 3322)
[M::mem_pestat] mean and std.dev: (385.60, 573.81)
[M::mem_pestat] low and high boundaries for proper pairs: (1, 4420)
[M::mem_pestat] analyzing insert size distribution for orientation RR...
[M::mem_pestat] (25, 50, 75) percentile: (279, 556, 1358)
[M::mem_pestat] low and high boundaries for computing mean and std.dev: (1, 3516)
[M::mem_pestat] mean and std.dev: (681.68, 680.78)
[M::mem_pestat] low and high boundaries for proper pairs: (1, 4595)
[M::mem_pestat] skip orientation FF
[M::mem_pestat] skip orientation RF
[M::mem_pestat] skip orientation RR
[M::process] read 1451022 sequences (200000184 bp)...
[M::mem_process_seqs] Processed 1453262 reads in 431.307 CPU sec, 46.806 real sec
[M::mem_pestat] # candidate unique pairs for (FF, FR, RF, RR): (62, 559131, 116, 24)
[M::mem_pestat] analyzing insert size distribution for orientation FF...
[M::mem_pestat] (25, 50, 75) percentile: (297, 442, 665)
[M::mem_pestat] low and high boundaries for computing mean and std.dev: (1, 1401)
[M::mem_pestat] mean and std.dev: (385.10, 176.53)
[M::mem_pestat] low and high boundaries for proper pairs: (1, 1769)
[M::mem_pestat] analyzing insert size distribution for orientation FR...
[M::mem_pestat] (25, 50, 75) percentile: (242, 322, 412)
[M::mem_pestat] low and high boundaries for computing mean and std.dev: (1, 752)
[M::mem_pestat] mean and std.dev: (333.66, 124.01)
[M::mem_pestat] low and high boundaries for proper pairs: (1, 922)
[M::mem_pestat] analyzing insert size distribution for orientation RF...
[M::mem_pestat] (25, 50, 75) percentile: (51, 300, 2352)
[M::mem_pestat] low and high boundaries for computing mean and std.dev: (1, 6954)
[M::mem_pestat] mean and std.dev: (1149.93, 1743.43)
[M::mem_pestat] low and high boundaries for proper pairs: (1, 9255)
[M::mem_pestat] analyzing insert size distribution for orientation RR...
[M::mem_pestat] (25, 50, 75) percentile: (122, 270, 782)
[M::mem_pestat] low and high boundaries for computing mean and std.dev: (1, 2102)
[M::mem_pestat] mean and std.dev: (318.40, 252.98)
[M::mem_pestat] low and high boundaries for proper pairs: (1, 2762)
[M::mem_pestat] skip orientation FF
[M::mem_pestat] skip orientation RF
[M::mem_pestat] skip orientation RR
[M::process] read 1451192 sequences (200000138 bp)...
[M::mem_process_seqs] Processed 1451022 reads in 433.689 CPU sec, 47.008 real sec
[M::mem_pestat] # candidate unique pairs for (FF, FR, RF, RR): (63, 556891, 108, 43)
[M::mem_pestat] analyzing insert size distribution for orientation FF...
[M::mem_pestat] (25, 50, 75) percentile: (278, 436, 676)
[M::mem_pestat] low and high boundaries for computing mean and std.dev: (1, 1472)
[M::mem_pestat] mean and std.dev: (393.41, 236.21)
[M::mem_pestat] low and high boundaries for proper pairs: (1, 1870)
[M::mem_pestat] analyzing insert size distribution for orientation FR...
[M::mem_pestat] (25, 50, 75) percentile: (241, 321, 411)
[M::mem_pestat] low and high boundaries for computing mean and std.dev: (1, 751)
[M::mem_pestat] mean and std.dev: (332.88, 123.95)
[M::mem_pestat] low and high boundaries for proper pairs: (1, 921)
[M::mem_pestat] analyzing insert size distribution for orientation RF...
[M::mem_pestat] (25, 50, 75) percentile: (92, 396, 3251)
[M::mem_pestat] low and high boundaries for computing mean and std.dev: (1, 9569)
[M::mem_pestat] mean and std.dev: (1613.59, 2189.84)
[M::mem_pestat] low and high boundaries for proper pairs: (1, 12728)
[M::mem_pestat] analyzing insert size distribution for orientation RR...
[M::mem_pestat] (25, 50, 75) percentile: (191, 348, 1902)
[M::mem_pestat] low and high boundaries for computing mean and std.dev: (1, 5324)
[M::mem_pestat] mean and std.dev: (744.08, 981.76)
[M::mem_pestat] low and high boundaries for proper pairs: (1, 7035)
[M::mem_pestat] skip orientation FF
[M::mem_pestat] skip orientation RF
[M::mem_pestat] skip orientation RR
[M::process] read 1456434 sequences (200000218 bp)...
[M::mem_process_seqs] Processed 1451192 reads in 436.876 CPU sec, 47.270 real sec
[M::mem_pestat] # candidate unique pairs for (FF, FR, RF, RR): (61, 561044, 125, 51)
[M::mem_pestat] analyzing insert size distribution for orientation FF...
[M::mem_pestat] (25, 50, 75) percentile: (220, 366, 666)
[M::mem_pestat] low and high boundaries for computing mean and std.dev: (1, 1558)
[M::mem_pestat] mean and std.dev: (385.71, 303.25)
[M::mem_pestat] low and high boundaries for proper pairs: (1, 2004)
[M::mem_pestat] analyzing insert size distribution for orientation FR...
[M::mem_pestat] (25, 50, 75) percentile: (238, 316, 403)
[M::mem_pestat] low and high boundaries for computing mean and std.dev: (1, 733)
[M::mem_pestat] mean and std.dev: (327.08, 120.21)
[M::mem_pestat] low and high boundaries for proper pairs: (1, 898)
[M::mem_pestat] analyzing insert size distribution for orientation RF...
[M::mem_pestat] (25, 50, 75) percentile: (52, 243, 1703)
[M::mem_pestat] low and high boundaries for computing mean and std.dev: (1, 5005)
[M::mem_pestat] mean and std.dev: (873.29, 1349.40)
[M::mem_pestat] low and high boundaries for proper pairs: (1, 6656)
[M::mem_pestat] analyzing insert size distribution for orientation RR...
[M::mem_pestat] (25, 50, 75) percentile: (234, 477, 902)
[M::mem_pestat] low and high boundaries for computing mean and std.dev: (1, 2238)
[M::mem_pestat] mean and std.dev: (488.70, 427.23)
[M::mem_pestat] low and high boundaries for proper pairs: (1, 2906)
[M::mem_pestat] skip orientation FF
[M::mem_pestat] skip orientation RF
[M::mem_pestat] skip orientation RR
[M::process] read 1453426 sequences (200000183 bp)...
[M::mem_process_seqs] Processed 1456434 reads in 433.873 CPU sec, 46.994 real sec
[M::mem_pestat] # candidate unique pairs for (FF, FR, RF, RR): (49, 561696, 107, 41)
[M::mem_pestat] analyzing insert size distribution for orientation FF...
[M::mem_pestat] (25, 50, 75) percentile: (236, 320, 638)
[M::mem_pestat] low and high boundaries for computing mean and std.dev: (1, 1442)
[M::mem_pestat] mean and std.dev: (413.39, 303.38)
[M::mem_pestat] low and high boundaries for proper pairs: (1, 1844)
[M::mem_pestat] analyzing insert size distribution for orientation FR...
[M::mem_pestat] (25, 50, 75) percentile: (239, 317, 405)
[M::mem_pestat] low and high boundaries for computing mean and std.dev: (1, 737)
[M::mem_pestat] mean and std.dev: (328.43, 120.93)
[M::mem_pestat] low and high boundaries for proper pairs: (1, 903)
[M::mem_pestat] analyzing insert size distribution for orientation RF...
[M::mem_pestat] (25, 50, 75) percentile: (23, 207, 927)
[M::mem_pestat] low and high boundaries for computing mean and std.dev: (1, 2735)
[M::mem_pestat] mean and std.dev: (414.42, 590.96)
[M::mem_pestat] low and high boundaries for proper pairs: (1, 3639)
[M::mem_pestat] analyzing insert size distribution for orientation RR...
[M::mem_pestat] (25, 50, 75) percentile: (240, 399, 1182)
[M::mem_pestat] low and high boundaries for computing mean and std.dev: (1, 3066)
[M::mem_pestat] mean and std.dev: (588.83, 705.56)
[M::mem_pestat] low and high boundaries for proper pairs: (1, 4008)
[M::mem_pestat] skip orientation FF
[M::mem_pestat] skip orientation RF
[M::mem_pestat] skip orientation RR
[M::process] read 1451074 sequences (200000276 bp)...
[M::mem_process_seqs] Processed 1453426 reads in 428.293 CPU sec, 46.512 real sec
[M::mem_pestat] # candidate unique pairs for (FF, FR, RF, RR): (59, 559266, 100, 44)
[M::mem_pestat] analyzing insert size distribution for orientation FF...
[M::mem_pestat] (25, 50, 75) percentile: (250, 341, 554)
[M::mem_pestat] low and high boundaries for computing mean and std.dev: (1, 1162)
[M::mem_pestat] mean and std.dev: (368.85, 213.43)
[M::mem_pestat] low and high boundaries for proper pairs: (1, 1466)
[M::mem_pestat] analyzing insert size distribution for orientation FR...
[M::mem_pestat] (25, 50, 75) percentile: (240, 320, 409)
[M::mem_pestat] low and high boundaries for computing mean and std.dev: (1, 747)
[M::mem_pestat] mean and std.dev: (331.58, 122.89)
[M::mem_pestat] low and high boundaries for proper pairs: (1, 916)
[M::mem_pestat] analyzing insert size distribution for orientation RF...
[M::mem_pestat] (25, 50, 75) percentile: (59, 545, 2462)
[M::mem_pestat] low and high boundaries for computing mean and std.dev: (1, 7268)
[M::mem_pestat] mean and std.dev: (1449.78, 1951.00)
[M::mem_pestat] low and high boundaries for proper pairs: (1, 9671)
[M::mem_pestat] analyzing insert size distribution for orientation RR...
[M::mem_pestat] (25, 50, 75) percentile: (177, 332, 647)
[M::mem_pestat] low and high boundaries for computing mean and std.dev: (1, 1587)
[M::mem_pestat] mean and std.dev: (396.95, 308.97)
[M::mem_pestat] low and high boundaries for proper pairs: (1, 2057)
[M::mem_pestat] skip orientation FF
[M::mem_pestat] skip orientation RF
[M::mem_pestat] skip orientation RR
[M::process] read 1450922 sequences (200000097 bp)...
[M::mem_process_seqs] Processed 1451074 reads in 432.182 CPU sec, 47.030 real sec
[M::mem_pestat] # candidate unique pairs for (FF, FR, RF, RR): (85, 556996, 125, 36)
[M::mem_pestat] analyzing insert size distribution for orientation FF...
[M::mem_pestat] (25, 50, 75) percentile: (211, 309, 676)
[M::mem_pestat] low and high boundaries for computing mean and std.dev: (1, 1606)
[M::mem_pestat] mean and std.dev: (396.21, 324.94)
[M::mem_pestat] low and high boundaries for proper pairs: (1, 2071)
[M::mem_pestat] analyzing insert size distribution for orientation FR...
[M::mem_pestat] (25, 50, 75) percentile: (240, 320, 409)
[M::mem_pestat] low and high boundaries for computing mean and std.dev: (1, 747)
[M::mem_pestat] mean and std.dev: (331.56, 123.46)
[M::mem_pestat] low and high boundaries for proper pairs: (1, 916)
[M::mem_pestat] analyzing insert size distribution for orientation RF...
[M::mem_pestat] (25, 50, 75) percentile: (25, 264, 1731)
[M::mem_pestat] low and high boundaries for computing mean and std.dev: (1, 5143)
[M::mem_pestat] mean and std.dev: (710.54, 1022.73)
[M::mem_pestat] low and high boundaries for proper pairs: (1, 6849)
[M::mem_pestat] analyzing insert size distribution for orientation RR...
[M::mem_pestat] (25, 50, 75) percentile: (199, 438, 917)
[M::mem_pestat] low and high boundaries for computing mean and std.dev: (1, 2353)
[M::mem_pestat] mean and std.dev: (483.44, 399.95)
[M::mem_pestat] low and high boundaries for proper pairs: (1, 3071)
[M::mem_pestat] skip orientation FF
[M::mem_pestat] skip orientation RF
[M::mem_pestat] skip orientation RR
[M::process] read 1463450 sequences (200000077 bp)...
[M::mem_process_seqs] Processed 1450922 reads in 438.121 CPU sec, 47.458 real sec
[M::mem_pestat] # candidate unique pairs for (FF, FR, RF, RR): (66, 561647, 104, 39)
[M::mem_pestat] analyzing insert size distribution for orientation FF...
[M::mem_pestat] (25, 50, 75) percentile: (253, 411, 631)
[M::mem_pestat] low and high boundaries for computing mean and std.dev: (1, 1387)
[M::mem_pestat] mean and std.dev: (434.00, 259.46)
[M::mem_pestat] low and high boundaries for proper pairs: (1, 1765)
[M::mem_pestat] analyzing insert size distribution for orientation FR...
[M::mem_pestat] (25, 50, 75) percentile: (235, 313, 399)
[M::mem_pestat] low and high boundaries for computing mean and std.dev: (1, 727)
[M::mem_pestat] mean and std.dev: (323.87, 118.93)
[M::mem_pestat] low and high boundaries for proper pairs: (1, 891)
[M::mem_pestat] analyzing insert size distribution for orientation RF...
[M::mem_pestat] (25, 50, 75) percentile: (74, 416, 3295)
[M::mem_pestat] low and high boundaries for computing mean and std.dev: (1, 9737)
[M::mem_pestat] mean and std.dev: (1678.89, 2243.99)
[M::mem_pestat] low and high boundaries for proper pairs: (1, 12958)
[M::mem_pestat] analyzing insert size distribution for orientation RR...
[M::mem_pestat] (25, 50, 75) percentile: (209, 328, 905)
[M::mem_pestat] low and high boundaries for computing mean and std.dev: (1, 2297)
[M::mem_pestat] mean and std.dev: (449.65, 426.44)
[M::mem_pestat] low and high boundaries for proper pairs: (1, 2993)
[M::mem_pestat] skip orientation FF
[M::mem_pestat] skip orientation RF
[M::mem_pestat] skip orientation RR
[M::process] read 1463000 sequences (200000099 bp)...
[M::mem_process_seqs] Processed 1463450 reads in 438.275 CPU sec, 47.511 real sec
[M::mem_pestat] # candidate unique pairs for (FF, FR, RF, RR): (70, 563112, 120, 48)
[M::mem_pestat] analyzing insert size distribution for orientation FF...
[M::mem_pestat] (25, 50, 75) percentile: (306, 499, 842)
[M::mem_pestat] low and high boundaries for computing mean and std.dev: (1, 1914)
[M::mem_pestat] mean and std.dev: (513.85, 330.10)
[M::mem_pestat] low and high boundaries for proper pairs: (1, 2450)
[M::mem_pestat] analyzing insert size distribution for orientation FR...
[M::mem_pestat] (25, 50, 75) percentile: (237, 315, 402)
[M::mem_pestat] low and high boundaries for computing mean and std.dev: (1, 732)
[M::mem_pestat] mean and std.dev: (326.21, 120.34)
[M::mem_pestat] low and high boundaries for proper pairs: (1, 897)
[M::mem_pestat] analyzing insert size distribution for orientation RF...
[M::mem_pestat] (25, 50, 75) percentile: (39, 190, 1053)
[M::mem_pestat] low and high boundaries for computing mean and std.dev: (1, 3081)
[M::mem_pestat] mean and std.dev: (354.42, 588.05)
[M::mem_pestat] low and high boundaries for proper pairs: (1, 4095)
[M::mem_pestat] analyzing insert size distribution for orientation RR...
[M::mem_pestat] (25, 50, 75) percentile: (219, 337, 657)
[M::mem_pestat] low and high boundaries for computing mean and std.dev: (1, 1533)
[M::mem_pestat] mean and std.dev: (329.64, 238.94)
[M::mem_pestat] low and high boundaries for proper pairs: (1, 1971)
[M::mem_pestat] skip orientation FF
[M::mem_pestat] skip orientation RF
[M::mem_pestat] skip orientation RR
[M::process] read 1457636 sequences (200000079 bp)...
[M::mem_process_seqs] Processed 1463000 reads in 435.610 CPU sec, 47.322 real sec
[M::mem_pestat] # candidate unique pairs for (FF, FR, RF, RR): (68, 560880, 122, 35)
[M::mem_pestat] analyzing insert size distribution for orientation FF...
[M::mem_pestat] (25, 50, 75) percentile: (239, 436, 1017)
[M::mem_pestat] low and high boundaries for computing mean and std.dev: (1, 2573)
[M::mem_pestat] mean and std.dev: (497.97, 442.99)
[M::mem_pestat] low and high boundaries for proper pairs: (1, 3351)
[M::mem_pestat] analyzing insert size distribution for orientation FR...
[M::mem_pestat] (25, 50, 75) percentile: (240, 319, 408)
[M::mem_pestat] low and high boundaries for computing mean and std.dev: (1, 744)
[M::mem_pestat] mean and std.dev: (330.55, 122.38)
[M::mem_pestat] low and high boundaries for proper pairs: (1, 912)
[M::mem_pestat] analyzing insert size distribution for orientation RF...
[M::mem_pestat] (25, 50, 75) percentile: (51, 359, 2560)
[M::mem_pestat] low and high boundaries for computing mean and std.dev: (1, 7578)
[M::mem_pestat] mean and std.dev: (1304.05, 1807.14)
[M::mem_pestat] low and high boundaries for proper pairs: (1, 10087)
[M::mem_pestat] analyzing insert size distribution for orientation RR...
[M::mem_pestat] (25, 50, 75) percentile: (264, 450, 1507)
[M::mem_pestat] low and high boundaries for computing mean and std.dev: (1, 3993)
[M::mem_pestat] mean and std.dev: (789.16, 828.30)
[M::mem_pestat] low and high boundaries for proper pairs: (1, 5236)
[M::mem_pestat] skip orientation FF
[M::mem_pestat] skip orientation RF
[M::mem_pestat] skip orientation RR
[M::mem_process_seqs] Processed 1457636 reads in 436.727 CPU sec, 52.407 real sec
[M::process] read 1455736 sequences (200000109 bp)...
[M::process] read 1462444 sequences (200000271 bp)...
[M::mem_pestat] # candidate unique pairs for (FF, FR, RF, RR): (64, 557634, 121, 41)
[M::mem_pestat] analyzing insert size distribution for orientation FF...
[M::mem_pestat] (25, 50, 75) percentile: (286, 396, 933)
[M::mem_pestat] low and high boundaries for computing mean and std.dev: (1, 2227)
[M::mem_pestat] mean and std.dev: (582.24, 543.51)
[M::mem_pestat] low and high boundaries for proper pairs: (1, 2874)
[M::mem_pestat] analyzing insert size distribution for orientation FR...
[M::mem_pestat] (25, 50, 75) percentile: (240, 320, 410)
[M::mem_pestat] low and high boundaries for computing mean and std.dev: (1, 750)
[M::mem_pestat] mean and std.dev: (332.26, 124.13)
[M::mem_pestat] low and high boundaries for proper pairs: (1, 920)
[M::mem_pestat] analyzing insert size distribution for orientation RF...
[M::mem_pestat] (25, 50, 75) percentile: (101, 408, 3202)
[M::mem_pestat] low and high boundaries for computing mean and std.dev: (1, 9404)
[M::mem_pestat] mean and std.dev: (1641.29, 2250.51)
[M::mem_pestat] low and high boundaries for proper pairs: (1, 12505)
[M::mem_pestat] analyzing insert size distribution for orientation RR...
[M::mem_pestat] (25, 50, 75) percentile: (221, 398, 845)
[M::mem_pestat] low and high boundaries for computing mean and std.dev: (1, 2093)
[M::mem_pestat] mean and std.dev: (424.06, 356.97)
[M::mem_pestat] low and high boundaries for proper pairs: (1, 2717)
[M::mem_pestat] skip orientation FF
[M::mem_pestat] skip orientation RF
[M::mem_pestat] skip orientation RR
[M::mem_process_seqs] Processed 1455736 reads in 442.084 CPU sec, 47.354 real sec
[M::mem_pestat] # candidate unique pairs for (FF, FR, RF, RR): (60, 561489, 107, 38)
[M::mem_pestat] analyzing insert size distribution for orientation FF...
[M::mem_pestat] (25, 50, 75) percentile: (269, 411, 692)
[M::mem_pestat] low and high boundaries for computing mean and std.dev: (1, 1538)
[M::mem_pestat] mean and std.dev: (419.65, 270.51)
[M::mem_pestat] low and high boundaries for proper pairs: (1, 1961)
[M::mem_pestat] analyzing insert size distribution for orientation FR...
[M::mem_pestat] (25, 50, 75) percentile: (237, 316, 403)
[M::mem_pestat] low and high boundaries for computing mean and std.dev: (1, 735)
[M::mem_pestat] mean and std.dev: (326.65, 120.19)
[M::mem_pestat] low and high boundaries for proper pairs: (1, 901)
[M::mem_pestat] analyzing insert size distribution for orientation RF...
[M::mem_pestat] (25, 50, 75) percentile: (33, 345, 2827)
[M::mem_pestat] low and high boundaries for computing mean and std.dev: (1, 8415)
[M::mem_pestat] mean and std.dev: (1468.66, 2052.01)
[M::mem_pestat] low and high boundaries for proper pairs: (1, 11209)
[M::mem_pestat] analyzing insert size distribution for orientation RR...
[M::mem_pestat] (25, 50, 75) percentile: (147, 313, 552)
[M::mem_pestat] low and high boundaries for computing mean and std.dev: (1, 1362)
[M::mem_pestat] mean and std.dev: (281.84, 246.22)
[M::mem_pestat] low and high boundaries for proper pairs: (1, 1767)
[M::mem_pestat] skip orientation FF
[M::mem_pestat] skip orientation RF
[M::mem_pestat] skip orientation RR
[M::mem_process_seqs] Processed 1462444 reads in 442.976 CPU sec, 84.992 real sec
[M::process] read 1456998 sequences (200000162 bp)...
[M::process] read 1455330 sequences (200000252 bp)...
[M::mem_pestat] # candidate unique pairs for (FF, FR, RF, RR): (65, 560313, 109, 49)
[M::mem_pestat] analyzing insert size distribution for orientation FF...
[M::mem_pestat] (25, 50, 75) percentile: (253, 328, 656)
[M::mem_pestat] low and high boundaries for computing mean and std.dev: (1, 1462)
[M::mem_pestat] mean and std.dev: (344.81, 182.00)
[M::mem_pestat] low and high boundaries for proper pairs: (1, 1865)
[M::mem_pestat] analyzing insert size distribution for orientation FR...
[M::mem_pestat] (25, 50, 75) percentile: (240, 319, 407)
[M::mem_pestat] low and high boundaries for computing mean and std.dev: (1, 741)
[M::mem_pestat] mean and std.dev: (329.87, 121.98)
[M::mem_pestat] low and high boundaries for proper pairs: (1, 908)
[M::mem_pestat] analyzing insert size distribution for orientation RF...
[M::mem_pestat] (25, 50, 75) percentile: (165, 990, 3599)
[M::mem_pestat] low and high boundaries for computing mean and std.dev: (1, 10467)
[M::mem_pestat] mean and std.dev: (1989.42, 2219.48)
[M::mem_pestat] low and high boundaries for proper pairs: (1, 13901)
[M::mem_pestat] analyzing insert size distribution for orientation RR...
[M::mem_pestat] (25, 50, 75) percentile: (251, 444, 2500)
[M::mem_pestat] low and high boundaries for computing mean and std.dev: (1, 6998)
[M::mem_pestat] mean and std.dev: (1189.06, 1746.68)
[M::mem_pestat] low and high boundaries for proper pairs: (1, 9247)
[M::mem_pestat] skip orientation FF
[M::mem_pestat] skip orientation RF
[M::mem_pestat] skip orientation RR
[M::mem_process_seqs] Processed 1456998 reads in 430.853 CPU sec, 44.031 real sec
[M::mem_pestat] # candidate unique pairs for (FF, FR, RF, RR): (74, 559260, 98, 37)
[M::mem_pestat] analyzing insert size distribution for orientation FF...
[M::mem_pestat] (25, 50, 75) percentile: (292, 414, 640)
[M::mem_pestat] low and high boundaries for computing mean and std.dev: (1, 1336)
[M::mem_pestat] mean and std.dev: (450.13, 227.03)
[M::mem_pestat] low and high boundaries for proper pairs: (1, 1684)
[M::mem_pestat] analyzing insert size distribution for orientation FR...
[M::mem_pestat] (25, 50, 75) percentile: (242, 321, 411)
[M::mem_pestat] low and high boundaries for computing mean and std.dev: (1, 749)
[M::mem_pestat] mean and std.dev: (333.01, 123.94)
[M::mem_pestat] low and high boundaries for proper pairs: (1, 918)
[M::mem_pestat] analyzing insert size distribution for orientation RF...
[M::mem_pestat] (25, 50, 75) percentile: (37, 232, 2962)
[M::mem_pestat] low and high boundaries for computing mean and std.dev: (1, 8812)
[M::mem_pestat] mean and std.dev: (1398.38, 2121.72)
[M::mem_pestat] low and high boundaries for proper pairs: (1, 11737)
[M::mem_pestat] analyzing insert size distribution for orientation RR...
[M::mem_pestat] (25, 50, 75) percentile: (167, 304, 962)
[M::mem_pestat] low and high boundaries for computing mean and std.dev: (1, 2552)
[M::mem_pestat] mean and std.dev: (437.12, 426.70)
[M::mem_pestat] low and high boundaries for proper pairs: (1, 3347)
[M::mem_pestat] skip orientation FF
[M::mem_pestat] skip orientation RF
[M::mem_pestat] skip orientation RR
[M::process] read 1454826 sequences (200000271 bp)...
[M::mem_process_seqs] Processed 1455330 reads in 436.121 CPU sec, 47.316 real sec
[M::mem_pestat] # candidate unique pairs for (FF, FR, RF, RR): (74, 557599, 127, 44)
[M::mem_pestat] analyzing insert size distribution for orientation FF...
[M::mem_pestat] (25, 50, 75) percentile: (241, 418, 658)
[M::mem_pestat] low and high boundaries for computing mean and std.dev: (1, 1492)
[M::mem_pestat] mean and std.dev: (418.91, 292.77)
[M::mem_pestat] low and high boundaries for proper pairs: (1, 1909)
[M::mem_pestat] analyzing insert size distribution for orientation FR...
[M::mem_pestat] (25, 50, 75) percentile: (242, 322, 412)
[M::mem_pestat] low and high boundaries for computing mean and std.dev: (1, 752)
[M::mem_pestat] mean and std.dev: (333.84, 124.75)
[M::mem_pestat] low and high boundaries for proper pairs: (1, 922)
[M::mem_pestat] analyzing insert size distribution for orientation RF...
[M::mem_pestat] (25, 50, 75) percentile: (64, 427, 2841)
[M::mem_pestat] low and high boundaries for computing mean and std.dev: (1, 8395)
[M::mem_pestat] mean and std.dev: (1611.65, 2176.52)
[M::mem_pestat] low and high boundaries for proper pairs: (1, 11172)
[M::mem_pestat] analyzing insert size distribution for orientation RR...
[M::mem_pestat] (25, 50, 75) percentile: (242, 321, 1692)
[M::mem_pestat] low and high boundaries for computing mean and std.dev: (1, 4592)
[M::mem_pestat] mean and std.dev: (555.30, 759.02)
[M::mem_pestat] low and high boundaries for proper pairs: (1, 6042)
[M::mem_pestat] skip orientation FF
[M::mem_pestat] skip orientation RF
[M::mem_pestat] skip orientation RR
[M::process] read 1461756 sequences (200000077 bp)...
[M::mem_process_seqs] Processed 1454826 reads in 440.372 CPU sec, 47.742 real sec
[M::mem_pestat] # candidate unique pairs for (FF, FR, RF, RR): (57, 560987, 109, 40)
[M::mem_pestat] analyzing insert size distribution for orientation FF...
[M::mem_pestat] (25, 50, 75) percentile: (288, 396, 776)
[M::mem_pestat] low and high boundaries for computing mean and std.dev: (1, 1752)
[M::mem_pestat] mean and std.dev: (481.79, 353.37)
[M::mem_pestat] low and high boundaries for proper pairs: (1, 2240)
[M::mem_pestat] analyzing insert size distribution for orientation FR...
[M::mem_pestat] (25, 50, 75) percentile: (238, 316, 403)
[M::mem_pestat] low and high boundaries for computing mean and std.dev: (1, 733)
[M::mem_pestat] mean and std.dev: (327.01, 120.49)
[M::mem_pestat] low and high boundaries for proper pairs: (1, 898)
[M::mem_pestat] analyzing insert size distribution for orientation RF...
[M::mem_pestat] (25, 50, 75) percentile: (72, 424, 2574)
[M::mem_pestat] low and high boundaries for computing mean and std.dev: (1, 7578)
[M::mem_pestat] mean and std.dev: (1311.03, 1837.03)
[M::mem_pestat] low and high boundaries for proper pairs: (1, 10080)
[M::mem_pestat] analyzing insert size distribution for orientation RR...
[M::mem_pestat] (25, 50, 75) percentile: (193, 397, 1102)
[M::mem_pestat] low and high boundaries for computing mean and std.dev: (1, 2920)
[M::mem_pestat] mean and std.dev: (446.06, 457.45)
[M::mem_pestat] low and high boundaries for proper pairs: (1, 3829)
[M::mem_pestat] skip orientation FF
[M::mem_pestat] skip orientation RF
[M::mem_pestat] skip orientation RR
[M::process] read 1456310 sequences (200000085 bp)...
[M::mem_process_seqs] Processed 1461756 reads in 436.224 CPU sec, 47.278 real sec
[M::mem_pestat] # candidate unique pairs for (FF, FR, RF, RR): (74, 559817, 120, 34)
[M::mem_pestat] analyzing insert size distribution for orientation FF...
[M::mem_pestat] (25, 50, 75) percentile: (262, 372, 818)
[M::mem_pestat] low and high boundaries for computing mean and std.dev: (1, 1930)
[M::mem_pestat] mean and std.dev: (446.69, 313.30)
[M::mem_pestat] low and high boundaries for proper pairs: (1, 2486)
[M::mem_pestat] analyzing insert size distribution for orientation FR...
[M::mem_pestat] (25, 50, 75) percentile: (240, 320, 408)
[M::mem_pestat] low and high boundaries for computing mean and std.dev: (1, 744)
[M::mem_pestat] mean and std.dev: (330.96, 122.71)
[M::mem_pestat] low and high boundaries for proper pairs: (1, 912)
[M::mem_pestat] analyzing insert size distribution for orientation RF...
[M::mem_pestat] (25, 50, 75) percentile: (67, 281, 1817)
[M::mem_pestat] low and high boundaries for computing mean and std.dev: (1, 5317)
[M::mem_pestat] mean and std.dev: (959.82, 1365.44)
[M::mem_pestat] low and high boundaries for proper pairs: (1, 7067)
[M::mem_pestat] analyzing insert size distribution for orientation RR...
[M::mem_pestat] (25, 50, 75) percentile: (192, 388, 1271)
[M::mem_pestat] low and high boundaries for computing mean and std.dev: (1, 3429)
[M::mem_pestat] mean and std.dev: (666.03, 702.89)
[M::mem_pestat] low and high boundaries for proper pairs: (1, 4508)
[M::mem_pestat] skip orientation FF
[M::mem_pestat] skip orientation RF
[M::mem_pestat] skip orientation RR
[M::process] read 1453242 sequences (200000021 bp)...
[M::mem_process_seqs] Processed 1456310 reads in 434.569 CPU sec, 47.204 real sec
[M::mem_pestat] # candidate unique pairs for (FF, FR, RF, RR): (60, 558209, 110, 37)
[M::mem_pestat] analyzing insert size distribution for orientation FF...
[M::mem_pestat] (25, 50, 75) percentile: (272, 449, 742)
[M::mem_pestat] low and high boundaries for computing mean and std.dev: (1, 1682)
[M::mem_pestat] mean and std.dev: (468.49, 294.75)
[M::mem_pestat] low and high boundaries for proper pairs: (1, 2152)
[M::mem_pestat] analyzing insert size distribution for orientation FR...
[M::mem_pestat] (25, 50, 75) percentile: (242, 322, 412)
[M::mem_pestat] low and high boundaries for computing mean and std.dev: (1, 752)
[M::mem_pestat] mean and std.dev: (333.78, 124.53)
[M::mem_pestat] low and high boundaries for proper pairs: (1, 922)
[M::mem_pestat] analyzing insert size distribution for orientation RF...
[M::mem_pestat] (25, 50, 75) percentile: (66, 440, 2917)
[M::mem_pestat] low and high boundaries for computing mean and std.dev: (1, 8619)
[M::mem_pestat] mean and std.dev: (1647.94, 2276.48)
[M::mem_pestat] low and high boundaries for proper pairs: (1, 11470)
[M::mem_pestat] analyzing insert size distribution for orientation RR...
[M::mem_pestat] (25, 50, 75) percentile: (165, 204, 754)
[M::mem_pestat] low and high boundaries for computing mean and std.dev: (1, 1932)
[M::mem_pestat] mean and std.dev: (411.29, 445.71)
[M::mem_pestat] low and high boundaries for proper pairs: (1, 2521)
[M::mem_pestat] skip orientation FF
[M::mem_pestat] skip orientation RF
[M::mem_pestat] skip orientation RR
[M::process] read 1454242 sequences (200000154 bp)...
[M::mem_process_seqs] Processed 1453242 reads in 433.692 CPU sec, 47.006 real sec
[M::mem_pestat] # candidate unique pairs for (FF, FR, RF, RR): (62, 557031, 121, 42)
[M::mem_pestat] analyzing insert size distribution for orientation FF...
[M::mem_pestat] (25, 50, 75) percentile: (309, 462, 937)
[M::mem_pestat] low and high boundaries for computing mean and std.dev: (1, 2193)
[M::mem_pestat] mean and std.dev: (533.91, 425.61)
[M::mem_pestat] low and high boundaries for proper pairs: (1, 2821)
[M::mem_pestat] analyzing insert size distribution for orientation FR...
[M::mem_pestat] (25, 50, 75) percentile: (241, 321, 412)
[M::mem_pestat] low and high boundaries for computing mean and std.dev: (1, 754)
[M::mem_pestat] mean and std.dev: (333.81, 124.98)
[M::mem_pestat] low and high boundaries for proper pairs: (1, 925)
[M::mem_pestat] analyzing insert size distribution for orientation RF...
[M::mem_pestat] (25, 50, 75) percentile: (36, 256, 2402)
[M::mem_pestat] low and high boundaries for computing mean and std.dev: (1, 7134)
[M::mem_pestat] mean and std.dev: (1163.44, 1661.57)
[M::mem_pestat] low and high boundaries for proper pairs: (1, 9500)
[M::mem_pestat] analyzing insert size distribution for orientation RR...
[M::mem_pestat] (25, 50, 75) percentile: (238, 324, 783)
[M::mem_pestat] low and high boundaries for computing mean and std.dev: (1, 1873)
[M::mem_pestat] mean and std.dev: (390.34, 338.90)
[M::mem_pestat] low and high boundaries for proper pairs: (1, 2418)
[M::mem_pestat] skip orientation FF
[M::mem_pestat] skip orientation RF
[M::mem_pestat] skip orientation RR
[M::process] read 1460994 sequences (200000055 bp)...
[M::mem_process_seqs] Processed 1454242 reads in 438.959 CPU sec, 47.570 real sec
[M::mem_pestat] # candidate unique pairs for (FF, FR, RF, RR): (56, 562261, 101, 46)
[M::mem_pestat] analyzing insert size distribution for orientation FF...
[M::mem_pestat] (25, 50, 75) percentile: (261, 456, 841)
[M::mem_pestat] low and high boundaries for computing mean and std.dev: (1, 2001)
[M::mem_pestat] mean and std.dev: (511.80, 395.80)
[M::mem_pestat] low and high boundaries for proper pairs: (1, 2581)
[M::mem_pestat] analyzing insert size distribution for orientation FR...
[M::mem_pestat] (25, 50, 75) percentile: (238, 317, 404)
[M::mem_pestat] low and high boundaries for computing mean and std.dev: (1, 736)
[M::mem_pestat] mean and std.dev: (327.97, 120.90)
[M::mem_pestat] low and high boundaries for proper pairs: (1, 902)
[M::mem_pestat] analyzing insert size distribution for orientation RF...
[M::mem_pestat] (25, 50, 75) percentile: (71, 612, 3529)
[M::mem_pestat] low and high boundaries for computing mean and std.dev: (1, 10445)
[M::mem_pestat] mean and std.dev: (1894.76, 2398.04)
[M::mem_pestat] low and high boundaries for proper pairs: (1, 13903)
[M::mem_pestat] analyzing insert size distribution for orientation RR...
[M::mem_pestat] (25, 50, 75) percentile: (235, 457, 1309)
[M::mem_pestat] low and high boundaries for computing mean and std.dev: (1, 3457)
[M::mem_pestat] mean and std.dev: (669.79, 659.11)
[M::mem_pestat] low and high boundaries for proper pairs: (1, 4531)
[M::mem_pestat] skip orientation FF
[M::mem_pestat] skip orientation RF
[M::mem_pestat] skip orientation RR
[M::process] read 1455910 sequences (200000030 bp)...
[M::mem_process_seqs] Processed 1460994 reads in 436.283 CPU sec, 47.293 real sec
[M::mem_pestat] # candidate unique pairs for (FF, FR, RF, RR): (69, 560361, 99, 44)
[M::mem_pestat] analyzing insert size distribution for orientation FF...
[M::mem_pestat] (25, 50, 75) percentile: (267, 388, 1151)
[M::mem_pestat] low and high boundaries for computing mean and std.dev: (1, 2919)
[M::mem_pestat] mean and std.dev: (611.14, 563.26)
[M::mem_pestat] low and high boundaries for proper pairs: (1, 3803)
[M::mem_pestat] analyzing insert size distribution for orientation FR...
[M::mem_pestat] (25, 50, 75) percentile: (240, 320, 409)
[M::mem_pestat] low and high boundaries for computing mean and std.dev: (1, 747)
[M::mem_pestat] mean and std.dev: (331.59, 123.10)
[M::mem_pestat] low and high boundaries for proper pairs: (1, 916)
[M::mem_pestat] analyzing insert size distribution for orientation RF...
[M::mem_pestat] (25, 50, 75) percentile: (123, 842, 3117)
[M::mem_pestat] low and high boundaries for computing mean and std.dev: (1, 9105)
[M::mem_pestat] mean and std.dev: (1804.36, 2152.52)
[M::mem_pestat] low and high boundaries for proper pairs: (1, 12099)
[M::mem_pestat] analyzing insert size distribution for orientation RR...
[M::mem_pestat] (25, 50, 75) percentile: (159, 319, 725)
[M::mem_pestat] low and high boundaries for computing mean and std.dev: (1, 1857)
[M::mem_pestat] mean and std.dev: (346.34, 268.38)
[M::mem_pestat] low and high boundaries for proper pairs: (1, 2423)
[M::mem_pestat] skip orientation FF
[M::mem_pestat] skip orientation RF
[M::mem_pestat] skip orientation RR
[M::process] read 1452940 sequences (200000225 bp)...
[M::mem_process_seqs] Processed 1455910 reads in 433.756 CPU sec, 47.076 real sec
[M::mem_pestat] # candidate unique pairs for (FF, FR, RF, RR): (68, 557537, 122, 46)
[M::mem_pestat] analyzing insert size distribution for orientation FF...
[M::mem_pestat] (25, 50, 75) percentile: (271, 375, 594)
[M::mem_pestat] low and high boundaries for computing mean and std.dev: (1, 1240)
[M::mem_pestat] mean and std.dev: (376.98, 211.10)
[M::mem_pestat] low and high boundaries for proper pairs: (1, 1563)
[M::mem_pestat] analyzing insert size distribution for orientation FR...
[M::mem_pestat] (25, 50, 75) percentile: (242, 323, 414)
[M::mem_pestat] low and high boundaries for computing mean and std.dev: (1, 758)
[M::mem_pestat] mean and std.dev: (334.91, 125.43)
[M::mem_pestat] low and high boundaries for proper pairs: (1, 930)
[M::mem_pestat] analyzing insert size distribution for orientation RF...
[M::mem_pestat] (25, 50, 75) percentile: (68, 445, 2895)
[M::mem_pestat] low and high boundaries for computing mean and std.dev: (1, 8549)
[M::mem_pestat] mean and std.dev: (1511.07, 2002.07)
[M::mem_pestat] low and high boundaries for proper pairs: (1, 11376)
[M::mem_pestat] analyzing insert size distribution for orientation RR...
[M::mem_pestat] (25, 50, 75) percentile: (201, 302, 593)
[M::mem_pestat] low and high boundaries for computing mean and std.dev: (1, 1377)
[M::mem_pestat] mean and std.dev: (355.07, 289.00)
[M::mem_pestat] low and high boundaries for proper pairs: (1, 1769)
[M::mem_pestat] skip orientation FF
[M::mem_pestat] skip orientation RF
[M::mem_pestat] skip orientation RR
[M::process] read 1453248 sequences (200000213 bp)...
[M::mem_process_seqs] Processed 1452940 reads in 437.508 CPU sec, 47.486 real sec
[M::mem_pestat] # candidate unique pairs for (FF, FR, RF, RR): (53, 556231, 105, 46)
[M::mem_pestat] analyzing insert size distribution for orientation FF...
[M::mem_pestat] (25, 50, 75) percentile: (276, 379, 694)
[M::mem_pestat] low and high boundaries for computing mean and std.dev: (1, 1530)
[M::mem_pestat] mean and std.dev: (398.16, 241.25)
[M::mem_pestat] low and high boundaries for proper pairs: (1, 1948)
[M::mem_pestat] analyzing insert size distribution for orientation FR...
[M::mem_pestat] (25, 50, 75) percentile: (241, 322, 413)
[M::mem_pestat] low and high boundaries for computing mean and std.dev: (1, 757)
[M::mem_pestat] mean and std.dev: (334.23, 125.59)
[M::mem_pestat] low and high boundaries for proper pairs: (1, 929)
[M::mem_pestat] analyzing insert size distribution for orientation RF...
[M::mem_pestat] (25, 50, 75) percentile: (45, 280, 1630)
[M::mem_pestat] low and high boundaries for computing mean and std.dev: (1, 4800)
[M::mem_pestat] mean and std.dev: (709.74, 1171.12)
[M::mem_pestat] low and high boundaries for proper pairs: (1, 6385)
[M::mem_pestat] analyzing insert size distribution for orientation RR...
[M::mem_pestat] (25, 50, 75) percentile: (186, 373, 878)
[M::mem_pestat] low and high boundaries for computing mean and std.dev: (1, 2262)
[M::mem_pestat] mean and std.dev: (466.62, 444.28)
[M::mem_pestat] low and high boundaries for proper pairs: (1, 2954)
[M::mem_pestat] skip orientation FF
[M::mem_pestat] skip orientation RF
[M::mem_pestat] skip orientation RR
[M::process] read 1463670 sequences (200000064 bp)...
[M::mem_process_seqs] Processed 1453248 reads in 441.996 CPU sec, 47.879 real sec
[M::mem_pestat] # candidate unique pairs for (FF, FR, RF, RR): (72, 562761, 104, 45)
[M::mem_pestat] analyzing insert size distribution for orientation FF...
[M::mem_pestat] (25, 50, 75) percentile: (247, 375, 784)
[M::mem_pestat] low and high boundaries for computing mean and std.dev: (1, 1858)
[M::mem_pestat] mean and std.dev: (419.57, 312.92)
[M::mem_pestat] low and high boundaries for proper pairs: (1, 2395)
[M::mem_pestat] analyzing insert size distribution for orientation FR...
[M::mem_pestat] (25, 50, 75) percentile: (239, 318, 406)
[M::mem_pestat] low and high boundaries for computing mean and std.dev: (1, 740)
[M::mem_pestat] mean and std.dev: (329.05, 121.01)
[M::mem_pestat] low and high boundaries for proper pairs: (1, 907)
[M::mem_pestat] analyzing insert size distribution for orientation RF...
[M::mem_pestat] (25, 50, 75) percentile: (66, 421, 1881)
[M::mem_pestat] low and high boundaries for computing mean and std.dev: (1, 5511)
[M::mem_pestat] mean and std.dev: (973.14, 1347.02)
[M::mem_pestat] low and high boundaries for proper pairs: (1, 7326)
[M::mem_pestat] analyzing insert size distribution for orientation RR...
[M::mem_pestat] (25, 50, 75) percentile: (220, 400, 974)
[M::mem_pestat] low and high boundaries for computing mean and std.dev: (1, 2482)
[M::mem_pestat] mean and std.dev: (500.20, 390.07)
[M::mem_pestat] low and high boundaries for proper pairs: (1, 3236)
[M::mem_pestat] skip orientation FF
[M::mem_pestat] skip orientation RF
[M::mem_pestat] skip orientation RR
[M::process] read 1458338 sequences (200000025 bp)...
[M::mem_process_seqs] Processed 1463670 reads in 439.412 CPU sec, 47.578 real sec
[M::mem_pestat] # candidate unique pairs for (FF, FR, RF, RR): (77, 560279, 120, 39)
[M::mem_pestat] analyzing insert size distribution for orientation FF...
[M::mem_pestat] (25, 50, 75) percentile: (223, 349, 816)
[M::mem_pestat] low and high boundaries for computing mean and std.dev: (1, 2002)
[M::mem_pestat] mean and std.dev: (404.60, 368.73)
[M::mem_pestat] low and high boundaries for proper pairs: (1, 2595)
[M::mem_pestat] analyzing insert size distribution for orientation FR...
[M::mem_pestat] (25, 50, 75) percentile: (241, 321, 410)
[M::mem_pestat] low and high boundaries for computing mean and std.dev: (1, 748)
[M::mem_pestat] mean and std.dev: (332.26, 123.05)
[M::mem_pestat] low and high boundaries for proper pairs: (1, 917)
[M::mem_pestat] analyzing insert size distribution for orientation RF...
[M::mem_pestat] (25, 50, 75) percentile: (28, 380, 1982)
[M::mem_pestat] low and high boundaries for computing mean and std.dev: (1, 5890)
[M::mem_pestat] mean and std.dev: (957.54, 1383.64)
[M::mem_pestat] low and high boundaries for proper pairs: (1, 7844)
[M::mem_pestat] analyzing insert size distribution for orientation RR...
[M::mem_pestat] (25, 50, 75) percentile: (245, 408, 626)
[M::mem_pestat] low and high boundaries for computing mean and std.dev: (1, 1388)
[M::mem_pestat] mean and std.dev: (411.05, 270.32)
[M::mem_pestat] low and high boundaries for proper pairs: (1, 1769)
[M::mem_pestat] skip orientation FF
[M::mem_pestat] skip orientation RF
[M::mem_pestat] skip orientation RR
[M::process] read 1456008 sequences (200000074 bp)...
[M::mem_process_seqs] Processed 1458338 reads in 437.238 CPU sec, 47.495 real sec
[M::mem_pestat] # candidate unique pairs for (FF, FR, RF, RR): (69, 557376, 133, 45)
[M::mem_pestat] analyzing insert size distribution for orientation FF...
[M::mem_pestat] (25, 50, 75) percentile: (242, 454, 642)
[M::mem_pestat] low and high boundaries for computing mean and std.dev: (1, 1442)
[M::mem_pestat] mean and std.dev: (397.72, 233.67)
[M::mem_pestat] low and high boundaries for proper pairs: (1, 1842)
[M::mem_pestat] analyzing insert size distribution for orientation FR...
[M::mem_pestat] (25, 50, 75) percentile: (243, 323, 414)
[M::mem_pestat] low and high boundaries for computing mean and std.dev: (1, 756)
[M::mem_pestat] mean and std.dev: (335.09, 125.20)
[M::mem_pestat] low and high boundaries for proper pairs: (1, 927)
[M::mem_pestat] analyzing insert size distribution for orientation RF...
[M::mem_pestat] (25, 50, 75) percentile: (38, 350, 3218)
[M::mem_pestat] low and high boundaries for computing mean and std.dev: (1, 9578)
[M::mem_pestat] mean and std.dev: (1668.85, 2501.88)
[M::mem_pestat] low and high boundaries for proper pairs: (1, 12758)
[M::mem_pestat] analyzing insert size distribution for orientation RR...
[M::mem_pestat] (25, 50, 75) percentile: (255, 451, 1041)
[M::mem_pestat] low and high boundaries for computing mean and std.dev: (1, 2613)
[M::mem_pestat] mean and std.dev: (623.00, 566.82)
[M::mem_pestat] low and high boundaries for proper pairs: (1, 3399)
[M::mem_pestat] skip orientation FF
[M::mem_pestat] skip orientation RF
[M::mem_pestat] skip orientation RR
[M::process] read 1454442 sequences (200000205 bp)...
[M::mem_process_seqs] Processed 1456008 reads in 440.344 CPU sec, 47.712 real sec
[M::mem_pestat] # candidate unique pairs for (FF, FR, RF, RR): (76, 556907, 122, 42)
[M::mem_pestat] analyzing insert size distribution for orientation FF...
[M::mem_pestat] (25, 50, 75) percentile: (291, 427, 838)
[M::mem_pestat] low and high boundaries for computing mean and std.dev: (1, 1932)
[M::mem_pestat] mean and std.dev: (469.63, 302.91)
[M::mem_pestat] low and high boundaries for proper pairs: (1, 2479)
[M::mem_pestat] analyzing insert size distribution for orientation FR...
[M::mem_pestat] (25, 50, 75) percentile: (242, 323, 414)
[M::mem_pestat] low and high boundaries for computing mean and std.dev: (1, 758)
[M::mem_pestat] mean and std.dev: (335.04, 125.62)
[M::mem_pestat] low and high boundaries for proper pairs: (1, 930)
[M::mem_pestat] analyzing insert size distribution for orientation RF...
[M::mem_pestat] (25, 50, 75) percentile: (95, 626, 3095)
[M::mem_pestat] low and high boundaries for computing mean and std.dev: (1, 9095)
[M::mem_pestat] mean and std.dev: (1583.44, 2161.95)
[M::mem_pestat] low and high boundaries for proper pairs: (1, 12095)
[M::mem_pestat] analyzing insert size distribution for orientation RR...
[M::mem_pestat] (25, 50, 75) percentile: (211, 419, 1323)
[M::mem_pestat] low and high boundaries for computing mean and std.dev: (1, 3547)
[M::mem_pestat] mean and std.dev: (678.18, 767.96)
[M::mem_pestat] low and high boundaries for proper pairs: (1, 4659)
[M::mem_pestat] skip orientation FF
[M::mem_pestat] skip orientation RF
[M::mem_pestat] skip orientation RR
[M::process] read 1469086 sequences (200000233 bp)...
[M::mem_process_seqs] Processed 1454442 reads in 440.693 CPU sec, 47.743 real sec
[M::mem_pestat] # candidate unique pairs for (FF, FR, RF, RR): (77, 563638, 139, 48)
[M::mem_pestat] analyzing insert size distribution for orientation FF...
[M::mem_pestat] (25, 50, 75) percentile: (203, 337, 562)
[M::mem_pestat] low and high boundaries for computing mean and std.dev: (1, 1280)
[M::mem_pestat] mean and std.dev: (374.23, 242.58)
[M::mem_pestat] low and high boundaries for proper pairs: (1, 1639)
[M::mem_pestat] analyzing insert size distribution for orientation FR...
[M::mem_pestat] (25, 50, 75) percentile: (238, 317, 403)
[M::mem_pestat] low and high boundaries for computing mean and std.dev: (1, 733)
[M::mem_pestat] mean and std.dev: (327.55, 120.40)
[M::mem_pestat] low and high boundaries for proper pairs: (1, 898)
[M::mem_pestat] analyzing insert size distribution for orientation RF...
[M::mem_pestat] (25, 50, 75) percentile: (60, 483, 3079)
[M::mem_pestat] low and high boundaries for computing mean and std.dev: (1, 9117)
[M::mem_pestat] mean and std.dev: (1586.07, 2275.19)
[M::mem_pestat] low and high boundaries for proper pairs: (1, 12136)
[M::mem_pestat] analyzing insert size distribution for orientation RR...
[M::mem_pestat] (25, 50, 75) percentile: (226, 601, 1086)
[M::mem_pestat] low and high boundaries for computing mean and std.dev: (1, 2806)
[M::mem_pestat] mean and std.dev: (647.65, 580.97)
[M::mem_pestat] low and high boundaries for proper pairs: (1, 3666)
[M::mem_pestat] skip orientation FF
[M::mem_pestat] skip orientation RF
[M::mem_pestat] skip orientation RR
[M::process] read 1461014 sequences (200000179 bp)...
[M::mem_process_seqs] Processed 1469086 reads in 446.148 CPU sec, 48.307 real sec
[M::mem_pestat] # candidate unique pairs for (FF, FR, RF, RR): (60, 561266, 116, 44)
[M::mem_pestat] analyzing insert size distribution for orientation FF...
[M::mem_pestat] (25, 50, 75) percentile: (341, 474, 903)
[M::mem_pestat] low and high boundaries for computing mean and std.dev: (1, 2027)
[M::mem_pestat] mean and std.dev: (565.46, 376.55)
[M::mem_pestat] low and high boundaries for proper pairs: (1, 2589)
[M::mem_pestat] analyzing insert size distribution for orientation FR...
[M::mem_pestat] (25, 50, 75) percentile: (240, 319, 407)
[M::mem_pestat] low and high boundaries for computing mean and std.dev: (1, 741)
[M::mem_pestat] mean and std.dev: (330.34, 121.82)
[M::mem_pestat] low and high boundaries for proper pairs: (1, 908)
[M::mem_pestat] analyzing insert size distribution for orientation RF...
[M::mem_pestat] (25, 50, 75) percentile: (66, 345, 2387)
[M::mem_pestat] low and high boundaries for computing mean and std.dev: (1, 7029)
[M::mem_pestat] mean and std.dev: (1267.44, 1786.45)
[M::mem_pestat] low and high boundaries for proper pairs: (1, 9350)
[M::mem_pestat] analyzing insert size distribution for orientation RR...
[M::mem_pestat] (25, 50, 75) percentile: (248, 413, 1197)
[M::mem_pestat] low and high boundaries for computing mean and std.dev: (1, 3095)
[M::mem_pestat] mean and std.dev: (528.35, 475.67)
[M::mem_pestat] low and high boundaries for proper pairs: (1, 4044)
[M::mem_pestat] skip orientation FF
[M::mem_pestat] skip orientation RF
[M::mem_pestat] skip orientation RR
[M::process] read 1457238 sequences (200000066 bp)...
[M::mem_process_seqs] Processed 1461014 reads in 436.395 CPU sec, 47.477 real sec
[M::mem_pestat] # candidate unique pairs for (FF, FR, RF, RR): (78, 559426, 125, 38)
[M::mem_pestat] analyzing insert size distribution for orientation FF...
[M::mem_pestat] (25, 50, 75) percentile: (237, 398, 561)
[M::mem_pestat] low and high boundaries for computing mean and std.dev: (1, 1209)
[M::mem_pestat] mean and std.dev: (403.47, 249.06)
[M::mem_pestat] low and high boundaries for proper pairs: (1, 1533)
[M::mem_pestat] analyzing insert size distribution for orientation FR...
[M::mem_pestat] (25, 50, 75) percentile: (242, 321, 411)
[M::mem_pestat] low and high boundaries for computing mean and std.dev: (1, 749)
[M::mem_pestat] mean and std.dev: (333.12, 123.85)
[M::mem_pestat] low and high boundaries for proper pairs: (1, 918)
[M::mem_pestat] analyzing insert size distribution for orientation RF...
[M::mem_pestat] (25, 50, 75) percentile: (47, 214, 1204)
[M::mem_pestat] low and high boundaries for computing mean and std.dev: (1, 3518)
[M::mem_pestat] mean and std.dev: (595.95, 813.00)
[M::mem_pestat] low and high boundaries for proper pairs: (1, 4675)
[M::mem_pestat] analyzing insert size distribution for orientation RR...
[M::mem_pestat] (25, 50, 75) percentile: (225, 390, 938)
[M::mem_pestat] low and high boundaries for computing mean and std.dev: (1, 2364)
[M::mem_pestat] mean and std.dev: (528.21, 427.66)
[M::mem_pestat] low and high boundaries for proper pairs: (1, 3077)
[M::mem_pestat] skip orientation FF
[M::mem_pestat] skip orientation RF
[M::mem_pestat] skip orientation RR
[M::process] read 1455854 sequences (200000085 bp)...
[M::mem_process_seqs] Processed 1457238 reads in 437.367 CPU sec, 47.474 real sec
[M::process] read 248084 sequences (33897060 bp)...
[M::mem_pestat] # candidate unique pairs for (FF, FR, RF, RR): (71, 557116, 106, 39)
[M::mem_pestat] analyzing insert size distribution for orientation FF...
[M::mem_pestat] (25, 50, 75) percentile: (253, 435, 824)
[M::mem_pestat] low and high boundaries for computing mean and std.dev: (1, 1966)
[M::mem_pestat] mean and std.dev: (496.63, 377.55)
[M::mem_pestat] low and high boundaries for proper pairs: (1, 2537)
[M::mem_pestat] analyzing insert size distribution for orientation FR...
[M::mem_pestat] (25, 50, 75) percentile: (242, 322, 413)
[M::mem_pestat] low and high boundaries for computing mean and std.dev: (1, 755)
[M::mem_pestat] mean and std.dev: (334.22, 125.05)
[M::mem_pestat] low and high boundaries for proper pairs: (1, 926)
[M::mem_pestat] analyzing insert size distribution for orientation RF...
[M::mem_pestat] (25, 50, 75) percentile: (43, 498, 2857)
[M::mem_pestat] low and high boundaries for computing mean and std.dev: (1, 8485)
[M::mem_pestat] mean and std.dev: (1395.18, 1994.56)
[M::mem_pestat] low and high boundaries for proper pairs: (1, 11299)
[M::mem_pestat] analyzing insert size distribution for orientation RR...
[M::mem_pestat] (25, 50, 75) percentile: (204, 313, 835)
[M::mem_pestat] low and high boundaries for computing mean and std.dev: (1, 2097)
[M::mem_pestat] mean and std.dev: (456.74, 424.98)
[M::mem_pestat] low and high boundaries for proper pairs: (1, 2728)
[M::mem_pestat] skip orientation FF
[M::mem_pestat] skip orientation RF
[M::mem_pestat] skip orientation RR
[M::mem_process_seqs] Processed 1455854 reads in 439.912 CPU sec, 47.720 real sec
[M::mem_pestat] # candidate unique pairs for (FF, FR, RF, RR): (9, 94557, 17, 11)
[M::mem_pestat] skip orientation FF as there are not enough pairs
[M::mem_pestat] analyzing insert size distribution for orientation FR...
[M::mem_pestat] (25, 50, 75) percentile: (241, 321, 411)
[M::mem_pestat] low and high boundaries for computing mean and std.dev: (1, 751)
[M::mem_pestat] mean and std.dev: (332.67, 123.51)
[M::mem_pestat] low and high boundaries for proper pairs: (1, 921)
[M::mem_pestat] analyzing insert size distribution for orientation RF...
[M::mem_pestat] (25, 50, 75) percentile: (38, 119, 1276)
[M::mem_pestat] low and high boundaries for computing mean and std.dev: (1, 3752)
[M::mem_pestat] mean and std.dev: (674.53, 1021.41)
[M::mem_pestat] low and high boundaries for proper pairs: (1, 4990)
[M::mem_pestat] analyzing insert size distribution for orientation RR...
[M::mem_pestat] (25, 50, 75) percentile: (357, 446, 516)
[M::mem_pestat] low and high boundaries for computing mean and std.dev: (39, 834)
[M::mem_pestat] mean and std.dev: (391.10, 194.01)
[M::mem_pestat] low and high boundaries for proper pairs: (1, 1167)
[M::mem_pestat] skip orientation RF
[M::mem_pestat] skip orientation RR
[M::mem_process_seqs] Processed 248084 reads in 77.705 CPU sec, 8.585 real sec
[main] Version: 0.7.17-r1188
samblaster: Marked 3727053 of 35065985 (10.63%) read ids as duplicates[main] CMD: bwa using 554320k memory in  mem1M -t22S 20(82.170S) -R CPU seconds and  @RG\tID:TL_CC_19T_143\tPL:ILLUMINA\tPU:HJMNCDSX7.3\tSM:TL_CC_19T_143\tCN:MCGILL\tBC:ACGCCTTGTT-NCGTTCCTTA41M /storage/scratch/iee/dj20y461/Stickleback/G_aculeatus/FITNESS//data/ref_A_X/stickleback_v5_assembly_A_X.fasta16S /storage/scratch/iee/dj20y461/Stickleback/G_aculeatus/FITNESS//data/trimmed/TL_CC_19T_143.R1.trimmed.fastq.gz(2476S) /storage/scratch/iee/dj20y461/Stickleback/G_aculeatus/FITNESS//data/trimmed/TL_CC_19T_143.R2.trimmed.fastq.gz wall time.

[main] Real time: 2475.485 sec; CPU: 21078.917 sec
[bam_sort_core] merging from 20 files and 20 in-memory blocks...
