samblaster: Version 0.1.24
samblaster: Inputting from stdin
samblaster: Outputting to stdout
[M::bwa_idx_load_from_disk] read 0 ALT contigs
[M::process] read 907364 sequences (123167666 bp)...
[M::mem_pestat] # candidate unique pairs for (FF, FR, RF, RR): (44, 351428, 90, 27)
[M::mem_pestat] analyzing insert size distribution for orientation FF...
[M::mem_pestat] (25, 50, 75) percentile: (237, 417, 774)
[M::mem_pestat] low and high boundaries for computing mean and std.dev: (1, 1848)
[M::mem_pestat] mean and std.dev: (477.54, 344.85)
[M::mem_pestat] low and high boundaries for proper pairs: (1, 2385)
[M::mem_pestat] analyzing insert size distribution for orientation FR...
[M::mem_pestat] (25, 50, 75) percentile: (294, 387, 500)
[M::mem_pestat] low and high boundaries for computing mean and std.dev: (1, 912)
[M::mem_pestat] mean and std.dev: (404.70, 151.48)
[M::mem_pestat] low and high boundaries for proper pairs: (1, 1118)
[M::mem_pestat] analyzing insert size distribution for orientation RF...
[M::mem_pestat] (25, 50, 75) percentile: (78, 572, 1953)
[M::mem_pestat] low and high boundaries for computing mean and std.dev: (1, 5703)
[M::mem_pestat] mean and std.dev: (1120.40, 1479.15)
[M::mem_pestat] low and high boundaries for proper pairs: (1, 7578)
[M::mem_pestat] analyzing insert size distribution for orientation RR...
[M::mem_pestat] (25, 50, 75) percentile: (253, 320, 778)
[M::mem_pestat] low and high boundaries for computing mean and std.dev: (1, 1828)
[M::mem_pestat] mean and std.dev: (375.39, 245.63)
[M::mem_pestat] low and high boundaries for proper pairs: (1, 2353)
[M::mem_pestat] skip orientation FF
[M::mem_pestat] skip orientation RF
[M::mem_pestat] skip orientation RR
[M::mem_process_seqs] Processed 907364 reads in 273.925 CPU sec, 51.526 real sec
samblaster: Loaded 23 header sequence entries.
[main] Version: 0.7.17-r1188
samblaster: Marked 61797 of 453682 (13.62%) read ids as duplicates[main] CMD: using 8568k memory in  bwa0.966S mem CPU seconds and  -t57S 20 wall time.
 -R @RG\tID:TL_LL_19T_272\tPL:ILLUMINA\tPU:HJMFJDSX7.1\tSM:TL_LL_19T_272\tCN:MCGILL\tBC:AGAGGCAACC-CCATCATTAG /storage/scratch/iee/dj20y461/Stickleback/G_aculeatus/FITNESS//data/ref_A_X/stickleback_v5_assembly_A_X.fasta /storage/scratch/iee/dj20y461/Stickleback/G_aculeatus/FITNESS//data/trimmed/TL_LL_19T_272.R1.trimmed.fastq.gz /storage/scratch/iee/dj20y461/Stickleback/G_aculeatus/FITNESS//data/trimmed/TL_LL_19T_272.R2.trimmed.fastq.gz
[main] Real time: 57.189 sec; CPU: 277.197 sec
[bam_sort_core] merging from 0 files and 20 in-memory blocks...
