samblaster: Version 0.1.24
samblaster: Inputting from stdin
samblaster: Outputting to stdout
[M::bwa_idx_load_from_disk] read 0 ALT contigs
[M::process] read 1462096 sequences (200000255 bp)...
[M::mem_pestat] # candidate unique pairs for (FF, FR, RF, RR): (139, 565764, 122, 60)
[M::mem_pestat] analyzing insert size distribution for orientation FF...
[M::mem_pestat] (25, 50, 75) percentile: (337, 520, 796)
[M::mem_pestat] low and high boundaries for computing mean and std.dev: (1, 1714)
[M::mem_pestat] mean and std.dev: (566.91, 312.20)
[M::mem_pestat] low and high boundaries for proper pairs: (1, 2173)
[M::mem_pestat] analyzing insert size distribution for orientation FR...
[M::mem_pestat] (25, 50, 75) percentile: (281, 368, 472)
[M::mem_pestat] low and high boundaries for computing mean and std.dev: (1, 854)
[M::mem_pestat] mean and std.dev: (383.30, 143.33)
[M::mem_pestat] low and high boundaries for proper pairs: (1, 1045)
[M::mem_pestat] analyzing insert size distribution for orientation RF...
[M::mem_pestat] (25, 50, 75) percentile: (91, 375, 1498)
[M::mem_pestat] low and high boundaries for computing mean and std.dev: (1, 4312)
[M::mem_pestat] mean and std.dev: (637.27, 926.89)
[M::mem_pestat] low and high boundaries for proper pairs: (1, 5719)
[M::mem_pestat] analyzing insert size distribution for orientation RR...
[M::mem_pestat] (25, 50, 75) percentile: (295, 585, 971)
[M::mem_pestat] low and high boundaries for computing mean and std.dev: (1, 2323)
[M::mem_pestat] mean and std.dev: (574.33, 418.15)
[M::mem_pestat] low and high boundaries for proper pairs: (1, 2999)
[M::mem_pestat] skip orientation FF
[M::mem_pestat] skip orientation RF
[M::mem_pestat] skip orientation RR
[M::mem_process_seqs] Processed 1462096 reads in 466.666 CPU sec, 112.051 real sec
samblaster: Loaded 23 header sequence entries.
[M::process] read 1460488 sequences (200000262 bp)...
[M::process] read 1461532 sequences (200000269 bp)...
[M::mem_pestat] # candidate unique pairs for (FF, FR, RF, RR): (155, 563185, 106, 77)
[M::mem_pestat] analyzing insert size distribution for orientation FF...
[M::mem_pestat] (25, 50, 75) percentile: (318, 452, 665)
[M::mem_pestat] low and high boundaries for computing mean and std.dev: (1, 1359)
[M::mem_pestat] mean and std.dev: (479.90, 262.09)
[M::mem_pestat] low and high boundaries for proper pairs: (1, 1706)
[M::mem_pestat] analyzing insert size distribution for orientation FR...
[M::mem_pestat] (25, 50, 75) percentile: (281, 368, 473)
[M::mem_pestat] low and high boundaries for computing mean and std.dev: (1, 857)
[M::mem_pestat] mean and std.dev: (384.04, 143.64)
[M::mem_pestat] low and high boundaries for proper pairs: (1, 1049)
[M::mem_pestat] analyzing insert size distribution for orientation RF...
[M::mem_pestat] (25, 50, 75) percentile: (26, 319, 1211)
[M::mem_pestat] low and high boundaries for computing mean and std.dev: (1, 3581)
[M::mem_pestat] mean and std.dev: (472.39, 664.51)
[M::mem_pestat] low and high boundaries for proper pairs: (1, 4766)
[M::mem_pestat] analyzing insert size distribution for orientation RR...
[M::mem_pestat] (25, 50, 75) percentile: (294, 511, 1065)
[M::mem_pestat] low and high boundaries for computing mean and std.dev: (1, 2607)
[M::mem_pestat] mean and std.dev: (615.03, 525.33)
[M::mem_pestat] low and high boundaries for proper pairs: (1, 3378)
[M::mem_pestat] skip orientation FF
[M::mem_pestat] skip orientation RF
[M::mem_pestat] skip orientation RR
[M::mem_process_seqs] Processed 1460488 reads in 446.079 CPU sec, 50.049 real sec
[M::mem_pestat] # candidate unique pairs for (FF, FR, RF, RR): (145, 565076, 108, 58)
[M::mem_pestat] analyzing insert size distribution for orientation FF...
[M::mem_pestat] (25, 50, 75) percentile: (307, 458, 725)
[M::mem_pestat] low and high boundaries for computing mean and std.dev: (1, 1561)
[M::mem_pestat] mean and std.dev: (503.05, 269.81)
[M::mem_pestat] low and high boundaries for proper pairs: (1, 1979)
[M::mem_pestat] analyzing insert size distribution for orientation FR...
[M::mem_pestat] (25, 50, 75) percentile: (282, 369, 473)
[M::mem_pestat] low and high boundaries for computing mean and std.dev: (1, 855)
[M::mem_pestat] mean and std.dev: (384.30, 143.51)
[M::mem_pestat] low and high boundaries for proper pairs: (1, 1046)
[M::mem_pestat] analyzing insert size distribution for orientation RF...
[M::mem_pestat] (25, 50, 75) percentile: (114, 651, 3786)
[M::mem_pestat] low and high boundaries for computing mean and std.dev: (1, 11130)
[M::mem_pestat] mean and std.dev: (2209.17, 2776.01)
[M::mem_pestat] low and high boundaries for proper pairs: (1, 14802)
[M::mem_pestat] analyzing insert size distribution for orientation RR...
[M::mem_pestat] (25, 50, 75) percentile: (293, 585, 1159)
[M::mem_pestat] low and high boundaries for computing mean and std.dev: (1, 2891)
[M::mem_pestat] mean and std.dev: (687.98, 618.81)
[M::mem_pestat] low and high boundaries for proper pairs: (1, 3757)
[M::mem_pestat] skip orientation FF
[M::mem_pestat] skip orientation RF
[M::mem_pestat] skip orientation RR
[M::process] read 1461236 sequences (200000138 bp)...
[M::mem_process_seqs] Processed 1461532 reads in 437.466 CPU sec, 50.727 real sec
[M::mem_pestat] # candidate unique pairs for (FF, FR, RF, RR): (126, 562036, 99, 70)
[M::mem_pestat] analyzing insert size distribution for orientation FF...
[M::mem_pestat] (25, 50, 75) percentile: (316, 460, 668)
[M::mem_pestat] low and high boundaries for computing mean and std.dev: (1, 1372)
[M::mem_pestat] mean and std.dev: (467.92, 238.23)
[M::mem_pestat] low and high boundaries for proper pairs: (1, 1724)
[M::mem_pestat] analyzing insert size distribution for orientation FR...
[M::mem_pestat] (25, 50, 75) percentile: (281, 368, 472)
[M::mem_pestat] low and high boundaries for computing mean and std.dev: (1, 854)
[M::mem_pestat] mean and std.dev: (383.95, 142.88)
[M::mem_pestat] low and high boundaries for proper pairs: (1, 1045)
[M::mem_pestat] analyzing insert size distribution for orientation RF...
[M::mem_pestat] (25, 50, 75) percentile: (84, 406, 2788)
[M::mem_pestat] low and high boundaries for computing mean and std.dev: (1, 8196)
[M::mem_pestat] mean and std.dev: (1482.45, 2202.20)
[M::mem_pestat] low and high boundaries for proper pairs: (1, 10900)
[M::mem_pestat] analyzing insert size distribution for orientation RR...
[M::mem_pestat] (25, 50, 75) percentile: (224, 371, 704)
[M::mem_pestat] low and high boundaries for computing mean and std.dev: (1, 1664)
[M::mem_pestat] mean and std.dev: (397.03, 260.92)
[M::mem_pestat] low and high boundaries for proper pairs: (1, 2144)
[M::mem_pestat] skip orientation FF
[M::mem_pestat] skip orientation RF
[M::mem_pestat] skip orientation RR
[M::process] read 1463248 sequences (200000286 bp)...
[M::mem_process_seqs] Processed 1461236 reads in 441.435 CPU sec, 49.205 real sec
[M::process] read 1463212 sequences (200000205 bp)...
[M::mem_pestat] # candidate unique pairs for (FF, FR, RF, RR): (149, 565809, 112, 70)
[M::mem_pestat] analyzing insert size distribution for orientation FF...
[M::mem_pestat] (25, 50, 75) percentile: (306, 474, 675)
[M::mem_pestat] low and high boundaries for computing mean and std.dev: (1, 1413)
[M::mem_pestat] mean and std.dev: (476.91, 249.16)
[M::mem_pestat] low and high boundaries for proper pairs: (1, 1782)
[M::mem_pestat] analyzing insert size distribution for orientation FR...
[M::mem_pestat] (25, 50, 75) percentile: (279, 365, 468)
[M::mem_pestat] low and high boundaries for computing mean and std.dev: (1, 846)
[M::mem_pestat] mean and std.dev: (380.29, 141.87)
[M::mem_pestat] low and high boundaries for proper pairs: (1, 1035)
[M::mem_pestat] analyzing insert size distribution for orientation RF...
[M::mem_pestat] (25, 50, 75) percentile: (80, 568, 3699)
[M::mem_pestat] low and high boundaries for computing mean and std.dev: (1, 10937)
[M::mem_pestat] mean and std.dev: (1864.31, 2495.66)
[M::mem_pestat] low and high boundaries for proper pairs: (1, 14556)
[M::mem_pestat] analyzing insert size distribution for orientation RR...
[M::mem_pestat] (25, 50, 75) percentile: (190, 362, 981)
[M::mem_pestat] low and high boundaries for computing mean and std.dev: (1, 2563)
[M::mem_pestat] mean and std.dev: (528.22, 525.00)
[M::mem_pestat] low and high boundaries for proper pairs: (1, 3354)
[M::mem_pestat] skip orientation FF
[M::mem_pestat] skip orientation RF
[M::mem_pestat] skip orientation RR
[M::mem_process_seqs] Processed 1463248 reads in 437.263 CPU sec, 48.956 real sec
[M::mem_pestat] # candidate unique pairs for (FF, FR, RF, RR): (137, 563088, 117, 65)
[M::mem_pestat] analyzing insert size distribution for orientation FF...
[M::mem_pestat] (25, 50, 75) percentile: (314, 482, 761)
[M::mem_pestat] low and high boundaries for computing mean and std.dev: (1, 1655)
[M::mem_pestat] mean and std.dev: (537.05, 318.40)
[M::mem_pestat] low and high boundaries for proper pairs: (1, 2102)
[M::mem_pestat] analyzing insert size distribution for orientation FR...
[M::mem_pestat] (25, 50, 75) percentile: (279, 366, 469)
[M::mem_pestat] low and high boundaries for computing mean and std.dev: (1, 849)
[M::mem_pestat] mean and std.dev: (381.16, 141.84)
[M::mem_pestat] low and high boundaries for proper pairs: (1, 1039)
[M::mem_pestat] analyzing insert size distribution for orientation RF...
[M::mem_pestat] (25, 50, 75) percentile: (49, 263, 2189)
[M::mem_pestat] low and high boundaries for computing mean and std.dev: (1, 6469)
[M::mem_pestat] mean and std.dev: (1080.15, 1551.91)
[M::mem_pestat] low and high boundaries for proper pairs: (1, 8609)
[M::mem_pestat] analyzing insert size distribution for orientation RR...
[M::mem_pestat] (25, 50, 75) percentile: (260, 549, 1075)
[M::mem_pestat] low and high boundaries for computing mean and std.dev: (1, 2705)
[M::mem_pestat] mean and std.dev: (643.77, 505.21)
[M::mem_pestat] low and high boundaries for proper pairs: (1, 3520)
[M::mem_pestat] skip orientation FF
[M::mem_pestat] skip orientation RF
[M::mem_pestat] skip orientation RR
[M::process] read 1463266 sequences (200000138 bp)...
[M::mem_process_seqs] Processed 1463212 reads in 446.380 CPU sec, 49.021 real sec
[M::mem_pestat] # candidate unique pairs for (FF, FR, RF, RR): (172, 564990, 119, 70)
[M::mem_pestat] analyzing insert size distribution for orientation FF...
[M::mem_pestat] (25, 50, 75) percentile: (309, 467, 775)
[M::mem_pestat] low and high boundaries for computing mean and std.dev: (1, 1707)
[M::mem_pestat] mean and std.dev: (510.55, 282.72)
[M::mem_pestat] low and high boundaries for proper pairs: (1, 2173)
[M::mem_pestat] analyzing insert size distribution for orientation FR...
[M::mem_pestat] (25, 50, 75) percentile: (278, 364, 468)
[M::mem_pestat] low and high boundaries for computing mean and std.dev: (1, 848)
[M::mem_pestat] mean and std.dev: (380.12, 141.86)
[M::mem_pestat] low and high boundaries for proper pairs: (1, 1038)
[M::mem_pestat] analyzing insert size distribution for orientation RF...
[M::mem_pestat] (25, 50, 75) percentile: (134, 807, 4062)
[M::mem_pestat] low and high boundaries for computing mean and std.dev: (1, 11918)
[M::mem_pestat] mean and std.dev: (2366.13, 2831.13)
[M::mem_pestat] low and high boundaries for proper pairs: (1, 15846)
[M::mem_pestat] analyzing insert size distribution for orientation RR...
[M::mem_pestat] (25, 50, 75) percentile: (238, 419, 967)
[M::mem_pestat] low and high boundaries for computing mean and std.dev: (1, 2425)
[M::mem_pestat] mean and std.dev: (590.23, 506.06)
[M::mem_pestat] low and high boundaries for proper pairs: (1, 3154)
[M::mem_pestat] skip orientation FF
[M::mem_pestat] skip orientation RF
[M::mem_pestat] skip orientation RR
[M::process] read 1463692 sequences (200000086 bp)...
[M::mem_process_seqs] Processed 1463266 reads in 436.146 CPU sec, 48.271 real sec
[M::mem_pestat] # candidate unique pairs for (FF, FR, RF, RR): (144, 564574, 108, 65)
[M::mem_pestat] analyzing insert size distribution for orientation FF...
[M::mem_pestat] (25, 50, 75) percentile: (292, 445, 658)
[M::mem_pestat] low and high boundaries for computing mean and std.dev: (1, 1390)
[M::mem_pestat] mean and std.dev: (462.89, 237.09)
[M::mem_pestat] low and high boundaries for proper pairs: (1, 1756)
[M::mem_pestat] analyzing insert size distribution for orientation FR...
[M::mem_pestat] (25, 50, 75) percentile: (278, 365, 467)
[M::mem_pestat] low and high boundaries for computing mean and std.dev: (1, 845)
[M::mem_pestat] mean and std.dev: (380.13, 140.98)
[M::mem_pestat] low and high boundaries for proper pairs: (1, 1034)
[M::mem_pestat] analyzing insert size distribution for orientation RF...
[M::mem_pestat] (25, 50, 75) percentile: (78, 708, 3269)
[M::mem_pestat] low and high boundaries for computing mean and std.dev: (1, 9651)
[M::mem_pestat] mean and std.dev: (2088.95, 2705.00)
[M::mem_pestat] low and high boundaries for proper pairs: (1, 12909)
[M::mem_pestat] analyzing insert size distribution for orientation RR...
[M::mem_pestat] (25, 50, 75) percentile: (237, 490, 1313)
[M::mem_pestat] low and high boundaries for computing mean and std.dev: (1, 3465)
[M::mem_pestat] mean and std.dev: (785.97, 764.56)
[M::mem_pestat] low and high boundaries for proper pairs: (1, 4541)
[M::mem_pestat] skip orientation FF
[M::mem_pestat] skip orientation RF
[M::mem_pestat] skip orientation RR
[M::process] read 1463002 sequences (200000282 bp)...
[M::mem_process_seqs] Processed 1463692 reads in 438.841 CPU sec, 48.052 real sec
[M::mem_pestat] # candidate unique pairs for (FF, FR, RF, RR): (145, 565316, 99, 77)
[M::mem_pestat] analyzing insert size distribution for orientation FF...
[M::mem_pestat] (25, 50, 75) percentile: (306, 435, 678)
[M::mem_pestat] low and high boundaries for computing mean and std.dev: (1, 1422)
[M::mem_pestat] mean and std.dev: (464.75, 264.34)
[M::mem_pestat] low and high boundaries for proper pairs: (1, 1794)
[M::mem_pestat] analyzing insert size distribution for orientation FR...
[M::mem_pestat] (25, 50, 75) percentile: (279, 366, 470)
[M::mem_pestat] low and high boundaries for computing mean and std.dev: (1, 852)
[M::mem_pestat] mean and std.dev: (381.85, 142.68)
[M::mem_pestat] low and high boundaries for proper pairs: (1, 1043)
[M::mem_pestat] analyzing insert size distribution for orientation RF...
[M::mem_pestat] (25, 50, 75) percentile: (75, 461, 3196)
[M::mem_pestat] low and high boundaries for computing mean and std.dev: (1, 9438)
[M::mem_pestat] mean and std.dev: (1709.14, 2421.69)
[M::mem_pestat] low and high boundaries for proper pairs: (1, 12559)
[M::mem_pestat] analyzing insert size distribution for orientation RR...
[M::mem_pestat] (25, 50, 75) percentile: (301, 466, 891)
[M::mem_pestat] low and high boundaries for computing mean and std.dev: (1, 2071)
[M::mem_pestat] mean and std.dev: (568.08, 395.27)
[M::mem_pestat] low and high boundaries for proper pairs: (1, 2661)
[M::mem_pestat] skip orientation FF
[M::mem_pestat] skip orientation RF
[M::mem_pestat] skip orientation RR
[M::process] read 1465366 sequences (200000078 bp)...
[M::mem_process_seqs] Processed 1463002 reads in 438.817 CPU sec, 47.807 real sec
[M::mem_pestat] # candidate unique pairs for (FF, FR, RF, RR): (136, 563120, 113, 71)
[M::mem_pestat] analyzing insert size distribution for orientation FF...
[M::mem_pestat] (25, 50, 75) percentile: (349, 488, 769)
[M::mem_pestat] low and high boundaries for computing mean and std.dev: (1, 1609)
[M::mem_pestat] mean and std.dev: (532.59, 284.04)
[M::mem_pestat] low and high boundaries for proper pairs: (1, 2029)
[M::mem_pestat] analyzing insert size distribution for orientation FR...
[M::mem_pestat] (25, 50, 75) percentile: (278, 365, 467)
[M::mem_pestat] low and high boundaries for computing mean and std.dev: (1, 845)
[M::mem_pestat] mean and std.dev: (379.33, 140.69)
[M::mem_pestat] low and high boundaries for proper pairs: (1, 1034)
[M::mem_pestat] analyzing insert size distribution for orientation RF...
[M::mem_pestat] (25, 50, 75) percentile: (145, 529, 2564)
[M::mem_pestat] low and high boundaries for computing mean and std.dev: (1, 7402)
[M::mem_pestat] mean and std.dev: (1253.50, 1709.70)
[M::mem_pestat] low and high boundaries for proper pairs: (1, 9821)
[M::mem_pestat] analyzing insert size distribution for orientation RR...
[M::mem_pestat] (25, 50, 75) percentile: (302, 439, 710)
[M::mem_pestat] low and high boundaries for computing mean and std.dev: (1, 1526)
[M::mem_pestat] mean and std.dev: (478.10, 299.26)
[M::mem_pestat] low and high boundaries for proper pairs: (1, 1934)
[M::mem_pestat] skip orientation FF
[M::mem_pestat] skip orientation RF
[M::mem_pestat] skip orientation RR
[M::process] read 1462914 sequences (200000112 bp)...
[M::mem_process_seqs] Processed 1465366 reads in 450.805 CPU sec, 48.909 real sec
[M::mem_pestat] # candidate unique pairs for (FF, FR, RF, RR): (151, 565368, 111, 80)
[M::mem_pestat] analyzing insert size distribution for orientation FF...
[M::mem_pestat] (25, 50, 75) percentile: (286, 411, 657)
[M::mem_pestat] low and high boundaries for computing mean and std.dev: (1, 1399)
[M::mem_pestat] mean and std.dev: (463.52, 264.62)
[M::mem_pestat] low and high boundaries for proper pairs: (1, 1770)
[M::mem_pestat] analyzing insert size distribution for orientation FR...
[M::mem_pestat] (25, 50, 75) percentile: (278, 365, 468)
[M::mem_pestat] low and high boundaries for computing mean and std.dev: (1, 848)
[M::mem_pestat] mean and std.dev: (380.20, 141.97)
[M::mem_pestat] low and high boundaries for proper pairs: (1, 1038)
[M::mem_pestat] analyzing insert size distribution for orientation RF...
[M::mem_pestat] (25, 50, 75) percentile: (121, 668, 3366)
[M::mem_pestat] low and high boundaries for computing mean and std.dev: (1, 9856)
[M::mem_pestat] mean and std.dev: (1921.42, 2365.56)
[M::mem_pestat] low and high boundaries for proper pairs: (1, 13101)
[M::mem_pestat] analyzing insert size distribution for orientation RR...
[M::mem_pestat] (25, 50, 75) percentile: (234, 435, 910)
[M::mem_pestat] low and high boundaries for computing mean and std.dev: (1, 2262)
[M::mem_pestat] mean and std.dev: (492.01, 415.64)
[M::mem_pestat] low and high boundaries for proper pairs: (1, 2938)
[M::mem_pestat] skip orientation FF
[M::mem_pestat] skip orientation RF
[M::mem_pestat] skip orientation RR
[M::mem_process_seqs] Processed 1462914 reads in 450.676 CPU sec, 72.952 real sec
[M::process] read 1467688 sequences (200000064 bp)...
[M::process] read 1464724 sequences (200000216 bp)...
[M::mem_pestat] # candidate unique pairs for (FF, FR, RF, RR): (146, 565501, 117, 71)
[M::mem_pestat] analyzing insert size distribution for orientation FF...
[M::mem_pestat] (25, 50, 75) percentile: (314, 480, 730)
[M::mem_pestat] low and high boundaries for computing mean and std.dev: (1, 1562)
[M::mem_pestat] mean and std.dev: (507.15, 279.53)
[M::mem_pestat] low and high boundaries for proper pairs: (1, 1978)
[M::mem_pestat] analyzing insert size distribution for orientation FR...
[M::mem_pestat] (25, 50, 75) percentile: (279, 366, 470)
[M::mem_pestat] low and high boundaries for computing mean and std.dev: (1, 852)
[M::mem_pestat] mean and std.dev: (381.74, 142.49)
[M::mem_pestat] low and high boundaries for proper pairs: (1, 1043)
[M::mem_pestat] analyzing insert size distribution for orientation RF...
[M::mem_pestat] (25, 50, 75) percentile: (97, 271, 3586)
[M::mem_pestat] low and high boundaries for computing mean and std.dev: (1, 10564)
[M::mem_pestat] mean and std.dev: (1955.19, 2822.75)
[M::mem_pestat] low and high boundaries for proper pairs: (1, 14053)
[M::mem_pestat] analyzing insert size distribution for orientation RR...
[M::mem_pestat] (25, 50, 75) percentile: (191, 414, 948)
[M::mem_pestat] low and high boundaries for computing mean and std.dev: (1, 2462)
[M::mem_pestat] mean and std.dev: (555.70, 495.89)
[M::mem_pestat] low and high boundaries for proper pairs: (1, 3219)
[M::mem_pestat] skip orientation FF
[M::mem_pestat] skip orientation RF
[M::mem_pestat] skip orientation RR
[M::mem_process_seqs] Processed 1467688 reads in 439.179 CPU sec, 46.294 real sec
[M::mem_pestat] # candidate unique pairs for (FF, FR, RF, RR): (163, 565716, 98, 69)
[M::mem_pestat] analyzing insert size distribution for orientation FF...
[M::mem_pestat] (25, 50, 75) percentile: (320, 466, 713)
[M::mem_pestat] low and high boundaries for computing mean and std.dev: (1, 1499)
[M::mem_pestat] mean and std.dev: (508.92, 284.98)
[M::mem_pestat] low and high boundaries for proper pairs: (1, 1892)
[M::mem_pestat] analyzing insert size distribution for orientation FR...
[M::mem_pestat] (25, 50, 75) percentile: (283, 372, 479)
[M::mem_pestat] low and high boundaries for computing mean and std.dev: (1, 871)
[M::mem_pestat] mean and std.dev: (388.49, 147.38)
[M::mem_pestat] low and high boundaries for proper pairs: (1, 1067)
[M::mem_pestat] analyzing insert size distribution for orientation RF...
[M::mem_pestat] (25, 50, 75) percentile: (72, 253, 1835)
[M::mem_pestat] low and high boundaries for computing mean and std.dev: (1, 5361)
[M::mem_pestat] mean and std.dev: (914.27, 1357.15)
[M::mem_pestat] low and high boundaries for proper pairs: (1, 7124)
[M::mem_pestat] analyzing insert size distribution for orientation RR...
[M::mem_pestat] (25, 50, 75) percentile: (233, 374, 610)
[M::mem_pestat] low and high boundaries for computing mean and std.dev: (1, 1364)
[M::mem_pestat] mean and std.dev: (465.23, 323.05)
[M::mem_pestat] low and high boundaries for proper pairs: (1, 1757)
[M::mem_pestat] skip orientation FF
[M::mem_pestat] skip orientation RF
[M::mem_pestat] skip orientation RR
[M::mem_process_seqs] Processed 1464724 reads in 452.142 CPU sec, 70.837 real sec
[M::process] read 1464178 sequences (200000102 bp)...
[M::process] read 1463304 sequences (200000047 bp)...
[M::mem_pestat] # candidate unique pairs for (FF, FR, RF, RR): (184, 564247, 124, 83)
[M::mem_pestat] analyzing insert size distribution for orientation FF...
[M::mem_pestat] (25, 50, 75) percentile: (330, 487, 844)
[M::mem_pestat] low and high boundaries for computing mean and std.dev: (1, 1872)
[M::mem_pestat] mean and std.dev: (546.22, 332.46)
[M::mem_pestat] low and high boundaries for proper pairs: (1, 2386)
[M::mem_pestat] analyzing insert size distribution for orientation FR...
[M::mem_pestat] (25, 50, 75) percentile: (283, 371, 479)
[M::mem_pestat] low and high boundaries for computing mean and std.dev: (1, 871)
[M::mem_pestat] mean and std.dev: (388.40, 147.19)
[M::mem_pestat] low and high boundaries for proper pairs: (1, 1067)
[M::mem_pestat] analyzing insert size distribution for orientation RF...
[M::mem_pestat] (25, 50, 75) percentile: (93, 313, 2669)
[M::mem_pestat] low and high boundaries for computing mean and std.dev: (1, 7821)
[M::mem_pestat] mean and std.dev: (1248.91, 1935.15)
[M::mem_pestat] low and high boundaries for proper pairs: (1, 10397)
[M::mem_pestat] analyzing insert size distribution for orientation RR...
[M::mem_pestat] (25, 50, 75) percentile: (303, 486, 966)
[M::mem_pestat] low and high boundaries for computing mean and std.dev: (1, 2292)
[M::mem_pestat] mean and std.dev: (541.81, 454.82)
[M::mem_pestat] low and high boundaries for proper pairs: (1, 2955)
[M::mem_pestat] skip orientation FF
[M::mem_pestat] skip orientation RF
[M::mem_pestat] skip orientation RR
[M::mem_process_seqs] Processed 1464178 reads in 441.163 CPU sec, 46.797 real sec
[M::mem_pestat] # candidate unique pairs for (FF, FR, RF, RR): (177, 564333, 125, 62)
[M::mem_pestat] analyzing insert size distribution for orientation FF...
[M::mem_pestat] (25, 50, 75) percentile: (288, 437, 681)
[M::mem_pestat] low and high boundaries for computing mean and std.dev: (1, 1467)
[M::mem_pestat] mean and std.dev: (481.02, 276.59)
[M::mem_pestat] low and high boundaries for proper pairs: (1, 1860)
[M::mem_pestat] analyzing insert size distribution for orientation FR...
[M::mem_pestat] (25, 50, 75) percentile: (285, 373, 482)
[M::mem_pestat] low and high boundaries for computing mean and std.dev: (1, 876)
[M::mem_pestat] mean and std.dev: (390.44, 148.09)
[M::mem_pestat] low and high boundaries for proper pairs: (1, 1073)
[M::mem_pestat] analyzing insert size distribution for orientation RF...
[M::mem_pestat] (25, 50, 75) percentile: (165, 1096, 3370)
[M::mem_pestat] low and high boundaries for computing mean and std.dev: (1, 9780)
[M::mem_pestat] mean and std.dev: (2172.02, 2610.93)
[M::mem_pestat] low and high boundaries for proper pairs: (1, 12985)
[M::mem_pestat] analyzing insert size distribution for orientation RR...
[M::mem_pestat] (25, 50, 75) percentile: (338, 660, 1289)
[M::mem_pestat] low and high boundaries for computing mean and std.dev: (1, 3191)
[M::mem_pestat] mean and std.dev: (779.96, 743.22)
[M::mem_pestat] low and high boundaries for proper pairs: (1, 4142)
[M::mem_pestat] skip orientation FF
[M::mem_pestat] skip orientation RF
[M::mem_pestat] skip orientation RR
[M::process] read 1466202 sequences (200000162 bp)...
[M::mem_process_seqs] Processed 1463304 reads in 441.769 CPU sec, 48.447 real sec
[M::mem_pestat] # candidate unique pairs for (FF, FR, RF, RR): (158, 565201, 119, 63)
[M::mem_pestat] analyzing insert size distribution for orientation FF...
[M::mem_pestat] (25, 50, 75) percentile: (305, 463, 687)
[M::mem_pestat] low and high boundaries for computing mean and std.dev: (1, 1451)
[M::mem_pestat] mean and std.dev: (487.90, 283.11)
[M::mem_pestat] low and high boundaries for proper pairs: (1, 1833)
[M::mem_pestat] analyzing insert size distribution for orientation FR...
[M::mem_pestat] (25, 50, 75) percentile: (282, 370, 476)
[M::mem_pestat] low and high boundaries for computing mean and std.dev: (1, 864)
[M::mem_pestat] mean and std.dev: (386.10, 145.72)
[M::mem_pestat] low and high boundaries for proper pairs: (1, 1058)
[M::mem_pestat] analyzing insert size distribution for orientation RF...
[M::mem_pestat] (25, 50, 75) percentile: (59, 476, 2926)
[M::mem_pestat] low and high boundaries for computing mean and std.dev: (1, 8660)
[M::mem_pestat] mean and std.dev: (1566.68, 2105.34)
[M::mem_pestat] low and high boundaries for proper pairs: (1, 11527)
[M::mem_pestat] analyzing insert size distribution for orientation RR...
[M::mem_pestat] (25, 50, 75) percentile: (230, 447, 1246)
[M::mem_pestat] low and high boundaries for computing mean and std.dev: (1, 3278)
[M::mem_pestat] mean and std.dev: (649.02, 592.39)
[M::mem_pestat] low and high boundaries for proper pairs: (1, 4294)
[M::mem_pestat] skip orientation FF
[M::mem_pestat] skip orientation RF
[M::mem_pestat] skip orientation RR
[M::process] read 1465458 sequences (200000188 bp)...
[M::mem_process_seqs] Processed 1466202 reads in 445.336 CPU sec, 48.525 real sec
[M::mem_pestat] # candidate unique pairs for (FF, FR, RF, RR): (153, 565518, 114, 68)
[M::mem_pestat] analyzing insert size distribution for orientation FF...
[M::mem_pestat] (25, 50, 75) percentile: (302, 433, 680)
[M::mem_pestat] low and high boundaries for computing mean and std.dev: (1, 1436)
[M::mem_pestat] mean and std.dev: (493.15, 281.46)
[M::mem_pestat] low and high boundaries for proper pairs: (1, 1814)
[M::mem_pestat] analyzing insert size distribution for orientation FR...
[M::mem_pestat] (25, 50, 75) percentile: (282, 371, 477)
[M::mem_pestat] low and high boundaries for computing mean and std.dev: (1, 867)
[M::mem_pestat] mean and std.dev: (387.10, 146.26)
[M::mem_pestat] low and high boundaries for proper pairs: (1, 1062)
[M::mem_pestat] analyzing insert size distribution for orientation RF...
[M::mem_pestat] (25, 50, 75) percentile: (36, 609, 3481)
[M::mem_pestat] low and high boundaries for computing mean and std.dev: (1, 10371)
[M::mem_pestat] mean and std.dev: (2175.00, 3033.38)
[M::mem_pestat] low and high boundaries for proper pairs: (1, 14309)
[M::mem_pestat] analyzing insert size distribution for orientation RR...
[M::mem_pestat] (25, 50, 75) percentile: (312, 589, 1845)
[M::mem_pestat] low and high boundaries for computing mean and std.dev: (1, 4911)
[M::mem_pestat] mean and std.dev: (946.75, 980.45)
[M::mem_pestat] low and high boundaries for proper pairs: (1, 6444)
[M::mem_pestat] skip orientation FF
[M::mem_pestat] skip orientation RF
[M::mem_pestat] skip orientation RR
[M::process] read 1468306 sequences (200000007 bp)...
[M::mem_process_seqs] Processed 1465458 reads in 440.837 CPU sec, 47.897 real sec
[M::mem_pestat] # candidate unique pairs for (FF, FR, RF, RR): (161, 565628, 98, 83)
[M::mem_pestat] analyzing insert size distribution for orientation FF...
[M::mem_pestat] (25, 50, 75) percentile: (336, 462, 672)
[M::mem_pestat] low and high boundaries for computing mean and std.dev: (1, 1344)
[M::mem_pestat] mean and std.dev: (500.39, 246.90)
[M::mem_pestat] low and high boundaries for proper pairs: (1, 1680)
[M::mem_pestat] analyzing insert size distribution for orientation FR...
[M::mem_pestat] (25, 50, 75) percentile: (280, 368, 473)
[M::mem_pestat] low and high boundaries for computing mean and std.dev: (1, 859)
[M::mem_pestat] mean and std.dev: (383.68, 144.52)
[M::mem_pestat] low and high boundaries for proper pairs: (1, 1052)
[M::mem_pestat] analyzing insert size distribution for orientation RF...
[M::mem_pestat] (25, 50, 75) percentile: (114, 632, 2540)
[M::mem_pestat] low and high boundaries for computing mean and std.dev: (1, 7392)
[M::mem_pestat] mean and std.dev: (1415.46, 1822.09)
[M::mem_pestat] low and high boundaries for proper pairs: (1, 9818)
[M::mem_pestat] analyzing insert size distribution for orientation RR...
[M::mem_pestat] (25, 50, 75) percentile: (266, 392, 792)
[M::mem_pestat] low and high boundaries for computing mean and std.dev: (1, 1844)
[M::mem_pestat] mean and std.dev: (437.26, 322.67)
[M::mem_pestat] low and high boundaries for proper pairs: (1, 2370)
[M::mem_pestat] skip orientation FF
[M::mem_pestat] skip orientation RF
[M::mem_pestat] skip orientation RR
[M::mem_process_seqs] Processed 1468306 reads in 453.113 CPU sec, 66.552 real sec
[M::process] read 1468506 sequences (200000105 bp)...
[M::process] read 1469842 sequences (200000105 bp)...
[M::mem_pestat] # candidate unique pairs for (FF, FR, RF, RR): (151, 565009, 119, 70)
[M::mem_pestat] analyzing insert size distribution for orientation FF...
[M::mem_pestat] (25, 50, 75) percentile: (292, 464, 736)
[M::mem_pestat] low and high boundaries for computing mean and std.dev: (1, 1624)
[M::mem_pestat] mean and std.dev: (498.18, 297.50)
[M::mem_pestat] low and high boundaries for proper pairs: (1, 2068)
[M::mem_pestat] analyzing insert size distribution for orientation FR...
[M::mem_pestat] (25, 50, 75) percentile: (281, 369, 474)
[M::mem_pestat] low and high boundaries for computing mean and std.dev: (1, 860)
[M::mem_pestat] mean and std.dev: (384.95, 144.76)
[M::mem_pestat] low and high boundaries for proper pairs: (1, 1053)
[M::mem_pestat] analyzing insert size distribution for orientation RF...
[M::mem_pestat] (25, 50, 75) percentile: (41, 353, 2335)
[M::mem_pestat] low and high boundaries for computing mean and std.dev: (1, 6923)
[M::mem_pestat] mean and std.dev: (1240.15, 1815.33)
[M::mem_pestat] low and high boundaries for proper pairs: (1, 9217)
[M::mem_pestat] analyzing insert size distribution for orientation RR...
[M::mem_pestat] (25, 50, 75) percentile: (259, 480, 862)
[M::mem_pestat] low and high boundaries for computing mean and std.dev: (1, 2068)
[M::mem_pestat] mean and std.dev: (536.05, 441.13)
[M::mem_pestat] low and high boundaries for proper pairs: (1, 2671)
[M::mem_pestat] skip orientation FF
[M::mem_pestat] skip orientation RF
[M::mem_pestat] skip orientation RR
[M::mem_process_seqs] Processed 1468506 reads in 440.712 CPU sec, 45.914 real sec
[M::mem_pestat] # candidate unique pairs for (FF, FR, RF, RR): (144, 566724, 106, 65)
[M::mem_pestat] analyzing insert size distribution for orientation FF...
[M::mem_pestat] (25, 50, 75) percentile: (314, 465, 771)
[M::mem_pestat] low and high boundaries for computing mean and std.dev: (1, 1685)
[M::mem_pestat] mean and std.dev: (501.89, 289.06)
[M::mem_pestat] low and high boundaries for proper pairs: (1, 2142)
[M::mem_pestat] analyzing insert size distribution for orientation FR...
[M::mem_pestat] (25, 50, 75) percentile: (280, 367, 471)
[M::mem_pestat] low and high boundaries for computing mean and std.dev: (1, 853)
[M::mem_pestat] mean and std.dev: (382.46, 143.25)
[M::mem_pestat] low and high boundaries for proper pairs: (1, 1044)
[M::mem_pestat] analyzing insert size distribution for orientation RF...
[M::mem_pestat] (25, 50, 75) percentile: (66, 300, 1900)
[M::mem_pestat] low and high boundaries for computing mean and std.dev: (1, 5568)
[M::mem_pestat] mean and std.dev: (964.98, 1374.23)
[M::mem_pestat] low and high boundaries for proper pairs: (1, 7402)
[M::mem_pestat] analyzing insert size distribution for orientation RR...
[M::mem_pestat] (25, 50, 75) percentile: (277, 405, 826)
[M::mem_pestat] low and high boundaries for computing mean and std.dev: (1, 1924)
[M::mem_pestat] mean and std.dev: (520.27, 395.29)
[M::mem_pestat] low and high boundaries for proper pairs: (1, 2473)
[M::mem_pestat] skip orientation FF
[M::mem_pestat] skip orientation RF
[M::mem_pestat] skip orientation RR
[M::process] read 1471410 sequences (200000012 bp)...
[M::mem_process_seqs] Processed 1469842 reads in 442.584 CPU sec, 48.131 real sec
[M::mem_pestat] # candidate unique pairs for (FF, FR, RF, RR): (148, 566001, 120, 68)
[M::mem_pestat] analyzing insert size distribution for orientation FF...
[M::mem_pestat] (25, 50, 75) percentile: (337, 482, 747)
[M::mem_pestat] low and high boundaries for computing mean and std.dev: (1, 1567)
[M::mem_pestat] mean and std.dev: (506.28, 282.05)
[M::mem_pestat] low and high boundaries for proper pairs: (1, 1977)
[M::mem_pestat] analyzing insert size distribution for orientation FR...
[M::mem_pestat] (25, 50, 75) percentile: (282, 369, 474)
[M::mem_pestat] low and high boundaries for computing mean and std.dev: (1, 858)
[M::mem_pestat] mean and std.dev: (385.41, 144.57)
[M::mem_pestat] low and high boundaries for proper pairs: (1, 1050)
[M::mem_pestat] analyzing insert size distribution for orientation RF...
[M::mem_pestat] (25, 50, 75) percentile: (66, 474, 3173)
[M::mem_pestat] low and high boundaries for computing mean and std.dev: (1, 9387)
[M::mem_pestat] mean and std.dev: (1902.13, 2594.98)
[M::mem_pestat] low and high boundaries for proper pairs: (1, 12494)
[M::mem_pestat] analyzing insert size distribution for orientation RR...
[M::mem_pestat] (25, 50, 75) percentile: (247, 495, 1475)
[M::mem_pestat] low and high boundaries for computing mean and std.dev: (1, 3931)
[M::mem_pestat] mean and std.dev: (655.84, 698.10)
[M::mem_pestat] low and high boundaries for proper pairs: (1, 5159)
[M::mem_pestat] skip orientation FF
[M::mem_pestat] skip orientation RF
[M::mem_pestat] skip orientation RR
[M::process] read 1472138 sequences (200000202 bp)...
[M::mem_process_seqs] Processed 1471410 reads in 443.141 CPU sec, 48.116 real sec
[M::mem_pestat] # candidate unique pairs for (FF, FR, RF, RR): (145, 566932, 110, 71)
[M::mem_pestat] analyzing insert size distribution for orientation FF...
[M::mem_pestat] (25, 50, 75) percentile: (319, 484, 742)
[M::mem_pestat] low and high boundaries for computing mean and std.dev: (1, 1588)
[M::mem_pestat] mean and std.dev: (492.02, 264.84)
[M::mem_pestat] low and high boundaries for proper pairs: (1, 2011)
[M::mem_pestat] analyzing insert size distribution for orientation FR...
[M::mem_pestat] (25, 50, 75) percentile: (279, 366, 470)
[M::mem_pestat] low and high boundaries for computing mean and std.dev: (1, 852)
[M::mem_pestat] mean and std.dev: (381.16, 142.75)
[M::mem_pestat] low and high boundaries for proper pairs: (1, 1043)
[M::mem_pestat] analyzing insert size distribution for orientation RF...
[M::mem_pestat] (25, 50, 75) percentile: (58, 440, 4341)
[M::mem_pestat] low and high boundaries for computing mean and std.dev: (1, 12907)
[M::mem_pestat] mean and std.dev: (2066.86, 2716.39)
[M::mem_pestat] low and high boundaries for proper pairs: (1, 17190)
[M::mem_pestat] analyzing insert size distribution for orientation RR...
[M::mem_pestat] (25, 50, 75) percentile: (216, 367, 727)
[M::mem_pestat] low and high boundaries for computing mean and std.dev: (1, 1749)
[M::mem_pestat] mean and std.dev: (412.70, 290.29)
[M::mem_pestat] low and high boundaries for proper pairs: (1, 2260)
[M::mem_pestat] skip orientation FF
[M::mem_pestat] skip orientation RF
[M::mem_pestat] skip orientation RR
[M::process] read 1348376 sequences (183086431 bp)...
[M::mem_process_seqs] Processed 1472138 reads in 443.259 CPU sec, 48.184 real sec
[M::mem_pestat] # candidate unique pairs for (FF, FR, RF, RR): (126, 517254, 110, 71)
[M::mem_pestat] analyzing insert size distribution for orientation FF...
[M::mem_pestat] (25, 50, 75) percentile: (323, 478, 645)
[M::mem_pestat] low and high boundaries for computing mean and std.dev: (1, 1289)
[M::mem_pestat] mean and std.dev: (483.21, 227.54)
[M::mem_pestat] low and high boundaries for proper pairs: (1, 1611)
[M::mem_pestat] analyzing insert size distribution for orientation FR...
[M::mem_pestat] (25, 50, 75) percentile: (280, 367, 471)
[M::mem_pestat] low and high boundaries for computing mean and std.dev: (1, 853)
[M::mem_pestat] mean and std.dev: (382.74, 142.82)
[M::mem_pestat] low and high boundaries for proper pairs: (1, 1044)
[M::mem_pestat] analyzing insert size distribution for orientation RF...
[M::mem_pestat] (25, 50, 75) percentile: (81, 617, 4271)
[M::mem_pestat] low and high boundaries for computing mean and std.dev: (1, 12651)
[M::mem_pestat] mean and std.dev: (2125.10, 2916.06)
[M::mem_pestat] low and high boundaries for proper pairs: (1, 16841)
[M::mem_pestat] analyzing insert size distribution for orientation RR...
[M::mem_pestat] (25, 50, 75) percentile: (235, 368, 1083)
[M::mem_pestat] low and high boundaries for computing mean and std.dev: (1, 2779)
[M::mem_pestat] mean and std.dev: (510.87, 443.96)
[M::mem_pestat] low and high boundaries for proper pairs: (1, 3627)
[M::mem_pestat] skip orientation FF
[M::mem_pestat] skip orientation RF
[M::mem_pestat] skip orientation RR
[M::mem_process_seqs] Processed 1348376 reads in 404.014 CPU sec, 44.323 real sec
[main] Version: 0.7.17-r1188
[main] CMD:samblaster: Marked 1565759 of 16790092 (9.33%) read ids as duplicates bwa mem using 269092k memory in  -t38.585S 20 CPU seconds and  -R20M @RG\tID:WK_FL_19T_092\tPL:ILLUMINA\tPU:HJMNCDSX7.1\tSM:WK_FL_19T_092\tCN:MCGILL\tBC:GATCGTCGCG-NCATATCCAG54S /storage/scratch/iee/dj20y461/Stickleback/G_aculeatus/FITNESS//data/ref_A_X/stickleback_v5_assembly_A_X.fasta(1254S) /storage/scratch/iee/dj20y461/Stickleback/G_aculeatus/FITNESS//data/trimmed/WK_FL_19T_092.R1.trimmed.fastq.gz wall time.
 /storage/scratch/iee/dj20y461/Stickleback/G_aculeatus/FITNESS//data/trimmed/WK_FL_19T_092.R2.trimmed.fastq.gz
[main] Real time: 1254.212 sec; CPU: 10195.173 sec
[bam_sort_core] merging from 0 files and 20 in-memory blocks...
