samblaster: Version 0.1.24
samblaster: Inputting from stdin
samblaster: Outputting to stdout
[M::bwa_idx_load_from_disk] read 0 ALT contigs
[M::process] read 1451992 sequences (200000043 bp)...
[M::mem_pestat] # candidate unique pairs for (FF, FR, RF, RR): (37, 562146, 118, 26)
[M::mem_pestat] analyzing insert size distribution for orientation FF...
[M::mem_pestat] (25, 50, 75) percentile: (340, 390, 565)
[M::mem_pestat] low and high boundaries for computing mean and std.dev: (1, 1015)
[M::mem_pestat] mean and std.dev: (448.25, 212.86)
[M::mem_pestat] low and high boundaries for proper pairs: (1, 1300)
[M::mem_pestat] analyzing insert size distribution for orientation FR...
[M::mem_pestat] (25, 50, 75) percentile: (257, 344, 452)
[M::mem_pestat] low and high boundaries for computing mean and std.dev: (1, 842)
[M::mem_pestat] mean and std.dev: (363.21, 142.94)
[M::mem_pestat] low and high boundaries for proper pairs: (1, 1037)
[M::mem_pestat] analyzing insert size distribution for orientation RF...
[M::mem_pestat] (25, 50, 75) percentile: (39, 333, 3124)
[M::mem_pestat] low and high boundaries for computing mean and std.dev: (1, 9294)
[M::mem_pestat] mean and std.dev: (1430.54, 2133.29)
[M::mem_pestat] low and high boundaries for proper pairs: (1, 12379)
[M::mem_pestat] analyzing insert size distribution for orientation RR...
[M::mem_pestat] (25, 50, 75) percentile: (184, 696, 1231)
[M::mem_pestat] low and high boundaries for computing mean and std.dev: (1, 3325)
[M::mem_pestat] mean and std.dev: (777.38, 750.05)
[M::mem_pestat] low and high boundaries for proper pairs: (1, 4372)
[M::mem_pestat] skip orientation FF
[M::mem_pestat] skip orientation RF
[M::mem_pestat] skip orientation RR
[M::mem_process_seqs] Processed 1451992 reads in 451.381 CPU sec, 108.401 real sec
samblaster: Loaded 23 header sequence entries.
[M::process] read 1451478 sequences (200000041 bp)...
[M::process] read 1454140 sequences (200000263 bp)...
[M::mem_pestat] # candidate unique pairs for (FF, FR, RF, RR): (61, 560957, 136, 26)
[M::mem_pestat] analyzing insert size distribution for orientation FF...
[M::mem_pestat] (25, 50, 75) percentile: (231, 347, 607)
[M::mem_pestat] low and high boundaries for computing mean and std.dev: (1, 1359)
[M::mem_pestat] mean and std.dev: (311.35, 167.56)
[M::mem_pestat] low and high boundaries for proper pairs: (1, 1735)
[M::mem_pestat] analyzing insert size distribution for orientation FR...
[M::mem_pestat] (25, 50, 75) percentile: (258, 346, 454)
[M::mem_pestat] low and high boundaries for computing mean and std.dev: (1, 846)
[M::mem_pestat] mean and std.dev: (364.72, 143.09)
[M::mem_pestat] low and high boundaries for proper pairs: (1, 1042)
[M::mem_pestat] analyzing insert size distribution for orientation RF...
[M::mem_pestat] (25, 50, 75) percentile: (110, 436, 2050)
[M::mem_pestat] low and high boundaries for computing mean and std.dev: (1, 5930)
[M::mem_pestat] mean and std.dev: (1094.79, 1424.92)
[M::mem_pestat] low and high boundaries for proper pairs: (1, 7870)
[M::mem_pestat] analyzing insert size distribution for orientation RR...
[M::mem_pestat] (25, 50, 75) percentile: (259, 577, 3773)
[M::mem_pestat] low and high boundaries for computing mean and std.dev: (1, 10801)
[M::mem_pestat] mean and std.dev: (1848.35, 2555.73)
[M::mem_pestat] low and high boundaries for proper pairs: (1, 14315)
[M::mem_pestat] skip orientation FF
[M::mem_pestat] skip orientation RF
[M::mem_pestat] skip orientation RR
[M::mem_process_seqs] Processed 1451478 reads in 427.869 CPU sec, 47.249 real sec
[M::mem_pestat] # candidate unique pairs for (FF, FR, RF, RR): (42, 560229, 122, 37)
[M::mem_pestat] analyzing insert size distribution for orientation FF...
[M::mem_pestat] (25, 50, 75) percentile: (271, 402, 807)
[M::mem_pestat] low and high boundaries for computing mean and std.dev: (1, 1879)
[M::mem_pestat] mean and std.dev: (449.03, 321.92)
[M::mem_pestat] low and high boundaries for proper pairs: (1, 2415)
[M::mem_pestat] analyzing insert size distribution for orientation FR...
[M::mem_pestat] (25, 50, 75) percentile: (258, 345, 453)
[M::mem_pestat] low and high boundaries for computing mean and std.dev: (1, 843)
[M::mem_pestat] mean and std.dev: (363.93, 142.09)
[M::mem_pestat] low and high boundaries for proper pairs: (1, 1038)
[M::mem_pestat] analyzing insert size distribution for orientation RF...
[M::mem_pestat] (25, 50, 75) percentile: (78, 533, 3292)
[M::mem_pestat] low and high boundaries for computing mean and std.dev: (1, 9720)
[M::mem_pestat] mean and std.dev: (1928.84, 2528.68)
[M::mem_pestat] low and high boundaries for proper pairs: (1, 12934)
[M::mem_pestat] analyzing insert size distribution for orientation RR...
[M::mem_pestat] (25, 50, 75) percentile: (195, 605, 990)
[M::mem_pestat] low and high boundaries for computing mean and std.dev: (1, 2580)
[M::mem_pestat] mean and std.dev: (643.50, 564.55)
[M::mem_pestat] low and high boundaries for proper pairs: (1, 3375)
[M::mem_pestat] skip orientation FF
[M::mem_pestat] skip orientation RF
[M::mem_pestat] skip orientation RR
[M::process] read 1453950 sequences (200000075 bp)...
[M::mem_process_seqs] Processed 1454140 reads in 429.810 CPU sec, 47.714 real sec
[M::mem_pestat] # candidate unique pairs for (FF, FR, RF, RR): (49, 558746, 110, 44)
[M::mem_pestat] analyzing insert size distribution for orientation FF...
[M::mem_pestat] (25, 50, 75) percentile: (310, 498, 841)
[M::mem_pestat] low and high boundaries for computing mean and std.dev: (1, 1903)
[M::mem_pestat] mean and std.dev: (521.33, 291.24)
[M::mem_pestat] low and high boundaries for proper pairs: (1, 2434)
[M::mem_pestat] analyzing insert size distribution for orientation FR...
[M::mem_pestat] (25, 50, 75) percentile: (257, 344, 452)
[M::mem_pestat] low and high boundaries for computing mean and std.dev: (1, 842)
[M::mem_pestat] mean and std.dev: (363.25, 141.19)
[M::mem_pestat] low and high boundaries for proper pairs: (1, 1037)
[M::mem_pestat] analyzing insert size distribution for orientation RF...
[M::mem_pestat] (25, 50, 75) percentile: (29, 154, 995)
[M::mem_pestat] low and high boundaries for computing mean and std.dev: (1, 2927)
[M::mem_pestat] mean and std.dev: (308.77, 535.44)
[M::mem_pestat] low and high boundaries for proper pairs: (1, 3893)
[M::mem_pestat] analyzing insert size distribution for orientation RR...
[M::mem_pestat] (25, 50, 75) percentile: (203, 460, 1101)
[M::mem_pestat] low and high boundaries for computing mean and std.dev: (1, 2897)
[M::mem_pestat] mean and std.dev: (496.72, 484.14)
[M::mem_pestat] low and high boundaries for proper pairs: (1, 3795)
[M::mem_pestat] skip orientation FF
[M::mem_pestat] skip orientation RF
[M::mem_pestat] skip orientation RR
[M::process] read 1453978 sequences (200000014 bp)...
[M::mem_process_seqs] Processed 1453950 reads in 431.843 CPU sec, 47.461 real sec
[M::mem_pestat] # candidate unique pairs for (FF, FR, RF, RR): (48, 559682, 121, 30)
[M::mem_pestat] analyzing insert size distribution for orientation FF...
[M::mem_pestat] (25, 50, 75) percentile: (347, 460, 699)
[M::mem_pestat] low and high boundaries for computing mean and std.dev: (1, 1403)
[M::mem_pestat] mean and std.dev: (469.26, 250.01)
[M::mem_pestat] low and high boundaries for proper pairs: (1, 1755)
[M::mem_pestat] analyzing insert size distribution for orientation FR...
[M::mem_pestat] (25, 50, 75) percentile: (256, 344, 452)
[M::mem_pestat] low and high boundaries for computing mean and std.dev: (1, 844)
[M::mem_pestat] mean and std.dev: (362.88, 142.55)
[M::mem_pestat] low and high boundaries for proper pairs: (1, 1040)
[M::mem_pestat] analyzing insert size distribution for orientation RF...
[M::mem_pestat] (25, 50, 75) percentile: (44, 201, 1444)
[M::mem_pestat] low and high boundaries for computing mean and std.dev: (1, 4244)
[M::mem_pestat] mean and std.dev: (609.62, 972.28)
[M::mem_pestat] low and high boundaries for proper pairs: (1, 5644)
[M::mem_pestat] analyzing insert size distribution for orientation RR...
[M::mem_pestat] (25, 50, 75) percentile: (169, 538, 1641)
[M::mem_pestat] low and high boundaries for computing mean and std.dev: (1, 4585)
[M::mem_pestat] mean and std.dev: (805.78, 932.78)
[M::mem_pestat] low and high boundaries for proper pairs: (1, 6057)
[M::mem_pestat] skip orientation FF
[M::mem_pestat] skip orientation RF
[M::mem_pestat] skip orientation RR
[M::process] read 1450236 sequences (200000044 bp)...
[M::mem_process_seqs] Processed 1453978 reads in 429.690 CPU sec, 47.139 real sec
[M::mem_pestat] # candidate unique pairs for (FF, FR, RF, RR): (43, 559951, 102, 44)
[M::mem_pestat] analyzing insert size distribution for orientation FF...
[M::mem_pestat] (25, 50, 75) percentile: (374, 519, 1109)
[M::mem_pestat] low and high boundaries for computing mean and std.dev: (1, 2579)
[M::mem_pestat] mean and std.dev: (553.92, 362.79)
[M::mem_pestat] low and high boundaries for proper pairs: (1, 3314)
[M::mem_pestat] analyzing insert size distribution for orientation FR...
[M::mem_pestat] (25, 50, 75) percentile: (259, 348, 460)
[M::mem_pestat] low and high boundaries for computing mean and std.dev: (1, 862)
[M::mem_pestat] mean and std.dev: (368.63, 146.57)
[M::mem_pestat] low and high boundaries for proper pairs: (1, 1063)
[M::mem_pestat] analyzing insert size distribution for orientation RF...
[M::mem_pestat] (25, 50, 75) percentile: (45, 241, 1653)
[M::mem_pestat] low and high boundaries for computing mean and std.dev: (1, 4869)
[M::mem_pestat] mean and std.dev: (877.22, 1259.51)
[M::mem_pestat] low and high boundaries for proper pairs: (1, 6477)
[M::mem_pestat] analyzing insert size distribution for orientation RR...
[M::mem_pestat] (25, 50, 75) percentile: (225, 432, 1310)
[M::mem_pestat] low and high boundaries for computing mean and std.dev: (1, 3480)
[M::mem_pestat] mean and std.dev: (488.08, 412.45)
[M::mem_pestat] low and high boundaries for proper pairs: (1, 4565)
[M::mem_pestat] skip orientation FF
[M::mem_pestat] skip orientation RF
[M::mem_pestat] skip orientation RR
[M::process] read 1452920 sequences (200000083 bp)...
[M::mem_process_seqs] Processed 1450236 reads in 430.973 CPU sec, 47.479 real sec
[M::mem_pestat] # candidate unique pairs for (FF, FR, RF, RR): (53, 559389, 140, 32)
[M::mem_pestat] analyzing insert size distribution for orientation FF...
[M::mem_pestat] (25, 50, 75) percentile: (258, 504, 868)
[M::mem_pestat] low and high boundaries for computing mean and std.dev: (1, 2088)
[M::mem_pestat] mean and std.dev: (531.13, 347.83)
[M::mem_pestat] low and high boundaries for proper pairs: (1, 2698)
[M::mem_pestat] analyzing insert size distribution for orientation FR...
[M::mem_pestat] (25, 50, 75) percentile: (260, 348, 458)
[M::mem_pestat] low and high boundaries for computing mean and std.dev: (1, 854)
[M::mem_pestat] mean and std.dev: (367.70, 144.57)
[M::mem_pestat] low and high boundaries for proper pairs: (1, 1052)
[M::mem_pestat] analyzing insert size distribution for orientation RF...
[M::mem_pestat] (25, 50, 75) percentile: (54, 195, 1756)
[M::mem_pestat] low and high boundaries for computing mean and std.dev: (1, 5160)
[M::mem_pestat] mean and std.dev: (726.28, 1155.92)
[M::mem_pestat] low and high boundaries for proper pairs: (1, 6862)
[M::mem_pestat] analyzing insert size distribution for orientation RR...
[M::mem_pestat] (25, 50, 75) percentile: (247, 721, 1463)
[M::mem_pestat] low and high boundaries for computing mean and std.dev: (1, 3895)
[M::mem_pestat] mean and std.dev: (773.39, 677.52)
[M::mem_pestat] low and high boundaries for proper pairs: (1, 5111)
[M::mem_pestat] skip orientation FF
[M::mem_pestat] skip orientation RF
[M::mem_pestat] skip orientation RR
[M::process] read 1454532 sequences (200000074 bp)...
[M::mem_process_seqs] Processed 1452920 reads in 430.815 CPU sec, 46.695 real sec
[M::mem_pestat] # candidate unique pairs for (FF, FR, RF, RR): (42, 558261, 119, 30)
[M::mem_pestat] analyzing insert size distribution for orientation FF...
[M::mem_pestat] (25, 50, 75) percentile: (205, 366, 754)
[M::mem_pestat] low and high boundaries for computing mean and std.dev: (1, 1852)
[M::mem_pestat] mean and std.dev: (414.57, 272.37)
[M::mem_pestat] low and high boundaries for proper pairs: (1, 2401)
[M::mem_pestat] analyzing insert size distribution for orientation FR...
[M::mem_pestat] (25, 50, 75) percentile: (259, 347, 456)
[M::mem_pestat] low and high boundaries for computing mean and std.dev: (1, 850)
[M::mem_pestat] mean and std.dev: (366.14, 143.35)
[M::mem_pestat] low and high boundaries for proper pairs: (1, 1047)
[M::mem_pestat] analyzing insert size distribution for orientation RF...
[M::mem_pestat] (25, 50, 75) percentile: (84, 287, 1778)
[M::mem_pestat] low and high boundaries for computing mean and std.dev: (1, 5166)
[M::mem_pestat] mean and std.dev: (886.06, 1362.11)
[M::mem_pestat] low and high boundaries for proper pairs: (1, 6860)
[M::mem_pestat] analyzing insert size distribution for orientation RR...
[M::mem_pestat] (25, 50, 75) percentile: (189, 545, 832)
[M::mem_pestat] low and high boundaries for computing mean and std.dev: (1, 2118)
[M::mem_pestat] mean and std.dev: (567.14, 451.30)
[M::mem_pestat] low and high boundaries for proper pairs: (1, 2761)
[M::mem_pestat] skip orientation FF
[M::mem_pestat] skip orientation RF
[M::mem_pestat] skip orientation RR
[M::process] read 1458640 sequences (200000138 bp)...
[M::mem_process_seqs] Processed 1454532 reads in 434.901 CPU sec, 47.642 real sec
[M::mem_pestat] # candidate unique pairs for (FF, FR, RF, RR): (42, 559992, 120, 37)
[M::mem_pestat] analyzing insert size distribution for orientation FF...
[M::mem_pestat] (25, 50, 75) percentile: (237, 473, 746)
[M::mem_pestat] low and high boundaries for computing mean and std.dev: (1, 1764)
[M::mem_pestat] mean and std.dev: (494.87, 287.33)
[M::mem_pestat] low and high boundaries for proper pairs: (1, 2273)
[M::mem_pestat] analyzing insert size distribution for orientation FR...
[M::mem_pestat] (25, 50, 75) percentile: (256, 342, 449)
[M::mem_pestat] low and high boundaries for computing mean and std.dev: (1, 835)
[M::mem_pestat] mean and std.dev: (360.38, 139.85)
[M::mem_pestat] low and high boundaries for proper pairs: (1, 1028)
[M::mem_pestat] analyzing insert size distribution for orientation RF...
[M::mem_pestat] (25, 50, 75) percentile: (87, 457, 3434)
[M::mem_pestat] low and high boundaries for computing mean and std.dev: (1, 10128)
[M::mem_pestat] mean and std.dev: (1803.47, 2419.80)
[M::mem_pestat] low and high boundaries for proper pairs: (1, 13475)
[M::mem_pestat] analyzing insert size distribution for orientation RR...
[M::mem_pestat] (25, 50, 75) percentile: (186, 333, 1278)
[M::mem_pestat] low and high boundaries for computing mean and std.dev: (1, 3462)
[M::mem_pestat] mean and std.dev: (683.26, 897.26)
[M::mem_pestat] low and high boundaries for proper pairs: (1, 4554)
[M::mem_pestat] skip orientation FF
[M::mem_pestat] skip orientation RF
[M::mem_pestat] skip orientation RR
[M::process] read 1449240 sequences (200000213 bp)...
[M::mem_process_seqs] Processed 1458640 reads in 431.280 CPU sec, 46.645 real sec
[M::mem_pestat] # candidate unique pairs for (FF, FR, RF, RR): (31, 560527, 109, 29)
[M::mem_pestat] analyzing insert size distribution for orientation FF...
[M::mem_pestat] (25, 50, 75) percentile: (407, 645, 1585)
[M::mem_pestat] low and high boundaries for computing mean and std.dev: (1, 3941)
[M::mem_pestat] mean and std.dev: (945.97, 885.35)
[M::mem_pestat] low and high boundaries for proper pairs: (1, 5119)
[M::mem_pestat] analyzing insert size distribution for orientation FR...
[M::mem_pestat] (25, 50, 75) percentile: (256, 345, 457)
[M::mem_pestat] low and high boundaries for computing mean and std.dev: (1, 859)
[M::mem_pestat] mean and std.dev: (366.21, 147.70)
[M::mem_pestat] low and high boundaries for proper pairs: (1, 1060)
[M::mem_pestat] analyzing insert size distribution for orientation RF...
[M::mem_pestat] (25, 50, 75) percentile: (46, 483, 3457)
[M::mem_pestat] low and high boundaries for computing mean and std.dev: (1, 10279)
[M::mem_pestat] mean and std.dev: (1945.94, 2739.58)
[M::mem_pestat] low and high boundaries for proper pairs: (1, 13690)
[M::mem_pestat] analyzing insert size distribution for orientation RR...
[M::mem_pestat] (25, 50, 75) percentile: (265, 556, 1284)
[M::mem_pestat] low and high boundaries for computing mean and std.dev: (1, 3322)
[M::mem_pestat] mean and std.dev: (768.29, 686.88)
[M::mem_pestat] low and high boundaries for proper pairs: (1, 4341)
[M::mem_pestat] skip orientation FF
[M::mem_pestat] skip orientation RF
[M::mem_pestat] skip orientation RR
[M::mem_process_seqs] Processed 1449240 reads in 441.465 CPU sec, 71.033 real sec
[M::process] read 1450034 sequences (200000234 bp)...
[M::process] read 1453468 sequences (200000228 bp)...
[M::mem_pestat] # candidate unique pairs for (FF, FR, RF, RR): (42, 558661, 117, 26)
[M::mem_pestat] analyzing insert size distribution for orientation FF...
[M::mem_pestat] (25, 50, 75) percentile: (274, 418, 556)
[M::mem_pestat] low and high boundaries for computing mean and std.dev: (1, 1120)
[M::mem_pestat] mean and std.dev: (388.51, 208.34)
[M::mem_pestat] low and high boundaries for proper pairs: (1, 1402)
[M::mem_pestat] analyzing insert size distribution for orientation FR...
[M::mem_pestat] (25, 50, 75) percentile: (258, 347, 460)
[M::mem_pestat] low and high boundaries for computing mean and std.dev: (1, 864)
[M::mem_pestat] mean and std.dev: (368.63, 147.83)
[M::mem_pestat] low and high boundaries for proper pairs: (1, 1066)
[M::mem_pestat] analyzing insert size distribution for orientation RF...
[M::mem_pestat] (25, 50, 75) percentile: (104, 490, 2669)
[M::mem_pestat] low and high boundaries for computing mean and std.dev: (1, 7799)
[M::mem_pestat] mean and std.dev: (1339.70, 1719.24)
[M::mem_pestat] low and high boundaries for proper pairs: (1, 10364)
[M::mem_pestat] analyzing insert size distribution for orientation RR...
[M::mem_pestat] (25, 50, 75) percentile: (364, 529, 981)
[M::mem_pestat] low and high boundaries for computing mean and std.dev: (1, 2215)
[M::mem_pestat] mean and std.dev: (601.57, 441.19)
[M::mem_pestat] low and high boundaries for proper pairs: (1, 2832)
[M::mem_pestat] skip orientation FF
[M::mem_pestat] skip orientation RF
[M::mem_pestat] skip orientation RR
[M::mem_process_seqs] Processed 1450034 reads in 430.994 CPU sec, 45.021 real sec
[M::mem_pestat] # candidate unique pairs for (FF, FR, RF, RR): (41, 558734, 129, 36)
[M::mem_pestat] analyzing insert size distribution for orientation FF...
[M::mem_pestat] (25, 50, 75) percentile: (281, 520, 1611)
[M::mem_pestat] low and high boundaries for computing mean and std.dev: (1, 4271)
[M::mem_pestat] mean and std.dev: (955.92, 1075.74)
[M::mem_pestat] low and high boundaries for proper pairs: (1, 5601)
[M::mem_pestat] analyzing insert size distribution for orientation FR...
[M::mem_pestat] (25, 50, 75) percentile: (258, 346, 457)
[M::mem_pestat] low and high boundaries for computing mean and std.dev: (1, 855)
[M::mem_pestat] mean and std.dev: (366.57, 145.01)
[M::mem_pestat] low and high boundaries for proper pairs: (1, 1054)
[M::mem_pestat] analyzing insert size distribution for orientation RF...
[M::mem_pestat] (25, 50, 75) percentile: (60, 269, 3202)
[M::mem_pestat] low and high boundaries for computing mean and std.dev: (1, 9486)
[M::mem_pestat] mean and std.dev: (1570.02, 2169.83)
[M::mem_pestat] low and high boundaries for proper pairs: (1, 12628)
[M::mem_pestat] analyzing insert size distribution for orientation RR...
[M::mem_pestat] (25, 50, 75) percentile: (180, 313, 1156)
[M::mem_pestat] low and high boundaries for computing mean and std.dev: (1, 3108)
[M::mem_pestat] mean and std.dev: (661.03, 841.16)
[M::mem_pestat] low and high boundaries for proper pairs: (1, 4084)
[M::mem_pestat] skip orientation FF
[M::mem_pestat] skip orientation RF
[M::mem_pestat] skip orientation RR
[M::process] read 1457696 sequences (200000023 bp)...
[M::mem_process_seqs] Processed 1453468 reads in 433.186 CPU sec, 46.802 real sec
[M::mem_pestat] # candidate unique pairs for (FF, FR, RF, RR): (51, 558172, 116, 32)
[M::mem_pestat] analyzing insert size distribution for orientation FF...
[M::mem_pestat] (25, 50, 75) percentile: (283, 588, 896)
[M::mem_pestat] low and high boundaries for computing mean and std.dev: (1, 2122)
[M::mem_pestat] mean and std.dev: (547.00, 375.37)
[M::mem_pestat] low and high boundaries for proper pairs: (1, 2735)
[M::mem_pestat] analyzing insert size distribution for orientation FR...
[M::mem_pestat] (25, 50, 75) percentile: (256, 343, 451)
[M::mem_pestat] low and high boundaries for computing mean and std.dev: (1, 841)
[M::mem_pestat] mean and std.dev: (361.80, 140.61)
[M::mem_pestat] low and high boundaries for proper pairs: (1, 1036)
[M::mem_pestat] analyzing insert size distribution for orientation RF...
[M::mem_pestat] (25, 50, 75) percentile: (137, 1075, 3222)
[M::mem_pestat] low and high boundaries for computing mean and std.dev: (1, 9392)
[M::mem_pestat] mean and std.dev: (2069.90, 2486.83)
[M::mem_pestat] low and high boundaries for proper pairs: (1, 12477)
[M::mem_pestat] analyzing insert size distribution for orientation RR...
[M::mem_pestat] (25, 50, 75) percentile: (222, 517, 1827)
[M::mem_pestat] low and high boundaries for computing mean and std.dev: (1, 5037)
[M::mem_pestat] mean and std.dev: (1007.53, 1328.79)
[M::mem_pestat] low and high boundaries for proper pairs: (1, 6642)
[M::mem_pestat] skip orientation FF
[M::mem_pestat] skip orientation RF
[M::mem_pestat] skip orientation RR
[M::process] read 1452422 sequences (200000239 bp)...
[M::mem_process_seqs] Processed 1457696 reads in 434.415 CPU sec, 48.237 real sec
[M::mem_pestat] # candidate unique pairs for (FF, FR, RF, RR): (48, 559898, 102, 26)
[M::mem_pestat] analyzing insert size distribution for orientation FF...
[M::mem_pestat] (25, 50, 75) percentile: (277, 406, 795)
[M::mem_pestat] low and high boundaries for computing mean and std.dev: (1, 1831)
[M::mem_pestat] mean and std.dev: (465.32, 312.83)
[M::mem_pestat] low and high boundaries for proper pairs: (1, 2349)
[M::mem_pestat] analyzing insert size distribution for orientation FR...
[M::mem_pestat] (25, 50, 75) percentile: (254, 341, 452)
[M::mem_pestat] low and high boundaries for computing mean and std.dev: (1, 848)
[M::mem_pestat] mean and std.dev: (362.17, 145.03)
[M::mem_pestat] low and high boundaries for proper pairs: (1, 1046)
[M::mem_pestat] analyzing insert size distribution for orientation RF...
[M::mem_pestat] (25, 50, 75) percentile: (119, 517, 3063)
[M::mem_pestat] low and high boundaries for computing mean and std.dev: (1, 8951)
[M::mem_pestat] mean and std.dev: (1453.61, 1960.77)
[M::mem_pestat] low and high boundaries for proper pairs: (1, 11895)
[M::mem_pestat] analyzing insert size distribution for orientation RR...
[M::mem_pestat] (25, 50, 75) percentile: (259, 434, 1311)
[M::mem_pestat] low and high boundaries for computing mean and std.dev: (1, 3415)
[M::mem_pestat] mean and std.dev: (749.80, 761.66)
[M::mem_pestat] low and high boundaries for proper pairs: (1, 4467)
[M::mem_pestat] skip orientation FF
[M::mem_pestat] skip orientation RF
[M::mem_pestat] skip orientation RR
[M::process] read 1449290 sequences (200000195 bp)...
[M::mem_process_seqs] Processed 1452422 reads in 429.922 CPU sec, 46.594 real sec
[M::mem_pestat] # candidate unique pairs for (FF, FR, RF, RR): (38, 558671, 104, 33)
[M::mem_pestat] analyzing insert size distribution for orientation FF...
[M::mem_pestat] (25, 50, 75) percentile: (266, 396, 765)
[M::mem_pestat] low and high boundaries for computing mean and std.dev: (1, 1763)
[M::mem_pestat] mean and std.dev: (453.15, 325.97)
[M::mem_pestat] low and high boundaries for proper pairs: (1, 2262)
[M::mem_pestat] analyzing insert size distribution for orientation FR...
[M::mem_pestat] (25, 50, 75) percentile: (257, 346, 460)
[M::mem_pestat] low and high boundaries for computing mean and std.dev: (1, 866)
[M::mem_pestat] mean and std.dev: (367.99, 148.44)
[M::mem_pestat] low and high boundaries for proper pairs: (1, 1069)
[M::mem_pestat] analyzing insert size distribution for orientation RF...
[M::mem_pestat] (25, 50, 75) percentile: (56, 478, 2123)
[M::mem_pestat] low and high boundaries for computing mean and std.dev: (1, 6257)
[M::mem_pestat] mean and std.dev: (1183.15, 1823.96)
[M::mem_pestat] low and high boundaries for proper pairs: (1, 8479)
[M::mem_pestat] analyzing insert size distribution for orientation RR...
[M::mem_pestat] (25, 50, 75) percentile: (205, 264, 688)
[M::mem_pestat] low and high boundaries for computing mean and std.dev: (1, 1654)
[M::mem_pestat] mean and std.dev: (362.45, 259.61)
[M::mem_pestat] low and high boundaries for proper pairs: (1, 2137)
[M::mem_pestat] skip orientation FF
[M::mem_pestat] skip orientation RF
[M::mem_pestat] skip orientation RR
[M::process] read 1451592 sequences (200000161 bp)...
[M::mem_process_seqs] Processed 1449290 reads in 430.882 CPU sec, 46.642 real sec
[M::mem_pestat] # candidate unique pairs for (FF, FR, RF, RR): (59, 558940, 104, 33)
[M::mem_pestat] analyzing insert size distribution for orientation FF...
[M::mem_pestat] (25, 50, 75) percentile: (299, 485, 677)
[M::mem_pestat] low and high boundaries for computing mean and std.dev: (1, 1433)
[M::mem_pestat] mean and std.dev: (455.55, 268.89)
[M::mem_pestat] low and high boundaries for proper pairs: (1, 1811)
[M::mem_pestat] analyzing insert size distribution for orientation FR...
[M::mem_pestat] (25, 50, 75) percentile: (259, 348, 459)
[M::mem_pestat] low and high boundaries for computing mean and std.dev: (1, 859)
[M::mem_pestat] mean and std.dev: (368.31, 146.53)
[M::mem_pestat] low and high boundaries for proper pairs: (1, 1059)
[M::mem_pestat] analyzing insert size distribution for orientation RF...
[M::mem_pestat] (25, 50, 75) percentile: (135, 671, 3123)
[M::mem_pestat] low and high boundaries for computing mean and std.dev: (1, 9099)
[M::mem_pestat] mean and std.dev: (1921.21, 2538.75)
[M::mem_pestat] low and high boundaries for proper pairs: (1, 12087)
[M::mem_pestat] analyzing insert size distribution for orientation RR...
[M::mem_pestat] (25, 50, 75) percentile: (199, 306, 1001)
[M::mem_pestat] low and high boundaries for computing mean and std.dev: (1, 2605)
[M::mem_pestat] mean and std.dev: (521.58, 560.60)
[M::mem_pestat] low and high boundaries for proper pairs: (1, 3407)
[M::mem_pestat] skip orientation FF
[M::mem_pestat] skip orientation RF
[M::mem_pestat] skip orientation RR
[M::process] read 1455182 sequences (200000057 bp)...
[M::mem_process_seqs] Processed 1451592 reads in 431.554 CPU sec, 46.756 real sec
[M::mem_pestat] # candidate unique pairs for (FF, FR, RF, RR): (53, 558150, 119, 35)
[M::mem_pestat] analyzing insert size distribution for orientation FF...
[M::mem_pestat] (25, 50, 75) percentile: (320, 554, 956)
[M::mem_pestat] low and high boundaries for computing mean and std.dev: (1, 2228)
[M::mem_pestat] mean and std.dev: (549.98, 362.58)
[M::mem_pestat] low and high boundaries for proper pairs: (1, 2864)
[M::mem_pestat] analyzing insert size distribution for orientation FR...
[M::mem_pestat] (25, 50, 75) percentile: (256, 344, 453)
[M::mem_pestat] low and high boundaries for computing mean and std.dev: (1, 847)
[M::mem_pestat] mean and std.dev: (363.69, 142.78)
[M::mem_pestat] low and high boundaries for proper pairs: (1, 1044)
[M::mem_pestat] analyzing insert size distribution for orientation RF...
[M::mem_pestat] (25, 50, 75) percentile: (87, 423, 2319)
[M::mem_pestat] low and high boundaries for computing mean and std.dev: (1, 6783)
[M::mem_pestat] mean and std.dev: (1108.83, 1742.44)
[M::mem_pestat] low and high boundaries for proper pairs: (1, 9015)
[M::mem_pestat] analyzing insert size distribution for orientation RR...
[M::mem_pestat] (25, 50, 75) percentile: (222, 367, 749)
[M::mem_pestat] low and high boundaries for computing mean and std.dev: (1, 1803)
[M::mem_pestat] mean and std.dev: (415.26, 310.45)
[M::mem_pestat] low and high boundaries for proper pairs: (1, 2330)
[M::mem_pestat] skip orientation FF
[M::mem_pestat] skip orientation RF
[M::mem_pestat] skip orientation RR
[M::process] read 1456920 sequences (200000143 bp)...
[M::mem_process_seqs] Processed 1455182 reads in 434.774 CPU sec, 47.232 real sec
[M::mem_pestat] # candidate unique pairs for (FF, FR, RF, RR): (36, 560404, 120, 32)
[M::mem_pestat] analyzing insert size distribution for orientation FF...
[M::mem_pestat] (25, 50, 75) percentile: (309, 535, 1297)
[M::mem_pestat] low and high boundaries for computing mean and std.dev: (1, 3273)
[M::mem_pestat] mean and std.dev: (770.58, 654.69)
[M::mem_pestat] low and high boundaries for proper pairs: (1, 4261)
[M::mem_pestat] analyzing insert size distribution for orientation FR...
[M::mem_pestat] (25, 50, 75) percentile: (252, 338, 445)
[M::mem_pestat] low and high boundaries for computing mean and std.dev: (1, 831)
[M::mem_pestat] mean and std.dev: (357.38, 139.94)
[M::mem_pestat] low and high boundaries for proper pairs: (1, 1024)
[M::mem_pestat] analyzing insert size distribution for orientation RF...
[M::mem_pestat] (25, 50, 75) percentile: (50, 270, 2480)
[M::mem_pestat] low and high boundaries for computing mean and std.dev: (1, 7340)
[M::mem_pestat] mean and std.dev: (1221.94, 1805.52)
[M::mem_pestat] low and high boundaries for proper pairs: (1, 9770)
[M::mem_pestat] analyzing insert size distribution for orientation RR...
[M::mem_pestat] (25, 50, 75) percentile: (154, 466, 938)
[M::mem_pestat] low and high boundaries for computing mean and std.dev: (1, 2506)
[M::mem_pestat] mean and std.dev: (558.62, 525.11)
[M::mem_pestat] low and high boundaries for proper pairs: (1, 3290)
[M::mem_pestat] skip orientation FF
[M::mem_pestat] skip orientation RF
[M::mem_pestat] skip orientation RR
[M::mem_process_seqs] Processed 1456920 reads in 442.089 CPU sec, 69.150 real sec
[M::process] read 1450358 sequences (200000193 bp)...
[M::process] read 1456002 sequences (200000136 bp)...
[M::mem_pestat] # candidate unique pairs for (FF, FR, RF, RR): (59, 559748, 102, 35)
[M::mem_pestat] analyzing insert size distribution for orientation FF...
[M::mem_pestat] (25, 50, 75) percentile: (350, 508, 1009)
[M::mem_pestat] low and high boundaries for computing mean and std.dev: (1, 2327)
[M::mem_pestat] mean and std.dev: (574.86, 351.38)
[M::mem_pestat] low and high boundaries for proper pairs: (1, 2986)
[M::mem_pestat] analyzing insert size distribution for orientation FR...
[M::mem_pestat] (25, 50, 75) percentile: (255, 343, 455)
[M::mem_pestat] low and high boundaries for computing mean and std.dev: (1, 855)
[M::mem_pestat] mean and std.dev: (364.35, 146.18)
[M::mem_pestat] low and high boundaries for proper pairs: (1, 1055)
[M::mem_pestat] analyzing insert size distribution for orientation RF...
[M::mem_pestat] (25, 50, 75) percentile: (113, 568, 2654)
[M::mem_pestat] low and high boundaries for computing mean and std.dev: (1, 7736)
[M::mem_pestat] mean and std.dev: (1465.83, 1884.07)
[M::mem_pestat] low and high boundaries for proper pairs: (1, 10277)
[M::mem_pestat] analyzing insert size distribution for orientation RR...
[M::mem_pestat] (25, 50, 75) percentile: (315, 416, 1225)
[M::mem_pestat] low and high boundaries for computing mean and std.dev: (1, 3045)
[M::mem_pestat] mean and std.dev: (584.57, 525.24)
[M::mem_pestat] low and high boundaries for proper pairs: (1, 3955)
[M::mem_pestat] skip orientation FF
[M::mem_pestat] skip orientation RF
[M::mem_pestat] skip orientation RR
[M::mem_process_seqs] Processed 1450358 reads in 427.700 CPU sec, 44.756 real sec
[M::mem_pestat] # candidate unique pairs for (FF, FR, RF, RR): (49, 560022, 108, 34)
[M::mem_pestat] analyzing insert size distribution for orientation FF...
[M::mem_pestat] (25, 50, 75) percentile: (277, 459, 771)
[M::mem_pestat] low and high boundaries for computing mean and std.dev: (1, 1759)
[M::mem_pestat] mean and std.dev: (439.66, 249.09)
[M::mem_pestat] low and high boundaries for proper pairs: (1, 2253)
[M::mem_pestat] analyzing insert size distribution for orientation FR...
[M::mem_pestat] (25, 50, 75) percentile: (257, 345, 456)
[M::mem_pestat] low and high boundaries for computing mean and std.dev: (1, 854)
[M::mem_pestat] mean and std.dev: (365.81, 145.09)
[M::mem_pestat] low and high boundaries for proper pairs: (1, 1053)
[M::mem_pestat] analyzing insert size distribution for orientation RF...
[M::mem_pestat] (25, 50, 75) percentile: (59, 356, 3009)
[M::mem_pestat] low and high boundaries for computing mean and std.dev: (1, 8909)
[M::mem_pestat] mean and std.dev: (1547.71, 2029.76)
[M::mem_pestat] low and high boundaries for proper pairs: (1, 11859)
[M::mem_pestat] analyzing insert size distribution for orientation RR...
[M::mem_pestat] (25, 50, 75) percentile: (348, 837, 2325)
[M::mem_pestat] low and high boundaries for computing mean and std.dev: (1, 6279)
[M::mem_pestat] mean and std.dev: (1436.44, 1524.84)
[M::mem_pestat] low and high boundaries for proper pairs: (1, 8256)
[M::mem_pestat] skip orientation FF
[M::mem_pestat] skip orientation RF
[M::mem_pestat] skip orientation RR
[M::process] read 1456622 sequences (200000267 bp)...
[M::mem_process_seqs] Processed 1456002 reads in 431.230 CPU sec, 46.605 real sec
[M::mem_pestat] # candidate unique pairs for (FF, FR, RF, RR): (49, 558874, 127, 28)
[M::mem_pestat] analyzing insert size distribution for orientation FF...
[M::mem_pestat] (25, 50, 75) percentile: (287, 482, 1065)
[M::mem_pestat] low and high boundaries for computing mean and std.dev: (1, 2621)
[M::mem_pestat] mean and std.dev: (604.09, 507.45)
[M::mem_pestat] low and high boundaries for proper pairs: (1, 3399)
[M::mem_pestat] analyzing insert size distribution for orientation FR...
[M::mem_pestat] (25, 50, 75) percentile: (256, 344, 453)
[M::mem_pestat] low and high boundaries for computing mean and std.dev: (1, 847)
[M::mem_pestat] mean and std.dev: (363.39, 142.44)
[M::mem_pestat] low and high boundaries for proper pairs: (1, 1044)
[M::mem_pestat] analyzing insert size distribution for orientation RF...
[M::mem_pestat] (25, 50, 75) percentile: (58, 488, 2889)
[M::mem_pestat] low and high boundaries for computing mean and std.dev: (1, 8551)
[M::mem_pestat] mean and std.dev: (1550.72, 2240.88)
[M::mem_pestat] low and high boundaries for proper pairs: (1, 11382)
[M::mem_pestat] analyzing insert size distribution for orientation RR...
[M::mem_pestat] (25, 50, 75) percentile: (129, 347, 734)
[M::mem_pestat] low and high boundaries for computing mean and std.dev: (1, 1944)
[M::mem_pestat] mean and std.dev: (374.28, 353.27)
[M::mem_pestat] low and high boundaries for proper pairs: (1, 2549)
[M::mem_pestat] skip orientation FF
[M::mem_pestat] skip orientation RF
[M::mem_pestat] skip orientation RR
[M::process] read 1460866 sequences (200000090 bp)...
[M::mem_process_seqs] Processed 1456622 reads in 432.959 CPU sec, 46.833 real sec
[M::mem_pestat] # candidate unique pairs for (FF, FR, RF, RR): (43, 560522, 105, 27)
[M::mem_pestat] analyzing insert size distribution for orientation FF...
[M::mem_pestat] (25, 50, 75) percentile: (220, 449, 850)
[M::mem_pestat] low and high boundaries for computing mean and std.dev: (1, 2110)
[M::mem_pestat] mean and std.dev: (451.00, 312.75)
[M::mem_pestat] low and high boundaries for proper pairs: (1, 2740)
[M::mem_pestat] analyzing insert size distribution for orientation FR...
[M::mem_pestat] (25, 50, 75) percentile: (252, 338, 443)
[M::mem_pestat] low and high boundaries for computing mean and std.dev: (1, 825)
[M::mem_pestat] mean and std.dev: (356.12, 137.94)
[M::mem_pestat] low and high boundaries for proper pairs: (1, 1016)
[M::mem_pestat] analyzing insert size distribution for orientation RF...
[M::mem_pestat] (25, 50, 75) percentile: (74, 496, 3049)
[M::mem_pestat] low and high boundaries for computing mean and std.dev: (1, 8999)
[M::mem_pestat] mean and std.dev: (1583.38, 2155.98)
[M::mem_pestat] low and high boundaries for proper pairs: (1, 11974)
[M::mem_pestat] analyzing insert size distribution for orientation RR...
[M::mem_pestat] (25, 50, 75) percentile: (211, 335, 583)
[M::mem_pestat] low and high boundaries for computing mean and std.dev: (1, 1327)
[M::mem_pestat] mean and std.dev: (309.43, 147.40)
[M::mem_pestat] low and high boundaries for proper pairs: (1, 1699)
[M::mem_pestat] skip orientation FF
[M::mem_pestat] skip orientation RF
[M::mem_pestat] skip orientation RR
[M::process] read 1453144 sequences (200000094 bp)...
[M::mem_process_seqs] Processed 1460866 reads in 431.675 CPU sec, 46.721 real sec
[M::mem_pestat] # candidate unique pairs for (FF, FR, RF, RR): (33, 561244, 121, 40)
[M::mem_pestat] analyzing insert size distribution for orientation FF...
[M::mem_pestat] (25, 50, 75) percentile: (380, 755, 3171)
[M::mem_pestat] low and high boundaries for computing mean and std.dev: (1, 8753)
[M::mem_pestat] mean and std.dev: (1887.24, 2000.33)
[M::mem_pestat] low and high boundaries for proper pairs: (1, 11544)
[M::mem_pestat] analyzing insert size distribution for orientation FR...
[M::mem_pestat] (25, 50, 75) percentile: (253, 340, 449)
[M::mem_pestat] low and high boundaries for computing mean and std.dev: (1, 841)
[M::mem_pestat] mean and std.dev: (360.42, 143.47)
[M::mem_pestat] low and high boundaries for proper pairs: (1, 1037)
[M::mem_pestat] analyzing insert size distribution for orientation RF...
[M::mem_pestat] (25, 50, 75) percentile: (105, 569, 2654)
[M::mem_pestat] low and high boundaries for computing mean and std.dev: (1, 7752)
[M::mem_pestat] mean and std.dev: (1399.47, 1930.42)
[M::mem_pestat] low and high boundaries for proper pairs: (1, 10301)
[M::mem_pestat] analyzing insert size distribution for orientation RR...
[M::mem_pestat] (25, 50, 75) percentile: (268, 452, 1984)
[M::mem_pestat] low and high boundaries for computing mean and std.dev: (1, 5416)
[M::mem_pestat] mean and std.dev: (1025.16, 1069.66)
[M::mem_pestat] low and high boundaries for proper pairs: (1, 7132)
[M::mem_pestat] skip orientation FF
[M::mem_pestat] skip orientation RF
[M::mem_pestat] skip orientation RR
[M::process] read 1453040 sequences (200000097 bp)...
[M::mem_process_seqs] Processed 1453144 reads in 427.428 CPU sec, 46.339 real sec
[M::mem_pestat] # candidate unique pairs for (FF, FR, RF, RR): (54, 560179, 114, 32)
[M::mem_pestat] analyzing insert size distribution for orientation FF...
[M::mem_pestat] (25, 50, 75) percentile: (238, 424, 753)
[M::mem_pestat] low and high boundaries for computing mean and std.dev: (1, 1783)
[M::mem_pestat] mean and std.dev: (468.66, 335.78)
[M::mem_pestat] low and high boundaries for proper pairs: (1, 2298)
[M::mem_pestat] analyzing insert size distribution for orientation FR...
[M::mem_pestat] (25, 50, 75) percentile: (256, 344, 453)
[M::mem_pestat] low and high boundaries for computing mean and std.dev: (1, 847)
[M::mem_pestat] mean and std.dev: (363.56, 144.16)
[M::mem_pestat] low and high boundaries for proper pairs: (1, 1044)
[M::mem_pestat] analyzing insert size distribution for orientation RF...
[M::mem_pestat] (25, 50, 75) percentile: (61, 316, 2911)
[M::mem_pestat] low and high boundaries for computing mean and std.dev: (1, 8611)
[M::mem_pestat] mean and std.dev: (1515.63, 2149.06)
[M::mem_pestat] low and high boundaries for proper pairs: (1, 11461)
[M::mem_pestat] analyzing insert size distribution for orientation RR...
[M::mem_pestat] (25, 50, 75) percentile: (215, 361, 772)
[M::mem_pestat] low and high boundaries for computing mean and std.dev: (1, 1886)
[M::mem_pestat] mean and std.dev: (441.17, 352.14)
[M::mem_pestat] low and high boundaries for proper pairs: (1, 2443)
[M::mem_pestat] skip orientation FF
[M::mem_pestat] skip orientation RF
[M::mem_pestat] skip orientation RR
[M::mem_process_seqs] Processed 1453040 reads in 438.170 CPU sec, 66.116 real sec
[M::process] read 1452086 sequences (200000139 bp)...
[M::process] read 1457050 sequences (200000140 bp)...
[M::mem_pestat] # candidate unique pairs for (FF, FR, RF, RR): (42, 558843, 89, 28)
[M::mem_pestat] analyzing insert size distribution for orientation FF...
[M::mem_pestat] (25, 50, 75) percentile: (281, 499, 963)
[M::mem_pestat] low and high boundaries for computing mean and std.dev: (1, 2327)
[M::mem_pestat] mean and std.dev: (556.38, 477.90)
[M::mem_pestat] low and high boundaries for proper pairs: (1, 3009)
[M::mem_pestat] analyzing insert size distribution for orientation FR...
[M::mem_pestat] (25, 50, 75) percentile: (256, 344, 454)
[M::mem_pestat] low and high boundaries for computing mean and std.dev: (1, 850)
[M::mem_pestat] mean and std.dev: (364.47, 143.97)
[M::mem_pestat] low and high boundaries for proper pairs: (1, 1048)
[M::mem_pestat] analyzing insert size distribution for orientation RF...
[M::mem_pestat] (25, 50, 75) percentile: (86, 529, 2785)
[M::mem_pestat] low and high boundaries for computing mean and std.dev: (1, 8183)
[M::mem_pestat] mean and std.dev: (1298.54, 1785.71)
[M::mem_pestat] low and high boundaries for proper pairs: (1, 10882)
[M::mem_pestat] analyzing insert size distribution for orientation RR...
[M::mem_pestat] (25, 50, 75) percentile: (277, 411, 1522)
[M::mem_pestat] low and high boundaries for computing mean and std.dev: (1, 4012)
[M::mem_pestat] mean and std.dev: (828.81, 930.06)
[M::mem_pestat] low and high boundaries for proper pairs: (1, 5257)
[M::mem_pestat] skip orientation FF
[M::mem_pestat] skip orientation RF
[M::mem_pestat] skip orientation RR
[M::mem_process_seqs] Processed 1452086 reads in 427.812 CPU sec, 44.634 real sec
[M::mem_pestat] # candidate unique pairs for (FF, FR, RF, RR): (43, 557988, 134, 44)
[M::mem_pestat] analyzing insert size distribution for orientation FF...
[M::mem_pestat] (25, 50, 75) percentile: (249, 450, 701)
[M::mem_pestat] low and high boundaries for computing mean and std.dev: (1, 1605)
[M::mem_pestat] mean and std.dev: (472.68, 281.84)
[M::mem_pestat] low and high boundaries for proper pairs: (1, 2057)
[M::mem_pestat] analyzing insert size distribution for orientation FR...
[M::mem_pestat] (25, 50, 75) percentile: (255, 342, 448)
[M::mem_pestat] low and high boundaries for computing mean and std.dev: (1, 834)
[M::mem_pestat] mean and std.dev: (360.21, 139.86)
[M::mem_pestat] low and high boundaries for proper pairs: (1, 1027)
[M::mem_pestat] analyzing insert size distribution for orientation RF...
[M::mem_pestat] (25, 50, 75) percentile: (57, 471, 2959)
[M::mem_pestat] low and high boundaries for computing mean and std.dev: (1, 8763)
[M::mem_pestat] mean and std.dev: (1714.22, 2224.27)
[M::mem_pestat] low and high boundaries for proper pairs: (1, 11665)
[M::mem_pestat] analyzing insert size distribution for orientation RR...
[M::mem_pestat] (25, 50, 75) percentile: (307, 570, 1582)
[M::mem_pestat] low and high boundaries for computing mean and std.dev: (1, 4132)
[M::mem_pestat] mean and std.dev: (921.86, 927.93)
[M::mem_pestat] low and high boundaries for proper pairs: (1, 5407)
[M::mem_pestat] skip orientation FF
[M::mem_pestat] skip orientation RF
[M::mem_pestat] skip orientation RR
[M::process] read 1505554 sequences (200000084 bp)...
[M::mem_process_seqs] Processed 1457050 reads in 435.561 CPU sec, 47.060 real sec
[M::process] read 1476072 sequences (200000244 bp)...
[M::mem_pestat] # candidate unique pairs for (FF, FR, RF, RR): (37, 576874, 129, 32)
[M::mem_pestat] analyzing insert size distribution for orientation FF...
[M::mem_pestat] (25, 50, 75) percentile: (290, 468, 670)
[M::mem_pestat] low and high boundaries for computing mean and std.dev: (1, 1430)
[M::mem_pestat] mean and std.dev: (455.71, 256.11)
[M::mem_pestat] low and high boundaries for proper pairs: (1, 1810)
[M::mem_pestat] analyzing insert size distribution for orientation FR...
[M::mem_pestat] (25, 50, 75) percentile: (259, 347, 456)
[M::mem_pestat] low and high boundaries for computing mean and std.dev: (1, 850)
[M::mem_pestat] mean and std.dev: (365.75, 143.82)
[M::mem_pestat] low and high boundaries for proper pairs: (1, 1047)
[M::mem_pestat] analyzing insert size distribution for orientation RF...
[M::mem_pestat] (25, 50, 75) percentile: (48, 280, 1308)
[M::mem_pestat] low and high boundaries for computing mean and std.dev: (1, 3828)
[M::mem_pestat] mean and std.dev: (548.89, 818.05)
[M::mem_pestat] low and high boundaries for proper pairs: (1, 5088)
[M::mem_pestat] analyzing insert size distribution for orientation RR...
[M::mem_pestat] (25, 50, 75) percentile: (251, 358, 540)
[M::mem_pestat] low and high boundaries for computing mean and std.dev: (1, 1118)
[M::mem_pestat] mean and std.dev: (334.04, 165.71)
[M::mem_pestat] low and high boundaries for proper pairs: (1, 1407)
[M::mem_pestat] skip orientation FF
[M::mem_pestat] skip orientation RF
[M::mem_pestat] skip orientation RR
[M::mem_process_seqs] Processed 1505554 reads in 528.343 CPU sec, 62.018 real sec
[M::mem_pestat] # candidate unique pairs for (FF, FR, RF, RR): (47, 567366, 134, 22)
[M::mem_pestat] analyzing insert size distribution for orientation FF...
[M::mem_pestat] (25, 50, 75) percentile: (291, 452, 1347)
[M::mem_pestat] low and high boundaries for computing mean and std.dev: (1, 3459)
[M::mem_pestat] mean and std.dev: (780.95, 839.47)
[M::mem_pestat] low and high boundaries for proper pairs: (1, 4515)
[M::mem_pestat] analyzing insert size distribution for orientation FR...
[M::mem_pestat] (25, 50, 75) percentile: (260, 349, 459)
[M::mem_pestat] low and high boundaries for computing mean and std.dev: (1, 857)
[M::mem_pestat] mean and std.dev: (368.47, 145.36)
[M::mem_pestat] low and high boundaries for proper pairs: (1, 1056)
[M::mem_pestat] analyzing insert size distribution for orientation RF...
[M::mem_pestat] (25, 50, 75) percentile: (71, 532, 2515)
[M::mem_pestat] low and high boundaries for computing mean and std.dev: (1, 7403)
[M::mem_pestat] mean and std.dev: (1338.76, 1881.87)
[M::mem_pestat] low and high boundaries for proper pairs: (1, 9847)
[M::mem_pestat] analyzing insert size distribution for orientation RR...
[M::mem_pestat] (25, 50, 75) percentile: (235, 637, 1905)
[M::mem_pestat] low and high boundaries for computing mean and std.dev: (1, 5245)
[M::mem_pestat] mean and std.dev: (1390.27, 1491.75)
[M::mem_pestat] low and high boundaries for proper pairs: (1, 7357)
[M::mem_pestat] skip orientation FF
[M::mem_pestat] skip orientation RF
[M::mem_pestat] skip orientation RR
[M::process] read 1464924 sequences (200000019 bp)...
[M::mem_process_seqs] Processed 1476072 reads in 516.597 CPU sec, 55.393 real sec
[M::mem_pestat] # candidate unique pairs for (FF, FR, RF, RR): (52, 562253, 110, 40)
[M::mem_pestat] analyzing insert size distribution for orientation FF...
[M::mem_pestat] (25, 50, 75) percentile: (249, 465, 1142)
[M::mem_pestat] low and high boundaries for computing mean and std.dev: (1, 2928)
[M::mem_pestat] mean and std.dev: (605.68, 567.26)
[M::mem_pestat] low and high boundaries for proper pairs: (1, 3821)
[M::mem_pestat] analyzing insert size distribution for orientation FR...
[M::mem_pestat] (25, 50, 75) percentile: (260, 348, 458)
[M::mem_pestat] low and high boundaries for computing mean and std.dev: (1, 854)
[M::mem_pestat] mean and std.dev: (368.09, 145.01)
[M::mem_pestat] low and high boundaries for proper pairs: (1, 1052)
[M::mem_pestat] analyzing insert size distribution for orientation RF...
[M::mem_pestat] (25, 50, 75) percentile: (69, 525, 1655)
[M::mem_pestat] low and high boundaries for computing mean and std.dev: (1, 4827)
[M::mem_pestat] mean and std.dev: (897.64, 1139.17)
[M::mem_pestat] low and high boundaries for proper pairs: (1, 6413)
[M::mem_pestat] analyzing insert size distribution for orientation RR...
[M::mem_pestat] (25, 50, 75) percentile: (277, 384, 1369)
[M::mem_pestat] low and high boundaries for computing mean and std.dev: (1, 3553)
[M::mem_pestat] mean and std.dev: (589.29, 551.21)
[M::mem_pestat] low and high boundaries for proper pairs: (1, 4645)
[M::mem_pestat] skip orientation FF
[M::mem_pestat] skip orientation RF
[M::mem_pestat] skip orientation RR
[M::mem_process_seqs] Processed 1464924 reads in 491.672 CPU sec, 88.782 real sec
[M::process] read 1458368 sequences (200000031 bp)...
[M::process] read 1456400 sequences (200000272 bp)...
[M::mem_pestat] # candidate unique pairs for (FF, FR, RF, RR): (32, 558226, 119, 38)
[M::mem_pestat] analyzing insert size distribution for orientation FF...
[M::mem_pestat] (25, 50, 75) percentile: (277, 613, 1284)
[M::mem_pestat] low and high boundaries for computing mean and std.dev: (1, 3298)
[M::mem_pestat] mean and std.dev: (650.52, 462.07)
[M::mem_pestat] low and high boundaries for proper pairs: (1, 4305)
[M::mem_pestat] analyzing insert size distribution for orientation FR...
[M::mem_pestat] (25, 50, 75) percentile: (259, 348, 458)
[M::mem_pestat] low and high boundaries for computing mean and std.dev: (1, 856)
[M::mem_pestat] mean and std.dev: (367.62, 145.08)
[M::mem_pestat] low and high boundaries for proper pairs: (1, 1055)
[M::mem_pestat] analyzing insert size distribution for orientation RF...
[M::mem_pestat] (25, 50, 75) percentile: (88, 298, 3139)
[M::mem_pestat] low and high boundaries for computing mean and std.dev: (1, 9241)
[M::mem_pestat] mean and std.dev: (1826.55, 2595.11)
[M::mem_pestat] low and high boundaries for proper pairs: (1, 12292)
[M::mem_pestat] analyzing insert size distribution for orientation RR...
[M::mem_pestat] (25, 50, 75) percentile: (155, 375, 895)
[M::mem_pestat] low and high boundaries for computing mean and std.dev: (1, 2375)
[M::mem_pestat] mean and std.dev: (449.21, 481.08)
[M::mem_pestat] low and high boundaries for proper pairs: (1, 3115)
[M::mem_pestat] skip orientation FF
[M::mem_pestat] skip orientation RF
[M::mem_pestat] skip orientation RR
[M::mem_process_seqs] Processed 1458368 reads in 437.647 CPU sec, 44.512 real sec
[M::mem_pestat] # candidate unique pairs for (FF, FR, RF, RR): (44, 561023, 109, 35)
[M::mem_pestat] analyzing insert size distribution for orientation FF...
[M::mem_pestat] (25, 50, 75) percentile: (334, 502, 921)
[M::mem_pestat] low and high boundaries for computing mean and std.dev: (1, 2095)
[M::mem_pestat] mean and std.dev: (564.31, 358.92)
[M::mem_pestat] low and high boundaries for proper pairs: (1, 2682)
[M::mem_pestat] analyzing insert size distribution for orientation FR...
[M::mem_pestat] (25, 50, 75) percentile: (259, 348, 460)
[M::mem_pestat] low and high boundaries for computing mean and std.dev: (1, 862)
[M::mem_pestat] mean and std.dev: (368.42, 146.76)
[M::mem_pestat] low and high boundaries for proper pairs: (1, 1063)
[M::mem_pestat] analyzing insert size distribution for orientation RF...
[M::mem_pestat] (25, 50, 75) percentile: (73, 395, 3761)
[M::mem_pestat] low and high boundaries for computing mean and std.dev: (1, 11137)
[M::mem_pestat] mean and std.dev: (1959.23, 2599.46)
[M::mem_pestat] low and high boundaries for proper pairs: (1, 14825)
[M::mem_pestat] analyzing insert size distribution for orientation RR...
[M::mem_pestat] (25, 50, 75) percentile: (348, 479, 1229)
[M::mem_pestat] low and high boundaries for computing mean and std.dev: (1, 2991)
[M::mem_pestat] mean and std.dev: (675.42, 653.86)
[M::mem_pestat] low and high boundaries for proper pairs: (1, 3872)
[M::mem_pestat] skip orientation FF
[M::mem_pestat] skip orientation RF
[M::mem_pestat] skip orientation RR
[M::process] read 1455234 sequences (200000152 bp)...
[M::mem_process_seqs] Processed 1456400 reads in 432.860 CPU sec, 46.887 real sec
[M::mem_pestat] # candidate unique pairs for (FF, FR, RF, RR): (46, 560036, 120, 30)
[M::mem_pestat] analyzing insert size distribution for orientation FF...
[M::mem_pestat] (25, 50, 75) percentile: (238, 426, 926)
[M::mem_pestat] low and high boundaries for computing mean and std.dev: (1, 2302)
[M::mem_pestat] mean and std.dev: (467.82, 395.13)
[M::mem_pestat] low and high boundaries for proper pairs: (1, 2990)
[M::mem_pestat] analyzing insert size distribution for orientation FR...
[M::mem_pestat] (25, 50, 75) percentile: (261, 351, 465)
[M::mem_pestat] low and high boundaries for computing mean and std.dev: (1, 873)
[M::mem_pestat] mean and std.dev: (372.21, 149.07)
[M::mem_pestat] low and high boundaries for proper pairs: (1, 1077)
[M::mem_pestat] analyzing insert size distribution for orientation RF...
[M::mem_pestat] (25, 50, 75) percentile: (83, 386, 2850)
[M::mem_pestat] low and high boundaries for computing mean and std.dev: (1, 8384)
[M::mem_pestat] mean and std.dev: (1523.59, 2118.71)
[M::mem_pestat] low and high boundaries for proper pairs: (1, 11151)
[M::mem_pestat] analyzing insert size distribution for orientation RR...
[M::mem_pestat] (25, 50, 75) percentile: (243, 393, 2660)
[M::mem_pestat] low and high boundaries for computing mean and std.dev: (1, 7494)
[M::mem_pestat] mean and std.dev: (1692.23, 2343.20)
[M::mem_pestat] low and high boundaries for proper pairs: (1, 11065)
[M::mem_pestat] skip orientation FF
[M::mem_pestat] skip orientation RF
[M::mem_pestat] skip orientation RR
[M::process] read 1457930 sequences (200000046 bp)...
[M::mem_process_seqs] Processed 1455234 reads in 440.751 CPU sec, 47.609 real sec
[M::mem_pestat] # candidate unique pairs for (FF, FR, RF, RR): (47, 561158, 136, 29)
[M::mem_pestat] analyzing insert size distribution for orientation FF...
[M::mem_pestat] (25, 50, 75) percentile: (262, 409, 668)
[M::mem_pestat] low and high boundaries for computing mean and std.dev: (1, 1480)
[M::mem_pestat] mean and std.dev: (443.17, 294.92)
[M::mem_pestat] low and high boundaries for proper pairs: (1, 1886)
[M::mem_pestat] analyzing insert size distribution for orientation FR...
[M::mem_pestat] (25, 50, 75) percentile: (262, 352, 464)
[M::mem_pestat] low and high boundaries for computing mean and std.dev: (1, 868)
[M::mem_pestat] mean and std.dev: (371.71, 147.66)
[M::mem_pestat] low and high boundaries for proper pairs: (1, 1070)
[M::mem_pestat] analyzing insert size distribution for orientation RF...
[M::mem_pestat] (25, 50, 75) percentile: (62, 434, 3388)
[M::mem_pestat] low and high boundaries for computing mean and std.dev: (1, 10040)
[M::mem_pestat] mean and std.dev: (1829.31, 2420.70)
[M::mem_pestat] low and high boundaries for proper pairs: (1, 13366)
[M::mem_pestat] analyzing insert size distribution for orientation RR...
[M::mem_pestat] (25, 50, 75) percentile: (180, 250, 480)
[M::mem_pestat] low and high boundaries for computing mean and std.dev: (1, 1080)
[M::mem_pestat] mean and std.dev: (305.63, 191.76)
[M::mem_pestat] low and high boundaries for proper pairs: (1, 1380)
[M::mem_pestat] skip orientation FF
[M::mem_pestat] skip orientation RF
[M::mem_pestat] skip orientation RR
[M::process] read 1458802 sequences (200000173 bp)...
[M::mem_process_seqs] Processed 1457930 reads in 443.034 CPU sec, 47.850 real sec
[M::mem_pestat] # candidate unique pairs for (FF, FR, RF, RR): (43, 557986, 118, 36)
[M::mem_pestat] analyzing insert size distribution for orientation FF...
[M::mem_pestat] (25, 50, 75) percentile: (291, 473, 675)
[M::mem_pestat] low and high boundaries for computing mean and std.dev: (1, 1443)
[M::mem_pestat] mean and std.dev: (483.52, 282.73)
[M::mem_pestat] low and high boundaries for proper pairs: (1, 1827)
[M::mem_pestat] analyzing insert size distribution for orientation FR...
[M::mem_pestat] (25, 50, 75) percentile: (260, 350, 461)
[M::mem_pestat] low and high boundaries for computing mean and std.dev: (1, 863)
[M::mem_pestat] mean and std.dev: (369.58, 146.41)
[M::mem_pestat] low and high boundaries for proper pairs: (1, 1064)
[M::mem_pestat] analyzing insert size distribution for orientation RF...
[M::mem_pestat] (25, 50, 75) percentile: (30, 265, 2096)
[M::mem_pestat] low and high boundaries for computing mean and std.dev: (1, 6228)
[M::mem_pestat] mean and std.dev: (854.61, 1364.15)
[M::mem_pestat] low and high boundaries for proper pairs: (1, 8294)
[M::mem_pestat] analyzing insert size distribution for orientation RR...
[M::mem_pestat] (25, 50, 75) percentile: (147, 206, 809)
[M::mem_pestat] low and high boundaries for computing mean and std.dev: (1, 2133)
[M::mem_pestat] mean and std.dev: (302.55, 329.31)
[M::mem_pestat] low and high boundaries for proper pairs: (1, 2795)
[M::mem_pestat] skip orientation FF
[M::mem_pestat] skip orientation RF
[M::mem_pestat] skip orientation RR
[M::mem_process_seqs] Processed 1458802 reads in 458.024 CPU sec, 69.445 real sec
[M::process] read 1462086 sequences (200000146 bp)...
[M::process] read 1454904 sequences (200000225 bp)...
[M::mem_pestat] # candidate unique pairs for (FF, FR, RF, RR): (42, 560559, 97, 43)
[M::mem_pestat] analyzing insert size distribution for orientation FF...
[M::mem_pestat] (25, 50, 75) percentile: (398, 512, 990)
[M::mem_pestat] low and high boundaries for computing mean and std.dev: (1, 2174)
[M::mem_pestat] mean and std.dev: (614.45, 410.43)
[M::mem_pestat] low and high boundaries for proper pairs: (1, 2766)
[M::mem_pestat] analyzing insert size distribution for orientation FR...
[M::mem_pestat] (25, 50, 75) percentile: (257, 345, 455)
[M::mem_pestat] low and high boundaries for computing mean and std.dev: (1, 851)
[M::mem_pestat] mean and std.dev: (364.85, 144.60)
[M::mem_pestat] low and high boundaries for proper pairs: (1, 1049)
[M::mem_pestat] analyzing insert size distribution for orientation RF...
[M::mem_pestat] (25, 50, 75) percentile: (80, 492, 3171)
[M::mem_pestat] low and high boundaries for computing mean and std.dev: (1, 9353)
[M::mem_pestat] mean and std.dev: (1678.15, 2261.35)
[M::mem_pestat] low and high boundaries for proper pairs: (1, 12444)
[M::mem_pestat] analyzing insert size distribution for orientation RR...
[M::mem_pestat] (25, 50, 75) percentile: (176, 304, 785)
[M::mem_pestat] low and high boundaries for computing mean and std.dev: (1, 2003)
[M::mem_pestat] mean and std.dev: (428.41, 376.35)
[M::mem_pestat] low and high boundaries for proper pairs: (1, 2612)
[M::mem_pestat] skip orientation FF
[M::mem_pestat] skip orientation RF
[M::mem_pestat] skip orientation RR
[M::mem_process_seqs] Processed 1462086 reads in 432.368 CPU sec, 44.846 real sec
[M::process] read 1459348 sequences (200000105 bp)...
[M::mem_pestat] # candidate unique pairs for (FF, FR, RF, RR): (48, 560922, 120, 22)
[M::mem_pestat] analyzing insert size distribution for orientation FF...
[M::mem_pestat] (25, 50, 75) percentile: (295, 513, 708)
[M::mem_pestat] low and high boundaries for computing mean and std.dev: (1, 1534)
[M::mem_pestat] mean and std.dev: (496.23, 280.60)
[M::mem_pestat] low and high boundaries for proper pairs: (1, 1947)
[M::mem_pestat] analyzing insert size distribution for orientation FR...
[M::mem_pestat] (25, 50, 75) percentile: (258, 348, 462)
[M::mem_pestat] low and high boundaries for computing mean and std.dev: (1, 870)
[M::mem_pestat] mean and std.dev: (369.49, 149.83)
[M::mem_pestat] low and high boundaries for proper pairs: (1, 1074)
[M::mem_pestat] analyzing insert size distribution for orientation RF...
[M::mem_pestat] (25, 50, 75) percentile: (101, 554, 3172)
[M::mem_pestat] low and high boundaries for computing mean and std.dev: (1, 9314)
[M::mem_pestat] mean and std.dev: (1950.12, 2506.61)
[M::mem_pestat] low and high boundaries for proper pairs: (1, 12385)
[M::mem_pestat] analyzing insert size distribution for orientation RR...
[M::mem_pestat] (25, 50, 75) percentile: (221, 527, 632)
[M::mem_pestat] low and high boundaries for computing mean and std.dev: (1, 1454)
[M::mem_pestat] mean and std.dev: (422.16, 214.98)
[M::mem_pestat] low and high boundaries for proper pairs: (1, 1865)
[M::mem_pestat] skip orientation FF
[M::mem_pestat] skip orientation RF
[M::mem_pestat] skip orientation RR
[M::mem_process_seqs] Processed 1454904 reads in 430.948 CPU sec, 46.709 real sec
[M::process] read 1457980 sequences (200000133 bp)...
[M::mem_pestat] # candidate unique pairs for (FF, FR, RF, RR): (34, 561965, 130, 31)
[M::mem_pestat] analyzing insert size distribution for orientation FF...
[M::mem_pestat] (25, 50, 75) percentile: (300, 619, 1016)
[M::mem_pestat] low and high boundaries for computing mean and std.dev: (1, 2448)
[M::mem_pestat] mean and std.dev: (581.28, 373.28)
[M::mem_pestat] low and high boundaries for proper pairs: (1, 3164)
[M::mem_pestat] analyzing insert size distribution for orientation FR...
[M::mem_pestat] (25, 50, 75) percentile: (260, 350, 464)
[M::mem_pestat] low and high boundaries for computing mean and std.dev: (1, 872)
[M::mem_pestat] mean and std.dev: (371.47, 149.50)
[M::mem_pestat] low and high boundaries for proper pairs: (1, 1076)
[M::mem_pestat] analyzing insert size distribution for orientation RF...
[M::mem_pestat] (25, 50, 75) percentile: (116, 477, 2143)
[M::mem_pestat] low and high boundaries for computing mean and std.dev: (1, 6197)
[M::mem_pestat] mean and std.dev: (891.92, 1219.43)
[M::mem_pestat] low and high boundaries for proper pairs: (1, 8224)
[M::mem_pestat] analyzing insert size distribution for orientation RR...
[M::mem_pestat] (25, 50, 75) percentile: (224, 428, 592)
[M::mem_pestat] low and high boundaries for computing mean and std.dev: (1, 1328)
[M::mem_pestat] mean and std.dev: (388.36, 242.61)
[M::mem_pestat] low and high boundaries for proper pairs: (1, 1696)
[M::mem_pestat] skip orientation FF
[M::mem_pestat] skip orientation RF
[M::mem_pestat] skip orientation RR
[M::mem_process_seqs] Processed 1459348 reads in 454.830 CPU sec, 49.065 real sec
[M::mem_pestat] # candidate unique pairs for (FF, FR, RF, RR): (52, 559365, 109, 38)
[M::mem_pestat] analyzing insert size distribution for orientation FF...
[M::mem_pestat] (25, 50, 75) percentile: (277, 456, 829)
[M::mem_pestat] low and high boundaries for computing mean and std.dev: (1, 1933)
[M::mem_pestat] mean and std.dev: (543.23, 396.72)
[M::mem_pestat] low and high boundaries for proper pairs: (1, 2485)
[M::mem_pestat] analyzing insert size distribution for orientation FR...
[M::mem_pestat] (25, 50, 75) percentile: (259, 349, 462)
[M::mem_pestat] low and high boundaries for computing mean and std.dev: (1, 868)
[M::mem_pestat] mean and std.dev: (370.02, 148.33)
[M::mem_pestat] low and high boundaries for proper pairs: (1, 1071)
[M::mem_pestat] analyzing insert size distribution for orientation RF...
[M::mem_pestat] (25, 50, 75) percentile: (42, 439, 2418)
[M::mem_pestat] low and high boundaries for computing mean and std.dev: (1, 7170)
[M::mem_pestat] mean and std.dev: (1244.13, 1693.99)
[M::mem_pestat] low and high boundaries for proper pairs: (1, 9546)
[M::mem_pestat] analyzing insert size distribution for orientation RR...
[M::mem_pestat] (25, 50, 75) percentile: (179, 309, 661)
[M::mem_pestat] low and high boundaries for computing mean and std.dev: (1, 1625)
[M::mem_pestat] mean and std.dev: (339.97, 221.01)
[M::mem_pestat] low and high boundaries for proper pairs: (1, 2107)
[M::mem_pestat] skip orientation FF
[M::mem_pestat] skip orientation RF
[M::mem_pestat] skip orientation RR
[M::process] read 1463728 sequences (200000033 bp)...
[M::mem_process_seqs] Processed 1457980 reads in 433.076 CPU sec, 46.854 real sec
[M::process] read 1456246 sequences (200000120 bp)...
[M::mem_pestat] # candidate unique pairs for (FF, FR, RF, RR): (47, 560060, 113, 25)
[M::mem_pestat] analyzing insert size distribution for orientation FF...
[M::mem_pestat] (25, 50, 75) percentile: (284, 438, 1040)
[M::mem_pestat] low and high boundaries for computing mean and std.dev: (1, 2552)
[M::mem_pestat] mean and std.dev: (511.80, 338.25)
[M::mem_pestat] low and high boundaries for proper pairs: (1, 3308)
[M::mem_pestat] analyzing insert size distribution for orientation FR...
[M::mem_pestat] (25, 50, 75) percentile: (256, 343, 452)
[M::mem_pestat] low and high boundaries for computing mean and std.dev: (1, 844)
[M::mem_pestat] mean and std.dev: (362.89, 142.71)
[M::mem_pestat] low and high boundaries for proper pairs: (1, 1040)
[M::mem_pestat] analyzing insert size distribution for orientation RF...
[M::mem_pestat] (25, 50, 75) percentile: (86, 732, 4424)
[M::mem_pestat] low and high boundaries for computing mean and std.dev: (1, 13100)
[M::mem_pestat] mean and std.dev: (2410.83, 3151.73)
[M::mem_pestat] low and high boundaries for proper pairs: (1, 17438)
[M::mem_pestat] analyzing insert size distribution for orientation RR...
[M::mem_pestat] (25, 50, 75) percentile: (212, 305, 957)
[M::mem_pestat] low and high boundaries for computing mean and std.dev: (1, 2447)
[M::mem_pestat] mean and std.dev: (373.76, 310.26)
[M::mem_pestat] low and high boundaries for proper pairs: (1, 3192)
[M::mem_pestat] skip orientation FF
[M::mem_pestat] skip orientation RF
[M::mem_pestat] skip orientation RR
[M::mem_process_seqs] Processed 1463728 reads in 438.839 CPU sec, 47.494 real sec
[M::mem_pestat] # candidate unique pairs for (FF, FR, RF, RR): (60, 560551, 110, 30)
[M::mem_pestat] analyzing insert size distribution for orientation FF...
[M::mem_pestat] (25, 50, 75) percentile: (386, 558, 815)
[M::mem_pestat] low and high boundaries for computing mean and std.dev: (1, 1673)
[M::mem_pestat] mean and std.dev: (550.74, 301.77)
[M::mem_pestat] low and high boundaries for proper pairs: (1, 2102)
[M::mem_pestat] analyzing insert size distribution for orientation FR...
[M::mem_pestat] (25, 50, 75) percentile: (256, 345, 460)
[M::mem_pestat] low and high boundaries for computing mean and std.dev: (1, 868)
[M::mem_pestat] mean and std.dev: (367.64, 149.46)
[M::mem_pestat] low and high boundaries for proper pairs: (1, 1072)
[M::mem_pestat] analyzing insert size distribution for orientation RF...
[M::mem_pestat] (25, 50, 75) percentile: (36, 314, 2681)
[M::mem_pestat] low and high boundaries for computing mean and std.dev: (1, 7971)
[M::mem_pestat] mean and std.dev: (1427.92, 2033.89)
[M::mem_pestat] low and high boundaries for proper pairs: (1, 10616)
[M::mem_pestat] analyzing insert size distribution for orientation RR...
[M::mem_pestat] (25, 50, 75) percentile: (384, 984, 3791)
[M::mem_pestat] low and high boundaries for computing mean and std.dev: (1, 10605)
[M::mem_pestat] mean and std.dev: (2275.37, 2653.65)
[M::mem_pestat] low and high boundaries for proper pairs: (1, 14012)
[M::mem_pestat] skip orientation FF
[M::mem_pestat] skip orientation RF
[M::mem_pestat] skip orientation RR
[M::process] read 1457638 sequences (200000154 bp)...
[M::mem_process_seqs] Processed 1456246 reads in 436.913 CPU sec, 47.303 real sec
[M::mem_pestat] # candidate unique pairs for (FF, FR, RF, RR): (36, 560454, 119, 21)
[M::mem_pestat] analyzing insert size distribution for orientation FF...
[M::mem_pestat] (25, 50, 75) percentile: (278, 394, 556)
[M::mem_pestat] low and high boundaries for computing mean and std.dev: (1, 1112)
[M::mem_pestat] mean and std.dev: (404.85, 206.29)
[M::mem_pestat] low and high boundaries for proper pairs: (1, 1390)
[M::mem_pestat] analyzing insert size distribution for orientation FR...
[M::mem_pestat] (25, 50, 75) percentile: (259, 350, 464)
[M::mem_pestat] low and high boundaries for computing mean and std.dev: (1, 874)
[M::mem_pestat] mean and std.dev: (371.39, 150.36)
[M::mem_pestat] low and high boundaries for proper pairs: (1, 1079)
[M::mem_pestat] analyzing insert size distribution for orientation RF...
[M::mem_pestat] (25, 50, 75) percentile: (105, 529, 2868)
[M::mem_pestat] low and high boundaries for computing mean and std.dev: (1, 8394)
[M::mem_pestat] mean and std.dev: (1626.15, 2169.32)
[M::mem_pestat] low and high boundaries for proper pairs: (1, 11157)
[M::mem_pestat] analyzing insert size distribution for orientation RR...
[M::mem_pestat] (25, 50, 75) percentile: (197, 612, 1749)
[M::mem_pestat] low and high boundaries for computing mean and std.dev: (1, 4853)
[M::mem_pestat] mean and std.dev: (1057.90, 1150.37)
[M::mem_pestat] low and high boundaries for proper pairs: (1, 6405)
[M::mem_pestat] skip orientation FF
[M::mem_pestat] skip orientation RF
[M::mem_pestat] skip orientation RR
[M::process] read 1458930 sequences (200000057 bp)...
[M::mem_process_seqs] Processed 1457638 reads in 446.393 CPU sec, 48.193 real sec
[M::mem_pestat] # candidate unique pairs for (FF, FR, RF, RR): (46, 559757, 115, 35)
[M::mem_pestat] analyzing insert size distribution for orientation FF...
[M::mem_pestat] (25, 50, 75) percentile: (326, 613, 1112)
[M::mem_pestat] low and high boundaries for computing mean and std.dev: (1, 2684)
[M::mem_pestat] mean and std.dev: (664.48, 474.49)
[M::mem_pestat] low and high boundaries for proper pairs: (1, 3470)
[M::mem_pestat] analyzing insert size distribution for orientation FR...
[M::mem_pestat] (25, 50, 75) percentile: (259, 349, 462)
[M::mem_pestat] low and high boundaries for computing mean and std.dev: (1, 868)
[M::mem_pestat] mean and std.dev: (370.14, 148.60)
[M::mem_pestat] low and high boundaries for proper pairs: (1, 1071)
[M::mem_pestat] analyzing insert size distribution for orientation RF...
[M::mem_pestat] (25, 50, 75) percentile: (121, 533, 2230)
[M::mem_pestat] low and high boundaries for computing mean and std.dev: (1, 6448)
[M::mem_pestat] mean and std.dev: (1221.64, 1639.50)
[M::mem_pestat] low and high boundaries for proper pairs: (1, 8557)
[M::mem_pestat] analyzing insert size distribution for orientation RR...
[M::mem_pestat] (25, 50, 75) percentile: (224, 255, 457)
[M::mem_pestat] low and high boundaries for computing mean and std.dev: (1, 923)
[M::mem_pestat] mean and std.dev: (279.17, 158.37)
[M::mem_pestat] low and high boundaries for proper pairs: (1, 1156)
[M::mem_pestat] skip orientation FF
[M::mem_pestat] skip orientation RF
[M::mem_pestat] skip orientation RR
[M::process] read 1462606 sequences (200000114 bp)...
[M::mem_process_seqs] Processed 1458930 reads in 447.274 CPU sec, 48.292 real sec
[M::mem_pestat] # candidate unique pairs for (FF, FR, RF, RR): (51, 559564, 123, 27)
[M::mem_pestat] analyzing insert size distribution for orientation FF...
[M::mem_pestat] (25, 50, 75) percentile: (302, 472, 791)
[M::mem_pestat] low and high boundaries for computing mean and std.dev: (1, 1769)
[M::mem_pestat] mean and std.dev: (475.27, 283.03)
[M::mem_pestat] low and high boundaries for proper pairs: (1, 2258)
[M::mem_pestat] analyzing insert size distribution for orientation FR...
[M::mem_pestat] (25, 50, 75) percentile: (257, 345, 455)
[M::mem_pestat] low and high boundaries for computing mean and std.dev: (1, 851)
[M::mem_pestat] mean and std.dev: (365.09, 144.11)
[M::mem_pestat] low and high boundaries for proper pairs: (1, 1049)
[M::mem_pestat] analyzing insert size distribution for orientation RF...
[M::mem_pestat] (25, 50, 75) percentile: (44, 383, 2005)
[M::mem_pestat] low and high boundaries for computing mean and std.dev: (1, 5927)
[M::mem_pestat] mean and std.dev: (1005.11, 1424.67)
[M::mem_pestat] low and high boundaries for proper pairs: (1, 7888)
[M::mem_pestat] analyzing insert size distribution for orientation RR...
[M::mem_pestat] (25, 50, 75) percentile: (251, 354, 624)
[M::mem_pestat] low and high boundaries for computing mean and std.dev: (1, 1370)
[M::mem_pestat] mean and std.dev: (416.96, 269.61)
[M::mem_pestat] low and high boundaries for proper pairs: (1, 1743)
[M::mem_pestat] skip orientation FF
[M::mem_pestat] skip orientation RF
[M::mem_pestat] skip orientation RR
[M::process] read 1469716 sequences (200000006 bp)...
[M::mem_process_seqs] Processed 1462606 reads in 447.258 CPU sec, 48.287 real sec
[M::mem_pestat] # candidate unique pairs for (FF, FR, RF, RR): (57, 561372, 113, 31)
[M::mem_pestat] analyzing insert size distribution for orientation FF...
[M::mem_pestat] (25, 50, 75) percentile: (303, 413, 655)
[M::mem_pestat] low and high boundaries for computing mean and std.dev: (1, 1359)
[M::mem_pestat] mean and std.dev: (412.31, 220.98)
[M::mem_pestat] low and high boundaries for proper pairs: (1, 1711)
[M::mem_pestat] analyzing insert size distribution for orientation FR...
[M::mem_pestat] (25, 50, 75) percentile: (254, 341, 451)
[M::mem_pestat] low and high boundaries for computing mean and std.dev: (1, 845)
[M::mem_pestat] mean and std.dev: (361.47, 144.11)
[M::mem_pestat] low and high boundaries for proper pairs: (1, 1042)
[M::mem_pestat] analyzing insert size distribution for orientation RF...
[M::mem_pestat] (25, 50, 75) percentile: (62, 431, 2834)
[M::mem_pestat] low and high boundaries for computing mean and std.dev: (1, 8378)
[M::mem_pestat] mean and std.dev: (1258.80, 1652.83)
[M::mem_pestat] low and high boundaries for proper pairs: (1, 11150)
[M::mem_pestat] analyzing insert size distribution for orientation RR...
[M::mem_pestat] (25, 50, 75) percentile: (170, 393, 1114)
[M::mem_pestat] low and high boundaries for computing mean and std.dev: (1, 3002)
[M::mem_pestat] mean and std.dev: (619.72, 675.47)
[M::mem_pestat] low and high boundaries for proper pairs: (1, 3946)
[M::mem_pestat] skip orientation FF
[M::mem_pestat] skip orientation RF
[M::mem_pestat] skip orientation RR
[M::process] read 1463544 sequences (200000009 bp)...
[M::mem_process_seqs] Processed 1469716 reads in 487.051 CPU sec, 52.282 real sec
[M::mem_pestat] # candidate unique pairs for (FF, FR, RF, RR): (61, 560833, 121, 46)
[M::mem_pestat] analyzing insert size distribution for orientation FF...
[M::mem_pestat] (25, 50, 75) percentile: (256, 430, 958)
[M::mem_pestat] low and high boundaries for computing mean and std.dev: (1, 2362)
[M::mem_pestat] mean and std.dev: (557.11, 419.42)
[M::mem_pestat] low and high boundaries for proper pairs: (1, 3064)
[M::mem_pestat] analyzing insert size distribution for orientation FR...
[M::mem_pestat] (25, 50, 75) percentile: (258, 347, 460)
[M::mem_pestat] low and high boundaries for computing mean and std.dev: (1, 864)
[M::mem_pestat] mean and std.dev: (368.00, 147.54)
[M::mem_pestat] low and high boundaries for proper pairs: (1, 1066)
[M::mem_pestat] analyzing insert size distribution for orientation RF...
[M::mem_pestat] (25, 50, 75) percentile: (53, 248, 1808)
[M::mem_pestat] low and high boundaries for computing mean and std.dev: (1, 5318)
[M::mem_pestat] mean and std.dev: (798.18, 1251.01)
[M::mem_pestat] low and high boundaries for proper pairs: (1, 7073)
[M::mem_pestat] analyzing insert size distribution for orientation RR...
[M::mem_pestat] (25, 50, 75) percentile: (197, 682, 3214)
[M::mem_pestat] low and high boundaries for computing mean and std.dev: (1, 9248)
[M::mem_pestat] mean and std.dev: (1381.48, 1711.48)
[M::mem_pestat] low and high boundaries for proper pairs: (1, 12265)
[M::mem_pestat] skip orientation FF
[M::mem_pestat] skip orientation RF
[M::mem_pestat] skip orientation RR
[M::process] read 1465722 sequences (200000023 bp)...
[M::mem_process_seqs] Processed 1463544 reads in 445.790 CPU sec, 48.227 real sec
[M::mem_pestat] # candidate unique pairs for (FF, FR, RF, RR): (41, 562093, 116, 36)
[M::mem_pestat] analyzing insert size distribution for orientation FF...
[M::mem_pestat] (25, 50, 75) percentile: (302, 363, 778)
[M::mem_pestat] low and high boundaries for computing mean and std.dev: (1, 1730)
[M::mem_pestat] mean and std.dev: (491.05, 408.53)
[M::mem_pestat] low and high boundaries for proper pairs: (1, 2206)
[M::mem_pestat] analyzing insert size distribution for orientation FR...
[M::mem_pestat] (25, 50, 75) percentile: (259, 348, 459)
[M::mem_pestat] low and high boundaries for computing mean and std.dev: (1, 859)
[M::mem_pestat] mean and std.dev: (367.83, 145.93)
[M::mem_pestat] low and high boundaries for proper pairs: (1, 1059)
[M::mem_pestat] analyzing insert size distribution for orientation RF...
[M::mem_pestat] (25, 50, 75) percentile: (106, 431, 3139)
[M::mem_pestat] low and high boundaries for computing mean and std.dev: (1, 9205)
[M::mem_pestat] mean and std.dev: (1704.21, 2292.66)
[M::mem_pestat] low and high boundaries for proper pairs: (1, 12238)
[M::mem_pestat] analyzing insert size distribution for orientation RR...
[M::mem_pestat] (25, 50, 75) percentile: (277, 459, 2301)
[M::mem_pestat] low and high boundaries for computing mean and std.dev: (1, 6349)
[M::mem_pestat] mean and std.dev: (1162.44, 1344.18)
[M::mem_pestat] low and high boundaries for proper pairs: (1, 8373)
[M::mem_pestat] skip orientation FF
[M::mem_pestat] skip orientation RF
[M::mem_pestat] skip orientation RR
[M::process] read 1467952 sequences (200000228 bp)...
[M::mem_process_seqs] Processed 1465722 reads in 448.189 CPU sec, 48.439 real sec
[M::mem_pestat] # candidate unique pairs for (FF, FR, RF, RR): (51, 561610, 108, 35)
[M::mem_pestat] analyzing insert size distribution for orientation FF...
[M::mem_pestat] (25, 50, 75) percentile: (268, 456, 795)
[M::mem_pestat] low and high boundaries for computing mean and std.dev: (1, 1849)
[M::mem_pestat] mean and std.dev: (463.44, 277.39)
[M::mem_pestat] low and high boundaries for proper pairs: (1, 2376)
[M::mem_pestat] analyzing insert size distribution for orientation FR...
[M::mem_pestat] (25, 50, 75) percentile: (257, 345, 454)
[M::mem_pestat] low and high boundaries for computing mean and std.dev: (1, 848)
[M::mem_pestat] mean and std.dev: (364.38, 143.26)
[M::mem_pestat] low and high boundaries for proper pairs: (1, 1045)
[M::mem_pestat] analyzing insert size distribution for orientation RF...
[M::mem_pestat] (25, 50, 75) percentile: (119, 682, 3108)
[M::mem_pestat] low and high boundaries for computing mean and std.dev: (1, 9086)
[M::mem_pestat] mean and std.dev: (1677.62, 2049.90)
[M::mem_pestat] low and high boundaries for proper pairs: (1, 12075)
[M::mem_pestat] analyzing insert size distribution for orientation RR...
[M::mem_pestat] (25, 50, 75) percentile: (235, 325, 513)
[M::mem_pestat] low and high boundaries for computing mean and std.dev: (1, 1069)
[M::mem_pestat] mean and std.dev: (389.06, 245.15)
[M::mem_pestat] low and high boundaries for proper pairs: (1, 1370)
[M::mem_pestat] skip orientation FF
[M::mem_pestat] skip orientation RF
[M::mem_pestat] skip orientation RR
[M::process] read 1473758 sequences (200000277 bp)...
[M::mem_process_seqs] Processed 1467952 reads in 451.848 CPU sec, 48.824 real sec
[M::process] read 1474554 sequences (200000032 bp)...
[M::mem_pestat] # candidate unique pairs for (FF, FR, RF, RR): (41, 565637, 128, 23)
[M::mem_pestat] analyzing insert size distribution for orientation FF...
[M::mem_pestat] (25, 50, 75) percentile: (307, 515, 1823)
[M::mem_pestat] low and high boundaries for computing mean and std.dev: (1, 4855)
[M::mem_pestat] mean and std.dev: (1073.23, 1158.55)
[M::mem_pestat] low and high boundaries for proper pairs: (1, 6371)
[M::mem_pestat] analyzing insert size distribution for orientation FR...
[M::mem_pestat] (25, 50, 75) percentile: (252, 337, 444)
[M::mem_pestat] low and high boundaries for computing mean and std.dev: (1, 828)
[M::mem_pestat] mean and std.dev: (356.17, 139.63)
[M::mem_pestat] low and high boundaries for proper pairs: (1, 1020)
[M::mem_pestat] analyzing insert size distribution for orientation RF...
[M::mem_pestat] (25, 50, 75) percentile: (68, 836, 3678)
[M::mem_pestat] low and high boundaries for computing mean and std.dev: (1, 10898)
[M::mem_pestat] mean and std.dev: (2306.31, 2933.74)
[M::mem_pestat] low and high boundaries for proper pairs: (1, 14508)
[M::mem_pestat] analyzing insert size distribution for orientation RR...
[M::mem_pestat] (25, 50, 75) percentile: (194, 425, 939)
[M::mem_pestat] low and high boundaries for computing mean and std.dev: (1, 2429)
[M::mem_pestat] mean and std.dev: (584.41, 560.06)
[M::mem_pestat] low and high boundaries for proper pairs: (1, 3174)
[M::mem_pestat] skip orientation FF
[M::mem_pestat] skip orientation RF
[M::mem_pestat] skip orientation RR
[M::mem_process_seqs] Processed 1473758 reads in 482.954 CPU sec, 51.966 real sec
[M::process] read 1474008 sequences (200000273 bp)...
[M::mem_pestat] # candidate unique pairs for (FF, FR, RF, RR): (29, 560988, 122, 35)
[M::mem_pestat] analyzing insert size distribution for orientation FF...
[M::mem_pestat] (25, 50, 75) percentile: (243, 311, 453)
[M::mem_pestat] low and high boundaries for computing mean and std.dev: (1, 873)
[M::mem_pestat] mean and std.dev: (293.83, 113.91)
[M::mem_pestat] low and high boundaries for proper pairs: (1, 1083)
[M::mem_pestat] analyzing insert size distribution for orientation FR...
[M::mem_pestat] (25, 50, 75) percentile: (256, 344, 453)
[M::mem_pestat] low and high boundaries for computing mean and std.dev: (1, 847)
[M::mem_pestat] mean and std.dev: (363.61, 143.76)
[M::mem_pestat] low and high boundaries for proper pairs: (1, 1044)
[M::mem_pestat] analyzing insert size distribution for orientation RF...
[M::mem_pestat] (25, 50, 75) percentile: (43, 211, 1983)
[M::mem_pestat] low and high boundaries for computing mean and std.dev: (1, 5863)
[M::mem_pestat] mean and std.dev: (853.59, 1402.79)
[M::mem_pestat] low and high boundaries for proper pairs: (1, 7803)
[M::mem_pestat] analyzing insert size distribution for orientation RR...
[M::mem_pestat] (25, 50, 75) percentile: (233, 344, 1041)
[M::mem_pestat] low and high boundaries for computing mean and std.dev: (1, 2657)
[M::mem_pestat] mean and std.dev: (707.12, 742.51)
[M::mem_pestat] low and high boundaries for proper pairs: (1, 3677)
[M::mem_pestat] skip orientation FF
[M::mem_pestat] skip orientation RF
[M::mem_pestat] skip orientation RR
[M::mem_process_seqs] Processed 1474554 reads in 521.125 CPU sec, 55.834 real sec
[M::mem_pestat] # candidate unique pairs for (FF, FR, RF, RR): (48, 564503, 126, 43)
[M::mem_pestat] analyzing insert size distribution for orientation FF...
[M::mem_pestat] (25, 50, 75) percentile: (257, 487, 699)
[M::mem_pestat] low and high boundaries for computing mean and std.dev: (1, 1583)
[M::mem_pestat] mean and std.dev: (523.24, 325.31)
[M::mem_pestat] low and high boundaries for proper pairs: (1, 2025)
[M::mem_pestat] analyzing insert size distribution for orientation FR...
[M::process] read 1468836 sequences (200000156 bp)...
[M::mem_pestat] (25, 50, 75) percentile: (258, 346, 456)
[M::mem_pestat] low and high boundaries for computing mean and std.dev: (1, 852)
[M::mem_pestat] mean and std.dev: (365.48, 144.35)
[M::mem_pestat] low and high boundaries for proper pairs: (1, 1050)
[M::mem_pestat] analyzing insert size distribution for orientation RF...
[M::mem_pestat] (25, 50, 75) percentile: (75, 389, 3050)
[M::mem_pestat] low and high boundaries for computing mean and std.dev: (1, 9000)
[M::mem_pestat] mean and std.dev: (1645.01, 2315.97)
[M::mem_pestat] low and high boundaries for proper pairs: (1, 11975)
[M::mem_pestat] analyzing insert size distribution for orientation RR...
[M::mem_pestat] (25, 50, 75) percentile: (345, 520, 3565)
[M::mem_pestat] low and high boundaries for computing mean and std.dev: (1, 10005)
[M::mem_pestat] mean and std.dev: (1596.33, 1902.61)
[M::mem_pestat] low and high boundaries for proper pairs: (1, 13225)
[M::mem_pestat] skip orientation FF
[M::mem_pestat] skip orientation RF
[M::mem_pestat] skip orientation RR
[M::mem_process_seqs] Processed 1474008 reads in 495.052 CPU sec, 53.211 real sec
[M::process] read 468706 sequences (63597018 bp)...
[M::mem_pestat] # candidate unique pairs for (FF, FR, RF, RR): (36, 562406, 123, 33)
[M::mem_pestat] analyzing insert size distribution for orientation FF...
[M::mem_pestat] (25, 50, 75) percentile: (397, 615, 1106)
[M::mem_pestat] low and high boundaries for computing mean and std.dev: (1, 2524)
[M::mem_pestat] mean and std.dev: (632.72, 421.60)
[M::mem_pestat] low and high boundaries for proper pairs: (1, 3233)
[M::mem_pestat] analyzing insert size distribution for orientation FR...
[M::mem_pestat] (25, 50, 75) percentile: (257, 345, 454)
[M::mem_pestat] low and high boundaries for computing mean and std.dev: (1, 848)
[M::mem_pestat] mean and std.dev: (364.42, 143.46)
[M::mem_pestat] low and high boundaries for proper pairs: (1, 1045)
[M::mem_pestat] analyzing insert size distribution for orientation RF...
[M::mem_pestat] (25, 50, 75) percentile: (32, 219, 1660)
[M::mem_pestat] low and high boundaries for computing mean and std.dev: (1, 4916)
[M::mem_pestat] mean and std.dev: (700.82, 1076.10)
[M::mem_pestat] low and high boundaries for proper pairs: (1, 6544)
[M::mem_pestat] analyzing insert size distribution for orientation RR...
[M::mem_pestat] (25, 50, 75) percentile: (202, 281, 1463)
[M::mem_pestat] low and high boundaries for computing mean and std.dev: (1, 3985)
[M::mem_pestat] mean and std.dev: (634.07, 744.45)
[M::mem_pestat] low and high boundaries for proper pairs: (1, 5246)
[M::mem_pestat] skip orientation FF
[M::mem_pestat] skip orientation RF
[M::mem_pestat] skip orientation RR
[M::mem_process_seqs] Processed 1468836 reads in 445.393 CPU sec, 48.231 real sec
[M::mem_pestat] # candidate unique pairs for (FF, FR, RF, RR): (9, 178393, 29, 14)
[M::mem_pestat] skip orientation FF as there are not enough pairs
[M::mem_pestat] analyzing insert size distribution for orientation FR...
[M::mem_pestat] (25, 50, 75) percentile: (255, 342, 448)
[M::mem_pestat] low and high boundaries for computing mean and std.dev: (1, 834)
[M::mem_pestat] mean and std.dev: (360.07, 139.46)
[M::mem_pestat] low and high boundaries for proper pairs: (1, 1027)
[M::mem_pestat] analyzing insert size distribution for orientation RF...
[M::mem_pestat] (25, 50, 75) percentile: (101, 699, 2544)
[M::mem_pestat] low and high boundaries for computing mean and std.dev: (1, 7430)
[M::mem_pestat] mean and std.dev: (1207.59, 1522.31)
[M::mem_pestat] low and high boundaries for proper pairs: (1, 9873)
[M::mem_pestat] analyzing insert size distribution for orientation RR...
[M::mem_pestat] (25, 50, 75) percentile: (203, 515, 591)
[M::mem_pestat] low and high boundaries for computing mean and std.dev: (1, 1367)
[M::mem_pestat] mean and std.dev: (327.00, 196.97)
[M::mem_pestat] low and high boundaries for proper pairs: (1, 1755)
[M::mem_pestat] skip orientation RF
[M::mem_pestat] skip orientation RR
[M::mem_process_seqs] Processed 468706 reads in 139.244 CPU sec, 15.411 real sec
[main] Version: 0.7.17-r1188
[main] CMD:samblaster: Marked 5654173 of 37445212 (15.10%) read ids as duplicates bwa mem using 559272k memory in  -t1M 2030S -R(89.933S) @RG\tID:WB_LL_19T_264\tPL:ILLUMINA\tPU:HJMFJDSX7.1\tSM:WB_LL_19T_264\tCN:MCGILL\tBC:TGTAATCGAC-CGCGGTGATC CPU seconds and  /storage/scratch/iee/dj20y461/Stickleback/G_aculeatus/FITNESS//data/ref_A_X/stickleback_v5_assembly_A_X.fasta44M /storage/scratch/iee/dj20y461/Stickleback/G_aculeatus/FITNESS//data/trimmed/WB_LL_19T_264.R1.trimmed.fastq.gz41S /storage/scratch/iee/dj20y461/Stickleback/G_aculeatus/FITNESS//data/trimmed/WB_LL_19T_264.R2.trimmed.fastq.gz(2681S) wall time.

[main] Real time: 2681.201 sec; CPU: 22919.734 sec
[bam_sort_core] merging from 20 files and 20 in-memory blocks...
