samblaster: Version 0.1.24
samblaster: Inputting from stdin
samblaster: Outputting to stdout
[M::bwa_idx_load_from_disk] read 0 ALT contigs
[M::process] read 1465940 sequences (200000247 bp)...
[M::mem_pestat] # candidate unique pairs for (FF, FR, RF, RR): (139, 562325, 126, 65)
[M::mem_pestat] analyzing insert size distribution for orientation FF...
[M::mem_pestat] (25, 50, 75) percentile: (265, 409, 681)
[M::mem_pestat] low and high boundaries for computing mean and std.dev: (1, 1513)
[M::mem_pestat] mean and std.dev: (445.56, 270.42)
[M::mem_pestat] low and high boundaries for proper pairs: (1, 1929)
[M::mem_pestat] analyzing insert size distribution for orientation FR...
[M::mem_pestat] (25, 50, 75) percentile: (280, 368, 475)
[M::mem_pestat] low and high boundaries for computing mean and std.dev: (1, 865)
[M::mem_pestat] mean and std.dev: (384.60, 145.83)
[M::mem_pestat] low and high boundaries for proper pairs: (1, 1060)
[M::mem_pestat] analyzing insert size distribution for orientation RF...
[M::mem_pestat] (25, 50, 75) percentile: (90, 584, 2993)
[M::mem_pestat] low and high boundaries for computing mean and std.dev: (1, 8799)
[M::mem_pestat] mean and std.dev: (1583.54, 2169.36)
[M::mem_pestat] low and high boundaries for proper pairs: (1, 11702)
[M::mem_pestat] analyzing insert size distribution for orientation RR...
[M::mem_pestat] (25, 50, 75) percentile: (286, 432, 976)
[M::mem_pestat] low and high boundaries for computing mean and std.dev: (1, 2356)
[M::mem_pestat] mean and std.dev: (578.45, 468.94)
[M::mem_pestat] low and high boundaries for proper pairs: (1, 3046)
[M::mem_pestat] skip orientation FF
[M::mem_pestat] skip orientation RF
[M::mem_pestat] skip orientation RR
[M::mem_process_seqs] Processed 1465940 reads in 472.454 CPU sec, 113.689 real sec
samblaster: Loaded 23 header sequence entries.
[M::process] read 1462384 sequences (200000029 bp)...
[M::process] read 1461500 sequences (200000049 bp)...
[M::mem_pestat] # candidate unique pairs for (FF, FR, RF, RR): (135, 561870, 106, 63)
[M::mem_pestat] analyzing insert size distribution for orientation FF...
[M::mem_pestat] (25, 50, 75) percentile: (294, 441, 680)
[M::mem_pestat] low and high boundaries for computing mean and std.dev: (1, 1452)
[M::mem_pestat] mean and std.dev: (461.78, 244.97)
[M::mem_pestat] low and high boundaries for proper pairs: (1, 1838)
[M::mem_pestat] analyzing insert size distribution for orientation FR...
[M::mem_pestat] (25, 50, 75) percentile: (280, 368, 475)
[M::mem_pestat] low and high boundaries for computing mean and std.dev: (1, 865)
[M::mem_pestat] mean and std.dev: (384.63, 145.98)
[M::mem_pestat] low and high boundaries for proper pairs: (1, 1060)
[M::mem_pestat] analyzing insert size distribution for orientation RF...
[M::mem_pestat] (25, 50, 75) percentile: (70, 451, 2644)
[M::mem_pestat] low and high boundaries for computing mean and std.dev: (1, 7792)
[M::mem_pestat] mean and std.dev: (1495.13, 2178.95)
[M::mem_pestat] low and high boundaries for proper pairs: (1, 10366)
[M::mem_pestat] analyzing insert size distribution for orientation RR...
[M::mem_pestat] (25, 50, 75) percentile: (257, 454, 883)
[M::mem_pestat] low and high boundaries for computing mean and std.dev: (1, 2135)
[M::mem_pestat] mean and std.dev: (578.44, 483.40)
[M::mem_pestat] low and high boundaries for proper pairs: (1, 2761)
[M::mem_pestat] skip orientation FF
[M::mem_pestat] skip orientation RF
[M::mem_pestat] skip orientation RR
[M::mem_process_seqs] Processed 1462384 reads in 442.891 CPU sec, 48.957 real sec
[M::process] read 1460312 sequences (200000127 bp)...
[M::mem_pestat] # candidate unique pairs for (FF, FR, RF, RR): (129, 561181, 122, 64)
[M::mem_pestat] analyzing insert size distribution for orientation FF...
[M::mem_pestat] (25, 50, 75) percentile: (277, 406, 698)
[M::mem_pestat] low and high boundaries for computing mean and std.dev: (1, 1540)
[M::mem_pestat] mean and std.dev: (457.03, 281.22)
[M::mem_pestat] low and high boundaries for proper pairs: (1, 1961)
[M::mem_pestat] analyzing insert size distribution for orientation FR...
[M::mem_pestat] (25, 50, 75) percentile: (280, 369, 477)
[M::mem_pestat] low and high boundaries for computing mean and std.dev: (1, 871)
[M::mem_pestat] mean and std.dev: (386.43, 147.15)
[M::mem_pestat] low and high boundaries for proper pairs: (1, 1068)
[M::mem_pestat] analyzing insert size distribution for orientation RF...
[M::mem_pestat] (25, 50, 75) percentile: (116, 549, 1564)
[M::mem_pestat] low and high boundaries for computing mean and std.dev: (1, 4460)
[M::mem_pestat] mean and std.dev: (786.99, 1044.17)
[M::mem_pestat] low and high boundaries for proper pairs: (1, 5908)
[M::mem_pestat] analyzing insert size distribution for orientation RR...
[M::mem_pestat] (25, 50, 75) percentile: (257, 458, 1440)
[M::mem_pestat] low and high boundaries for computing mean and std.dev: (1, 3806)
[M::mem_pestat] mean and std.dev: (697.98, 705.40)
[M::mem_pestat] low and high boundaries for proper pairs: (1, 4989)
[M::mem_pestat] skip orientation FF
[M::mem_pestat] skip orientation RF
[M::mem_pestat] skip orientation RR
[M::mem_process_seqs] Processed 1461500 reads in 444.189 CPU sec, 49.566 real sec
[M::mem_pestat] # candidate unique pairs for (FF, FR, RF, RR): (148, 558781, 119, 68)
[M::mem_pestat] analyzing insert size distribution for orientation FF...
[M::mem_pestat] (25, 50, 75) percentile: (293, 403, 668)
[M::mem_pestat] low and high boundaries for computing mean and std.dev: (1, 1418)
[M::mem_pestat] mean and std.dev: (448.02, 229.09)
[M::mem_pestat] low and high boundaries for proper pairs: (1, 1793)
[M::mem_pestat] analyzing insert size distribution for orientation FR...
[M::mem_pestat] (25, 50, 75) percentile: (280, 369, 477)
[M::mem_pestat] low and high boundaries for computing mean and std.dev: (1, 871)
[M::mem_pestat] mean and std.dev: (386.12, 147.30)
[M::mem_pestat] low and high boundaries for proper pairs: (1, 1068)
[M::mem_pestat] analyzing insert size distribution for orientation RF...
[M::mem_pestat] (25, 50, 75) percentile: (95, 534, 3277)
[M::mem_pestat] low and high boundaries for computing mean and std.dev: (1, 9641)
[M::mem_pestat] mean and std.dev: (2085.52, 2830.56)
[M::mem_pestat] low and high boundaries for proper pairs: (1, 13408)
[M::mem_pestat] analyzing insert size distribution for orientation RR...
[M::mem_pestat] (25, 50, 75) percentile: (219, 432, 948)
[M::mem_pestat] low and high boundaries for computing mean and std.dev: (1, 2406)
[M::mem_pestat] mean and std.dev: (548.23, 474.81)
[M::mem_pestat] low and high boundaries for proper pairs: (1, 3135)
[M::mem_pestat] skip orientation FF
[M::mem_pestat] skip orientation RF
[M::mem_pestat] skip orientation RR
[M::process] read 1464232 sequences (200000194 bp)...
[M::mem_process_seqs] Processed 1460312 reads in 448.339 CPU sec, 49.207 real sec
[M::process] read 1463424 sequences (200000152 bp)...
[M::mem_pestat] # candidate unique pairs for (FF, FR, RF, RR): (145, 558226, 130, 79)
[M::mem_pestat] analyzing insert size distribution for orientation FF...
[M::mem_pestat] (25, 50, 75) percentile: (276, 439, 717)
[M::mem_pestat] low and high boundaries for computing mean and std.dev: (1, 1599)
[M::mem_pestat] mean and std.dev: (493.81, 295.19)
[M::mem_pestat] low and high boundaries for proper pairs: (1, 2040)
[M::mem_pestat] analyzing insert size distribution for orientation FR...
[M::mem_pestat] (25, 50, 75) percentile: (279, 367, 474)
[M::mem_pestat] low and high boundaries for computing mean and std.dev: (1, 864)
[M::mem_pestat] mean and std.dev: (383.89, 145.33)
[M::mem_pestat] low and high boundaries for proper pairs: (1, 1059)
[M::mem_pestat] analyzing insert size distribution for orientation RF...
[M::mem_pestat] (25, 50, 75) percentile: (150, 573, 3503)
[M::mem_pestat] low and high boundaries for computing mean and std.dev: (1, 10209)
[M::mem_pestat] mean and std.dev: (2075.98, 2647.90)
[M::mem_pestat] low and high boundaries for proper pairs: (1, 13562)
[M::mem_pestat] analyzing insert size distribution for orientation RR...
[M::mem_pestat] (25, 50, 75) percentile: (255, 431, 1041)
[M::mem_pestat] low and high boundaries for computing mean and std.dev: (1, 2613)
[M::mem_pestat] mean and std.dev: (610.92, 524.38)
[M::mem_pestat] low and high boundaries for proper pairs: (1, 3399)
[M::mem_pestat] skip orientation FF
[M::mem_pestat] skip orientation RF
[M::mem_pestat] skip orientation RR
[M::mem_process_seqs] Processed 1464232 reads in 465.208 CPU sec, 52.762 real sec
[M::mem_pestat] # candidate unique pairs for (FF, FR, RF, RR): (114, 561812, 130, 63)
[M::mem_pestat] analyzing insert size distribution for orientation FF...
[M::mem_pestat] (25, 50, 75) percentile: (309, 482, 697)
[M::mem_pestat] low and high boundaries for computing mean and std.dev: (1, 1473)
[M::mem_pestat] mean and std.dev: (494.75, 279.44)
[M::mem_pestat] low and high boundaries for proper pairs: (1, 1861)
[M::mem_pestat] analyzing insert size distribution for orientation FR...
[M::mem_pestat] (25, 50, 75) percentile: (281, 370, 477)
[M::mem_pestat] low and high boundaries for computing mean and std.dev: (1, 869)
[M::mem_pestat] mean and std.dev: (386.18, 146.55)
[M::mem_pestat] low and high boundaries for proper pairs: (1, 1065)
[M::mem_pestat] analyzing insert size distribution for orientation RF...
[M::mem_pestat] (25, 50, 75) percentile: (69, 608, 3135)
[M::mem_pestat] low and high boundaries for computing mean and std.dev: (1, 9267)
[M::mem_pestat] mean and std.dev: (1823.10, 2388.30)
[M::mem_pestat] low and high boundaries for proper pairs: (1, 12333)
[M::mem_pestat] analyzing insert size distribution for orientation RR...
[M::mem_pestat] (25, 50, 75) percentile: (295, 465, 1125)
[M::mem_pestat] low and high boundaries for computing mean and std.dev: (1, 2785)
[M::mem_pestat] mean and std.dev: (633.07, 539.95)
[M::mem_pestat] low and high boundaries for proper pairs: (1, 3615)
[M::mem_pestat] skip orientation FF
[M::mem_pestat] skip orientation RF
[M::mem_pestat] skip orientation RR
[M::process] read 1462926 sequences (200000170 bp)...
[M::mem_process_seqs] Processed 1463424 reads in 444.554 CPU sec, 48.916 real sec
[M::mem_pestat] # candidate unique pairs for (FF, FR, RF, RR): (144, 561121, 116, 67)
[M::mem_pestat] analyzing insert size distribution for orientation FF...
[M::mem_pestat] (25, 50, 75) percentile: (331, 455, 752)
[M::mem_pestat] low and high boundaries for computing mean and std.dev: (1, 1594)
[M::mem_pestat] mean and std.dev: (500.31, 277.17)
[M::mem_pestat] low and high boundaries for proper pairs: (1, 2015)
[M::mem_pestat] analyzing insert size distribution for orientation FR...
[M::mem_pestat] (25, 50, 75) percentile: (280, 369, 476)
[M::mem_pestat] low and high boundaries for computing mean and std.dev: (1, 868)
[M::mem_pestat] mean and std.dev: (386.01, 146.58)
[M::mem_pestat] low and high boundaries for proper pairs: (1, 1064)
[M::mem_pestat] analyzing insert size distribution for orientation RF...
[M::mem_pestat] (25, 50, 75) percentile: (44, 225, 1388)
[M::mem_pestat] low and high boundaries for computing mean and std.dev: (1, 4076)
[M::mem_pestat] mean and std.dev: (436.89, 707.91)
[M::mem_pestat] low and high boundaries for proper pairs: (1, 5420)
[M::mem_pestat] analyzing insert size distribution for orientation RR...
[M::mem_pestat] (25, 50, 75) percentile: (242, 614, 1270)
[M::mem_pestat] low and high boundaries for computing mean and std.dev: (1, 3326)
[M::mem_pestat] mean and std.dev: (719.38, 706.94)
[M::mem_pestat] low and high boundaries for proper pairs: (1, 4354)
[M::mem_pestat] skip orientation FF
[M::mem_pestat] skip orientation RF
[M::mem_pestat] skip orientation RR
[M::process] read 1461342 sequences (200000073 bp)...
[M::mem_process_seqs] Processed 1462926 reads in 446.703 CPU sec, 48.520 real sec
[M::mem_pestat] # candidate unique pairs for (FF, FR, RF, RR): (169, 560247, 147, 76)
[M::mem_pestat] analyzing insert size distribution for orientation FF...
[M::mem_pestat] (25, 50, 75) percentile: (293, 452, 690)
[M::mem_pestat] low and high boundaries for computing mean and std.dev: (1, 1484)
[M::mem_pestat] mean and std.dev: (496.90, 307.72)
[M::mem_pestat] low and high boundaries for proper pairs: (1, 1881)
[M::mem_pestat] analyzing insert size distribution for orientation FR...
[M::mem_pestat] (25, 50, 75) percentile: (281, 371, 479)
[M::mem_pestat] low and high boundaries for computing mean and std.dev: (1, 875)
[M::mem_pestat] mean and std.dev: (387.51, 147.64)
[M::mem_pestat] low and high boundaries for proper pairs: (1, 1073)
[M::mem_pestat] analyzing insert size distribution for orientation RF...
[M::mem_pestat] (25, 50, 75) percentile: (75, 643, 3344)
[M::mem_pestat] low and high boundaries for computing mean and std.dev: (1, 9882)
[M::mem_pestat] mean and std.dev: (1951.17, 2555.95)
[M::mem_pestat] low and high boundaries for proper pairs: (1, 13151)
[M::mem_pestat] analyzing insert size distribution for orientation RR...
[M::mem_pestat] (25, 50, 75) percentile: (240, 502, 1239)
[M::mem_pestat] low and high boundaries for computing mean and std.dev: (1, 3237)
[M::mem_pestat] mean and std.dev: (781.75, 771.26)
[M::mem_pestat] low and high boundaries for proper pairs: (1, 4236)
[M::mem_pestat] skip orientation FF
[M::mem_pestat] skip orientation RF
[M::mem_pestat] skip orientation RR
[M::process] read 1461902 sequences (200000154 bp)...
[M::mem_process_seqs] Processed 1461342 reads in 451.069 CPU sec, 49.697 real sec
[M::mem_pestat] # candidate unique pairs for (FF, FR, RF, RR): (141, 558758, 132, 58)
[M::mem_pestat] analyzing insert size distribution for orientation FF...
[M::mem_pestat] (25, 50, 75) percentile: (287, 457, 758)
[M::mem_pestat] low and high boundaries for computing mean and std.dev: (1, 1700)
[M::mem_pestat] mean and std.dev: (487.48, 287.46)
[M::mem_pestat] low and high boundaries for proper pairs: (1, 2171)
[M::mem_pestat] analyzing insert size distribution for orientation FR...
[M::mem_pestat] (25, 50, 75) percentile: (282, 371, 478)
[M::mem_pestat] low and high boundaries for computing mean and std.dev: (1, 870)
[M::mem_pestat] mean and std.dev: (387.72, 147.07)
[M::mem_pestat] low and high boundaries for proper pairs: (1, 1066)
[M::mem_pestat] analyzing insert size distribution for orientation RF...
[M::mem_pestat] (25, 50, 75) percentile: (121, 466, 2512)
[M::mem_pestat] low and high boundaries for computing mean and std.dev: (1, 7294)
[M::mem_pestat] mean and std.dev: (1301.94, 1707.16)
[M::mem_pestat] low and high boundaries for proper pairs: (1, 9685)
[M::mem_pestat] analyzing insert size distribution for orientation RR...
[M::mem_pestat] (25, 50, 75) percentile: (236, 393, 796)
[M::mem_pestat] low and high boundaries for computing mean and std.dev: (1, 1916)
[M::mem_pestat] mean and std.dev: (523.48, 414.46)
[M::mem_pestat] low and high boundaries for proper pairs: (1, 2476)
[M::mem_pestat] skip orientation FF
[M::mem_pestat] skip orientation RF
[M::mem_pestat] skip orientation RR
[M::process] read 1465250 sequences (200000273 bp)...
[M::mem_process_seqs] Processed 1461902 reads in 453.581 CPU sec, 49.411 real sec
[M::process] read 1465128 sequences (200000038 bp)...
[M::mem_pestat] # candidate unique pairs for (FF, FR, RF, RR): (150, 558251, 115, 74)
[M::mem_pestat] analyzing insert size distribution for orientation FF...
[M::mem_pestat] (25, 50, 75) percentile: (304, 441, 632)
[M::mem_pestat] low and high boundaries for computing mean and std.dev: (1, 1288)
[M::mem_pestat] mean and std.dev: (457.11, 227.29)
[M::mem_pestat] low and high boundaries for proper pairs: (1, 1616)
[M::mem_pestat] analyzing insert size distribution for orientation FR...
[M::mem_pestat] (25, 50, 75) percentile: (278, 367, 472)
[M::mem_pestat] low and high boundaries for computing mean and std.dev: (1, 860)
[M::mem_pestat] mean and std.dev: (382.84, 144.32)
[M::mem_pestat] low and high boundaries for proper pairs: (1, 1054)
[M::mem_pestat] analyzing insert size distribution for orientation RF...
[M::mem_pestat] (25, 50, 75) percentile: (91, 421, 1852)
[M::mem_pestat] low and high boundaries for computing mean and std.dev: (1, 5374)
[M::mem_pestat] mean and std.dev: (846.63, 1254.12)
[M::mem_pestat] low and high boundaries for proper pairs: (1, 7135)
[M::mem_pestat] analyzing insert size distribution for orientation RR...
[M::mem_pestat] (25, 50, 75) percentile: (278, 433, 700)
[M::mem_pestat] low and high boundaries for computing mean and std.dev: (1, 1544)
[M::mem_pestat] mean and std.dev: (463.77, 311.79)
[M::mem_pestat] low and high boundaries for proper pairs: (1, 1966)
[M::mem_pestat] skip orientation FF
[M::mem_pestat] skip orientation RF
[M::mem_pestat] skip orientation RR
[M::mem_process_seqs] Processed 1465250 reads in 460.112 CPU sec, 51.833 real sec
[M::mem_pestat] # candidate unique pairs for (FF, FR, RF, RR): (140, 564095, 143, 67)
[M::mem_pestat] analyzing insert size distribution for orientation FF...
[M::mem_pestat] (25, 50, 75) percentile: (292, 469, 751)
[M::mem_pestat] low and high boundaries for computing mean and std.dev: (1, 1669)
[M::mem_pestat] mean and std.dev: (502.83, 313.78)
[M::mem_pestat] low and high boundaries for proper pairs: (1, 2128)
[M::mem_pestat] analyzing insert size distribution for orientation FR...
[M::mem_pestat] (25, 50, 75) percentile: (278, 366, 472)
[M::mem_pestat] low and high boundaries for computing mean and std.dev: (1, 860)
[M::mem_pestat] mean and std.dev: (382.44, 144.58)
[M::mem_pestat] low and high boundaries for proper pairs: (1, 1054)
[M::mem_pestat] analyzing insert size distribution for orientation RF...
[M::mem_pestat] (25, 50, 75) percentile: (114, 604, 2513)
[M::mem_pestat] low and high boundaries for computing mean and std.dev: (1, 7311)
[M::mem_pestat] mean and std.dev: (1307.34, 1686.97)
[M::mem_pestat] low and high boundaries for proper pairs: (1, 9710)
[M::mem_pestat] analyzing insert size distribution for orientation RR...
[M::mem_pestat] (25, 50, 75) percentile: (312, 478, 997)
[M::mem_pestat] low and high boundaries for computing mean and std.dev: (1, 2367)
[M::mem_pestat] mean and std.dev: (648.41, 535.58)
[M::mem_pestat] low and high boundaries for proper pairs: (1, 3052)
[M::mem_pestat] skip orientation FF
[M::mem_pestat] skip orientation RF
[M::mem_pestat] skip orientation RR
[M::process] read 1465060 sequences (200000034 bp)...
[M::mem_process_seqs] Processed 1465128 reads in 442.981 CPU sec, 48.157 real sec
[M::mem_pestat] # candidate unique pairs for (FF, FR, RF, RR): (133, 562353, 114, 82)
[M::mem_pestat] analyzing insert size distribution for orientation FF...
[M::mem_pestat] (25, 50, 75) percentile: (313, 442, 681)
[M::mem_pestat] low and high boundaries for computing mean and std.dev: (1, 1417)
[M::mem_pestat] mean and std.dev: (465.42, 227.82)
[M::mem_pestat] low and high boundaries for proper pairs: (1, 1785)
[M::mem_pestat] analyzing insert size distribution for orientation FR...
[M::mem_pestat] (25, 50, 75) percentile: (278, 366, 471)
[M::mem_pestat] low and high boundaries for computing mean and std.dev: (1, 857)
[M::mem_pestat] mean and std.dev: (382.11, 144.04)
[M::mem_pestat] low and high boundaries for proper pairs: (1, 1050)
[M::mem_pestat] analyzing insert size distribution for orientation RF...
[M::mem_pestat] (25, 50, 75) percentile: (70, 597, 2846)
[M::mem_pestat] low and high boundaries for computing mean and std.dev: (1, 8398)
[M::mem_pestat] mean and std.dev: (1712.07, 2244.23)
[M::mem_pestat] low and high boundaries for proper pairs: (1, 11174)
[M::mem_pestat] analyzing insert size distribution for orientation RR...
[M::mem_pestat] (25, 50, 75) percentile: (192, 394, 725)
[M::mem_pestat] low and high boundaries for computing mean and std.dev: (1, 1791)
[M::mem_pestat] mean and std.dev: (494.12, 360.67)
[M::mem_pestat] low and high boundaries for proper pairs: (1, 2324)
[M::mem_pestat] skip orientation FF
[M::mem_pestat] skip orientation RF
[M::mem_pestat] skip orientation RR
[M::process] read 1463820 sequences (200000048 bp)...
[M::mem_process_seqs] Processed 1465060 reads in 445.871 CPU sec, 48.830 real sec
[M::mem_pestat] # candidate unique pairs for (FF, FR, RF, RR): (151, 561012, 105, 69)
[M::mem_pestat] analyzing insert size distribution for orientation FF...
[M::mem_pestat] (25, 50, 75) percentile: (272, 420, 697)
[M::mem_pestat] low and high boundaries for computing mean and std.dev: (1, 1547)
[M::mem_pestat] mean and std.dev: (455.86, 283.31)
[M::mem_pestat] low and high boundaries for proper pairs: (1, 1972)
[M::mem_pestat] analyzing insert size distribution for orientation FR...
[M::mem_pestat] (25, 50, 75) percentile: (279, 368, 474)
[M::mem_pestat] low and high boundaries for computing mean and std.dev: (1, 864)
[M::mem_pestat] mean and std.dev: (384.52, 145.79)
[M::mem_pestat] low and high boundaries for proper pairs: (1, 1059)
[M::mem_pestat] analyzing insert size distribution for orientation RF...
[M::mem_pestat] (25, 50, 75) percentile: (50, 258, 1332)
[M::mem_pestat] low and high boundaries for computing mean and std.dev: (1, 3896)
[M::mem_pestat] mean and std.dev: (458.47, 714.91)
[M::mem_pestat] low and high boundaries for proper pairs: (1, 5178)
[M::mem_pestat] analyzing insert size distribution for orientation RR...
[M::mem_pestat] (25, 50, 75) percentile: (308, 484, 1084)
[M::mem_pestat] low and high boundaries for computing mean and std.dev: (1, 2636)
[M::mem_pestat] mean and std.dev: (659.94, 544.20)
[M::mem_pestat] low and high boundaries for proper pairs: (1, 3412)
[M::mem_pestat] skip orientation FF
[M::mem_pestat] skip orientation RF
[M::mem_pestat] skip orientation RR
[M::mem_process_seqs] Processed 1463820 reads in 463.066 CPU sec, 74.547 real sec
[M::process] read 1462244 sequences (200000096 bp)...
[M::process] read 1468102 sequences (200000013 bp)...
[M::mem_pestat] # candidate unique pairs for (FF, FR, RF, RR): (137, 559099, 109, 77)
[M::mem_pestat] analyzing insert size distribution for orientation FF...
[M::mem_pestat] (25, 50, 75) percentile: (294, 466, 762)
[M::mem_pestat] low and high boundaries for computing mean and std.dev: (1, 1698)
[M::mem_pestat] mean and std.dev: (526.38, 297.44)
[M::mem_pestat] low and high boundaries for proper pairs: (1, 2166)
[M::mem_pestat] analyzing insert size distribution for orientation FR...
[M::mem_pestat] (25, 50, 75) percentile: (280, 369, 476)
[M::mem_pestat] low and high boundaries for computing mean and std.dev: (1, 868)
[M::mem_pestat] mean and std.dev: (386.00, 146.14)
[M::mem_pestat] low and high boundaries for proper pairs: (1, 1064)
[M::mem_pestat] analyzing insert size distribution for orientation RF...
[M::mem_pestat] (25, 50, 75) percentile: (109, 672, 3217)
[M::mem_pestat] low and high boundaries for computing mean and std.dev: (1, 9433)
[M::mem_pestat] mean and std.dev: (1783.95, 2250.14)
[M::mem_pestat] low and high boundaries for proper pairs: (1, 12541)
[M::mem_pestat] analyzing insert size distribution for orientation RR...
[M::mem_pestat] (25, 50, 75) percentile: (219, 436, 809)
[M::mem_pestat] low and high boundaries for computing mean and std.dev: (1, 1989)
[M::mem_pestat] mean and std.dev: (529.27, 372.23)
[M::mem_pestat] low and high boundaries for proper pairs: (1, 2579)
[M::mem_pestat] skip orientation FF
[M::mem_pestat] skip orientation RF
[M::mem_pestat] skip orientation RR
[M::mem_process_seqs] Processed 1462244 reads in 450.544 CPU sec, 47.884 real sec
[M::mem_pestat] # candidate unique pairs for (FF, FR, RF, RR): (130, 559109, 124, 69)
[M::mem_pestat] analyzing insert size distribution for orientation FF...
[M::mem_pestat] (25, 50, 75) percentile: (300, 432, 644)
[M::mem_pestat] low and high boundaries for computing mean and std.dev: (1, 1332)
[M::mem_pestat] mean and std.dev: (471.65, 256.77)
[M::mem_pestat] low and high boundaries for proper pairs: (1, 1676)
[M::mem_pestat] analyzing insert size distribution for orientation FR...
[M::mem_pestat] (25, 50, 75) percentile: (278, 365, 470)
[M::mem_pestat] low and high boundaries for computing mean and std.dev: (1, 854)
[M::mem_pestat] mean and std.dev: (381.17, 143.21)
[M::mem_pestat] low and high boundaries for proper pairs: (1, 1046)
[M::mem_pestat] analyzing insert size distribution for orientation RF...
[M::mem_pestat] (25, 50, 75) percentile: (90, 406, 1899)
[M::mem_pestat] low and high boundaries for computing mean and std.dev: (1, 5517)
[M::mem_pestat] mean and std.dev: (861.23, 1142.66)
[M::mem_pestat] low and high boundaries for proper pairs: (1, 7326)
[M::mem_pestat] analyzing insert size distribution for orientation RR...
[M::mem_pestat] (25, 50, 75) percentile: (311, 492, 1023)
[M::mem_pestat] low and high boundaries for computing mean and std.dev: (1, 2447)
[M::mem_pestat] mean and std.dev: (589.84, 496.38)
[M::mem_pestat] low and high boundaries for proper pairs: (1, 3159)
[M::mem_pestat] skip orientation FF
[M::mem_pestat] skip orientation RF
[M::mem_pestat] skip orientation RR
[M::process] read 1465508 sequences (200000181 bp)...
[M::mem_process_seqs] Processed 1468102 reads in 467.143 CPU sec, 51.131 real sec
[M::mem_pestat] # candidate unique pairs for (FF, FR, RF, RR): (159, 563258, 129, 81)
[M::mem_pestat] analyzing insert size distribution for orientation FF...
[M::mem_pestat] (25, 50, 75) percentile: (306, 467, 698)
[M::mem_pestat] low and high boundaries for computing mean and std.dev: (1, 1482)
[M::mem_pestat] mean and std.dev: (494.16, 264.94)
[M::mem_pestat] low and high boundaries for proper pairs: (1, 1874)
[M::mem_pestat] analyzing insert size distribution for orientation FR...
[M::mem_pestat] (25, 50, 75) percentile: (278, 365, 470)
[M::mem_pestat] low and high boundaries for computing mean and std.dev: (1, 854)
[M::mem_pestat] mean and std.dev: (380.93, 143.67)
[M::mem_pestat] low and high boundaries for proper pairs: (1, 1046)
[M::mem_pestat] analyzing insert size distribution for orientation RF...
[M::mem_pestat] (25, 50, 75) percentile: (80, 428, 2299)
[M::mem_pestat] low and high boundaries for computing mean and std.dev: (1, 6737)
[M::mem_pestat] mean and std.dev: (1065.48, 1564.52)
[M::mem_pestat] low and high boundaries for proper pairs: (1, 8956)
[M::mem_pestat] analyzing insert size distribution for orientation RR...
[M::mem_pestat] (25, 50, 75) percentile: (231, 407, 1064)
[M::mem_pestat] low and high boundaries for computing mean and std.dev: (1, 2730)
[M::mem_pestat] mean and std.dev: (582.32, 532.81)
[M::mem_pestat] low and high boundaries for proper pairs: (1, 3563)
[M::mem_pestat] skip orientation FF
[M::mem_pestat] skip orientation RF
[M::mem_pestat] skip orientation RR
[M::process] read 1464896 sequences (200000257 bp)...
[M::mem_process_seqs] Processed 1465508 reads in 444.202 CPU sec, 48.266 real sec
[M::mem_pestat] # candidate unique pairs for (FF, FR, RF, RR): (127, 562017, 100, 75)
[M::mem_pestat] analyzing insert size distribution for orientation FF...
[M::mem_pestat] (25, 50, 75) percentile: (301, 446, 736)
[M::mem_pestat] low and high boundaries for computing mean and std.dev: (1, 1606)
[M::mem_pestat] mean and std.dev: (491.41, 294.81)
[M::mem_pestat] low and high boundaries for proper pairs: (1, 2041)
[M::mem_pestat] analyzing insert size distribution for orientation FR...
[M::mem_pestat] (25, 50, 75) percentile: (278, 366, 470)
[M::mem_pestat] low and high boundaries for computing mean and std.dev: (1, 854)
[M::mem_pestat] mean and std.dev: (381.31, 143.41)
[M::mem_pestat] low and high boundaries for proper pairs: (1, 1046)
[M::mem_pestat] analyzing insert size distribution for orientation RF...
[M::mem_pestat] (25, 50, 75) percentile: (169, 567, 2717)
[M::mem_pestat] low and high boundaries for computing mean and std.dev: (1, 7813)
[M::mem_pestat] mean and std.dev: (1450.76, 1886.80)
[M::mem_pestat] low and high boundaries for proper pairs: (1, 10361)
[M::mem_pestat] analyzing insert size distribution for orientation RR...
[M::mem_pestat] (25, 50, 75) percentile: (202, 484, 900)
[M::mem_pestat] low and high boundaries for computing mean and std.dev: (1, 2296)
[M::mem_pestat] mean and std.dev: (488.98, 396.41)
[M::mem_pestat] low and high boundaries for proper pairs: (1, 2994)
[M::mem_pestat] skip orientation FF
[M::mem_pestat] skip orientation RF
[M::mem_pestat] skip orientation RR
[M::process] read 1464188 sequences (200000065 bp)...
[M::mem_process_seqs] Processed 1464896 reads in 445.466 CPU sec, 48.577 real sec
[M::mem_pestat] # candidate unique pairs for (FF, FR, RF, RR): (137, 561343, 131, 55)
[M::mem_pestat] analyzing insert size distribution for orientation FF...
[M::mem_pestat] (25, 50, 75) percentile: (300, 463, 776)
[M::mem_pestat] low and high boundaries for computing mean and std.dev: (1, 1728)
[M::mem_pestat] mean and std.dev: (555.77, 356.38)
[M::mem_pestat] low and high boundaries for proper pairs: (1, 2204)
[M::mem_pestat] analyzing insert size distribution for orientation FR...
[M::mem_pestat] (25, 50, 75) percentile: (279, 367, 473)
[M::mem_pestat] low and high boundaries for computing mean and std.dev: (1, 861)
[M::mem_pestat] mean and std.dev: (383.61, 145.03)
[M::mem_pestat] low and high boundaries for proper pairs: (1, 1055)
[M::mem_pestat] analyzing insert size distribution for orientation RF...
[M::mem_pestat] (25, 50, 75) percentile: (95, 755, 3635)
[M::mem_pestat] low and high boundaries for computing mean and std.dev: (1, 10715)
[M::mem_pestat] mean and std.dev: (2102.21, 2569.16)
[M::mem_pestat] low and high boundaries for proper pairs: (1, 14255)
[M::mem_pestat] analyzing insert size distribution for orientation RR...
[M::mem_pestat] (25, 50, 75) percentile: (270, 419, 1352)
[M::mem_pestat] low and high boundaries for computing mean and std.dev: (1, 3516)
[M::mem_pestat] mean and std.dev: (724.66, 736.10)
[M::mem_pestat] low and high boundaries for proper pairs: (1, 4598)
[M::mem_pestat] skip orientation FF
[M::mem_pestat] skip orientation RF
[M::mem_pestat] skip orientation RR
[M::process] read 1462410 sequences (200000174 bp)...
[M::mem_process_seqs] Processed 1464188 reads in 448.157 CPU sec, 48.584 real sec
[M::mem_pestat] # candidate unique pairs for (FF, FR, RF, RR): (138, 559477, 125, 78)
[M::mem_pestat] analyzing insert size distribution for orientation FF...
[M::mem_pestat] (25, 50, 75) percentile: (309, 476, 733)
[M::mem_pestat] low and high boundaries for computing mean and std.dev: (1, 1581)
[M::mem_pestat] mean and std.dev: (514.11, 271.12)
[M::mem_pestat] low and high boundaries for proper pairs: (1, 2005)
[M::mem_pestat] analyzing insert size distribution for orientation FR...
[M::mem_pestat] (25, 50, 75) percentile: (279, 368, 475)
[M::mem_pestat] low and high boundaries for computing mean and std.dev: (1, 867)
[M::mem_pestat] mean and std.dev: (385.02, 146.01)
[M::mem_pestat] low and high boundaries for proper pairs: (1, 1063)
[M::mem_pestat] analyzing insert size distribution for orientation RF...
[M::mem_pestat] (25, 50, 75) percentile: (107, 726, 3015)
[M::mem_pestat] low and high boundaries for computing mean and std.dev: (1, 8831)
[M::mem_pestat] mean and std.dev: (1881.99, 2334.91)
[M::mem_pestat] low and high boundaries for proper pairs: (1, 11739)
[M::mem_pestat] analyzing insert size distribution for orientation RR...
[M::mem_pestat] (25, 50, 75) percentile: (267, 450, 884)
[M::mem_pestat] low and high boundaries for computing mean and std.dev: (1, 2118)
[M::mem_pestat] mean and std.dev: (524.26, 428.01)
[M::mem_pestat] low and high boundaries for proper pairs: (1, 2735)
[M::mem_pestat] skip orientation FF
[M::mem_pestat] skip orientation RF
[M::mem_pestat] skip orientation RR
[M::process] read 1468154 sequences (200000012 bp)...
[M::mem_process_seqs] Processed 1462410 reads in 452.882 CPU sec, 49.067 real sec
[M::mem_pestat] # candidate unique pairs for (FF, FR, RF, RR): (131, 559857, 138, 81)
[M::mem_pestat] analyzing insert size distribution for orientation FF...
[M::mem_pestat] (25, 50, 75) percentile: (300, 471, 711)
[M::mem_pestat] low and high boundaries for computing mean and std.dev: (1, 1533)
[M::mem_pestat] mean and std.dev: (485.11, 280.24)
[M::mem_pestat] low and high boundaries for proper pairs: (1, 1944)
[M::mem_pestat] analyzing insert size distribution for orientation FR...
[M::mem_pestat] (25, 50, 75) percentile: (277, 364, 469)
[M::mem_pestat] low and high boundaries for computing mean and std.dev: (1, 853)
[M::mem_pestat] mean and std.dev: (380.07, 142.58)
[M::mem_pestat] low and high boundaries for proper pairs: (1, 1045)
[M::mem_pestat] analyzing insert size distribution for orientation RF...
[M::mem_pestat] (25, 50, 75) percentile: (132, 724, 2622)
[M::mem_pestat] low and high boundaries for computing mean and std.dev: (1, 7602)
[M::mem_pestat] mean and std.dev: (1616.91, 2137.98)
[M::mem_pestat] low and high boundaries for proper pairs: (1, 10169)
[M::mem_pestat] analyzing insert size distribution for orientation RR...
[M::mem_pestat] (25, 50, 75) percentile: (320, 539, 1476)
[M::mem_pestat] low and high boundaries for computing mean and std.dev: (1, 3788)
[M::mem_pestat] mean and std.dev: (790.93, 772.82)
[M::mem_pestat] low and high boundaries for proper pairs: (1, 4944)
[M::mem_pestat] skip orientation FF
[M::mem_pestat] skip orientation RF
[M::mem_pestat] skip orientation RR
[M::process] read 1465704 sequences (200000056 bp)...
[M::mem_process_seqs] Processed 1468154 reads in 458.736 CPU sec, 50.456 real sec
[M::mem_pestat] # candidate unique pairs for (FF, FR, RF, RR): (125, 563103, 106, 66)
[M::mem_pestat] analyzing insert size distribution for orientation FF...
[M::mem_pestat] (25, 50, 75) percentile: (299, 461, 820)
[M::mem_pestat] low and high boundaries for computing mean and std.dev: (1, 1862)
[M::mem_pestat] mean and std.dev: (538.23, 365.19)
[M::mem_pestat] low and high boundaries for proper pairs: (1, 2383)
[M::mem_pestat] analyzing insert size distribution for orientation FR...
[M::mem_pestat] (25, 50, 75) percentile: (278, 365, 471)
[M::mem_pestat] low and high boundaries for computing mean and std.dev: (1, 857)
[M::mem_pestat] mean and std.dev: (381.57, 144.04)
[M::mem_pestat] low and high boundaries for proper pairs: (1, 1050)
[M::mem_pestat] analyzing insert size distribution for orientation RF...
[M::mem_pestat] (25, 50, 75) percentile: (69, 372, 2657)
[M::mem_pestat] low and high boundaries for computing mean and std.dev: (1, 7833)
[M::mem_pestat] mean and std.dev: (1436.31, 2000.80)
[M::mem_pestat] low and high boundaries for proper pairs: (1, 10421)
[M::mem_pestat] analyzing insert size distribution for orientation RR...
[M::mem_pestat] (25, 50, 75) percentile: (224, 438, 873)
[M::mem_pestat] low and high boundaries for computing mean and std.dev: (1, 2171)
[M::mem_pestat] mean and std.dev: (532.18, 435.80)
[M::mem_pestat] low and high boundaries for proper pairs: (1, 2820)
[M::mem_pestat] skip orientation FF
[M::mem_pestat] skip orientation RF
[M::mem_pestat] skip orientation RR
[M::process] read 1464424 sequences (200000287 bp)...
[M::mem_process_seqs] Processed 1465704 reads in 444.023 CPU sec, 48.151 real sec
[M::mem_pestat] # candidate unique pairs for (FF, FR, RF, RR): (138, 562562, 128, 67)
[M::mem_pestat] analyzing insert size distribution for orientation FF...
[M::mem_pestat] (25, 50, 75) percentile: (305, 460, 724)
[M::mem_pestat] low and high boundaries for computing mean and std.dev: (1, 1562)
[M::mem_pestat] mean and std.dev: (476.13, 271.99)
[M::mem_pestat] low and high boundaries for proper pairs: (1, 1981)
[M::mem_pestat] analyzing insert size distribution for orientation FR...
[M::mem_pestat] (25, 50, 75) percentile: (279, 367, 473)
[M::mem_pestat] low and high boundaries for computing mean and std.dev: (1, 861)
[M::mem_pestat] mean and std.dev: (383.53, 145.04)
[M::mem_pestat] low and high boundaries for proper pairs: (1, 1055)
[M::mem_pestat] analyzing insert size distribution for orientation RF...
[M::mem_pestat] (25, 50, 75) percentile: (65, 428, 3680)
[M::mem_pestat] low and high boundaries for computing mean and std.dev: (1, 10910)
[M::mem_pestat] mean and std.dev: (2084.58, 2874.89)
[M::mem_pestat] low and high boundaries for proper pairs: (1, 14525)
[M::mem_pestat] analyzing insert size distribution for orientation RR...
[M::mem_pestat] (25, 50, 75) percentile: (301, 500, 1309)
[M::mem_pestat] low and high boundaries for computing mean and std.dev: (1, 3325)
[M::mem_pestat] mean and std.dev: (761.26, 643.25)
[M::mem_pestat] low and high boundaries for proper pairs: (1, 4333)
[M::mem_pestat] skip orientation FF
[M::mem_pestat] skip orientation RF
[M::mem_pestat] skip orientation RR
[M::process] read 1464892 sequences (200000063 bp)...
[M::mem_process_seqs] Processed 1464424 reads in 446.155 CPU sec, 48.416 real sec
[M::mem_pestat] # candidate unique pairs for (FF, FR, RF, RR): (123, 560950, 127, 66)
[M::mem_pestat] analyzing insert size distribution for orientation FF...
[M::mem_pestat] (25, 50, 75) percentile: (321, 466, 838)
[M::mem_pestat] low and high boundaries for computing mean and std.dev: (1, 1872)
[M::mem_pestat] mean and std.dev: (565.62, 375.70)
[M::mem_pestat] low and high boundaries for proper pairs: (1, 2389)
[M::mem_pestat] analyzing insert size distribution for orientation FR...
[M::mem_pestat] (25, 50, 75) percentile: (280, 368, 474)
[M::mem_pestat] low and high boundaries for computing mean and std.dev: (1, 862)
[M::mem_pestat] mean and std.dev: (384.32, 145.30)
[M::mem_pestat] low and high boundaries for proper pairs: (1, 1056)
[M::mem_pestat] analyzing insert size distribution for orientation RF...
[M::mem_pestat] (25, 50, 75) percentile: (168, 588, 2525)
[M::mem_pestat] low and high boundaries for computing mean and std.dev: (1, 7239)
[M::mem_pestat] mean and std.dev: (1484.97, 1834.50)
[M::mem_pestat] low and high boundaries for proper pairs: (1, 9596)
[M::mem_pestat] analyzing insert size distribution for orientation RR...
[M::mem_pestat] (25, 50, 75) percentile: (272, 449, 841)
[M::mem_pestat] low and high boundaries for computing mean and std.dev: (1, 1979)
[M::mem_pestat] mean and std.dev: (470.04, 330.42)
[M::mem_pestat] low and high boundaries for proper pairs: (1, 2548)
[M::mem_pestat] skip orientation FF
[M::mem_pestat] skip orientation RF
[M::mem_pestat] skip orientation RR
[M::process] read 1464360 sequences (200000014 bp)...
[M::mem_process_seqs] Processed 1464892 reads in 449.671 CPU sec, 48.724 real sec
[M::mem_pestat] # candidate unique pairs for (FF, FR, RF, RR): (149, 558758, 117, 87)
[M::mem_pestat] analyzing insert size distribution for orientation FF...
[M::mem_pestat] (25, 50, 75) percentile: (309, 461, 661)
[M::mem_pestat] low and high boundaries for computing mean and std.dev: (1, 1365)
[M::mem_pestat] mean and std.dev: (476.38, 256.25)
[M::mem_pestat] low and high boundaries for proper pairs: (1, 1717)
[M::mem_pestat] analyzing insert size distribution for orientation FR...
[M::mem_pestat] (25, 50, 75) percentile: (279, 368, 474)
[M::mem_pestat] low and high boundaries for computing mean and std.dev: (1, 864)
[M::mem_pestat] mean and std.dev: (384.53, 145.41)
[M::mem_pestat] low and high boundaries for proper pairs: (1, 1059)
[M::mem_pestat] analyzing insert size distribution for orientation RF...
[M::mem_pestat] (25, 50, 75) percentile: (68, 324, 1662)
[M::mem_pestat] low and high boundaries for computing mean and std.dev: (1, 4850)
[M::mem_pestat] mean and std.dev: (786.99, 1184.66)
[M::mem_pestat] low and high boundaries for proper pairs: (1, 6444)
[M::mem_pestat] analyzing insert size distribution for orientation RR...
[M::mem_pestat] (25, 50, 75) percentile: (263, 412, 1004)
[M::mem_pestat] low and high boundaries for computing mean and std.dev: (1, 2486)
[M::mem_pestat] mean and std.dev: (571.80, 480.02)
[M::mem_pestat] low and high boundaries for proper pairs: (1, 3227)
[M::mem_pestat] skip orientation FF
[M::mem_pestat] skip orientation RF
[M::mem_pestat] skip orientation RR
[M::process] read 1471778 sequences (200000182 bp)...
[M::mem_process_seqs] Processed 1464360 reads in 453.582 CPU sec, 49.266 real sec
[M::mem_pestat] # candidate unique pairs for (FF, FR, RF, RR): (149, 560183, 124, 72)
[M::mem_pestat] analyzing insert size distribution for orientation FF...
[M::mem_pestat] (25, 50, 75) percentile: (290, 418, 593)
[M::mem_pestat] low and high boundaries for computing mean and std.dev: (1, 1199)
[M::mem_pestat] mean and std.dev: (423.70, 208.60)
[M::mem_pestat] low and high boundaries for proper pairs: (1, 1502)
[M::mem_pestat] analyzing insert size distribution for orientation FR...
[M::mem_pestat] (25, 50, 75) percentile: (276, 363, 466)
[M::mem_pestat] low and high boundaries for computing mean and std.dev: (1, 846)
[M::mem_pestat] mean and std.dev: (377.94, 141.19)
[M::mem_pestat] low and high boundaries for proper pairs: (1, 1036)
[M::mem_pestat] analyzing insert size distribution for orientation RF...
[M::mem_pestat] (25, 50, 75) percentile: (71, 438, 2300)
[M::mem_pestat] low and high boundaries for computing mean and std.dev: (1, 6758)
[M::mem_pestat] mean and std.dev: (1105.50, 1625.00)
[M::mem_pestat] low and high boundaries for proper pairs: (1, 8987)
[M::mem_pestat] analyzing insert size distribution for orientation RR...
[M::mem_pestat] (25, 50, 75) percentile: (282, 567, 1154)
[M::mem_pestat] low and high boundaries for computing mean and std.dev: (1, 2898)
[M::mem_pestat] mean and std.dev: (635.05, 501.74)
[M::mem_pestat] low and high boundaries for proper pairs: (1, 3770)
[M::mem_pestat] skip orientation FF
[M::mem_pestat] skip orientation RF
[M::mem_pestat] skip orientation RR
[M::mem_process_seqs] Processed 1471778 reads in 482.768 CPU sec, 76.775 real sec
[M::process] read 1465104 sequences (200000054 bp)...
[M::process] read 1465042 sequences (200000185 bp)...
[M::mem_pestat] # candidate unique pairs for (FF, FR, RF, RR): (131, 562808, 123, 70)
[M::mem_pestat] analyzing insert size distribution for orientation FF...
[M::mem_pestat] (25, 50, 75) percentile: (317, 443, 806)
[M::mem_pestat] low and high boundaries for computing mean and std.dev: (1, 1784)
[M::mem_pestat] mean and std.dev: (529.11, 306.33)
[M::mem_pestat] low and high boundaries for proper pairs: (1, 2273)
[M::mem_pestat] analyzing insert size distribution for orientation FR...
[M::mem_pestat] (25, 50, 75) percentile: (277, 364, 470)
[M::mem_pestat] low and high boundaries for computing mean and std.dev: (1, 856)
[M::mem_pestat] mean and std.dev: (380.43, 143.61)
[M::mem_pestat] low and high boundaries for proper pairs: (1, 1049)
[M::mem_pestat] analyzing insert size distribution for orientation RF...
[M::mem_pestat] (25, 50, 75) percentile: (119, 425, 2985)
[M::mem_pestat] low and high boundaries for computing mean and std.dev: (1, 8717)
[M::mem_pestat] mean and std.dev: (1588.83, 2224.51)
[M::mem_pestat] low and high boundaries for proper pairs: (1, 11583)
[M::mem_pestat] analyzing insert size distribution for orientation RR...
[M::mem_pestat] (25, 50, 75) percentile: (219, 454, 797)
[M::mem_pestat] low and high boundaries for computing mean and std.dev: (1, 1953)
[M::mem_pestat] mean and std.dev: (451.85, 315.29)
[M::mem_pestat] low and high boundaries for proper pairs: (1, 2531)
[M::mem_pestat] skip orientation FF
[M::mem_pestat] skip orientation RF
[M::mem_pestat] skip orientation RR
[M::mem_process_seqs] Processed 1465104 reads in 441.650 CPU sec, 46.205 real sec
[M::mem_pestat] # candidate unique pairs for (FF, FR, RF, RR): (145, 561119, 94, 79)
[M::mem_pestat] analyzing insert size distribution for orientation FF...
[M::mem_pestat] (25, 50, 75) percentile: (313, 489, 746)
[M::mem_pestat] low and high boundaries for computing mean and std.dev: (1, 1612)
[M::mem_pestat] mean and std.dev: (524.63, 292.43)
[M::mem_pestat] low and high boundaries for proper pairs: (1, 2045)
[M::mem_pestat] analyzing insert size distribution for orientation FR...
[M::mem_pestat] (25, 50, 75) percentile: (278, 366, 471)
[M::mem_pestat] low and high boundaries for computing mean and std.dev: (1, 857)
[M::mem_pestat] mean and std.dev: (381.85, 144.30)
[M::mem_pestat] low and high boundaries for proper pairs: (1, 1050)
[M::mem_pestat] analyzing insert size distribution for orientation RF...
[M::mem_pestat] (25, 50, 75) percentile: (258, 1213, 2951)
[M::mem_pestat] low and high boundaries for computing mean and std.dev: (1, 8337)
[M::mem_pestat] mean and std.dev: (1825.78, 1990.90)
[M::mem_pestat] low and high boundaries for proper pairs: (1, 11030)
[M::mem_pestat] analyzing insert size distribution for orientation RR...
[M::mem_pestat] (25, 50, 75) percentile: (207, 516, 1393)
[M::mem_pestat] low and high boundaries for computing mean and std.dev: (1, 3765)
[M::mem_pestat] mean and std.dev: (654.14, 618.83)
[M::mem_pestat] low and high boundaries for proper pairs: (1, 4951)
[M::mem_pestat] skip orientation FF
[M::mem_pestat] skip orientation RF
[M::mem_pestat] skip orientation RR
[M::process] read 1464728 sequences (200000250 bp)...
[M::mem_process_seqs] Processed 1465042 reads in 444.456 CPU sec, 48.210 real sec
[M::mem_pestat] # candidate unique pairs for (FF, FR, RF, RR): (124, 561179, 124, 66)
[M::mem_pestat] analyzing insert size distribution for orientation FF...
[M::mem_pestat] (25, 50, 75) percentile: (316, 425, 684)
[M::mem_pestat] low and high boundaries for computing mean and std.dev: (1, 1420)
[M::mem_pestat] mean and std.dev: (478.02, 263.97)
[M::mem_pestat] low and high boundaries for proper pairs: (1, 1788)
[M::mem_pestat] analyzing insert size distribution for orientation FR...
[M::mem_pestat] (25, 50, 75) percentile: (278, 366, 471)
[M::mem_pestat] low and high boundaries for computing mean and std.dev: (1, 857)
[M::mem_pestat] mean and std.dev: (382.35, 144.08)
[M::mem_pestat] low and high boundaries for proper pairs: (1, 1050)
[M::mem_pestat] analyzing insert size distribution for orientation RF...
[M::mem_pestat] (25, 50, 75) percentile: (91, 632, 2553)
[M::mem_pestat] low and high boundaries for computing mean and std.dev: (1, 7477)
[M::mem_pestat] mean and std.dev: (1337.40, 1830.76)
[M::mem_pestat] low and high boundaries for proper pairs: (1, 9939)
[M::mem_pestat] analyzing insert size distribution for orientation RR...
[M::mem_pestat] (25, 50, 75) percentile: (227, 526, 1360)
[M::mem_pestat] low and high boundaries for computing mean and std.dev: (1, 3626)
[M::mem_pestat] mean and std.dev: (746.29, 742.84)
[M::mem_pestat] low and high boundaries for proper pairs: (1, 4759)
[M::mem_pestat] skip orientation FF
[M::mem_pestat] skip orientation RF
[M::mem_pestat] skip orientation RR
[M::process] read 1463890 sequences (200000176 bp)...
[M::mem_process_seqs] Processed 1464728 reads in 444.499 CPU sec, 48.182 real sec
[M::mem_pestat] # candidate unique pairs for (FF, FR, RF, RR): (138, 560347, 127, 63)
[M::mem_pestat] analyzing insert size distribution for orientation FF...
[M::mem_pestat] (25, 50, 75) percentile: (278, 443, 647)
[M::mem_pestat] low and high boundaries for computing mean and std.dev: (1, 1385)
[M::mem_pestat] mean and std.dev: (442.90, 247.39)
[M::mem_pestat] low and high boundaries for proper pairs: (1, 1754)
[M::mem_pestat] analyzing insert size distribution for orientation FR...
[M::mem_pestat] (25, 50, 75) percentile: (278, 366, 471)
[M::mem_pestat] low and high boundaries for computing mean and std.dev: (1, 857)
[M::mem_pestat] mean and std.dev: (381.98, 144.02)
[M::mem_pestat] low and high boundaries for proper pairs: (1, 1050)
[M::mem_pestat] analyzing insert size distribution for orientation RF...
[M::mem_pestat] (25, 50, 75) percentile: (59, 443, 2564)
[M::mem_pestat] low and high boundaries for computing mean and std.dev: (1, 7574)
[M::mem_pestat] mean and std.dev: (1360.19, 1969.43)
[M::mem_pestat] low and high boundaries for proper pairs: (1, 10079)
[M::mem_pestat] analyzing insert size distribution for orientation RR...
[M::mem_pestat] (25, 50, 75) percentile: (199, 424, 829)
[M::mem_pestat] low and high boundaries for computing mean and std.dev: (1, 2089)
[M::mem_pestat] mean and std.dev: (530.91, 483.83)
[M::mem_pestat] low and high boundaries for proper pairs: (1, 2719)
[M::mem_pestat] skip orientation FF
[M::mem_pestat] skip orientation RF
[M::mem_pestat] skip orientation RR
[M::mem_process_seqs] Processed 1463890 reads in 457.686 CPU sec, 89.480 real sec
[M::process] read 1472794 sequences (200000128 bp)...
[M::process] read 1468652 sequences (200000221 bp)...
[M::mem_pestat] # candidate unique pairs for (FF, FR, RF, RR): (131, 560896, 123, 69)
[M::mem_pestat] analyzing insert size distribution for orientation FF...
[M::mem_pestat] (25, 50, 75) percentile: (299, 436, 709)
[M::mem_pestat] low and high boundaries for computing mean and std.dev: (1, 1529)
[M::mem_pestat] mean and std.dev: (488.57, 292.74)
[M::mem_pestat] low and high boundaries for proper pairs: (1, 1939)
[M::mem_pestat] analyzing insert size distribution for orientation FR...
[M::mem_pestat] (25, 50, 75) percentile: (278, 366, 471)
[M::mem_pestat] low and high boundaries for computing mean and std.dev: (1, 857)
[M::mem_pestat] mean and std.dev: (381.64, 143.59)
[M::mem_pestat] low and high boundaries for proper pairs: (1, 1050)
[M::mem_pestat] analyzing insert size distribution for orientation RF...
[M::mem_pestat] (25, 50, 75) percentile: (81, 351, 2599)
[M::mem_pestat] low and high boundaries for computing mean and std.dev: (1, 7635)
[M::mem_pestat] mean and std.dev: (1348.81, 1885.90)
[M::mem_pestat] low and high boundaries for proper pairs: (1, 10153)
[M::mem_pestat] analyzing insert size distribution for orientation RR...
[M::mem_pestat] (25, 50, 75) percentile: (246, 394, 1126)
[M::mem_pestat] low and high boundaries for computing mean and std.dev: (1, 2886)
[M::mem_pestat] mean and std.dev: (633.55, 570.66)
[M::mem_pestat] low and high boundaries for proper pairs: (1, 3766)
[M::mem_pestat] skip orientation FF
[M::mem_pestat] skip orientation RF
[M::mem_pestat] skip orientation RR
[M::mem_process_seqs] Processed 1472794 reads in 452.369 CPU sec, 45.992 real sec
[M::mem_pestat] # candidate unique pairs for (FF, FR, RF, RR): (121, 563549, 125, 77)
[M::mem_pestat] analyzing insert size distribution for orientation FF...
[M::mem_pestat] (25, 50, 75) percentile: (289, 426, 653)
[M::mem_pestat] low and high boundaries for computing mean and std.dev: (1, 1381)
[M::mem_pestat] mean and std.dev: (444.94, 251.87)
[M::mem_pestat] low and high boundaries for proper pairs: (1, 1745)
[M::mem_pestat] analyzing insert size distribution for orientation FR...
[M::mem_pestat] (25, 50, 75) percentile: (282, 371, 480)
[M::mem_pestat] low and high boundaries for computing mean and std.dev: (1, 876)
[M::mem_pestat] mean and std.dev: (388.07, 148.36)
[M::mem_pestat] low and high boundaries for proper pairs: (1, 1074)
[M::mem_pestat] analyzing insert size distribution for orientation RF...
[M::mem_pestat] (25, 50, 75) percentile: (110, 528, 3066)
[M::mem_pestat] low and high boundaries for computing mean and std.dev: (1, 8978)
[M::mem_pestat] mean and std.dev: (1675.55, 2370.40)
[M::mem_pestat] low and high boundaries for proper pairs: (1, 11934)
[M::mem_pestat] analyzing insert size distribution for orientation RR...
[M::mem_pestat] (25, 50, 75) percentile: (234, 391, 863)
[M::mem_pestat] low and high boundaries for computing mean and std.dev: (1, 2121)
[M::mem_pestat] mean and std.dev: (440.77, 326.26)
[M::mem_pestat] low and high boundaries for proper pairs: (1, 2750)
[M::mem_pestat] skip orientation FF
[M::mem_pestat] skip orientation RF
[M::mem_pestat] skip orientation RR
[M::process] read 1466652 sequences (200000284 bp)...
[M::mem_process_seqs] Processed 1468652 reads in 445.223 CPU sec, 48.288 real sec
[M::mem_pestat] # candidate unique pairs for (FF, FR, RF, RR): (146, 562298, 116, 80)
[M::mem_pestat] analyzing insert size distribution for orientation FF...
[M::mem_pestat] (25, 50, 75) percentile: (317, 466, 785)
[M::mem_pestat] low and high boundaries for computing mean and std.dev: (1, 1721)
[M::mem_pestat] mean and std.dev: (551.41, 339.41)
[M::mem_pestat] low and high boundaries for proper pairs: (1, 2189)
[M::mem_pestat] analyzing insert size distribution for orientation FR...
[M::mem_pestat] (25, 50, 75) percentile: (283, 372, 482)
[M::mem_pestat] low and high boundaries for computing mean and std.dev: (1, 880)
[M::mem_pestat] mean and std.dev: (389.60, 149.26)
[M::mem_pestat] low and high boundaries for proper pairs: (1, 1079)
[M::mem_pestat] analyzing insert size distribution for orientation RF...
[M::mem_pestat] (25, 50, 75) percentile: (145, 573, 1711)
[M::mem_pestat] low and high boundaries for computing mean and std.dev: (1, 4843)
[M::mem_pestat] mean and std.dev: (948.99, 1178.65)
[M::mem_pestat] low and high boundaries for proper pairs: (1, 6409)
[M::mem_pestat] analyzing insert size distribution for orientation RR...
[M::mem_pestat] (25, 50, 75) percentile: (290, 547, 1585)
[M::mem_pestat] low and high boundaries for computing mean and std.dev: (1, 4175)
[M::mem_pestat] mean and std.dev: (865.82, 940.69)
[M::mem_pestat] low and high boundaries for proper pairs: (1, 5470)
[M::mem_pestat] skip orientation FF
[M::mem_pestat] skip orientation RF
[M::mem_pestat] skip orientation RR
[M::process] read 1466468 sequences (200000124 bp)...
[M::mem_process_seqs] Processed 1466652 reads in 446.611 CPU sec, 48.409 real sec
[M::mem_pestat] # candidate unique pairs for (FF, FR, RF, RR): (150, 560723, 134, 66)
[M::mem_pestat] analyzing insert size distribution for orientation FF...
[M::mem_pestat] (25, 50, 75) percentile: (341, 529, 849)
[M::mem_pestat] low and high boundaries for computing mean and std.dev: (1, 1865)
[M::mem_pestat] mean and std.dev: (600.35, 353.87)
[M::mem_pestat] low and high boundaries for proper pairs: (1, 2373)
[M::mem_pestat] analyzing insert size distribution for orientation FR...
[M::mem_pestat] (25, 50, 75) percentile: (283, 373, 483)
[M::mem_pestat] low and high boundaries for computing mean and std.dev: (1, 883)
[M::mem_pestat] mean and std.dev: (390.51, 150.23)
[M::mem_pestat] low and high boundaries for proper pairs: (1, 1083)
[M::mem_pestat] analyzing insert size distribution for orientation RF...
[M::mem_pestat] (25, 50, 75) percentile: (69, 574, 2098)
[M::mem_pestat] low and high boundaries for computing mean and std.dev: (1, 6156)
[M::mem_pestat] mean and std.dev: (1042.04, 1551.72)
[M::mem_pestat] low and high boundaries for proper pairs: (1, 8185)
[M::mem_pestat] analyzing insert size distribution for orientation RR...
[M::mem_pestat] (25, 50, 75) percentile: (259, 517, 1198)
[M::mem_pestat] low and high boundaries for computing mean and std.dev: (1, 3076)
[M::mem_pestat] mean and std.dev: (777.63, 727.97)
[M::mem_pestat] low and high boundaries for proper pairs: (1, 4015)
[M::mem_pestat] skip orientation FF
[M::mem_pestat] skip orientation RF
[M::mem_pestat] skip orientation RR
[M::process] read 1464122 sequences (200000188 bp)...
[M::mem_process_seqs] Processed 1466468 reads in 451.375 CPU sec, 48.948 real sec
[M::mem_pestat] # candidate unique pairs for (FF, FR, RF, RR): (147, 559191, 136, 73)
[M::mem_pestat] analyzing insert size distribution for orientation FF...
[M::mem_pestat] (25, 50, 75) percentile: (298, 542, 795)
[M::mem_pestat] low and high boundaries for computing mean and std.dev: (1, 1789)
[M::mem_pestat] mean and std.dev: (549.76, 324.84)
[M::mem_pestat] low and high boundaries for proper pairs: (1, 2286)
[M::mem_pestat] analyzing insert size distribution for orientation FR...
[M::mem_pestat] (25, 50, 75) percentile: (282, 373, 484)
[M::mem_pestat] low and high boundaries for computing mean and std.dev: (1, 888)
[M::mem_pestat] mean and std.dev: (391.19, 151.27)
[M::mem_pestat] low and high boundaries for proper pairs: (1, 1090)
[M::mem_pestat] analyzing insert size distribution for orientation RF...
[M::mem_pestat] (25, 50, 75) percentile: (109, 517, 2352)
[M::mem_pestat] low and high boundaries for computing mean and std.dev: (1, 6838)
[M::mem_pestat] mean and std.dev: (1302.90, 1758.58)
[M::mem_pestat] low and high boundaries for proper pairs: (1, 9081)
[M::mem_pestat] analyzing insert size distribution for orientation RR...
[M::mem_pestat] (25, 50, 75) percentile: (228, 431, 1125)
[M::mem_pestat] low and high boundaries for computing mean and std.dev: (1, 2919)
[M::mem_pestat] mean and std.dev: (645.10, 599.61)
[M::mem_pestat] low and high boundaries for proper pairs: (1, 3816)
[M::mem_pestat] skip orientation FF
[M::mem_pestat] skip orientation RF
[M::mem_pestat] skip orientation RR
[M::process] read 1468118 sequences (200000051 bp)...
[M::mem_process_seqs] Processed 1464122 reads in 455.593 CPU sec, 49.329 real sec
[M::mem_pestat] # candidate unique pairs for (FF, FR, RF, RR): (131, 562020, 112, 65)
[M::mem_pestat] analyzing insert size distribution for orientation FF...
[M::mem_pestat] (25, 50, 75) percentile: (310, 441, 748)
[M::mem_pestat] low and high boundaries for computing mean and std.dev: (1, 1624)
[M::mem_pestat] mean and std.dev: (517.09, 326.29)
[M::mem_pestat] low and high boundaries for proper pairs: (1, 2062)
[M::mem_pestat] analyzing insert size distribution for orientation FR...
[M::mem_pestat] (25, 50, 75) percentile: (282, 371, 481)
[M::mem_pestat] low and high boundaries for computing mean and std.dev: (1, 879)
[M::mem_pestat] mean and std.dev: (388.86, 149.16)
[M::mem_pestat] low and high boundaries for proper pairs: (1, 1078)
[M::mem_pestat] analyzing insert size distribution for orientation RF...
[M::mem_pestat] (25, 50, 75) percentile: (117, 574, 3454)
[M::mem_pestat] low and high boundaries for computing mean and std.dev: (1, 10128)
[M::mem_pestat] mean and std.dev: (2053.68, 2677.74)
[M::mem_pestat] low and high boundaries for proper pairs: (1, 13465)
[M::mem_pestat] analyzing insert size distribution for orientation RR...
[M::mem_pestat] (25, 50, 75) percentile: (235, 421, 847)
[M::mem_pestat] low and high boundaries for computing mean and std.dev: (1, 2071)
[M::mem_pestat] mean and std.dev: (481.10, 370.84)
[M::mem_pestat] low and high boundaries for proper pairs: (1, 2683)
[M::mem_pestat] skip orientation FF
[M::mem_pestat] skip orientation RF
[M::mem_pestat] skip orientation RR
[M::process] read 1466672 sequences (200000243 bp)...
[M::mem_process_seqs] Processed 1468118 reads in 450.732 CPU sec, 48.996 real sec
[M::mem_pestat] # candidate unique pairs for (FF, FR, RF, RR): (151, 561863, 132, 74)
[M::mem_pestat] analyzing insert size distribution for orientation FF...
[M::mem_pestat] (25, 50, 75) percentile: (295, 401, 715)
[M::mem_pestat] low and high boundaries for computing mean and std.dev: (1, 1555)
[M::mem_pestat] mean and std.dev: (492.63, 290.50)
[M::mem_pestat] low and high boundaries for proper pairs: (1, 1975)
[M::mem_pestat] analyzing insert size distribution for orientation FR...
[M::mem_pestat] (25, 50, 75) percentile: (283, 372, 482)
[M::mem_pestat] low and high boundaries for computing mean and std.dev: (1, 880)
[M::mem_pestat] mean and std.dev: (389.63, 149.12)
[M::mem_pestat] low and high boundaries for proper pairs: (1, 1079)
[M::mem_pestat] analyzing insert size distribution for orientation RF...
[M::mem_pestat] (25, 50, 75) percentile: (193, 816, 3581)
[M::mem_pestat] low and high boundaries for computing mean and std.dev: (1, 10357)
[M::mem_pestat] mean and std.dev: (2158.93, 2456.36)
[M::mem_pestat] low and high boundaries for proper pairs: (1, 13745)
[M::mem_pestat] analyzing insert size distribution for orientation RR...
[M::mem_pestat] (25, 50, 75) percentile: (303, 507, 972)
[M::mem_pestat] low and high boundaries for computing mean and std.dev: (1, 2310)
[M::mem_pestat] mean and std.dev: (579.82, 460.16)
[M::mem_pestat] low and high boundaries for proper pairs: (1, 2979)
[M::mem_pestat] skip orientation FF
[M::mem_pestat] skip orientation RF
[M::mem_pestat] skip orientation RR
[M::process] read 1466554 sequences (200000022 bp)...
[M::mem_process_seqs] Processed 1466672 reads in 448.462 CPU sec, 48.650 real sec
[M::mem_pestat] # candidate unique pairs for (FF, FR, RF, RR): (137, 561713, 136, 70)
[M::mem_pestat] analyzing insert size distribution for orientation FF...
[M::mem_pestat] (25, 50, 75) percentile: (351, 484, 718)
[M::mem_pestat] low and high boundaries for computing mean and std.dev: (1, 1452)
[M::mem_pestat] mean and std.dev: (541.68, 292.50)
[M::mem_pestat] low and high boundaries for proper pairs: (1, 1819)
[M::mem_pestat] analyzing insert size distribution for orientation FR...
[M::mem_pestat] (25, 50, 75) percentile: (284, 374, 485)
[M::mem_pestat] low and high boundaries for computing mean and std.dev: (1, 887)
[M::mem_pestat] mean and std.dev: (391.70, 150.38)
[M::mem_pestat] low and high boundaries for proper pairs: (1, 1088)
[M::mem_pestat] analyzing insert size distribution for orientation RF...
[M::mem_pestat] (25, 50, 75) percentile: (73, 711, 3425)
[M::mem_pestat] low and high boundaries for computing mean and std.dev: (1, 10129)
[M::mem_pestat] mean and std.dev: (2082.38, 2641.22)
[M::mem_pestat] low and high boundaries for proper pairs: (1, 13481)
[M::mem_pestat] analyzing insert size distribution for orientation RR...
[M::mem_pestat] (25, 50, 75) percentile: (234, 344, 732)
[M::mem_pestat] low and high boundaries for computing mean and std.dev: (1, 1728)
[M::mem_pestat] mean and std.dev: (451.67, 333.97)
[M::mem_pestat] low and high boundaries for proper pairs: (1, 2226)
[M::mem_pestat] skip orientation FF
[M::mem_pestat] skip orientation RF
[M::mem_pestat] skip orientation RR
[M::process] read 1465564 sequences (200000206 bp)...
[M::mem_process_seqs] Processed 1466554 reads in 451.124 CPU sec, 48.968 real sec
[M::mem_pestat] # candidate unique pairs for (FF, FR, RF, RR): (141, 559745, 112, 61)
[M::mem_pestat] analyzing insert size distribution for orientation FF...
[M::mem_pestat] (25, 50, 75) percentile: (272, 404, 741)
[M::mem_pestat] low and high boundaries for computing mean and std.dev: (1, 1679)
[M::mem_pestat] mean and std.dev: (489.70, 326.62)
[M::mem_pestat] low and high boundaries for proper pairs: (1, 2148)
[M::mem_pestat] analyzing insert size distribution for orientation FR...
[M::mem_pestat] (25, 50, 75) percentile: (284, 373, 485)
[M::mem_pestat] low and high boundaries for computing mean and std.dev: (1, 887)
[M::mem_pestat] mean and std.dev: (392.00, 150.97)
[M::mem_pestat] low and high boundaries for proper pairs: (1, 1088)
[M::mem_pestat] analyzing insert size distribution for orientation RF...
[M::mem_pestat] (25, 50, 75) percentile: (100, 865, 4340)
[M::mem_pestat] low and high boundaries for computing mean and std.dev: (1, 12820)
[M::mem_pestat] mean and std.dev: (2330.30, 2695.61)
[M::mem_pestat] low and high boundaries for proper pairs: (1, 17060)
[M::mem_pestat] analyzing insert size distribution for orientation RR...
[M::mem_pestat] (25, 50, 75) percentile: (229, 418, 765)
[M::mem_pestat] low and high boundaries for computing mean and std.dev: (1, 1837)
[M::mem_pestat] mean and std.dev: (478.60, 371.31)
[M::mem_pestat] low and high boundaries for proper pairs: (1, 2373)
[M::mem_pestat] skip orientation FF
[M::mem_pestat] skip orientation RF
[M::mem_pestat] skip orientation RR
[M::process] read 1464556 sequences (200000081 bp)...
[M::mem_process_seqs] Processed 1465564 reads in 455.251 CPU sec, 49.281 real sec
[M::mem_pestat] # candidate unique pairs for (FF, FR, RF, RR): (148, 557858, 121, 75)
[M::mem_pestat] analyzing insert size distribution for orientation FF...
[M::mem_pestat] (25, 50, 75) percentile: (300, 467, 762)
[M::mem_pestat] low and high boundaries for computing mean and std.dev: (1, 1686)
[M::mem_pestat] mean and std.dev: (520.01, 321.67)
[M::mem_pestat] low and high boundaries for proper pairs: (1, 2148)
[M::mem_pestat] analyzing insert size distribution for orientation FR...
[M::mem_pestat] (25, 50, 75) percentile: (282, 373, 484)
[M::mem_pestat] low and high boundaries for computing mean and std.dev: (1, 888)
[M::mem_pestat] mean and std.dev: (391.12, 151.23)
[M::mem_pestat] low and high boundaries for proper pairs: (1, 1090)
[M::mem_pestat] analyzing insert size distribution for orientation RF...
[M::mem_pestat] (25, 50, 75) percentile: (61, 348, 2986)
[M::mem_pestat] low and high boundaries for computing mean and std.dev: (1, 8836)
[M::mem_pestat] mean and std.dev: (1574.06, 2228.24)
[M::mem_pestat] low and high boundaries for proper pairs: (1, 11761)
[M::mem_pestat] analyzing insert size distribution for orientation RR...
[M::mem_pestat] (25, 50, 75) percentile: (283, 374, 1032)
[M::mem_pestat] low and high boundaries for computing mean and std.dev: (1, 2530)
[M::mem_pestat] mean and std.dev: (529.58, 455.41)
[M::mem_pestat] low and high boundaries for proper pairs: (1, 3279)
[M::mem_pestat] skip orientation FF
[M::mem_pestat] skip orientation RF
[M::mem_pestat] skip orientation RR
[M::process] read 1470472 sequences (200000175 bp)...
[M::mem_process_seqs] Processed 1464556 reads in 461.751 CPU sec, 49.909 real sec
[M::mem_pestat] # candidate unique pairs for (FF, FR, RF, RR): (145, 561820, 116, 59)
[M::mem_pestat] analyzing insert size distribution for orientation FF...
[M::mem_pestat] (25, 50, 75) percentile: (331, 471, 966)
[M::mem_pestat] low and high boundaries for computing mean and std.dev: (1, 2236)
[M::mem_pestat] mean and std.dev: (602.28, 440.33)
[M::mem_pestat] low and high boundaries for proper pairs: (1, 2871)
[M::mem_pestat] analyzing insert size distribution for orientation FR...
[M::mem_pestat] (25, 50, 75) percentile: (280, 369, 478)
[M::mem_pestat] low and high boundaries for computing mean and std.dev: (1, 874)
[M::mem_pestat] mean and std.dev: (386.34, 147.73)
[M::mem_pestat] low and high boundaries for proper pairs: (1, 1072)
[M::mem_pestat] analyzing insert size distribution for orientation RF...
[M::mem_pestat] (25, 50, 75) percentile: (51, 400, 2144)
[M::mem_pestat] low and high boundaries for computing mean and std.dev: (1, 6330)
[M::mem_pestat] mean and std.dev: (967.63, 1505.39)
[M::mem_pestat] low and high boundaries for proper pairs: (1, 8423)
[M::mem_pestat] analyzing insert size distribution for orientation RR...
[M::mem_pestat] (25, 50, 75) percentile: (258, 378, 885)
[M::mem_pestat] low and high boundaries for computing mean and std.dev: (1, 2139)
[M::mem_pestat] mean and std.dev: (562.94, 500.49)
[M::mem_pestat] low and high boundaries for proper pairs: (1, 2766)
[M::mem_pestat] skip orientation FF
[M::mem_pestat] skip orientation RF
[M::mem_pestat] skip orientation RR
[M::process] read 1467860 sequences (200000177 bp)...
[M::mem_process_seqs] Processed 1470472 reads in 460.739 CPU sec, 49.837 real sec
[M::mem_pestat] # candidate unique pairs for (FF, FR, RF, RR): (130, 562892, 121, 69)
[M::mem_pestat] analyzing insert size distribution for orientation FF...
[M::mem_pestat] (25, 50, 75) percentile: (290, 475, 715)
[M::mem_pestat] low and high boundaries for computing mean and std.dev: (1, 1565)
[M::mem_pestat] mean and std.dev: (511.08, 303.11)
[M::mem_pestat] low and high boundaries for proper pairs: (1, 1990)
[M::mem_pestat] analyzing insert size distribution for orientation FR...
[M::mem_pestat] (25, 50, 75) percentile: (281, 369, 477)
[M::mem_pestat] low and high boundaries for computing mean and std.dev: (1, 869)
[M::mem_pestat] mean and std.dev: (386.10, 146.86)
[M::mem_pestat] low and high boundaries for proper pairs: (1, 1065)
[M::mem_pestat] analyzing insert size distribution for orientation RF...
[M::mem_pestat] (25, 50, 75) percentile: (119, 473, 2656)
[M::mem_pestat] low and high boundaries for computing mean and std.dev: (1, 7730)
[M::mem_pestat] mean and std.dev: (1269.48, 1746.51)
[M::mem_pestat] low and high boundaries for proper pairs: (1, 10267)
[M::mem_pestat] analyzing insert size distribution for orientation RR...
[M::mem_pestat] (25, 50, 75) percentile: (258, 461, 1270)
[M::mem_pestat] low and high boundaries for computing mean and std.dev: (1, 3294)
[M::mem_pestat] mean and std.dev: (600.59, 646.60)
[M::mem_pestat] low and high boundaries for proper pairs: (1, 4306)
[M::mem_pestat] skip orientation FF
[M::mem_pestat] skip orientation RF
[M::mem_pestat] skip orientation RR
[M::process] read 1469100 sequences (200000194 bp)...
[M::mem_process_seqs] Processed 1467860 reads in 448.243 CPU sec, 48.694 real sec
[M::mem_pestat] # candidate unique pairs for (FF, FR, RF, RR): (164, 561693, 120, 58)
[M::mem_pestat] analyzing insert size distribution for orientation FF...
[M::mem_pestat] (25, 50, 75) percentile: (324, 438, 655)
[M::mem_pestat] low and high boundaries for computing mean and std.dev: (1, 1317)
[M::mem_pestat] mean and std.dev: (459.30, 230.03)
[M::mem_pestat] low and high boundaries for proper pairs: (1, 1648)
[M::mem_pestat] analyzing insert size distribution for orientation FR...
[M::mem_pestat] (25, 50, 75) percentile: (282, 371, 480)
[M::mem_pestat] low and high boundaries for computing mean and std.dev: (1, 876)
[M::mem_pestat] mean and std.dev: (388.19, 148.17)
[M::mem_pestat] low and high boundaries for proper pairs: (1, 1074)
[M::mem_pestat] analyzing insert size distribution for orientation RF...
[M::mem_pestat] (25, 50, 75) percentile: (51, 441, 2958)
[M::mem_pestat] low and high boundaries for computing mean and std.dev: (1, 8772)
[M::mem_pestat] mean and std.dev: (1547.18, 2105.44)
[M::mem_pestat] low and high boundaries for proper pairs: (1, 11679)
[M::mem_pestat] analyzing insert size distribution for orientation RR...
[M::mem_pestat] (25, 50, 75) percentile: (283, 414, 709)
[M::mem_pestat] low and high boundaries for computing mean and std.dev: (1, 1561)
[M::mem_pestat] mean and std.dev: (456.43, 274.93)
[M::mem_pestat] low and high boundaries for proper pairs: (1, 1987)
[M::mem_pestat] skip orientation FF
[M::mem_pestat] skip orientation RF
[M::mem_pestat] skip orientation RR
[M::process] read 1467694 sequences (200000271 bp)...
[M::mem_process_seqs] Processed 1469100 reads in 451.368 CPU sec, 48.989 real sec
[M::mem_pestat] # candidate unique pairs for (FF, FR, RF, RR): (121, 560804, 121, 69)
[M::mem_pestat] analyzing insert size distribution for orientation FF...
[M::mem_pestat] (25, 50, 75) percentile: (322, 515, 791)
[M::mem_pestat] low and high boundaries for computing mean and std.dev: (1, 1729)
[M::mem_pestat] mean and std.dev: (523.72, 307.47)
[M::mem_pestat] low and high boundaries for proper pairs: (1, 2198)
[M::mem_pestat] analyzing insert size distribution for orientation FR...
[M::mem_pestat] (25, 50, 75) percentile: (283, 373, 483)
[M::mem_pestat] low and high boundaries for computing mean and std.dev: (1, 883)
[M::mem_pestat] mean and std.dev: (390.97, 149.92)
[M::mem_pestat] low and high boundaries for proper pairs: (1, 1083)
[M::mem_pestat] analyzing insert size distribution for orientation RF...
[M::mem_pestat] (25, 50, 75) percentile: (97, 354, 3718)
[M::mem_pestat] low and high boundaries for computing mean and std.dev: (1, 10960)
[M::mem_pestat] mean and std.dev: (2091.04, 2832.39)
[M::mem_pestat] low and high boundaries for proper pairs: (1, 14581)
[M::mem_pestat] analyzing insert size distribution for orientation RR...
[M::mem_pestat] (25, 50, 75) percentile: (241, 463, 1198)
[M::mem_pestat] low and high boundaries for computing mean and std.dev: (1, 3112)
[M::mem_pestat] mean and std.dev: (624.37, 525.90)
[M::mem_pestat] low and high boundaries for proper pairs: (1, 4069)
[M::mem_pestat] skip orientation FF
[M::mem_pestat] skip orientation RF
[M::mem_pestat] skip orientation RR
[M::process] read 1466254 sequences (200000162 bp)...
[M::mem_process_seqs] Processed 1467694 reads in 456.044 CPU sec, 49.405 real sec
[M::mem_pestat] # candidate unique pairs for (FF, FR, RF, RR): (134, 558211, 119, 74)
[M::mem_pestat] analyzing insert size distribution for orientation FF...
[M::mem_pestat] (25, 50, 75) percentile: (331, 466, 646)
[M::mem_pestat] low and high boundaries for computing mean and std.dev: (1, 1276)
[M::mem_pestat] mean and std.dev: (474.11, 243.91)
[M::mem_pestat] low and high boundaries for proper pairs: (1, 1591)
[M::mem_pestat] analyzing insert size distribution for orientation FR...
[M::mem_pestat] (25, 50, 75) percentile: (283, 373, 484)
[M::mem_pestat] low and high boundaries for computing mean and std.dev: (1, 886)
[M::mem_pestat] mean and std.dev: (390.93, 150.50)
[M::mem_pestat] low and high boundaries for proper pairs: (1, 1087)
[M::mem_pestat] analyzing insert size distribution for orientation RF...
[M::mem_pestat] (25, 50, 75) percentile: (91, 436, 2411)
[M::mem_pestat] low and high boundaries for computing mean and std.dev: (1, 7051)
[M::mem_pestat] mean and std.dev: (1315.63, 1843.12)
[M::mem_pestat] low and high boundaries for proper pairs: (1, 9371)
[M::mem_pestat] analyzing insert size distribution for orientation RR...
[M::mem_pestat] (25, 50, 75) percentile: (239, 416, 880)
[M::mem_pestat] low and high boundaries for computing mean and std.dev: (1, 2162)
[M::mem_pestat] mean and std.dev: (471.95, 380.40)
[M::mem_pestat] low and high boundaries for proper pairs: (1, 2803)
[M::mem_pestat] skip orientation FF
[M::mem_pestat] skip orientation RF
[M::mem_pestat] skip orientation RR
[M::process] read 1472944 sequences (200000179 bp)...
[M::mem_process_seqs] Processed 1466254 reads in 459.504 CPU sec, 49.751 real sec
[M::mem_pestat] # candidate unique pairs for (FF, FR, RF, RR): (169, 563200, 125, 64)
[M::mem_pestat] analyzing insert size distribution for orientation FF...
[M::mem_pestat] (25, 50, 75) percentile: (289, 475, 736)
[M::mem_pestat] low and high boundaries for computing mean and std.dev: (1, 1630)
[M::mem_pestat] mean and std.dev: (490.82, 283.37)
[M::mem_pestat] low and high boundaries for proper pairs: (1, 2077)
[M::mem_pestat] analyzing insert size distribution for orientation FR...
[M::mem_pestat] (25, 50, 75) percentile: (279, 367, 474)
[M::mem_pestat] low and high boundaries for computing mean and std.dev: (1, 864)
[M::mem_pestat] mean and std.dev: (383.98, 145.86)
[M::mem_pestat] low and high boundaries for proper pairs: (1, 1059)
[M::mem_pestat] analyzing insert size distribution for orientation RF...
[M::mem_pestat] (25, 50, 75) percentile: (55, 408, 2901)
[M::mem_pestat] low and high boundaries for computing mean and std.dev: (1, 8593)
[M::mem_pestat] mean and std.dev: (1397.07, 1992.40)
[M::mem_pestat] low and high boundaries for proper pairs: (1, 11439)
[M::mem_pestat] analyzing insert size distribution for orientation RR...
[M::mem_pestat] (25, 50, 75) percentile: (241, 458, 1257)
[M::mem_pestat] low and high boundaries for computing mean and std.dev: (1, 3289)
[M::mem_pestat] mean and std.dev: (698.24, 670.61)
[M::mem_pestat] low and high boundaries for proper pairs: (1, 4305)
[M::mem_pestat] skip orientation FF
[M::mem_pestat] skip orientation RF
[M::mem_pestat] skip orientation RR
[M::process] read 1469616 sequences (200000014 bp)...
[M::mem_process_seqs] Processed 1472944 reads in 452.035 CPU sec, 49.031 real sec
[M::mem_pestat] # candidate unique pairs for (FF, FR, RF, RR): (160, 563361, 133, 69)
[M::mem_pestat] analyzing insert size distribution for orientation FF...
[M::mem_pestat] (25, 50, 75) percentile: (327, 475, 692)
[M::mem_pestat] low and high boundaries for computing mean and std.dev: (1, 1422)
[M::mem_pestat] mean and std.dev: (490.99, 257.63)
[M::mem_pestat] low and high boundaries for proper pairs: (1, 1787)
[M::mem_pestat] analyzing insert size distribution for orientation FR...
[M::mem_pestat] (25, 50, 75) percentile: (280, 368, 475)
[M::mem_pestat] low and high boundaries for computing mean and std.dev: (1, 865)
[M::mem_pestat] mean and std.dev: (384.38, 145.93)
[M::mem_pestat] low and high boundaries for proper pairs: (1, 1060)
[M::mem_pestat] analyzing insert size distribution for orientation RF...
[M::mem_pestat] (25, 50, 75) percentile: (108, 693, 3231)
[M::mem_pestat] low and high boundaries for computing mean and std.dev: (1, 9477)
[M::mem_pestat] mean and std.dev: (1867.61, 2431.25)
[M::mem_pestat] low and high boundaries for proper pairs: (1, 12600)
[M::mem_pestat] analyzing insert size distribution for orientation RR...
[M::mem_pestat] (25, 50, 75) percentile: (277, 435, 1050)
[M::mem_pestat] low and high boundaries for computing mean and std.dev: (1, 2596)
[M::mem_pestat] mean and std.dev: (617.19, 548.43)
[M::mem_pestat] low and high boundaries for proper pairs: (1, 3369)
[M::mem_pestat] skip orientation FF
[M::mem_pestat] skip orientation RF
[M::mem_pestat] skip orientation RR
[M::process] read 1472290 sequences (200000064 bp)...
[M::mem_process_seqs] Processed 1469616 reads in 448.263 CPU sec, 48.673 real sec
[M::mem_pestat] # candidate unique pairs for (FF, FR, RF, RR): (149, 563210, 120, 70)
[M::mem_pestat] analyzing insert size distribution for orientation FF...
[M::mem_pestat] (25, 50, 75) percentile: (314, 444, 693)
[M::mem_pestat] low and high boundaries for computing mean and std.dev: (1, 1451)
[M::mem_pestat] mean and std.dev: (473.74, 254.55)
[M::mem_pestat] low and high boundaries for proper pairs: (1, 1830)
[M::mem_pestat] analyzing insert size distribution for orientation FR...
[M::mem_pestat] (25, 50, 75) percentile: (281, 370, 477)
[M::mem_pestat] low and high boundaries for computing mean and std.dev: (1, 869)
[M::mem_pestat] mean and std.dev: (386.71, 147.02)
[M::mem_pestat] low and high boundaries for proper pairs: (1, 1065)
[M::mem_pestat] analyzing insert size distribution for orientation RF...
[M::mem_pestat] (25, 50, 75) percentile: (59, 614, 3993)
[M::mem_pestat] low and high boundaries for computing mean and std.dev: (1, 11861)
[M::mem_pestat] mean and std.dev: (2170.72, 2784.36)
[M::mem_pestat] low and high boundaries for proper pairs: (1, 15795)
[M::mem_pestat] analyzing insert size distribution for orientation RR...
[M::mem_pestat] (25, 50, 75) percentile: (255, 422, 878)
[M::mem_pestat] low and high boundaries for computing mean and std.dev: (1, 2124)
[M::mem_pestat] mean and std.dev: (552.72, 449.22)
[M::mem_pestat] low and high boundaries for proper pairs: (1, 2747)
[M::mem_pestat] skip orientation FF
[M::mem_pestat] skip orientation RF
[M::mem_pestat] skip orientation RR
[M::mem_process_seqs] Processed 1472290 reads in 467.224 CPU sec, 74.236 real sec
[M::process] read 1471794 sequences (200000055 bp)...
[M::process] read 1470738 sequences (200000264 bp)...
[M::mem_pestat] # candidate unique pairs for (FF, FR, RF, RR): (152, 561120, 126, 70)
[M::mem_pestat] analyzing insert size distribution for orientation FF...
[M::mem_pestat] (25, 50, 75) percentile: (301, 473, 759)
[M::mem_pestat] low and high boundaries for computing mean and std.dev: (1, 1675)
[M::mem_pestat] mean and std.dev: (506.76, 280.86)
[M::mem_pestat] low and high boundaries for proper pairs: (1, 2133)
[M::mem_pestat] analyzing insert size distribution for orientation FR...
[M::mem_pestat] (25, 50, 75) percentile: (282, 370, 480)
[M::mem_pestat] low and high boundaries for computing mean and std.dev: (1, 876)
[M::mem_pestat] mean and std.dev: (388.41, 148.46)
[M::mem_pestat] low and high boundaries for proper pairs: (1, 1074)
[M::mem_pestat] analyzing insert size distribution for orientation RF...
[M::mem_pestat] (25, 50, 75) percentile: (55, 419, 2015)
[M::mem_pestat] low and high boundaries for computing mean and std.dev: (1, 5935)
[M::mem_pestat] mean and std.dev: (938.02, 1363.31)
[M::mem_pestat] low and high boundaries for proper pairs: (1, 7895)
[M::mem_pestat] analyzing insert size distribution for orientation RR...
[M::mem_pestat] (25, 50, 75) percentile: (326, 537, 1701)
[M::mem_pestat] low and high boundaries for computing mean and std.dev: (1, 4451)
[M::mem_pestat] mean and std.dev: (981.88, 939.53)
[M::mem_pestat] low and high boundaries for proper pairs: (1, 5826)
[M::mem_pestat] skip orientation FF
[M::mem_pestat] skip orientation RF
[M::mem_pestat] skip orientation RR
[M::mem_process_seqs] Processed 1471794 reads in 453.741 CPU sec, 47.376 real sec
[M::mem_pestat] # candidate unique pairs for (FF, FR, RF, RR): (133, 558920, 138, 64)
[M::mem_pestat] analyzing insert size distribution for orientation FF...
[M::mem_pestat] (25, 50, 75) percentile: (362, 511, 828)
[M::mem_pestat] low and high boundaries for computing mean and std.dev: (1, 1760)
[M::mem_pestat] mean and std.dev: (587.48, 371.38)
[M::mem_pestat] low and high boundaries for proper pairs: (1, 2226)
[M::mem_pestat] analyzing insert size distribution for orientation FR...
[M::mem_pestat] (25, 50, 75) percentile: (281, 371, 479)
[M::mem_pestat] low and high boundaries for computing mean and std.dev: (1, 875)
[M::mem_pestat] mean and std.dev: (387.92, 148.05)
[M::mem_pestat] low and high boundaries for proper pairs: (1, 1073)
[M::mem_pestat] analyzing insert size distribution for orientation RF...
[M::mem_pestat] (25, 50, 75) percentile: (156, 812, 3232)
[M::mem_pestat] low and high boundaries for computing mean and std.dev: (1, 9384)
[M::mem_pestat] mean and std.dev: (1915.04, 2410.77)
[M::mem_pestat] low and high boundaries for proper pairs: (1, 12460)
[M::mem_pestat] analyzing insert size distribution for orientation RR...
[M::mem_pestat] (25, 50, 75) percentile: (259, 526, 1085)
[M::mem_pestat] low and high boundaries for computing mean and std.dev: (1, 2737)
[M::mem_pestat] mean and std.dev: (659.65, 563.14)
[M::mem_pestat] low and high boundaries for proper pairs: (1, 3563)
[M::mem_pestat] skip orientation FF
[M::mem_pestat] skip orientation RF
[M::mem_pestat] skip orientation RR
[M::process] read 1473238 sequences (200000259 bp)...
[M::mem_process_seqs] Processed 1470738 reads in 465.012 CPU sec, 50.373 real sec
[M::mem_pestat] # candidate unique pairs for (FF, FR, RF, RR): (143, 564538, 115, 68)
[M::mem_pestat] analyzing insert size distribution for orientation FF...
[M::mem_pestat] (25, 50, 75) percentile: (301, 466, 776)
[M::mem_pestat] low and high boundaries for computing mean and std.dev: (1, 1726)
[M::mem_pestat] mean and std.dev: (524.86, 344.85)
[M::mem_pestat] low and high boundaries for proper pairs: (1, 2201)
[M::mem_pestat] analyzing insert size distribution for orientation FR...
[M::mem_pestat] (25, 50, 75) percentile: (279, 367, 474)
[M::mem_pestat] low and high boundaries for computing mean and std.dev: (1, 864)
[M::mem_pestat] mean and std.dev: (383.60, 145.49)
[M::mem_pestat] low and high boundaries for proper pairs: (1, 1059)
[M::mem_pestat] analyzing insert size distribution for orientation RF...
[M::mem_pestat] (25, 50, 75) percentile: (70, 465, 2572)
[M::mem_pestat] low and high boundaries for computing mean and std.dev: (1, 7576)
[M::mem_pestat] mean and std.dev: (1235.02, 1733.55)
[M::mem_pestat] low and high boundaries for proper pairs: (1, 10078)
[M::mem_pestat] analyzing insert size distribution for orientation RR...
[M::mem_pestat] (25, 50, 75) percentile: (308, 420, 806)
[M::mem_pestat] low and high boundaries for computing mean and std.dev: (1, 1802)
[M::mem_pestat] mean and std.dev: (489.89, 340.24)
[M::mem_pestat] low and high boundaries for proper pairs: (1, 2300)
[M::mem_pestat] skip orientation FF
[M::mem_pestat] skip orientation RF
[M::mem_pestat] skip orientation RR
[M::process] read 1471394 sequences (200000085 bp)...
[M::mem_process_seqs] Processed 1473238 reads in 447.658 CPU sec, 48.623 real sec
[M::mem_pestat] # candidate unique pairs for (FF, FR, RF, RR): (126, 563478, 116, 74)
[M::mem_pestat] analyzing insert size distribution for orientation FF...
[M::mem_pestat] (25, 50, 75) percentile: (294, 425, 668)
[M::mem_pestat] low and high boundaries for computing mean and std.dev: (1, 1416)
[M::mem_pestat] mean and std.dev: (460.54, 237.47)
[M::mem_pestat] low and high boundaries for proper pairs: (1, 1790)
[M::mem_pestat] analyzing insert size distribution for orientation FR...
[M::mem_pestat] (25, 50, 75) percentile: (280, 369, 476)
[M::mem_pestat] low and high boundaries for computing mean and std.dev: (1, 868)
[M::mem_pestat] mean and std.dev: (385.52, 146.59)
[M::mem_pestat] low and high boundaries for proper pairs: (1, 1064)
[M::mem_pestat] analyzing insert size distribution for orientation RF...
[M::mem_pestat] (25, 50, 75) percentile: (153, 773, 2617)
[M::mem_pestat] low and high boundaries for computing mean and std.dev: (1, 7545)
[M::mem_pestat] mean and std.dev: (1492.58, 1873.79)
[M::mem_pestat] low and high boundaries for proper pairs: (1, 10009)
[M::mem_pestat] analyzing insert size distribution for orientation RR...
[M::mem_pestat] (25, 50, 75) percentile: (341, 615, 1122)
[M::mem_pestat] low and high boundaries for computing mean and std.dev: (1, 2684)
[M::mem_pestat] mean and std.dev: (647.39, 456.74)
[M::mem_pestat] low and high boundaries for proper pairs: (1, 3465)
[M::mem_pestat] skip orientation FF
[M::mem_pestat] skip orientation RF
[M::mem_pestat] skip orientation RR
[M::process] read 1474388 sequences (200000164 bp)...
[M::mem_process_seqs] Processed 1471394 reads in 447.835 CPU sec, 48.615 real sec
[M::mem_pestat] # candidate unique pairs for (FF, FR, RF, RR): (138, 562947, 114, 64)
[M::mem_pestat] analyzing insert size distribution for orientation FF...
[M::mem_pestat] (25, 50, 75) percentile: (317, 492, 728)
[M::mem_pestat] low and high boundaries for computing mean and std.dev: (1, 1550)
[M::mem_pestat] mean and std.dev: (494.43, 247.45)
[M::mem_pestat] low and high boundaries for proper pairs: (1, 1961)
[M::mem_pestat] analyzing insert size distribution for orientation FR...
[M::mem_pestat] (25, 50, 75) percentile: (281, 370, 478)
[M::mem_pestat] low and high boundaries for computing mean and std.dev: (1, 872)
[M::mem_pestat] mean and std.dev: (386.92, 147.29)
[M::mem_pestat] low and high boundaries for proper pairs: (1, 1069)
[M::mem_pestat] analyzing insert size distribution for orientation RF...
[M::mem_pestat] (25, 50, 75) percentile: (55, 388, 2218)
[M::mem_pestat] low and high boundaries for computing mean and std.dev: (1, 6544)
[M::mem_pestat] mean and std.dev: (1183.45, 1712.12)
[M::mem_pestat] low and high boundaries for proper pairs: (1, 8707)
[M::mem_pestat] analyzing insert size distribution for orientation RR...
[M::mem_pestat] (25, 50, 75) percentile: (241, 364, 739)
[M::mem_pestat] low and high boundaries for computing mean and std.dev: (1, 1735)
[M::mem_pestat] mean and std.dev: (437.46, 309.73)
[M::mem_pestat] low and high boundaries for proper pairs: (1, 2233)
[M::mem_pestat] skip orientation FF
[M::mem_pestat] skip orientation RF
[M::mem_pestat] skip orientation RR
[M::process] read 1473766 sequences (200000195 bp)...
[M::mem_process_seqs] Processed 1474388 reads in 453.400 CPU sec, 49.169 real sec
[M::mem_pestat] # candidate unique pairs for (FF, FR, RF, RR): (149, 561383, 128, 77)
[M::mem_pestat] analyzing insert size distribution for orientation FF...
[M::mem_pestat] (25, 50, 75) percentile: (295, 475, 743)
[M::mem_pestat] low and high boundaries for computing mean and std.dev: (1, 1639)
[M::mem_pestat] mean and std.dev: (501.52, 274.19)
[M::mem_pestat] low and high boundaries for proper pairs: (1, 2087)
[M::mem_pestat] analyzing insert size distribution for orientation FR...
[M::mem_pestat] (25, 50, 75) percentile: (282, 371, 479)
[M::mem_pestat] low and high boundaries for computing mean and std.dev: (1, 873)
[M::mem_pestat] mean and std.dev: (388.14, 147.79)
[M::mem_pestat] low and high boundaries for proper pairs: (1, 1070)
[M::mem_pestat] analyzing insert size distribution for orientation RF...
[M::mem_pestat] (25, 50, 75) percentile: (52, 508, 3876)
[M::mem_pestat] low and high boundaries for computing mean and std.dev: (1, 11524)
[M::mem_pestat] mean and std.dev: (2113.52, 2887.17)
[M::mem_pestat] low and high boundaries for proper pairs: (1, 15348)
[M::mem_pestat] analyzing insert size distribution for orientation RR...
[M::mem_pestat] (25, 50, 75) percentile: (210, 427, 884)
[M::mem_pestat] low and high boundaries for computing mean and std.dev: (1, 2232)
[M::mem_pestat] mean and std.dev: (519.66, 447.50)
[M::mem_pestat] low and high boundaries for proper pairs: (1, 2906)
[M::mem_pestat] skip orientation FF
[M::mem_pestat] skip orientation RF
[M::mem_pestat] skip orientation RR
[M::process] read 1476334 sequences (200000186 bp)...
[M::mem_process_seqs] Processed 1473766 reads in 457.503 CPU sec, 49.609 real sec
[M::mem_pestat] # candidate unique pairs for (FF, FR, RF, RR): (146, 560910, 136, 76)
[M::mem_pestat] analyzing insert size distribution for orientation FF...
[M::mem_pestat] (25, 50, 75) percentile: (318, 494, 759)
[M::mem_pestat] low and high boundaries for computing mean and std.dev: (1, 1641)
[M::mem_pestat] mean and std.dev: (545.14, 321.22)
[M::mem_pestat] low and high boundaries for proper pairs: (1, 2082)
[M::mem_pestat] analyzing insert size distribution for orientation FR...
[M::mem_pestat] (25, 50, 75) percentile: (280, 368, 475)
[M::mem_pestat] low and high boundaries for computing mean and std.dev: (1, 865)
[M::mem_pestat] mean and std.dev: (384.77, 145.67)
[M::mem_pestat] low and high boundaries for proper pairs: (1, 1060)
[M::mem_pestat] analyzing insert size distribution for orientation RF...
[M::mem_pestat] (25, 50, 75) percentile: (163, 928, 3039)
[M::mem_pestat] low and high boundaries for computing mean and std.dev: (1, 8791)
[M::mem_pestat] mean and std.dev: (1848.63, 2242.03)
[M::mem_pestat] low and high boundaries for proper pairs: (1, 11667)
[M::mem_pestat] analyzing insert size distribution for orientation RR...
[M::mem_pestat] (25, 50, 75) percentile: (221, 386, 961)
[M::mem_pestat] low and high boundaries for computing mean and std.dev: (1, 2441)
[M::mem_pestat] mean and std.dev: (468.83, 367.43)
[M::mem_pestat] low and high boundaries for proper pairs: (1, 3181)
[M::mem_pestat] skip orientation FF
[M::mem_pestat] skip orientation RF
[M::mem_pestat] skip orientation RR
[M::process] read 1475248 sequences (200000218 bp)...
[M::mem_process_seqs] Processed 1476334 reads in 461.727 CPU sec, 49.981 real sec
[M::mem_pestat] # candidate unique pairs for (FF, FR, RF, RR): (157, 565433, 128, 74)
[M::mem_pestat] analyzing insert size distribution for orientation FF...
[M::mem_pestat] (25, 50, 75) percentile: (336, 450, 709)
[M::mem_pestat] low and high boundaries for computing mean and std.dev: (1, 1455)
[M::mem_pestat] mean and std.dev: (484.96, 269.62)
[M::mem_pestat] low and high boundaries for proper pairs: (1, 1828)
[M::mem_pestat] analyzing insert size distribution for orientation FR...
[M::mem_pestat] (25, 50, 75) percentile: (278, 366, 472)
[M::mem_pestat] low and high boundaries for computing mean and std.dev: (1, 860)
[M::mem_pestat] mean and std.dev: (382.13, 144.98)
[M::mem_pestat] low and high boundaries for proper pairs: (1, 1054)
[M::mem_pestat] analyzing insert size distribution for orientation RF...
[M::mem_pestat] (25, 50, 75) percentile: (57, 476, 3321)
[M::mem_pestat] low and high boundaries for computing mean and std.dev: (1, 9849)
[M::mem_pestat] mean and std.dev: (1807.43, 2734.40)
[M::mem_pestat] low and high boundaries for proper pairs: (1, 13113)
[M::mem_pestat] analyzing insert size distribution for orientation RR...
[M::mem_pestat] (25, 50, 75) percentile: (261, 495, 1138)
[M::mem_pestat] low and high boundaries for computing mean and std.dev: (1, 2892)
[M::mem_pestat] mean and std.dev: (636.84, 530.61)
[M::mem_pestat] low and high boundaries for proper pairs: (1, 3769)
[M::mem_pestat] skip orientation FF
[M::mem_pestat] skip orientation RF
[M::mem_pestat] skip orientation RR
[M::mem_process_seqs] Processed 1475248 reads in 462.387 CPU sec, 74.001 real sec
[M::process] read 1471514 sequences (200000135 bp)...
[M::mem_pestat] # candidate unique pairs for (FF, FR, RF, RR): (161, 563609, 134, 58)
[M::mem_pestat] analyzing insert size distribution for orientation FF...
[M::mem_pestat] (25, 50, 75) percentile: (287, 441, 681)
[M::mem_pestat] low and high boundaries for computing mean and std.dev: (1, 1469)
[M::mem_pestat] mean and std.dev: (473.59, 244.89)
[M::mem_pestat] low and high boundaries for proper pairs: (1, 1863)
[M::mem_pestat] analyzing insert size distribution for orientation FR...
[M::mem_pestat] (25, 50, 75) percentile: (280, 369, 476)
[M::mem_pestat] low and high boundaries for computing mean and std.dev: (1, 868)
[M::mem_pestat] mean and std.dev: (385.35, 146.54)
[M::mem_pestat] low and high boundaries for proper pairs: (1, 1064)
[M::mem_pestat] analyzing insert size distribution for orientation RF...
[M::mem_pestat] (25, 50, 75) percentile: (50, 501, 2548)
[M::mem_pestat] low and high boundaries for computing mean and std.dev: (1, 7544)
[M::mem_pestat] mean and std.dev: (1316.90, 1831.74)
[M::mem_pestat] low and high boundaries for proper pairs: (1, 10042)
[M::mem_pestat] analyzing insert size distribution for orientation RR...
[M::mem_pestat] (25, 50, 75) percentile: (241, 467, 1077)
[M::mem_pestat] low and high boundaries for computing mean and std.dev: (1, 2749)
[M::mem_pestat] mean and std.dev: (629.18, 579.80)
[M::mem_pestat] low and high boundaries for proper pairs: (1, 3585)
[M::mem_pestat] skip orientation FF
[M::mem_pestat] skip orientation RF
[M::mem_pestat] skip orientation RR
[M::mem_process_seqs] Processed 1471514 reads in 449.860 CPU sec, 73.988 real sec
[M::process] read 1476496 sequences (200000234 bp)...
[M::process] read 1475902 sequences (200000077 bp)...
[M::mem_pestat] # candidate unique pairs for (FF, FR, RF, RR): (156, 563169, 121, 74)
[M::mem_pestat] analyzing insert size distribution for orientation FF...
[M::mem_pestat] (25, 50, 75) percentile: (290, 466, 681)
[M::mem_pestat] low and high boundaries for computing mean and std.dev: (1, 1463)
[M::mem_pestat] mean and std.dev: (493.38, 268.43)
[M::mem_pestat] low and high boundaries for proper pairs: (1, 1854)
[M::mem_pestat] analyzing insert size distribution for orientation FR...
[M::mem_pestat] (25, 50, 75) percentile: (280, 368, 476)
[M::mem_pestat] low and high boundaries for computing mean and std.dev: (1, 868)
[M::mem_pestat] mean and std.dev: (385.19, 146.35)
[M::mem_pestat] low and high boundaries for proper pairs: (1, 1064)
[M::mem_pestat] analyzing insert size distribution for orientation RF...
[M::mem_pestat] (25, 50, 75) percentile: (67, 462, 1277)
[M::mem_pestat] low and high boundaries for computing mean and std.dev: (1, 3697)
[M::mem_pestat] mean and std.dev: (706.98, 932.72)
[M::mem_pestat] low and high boundaries for proper pairs: (1, 4907)
[M::mem_pestat] analyzing insert size distribution for orientation RR...
[M::mem_pestat] (25, 50, 75) percentile: (228, 452, 1463)
[M::mem_pestat] low and high boundaries for computing mean and std.dev: (1, 3933)
[M::mem_pestat] mean and std.dev: (803.59, 864.29)
[M::mem_pestat] low and high boundaries for proper pairs: (1, 5168)
[M::mem_pestat] skip orientation FF
[M::mem_pestat] skip orientation RF
[M::mem_pestat] skip orientation RR
[M::mem_process_seqs] Processed 1476496 reads in 450.099 CPU sec, 46.336 real sec
[M::process] read 960246 sequences (130109809 bp)...
[M::mem_pestat] # candidate unique pairs for (FF, FR, RF, RR): (136, 561532, 117, 67)
[M::mem_pestat] analyzing insert size distribution for orientation FF...
[M::mem_pestat] (25, 50, 75) percentile: (316, 450, 700)
[M::mem_pestat] low and high boundaries for computing mean and std.dev: (1, 1468)
[M::mem_pestat] mean and std.dev: (495.21, 276.49)
[M::mem_pestat] low and high boundaries for proper pairs: (1, 1852)
[M::mem_pestat] analyzing insert size distribution for orientation FR...
[M::mem_pestat] (25, 50, 75) percentile: (280, 369, 477)
[M::mem_pestat] low and high boundaries for computing mean and std.dev: (1, 871)
[M::mem_pestat] mean and std.dev: (386.23, 146.85)
[M::mem_pestat] low and high boundaries for proper pairs: (1, 1068)
[M::mem_pestat] analyzing insert size distribution for orientation RF...
[M::mem_pestat] (25, 50, 75) percentile: (145, 626, 2604)
[M::mem_pestat] low and high boundaries for computing mean and std.dev: (1, 7522)
[M::mem_pestat] mean and std.dev: (1143.40, 1547.22)
[M::mem_pestat] low and high boundaries for proper pairs: (1, 9981)
[M::mem_pestat] analyzing insert size distribution for orientation RR...
[M::mem_pestat] (25, 50, 75) percentile: (278, 513, 894)
[M::mem_pestat] low and high boundaries for computing mean and std.dev: (1, 2126)
[M::mem_pestat] mean and std.dev: (529.68, 357.29)
[M::mem_pestat] low and high boundaries for proper pairs: (1, 2742)
[M::mem_pestat] skip orientation FF
[M::mem_pestat] skip orientation RF
[M::mem_pestat] skip orientation RR
[M::mem_process_seqs] Processed 1475902 reads in 455.308 CPU sec, 49.471 real sec
[M::mem_pestat] # candidate unique pairs for (FF, FR, RF, RR): (105, 364580, 75, 56)
[M::mem_pestat] analyzing insert size distribution for orientation FF...
[M::mem_pestat] (25, 50, 75) percentile: (357, 596, 1052)
[M::mem_pestat] low and high boundaries for computing mean and std.dev: (1, 2442)
[M::mem_pestat] mean and std.dev: (656.71, 461.46)
[M::mem_pestat] low and high boundaries for proper pairs: (1, 3137)
[M::mem_pestat] analyzing insert size distribution for orientation FR...
[M::mem_pestat] (25, 50, 75) percentile: (279, 367, 473)
[M::mem_pestat] low and high boundaries for computing mean and std.dev: (1, 861)
[M::mem_pestat] mean and std.dev: (383.75, 144.65)
[M::mem_pestat] low and high boundaries for proper pairs: (1, 1055)
[M::mem_pestat] analyzing insert size distribution for orientation RF...
[M::mem_pestat] (25, 50, 75) percentile: (126, 581, 1587)
[M::mem_pestat] low and high boundaries for computing mean and std.dev: (1, 4509)
[M::mem_pestat] mean and std.dev: (702.86, 874.44)
[M::mem_pestat] low and high boundaries for proper pairs: (1, 5970)
[M::mem_pestat] analyzing insert size distribution for orientation RR...
[M::mem_pestat] (25, 50, 75) percentile: (248, 428, 727)
[M::mem_pestat] low and high boundaries for computing mean and std.dev: (1, 1685)
[M::mem_pestat] mean and std.dev: (460.06, 351.39)
[M::mem_pestat] low and high boundaries for proper pairs: (1, 2164)
[M::mem_pestat] skip orientation FF
[M::mem_pestat] skip orientation RF
[M::mem_pestat] skip orientation RR
[M::mem_process_seqs] Processed 960246 reads in 300.290 CPU sec, 33.813 real sec
[main] Version: 0.7.17-r1188
samblaster: Marked 3800146 of 43033042 (8.83%) read ids as duplicates[main] CMD: bwa using 848444k memory in  mem1M -t 2042S -R(102.272S) @RG\tID:TL_LL_19T_092\tPL:ILLUMINA\tPU:HJMNCDSX7.1\tSM:TL_LL_19T_092\tCN:MCGILL\tBC:AACCGAGTTC-NCCAGAGATC CPU seconds and  /storage/scratch/iee/dj20y461/Stickleback/G_aculeatus/FITNESS//data/ref_A_X/stickleback_v5_assembly_A_X.fasta /storage/scratch/iee/dj20y461/Stickleback/G_aculeatus/FITNESS//data/trimmed/TL_LL_19T_092.R1.trimmed.fastq.gz52M /storage/scratch/iee/dj20y461/Stickleback/G_aculeatus/FITNESS//data/trimmed/TL_LL_19T_092.R2.trimmed.fastq.gz18S(3138S)
[main] Real time: 3138.488 sec; CPU: 26608.208 sec
 wall time.
[bam_sort_core] merging from 40 files and 20 in-memory blocks...
