samblaster: Version 0.1.24
samblaster: Inputting from stdin
samblaster: Outputting to stdout
[M::bwa_idx_load_from_disk] read 0 ALT contigs
[M::process] read 1467846 sequences (200000176 bp)...
[M::mem_pestat] # candidate unique pairs for (FF, FR, RF, RR): (98, 568603, 130, 42)
[M::mem_pestat] analyzing insert size distribution for orientation FF...
[M::mem_pestat] (25, 50, 75) percentile: (306, 461, 742)
[M::mem_pestat] low and high boundaries for computing mean and std.dev: (1, 1614)
[M::mem_pestat] mean and std.dev: (513.21, 298.32)
[M::mem_pestat] low and high boundaries for proper pairs: (1, 2050)
[M::mem_pestat] analyzing insert size distribution for orientation FR...
[M::mem_pestat] (25, 50, 75) percentile: (297, 393, 500)
[M::mem_pestat] low and high boundaries for computing mean and std.dev: (1, 906)
[M::mem_pestat] mean and std.dev: (405.61, 152.01)
[M::mem_pestat] low and high boundaries for proper pairs: (1, 1109)
[M::mem_pestat] analyzing insert size distribution for orientation RF...
[M::mem_pestat] (25, 50, 75) percentile: (135, 835, 3689)
[M::mem_pestat] low and high boundaries for computing mean and std.dev: (1, 10797)
[M::mem_pestat] mean and std.dev: (2231.52, 2706.45)
[M::mem_pestat] low and high boundaries for proper pairs: (1, 14351)
[M::mem_pestat] analyzing insert size distribution for orientation RR...
[M::mem_pestat] (25, 50, 75) percentile: (317, 423, 1532)
[M::mem_pestat] low and high boundaries for computing mean and std.dev: (1, 3962)
[M::mem_pestat] mean and std.dev: (779.32, 783.26)
[M::mem_pestat] low and high boundaries for proper pairs: (1, 5177)
[M::mem_pestat] skip orientation FF
[M::mem_pestat] skip orientation RF
[M::mem_pestat] skip orientation RR
[M::mem_process_seqs] Processed 1467846 reads in 475.288 CPU sec, 114.062 real sec
samblaster: Loaded 23 header sequence entries.
[M::process] read 1464322 sequences (200000265 bp)...
[M::process] read 1463464 sequences (200000014 bp)...
[M::mem_pestat] # candidate unique pairs for (FF, FR, RF, RR): (109, 567030, 150, 51)
[M::mem_pestat] analyzing insert size distribution for orientation FF...
[M::mem_pestat] (25, 50, 75) percentile: (356, 513, 878)
[M::mem_pestat] low and high boundaries for computing mean and std.dev: (1, 1922)
[M::mem_pestat] mean and std.dev: (564.04, 331.36)
[M::mem_pestat] low and high boundaries for proper pairs: (1, 2444)
[M::mem_pestat] analyzing insert size distribution for orientation FR...
[M::mem_pestat] (25, 50, 75) percentile: (297, 392, 500)
[M::mem_pestat] low and high boundaries for computing mean and std.dev: (1, 906)
[M::mem_pestat] mean and std.dev: (405.29, 151.71)
[M::mem_pestat] low and high boundaries for proper pairs: (1, 1109)
[M::mem_pestat] analyzing insert size distribution for orientation RF...
[M::mem_pestat] (25, 50, 75) percentile: (102, 601, 2332)
[M::mem_pestat] low and high boundaries for computing mean and std.dev: (1, 6792)
[M::mem_pestat] mean and std.dev: (1306.11, 1723.35)
[M::mem_pestat] low and high boundaries for proper pairs: (1, 9022)
[M::mem_pestat] analyzing insert size distribution for orientation RR...
[M::mem_pestat] (25, 50, 75) percentile: (274, 562, 1101)
[M::mem_pestat] low and high boundaries for computing mean and std.dev: (1, 2755)
[M::mem_pestat] mean and std.dev: (616.09, 597.99)
[M::mem_pestat] low and high boundaries for proper pairs: (1, 3582)
[M::mem_pestat] skip orientation FF
[M::mem_pestat] skip orientation RF
[M::mem_pestat] skip orientation RR
[M::mem_process_seqs] Processed 1464322 reads in 447.455 CPU sec, 50.312 real sec
[M::mem_pestat] # candidate unique pairs for (FF, FR, RF, RR): (112, 566570, 118, 54)
[M::mem_pestat] analyzing insert size distribution for orientation FF...
[M::mem_pestat] (25, 50, 75) percentile: (318, 482, 778)
[M::mem_pestat] low and high boundaries for computing mean and std.dev: (1, 1698)
[M::mem_pestat] mean and std.dev: (520.99, 303.05)
[M::mem_pestat] low and high boundaries for proper pairs: (1, 2158)
[M::mem_pestat] analyzing insert size distribution for orientation FR...
[M::mem_pestat] (25, 50, 75) percentile: (298, 394, 502)
[M::mem_pestat] low and high boundaries for computing mean and std.dev: (1, 910)
[M::mem_pestat] mean and std.dev: (406.97, 152.36)
[M::mem_pestat] low and high boundaries for proper pairs: (1, 1114)
[M::mem_pestat] analyzing insert size distribution for orientation RF...
[M::mem_pestat] (25, 50, 75) percentile: (73, 363, 2929)
[M::mem_pestat] low and high boundaries for computing mean and std.dev: (1, 8641)
[M::mem_pestat] mean and std.dev: (1484.72, 2126.29)
[M::mem_pestat] low and high boundaries for proper pairs: (1, 11497)
[M::mem_pestat] analyzing insert size distribution for orientation RR...
[M::mem_pestat] (25, 50, 75) percentile: (254, 547, 1650)
[M::mem_pestat] low and high boundaries for computing mean and std.dev: (1, 4442)
[M::mem_pestat] mean and std.dev: (978.56, 1110.56)
[M::mem_pestat] low and high boundaries for proper pairs: (1, 5838)
[M::mem_pestat] skip orientation FF
[M::mem_pestat] skip orientation RF
[M::mem_pestat] skip orientation RR
[M::process] read 1462906 sequences (200000081 bp)...
[M::mem_process_seqs] Processed 1463464 reads in 447.082 CPU sec, 49.491 real sec
[M::process] read 1468886 sequences (200000086 bp)...
[M::mem_pestat] # candidate unique pairs for (FF, FR, RF, RR): (113, 565040, 159, 59)
[M::mem_pestat] analyzing insert size distribution for orientation FF...
[M::mem_pestat] (25, 50, 75) percentile: (333, 521, 756)
[M::mem_pestat] low and high boundaries for computing mean and std.dev: (1, 1602)
[M::mem_pestat] mean and std.dev: (494.32, 239.04)
[M::mem_pestat] low and high boundaries for proper pairs: (1, 2025)
[M::mem_pestat] analyzing insert size distribution for orientation FR...
[M::mem_pestat] (25, 50, 75) percentile: (297, 393, 502)
[M::mem_pestat] low and high boundaries for computing mean and std.dev: (1, 912)
[M::mem_pestat] mean and std.dev: (406.27, 152.43)
[M::mem_pestat] low and high boundaries for proper pairs: (1, 1117)
[M::mem_pestat] analyzing insert size distribution for orientation RF...
[M::mem_pestat] (25, 50, 75) percentile: (77, 399, 2832)
[M::mem_pestat] low and high boundaries for computing mean and std.dev: (1, 8342)
[M::mem_pestat] mean and std.dev: (1437.70, 2093.10)
[M::mem_pestat] low and high boundaries for proper pairs: (1, 11097)
[M::mem_pestat] analyzing insert size distribution for orientation RR...
[M::mem_pestat] (25, 50, 75) percentile: (263, 391, 912)
[M::mem_pestat] low and high boundaries for computing mean and std.dev: (1, 2210)
[M::mem_pestat] mean and std.dev: (593.96, 521.67)
[M::mem_pestat] low and high boundaries for proper pairs: (1, 2859)
[M::mem_pestat] skip orientation FF
[M::mem_pestat] skip orientation RF
[M::mem_pestat] skip orientation RR
[M::mem_process_seqs] Processed 1462906 reads in 449.515 CPU sec, 50.369 real sec
[M::process] read 1465340 sequences (200000189 bp)...
[M::mem_pestat] # candidate unique pairs for (FF, FR, RF, RR): (101, 563787, 155, 53)
[M::mem_pestat] analyzing insert size distribution for orientation FF...
[M::mem_pestat] (25, 50, 75) percentile: (318, 500, 952)
[M::mem_pestat] low and high boundaries for computing mean and std.dev: (1, 2220)
[M::mem_pestat] mean and std.dev: (599.12, 449.42)
[M::mem_pestat] low and high boundaries for proper pairs: (1, 2854)
[M::mem_pestat] analyzing insert size distribution for orientation FR...
[M::mem_pestat] (25, 50, 75) percentile: (295, 391, 497)
[M::mem_pestat] low and high boundaries for computing mean and std.dev: (1, 901)
[M::mem_pestat] mean and std.dev: (402.83, 150.11)
[M::mem_pestat] low and high boundaries for proper pairs: (1, 1103)
[M::mem_pestat] analyzing insert size distribution for orientation RF...
[M::mem_pestat] (25, 50, 75) percentile: (39, 280, 2668)
[M::mem_pestat] low and high boundaries for computing mean and std.dev: (1, 7926)
[M::mem_pestat] mean and std.dev: (1225.65, 1859.09)
[M::mem_pestat] low and high boundaries for proper pairs: (1, 10555)
[M::mem_pestat] analyzing insert size distribution for orientation RR...
[M::mem_pestat] (25, 50, 75) percentile: (163, 337, 704)
[M::mem_pestat] low and high boundaries for computing mean and std.dev: (1, 1786)
[M::mem_pestat] mean and std.dev: (382.79, 330.21)
[M::mem_pestat] low and high boundaries for proper pairs: (1, 2327)
[M::mem_pestat] skip orientation FF
[M::mem_pestat] skip orientation RF
[M::mem_pestat] skip orientation RR
[M::mem_process_seqs] Processed 1468886 reads in 470.542 CPU sec, 52.822 real sec
[M::mem_pestat] # candidate unique pairs for (FF, FR, RF, RR): (108, 568282, 151, 66)
[M::mem_pestat] analyzing insert size distribution for orientation FF...
[M::mem_pestat] (25, 50, 75) percentile: (308, 463, 699)
[M::mem_pestat] low and high boundaries for computing mean and std.dev: (1, 1481)
[M::mem_pestat] mean and std.dev: (495.01, 272.13)
[M::mem_pestat] low and high boundaries for proper pairs: (1, 1872)
[M::mem_pestat] analyzing insert size distribution for orientation FR...
[M::mem_pestat] (25, 50, 75) percentile: (299, 394, 503)
[M::mem_pestat] low and high boundaries for computing mean and std.dev: (1, 911)
[M::mem_pestat] mean and std.dev: (407.44, 152.92)
[M::mem_pestat] low and high boundaries for proper pairs: (1, 1115)
[M::mem_pestat] analyzing insert size distribution for orientation RF...
[M::mem_pestat] (25, 50, 75) percentile: (69, 386, 2443)
[M::mem_pestat] low and high boundaries for computing mean and std.dev: (1, 7191)
[M::mem_pestat] mean and std.dev: (1309.81, 1866.50)
[M::mem_pestat] low and high boundaries for proper pairs: (1, 9565)
[M::mem_pestat] analyzing insert size distribution for orientation RR...
[M::mem_pestat] (25, 50, 75) percentile: (226, 435, 1010)
[M::mem_pestat] low and high boundaries for computing mean and std.dev: (1, 2578)
[M::mem_pestat] mean and std.dev: (547.05, 478.17)
[M::mem_pestat] low and high boundaries for proper pairs: (1, 3362)
[M::mem_pestat] skip orientation FF
[M::mem_pestat] skip orientation RF
[M::mem_pestat] skip orientation RR
[M::process] read 1465438 sequences (200000207 bp)...
[M::mem_process_seqs] Processed 1465340 reads in 448.336 CPU sec, 49.017 real sec
[M::mem_pestat] # candidate unique pairs for (FF, FR, RF, RR): (103, 567197, 147, 58)
[M::mem_pestat] analyzing insert size distribution for orientation FF...
[M::mem_pestat] (25, 50, 75) percentile: (353, 509, 795)
[M::mem_pestat] low and high boundaries for computing mean and std.dev: (1, 1679)
[M::mem_pestat] mean and std.dev: (535.54, 301.87)
[M::mem_pestat] low and high boundaries for proper pairs: (1, 2121)
[M::mem_pestat] analyzing insert size distribution for orientation FR...
[M::mem_pestat] (25, 50, 75) percentile: (298, 394, 502)
[M::mem_pestat] low and high boundaries for computing mean and std.dev: (1, 910)
[M::mem_pestat] mean and std.dev: (407.09, 152.52)
[M::mem_pestat] low and high boundaries for proper pairs: (1, 1114)
[M::mem_pestat] analyzing insert size distribution for orientation RF...
[M::mem_pestat] (25, 50, 75) percentile: (84, 842, 3561)
[M::mem_pestat] low and high boundaries for computing mean and std.dev: (1, 10515)
[M::mem_pestat] mean and std.dev: (2151.27, 2686.53)
[M::mem_pestat] low and high boundaries for proper pairs: (1, 13992)
[M::mem_pestat] analyzing insert size distribution for orientation RR...
[M::mem_pestat] (25, 50, 75) percentile: (212, 584, 894)
[M::mem_pestat] low and high boundaries for computing mean and std.dev: (1, 2258)
[M::mem_pestat] mean and std.dev: (624.11, 495.49)
[M::mem_pestat] low and high boundaries for proper pairs: (1, 2940)
[M::mem_pestat] skip orientation FF
[M::mem_pestat] skip orientation RF
[M::mem_pestat] skip orientation RR
[M::process] read 1464716 sequences (200000076 bp)...
[M::mem_process_seqs] Processed 1465438 reads in 447.967 CPU sec, 48.734 real sec
[M::mem_pestat] # candidate unique pairs for (FF, FR, RF, RR): (129, 565228, 138, 47)
[M::mem_pestat] analyzing insert size distribution for orientation FF...
[M::mem_pestat] (25, 50, 75) percentile: (299, 495, 790)
[M::mem_pestat] low and high boundaries for computing mean and std.dev: (1, 1772)
[M::mem_pestat] mean and std.dev: (512.62, 318.17)
[M::mem_pestat] low and high boundaries for proper pairs: (1, 2263)
[M::mem_pestat] analyzing insert size distribution for orientation FR...
[M::mem_pestat] (25, 50, 75) percentile: (299, 395, 504)
[M::mem_pestat] low and high boundaries for computing mean and std.dev: (1, 914)
[M::mem_pestat] mean and std.dev: (408.37, 153.17)
[M::mem_pestat] low and high boundaries for proper pairs: (1, 1119)
[M::mem_pestat] analyzing insert size distribution for orientation RF...
[M::mem_pestat] (25, 50, 75) percentile: (94, 487, 2700)
[M::mem_pestat] low and high boundaries for computing mean and std.dev: (1, 7912)
[M::mem_pestat] mean and std.dev: (1471.09, 1948.06)
[M::mem_pestat] low and high boundaries for proper pairs: (1, 10518)
[M::mem_pestat] analyzing insert size distribution for orientation RR...
[M::mem_pestat] (25, 50, 75) percentile: (287, 467, 1201)
[M::mem_pestat] low and high boundaries for computing mean and std.dev: (1, 3029)
[M::mem_pestat] mean and std.dev: (752.58, 703.85)
[M::mem_pestat] low and high boundaries for proper pairs: (1, 3943)
[M::mem_pestat] skip orientation FF
[M::mem_pestat] skip orientation RF
[M::mem_pestat] skip orientation RR
[M::mem_process_seqs] Processed 1464716 reads in 467.863 CPU sec, 76.327 real sec
[M::process] read 1465184 sequences (200000015 bp)...
[M::process] read 1470492 sequences (200000065 bp)...
[M::mem_pestat] # candidate unique pairs for (FF, FR, RF, RR): (133, 564523, 131, 36)
[M::mem_pestat] analyzing insert size distribution for orientation FF...
[M::mem_pestat] (25, 50, 75) percentile: (376, 514, 788)
[M::mem_pestat] low and high boundaries for computing mean and std.dev: (1, 1612)
[M::mem_pestat] mean and std.dev: (525.87, 264.14)
[M::mem_pestat] low and high boundaries for proper pairs: (1, 2024)
[M::mem_pestat] analyzing insert size distribution for orientation FR...
[M::mem_pestat] (25, 50, 75) percentile: (299, 394, 503)
[M::mem_pestat] low and high boundaries for computing mean and std.dev: (1, 911)
[M::mem_pestat] mean and std.dev: (407.52, 152.26)
[M::mem_pestat] low and high boundaries for proper pairs: (1, 1115)
[M::mem_pestat] analyzing insert size distribution for orientation RF...
[M::mem_pestat] (25, 50, 75) percentile: (73, 515, 2914)
[M::mem_pestat] low and high boundaries for computing mean and std.dev: (1, 8596)
[M::mem_pestat] mean and std.dev: (1601.12, 2314.72)
[M::mem_pestat] low and high boundaries for proper pairs: (1, 11437)
[M::mem_pestat] analyzing insert size distribution for orientation RR...
[M::mem_pestat] (25, 50, 75) percentile: (354, 568, 2689)
[M::mem_pestat] low and high boundaries for computing mean and std.dev: (1, 7359)
[M::mem_pestat] mean and std.dev: (1237.34, 1443.86)
[M::mem_pestat] low and high boundaries for proper pairs: (1, 9694)
[M::mem_pestat] skip orientation FF
[M::mem_pestat] skip orientation RF
[M::mem_pestat] skip orientation RR
[M::mem_process_seqs] Processed 1465184 reads in 452.798 CPU sec, 47.572 real sec
[M::process] read 1467228 sequences (200000017 bp)...
[M::mem_pestat] # candidate unique pairs for (FF, FR, RF, RR): (111, 564712, 129, 71)
[M::mem_pestat] analyzing insert size distribution for orientation FF...
[M::mem_pestat] (25, 50, 75) percentile: (341, 514, 949)
[M::mem_pestat] low and high boundaries for computing mean and std.dev: (1, 2165)
[M::mem_pestat] mean and std.dev: (616.90, 431.11)
[M::mem_pestat] low and high boundaries for proper pairs: (1, 2773)
[M::mem_pestat] analyzing insert size distribution for orientation FR...
[M::mem_pestat] (25, 50, 75) percentile: (295, 390, 496)
[M::mem_pestat] low and high boundaries for computing mean and std.dev: (1, 898)
[M::mem_pestat] mean and std.dev: (401.43, 148.44)
[M::mem_pestat] low and high boundaries for proper pairs: (1, 1099)
[M::mem_pestat] analyzing insert size distribution for orientation RF...
[M::mem_pestat] (25, 50, 75) percentile: (74, 259, 3632)
[M::mem_pestat] low and high boundaries for computing mean and std.dev: (1, 10748)
[M::mem_pestat] mean and std.dev: (1863.81, 2698.74)
[M::mem_pestat] low and high boundaries for proper pairs: (1, 14306)
[M::mem_pestat] analyzing insert size distribution for orientation RR...
[M::mem_pestat] (25, 50, 75) percentile: (275, 446, 947)
[M::mem_pestat] low and high boundaries for computing mean and std.dev: (1, 2291)
[M::mem_pestat] mean and std.dev: (574.16, 468.76)
[M::mem_pestat] low and high boundaries for proper pairs: (1, 2963)
[M::mem_pestat] skip orientation FF
[M::mem_pestat] skip orientation RF
[M::mem_pestat] skip orientation RR
[M::mem_process_seqs] Processed 1470492 reads in 457.314 CPU sec, 50.026 real sec
[M::mem_pestat] # candidate unique pairs for (FF, FR, RF, RR): (87, 567979, 133, 56)
[M::mem_pestat] analyzing insert size distribution for orientation FF...
[M::mem_pestat] (25, 50, 75) percentile: (339, 514, 839)
[M::mem_pestat] low and high boundaries for computing mean and std.dev: (1, 1839)
[M::mem_pestat] mean and std.dev: (573.06, 367.17)
[M::mem_pestat] low and high boundaries for proper pairs: (1, 2339)
[M::mem_pestat] analyzing insert size distribution for orientation FR...
[M::mem_pestat] (25, 50, 75) percentile: (296, 390, 497)
[M::mem_pestat] low and high boundaries for computing mean and std.dev: (1, 899)
[M::mem_pestat] mean and std.dev: (402.53, 150.45)
[M::mem_pestat] low and high boundaries for proper pairs: (1, 1100)
[M::mem_pestat] analyzing insert size distribution for orientation RF...
[M::mem_pestat] (25, 50, 75) percentile: (63, 459, 2731)
[M::mem_pestat] low and high boundaries for computing mean and std.dev: (1, 8067)
[M::mem_pestat] mean and std.dev: (1434.18, 2047.82)
[M::mem_pestat] low and high boundaries for proper pairs: (1, 10735)
[M::mem_pestat] analyzing insert size distribution for orientation RR...
[M::mem_pestat] (25, 50, 75) percentile: (234, 604, 1740)
[M::mem_pestat] low and high boundaries for computing mean and std.dev: (1, 4752)
[M::mem_pestat] mean and std.dev: (1075.07, 1100.15)
[M::mem_pestat] low and high boundaries for proper pairs: (1, 6258)
[M::mem_pestat] skip orientation FF
[M::mem_pestat] skip orientation RF
[M::mem_pestat] skip orientation RR
[M::process] read 1467108 sequences (200000229 bp)...
[M::mem_process_seqs] Processed 1467228 reads in 448.509 CPU sec, 48.626 real sec
[M::mem_pestat] # candidate unique pairs for (FF, FR, RF, RR): (102, 567736, 144, 64)
[M::mem_pestat] analyzing insert size distribution for orientation FF...
[M::mem_pestat] (25, 50, 75) percentile: (306, 521, 811)
[M::mem_pestat] low and high boundaries for computing mean and std.dev: (1, 1821)
[M::mem_pestat] mean and std.dev: (549.48, 338.34)
[M::mem_pestat] low and high boundaries for proper pairs: (1, 2326)
[M::mem_pestat] analyzing insert size distribution for orientation FR...
[M::mem_pestat] (25, 50, 75) percentile: (296, 390, 497)
[M::mem_pestat] low and high boundaries for computing mean and std.dev: (1, 899)
[M::mem_pestat] mean and std.dev: (402.87, 150.64)
[M::mem_pestat] low and high boundaries for proper pairs: (1, 1100)
[M::mem_pestat] analyzing insert size distribution for orientation RF...
[M::mem_pestat] (25, 50, 75) percentile: (95, 610, 3096)
[M::mem_pestat] low and high boundaries for computing mean and std.dev: (1, 9098)
[M::mem_pestat] mean and std.dev: (1752.59, 2287.65)
[M::mem_pestat] low and high boundaries for proper pairs: (1, 12099)
[M::mem_pestat] analyzing insert size distribution for orientation RR...
[M::mem_pestat] (25, 50, 75) percentile: (312, 411, 748)
[M::mem_pestat] low and high boundaries for computing mean and std.dev: (1, 1620)
[M::mem_pestat] mean and std.dev: (479.59, 323.32)
[M::mem_pestat] low and high boundaries for proper pairs: (1, 2056)
[M::mem_pestat] skip orientation FF
[M::mem_pestat] skip orientation RF
[M::mem_pestat] skip orientation RR
[M::mem_process_seqs] Processed 1467108 reads in 462.126 CPU sec, 73.502 real sec
[M::process] read 1465860 sequences (200000287 bp)...
[M::process] read 1465328 sequences (200000003 bp)...
[M::mem_pestat] # candidate unique pairs for (FF, FR, RF, RR): (112, 566215, 128, 57)
[M::mem_pestat] analyzing insert size distribution for orientation FF...
[M::mem_pestat] (25, 50, 75) percentile: (384, 594, 895)
[M::mem_pestat] low and high boundaries for computing mean and std.dev: (1, 1917)
[M::mem_pestat] mean and std.dev: (618.96, 365.32)
[M::mem_pestat] low and high boundaries for proper pairs: (1, 2428)
[M::mem_pestat] analyzing insert size distribution for orientation FR...
[M::mem_pestat] (25, 50, 75) percentile: (297, 392, 500)
[M::mem_pestat] low and high boundaries for computing mean and std.dev: (1, 906)
[M::mem_pestat] mean and std.dev: (405.23, 151.54)
[M::mem_pestat] low and high boundaries for proper pairs: (1, 1109)
[M::mem_pestat] analyzing insert size distribution for orientation RF...
[M::mem_pestat] (25, 50, 75) percentile: (100, 659, 3735)
[M::mem_pestat] low and high boundaries for computing mean and std.dev: (1, 11005)
[M::mem_pestat] mean and std.dev: (2242.55, 2915.19)
[M::mem_pestat] low and high boundaries for proper pairs: (1, 14640)
[M::mem_pestat] analyzing insert size distribution for orientation RR...
[M::mem_pestat] (25, 50, 75) percentile: (288, 424, 981)
[M::mem_pestat] low and high boundaries for computing mean and std.dev: (1, 2367)
[M::mem_pestat] mean and std.dev: (516.49, 386.84)
[M::mem_pestat] low and high boundaries for proper pairs: (1, 3060)
[M::mem_pestat] skip orientation FF
[M::mem_pestat] skip orientation RF
[M::mem_pestat] skip orientation RR
[M::mem_process_seqs] Processed 1465860 reads in 450.981 CPU sec, 47.469 real sec
[M::mem_pestat] # candidate unique pairs for (FF, FR, RF, RR): (100, 564439, 147, 75)
[M::mem_pestat] analyzing insert size distribution for orientation FF...
[M::mem_pestat] (25, 50, 75) percentile: (359, 484, 851)
[M::mem_pestat] low and high boundaries for computing mean and std.dev: (1, 1835)
[M::mem_pestat] mean and std.dev: (549.66, 316.20)
[M::mem_pestat] low and high boundaries for proper pairs: (1, 2327)
[M::mem_pestat] analyzing insert size distribution for orientation FR...
[M::mem_pestat] (25, 50, 75) percentile: (297, 393, 500)
[M::mem_pestat] low and high boundaries for computing mean and std.dev: (1, 906)
[M::mem_pestat] mean and std.dev: (405.20, 151.30)
[M::mem_pestat] low and high boundaries for proper pairs: (1, 1109)
[M::mem_pestat] analyzing insert size distribution for orientation RF...
[M::mem_pestat] (25, 50, 75) percentile: (76, 419, 3008)
[M::mem_pestat] low and high boundaries for computing mean and std.dev: (1, 8872)
[M::mem_pestat] mean and std.dev: (1513.98, 2057.33)
[M::mem_pestat] low and high boundaries for proper pairs: (1, 11804)
[M::mem_pestat] analyzing insert size distribution for orientation RR...
[M::mem_pestat] (25, 50, 75) percentile: (209, 421, 999)
[M::mem_pestat] low and high boundaries for computing mean and std.dev: (1, 2579)
[M::mem_pestat] mean and std.dev: (577.43, 493.91)
[M::mem_pestat] low and high boundaries for proper pairs: (1, 3369)
[M::mem_pestat] skip orientation FF
[M::mem_pestat] skip orientation RF
[M::mem_pestat] skip orientation RR
[M::process] read 1472686 sequences (200000165 bp)...
[M::mem_process_seqs] Processed 1465328 reads in 453.645 CPU sec, 49.374 real sec
[M::mem_pestat] # candidate unique pairs for (FF, FR, RF, RR): (123, 564756, 117, 59)
[M::mem_pestat] analyzing insert size distribution for orientation FF...
[M::mem_pestat] (25, 50, 75) percentile: (332, 464, 684)
[M::mem_pestat] low and high boundaries for computing mean and std.dev: (1, 1388)
[M::mem_pestat] mean and std.dev: (489.49, 251.51)
[M::mem_pestat] low and high boundaries for proper pairs: (1, 1740)
[M::mem_pestat] analyzing insert size distribution for orientation FR...
[M::mem_pestat] (25, 50, 75) percentile: (294, 388, 493)
[M::mem_pestat] low and high boundaries for computing mean and std.dev: (1, 891)
[M::mem_pestat] mean and std.dev: (399.73, 147.35)
[M::mem_pestat] low and high boundaries for proper pairs: (1, 1090)
[M::mem_pestat] analyzing insert size distribution for orientation RF...
[M::mem_pestat] (25, 50, 75) percentile: (106, 462, 2871)
[M::mem_pestat] low and high boundaries for computing mean and std.dev: (1, 8401)
[M::mem_pestat] mean and std.dev: (1354.19, 1712.63)
[M::mem_pestat] low and high boundaries for proper pairs: (1, 11166)
[M::mem_pestat] analyzing insert size distribution for orientation RR...
[M::mem_pestat] (25, 50, 75) percentile: (189, 416, 1230)
[M::mem_pestat] low and high boundaries for computing mean and std.dev: (1, 3312)
[M::mem_pestat] mean and std.dev: (671.95, 611.76)
[M::mem_pestat] low and high boundaries for proper pairs: (1, 4353)
[M::mem_pestat] skip orientation FF
[M::mem_pestat] skip orientation RF
[M::mem_pestat] skip orientation RR
[M::process] read 1467052 sequences (200000272 bp)...
[M::mem_process_seqs] Processed 1472686 reads in 467.363 CPU sec, 51.347 real sec
[M::mem_pestat] # candidate unique pairs for (FF, FR, RF, RR): (109, 568506, 141, 67)
[M::mem_pestat] analyzing insert size distribution for orientation FF...
[M::mem_pestat] (25, 50, 75) percentile: (327, 441, 703)
[M::mem_pestat] low and high boundaries for computing mean and std.dev: (1, 1455)
[M::mem_pestat] mean and std.dev: (480.37, 248.61)
[M::mem_pestat] low and high boundaries for proper pairs: (1, 1831)
[M::mem_pestat] analyzing insert size distribution for orientation FR...
[M::mem_pestat] (25, 50, 75) percentile: (295, 389, 495)
[M::mem_pestat] low and high boundaries for computing mean and std.dev: (1, 895)
[M::mem_pestat] mean and std.dev: (401.76, 150.15)
[M::mem_pestat] low and high boundaries for proper pairs: (1, 1095)
[M::mem_pestat] analyzing insert size distribution for orientation RF...
[M::mem_pestat] (25, 50, 75) percentile: (69, 629, 3191)
[M::mem_pestat] low and high boundaries for computing mean and std.dev: (1, 9435)
[M::mem_pestat] mean and std.dev: (1863.34, 2377.41)
[M::mem_pestat] low and high boundaries for proper pairs: (1, 12557)
[M::mem_pestat] analyzing insert size distribution for orientation RR...
[M::mem_pestat] (25, 50, 75) percentile: (275, 430, 1399)
[M::mem_pestat] low and high boundaries for computing mean and std.dev: (1, 3647)
[M::mem_pestat] mean and std.dev: (746.19, 736.83)
[M::mem_pestat] low and high boundaries for proper pairs: (1, 4771)
[M::mem_pestat] skip orientation FF
[M::mem_pestat] skip orientation RF
[M::mem_pestat] skip orientation RR
[M::mem_process_seqs] Processed 1467052 reads in 462.895 CPU sec, 75.833 real sec
[M::process] read 1467040 sequences (200000141 bp)...
[M::process] read 1466612 sequences (200000050 bp)...
[M::mem_pestat] # candidate unique pairs for (FF, FR, RF, RR): (113, 567128, 124, 64)
[M::mem_pestat] analyzing insert size distribution for orientation FF...
[M::mem_pestat] (25, 50, 75) percentile: (268, 406, 769)
[M::mem_pestat] low and high boundaries for computing mean and std.dev: (1, 1771)
[M::mem_pestat] mean and std.dev: (540.84, 420.52)
[M::mem_pestat] low and high boundaries for proper pairs: (1, 2272)
[M::mem_pestat] analyzing insert size distribution for orientation FR...
[M::mem_pestat] (25, 50, 75) percentile: (295, 389, 495)
[M::mem_pestat] low and high boundaries for computing mean and std.dev: (1, 895)
[M::mem_pestat] mean and std.dev: (401.59, 149.73)
[M::mem_pestat] low and high boundaries for proper pairs: (1, 1095)
[M::mem_pestat] analyzing insert size distribution for orientation RF...
[M::mem_pestat] (25, 50, 75) percentile: (59, 414, 3192)
[M::mem_pestat] low and high boundaries for computing mean and std.dev: (1, 9458)
[M::mem_pestat] mean and std.dev: (1815.20, 2599.22)
[M::mem_pestat] low and high boundaries for proper pairs: (1, 12591)
[M::mem_pestat] analyzing insert size distribution for orientation RR...
[M::mem_pestat] (25, 50, 75) percentile: (200, 417, 1103)
[M::mem_pestat] low and high boundaries for computing mean and std.dev: (1, 2909)
[M::mem_pestat] mean and std.dev: (465.13, 440.29)
[M::mem_pestat] low and high boundaries for proper pairs: (1, 3812)
[M::mem_pestat] skip orientation FF
[M::mem_pestat] skip orientation RF
[M::mem_pestat] skip orientation RR
[M::mem_process_seqs] Processed 1467040 reads in 448.084 CPU sec, 46.936 real sec
[M::mem_pestat] # candidate unique pairs for (FF, FR, RF, RR): (105, 565927, 114, 64)
[M::mem_pestat] analyzing insert size distribution for orientation FF...
[M::mem_pestat] (25, 50, 75) percentile: (316, 472, 831)
[M::mem_pestat] low and high boundaries for computing mean and std.dev: (1, 1861)
[M::mem_pestat] mean and std.dev: (574.50, 375.20)
[M::mem_pestat] low and high boundaries for proper pairs: (1, 2376)
[M::mem_pestat] analyzing insert size distribution for orientation FR...
[M::mem_pestat] (25, 50, 75) percentile: (297, 392, 499)
[M::mem_pestat] low and high boundaries for computing mean and std.dev: (1, 903)
[M::mem_pestat] mean and std.dev: (404.32, 150.92)
[M::mem_pestat] low and high boundaries for proper pairs: (1, 1105)
[M::mem_pestat] analyzing insert size distribution for orientation RF...
[M::mem_pestat] (25, 50, 75) percentile: (115, 540, 3346)
[M::mem_pestat] low and high boundaries for computing mean and std.dev: (1, 9808)
[M::mem_pestat] mean and std.dev: (1822.39, 2332.71)
[M::mem_pestat] low and high boundaries for proper pairs: (1, 13039)
[M::mem_pestat] analyzing insert size distribution for orientation RR...
[M::mem_pestat] (25, 50, 75) percentile: (260, 437, 1333)
[M::mem_pestat] low and high boundaries for computing mean and std.dev: (1, 3479)
[M::mem_pestat] mean and std.dev: (784.08, 896.76)
[M::mem_pestat] low and high boundaries for proper pairs: (1, 4552)
[M::mem_pestat] skip orientation FF
[M::mem_pestat] skip orientation RF
[M::mem_pestat] skip orientation RR
[M::process] read 1465692 sequences (200000216 bp)...
[M::mem_process_seqs] Processed 1466612 reads in 451.150 CPU sec, 48.906 real sec
[M::mem_pestat] # candidate unique pairs for (FF, FR, RF, RR): (106, 564514, 132, 53)
[M::mem_pestat] analyzing insert size distribution for orientation FF...
[M::mem_pestat] (25, 50, 75) percentile: (350, 496, 736)
[M::mem_pestat] low and high boundaries for computing mean and std.dev: (1, 1508)
[M::mem_pestat] mean and std.dev: (547.14, 309.29)
[M::mem_pestat] low and high boundaries for proper pairs: (1, 1894)
[M::mem_pestat] analyzing insert size distribution for orientation FR...
[M::mem_pestat] (25, 50, 75) percentile: (297, 392, 499)
[M::mem_pestat] low and high boundaries for computing mean and std.dev: (1, 903)
[M::mem_pestat] mean and std.dev: (404.40, 150.74)
[M::mem_pestat] low and high boundaries for proper pairs: (1, 1105)
[M::mem_pestat] analyzing insert size distribution for orientation RF...
[M::mem_pestat] (25, 50, 75) percentile: (61, 535, 2562)
[M::mem_pestat] low and high boundaries for computing mean and std.dev: (1, 7564)
[M::mem_pestat] mean and std.dev: (1118.59, 1692.93)
[M::mem_pestat] low and high boundaries for proper pairs: (1, 10065)
[M::mem_pestat] analyzing insert size distribution for orientation RR...
[M::mem_pestat] (25, 50, 75) percentile: (207, 376, 660)
[M::mem_pestat] low and high boundaries for computing mean and std.dev: (1, 1566)
[M::mem_pestat] mean and std.dev: (421.00, 293.05)
[M::mem_pestat] low and high boundaries for proper pairs: (1, 2019)
[M::mem_pestat] skip orientation FF
[M::mem_pestat] skip orientation RF
[M::mem_pestat] skip orientation RR
[M::process] read 1473418 sequences (200000285 bp)...
[M::mem_process_seqs] Processed 1465692 reads in 452.708 CPU sec, 49.036 real sec
[M::mem_pestat] # candidate unique pairs for (FF, FR, RF, RR): (107, 565406, 161, 71)
[M::mem_pestat] analyzing insert size distribution for orientation FF...
[M::mem_pestat] (25, 50, 75) percentile: (324, 485, 723)
[M::mem_pestat] low and high boundaries for computing mean and std.dev: (1, 1521)
[M::mem_pestat] mean and std.dev: (511.88, 272.98)
[M::mem_pestat] low and high boundaries for proper pairs: (1, 1920)
[M::mem_pestat] analyzing insert size distribution for orientation FR...
[M::mem_pestat] (25, 50, 75) percentile: (293, 388, 492)
[M::mem_pestat] low and high boundaries for computing mean and std.dev: (1, 890)
[M::mem_pestat] mean and std.dev: (398.86, 146.95)
[M::mem_pestat] low and high boundaries for proper pairs: (1, 1089)
[M::mem_pestat] analyzing insert size distribution for orientation RF...
[M::mem_pestat] (25, 50, 75) percentile: (58, 300, 2995)
[M::mem_pestat] low and high boundaries for computing mean and std.dev: (1, 8869)
[M::mem_pestat] mean and std.dev: (1690.68, 2328.32)
[M::mem_pestat] low and high boundaries for proper pairs: (1, 11806)
[M::mem_pestat] analyzing insert size distribution for orientation RR...
[M::mem_pestat] (25, 50, 75) percentile: (242, 427, 929)
[M::mem_pestat] low and high boundaries for computing mean and std.dev: (1, 2303)
[M::mem_pestat] mean and std.dev: (514.40, 440.04)
[M::mem_pestat] low and high boundaries for proper pairs: (1, 2990)
[M::mem_pestat] skip orientation FF
[M::mem_pestat] skip orientation RF
[M::mem_pestat] skip orientation RR
[M::process] read 1467006 sequences (200000131 bp)...
[M::mem_process_seqs] Processed 1473418 reads in 456.615 CPU sec, 49.536 real sec
[M::mem_pestat] # candidate unique pairs for (FF, FR, RF, RR): (118, 568973, 128, 58)
[M::mem_pestat] analyzing insert size distribution for orientation FF...
[M::mem_pestat] (25, 50, 75) percentile: (302, 458, 685)
[M::mem_pestat] low and high boundaries for computing mean and std.dev: (1, 1451)
[M::mem_pestat] mean and std.dev: (484.04, 310.00)
[M::mem_pestat] low and high boundaries for proper pairs: (1, 1834)
[M::mem_pestat] analyzing insert size distribution for orientation FR...
[M::mem_pestat] (25, 50, 75) percentile: (295, 389, 496)
[M::mem_pestat] low and high boundaries for computing mean and std.dev: (1, 898)
[M::mem_pestat] mean and std.dev: (401.89, 150.47)
[M::mem_pestat] low and high boundaries for proper pairs: (1, 1099)
[M::mem_pestat] analyzing insert size distribution for orientation RF...
[M::mem_pestat] (25, 50, 75) percentile: (57, 403, 2259)
[M::mem_pestat] low and high boundaries for computing mean and std.dev: (1, 6663)
[M::mem_pestat] mean and std.dev: (973.83, 1479.93)
[M::mem_pestat] low and high boundaries for proper pairs: (1, 8865)
[M::mem_pestat] analyzing insert size distribution for orientation RR...
[M::mem_pestat] (25, 50, 75) percentile: (278, 518, 954)
[M::mem_pestat] low and high boundaries for computing mean and std.dev: (1, 2306)
[M::mem_pestat] mean and std.dev: (556.02, 416.55)
[M::mem_pestat] low and high boundaries for proper pairs: (1, 2982)
[M::mem_pestat] skip orientation FF
[M::mem_pestat] skip orientation RF
[M::mem_pestat] skip orientation RR
[M::mem_process_seqs] Processed 1467006 reads in 460.850 CPU sec, 74.052 real sec
[M::process] read 1466386 sequences (200000139 bp)...
[M::process] read 1467098 sequences (200000066 bp)...
[M::mem_pestat] # candidate unique pairs for (FF, FR, RF, RR): (107, 567302, 150, 58)
[M::mem_pestat] analyzing insert size distribution for orientation FF...
[M::mem_pestat] (25, 50, 75) percentile: (296, 449, 864)
[M::mem_pestat] low and high boundaries for computing mean and std.dev: (1, 2000)
[M::mem_pestat] mean and std.dev: (578.09, 408.93)
[M::mem_pestat] low and high boundaries for proper pairs: (1, 2568)
[M::mem_pestat] analyzing insert size distribution for orientation FR...
[M::mem_pestat] (25, 50, 75) percentile: (296, 391, 498)
[M::mem_pestat] low and high boundaries for computing mean and std.dev: (1, 902)
[M::mem_pestat] mean and std.dev: (403.63, 151.33)
[M::mem_pestat] low and high boundaries for proper pairs: (1, 1104)
[M::mem_pestat] analyzing insert size distribution for orientation RF...
[M::mem_pestat] (25, 50, 75) percentile: (87, 525, 3082)
[M::mem_pestat] low and high boundaries for computing mean and std.dev: (1, 9072)
[M::mem_pestat] mean and std.dev: (1596.49, 2213.67)
[M::mem_pestat] low and high boundaries for proper pairs: (1, 12067)
[M::mem_pestat] analyzing insert size distribution for orientation RR...
[M::mem_pestat] (25, 50, 75) percentile: (288, 552, 1346)
[M::mem_pestat] low and high boundaries for computing mean and std.dev: (1, 3462)
[M::mem_pestat] mean and std.dev: (789.61, 630.37)
[M::mem_pestat] low and high boundaries for proper pairs: (1, 4520)
[M::mem_pestat] skip orientation FF
[M::mem_pestat] skip orientation RF
[M::mem_pestat] skip orientation RR
[M::mem_process_seqs] Processed 1466386 reads in 447.104 CPU sec, 47.425 real sec
[M::mem_pestat] # candidate unique pairs for (FF, FR, RF, RR): (120, 566137, 115, 64)
[M::mem_pestat] analyzing insert size distribution for orientation FF...
[M::mem_pestat] (25, 50, 75) percentile: (291, 436, 867)
[M::mem_pestat] low and high boundaries for computing mean and std.dev: (1, 2019)
[M::mem_pestat] mean and std.dev: (542.72, 379.90)
[M::mem_pestat] low and high boundaries for proper pairs: (1, 2595)
[M::mem_pestat] analyzing insert size distribution for orientation FR...
[M::mem_pestat] (25, 50, 75) percentile: (297, 392, 499)
[M::mem_pestat] low and high boundaries for computing mean and std.dev: (1, 903)
[M::mem_pestat] mean and std.dev: (404.91, 150.86)
[M::mem_pestat] low and high boundaries for proper pairs: (1, 1105)
[M::mem_pestat] analyzing insert size distribution for orientation RF...
[M::mem_pestat] (25, 50, 75) percentile: (116, 1126, 4009)
[M::mem_pestat] low and high boundaries for computing mean and std.dev: (1, 11795)
[M::mem_pestat] mean and std.dev: (2331.10, 2686.48)
[M::mem_pestat] low and high boundaries for proper pairs: (1, 15688)
[M::mem_pestat] analyzing insert size distribution for orientation RR...
[M::mem_pestat] (25, 50, 75) percentile: (320, 724, 1515)
[M::mem_pestat] low and high boundaries for computing mean and std.dev: (1, 3905)
[M::mem_pestat] mean and std.dev: (815.96, 770.71)
[M::mem_pestat] low and high boundaries for proper pairs: (1, 5100)
[M::mem_pestat] skip orientation FF
[M::mem_pestat] skip orientation RF
[M::mem_pestat] skip orientation RR
[M::mem_process_seqs] Processed 1467098 reads in 469.371 CPU sec, 78.381 real sec
[M::process] read 1467894 sequences (200000137 bp)...
[M::process] read 1477704 sequences (200000156 bp)...
[M::mem_pestat] # candidate unique pairs for (FF, FR, RF, RR): (108, 564173, 146, 58)
[M::mem_pestat] analyzing insert size distribution for orientation FF...
[M::mem_pestat] (25, 50, 75) percentile: (295, 490, 678)
[M::mem_pestat] low and high boundaries for computing mean and std.dev: (1, 1444)
[M::mem_pestat] mean and std.dev: (481.21, 256.67)
[M::mem_pestat] low and high boundaries for proper pairs: (1, 1827)
[M::mem_pestat] analyzing insert size distribution for orientation FR...
[M::mem_pestat] (25, 50, 75) percentile: (296, 392, 498)
[M::mem_pestat] low and high boundaries for computing mean and std.dev: (1, 902)
[M::mem_pestat] mean and std.dev: (403.79, 150.08)
[M::mem_pestat] low and high boundaries for proper pairs: (1, 1104)
[M::mem_pestat] analyzing insert size distribution for orientation RF...
[M::mem_pestat] (25, 50, 75) percentile: (69, 274, 2253)
[M::mem_pestat] low and high boundaries for computing mean and std.dev: (1, 6621)
[M::mem_pestat] mean and std.dev: (1132.19, 1634.40)
[M::mem_pestat] low and high boundaries for proper pairs: (1, 8805)
[M::mem_pestat] analyzing insert size distribution for orientation RR...
[M::mem_pestat] (25, 50, 75) percentile: (286, 738, 1318)
[M::mem_pestat] low and high boundaries for computing mean and std.dev: (1, 3382)
[M::mem_pestat] mean and std.dev: (802.26, 686.81)
[M::mem_pestat] low and high boundaries for proper pairs: (1, 4414)
[M::mem_pestat] skip orientation FF
[M::mem_pestat] skip orientation RF
[M::mem_pestat] skip orientation RR
[M::mem_process_seqs] Processed 1467894 reads in 454.022 CPU sec, 48.332 real sec
[M::mem_pestat] # candidate unique pairs for (FF, FR, RF, RR): (107, 565791, 125, 54)
[M::mem_pestat] analyzing insert size distribution for orientation FF...
[M::mem_pestat] (25, 50, 75) percentile: (273, 452, 717)
[M::mem_pestat] low and high boundaries for computing mean and std.dev: (1, 1605)
[M::mem_pestat] mean and std.dev: (478.25, 273.10)
[M::mem_pestat] low and high boundaries for proper pairs: (1, 2049)
[M::mem_pestat] analyzing insert size distribution for orientation FR...
[M::mem_pestat] (25, 50, 75) percentile: (292, 386, 489)
[M::mem_pestat] low and high boundaries for computing mean and std.dev: (1, 883)
[M::mem_pestat] mean and std.dev: (396.51, 145.62)
[M::mem_pestat] low and high boundaries for proper pairs: (1, 1080)
[M::mem_pestat] analyzing insert size distribution for orientation RF...
[M::mem_pestat] (25, 50, 75) percentile: (92, 781, 3541)
[M::mem_pestat] low and high boundaries for computing mean and std.dev: (1, 10439)
[M::mem_pestat] mean and std.dev: (2090.22, 2580.65)
[M::mem_pestat] low and high boundaries for proper pairs: (1, 13888)
[M::mem_pestat] analyzing insert size distribution for orientation RR...
[M::mem_pestat] (25, 50, 75) percentile: (287, 507, 1598)
[M::mem_pestat] low and high boundaries for computing mean and std.dev: (1, 4220)
[M::mem_pestat] mean and std.dev: (939.02, 1053.40)
[M::mem_pestat] low and high boundaries for proper pairs: (1, 5531)
[M::mem_pestat] skip orientation FF
[M::mem_pestat] skip orientation RF
[M::mem_pestat] skip orientation RR
[M::process] read 1466690 sequences (200000133 bp)...
[M::mem_process_seqs] Processed 1477704 reads in 469.750 CPU sec, 51.066 real sec
[M::mem_pestat] # candidate unique pairs for (FF, FR, RF, RR): (97, 567824, 142, 59)
[M::mem_pestat] analyzing insert size distribution for orientation FF...
[M::mem_pestat] (25, 50, 75) percentile: (357, 561, 843)
[M::mem_pestat] low and high boundaries for computing mean and std.dev: (1, 1815)
[M::mem_pestat] mean and std.dev: (561.29, 341.23)
[M::mem_pestat] low and high boundaries for proper pairs: (1, 2301)
[M::mem_pestat] analyzing insert size distribution for orientation FR...
[M::mem_pestat] (25, 50, 75) percentile: (293, 388, 494)
[M::mem_pestat] low and high boundaries for computing mean and std.dev: (1, 896)
[M::mem_pestat] mean and std.dev: (400.53, 150.33)
[M::mem_pestat] low and high boundaries for proper pairs: (1, 1097)
[M::mem_pestat] analyzing insert size distribution for orientation RF...
[M::mem_pestat] (25, 50, 75) percentile: (55, 490, 2557)
[M::mem_pestat] low and high boundaries for computing mean and std.dev: (1, 7561)
[M::mem_pestat] mean and std.dev: (1443.66, 1920.22)
[M::mem_pestat] low and high boundaries for proper pairs: (1, 10063)
[M::mem_pestat] analyzing insert size distribution for orientation RR...
[M::mem_pestat] (25, 50, 75) percentile: (304, 493, 1526)
[M::mem_pestat] low and high boundaries for computing mean and std.dev: (1, 3970)
[M::mem_pestat] mean and std.dev: (691.49, 657.54)
[M::mem_pestat] low and high boundaries for proper pairs: (1, 5192)
[M::mem_pestat] skip orientation FF
[M::mem_pestat] skip orientation RF
[M::mem_pestat] skip orientation RR
[M::process] read 1467016 sequences (200000224 bp)...
[M::mem_process_seqs] Processed 1466690 reads in 447.628 CPU sec, 48.645 real sec
[M::mem_pestat] # candidate unique pairs for (FF, FR, RF, RR): (92, 567259, 129, 68)
[M::mem_pestat] analyzing insert size distribution for orientation FF...
[M::mem_pestat] (25, 50, 75) percentile: (353, 482, 1014)
[M::mem_pestat] low and high boundaries for computing mean and std.dev: (1, 2336)
[M::mem_pestat] mean and std.dev: (600.08, 407.37)
[M::mem_pestat] low and high boundaries for proper pairs: (1, 2997)
[M::mem_pestat] analyzing insert size distribution for orientation FR...
[M::mem_pestat] (25, 50, 75) percentile: (295, 390, 497)
[M::mem_pestat] low and high boundaries for computing mean and std.dev: (1, 901)
[M::mem_pestat] mean and std.dev: (402.56, 150.50)
[M::mem_pestat] low and high boundaries for proper pairs: (1, 1103)
[M::mem_pestat] analyzing insert size distribution for orientation RF...
[M::mem_pestat] (25, 50, 75) percentile: (53, 343, 2473)
[M::mem_pestat] low and high boundaries for computing mean and std.dev: (1, 7313)
[M::mem_pestat] mean and std.dev: (1145.62, 1788.26)
[M::mem_pestat] low and high boundaries for proper pairs: (1, 9733)
[M::mem_pestat] analyzing insert size distribution for orientation RR...
[M::mem_pestat] (25, 50, 75) percentile: (220, 532, 1061)
[M::mem_pestat] low and high boundaries for computing mean and std.dev: (1, 2743)
[M::mem_pestat] mean and std.dev: (624.37, 554.25)
[M::mem_pestat] low and high boundaries for proper pairs: (1, 3584)
[M::mem_pestat] skip orientation FF
[M::mem_pestat] skip orientation RF
[M::mem_pestat] skip orientation RR
[M::process] read 1467768 sequences (200000000 bp)...
[M::mem_process_seqs] Processed 1467016 reads in 448.707 CPU sec, 48.656 real sec
[M::mem_pestat] # candidate unique pairs for (FF, FR, RF, RR): (104, 566378, 114, 67)
[M::mem_pestat] analyzing insert size distribution for orientation FF...
[M::mem_pestat] (25, 50, 75) percentile: (351, 454, 769)
[M::mem_pestat] low and high boundaries for computing mean and std.dev: (1, 1605)
[M::mem_pestat] mean and std.dev: (518.45, 287.60)
[M::mem_pestat] low and high boundaries for proper pairs: (1, 2023)
[M::mem_pestat] analyzing insert size distribution for orientation FR...
[M::mem_pestat] (25, 50, 75) percentile: (296, 390, 497)
[M::mem_pestat] low and high boundaries for computing mean and std.dev: (1, 899)
[M::mem_pestat] mean and std.dev: (402.54, 149.89)
[M::mem_pestat] low and high boundaries for proper pairs: (1, 1100)
[M::mem_pestat] analyzing insert size distribution for orientation RF...
[M::mem_pestat] (25, 50, 75) percentile: (49, 446, 2774)
[M::mem_pestat] low and high boundaries for computing mean and std.dev: (1, 8224)
[M::mem_pestat] mean and std.dev: (1173.47, 1725.64)
[M::mem_pestat] low and high boundaries for proper pairs: (1, 10949)
[M::mem_pestat] analyzing insert size distribution for orientation RR...
[M::mem_pestat] (25, 50, 75) percentile: (294, 495, 788)
[M::mem_pestat] low and high boundaries for computing mean and std.dev: (1, 1776)
[M::mem_pestat] mean and std.dev: (542.98, 374.38)
[M::mem_pestat] low and high boundaries for proper pairs: (1, 2270)
[M::mem_pestat] skip orientation FF
[M::mem_pestat] skip orientation RF
[M::mem_pestat] skip orientation RR
[M::mem_process_seqs] Processed 1467768 reads in 465.305 CPU sec, 76.308 real sec
[M::process] read 1467762 sequences (200000247 bp)...
[M::mem_pestat] # candidate unique pairs for (FF, FR, RF, RR): (106, 564951, 145, 51)
[M::mem_pestat] analyzing insert size distribution for orientation FF...
[M::mem_pestat] (25, 50, 75) percentile: (346, 511, 805)
[M::mem_pestat] low and high boundaries for computing mean and std.dev: (1, 1723)
[M::mem_pestat] mean and std.dev: (522.47, 308.19)
[M::mem_pestat] low and high boundaries for proper pairs: (1, 2182)
[M::mem_pestat] analyzing insert size distribution for orientation FR...
[M::mem_pestat] (25, 50, 75) percentile: (294, 389, 495)
[M::mem_pestat] low and high boundaries for computing mean and std.dev: (1, 897)
[M::mem_pestat] mean and std.dev: (401.33, 149.38)
[M::mem_pestat] low and high boundaries for proper pairs: (1, 1098)
[M::mem_pestat] analyzing insert size distribution for orientation RF...
[M::mem_pestat] (25, 50, 75) percentile: (76, 566, 2655)
[M::mem_pestat] low and high boundaries for computing mean and std.dev: (1, 7813)
[M::mem_pestat] mean and std.dev: (1368.49, 1862.47)
[M::mem_pestat] low and high boundaries for proper pairs: (1, 10392)
[M::mem_pestat] analyzing insert size distribution for orientation RR...
[M::mem_pestat] (25, 50, 75) percentile: (283, 394, 754)
[M::mem_pestat] low and high boundaries for computing mean and std.dev: (1, 1696)
[M::mem_pestat] mean and std.dev: (489.57, 304.41)
[M::mem_pestat] low and high boundaries for proper pairs: (1, 2167)
[M::mem_pestat] skip orientation FF
[M::mem_pestat] skip orientation RF
[M::mem_pestat] skip orientation RR
[M::mem_process_seqs] Processed 1467762 reads in 461.892 CPU sec, 89.457 real sec
[M::process] read 1476382 sequences (200000284 bp)...
[M::process] read 1470976 sequences (200000194 bp)...
[M::mem_pestat] # candidate unique pairs for (FF, FR, RF, RR): (100, 567085, 144, 50)
[M::mem_pestat] analyzing insert size distribution for orientation FF...
[M::mem_pestat] (25, 50, 75) percentile: (418, 602, 937)
[M::mem_pestat] low and high boundaries for computing mean and std.dev: (1, 1975)
[M::mem_pestat] mean and std.dev: (659.51, 381.50)
[M::mem_pestat] low and high boundaries for proper pairs: (1, 2494)
[M::mem_pestat] analyzing insert size distribution for orientation FR...
[M::mem_pestat] (25, 50, 75) percentile: (294, 389, 494)
[M::mem_pestat] low and high boundaries for computing mean and std.dev: (1, 894)
[M::mem_pestat] mean and std.dev: (400.53, 148.49)
[M::mem_pestat] low and high boundaries for proper pairs: (1, 1094)
[M::mem_pestat] analyzing insert size distribution for orientation RF...
[M::mem_pestat] (25, 50, 75) percentile: (83, 614, 3314)
[M::mem_pestat] low and high boundaries for computing mean and std.dev: (1, 9776)
[M::mem_pestat] mean and std.dev: (2010.74, 2536.95)
[M::mem_pestat] low and high boundaries for proper pairs: (1, 13007)
[M::mem_pestat] analyzing insert size distribution for orientation RR...
[M::mem_pestat] (25, 50, 75) percentile: (229, 398, 1070)
[M::mem_pestat] low and high boundaries for computing mean and std.dev: (1, 2752)
[M::mem_pestat] mean and std.dev: (653.77, 633.45)
[M::mem_pestat] low and high boundaries for proper pairs: (1, 3593)
[M::mem_pestat] skip orientation FF
[M::mem_pestat] skip orientation RF
[M::mem_pestat] skip orientation RR
[M::mem_process_seqs] Processed 1476382 reads in 453.147 CPU sec, 45.738 real sec
[M::mem_pestat] # candidate unique pairs for (FF, FR, RF, RR): (118, 569006, 142, 66)
[M::mem_pestat] analyzing insert size distribution for orientation FF...
[M::mem_pestat] (25, 50, 75) percentile: (343, 479, 754)
[M::mem_pestat] low and high boundaries for computing mean and std.dev: (1, 1576)
[M::mem_pestat] mean and std.dev: (549.77, 314.21)
[M::mem_pestat] low and high boundaries for proper pairs: (1, 1987)
[M::mem_pestat] analyzing insert size distribution for orientation FR...
[M::mem_pestat] (25, 50, 75) percentile: (300, 396, 506)
[M::mem_pestat] low and high boundaries for computing mean and std.dev: (1, 918)
[M::mem_pestat] mean and std.dev: (409.80, 154.68)
[M::mem_pestat] low and high boundaries for proper pairs: (1, 1124)
[M::mem_pestat] analyzing insert size distribution for orientation RF...
[M::mem_pestat] (25, 50, 75) percentile: (60, 430, 2997)
[M::mem_pestat] low and high boundaries for computing mean and std.dev: (1, 8871)
[M::mem_pestat] mean and std.dev: (1764.93, 2512.17)
[M::mem_pestat] low and high boundaries for proper pairs: (1, 11814)
[M::mem_pestat] analyzing insert size distribution for orientation RR...
[M::mem_pestat] (25, 50, 75) percentile: (225, 526, 1141)
[M::mem_pestat] low and high boundaries for computing mean and std.dev: (1, 2973)
[M::mem_pestat] mean and std.dev: (682.84, 621.64)
[M::mem_pestat] low and high boundaries for proper pairs: (1, 3889)
[M::mem_pestat] skip orientation FF
[M::mem_pestat] skip orientation RF
[M::mem_pestat] skip orientation RR
[M::process] read 1469112 sequences (200000045 bp)...
[M::mem_process_seqs] Processed 1470976 reads in 450.039 CPU sec, 48.839 real sec
[M::mem_pestat] # candidate unique pairs for (FF, FR, RF, RR): (115, 568089, 137, 63)
[M::mem_pestat] analyzing insert size distribution for orientation FF...
[M::mem_pestat] (25, 50, 75) percentile: (344, 504, 835)
[M::mem_pestat] low and high boundaries for computing mean and std.dev: (1, 1817)
[M::mem_pestat] mean and std.dev: (562.57, 355.88)
[M::mem_pestat] low and high boundaries for proper pairs: (1, 2308)
[M::mem_pestat] analyzing insert size distribution for orientation FR...
[M::mem_pestat] (25, 50, 75) percentile: (300, 396, 507)
[M::mem_pestat] low and high boundaries for computing mean and std.dev: (1, 921)
[M::mem_pestat] mean and std.dev: (410.48, 155.06)
[M::mem_pestat] low and high boundaries for proper pairs: (1, 1128)
[M::mem_pestat] analyzing insert size distribution for orientation RF...
[M::mem_pestat] (25, 50, 75) percentile: (78, 690, 3488)
[M::mem_pestat] low and high boundaries for computing mean and std.dev: (1, 10308)
[M::mem_pestat] mean and std.dev: (1962.88, 2514.22)
[M::mem_pestat] low and high boundaries for proper pairs: (1, 13718)
[M::mem_pestat] analyzing insert size distribution for orientation RR...
[M::mem_pestat] (25, 50, 75) percentile: (360, 589, 1069)
[M::mem_pestat] low and high boundaries for computing mean and std.dev: (1, 2487)
[M::mem_pestat] mean and std.dev: (648.88, 500.94)
[M::mem_pestat] low and high boundaries for proper pairs: (1, 3196)
[M::mem_pestat] skip orientation FF
[M::mem_pestat] skip orientation RF
[M::mem_pestat] skip orientation RR
[M::process] read 1468648 sequences (200000256 bp)...
[M::mem_process_seqs] Processed 1469112 reads in 452.119 CPU sec, 49.028 real sec
[M::mem_pestat] # candidate unique pairs for (FF, FR, RF, RR): (100, 567271, 130, 63)
[M::mem_pestat] analyzing insert size distribution for orientation FF...
[M::mem_pestat] (25, 50, 75) percentile: (277, 454, 830)
[M::mem_pestat] low and high boundaries for computing mean and std.dev: (1, 1936)
[M::mem_pestat] mean and std.dev: (543.92, 365.82)
[M::mem_pestat] low and high boundaries for proper pairs: (1, 2489)
[M::mem_pestat] analyzing insert size distribution for orientation FR...
[M::mem_pestat] (25, 50, 75) percentile: (301, 398, 509)
[M::mem_pestat] low and high boundaries for computing mean and std.dev: (1, 925)
[M::mem_pestat] mean and std.dev: (412.01, 156.33)
[M::mem_pestat] low and high boundaries for proper pairs: (1, 1133)
[M::mem_pestat] analyzing insert size distribution for orientation RF...
[M::mem_pestat] (25, 50, 75) percentile: (110, 330, 2031)
[M::mem_pestat] low and high boundaries for computing mean and std.dev: (1, 5873)
[M::mem_pestat] mean and std.dev: (1078.02, 1555.03)
[M::mem_pestat] low and high boundaries for proper pairs: (1, 7794)
[M::mem_pestat] analyzing insert size distribution for orientation RR...
[M::mem_pestat] (25, 50, 75) percentile: (354, 539, 1411)
[M::mem_pestat] low and high boundaries for computing mean and std.dev: (1, 3525)
[M::mem_pestat] mean and std.dev: (765.52, 673.91)
[M::mem_pestat] low and high boundaries for proper pairs: (1, 4582)
[M::mem_pestat] skip orientation FF
[M::mem_pestat] skip orientation RF
[M::mem_pestat] skip orientation RR
[M::process] read 1466480 sequences (200000228 bp)...
[M::mem_process_seqs] Processed 1468648 reads in 451.440 CPU sec, 48.995 real sec
[M::mem_pestat] # candidate unique pairs for (FF, FR, RF, RR): (95, 564089, 130, 62)
[M::mem_pestat] analyzing insert size distribution for orientation FF...
[M::mem_pestat] (25, 50, 75) percentile: (454, 681, 1115)
[M::mem_pestat] low and high boundaries for computing mean and std.dev: (1, 2437)
[M::mem_pestat] mean and std.dev: (745.85, 441.78)
[M::mem_pestat] low and high boundaries for proper pairs: (1, 3098)
[M::mem_pestat] analyzing insert size distribution for orientation FR...
[M::mem_pestat] (25, 50, 75) percentile: (300, 398, 509)
[M::mem_pestat] low and high boundaries for computing mean and std.dev: (1, 927)
[M::mem_pestat] mean and std.dev: (412.01, 156.80)
[M::mem_pestat] low and high boundaries for proper pairs: (1, 1136)
[M::mem_pestat] analyzing insert size distribution for orientation RF...
[M::mem_pestat] (25, 50, 75) percentile: (43, 510, 3250)
[M::mem_pestat] low and high boundaries for computing mean and std.dev: (1, 9664)
[M::mem_pestat] mean and std.dev: (1890.53, 2541.80)
[M::mem_pestat] low and high boundaries for proper pairs: (1, 12871)
[M::mem_pestat] analyzing insert size distribution for orientation RR...
[M::mem_pestat] (25, 50, 75) percentile: (209, 399, 767)
[M::mem_pestat] low and high boundaries for computing mean and std.dev: (1, 1883)
[M::mem_pestat] mean and std.dev: (437.19, 346.65)
[M::mem_pestat] low and high boundaries for proper pairs: (1, 2441)
[M::mem_pestat] skip orientation FF
[M::mem_pestat] skip orientation RF
[M::mem_pestat] skip orientation RR
[M::mem_process_seqs] Processed 1466480 reads in 469.930 CPU sec, 75.813 real sec
[M::process] read 1470720 sequences (200000246 bp)...
[M::process] read 1467946 sequences (200000227 bp)...
[M::mem_pestat] # candidate unique pairs for (FF, FR, RF, RR): (96, 567315, 153, 70)
[M::mem_pestat] analyzing insert size distribution for orientation FF...
[M::mem_pestat] (25, 50, 75) percentile: (324, 552, 865)
[M::mem_pestat] low and high boundaries for computing mean and std.dev: (1, 1947)
[M::mem_pestat] mean and std.dev: (589.03, 363.81)
[M::mem_pestat] low and high boundaries for proper pairs: (1, 2488)
[M::mem_pestat] analyzing insert size distribution for orientation FR...
[M::mem_pestat] (25, 50, 75) percentile: (299, 396, 506)
[M::mem_pestat] low and high boundaries for computing mean and std.dev: (1, 920)
[M::mem_pestat] mean and std.dev: (409.83, 155.15)
[M::mem_pestat] low and high boundaries for proper pairs: (1, 1127)
[M::mem_pestat] analyzing insert size distribution for orientation RF...
[M::mem_pestat] (25, 50, 75) percentile: (50, 317, 2988)
[M::mem_pestat] low and high boundaries for computing mean and std.dev: (1, 8864)
[M::mem_pestat] mean and std.dev: (1644.11, 2361.65)
[M::mem_pestat] low and high boundaries for proper pairs: (1, 11802)
[M::mem_pestat] analyzing insert size distribution for orientation RR...
[M::mem_pestat] (25, 50, 75) percentile: (238, 537, 1204)
[M::mem_pestat] low and high boundaries for computing mean and std.dev: (1, 3136)
[M::mem_pestat] mean and std.dev: (618.86, 562.28)
[M::mem_pestat] low and high boundaries for proper pairs: (1, 4102)
[M::mem_pestat] skip orientation FF
[M::mem_pestat] skip orientation RF
[M::mem_pestat] skip orientation RR
[M::mem_process_seqs] Processed 1470720 reads in 453.022 CPU sec, 47.380 real sec
[M::mem_pestat] # candidate unique pairs for (FF, FR, RF, RR): (121, 567495, 154, 66)
[M::mem_pestat] analyzing insert size distribution for orientation FF...
[M::mem_pestat] (25, 50, 75) percentile: (325, 442, 867)
[M::mem_pestat] low and high boundaries for computing mean and std.dev: (1, 1951)
[M::mem_pestat] mean and std.dev: (537.13, 342.28)
[M::mem_pestat] low and high boundaries for proper pairs: (1, 2493)
[M::mem_pestat] analyzing insert size distribution for orientation FR...
[M::mem_pestat] (25, 50, 75) percentile: (301, 397, 508)
[M::mem_pestat] low and high boundaries for computing mean and std.dev: (1, 922)
[M::mem_pestat] mean and std.dev: (410.89, 155.29)
[M::mem_pestat] low and high boundaries for proper pairs: (1, 1129)
[M::mem_pestat] analyzing insert size distribution for orientation RF...
[M::mem_pestat] (25, 50, 75) percentile: (70, 377, 3319)
[M::mem_pestat] low and high boundaries for computing mean and std.dev: (1, 9817)
[M::mem_pestat] mean and std.dev: (2018.41, 2765.74)
[M::mem_pestat] low and high boundaries for proper pairs: (1, 13081)
[M::mem_pestat] analyzing insert size distribution for orientation RR...
[M::mem_pestat] (25, 50, 75) percentile: (324, 529, 1153)
[M::mem_pestat] low and high boundaries for computing mean and std.dev: (1, 2811)
[M::mem_pestat] mean and std.dev: (676.31, 569.18)
[M::mem_pestat] low and high boundaries for proper pairs: (1, 3640)
[M::mem_pestat] skip orientation FF
[M::mem_pestat] skip orientation RF
[M::mem_pestat] skip orientation RR
[M::process] read 1468244 sequences (200000065 bp)...
[M::mem_process_seqs] Processed 1467946 reads in 451.400 CPU sec, 48.927 real sec
[M::mem_pestat] # candidate unique pairs for (FF, FR, RF, RR): (94, 566609, 136, 75)
[M::mem_pestat] analyzing insert size distribution for orientation FF...
[M::mem_pestat] (25, 50, 75) percentile: (351, 555, 963)
[M::mem_pestat] low and high boundaries for computing mean and std.dev: (1, 2187)
[M::mem_pestat] mean and std.dev: (600.55, 389.72)
[M::mem_pestat] low and high boundaries for proper pairs: (1, 2799)
[M::mem_pestat] analyzing insert size distribution for orientation FR...
[M::mem_pestat] (25, 50, 75) percentile: (302, 399, 510)
[M::mem_pestat] low and high boundaries for computing mean and std.dev: (1, 926)
[M::mem_pestat] mean and std.dev: (412.69, 156.02)
[M::mem_pestat] low and high boundaries for proper pairs: (1, 1134)
[M::mem_pestat] analyzing insert size distribution for orientation RF...
[M::mem_pestat] (25, 50, 75) percentile: (77, 390, 3584)
[M::mem_pestat] low and high boundaries for computing mean and std.dev: (1, 10598)
[M::mem_pestat] mean and std.dev: (2039.43, 2801.26)
[M::mem_pestat] low and high boundaries for proper pairs: (1, 14105)
[M::mem_pestat] analyzing insert size distribution for orientation RR...
[M::mem_pestat] (25, 50, 75) percentile: (343, 525, 1215)
[M::mem_pestat] low and high boundaries for computing mean and std.dev: (1, 2959)
[M::mem_pestat] mean and std.dev: (621.95, 549.96)
[M::mem_pestat] low and high boundaries for proper pairs: (1, 3831)
[M::mem_pestat] skip orientation FF
[M::mem_pestat] skip orientation RF
[M::mem_pestat] skip orientation RR
[M::process] read 1467388 sequences (200000240 bp)...
[M::mem_process_seqs] Processed 1468244 reads in 453.830 CPU sec, 49.210 real sec
[M::mem_pestat] # candidate unique pairs for (FF, FR, RF, RR): (111, 565288, 140, 68)
[M::mem_pestat] analyzing insert size distribution for orientation FF...
[M::mem_pestat] (25, 50, 75) percentile: (299, 492, 820)
[M::mem_pestat] low and high boundaries for computing mean and std.dev: (1, 1862)
[M::mem_pestat] mean and std.dev: (574.17, 379.04)
[M::mem_pestat] low and high boundaries for proper pairs: (1, 2383)
[M::mem_pestat] analyzing insert size distribution for orientation FR...
[M::mem_pestat] (25, 50, 75) percentile: (302, 399, 511)
[M::mem_pestat] low and high boundaries for computing mean and std.dev: (1, 929)
[M::mem_pestat] mean and std.dev: (413.79, 157.01)
[M::mem_pestat] low and high boundaries for proper pairs: (1, 1138)
[M::mem_pestat] analyzing insert size distribution for orientation RF...
[M::mem_pestat] (25, 50, 75) percentile: (151, 988, 3460)
[M::mem_pestat] low and high boundaries for computing mean and std.dev: (1, 10078)
[M::mem_pestat] mean and std.dev: (2130.42, 2525.56)
[M::mem_pestat] low and high boundaries for proper pairs: (1, 13387)
[M::mem_pestat] analyzing insert size distribution for orientation RR...
[M::mem_pestat] (25, 50, 75) percentile: (289, 617, 1684)
[M::mem_pestat] low and high boundaries for computing mean and std.dev: (1, 4474)
[M::mem_pestat] mean and std.dev: (976.66, 966.07)
[M::mem_pestat] low and high boundaries for proper pairs: (1, 5869)
[M::mem_pestat] skip orientation FF
[M::mem_pestat] skip orientation RF
[M::mem_pestat] skip orientation RR
[M::process] read 1467618 sequences (200000195 bp)...
[M::mem_process_seqs] Processed 1467388 reads in 455.715 CPU sec, 49.398 real sec
[M::mem_pestat] # candidate unique pairs for (FF, FR, RF, RR): (100, 564456, 134, 69)
[M::mem_pestat] analyzing insert size distribution for orientation FF...
[M::mem_pestat] (25, 50, 75) percentile: (341, 530, 907)
[M::mem_pestat] low and high boundaries for computing mean and std.dev: (1, 2039)
[M::mem_pestat] mean and std.dev: (621.87, 430.38)
[M::mem_pestat] low and high boundaries for proper pairs: (1, 2605)
[M::mem_pestat] analyzing insert size distribution for orientation FR...
[M::mem_pestat] (25, 50, 75) percentile: (300, 398, 509)
[M::mem_pestat] low and high boundaries for computing mean and std.dev: (1, 927)
[M::mem_pestat] mean and std.dev: (412.06, 156.56)
[M::mem_pestat] low and high boundaries for proper pairs: (1, 1136)
[M::mem_pestat] analyzing insert size distribution for orientation RF...
[M::mem_pestat] (25, 50, 75) percentile: (101, 883, 4127)
[M::mem_pestat] low and high boundaries for computing mean and std.dev: (1, 12179)
[M::mem_pestat] mean and std.dev: (2336.57, 2649.58)
[M::mem_pestat] low and high boundaries for proper pairs: (1, 16205)
[M::mem_pestat] analyzing insert size distribution for orientation RR...
[M::mem_pestat] (25, 50, 75) percentile: (307, 604, 1254)
[M::mem_pestat] low and high boundaries for computing mean and std.dev: (1, 3148)
[M::mem_pestat] mean and std.dev: (849.31, 730.18)
[M::mem_pestat] low and high boundaries for proper pairs: (1, 4095)
[M::mem_pestat] skip orientation FF
[M::mem_pestat] skip orientation RF
[M::mem_pestat] skip orientation RR
[M::process] read 1473918 sequences (200000263 bp)...
[M::mem_process_seqs] Processed 1467618 reads in 459.634 CPU sec, 49.971 real sec
[M::mem_pestat] # candidate unique pairs for (FF, FR, RF, RR): (126, 567018, 136, 54)
[M::mem_pestat] analyzing insert size distribution for orientation FF...
[M::mem_pestat] (25, 50, 75) percentile: (374, 571, 906)
[M::mem_pestat] low and high boundaries for computing mean and std.dev: (1, 1970)
[M::mem_pestat] mean and std.dev: (634.88, 389.87)
[M::mem_pestat] low and high boundaries for proper pairs: (1, 2502)
[M::mem_pestat] analyzing insert size distribution for orientation FR...
[M::mem_pestat] (25, 50, 75) percentile: (297, 392, 501)
[M::mem_pestat] low and high boundaries for computing mean and std.dev: (1, 909)
[M::mem_pestat] mean and std.dev: (405.80, 152.55)
[M::mem_pestat] low and high boundaries for proper pairs: (1, 1113)
[M::mem_pestat] analyzing insert size distribution for orientation RF...
[M::mem_pestat] (25, 50, 75) percentile: (118, 602, 3216)
[M::mem_pestat] low and high boundaries for computing mean and std.dev: (1, 9412)
[M::mem_pestat] mean and std.dev: (1981.34, 2617.56)
[M::mem_pestat] low and high boundaries for proper pairs: (1, 12510)
[M::mem_pestat] analyzing insert size distribution for orientation RR...
[M::mem_pestat] (25, 50, 75) percentile: (350, 577, 1124)
[M::mem_pestat] low and high boundaries for computing mean and std.dev: (1, 2672)
[M::mem_pestat] mean and std.dev: (688.92, 508.36)
[M::mem_pestat] low and high boundaries for proper pairs: (1, 3446)
[M::mem_pestat] skip orientation FF
[M::mem_pestat] skip orientation RF
[M::mem_pestat] skip orientation RR
[M::process] read 1469610 sequences (200000052 bp)...
[M::mem_process_seqs] Processed 1473918 reads in 465.168 CPU sec, 50.418 real sec
[M::mem_pestat] # candidate unique pairs for (FF, FR, RF, RR): (106, 568537, 154, 55)
[M::mem_pestat] analyzing insert size distribution for orientation FF...
[M::mem_pestat] (25, 50, 75) percentile: (326, 491, 750)
[M::mem_pestat] low and high boundaries for computing mean and std.dev: (1, 1598)
[M::mem_pestat] mean and std.dev: (490.05, 265.63)
[M::mem_pestat] low and high boundaries for proper pairs: (1, 2022)
[M::mem_pestat] analyzing insert size distribution for orientation FR...
[M::mem_pestat] (25, 50, 75) percentile: (298, 394, 503)
[M::mem_pestat] low and high boundaries for computing mean and std.dev: (1, 913)
[M::mem_pestat] mean and std.dev: (407.17, 153.40)
[M::mem_pestat] low and high boundaries for proper pairs: (1, 1118)
[M::mem_pestat] analyzing insert size distribution for orientation RF...
[M::mem_pestat] (25, 50, 75) percentile: (61, 503, 3059)
[M::mem_pestat] low and high boundaries for computing mean and std.dev: (1, 9055)
[M::mem_pestat] mean and std.dev: (1640.70, 2148.97)
[M::mem_pestat] low and high boundaries for proper pairs: (1, 12053)
[M::mem_pestat] analyzing insert size distribution for orientation RR...
[M::mem_pestat] (25, 50, 75) percentile: (351, 554, 1278)
[M::mem_pestat] low and high boundaries for computing mean and std.dev: (1, 3132)
[M::mem_pestat] mean and std.dev: (714.52, 607.29)
[M::mem_pestat] low and high boundaries for proper pairs: (1, 4059)
[M::mem_pestat] skip orientation FF
[M::mem_pestat] skip orientation RF
[M::mem_pestat] skip orientation RR
[M::process] read 1470508 sequences (200000202 bp)...
[M::mem_process_seqs] Processed 1469610 reads in 451.136 CPU sec, 48.999 real sec
[M::mem_pestat] # candidate unique pairs for (FF, FR, RF, RR): (112, 568408, 127, 59)
[M::mem_pestat] analyzing insert size distribution for orientation FF...
[M::mem_pestat] (25, 50, 75) percentile: (281, 471, 731)
[M::mem_pestat] low and high boundaries for computing mean and std.dev: (1, 1631)
[M::mem_pestat] mean and std.dev: (507.76, 287.89)
[M::mem_pestat] low and high boundaries for proper pairs: (1, 2081)
[M::mem_pestat] analyzing insert size distribution for orientation FR...
[M::mem_pestat] (25, 50, 75) percentile: (299, 395, 505)
[M::mem_pestat] low and high boundaries for computing mean and std.dev: (1, 917)
[M::mem_pestat] mean and std.dev: (408.74, 154.19)
[M::mem_pestat] low and high boundaries for proper pairs: (1, 1123)
[M::mem_pestat] analyzing insert size distribution for orientation RF...
[M::mem_pestat] (25, 50, 75) percentile: (66, 429, 2833)
[M::mem_pestat] low and high boundaries for computing mean and std.dev: (1, 8367)
[M::mem_pestat] mean and std.dev: (1474.87, 1870.05)
[M::mem_pestat] low and high boundaries for proper pairs: (1, 11134)
[M::mem_pestat] analyzing insert size distribution for orientation RR...
[M::mem_pestat] (25, 50, 75) percentile: (201, 411, 744)
[M::mem_pestat] low and high boundaries for computing mean and std.dev: (1, 1830)
[M::mem_pestat] mean and std.dev: (440.98, 319.60)
[M::mem_pestat] low and high boundaries for proper pairs: (1, 2373)
[M::mem_pestat] skip orientation FF
[M::mem_pestat] skip orientation RF
[M::mem_pestat] skip orientation RR
[M::mem_process_seqs] Processed 1470508 reads in 468.097 CPU sec, 76.967 real sec
[M::process] read 1470000 sequences (200000170 bp)...
[M::process] read 1469858 sequences (200000007 bp)...
[M::mem_pestat] # candidate unique pairs for (FF, FR, RF, RR): (109, 566279, 122, 74)
[M::mem_pestat] analyzing insert size distribution for orientation FF...
[M::mem_pestat] (25, 50, 75) percentile: (345, 513, 958)
[M::mem_pestat] low and high boundaries for computing mean and std.dev: (1, 2184)
[M::mem_pestat] mean and std.dev: (595.90, 373.44)
[M::mem_pestat] low and high boundaries for proper pairs: (1, 2797)
[M::mem_pestat] analyzing insert size distribution for orientation FR...
[M::mem_pestat] (25, 50, 75) percentile: (300, 397, 507)
[M::mem_pestat] low and high boundaries for computing mean and std.dev: (1, 921)
[M::mem_pestat] mean and std.dev: (410.95, 155.15)
[M::mem_pestat] low and high boundaries for proper pairs: (1, 1128)
[M::mem_pestat] analyzing insert size distribution for orientation RF...
[M::mem_pestat] (25, 50, 75) percentile: (74, 667, 3494)
[M::mem_pestat] low and high boundaries for computing mean and std.dev: (1, 10334)
[M::mem_pestat] mean and std.dev: (2189.50, 2672.66)
[M::mem_pestat] low and high boundaries for proper pairs: (1, 13754)
[M::mem_pestat] analyzing insert size distribution for orientation RR...
[M::mem_pestat] (25, 50, 75) percentile: (207, 463, 814)
[M::mem_pestat] low and high boundaries for computing mean and std.dev: (1, 2028)
[M::mem_pestat] mean and std.dev: (505.75, 396.89)
[M::mem_pestat] low and high boundaries for proper pairs: (1, 2635)
[M::mem_pestat] skip orientation FF
[M::mem_pestat] skip orientation RF
[M::mem_pestat] skip orientation RR
[M::mem_process_seqs] Processed 1470000 reads in 455.374 CPU sec, 47.966 real sec
[M::mem_pestat] # candidate unique pairs for (FF, FR, RF, RR): (103, 564857, 138, 66)
[M::mem_pestat] analyzing insert size distribution for orientation FF...
[M::mem_pestat] (25, 50, 75) percentile: (396, 580, 923)
[M::mem_pestat] low and high boundaries for computing mean and std.dev: (1, 1977)
[M::mem_pestat] mean and std.dev: (586.92, 311.53)
[M::mem_pestat] low and high boundaries for proper pairs: (1, 2504)
[M::mem_pestat] analyzing insert size distribution for orientation FR...
[M::mem_pestat] (25, 50, 75) percentile: (300, 397, 508)
[M::mem_pestat] low and high boundaries for computing mean and std.dev: (1, 924)
[M::mem_pestat] mean and std.dev: (411.05, 155.78)
[M::mem_pestat] low and high boundaries for proper pairs: (1, 1132)
[M::mem_pestat] analyzing insert size distribution for orientation RF...
[M::mem_pestat] (25, 50, 75) percentile: (71, 684, 3747)
[M::mem_pestat] low and high boundaries for computing mean and std.dev: (1, 11099)
[M::mem_pestat] mean and std.dev: (1963.59, 2487.90)
[M::mem_pestat] low and high boundaries for proper pairs: (1, 14775)
[M::mem_pestat] analyzing insert size distribution for orientation RR...
[M::mem_pestat] (25, 50, 75) percentile: (303, 606, 1227)
[M::mem_pestat] low and high boundaries for computing mean and std.dev: (1, 3075)
[M::mem_pestat] mean and std.dev: (796.51, 687.58)
[M::mem_pestat] low and high boundaries for proper pairs: (1, 3999)
[M::mem_pestat] skip orientation FF
[M::mem_pestat] skip orientation RF
[M::mem_pestat] skip orientation RR
[M::mem_process_seqs] Processed 1469858 reads in 468.655 CPU sec, 72.071 real sec
[M::process] read 1475858 sequences (200000008 bp)...
[M::process] read 1471170 sequences (200000115 bp)...
[M::mem_pestat] # candidate unique pairs for (FF, FR, RF, RR): (100, 568225, 125, 54)
[M::mem_pestat] analyzing insert size distribution for orientation FF...
[M::mem_pestat] (25, 50, 75) percentile: (322, 459, 783)
[M::mem_pestat] low and high boundaries for computing mean and std.dev: (1, 1705)
[M::mem_pestat] mean and std.dev: (530.56, 343.81)
[M::mem_pestat] low and high boundaries for proper pairs: (1, 2166)
[M::mem_pestat] analyzing insert size distribution for orientation FR...
[M::mem_pestat] (25, 50, 75) percentile: (297, 392, 500)
[M::mem_pestat] low and high boundaries for computing mean and std.dev: (1, 906)
[M::mem_pestat] mean and std.dev: (404.69, 151.80)
[M::mem_pestat] low and high boundaries for proper pairs: (1, 1109)
[M::mem_pestat] analyzing insert size distribution for orientation RF...
[M::mem_pestat] (25, 50, 75) percentile: (143, 637, 3067)
[M::mem_pestat] low and high boundaries for computing mean and std.dev: (1, 8915)
[M::mem_pestat] mean and std.dev: (1716.69, 2137.14)
[M::mem_pestat] low and high boundaries for proper pairs: (1, 11839)
[M::mem_pestat] analyzing insert size distribution for orientation RR...
[M::mem_pestat] (25, 50, 75) percentile: (319, 487, 1417)
[M::mem_pestat] low and high boundaries for computing mean and std.dev: (1, 3613)
[M::mem_pestat] mean and std.dev: (811.58, 712.34)
[M::mem_pestat] low and high boundaries for proper pairs: (1, 4711)
[M::mem_pestat] skip orientation FF
[M::mem_pestat] skip orientation RF
[M::mem_pestat] skip orientation RR
[M::mem_process_seqs] Processed 1475858 reads in 453.136 CPU sec, 47.364 real sec
[M::mem_pestat] # candidate unique pairs for (FF, FR, RF, RR): (112, 568295, 168, 63)
[M::mem_pestat] analyzing insert size distribution for orientation FF...
[M::mem_pestat] (25, 50, 75) percentile: (327, 490, 811)
[M::mem_pestat] low and high boundaries for computing mean and std.dev: (1, 1779)
[M::mem_pestat] mean and std.dev: (535.34, 345.19)
[M::mem_pestat] low and high boundaries for proper pairs: (1, 2263)
[M::mem_pestat] analyzing insert size distribution for orientation FR...
[M::mem_pestat] (25, 50, 75) percentile: (297, 393, 501)
[M::mem_pestat] low and high boundaries for computing mean and std.dev: (1, 909)
[M::mem_pestat] mean and std.dev: (405.90, 152.71)
[M::mem_pestat] low and high boundaries for proper pairs: (1, 1113)
[M::mem_pestat] analyzing insert size distribution for orientation RF...
[M::mem_pestat] (25, 50, 75) percentile: (114, 520, 3204)
[M::mem_pestat] low and high boundaries for computing mean and std.dev: (1, 9384)
[M::mem_pestat] mean and std.dev: (1852.13, 2531.39)
[M::mem_pestat] low and high boundaries for proper pairs: (1, 12474)
[M::mem_pestat] analyzing insert size distribution for orientation RR...
[M::mem_pestat] (25, 50, 75) percentile: (294, 425, 969)
[M::mem_pestat] low and high boundaries for computing mean and std.dev: (1, 2319)
[M::mem_pestat] mean and std.dev: (487.70, 357.44)
[M::mem_pestat] low and high boundaries for proper pairs: (1, 2994)
[M::mem_pestat] skip orientation FF
[M::mem_pestat] skip orientation RF
[M::mem_pestat] skip orientation RR
[M::process] read 1473224 sequences (200000016 bp)...
[M::mem_process_seqs] Processed 1471170 reads in 451.939 CPU sec, 49.116 real sec
[M::mem_pestat] # candidate unique pairs for (FF, FR, RF, RR): (119, 568240, 137, 62)
[M::mem_pestat] analyzing insert size distribution for orientation FF...
[M::mem_pestat] (25, 50, 75) percentile: (291, 470, 846)
[M::mem_pestat] low and high boundaries for computing mean and std.dev: (1, 1956)
[M::mem_pestat] mean and std.dev: (542.23, 370.47)
[M::mem_pestat] low and high boundaries for proper pairs: (1, 2511)
[M::mem_pestat] analyzing insert size distribution for orientation FR...
[M::mem_pestat] (25, 50, 75) percentile: (298, 394, 502)
[M::mem_pestat] low and high boundaries for computing mean and std.dev: (1, 910)
[M::mem_pestat] mean and std.dev: (407.09, 152.64)
[M::mem_pestat] low and high boundaries for proper pairs: (1, 1114)
[M::mem_pestat] analyzing insert size distribution for orientation RF...
[M::mem_pestat] (25, 50, 75) percentile: (63, 547, 2867)
[M::mem_pestat] low and high boundaries for computing mean and std.dev: (1, 8475)
[M::mem_pestat] mean and std.dev: (1405.12, 1872.24)
[M::mem_pestat] low and high boundaries for proper pairs: (1, 11279)
[M::mem_pestat] analyzing insert size distribution for orientation RR...
[M::mem_pestat] (25, 50, 75) percentile: (248, 492, 1007)
[M::mem_pestat] low and high boundaries for computing mean and std.dev: (1, 2525)
[M::mem_pestat] mean and std.dev: (603.67, 505.26)
[M::mem_pestat] low and high boundaries for proper pairs: (1, 3284)
[M::mem_pestat] skip orientation FF
[M::mem_pestat] skip orientation RF
[M::mem_pestat] skip orientation RR
[M::mem_process_seqs] Processed 1473224 reads in 468.160 CPU sec, 76.463 real sec
[M::process] read 1474560 sequences (200000183 bp)...
[M::process] read 1474052 sequences (200000208 bp)...
[M::mem_pestat] # candidate unique pairs for (FF, FR, RF, RR): (111, 567806, 166, 59)
[M::mem_pestat] analyzing insert size distribution for orientation FF...
[M::mem_pestat] (25, 50, 75) percentile: (385, 512, 807)
[M::mem_pestat] low and high boundaries for computing mean and std.dev: (1, 1651)
[M::mem_pestat] mean and std.dev: (553.97, 311.55)
[M::mem_pestat] low and high boundaries for proper pairs: (1, 2073)
[M::mem_pestat] analyzing insert size distribution for orientation FR...
[M::mem_pestat] (25, 50, 75) percentile: (300, 396, 505)
[M::mem_pestat] low and high boundaries for computing mean and std.dev: (1, 915)
[M::mem_pestat] mean and std.dev: (408.96, 153.43)
[M::mem_pestat] low and high boundaries for proper pairs: (1, 1120)
[M::mem_pestat] analyzing insert size distribution for orientation RF...
[M::mem_pestat] (25, 50, 75) percentile: (79, 689, 3484)
[M::mem_pestat] low and high boundaries for computing mean and std.dev: (1, 10294)
[M::mem_pestat] mean and std.dev: (2063.33, 2583.45)
[M::mem_pestat] low and high boundaries for proper pairs: (1, 13699)
[M::mem_pestat] analyzing insert size distribution for orientation RR...
[M::mem_pestat] (25, 50, 75) percentile: (353, 522, 1108)
[M::mem_pestat] low and high boundaries for computing mean and std.dev: (1, 2618)
[M::mem_pestat] mean and std.dev: (685.22, 548.22)
[M::mem_pestat] low and high boundaries for proper pairs: (1, 3373)
[M::mem_pestat] skip orientation FF
[M::mem_pestat] skip orientation RF
[M::mem_pestat] skip orientation RR
[M::mem_process_seqs] Processed 1474560 reads in 455.561 CPU sec, 47.731 real sec
[M::mem_pestat] # candidate unique pairs for (FF, FR, RF, RR): (105, 565250, 119, 73)
[M::mem_pestat] analyzing insert size distribution for orientation FF...
[M::mem_pestat] (25, 50, 75) percentile: (294, 465, 762)
[M::mem_pestat] low and high boundaries for computing mean and std.dev: (1, 1698)
[M::mem_pestat] mean and std.dev: (499.63, 286.55)
[M::mem_pestat] low and high boundaries for proper pairs: (1, 2166)
[M::mem_pestat] analyzing insert size distribution for orientation FR...
[M::mem_pestat] (25, 50, 75) percentile: (299, 395, 504)
[M::mem_pestat] low and high boundaries for computing mean and std.dev: (1, 914)
[M::mem_pestat] mean and std.dev: (407.94, 152.98)
[M::mem_pestat] low and high boundaries for proper pairs: (1, 1119)
[M::mem_pestat] analyzing insert size distribution for orientation RF...
[M::mem_pestat] (25, 50, 75) percentile: (64, 329, 3623)
[M::mem_pestat] low and high boundaries for computing mean and std.dev: (1, 10741)
[M::mem_pestat] mean and std.dev: (1684.76, 2290.09)
[M::mem_pestat] low and high boundaries for proper pairs: (1, 14300)
[M::mem_pestat] analyzing insert size distribution for orientation RR...
[M::mem_pestat] (25, 50, 75) percentile: (330, 598, 1041)
[M::mem_pestat] low and high boundaries for computing mean and std.dev: (1, 2463)
[M::mem_pestat] mean and std.dev: (685.81, 561.36)
[M::mem_pestat] low and high boundaries for proper pairs: (1, 3174)
[M::mem_pestat] skip orientation FF
[M::mem_pestat] skip orientation RF
[M::mem_pestat] skip orientation RR
[M::process] read 1476526 sequences (200000087 bp)...
[M::mem_process_seqs] Processed 1474052 reads in 461.397 CPU sec, 50.120 real sec
[M::mem_pestat] # candidate unique pairs for (FF, FR, RF, RR): (94, 569498, 142, 50)
[M::mem_pestat] analyzing insert size distribution for orientation FF...
[M::mem_pestat] (25, 50, 75) percentile: (374, 526, 859)
[M::mem_pestat] low and high boundaries for computing mean and std.dev: (1, 1829)
[M::mem_pestat] mean and std.dev: (575.25, 348.34)
[M::mem_pestat] low and high boundaries for proper pairs: (1, 2314)
[M::mem_pestat] analyzing insert size distribution for orientation FR...
[M::mem_pestat] (25, 50, 75) percentile: (296, 391, 498)
[M::mem_pestat] low and high boundaries for computing mean and std.dev: (1, 902)
[M::mem_pestat] mean and std.dev: (403.72, 151.09)
[M::mem_pestat] low and high boundaries for proper pairs: (1, 1104)
[M::mem_pestat] analyzing insert size distribution for orientation RF...
[M::mem_pestat] (25, 50, 75) percentile: (119, 539, 3944)
[M::mem_pestat] low and high boundaries for computing mean and std.dev: (1, 11594)
[M::mem_pestat] mean and std.dev: (2161.06, 2742.60)
[M::mem_pestat] low and high boundaries for proper pairs: (1, 15419)
[M::mem_pestat] analyzing insert size distribution for orientation RR...
[M::mem_pestat] (25, 50, 75) percentile: (286, 503, 1523)
[M::mem_pestat] low and high boundaries for computing mean and std.dev: (1, 3997)
[M::mem_pestat] mean and std.dev: (890.72, 900.04)
[M::mem_pestat] low and high boundaries for proper pairs: (1, 5234)
[M::mem_pestat] skip orientation FF
[M::mem_pestat] skip orientation RF
[M::mem_pestat] skip orientation RR
[M::mem_process_seqs] Processed 1476526 reads in 468.544 CPU sec, 76.183 real sec
[M::process] read 1473038 sequences (200000088 bp)...
[M::process] read 1476878 sequences (200000025 bp)...
[M::mem_pestat] # candidate unique pairs for (FF, FR, RF, RR): (101, 568879, 141, 65)
[M::mem_pestat] analyzing insert size distribution for orientation FF...
[M::mem_pestat] (25, 50, 75) percentile: (319, 485, 756)
[M::mem_pestat] low and high boundaries for computing mean and std.dev: (1, 1630)
[M::mem_pestat] mean and std.dev: (510.19, 291.57)
[M::mem_pestat] low and high boundaries for proper pairs: (1, 2067)
[M::mem_pestat] analyzing insert size distribution for orientation FR...
[M::mem_pestat] (25, 50, 75) percentile: (298, 394, 503)
[M::mem_pestat] low and high boundaries for computing mean and std.dev: (1, 913)
[M::mem_pestat] mean and std.dev: (407.44, 153.47)
[M::mem_pestat] low and high boundaries for proper pairs: (1, 1118)
[M::mem_pestat] analyzing insert size distribution for orientation RF...
[M::mem_pestat] (25, 50, 75) percentile: (119, 905, 3134)
[M::mem_pestat] low and high boundaries for computing mean and std.dev: (1, 9164)
[M::mem_pestat] mean and std.dev: (1967.87, 2317.96)
[M::mem_pestat] low and high boundaries for proper pairs: (1, 12179)
[M::mem_pestat] analyzing insert size distribution for orientation RR...
[M::mem_pestat] (25, 50, 75) percentile: (224, 418, 939)
[M::mem_pestat] low and high boundaries for computing mean and std.dev: (1, 2369)
[M::mem_pestat] mean and std.dev: (469.34, 372.33)
[M::mem_pestat] low and high boundaries for proper pairs: (1, 3084)
[M::mem_pestat] skip orientation FF
[M::mem_pestat] skip orientation RF
[M::mem_pestat] skip orientation RR
[M::mem_process_seqs] Processed 1473038 reads in 452.106 CPU sec, 47.895 real sec
[M::mem_pestat] # candidate unique pairs for (FF, FR, RF, RR): (103, 569098, 114, 62)
[M::mem_pestat] analyzing insert size distribution for orientation FF...
[M::mem_pestat] (25, 50, 75) percentile: (370, 537, 745)
[M::mem_pestat] low and high boundaries for computing mean and std.dev: (1, 1495)
[M::mem_pestat] mean and std.dev: (542.24, 273.44)
[M::mem_pestat] low and high boundaries for proper pairs: (1, 1870)
[M::mem_pestat] analyzing insert size distribution for orientation FR...
[M::mem_pestat] (25, 50, 75) percentile: (299, 394, 503)
[M::mem_pestat] low and high boundaries for computing mean and std.dev: (1, 911)
[M::mem_pestat] mean and std.dev: (407.92, 152.91)
[M::mem_pestat] low and high boundaries for proper pairs: (1, 1115)
[M::mem_pestat] analyzing insert size distribution for orientation RF...
[M::mem_pestat] (25, 50, 75) percentile: (30, 430, 2774)
[M::mem_pestat] low and high boundaries for computing mean and std.dev: (1, 8262)
[M::mem_pestat] mean and std.dev: (1352.39, 1913.22)
[M::mem_pestat] low and high boundaries for proper pairs: (1, 11006)
[M::mem_pestat] analyzing insert size distribution for orientation RR...
[M::mem_pestat] (25, 50, 75) percentile: (286, 398, 781)
[M::mem_pestat] low and high boundaries for computing mean and std.dev: (1, 1771)
[M::mem_pestat] mean and std.dev: (470.06, 335.96)
[M::mem_pestat] low and high boundaries for proper pairs: (1, 2266)
[M::mem_pestat] skip orientation FF
[M::mem_pestat] skip orientation RF
[M::mem_pestat] skip orientation RR
[M::process] read 1477684 sequences (200000038 bp)...
[M::mem_process_seqs] Processed 1476878 reads in 455.292 CPU sec, 49.390 real sec
[M::mem_pestat] # candidate unique pairs for (FF, FR, RF, RR): (102, 566835, 161, 66)
[M::mem_pestat] analyzing insert size distribution for orientation FF...
[M::mem_pestat] (25, 50, 75) percentile: (365, 545, 812)
[M::mem_pestat] low and high boundaries for computing mean and std.dev: (1, 1706)
[M::mem_pestat] mean and std.dev: (538.72, 266.69)
[M::mem_pestat] low and high boundaries for proper pairs: (1, 2153)
[M::mem_pestat] analyzing insert size distribution for orientation FR...
[M::mem_pestat] (25, 50, 75) percentile: (299, 395, 503)
[M::mem_pestat] low and high boundaries for computing mean and std.dev: (1, 911)
[M::mem_pestat] mean and std.dev: (407.91, 152.46)
[M::mem_pestat] low and high boundaries for proper pairs: (1, 1115)
[M::mem_pestat] analyzing insert size distribution for orientation RF...
[M::mem_pestat] (25, 50, 75) percentile: (51, 364, 2812)
[M::mem_pestat] low and high boundaries for computing mean and std.dev: (1, 8334)
[M::mem_pestat] mean and std.dev: (1470.74, 2058.24)
[M::mem_pestat] low and high boundaries for proper pairs: (1, 11095)
[M::mem_pestat] analyzing insert size distribution for orientation RR...
[M::mem_pestat] (25, 50, 75) percentile: (245, 400, 817)
[M::mem_pestat] low and high boundaries for computing mean and std.dev: (1, 1961)
[M::mem_pestat] mean and std.dev: (466.61, 357.74)
[M::mem_pestat] low and high boundaries for proper pairs: (1, 2533)
[M::mem_pestat] skip orientation FF
[M::mem_pestat] skip orientation RF
[M::mem_pestat] skip orientation RR
[M::process] read 1480662 sequences (200000055 bp)...
[M::mem_process_seqs] Processed 1477684 reads in 458.759 CPU sec, 49.776 real sec
[M::mem_pestat] # candidate unique pairs for (FF, FR, RF, RR): (105, 566240, 131, 72)
[M::mem_pestat] analyzing insert size distribution for orientation FF...
[M::mem_pestat] (25, 50, 75) percentile: (336, 478, 720)
[M::mem_pestat] low and high boundaries for computing mean and std.dev: (1, 1488)
[M::mem_pestat] mean and std.dev: (506.26, 272.43)
[M::mem_pestat] low and high boundaries for proper pairs: (1, 1872)
[M::mem_pestat] analyzing insert size distribution for orientation FR...
[M::mem_pestat] (25, 50, 75) percentile: (297, 393, 500)
[M::mem_pestat] low and high boundaries for computing mean and std.dev: (1, 906)
[M::mem_pestat] mean and std.dev: (405.26, 150.62)
[M::mem_pestat] low and high boundaries for proper pairs: (1, 1109)
[M::mem_pestat] analyzing insert size distribution for orientation RF...
[M::mem_pestat] (25, 50, 75) percentile: (63, 446, 3005)
[M::mem_pestat] low and high boundaries for computing mean and std.dev: (1, 8889)
[M::mem_pestat] mean and std.dev: (1496.54, 2037.54)
[M::mem_pestat] low and high boundaries for proper pairs: (1, 11831)
[M::mem_pestat] analyzing insert size distribution for orientation RR...
[M::mem_pestat] (25, 50, 75) percentile: (199, 481, 1247)
[M::mem_pestat] low and high boundaries for computing mean and std.dev: (1, 3343)
[M::mem_pestat] mean and std.dev: (705.75, 716.64)
[M::mem_pestat] low and high boundaries for proper pairs: (1, 4391)
[M::mem_pestat] skip orientation FF
[M::mem_pestat] skip orientation RF
[M::mem_pestat] skip orientation RR
[M::process] read 1479164 sequences (200000260 bp)...
[M::mem_process_seqs] Processed 1480662 reads in 462.634 CPU sec, 50.188 real sec
[M::mem_pestat] # candidate unique pairs for (FF, FR, RF, RR): (90, 570925, 132, 60)
[M::mem_pestat] analyzing insert size distribution for orientation FF...
[M::mem_pestat] (25, 50, 75) percentile: (354, 511, 1015)
[M::mem_pestat] low and high boundaries for computing mean and std.dev: (1, 2337)
[M::mem_pestat] mean and std.dev: (680.20, 503.28)
[M::mem_pestat] low and high boundaries for proper pairs: (1, 2998)
[M::mem_pestat] analyzing insert size distribution for orientation FR...
[M::mem_pestat] (25, 50, 75) percentile: (294, 389, 495)
[M::mem_pestat] low and high boundaries for computing mean and std.dev: (1, 897)
[M::mem_pestat] mean and std.dev: (401.14, 150.34)
[M::mem_pestat] low and high boundaries for proper pairs: (1, 1098)
[M::mem_pestat] analyzing insert size distribution for orientation RF...
[M::mem_pestat] (25, 50, 75) percentile: (109, 494, 2544)
[M::mem_pestat] low and high boundaries for computing mean and std.dev: (1, 7414)
[M::mem_pestat] mean and std.dev: (1341.52, 1785.47)
[M::mem_pestat] low and high boundaries for proper pairs: (1, 9849)
[M::mem_pestat] analyzing insert size distribution for orientation RR...
[M::mem_pestat] (25, 50, 75) percentile: (290, 578, 1497)
[M::mem_pestat] low and high boundaries for computing mean and std.dev: (1, 3911)
[M::mem_pestat] mean and std.dev: (921.89, 932.83)
[M::mem_pestat] low and high boundaries for proper pairs: (1, 5118)
[M::mem_pestat] skip orientation FF
[M::mem_pestat] skip orientation RF
[M::mem_pestat] skip orientation RR
[M::process] read 1473300 sequences (200000269 bp)...
[M::mem_process_seqs] Processed 1479164 reads in 453.514 CPU sec, 49.260 real sec
[M::mem_pestat] # candidate unique pairs for (FF, FR, RF, RR): (107, 568335, 133, 52)
[M::mem_pestat] analyzing insert size distribution for orientation FF...
[M::mem_pestat] (25, 50, 75) percentile: (349, 555, 1048)
[M::mem_pestat] low and high boundaries for computing mean and std.dev: (1, 2446)
[M::mem_pestat] mean and std.dev: (657.93, 471.64)
[M::mem_pestat] low and high boundaries for proper pairs: (1, 3145)
[M::mem_pestat] analyzing insert size distribution for orientation FR...
[M::mem_pestat] (25, 50, 75) percentile: (297, 393, 501)
[M::mem_pestat] low and high boundaries for computing mean and std.dev: (1, 909)
[M::mem_pestat] mean and std.dev: (405.86, 152.60)
[M::mem_pestat] low and high boundaries for proper pairs: (1, 1113)
[M::mem_pestat] analyzing insert size distribution for orientation RF...
[M::mem_pestat] (25, 50, 75) percentile: (90, 535, 3017)
[M::mem_pestat] low and high boundaries for computing mean and std.dev: (1, 8871)
[M::mem_pestat] mean and std.dev: (1697.49, 2225.57)
[M::mem_pestat] low and high boundaries for proper pairs: (1, 11798)
[M::mem_pestat] analyzing insert size distribution for orientation RR...
[M::mem_pestat] (25, 50, 75) percentile: (211, 401, 1112)
[M::mem_pestat] low and high boundaries for computing mean and std.dev: (1, 2914)
[M::mem_pestat] mean and std.dev: (552.00, 606.64)
[M::mem_pestat] low and high boundaries for proper pairs: (1, 3815)
[M::mem_pestat] skip orientation FF
[M::mem_pestat] skip orientation RF
[M::mem_pestat] skip orientation RR
[M::mem_process_seqs] Processed 1473300 reads in 455.302 CPU sec, 76.912 real sec
[M::process] read 1477644 sequences (200000235 bp)...
[M::process] read 1478256 sequences (200000277 bp)...
[M::mem_pestat] # candidate unique pairs for (FF, FR, RF, RR): (110, 569501, 132, 48)
[M::mem_pestat] analyzing insert size distribution for orientation FF...
[M::mem_pestat] (25, 50, 75) percentile: (351, 499, 736)
[M::mem_pestat] low and high boundaries for computing mean and std.dev: (1, 1506)
[M::mem_pestat] mean and std.dev: (524.05, 284.51)
[M::mem_pestat] low and high boundaries for proper pairs: (1, 1891)
[M::mem_pestat] analyzing insert size distribution for orientation FR...
[M::mem_pestat] (25, 50, 75) percentile: (297, 393, 501)
[M::mem_pestat] low and high boundaries for computing mean and std.dev: (1, 909)
[M::mem_pestat] mean and std.dev: (405.81, 151.82)
[M::mem_pestat] low and high boundaries for proper pairs: (1, 1113)
[M::mem_pestat] analyzing insert size distribution for orientation RF...
[M::mem_pestat] (25, 50, 75) percentile: (59, 511, 3181)
[M::mem_pestat] low and high boundaries for computing mean and std.dev: (1, 9425)
[M::mem_pestat] mean and std.dev: (1776.81, 2441.83)
[M::mem_pestat] low and high boundaries for proper pairs: (1, 12547)
[M::mem_pestat] analyzing insert size distribution for orientation RR...
[M::mem_pestat] (25, 50, 75) percentile: (244, 454, 1032)
[M::mem_pestat] low and high boundaries for computing mean and std.dev: (1, 2608)
[M::mem_pestat] mean and std.dev: (597.88, 615.89)
[M::mem_pestat] low and high boundaries for proper pairs: (1, 3396)
[M::mem_pestat] skip orientation FF
[M::mem_pestat] skip orientation RF
[M::mem_pestat] skip orientation RR
[M::mem_process_seqs] Processed 1477644 reads in 453.351 CPU sec, 45.996 real sec
[M::mem_pestat] # candidate unique pairs for (FF, FR, RF, RR): (102, 568039, 117, 73)
[M::mem_pestat] analyzing insert size distribution for orientation FF...
[M::mem_pestat] (25, 50, 75) percentile: (326, 524, 800)
[M::mem_pestat] low and high boundaries for computing mean and std.dev: (1, 1748)
[M::mem_pestat] mean and std.dev: (561.66, 308.90)
[M::mem_pestat] low and high boundaries for proper pairs: (1, 2222)
[M::mem_pestat] analyzing insert size distribution for orientation FR...
[M::mem_pestat] (25, 50, 75) percentile: (297, 393, 501)
[M::mem_pestat] low and high boundaries for computing mean and std.dev: (1, 909)
[M::mem_pestat] mean and std.dev: (405.87, 151.72)
[M::mem_pestat] low and high boundaries for proper pairs: (1, 1113)
[M::mem_pestat] analyzing insert size distribution for orientation RF...
[M::mem_pestat] (25, 50, 75) percentile: (34, 219, 2495)
[M::mem_pestat] low and high boundaries for computing mean and std.dev: (1, 7417)
[M::mem_pestat] mean and std.dev: (1109.15, 1765.29)
[M::mem_pestat] low and high boundaries for proper pairs: (1, 9878)
[M::mem_pestat] analyzing insert size distribution for orientation RR...
[M::mem_pestat] (25, 50, 75) percentile: (311, 569, 1134)
[M::mem_pestat] low and high boundaries for computing mean and std.dev: (1, 2780)
[M::mem_pestat] mean and std.dev: (730.06, 642.02)
[M::mem_pestat] low and high boundaries for proper pairs: (1, 3603)
[M::mem_pestat] skip orientation FF
[M::mem_pestat] skip orientation RF
[M::mem_pestat] skip orientation RR
[M::process] read 1226066 sequences (165660764 bp)...
[M::mem_process_seqs] Processed 1478256 reads in 455.517 CPU sec, 49.442 real sec
[M::mem_pestat] # candidate unique pairs for (FF, FR, RF, RR): (100, 469560, 108, 51)
[M::mem_pestat] analyzing insert size distribution for orientation FF...
[M::mem_pestat] (25, 50, 75) percentile: (280, 434, 767)
[M::mem_pestat] low and high boundaries for computing mean and std.dev: (1, 1741)
[M::mem_pestat] mean and std.dev: (507.56, 347.93)
[M::mem_pestat] low and high boundaries for proper pairs: (1, 2228)
[M::mem_pestat] analyzing insert size distribution for orientation FR...
[M::mem_pestat] (25, 50, 75) percentile: (296, 391, 498)
[M::mem_pestat] low and high boundaries for computing mean and std.dev: (1, 902)
[M::mem_pestat] mean and std.dev: (403.28, 150.03)
[M::mem_pestat] low and high boundaries for proper pairs: (1, 1104)
[M::mem_pestat] analyzing insert size distribution for orientation RF...
[M::mem_pestat] (25, 50, 75) percentile: (54, 350, 3195)
[M::mem_pestat] low and high boundaries for computing mean and std.dev: (1, 9477)
[M::mem_pestat] mean and std.dev: (1708.51, 2347.81)
[M::mem_pestat] low and high boundaries for proper pairs: (1, 12618)
[M::mem_pestat] analyzing insert size distribution for orientation RR...
[M::mem_pestat] (25, 50, 75) percentile: (266, 587, 1056)
[M::mem_pestat] low and high boundaries for computing mean and std.dev: (1, 2636)
[M::mem_pestat] mean and std.dev: (580.20, 455.72)
[M::mem_pestat] low and high boundaries for proper pairs: (1, 3426)
[M::mem_pestat] skip orientation FF
[M::mem_pestat] skip orientation RF
[M::mem_pestat] skip orientation RR
[M::mem_process_seqs] Processed 1226066 reads in 380.159 CPU sec, 41.966 real sec
[main] Version: 0.7.17-r1188
samblaster: Marked 4021515 of 43243716 (9.30%) read ids as duplicates[main] CMD: using 854336k memory in  bwa1M mem45S -t(104.547S) 20 CPU seconds and  -R55M @RG\tID:WB_GL_19T_237\tPL:ILLUMINA\tPU:HJMNCDSX7.1\tSM:WB_GL_19T_237\tCN:MCGILL\tBC:CGAGGCCAAG-NCGGTAACAC55S /storage/scratch/iee/dj20y461/Stickleback/G_aculeatus/FITNESS//data/ref_A_X/stickleback_v5_assembly_A_X.fasta(3355S) /storage/scratch/iee/dj20y461/Stickleback/G_aculeatus/FITNESS//data/trimmed/WB_GL_19T_237.R1.trimmed.fastq.gz wall time.
 /storage/scratch/iee/dj20y461/Stickleback/G_aculeatus/FITNESS//data/trimmed/WB_GL_19T_237.R2.trimmed.fastq.gz
[main] Real time: 3355.087 sec; CPU: 26937.772 sec
[bam_sort_core] merging from 40 files and 20 in-memory blocks...
