samblaster: Version 0.1.24
samblaster: Inputting from stdin
samblaster: Outputting to stdout
[M::bwa_idx_load_from_disk] read 0 ALT contigs
[M::process] read 1469252 sequences (200000105 bp)...
[M::mem_pestat] # candidate unique pairs for (FF, FR, RF, RR): (114, 549872, 143, 77)
[M::mem_pestat] analyzing insert size distribution for orientation FF...
[M::mem_pestat] (25, 50, 75) percentile: (288, 474, 764)
[M::mem_pestat] low and high boundaries for computing mean and std.dev: (1, 1716)
[M::mem_pestat] mean and std.dev: (492.34, 290.30)
[M::mem_pestat] low and high boundaries for proper pairs: (1, 2192)
[M::mem_pestat] analyzing insert size distribution for orientation FR...
[M::mem_pestat] (25, 50, 75) percentile: (303, 400, 512)
[M::mem_pestat] low and high boundaries for computing mean and std.dev: (1, 930)
[M::mem_pestat] mean and std.dev: (415.11, 156.57)
[M::mem_pestat] low and high boundaries for proper pairs: (1, 1139)
[M::mem_pestat] analyzing insert size distribution for orientation RF...
[M::mem_pestat] (25, 50, 75) percentile: (141, 455, 2156)
[M::mem_pestat] low and high boundaries for computing mean and std.dev: (1, 6186)
[M::mem_pestat] mean and std.dev: (1125.66, 1456.75)
[M::mem_pestat] low and high boundaries for proper pairs: (1, 8201)
[M::mem_pestat] analyzing insert size distribution for orientation RR...
[M::mem_pestat] (25, 50, 75) percentile: (219, 438, 1005)
[M::mem_pestat] low and high boundaries for computing mean and std.dev: (1, 2577)
[M::mem_pestat] mean and std.dev: (534.49, 430.63)
[M::mem_pestat] low and high boundaries for proper pairs: (1, 3363)
[M::mem_pestat] skip orientation FF
[M::mem_pestat] skip orientation RF
[M::mem_pestat] skip orientation RR
[M::mem_process_seqs] Processed 1469252 reads in 496.942 CPU sec, 118.236 real sec
samblaster: Loaded 23 header sequence entries.
[M::process] read 1467150 sequences (200000199 bp)...
[M::process] read 1471948 sequences (200000038 bp)...
[M::mem_pestat] # candidate unique pairs for (FF, FR, RF, RR): (144, 548043, 158, 73)
[M::mem_pestat] analyzing insert size distribution for orientation FF...
[M::mem_pestat] (25, 50, 75) percentile: (387, 613, 875)
[M::mem_pestat] low and high boundaries for computing mean and std.dev: (1, 1851)
[M::mem_pestat] mean and std.dev: (636.11, 348.59)
[M::mem_pestat] low and high boundaries for proper pairs: (1, 2339)
[M::mem_pestat] analyzing insert size distribution for orientation FR...
[M::mem_pestat] (25, 50, 75) percentile: (309, 406, 520)
[M::mem_pestat] low and high boundaries for computing mean and std.dev: (1, 942)
[M::mem_pestat] mean and std.dev: (421.32, 157.53)
[M::mem_pestat] low and high boundaries for proper pairs: (1, 1153)
[M::mem_pestat] analyzing insert size distribution for orientation RF...
[M::mem_pestat] (25, 50, 75) percentile: (53, 431, 2692)
[M::mem_pestat] low and high boundaries for computing mean and std.dev: (1, 7970)
[M::mem_pestat] mean and std.dev: (1517.32, 1993.02)
[M::mem_pestat] low and high boundaries for proper pairs: (1, 10609)
[M::mem_pestat] analyzing insert size distribution for orientation RR...
[M::mem_pestat] (25, 50, 75) percentile: (249, 455, 904)
[M::mem_pestat] low and high boundaries for computing mean and std.dev: (1, 2214)
[M::mem_pestat] mean and std.dev: (553.62, 476.11)
[M::mem_pestat] low and high boundaries for proper pairs: (1, 2869)
[M::mem_pestat] skip orientation FF
[M::mem_pestat] skip orientation RF
[M::mem_pestat] skip orientation RR
[M::mem_process_seqs] Processed 1467150 reads in 467.756 CPU sec, 49.732 real sec
[M::mem_pestat] # candidate unique pairs for (FF, FR, RF, RR): (147, 546985, 133, 89)
[M::mem_pestat] analyzing insert size distribution for orientation FF...
[M::mem_pestat] (25, 50, 75) percentile: (353, 529, 805)
[M::mem_pestat] low and high boundaries for computing mean and std.dev: (1, 1709)
[M::mem_pestat] mean and std.dev: (579.09, 344.53)
[M::mem_pestat] low and high boundaries for proper pairs: (1, 2161)
[M::mem_pestat] analyzing insert size distribution for orientation FR...
[M::mem_pestat] (25, 50, 75) percentile: (306, 402, 512)
[M::mem_pestat] low and high boundaries for computing mean and std.dev: (1, 924)
[M::mem_pestat] mean and std.dev: (415.52, 152.85)
[M::mem_pestat] low and high boundaries for proper pairs: (1, 1130)
[M::mem_pestat] analyzing insert size distribution for orientation RF...
[M::mem_pestat] (25, 50, 75) percentile: (75, 395, 2613)
[M::mem_pestat] low and high boundaries for computing mean and std.dev: (1, 7689)
[M::mem_pestat] mean and std.dev: (1316.81, 1994.67)
[M::mem_pestat] low and high boundaries for proper pairs: (1, 10227)
[M::mem_pestat] analyzing insert size distribution for orientation RR...
[M::mem_pestat] (25, 50, 75) percentile: (226, 424, 1104)
[M::mem_pestat] low and high boundaries for computing mean and std.dev: (1, 2860)
[M::mem_pestat] mean and std.dev: (605.04, 618.35)
[M::mem_pestat] low and high boundaries for proper pairs: (1, 3738)
[M::mem_pestat] skip orientation FF
[M::mem_pestat] skip orientation RF
[M::mem_pestat] skip orientation RR
[M::process] read 1474890 sequences (200000097 bp)...
[M::mem_process_seqs] Processed 1471948 reads in 473.005 CPU sec, 51.616 real sec
[M::mem_pestat] # candidate unique pairs for (FF, FR, RF, RR): (112, 548849, 154, 84)
[M::mem_pestat] analyzing insert size distribution for orientation FF...
[M::mem_pestat] (25, 50, 75) percentile: (355, 493, 711)
[M::mem_pestat] low and high boundaries for computing mean and std.dev: (1, 1423)
[M::mem_pestat] mean and std.dev: (511.54, 268.00)
[M::mem_pestat] low and high boundaries for proper pairs: (1, 1779)
[M::mem_pestat] analyzing insert size distribution for orientation FR...
[M::mem_pestat] (25, 50, 75) percentile: (303, 397, 505)
[M::mem_pestat] low and high boundaries for computing mean and std.dev: (1, 909)
[M::mem_pestat] mean and std.dev: (409.70, 149.56)
[M::mem_pestat] low and high boundaries for proper pairs: (1, 1111)
[M::mem_pestat] analyzing insert size distribution for orientation RF...
[M::mem_pestat] (25, 50, 75) percentile: (92, 725, 2884)
[M::mem_pestat] low and high boundaries for computing mean and std.dev: (1, 8468)
[M::mem_pestat] mean and std.dev: (1633.57, 2044.55)
[M::mem_pestat] low and high boundaries for proper pairs: (1, 11260)
[M::mem_pestat] analyzing insert size distribution for orientation RR...
[M::mem_pestat] (25, 50, 75) percentile: (235, 542, 991)
[M::mem_pestat] low and high boundaries for computing mean and std.dev: (1, 2503)
[M::mem_pestat] mean and std.dev: (617.28, 515.08)
[M::mem_pestat] low and high boundaries for proper pairs: (1, 3259)
[M::mem_pestat] skip orientation FF
[M::mem_pestat] skip orientation RF
[M::mem_pestat] skip orientation RR
[M::process] read 1468740 sequences (200000124 bp)...
[M::mem_process_seqs] Processed 1474890 reads in 471.203 CPU sec, 52.075 real sec
[M::mem_pestat] # candidate unique pairs for (FF, FR, RF, RR): (122, 549129, 126, 77)
[M::mem_pestat] analyzing insert size distribution for orientation FF...
[M::mem_pestat] (25, 50, 75) percentile: (360, 535, 759)
[M::mem_pestat] low and high boundaries for computing mean and std.dev: (1, 1557)
[M::mem_pestat] mean and std.dev: (569.57, 307.35)
[M::mem_pestat] low and high boundaries for proper pairs: (1, 1956)
[M::mem_pestat] analyzing insert size distribution for orientation FR...
[M::mem_pestat] (25, 50, 75) percentile: (308, 405, 519)
[M::mem_pestat] low and high boundaries for computing mean and std.dev: (1, 941)
[M::mem_pestat] mean and std.dev: (420.82, 157.93)
[M::mem_pestat] low and high boundaries for proper pairs: (1, 1152)
[M::mem_pestat] analyzing insert size distribution for orientation RF...
[M::mem_pestat] (25, 50, 75) percentile: (82, 405, 3284)
[M::mem_pestat] low and high boundaries for computing mean and std.dev: (1, 9688)
[M::mem_pestat] mean and std.dev: (1817.80, 2520.61)
[M::mem_pestat] low and high boundaries for proper pairs: (1, 12890)
[M::mem_pestat] analyzing insert size distribution for orientation RR...
[M::mem_pestat] (25, 50, 75) percentile: (224, 401, 813)
[M::mem_pestat] low and high boundaries for computing mean and std.dev: (1, 1991)
[M::mem_pestat] mean and std.dev: (431.19, 309.83)
[M::mem_pestat] low and high boundaries for proper pairs: (1, 2580)
[M::mem_pestat] skip orientation FF
[M::mem_pestat] skip orientation RF
[M::mem_pestat] skip orientation RR
[M::process] read 1472300 sequences (200000018 bp)...
[M::mem_process_seqs] Processed 1468740 reads in 469.765 CPU sec, 51.319 real sec
[M::process] read 1479830 sequences (200000203 bp)...
[M::mem_pestat] # candidate unique pairs for (FF, FR, RF, RR): (143, 547614, 120, 56)
[M::mem_pestat] analyzing insert size distribution for orientation FF...
[M::mem_pestat] (25, 50, 75) percentile: (343, 516, 710)
[M::mem_pestat] low and high boundaries for computing mean and std.dev: (1, 1444)
[M::mem_pestat] mean and std.dev: (505.38, 248.23)
[M::mem_pestat] low and high boundaries for proper pairs: (1, 1811)
[M::mem_pestat] analyzing insert size distribution for orientation FR...
[M::mem_pestat] (25, 50, 75) percentile: (308, 404, 516)
[M::mem_pestat] low and high boundaries for computing mean and std.dev: (1, 932)
[M::mem_pestat] mean and std.dev: (418.98, 154.83)
[M::mem_pestat] low and high boundaries for proper pairs: (1, 1140)
[M::mem_pestat] analyzing insert size distribution for orientation RF...
[M::mem_pestat] (25, 50, 75) percentile: (61, 505, 3223)
[M::mem_pestat] low and high boundaries for computing mean and std.dev: (1, 9547)
[M::mem_pestat] mean and std.dev: (1744.67, 2280.01)
[M::mem_pestat] low and high boundaries for proper pairs: (1, 12709)
[M::mem_pestat] analyzing insert size distribution for orientation RR...
[M::mem_pestat] (25, 50, 75) percentile: (377, 611, 1376)
[M::mem_pestat] low and high boundaries for computing mean and std.dev: (1, 3374)
[M::mem_pestat] mean and std.dev: (817.10, 703.56)
[M::mem_pestat] low and high boundaries for proper pairs: (1, 4373)
[M::mem_pestat] skip orientation FF
[M::mem_pestat] skip orientation RF
[M::mem_pestat] skip orientation RR
[M::mem_process_seqs] Processed 1472300 reads in 474.827 CPU sec, 51.581 real sec
[M::process] read 1468908 sequences (200000201 bp)...
[M::mem_pestat] # candidate unique pairs for (FF, FR, RF, RR): (148, 547528, 158, 78)
[M::mem_pestat] analyzing insert size distribution for orientation FF...
[M::mem_pestat] (25, 50, 75) percentile: (280, 502, 797)
[M::mem_pestat] low and high boundaries for computing mean and std.dev: (1, 1831)
[M::mem_pestat] mean and std.dev: (534.44, 350.80)
[M::mem_pestat] low and high boundaries for proper pairs: (1, 2348)
[M::mem_pestat] analyzing insert size distribution for orientation FR...
[M::mem_pestat] (25, 50, 75) percentile: (303, 397, 503)
[M::mem_pestat] low and high boundaries for computing mean and std.dev: (1, 903)
[M::mem_pestat] mean and std.dev: (408.42, 146.86)
[M::mem_pestat] low and high boundaries for proper pairs: (1, 1103)
[M::mem_pestat] analyzing insert size distribution for orientation RF...
[M::mem_pestat] (25, 50, 75) percentile: (100, 620, 3450)
[M::mem_pestat] low and high boundaries for computing mean and std.dev: (1, 10150)
[M::mem_pestat] mean and std.dev: (2033.74, 2671.54)
[M::mem_pestat] low and high boundaries for proper pairs: (1, 13500)
[M::mem_pestat] analyzing insert size distribution for orientation RR...
[M::mem_pestat] (25, 50, 75) percentile: (255, 425, 1052)
[M::mem_pestat] low and high boundaries for computing mean and std.dev: (1, 2646)
[M::mem_pestat] mean and std.dev: (638.64, 522.85)
[M::mem_pestat] low and high boundaries for proper pairs: (1, 3443)
[M::mem_pestat] skip orientation FF
[M::mem_pestat] skip orientation RF
[M::mem_pestat] skip orientation RR
[M::mem_process_seqs] Processed 1479830 reads in 476.621 CPU sec, 51.846 real sec
[M::mem_pestat] # candidate unique pairs for (FF, FR, RF, RR): (119, 548427, 137, 68)
[M::mem_pestat] analyzing insert size distribution for orientation FF...
[M::mem_pestat] (25, 50, 75) percentile: (334, 523, 742)
[M::mem_pestat] low and high boundaries for computing mean and std.dev: (1, 1558)
[M::mem_pestat] mean and std.dev: (525.09, 290.38)
[M::mem_pestat] low and high boundaries for proper pairs: (1, 1966)
[M::mem_pestat] analyzing insert size distribution for orientation FR...
[M::mem_pestat] (25, 50, 75) percentile: (306, 403, 516)
[M::mem_pestat] low and high boundaries for computing mean and std.dev: (1, 936)
[M::mem_pestat] mean and std.dev: (418.25, 156.86)
[M::mem_pestat] low and high boundaries for proper pairs: (1, 1146)
[M::mem_pestat] analyzing insert size distribution for orientation RF...
[M::mem_pestat] (25, 50, 75) percentile: (101, 559, 3088)
[M::mem_pestat] low and high boundaries for computing mean and std.dev: (1, 9062)
[M::mem_pestat] mean and std.dev: (1534.09, 2080.48)
[M::mem_pestat] low and high boundaries for proper pairs: (1, 12049)
[M::mem_pestat] analyzing insert size distribution for orientation RR...
[M::mem_pestat] (25, 50, 75) percentile: (202, 434, 1007)
[M::mem_pestat] low and high boundaries for computing mean and std.dev: (1, 2617)
[M::mem_pestat] mean and std.dev: (541.37, 462.26)
[M::mem_pestat] low and high boundaries for proper pairs: (1, 3422)
[M::mem_pestat] skip orientation FF
[M::mem_pestat] skip orientation RF
[M::mem_pestat] skip orientation RR
[M::process] read 1466622 sequences (200000005 bp)...
[M::mem_process_seqs] Processed 1468908 reads in 470.334 CPU sec, 50.786 real sec
[M::mem_pestat] # candidate unique pairs for (FF, FR, RF, RR): (137, 548120, 127, 76)
[M::mem_pestat] analyzing insert size distribution for orientation FF...
[M::mem_pestat] (25, 50, 75) percentile: (355, 536, 871)
[M::mem_pestat] low and high boundaries for computing mean and std.dev: (1, 1903)
[M::mem_pestat] mean and std.dev: (592.52, 347.73)
[M::mem_pestat] low and high boundaries for proper pairs: (1, 2419)
[M::mem_pestat] analyzing insert size distribution for orientation FR...
[M::mem_pestat] (25, 50, 75) percentile: (311, 408, 523)
[M::mem_pestat] low and high boundaries for computing mean and std.dev: (1, 947)
[M::mem_pestat] mean and std.dev: (423.99, 159.34)
[M::mem_pestat] low and high boundaries for proper pairs: (1, 1159)
[M::mem_pestat] analyzing insert size distribution for orientation RF...
[M::mem_pestat] (25, 50, 75) percentile: (151, 632, 3307)
[M::mem_pestat] low and high boundaries for computing mean and std.dev: (1, 9619)
[M::mem_pestat] mean and std.dev: (2040.57, 2560.81)
[M::mem_pestat] low and high boundaries for proper pairs: (1, 12775)
[M::mem_pestat] analyzing insert size distribution for orientation RR...
[M::mem_pestat] (25, 50, 75) percentile: (246, 478, 1009)
[M::mem_pestat] low and high boundaries for computing mean and std.dev: (1, 2535)
[M::mem_pestat] mean and std.dev: (572.42, 523.24)
[M::mem_pestat] low and high boundaries for proper pairs: (1, 3298)
[M::mem_pestat] skip orientation FF
[M::mem_pestat] skip orientation RF
[M::mem_pestat] skip orientation RR
[M::process] read 1470992 sequences (200000186 bp)...
[M::mem_process_seqs] Processed 1466622 reads in 469.608 CPU sec, 50.637 real sec
[M::mem_pestat] # candidate unique pairs for (FF, FR, RF, RR): (152, 547802, 139, 74)
[M::mem_pestat] analyzing insert size distribution for orientation FF...
[M::mem_pestat] (25, 50, 75) percentile: (321, 511, 821)
[M::mem_pestat] low and high boundaries for computing mean and std.dev: (1, 1821)
[M::mem_pestat] mean and std.dev: (570.39, 349.09)
[M::mem_pestat] low and high boundaries for proper pairs: (1, 2321)
[M::mem_pestat] analyzing insert size distribution for orientation FR...
[M::mem_pestat] (25, 50, 75) percentile: (309, 405, 517)
[M::mem_pestat] low and high boundaries for computing mean and std.dev: (1, 933)
[M::mem_pestat] mean and std.dev: (419.02, 154.16)
[M::mem_pestat] low and high boundaries for proper pairs: (1, 1141)
[M::mem_pestat] analyzing insert size distribution for orientation RF...
[M::mem_pestat] (25, 50, 75) percentile: (59, 468, 3372)
[M::mem_pestat] low and high boundaries for computing mean and std.dev: (1, 9998)
[M::mem_pestat] mean and std.dev: (1885.39, 2578.71)
[M::mem_pestat] low and high boundaries for proper pairs: (1, 13311)
[M::mem_pestat] analyzing insert size distribution for orientation RR...
[M::mem_pestat] (25, 50, 75) percentile: (253, 572, 1303)
[M::mem_pestat] low and high boundaries for computing mean and std.dev: (1, 3403)
[M::mem_pestat] mean and std.dev: (801.90, 790.36)
[M::mem_pestat] low and high boundaries for proper pairs: (1, 4453)
[M::mem_pestat] skip orientation FF
[M::mem_pestat] skip orientation RF
[M::mem_pestat] skip orientation RR
[M::process] read 1478644 sequences (200000192 bp)...
[M::mem_process_seqs] Processed 1470992 reads in 474.496 CPU sec, 51.467 real sec
[M::mem_pestat] # candidate unique pairs for (FF, FR, RF, RR): (138, 547556, 145, 73)
[M::mem_pestat] analyzing insert size distribution for orientation FF...
[M::mem_pestat] (25, 50, 75) percentile: (344, 477, 752)
[M::mem_pestat] low and high boundaries for computing mean and std.dev: (1, 1568)
[M::mem_pestat] mean and std.dev: (536.92, 300.17)
[M::mem_pestat] low and high boundaries for proper pairs: (1, 1976)
[M::mem_pestat] analyzing insert size distribution for orientation FR...
[M::mem_pestat] (25, 50, 75) percentile: (302, 395, 501)
[M::mem_pestat] low and high boundaries for computing mean and std.dev: (1, 899)
[M::mem_pestat] mean and std.dev: (406.65, 146.86)
[M::mem_pestat] low and high boundaries for proper pairs: (1, 1098)
[M::mem_pestat] analyzing insert size distribution for orientation RF...
[M::mem_pestat] (25, 50, 75) percentile: (214, 812, 3292)
[M::mem_pestat] low and high boundaries for computing mean and std.dev: (1, 9448)
[M::mem_pestat] mean and std.dev: (1834.92, 2205.81)
[M::mem_pestat] low and high boundaries for proper pairs: (1, 12526)
[M::mem_pestat] analyzing insert size distribution for orientation RR...
[M::mem_pestat] (25, 50, 75) percentile: (220, 419, 842)
[M::mem_pestat] low and high boundaries for computing mean and std.dev: (1, 2086)
[M::mem_pestat] mean and std.dev: (484.25, 399.03)
[M::mem_pestat] low and high boundaries for proper pairs: (1, 2708)
[M::mem_pestat] skip orientation FF
[M::mem_pestat] skip orientation RF
[M::mem_pestat] skip orientation RR
[M::process] read 1464200 sequences (200000262 bp)...
[M::mem_process_seqs] Processed 1478644 reads in 476.835 CPU sec, 51.451 real sec
[M::mem_pestat] # candidate unique pairs for (FF, FR, RF, RR): (122, 548055, 123, 57)
[M::mem_pestat] analyzing insert size distribution for orientation FF...
[M::mem_pestat] (25, 50, 75) percentile: (350, 504, 739)
[M::mem_pestat] low and high boundaries for computing mean and std.dev: (1, 1517)
[M::mem_pestat] mean and std.dev: (545.16, 288.68)
[M::mem_pestat] low and high boundaries for proper pairs: (1, 1906)
[M::mem_pestat] analyzing insert size distribution for orientation FR...
[M::mem_pestat] (25, 50, 75) percentile: (310, 407, 522)
[M::mem_pestat] low and high boundaries for computing mean and std.dev: (1, 946)
[M::mem_pestat] mean and std.dev: (423.20, 159.35)
[M::mem_pestat] low and high boundaries for proper pairs: (1, 1158)
[M::mem_pestat] analyzing insert size distribution for orientation RF...
[M::mem_pestat] (25, 50, 75) percentile: (102, 648, 2242)
[M::mem_pestat] low and high boundaries for computing mean and std.dev: (1, 6522)
[M::mem_pestat] mean and std.dev: (1097.96, 1436.29)
[M::mem_pestat] low and high boundaries for proper pairs: (1, 8662)
[M::mem_pestat] analyzing insert size distribution for orientation RR...
[M::mem_pestat] (25, 50, 75) percentile: (217, 320, 750)
[M::mem_pestat] low and high boundaries for computing mean and std.dev: (1, 1816)
[M::mem_pestat] mean and std.dev: (415.14, 319.70)
[M::mem_pestat] low and high boundaries for proper pairs: (1, 2349)
[M::mem_pestat] skip orientation FF
[M::mem_pestat] skip orientation RF
[M::mem_pestat] skip orientation RR
[M::process] read 1467344 sequences (200000225 bp)...
[M::mem_process_seqs] Processed 1464200 reads in 468.265 CPU sec, 50.533 real sec
[M::mem_pestat] # candidate unique pairs for (FF, FR, RF, RR): (126, 547839, 151, 68)
[M::mem_pestat] analyzing insert size distribution for orientation FF...
[M::mem_pestat] (25, 50, 75) percentile: (346, 515, 839)
[M::mem_pestat] low and high boundaries for computing mean and std.dev: (1, 1825)
[M::mem_pestat] mean and std.dev: (558.92, 305.42)
[M::mem_pestat] low and high boundaries for proper pairs: (1, 2318)
[M::mem_pestat] analyzing insert size distribution for orientation FR...
[M::mem_pestat] (25, 50, 75) percentile: (311, 408, 522)
[M::mem_pestat] low and high boundaries for computing mean and std.dev: (1, 944)
[M::mem_pestat] mean and std.dev: (423.21, 157.72)
[M::mem_pestat] low and high boundaries for proper pairs: (1, 1155)
[M::mem_pestat] analyzing insert size distribution for orientation RF...
[M::mem_pestat] (25, 50, 75) percentile: (119, 831, 4233)
[M::mem_pestat] low and high boundaries for computing mean and std.dev: (1, 12461)
[M::mem_pestat] mean and std.dev: (2196.26, 2708.67)
[M::mem_pestat] low and high boundaries for proper pairs: (1, 16575)
[M::mem_pestat] analyzing insert size distribution for orientation RR...
[M::mem_pestat] (25, 50, 75) percentile: (256, 471, 937)
[M::mem_pestat] low and high boundaries for computing mean and std.dev: (1, 2299)
[M::mem_pestat] mean and std.dev: (520.84, 429.33)
[M::mem_pestat] low and high boundaries for proper pairs: (1, 2980)
[M::mem_pestat] skip orientation FF
[M::mem_pestat] skip orientation RF
[M::mem_pestat] skip orientation RR
[M::process] read 1473342 sequences (200000105 bp)...
[M::mem_process_seqs] Processed 1467344 reads in 472.757 CPU sec, 51.898 real sec
[M::mem_pestat] # candidate unique pairs for (FF, FR, RF, RR): (110, 547487, 123, 64)
[M::mem_pestat] analyzing insert size distribution for orientation FF...
[M::mem_pestat] (25, 50, 75) percentile: (337, 525, 720)
[M::mem_pestat] low and high boundaries for computing mean and std.dev: (1, 1486)
[M::mem_pestat] mean and std.dev: (513.64, 276.06)
[M::mem_pestat] low and high boundaries for proper pairs: (1, 1869)
[M::mem_pestat] analyzing insert size distribution for orientation FR...
[M::mem_pestat] (25, 50, 75) percentile: (307, 402, 510)
[M::mem_pestat] low and high boundaries for computing mean and std.dev: (1, 916)
[M::mem_pestat] mean and std.dev: (414.07, 150.59)
[M::mem_pestat] low and high boundaries for proper pairs: (1, 1119)
[M::mem_pestat] analyzing insert size distribution for orientation RF...
[M::mem_pestat] (25, 50, 75) percentile: (62, 613, 3844)
[M::mem_pestat] low and high boundaries for computing mean and std.dev: (1, 11408)
[M::mem_pestat] mean and std.dev: (2113.33, 2655.18)
[M::mem_pestat] low and high boundaries for proper pairs: (1, 15190)
[M::mem_pestat] analyzing insert size distribution for orientation RR...
[M::mem_pestat] (25, 50, 75) percentile: (267, 334, 906)
[M::mem_pestat] low and high boundaries for computing mean and std.dev: (1, 2184)
[M::mem_pestat] mean and std.dev: (520.25, 461.75)
[M::mem_pestat] low and high boundaries for proper pairs: (1, 2823)
[M::mem_pestat] skip orientation FF
[M::mem_pestat] skip orientation RF
[M::mem_pestat] skip orientation RR
[M::process] read 1474054 sequences (200000248 bp)...
[M::mem_process_seqs] Processed 1473342 reads in 474.824 CPU sec, 51.163 real sec
[M::mem_pestat] # candidate unique pairs for (FF, FR, RF, RR): (146, 548187, 119, 68)
[M::mem_pestat] analyzing insert size distribution for orientation FF...
[M::mem_pestat] (25, 50, 75) percentile: (326, 455, 629)
[M::mem_pestat] low and high boundaries for computing mean and std.dev: (1, 1235)
[M::mem_pestat] mean and std.dev: (446.69, 196.24)
[M::mem_pestat] low and high boundaries for proper pairs: (1, 1538)
[M::mem_pestat] analyzing insert size distribution for orientation FR...
[M::mem_pestat] (25, 50, 75) percentile: (306, 401, 510)
[M::mem_pestat] low and high boundaries for computing mean and std.dev: (1, 918)
[M::mem_pestat] mean and std.dev: (413.81, 151.57)
[M::mem_pestat] low and high boundaries for proper pairs: (1, 1122)
[M::mem_pestat] analyzing insert size distribution for orientation RF...
[M::mem_pestat] (25, 50, 75) percentile: (104, 657, 4034)
[M::mem_pestat] low and high boundaries for computing mean and std.dev: (1, 11894)
[M::mem_pestat] mean and std.dev: (2312.31, 3019.58)
[M::mem_pestat] low and high boundaries for proper pairs: (1, 15824)
[M::mem_pestat] analyzing insert size distribution for orientation RR...
[M::mem_pestat] (25, 50, 75) percentile: (215, 371, 723)
[M::mem_pestat] low and high boundaries for computing mean and std.dev: (1, 1739)
[M::mem_pestat] mean and std.dev: (436.67, 317.84)
[M::mem_pestat] low and high boundaries for proper pairs: (1, 2247)
[M::mem_pestat] skip orientation FF
[M::mem_pestat] skip orientation RF
[M::mem_pestat] skip orientation RR
[M::mem_process_seqs] Processed 1474054 reads in 485.755 CPU sec, 77.669 real sec
[M::process] read 1465606 sequences (200000006 bp)...
[M::process] read 1468538 sequences (200000222 bp)...
[M::mem_pestat] # candidate unique pairs for (FF, FR, RF, RR): (117, 549600, 137, 79)
[M::mem_pestat] analyzing insert size distribution for orientation FF...
[M::mem_pestat] (25, 50, 75) percentile: (351, 532, 893)
[M::mem_pestat] low and high boundaries for computing mean and std.dev: (1, 1977)
[M::mem_pestat] mean and std.dev: (616.76, 353.46)
[M::mem_pestat] low and high boundaries for proper pairs: (1, 2519)
[M::mem_pestat] analyzing insert size distribution for orientation FR...
[M::mem_pestat] (25, 50, 75) percentile: (314, 411, 526)
[M::mem_pestat] low and high boundaries for computing mean and std.dev: (1, 950)
[M::mem_pestat] mean and std.dev: (426.82, 158.70)
[M::mem_pestat] low and high boundaries for proper pairs: (1, 1162)
[M::mem_pestat] analyzing insert size distribution for orientation RF...
[M::mem_pestat] (25, 50, 75) percentile: (84, 430, 2530)
[M::mem_pestat] low and high boundaries for computing mean and std.dev: (1, 7422)
[M::mem_pestat] mean and std.dev: (1366.99, 1892.24)
[M::mem_pestat] low and high boundaries for proper pairs: (1, 9868)
[M::mem_pestat] analyzing insert size distribution for orientation RR...
[M::mem_pestat] (25, 50, 75) percentile: (213, 445, 1095)
[M::mem_pestat] low and high boundaries for computing mean and std.dev: (1, 2859)
[M::mem_pestat] mean and std.dev: (573.74, 548.81)
[M::mem_pestat] low and high boundaries for proper pairs: (1, 3741)
[M::mem_pestat] skip orientation FF
[M::mem_pestat] skip orientation RF
[M::mem_pestat] skip orientation RR
[M::mem_process_seqs] Processed 1465606 reads in 466.754 CPU sec, 48.793 real sec
[M::mem_pestat] # candidate unique pairs for (FF, FR, RF, RR): (123, 548936, 120, 70)
[M::mem_pestat] analyzing insert size distribution for orientation FF...
[M::mem_pestat] (25, 50, 75) percentile: (340, 500, 819)
[M::mem_pestat] low and high boundaries for computing mean and std.dev: (1, 1777)
[M::mem_pestat] mean and std.dev: (563.24, 317.15)
[M::mem_pestat] low and high boundaries for proper pairs: (1, 2256)
[M::mem_pestat] analyzing insert size distribution for orientation FR...
[M::mem_pestat] (25, 50, 75) percentile: (311, 408, 520)
[M::mem_pestat] low and high boundaries for computing mean and std.dev: (1, 938)
[M::mem_pestat] mean and std.dev: (421.98, 155.07)
[M::mem_pestat] low and high boundaries for proper pairs: (1, 1147)
[M::mem_pestat] analyzing insert size distribution for orientation RF...
[M::mem_pestat] (25, 50, 75) percentile: (66, 441, 2504)
[M::mem_pestat] low and high boundaries for computing mean and std.dev: (1, 7380)
[M::mem_pestat] mean and std.dev: (1298.61, 1756.70)
[M::mem_pestat] low and high boundaries for proper pairs: (1, 9818)
[M::mem_pestat] analyzing insert size distribution for orientation RR...
[M::mem_pestat] (25, 50, 75) percentile: (206, 339, 716)
[M::mem_pestat] low and high boundaries for computing mean and std.dev: (1, 1736)
[M::mem_pestat] mean and std.dev: (487.36, 408.12)
[M::mem_pestat] low and high boundaries for proper pairs: (1, 2246)
[M::mem_pestat] skip orientation FF
[M::mem_pestat] skip orientation RF
[M::mem_pestat] skip orientation RR
[M::process] read 1478620 sequences (200000079 bp)...
[M::mem_process_seqs] Processed 1468538 reads in 471.695 CPU sec, 50.905 real sec
[M::process] read 1465582 sequences (200000099 bp)...
[M::mem_pestat] # candidate unique pairs for (FF, FR, RF, RR): (122, 547797, 142, 72)
[M::mem_pestat] analyzing insert size distribution for orientation FF...
[M::mem_pestat] (25, 50, 75) percentile: (344, 518, 683)
[M::mem_pestat] low and high boundaries for computing mean and std.dev: (1, 1361)
[M::mem_pestat] mean and std.dev: (494.67, 221.27)
[M::mem_pestat] low and high boundaries for proper pairs: (1, 1700)
[M::mem_pestat] analyzing insert size distribution for orientation FR...
[M::mem_pestat] (25, 50, 75) percentile: (306, 399, 504)
[M::mem_pestat] low and high boundaries for computing mean and std.dev: (1, 900)
[M::mem_pestat] mean and std.dev: (410.06, 146.26)
[M::mem_pestat] low and high boundaries for proper pairs: (1, 1098)
[M::mem_pestat] analyzing insert size distribution for orientation RF...
[M::mem_pestat] (25, 50, 75) percentile: (56, 479, 3001)
[M::mem_pestat] low and high boundaries for computing mean and std.dev: (1, 8891)
[M::mem_pestat] mean and std.dev: (1647.70, 2204.58)
[M::mem_pestat] low and high boundaries for proper pairs: (1, 11836)
[M::mem_pestat] analyzing insert size distribution for orientation RR...
[M::mem_pestat] (25, 50, 75) percentile: (210, 420, 790)
[M::mem_pestat] low and high boundaries for computing mean and std.dev: (1, 1950)
[M::mem_pestat] mean and std.dev: (479.35, 387.67)
[M::mem_pestat] low and high boundaries for proper pairs: (1, 2530)
[M::mem_pestat] skip orientation FF
[M::mem_pestat] skip orientation RF
[M::mem_pestat] skip orientation RR
[M::mem_process_seqs] Processed 1478620 reads in 474.639 CPU sec, 51.273 real sec
[M::mem_pestat] # candidate unique pairs for (FF, FR, RF, RR): (141, 550618, 117, 92)
[M::mem_pestat] analyzing insert size distribution for orientation FF...
[M::mem_pestat] (25, 50, 75) percentile: (339, 454, 726)
[M::mem_pestat] low and high boundaries for computing mean and std.dev: (1, 1500)
[M::mem_pestat] mean and std.dev: (504.70, 253.31)
[M::mem_pestat] low and high boundaries for proper pairs: (1, 1887)
[M::mem_pestat] analyzing insert size distribution for orientation FR...
[M::mem_pestat] (25, 50, 75) percentile: (311, 407, 520)
[M::mem_pestat] low and high boundaries for computing mean and std.dev: (1, 938)
[M::mem_pestat] mean and std.dev: (422.21, 156.91)
[M::mem_pestat] low and high boundaries for proper pairs: (1, 1147)
[M::mem_pestat] analyzing insert size distribution for orientation RF...
[M::mem_pestat] (25, 50, 75) percentile: (78, 462, 2798)
[M::mem_pestat] low and high boundaries for computing mean and std.dev: (1, 8238)
[M::mem_pestat] mean and std.dev: (1442.65, 2076.54)
[M::mem_pestat] low and high boundaries for proper pairs: (1, 10958)
[M::mem_pestat] analyzing insert size distribution for orientation RR...
[M::mem_pestat] (25, 50, 75) percentile: (236, 479, 1292)
[M::mem_pestat] low and high boundaries for computing mean and std.dev: (1, 3404)
[M::mem_pestat] mean and std.dev: (666.86, 622.50)
[M::mem_pestat] low and high boundaries for proper pairs: (1, 4460)
[M::mem_pestat] skip orientation FF
[M::mem_pestat] skip orientation RF
[M::mem_pestat] skip orientation RR
[M::process] read 1465204 sequences (200000090 bp)...
[M::mem_process_seqs] Processed 1465582 reads in 463.754 CPU sec, 50.121 real sec
[M::mem_pestat] # candidate unique pairs for (FF, FR, RF, RR): (148, 550135, 138, 80)
[M::mem_pestat] analyzing insert size distribution for orientation FF...
[M::mem_pestat] (25, 50, 75) percentile: (306, 414, 728)
[M::mem_pestat] low and high boundaries for computing mean and std.dev: (1, 1572)
[M::mem_pestat] mean and std.dev: (512.18, 328.53)
[M::mem_pestat] low and high boundaries for proper pairs: (1, 1994)
[M::mem_pestat] analyzing insert size distribution for orientation FR...
[M::mem_pestat] (25, 50, 75) percentile: (311, 407, 519)
[M::mem_pestat] low and high boundaries for computing mean and std.dev: (1, 935)
[M::mem_pestat] mean and std.dev: (422.11, 155.85)
[M::mem_pestat] low and high boundaries for proper pairs: (1, 1143)
[M::mem_pestat] analyzing insert size distribution for orientation RF...
[M::mem_pestat] (25, 50, 75) percentile: (129, 760, 3960)
[M::mem_pestat] low and high boundaries for computing mean and std.dev: (1, 11622)
[M::mem_pestat] mean and std.dev: (2280.24, 2772.08)
[M::mem_pestat] low and high boundaries for proper pairs: (1, 15453)
[M::mem_pestat] analyzing insert size distribution for orientation RR...
[M::mem_pestat] (25, 50, 75) percentile: (330, 517, 1227)
[M::mem_pestat] low and high boundaries for computing mean and std.dev: (1, 3021)
[M::mem_pestat] mean and std.dev: (722.51, 591.18)
[M::mem_pestat] low and high boundaries for proper pairs: (1, 3918)
[M::mem_pestat] skip orientation FF
[M::mem_pestat] skip orientation RF
[M::mem_pestat] skip orientation RR
[M::process] read 1468454 sequences (200000031 bp)...
[M::mem_process_seqs] Processed 1465204 reads in 467.287 CPU sec, 50.422 real sec
[M::mem_pestat] # candidate unique pairs for (FF, FR, RF, RR): (150, 548813, 134, 63)
[M::mem_pestat] analyzing insert size distribution for orientation FF...
[M::mem_pestat] (25, 50, 75) percentile: (313, 504, 804)
[M::mem_pestat] low and high boundaries for computing mean and std.dev: (1, 1786)
[M::mem_pestat] mean and std.dev: (508.57, 315.10)
[M::mem_pestat] low and high boundaries for proper pairs: (1, 2277)
[M::mem_pestat] analyzing insert size distribution for orientation FR...
[M::mem_pestat] (25, 50, 75) percentile: (311, 406, 516)
[M::mem_pestat] low and high boundaries for computing mean and std.dev: (1, 926)
[M::mem_pestat] mean and std.dev: (419.68, 153.35)
[M::mem_pestat] low and high boundaries for proper pairs: (1, 1131)
[M::mem_pestat] analyzing insert size distribution for orientation RF...
[M::mem_pestat] (25, 50, 75) percentile: (103, 751, 3092)
[M::mem_pestat] low and high boundaries for computing mean and std.dev: (1, 9070)
[M::mem_pestat] mean and std.dev: (1749.29, 2260.49)
[M::mem_pestat] low and high boundaries for proper pairs: (1, 12059)
[M::mem_pestat] analyzing insert size distribution for orientation RR...
[M::mem_pestat] (25, 50, 75) percentile: (238, 427, 1213)
[M::mem_pestat] low and high boundaries for computing mean and std.dev: (1, 3163)
[M::mem_pestat] mean and std.dev: (571.56, 558.69)
[M::mem_pestat] low and high boundaries for proper pairs: (1, 4138)
[M::mem_pestat] skip orientation FF
[M::mem_pestat] skip orientation RF
[M::mem_pestat] skip orientation RR
[M::process] read 1478412 sequences (200000231 bp)...
[M::mem_process_seqs] Processed 1468454 reads in 468.216 CPU sec, 50.571 real sec
[M::mem_pestat] # candidate unique pairs for (FF, FR, RF, RR): (142, 549671, 160, 67)
[M::mem_pestat] analyzing insert size distribution for orientation FF...
[M::mem_pestat] (25, 50, 75) percentile: (304, 479, 672)
[M::mem_pestat] low and high boundaries for computing mean and std.dev: (1, 1408)
[M::mem_pestat] mean and std.dev: (491.37, 244.27)
[M::mem_pestat] low and high boundaries for proper pairs: (1, 1776)
[M::mem_pestat] analyzing insert size distribution for orientation FR...
[M::mem_pestat] (25, 50, 75) percentile: (305, 399, 507)
[M::mem_pestat] low and high boundaries for computing mean and std.dev: (1, 911)
[M::mem_pestat] mean and std.dev: (411.34, 150.12)
[M::mem_pestat] low and high boundaries for proper pairs: (1, 1113)
[M::mem_pestat] analyzing insert size distribution for orientation RF...
[M::mem_pestat] (25, 50, 75) percentile: (76, 465, 3761)
[M::mem_pestat] low and high boundaries for computing mean and std.dev: (1, 11131)
[M::mem_pestat] mean and std.dev: (1915.49, 2547.27)
[M::mem_pestat] low and high boundaries for proper pairs: (1, 14816)
[M::mem_pestat] analyzing insert size distribution for orientation RR...
[M::mem_pestat] (25, 50, 75) percentile: (220, 423, 877)
[M::mem_pestat] low and high boundaries for computing mean and std.dev: (1, 2191)
[M::mem_pestat] mean and std.dev: (599.06, 549.35)
[M::mem_pestat] low and high boundaries for proper pairs: (1, 2848)
[M::mem_pestat] skip orientation FF
[M::mem_pestat] skip orientation RF
[M::mem_pestat] skip orientation RR
[M::process] read 1483422 sequences (200000074 bp)...
[M::mem_process_seqs] Processed 1478412 reads in 488.502 CPU sec, 52.957 real sec
[M::process] read 1485884 sequences (200000030 bp)...
[M::mem_pestat] # candidate unique pairs for (FF, FR, RF, RR): (158, 551647, 146, 63)
[M::mem_pestat] analyzing insert size distribution for orientation FF...
[M::mem_pestat] (25, 50, 75) percentile: (299, 497, 747)
[M::mem_pestat] low and high boundaries for computing mean and std.dev: (1, 1643)
[M::mem_pestat] mean and std.dev: (503.64, 275.78)
[M::mem_pestat] low and high boundaries for proper pairs: (1, 2091)
[M::mem_pestat] analyzing insert size distribution for orientation FR...
[M::mem_pestat] (25, 50, 75) percentile: (308, 406, 522)
[M::mem_pestat] low and high boundaries for computing mean and std.dev: (1, 950)
[M::mem_pestat] mean and std.dev: (422.38, 160.54)
[M::mem_pestat] low and high boundaries for proper pairs: (1, 1164)
[M::mem_pestat] analyzing insert size distribution for orientation RF...
[M::mem_pestat] (25, 50, 75) percentile: (123, 902, 3589)
[M::mem_pestat] low and high boundaries for computing mean and std.dev: (1, 10521)
[M::mem_pestat] mean and std.dev: (2090.33, 2475.08)
[M::mem_pestat] low and high boundaries for proper pairs: (1, 13987)
[M::mem_pestat] analyzing insert size distribution for orientation RR...
[M::mem_pestat] (25, 50, 75) percentile: (325, 560, 1291)
[M::mem_pestat] low and high boundaries for computing mean and std.dev: (1, 3223)
[M::mem_pestat] mean and std.dev: (720.78, 599.30)
[M::mem_pestat] low and high boundaries for proper pairs: (1, 4189)
[M::mem_pestat] skip orientation FF
[M::mem_pestat] skip orientation RF
[M::mem_pestat] skip orientation RR
[M::mem_process_seqs] Processed 1483422 reads in 549.013 CPU sec, 61.643 real sec
[M::mem_pestat] # candidate unique pairs for (FF, FR, RF, RR): (140, 550024, 143, 74)
[M::mem_pestat] analyzing insert size distribution for orientation FF...
[M::mem_pestat] (25, 50, 75) percentile: (358, 505, 741)
[M::mem_pestat] low and high boundaries for computing mean and std.dev: (1, 1507)
[M::mem_pestat] mean and std.dev: (540.65, 290.66)
[M::mem_pestat] low and high boundaries for proper pairs: (1, 1890)
[M::mem_pestat] analyzing insert size distribution for orientation FR...
[M::mem_pestat] (25, 50, 75) percentile: (310, 407, 521)
[M::mem_pestat] low and high boundaries for computing mean and std.dev: (1, 943)
[M::mem_pestat] mean and std.dev: (422.45, 157.64)
[M::mem_pestat] low and high boundaries for proper pairs: (1, 1154)
[M::mem_pestat] analyzing insert size distribution for orientation RF...
[M::mem_pestat] (25, 50, 75) percentile: (66, 459, 2987)
[M::mem_pestat] low and high boundaries for computing mean and std.dev: (1, 8829)
[M::mem_pestat] mean and std.dev: (1707.96, 2361.91)
[M::mem_pestat] low and high boundaries for proper pairs: (1, 11750)
[M::mem_pestat] analyzing insert size distribution for orientation RR...
[M::mem_pestat] (25, 50, 75) percentile: (233, 366, 1213)
[M::mem_pestat] low and high boundaries for computing mean and std.dev: (1, 3173)
[M::mem_pestat] mean and std.dev: (676.59, 705.07)
[M::mem_pestat] low and high boundaries for proper pairs: (1, 4153)
[M::mem_pestat] skip orientation FF
[M::mem_pestat] skip orientation RF
[M::mem_pestat] skip orientation RR
[M::process] read 1491636 sequences (200000177 bp)...
[M::mem_process_seqs] Processed 1485884 reads in 499.619 CPU sec, 53.772 real sec
[M::mem_pestat] # candidate unique pairs for (FF, FR, RF, RR): (157, 551143, 157, 76)
[M::mem_pestat] analyzing insert size distribution for orientation FF...
[M::mem_pestat] (25, 50, 75) percentile: (357, 500, 707)
[M::mem_pestat] low and high boundaries for computing mean and std.dev: (1, 1407)
[M::mem_pestat] mean and std.dev: (511.63, 238.57)
[M::mem_pestat] low and high boundaries for proper pairs: (1, 1757)
[M::mem_pestat] analyzing insert size distribution for orientation FR...
[M::mem_pestat] (25, 50, 75) percentile: (307, 403, 513)
[M::mem_pestat] low and high boundaries for computing mean and std.dev: (1, 925)
[M::mem_pestat] mean and std.dev: (415.88, 152.59)
[M::mem_pestat] low and high boundaries for proper pairs: (1, 1131)
[M::mem_pestat] analyzing insert size distribution for orientation RF...
[M::mem_pestat] (25, 50, 75) percentile: (132, 561, 3078)
[M::mem_pestat] low and high boundaries for computing mean and std.dev: (1, 8970)
[M::mem_pestat] mean and std.dev: (1745.59, 2331.87)
[M::mem_pestat] low and high boundaries for proper pairs: (1, 11916)
[M::mem_pestat] analyzing insert size distribution for orientation RR...
[M::mem_pestat] (25, 50, 75) percentile: (253, 662, 1281)
[M::mem_pestat] low and high boundaries for computing mean and std.dev: (1, 3337)
[M::mem_pestat] mean and std.dev: (824.87, 803.01)
[M::mem_pestat] low and high boundaries for proper pairs: (1, 4365)
[M::mem_pestat] skip orientation FF
[M::mem_pestat] skip orientation RF
[M::mem_pestat] skip orientation RR
[M::mem_process_seqs] Processed 1491636 reads in 496.006 CPU sec, 80.461 real sec
[M::process] read 1474128 sequences (200000224 bp)...
[M::process] read 1474936 sequences (200000183 bp)...
[M::mem_pestat] # candidate unique pairs for (FF, FR, RF, RR): (111, 549958, 126, 66)
[M::mem_pestat] analyzing insert size distribution for orientation FF...
[M::mem_pestat] (25, 50, 75) percentile: (316, 458, 860)
[M::mem_pestat] low and high boundaries for computing mean and std.dev: (1, 1948)
[M::mem_pestat] mean and std.dev: (538.29, 363.61)
[M::mem_pestat] low and high boundaries for proper pairs: (1, 2492)
[M::mem_pestat] analyzing insert size distribution for orientation FR...
[M::mem_pestat] (25, 50, 75) percentile: (307, 405, 519)
[M::mem_pestat] low and high boundaries for computing mean and std.dev: (1, 943)
[M::mem_pestat] mean and std.dev: (420.56, 159.09)
[M::mem_pestat] low and high boundaries for proper pairs: (1, 1155)
[M::mem_pestat] analyzing insert size distribution for orientation RF...
[M::mem_pestat] (25, 50, 75) percentile: (75, 340, 2865)
[M::mem_pestat] low and high boundaries for computing mean and std.dev: (1, 8445)
[M::mem_pestat] mean and std.dev: (1480.27, 2097.99)
[M::mem_pestat] low and high boundaries for proper pairs: (1, 11235)
[M::mem_pestat] analyzing insert size distribution for orientation RR...
[M::mem_pestat] (25, 50, 75) percentile: (251, 392, 738)
[M::mem_pestat] low and high boundaries for computing mean and std.dev: (1, 1712)
[M::mem_pestat] mean and std.dev: (444.52, 309.91)
[M::mem_pestat] low and high boundaries for proper pairs: (1, 2199)
[M::mem_pestat] skip orientation FF
[M::mem_pestat] skip orientation RF
[M::mem_pestat] skip orientation RR
[M::mem_process_seqs] Processed 1474128 reads in 476.942 CPU sec, 50.140 real sec
[M::mem_pestat] # candidate unique pairs for (FF, FR, RF, RR): (133, 548502, 115, 70)
[M::mem_pestat] analyzing insert size distribution for orientation FF...
[M::mem_pestat] (25, 50, 75) percentile: (348, 521, 780)
[M::mem_pestat] low and high boundaries for computing mean and std.dev: (1, 1644)
[M::mem_pestat] mean and std.dev: (511.00, 257.50)
[M::mem_pestat] low and high boundaries for proper pairs: (1, 2076)
[M::mem_pestat] analyzing insert size distribution for orientation FR...
[M::mem_pestat] (25, 50, 75) percentile: (310, 409, 525)
[M::mem_pestat] low and high boundaries for computing mean and std.dev: (1, 955)
[M::mem_pestat] mean and std.dev: (425.31, 160.84)
[M::mem_pestat] low and high boundaries for proper pairs: (1, 1170)
[M::mem_pestat] analyzing insert size distribution for orientation RF...
[M::mem_pestat] (25, 50, 75) percentile: (64, 496, 2751)
[M::mem_pestat] low and high boundaries for computing mean and std.dev: (1, 8125)
[M::mem_pestat] mean and std.dev: (1596.12, 2021.68)
[M::mem_pestat] low and high boundaries for proper pairs: (1, 10812)
[M::mem_pestat] analyzing insert size distribution for orientation RR...
[M::mem_pestat] (25, 50, 75) percentile: (223, 462, 1042)
[M::mem_pestat] low and high boundaries for computing mean and std.dev: (1, 2680)
[M::mem_pestat] mean and std.dev: (636.58, 622.24)
[M::mem_pestat] low and high boundaries for proper pairs: (1, 3499)
[M::mem_pestat] skip orientation FF
[M::mem_pestat] skip orientation RF
[M::mem_pestat] skip orientation RR
[M::process] read 1485648 sequences (200000137 bp)...
[M::mem_process_seqs] Processed 1474936 reads in 483.770 CPU sec, 52.084 real sec
[M::mem_pestat] # candidate unique pairs for (FF, FR, RF, RR): (145, 550770, 141, 87)
[M::mem_pestat] analyzing insert size distribution for orientation FF...
[M::mem_pestat] (25, 50, 75) percentile: (335, 503, 748)
[M::mem_pestat] low and high boundaries for computing mean and std.dev: (1, 1574)
[M::mem_pestat] mean and std.dev: (508.96, 276.69)
[M::mem_pestat] low and high boundaries for proper pairs: (1, 1987)
[M::mem_pestat] analyzing insert size distribution for orientation FR...
[M::mem_pestat] (25, 50, 75) percentile: (310, 406, 518)
[M::mem_pestat] low and high boundaries for computing mean and std.dev: (1, 934)
[M::mem_pestat] mean and std.dev: (420.33, 154.98)
[M::mem_pestat] low and high boundaries for proper pairs: (1, 1142)
[M::mem_pestat] analyzing insert size distribution for orientation RF...
[M::mem_pestat] (25, 50, 75) percentile: (72, 547, 3967)
[M::mem_pestat] low and high boundaries for computing mean and std.dev: (1, 11757)
[M::mem_pestat] mean and std.dev: (2128.28, 2715.82)
[M::mem_pestat] low and high boundaries for proper pairs: (1, 15652)
[M::mem_pestat] analyzing insert size distribution for orientation RR...
[M::mem_pestat] (25, 50, 75) percentile: (217, 483, 946)
[M::mem_pestat] low and high boundaries for computing mean and std.dev: (1, 2404)
[M::mem_pestat] mean and std.dev: (606.96, 521.10)
[M::mem_pestat] low and high boundaries for proper pairs: (1, 3133)
[M::mem_pestat] skip orientation FF
[M::mem_pestat] skip orientation RF
[M::mem_pestat] skip orientation RR
[M::process] read 1482688 sequences (200000212 bp)...
[M::mem_process_seqs] Processed 1485648 reads in 497.243 CPU sec, 53.523 real sec
[M::mem_pestat] # candidate unique pairs for (FF, FR, RF, RR): (157, 549372, 116, 72)
[M::mem_pestat] analyzing insert size distribution for orientation FF...
[M::mem_pestat] (25, 50, 75) percentile: (346, 522, 825)
[M::mem_pestat] low and high boundaries for computing mean and std.dev: (1, 1783)
[M::mem_pestat] mean and std.dev: (564.46, 335.14)
[M::mem_pestat] low and high boundaries for proper pairs: (1, 2262)
[M::mem_pestat] analyzing insert size distribution for orientation FR...
[M::mem_pestat] (25, 50, 75) percentile: (306, 402, 512)
[M::mem_pestat] low and high boundaries for computing mean and std.dev: (1, 924)
[M::mem_pestat] mean and std.dev: (415.15, 153.30)
[M::mem_pestat] low and high boundaries for proper pairs: (1, 1130)
[M::mem_pestat] analyzing insert size distribution for orientation RF...
[M::mem_pestat] (25, 50, 75) percentile: (110, 1016, 4348)
[M::mem_pestat] low and high boundaries for computing mean and std.dev: (1, 12824)
[M::mem_pestat] mean and std.dev: (2473.91, 2930.60)
[M::mem_pestat] low and high boundaries for proper pairs: (1, 17062)
[M::mem_pestat] analyzing insert size distribution for orientation RR...
[M::mem_pestat] (25, 50, 75) percentile: (282, 534, 1145)
[M::mem_pestat] low and high boundaries for computing mean and std.dev: (1, 2871)
[M::mem_pestat] mean and std.dev: (607.84, 535.06)
[M::mem_pestat] low and high boundaries for proper pairs: (1, 3734)
[M::mem_pestat] skip orientation FF
[M::mem_pestat] skip orientation RF
[M::mem_pestat] skip orientation RR
[M::mem_process_seqs] Processed 1482688 reads in 486.149 CPU sec, 96.020 real sec
[M::process] read 1467114 sequences (200000028 bp)...
[M::process] read 1471900 sequences (200000091 bp)...
[M::mem_pestat] # candidate unique pairs for (FF, FR, RF, RR): (148, 547823, 142, 64)
[M::mem_pestat] analyzing insert size distribution for orientation FF...
[M::mem_pestat] (25, 50, 75) percentile: (391, 572, 895)
[M::mem_pestat] low and high boundaries for computing mean and std.dev: (1, 1903)
[M::mem_pestat] mean and std.dev: (587.65, 364.35)
[M::mem_pestat] low and high boundaries for proper pairs: (1, 2407)
[M::mem_pestat] analyzing insert size distribution for orientation FR...
[M::mem_pestat] (25, 50, 75) percentile: (311, 411, 530)
[M::mem_pestat] low and high boundaries for computing mean and std.dev: (1, 968)
[M::mem_pestat] mean and std.dev: (428.76, 164.92)
[M::mem_pestat] low and high boundaries for proper pairs: (1, 1187)
[M::mem_pestat] analyzing insert size distribution for orientation RF...
[M::mem_pestat] (25, 50, 75) percentile: (129, 728, 2977)
[M::mem_pestat] low and high boundaries for computing mean and std.dev: (1, 8673)
[M::mem_pestat] mean and std.dev: (1508.27, 1944.71)
[M::mem_pestat] low and high boundaries for proper pairs: (1, 11521)
[M::mem_pestat] analyzing insert size distribution for orientation RR...
[M::mem_pestat] (25, 50, 75) percentile: (264, 433, 1033)
[M::mem_pestat] low and high boundaries for computing mean and std.dev: (1, 2571)
[M::mem_pestat] mean and std.dev: (584.29, 544.04)
[M::mem_pestat] low and high boundaries for proper pairs: (1, 3340)
[M::mem_pestat] skip orientation FF
[M::mem_pestat] skip orientation RF
[M::mem_pestat] skip orientation RR
[M::mem_process_seqs] Processed 1467114 reads in 471.693 CPU sec, 47.814 real sec
[M::process] read 1476622 sequences (200000055 bp)...
[M::mem_pestat] # candidate unique pairs for (FF, FR, RF, RR): (141, 547835, 140, 67)
[M::mem_pestat] analyzing insert size distribution for orientation FF...
[M::mem_pestat] (25, 50, 75) percentile: (390, 549, 878)
[M::mem_pestat] low and high boundaries for computing mean and std.dev: (1, 1854)
[M::mem_pestat] mean and std.dev: (601.92, 357.92)
[M::mem_pestat] low and high boundaries for proper pairs: (1, 2342)
[M::mem_pestat] analyzing insert size distribution for orientation FR...
[M::mem_pestat] (25, 50, 75) percentile: (313, 412, 530)
[M::mem_pestat] low and high boundaries for computing mean and std.dev: (1, 964)
[M::mem_pestat] mean and std.dev: (429.08, 162.90)
[M::mem_pestat] low and high boundaries for proper pairs: (1, 1181)
[M::mem_pestat] analyzing insert size distribution for orientation RF...
[M::mem_pestat] (25, 50, 75) percentile: (97, 709, 3353)
[M::mem_pestat] low and high boundaries for computing mean and std.dev: (1, 9865)
[M::mem_pestat] mean and std.dev: (1931.34, 2486.10)
[M::mem_pestat] low and high boundaries for proper pairs: (1, 13121)
[M::mem_pestat] analyzing insert size distribution for orientation RR...
[M::mem_pestat] (25, 50, 75) percentile: (249, 403, 665)
[M::mem_pestat] low and high boundaries for computing mean and std.dev: (1, 1497)
[M::mem_pestat] mean and std.dev: (474.22, 333.46)
[M::mem_pestat] low and high boundaries for proper pairs: (1, 1913)
[M::mem_pestat] skip orientation FF
[M::mem_pestat] skip orientation RF
[M::mem_pestat] skip orientation RR
[M::mem_process_seqs] Processed 1471900 reads in 480.505 CPU sec, 51.673 real sec
[M::process] read 1472336 sequences (200000238 bp)...
[M::mem_pestat] # candidate unique pairs for (FF, FR, RF, RR): (132, 546498, 126, 64)
[M::mem_pestat] analyzing insert size distribution for orientation FF...
[M::mem_pestat] (25, 50, 75) percentile: (341, 505, 740)
[M::mem_pestat] low and high boundaries for computing mean and std.dev: (1, 1538)
[M::mem_pestat] mean and std.dev: (518.21, 254.12)
[M::mem_pestat] low and high boundaries for proper pairs: (1, 1937)
[M::mem_pestat] analyzing insert size distribution for orientation FR...
[M::mem_pestat] (25, 50, 75) percentile: (310, 406, 520)
[M::mem_pestat] low and high boundaries for computing mean and std.dev: (1, 940)
[M::mem_pestat] mean and std.dev: (421.65, 156.93)
[M::mem_pestat] low and high boundaries for proper pairs: (1, 1150)
[M::mem_pestat] analyzing insert size distribution for orientation RF...
[M::mem_pestat] (25, 50, 75) percentile: (136, 474, 1971)
[M::mem_pestat] low and high boundaries for computing mean and std.dev: (1, 5641)
[M::mem_pestat] mean and std.dev: (913.43, 1236.54)
[M::mem_pestat] low and high boundaries for proper pairs: (1, 7476)
[M::mem_pestat] analyzing insert size distribution for orientation RR...
[M::mem_pestat] (25, 50, 75) percentile: (260, 494, 1171)
[M::mem_pestat] low and high boundaries for computing mean and std.dev: (1, 2993)
[M::mem_pestat] mean and std.dev: (647.97, 559.67)
[M::mem_pestat] low and high boundaries for proper pairs: (1, 3904)
[M::mem_pestat] skip orientation FF
[M::mem_pestat] skip orientation RF
[M::mem_pestat] skip orientation RR
[M::mem_process_seqs] Processed 1476622 reads in 484.680 CPU sec, 52.234 real sec
[M::process] read 1468072 sequences (200000230 bp)...
[M::mem_pestat] # candidate unique pairs for (FF, FR, RF, RR): (148, 548975, 134, 61)
[M::mem_pestat] analyzing insert size distribution for orientation FF...
[M::mem_pestat] (25, 50, 75) percentile: (379, 595, 943)
[M::mem_pestat] low and high boundaries for computing mean and std.dev: (1, 2071)
[M::mem_pestat] mean and std.dev: (670.55, 460.24)
[M::mem_pestat] low and high boundaries for proper pairs: (1, 2635)
[M::mem_pestat] analyzing insert size distribution for orientation FR...
[M::mem_pestat] (25, 50, 75) percentile: (308, 406, 522)
[M::mem_pestat] low and high boundaries for computing mean and std.dev: (1, 950)
[M::mem_pestat] mean and std.dev: (422.43, 160.01)
[M::mem_pestat] low and high boundaries for proper pairs: (1, 1164)
[M::mem_pestat] analyzing insert size distribution for orientation RF...
[M::mem_pestat] (25, 50, 75) percentile: (50, 464, 2669)
[M::mem_pestat] low and high boundaries for computing mean and std.dev: (1, 7907)
[M::mem_pestat] mean and std.dev: (1424.13, 1903.14)
[M::mem_pestat] low and high boundaries for proper pairs: (1, 10526)
[M::mem_pestat] analyzing insert size distribution for orientation RR...
[M::mem_pestat] (25, 50, 75) percentile: (163, 311, 648)
[M::mem_pestat] low and high boundaries for computing mean and std.dev: (1, 1618)
[M::mem_pestat] mean and std.dev: (382.82, 332.80)
[M::mem_pestat] low and high boundaries for proper pairs: (1, 2103)
[M::mem_pestat] skip orientation FF
[M::mem_pestat] skip orientation RF
[M::mem_pestat] skip orientation RR
[M::mem_process_seqs] Processed 1472336 reads in 471.765 CPU sec, 50.942 real sec
[M::mem_pestat] # candidate unique pairs for (FF, FR, RF, RR): (153, 548089, 121, 70)
[M::mem_pestat] analyzing insert size distribution for orientation FF...
[M::mem_pestat] (25, 50, 75) percentile: (373, 536, 846)
[M::mem_pestat] low and high boundaries for computing mean and std.dev: (1, 1792)
[M::mem_pestat] mean and std.dev: (612.62, 356.95)
[M::mem_pestat] low and high boundaries for proper pairs: (1, 2265)
[M::mem_pestat] analyzing insert size distribution for orientation FR...
[M::mem_pestat] (25, 50, 75) percentile: (314, 413, 532)
[M::mem_pestat] low and high boundaries for computing mean and std.dev: (1, 968)
[M::mem_pestat] mean and std.dev: (430.88, 164.24)
[M::mem_pestat] low and high boundaries for proper pairs: (1, 1186)
[M::mem_pestat] analyzing insert size distribution for orientation RF...
[M::mem_pestat] (25, 50, 75) percentile: (72, 430, 2962)
[M::mem_pestat] low and high boundaries for computing mean and std.dev: (1, 8742)
[M::mem_pestat] mean and std.dev: (1450.84, 2046.91)
[M::mem_pestat] low and high boundaries for proper pairs: (1, 11632)
[M::mem_pestat] analyzing insert size distribution for orientation RR...
[M::mem_pestat] (25, 50, 75) percentile: (229, 476, 939)
[M::mem_pestat] low and high boundaries for computing mean and std.dev: (1, 2359)
[M::mem_pestat] mean and std.dev: (575.57, 450.39)
[M::mem_pestat] low and high boundaries for proper pairs: (1, 3069)
[M::mem_pestat] skip orientation FF
[M::mem_pestat] skip orientation RF
[M::mem_pestat] skip orientation RR
[M::process] read 1473472 sequences (200000215 bp)...
[M::mem_process_seqs] Processed 1468072 reads in 469.741 CPU sec, 50.669 real sec
[M::mem_pestat] # candidate unique pairs for (FF, FR, RF, RR): (137, 548153, 124, 56)
[M::mem_pestat] analyzing insert size distribution for orientation FF...
[M::mem_pestat] (25, 50, 75) percentile: (374, 549, 844)
[M::mem_pestat] low and high boundaries for computing mean and std.dev: (1, 1784)
[M::mem_pestat] mean and std.dev: (577.93, 323.28)
[M::mem_pestat] low and high boundaries for proper pairs: (1, 2254)
[M::mem_pestat] analyzing insert size distribution for orientation FR...
[M::mem_pestat] (25, 50, 75) percentile: (313, 411, 527)
[M::mem_pestat] low and high boundaries for computing mean and std.dev: (1, 955)
[M::mem_pestat] mean and std.dev: (427.01, 160.71)
[M::mem_pestat] low and high boundaries for proper pairs: (1, 1169)
[M::mem_pestat] analyzing insert size distribution for orientation RF...
[M::mem_pestat] (25, 50, 75) percentile: (113, 469, 3327)
[M::mem_pestat] low and high boundaries for computing mean and std.dev: (1, 9755)
[M::mem_pestat] mean and std.dev: (1909.75, 2672.21)
[M::mem_pestat] low and high boundaries for proper pairs: (1, 12969)
[M::mem_pestat] analyzing insert size distribution for orientation RR...
[M::mem_pestat] (25, 50, 75) percentile: (213, 455, 1369)
[M::mem_pestat] low and high boundaries for computing mean and std.dev: (1, 3681)
[M::mem_pestat] mean and std.dev: (747.46, 806.65)
[M::mem_pestat] low and high boundaries for proper pairs: (1, 4837)
[M::mem_pestat] skip orientation FF
[M::mem_pestat] skip orientation RF
[M::mem_pestat] skip orientation RR
[M::process] read 1479642 sequences (200000039 bp)...
[M::mem_process_seqs] Processed 1473472 reads in 477.380 CPU sec, 51.423 real sec
[M::mem_pestat] # candidate unique pairs for (FF, FR, RF, RR): (143, 548655, 116, 74)
[M::mem_pestat] analyzing insert size distribution for orientation FF...
[M::mem_pestat] (25, 50, 75) percentile: (313, 545, 796)
[M::mem_pestat] low and high boundaries for computing mean and std.dev: (1, 1762)
[M::mem_pestat] mean and std.dev: (557.05, 313.09)
[M::mem_pestat] low and high boundaries for proper pairs: (1, 2245)
[M::mem_pestat] analyzing insert size distribution for orientation FR...
[M::mem_pestat] (25, 50, 75) percentile: (307, 403, 515)
[M::mem_pestat] low and high boundaries for computing mean and std.dev: (1, 931)
[M::mem_pestat] mean and std.dev: (417.25, 154.35)
[M::mem_pestat] low and high boundaries for proper pairs: (1, 1139)
[M::mem_pestat] analyzing insert size distribution for orientation RF...
[M::mem_pestat] (25, 50, 75) percentile: (159, 486, 3265)
[M::mem_pestat] low and high boundaries for computing mean and std.dev: (1, 9477)
[M::mem_pestat] mean and std.dev: (1976.69, 2657.99)
[M::mem_pestat] low and high boundaries for proper pairs: (1, 12609)
[M::mem_pestat] analyzing insert size distribution for orientation RR...
[M::mem_pestat] (25, 50, 75) percentile: (225, 464, 913)
[M::mem_pestat] low and high boundaries for computing mean and std.dev: (1, 2289)
[M::mem_pestat] mean and std.dev: (489.97, 416.56)
[M::mem_pestat] low and high boundaries for proper pairs: (1, 2977)
[M::mem_pestat] skip orientation FF
[M::mem_pestat] skip orientation RF
[M::mem_pestat] skip orientation RR
[M::process] read 1470382 sequences (200000185 bp)...
[M::mem_process_seqs] Processed 1479642 reads in 479.713 CPU sec, 51.673 real sec
[M::mem_pestat] # candidate unique pairs for (FF, FR, RF, RR): (140, 550224, 139, 82)
[M::mem_pestat] analyzing insert size distribution for orientation FF...
[M::mem_pestat] (25, 50, 75) percentile: (364, 523, 763)
[M::mem_pestat] low and high boundaries for computing mean and std.dev: (1, 1561)
[M::mem_pestat] mean and std.dev: (551.51, 295.90)
[M::mem_pestat] low and high boundaries for proper pairs: (1, 1960)
[M::mem_pestat] analyzing insert size distribution for orientation FR...
[M::mem_pestat] (25, 50, 75) percentile: (317, 415, 534)
[M::mem_pestat] low and high boundaries for computing mean and std.dev: (1, 968)
[M::mem_pestat] mean and std.dev: (432.84, 164.00)
[M::mem_pestat] low and high boundaries for proper pairs: (1, 1185)
[M::mem_pestat] analyzing insert size distribution for orientation RF...
[M::mem_pestat] (25, 50, 75) percentile: (99, 437, 1907)
[M::mem_pestat] low and high boundaries for computing mean and std.dev: (1, 5523)
[M::mem_pestat] mean and std.dev: (1014.09, 1375.35)
[M::mem_pestat] low and high boundaries for proper pairs: (1, 7331)
[M::mem_pestat] analyzing insert size distribution for orientation RR...
[M::mem_pestat] (25, 50, 75) percentile: (197, 468, 765)
[M::mem_pestat] low and high boundaries for computing mean and std.dev: (1, 1901)
[M::mem_pestat] mean and std.dev: (516.93, 401.99)
[M::mem_pestat] low and high boundaries for proper pairs: (1, 2469)
[M::mem_pestat] skip orientation FF
[M::mem_pestat] skip orientation RF
[M::mem_pestat] skip orientation RR
[M::process] read 1470956 sequences (200000149 bp)...
[M::mem_process_seqs] Processed 1470382 reads in 480.165 CPU sec, 51.748 real sec
[M::mem_pestat] # candidate unique pairs for (FF, FR, RF, RR): (140, 548855, 139, 81)
[M::mem_pestat] analyzing insert size distribution for orientation FF...
[M::mem_pestat] (25, 50, 75) percentile: (403, 574, 812)
[M::mem_pestat] low and high boundaries for computing mean and std.dev: (1, 1630)
[M::mem_pestat] mean and std.dev: (571.92, 276.95)
[M::mem_pestat] low and high boundaries for proper pairs: (1, 2039)
[M::mem_pestat] analyzing insert size distribution for orientation FR...
[M::mem_pestat] (25, 50, 75) percentile: (316, 414, 531)
[M::mem_pestat] low and high boundaries for computing mean and std.dev: (1, 961)
[M::mem_pestat] mean and std.dev: (430.64, 161.61)
[M::mem_pestat] low and high boundaries for proper pairs: (1, 1176)
[M::mem_pestat] analyzing insert size distribution for orientation RF...
[M::mem_pestat] (25, 50, 75) percentile: (128, 512, 2703)
[M::mem_pestat] low and high boundaries for computing mean and std.dev: (1, 7853)
[M::mem_pestat] mean and std.dev: (1335.82, 1866.81)
[M::mem_pestat] low and high boundaries for proper pairs: (1, 10428)
[M::mem_pestat] analyzing insert size distribution for orientation RR...
[M::mem_pestat] (25, 50, 75) percentile: (258, 500, 1106)
[M::mem_pestat] low and high boundaries for computing mean and std.dev: (1, 2802)
[M::mem_pestat] mean and std.dev: (672.64, 572.01)
[M::mem_pestat] low and high boundaries for proper pairs: (1, 3650)
[M::mem_pestat] skip orientation FF
[M::mem_pestat] skip orientation RF
[M::mem_pestat] skip orientation RR
[M::process] read 1474766 sequences (200000244 bp)...
[M::mem_process_seqs] Processed 1470956 reads in 476.918 CPU sec, 51.415 real sec
[M::mem_pestat] # candidate unique pairs for (FF, FR, RF, RR): (139, 547819, 151, 68)
[M::mem_pestat] analyzing insert size distribution for orientation FF...
[M::mem_pestat] (25, 50, 75) percentile: (336, 481, 775)
[M::mem_pestat] low and high boundaries for computing mean and std.dev: (1, 1653)
[M::mem_pestat] mean and std.dev: (549.38, 322.27)
[M::mem_pestat] low and high boundaries for proper pairs: (1, 2092)
[M::mem_pestat] analyzing insert size distribution for orientation FR...
[M::mem_pestat] (25, 50, 75) percentile: (313, 411, 525)
[M::mem_pestat] low and high boundaries for computing mean and std.dev: (1, 949)
[M::mem_pestat] mean and std.dev: (425.74, 158.28)
[M::mem_pestat] low and high boundaries for proper pairs: (1, 1161)
[M::mem_pestat] analyzing insert size distribution for orientation RF...
[M::mem_pestat] (25, 50, 75) percentile: (81, 387, 2300)
[M::mem_pestat] low and high boundaries for computing mean and std.dev: (1, 6738)
[M::mem_pestat] mean and std.dev: (1178.27, 1751.12)
[M::mem_pestat] low and high boundaries for proper pairs: (1, 8957)
[M::mem_pestat] analyzing insert size distribution for orientation RR...
[M::mem_pestat] (25, 50, 75) percentile: (248, 521, 1031)
[M::mem_pestat] low and high boundaries for computing mean and std.dev: (1, 2597)
[M::mem_pestat] mean and std.dev: (496.61, 334.04)
[M::mem_pestat] low and high boundaries for proper pairs: (1, 3380)
[M::mem_pestat] skip orientation FF
[M::mem_pestat] skip orientation RF
[M::mem_pestat] skip orientation RR
[M::process] read 1482760 sequences (200000056 bp)...
[M::mem_process_seqs] Processed 1474766 reads in 474.540 CPU sec, 51.156 real sec
[M::process] read 1491732 sequences (200000052 bp)...
[M::mem_pestat] # candidate unique pairs for (FF, FR, RF, RR): (145, 551809, 118, 70)
[M::mem_pestat] analyzing insert size distribution for orientation FF...
[M::mem_pestat] (25, 50, 75) percentile: (340, 490, 786)
[M::mem_pestat] low and high boundaries for computing mean and std.dev: (1, 1678)
[M::mem_pestat] mean and std.dev: (558.34, 330.42)
[M::mem_pestat] low and high boundaries for proper pairs: (1, 2124)
[M::mem_pestat] analyzing insert size distribution for orientation FR...
[M::mem_pestat] (25, 50, 75) percentile: (311, 407, 520)
[M::mem_pestat] low and high boundaries for computing mean and std.dev: (1, 938)
[M::mem_pestat] mean and std.dev: (421.63, 156.33)
[M::mem_pestat] low and high boundaries for proper pairs: (1, 1147)
[M::mem_pestat] analyzing insert size distribution for orientation RF...
[M::mem_pestat] (25, 50, 75) percentile: (30, 309, 2248)
[M::mem_pestat] low and high boundaries for computing mean and std.dev: (1, 6684)
[M::mem_pestat] mean and std.dev: (1250.65, 1846.33)
[M::mem_pestat] low and high boundaries for proper pairs: (1, 8902)
[M::mem_pestat] analyzing insert size distribution for orientation RR...
[M::mem_pestat] (25, 50, 75) percentile: (183, 347, 1082)
[M::mem_pestat] low and high boundaries for computing mean and std.dev: (1, 2880)
[M::mem_pestat] mean and std.dev: (534.41, 529.16)
[M::mem_pestat] low and high boundaries for proper pairs: (1, 3779)
[M::mem_pestat] skip orientation FF
[M::mem_pestat] skip orientation RF
[M::mem_pestat] skip orientation RR
[M::mem_process_seqs] Processed 1482760 reads in 531.673 CPU sec, 56.886 real sec
[M::process] read 1509016 sequences (200000255 bp)...
[M::mem_pestat] # candidate unique pairs for (FF, FR, RF, RR): (154, 557046, 139, 72)
[M::mem_pestat] analyzing insert size distribution for orientation FF...
[M::mem_pestat] (25, 50, 75) percentile: (339, 502, 680)
[M::mem_pestat] low and high boundaries for computing mean and std.dev: (1, 1362)
[M::mem_pestat] mean and std.dev: (503.50, 258.96)
[M::mem_pestat] low and high boundaries for proper pairs: (1, 1703)
[M::mem_pestat] analyzing insert size distribution for orientation FR...
[M::mem_pestat] (25, 50, 75) percentile: (315, 412, 527)
[M::mem_pestat] low and high boundaries for computing mean and std.dev: (1, 951)
[M::mem_pestat] mean and std.dev: (427.95, 159.92)
[M::mem_pestat] low and high boundaries for proper pairs: (1, 1163)
[M::mem_pestat] analyzing insert size distribution for orientation RF...
[M::mem_pestat] (25, 50, 75) percentile: (192, 765, 4730)
[M::mem_pestat] low and high boundaries for computing mean and std.dev: (1, 13806)
[M::mem_pestat] mean and std.dev: (2336.16, 2594.66)
[M::mem_pestat] low and high boundaries for proper pairs: (1, 18344)
[M::mem_pestat] analyzing insert size distribution for orientation RR...
[M::mem_pestat] (25, 50, 75) percentile: (284, 467, 998)
[M::mem_pestat] low and high boundaries for computing mean and std.dev: (1, 2426)
[M::mem_pestat] mean and std.dev: (588.97, 500.79)
[M::mem_pestat] low and high boundaries for proper pairs: (1, 3140)
[M::mem_pestat] skip orientation FF
[M::mem_pestat] skip orientation RF
[M::mem_pestat] skip orientation RR
[M::mem_process_seqs] Processed 1491732 reads in 565.343 CPU sec, 60.317 real sec
[M::process] read 1373288 sequences (185850129 bp)...
[M::mem_pestat] # candidate unique pairs for (FF, FR, RF, RR): (132, 535808, 113, 87)
[M::mem_pestat] analyzing insert size distribution for orientation FF...
[M::mem_pestat] (25, 50, 75) percentile: (325, 480, 660)
[M::mem_pestat] low and high boundaries for computing mean and std.dev: (1, 1330)
[M::mem_pestat] mean and std.dev: (485.37, 253.89)
[M::mem_pestat] low and high boundaries for proper pairs: (1, 1665)
[M::mem_pestat] analyzing insert size distribution for orientation FR...
[M::mem_pestat] (25, 50, 75) percentile: (314, 411, 525)
[M::mem_pestat] low and high boundaries for computing mean and std.dev: (1, 947)
[M::mem_pestat] mean and std.dev: (426.37, 158.45)
[M::mem_pestat] low and high boundaries for proper pairs: (1, 1158)
[M::mem_pestat] analyzing insert size distribution for orientation RF...
[M::mem_pestat] (25, 50, 75) percentile: (130, 630, 3139)
[M::mem_pestat] low and high boundaries for computing mean and std.dev: (1, 9157)
[M::mem_pestat] mean and std.dev: (1785.13, 2150.25)
[M::mem_pestat] low and high boundaries for proper pairs: (1, 12166)
[M::mem_pestat] analyzing insert size distribution for orientation RR...
[M::mem_pestat] (25, 50, 75) percentile: (301, 448, 1009)
[M::mem_pestat] low and high boundaries for computing mean and std.dev: (1, 2425)
[M::mem_pestat] mean and std.dev: (650.94, 560.10)
[M::mem_pestat] low and high boundaries for proper pairs: (1, 3133)
[M::mem_pestat] skip orientation FF
[M::mem_pestat] skip orientation RF
[M::mem_pestat] skip orientation RR
[M::mem_process_seqs] Processed 1509016 reads in 543.812 CPU sec, 58.261 real sec
[M::mem_pestat] # candidate unique pairs for (FF, FR, RF, RR): (117, 510010, 135, 85)
[M::mem_pestat] analyzing insert size distribution for orientation FF...
[M::mem_pestat] (25, 50, 75) percentile: (313, 502, 748)
[M::mem_pestat] low and high boundaries for computing mean and std.dev: (1, 1618)
[M::mem_pestat] mean and std.dev: (500.30, 285.89)
[M::mem_pestat] low and high boundaries for proper pairs: (1, 2053)
[M::mem_pestat] analyzing insert size distribution for orientation FR...
[M::mem_pestat] (25, 50, 75) percentile: (311, 408, 522)
[M::mem_pestat] low and high boundaries for computing mean and std.dev: (1, 944)
[M::mem_pestat] mean and std.dev: (423.10, 156.54)
[M::mem_pestat] low and high boundaries for proper pairs: (1, 1155)
[M::mem_pestat] analyzing insert size distribution for orientation RF...
[M::mem_pestat] (25, 50, 75) percentile: (89, 561, 2571)
[M::mem_pestat] low and high boundaries for computing mean and std.dev: (1, 7535)
[M::mem_pestat] mean and std.dev: (1368.99, 1835.31)
[M::mem_pestat] low and high boundaries for proper pairs: (1, 10017)
[M::mem_pestat] analyzing insert size distribution for orientation RR...
[M::mem_pestat] (25, 50, 75) percentile: (253, 389, 941)
[M::mem_pestat] low and high boundaries for computing mean and std.dev: (1, 2317)
[M::mem_pestat] mean and std.dev: (549.88, 470.99)
[M::mem_pestat] low and high boundaries for proper pairs: (1, 3005)
[M::mem_pestat] skip orientation FF
[M::mem_pestat] skip orientation RF
[M::mem_pestat] skip orientation RR
[M::mem_process_seqs] Processed 1373288 reads in 455.484 CPU sec, 49.481 real sec
[main] Version: 0.7.17-r1188
[main] CMD: bwa mem -tsamblaster: Marked 3261887 of 31659516 (10.30%) read ids as duplicates 20 -R using 517028k memory in  @RG\tID:WT_LL_19T_040\tPL:ILLUMINA\tPU:HJMFJDSX7.4\tSM:WT_LL_19T_040\tCN:MCGILL\tBC:GCAATATTCA-AATTGGCGCC1M /storage/scratch/iee/dj20y461/Stickleback/G_aculeatus/FITNESS//data/ref_A_X/stickleback_v5_assembly_A_X.fasta14S /storage/scratch/iee/dj20y461/Stickleback/G_aculeatus/FITNESS//data/trimmed/WT_LL_19T_040.R1.trimmed.fastq.gz(73.907S) /storage/scratch/iee/dj20y461/Stickleback/G_aculeatus/FITNESS//data/trimmed/WT_LL_19T_040.R2.trimmed.fastq.gz CPU seconds and 40M
[main] Real time: 2422.902 sec; CPU: 20795.212 sec
23S(2423S) wall time.
[bam_sort_core] merging from 20 files and 20 in-memory blocks...
