samblaster: Version 0.1.24
samblaster: Inputting from stdin
samblaster: Outputting to stdout
[M::bwa_idx_load_from_disk] read 0 ALT contigs
[M::process] read 1471608 sequences (200000067 bp)...
[M::mem_pestat] # candidate unique pairs for (FF, FR, RF, RR): (32, 564447, 90, 27)
[M::mem_pestat] analyzing insert size distribution for orientation FF...
[M::mem_pestat] (25, 50, 75) percentile: (372, 447, 725)
[M::mem_pestat] low and high boundaries for computing mean and std.dev: (1, 1431)
[M::mem_pestat] mean and std.dev: (491.73, 274.36)
[M::mem_pestat] low and high boundaries for proper pairs: (1, 1784)
[M::mem_pestat] analyzing insert size distribution for orientation FR...
[M::mem_pestat] (25, 50, 75) percentile: (296, 389, 497)
[M::mem_pestat] low and high boundaries for computing mean and std.dev: (1, 899)
[M::mem_pestat] mean and std.dev: (403.41, 150.69)
[M::mem_pestat] low and high boundaries for proper pairs: (1, 1100)
[M::mem_pestat] analyzing insert size distribution for orientation RF...
[M::mem_pestat] (25, 50, 75) percentile: (72, 842, 4628)
[M::mem_pestat] low and high boundaries for computing mean and std.dev: (1, 13740)
[M::mem_pestat] mean and std.dev: (2291.34, 2776.11)
[M::mem_pestat] low and high boundaries for proper pairs: (1, 18296)
[M::mem_pestat] analyzing insert size distribution for orientation RR...
[M::mem_pestat] (25, 50, 75) percentile: (246, 428, 1346)
[M::mem_pestat] low and high boundaries for computing mean and std.dev: (1, 3546)
[M::mem_pestat] mean and std.dev: (696.17, 838.78)
[M::mem_pestat] low and high boundaries for proper pairs: (1, 4646)
[M::mem_pestat] skip orientation FF
[M::mem_pestat] skip orientation RF
[M::mem_pestat] skip orientation RR
[M::mem_process_seqs] Processed 1471608 reads in 468.498 CPU sec, 113.617 real sec
samblaster: Loaded 23 header sequence entries.
[M::process] read 1471006 sequences (200000209 bp)...
[M::process] read 1474290 sequences (200000190 bp)...
[M::mem_pestat] # candidate unique pairs for (FF, FR, RF, RR): (44, 563270, 119, 29)
[M::mem_pestat] analyzing insert size distribution for orientation FF...
[M::mem_pestat] (25, 50, 75) percentile: (252, 388, 751)
[M::mem_pestat] low and high boundaries for computing mean and std.dev: (1, 1749)
[M::mem_pestat] mean and std.dev: (437.13, 322.28)
[M::mem_pestat] low and high boundaries for proper pairs: (1, 2248)
[M::mem_pestat] analyzing insert size distribution for orientation FR...
[M::mem_pestat] (25, 50, 75) percentile: (297, 389, 498)
[M::mem_pestat] low and high boundaries for computing mean and std.dev: (1, 900)
[M::mem_pestat] mean and std.dev: (404.31, 150.61)
[M::mem_pestat] low and high boundaries for proper pairs: (1, 1101)
[M::mem_pestat] analyzing insert size distribution for orientation RF...
[M::mem_pestat] (25, 50, 75) percentile: (180, 1509, 4180)
[M::mem_pestat] low and high boundaries for computing mean and std.dev: (1, 12180)
[M::mem_pestat] mean and std.dev: (2499.59, 2658.09)
[M::mem_pestat] low and high boundaries for proper pairs: (1, 16180)
[M::mem_pestat] analyzing insert size distribution for orientation RR...
[M::mem_pestat] (25, 50, 75) percentile: (366, 684, 1893)
[M::mem_pestat] low and high boundaries for computing mean and std.dev: (1, 4947)
[M::mem_pestat] mean and std.dev: (1028.59, 1061.17)
[M::mem_pestat] low and high boundaries for proper pairs: (1, 6474)
[M::mem_pestat] skip orientation FF
[M::mem_pestat] skip orientation RF
[M::mem_pestat] skip orientation RR
[M::mem_process_seqs] Processed 1471006 reads in 435.468 CPU sec, 47.808 real sec
[M::mem_pestat] # candidate unique pairs for (FF, FR, RF, RR): (34, 562008, 119, 30)
[M::mem_pestat] analyzing insert size distribution for orientation FF...
[M::mem_pestat] (25, 50, 75) percentile: (254, 476, 679)
[M::mem_pestat] low and high boundaries for computing mean and std.dev: (1, 1529)
[M::mem_pestat] mean and std.dev: (428.90, 239.04)
[M::mem_pestat] low and high boundaries for proper pairs: (1, 1954)
[M::mem_pestat] analyzing insert size distribution for orientation FR...
[M::mem_pestat] (25, 50, 75) percentile: (295, 387, 494)
[M::mem_pestat] low and high boundaries for computing mean and std.dev: (1, 892)
[M::mem_pestat] mean and std.dev: (401.21, 148.56)
[M::mem_pestat] low and high boundaries for proper pairs: (1, 1091)
[M::mem_pestat] analyzing insert size distribution for orientation RF...
[M::mem_pestat] (25, 50, 75) percentile: (121, 712, 3666)
[M::mem_pestat] low and high boundaries for computing mean and std.dev: (1, 10756)
[M::mem_pestat] mean and std.dev: (1998.70, 2493.96)
[M::mem_pestat] low and high boundaries for proper pairs: (1, 14301)
[M::mem_pestat] analyzing insert size distribution for orientation RR...
[M::mem_pestat] (25, 50, 75) percentile: (155, 337, 922)
[M::mem_pestat] low and high boundaries for computing mean and std.dev: (1, 2456)
[M::mem_pestat] mean and std.dev: (473.96, 502.24)
[M::mem_pestat] low and high boundaries for proper pairs: (1, 3223)
[M::mem_pestat] skip orientation FF
[M::mem_pestat] skip orientation RF
[M::mem_pestat] skip orientation RR
[M::mem_process_seqs] Processed 1474290 reads in 445.756 CPU sec, 62.528 real sec
[M::process] read 1476978 sequences (200000103 bp)...
[M::process] read 1475442 sequences (200000153 bp)...
[M::mem_pestat] # candidate unique pairs for (FF, FR, RF, RR): (50, 560554, 109, 38)
[M::mem_pestat] analyzing insert size distribution for orientation FF...
[M::mem_pestat] (25, 50, 75) percentile: (379, 611, 1083)
[M::mem_pestat] low and high boundaries for computing mean and std.dev: (1, 2491)
[M::mem_pestat] mean and std.dev: (609.71, 380.74)
[M::mem_pestat] low and high boundaries for proper pairs: (1, 3195)
[M::mem_pestat] analyzing insert size distribution for orientation FR...
[M::mem_pestat] (25, 50, 75) percentile: (293, 384, 487)
[M::mem_pestat] low and high boundaries for computing mean and std.dev: (1, 875)
[M::mem_pestat] mean and std.dev: (396.26, 144.11)
[M::mem_pestat] low and high boundaries for proper pairs: (1, 1069)
[M::mem_pestat] analyzing insert size distribution for orientation RF...
[M::mem_pestat] (25, 50, 75) percentile: (205, 745, 4483)
[M::mem_pestat] low and high boundaries for computing mean and std.dev: (1, 13039)
[M::mem_pestat] mean and std.dev: (2242.82, 2800.44)
[M::mem_pestat] low and high boundaries for proper pairs: (1, 17317)
[M::mem_pestat] analyzing insert size distribution for orientation RR...
[M::mem_pestat] (25, 50, 75) percentile: (181, 443, 2214)
[M::mem_pestat] low and high boundaries for computing mean and std.dev: (1, 6280)
[M::mem_pestat] mean and std.dev: (903.09, 1085.20)
[M::mem_pestat] low and high boundaries for proper pairs: (1, 8313)
[M::mem_pestat] skip orientation FF
[M::mem_pestat] skip orientation RF
[M::mem_pestat] skip orientation RR
[M::mem_process_seqs] Processed 1476978 reads in 438.630 CPU sec, 45.160 real sec
[M::mem_pestat] # candidate unique pairs for (FF, FR, RF, RR): (43, 562871, 107, 30)
[M::mem_pestat] analyzing insert size distribution for orientation FF...
[M::mem_pestat] (25, 50, 75) percentile: (324, 489, 915)
[M::mem_pestat] low and high boundaries for computing mean and std.dev: (1, 2097)
[M::mem_pestat] mean and std.dev: (504.03, 323.13)
[M::mem_pestat] low and high boundaries for proper pairs: (1, 2688)
[M::mem_pestat] analyzing insert size distribution for orientation FR...
[M::mem_pestat] (25, 50, 75) percentile: (294, 386, 492)
[M::mem_pestat] low and high boundaries for computing mean and std.dev: (1, 888)
[M::mem_pestat] mean and std.dev: (399.89, 147.68)
[M::mem_pestat] low and high boundaries for proper pairs: (1, 1086)
[M::mem_pestat] analyzing insert size distribution for orientation RF...
[M::mem_pestat] (25, 50, 75) percentile: (183, 640, 3926)
[M::mem_pestat] low and high boundaries for computing mean and std.dev: (1, 11412)
[M::mem_pestat] mean and std.dev: (2060.64, 2391.10)
[M::mem_pestat] low and high boundaries for proper pairs: (1, 15155)
[M::mem_pestat] analyzing insert size distribution for orientation RR...
[M::mem_pestat] (25, 50, 75) percentile: (142, 383, 1007)
[M::mem_pestat] low and high boundaries for computing mean and std.dev: (1, 2737)
[M::mem_pestat] mean and std.dev: (419.19, 369.61)
[M::mem_pestat] low and high boundaries for proper pairs: (1, 3602)
[M::mem_pestat] skip orientation FF
[M::mem_pestat] skip orientation RF
[M::mem_pestat] skip orientation RR
[M::process] read 1470486 sequences (200000117 bp)...
[M::mem_process_seqs] Processed 1475442 reads in 438.324 CPU sec, 47.646 real sec
[M::mem_pestat] # candidate unique pairs for (FF, FR, RF, RR): (56, 561698, 128, 29)
[M::mem_pestat] analyzing insert size distribution for orientation FF...
[M::mem_pestat] (25, 50, 75) percentile: (366, 509, 1067)
[M::mem_pestat] low and high boundaries for computing mean and std.dev: (1, 2469)
[M::mem_pestat] mean and std.dev: (568.24, 372.84)
[M::mem_pestat] low and high boundaries for proper pairs: (1, 3170)
[M::mem_pestat] analyzing insert size distribution for orientation FR...
[M::mem_pestat] (25, 50, 75) percentile: (298, 392, 502)
[M::mem_pestat] low and high boundaries for computing mean and std.dev: (1, 910)
[M::mem_pestat] mean and std.dev: (407.59, 152.76)
[M::mem_pestat] low and high boundaries for proper pairs: (1, 1114)
[M::mem_pestat] analyzing insert size distribution for orientation RF...
[M::mem_pestat] (25, 50, 75) percentile: (177, 638, 3693)
[M::mem_pestat] low and high boundaries for computing mean and std.dev: (1, 10725)
[M::mem_pestat] mean and std.dev: (1919.55, 2484.63)
[M::mem_pestat] low and high boundaries for proper pairs: (1, 14241)
[M::mem_pestat] analyzing insert size distribution for orientation RR...
[M::mem_pestat] (25, 50, 75) percentile: (241, 493, 1582)
[M::mem_pestat] low and high boundaries for computing mean and std.dev: (1, 4264)
[M::mem_pestat] mean and std.dev: (934.39, 1063.85)
[M::mem_pestat] low and high boundaries for proper pairs: (1, 5605)
[M::mem_pestat] skip orientation FF
[M::mem_pestat] skip orientation RF
[M::mem_pestat] skip orientation RR
[M::process] read 1472244 sequences (200000213 bp)...
[M::mem_process_seqs] Processed 1470486 reads in 439.070 CPU sec, 47.693 real sec
[M::mem_pestat] # candidate unique pairs for (FF, FR, RF, RR): (56, 561286, 98, 27)
[M::mem_pestat] analyzing insert size distribution for orientation FF...
[M::mem_pestat] (25, 50, 75) percentile: (461, 631, 1145)
[M::mem_pestat] low and high boundaries for computing mean and std.dev: (1, 2513)
[M::mem_pestat] mean and std.dev: (690.20, 414.21)
[M::mem_pestat] low and high boundaries for proper pairs: (1, 3197)
[M::mem_pestat] analyzing insert size distribution for orientation FR...
[M::mem_pestat] (25, 50, 75) percentile: (297, 391, 499)
[M::mem_pestat] low and high boundaries for computing mean and std.dev: (1, 903)
[M::mem_pestat] mean and std.dev: (405.21, 150.74)
[M::mem_pestat] low and high boundaries for proper pairs: (1, 1105)
[M::mem_pestat] analyzing insert size distribution for orientation RF...
[M::mem_pestat] (25, 50, 75) percentile: (217, 727, 3455)
[M::mem_pestat] low and high boundaries for computing mean and std.dev: (1, 9931)
[M::mem_pestat] mean and std.dev: (2263.34, 2915.43)
[M::mem_pestat] low and high boundaries for proper pairs: (1, 13925)
[M::mem_pestat] analyzing insert size distribution for orientation RR...
[M::mem_pestat] (25, 50, 75) percentile: (151, 276, 611)
[M::mem_pestat] low and high boundaries for computing mean and std.dev: (1, 1531)
[M::mem_pestat] mean and std.dev: (366.36, 329.79)
[M::mem_pestat] low and high boundaries for proper pairs: (1, 1991)
[M::mem_pestat] skip orientation FF
[M::mem_pestat] skip orientation RF
[M::mem_pestat] skip orientation RR
[M::mem_process_seqs] Processed 1472244 reads in 456.224 CPU sec, 73.915 real sec
[M::process] read 1476392 sequences (200000148 bp)...
[M::process] read 1481066 sequences (200000195 bp)...
[M::mem_pestat] # candidate unique pairs for (FF, FR, RF, RR): (46, 560560, 118, 27)
[M::mem_pestat] analyzing insert size distribution for orientation FF...
[M::mem_pestat] (25, 50, 75) percentile: (300, 460, 702)
[M::mem_pestat] low and high boundaries for computing mean and std.dev: (1, 1506)
[M::mem_pestat] mean and std.dev: (463.27, 239.88)
[M::mem_pestat] low and high boundaries for proper pairs: (1, 1908)
[M::mem_pestat] analyzing insert size distribution for orientation FR...
[M::mem_pestat] (25, 50, 75) percentile: (295, 387, 492)
[M::mem_pestat] low and high boundaries for computing mean and std.dev: (1, 886)
[M::mem_pestat] mean and std.dev: (399.73, 146.39)
[M::mem_pestat] low and high boundaries for proper pairs: (1, 1083)
[M::mem_pestat] analyzing insert size distribution for orientation RF...
[M::mem_pestat] (25, 50, 75) percentile: (142, 719, 3466)
[M::mem_pestat] low and high boundaries for computing mean and std.dev: (1, 10114)
[M::mem_pestat] mean and std.dev: (2124.53, 2651.39)
[M::mem_pestat] low and high boundaries for proper pairs: (1, 13438)
[M::mem_pestat] analyzing insert size distribution for orientation RR...
[M::mem_pestat] (25, 50, 75) percentile: (238, 335, 499)
[M::mem_pestat] low and high boundaries for computing mean and std.dev: (1, 1021)
[M::mem_pestat] mean and std.dev: (337.35, 149.27)
[M::mem_pestat] low and high boundaries for proper pairs: (1, 1282)
[M::mem_pestat] skip orientation FF
[M::mem_pestat] skip orientation RF
[M::mem_pestat] skip orientation RR
[M::mem_process_seqs] Processed 1476392 reads in 442.148 CPU sec, 46.390 real sec
[M::mem_pestat] # candidate unique pairs for (FF, FR, RF, RR): (40, 561579, 109, 36)
[M::mem_pestat] analyzing insert size distribution for orientation FF...
[M::mem_pestat] (25, 50, 75) percentile: (298, 560, 1570)
[M::mem_pestat] low and high boundaries for computing mean and std.dev: (1, 4114)
[M::mem_pestat] mean and std.dev: (705.74, 778.85)
[M::mem_pestat] low and high boundaries for proper pairs: (1, 5386)
[M::mem_pestat] analyzing insert size distribution for orientation FR...
[M::mem_pestat] (25, 50, 75) percentile: (291, 381, 484)
[M::mem_pestat] low and high boundaries for computing mean and std.dev: (1, 870)
[M::mem_pestat] mean and std.dev: (393.15, 142.70)
[M::mem_pestat] low and high boundaries for proper pairs: (1, 1063)
[M::mem_pestat] analyzing insert size distribution for orientation RF...
[M::mem_pestat] (25, 50, 75) percentile: (169, 883, 4198)
[M::mem_pestat] low and high boundaries for computing mean and std.dev: (1, 12256)
[M::mem_pestat] mean and std.dev: (2188.76, 2587.56)
[M::mem_pestat] low and high boundaries for proper pairs: (1, 16285)
[M::mem_pestat] analyzing insert size distribution for orientation RR...
[M::mem_pestat] (25, 50, 75) percentile: (209, 392, 516)
[M::mem_pestat] low and high boundaries for computing mean and std.dev: (1, 1130)
[M::mem_pestat] mean and std.dev: (299.48, 170.05)
[M::mem_pestat] low and high boundaries for proper pairs: (1, 1437)
[M::mem_pestat] skip orientation FF
[M::mem_pestat] skip orientation RF
[M::mem_pestat] skip orientation RR
[M::process] read 1469738 sequences (200000271 bp)...
[M::mem_process_seqs] Processed 1481066 reads in 441.921 CPU sec, 48.031 real sec
[M::mem_pestat] # candidate unique pairs for (FF, FR, RF, RR): (41, 563091, 121, 33)
[M::mem_pestat] analyzing insert size distribution for orientation FF...
[M::mem_pestat] (25, 50, 75) percentile: (311, 455, 656)
[M::mem_pestat] low and high boundaries for computing mean and std.dev: (1, 1346)
[M::mem_pestat] mean and std.dev: (465.97, 242.72)
[M::mem_pestat] low and high boundaries for proper pairs: (1, 1691)
[M::mem_pestat] analyzing insert size distribution for orientation FR...
[M::mem_pestat] (25, 50, 75) percentile: (298, 392, 502)
[M::mem_pestat] low and high boundaries for computing mean and std.dev: (1, 910)
[M::mem_pestat] mean and std.dev: (407.50, 153.46)
[M::mem_pestat] low and high boundaries for proper pairs: (1, 1114)
[M::mem_pestat] analyzing insert size distribution for orientation RF...
[M::mem_pestat] (25, 50, 75) percentile: (224, 676, 3857)
[M::mem_pestat] low and high boundaries for computing mean and std.dev: (1, 11123)
[M::mem_pestat] mean and std.dev: (2154.12, 2552.76)
[M::mem_pestat] low and high boundaries for proper pairs: (1, 14756)
[M::mem_pestat] analyzing insert size distribution for orientation RR...
[M::mem_pestat] (25, 50, 75) percentile: (225, 353, 1699)
[M::mem_pestat] low and high boundaries for computing mean and std.dev: (1, 4647)
[M::mem_pestat] mean and std.dev: (790.83, 994.22)
[M::mem_pestat] low and high boundaries for proper pairs: (1, 6121)
[M::mem_pestat] skip orientation FF
[M::mem_pestat] skip orientation RF
[M::mem_pestat] skip orientation RR
[M::process] read 1471192 sequences (200000191 bp)...
[M::mem_process_seqs] Processed 1469738 reads in 436.234 CPU sec, 47.453 real sec
[M::mem_pestat] # candidate unique pairs for (FF, FR, RF, RR): (35, 561541, 134, 32)
[M::mem_pestat] analyzing insert size distribution for orientation FF...
[M::mem_pestat] (25, 50, 75) percentile: (425, 528, 917)
[M::mem_pestat] low and high boundaries for computing mean and std.dev: (1, 1901)
[M::mem_pestat] mean and std.dev: (573.13, 391.82)
[M::mem_pestat] low and high boundaries for proper pairs: (1, 2393)
[M::mem_pestat] analyzing insert size distribution for orientation FR...
[M::mem_pestat] (25, 50, 75) percentile: (297, 390, 500)
[M::mem_pestat] low and high boundaries for computing mean and std.dev: (1, 906)
[M::mem_pestat] mean and std.dev: (405.44, 151.83)
[M::mem_pestat] low and high boundaries for proper pairs: (1, 1109)
[M::mem_pestat] analyzing insert size distribution for orientation RF...
[M::mem_pestat] (25, 50, 75) percentile: (132, 728, 3924)
[M::mem_pestat] low and high boundaries for computing mean and std.dev: (1, 11508)
[M::mem_pestat] mean and std.dev: (2223.10, 2787.76)
[M::mem_pestat] low and high boundaries for proper pairs: (1, 15300)
[M::mem_pestat] analyzing insert size distribution for orientation RR...
[M::mem_pestat] (25, 50, 75) percentile: (291, 542, 1141)
[M::mem_pestat] low and high boundaries for computing mean and std.dev: (1, 2841)
[M::mem_pestat] mean and std.dev: (642.82, 658.36)
[M::mem_pestat] low and high boundaries for proper pairs: (1, 3691)
[M::mem_pestat] skip orientation FF
[M::mem_pestat] skip orientation RF
[M::mem_pestat] skip orientation RR
[M::mem_process_seqs] Processed 1471192 reads in 453.286 CPU sec, 72.636 real sec
[M::process] read 1474300 sequences (200000101 bp)...
[M::process] read 1483672 sequences (200000007 bp)...
[M::mem_pestat] # candidate unique pairs for (FF, FR, RF, RR): (31, 561489, 107, 33)
[M::mem_pestat] analyzing insert size distribution for orientation FF...
[M::mem_pestat] (25, 50, 75) percentile: (332, 410, 676)
[M::mem_pestat] low and high boundaries for computing mean and std.dev: (1, 1364)
[M::mem_pestat] mean and std.dev: (447.26, 251.14)
[M::mem_pestat] low and high boundaries for proper pairs: (1, 1708)
[M::mem_pestat] analyzing insert size distribution for orientation FR...
[M::mem_pestat] (25, 50, 75) percentile: (295, 387, 493)
[M::mem_pestat] low and high boundaries for computing mean and std.dev: (1, 889)
[M::mem_pestat] mean and std.dev: (400.82, 147.79)
[M::mem_pestat] low and high boundaries for proper pairs: (1, 1087)
[M::mem_pestat] analyzing insert size distribution for orientation RF...
[M::mem_pestat] (25, 50, 75) percentile: (157, 635, 3034)
[M::mem_pestat] low and high boundaries for computing mean and std.dev: (1, 8788)
[M::mem_pestat] mean and std.dev: (1657.45, 2097.41)
[M::mem_pestat] low and high boundaries for proper pairs: (1, 11665)
[M::mem_pestat] analyzing insert size distribution for orientation RR...
[M::mem_pestat] (25, 50, 75) percentile: (159, 232, 552)
[M::mem_pestat] low and high boundaries for computing mean and std.dev: (1, 1338)
[M::mem_pestat] mean and std.dev: (312.10, 200.81)
[M::mem_pestat] low and high boundaries for proper pairs: (1, 1731)
[M::mem_pestat] skip orientation FF
[M::mem_pestat] skip orientation RF
[M::mem_pestat] skip orientation RR
[M::mem_process_seqs] Processed 1474300 reads in 441.286 CPU sec, 46.307 real sec
[M::mem_pestat] # candidate unique pairs for (FF, FR, RF, RR): (33, 561285, 129, 36)
[M::mem_pestat] analyzing insert size distribution for orientation FF...
[M::mem_pestat] (25, 50, 75) percentile: (318, 473, 801)
[M::mem_pestat] low and high boundaries for computing mean and std.dev: (1, 1767)
[M::mem_pestat] mean and std.dev: (539.97, 338.68)
[M::mem_pestat] low and high boundaries for proper pairs: (1, 2250)
[M::mem_pestat] analyzing insert size distribution for orientation FR...
[M::mem_pestat] (25, 50, 75) percentile: (289, 379, 480)
[M::mem_pestat] low and high boundaries for computing mean and std.dev: (1, 862)
[M::mem_pestat] mean and std.dev: (390.26, 140.09)
[M::mem_pestat] low and high boundaries for proper pairs: (1, 1053)
[M::mem_pestat] analyzing insert size distribution for orientation RF...
[M::mem_pestat] (25, 50, 75) percentile: (218, 752, 3770)
[M::mem_pestat] low and high boundaries for computing mean and std.dev: (1, 10874)
[M::mem_pestat] mean and std.dev: (2210.67, 2625.24)
[M::mem_pestat] low and high boundaries for proper pairs: (1, 14426)
[M::mem_pestat] analyzing insert size distribution for orientation RR...
[M::mem_pestat] (25, 50, 75) percentile: (190, 394, 2368)
[M::mem_pestat] low and high boundaries for computing mean and std.dev: (1, 6724)
[M::mem_pestat] mean and std.dev: (804.65, 1207.60)
[M::mem_pestat] low and high boundaries for proper pairs: (1, 8902)
[M::mem_pestat] skip orientation FF
[M::mem_pestat] skip orientation RF
[M::mem_pestat] skip orientation RR
[M::process] read 1472394 sequences (200000003 bp)...
[M::mem_process_seqs] Processed 1483672 reads in 444.782 CPU sec, 48.327 real sec
[M::mem_pestat] # candidate unique pairs for (FF, FR, RF, RR): (28, 565022, 99, 37)
[M::mem_pestat] analyzing insert size distribution for orientation FF...
[M::mem_pestat] (25, 50, 75) percentile: (206, 440, 791)
[M::mem_pestat] low and high boundaries for computing mean and std.dev: (1, 1961)
[M::mem_pestat] mean and std.dev: (462.35, 325.79)
[M::mem_pestat] low and high boundaries for proper pairs: (1, 2546)
[M::mem_pestat] analyzing insert size distribution for orientation FR...
[M::mem_pestat] (25, 50, 75) percentile: (293, 385, 492)
[M::mem_pestat] low and high boundaries for computing mean and std.dev: (1, 890)
[M::mem_pestat] mean and std.dev: (399.47, 149.29)
[M::mem_pestat] low and high boundaries for proper pairs: (1, 1089)
[M::mem_pestat] analyzing insert size distribution for orientation RF...
[M::mem_pestat] (25, 50, 75) percentile: (217, 1037, 3994)
[M::mem_pestat] low and high boundaries for computing mean and std.dev: (1, 11548)
[M::mem_pestat] mean and std.dev: (2502.18, 2774.86)
[M::mem_pestat] low and high boundaries for proper pairs: (1, 15325)
[M::mem_pestat] analyzing insert size distribution for orientation RR...
[M::mem_pestat] (25, 50, 75) percentile: (325, 654, 3280)
[M::mem_pestat] low and high boundaries for computing mean and std.dev: (1, 9190)
[M::mem_pestat] mean and std.dev: (1621.17, 1964.02)
[M::mem_pestat] low and high boundaries for proper pairs: (1, 12145)
[M::mem_pestat] skip orientation FF
[M::mem_pestat] skip orientation RF
[M::mem_pestat] skip orientation RR
[M::process] read 1471716 sequences (200000241 bp)...
[M::mem_process_seqs] Processed 1472394 reads in 434.731 CPU sec, 47.344 real sec
[M::mem_pestat] # candidate unique pairs for (FF, FR, RF, RR): (45, 563100, 100, 34)
[M::mem_pestat] analyzing insert size distribution for orientation FF...
[M::mem_pestat] (25, 50, 75) percentile: (405, 552, 680)
[M::mem_pestat] low and high boundaries for computing mean and std.dev: (1, 1230)
[M::mem_pestat] mean and std.dev: (501.03, 164.82)
[M::mem_pestat] low and high boundaries for proper pairs: (1, 1505)
[M::mem_pestat] analyzing insert size distribution for orientation FR...
[M::mem_pestat] (25, 50, 75) percentile: (295, 388, 497)
[M::mem_pestat] low and high boundaries for computing mean and std.dev: (1, 901)
[M::mem_pestat] mean and std.dev: (403.14, 150.74)
[M::mem_pestat] low and high boundaries for proper pairs: (1, 1103)
[M::mem_pestat] analyzing insert size distribution for orientation RF...
[M::mem_pestat] (25, 50, 75) percentile: (219, 907, 3610)
[M::mem_pestat] low and high boundaries for computing mean and std.dev: (1, 10392)
[M::mem_pestat] mean and std.dev: (1970.84, 2266.99)
[M::mem_pestat] low and high boundaries for proper pairs: (1, 13783)
[M::mem_pestat] analyzing insert size distribution for orientation RR...
[M::mem_pestat] (25, 50, 75) percentile: (135, 472, 630)
[M::mem_pestat] low and high boundaries for computing mean and std.dev: (1, 1620)
[M::mem_pestat] mean and std.dev: (385.03, 309.93)
[M::mem_pestat] low and high boundaries for proper pairs: (1, 2115)
[M::mem_pestat] skip orientation FF
[M::mem_pestat] skip orientation RF
[M::mem_pestat] skip orientation RR
[M::mem_process_seqs] Processed 1471716 reads in 451.967 CPU sec, 72.870 real sec
[M::process] read 1475098 sequences (200000157 bp)...
[M::process] read 1482522 sequences (200000030 bp)...
[M::mem_pestat] # candidate unique pairs for (FF, FR, RF, RR): (45, 561701, 117, 28)
[M::mem_pestat] analyzing insert size distribution for orientation FF...
[M::mem_pestat] (25, 50, 75) percentile: (267, 397, 707)
[M::mem_pestat] low and high boundaries for computing mean and std.dev: (1, 1587)
[M::mem_pestat] mean and std.dev: (462.62, 322.80)
[M::mem_pestat] low and high boundaries for proper pairs: (1, 2027)
[M::mem_pestat] analyzing insert size distribution for orientation FR...
[M::mem_pestat] (25, 50, 75) percentile: (294, 386, 493)
[M::mem_pestat] low and high boundaries for computing mean and std.dev: (1, 891)
[M::mem_pestat] mean and std.dev: (400.39, 147.67)
[M::mem_pestat] low and high boundaries for proper pairs: (1, 1090)
[M::mem_pestat] analyzing insert size distribution for orientation RF...
[M::mem_pestat] (25, 50, 75) percentile: (136, 725, 3876)
[M::mem_pestat] low and high boundaries for computing mean and std.dev: (1, 11356)
[M::mem_pestat] mean and std.dev: (2245.90, 2812.08)
[M::mem_pestat] low and high boundaries for proper pairs: (1, 15096)
[M::mem_pestat] analyzing insert size distribution for orientation RR...
[M::mem_pestat] (25, 50, 75) percentile: (202, 392, 647)
[M::mem_pestat] low and high boundaries for computing mean and std.dev: (1, 1537)
[M::mem_pestat] mean and std.dev: (444.73, 378.19)
[M::mem_pestat] low and high boundaries for proper pairs: (1, 1982)
[M::mem_pestat] skip orientation FF
[M::mem_pestat] skip orientation RF
[M::mem_pestat] skip orientation RR
[M::mem_process_seqs] Processed 1475098 reads in 440.506 CPU sec, 46.268 real sec
[M::mem_pestat] # candidate unique pairs for (FF, FR, RF, RR): (42, 561316, 109, 33)
[M::mem_pestat] analyzing insert size distribution for orientation FF...
[M::mem_pestat] (25, 50, 75) percentile: (350, 510, 1044)
[M::mem_pestat] low and high boundaries for computing mean and std.dev: (1, 2432)
[M::mem_pestat] mean and std.dev: (603.00, 462.89)
[M::mem_pestat] low and high boundaries for proper pairs: (1, 3126)
[M::mem_pestat] analyzing insert size distribution for orientation FR...
[M::mem_pestat] (25, 50, 75) percentile: (290, 380, 480)
[M::mem_pestat] low and high boundaries for computing mean and std.dev: (1, 860)
[M::mem_pestat] mean and std.dev: (390.67, 139.97)
[M::mem_pestat] low and high boundaries for proper pairs: (1, 1050)
[M::mem_pestat] analyzing insert size distribution for orientation RF...
[M::mem_pestat] (25, 50, 75) percentile: (94, 606, 2404)
[M::mem_pestat] low and high boundaries for computing mean and std.dev: (1, 7024)
[M::mem_pestat] mean and std.dev: (1259.26, 1627.49)
[M::mem_pestat] low and high boundaries for proper pairs: (1, 9334)
[M::mem_pestat] analyzing insert size distribution for orientation RR...
[M::mem_pestat] (25, 50, 75) percentile: (188, 445, 1694)
[M::mem_pestat] low and high boundaries for computing mean and std.dev: (1, 4706)
[M::mem_pestat] mean and std.dev: (739.37, 940.13)
[M::mem_pestat] low and high boundaries for proper pairs: (1, 6212)
[M::mem_pestat] skip orientation FF
[M::mem_pestat] skip orientation RF
[M::mem_pestat] skip orientation RR
[M::process] read 1479322 sequences (200000073 bp)...
[M::mem_process_seqs] Processed 1482522 reads in 442.332 CPU sec, 48.025 real sec
[M::mem_pestat] # candidate unique pairs for (FF, FR, RF, RR): (49, 564789, 122, 26)
[M::mem_pestat] analyzing insert size distribution for orientation FF...
[M::mem_pestat] (25, 50, 75) percentile: (311, 478, 750)
[M::mem_pestat] low and high boundaries for computing mean and std.dev: (1, 1628)
[M::mem_pestat] mean and std.dev: (481.76, 222.28)
[M::mem_pestat] low and high boundaries for proper pairs: (1, 2067)
[M::mem_pestat] analyzing insert size distribution for orientation FR...
[M::mem_pestat] (25, 50, 75) percentile: (286, 376, 478)
[M::mem_pestat] low and high boundaries for computing mean and std.dev: (1, 862)
[M::mem_pestat] mean and std.dev: (388.71, 142.81)
[M::mem_pestat] low and high boundaries for proper pairs: (1, 1054)
[M::mem_pestat] analyzing insert size distribution for orientation RF...
[M::mem_pestat] (25, 50, 75) percentile: (154, 584, 2243)
[M::mem_pestat] low and high boundaries for computing mean and std.dev: (1, 6421)
[M::mem_pestat] mean and std.dev: (1103.80, 1584.75)
[M::mem_pestat] low and high boundaries for proper pairs: (1, 8510)
[M::mem_pestat] analyzing insert size distribution for orientation RR...
[M::mem_pestat] (25, 50, 75) percentile: (231, 378, 536)
[M::mem_pestat] low and high boundaries for computing mean and std.dev: (1, 1146)
[M::mem_pestat] mean and std.dev: (384.12, 234.77)
[M::mem_pestat] low and high boundaries for proper pairs: (1, 1451)
[M::mem_pestat] skip orientation FF
[M::mem_pestat] skip orientation RF
[M::mem_pestat] skip orientation RR
[M::process] read 1475618 sequences (200000161 bp)...
[M::mem_process_seqs] Processed 1479322 reads in 438.349 CPU sec, 47.671 real sec
[M::mem_pestat] # candidate unique pairs for (FF, FR, RF, RR): (52, 564001, 116, 24)
[M::mem_pestat] analyzing insert size distribution for orientation FF...
[M::mem_pestat] (25, 50, 75) percentile: (321, 394, 762)
[M::mem_pestat] low and high boundaries for computing mean and std.dev: (1, 1644)
[M::mem_pestat] mean and std.dev: (432.11, 201.18)
[M::mem_pestat] low and high boundaries for proper pairs: (1, 2085)
[M::mem_pestat] analyzing insert size distribution for orientation FR...
[M::mem_pestat] (25, 50, 75) percentile: (292, 383, 488)
[M::mem_pestat] low and high boundaries for computing mean and std.dev: (1, 880)
[M::mem_pestat] mean and std.dev: (396.57, 146.46)
[M::mem_pestat] low and high boundaries for proper pairs: (1, 1076)
[M::mem_pestat] analyzing insert size distribution for orientation RF...
[M::mem_pestat] (25, 50, 75) percentile: (177, 691, 2701)
[M::mem_pestat] low and high boundaries for computing mean and std.dev: (1, 7749)
[M::mem_pestat] mean and std.dev: (1315.42, 1605.43)
[M::mem_pestat] low and high boundaries for proper pairs: (1, 10273)
[M::mem_pestat] analyzing insert size distribution for orientation RR...
[M::mem_pestat] (25, 50, 75) percentile: (207, 374, 793)
[M::mem_pestat] low and high boundaries for computing mean and std.dev: (1, 1965)
[M::mem_pestat] mean and std.dev: (440.20, 412.37)
[M::mem_pestat] low and high boundaries for proper pairs: (1, 2551)
[M::mem_pestat] skip orientation FF
[M::mem_pestat] skip orientation RF
[M::mem_pestat] skip orientation RR
[M::process] read 1479336 sequences (200000045 bp)...
[M::mem_process_seqs] Processed 1475618 reads in 439.164 CPU sec, 47.717 real sec
[M::mem_pestat] # candidate unique pairs for (FF, FR, RF, RR): (35, 563814, 102, 14)
[M::mem_pestat] analyzing insert size distribution for orientation FF...
[M::mem_pestat] (25, 50, 75) percentile: (336, 449, 644)
[M::mem_pestat] low and high boundaries for computing mean and std.dev: (1, 1260)
[M::mem_pestat] mean and std.dev: (446.00, 215.50)
[M::mem_pestat] low and high boundaries for proper pairs: (1, 1568)
[M::mem_pestat] analyzing insert size distribution for orientation FR...
[M::mem_pestat] (25, 50, 75) percentile: (292, 382, 485)
[M::mem_pestat] low and high boundaries for computing mean and std.dev: (1, 871)
[M::mem_pestat] mean and std.dev: (394.97, 144.05)
[M::mem_pestat] low and high boundaries for proper pairs: (1, 1064)
[M::mem_pestat] analyzing insert size distribution for orientation RF...
[M::mem_pestat] (25, 50, 75) percentile: (147, 698, 2247)
[M::mem_pestat] low and high boundaries for computing mean and std.dev: (1, 6447)
[M::mem_pestat] mean and std.dev: (1218.12, 1590.26)
[M::mem_pestat] low and high boundaries for proper pairs: (1, 8547)
[M::mem_pestat] analyzing insert size distribution for orientation RR...
[M::mem_pestat] (25, 50, 75) percentile: (267, 483, 745)
[M::mem_pestat] low and high boundaries for computing mean and std.dev: (1, 1701)
[M::mem_pestat] mean and std.dev: (485.25, 339.50)
[M::mem_pestat] low and high boundaries for proper pairs: (1, 2179)
[M::mem_pestat] skip orientation FF
[M::mem_pestat] skip orientation RF
[M::mem_pestat] skip orientation RR
[M::mem_process_seqs] Processed 1479336 reads in 454.678 CPU sec, 73.176 real sec
[M::process] read 1484976 sequences (200000096 bp)...
[M::process] read 1480640 sequences (200000105 bp)...
[M::mem_pestat] # candidate unique pairs for (FF, FR, RF, RR): (40, 561758, 119, 33)
[M::mem_pestat] analyzing insert size distribution for orientation FF...
[M::mem_pestat] (25, 50, 75) percentile: (316, 451, 749)
[M::mem_pestat] low and high boundaries for computing mean and std.dev: (1, 1615)
[M::mem_pestat] mean and std.dev: (483.17, 283.80)
[M::mem_pestat] low and high boundaries for proper pairs: (1, 2048)
[M::mem_pestat] analyzing insert size distribution for orientation FR...
[M::mem_pestat] (25, 50, 75) percentile: (289, 378, 479)
[M::mem_pestat] low and high boundaries for computing mean and std.dev: (1, 859)
[M::mem_pestat] mean and std.dev: (389.43, 139.38)
[M::mem_pestat] low and high boundaries for proper pairs: (1, 1049)
[M::mem_pestat] analyzing insert size distribution for orientation RF...
[M::mem_pestat] (25, 50, 75) percentile: (89, 344, 2824)
[M::mem_pestat] low and high boundaries for computing mean and std.dev: (1, 8294)
[M::mem_pestat] mean and std.dev: (1472.80, 2157.88)
[M::mem_pestat] low and high boundaries for proper pairs: (1, 11029)
[M::mem_pestat] analyzing insert size distribution for orientation RR...
[M::mem_pestat] (25, 50, 75) percentile: (269, 469, 2123)
[M::mem_pestat] low and high boundaries for computing mean and std.dev: (1, 5831)
[M::mem_pestat] mean and std.dev: (793.57, 1044.57)
[M::mem_pestat] low and high boundaries for proper pairs: (1, 7685)
[M::mem_pestat] skip orientation FF
[M::mem_pestat] skip orientation RF
[M::mem_pestat] skip orientation RR
[M::mem_process_seqs] Processed 1484976 reads in 444.962 CPU sec, 46.629 real sec
[M::mem_pestat] # candidate unique pairs for (FF, FR, RF, RR): (54, 564643, 117, 24)
[M::mem_pestat] analyzing insert size distribution for orientation FF...
[M::mem_pestat] (25, 50, 75) percentile: (301, 386, 941)
[M::mem_pestat] low and high boundaries for computing mean and std.dev: (1, 2221)
[M::mem_pestat] mean and std.dev: (482.23, 364.62)
[M::mem_pestat] low and high boundaries for proper pairs: (1, 2861)
[M::mem_pestat] analyzing insert size distribution for orientation FR...
[M::mem_pestat] (25, 50, 75) percentile: (289, 379, 481)
[M::mem_pestat] low and high boundaries for computing mean and std.dev: (1, 865)
[M::mem_pestat] mean and std.dev: (390.75, 142.56)
[M::mem_pestat] low and high boundaries for proper pairs: (1, 1057)
[M::mem_pestat] analyzing insert size distribution for orientation RF...
[M::mem_pestat] (25, 50, 75) percentile: (184, 775, 3925)
[M::mem_pestat] low and high boundaries for computing mean and std.dev: (1, 11407)
[M::mem_pestat] mean and std.dev: (2135.30, 2519.32)
[M::mem_pestat] low and high boundaries for proper pairs: (1, 15148)
[M::mem_pestat] analyzing insert size distribution for orientation RR...
[M::mem_pestat] (25, 50, 75) percentile: (183, 478, 1692)
[M::mem_pestat] low and high boundaries for computing mean and std.dev: (1, 4710)
[M::mem_pestat] mean and std.dev: (717.86, 955.76)
[M::mem_pestat] low and high boundaries for proper pairs: (1, 6219)
[M::mem_pestat] skip orientation FF
[M::mem_pestat] skip orientation RF
[M::mem_pestat] skip orientation RR
[M::process] read 1471586 sequences (200000083 bp)...
[M::mem_process_seqs] Processed 1480640 reads in 436.613 CPU sec, 47.496 real sec
[M::mem_pestat] # candidate unique pairs for (FF, FR, RF, RR): (36, 562980, 122, 31)
[M::mem_pestat] analyzing insert size distribution for orientation FF...
[M::mem_pestat] (25, 50, 75) percentile: (377, 462, 914)
[M::mem_pestat] low and high boundaries for computing mean and std.dev: (1, 1988)
[M::mem_pestat] mean and std.dev: (563.24, 368.24)
[M::mem_pestat] low and high boundaries for proper pairs: (1, 2525)
[M::mem_pestat] analyzing insert size distribution for orientation FR...
[M::mem_pestat] (25, 50, 75) percentile: (294, 386, 494)
[M::mem_pestat] low and high boundaries for computing mean and std.dev: (1, 894)
[M::mem_pestat] mean and std.dev: (400.97, 149.53)
[M::mem_pestat] low and high boundaries for proper pairs: (1, 1094)
[M::mem_pestat] analyzing insert size distribution for orientation RF...
[M::mem_pestat] (25, 50, 75) percentile: (152, 767, 3429)
[M::mem_pestat] low and high boundaries for computing mean and std.dev: (1, 9983)
[M::mem_pestat] mean and std.dev: (2070.77, 2559.98)
[M::mem_pestat] low and high boundaries for proper pairs: (1, 13260)
[M::mem_pestat] analyzing insert size distribution for orientation RR...
[M::mem_pestat] (25, 50, 75) percentile: (181, 528, 1373)
[M::mem_pestat] low and high boundaries for computing mean and std.dev: (1, 3757)
[M::mem_pestat] mean and std.dev: (550.96, 481.79)
[M::mem_pestat] low and high boundaries for proper pairs: (1, 4949)
[M::mem_pestat] skip orientation FF
[M::mem_pestat] skip orientation RF
[M::mem_pestat] skip orientation RR
[M::mem_process_seqs] Processed 1471586 reads in 452.187 CPU sec, 73.954 real sec
[M::process] read 1473262 sequences (200000155 bp)...
[M::process] read 1476126 sequences (200000121 bp)...
[M::mem_pestat] # candidate unique pairs for (FF, FR, RF, RR): (38, 563030, 119, 29)
[M::mem_pestat] analyzing insert size distribution for orientation FF...
[M::mem_pestat] (25, 50, 75) percentile: (342, 521, 690)
[M::mem_pestat] low and high boundaries for computing mean and std.dev: (1, 1386)
[M::mem_pestat] mean and std.dev: (461.97, 193.32)
[M::mem_pestat] low and high boundaries for proper pairs: (1, 1734)
[M::mem_pestat] analyzing insert size distribution for orientation FR...
[M::mem_pestat] (25, 50, 75) percentile: (294, 386, 492)
[M::mem_pestat] low and high boundaries for computing mean and std.dev: (1, 888)
[M::mem_pestat] mean and std.dev: (399.74, 147.53)
[M::mem_pestat] low and high boundaries for proper pairs: (1, 1086)
[M::mem_pestat] analyzing insert size distribution for orientation RF...
[M::mem_pestat] (25, 50, 75) percentile: (192, 860, 3942)
[M::mem_pestat] low and high boundaries for computing mean and std.dev: (1, 11442)
[M::mem_pestat] mean and std.dev: (2310.07, 2820.41)
[M::mem_pestat] low and high boundaries for proper pairs: (1, 15192)
[M::mem_pestat] analyzing insert size distribution for orientation RR...
[M::mem_pestat] (25, 50, 75) percentile: (221, 294, 503)
[M::mem_pestat] low and high boundaries for computing mean and std.dev: (1, 1067)
[M::mem_pestat] mean and std.dev: (305.96, 210.84)
[M::mem_pestat] low and high boundaries for proper pairs: (1, 1349)
[M::mem_pestat] skip orientation FF
[M::mem_pestat] skip orientation RF
[M::mem_pestat] skip orientation RR
[M::mem_process_seqs] Processed 1473262 reads in 437.953 CPU sec, 46.148 real sec
[M::mem_pestat] # candidate unique pairs for (FF, FR, RF, RR): (43, 561770, 103, 38)
[M::mem_pestat] analyzing insert size distribution for orientation FF...
[M::mem_pestat] (25, 50, 75) percentile: (403, 633, 1486)
[M::mem_pestat] low and high boundaries for computing mean and std.dev: (1, 3652)
[M::mem_pestat] mean and std.dev: (751.81, 651.56)
[M::mem_pestat] low and high boundaries for proper pairs: (1, 4735)
[M::mem_pestat] analyzing insert size distribution for orientation FR...
[M::mem_pestat] (25, 50, 75) percentile: (292, 383, 486)
[M::mem_pestat] low and high boundaries for computing mean and std.dev: (1, 874)
[M::mem_pestat] mean and std.dev: (395.16, 143.63)
[M::mem_pestat] low and high boundaries for proper pairs: (1, 1068)
[M::mem_pestat] analyzing insert size distribution for orientation RF...
[M::mem_pestat] (25, 50, 75) percentile: (140, 741, 4549)
[M::mem_pestat] low and high boundaries for computing mean and std.dev: (1, 13367)
[M::mem_pestat] mean and std.dev: (2294.86, 2761.32)
[M::mem_pestat] low and high boundaries for proper pairs: (1, 17776)
[M::mem_pestat] analyzing insert size distribution for orientation RR...
[M::mem_pestat] (25, 50, 75) percentile: (261, 346, 501)
[M::mem_pestat] low and high boundaries for computing mean and std.dev: (1, 981)
[M::mem_pestat] mean and std.dev: (327.13, 164.51)
[M::mem_pestat] low and high boundaries for proper pairs: (1, 1221)
[M::mem_pestat] skip orientation FF
[M::mem_pestat] skip orientation RF
[M::mem_pestat] skip orientation RR
[M::process] read 1481792 sequences (200000014 bp)...
[M::mem_process_seqs] Processed 1476126 reads in 437.982 CPU sec, 47.696 real sec
[M::mem_pestat] # candidate unique pairs for (FF, FR, RF, RR): (43, 563827, 119, 36)
[M::mem_pestat] analyzing insert size distribution for orientation FF...
[M::mem_pestat] (25, 50, 75) percentile: (254, 513, 662)
[M::mem_pestat] low and high boundaries for computing mean and std.dev: (1, 1478)
[M::mem_pestat] mean and std.dev: (443.95, 237.06)
[M::mem_pestat] low and high boundaries for proper pairs: (1, 1886)
[M::mem_pestat] analyzing insert size distribution for orientation FR...
[M::mem_pestat] (25, 50, 75) percentile: (291, 382, 485)
[M::mem_pestat] low and high boundaries for computing mean and std.dev: (1, 873)
[M::mem_pestat] mean and std.dev: (393.89, 143.78)
[M::mem_pestat] low and high boundaries for proper pairs: (1, 1067)
[M::mem_pestat] analyzing insert size distribution for orientation RF...
[M::mem_pestat] (25, 50, 75) percentile: (130, 823, 3975)
[M::mem_pestat] low and high boundaries for computing mean and std.dev: (1, 11665)
[M::mem_pestat] mean and std.dev: (2171.15, 2599.52)
[M::mem_pestat] low and high boundaries for proper pairs: (1, 15510)
[M::mem_pestat] analyzing insert size distribution for orientation RR...
[M::mem_pestat] (25, 50, 75) percentile: (251, 443, 1071)
[M::mem_pestat] low and high boundaries for computing mean and std.dev: (1, 2711)
[M::mem_pestat] mean and std.dev: (574.48, 522.73)
[M::mem_pestat] low and high boundaries for proper pairs: (1, 3531)
[M::mem_pestat] skip orientation FF
[M::mem_pestat] skip orientation RF
[M::mem_pestat] skip orientation RR
[M::process] read 1495524 sequences (200000246 bp)...
[M::mem_process_seqs] Processed 1481792 reads in 456.271 CPU sec, 49.402 real sec
[M::process] read 1498696 sequences (200000103 bp)...
[M::mem_pestat] # candidate unique pairs for (FF, FR, RF, RR): (33, 565232, 103, 32)
[M::mem_pestat] analyzing insert size distribution for orientation FF...
[M::mem_pestat] (25, 50, 75) percentile: (319, 445, 781)
[M::mem_pestat] low and high boundaries for computing mean and std.dev: (1, 1705)
[M::mem_pestat] mean and std.dev: (460.17, 224.39)
[M::mem_pestat] low and high boundaries for proper pairs: (1, 2167)
[M::mem_pestat] analyzing insert size distribution for orientation FR...
[M::mem_pestat] (25, 50, 75) percentile: (297, 391, 502)
[M::mem_pestat] low and high boundaries for computing mean and std.dev: (1, 912)
[M::mem_pestat] mean and std.dev: (407.28, 153.65)
[M::mem_pestat] low and high boundaries for proper pairs: (1, 1117)
[M::mem_pestat] analyzing insert size distribution for orientation RF...
[M::mem_pestat] (25, 50, 75) percentile: (202, 673, 3127)
[M::mem_pestat] low and high boundaries for computing mean and std.dev: (1, 8977)
[M::mem_pestat] mean and std.dev: (1810.57, 2348.75)
[M::mem_pestat] low and high boundaries for proper pairs: (1, 11902)
[M::mem_pestat] analyzing insert size distribution for orientation RR...
[M::mem_pestat] (25, 50, 75) percentile: (339, 595, 2028)
[M::mem_pestat] low and high boundaries for computing mean and std.dev: (1, 5406)
[M::mem_pestat] mean and std.dev: (864.89, 923.51)
[M::mem_pestat] low and high boundaries for proper pairs: (1, 7095)
[M::mem_pestat] skip orientation FF
[M::mem_pestat] skip orientation RF
[M::mem_pestat] skip orientation RR
[M::mem_process_seqs] Processed 1495524 reads in 575.998 CPU sec, 64.408 real sec
[M::process] read 1496022 sequences (200000271 bp)...
[M::mem_pestat] # candidate unique pairs for (FF, FR, RF, RR): (37, 568669, 128, 38)
[M::mem_pestat] analyzing insert size distribution for orientation FF...
[M::mem_pestat] (25, 50, 75) percentile: (328, 568, 1727)
[M::mem_pestat] low and high boundaries for computing mean and std.dev: (1, 4525)
[M::mem_pestat] mean and std.dev: (632.07, 491.57)
[M::mem_pestat] low and high boundaries for proper pairs: (1, 5924)
[M::mem_pestat] analyzing insert size distribution for orientation FR...
[M::mem_pestat] (25, 50, 75) percentile: (298, 392, 502)
[M::mem_pestat] low and high boundaries for computing mean and std.dev: (1, 910)
[M::mem_pestat] mean and std.dev: (407.05, 152.26)
[M::mem_pestat] low and high boundaries for proper pairs: (1, 1114)
[M::mem_pestat] analyzing insert size distribution for orientation RF...
[M::mem_pestat] (25, 50, 75) percentile: (157, 736, 3175)
[M::mem_pestat] low and high boundaries for computing mean and std.dev: (1, 9211)
[M::mem_pestat] mean and std.dev: (1864.50, 2364.32)
[M::mem_pestat] low and high boundaries for proper pairs: (1, 12229)
[M::mem_pestat] analyzing insert size distribution for orientation RR...
[M::mem_pestat] (25, 50, 75) percentile: (187, 327, 984)
[M::mem_pestat] low and high boundaries for computing mean and std.dev: (1, 2578)
[M::mem_pestat] mean and std.dev: (449.72, 431.61)
[M::mem_pestat] low and high boundaries for proper pairs: (1, 3375)
[M::mem_pestat] skip orientation FF
[M::mem_pestat] skip orientation RF
[M::mem_pestat] skip orientation RR
[M::mem_process_seqs] Processed 1498696 reads in 533.259 CPU sec, 57.375 real sec
[M::mem_pestat] # candidate unique pairs for (FF, FR, RF, RR): (36, 562540, 121, 34)
[M::mem_pestat] analyzing insert size distribution for orientation FF...
[M::mem_pestat] (25, 50, 75) percentile: (281, 460, 1105)
[M::mem_pestat] low and high boundaries for computing mean and std.dev: (1, 2753)
[M::mem_pestat] mean and std.dev: (581.53, 467.75)
[M::mem_pestat] low and high boundaries for proper pairs: (1, 3577)
[M::mem_pestat] analyzing insert size distribution for orientation FR...
[M::mem_pestat] (25, 50, 75) percentile: (295, 388, 495)
[M::mem_pestat] low and high boundaries for computing mean and std.dev: (1, 895)
[M::mem_pestat] mean and std.dev: (401.91, 148.54)
[M::mem_pestat] low and high boundaries for proper pairs: (1, 1095)
[M::mem_pestat] analyzing insert size distribution for orientation RF...
[M::mem_pestat] (25, 50, 75) percentile: (186, 651, 3010)
[M::mem_pestat] low and high boundaries for computing mean and std.dev: (1, 8658)
[M::mem_pestat] mean and std.dev: (1571.55, 2138.03)
[M::mem_pestat] low and high boundaries for proper pairs: (1, 11482)
[M::mem_pestat] analyzing insert size distribution for orientation RR...
[M::mem_pestat] (25, 50, 75) percentile: (223, 449, 1140)
[M::mem_pestat] low and high boundaries for computing mean and std.dev: (1, 2974)
[M::mem_pestat] mean and std.dev: (618.94, 592.52)
[M::mem_pestat] low and high boundaries for proper pairs: (1, 3891)
[M::mem_pestat] skip orientation FF
[M::mem_pestat] skip orientation RF
[M::mem_pestat] skip orientation RR
[M::mem_process_seqs] Processed 1496022 reads in 536.873 CPU sec, 104.062 real sec
[M::process] read 1488706 sequences (200000233 bp)...
[M::process] read 1479688 sequences (200000123 bp)...
[M::mem_pestat] # candidate unique pairs for (FF, FR, RF, RR): (50, 564611, 119, 43)
[M::mem_pestat] analyzing insert size distribution for orientation FF...
[M::mem_pestat] (25, 50, 75) percentile: (250, 501, 1412)
[M::mem_pestat] low and high boundaries for computing mean and std.dev: (1, 3736)
[M::mem_pestat] mean and std.dev: (707.98, 777.36)
[M::mem_pestat] low and high boundaries for proper pairs: (1, 4898)
[M::mem_pestat] analyzing insert size distribution for orientation FR...
[M::mem_pestat] (25, 50, 75) percentile: (295, 388, 496)
[M::mem_pestat] low and high boundaries for computing mean and std.dev: (1, 898)
[M::mem_pestat] mean and std.dev: (402.64, 149.82)
[M::mem_pestat] low and high boundaries for proper pairs: (1, 1099)
[M::mem_pestat] analyzing insert size distribution for orientation RF...
[M::mem_pestat] (25, 50, 75) percentile: (134, 597, 3696)
[M::mem_pestat] low and high boundaries for computing mean and std.dev: (1, 10820)
[M::mem_pestat] mean and std.dev: (2020.45, 2592.38)
[M::mem_pestat] low and high boundaries for proper pairs: (1, 14382)
[M::mem_pestat] analyzing insert size distribution for orientation RR...
[M::mem_pestat] (25, 50, 75) percentile: (193, 331, 771)
[M::mem_pestat] low and high boundaries for computing mean and std.dev: (1, 1927)
[M::mem_pestat] mean and std.dev: (334.20, 252.50)
[M::mem_pestat] low and high boundaries for proper pairs: (1, 2505)
[M::mem_pestat] skip orientation FF
[M::mem_pestat] skip orientation RF
[M::mem_pestat] skip orientation RR
[M::mem_process_seqs] Processed 1488706 reads in 482.775 CPU sec, 49.127 real sec
[M::mem_pestat] # candidate unique pairs for (FF, FR, RF, RR): (50, 562281, 124, 35)
[M::mem_pestat] analyzing insert size distribution for orientation FF...
[M::mem_pestat] (25, 50, 75) percentile: (310, 558, 867)
[M::mem_pestat] low and high boundaries for computing mean and std.dev: (1, 1981)
[M::mem_pestat] mean and std.dev: (525.19, 359.95)
[M::mem_pestat] low and high boundaries for proper pairs: (1, 2538)
[M::mem_pestat] analyzing insert size distribution for orientation FR...
[M::mem_pestat] (25, 50, 75) percentile: (300, 396, 511)
[M::mem_pestat] low and high boundaries for computing mean and std.dev: (1, 933)
[M::mem_pestat] mean and std.dev: (413.21, 158.01)
[M::mem_pestat] low and high boundaries for proper pairs: (1, 1144)
[M::mem_pestat] analyzing insert size distribution for orientation RF...
[M::mem_pestat] (25, 50, 75) percentile: (129, 778, 4064)
[M::mem_pestat] low and high boundaries for computing mean and std.dev: (1, 11934)
[M::mem_pestat] mean and std.dev: (2224.35, 2794.46)
[M::mem_pestat] low and high boundaries for proper pairs: (1, 15869)
[M::mem_pestat] analyzing insert size distribution for orientation RR...
[M::mem_pestat] (25, 50, 75) percentile: (280, 670, 3613)
[M::mem_pestat] low and high boundaries for computing mean and std.dev: (1, 10279)
[M::mem_pestat] mean and std.dev: (2070.77, 2489.46)
[M::mem_pestat] low and high boundaries for proper pairs: (1, 13612)
[M::mem_pestat] skip orientation FF
[M::mem_pestat] skip orientation RF
[M::mem_pestat] skip orientation RR
[M::process] read 1483094 sequences (200000054 bp)...
[M::mem_process_seqs] Processed 1479688 reads in 468.121 CPU sec, 50.689 real sec
[M::process] read 1477398 sequences (200000266 bp)...
[M::mem_pestat] # candidate unique pairs for (FF, FR, RF, RR): (37, 564785, 92, 40)
[M::mem_pestat] analyzing insert size distribution for orientation FF...
[M::mem_pestat] (25, 50, 75) percentile: (289, 542, 1026)
[M::mem_pestat] low and high boundaries for computing mean and std.dev: (1, 2500)
[M::mem_pestat] mean and std.dev: (474.00, 300.41)
[M::mem_pestat] low and high boundaries for proper pairs: (1, 3237)
[M::mem_pestat] analyzing insert size distribution for orientation FR...
[M::mem_pestat] (25, 50, 75) percentile: (301, 396, 509)
[M::mem_pestat] low and high boundaries for computing mean and std.dev: (1, 925)
[M::mem_pestat] mean and std.dev: (412.58, 156.47)
[M::mem_pestat] low and high boundaries for proper pairs: (1, 1133)
[M::mem_pestat] analyzing insert size distribution for orientation RF...
[M::mem_pestat] (25, 50, 75) percentile: (124, 568, 3343)
[M::mem_pestat] low and high boundaries for computing mean and std.dev: (1, 9781)
[M::mem_pestat] mean and std.dev: (1874.91, 2569.98)
[M::mem_pestat] low and high boundaries for proper pairs: (1, 13000)
[M::mem_pestat] analyzing insert size distribution for orientation RR...
[M::mem_pestat] (25, 50, 75) percentile: (196, 553, 1450)
[M::mem_pestat] low and high boundaries for computing mean and std.dev: (1, 3958)
[M::mem_pestat] mean and std.dev: (704.30, 642.20)
[M::mem_pestat] low and high boundaries for proper pairs: (1, 5212)
[M::mem_pestat] skip orientation FF
[M::mem_pestat] skip orientation RF
[M::mem_pestat] skip orientation RR
[M::mem_process_seqs] Processed 1483094 reads in 476.351 CPU sec, 51.521 real sec
[M::mem_pestat] # candidate unique pairs for (FF, FR, RF, RR): (46, 560933, 106, 32)
[M::mem_pestat] analyzing insert size distribution for orientation FF...
[M::mem_pestat] (25, 50, 75) percentile: (366, 574, 1099)
[M::mem_pestat] low and high boundaries for computing mean and std.dev: (1, 2565)
[M::mem_pestat] mean and std.dev: (581.56, 391.45)
[M::mem_pestat] low and high boundaries for proper pairs: (1, 3298)
[M::mem_pestat] analyzing insert size distribution for orientation FR...
[M::mem_pestat] (25, 50, 75) percentile: (299, 393, 504)
[M::mem_pestat] low and high boundaries for computing mean and std.dev: (1, 914)
[M::mem_pestat] mean and std.dev: (408.32, 153.06)
[M::mem_pestat] low and high boundaries for proper pairs: (1, 1119)
[M::mem_pestat] analyzing insert size distribution for orientation RF...
[M::mem_pestat] (25, 50, 75) percentile: (176, 695, 3887)
[M::mem_pestat] low and high boundaries for computing mean and std.dev: (1, 11309)
[M::mem_pestat] mean and std.dev: (2061.63, 2487.46)
[M::mem_pestat] low and high boundaries for proper pairs: (1, 15020)
[M::mem_pestat] analyzing insert size distribution for orientation RR...
[M::mem_pestat] (25, 50, 75) percentile: (214, 315, 1064)
[M::mem_pestat] low and high boundaries for computing mean and std.dev: (1, 2764)
[M::mem_pestat] mean and std.dev: (422.14, 410.45)
[M::mem_pestat] low and high boundaries for proper pairs: (1, 3614)
[M::mem_pestat] skip orientation FF
[M::mem_pestat] skip orientation RF
[M::mem_pestat] skip orientation RR
[M::process] read 1482652 sequences (200000174 bp)...
[M::mem_process_seqs] Processed 1477398 reads in 466.938 CPU sec, 50.569 real sec
[M::mem_pestat] # candidate unique pairs for (FF, FR, RF, RR): (44, 561636, 128, 43)
[M::mem_pestat] analyzing insert size distribution for orientation FF...
[M::mem_pestat] (25, 50, 75) percentile: (324, 515, 686)
[M::mem_pestat] low and high boundaries for computing mean and std.dev: (1, 1410)
[M::mem_pestat] mean and std.dev: (488.28, 287.48)
[M::mem_pestat] low and high boundaries for proper pairs: (1, 1772)
[M::mem_pestat] analyzing insert size distribution for orientation FR...
[M::mem_pestat] (25, 50, 75) percentile: (295, 387, 493)
[M::mem_pestat] low and high boundaries for computing mean and std.dev: (1, 889)
[M::mem_pestat] mean and std.dev: (400.84, 147.64)
[M::mem_pestat] low and high boundaries for proper pairs: (1, 1087)
[M::mem_pestat] analyzing insert size distribution for orientation RF...
[M::mem_pestat] (25, 50, 75) percentile: (119, 417, 3015)
[M::mem_pestat] low and high boundaries for computing mean and std.dev: (1, 8807)
[M::mem_pestat] mean and std.dev: (1449.09, 1952.79)
[M::mem_pestat] low and high boundaries for proper pairs: (1, 11703)
[M::mem_pestat] analyzing insert size distribution for orientation RR...
[M::mem_pestat] (25, 50, 75) percentile: (264, 386, 967)
[M::mem_pestat] low and high boundaries for computing mean and std.dev: (1, 2373)
[M::mem_pestat] mean and std.dev: (378.82, 286.34)
[M::mem_pestat] low and high boundaries for proper pairs: (1, 3076)
[M::mem_pestat] skip orientation FF
[M::mem_pestat] skip orientation RF
[M::mem_pestat] skip orientation RR
[M::process] read 1473114 sequences (200000237 bp)...
[M::mem_process_seqs] Processed 1482652 reads in 452.754 CPU sec, 49.130 real sec
[M::mem_pestat] # candidate unique pairs for (FF, FR, RF, RR): (46, 563700, 108, 34)
[M::mem_pestat] analyzing insert size distribution for orientation FF...
[M::mem_pestat] (25, 50, 75) percentile: (349, 464, 939)
[M::mem_pestat] low and high boundaries for computing mean and std.dev: (1, 2119)
[M::mem_pestat] mean and std.dev: (546.60, 417.95)
[M::mem_pestat] low and high boundaries for proper pairs: (1, 2709)
[M::mem_pestat] analyzing insert size distribution for orientation FR...
[M::mem_pestat] (25, 50, 75) percentile: (299, 394, 508)
[M::mem_pestat] low and high boundaries for computing mean and std.dev: (1, 926)
[M::mem_pestat] mean and std.dev: (411.08, 157.45)
[M::mem_pestat] low and high boundaries for proper pairs: (1, 1135)
[M::mem_pestat] analyzing insert size distribution for orientation RF...
[M::mem_pestat] (25, 50, 75) percentile: (205, 884, 3118)
[M::mem_pestat] low and high boundaries for computing mean and std.dev: (1, 8944)
[M::mem_pestat] mean and std.dev: (2045.25, 2382.11)
[M::mem_pestat] low and high boundaries for proper pairs: (1, 11857)
[M::mem_pestat] analyzing insert size distribution for orientation RR...
[M::mem_pestat] (25, 50, 75) percentile: (240, 479, 1748)
[M::mem_pestat] low and high boundaries for computing mean and std.dev: (1, 4764)
[M::mem_pestat] mean and std.dev: (810.29, 1013.69)
[M::mem_pestat] low and high boundaries for proper pairs: (1, 6272)
[M::mem_pestat] skip orientation FF
[M::mem_pestat] skip orientation RF
[M::mem_pestat] skip orientation RR
[M::process] read 1473258 sequences (200000157 bp)...
[M::mem_process_seqs] Processed 1473114 reads in 443.984 CPU sec, 48.257 real sec
[M::mem_pestat] # candidate unique pairs for (FF, FR, RF, RR): (31, 563097, 107, 29)
[M::mem_pestat] analyzing insert size distribution for orientation FF...
[M::mem_pestat] (25, 50, 75) percentile: (307, 503, 860)
[M::mem_pestat] low and high boundaries for computing mean and std.dev: (1, 1966)
[M::mem_pestat] mean and std.dev: (530.22, 336.08)
[M::mem_pestat] low and high boundaries for proper pairs: (1, 2519)
[M::mem_pestat] analyzing insert size distribution for orientation FR...
[M::mem_pestat] (25, 50, 75) percentile: (301, 396, 511)
[M::mem_pestat] low and high boundaries for computing mean and std.dev: (1, 931)
[M::mem_pestat] mean and std.dev: (413.64, 158.34)
[M::mem_pestat] low and high boundaries for proper pairs: (1, 1141)
[M::mem_pestat] analyzing insert size distribution for orientation RF...
[M::mem_pestat] (25, 50, 75) percentile: (151, 618, 2450)
[M::mem_pestat] low and high boundaries for computing mean and std.dev: (1, 7048)
[M::mem_pestat] mean and std.dev: (1328.14, 1836.56)
[M::mem_pestat] low and high boundaries for proper pairs: (1, 9347)
[M::mem_pestat] analyzing insert size distribution for orientation RR...
[M::mem_pestat] (25, 50, 75) percentile: (274, 397, 646)
[M::mem_pestat] low and high boundaries for computing mean and std.dev: (1, 1390)
[M::mem_pestat] mean and std.dev: (421.40, 316.13)
[M::mem_pestat] low and high boundaries for proper pairs: (1, 1762)
[M::mem_pestat] skip orientation FF
[M::mem_pestat] skip orientation RF
[M::mem_pestat] skip orientation RR
[M::process] read 1475016 sequences (200000069 bp)...
[M::mem_process_seqs] Processed 1473258 reads in 450.788 CPU sec, 48.887 real sec
[M::mem_pestat] # candidate unique pairs for (FF, FR, RF, RR): (41, 562971, 109, 34)
[M::mem_pestat] analyzing insert size distribution for orientation FF...
[M::mem_pestat] (25, 50, 75) percentile: (280, 451, 783)
[M::mem_pestat] low and high boundaries for computing mean and std.dev: (1, 1789)
[M::mem_pestat] mean and std.dev: (455.09, 244.49)
[M::mem_pestat] low and high boundaries for proper pairs: (1, 2292)
[M::mem_pestat] analyzing insert size distribution for orientation FR...
[M::mem_pestat] (25, 50, 75) percentile: (300, 394, 507)
[M::mem_pestat] low and high boundaries for computing mean and std.dev: (1, 921)
[M::mem_pestat] mean and std.dev: (411.01, 156.13)
[M::mem_pestat] low and high boundaries for proper pairs: (1, 1128)
[M::mem_pestat] analyzing insert size distribution for orientation RF...
[M::mem_pestat] (25, 50, 75) percentile: (302, 928, 4433)
[M::mem_pestat] low and high boundaries for computing mean and std.dev: (1, 12695)
[M::mem_pestat] mean and std.dev: (2434.43, 2715.77)
[M::mem_pestat] low and high boundaries for proper pairs: (1, 16826)
[M::mem_pestat] analyzing insert size distribution for orientation RR...
[M::mem_pestat] (25, 50, 75) percentile: (192, 336, 510)
[M::mem_pestat] low and high boundaries for computing mean and std.dev: (1, 1146)
[M::mem_pestat] mean and std.dev: (300.04, 183.50)
[M::mem_pestat] low and high boundaries for proper pairs: (1, 1464)
[M::mem_pestat] skip orientation FF
[M::mem_pestat] skip orientation RF
[M::mem_pestat] skip orientation RR
[M::process] read 1479058 sequences (200000181 bp)...
[M::mem_process_seqs] Processed 1475016 reads in 441.901 CPU sec, 48.032 real sec
[M::mem_pestat] # candidate unique pairs for (FF, FR, RF, RR): (49, 562049, 120, 24)
[M::mem_pestat] analyzing insert size distribution for orientation FF...
[M::mem_pestat] (25, 50, 75) percentile: (286, 516, 748)
[M::mem_pestat] low and high boundaries for computing mean and std.dev: (1, 1672)
[M::mem_pestat] mean and std.dev: (508.64, 284.74)
[M::mem_pestat] low and high boundaries for proper pairs: (1, 2134)
[M::mem_pestat] analyzing insert size distribution for orientation FR...
[M::mem_pestat] (25, 50, 75) percentile: (296, 390, 500)
[M::mem_pestat] low and high boundaries for computing mean and std.dev: (1, 908)
[M::mem_pestat] mean and std.dev: (405.44, 152.00)
[M::mem_pestat] low and high boundaries for proper pairs: (1, 1112)
[M::mem_pestat] analyzing insert size distribution for orientation RF...
[M::mem_pestat] (25, 50, 75) percentile: (108, 675, 3122)
[M::mem_pestat] low and high boundaries for computing mean and std.dev: (1, 9150)
[M::mem_pestat] mean and std.dev: (1739.19, 2251.74)
[M::mem_pestat] low and high boundaries for proper pairs: (1, 12164)
[M::mem_pestat] analyzing insert size distribution for orientation RR...
[M::mem_pestat] (25, 50, 75) percentile: (180, 383, 1134)
[M::mem_pestat] low and high boundaries for computing mean and std.dev: (1, 3042)
[M::mem_pestat] mean and std.dev: (438.38, 359.93)
[M::mem_pestat] low and high boundaries for proper pairs: (1, 3996)
[M::mem_pestat] skip orientation FF
[M::mem_pestat] skip orientation RF
[M::mem_pestat] skip orientation RR
[M::process] read 1479572 sequences (200000183 bp)...
[M::mem_process_seqs] Processed 1479058 reads in 449.034 CPU sec, 48.706 real sec
[M::mem_pestat] # candidate unique pairs for (FF, FR, RF, RR): (30, 564524, 99, 29)
[M::mem_pestat] analyzing insert size distribution for orientation FF...
[M::mem_pestat] (25, 50, 75) percentile: (224, 525, 902)
[M::mem_pestat] low and high boundaries for computing mean and std.dev: (1, 2258)
[M::mem_pestat] mean and std.dev: (479.77, 327.94)
[M::mem_pestat] low and high boundaries for proper pairs: (1, 2936)
[M::mem_pestat] analyzing insert size distribution for orientation FR...
[M::mem_pestat] (25, 50, 75) percentile: (293, 385, 493)
[M::mem_pestat] low and high boundaries for computing mean and std.dev: (1, 893)
[M::mem_pestat] mean and std.dev: (400.28, 149.98)
[M::mem_pestat] low and high boundaries for proper pairs: (1, 1093)
[M::mem_pestat] analyzing insert size distribution for orientation RF...
[M::mem_pestat] (25, 50, 75) percentile: (190, 1052, 4318)
[M::mem_pestat] low and high boundaries for computing mean and std.dev: (1, 12574)
[M::mem_pestat] mean and std.dev: (2428.84, 2880.75)
[M::mem_pestat] low and high boundaries for proper pairs: (1, 16702)
[M::mem_pestat] analyzing insert size distribution for orientation RR...
[M::mem_pestat] (25, 50, 75) percentile: (160, 374, 2319)
[M::mem_pestat] low and high boundaries for computing mean and std.dev: (1, 6637)
[M::mem_pestat] mean and std.dev: (894.63, 1212.00)
[M::mem_pestat] low and high boundaries for proper pairs: (1, 8796)
[M::mem_pestat] skip orientation FF
[M::mem_pestat] skip orientation RF
[M::mem_pestat] skip orientation RR
[M::process] read 1474930 sequences (200000056 bp)...
[M::mem_process_seqs] Processed 1479572 reads in 439.133 CPU sec, 47.734 real sec
[M::mem_pestat] # candidate unique pairs for (FF, FR, RF, RR): (33, 564795, 114, 34)
[M::mem_pestat] analyzing insert size distribution for orientation FF...
[M::mem_pestat] (25, 50, 75) percentile: (296, 401, 722)
[M::mem_pestat] low and high boundaries for computing mean and std.dev: (1, 1574)
[M::mem_pestat] mean and std.dev: (397.07, 209.59)
[M::mem_pestat] low and high boundaries for proper pairs: (1, 2000)
[M::mem_pestat] analyzing insert size distribution for orientation FR...
[M::mem_pestat] (25, 50, 75) percentile: (297, 391, 503)
[M::mem_pestat] low and high boundaries for computing mean and std.dev: (1, 915)
[M::mem_pestat] mean and std.dev: (407.62, 154.81)
[M::mem_pestat] low and high boundaries for proper pairs: (1, 1121)
[M::mem_pestat] analyzing insert size distribution for orientation RF...
[M::mem_pestat] (25, 50, 75) percentile: (197, 929, 3243)
[M::mem_pestat] low and high boundaries for computing mean and std.dev: (1, 9335)
[M::mem_pestat] mean and std.dev: (1940.38, 2390.88)
[M::mem_pestat] low and high boundaries for proper pairs: (1, 12381)
[M::mem_pestat] analyzing insert size distribution for orientation RR...
[M::mem_pestat] (25, 50, 75) percentile: (206, 429, 2722)
[M::mem_pestat] low and high boundaries for computing mean and std.dev: (1, 7754)
[M::mem_pestat] mean and std.dev: (1308.88, 1659.26)
[M::mem_pestat] low and high boundaries for proper pairs: (1, 10270)
[M::mem_pestat] skip orientation FF
[M::mem_pestat] skip orientation RF
[M::mem_pestat] skip orientation RR
[M::mem_process_seqs] Processed 1474930 reads in 456.590 CPU sec, 72.416 real sec
[M::process] read 1480526 sequences (200000157 bp)...
[M::process] read 1487494 sequences (200000243 bp)...
[M::mem_pestat] # candidate unique pairs for (FF, FR, RF, RR): (40, 564267, 113, 32)
[M::mem_pestat] analyzing insert size distribution for orientation FF...
[M::mem_pestat] (25, 50, 75) percentile: (307, 474, 567)
[M::mem_pestat] low and high boundaries for computing mean and std.dev: (1, 1087)
[M::mem_pestat] mean and std.dev: (419.47, 194.64)
[M::mem_pestat] low and high boundaries for proper pairs: (1, 1347)
[M::mem_pestat] analyzing insert size distribution for orientation FR...
[M::mem_pestat] (25, 50, 75) percentile: (298, 391, 502)
[M::mem_pestat] low and high boundaries for computing mean and std.dev: (1, 910)
[M::mem_pestat] mean and std.dev: (406.93, 153.04)
[M::mem_pestat] low and high boundaries for proper pairs: (1, 1114)
[M::mem_pestat] analyzing insert size distribution for orientation RF...
[M::mem_pestat] (25, 50, 75) percentile: (109, 635, 3144)
[M::mem_pestat] low and high boundaries for computing mean and std.dev: (1, 9214)
[M::mem_pestat] mean and std.dev: (1890.60, 2408.14)
[M::mem_pestat] low and high boundaries for proper pairs: (1, 12249)
[M::mem_pestat] analyzing insert size distribution for orientation RR...
[M::mem_pestat] (25, 50, 75) percentile: (210, 348, 920)
[M::mem_pestat] low and high boundaries for computing mean and std.dev: (1, 2340)
[M::mem_pestat] mean and std.dev: (396.21, 313.54)
[M::mem_pestat] low and high boundaries for proper pairs: (1, 3050)
[M::mem_pestat] skip orientation FF
[M::mem_pestat] skip orientation RF
[M::mem_pestat] skip orientation RR
[M::mem_process_seqs] Processed 1480526 reads in 448.772 CPU sec, 47.003 real sec
[M::mem_pestat] # candidate unique pairs for (FF, FR, RF, RR): (42, 564086, 115, 22)
[M::mem_pestat] analyzing insert size distribution for orientation FF...
[M::mem_pestat] (25, 50, 75) percentile: (276, 466, 637)
[M::mem_pestat] low and high boundaries for computing mean and std.dev: (1, 1359)
[M::mem_pestat] mean and std.dev: (448.62, 242.92)
[M::mem_pestat] low and high boundaries for proper pairs: (1, 1720)
[M::mem_pestat] analyzing insert size distribution for orientation FR...
[M::mem_pestat] (25, 50, 75) percentile: (295, 387, 494)
[M::mem_pestat] low and high boundaries for computing mean and std.dev: (1, 892)
[M::mem_pestat] mean and std.dev: (400.95, 147.84)
[M::mem_pestat] low and high boundaries for proper pairs: (1, 1091)
[M::mem_pestat] analyzing insert size distribution for orientation RF...
[M::mem_pestat] (25, 50, 75) percentile: (143, 581, 3956)
[M::mem_pestat] low and high boundaries for computing mean and std.dev: (1, 11582)
[M::mem_pestat] mean and std.dev: (2047.81, 2695.72)
[M::mem_pestat] low and high boundaries for proper pairs: (1, 15395)
[M::mem_pestat] analyzing insert size distribution for orientation RR...
[M::mem_pestat] (25, 50, 75) percentile: (100, 260, 394)
[M::mem_pestat] low and high boundaries for computing mean and std.dev: (1, 982)
[M::mem_pestat] mean and std.dev: (222.47, 139.83)
[M::mem_pestat] low and high boundaries for proper pairs: (1, 1276)
[M::mem_pestat] skip orientation FF
[M::mem_pestat] skip orientation RF
[M::mem_pestat] skip orientation RR
[M::process] read 1488722 sequences (200000090 bp)...
[M::mem_process_seqs] Processed 1487494 reads in 464.286 CPU sec, 50.253 real sec
[M::mem_pestat] # candidate unique pairs for (FF, FR, RF, RR): (38, 566721, 101, 34)
[M::mem_pestat] analyzing insert size distribution for orientation FF...
[M::mem_pestat] (25, 50, 75) percentile: (411, 554, 835)
[M::mem_pestat] low and high boundaries for computing mean and std.dev: (1, 1683)
[M::mem_pestat] mean and std.dev: (525.39, 246.85)
[M::mem_pestat] low and high boundaries for proper pairs: (1, 2107)
[M::mem_pestat] analyzing insert size distribution for orientation FR...
[M::mem_pestat] (25, 50, 75) percentile: (289, 379, 483)
[M::mem_pestat] low and high boundaries for computing mean and std.dev: (1, 871)
[M::mem_pestat] mean and std.dev: (392.53, 144.37)
[M::mem_pestat] low and high boundaries for proper pairs: (1, 1065)
[M::mem_pestat] analyzing insert size distribution for orientation RF...
[M::mem_pestat] (25, 50, 75) percentile: (223, 1265, 3494)
[M::mem_pestat] low and high boundaries for computing mean and std.dev: (1, 10036)
[M::mem_pestat] mean and std.dev: (1951.10, 2047.52)
[M::mem_pestat] low and high boundaries for proper pairs: (1, 13307)
[M::mem_pestat] analyzing insert size distribution for orientation RR...
[M::mem_pestat] (25, 50, 75) percentile: (161, 367, 692)
[M::mem_pestat] low and high boundaries for computing mean and std.dev: (1, 1754)
[M::mem_pestat] mean and std.dev: (402.90, 354.93)
[M::mem_pestat] low and high boundaries for proper pairs: (1, 2285)
[M::mem_pestat] skip orientation FF
[M::mem_pestat] skip orientation RF
[M::mem_pestat] skip orientation RR
[M::process] read 1483476 sequences (200000074 bp)...
[M::mem_process_seqs] Processed 1488722 reads in 442.630 CPU sec, 48.154 real sec
[M::mem_pestat] # candidate unique pairs for (FF, FR, RF, RR): (35, 567459, 109, 24)
[M::mem_pestat] analyzing insert size distribution for orientation FF...
[M::mem_pestat] (25, 50, 75) percentile: (307, 438, 690)
[M::mem_pestat] low and high boundaries for computing mean and std.dev: (1, 1456)
[M::mem_pestat] mean and std.dev: (462.27, 257.78)
[M::mem_pestat] low and high boundaries for proper pairs: (1, 1839)
[M::mem_pestat] analyzing insert size distribution for orientation FR...
[M::mem_pestat] (25, 50, 75) percentile: (294, 386, 494)
[M::mem_pestat] low and high boundaries for computing mean and std.dev: (1, 894)
[M::mem_pestat] mean and std.dev: (400.95, 149.88)
[M::mem_pestat] low and high boundaries for proper pairs: (1, 1094)
[M::mem_pestat] analyzing insert size distribution for orientation RF...
[M::mem_pestat] (25, 50, 75) percentile: (116, 538, 3812)
[M::mem_pestat] low and high boundaries for computing mean and std.dev: (1, 11204)
[M::mem_pestat] mean and std.dev: (1740.77, 2288.69)
[M::mem_pestat] low and high boundaries for proper pairs: (1, 14900)
[M::mem_pestat] analyzing insert size distribution for orientation RR...
[M::mem_pestat] (25, 50, 75) percentile: (254, 340, 737)
[M::mem_pestat] low and high boundaries for computing mean and std.dev: (1, 1703)
[M::mem_pestat] mean and std.dev: (455.00, 343.65)
[M::mem_pestat] low and high boundaries for proper pairs: (1, 2186)
[M::mem_pestat] skip orientation FF
[M::mem_pestat] skip orientation RF
[M::mem_pestat] skip orientation RR
[M::process] read 1490542 sequences (200000030 bp)...
[M::mem_process_seqs] Processed 1483476 reads in 443.769 CPU sec, 48.357 real sec
[M::mem_pestat] # candidate unique pairs for (FF, FR, RF, RR): (57, 566534, 117, 37)
[M::mem_pestat] analyzing insert size distribution for orientation FF...
[M::mem_pestat] (25, 50, 75) percentile: (328, 596, 955)
[M::mem_pestat] low and high boundaries for computing mean and std.dev: (1, 2209)
[M::mem_pestat] mean and std.dev: (563.04, 379.39)
[M::mem_pestat] low and high boundaries for proper pairs: (1, 2836)
[M::mem_pestat] analyzing insert size distribution for orientation FR...
[M::mem_pestat] (25, 50, 75) percentile: (294, 385, 491)
[M::mem_pestat] low and high boundaries for computing mean and std.dev: (1, 885)
[M::mem_pestat] mean and std.dev: (398.92, 146.95)
[M::mem_pestat] low and high boundaries for proper pairs: (1, 1082)
[M::mem_pestat] analyzing insert size distribution for orientation RF...
[M::mem_pestat] (25, 50, 75) percentile: (179, 823, 4556)
[M::mem_pestat] low and high boundaries for computing mean and std.dev: (1, 13310)
[M::mem_pestat] mean and std.dev: (2373.09, 2753.70)
[M::mem_pestat] low and high boundaries for proper pairs: (1, 17687)
[M::mem_pestat] analyzing insert size distribution for orientation RR...
[M::mem_pestat] (25, 50, 75) percentile: (213, 331, 1168)
[M::mem_pestat] low and high boundaries for computing mean and std.dev: (1, 3078)
[M::mem_pestat] mean and std.dev: (651.89, 754.13)
[M::mem_pestat] low and high boundaries for proper pairs: (1, 4033)
[M::mem_pestat] skip orientation FF
[M::mem_pestat] skip orientation RF
[M::mem_pestat] skip orientation RR
[M::process] read 1493794 sequences (200000206 bp)...
[M::mem_process_seqs] Processed 1490542 reads in 446.589 CPU sec, 48.559 real sec
[M::mem_pestat] # candidate unique pairs for (FF, FR, RF, RR): (54, 565059, 124, 36)
[M::mem_pestat] analyzing insert size distribution for orientation FF...
[M::mem_pestat] (25, 50, 75) percentile: (270, 440, 797)
[M::mem_pestat] low and high boundaries for computing mean and std.dev: (1, 1851)
[M::mem_pestat] mean and std.dev: (411.73, 237.11)
[M::mem_pestat] low and high boundaries for proper pairs: (1, 2378)
[M::mem_pestat] analyzing insert size distribution for orientation FR...
[M::mem_pestat] (25, 50, 75) percentile: (292, 383, 487)
[M::mem_pestat] low and high boundaries for computing mean and std.dev: (1, 877)
[M::mem_pestat] mean and std.dev: (395.80, 144.12)
[M::mem_pestat] low and high boundaries for proper pairs: (1, 1072)
[M::mem_pestat] analyzing insert size distribution for orientation RF...
[M::mem_pestat] (25, 50, 75) percentile: (106, 660, 2437)
[M::mem_pestat] low and high boundaries for computing mean and std.dev: (1, 7099)
[M::mem_pestat] mean and std.dev: (1271.32, 1770.40)
[M::mem_pestat] low and high boundaries for proper pairs: (1, 9430)
[M::mem_pestat] analyzing insert size distribution for orientation RR...
[M::mem_pestat] (25, 50, 75) percentile: (207, 346, 562)
[M::mem_pestat] low and high boundaries for computing mean and std.dev: (1, 1272)
[M::mem_pestat] mean and std.dev: (353.19, 248.36)
[M::mem_pestat] low and high boundaries for proper pairs: (1, 1627)
[M::mem_pestat] skip orientation FF
[M::mem_pestat] skip orientation RF
[M::mem_pestat] skip orientation RR
[M::process] read 1497542 sequences (200000122 bp)...
[M::mem_process_seqs] Processed 1493794 reads in 452.594 CPU sec, 49.200 real sec
[M::mem_pestat] # candidate unique pairs for (FF, FR, RF, RR): (35, 566292, 118, 26)
[M::mem_pestat] analyzing insert size distribution for orientation FF...
[M::mem_pestat] (25, 50, 75) percentile: (311, 459, 720)
[M::mem_pestat] low and high boundaries for computing mean and std.dev: (1, 1538)
[M::mem_pestat] mean and std.dev: (468.30, 266.86)
[M::mem_pestat] low and high boundaries for proper pairs: (1, 1947)
[M::mem_pestat] analyzing insert size distribution for orientation FR...
[M::mem_pestat] (25, 50, 75) percentile: (290, 381, 484)
[M::mem_pestat] low and high boundaries for computing mean and std.dev: (1, 872)
[M::mem_pestat] mean and std.dev: (393.53, 144.44)
[M::mem_pestat] low and high boundaries for proper pairs: (1, 1066)
[M::mem_pestat] analyzing insert size distribution for orientation RF...
[M::mem_pestat] (25, 50, 75) percentile: (92, 433, 1426)
[M::mem_pestat] low and high boundaries for computing mean and std.dev: (1, 4094)
[M::mem_pestat] mean and std.dev: (810.44, 1110.62)
[M::mem_pestat] low and high boundaries for proper pairs: (1, 5428)
[M::mem_pestat] analyzing insert size distribution for orientation RR...
[M::mem_pestat] (25, 50, 75) percentile: (170, 277, 393)
[M::mem_pestat] low and high boundaries for computing mean and std.dev: (1, 839)
[M::mem_pestat] mean and std.dev: (257.09, 143.37)
[M::mem_pestat] low and high boundaries for proper pairs: (1, 1062)
[M::mem_pestat] skip orientation FF
[M::mem_pestat] skip orientation RF
[M::mem_pestat] skip orientation RR
[M::process] read 1490232 sequences (200000209 bp)...
[M::mem_process_seqs] Processed 1497542 reads in 480.550 CPU sec, 52.020 real sec
[M::process] read 1497734 sequences (200000269 bp)...
[M::mem_pestat] # candidate unique pairs for (FF, FR, RF, RR): (38, 565142, 108, 31)
[M::mem_pestat] analyzing insert size distribution for orientation FF...
[M::mem_pestat] (25, 50, 75) percentile: (305, 550, 2272)
[M::mem_pestat] low and high boundaries for computing mean and std.dev: (1, 6206)
[M::mem_pestat] mean and std.dev: (1180.33, 1349.58)
[M::mem_pestat] low and high boundaries for proper pairs: (1, 8173)
[M::mem_pestat] analyzing insert size distribution for orientation FR...
[M::mem_pestat] (25, 50, 75) percentile: (296, 388, 496)
[M::mem_pestat] low and high boundaries for computing mean and std.dev: (1, 896)
[M::mem_pestat] mean and std.dev: (402.95, 150.40)
[M::mem_pestat] low and high boundaries for proper pairs: (1, 1096)
[M::mem_pestat] analyzing insert size distribution for orientation RF...
[M::mem_pestat] (25, 50, 75) percentile: (166, 708, 3896)
[M::mem_pestat] low and high boundaries for computing mean and std.dev: (1, 11356)
[M::mem_pestat] mean and std.dev: (2164.64, 2657.72)
[M::mem_pestat] low and high boundaries for proper pairs: (1, 15086)
[M::mem_pestat] analyzing insert size distribution for orientation RR...
[M::mem_pestat] (25, 50, 75) percentile: (159, 332, 715)
[M::mem_pestat] low and high boundaries for computing mean and std.dev: (1, 1827)
[M::mem_pestat] mean and std.dev: (322.42, 253.17)
[M::mem_pestat] low and high boundaries for proper pairs: (1, 2383)
[M::mem_pestat] skip orientation FF
[M::mem_pestat] skip orientation RF
[M::mem_pestat] skip orientation RR
[M::mem_process_seqs] Processed 1490232 reads in 510.142 CPU sec, 54.982 real sec
[M::mem_pestat] # candidate unique pairs for (FF, FR, RF, RR): (45, 566572, 126, 24)
[M::mem_pestat] analyzing insert size distribution for orientation FF...
[M::mem_pestat] (25, 50, 75) percentile: (253, 413, 782)
[M::mem_pestat] low and high boundaries for computing mean and std.dev: (1, 1840)
[M::mem_pestat] mean and std.dev: (403.05, 275.44)
[M::mem_pestat] low and high boundaries for proper pairs: (1, 2369)
[M::mem_pestat] analyzing insert size distribution for orientation FR...
[M::mem_pestat] (25, 50, 75) percentile: (296, 388, 496)
[M::mem_pestat] low and high boundaries for computing mean and std.dev: (1, 896)
[M::mem_pestat] mean and std.dev: (402.45, 149.08)
[M::mem_pestat] low and high boundaries for proper pairs: (1, 1096)
[M::mem_pestat] analyzing insert size distribution for orientation RF...
[M::mem_pestat] (25, 50, 75) percentile: (143, 750, 3251)
[M::mem_pestat] low and high boundaries for computing mean and std.dev: (1, 9467)
[M::mem_pestat] mean and std.dev: (1909.15, 2439.78)
[M::mem_pestat] low and high boundaries for proper pairs: (1, 12575)
[M::mem_pestat] analyzing insert size distribution for orientation RR...
[M::mem_pestat] (25, 50, 75) percentile: (186, 310, 886)
[M::mem_pestat] low and high boundaries for computing mean and std.dev: (1, 2286)
[M::mem_pestat] mean and std.dev: (398.95, 394.60)
[M::mem_pestat] low and high boundaries for proper pairs: (1, 2986)
[M::mem_pestat] skip orientation FF
[M::mem_pestat] skip orientation RF
[M::mem_pestat] skip orientation RR
[M::process] read 1493636 sequences (200000228 bp)...
[M::mem_process_seqs] Processed 1497734 reads in 504.345 CPU sec, 54.579 real sec
[M::mem_pestat] # candidate unique pairs for (FF, FR, RF, RR): (46, 564547, 126, 25)
[M::mem_pestat] analyzing insert size distribution for orientation FF...
[M::mem_pestat] (25, 50, 75) percentile: (337, 641, 960)
[M::mem_pestat] low and high boundaries for computing mean and std.dev: (1, 2206)
[M::mem_pestat] mean and std.dev: (594.02, 390.32)
[M::mem_pestat] low and high boundaries for proper pairs: (1, 2829)
[M::mem_pestat] analyzing insert size distribution for orientation FR...
[M::mem_pestat] (25, 50, 75) percentile: (293, 385, 490)
[M::mem_pestat] low and high boundaries for computing mean and std.dev: (1, 884)
[M::mem_pestat] mean and std.dev: (398.05, 145.54)
[M::mem_pestat] low and high boundaries for proper pairs: (1, 1081)
[M::mem_pestat] analyzing insert size distribution for orientation RF...
[M::mem_pestat] (25, 50, 75) percentile: (176, 720, 3455)
[M::mem_pestat] low and high boundaries for computing mean and std.dev: (1, 10013)
[M::mem_pestat] mean and std.dev: (2015.37, 2478.85)
[M::mem_pestat] low and high boundaries for proper pairs: (1, 13292)
[M::mem_pestat] analyzing insert size distribution for orientation RR...
[M::mem_pestat] (25, 50, 75) percentile: (274, 361, 1175)
[M::mem_pestat] low and high boundaries for computing mean and std.dev: (1, 2977)
[M::mem_pestat] mean and std.dev: (541.35, 407.89)
[M::mem_pestat] low and high boundaries for proper pairs: (1, 3878)
[M::mem_pestat] skip orientation FF
[M::mem_pestat] skip orientation RF
[M::mem_pestat] skip orientation RR
[M::mem_process_seqs] Processed 1493636 reads in 467.123 CPU sec, 75.739 real sec
[M::process] read 740456 sequences (99142682 bp)...
[M::mem_pestat] # candidate unique pairs for (FF, FR, RF, RR): (27, 279032, 59, 11)
[M::mem_pestat] analyzing insert size distribution for orientation FF...
[M::mem_pestat] (25, 50, 75) percentile: (313, 387, 627)
[M::mem_pestat] low and high boundaries for computing mean and std.dev: (1, 1255)
[M::mem_pestat] mean and std.dev: (397.91, 227.66)
[M::mem_pestat] low and high boundaries for proper pairs: (1, 1569)
[M::mem_pestat] analyzing insert size distribution for orientation FR...
[M::mem_pestat] (25, 50, 75) percentile: (290, 381, 482)
[M::mem_pestat] low and high boundaries for computing mean and std.dev: (1, 866)
[M::mem_pestat] mean and std.dev: (391.71, 141.14)
[M::mem_pestat] low and high boundaries for proper pairs: (1, 1058)
[M::mem_pestat] analyzing insert size distribution for orientation RF...
[M::mem_pestat] (25, 50, 75) percentile: (144, 815, 4512)
[M::mem_pestat] low and high boundaries for computing mean and std.dev: (1, 13248)
[M::mem_pestat] mean and std.dev: (2342.39, 2831.67)
[M::mem_pestat] low and high boundaries for proper pairs: (1, 17616)
[M::mem_pestat] analyzing insert size distribution for orientation RR...
[M::mem_pestat] (25, 50, 75) percentile: (100, 149, 493)
[M::mem_pestat] low and high boundaries for computing mean and std.dev: (1, 1279)
[M::mem_pestat] mean and std.dev: (249.40, 200.64)
[M::mem_pestat] low and high boundaries for proper pairs: (1, 1672)
[M::mem_pestat] skip orientation FF
[M::mem_pestat] skip orientation RF
[M::mem_pestat] skip orientation RR
[M::mem_process_seqs] Processed 740456 reads in 222.060 CPU sec, 25.022 real sec
[main] Version: 0.7.17-r1188
samblaster: Marked 2897498 of 37386842 (7.75%) read ids as duplicates[main] CMD: using 846516k memory in  bwa1M mem28S -t(87.694S) 20 CPU seconds and  -R47M @RG\tID:WK_CL_19T_034\tPL:ILLUMINA\tPU:HJMFJDSX7.3\tSM:WK_CL_19T_034\tCN:MCGILL\tBC:ACGGTCAGGA-AACGAGGCCG0S /storage/scratch/iee/dj20y461/Stickleback/G_aculeatus/FITNESS//data/ref_A_X/stickleback_v5_assembly_A_X.fasta(2820S) /storage/scratch/iee/dj20y461/Stickleback/G_aculeatus/FITNESS//data/trimmed/WK_CL_19T_034.R1.trimmed.fastq.gz wall time.
 /storage/scratch/iee/dj20y461/Stickleback/G_aculeatus/FITNESS//data/trimmed/WK_CL_19T_034.R2.trimmed.fastq.gz
[main] Real time: 2820.043 sec; CPU: 23141.538 sec
[bam_sort_core] merging from 20 files and 20 in-memory blocks...
