samblaster: Version 0.1.24
samblaster: Inputting from stdin
samblaster: Outputting to stdout
[M::bwa_idx_load_from_disk] read 0 ALT contigs
[M::process] read 1472700 sequences (200000057 bp)...
[M::mem_pestat] # candidate unique pairs for (FF, FR, RF, RR): (618, 558752, 128, 221)
[M::mem_pestat] analyzing insert size distribution for orientation FF...
[M::mem_pestat] (25, 50, 75) percentile: (370, 559, 833)
[M::mem_pestat] low and high boundaries for computing mean and std.dev: (1, 1759)
[M::mem_pestat] mean and std.dev: (592.67, 329.31)
[M::mem_pestat] low and high boundaries for proper pairs: (1, 2222)
[M::mem_pestat] analyzing insert size distribution for orientation FR...
[M::mem_pestat] (25, 50, 75) percentile: (313, 412, 532)
[M::mem_pestat] low and high boundaries for computing mean and std.dev: (1, 970)
[M::mem_pestat] mean and std.dev: (430.13, 162.84)
[M::mem_pestat] low and high boundaries for proper pairs: (1, 1189)
[M::mem_pestat] analyzing insert size distribution for orientation RF...
[M::mem_pestat] (25, 50, 75) percentile: (94, 517, 2410)
[M::mem_pestat] low and high boundaries for computing mean and std.dev: (1, 7042)
[M::mem_pestat] mean and std.dev: (1228.29, 1744.21)
[M::mem_pestat] low and high boundaries for proper pairs: (1, 9358)
[M::mem_pestat] analyzing insert size distribution for orientation RR...
[M::mem_pestat] (25, 50, 75) percentile: (300, 672, 1231)
[M::mem_pestat] low and high boundaries for computing mean and std.dev: (1, 3093)
[M::mem_pestat] mean and std.dev: (789.54, 653.24)
[M::mem_pestat] low and high boundaries for proper pairs: (1, 4024)
[M::mem_pestat] skip orientation FF
[M::mem_pestat] skip orientation RF
[M::mem_pestat] skip orientation RR
[M::mem_process_seqs] Processed 1472700 reads in 489.704 CPU sec, 118.469 real sec
samblaster: Loaded 23 header sequence entries.
[M::process] read 1477096 sequences (200000070 bp)...
[M::process] read 1475788 sequences (200000163 bp)...
[M::mem_pestat] # candidate unique pairs for (FF, FR, RF, RR): (611, 556547, 130, 238)
[M::mem_pestat] analyzing insert size distribution for orientation FF...
[M::mem_pestat] (25, 50, 75) percentile: (362, 545, 857)
[M::mem_pestat] low and high boundaries for computing mean and std.dev: (1, 1847)
[M::mem_pestat] mean and std.dev: (578.28, 331.52)
[M::mem_pestat] low and high boundaries for proper pairs: (1, 2342)
[M::mem_pestat] analyzing insert size distribution for orientation FR...
[M::mem_pestat] (25, 50, 75) percentile: (313, 412, 528)
[M::mem_pestat] low and high boundaries for computing mean and std.dev: (1, 958)
[M::mem_pestat] mean and std.dev: (427.42, 158.33)
[M::mem_pestat] low and high boundaries for proper pairs: (1, 1173)
[M::mem_pestat] analyzing insert size distribution for orientation RF...
[M::mem_pestat] (25, 50, 75) percentile: (117, 715, 3353)
[M::mem_pestat] low and high boundaries for computing mean and std.dev: (1, 9825)
[M::mem_pestat] mean and std.dev: (2005.90, 2529.84)
[M::mem_pestat] low and high boundaries for proper pairs: (1, 13061)
[M::mem_pestat] analyzing insert size distribution for orientation RR...
[M::mem_pestat] (25, 50, 75) percentile: (279, 623, 1217)
[M::mem_pestat] low and high boundaries for computing mean and std.dev: (1, 3093)
[M::mem_pestat] mean and std.dev: (809.09, 712.33)
[M::mem_pestat] low and high boundaries for proper pairs: (1, 4031)
[M::mem_pestat] skip orientation FF
[M::mem_pestat] skip orientation RF
[M::mem_pestat] skip orientation RR
[M::mem_process_seqs] Processed 1477096 reads in 462.074 CPU sec, 50.897 real sec
[M::process] read 1479522 sequences (200000205 bp)...
[M::mem_pestat] # candidate unique pairs for (FF, FR, RF, RR): (620, 558239, 159, 208)
[M::mem_pestat] analyzing insert size distribution for orientation FF...
[M::mem_pestat] (25, 50, 75) percentile: (364, 553, 837)
[M::mem_pestat] low and high boundaries for computing mean and std.dev: (1, 1783)
[M::mem_pestat] mean and std.dev: (595.45, 329.75)
[M::mem_pestat] low and high boundaries for proper pairs: (1, 2256)
[M::mem_pestat] analyzing insert size distribution for orientation FR...
[M::mem_pestat] (25, 50, 75) percentile: (315, 415, 534)
[M::mem_pestat] low and high boundaries for computing mean and std.dev: (1, 972)
[M::mem_pestat] mean and std.dev: (432.26, 162.32)
[M::mem_pestat] low and high boundaries for proper pairs: (1, 1191)
[M::mem_pestat] analyzing insert size distribution for orientation RF...
[M::mem_pestat] (25, 50, 75) percentile: (80, 533, 2600)
[M::mem_pestat] low and high boundaries for computing mean and std.dev: (1, 7640)
[M::mem_pestat] mean and std.dev: (1222.50, 1693.31)
[M::mem_pestat] low and high boundaries for proper pairs: (1, 10160)
[M::mem_pestat] analyzing insert size distribution for orientation RR...
[M::mem_pestat] (25, 50, 75) percentile: (320, 603, 1367)
[M::mem_pestat] low and high boundaries for computing mean and std.dev: (1, 3461)
[M::mem_pestat] mean and std.dev: (864.89, 743.05)
[M::mem_pestat] low and high boundaries for proper pairs: (1, 4508)
[M::mem_pestat] skip orientation FF
[M::mem_pestat] skip orientation RF
[M::mem_pestat] skip orientation RR
[M::mem_process_seqs] Processed 1475788 reads in 461.290 CPU sec, 51.424 real sec
[M::process] read 1477478 sequences (200000256 bp)...
[M::mem_pestat] # candidate unique pairs for (FF, FR, RF, RR): (615, 555758, 134, 219)
[M::mem_pestat] analyzing insert size distribution for orientation FF...
[M::mem_pestat] (25, 50, 75) percentile: (370, 543, 768)
[M::mem_pestat] low and high boundaries for computing mean and std.dev: (1, 1564)
[M::mem_pestat] mean and std.dev: (561.45, 291.57)
[M::mem_pestat] low and high boundaries for proper pairs: (1, 1962)
[M::mem_pestat] analyzing insert size distribution for orientation FR...
[M::mem_pestat] (25, 50, 75) percentile: (315, 414, 531)
[M::mem_pestat] low and high boundaries for computing mean and std.dev: (1, 963)
[M::mem_pestat] mean and std.dev: (429.89, 159.08)
[M::mem_pestat] low and high boundaries for proper pairs: (1, 1179)
[M::mem_pestat] analyzing insert size distribution for orientation RF...
[M::mem_pestat] (25, 50, 75) percentile: (137, 693, 2010)
[M::mem_pestat] low and high boundaries for computing mean and std.dev: (1, 5756)
[M::mem_pestat] mean and std.dev: (1088.52, 1422.99)
[M::mem_pestat] low and high boundaries for proper pairs: (1, 7629)
[M::mem_pestat] analyzing insert size distribution for orientation RR...
[M::mem_pestat] (25, 50, 75) percentile: (284, 587, 1278)
[M::mem_pestat] low and high boundaries for computing mean and std.dev: (1, 3266)
[M::mem_pestat] mean and std.dev: (784.81, 711.81)
[M::mem_pestat] low and high boundaries for proper pairs: (1, 4260)
[M::mem_pestat] skip orientation FF
[M::mem_pestat] skip orientation RF
[M::mem_pestat] skip orientation RR
[M::mem_process_seqs] Processed 1479522 reads in 464.993 CPU sec, 51.491 real sec
[M::mem_pestat] # candidate unique pairs for (FF, FR, RF, RR): (594, 557113, 164, 250)
[M::mem_pestat] analyzing insert size distribution for orientation FF...
[M::mem_pestat] (25, 50, 75) percentile: (365, 544, 817)
[M::mem_pestat] low and high boundaries for computing mean and std.dev: (1, 1721)
[M::mem_pestat] mean and std.dev: (599.41, 344.05)
[M::mem_pestat] low and high boundaries for proper pairs: (1, 2173)
[M::mem_pestat] analyzing insert size distribution for orientation FR...
[M::mem_pestat] (25, 50, 75) percentile: (313, 412, 530)
[M::mem_pestat] low and high boundaries for computing mean and std.dev: (1, 964)
[M::mem_pestat] mean and std.dev: (428.52, 160.56)
[M::mem_pestat] low and high boundaries for proper pairs: (1, 1181)
[M::mem_pestat] analyzing insert size distribution for orientation RF...
[M::mem_pestat] (25, 50, 75) percentile: (102, 512, 3604)
[M::mem_pestat] low and high boundaries for computing mean and std.dev: (1, 10608)
[M::mem_pestat] mean and std.dev: (2125.79, 2736.15)
[M::mem_pestat] low and high boundaries for proper pairs: (1, 14110)
[M::mem_pestat] analyzing insert size distribution for orientation RR...
[M::mem_pestat] (25, 50, 75) percentile: (282, 569, 1203)
[M::mem_pestat] low and high boundaries for computing mean and std.dev: (1, 3045)
[M::mem_pestat] mean and std.dev: (750.15, 666.54)
[M::mem_pestat] low and high boundaries for proper pairs: (1, 3966)
[M::mem_pestat] skip orientation FF
[M::mem_pestat] skip orientation RF
[M::mem_pestat] skip orientation RR
[M::process] read 1474684 sequences (200000157 bp)...
[M::mem_process_seqs] Processed 1477478 reads in 461.488 CPU sec, 50.800 real sec
[M::mem_pestat] # candidate unique pairs for (FF, FR, RF, RR): (669, 555684, 128, 219)
[M::mem_pestat] analyzing insert size distribution for orientation FF...
[M::mem_pestat] (25, 50, 75) percentile: (377, 556, 790)
[M::mem_pestat] low and high boundaries for computing mean and std.dev: (1, 1616)
[M::mem_pestat] mean and std.dev: (574.77, 300.67)
[M::mem_pestat] low and high boundaries for proper pairs: (1, 2029)
[M::mem_pestat] analyzing insert size distribution for orientation FR...
[M::mem_pestat] (25, 50, 75) percentile: (315, 416, 536)
[M::mem_pestat] low and high boundaries for computing mean and std.dev: (1, 978)
[M::mem_pestat] mean and std.dev: (432.87, 162.45)
[M::mem_pestat] low and high boundaries for proper pairs: (1, 1199)
[M::mem_pestat] analyzing insert size distribution for orientation RF...
[M::mem_pestat] (25, 50, 75) percentile: (70, 448, 3383)
[M::mem_pestat] low and high boundaries for computing mean and std.dev: (1, 10009)
[M::mem_pestat] mean and std.dev: (1787.34, 2471.05)
[M::mem_pestat] low and high boundaries for proper pairs: (1, 13322)
[M::mem_pestat] analyzing insert size distribution for orientation RR...
[M::mem_pestat] (25, 50, 75) percentile: (322, 670, 1206)
[M::mem_pestat] low and high boundaries for computing mean and std.dev: (1, 2974)
[M::mem_pestat] mean and std.dev: (801.78, 635.80)
[M::mem_pestat] low and high boundaries for proper pairs: (1, 3858)
[M::mem_pestat] skip orientation FF
[M::mem_pestat] skip orientation RF
[M::mem_pestat] skip orientation RR
[M::process] read 1478464 sequences (200000096 bp)...
[M::mem_process_seqs] Processed 1474684 reads in 464.258 CPU sec, 52.163 real sec
[M::mem_pestat] # candidate unique pairs for (FF, FR, RF, RR): (637, 555710, 144, 231)
[M::mem_pestat] analyzing insert size distribution for orientation FF...
[M::mem_pestat] (25, 50, 75) percentile: (364, 566, 812)
[M::mem_pestat] low and high boundaries for computing mean and std.dev: (1, 1708)
[M::mem_pestat] mean and std.dev: (583.88, 318.59)
[M::mem_pestat] low and high boundaries for proper pairs: (1, 2156)
[M::mem_pestat] analyzing insert size distribution for orientation FR...
[M::mem_pestat] (25, 50, 75) percentile: (311, 409, 525)
[M::mem_pestat] low and high boundaries for computing mean and std.dev: (1, 953)
[M::mem_pestat] mean and std.dev: (424.50, 157.46)
[M::mem_pestat] low and high boundaries for proper pairs: (1, 1167)
[M::mem_pestat] analyzing insert size distribution for orientation RF...
[M::mem_pestat] (25, 50, 75) percentile: (106, 569, 3376)
[M::mem_pestat] low and high boundaries for computing mean and std.dev: (1, 9916)
[M::mem_pestat] mean and std.dev: (2036.06, 2621.56)
[M::mem_pestat] low and high boundaries for proper pairs: (1, 13186)
[M::mem_pestat] analyzing insert size distribution for orientation RR...
[M::mem_pestat] (25, 50, 75) percentile: (323, 627, 1264)
[M::mem_pestat] low and high boundaries for computing mean and std.dev: (1, 3146)
[M::mem_pestat] mean and std.dev: (807.66, 691.68)
[M::mem_pestat] low and high boundaries for proper pairs: (1, 4087)
[M::mem_pestat] skip orientation FF
[M::mem_pestat] skip orientation RF
[M::mem_pestat] skip orientation RR
[M::process] read 1472054 sequences (200000218 bp)...
[M::mem_process_seqs] Processed 1478464 reads in 465.138 CPU sec, 50.775 real sec
[M::mem_pestat] # candidate unique pairs for (FF, FR, RF, RR): (608, 557102, 147, 223)
[M::mem_pestat] analyzing insert size distribution for orientation FF...
[M::mem_pestat] (25, 50, 75) percentile: (373, 561, 841)
[M::mem_pestat] low and high boundaries for computing mean and std.dev: (1, 1777)
[M::mem_pestat] mean and std.dev: (597.95, 333.88)
[M::mem_pestat] low and high boundaries for proper pairs: (1, 2245)
[M::mem_pestat] analyzing insert size distribution for orientation FR...
[M::mem_pestat] (25, 50, 75) percentile: (315, 416, 536)
[M::mem_pestat] low and high boundaries for computing mean and std.dev: (1, 978)
[M::mem_pestat] mean and std.dev: (433.38, 163.10)
[M::mem_pestat] low and high boundaries for proper pairs: (1, 1199)
[M::mem_pestat] analyzing insert size distribution for orientation RF...
[M::mem_pestat] (25, 50, 75) percentile: (100, 553, 2493)
[M::mem_pestat] low and high boundaries for computing mean and std.dev: (1, 7279)
[M::mem_pestat] mean and std.dev: (1248.75, 1638.98)
[M::mem_pestat] low and high boundaries for proper pairs: (1, 9672)
[M::mem_pestat] analyzing insert size distribution for orientation RR...
[M::mem_pestat] (25, 50, 75) percentile: (302, 587, 1396)
[M::mem_pestat] low and high boundaries for computing mean and std.dev: (1, 3584)
[M::mem_pestat] mean and std.dev: (879.91, 815.26)
[M::mem_pestat] low and high boundaries for proper pairs: (1, 4678)
[M::mem_pestat] skip orientation FF
[M::mem_pestat] skip orientation RF
[M::mem_pestat] skip orientation RR
[M::process] read 1478168 sequences (200000270 bp)...
[M::mem_process_seqs] Processed 1472054 reads in 461.376 CPU sec, 50.513 real sec
[M::mem_pestat] # candidate unique pairs for (FF, FR, RF, RR): (599, 557251, 124, 210)
[M::mem_pestat] analyzing insert size distribution for orientation FF...
[M::mem_pestat] (25, 50, 75) percentile: (373, 542, 827)
[M::mem_pestat] low and high boundaries for computing mean and std.dev: (1, 1735)
[M::mem_pestat] mean and std.dev: (589.89, 316.32)
[M::mem_pestat] low and high boundaries for proper pairs: (1, 2189)
[M::mem_pestat] analyzing insert size distribution for orientation FR...
[M::mem_pestat] (25, 50, 75) percentile: (309, 407, 522)
[M::mem_pestat] low and high boundaries for computing mean and std.dev: (1, 948)
[M::mem_pestat] mean and std.dev: (422.15, 156.04)
[M::mem_pestat] low and high boundaries for proper pairs: (1, 1161)
[M::mem_pestat] analyzing insert size distribution for orientation RF...
[M::mem_pestat] (25, 50, 75) percentile: (54, 264, 2223)
[M::mem_pestat] low and high boundaries for computing mean and std.dev: (1, 6561)
[M::mem_pestat] mean and std.dev: (1071.93, 1589.35)
[M::mem_pestat] low and high boundaries for proper pairs: (1, 8730)
[M::mem_pestat] analyzing insert size distribution for orientation RR...
[M::mem_pestat] (25, 50, 75) percentile: (301, 591, 1179)
[M::mem_pestat] low and high boundaries for computing mean and std.dev: (1, 2935)
[M::mem_pestat] mean and std.dev: (742.67, 610.99)
[M::mem_pestat] low and high boundaries for proper pairs: (1, 3813)
[M::mem_pestat] skip orientation FF
[M::mem_pestat] skip orientation RF
[M::mem_pestat] skip orientation RR
[M::mem_process_seqs] Processed 1478168 reads in 480.181 CPU sec, 78.140 real sec
[M::process] read 1471770 sequences (200000217 bp)...
[M::process] read 1480142 sequences (200000027 bp)...
[M::mem_pestat] # candidate unique pairs for (FF, FR, RF, RR): (620, 556698, 163, 226)
[M::mem_pestat] analyzing insert size distribution for orientation FF...
[M::mem_pestat] (25, 50, 75) percentile: (356, 553, 873)
[M::mem_pestat] low and high boundaries for computing mean and std.dev: (1, 1907)
[M::mem_pestat] mean and std.dev: (592.04, 344.89)
[M::mem_pestat] low and high boundaries for proper pairs: (1, 2424)
[M::mem_pestat] analyzing insert size distribution for orientation FR...
[M::mem_pestat] (25, 50, 75) percentile: (315, 415, 535)
[M::mem_pestat] low and high boundaries for computing mean and std.dev: (1, 975)
[M::mem_pestat] mean and std.dev: (432.30, 162.68)
[M::mem_pestat] low and high boundaries for proper pairs: (1, 1195)
[M::mem_pestat] analyzing insert size distribution for orientation RF...
[M::mem_pestat] (25, 50, 75) percentile: (53, 332, 1568)
[M::mem_pestat] low and high boundaries for computing mean and std.dev: (1, 4598)
[M::mem_pestat] mean and std.dev: (774.40, 1087.12)
[M::mem_pestat] low and high boundaries for proper pairs: (1, 6113)
[M::mem_pestat] analyzing insert size distribution for orientation RR...
[M::mem_pestat] (25, 50, 75) percentile: (302, 691, 1219)
[M::mem_pestat] low and high boundaries for computing mean and std.dev: (1, 3053)
[M::mem_pestat] mean and std.dev: (796.68, 644.07)
[M::mem_pestat] low and high boundaries for proper pairs: (1, 3970)
[M::mem_pestat] skip orientation FF
[M::mem_pestat] skip orientation RF
[M::mem_pestat] skip orientation RR
[M::mem_process_seqs] Processed 1471770 reads in 459.903 CPU sec, 48.253 real sec
[M::mem_pestat] # candidate unique pairs for (FF, FR, RF, RR): (607, 557474, 158, 194)
[M::mem_pestat] analyzing insert size distribution for orientation FF...
[M::mem_pestat] (25, 50, 75) percentile: (361, 522, 754)
[M::mem_pestat] low and high boundaries for computing mean and std.dev: (1, 1540)
[M::mem_pestat] mean and std.dev: (554.08, 292.27)
[M::mem_pestat] low and high boundaries for proper pairs: (1, 1933)
[M::mem_pestat] analyzing insert size distribution for orientation FR...
[M::mem_pestat] (25, 50, 75) percentile: (308, 405, 517)
[M::mem_pestat] low and high boundaries for computing mean and std.dev: (1, 935)
[M::mem_pestat] mean and std.dev: (419.09, 153.80)
[M::mem_pestat] low and high boundaries for proper pairs: (1, 1144)
[M::mem_pestat] analyzing insert size distribution for orientation RF...
[M::mem_pestat] (25, 50, 75) percentile: (50, 530, 2508)
[M::mem_pestat] low and high boundaries for computing mean and std.dev: (1, 7424)
[M::mem_pestat] mean and std.dev: (1246.73, 1725.62)
[M::mem_pestat] low and high boundaries for proper pairs: (1, 9882)
[M::mem_pestat] analyzing insert size distribution for orientation RR...
[M::mem_pestat] (25, 50, 75) percentile: (301, 512, 1361)
[M::mem_pestat] low and high boundaries for computing mean and std.dev: (1, 3481)
[M::mem_pestat] mean and std.dev: (859.98, 777.51)
[M::mem_pestat] low and high boundaries for proper pairs: (1, 4541)
[M::mem_pestat] skip orientation FF
[M::mem_pestat] skip orientation RF
[M::mem_pestat] skip orientation RR
[M::process] read 1473762 sequences (200000044 bp)...
[M::mem_process_seqs] Processed 1480142 reads in 462.815 CPU sec, 50.267 real sec
[M::mem_pestat] # candidate unique pairs for (FF, FR, RF, RR): (595, 558393, 133, 216)
[M::mem_pestat] analyzing insert size distribution for orientation FF...
[M::mem_pestat] (25, 50, 75) percentile: (347, 509, 809)
[M::mem_pestat] low and high boundaries for computing mean and std.dev: (1, 1733)
[M::mem_pestat] mean and std.dev: (567.27, 328.24)
[M::mem_pestat] low and high boundaries for proper pairs: (1, 2195)
[M::mem_pestat] analyzing insert size distribution for orientation FR...
[M::mem_pestat] (25, 50, 75) percentile: (310, 408, 526)
[M::mem_pestat] low and high boundaries for computing mean and std.dev: (1, 958)
[M::mem_pestat] mean and std.dev: (425.74, 160.40)
[M::mem_pestat] low and high boundaries for proper pairs: (1, 1174)
[M::mem_pestat] analyzing insert size distribution for orientation RF...
[M::mem_pestat] (25, 50, 75) percentile: (90, 378, 3066)
[M::mem_pestat] low and high boundaries for computing mean and std.dev: (1, 9018)
[M::mem_pestat] mean and std.dev: (1607.50, 2459.77)
[M::mem_pestat] low and high boundaries for proper pairs: (1, 11994)
[M::mem_pestat] analyzing insert size distribution for orientation RR...
[M::mem_pestat] (25, 50, 75) percentile: (289, 540, 1225)
[M::mem_pestat] low and high boundaries for computing mean and std.dev: (1, 3097)
[M::mem_pestat] mean and std.dev: (756.47, 707.32)
[M::mem_pestat] low and high boundaries for proper pairs: (1, 4033)
[M::mem_pestat] skip orientation FF
[M::mem_pestat] skip orientation RF
[M::mem_pestat] skip orientation RR
[M::process] read 1480194 sequences (200000228 bp)...
[M::mem_process_seqs] Processed 1473762 reads in 457.767 CPU sec, 49.720 real sec
[M::mem_pestat] # candidate unique pairs for (FF, FR, RF, RR): (640, 556697, 119, 229)
[M::mem_pestat] analyzing insert size distribution for orientation FF...
[M::mem_pestat] (25, 50, 75) percentile: (375, 543, 800)
[M::mem_pestat] low and high boundaries for computing mean and std.dev: (1, 1650)
[M::mem_pestat] mean and std.dev: (584.64, 311.31)
[M::mem_pestat] low and high boundaries for proper pairs: (1, 2075)
[M::mem_pestat] analyzing insert size distribution for orientation FR...
[M::mem_pestat] (25, 50, 75) percentile: (310, 408, 523)
[M::mem_pestat] low and high boundaries for computing mean and std.dev: (1, 949)
[M::mem_pestat] mean and std.dev: (423.35, 156.61)
[M::mem_pestat] low and high boundaries for proper pairs: (1, 1162)
[M::mem_pestat] analyzing insert size distribution for orientation RF...
[M::mem_pestat] (25, 50, 75) percentile: (120, 574, 4056)
[M::mem_pestat] low and high boundaries for computing mean and std.dev: (1, 11928)
[M::mem_pestat] mean and std.dev: (2121.45, 2720.48)
[M::mem_pestat] low and high boundaries for proper pairs: (1, 15864)
[M::mem_pestat] analyzing insert size distribution for orientation RR...
[M::mem_pestat] (25, 50, 75) percentile: (306, 599, 1125)
[M::mem_pestat] low and high boundaries for computing mean and std.dev: (1, 2763)
[M::mem_pestat] mean and std.dev: (673.21, 530.97)
[M::mem_pestat] low and high boundaries for proper pairs: (1, 3582)
[M::mem_pestat] skip orientation FF
[M::mem_pestat] skip orientation RF
[M::mem_pestat] skip orientation RR
[M::process] read 1523446 sequences (200000003 bp)...
[M::mem_process_seqs] Processed 1480194 reads in 476.058 CPU sec, 51.825 real sec
[M::process] read 1505844 sequences (200000202 bp)...
[M::mem_pestat] # candidate unique pairs for (FF, FR, RF, RR): (708, 554984, 125, 229)
[M::mem_pestat] analyzing insert size distribution for orientation FF...
[M::mem_pestat] (25, 50, 75) percentile: (381, 552, 782)
[M::mem_pestat] low and high boundaries for computing mean and std.dev: (1, 1584)
[M::mem_pestat] mean and std.dev: (574.19, 288.82)
[M::mem_pestat] low and high boundaries for proper pairs: (1, 1985)
[M::mem_pestat] analyzing insert size distribution for orientation FR...
[M::mem_pestat] (25, 50, 75) percentile: (316, 417, 539)
[M::mem_pestat] low and high boundaries for computing mean and std.dev: (1, 985)
[M::mem_pestat] mean and std.dev: (435.61, 165.68)
[M::mem_pestat] low and high boundaries for proper pairs: (1, 1208)
[M::mem_pestat] analyzing insert size distribution for orientation RF...
[M::mem_pestat] (25, 50, 75) percentile: (76, 505, 3882)
[M::mem_pestat] low and high boundaries for computing mean and std.dev: (1, 11494)
[M::mem_pestat] mean and std.dev: (1879.94, 2471.69)
[M::mem_pestat] low and high boundaries for proper pairs: (1, 15300)
[M::mem_pestat] analyzing insert size distribution for orientation RR...
[M::mem_pestat] (25, 50, 75) percentile: (287, 490, 1070)
[M::mem_pestat] low and high boundaries for computing mean and std.dev: (1, 2636)
[M::mem_pestat] mean and std.dev: (691.37, 575.68)
[M::mem_pestat] low and high boundaries for proper pairs: (1, 3419)
[M::mem_pestat] skip orientation FF
[M::mem_pestat] skip orientation RF
[M::mem_pestat] skip orientation RR
[M::mem_process_seqs] Processed 1523446 reads in 588.859 CPU sec, 70.860 real sec
[M::mem_pestat] # candidate unique pairs for (FF, FR, RF, RR): (659, 561498, 168, 244)
[M::mem_pestat] analyzing insert size distribution for orientation FF...
[M::mem_pestat] (25, 50, 75) percentile: (399, 576, 803)
[M::mem_pestat] low and high boundaries for computing mean and std.dev: (1, 1611)
[M::mem_pestat] mean and std.dev: (600.37, 294.61)
[M::mem_pestat] low and high boundaries for proper pairs: (1, 2015)
[M::mem_pestat] analyzing insert size distribution for orientation FR...
[M::mem_pestat] (25, 50, 75) percentile: (315, 416, 536)
[M::mem_pestat] low and high boundaries for computing mean and std.dev: (1, 978)
[M::mem_pestat] mean and std.dev: (433.13, 162.91)
[M::mem_pestat] low and high boundaries for proper pairs: (1, 1199)
[M::mem_pestat] analyzing insert size distribution for orientation RF...
[M::mem_pestat] (25, 50, 75) percentile: (78, 517, 2627)
[M::mem_pestat] low and high boundaries for computing mean and std.dev: (1, 7725)
[M::mem_pestat] mean and std.dev: (1260.96, 1709.60)
[M::mem_pestat] low and high boundaries for proper pairs: (1, 10274)
[M::mem_pestat] analyzing insert size distribution for orientation RR...
[M::mem_pestat] (25, 50, 75) percentile: (346, 607, 1156)
[M::mem_pestat] low and high boundaries for computing mean and std.dev: (1, 2776)
[M::mem_pestat] mean and std.dev: (699.65, 523.22)
[M::mem_pestat] low and high boundaries for proper pairs: (1, 3586)
[M::mem_pestat] skip orientation FF
[M::mem_pestat] skip orientation RF
[M::mem_pestat] skip orientation RR
[M::process] read 1479910 sequences (200000183 bp)...
[M::mem_process_seqs] Processed 1505844 reads in 497.317 CPU sec, 53.769 real sec
[M::mem_pestat] # candidate unique pairs for (FF, FR, RF, RR): (636, 559127, 121, 233)
[M::mem_pestat] analyzing insert size distribution for orientation FF...
[M::mem_pestat] (25, 50, 75) percentile: (381, 568, 846)
[M::mem_pestat] low and high boundaries for computing mean and std.dev: (1, 1776)
[M::mem_pestat] mean and std.dev: (593.75, 311.47)
[M::mem_pestat] low and high boundaries for proper pairs: (1, 2241)
[M::mem_pestat] analyzing insert size distribution for orientation FR...
[M::mem_pestat] (25, 50, 75) percentile: (320, 423, 550)
[M::mem_pestat] low and high boundaries for computing mean and std.dev: (1, 1010)
[M::mem_pestat] mean and std.dev: (443.44, 170.76)
[M::mem_pestat] low and high boundaries for proper pairs: (1, 1240)
[M::mem_pestat] analyzing insert size distribution for orientation RF...
[M::mem_pestat] (25, 50, 75) percentile: (59, 635, 3652)
[M::mem_pestat] low and high boundaries for computing mean and std.dev: (1, 10838)
[M::mem_pestat] mean and std.dev: (1980.36, 2562.63)
[M::mem_pestat] low and high boundaries for proper pairs: (1, 14431)
[M::mem_pestat] analyzing insert size distribution for orientation RR...
[M::mem_pestat] (25, 50, 75) percentile: (307, 603, 1138)
[M::mem_pestat] low and high boundaries for computing mean and std.dev: (1, 2800)
[M::mem_pestat] mean and std.dev: (731.41, 553.65)
[M::mem_pestat] low and high boundaries for proper pairs: (1, 3631)
[M::mem_pestat] skip orientation FF
[M::mem_pestat] skip orientation RF
[M::mem_pestat] skip orientation RR
[M::mem_process_seqs] Processed 1479910 reads in 503.202 CPU sec, 80.317 real sec
[M::process] read 1491742 sequences (200000272 bp)...
[M::process] read 1478776 sequences (200000125 bp)...
[M::mem_pestat] # candidate unique pairs for (FF, FR, RF, RR): (648, 558014, 140, 227)
[M::mem_pestat] analyzing insert size distribution for orientation FF...
[M::mem_pestat] (25, 50, 75) percentile: (376, 583, 823)
[M::mem_pestat] low and high boundaries for computing mean and std.dev: (1, 1717)
[M::mem_pestat] mean and std.dev: (589.29, 295.88)
[M::mem_pestat] low and high boundaries for proper pairs: (1, 2164)
[M::mem_pestat] analyzing insert size distribution for orientation FR...
[M::mem_pestat] (25, 50, 75) percentile: (317, 417, 538)
[M::mem_pestat] low and high boundaries for computing mean and std.dev: (1, 980)
[M::mem_pestat] mean and std.dev: (434.27, 162.62)
[M::mem_pestat] low and high boundaries for proper pairs: (1, 1201)
[M::mem_pestat] analyzing insert size distribution for orientation RF...
[M::mem_pestat] (25, 50, 75) percentile: (87, 520, 3580)
[M::mem_pestat] low and high boundaries for computing mean and std.dev: (1, 10566)
[M::mem_pestat] mean and std.dev: (1903.58, 2489.16)
[M::mem_pestat] low and high boundaries for proper pairs: (1, 14059)
[M::mem_pestat] analyzing insert size distribution for orientation RR...
[M::mem_pestat] (25, 50, 75) percentile: (335, 622, 1426)
[M::mem_pestat] low and high boundaries for computing mean and std.dev: (1, 3608)
[M::mem_pestat] mean and std.dev: (879.54, 787.54)
[M::mem_pestat] low and high boundaries for proper pairs: (1, 4699)
[M::mem_pestat] skip orientation FF
[M::mem_pestat] skip orientation RF
[M::mem_pestat] skip orientation RR
[M::mem_process_seqs] Processed 1491742 reads in 493.291 CPU sec, 51.659 real sec
[M::mem_pestat] # candidate unique pairs for (FF, FR, RF, RR): (604, 558565, 128, 212)
[M::mem_pestat] analyzing insert size distribution for orientation FF...
[M::mem_pestat] (25, 50, 75) percentile: (388, 574, 843)
[M::mem_pestat] low and high boundaries for computing mean and std.dev: (1, 1753)
[M::mem_pestat] mean and std.dev: (606.08, 323.41)
[M::mem_pestat] low and high boundaries for proper pairs: (1, 2208)
[M::mem_pestat] analyzing insert size distribution for orientation FR...
[M::mem_pestat] (25, 50, 75) percentile: (318, 421, 546)
[M::mem_pestat] low and high boundaries for computing mean and std.dev: (1, 1002)
[M::mem_pestat] mean and std.dev: (440.80, 170.34)
[M::mem_pestat] low and high boundaries for proper pairs: (1, 1230)
[M::mem_pestat] analyzing insert size distribution for orientation RF...
[M::mem_pestat] (25, 50, 75) percentile: (97, 692, 2655)
[M::mem_pestat] low and high boundaries for computing mean and std.dev: (1, 7771)
[M::mem_pestat] mean and std.dev: (1392.08, 1817.71)
[M::mem_pestat] low and high boundaries for proper pairs: (1, 10329)
[M::mem_pestat] analyzing insert size distribution for orientation RR...
[M::mem_pestat] (25, 50, 75) percentile: (304, 692, 1371)
[M::mem_pestat] low and high boundaries for computing mean and std.dev: (1, 3505)
[M::mem_pestat] mean and std.dev: (893.29, 746.65)
[M::mem_pestat] low and high boundaries for proper pairs: (1, 4572)
[M::mem_pestat] skip orientation FF
[M::mem_pestat] skip orientation RF
[M::mem_pestat] skip orientation RR
[M::process] read 1482608 sequences (200000121 bp)...
[M::mem_process_seqs] Processed 1478776 reads in 469.573 CPU sec, 50.891 real sec
[M::mem_pestat] # candidate unique pairs for (FF, FR, RF, RR): (627, 557238, 154, 233)
[M::mem_pestat] analyzing insert size distribution for orientation FF...
[M::mem_pestat] (25, 50, 75) percentile: (373, 573, 839)
[M::mem_pestat] low and high boundaries for computing mean and std.dev: (1, 1771)
[M::mem_pestat] mean and std.dev: (610.82, 349.11)
[M::mem_pestat] low and high boundaries for proper pairs: (1, 2237)
[M::mem_pestat] analyzing insert size distribution for orientation FR...
[M::mem_pestat] (25, 50, 75) percentile: (318, 419, 543)
[M::mem_pestat] low and high boundaries for computing mean and std.dev: (1, 993)
[M::mem_pestat] mean and std.dev: (438.08, 166.38)
[M::mem_pestat] low and high boundaries for proper pairs: (1, 1218)
[M::mem_pestat] analyzing insert size distribution for orientation RF...
[M::mem_pestat] (25, 50, 75) percentile: (76, 551, 3014)
[M::mem_pestat] low and high boundaries for computing mean and std.dev: (1, 8890)
[M::mem_pestat] mean and std.dev: (1531.05, 2067.05)
[M::mem_pestat] low and high boundaries for proper pairs: (1, 11828)
[M::mem_pestat] analyzing insert size distribution for orientation RR...
[M::mem_pestat] (25, 50, 75) percentile: (327, 573, 1282)
[M::mem_pestat] low and high boundaries for computing mean and std.dev: (1, 3192)
[M::mem_pestat] mean and std.dev: (818.58, 677.10)
[M::mem_pestat] low and high boundaries for proper pairs: (1, 4147)
[M::mem_pestat] skip orientation FF
[M::mem_pestat] skip orientation RF
[M::mem_pestat] skip orientation RR
[M::process] read 1480910 sequences (200000095 bp)...
[M::mem_process_seqs] Processed 1482608 reads in 492.694 CPU sec, 53.169 real sec
[M::mem_pestat] # candidate unique pairs for (FF, FR, RF, RR): (646, 558462, 158, 224)
[M::mem_pestat] analyzing insert size distribution for orientation FF...
[M::mem_pestat] (25, 50, 75) percentile: (384, 553, 847)
[M::mem_pestat] low and high boundaries for computing mean and std.dev: (1, 1773)
[M::mem_pestat] mean and std.dev: (604.26, 337.98)
[M::mem_pestat] low and high boundaries for proper pairs: (1, 2236)
[M::mem_pestat] analyzing insert size distribution for orientation FR...
[M::mem_pestat] (25, 50, 75) percentile: (316, 417, 540)
[M::mem_pestat] low and high boundaries for computing mean and std.dev: (1, 988)
[M::mem_pestat] mean and std.dev: (435.91, 166.63)
[M::mem_pestat] low and high boundaries for proper pairs: (1, 1212)
[M::mem_pestat] analyzing insert size distribution for orientation RF...
[M::mem_pestat] (25, 50, 75) percentile: (140, 615, 2947)
[M::mem_pestat] low and high boundaries for computing mean and std.dev: (1, 8561)
[M::mem_pestat] mean and std.dev: (1452.96, 1843.55)
[M::mem_pestat] low and high boundaries for proper pairs: (1, 11368)
[M::mem_pestat] analyzing insert size distribution for orientation RR...
[M::mem_pestat] (25, 50, 75) percentile: (294, 621, 1392)
[M::mem_pestat] low and high boundaries for computing mean and std.dev: (1, 3588)
[M::mem_pestat] mean and std.dev: (817.34, 699.60)
[M::mem_pestat] low and high boundaries for proper pairs: (1, 4686)
[M::mem_pestat] skip orientation FF
[M::mem_pestat] skip orientation RF
[M::mem_pestat] skip orientation RR
[M::process] read 1479664 sequences (200000284 bp)...
[M::mem_process_seqs] Processed 1480910 reads in 469.108 CPU sec, 50.798 real sec
[M::mem_pestat] # candidate unique pairs for (FF, FR, RF, RR): (668, 557918, 153, 236)
[M::mem_pestat] analyzing insert size distribution for orientation FF...
[M::mem_pestat] (25, 50, 75) percentile: (394, 594, 891)
[M::mem_pestat] low and high boundaries for computing mean and std.dev: (1, 1885)
[M::mem_pestat] mean and std.dev: (641.45, 355.26)
[M::mem_pestat] low and high boundaries for proper pairs: (1, 2382)
[M::mem_pestat] analyzing insert size distribution for orientation FR...
[M::mem_pestat] (25, 50, 75) percentile: (318, 421, 546)
[M::mem_pestat] low and high boundaries for computing mean and std.dev: (1, 1002)
[M::mem_pestat] mean and std.dev: (440.21, 168.38)
[M::mem_pestat] low and high boundaries for proper pairs: (1, 1230)
[M::mem_pestat] analyzing insert size distribution for orientation RF...
[M::mem_pestat] (25, 50, 75) percentile: (126, 602, 3211)
[M::mem_pestat] low and high boundaries for computing mean and std.dev: (1, 9381)
[M::mem_pestat] mean and std.dev: (1835.05, 2454.14)
[M::mem_pestat] low and high boundaries for proper pairs: (1, 12466)
[M::mem_pestat] analyzing insert size distribution for orientation RR...
[M::mem_pestat] (25, 50, 75) percentile: (310, 637, 1198)
[M::mem_pestat] low and high boundaries for computing mean and std.dev: (1, 2974)
[M::mem_pestat] mean and std.dev: (753.93, 592.06)
[M::mem_pestat] low and high boundaries for proper pairs: (1, 3862)
[M::mem_pestat] skip orientation FF
[M::mem_pestat] skip orientation RF
[M::mem_pestat] skip orientation RR
[M::process] read 1483222 sequences (200000060 bp)...
[M::mem_process_seqs] Processed 1479664 reads in 485.276 CPU sec, 52.430 real sec
[M::mem_pestat] # candidate unique pairs for (FF, FR, RF, RR): (619, 558945, 156, 208)
[M::mem_pestat] analyzing insert size distribution for orientation FF...
[M::mem_pestat] (25, 50, 75) percentile: (380, 552, 803)
[M::mem_pestat] low and high boundaries for computing mean and std.dev: (1, 1649)
[M::mem_pestat] mean and std.dev: (584.00, 299.17)
[M::mem_pestat] low and high boundaries for proper pairs: (1, 2072)
[M::mem_pestat] analyzing insert size distribution for orientation FR...
[M::mem_pestat] (25, 50, 75) percentile: (314, 414, 535)
[M::mem_pestat] low and high boundaries for computing mean and std.dev: (1, 977)
[M::mem_pestat] mean and std.dev: (432.46, 164.15)
[M::mem_pestat] low and high boundaries for proper pairs: (1, 1198)
[M::mem_pestat] analyzing insert size distribution for orientation RF...
[M::mem_pestat] (25, 50, 75) percentile: (65, 520, 1687)
[M::mem_pestat] low and high boundaries for computing mean and std.dev: (1, 4931)
[M::mem_pestat] mean and std.dev: (705.67, 991.05)
[M::mem_pestat] low and high boundaries for proper pairs: (1, 6553)
[M::mem_pestat] analyzing insert size distribution for orientation RR...
[M::mem_pestat] (25, 50, 75) percentile: (336, 537, 1108)
[M::mem_pestat] low and high boundaries for computing mean and std.dev: (1, 2652)
[M::mem_pestat] mean and std.dev: (722.92, 572.38)
[M::mem_pestat] low and high boundaries for proper pairs: (1, 3424)
[M::mem_pestat] skip orientation FF
[M::mem_pestat] skip orientation RF
[M::mem_pestat] skip orientation RR
[M::process] read 1487980 sequences (200000279 bp)...
[M::mem_process_seqs] Processed 1483222 reads in 466.754 CPU sec, 50.529 real sec
[M::mem_pestat] # candidate unique pairs for (FF, FR, RF, RR): (641, 559080, 157, 248)
[M::mem_pestat] analyzing insert size distribution for orientation FF...
[M::mem_pestat] (25, 50, 75) percentile: (362, 554, 803)
[M::mem_pestat] low and high boundaries for computing mean and std.dev: (1, 1685)
[M::mem_pestat] mean and std.dev: (577.98, 306.72)
[M::mem_pestat] low and high boundaries for proper pairs: (1, 2126)
[M::mem_pestat] analyzing insert size distribution for orientation FR...
[M::mem_pestat] (25, 50, 75) percentile: (317, 418, 541)
[M::mem_pestat] low and high boundaries for computing mean and std.dev: (1, 989)
[M::mem_pestat] mean and std.dev: (436.90, 165.59)
[M::mem_pestat] low and high boundaries for proper pairs: (1, 1213)
[M::mem_pestat] analyzing insert size distribution for orientation RF...
[M::mem_pestat] (25, 50, 75) percentile: (69, 425, 3184)
[M::mem_pestat] low and high boundaries for computing mean and std.dev: (1, 9414)
[M::mem_pestat] mean and std.dev: (1692.71, 2353.14)
[M::mem_pestat] low and high boundaries for proper pairs: (1, 12529)
[M::mem_pestat] analyzing insert size distribution for orientation RR...
[M::mem_pestat] (25, 50, 75) percentile: (309, 738, 1501)
[M::mem_pestat] low and high boundaries for computing mean and std.dev: (1, 3885)
[M::mem_pestat] mean and std.dev: (969.85, 838.39)
[M::mem_pestat] low and high boundaries for proper pairs: (1, 5077)
[M::mem_pestat] skip orientation FF
[M::mem_pestat] skip orientation RF
[M::mem_pestat] skip orientation RR
[M::process] read 1490662 sequences (200000213 bp)...
[M::mem_process_seqs] Processed 1487980 reads in 482.928 CPU sec, 52.255 real sec
[M::mem_pestat] # candidate unique pairs for (FF, FR, RF, RR): (571, 560689, 159, 230)
[M::mem_pestat] analyzing insert size distribution for orientation FF...
[M::mem_pestat] (25, 50, 75) percentile: (381, 540, 820)
[M::mem_pestat] low and high boundaries for computing mean and std.dev: (1, 1698)
[M::mem_pestat] mean and std.dev: (588.65, 314.52)
[M::mem_pestat] low and high boundaries for proper pairs: (1, 2137)
[M::mem_pestat] analyzing insert size distribution for orientation FR...
[M::mem_pestat] (25, 50, 75) percentile: (309, 407, 524)
[M::mem_pestat] low and high boundaries for computing mean and std.dev: (1, 954)
[M::mem_pestat] mean and std.dev: (423.57, 159.16)
[M::mem_pestat] low and high boundaries for proper pairs: (1, 1169)
[M::mem_pestat] analyzing insert size distribution for orientation RF...
[M::mem_pestat] (25, 50, 75) percentile: (43, 476, 3516)
[M::mem_pestat] low and high boundaries for computing mean and std.dev: (1, 10462)
[M::mem_pestat] mean and std.dev: (1839.05, 2451.82)
[M::mem_pestat] low and high boundaries for proper pairs: (1, 13935)
[M::mem_pestat] analyzing insert size distribution for orientation RR...
[M::mem_pestat] (25, 50, 75) percentile: (278, 595, 1270)
[M::mem_pestat] low and high boundaries for computing mean and std.dev: (1, 3254)
[M::mem_pestat] mean and std.dev: (776.39, 694.75)
[M::mem_pestat] low and high boundaries for proper pairs: (1, 4246)
[M::mem_pestat] skip orientation FF
[M::mem_pestat] skip orientation RF
[M::mem_pestat] skip orientation RR
[M::process] read 1491652 sequences (200000138 bp)...
[M::mem_process_seqs] Processed 1490662 reads in 496.573 CPU sec, 53.628 real sec
[M::process] read 562596 sequences (75599922 bp)...
[M::mem_pestat] # candidate unique pairs for (FF, FR, RF, RR): (605, 560163, 142, 234)
[M::mem_pestat] analyzing insert size distribution for orientation FF...
[M::mem_pestat] (25, 50, 75) percentile: (395, 573, 828)
[M::mem_pestat] low and high boundaries for computing mean and std.dev: (1, 1694)
[M::mem_pestat] mean and std.dev: (599.33, 295.86)
[M::mem_pestat] low and high boundaries for proper pairs: (1, 2127)
[M::mem_pestat] analyzing insert size distribution for orientation FR...
[M::mem_pestat] (25, 50, 75) percentile: (313, 412, 531)
[M::mem_pestat] low and high boundaries for computing mean and std.dev: (1, 967)
[M::mem_pestat] mean and std.dev: (429.65, 161.44)
[M::mem_pestat] low and high boundaries for proper pairs: (1, 1185)
[M::mem_pestat] analyzing insert size distribution for orientation RF...
[M::mem_pestat] (25, 50, 75) percentile: (53, 321, 2494)
[M::mem_pestat] low and high boundaries for computing mean and std.dev: (1, 7376)
[M::mem_pestat] mean and std.dev: (1168.43, 1804.85)
[M::mem_pestat] low and high boundaries for proper pairs: (1, 9817)
[M::mem_pestat] analyzing insert size distribution for orientation RR...
[M::mem_pestat] (25, 50, 75) percentile: (299, 611, 1176)
[M::mem_pestat] low and high boundaries for computing mean and std.dev: (1, 2930)
[M::mem_pestat] mean and std.dev: (791.16, 658.49)
[M::mem_pestat] low and high boundaries for proper pairs: (1, 3807)
[M::mem_pestat] skip orientation FF
[M::mem_pestat] skip orientation RF
[M::mem_pestat] skip orientation RR
[M::mem_process_seqs] Processed 1491652 reads in 493.626 CPU sec, 53.506 real sec
[M::mem_pestat] # candidate unique pairs for (FF, FR, RF, RR): (229, 211146, 43, 61)
[M::mem_pestat] analyzing insert size distribution for orientation FF...
[M::mem_pestat] (25, 50, 75) percentile: (369, 555, 793)
[M::mem_pestat] low and high boundaries for computing mean and std.dev: (1, 1641)
[M::mem_pestat] mean and std.dev: (593.77, 308.20)
[M::mem_pestat] low and high boundaries for proper pairs: (1, 2065)
[M::mem_pestat] analyzing insert size distribution for orientation FR...
[M::mem_pestat] (25, 50, 75) percentile: (311, 410, 527)
[M::mem_pestat] low and high boundaries for computing mean and std.dev: (1, 959)
[M::mem_pestat] mean and std.dev: (426.19, 158.39)
[M::mem_pestat] low and high boundaries for proper pairs: (1, 1175)
[M::mem_pestat] analyzing insert size distribution for orientation RF...
[M::mem_pestat] (25, 50, 75) percentile: (69, 826, 4070)
[M::mem_pestat] low and high boundaries for computing mean and std.dev: (1, 12072)
[M::mem_pestat] mean and std.dev: (2473.88, 3185.40)
[M::mem_pestat] low and high boundaries for proper pairs: (1, 16073)
[M::mem_pestat] analyzing insert size distribution for orientation RR...
[M::mem_pestat] (25, 50, 75) percentile: (285, 481, 841)
[M::mem_pestat] low and high boundaries for computing mean and std.dev: (1, 1953)
[M::mem_pestat] mean and std.dev: (561.86, 423.60)
[M::mem_pestat] low and high boundaries for proper pairs: (1, 2509)
[M::mem_pestat] skip orientation FF
[M::mem_pestat] skip orientation RF
[M::mem_pestat] skip orientation RR
[M::mem_process_seqs] Processed 562596 reads in 178.776 CPU sec, 20.134 real sec
[main] Version: 0.7.17-r1188
[main] CMD: bwasamblaster: Marked 1677801 of 18815417 (8.92%) read ids as duplicates mem -t using 415504k memory in  2044.318S -R CPU seconds and  @RG\tID:TL_LO_19T_116\tPL:ILLUMINA\tPU:HJMFJDSX7.2\tSM:TL_LO_19T_116\tCN:MCGILL\tBC:GTATTCCACC-TTGTCTACAT24M /storage/scratch/iee/dj20y461/Stickleback/G_aculeatus/FITNESS//data/ref_A_X/stickleback_v5_assembly_A_X.fasta23S /storage/scratch/iee/dj20y461/Stickleback/G_aculeatus/FITNESS//data/trimmed/TL_LO_19T_116.R1.trimmed.fastq.gz(1463S) /storage/scratch/iee/dj20y461/Stickleback/G_aculeatus/FITNESS//data/trimmed/TL_LO_19T_116.R2.trimmed.fastq.gz wall time.

[main] Real time: 1462.895 sec; CPU: 12198.178 sec
[bam_sort_core] merging from 0 files and 20 in-memory blocks...
