samblaster: Version 0.1.24
samblaster: Inputting from stdin
samblaster: Outputting to stdout
[M::bwa_idx_load_from_disk] read 0 ALT contigs
[M::process] read 1435264 sequences (200000000 bp)...
[M::mem_pestat] # candidate unique pairs for (FF, FR, RF, RR): (13, 286011, 60, 25)
[M::mem_pestat] analyzing insert size distribution for orientation FF...
[M::mem_pestat] (25, 50, 75) percentile: (319, 435, 3304)
[M::mem_pestat] low and high boundaries for computing mean and std.dev: (1, 9274)
[M::mem_pestat] mean and std.dev: (1258.75, 2041.49)
[M::mem_pestat] low and high boundaries for proper pairs: (1, 12259)
[M::mem_pestat] analyzing insert size distribution for orientation FR...
[M::mem_pestat] (25, 50, 75) percentile: (209, 277, 352)
[M::mem_pestat] low and high boundaries for computing mean and std.dev: (1, 638)
[M::mem_pestat] mean and std.dev: (286.78, 102.19)
[M::mem_pestat] low and high boundaries for proper pairs: (1, 781)
[M::mem_pestat] analyzing insert size distribution for orientation RF...
[M::mem_pestat] (25, 50, 75) percentile: (70, 276, 2631)
[M::mem_pestat] low and high boundaries for computing mean and std.dev: (1, 7753)
[M::mem_pestat] mean and std.dev: (1358.71, 2094.65)
[M::mem_pestat] low and high boundaries for proper pairs: (1, 10314)
[M::mem_pestat] analyzing insert size distribution for orientation RR...
[M::mem_pestat] (25, 50, 75) percentile: (90, 180, 318)
[M::mem_pestat] low and high boundaries for computing mean and std.dev: (1, 774)
[M::mem_pestat] mean and std.dev: (159.90, 83.88)
[M::mem_pestat] low and high boundaries for proper pairs: (1, 1002)
[M::mem_pestat] skip orientation FF
[M::mem_pestat] skip orientation RF
[M::mem_pestat] skip orientation RR
[M::mem_process_seqs] Processed 1435264 reads in 375.209 CPU sec, 82.619 real sec
samblaster: Loaded 23 header sequence entries.
[M::process] read 1437302 sequences (200000021 bp)...
[M::process] read 1437812 sequences (200000260 bp)...
[M::mem_pestat] # candidate unique pairs for (FF, FR, RF, RR): (17, 286587, 59, 19)
[M::mem_pestat] analyzing insert size distribution for orientation FF...
[M::mem_pestat] (25, 50, 75) percentile: (353, 514, 809)
[M::mem_pestat] low and high boundaries for computing mean and std.dev: (1, 1721)
[M::mem_pestat] mean and std.dev: (517.13, 340.92)
[M::mem_pestat] low and high boundaries for proper pairs: (1, 2177)
[M::mem_pestat] analyzing insert size distribution for orientation FR...
[M::mem_pestat] (25, 50, 75) percentile: (208, 276, 351)
[M::mem_pestat] low and high boundaries for computing mean and std.dev: (1, 637)
[M::mem_pestat] mean and std.dev: (286.35, 101.96)
[M::mem_pestat] low and high boundaries for proper pairs: (1, 780)
[M::mem_pestat] analyzing insert size distribution for orientation RF...
[M::mem_pestat] (25, 50, 75) percentile: (150, 399, 1816)
[M::mem_pestat] low and high boundaries for computing mean and std.dev: (1, 5148)
[M::mem_pestat] mean and std.dev: (908.00, 1429.78)
[M::mem_pestat] low and high boundaries for proper pairs: (1, 6814)
[M::mem_pestat] analyzing insert size distribution for orientation RR...
[M::mem_pestat] (25, 50, 75) percentile: (88, 155, 419)
[M::mem_pestat] low and high boundaries for computing mean and std.dev: (1, 1081)
[M::mem_pestat] mean and std.dev: (144.47, 105.54)
[M::mem_pestat] low and high boundaries for proper pairs: (1, 1412)
[M::mem_pestat] skip orientation FF
[M::mem_pestat] skip orientation RF
[M::mem_pestat] skip orientation RR
[M::mem_process_seqs] Processed 1437302 reads in 354.729 CPU sec, 38.022 real sec
[M::mem_pestat] # candidate unique pairs for (FF, FR, RF, RR): (14, 286262, 58, 13)
[M::mem_pestat] analyzing insert size distribution for orientation FF...
[M::mem_pestat] (25, 50, 75) percentile: (259, 431, 687)
[M::mem_pestat] low and high boundaries for computing mean and std.dev: (1, 1543)
[M::mem_pestat] mean and std.dev: (438.00, 347.01)
[M::mem_pestat] low and high boundaries for proper pairs: (1, 1971)
[M::mem_pestat] analyzing insert size distribution for orientation FR...
[M::mem_pestat] (25, 50, 75) percentile: (208, 276, 350)
[M::mem_pestat] low and high boundaries for computing mean and std.dev: (1, 634)
[M::mem_pestat] mean and std.dev: (285.59, 101.20)
[M::mem_pestat] low and high boundaries for proper pairs: (1, 776)
[M::mem_pestat] analyzing insert size distribution for orientation RF...
[M::mem_pestat] (25, 50, 75) percentile: (70, 417, 2109)
[M::mem_pestat] low and high boundaries for computing mean and std.dev: (1, 6187)
[M::mem_pestat] mean and std.dev: (1136.55, 1453.23)
[M::mem_pestat] low and high boundaries for proper pairs: (1, 8226)
[M::mem_pestat] analyzing insert size distribution for orientation RR...
[M::mem_pestat] (25, 50, 75) percentile: (120, 208, 302)
[M::mem_pestat] low and high boundaries for computing mean and std.dev: (1, 666)
[M::mem_pestat] mean and std.dev: (205.23, 94.95)
[M::mem_pestat] low and high boundaries for proper pairs: (1, 848)
[M::mem_pestat] skip orientation FF
[M::mem_pestat] skip orientation RF
[M::mem_pestat] skip orientation RR
[M::process] read 1446298 sequences (200000168 bp)...
[M::mem_process_seqs] Processed 1437812 reads in 355.557 CPU sec, 39.399 real sec
[M::mem_pestat] # candidate unique pairs for (FF, FR, RF, RR): (10, 285931, 49, 21)
[M::mem_pestat] analyzing insert size distribution for orientation FF...
[M::mem_pestat] (25, 50, 75) percentile: (229, 374, 636)
[M::mem_pestat] low and high boundaries for computing mean and std.dev: (1, 1450)
[M::mem_pestat] mean and std.dev: (401.44, 314.85)
[M::mem_pestat] low and high boundaries for proper pairs: (1, 1857)
[M::mem_pestat] analyzing insert size distribution for orientation FR...
[M::mem_pestat] (25, 50, 75) percentile: (210, 278, 354)
[M::mem_pestat] low and high boundaries for computing mean and std.dev: (1, 642)
[M::mem_pestat] mean and std.dev: (288.39, 102.66)
[M::mem_pestat] low and high boundaries for proper pairs: (1, 786)
[M::mem_pestat] analyzing insert size distribution for orientation RF...
[M::mem_pestat] (25, 50, 75) percentile: (33, 318, 1911)
[M::mem_pestat] low and high boundaries for computing mean and std.dev: (1, 5667)
[M::mem_pestat] mean and std.dev: (903.84, 1458.71)
[M::mem_pestat] low and high boundaries for proper pairs: (1, 7545)
[M::mem_pestat] analyzing insert size distribution for orientation RR...
[M::mem_pestat] (25, 50, 75) percentile: (106, 198, 377)
[M::mem_pestat] low and high boundaries for computing mean and std.dev: (1, 919)
[M::mem_pestat] mean and std.dev: (151.41, 93.52)
[M::mem_pestat] low and high boundaries for proper pairs: (1, 1190)
[M::mem_pestat] skip orientation FF
[M::mem_pestat] skip orientation RF
[M::mem_pestat] skip orientation RR
[M::process] read 1443474 sequences (200000040 bp)...
[M::mem_process_seqs] Processed 1446298 reads in 384.710 CPU sec, 42.098 real sec
[M::mem_pestat] # candidate unique pairs for (FF, FR, RF, RR): (18, 286452, 72, 20)
[M::mem_pestat] analyzing insert size distribution for orientation FF...
[M::mem_pestat] (25, 50, 75) percentile: (165, 407, 506)
[M::mem_pestat] low and high boundaries for computing mean and std.dev: (1, 1188)
[M::mem_pestat] mean and std.dev: (312.53, 194.77)
[M::mem_pestat] low and high boundaries for proper pairs: (1, 1529)
[M::mem_pestat] analyzing insert size distribution for orientation FR...
[M::mem_pestat] (25, 50, 75) percentile: (209, 276, 352)
[M::mem_pestat] low and high boundaries for computing mean and std.dev: (1, 638)
[M::mem_pestat] mean and std.dev: (286.57, 101.97)
[M::mem_pestat] low and high boundaries for proper pairs: (1, 781)
[M::mem_pestat] analyzing insert size distribution for orientation RF...
[M::mem_pestat] (25, 50, 75) percentile: (61, 459, 2918)
[M::mem_pestat] low and high boundaries for computing mean and std.dev: (1, 8632)
[M::mem_pestat] mean and std.dev: (1346.10, 1943.61)
[M::mem_pestat] low and high boundaries for proper pairs: (1, 11489)
[M::mem_pestat] analyzing insert size distribution for orientation RR...
[M::mem_pestat] (25, 50, 75) percentile: (127, 194, 575)
[M::mem_pestat] low and high boundaries for computing mean and std.dev: (1, 1471)
[M::mem_pestat] mean and std.dev: (274.39, 238.31)
[M::mem_pestat] low and high boundaries for proper pairs: (1, 1919)
[M::mem_pestat] skip orientation FF
[M::mem_pestat] skip orientation RF
[M::mem_pestat] skip orientation RR
[M::mem_process_seqs] Processed 1443474 reads in 370.357 CPU sec, 65.567 real sec
[M::process] read 1128528 sequences (155832590 bp)...
[M::mem_pestat] # candidate unique pairs for (FF, FR, RF, RR): (15, 223925, 40, 13)
[M::mem_pestat] analyzing insert size distribution for orientation FF...
[M::mem_pestat] (25, 50, 75) percentile: (297, 322, 426)
[M::mem_pestat] low and high boundaries for computing mean and std.dev: (39, 684)
[M::mem_pestat] mean and std.dev: (382.27, 131.55)
[M::mem_pestat] low and high boundaries for proper pairs: (1, 908)
[M::mem_pestat] analyzing insert size distribution for orientation FR...
[M::mem_pestat] (25, 50, 75) percentile: (210, 276, 351)
[M::mem_pestat] low and high boundaries for computing mean and std.dev: (1, 633)
[M::mem_pestat] mean and std.dev: (286.59, 101.22)
[M::mem_pestat] low and high boundaries for proper pairs: (1, 774)
[M::mem_pestat] analyzing insert size distribution for orientation RF...
[M::mem_pestat] (25, 50, 75) percentile: (38, 313, 2217)
[M::mem_pestat] low and high boundaries for computing mean and std.dev: (1, 6575)
[M::mem_pestat] mean and std.dev: (1142.31, 1811.19)
[M::mem_pestat] low and high boundaries for proper pairs: (1, 8754)
[M::mem_pestat] analyzing insert size distribution for orientation RR...
[M::mem_pestat] (25, 50, 75) percentile: (96, 178, 661)
[M::mem_pestat] low and high boundaries for computing mean and std.dev: (1, 1791)
[M::mem_pestat] mean and std.dev: (396.69, 452.69)
[M::mem_pestat] low and high boundaries for proper pairs: (1, 2356)
[M::mem_pestat] skip orientation FF
[M::mem_pestat] skip orientation RF
[M::mem_pestat] skip orientation RR
[M::mem_process_seqs] Processed 1128528 reads in 282.924 CPU sec, 29.555 real sec
[main] Version: 0.7.17-r1188
[main] CMD:samblaster: Marked 179163 of 4164339 (4.30%) read ids as duplicates bwa mem using 49840k memory in  -t7.993S 20 CPU seconds and  -R5M @RG\tID:WB_LL_19T_296\tPL:ILLUMINA\tPU:HJMFJDSX7.3\tSM:WB_LL_19T_296\tCN:MCGILL\tBC:TCTGGTATCC-GTAAGCAACG12S /storage/scratch/iee/dj20y461/Stickleback/G_aculeatus/FITNESS//data/ref_A_X/stickleback_v5_assembly_A_X.fasta(312S) /storage/scratch/iee/dj20y461/Stickleback/G_aculeatus/FITNESS//data/trimmed/WB_LL_19T_296.R1.trimmed.fastq.gz wall time.
 /storage/scratch/iee/dj20y461/Stickleback/G_aculeatus/FITNESS//data/trimmed/WB_LL_19T_296.R2.trimmed.fastq.gz
[main] Real time: 312.812 sec; CPU: 2136.038 sec
[bam_sort_core] merging from 0 files and 20 in-memory blocks...
