samblaster: Version 0.1.24
samblaster: Inputting from stdin
samblaster: Outputting to stdout
[M::bwa_idx_load_from_disk] read 0 ALT contigs
[M::process] read 1459908 sequences (200000019 bp)...
[M::mem_pestat] # candidate unique pairs for (FF, FR, RF, RR): (22, 551345, 122, 21)
[M::mem_pestat] analyzing insert size distribution for orientation FF...
[M::mem_pestat] (25, 50, 75) percentile: (323, 809, 3252)
[M::mem_pestat] low and high boundaries for computing mean and std.dev: (1, 9110)
[M::mem_pestat] mean and std.dev: (1970.32, 2456.76)
[M::mem_pestat] low and high boundaries for proper pairs: (1, 12039)
[M::mem_pestat] analyzing insert size distribution for orientation FR...
[M::mem_pestat] (25, 50, 75) percentile: (267, 357, 455)
[M::mem_pestat] low and high boundaries for computing mean and std.dev: (1, 831)
[M::mem_pestat] mean and std.dev: (368.27, 138.45)
[M::mem_pestat] low and high boundaries for proper pairs: (1, 1019)
[M::mem_pestat] analyzing insert size distribution for orientation RF...
[M::mem_pestat] (25, 50, 75) percentile: (192, 699, 3085)
[M::mem_pestat] low and high boundaries for computing mean and std.dev: (1, 8871)
[M::mem_pestat] mean and std.dev: (1701.41, 2182.27)
[M::mem_pestat] low and high boundaries for proper pairs: (1, 11764)
[M::mem_pestat] analyzing insert size distribution for orientation RR...
[M::mem_pestat] (25, 50, 75) percentile: (200, 287, 2676)
[M::mem_pestat] low and high boundaries for computing mean and std.dev: (1, 7628)
[M::mem_pestat] mean and std.dev: (1121.35, 1911.19)
[M::mem_pestat] low and high boundaries for proper pairs: (1, 10104)
[M::mem_pestat] skip orientation FF
[M::mem_pestat] skip orientation RF
[M::mem_pestat] skip orientation RR
[M::mem_process_seqs] Processed 1459908 reads in 480.875 CPU sec, 113.072 real sec
samblaster: Loaded 23 header sequence entries.
[M::process] read 1458084 sequences (200000169 bp)...
[M::process] read 1460478 sequences (200000021 bp)...
[M::mem_pestat] # candidate unique pairs for (FF, FR, RF, RR): (27, 550283, 143, 27)
[M::mem_pestat] analyzing insert size distribution for orientation FF...
[M::mem_pestat] (25, 50, 75) percentile: (360, 477, 1325)
[M::mem_pestat] low and high boundaries for computing mean and std.dev: (1, 3255)
[M::mem_pestat] mean and std.dev: (699.62, 676.58)
[M::mem_pestat] low and high boundaries for proper pairs: (1, 4220)
[M::mem_pestat] analyzing insert size distribution for orientation FR...
[M::mem_pestat] (25, 50, 75) percentile: (269, 358, 457)
[M::mem_pestat] low and high boundaries for computing mean and std.dev: (1, 833)
[M::mem_pestat] mean and std.dev: (370.10, 138.99)
[M::mem_pestat] low and high boundaries for proper pairs: (1, 1021)
[M::mem_pestat] analyzing insert size distribution for orientation RF...
[M::mem_pestat] (25, 50, 75) percentile: (214, 697, 2584)
[M::mem_pestat] low and high boundaries for computing mean and std.dev: (1, 7324)
[M::mem_pestat] mean and std.dev: (1540.07, 1871.60)
[M::mem_pestat] low and high boundaries for proper pairs: (1, 9694)
[M::mem_pestat] analyzing insert size distribution for orientation RR...
[M::mem_pestat] (25, 50, 75) percentile: (243, 452, 806)
[M::mem_pestat] low and high boundaries for computing mean and std.dev: (1, 1932)
[M::mem_pestat] mean and std.dev: (473.79, 331.81)
[M::mem_pestat] low and high boundaries for proper pairs: (1, 2495)
[M::mem_pestat] skip orientation FF
[M::mem_pestat] skip orientation RF
[M::mem_pestat] skip orientation RR
[M::mem_process_seqs] Processed 1458084 reads in 450.142 CPU sec, 48.433 real sec
[M::process] read 1462258 sequences (200000203 bp)...
[M::mem_pestat] # candidate unique pairs for (FF, FR, RF, RR): (30, 549777, 132, 29)
[M::mem_pestat] analyzing insert size distribution for orientation FF...
[M::mem_pestat] (25, 50, 75) percentile: (331, 627, 1664)
[M::mem_pestat] low and high boundaries for computing mean and std.dev: (1, 4330)
[M::mem_pestat] mean and std.dev: (935.79, 949.75)
[M::mem_pestat] low and high boundaries for proper pairs: (1, 5663)
[M::mem_pestat] analyzing insert size distribution for orientation FR...
[M::mem_pestat] (25, 50, 75) percentile: (267, 356, 455)
[M::mem_pestat] low and high boundaries for computing mean and std.dev: (1, 831)
[M::mem_pestat] mean and std.dev: (368.02, 137.76)
[M::mem_pestat] low and high boundaries for proper pairs: (1, 1019)
[M::mem_pestat] analyzing insert size distribution for orientation RF...
[M::mem_pestat] (25, 50, 75) percentile: (58, 397, 2364)
[M::mem_pestat] low and high boundaries for computing mean and std.dev: (1, 6976)
[M::mem_pestat] mean and std.dev: (1293.80, 1873.22)
[M::mem_pestat] low and high boundaries for proper pairs: (1, 9282)
[M::mem_pestat] analyzing insert size distribution for orientation RR...
[M::mem_pestat] (25, 50, 75) percentile: (184, 300, 911)
[M::mem_pestat] low and high boundaries for computing mean and std.dev: (1, 2365)
[M::mem_pestat] mean and std.dev: (462.00, 503.47)
[M::mem_pestat] low and high boundaries for proper pairs: (1, 3092)
[M::mem_pestat] skip orientation FF
[M::mem_pestat] skip orientation RF
[M::mem_pestat] skip orientation RR
[M::mem_process_seqs] Processed 1460478 reads in 455.788 CPU sec, 50.562 real sec
[M::mem_pestat] # candidate unique pairs for (FF, FR, RF, RR): (28, 548898, 113, 32)
[M::mem_pestat] analyzing insert size distribution for orientation FF...
[M::mem_pestat] (25, 50, 75) percentile: (419, 536, 1252)
[M::mem_pestat] low and high boundaries for computing mean and std.dev: (1, 2918)
[M::mem_pestat] mean and std.dev: (758.77, 584.13)
[M::mem_pestat] low and high boundaries for proper pairs: (1, 3751)
[M::mem_pestat] analyzing insert size distribution for orientation FR...
[M::mem_pestat] (25, 50, 75) percentile: (265, 353, 449)
[M::mem_pestat] low and high boundaries for computing mean and std.dev: (1, 817)
[M::mem_pestat] mean and std.dev: (363.87, 134.61)
[M::mem_pestat] low and high boundaries for proper pairs: (1, 1001)
[M::mem_pestat] analyzing insert size distribution for orientation RF...
[M::mem_pestat] (25, 50, 75) percentile: (65, 363, 1943)
[M::mem_pestat] low and high boundaries for computing mean and std.dev: (1, 5699)
[M::mem_pestat] mean and std.dev: (899.35, 1368.31)
[M::mem_pestat] low and high boundaries for proper pairs: (1, 7577)
[M::mem_pestat] analyzing insert size distribution for orientation RR...
[M::mem_pestat] (25, 50, 75) percentile: (170, 292, 685)
[M::mem_pestat] low and high boundaries for computing mean and std.dev: (1, 1715)
[M::mem_pestat] mean and std.dev: (377.86, 316.12)
[M::mem_pestat] low and high boundaries for proper pairs: (1, 2230)
[M::mem_pestat] skip orientation FF
[M::mem_pestat] skip orientation RF
[M::mem_pestat] skip orientation RR
[M::process] read 1459678 sequences (200000071 bp)...
[M::mem_process_seqs] Processed 1462258 reads in 456.822 CPU sec, 49.911 real sec
[M::mem_pestat] # candidate unique pairs for (FF, FR, RF, RR): (28, 551204, 121, 26)
[M::mem_pestat] analyzing insert size distribution for orientation FF...
[M::mem_pestat] (25, 50, 75) percentile: (204, 444, 2603)
[M::mem_pestat] low and high boundaries for computing mean and std.dev: (1, 7401)
[M::mem_pestat] mean and std.dev: (1228.22, 1735.02)
[M::mem_pestat] low and high boundaries for proper pairs: (1, 9800)
[M::mem_pestat] analyzing insert size distribution for orientation FR...
[M::mem_pestat] (25, 50, 75) percentile: (268, 357, 456)
[M::mem_pestat] low and high boundaries for computing mean and std.dev: (1, 832)
[M::mem_pestat] mean and std.dev: (369.20, 138.97)
[M::mem_pestat] low and high boundaries for proper pairs: (1, 1020)
[M::mem_pestat] analyzing insert size distribution for orientation RF...
[M::mem_pestat] (25, 50, 75) percentile: (151, 502, 2346)
[M::mem_pestat] low and high boundaries for computing mean and std.dev: (1, 6736)
[M::mem_pestat] mean and std.dev: (1176.65, 1583.72)
[M::mem_pestat] low and high boundaries for proper pairs: (1, 8931)
[M::mem_pestat] analyzing insert size distribution for orientation RR...
[M::mem_pestat] (25, 50, 75) percentile: (220, 470, 1498)
[M::mem_pestat] low and high boundaries for computing mean and std.dev: (1, 4054)
[M::mem_pestat] mean and std.dev: (966.65, 989.92)
[M::mem_pestat] low and high boundaries for proper pairs: (1, 5332)
[M::mem_pestat] skip orientation FF
[M::mem_pestat] skip orientation RF
[M::mem_pestat] skip orientation RR
[M::process] read 1457688 sequences (200000036 bp)...
[M::mem_process_seqs] Processed 1459678 reads in 452.951 CPU sec, 49.245 real sec
[M::mem_pestat] # candidate unique pairs for (FF, FR, RF, RR): (27, 549994, 132, 24)
[M::mem_pestat] analyzing insert size distribution for orientation FF...
[M::mem_pestat] (25, 50, 75) percentile: (357, 703, 1716)
[M::mem_pestat] low and high boundaries for computing mean and std.dev: (1, 4434)
[M::mem_pestat] mean and std.dev: (1069.65, 1101.62)
[M::mem_pestat] low and high boundaries for proper pairs: (1, 5793)
[M::mem_pestat] analyzing insert size distribution for orientation FR...
[M::mem_pestat] (25, 50, 75) percentile: (270, 360, 460)
[M::mem_pestat] low and high boundaries for computing mean and std.dev: (1, 840)
[M::mem_pestat] mean and std.dev: (372.09, 140.10)
[M::mem_pestat] low and high boundaries for proper pairs: (1, 1030)
[M::mem_pestat] analyzing insert size distribution for orientation RF...
[M::mem_pestat] (25, 50, 75) percentile: (96, 603, 2946)
[M::mem_pestat] low and high boundaries for computing mean and std.dev: (1, 8646)
[M::mem_pestat] mean and std.dev: (1610.80, 2303.52)
[M::mem_pestat] low and high boundaries for proper pairs: (1, 11496)
[M::mem_pestat] analyzing insert size distribution for orientation RR...
[M::mem_pestat] (25, 50, 75) percentile: (107, 213, 636)
[M::mem_pestat] low and high boundaries for computing mean and std.dev: (1, 1694)
[M::mem_pestat] mean and std.dev: (269.38, 245.08)
[M::mem_pestat] low and high boundaries for proper pairs: (1, 2223)
[M::mem_pestat] skip orientation FF
[M::mem_pestat] skip orientation RF
[M::mem_pestat] skip orientation RR
[M::process] read 1458950 sequences (200000276 bp)...
[M::mem_process_seqs] Processed 1457688 reads in 455.663 CPU sec, 49.261 real sec
[M::process] read 1462848 sequences (200000119 bp)...
[M::mem_pestat] # candidate unique pairs for (FF, FR, RF, RR): (35, 548970, 117, 29)
[M::mem_pestat] analyzing insert size distribution for orientation FF...
[M::mem_pestat] (25, 50, 75) percentile: (328, 509, 2185)
[M::mem_pestat] low and high boundaries for computing mean and std.dev: (1, 5899)
[M::mem_pestat] mean and std.dev: (1198.94, 1325.43)
[M::mem_pestat] low and high boundaries for proper pairs: (1, 7756)
[M::mem_pestat] analyzing insert size distribution for orientation FR...
[M::mem_pestat] (25, 50, 75) percentile: (269, 358, 457)
[M::mem_pestat] low and high boundaries for computing mean and std.dev: (1, 833)
[M::mem_pestat] mean and std.dev: (370.17, 138.89)
[M::mem_pestat] low and high boundaries for proper pairs: (1, 1021)
[M::mem_pestat] analyzing insert size distribution for orientation RF...
[M::mem_pestat] (25, 50, 75) percentile: (153, 654, 2297)
[M::mem_pestat] low and high boundaries for computing mean and std.dev: (1, 6585)
[M::mem_pestat] mean and std.dev: (1296.38, 1642.68)
[M::mem_pestat] low and high boundaries for proper pairs: (1, 8729)
[M::mem_pestat] analyzing insert size distribution for orientation RR...
[M::mem_pestat] (25, 50, 75) percentile: (179, 364, 3165)
[M::mem_pestat] low and high boundaries for computing mean and std.dev: (1, 9137)
[M::mem_pestat] mean and std.dev: (1302.83, 1717.75)
[M::mem_pestat] low and high boundaries for proper pairs: (1, 12123)
[M::mem_pestat] skip orientation FF
[M::mem_pestat] skip orientation RF
[M::mem_pestat] skip orientation RR
[M::mem_process_seqs] Processed 1458950 reads in 455.598 CPU sec, 49.843 real sec
[M::mem_pestat] # candidate unique pairs for (FF, FR, RF, RR): (29, 548070, 129, 41)
[M::mem_pestat] analyzing insert size distribution for orientation FF...
[M::mem_pestat] (25, 50, 75) percentile: (221, 403, 902)
[M::mem_pestat] low and high boundaries for computing mean and std.dev: (1, 2264)
[M::mem_pestat] mean and std.dev: (482.15, 372.40)
[M::mem_pestat] low and high boundaries for proper pairs: (1, 2945)
[M::mem_pestat] analyzing insert size distribution for orientation FR...
[M::mem_pestat] (25, 50, 75) percentile: (266, 354, 451)
[M::mem_pestat] low and high boundaries for computing mean and std.dev: (1, 821)
[M::mem_pestat] mean and std.dev: (365.26, 134.97)
[M::mem_pestat] low and high boundaries for proper pairs: (1, 1006)
[M::mem_pestat] analyzing insert size distribution for orientation RF...
[M::mem_pestat] (25, 50, 75) percentile: (121, 638, 2438)
[M::mem_pestat] low and high boundaries for computing mean and std.dev: (1, 7072)
[M::mem_pestat] mean and std.dev: (1270.30, 1711.98)
[M::mem_pestat] low and high boundaries for proper pairs: (1, 9389)
[M::mem_pestat] analyzing insert size distribution for orientation RR...
[M::mem_pestat] (25, 50, 75) percentile: (153, 390, 1511)
[M::mem_pestat] low and high boundaries for computing mean and std.dev: (1, 4227)
[M::mem_pestat] mean and std.dev: (731.38, 916.63)
[M::mem_pestat] low and high boundaries for proper pairs: (1, 5585)
[M::mem_pestat] skip orientation FF
[M::mem_pestat] skip orientation RF
[M::mem_pestat] skip orientation RR
[M::process] read 1461484 sequences (200000099 bp)...
[M::mem_process_seqs] Processed 1462848 reads in 460.191 CPU sec, 50.135 real sec
[M::mem_pestat] # candidate unique pairs for (FF, FR, RF, RR): (37, 551882, 112, 29)
[M::mem_pestat] analyzing insert size distribution for orientation FF...
[M::mem_pestat] (25, 50, 75) percentile: (195, 489, 699)
[M::mem_pestat] low and high boundaries for computing mean and std.dev: (1, 1707)
[M::mem_pestat] mean and std.dev: (459.00, 322.68)
[M::mem_pestat] low and high boundaries for proper pairs: (1, 2211)
[M::mem_pestat] analyzing insert size distribution for orientation FR...
[M::mem_pestat] (25, 50, 75) percentile: (266, 355, 453)
[M::mem_pestat] low and high boundaries for computing mean and std.dev: (1, 827)
[M::mem_pestat] mean and std.dev: (366.71, 137.47)
[M::mem_pestat] low and high boundaries for proper pairs: (1, 1014)
[M::mem_pestat] analyzing insert size distribution for orientation RF...
[M::mem_pestat] (25, 50, 75) percentile: (123, 711, 3195)
[M::mem_pestat] low and high boundaries for computing mean and std.dev: (1, 9339)
[M::mem_pestat] mean and std.dev: (2009.67, 2679.45)
[M::mem_pestat] low and high boundaries for proper pairs: (1, 12727)
[M::mem_pestat] analyzing insert size distribution for orientation RR...
[M::mem_pestat] (25, 50, 75) percentile: (170, 384, 774)
[M::mem_pestat] low and high boundaries for computing mean and std.dev: (1, 1982)
[M::mem_pestat] mean and std.dev: (412.92, 334.78)
[M::mem_pestat] low and high boundaries for proper pairs: (1, 2586)
[M::mem_pestat] skip orientation FF
[M::mem_pestat] skip orientation RF
[M::mem_pestat] skip orientation RR
[M::process] read 1457394 sequences (200000041 bp)...
[M::mem_process_seqs] Processed 1461484 reads in 453.329 CPU sec, 49.493 real sec
[M::mem_pestat] # candidate unique pairs for (FF, FR, RF, RR): (41, 549669, 136, 42)
[M::mem_pestat] analyzing insert size distribution for orientation FF...
[M::mem_pestat] (25, 50, 75) percentile: (258, 376, 674)
[M::mem_pestat] low and high boundaries for computing mean and std.dev: (1, 1506)
[M::mem_pestat] mean and std.dev: (451.46, 332.06)
[M::mem_pestat] low and high boundaries for proper pairs: (1, 1922)
[M::mem_pestat] analyzing insert size distribution for orientation FR...
[M::mem_pestat] (25, 50, 75) percentile: (269, 359, 459)
[M::mem_pestat] low and high boundaries for computing mean and std.dev: (1, 839)
[M::mem_pestat] mean and std.dev: (371.23, 140.15)
[M::mem_pestat] low and high boundaries for proper pairs: (1, 1029)
[M::mem_pestat] analyzing insert size distribution for orientation RF...
[M::mem_pestat] (25, 50, 75) percentile: (93, 559, 2941)
[M::mem_pestat] low and high boundaries for computing mean and std.dev: (1, 8637)
[M::mem_pestat] mean and std.dev: (1678.95, 2300.24)
[M::mem_pestat] low and high boundaries for proper pairs: (1, 11485)
[M::mem_pestat] analyzing insert size distribution for orientation RR...
[M::mem_pestat] (25, 50, 75) percentile: (179, 343, 687)
[M::mem_pestat] low and high boundaries for computing mean and std.dev: (1, 1703)
[M::mem_pestat] mean and std.dev: (358.75, 294.15)
[M::mem_pestat] low and high boundaries for proper pairs: (1, 2211)
[M::mem_pestat] skip orientation FF
[M::mem_pestat] skip orientation RF
[M::mem_pestat] skip orientation RR
[M::process] read 1458760 sequences (200000192 bp)...
[M::mem_process_seqs] Processed 1457394 reads in 455.031 CPU sec, 49.889 real sec
[M::mem_pestat] # candidate unique pairs for (FF, FR, RF, RR): (25, 549929, 115, 37)
[M::mem_pestat] analyzing insert size distribution for orientation FF...
[M::mem_pestat] (25, 50, 75) percentile: (243, 686, 2408)
[M::mem_pestat] low and high boundaries for computing mean and std.dev: (1, 6738)
[M::mem_pestat] mean and std.dev: (1030.17, 1013.19)
[M::mem_pestat] low and high boundaries for proper pairs: (1, 8903)
[M::mem_pestat] analyzing insert size distribution for orientation FR...
[M::mem_pestat] (25, 50, 75) percentile: (268, 357, 456)
[M::mem_pestat] low and high boundaries for computing mean and std.dev: (1, 832)
[M::mem_pestat] mean and std.dev: (369.49, 138.95)
[M::mem_pestat] low and high boundaries for proper pairs: (1, 1020)
[M::mem_pestat] analyzing insert size distribution for orientation RF...
[M::mem_pestat] (25, 50, 75) percentile: (99, 851, 4063)
[M::mem_pestat] low and high boundaries for computing mean and std.dev: (1, 11991)
[M::mem_pestat] mean and std.dev: (2348.12, 2898.16)
[M::mem_pestat] low and high boundaries for proper pairs: (1, 15955)
[M::mem_pestat] analyzing insert size distribution for orientation RR...
[M::mem_pestat] (25, 50, 75) percentile: (158, 296, 1931)
[M::mem_pestat] low and high boundaries for computing mean and std.dev: (1, 5477)
[M::mem_pestat] mean and std.dev: (1073.46, 1425.39)
[M::mem_pestat] low and high boundaries for proper pairs: (1, 7250)
[M::mem_pestat] skip orientation FF
[M::mem_pestat] skip orientation RF
[M::mem_pestat] skip orientation RR
[M::process] read 1462214 sequences (200000261 bp)...
[M::mem_process_seqs] Processed 1458760 reads in 456.006 CPU sec, 49.538 real sec
[M::mem_pestat] # candidate unique pairs for (FF, FR, RF, RR): (33, 549143, 133, 46)
[M::mem_pestat] analyzing insert size distribution for orientation FF...
[M::mem_pestat] (25, 50, 75) percentile: (276, 371, 1101)
[M::mem_pestat] low and high boundaries for computing mean and std.dev: (1, 2751)
[M::mem_pestat] mean and std.dev: (404.96, 253.80)
[M::mem_pestat] low and high boundaries for proper pairs: (1, 3576)
[M::mem_pestat] analyzing insert size distribution for orientation FR...
[M::mem_pestat] (25, 50, 75) percentile: (267, 355, 452)
[M::mem_pestat] low and high boundaries for computing mean and std.dev: (1, 822)
[M::mem_pestat] mean and std.dev: (366.03, 135.62)
[M::mem_pestat] low and high boundaries for proper pairs: (1, 1007)
[M::mem_pestat] analyzing insert size distribution for orientation RF...
[M::mem_pestat] (25, 50, 75) percentile: (140, 560, 3636)
[M::mem_pestat] low and high boundaries for computing mean and std.dev: (1, 10628)
[M::mem_pestat] mean and std.dev: (2039.68, 2609.09)
[M::mem_pestat] low and high boundaries for proper pairs: (1, 14124)
[M::mem_pestat] analyzing insert size distribution for orientation RR...
[M::mem_pestat] (25, 50, 75) percentile: (121, 302, 597)
[M::mem_pestat] low and high boundaries for computing mean and std.dev: (1, 1549)
[M::mem_pestat] mean and std.dev: (351.32, 331.88)
[M::mem_pestat] low and high boundaries for proper pairs: (1, 2025)
[M::mem_pestat] skip orientation FF
[M::mem_pestat] skip orientation RF
[M::mem_pestat] skip orientation RR
[M::mem_process_seqs] Processed 1462214 reads in 472.850 CPU sec, 74.896 real sec
[M::process] read 1465726 sequences (200000051 bp)...
[M::process] read 1458982 sequences (200000088 bp)...
[M::mem_pestat] # candidate unique pairs for (FF, FR, RF, RR): (25, 552129, 120, 39)
[M::mem_pestat] analyzing insert size distribution for orientation FF...
[M::mem_pestat] (25, 50, 75) percentile: (262, 853, 3405)
[M::mem_pestat] low and high boundaries for computing mean and std.dev: (1, 9691)
[M::mem_pestat] mean and std.dev: (2117.84, 2685.80)
[M::mem_pestat] low and high boundaries for proper pairs: (1, 12861)
[M::mem_pestat] analyzing insert size distribution for orientation FR...
[M::mem_pestat] (25, 50, 75) percentile: (263, 351, 446)
[M::mem_pestat] low and high boundaries for computing mean and std.dev: (1, 812)
[M::mem_pestat] mean and std.dev: (361.21, 133.73)
[M::mem_pestat] low and high boundaries for proper pairs: (1, 995)
[M::mem_pestat] analyzing insert size distribution for orientation RF...
[M::mem_pestat] (25, 50, 75) percentile: (76, 533, 2331)
[M::mem_pestat] low and high boundaries for computing mean and std.dev: (1, 6841)
[M::mem_pestat] mean and std.dev: (1055.25, 1551.83)
[M::mem_pestat] low and high boundaries for proper pairs: (1, 9096)
[M::mem_pestat] analyzing insert size distribution for orientation RR...
[M::mem_pestat] (25, 50, 75) percentile: (169, 260, 601)
[M::mem_pestat] low and high boundaries for computing mean and std.dev: (1, 1465)
[M::mem_pestat] mean and std.dev: (286.30, 192.52)
[M::mem_pestat] low and high boundaries for proper pairs: (1, 1897)
[M::mem_pestat] skip orientation FF
[M::mem_pestat] skip orientation RF
[M::mem_pestat] skip orientation RR
[M::mem_process_seqs] Processed 1465726 reads in 454.049 CPU sec, 48.329 real sec
[M::process] read 1459812 sequences (200000126 bp)...
[M::mem_pestat] # candidate unique pairs for (FF, FR, RF, RR): (34, 550927, 121, 19)
[M::mem_pestat] analyzing insert size distribution for orientation FF...
[M::mem_pestat] (25, 50, 75) percentile: (330, 495, 955)
[M::mem_pestat] low and high boundaries for computing mean and std.dev: (1, 2205)
[M::mem_pestat] mean and std.dev: (577.87, 436.11)
[M::mem_pestat] low and high boundaries for proper pairs: (1, 2830)
[M::mem_pestat] analyzing insert size distribution for orientation FR...
[M::mem_pestat] (25, 50, 75) percentile: (267, 356, 455)
[M::mem_pestat] low and high boundaries for computing mean and std.dev: (1, 831)
[M::mem_pestat] mean and std.dev: (367.99, 138.51)
[M::mem_pestat] low and high boundaries for proper pairs: (1, 1019)
[M::mem_pestat] analyzing insert size distribution for orientation RF...
[M::mem_pestat] (25, 50, 75) percentile: (133, 816, 3992)
[M::mem_pestat] low and high boundaries for computing mean and std.dev: (1, 11710)
[M::mem_pestat] mean and std.dev: (2249.38, 2652.14)
[M::mem_pestat] low and high boundaries for proper pairs: (1, 15569)
[M::mem_pestat] analyzing insert size distribution for orientation RR...
[M::mem_pestat] (25, 50, 75) percentile: (265, 503, 1724)
[M::mem_pestat] low and high boundaries for computing mean and std.dev: (1, 4642)
[M::mem_pestat] mean and std.dev: (867.71, 1100.93)
[M::mem_pestat] low and high boundaries for proper pairs: (1, 6101)
[M::mem_pestat] skip orientation FF
[M::mem_pestat] skip orientation RF
[M::mem_pestat] skip orientation RR
[M::mem_process_seqs] Processed 1458982 reads in 452.132 CPU sec, 49.356 real sec
[M::mem_pestat] # candidate unique pairs for (FF, FR, RF, RR): (34, 550198, 109, 32)
[M::mem_pestat] analyzing insert size distribution for orientation FF...
[M::mem_pestat] (25, 50, 75) percentile: (318, 466, 1328)
[M::mem_pestat] low and high boundaries for computing mean and std.dev: (1, 3348)
[M::mem_pestat] mean and std.dev: (723.17, 745.63)
[M::mem_pestat] low and high boundaries for proper pairs: (1, 4358)
[M::mem_pestat] analyzing insert size distribution for orientation FR...
[M::mem_pestat] (25, 50, 75) percentile: (268, 356, 455)
[M::mem_pestat] low and high boundaries for computing mean and std.dev: (1, 829)
[M::mem_pestat] mean and std.dev: (368.24, 138.01)
[M::mem_pestat] low and high boundaries for proper pairs: (1, 1016)
[M::mem_pestat] analyzing insert size distribution for orientation RF...
[M::mem_pestat] (25, 50, 75) percentile: (75, 383, 2514)
[M::mem_pestat] low and high boundaries for computing mean and std.dev: (1, 7392)
[M::mem_pestat] mean and std.dev: (1288.01, 1885.94)
[M::mem_pestat] low and high boundaries for proper pairs: (1, 9831)
[M::mem_pestat] analyzing insert size distribution for orientation RR...
[M::mem_pestat] (25, 50, 75) percentile: (208, 454, 1324)
[M::mem_pestat] low and high boundaries for computing mean and std.dev: (1, 3556)
[M::mem_pestat] mean and std.dev: (554.81, 521.63)
[M::mem_pestat] low and high boundaries for proper pairs: (1, 4672)
[M::mem_pestat] skip orientation FF
[M::mem_pestat] skip orientation RF
[M::mem_pestat] skip orientation RR
[M::process] read 1463622 sequences (200000150 bp)...
[M::mem_process_seqs] Processed 1459812 reads in 454.252 CPU sec, 49.170 real sec
[M::mem_pestat] # candidate unique pairs for (FF, FR, RF, RR): (27, 549709, 132, 36)
[M::mem_pestat] analyzing insert size distribution for orientation FF...
[M::mem_pestat] (25, 50, 75) percentile: (339, 663, 1083)
[M::mem_pestat] low and high boundaries for computing mean and std.dev: (1, 2571)
[M::mem_pestat] mean and std.dev: (605.09, 381.48)
[M::mem_pestat] low and high boundaries for proper pairs: (1, 3315)
[M::mem_pestat] analyzing insert size distribution for orientation FR...
[M::mem_pestat] (25, 50, 75) percentile: (266, 354, 451)
[M::mem_pestat] low and high boundaries for computing mean and std.dev: (1, 821)
[M::mem_pestat] mean and std.dev: (365.25, 135.34)
[M::mem_pestat] low and high boundaries for proper pairs: (1, 1006)
[M::mem_pestat] analyzing insert size distribution for orientation RF...
[M::mem_pestat] (25, 50, 75) percentile: (119, 467, 2091)
[M::mem_pestat] low and high boundaries for computing mean and std.dev: (1, 6035)
[M::mem_pestat] mean and std.dev: (1110.97, 1544.53)
[M::mem_pestat] low and high boundaries for proper pairs: (1, 8007)
[M::mem_pestat] analyzing insert size distribution for orientation RR...
[M::mem_pestat] (25, 50, 75) percentile: (184, 375, 615)
[M::mem_pestat] low and high boundaries for computing mean and std.dev: (1, 1477)
[M::mem_pestat] mean and std.dev: (317.21, 263.84)
[M::mem_pestat] low and high boundaries for proper pairs: (1, 1908)
[M::mem_pestat] skip orientation FF
[M::mem_pestat] skip orientation RF
[M::mem_pestat] skip orientation RR
[M::process] read 1468350 sequences (200000153 bp)...
[M::mem_process_seqs] Processed 1463622 reads in 457.548 CPU sec, 49.432 real sec
[M::process] read 1461642 sequences (200000141 bp)...
[M::mem_pestat] # candidate unique pairs for (FF, FR, RF, RR): (17, 552125, 95, 31)
[M::mem_pestat] analyzing insert size distribution for orientation FF...
[M::mem_pestat] (25, 50, 75) percentile: (363, 461, 1085)
[M::mem_pestat] low and high boundaries for computing mean and std.dev: (1, 2529)
[M::mem_pestat] mean and std.dev: (572.00, 476.57)
[M::mem_pestat] low and high boundaries for proper pairs: (1, 3251)
[M::mem_pestat] analyzing insert size distribution for orientation FR...
[M::mem_pestat] (25, 50, 75) percentile: (260, 347, 441)
[M::mem_pestat] low and high boundaries for computing mean and std.dev: (1, 803)
[M::mem_pestat] mean and std.dev: (357.20, 131.66)
[M::mem_pestat] low and high boundaries for proper pairs: (1, 984)
[M::mem_pestat] analyzing insert size distribution for orientation RF...
[M::mem_pestat] (25, 50, 75) percentile: (57, 875, 3017)
[M::mem_pestat] low and high boundaries for computing mean and std.dev: (1, 8937)
[M::mem_pestat] mean and std.dev: (1901.65, 2456.67)
[M::mem_pestat] low and high boundaries for proper pairs: (1, 11897)
[M::mem_pestat] analyzing insert size distribution for orientation RR...
[M::mem_pestat] (25, 50, 75) percentile: (210, 334, 2226)
[M::mem_pestat] low and high boundaries for computing mean and std.dev: (1, 6258)
[M::mem_pestat] mean and std.dev: (998.66, 1241.33)
[M::mem_pestat] low and high boundaries for proper pairs: (1, 8274)
[M::mem_pestat] skip orientation FF
[M::mem_pestat] skip orientation RF
[M::mem_pestat] skip orientation RR
[M::mem_process_seqs] Processed 1468350 reads in 456.916 CPU sec, 49.880 real sec
[M::mem_pestat] # candidate unique pairs for (FF, FR, RF, RR): (23, 552546, 116, 32)
[M::mem_pestat] analyzing insert size distribution for orientation FF...
[M::mem_pestat] (25, 50, 75) percentile: (228, 300, 923)
[M::mem_pestat] low and high boundaries for computing mean and std.dev: (1, 2313)
[M::mem_pestat] mean and std.dev: (439.63, 499.05)
[M::mem_pestat] low and high boundaries for proper pairs: (1, 3008)
[M::mem_pestat] analyzing insert size distribution for orientation FR...
[M::mem_pestat] (25, 50, 75) percentile: (264, 351, 449)
[M::mem_pestat] low and high boundaries for computing mean and std.dev: (1, 819)
[M::mem_pestat] mean and std.dev: (363.31, 136.13)
[M::mem_pestat] low and high boundaries for proper pairs: (1, 1004)
[M::mem_pestat] analyzing insert size distribution for orientation RF...
[M::mem_pestat] (25, 50, 75) percentile: (60, 319, 1879)
[M::mem_pestat] low and high boundaries for computing mean and std.dev: (1, 5517)
[M::mem_pestat] mean and std.dev: (857.72, 1361.65)
[M::mem_pestat] low and high boundaries for proper pairs: (1, 7336)
[M::mem_pestat] analyzing insert size distribution for orientation RR...
[M::mem_pestat] (25, 50, 75) percentile: (271, 400, 1279)
[M::mem_pestat] low and high boundaries for computing mean and std.dev: (1, 3295)
[M::mem_pestat] mean and std.dev: (517.19, 492.90)
[M::mem_pestat] low and high boundaries for proper pairs: (1, 4303)
[M::mem_pestat] skip orientation FF
[M::mem_pestat] skip orientation RF
[M::mem_pestat] skip orientation RR
[M::process] read 1463204 sequences (200000171 bp)...
[M::mem_process_seqs] Processed 1461642 reads in 454.259 CPU sec, 49.159 real sec
[M::mem_pestat] # candidate unique pairs for (FF, FR, RF, RR): (37, 551562, 105, 39)
[M::mem_pestat] analyzing insert size distribution for orientation FF...
[M::mem_pestat] (25, 50, 75) percentile: (382, 506, 1600)
[M::mem_pestat] low and high boundaries for computing mean and std.dev: (1, 4036)
[M::mem_pestat] mean and std.dev: (695.12, 588.33)
[M::mem_pestat] low and high boundaries for proper pairs: (1, 5254)
[M::mem_pestat] analyzing insert size distribution for orientation FR...
[M::mem_pestat] (25, 50, 75) percentile: (266, 353, 450)
[M::mem_pestat] low and high boundaries for computing mean and std.dev: (1, 818)
[M::mem_pestat] mean and std.dev: (364.50, 135.50)
[M::mem_pestat] low and high boundaries for proper pairs: (1, 1002)
[M::mem_pestat] analyzing insert size distribution for orientation RF...
[M::mem_pestat] (25, 50, 75) percentile: (79, 554, 3298)
[M::mem_pestat] low and high boundaries for computing mean and std.dev: (1, 9736)
[M::mem_pestat] mean and std.dev: (1763.39, 2380.72)
[M::mem_pestat] low and high boundaries for proper pairs: (1, 12955)
[M::mem_pestat] analyzing insert size distribution for orientation RR...
[M::mem_pestat] (25, 50, 75) percentile: (182, 595, 1352)
[M::mem_pestat] low and high boundaries for computing mean and std.dev: (1, 3692)
[M::mem_pestat] mean and std.dev: (664.09, 706.60)
[M::mem_pestat] low and high boundaries for proper pairs: (1, 4862)
[M::mem_pestat] skip orientation FF
[M::mem_pestat] skip orientation RF
[M::mem_pestat] skip orientation RR
[M::process] read 1465854 sequences (200000181 bp)...
[M::mem_process_seqs] Processed 1463204 reads in 457.968 CPU sec, 49.497 real sec
[M::mem_pestat] # candidate unique pairs for (FF, FR, RF, RR): (29, 550766, 132, 29)
[M::mem_pestat] analyzing insert size distribution for orientation FF...
[M::mem_pestat] (25, 50, 75) percentile: (313, 495, 1171)
[M::mem_pestat] low and high boundaries for computing mean and std.dev: (1, 2887)
[M::mem_pestat] mean and std.dev: (586.20, 555.67)
[M::mem_pestat] low and high boundaries for proper pairs: (1, 3745)
[M::mem_pestat] analyzing insert size distribution for orientation FR...
[M::mem_pestat] (25, 50, 75) percentile: (265, 352, 447)
[M::mem_pestat] low and high boundaries for computing mean and std.dev: (1, 811)
[M::mem_pestat] mean and std.dev: (362.51, 133.66)
[M::mem_pestat] low and high boundaries for proper pairs: (1, 993)
[M::mem_pestat] analyzing insert size distribution for orientation RF...
[M::mem_pestat] (25, 50, 75) percentile: (48, 430, 2678)
[M::mem_pestat] low and high boundaries for computing mean and std.dev: (1, 7938)
[M::mem_pestat] mean and std.dev: (1371.39, 1931.52)
[M::mem_pestat] low and high boundaries for proper pairs: (1, 10568)
[M::mem_pestat] analyzing insert size distribution for orientation RR...
[M::mem_pestat] (25, 50, 75) percentile: (210, 349, 1287)
[M::mem_pestat] low and high boundaries for computing mean and std.dev: (1, 3441)
[M::mem_pestat] mean and std.dev: (556.28, 669.46)
[M::mem_pestat] low and high boundaries for proper pairs: (1, 4518)
[M::mem_pestat] skip orientation FF
[M::mem_pestat] skip orientation RF
[M::mem_pestat] skip orientation RR
[M::process] read 1468592 sequences (200000207 bp)...
[M::mem_process_seqs] Processed 1465854 reads in 460.984 CPU sec, 50.206 real sec
[M::mem_pestat] # candidate unique pairs for (FF, FR, RF, RR): (31, 552223, 124, 34)
[M::mem_pestat] analyzing insert size distribution for orientation FF...
[M::mem_pestat] (25, 50, 75) percentile: (314, 485, 1373)
[M::mem_pestat] low and high boundaries for computing mean and std.dev: (1, 3491)
[M::mem_pestat] mean and std.dev: (801.07, 863.21)
[M::mem_pestat] low and high boundaries for proper pairs: (1, 4550)
[M::mem_pestat] analyzing insert size distribution for orientation FR...
[M::mem_pestat] (25, 50, 75) percentile: (262, 349, 443)
[M::mem_pestat] low and high boundaries for computing mean and std.dev: (1, 805)
[M::mem_pestat] mean and std.dev: (358.94, 131.88)
[M::mem_pestat] low and high boundaries for proper pairs: (1, 986)
[M::mem_pestat] analyzing insert size distribution for orientation RF...
[M::mem_pestat] (25, 50, 75) percentile: (62, 528, 1824)
[M::mem_pestat] low and high boundaries for computing mean and std.dev: (1, 5348)
[M::mem_pestat] mean and std.dev: (1050.05, 1387.34)
[M::mem_pestat] low and high boundaries for proper pairs: (1, 7110)
[M::mem_pestat] analyzing insert size distribution for orientation RR...
[M::mem_pestat] (25, 50, 75) percentile: (215, 386, 881)
[M::mem_pestat] low and high boundaries for computing mean and std.dev: (1, 2213)
[M::mem_pestat] mean and std.dev: (371.93, 273.85)
[M::mem_pestat] low and high boundaries for proper pairs: (1, 2879)
[M::mem_pestat] skip orientation FF
[M::mem_pestat] skip orientation RF
[M::mem_pestat] skip orientation RR
[M::process] read 1459112 sequences (200000267 bp)...
[M::mem_process_seqs] Processed 1468592 reads in 456.271 CPU sec, 49.363 real sec
[M::mem_pestat] # candidate unique pairs for (FF, FR, RF, RR): (27, 552329, 116, 38)
[M::mem_pestat] analyzing insert size distribution for orientation FF...
[M::mem_pestat] (25, 50, 75) percentile: (261, 445, 1101)
[M::mem_pestat] low and high boundaries for computing mean and std.dev: (1, 2781)
[M::mem_pestat] mean and std.dev: (529.46, 430.71)
[M::mem_pestat] low and high boundaries for proper pairs: (1, 3621)
[M::mem_pestat] analyzing insert size distribution for orientation FR...
[M::mem_pestat] (25, 50, 75) percentile: (266, 355, 453)
[M::mem_pestat] low and high boundaries for computing mean and std.dev: (1, 827)
[M::mem_pestat] mean and std.dev: (366.24, 137.62)
[M::mem_pestat] low and high boundaries for proper pairs: (1, 1014)
[M::mem_pestat] analyzing insert size distribution for orientation RF...
[M::mem_pestat] (25, 50, 75) percentile: (142, 539, 3123)
[M::mem_pestat] low and high boundaries for computing mean and std.dev: (1, 9085)
[M::mem_pestat] mean and std.dev: (1664.57, 2172.74)
[M::mem_pestat] low and high boundaries for proper pairs: (1, 12066)
[M::mem_pestat] analyzing insert size distribution for orientation RR...
[M::mem_pestat] (25, 50, 75) percentile: (208, 490, 2218)
[M::mem_pestat] low and high boundaries for computing mean and std.dev: (1, 6238)
[M::mem_pestat] mean and std.dev: (1307.17, 1804.09)
[M::mem_pestat] low and high boundaries for proper pairs: (1, 8524)
[M::mem_pestat] skip orientation FF
[M::mem_pestat] skip orientation RF
[M::mem_pestat] skip orientation RR
[M::process] read 1459076 sequences (200000261 bp)...
[M::mem_process_seqs] Processed 1459112 reads in 448.877 CPU sec, 48.747 real sec
[M::mem_pestat] # candidate unique pairs for (FF, FR, RF, RR): (34, 551215, 118, 29)
[M::mem_pestat] analyzing insert size distribution for orientation FF...
[M::mem_pestat] (25, 50, 75) percentile: (299, 484, 1004)
[M::mem_pestat] low and high boundaries for computing mean and std.dev: (1, 2414)
[M::mem_pestat] mean and std.dev: (516.34, 355.47)
[M::mem_pestat] low and high boundaries for proper pairs: (1, 3119)
[M::mem_pestat] analyzing insert size distribution for orientation FR...
[M::mem_pestat] (25, 50, 75) percentile: (267, 355, 453)
[M::mem_pestat] low and high boundaries for computing mean and std.dev: (1, 825)
[M::mem_pestat] mean and std.dev: (366.93, 137.18)
[M::mem_pestat] low and high boundaries for proper pairs: (1, 1011)
[M::mem_pestat] analyzing insert size distribution for orientation RF...
[M::mem_pestat] (25, 50, 75) percentile: (68, 398, 2435)
[M::mem_pestat] low and high boundaries for computing mean and std.dev: (1, 7169)
[M::mem_pestat] mean and std.dev: (1174.18, 1662.02)
[M::mem_pestat] low and high boundaries for proper pairs: (1, 9536)
[M::mem_pestat] analyzing insert size distribution for orientation RR...
[M::mem_pestat] (25, 50, 75) percentile: (295, 594, 2595)
[M::mem_pestat] low and high boundaries for computing mean and std.dev: (1, 7195)
[M::mem_pestat] mean and std.dev: (1222.00, 1569.87)
[M::mem_pestat] low and high boundaries for proper pairs: (1, 9495)
[M::mem_pestat] skip orientation FF
[M::mem_pestat] skip orientation RF
[M::mem_pestat] skip orientation RR
[M::process] read 1459970 sequences (200000006 bp)...
[M::mem_process_seqs] Processed 1459076 reads in 451.514 CPU sec, 48.823 real sec
[M::mem_pestat] # candidate unique pairs for (FF, FR, RF, RR): (28, 549399, 134, 38)
[M::mem_pestat] analyzing insert size distribution for orientation FF...
[M::mem_pestat] (25, 50, 75) percentile: (230, 362, 827)
[M::mem_pestat] low and high boundaries for computing mean and std.dev: (1, 2021)
[M::mem_pestat] mean and std.dev: (396.12, 294.58)
[M::mem_pestat] low and high boundaries for proper pairs: (1, 2618)
[M::mem_pestat] analyzing insert size distribution for orientation FR...
[M::mem_pestat] (25, 50, 75) percentile: (266, 354, 451)
[M::mem_pestat] low and high boundaries for computing mean and std.dev: (1, 821)
[M::mem_pestat] mean and std.dev: (365.54, 136.00)
[M::mem_pestat] low and high boundaries for proper pairs: (1, 1006)
[M::mem_pestat] analyzing insert size distribution for orientation RF...
[M::mem_pestat] (25, 50, 75) percentile: (102, 527, 3244)
[M::mem_pestat] low and high boundaries for computing mean and std.dev: (1, 9528)
[M::mem_pestat] mean and std.dev: (1890.14, 2572.49)
[M::mem_pestat] low and high boundaries for proper pairs: (1, 12670)
[M::mem_pestat] analyzing insert size distribution for orientation RR...
[M::mem_pestat] (25, 50, 75) percentile: (220, 469, 1223)
[M::mem_pestat] low and high boundaries for computing mean and std.dev: (1, 3229)
[M::mem_pestat] mean and std.dev: (562.88, 571.40)
[M::mem_pestat] low and high boundaries for proper pairs: (1, 4232)
[M::mem_pestat] skip orientation FF
[M::mem_pestat] skip orientation RF
[M::mem_pestat] skip orientation RR
[M::process] read 1465476 sequences (200000254 bp)...
[M::mem_process_seqs] Processed 1459970 reads in 455.508 CPU sec, 49.614 real sec
[M::mem_pestat] # candidate unique pairs for (FF, FR, RF, RR): (29, 550177, 130, 36)
[M::mem_pestat] analyzing insert size distribution for orientation FF...
[M::mem_pestat] (25, 50, 75) percentile: (171, 699, 2877)
[M::mem_pestat] low and high boundaries for computing mean and std.dev: (1, 8289)
[M::mem_pestat] mean and std.dev: (1570.52, 1817.79)
[M::mem_pestat] low and high boundaries for proper pairs: (1, 10995)
[M::mem_pestat] analyzing insert size distribution for orientation FR...
[M::mem_pestat] (25, 50, 75) percentile: (264, 352, 448)
[M::mem_pestat] low and high boundaries for computing mean and std.dev: (1, 816)
[M::mem_pestat] mean and std.dev: (362.55, 134.06)
[M::mem_pestat] low and high boundaries for proper pairs: (1, 1000)
[M::mem_pestat] analyzing insert size distribution for orientation RF...
[M::mem_pestat] (25, 50, 75) percentile: (89, 532, 3264)
[M::mem_pestat] low and high boundaries for computing mean and std.dev: (1, 9614)
[M::mem_pestat] mean and std.dev: (1811.36, 2472.26)
[M::mem_pestat] low and high boundaries for proper pairs: (1, 12789)
[M::mem_pestat] analyzing insert size distribution for orientation RR...
[M::mem_pestat] (25, 50, 75) percentile: (170, 527, 1925)
[M::mem_pestat] low and high boundaries for computing mean and std.dev: (1, 5435)
[M::mem_pestat] mean and std.dev: (1057.77, 1221.71)
[M::mem_pestat] low and high boundaries for proper pairs: (1, 7190)
[M::mem_pestat] skip orientation FF
[M::mem_pestat] skip orientation RF
[M::mem_pestat] skip orientation RR
[M::process] read 1477036 sequences (200000244 bp)...
[M::mem_process_seqs] Processed 1465476 reads in 472.527 CPU sec, 51.152 real sec
[M::process] read 1480176 sequences (200000093 bp)...
[M::mem_pestat] # candidate unique pairs for (FF, FR, RF, RR): (30, 551899, 129, 36)
[M::mem_pestat] analyzing insert size distribution for orientation FF...
[M::mem_pestat] (25, 50, 75) percentile: (236, 394, 629)
[M::mem_pestat] low and high boundaries for computing mean and std.dev: (1, 1415)
[M::mem_pestat] mean and std.dev: (401.38, 260.44)
[M::mem_pestat] low and high boundaries for proper pairs: (1, 1808)
[M::mem_pestat] analyzing insert size distribution for orientation FR...
[M::mem_pestat] (25, 50, 75) percentile: (269, 359, 459)
[M::mem_pestat] low and high boundaries for computing mean and std.dev: (1, 839)
[M::mem_pestat] mean and std.dev: (371.03, 140.11)
[M::mem_pestat] low and high boundaries for proper pairs: (1, 1029)
[M::mem_pestat] analyzing insert size distribution for orientation RF...
[M::mem_pestat] (25, 50, 75) percentile: (148, 729, 3711)
[M::mem_pestat] low and high boundaries for computing mean and std.dev: (1, 10837)
[M::mem_pestat] mean and std.dev: (2033.84, 2614.68)
[M::mem_pestat] low and high boundaries for proper pairs: (1, 14400)
[M::mem_pestat] analyzing insert size distribution for orientation RR...
[M::mem_pestat] (25, 50, 75) percentile: (227, 400, 3349)
[M::mem_pestat] low and high boundaries for computing mean and std.dev: (1, 9593)
[M::mem_pestat] mean and std.dev: (1643.86, 2402.81)
[M::mem_pestat] low and high boundaries for proper pairs: (1, 12715)
[M::mem_pestat] skip orientation FF
[M::mem_pestat] skip orientation RF
[M::mem_pestat] skip orientation RR
[M::mem_process_seqs] Processed 1477036 reads in 587.478 CPU sec, 71.033 real sec
[M::process] read 1476896 sequences (200000089 bp)...
[M::mem_pestat] # candidate unique pairs for (FF, FR, RF, RR): (36, 553780, 131, 29)
[M::mem_pestat] analyzing insert size distribution for orientation FF...
[M::mem_pestat] (25, 50, 75) percentile: (362, 460, 628)
[M::mem_pestat] low and high boundaries for computing mean and std.dev: (1, 1160)
[M::mem_pestat] mean and std.dev: (395.79, 192.13)
[M::mem_pestat] low and high boundaries for proper pairs: (1, 1426)
[M::mem_pestat] analyzing insert size distribution for orientation FR...
[M::mem_pestat] (25, 50, 75) percentile: (270, 360, 459)
[M::mem_pestat] low and high boundaries for computing mean and std.dev: (1, 837)
[M::mem_pestat] mean and std.dev: (371.71, 139.83)
[M::mem_pestat] low and high boundaries for proper pairs: (1, 1026)
[M::mem_pestat] analyzing insert size distribution for orientation RF...
[M::mem_pestat] (25, 50, 75) percentile: (74, 402, 3144)
[M::mem_pestat] low and high boundaries for computing mean and std.dev: (1, 9284)
[M::mem_pestat] mean and std.dev: (1628.65, 2239.25)
[M::mem_pestat] low and high boundaries for proper pairs: (1, 12354)
[M::mem_pestat] analyzing insert size distribution for orientation RR...
[M::mem_pestat] (25, 50, 75) percentile: (126, 239, 440)
[M::mem_pestat] low and high boundaries for computing mean and std.dev: (1, 1068)
[M::mem_pestat] mean and std.dev: (249.81, 178.68)
[M::mem_pestat] low and high boundaries for proper pairs: (1, 1382)
[M::mem_pestat] skip orientation FF
[M::mem_pestat] skip orientation RF
[M::mem_pestat] skip orientation RR
[M::mem_process_seqs] Processed 1480176 reads in 552.966 CPU sec, 59.847 real sec
[M::process] read 1473208 sequences (200000052 bp)...
[M::mem_pestat] # candidate unique pairs for (FF, FR, RF, RR): (24, 550818, 161, 35)
[M::mem_pestat] analyzing insert size distribution for orientation FF...
[M::mem_pestat] (25, 50, 75) percentile: (285, 491, 839)
[M::mem_pestat] low and high boundaries for computing mean and std.dev: (1, 1947)
[M::mem_pestat] mean and std.dev: (454.48, 289.48)
[M::mem_pestat] low and high boundaries for proper pairs: (1, 2501)
[M::mem_pestat] analyzing insert size distribution for orientation FR...
[M::mem_pestat] (25, 50, 75) percentile: (268, 357, 455)
[M::mem_pestat] low and high boundaries for computing mean and std.dev: (1, 829)
[M::mem_pestat] mean and std.dev: (368.37, 137.76)
[M::mem_pestat] low and high boundaries for proper pairs: (1, 1016)
[M::mem_pestat] analyzing insert size distribution for orientation RF...
[M::mem_pestat] (25, 50, 75) percentile: (136, 679, 2939)
[M::mem_pestat] low and high boundaries for computing mean and std.dev: (1, 8545)
[M::mem_pestat] mean and std.dev: (1620.24, 2059.84)
[M::mem_pestat] low and high boundaries for proper pairs: (1, 11348)
[M::mem_pestat] analyzing insert size distribution for orientation RR...
[M::mem_pestat] (25, 50, 75) percentile: (205, 592, 1298)
[M::mem_pestat] low and high boundaries for computing mean and std.dev: (1, 3484)
[M::mem_pestat] mean and std.dev: (607.63, 601.08)
[M::mem_pestat] low and high boundaries for proper pairs: (1, 4577)
[M::mem_pestat] skip orientation FF
[M::mem_pestat] skip orientation RF
[M::mem_pestat] skip orientation RR
[M::mem_process_seqs] Processed 1476896 reads in 543.512 CPU sec, 58.375 real sec
[M::mem_pestat] # candidate unique pairs for (FF, FR, RF, RR): (32, 550854, 144, 39)
[M::mem_pestat] analyzing insert size distribution for orientation FF...
[M::mem_pestat] (25, 50, 75) percentile: (230, 481, 1738)
[M::mem_pestat] low and high boundaries for computing mean and std.dev: (1, 4754)
[M::mem_pestat] mean and std.dev: (945.57, 1180.55)
[M::mem_pestat] low and high boundaries for proper pairs: (1, 6262)
[M::mem_pestat] analyzing insert size distribution for orientation FR...
[M::mem_pestat] (25, 50, 75) percentile: (268, 357, 457)
[M::mem_pestat] low and high boundaries for computing mean and std.dev: (1, 835)
[M::mem_pestat] mean and std.dev: (369.33, 139.08)
[M::mem_pestat] low and high boundaries for proper pairs: (1, 1024)
[M::mem_pestat] analyzing insert size distribution for orientation RF...
[M::mem_pestat] (25, 50, 75) percentile: (97, 421, 2573)
[M::mem_pestat] low and high boundaries for computing mean and std.dev: (1, 7525)
[M::mem_pestat] mean and std.dev: (1269.09, 1751.44)
[M::mem_pestat] low and high boundaries for proper pairs: (1, 10001)
[M::mem_pestat] analyzing insert size distribution for orientation RR...
[M::mem_pestat] (25, 50, 75) percentile: (200, 437, 1480)
[M::mem_pestat] low and high boundaries for computing mean and std.dev: (1, 4040)
[M::mem_pestat] mean and std.dev: (793.97, 891.79)
[M::mem_pestat] low and high boundaries for proper pairs: (1, 5320)
[M::mem_pestat] skip orientation FF
[M::mem_pestat] skip orientation RF
[M::mem_pestat] skip orientation RR
[M::mem_process_seqs] Processed 1473208 reads in 522.478 CPU sec, 102.165 real sec
[M::process] read 1462906 sequences (200000228 bp)...
[M::process] read 1466284 sequences (200000245 bp)...
[M::mem_pestat] # candidate unique pairs for (FF, FR, RF, RR): (31, 549373, 134, 35)
[M::mem_pestat] analyzing insert size distribution for orientation FF...
[M::mem_pestat] (25, 50, 75) percentile: (303, 457, 1160)
[M::mem_pestat] low and high boundaries for computing mean and std.dev: (1, 2874)
[M::mem_pestat] mean and std.dev: (616.81, 485.93)
[M::mem_pestat] low and high boundaries for proper pairs: (1, 3731)
[M::mem_pestat] analyzing insert size distribution for orientation FR...
[M::mem_pestat] (25, 50, 75) percentile: (272, 362, 463)
[M::mem_pestat] low and high boundaries for computing mean and std.dev: (1, 845)
[M::mem_pestat] mean and std.dev: (374.69, 142.28)
[M::mem_pestat] low and high boundaries for proper pairs: (1, 1036)
[M::mem_pestat] analyzing insert size distribution for orientation RF...
[M::mem_pestat] (25, 50, 75) percentile: (75, 471, 1256)
[M::mem_pestat] low and high boundaries for computing mean and std.dev: (1, 3618)
[M::mem_pestat] mean and std.dev: (691.39, 926.95)
[M::mem_pestat] low and high boundaries for proper pairs: (1, 4799)
[M::mem_pestat] analyzing insert size distribution for orientation RR...
[M::mem_pestat] (25, 50, 75) percentile: (225, 339, 1327)
[M::mem_pestat] low and high boundaries for computing mean and std.dev: (1, 3531)
[M::mem_pestat] mean and std.dev: (673.88, 810.60)
[M::mem_pestat] low and high boundaries for proper pairs: (1, 4633)
[M::mem_pestat] skip orientation FF
[M::mem_pestat] skip orientation RF
[M::mem_pestat] skip orientation RR
[M::mem_process_seqs] Processed 1462906 reads in 471.054 CPU sec, 47.961 real sec
[M::process] read 1462354 sequences (200000037 bp)...
[M::mem_pestat] # candidate unique pairs for (FF, FR, RF, RR): (35, 550611, 140, 34)
[M::mem_pestat] analyzing insert size distribution for orientation FF...
[M::mem_pestat] (25, 50, 75) percentile: (217, 573, 1749)
[M::mem_pestat] low and high boundaries for computing mean and std.dev: (1, 4813)
[M::mem_pestat] mean and std.dev: (924.97, 1202.43)
[M::mem_pestat] low and high boundaries for proper pairs: (1, 6345)
[M::mem_pestat] analyzing insert size distribution for orientation FR...
[M::mem_pestat] (25, 50, 75) percentile: (271, 361, 463)
[M::mem_pestat] low and high boundaries for computing mean and std.dev: (1, 847)
[M::mem_pestat] mean and std.dev: (374.20, 141.85)
[M::mem_pestat] low and high boundaries for proper pairs: (1, 1039)
[M::mem_pestat] analyzing insert size distribution for orientation RF...
[M::mem_pestat] (25, 50, 75) percentile: (92, 493, 2179)
[M::mem_pestat] low and high boundaries for computing mean and std.dev: (1, 6353)
[M::mem_pestat] mean and std.dev: (1230.90, 1672.27)
[M::mem_pestat] low and high boundaries for proper pairs: (1, 8440)
[M::mem_pestat] analyzing insert size distribution for orientation RR...
[M::mem_pestat] (25, 50, 75) percentile: (159, 388, 706)
[M::mem_pestat] low and high boundaries for computing mean and std.dev: (1, 1800)
[M::mem_pestat] mean and std.dev: (451.77, 415.20)
[M::mem_pestat] low and high boundaries for proper pairs: (1, 2347)
[M::mem_pestat] skip orientation FF
[M::mem_pestat] skip orientation RF
[M::mem_pestat] skip orientation RR
[M::mem_process_seqs] Processed 1466284 reads in 490.301 CPU sec, 52.784 real sec
[M::process] read 1466630 sequences (200000136 bp)...
[M::mem_pestat] # candidate unique pairs for (FF, FR, RF, RR): (29, 549289, 143, 34)
[M::mem_pestat] analyzing insert size distribution for orientation FF...
[M::mem_pestat] (25, 50, 75) percentile: (295, 463, 1273)
[M::mem_pestat] low and high boundaries for computing mean and std.dev: (1, 3229)
[M::mem_pestat] mean and std.dev: (499.08, 374.65)
[M::mem_pestat] low and high boundaries for proper pairs: (1, 4207)
[M::mem_pestat] analyzing insert size distribution for orientation FR...
[M::mem_pestat] (25, 50, 75) percentile: (270, 359, 459)
[M::mem_pestat] low and high boundaries for computing mean and std.dev: (1, 837)
[M::mem_pestat] mean and std.dev: (371.62, 140.21)
[M::mem_pestat] low and high boundaries for proper pairs: (1, 1026)
[M::mem_pestat] analyzing insert size distribution for orientation RF...
[M::mem_pestat] (25, 50, 75) percentile: (98, 434, 1512)
[M::mem_pestat] low and high boundaries for computing mean and std.dev: (1, 4340)
[M::mem_pestat] mean and std.dev: (801.90, 1130.64)
[M::mem_pestat] low and high boundaries for proper pairs: (1, 5754)
[M::mem_pestat] analyzing insert size distribution for orientation RR...
[M::mem_pestat] (25, 50, 75) percentile: (175, 331, 835)
[M::mem_pestat] low and high boundaries for computing mean and std.dev: (1, 2155)
[M::mem_pestat] mean and std.dev: (420.07, 371.90)
[M::mem_pestat] low and high boundaries for proper pairs: (1, 2815)
[M::mem_pestat] skip orientation FF
[M::mem_pestat] skip orientation RF
[M::mem_pestat] skip orientation RR
[M::mem_process_seqs] Processed 1462354 reads in 482.236 CPU sec, 52.068 real sec
[M::mem_pestat] # candidate unique pairs for (FF, FR, RF, RR): (32, 551000, 152, 24)
[M::mem_pestat] analyzing insert size distribution for orientation FF...
[M::mem_pestat] (25, 50, 75) percentile: (313, 518, 1293)
[M::mem_pestat] low and high boundaries for computing mean and std.dev: (1, 3253)
[M::mem_pestat] mean and std.dev: (737.43, 679.62)
[M::mem_pestat] low and high boundaries for proper pairs: (1, 4233)
[M::mem_pestat] analyzing insert size distribution for orientation FR...
[M::mem_pestat] (25, 50, 75) percentile: (268, 357, 456)
[M::mem_pestat] low and high boundaries for computing mean and std.dev: (1, 832)
[M::mem_pestat] mean and std.dev: (368.89, 138.74)
[M::mem_pestat] low and high boundaries for proper pairs: (1, 1020)
[M::mem_pestat] analyzing insert size distribution for orientation RF...
[M::mem_pestat] (25, 50, 75) percentile: (78, 584, 2931)
[M::mem_pestat] low and high boundaries for computing mean and std.dev: (1, 8637)
[M::mem_pestat] mean and std.dev: (1689.74, 2262.32)
[M::mem_pestat] low and high boundaries for proper pairs: (1, 11490)
[M::mem_pestat] analyzing insert size distribution for orientation RR...
[M::mem_pestat] (25, 50, 75) percentile: (305, 579, 853)
[M::mem_pestat] low and high boundaries for computing mean and std.dev: (1, 1949)
[M::mem_pestat] mean and std.dev: (629.55, 491.33)
[M::mem_pestat] low and high boundaries for proper pairs: (1, 2595)
[M::mem_pestat] skip orientation FF
[M::mem_pestat] skip orientation RF
[M::mem_pestat] skip orientation RR
[M::process] read 1459652 sequences (200000102 bp)...
[M::mem_process_seqs] Processed 1466630 reads in 464.897 CPU sec, 50.235 real sec
[M::mem_pestat] # candidate unique pairs for (FF, FR, RF, RR): (32, 549394, 124, 28)
[M::mem_pestat] analyzing insert size distribution for orientation FF...
[M::mem_pestat] (25, 50, 75) percentile: (216, 440, 1351)
[M::mem_pestat] low and high boundaries for computing mean and std.dev: (1, 3621)
[M::mem_pestat] mean and std.dev: (757.34, 796.34)
[M::mem_pestat] low and high boundaries for proper pairs: (1, 4756)
[M::mem_pestat] analyzing insert size distribution for orientation FR...
[M::mem_pestat] (25, 50, 75) percentile: (271, 361, 463)
[M::mem_pestat] low and high boundaries for computing mean and std.dev: (1, 847)
[M::mem_pestat] mean and std.dev: (373.80, 142.22)
[M::mem_pestat] low and high boundaries for proper pairs: (1, 1039)
[M::mem_pestat] analyzing insert size distribution for orientation RF...
[M::mem_pestat] (25, 50, 75) percentile: (98, 530, 2526)
[M::mem_pestat] low and high boundaries for computing mean and std.dev: (1, 7382)
[M::mem_pestat] mean and std.dev: (1287.18, 1699.38)
[M::mem_pestat] low and high boundaries for proper pairs: (1, 9810)
[M::mem_pestat] analyzing insert size distribution for orientation RR...
[M::mem_pestat] (25, 50, 75) percentile: (229, 410, 1063)
[M::mem_pestat] low and high boundaries for computing mean and std.dev: (1, 2731)
[M::mem_pestat] mean and std.dev: (486.44, 423.03)
[M::mem_pestat] low and high boundaries for proper pairs: (1, 3565)
[M::mem_pestat] skip orientation FF
[M::mem_pestat] skip orientation RF
[M::mem_pestat] skip orientation RR
[M::process] read 1460796 sequences (200000104 bp)...
[M::mem_process_seqs] Processed 1459652 reads in 459.655 CPU sec, 49.710 real sec
[M::mem_pestat] # candidate unique pairs for (FF, FR, RF, RR): (23, 549383, 126, 37)
[M::mem_pestat] analyzing insert size distribution for orientation FF...
[M::mem_pestat] (25, 50, 75) percentile: (229, 370, 2377)
[M::mem_pestat] low and high boundaries for computing mean and std.dev: (1, 6673)
[M::mem_pestat] mean and std.dev: (1237.50, 1574.58)
[M::mem_pestat] low and high boundaries for proper pairs: (1, 8821)
[M::mem_pestat] analyzing insert size distribution for orientation FR...
[M::mem_pestat] (25, 50, 75) percentile: (271, 361, 462)
[M::mem_pestat] low and high boundaries for computing mean and std.dev: (1, 844)
[M::mem_pestat] mean and std.dev: (373.45, 141.70)
[M::mem_pestat] low and high boundaries for proper pairs: (1, 1035)
[M::mem_pestat] analyzing insert size distribution for orientation RF...
[M::mem_pestat] (25, 50, 75) percentile: (126, 504, 1824)
[M::mem_pestat] low and high boundaries for computing mean and std.dev: (1, 5220)
[M::mem_pestat] mean and std.dev: (973.50, 1249.46)
[M::mem_pestat] low and high boundaries for proper pairs: (1, 6918)
[M::mem_pestat] analyzing insert size distribution for orientation RR...
[M::mem_pestat] (25, 50, 75) percentile: (169, 320, 534)
[M::mem_pestat] low and high boundaries for computing mean and std.dev: (1, 1264)
[M::mem_pestat] mean and std.dev: (332.52, 248.89)
[M::mem_pestat] low and high boundaries for proper pairs: (1, 1629)
[M::mem_pestat] skip orientation FF
[M::mem_pestat] skip orientation RF
[M::mem_pestat] skip orientation RR
[M::process] read 1462466 sequences (200000074 bp)...
[M::mem_process_seqs] Processed 1460796 reads in 465.452 CPU sec, 50.413 real sec
[M::mem_pestat] # candidate unique pairs for (FF, FR, RF, RR): (27, 549413, 137, 39)
[M::mem_pestat] analyzing insert size distribution for orientation FF...
[M::mem_pestat] (25, 50, 75) percentile: (313, 379, 768)
[M::mem_pestat] low and high boundaries for computing mean and std.dev: (1, 1678)
[M::mem_pestat] mean and std.dev: (414.36, 276.97)
[M::mem_pestat] low and high boundaries for proper pairs: (1, 2133)
[M::mem_pestat] analyzing insert size distribution for orientation FR...
[M::mem_pestat] (25, 50, 75) percentile: (269, 359, 460)
[M::mem_pestat] low and high boundaries for computing mean and std.dev: (1, 842)
[M::mem_pestat] mean and std.dev: (371.96, 140.88)
[M::mem_pestat] low and high boundaries for proper pairs: (1, 1033)
[M::mem_pestat] analyzing insert size distribution for orientation RF...
[M::mem_pestat] (25, 50, 75) percentile: (113, 1093, 4862)
[M::mem_pestat] low and high boundaries for computing mean and std.dev: (1, 14360)
[M::mem_pestat] mean and std.dev: (2550.29, 2929.55)
[M::mem_pestat] low and high boundaries for proper pairs: (1, 19109)
[M::mem_pestat] analyzing insert size distribution for orientation RR...
[M::mem_pestat] (25, 50, 75) percentile: (139, 337, 1166)
[M::mem_pestat] low and high boundaries for computing mean and std.dev: (1, 3220)
[M::mem_pestat] mean and std.dev: (570.17, 659.10)
[M::mem_pestat] low and high boundaries for proper pairs: (1, 4247)
[M::mem_pestat] skip orientation FF
[M::mem_pestat] skip orientation RF
[M::mem_pestat] skip orientation RR
[M::process] read 1465806 sequences (200000257 bp)...
[M::mem_process_seqs] Processed 1462466 reads in 464.866 CPU sec, 50.471 real sec
[M::mem_pestat] # candidate unique pairs for (FF, FR, RF, RR): (35, 550231, 131, 31)
[M::mem_pestat] analyzing insert size distribution for orientation FF...
[M::mem_pestat] (25, 50, 75) percentile: (263, 489, 2358)
[M::mem_pestat] low and high boundaries for computing mean and std.dev: (1, 6548)
[M::mem_pestat] mean and std.dev: (1220.24, 1589.61)
[M::mem_pestat] low and high boundaries for proper pairs: (1, 8643)
[M::mem_pestat] analyzing insert size distribution for orientation FR...
[M::mem_pestat] (25, 50, 75) percentile: (266, 355, 453)
[M::mem_pestat] low and high boundaries for computing mean and std.dev: (1, 827)
[M::mem_pestat] mean and std.dev: (366.52, 137.61)
[M::mem_pestat] low and high boundaries for proper pairs: (1, 1014)
[M::mem_pestat] analyzing insert size distribution for orientation RF...
[M::mem_pestat] (25, 50, 75) percentile: (118, 596, 3983)
[M::mem_pestat] low and high boundaries for computing mean and std.dev: (1, 11713)
[M::mem_pestat] mean and std.dev: (2014.90, 2630.32)
[M::mem_pestat] low and high boundaries for proper pairs: (1, 15578)
[M::mem_pestat] analyzing insert size distribution for orientation RR...
[M::mem_pestat] (25, 50, 75) percentile: (187, 304, 906)
[M::mem_pestat] low and high boundaries for computing mean and std.dev: (1, 2344)
[M::mem_pestat] mean and std.dev: (427.00, 465.49)
[M::mem_pestat] low and high boundaries for proper pairs: (1, 3063)
[M::mem_pestat] skip orientation FF
[M::mem_pestat] skip orientation RF
[M::mem_pestat] skip orientation RR
[M::process] read 1463584 sequences (200000140 bp)...
[M::mem_process_seqs] Processed 1465806 reads in 457.568 CPU sec, 49.541 real sec
[M::mem_pestat] # candidate unique pairs for (FF, FR, RF, RR): (33, 550831, 130, 23)
[M::mem_pestat] analyzing insert size distribution for orientation FF...
[M::mem_pestat] (25, 50, 75) percentile: (240, 413, 1146)
[M::mem_pestat] low and high boundaries for computing mean and std.dev: (1, 2958)
[M::mem_pestat] mean and std.dev: (633.52, 653.42)
[M::mem_pestat] low and high boundaries for proper pairs: (1, 3864)
[M::mem_pestat] analyzing insert size distribution for orientation FR...
[M::mem_pestat] (25, 50, 75) percentile: (268, 357, 457)
[M::mem_pestat] low and high boundaries for computing mean and std.dev: (1, 835)
[M::mem_pestat] mean and std.dev: (369.63, 139.86)
[M::mem_pestat] low and high boundaries for proper pairs: (1, 1024)
[M::mem_pestat] analyzing insert size distribution for orientation RF...
[M::mem_pestat] (25, 50, 75) percentile: (74, 294, 2855)
[M::mem_pestat] low and high boundaries for computing mean and std.dev: (1, 8417)
[M::mem_pestat] mean and std.dev: (1346.24, 2178.45)
[M::mem_pestat] low and high boundaries for proper pairs: (1, 11198)
[M::mem_pestat] analyzing insert size distribution for orientation RR...
[M::mem_pestat] (25, 50, 75) percentile: (194, 430, 1310)
[M::mem_pestat] low and high boundaries for computing mean and std.dev: (1, 3542)
[M::mem_pestat] mean and std.dev: (673.33, 733.92)
[M::mem_pestat] low and high boundaries for proper pairs: (1, 4658)
[M::mem_pestat] skip orientation FF
[M::mem_pestat] skip orientation RF
[M::mem_pestat] skip orientation RR
[M::process] read 1464354 sequences (200000101 bp)...
[M::mem_process_seqs] Processed 1463584 reads in 461.494 CPU sec, 49.910 real sec
[M::mem_pestat] # candidate unique pairs for (FF, FR, RF, RR): (28, 550200, 124, 23)
[M::mem_pestat] analyzing insert size distribution for orientation FF...
[M::mem_pestat] (25, 50, 75) percentile: (224, 391, 1233)
[M::mem_pestat] low and high boundaries for computing mean and std.dev: (1, 3251)
[M::mem_pestat] mean and std.dev: (816.56, 951.67)
[M::mem_pestat] low and high boundaries for proper pairs: (1, 4623)
[M::mem_pestat] analyzing insert size distribution for orientation FR...
[M::mem_pestat] (25, 50, 75) percentile: (269, 359, 459)
[M::mem_pestat] low and high boundaries for computing mean and std.dev: (1, 839)
[M::mem_pestat] mean and std.dev: (371.24, 140.54)
[M::mem_pestat] low and high boundaries for proper pairs: (1, 1029)
[M::mem_pestat] analyzing insert size distribution for orientation RF...
[M::mem_pestat] (25, 50, 75) percentile: (112, 490, 2144)
[M::mem_pestat] low and high boundaries for computing mean and std.dev: (1, 6208)
[M::mem_pestat] mean and std.dev: (944.77, 1280.21)
[M::mem_pestat] low and high boundaries for proper pairs: (1, 8240)
[M::mem_pestat] analyzing insert size distribution for orientation RR...
[M::mem_pestat] (25, 50, 75) percentile: (158, 260, 2274)
[M::mem_pestat] low and high boundaries for computing mean and std.dev: (1, 6506)
[M::mem_pestat] mean and std.dev: (1208.00, 1745.66)
[M::mem_pestat] low and high boundaries for proper pairs: (1, 8622)
[M::mem_pestat] skip orientation FF
[M::mem_pestat] skip orientation RF
[M::mem_pestat] skip orientation RR
[M::process] read 1468622 sequences (200000035 bp)...
[M::mem_process_seqs] Processed 1464354 reads in 466.302 CPU sec, 50.391 real sec
[M::mem_pestat] # candidate unique pairs for (FF, FR, RF, RR): (26, 550801, 142, 33)
[M::mem_pestat] analyzing insert size distribution for orientation FF...
[M::mem_pestat] (25, 50, 75) percentile: (149, 340, 1421)
[M::mem_pestat] low and high boundaries for computing mean and std.dev: (1, 3965)
[M::mem_pestat] mean and std.dev: (760.17, 1017.38)
[M::mem_pestat] low and high boundaries for proper pairs: (1, 5237)
[M::mem_pestat] analyzing insert size distribution for orientation FR...
[M::mem_pestat] (25, 50, 75) percentile: (268, 358, 456)
[M::mem_pestat] low and high boundaries for computing mean and std.dev: (1, 832)
[M::mem_pestat] mean and std.dev: (369.48, 138.52)
[M::mem_pestat] low and high boundaries for proper pairs: (1, 1020)
[M::mem_pestat] analyzing insert size distribution for orientation RF...
[M::mem_pestat] (25, 50, 75) percentile: (98, 522, 2623)
[M::mem_pestat] low and high boundaries for computing mean and std.dev: (1, 7673)
[M::mem_pestat] mean and std.dev: (1507.23, 1891.15)
[M::mem_pestat] low and high boundaries for proper pairs: (1, 10198)
[M::mem_pestat] analyzing insert size distribution for orientation RR...
[M::mem_pestat] (25, 50, 75) percentile: (239, 441, 2457)
[M::mem_pestat] low and high boundaries for computing mean and std.dev: (1, 6893)
[M::mem_pestat] mean and std.dev: (1214.03, 1494.47)
[M::mem_pestat] low and high boundaries for proper pairs: (1, 9111)
[M::mem_pestat] skip orientation FF
[M::mem_pestat] skip orientation RF
[M::mem_pestat] skip orientation RR
[M::process] read 1472828 sequences (200000118 bp)...
[M::mem_process_seqs] Processed 1468622 reads in 479.906 CPU sec, 51.764 real sec
[M::mem_pestat] # candidate unique pairs for (FF, FR, RF, RR): (37, 552183, 144, 28)
[M::mem_pestat] analyzing insert size distribution for orientation FF...
[M::mem_pestat] (25, 50, 75) percentile: (312, 561, 1362)
[M::mem_pestat] low and high boundaries for computing mean and std.dev: (1, 3462)
[M::mem_pestat] mean and std.dev: (799.00, 778.56)
[M::mem_pestat] low and high boundaries for proper pairs: (1, 4512)
[M::mem_pestat] analyzing insert size distribution for orientation FR...
[M::mem_pestat] (25, 50, 75) percentile: (264, 351, 447)
[M::mem_pestat] low and high boundaries for computing mean and std.dev: (1, 813)
[M::mem_pestat] mean and std.dev: (362.19, 134.41)
[M::mem_pestat] low and high boundaries for proper pairs: (1, 996)
[M::mem_pestat] analyzing insert size distribution for orientation RF...
[M::mem_pestat] (25, 50, 75) percentile: (172, 709, 3030)
[M::mem_pestat] low and high boundaries for computing mean and std.dev: (1, 8746)
[M::mem_pestat] mean and std.dev: (1845.34, 2413.29)
[M::mem_pestat] low and high boundaries for proper pairs: (1, 11604)
[M::mem_pestat] analyzing insert size distribution for orientation RR...
[M::mem_pestat] (25, 50, 75) percentile: (187, 301, 489)
[M::mem_pestat] low and high boundaries for computing mean and std.dev: (1, 1093)
[M::mem_pestat] mean and std.dev: (353.54, 254.19)
[M::mem_pestat] low and high boundaries for proper pairs: (1, 1395)
[M::mem_pestat] skip orientation FF
[M::mem_pestat] skip orientation RF
[M::mem_pestat] skip orientation RR
[M::mem_process_seqs] Processed 1472828 reads in 475.772 CPU sec, 75.396 real sec
[M::process] read 1469324 sequences (200000054 bp)...
[M::process] read 1472006 sequences (200000123 bp)...
[M::mem_pestat] # candidate unique pairs for (FF, FR, RF, RR): (20, 553010, 133, 27)
[M::mem_pestat] analyzing insert size distribution for orientation FF...
[M::mem_pestat] (25, 50, 75) percentile: (274, 615, 1435)
[M::mem_pestat] low and high boundaries for computing mean and std.dev: (1, 3757)
[M::mem_pestat] mean and std.dev: (666.35, 625.63)
[M::mem_pestat] low and high boundaries for proper pairs: (1, 4918)
[M::mem_pestat] analyzing insert size distribution for orientation FR...
[M::mem_pestat] (25, 50, 75) percentile: (265, 353, 451)
[M::mem_pestat] low and high boundaries for computing mean and std.dev: (1, 823)
[M::mem_pestat] mean and std.dev: (364.95, 137.14)
[M::mem_pestat] low and high boundaries for proper pairs: (1, 1009)
[M::mem_pestat] analyzing insert size distribution for orientation RF...
[M::mem_pestat] (25, 50, 75) percentile: (106, 521, 3281)
[M::mem_pestat] low and high boundaries for computing mean and std.dev: (1, 9631)
[M::mem_pestat] mean and std.dev: (1648.67, 2251.75)
[M::mem_pestat] low and high boundaries for proper pairs: (1, 12806)
[M::mem_pestat] analyzing insert size distribution for orientation RR...
[M::mem_pestat] (25, 50, 75) percentile: (153, 380, 3152)
[M::mem_pestat] low and high boundaries for computing mean and std.dev: (1, 9150)
[M::mem_pestat] mean and std.dev: (1742.56, 2359.02)
[M::mem_pestat] low and high boundaries for proper pairs: (1, 12149)
[M::mem_pestat] skip orientation FF
[M::mem_pestat] skip orientation RF
[M::mem_pestat] skip orientation RR
[M::mem_process_seqs] Processed 1469324 reads in 458.822 CPU sec, 48.158 real sec
[M::mem_pestat] # candidate unique pairs for (FF, FR, RF, RR): (29, 553651, 110, 28)
[M::mem_pestat] analyzing insert size distribution for orientation FF...
[M::mem_pestat] (25, 50, 75) percentile: (234, 462, 1282)
[M::mem_pestat] low and high boundaries for computing mean and std.dev: (1, 3378)
[M::mem_pestat] mean and std.dev: (770.74, 859.99)
[M::mem_pestat] low and high boundaries for proper pairs: (1, 4426)
[M::mem_pestat] analyzing insert size distribution for orientation FR...
[M::mem_pestat] (25, 50, 75) percentile: (267, 355, 452)
[M::mem_pestat] low and high boundaries for computing mean and std.dev: (1, 822)
[M::mem_pestat] mean and std.dev: (366.18, 136.56)
[M::mem_pestat] low and high boundaries for proper pairs: (1, 1007)
[M::mem_pestat] analyzing insert size distribution for orientation RF...
[M::mem_pestat] (25, 50, 75) percentile: (83, 661, 2830)
[M::mem_pestat] low and high boundaries for computing mean and std.dev: (1, 8324)
[M::mem_pestat] mean and std.dev: (1624.06, 2070.51)
[M::mem_pestat] low and high boundaries for proper pairs: (1, 11071)
[M::mem_pestat] analyzing insert size distribution for orientation RR...
[M::mem_pestat] (25, 50, 75) percentile: (269, 378, 1428)
[M::mem_pestat] low and high boundaries for computing mean and std.dev: (1, 3746)
[M::mem_pestat] mean and std.dev: (494.30, 538.87)
[M::mem_pestat] low and high boundaries for proper pairs: (1, 4905)
[M::mem_pestat] skip orientation FF
[M::mem_pestat] skip orientation RF
[M::mem_pestat] skip orientation RR
[M::process] read 1473248 sequences (200000246 bp)...
[M::mem_process_seqs] Processed 1472006 reads in 461.027 CPU sec, 49.910 real sec
[M::mem_pestat] # candidate unique pairs for (FF, FR, RF, RR): (27, 551905, 144, 45)
[M::mem_pestat] analyzing insert size distribution for orientation FF...
[M::mem_pestat] (25, 50, 75) percentile: (271, 609, 3318)
[M::mem_pestat] low and high boundaries for computing mean and std.dev: (1, 9412)
[M::mem_pestat] mean and std.dev: (1857.67, 2385.25)
[M::mem_pestat] low and high boundaries for proper pairs: (1, 12459)
[M::mem_pestat] analyzing insert size distribution for orientation FR...
[M::mem_pestat] (25, 50, 75) percentile: (266, 354, 451)
[M::mem_pestat] low and high boundaries for computing mean and std.dev: (1, 821)
[M::mem_pestat] mean and std.dev: (365.28, 135.55)
[M::mem_pestat] low and high boundaries for proper pairs: (1, 1006)
[M::mem_pestat] analyzing insert size distribution for orientation RF...
[M::mem_pestat] (25, 50, 75) percentile: (148, 650, 2955)
[M::mem_pestat] low and high boundaries for computing mean and std.dev: (1, 8569)
[M::mem_pestat] mean and std.dev: (1669.96, 2093.65)
[M::mem_pestat] low and high boundaries for proper pairs: (1, 11376)
[M::mem_pestat] analyzing insert size distribution for orientation RR...
[M::mem_pestat] (25, 50, 75) percentile: (215, 403, 677)
[M::mem_pestat] low and high boundaries for computing mean and std.dev: (1, 1601)
[M::mem_pestat] mean and std.dev: (390.26, 287.63)
[M::mem_pestat] low and high boundaries for proper pairs: (1, 2063)
[M::mem_pestat] skip orientation FF
[M::mem_pestat] skip orientation RF
[M::mem_pestat] skip orientation RR
[M::process] read 1480374 sequences (200000013 bp)...
[M::mem_process_seqs] Processed 1473248 reads in 469.179 CPU sec, 50.784 real sec
[M::mem_pestat] # candidate unique pairs for (FF, FR, RF, RR): (31, 553410, 125, 28)
[M::mem_pestat] analyzing insert size distribution for orientation FF...
[M::mem_pestat] (25, 50, 75) percentile: (263, 406, 1226)
[M::mem_pestat] low and high boundaries for computing mean and std.dev: (1, 3152)
[M::mem_pestat] mean and std.dev: (663.86, 800.26)
[M::mem_pestat] low and high boundaries for proper pairs: (1, 4115)
[M::mem_pestat] analyzing insert size distribution for orientation FR...
[M::mem_pestat] (25, 50, 75) percentile: (264, 351, 447)
[M::mem_pestat] low and high boundaries for computing mean and std.dev: (1, 813)
[M::mem_pestat] mean and std.dev: (361.98, 133.89)
[M::mem_pestat] low and high boundaries for proper pairs: (1, 996)
[M::mem_pestat] analyzing insert size distribution for orientation RF...
[M::mem_pestat] (25, 50, 75) percentile: (114, 518, 2807)
[M::mem_pestat] low and high boundaries for computing mean and std.dev: (1, 8193)
[M::mem_pestat] mean and std.dev: (1567.31, 2021.93)
[M::mem_pestat] low and high boundaries for proper pairs: (1, 10886)
[M::mem_pestat] analyzing insert size distribution for orientation RR...
[M::mem_pestat] (25, 50, 75) percentile: (176, 305, 2077)
[M::mem_pestat] low and high boundaries for computing mean and std.dev: (1, 5879)
[M::mem_pestat] mean and std.dev: (978.42, 1234.79)
[M::mem_pestat] low and high boundaries for proper pairs: (1, 7780)
[M::mem_pestat] skip orientation FF
[M::mem_pestat] skip orientation RF
[M::mem_pestat] skip orientation RR
[M::process] read 1473692 sequences (200000255 bp)...
[M::mem_process_seqs] Processed 1480374 reads in 484.369 CPU sec, 52.301 real sec
[M::process] read 1480026 sequences (200000124 bp)...
[M::mem_pestat] # candidate unique pairs for (FF, FR, RF, RR): (31, 552294, 130, 30)
[M::mem_pestat] analyzing insert size distribution for orientation FF...
[M::mem_pestat] (25, 50, 75) percentile: (251, 462, 1116)
[M::mem_pestat] low and high boundaries for computing mean and std.dev: (1, 2846)
[M::mem_pestat] mean and std.dev: (667.69, 575.73)
[M::mem_pestat] low and high boundaries for proper pairs: (1, 3711)
[M::mem_pestat] analyzing insert size distribution for orientation FR...
[M::mem_pestat] (25, 50, 75) percentile: (267, 356, 454)
[M::mem_pestat] low and high boundaries for computing mean and std.dev: (1, 828)
[M::mem_pestat] mean and std.dev: (367.65, 138.26)
[M::mem_pestat] low and high boundaries for proper pairs: (1, 1015)
[M::mem_pestat] analyzing insert size distribution for orientation RF...
[M::mem_pestat] (25, 50, 75) percentile: (111, 525, 1488)
[M::mem_pestat] low and high boundaries for computing mean and std.dev: (1, 4242)
[M::mem_pestat] mean and std.dev: (695.59, 877.91)
[M::mem_pestat] low and high boundaries for proper pairs: (1, 5619)
[M::mem_pestat] analyzing insert size distribution for orientation RR...
[M::mem_pestat] (25, 50, 75) percentile: (296, 661, 1216)
[M::mem_pestat] low and high boundaries for computing mean and std.dev: (1, 3056)
[M::mem_pestat] mean and std.dev: (678.85, 548.77)
[M::mem_pestat] low and high boundaries for proper pairs: (1, 3976)
[M::mem_pestat] skip orientation FF
[M::mem_pestat] skip orientation RF
[M::mem_pestat] skip orientation RR
[M::mem_process_seqs] Processed 1473692 reads in 519.657 CPU sec, 55.972 real sec
[M::mem_pestat] # candidate unique pairs for (FF, FR, RF, RR): (26, 554497, 125, 40)
[M::mem_pestat] analyzing insert size distribution for orientation FF...
[M::mem_pestat] (25, 50, 75) percentile: (303, 505, 636)
[M::mem_pestat] low and high boundaries for computing mean and std.dev: (1, 1302)
[M::mem_pestat] mean and std.dev: (403.25, 172.99)
[M::mem_pestat] low and high boundaries for proper pairs: (1, 1635)
[M::mem_pestat] analyzing insert size distribution for orientation FR...
[M::mem_pestat] (25, 50, 75) percentile: (268, 356, 455)
[M::mem_pestat] low and high boundaries for computing mean and std.dev: (1, 829)
[M::mem_pestat] mean and std.dev: (368.38, 138.22)
[M::mem_pestat] low and high boundaries for proper pairs: (1, 1016)
[M::mem_pestat] analyzing insert size distribution for orientation RF...
[M::mem_pestat] (25, 50, 75) percentile: (84, 584, 2629)
[M::mem_pestat] low and high boundaries for computing mean and std.dev: (1, 7719)
[M::mem_pestat] mean and std.dev: (1604.66, 2021.21)
[M::mem_pestat] low and high boundaries for proper pairs: (1, 10264)
[M::mem_pestat] analyzing insert size distribution for orientation RR...
[M::mem_pestat] (25, 50, 75) percentile: (190, 330, 1133)
[M::mem_pestat] low and high boundaries for computing mean and std.dev: (1, 3019)
[M::mem_pestat] mean and std.dev: (447.44, 506.12)
[M::mem_pestat] low and high boundaries for proper pairs: (1, 3962)
[M::mem_pestat] skip orientation FF
[M::mem_pestat] skip orientation RF
[M::mem_pestat] skip orientation RR
[M::process] read 1473540 sequences (200000024 bp)...
[M::mem_process_seqs] Processed 1480026 reads in 534.536 CPU sec, 57.337 real sec
[M::mem_pestat] # candidate unique pairs for (FF, FR, RF, RR): (29, 551378, 129, 25)
[M::mem_pestat] analyzing insert size distribution for orientation FF...
[M::mem_pestat] (25, 50, 75) percentile: (329, 541, 1101)
[M::mem_pestat] low and high boundaries for computing mean and std.dev: (1, 2645)
[M::mem_pestat] mean and std.dev: (538.12, 453.25)
[M::mem_pestat] low and high boundaries for proper pairs: (1, 3417)
[M::mem_pestat] analyzing insert size distribution for orientation FR...
[M::mem_pestat] (25, 50, 75) percentile: (267, 356, 454)
[M::mem_pestat] low and high boundaries for computing mean and std.dev: (1, 828)
[M::mem_pestat] mean and std.dev: (367.18, 136.91)
[M::mem_pestat] low and high boundaries for proper pairs: (1, 1015)
[M::mem_pestat] analyzing insert size distribution for orientation RF...
[M::mem_pestat] (25, 50, 75) percentile: (70, 494, 2052)
[M::mem_pestat] low and high boundaries for computing mean and std.dev: (1, 6016)
[M::mem_pestat] mean and std.dev: (988.09, 1341.97)
[M::mem_pestat] low and high boundaries for proper pairs: (1, 7998)
[M::mem_pestat] analyzing insert size distribution for orientation RR...
[M::mem_pestat] (25, 50, 75) percentile: (275, 480, 1712)
[M::mem_pestat] low and high boundaries for computing mean and std.dev: (1, 4586)
[M::mem_pestat] mean and std.dev: (855.27, 1172.85)
[M::mem_pestat] low and high boundaries for proper pairs: (1, 6023)
[M::mem_pestat] skip orientation FF
[M::mem_pestat] skip orientation RF
[M::mem_pestat] skip orientation RR
[M::process] read 842386 sequences (114316836 bp)...
[M::mem_process_seqs] Processed 1473540 reads in 464.803 CPU sec, 50.399 real sec
[M::mem_pestat] # candidate unique pairs for (FF, FR, RF, RR): (19, 314825, 75, 18)
[M::mem_pestat] analyzing insert size distribution for orientation FF...
[M::mem_pestat] (25, 50, 75) percentile: (330, 692, 3225)
[M::mem_pestat] low and high boundaries for computing mean and std.dev: (1, 9015)
[M::mem_pestat] mean and std.dev: (2032.21, 2335.21)
[M::mem_pestat] low and high boundaries for proper pairs: (1, 11910)
[M::mem_pestat] analyzing insert size distribution for orientation FR...
[M::mem_pestat] (25, 50, 75) percentile: (264, 353, 449)
[M::mem_pestat] low and high boundaries for computing mean and std.dev: (1, 819)
[M::mem_pestat] mean and std.dev: (363.41, 134.57)
[M::mem_pestat] low and high boundaries for proper pairs: (1, 1004)
[M::mem_pestat] analyzing insert size distribution for orientation RF...
[M::mem_pestat] (25, 50, 75) percentile: (250, 626, 3634)
[M::mem_pestat] low and high boundaries for computing mean and std.dev: (1, 10402)
[M::mem_pestat] mean and std.dev: (2170.40, 2755.89)
[M::mem_pestat] low and high boundaries for proper pairs: (1, 13786)
[M::mem_pestat] analyzing insert size distribution for orientation RR...
[M::mem_pestat] (25, 50, 75) percentile: (135, 424, 936)
[M::mem_pestat] low and high boundaries for computing mean and std.dev: (1, 2538)
[M::mem_pestat] mean and std.dev: (586.50, 727.22)
[M::mem_pestat] low and high boundaries for proper pairs: (1, 3495)
[M::mem_pestat] skip orientation FF
[M::mem_pestat] skip orientation RF
[M::mem_pestat] skip orientation RR
[M::mem_process_seqs] Processed 842386 reads in 263.513 CPU sec, 29.369 real sec
[main] Version: 0.7.17-r1188
[main] CMD:samblaster: Marked 2914874 of 35593678 (8.19%) read ids as duplicates bwa mem using 774752k memory in  -t1M 2024S -R(83.537S) @RG\tID:SL_CL_19T_368\tPL:ILLUMINA\tPU:HJMFJDSX7.3\tSM:SL_CL_19T_368\tCN:MCGILL\tBC:CTGACTCTAC-TGACGGCCGT CPU seconds and  /storage/scratch/iee/dj20y461/Stickleback/G_aculeatus/FITNESS//data/ref_A_X/stickleback_v5_assembly_A_X.fasta44M /storage/scratch/iee/dj20y461/Stickleback/G_aculeatus/FITNESS//data/trimmed/SL_CL_19T_368.R1.trimmed.fastq.gz24S /storage/scratch/iee/dj20y461/Stickleback/G_aculeatus/FITNESS//data/trimmed/SL_CL_19T_368.R2.trimmed.fastq.gz
[main] Real time: 2664.179 sec; CPU: 22958.886 sec
(2664S) wall time.
[bam_sort_core] merging from 20 files and 20 in-memory blocks...
