samblaster: Version 0.1.24
samblaster: Inputting from stdin
samblaster: Outputting to stdout
[M::bwa_idx_load_from_disk] read 0 ALT contigs
[M::process] read 1453442 sequences (198725890 bp)...
[M::mem_pestat] # candidate unique pairs for (FF, FR, RF, RR): (173, 560276, 110, 77)
[M::mem_pestat] analyzing insert size distribution for orientation FF...
[M::mem_pestat] (25, 50, 75) percentile: (273, 464, 753)
[M::mem_pestat] low and high boundaries for computing mean and std.dev: (1, 1713)
[M::mem_pestat] mean and std.dev: (503.73, 337.09)
[M::mem_pestat] low and high boundaries for proper pairs: (1, 2193)
[M::mem_pestat] analyzing insert size distribution for orientation FR...
[M::mem_pestat] (25, 50, 75) percentile: (273, 359, 469)
[M::mem_pestat] low and high boundaries for computing mean and std.dev: (1, 861)
[M::mem_pestat] mean and std.dev: (379.31, 146.64)
[M::mem_pestat] low and high boundaries for proper pairs: (1, 1057)
[M::mem_pestat] analyzing insert size distribution for orientation RF...
[M::mem_pestat] (25, 50, 75) percentile: (62, 395, 2912)
[M::mem_pestat] low and high boundaries for computing mean and std.dev: (1, 8612)
[M::mem_pestat] mean and std.dev: (1681.59, 2284.76)
[M::mem_pestat] low and high boundaries for proper pairs: (1, 11462)
[M::mem_pestat] analyzing insert size distribution for orientation RR...
[M::mem_pestat] (25, 50, 75) percentile: (239, 452, 973)
[M::mem_pestat] low and high boundaries for computing mean and std.dev: (1, 2441)
[M::mem_pestat] mean and std.dev: (626.61, 608.69)
[M::mem_pestat] low and high boundaries for proper pairs: (1, 3175)
[M::mem_pestat] skip orientation FF
[M::mem_pestat] skip orientation RF
[M::mem_pestat] skip orientation RR
[M::mem_process_seqs] Processed 1453442 reads in 454.879 CPU sec, 86.056 real sec
samblaster: Loaded 23 header sequence entries.
[main] Version: 0.7.17-r1188
samblaster: Marked 73557 of 726721 (10.12%) read ids as duplicates[main] CMD: using 13988k memory in  bwa1.567S mem CPU seconds and  -t1M 2034S -R(94S) @RG\tID:WT_GL_19T_005\tPL:ILLUMINA\tPU:HJMFJDSX7.4\tSM:WT_GL_19T_005\tCN:MCGILL\tBC:CCGGTTCCTA-CTCGAATATA wall time.
 /storage/scratch/iee/dj20y461/Stickleback/G_aculeatus/FITNESS//data/ref_A_X/stickleback_v5_assembly_A_X.fasta /storage/scratch/iee/dj20y461/Stickleback/G_aculeatus/FITNESS//data/trimmed/WT_GL_19T_005.R1.trimmed.fastq.gz /storage/scratch/iee/dj20y461/Stickleback/G_aculeatus/FITNESS//data/trimmed/WT_GL_19T_005.R2.trimmed.fastq.gz
[main] Real time: 94.255 sec; CPU: 459.931 sec
[bam_sort_core] merging from 0 files and 20 in-memory blocks...
