samblaster: Version 0.1.24
samblaster: Inputting from stdin
samblaster: Outputting to stdout
[M::bwa_idx_load_from_disk] read 0 ALT contigs
[M::process] read 1458200 sequences (200000241 bp)...
[M::mem_pestat] # candidate unique pairs for (FF, FR, RF, RR): (92, 559228, 107, 71)
[M::mem_pestat] analyzing insert size distribution for orientation FF...
[M::mem_pestat] (25, 50, 75) percentile: (275, 467, 873)
[M::mem_pestat] low and high boundaries for computing mean and std.dev: (1, 2069)
[M::mem_pestat] mean and std.dev: (519.77, 396.45)
[M::mem_pestat] low and high boundaries for proper pairs: (1, 2667)
[M::mem_pestat] analyzing insert size distribution for orientation FR...
[M::mem_pestat] (25, 50, 75) percentile: (263, 350, 448)
[M::mem_pestat] low and high boundaries for computing mean and std.dev: (1, 818)
[M::mem_pestat] mean and std.dev: (362.13, 136.06)
[M::mem_pestat] low and high boundaries for proper pairs: (1, 1003)
[M::mem_pestat] analyzing insert size distribution for orientation RF...
[M::mem_pestat] (25, 50, 75) percentile: (82, 620, 3241)
[M::mem_pestat] low and high boundaries for computing mean and std.dev: (1, 9559)
[M::mem_pestat] mean and std.dev: (1911.25, 2417.36)
[M::mem_pestat] low and high boundaries for proper pairs: (1, 12718)
[M::mem_pestat] analyzing insert size distribution for orientation RR...
[M::mem_pestat] (25, 50, 75) percentile: (222, 393, 1200)
[M::mem_pestat] low and high boundaries for computing mean and std.dev: (1, 3156)
[M::mem_pestat] mean and std.dev: (666.65, 634.64)
[M::mem_pestat] low and high boundaries for proper pairs: (1, 4134)
[M::mem_pestat] skip orientation FF
[M::mem_pestat] skip orientation RF
[M::mem_pestat] skip orientation RR
[M::mem_process_seqs] Processed 1458200 reads in 468.541 CPU sec, 109.352 real sec
samblaster: Loaded 23 header sequence entries.
[M::process] read 1456436 sequences (200000155 bp)...
[M::process] read 1455732 sequences (200000268 bp)...
[M::mem_pestat] # candidate unique pairs for (FF, FR, RF, RR): (112, 557728, 119, 63)
[M::mem_pestat] analyzing insert size distribution for orientation FF...
[M::mem_pestat] (25, 50, 75) percentile: (242, 398, 563)
[M::mem_pestat] low and high boundaries for computing mean and std.dev: (1, 1205)
[M::mem_pestat] mean and std.dev: (427.18, 256.48)
[M::mem_pestat] low and high boundaries for proper pairs: (1, 1526)
[M::mem_pestat] analyzing insert size distribution for orientation FR...
[M::mem_pestat] (25, 50, 75) percentile: (265, 353, 451)
[M::mem_pestat] low and high boundaries for computing mean and std.dev: (1, 823)
[M::mem_pestat] mean and std.dev: (364.78, 137.21)
[M::mem_pestat] low and high boundaries for proper pairs: (1, 1009)
[M::mem_pestat] analyzing insert size distribution for orientation RF...
[M::mem_pestat] (25, 50, 75) percentile: (143, 557, 3344)
[M::mem_pestat] low and high boundaries for computing mean and std.dev: (1, 9746)
[M::mem_pestat] mean and std.dev: (1919.73, 2535.33)
[M::mem_pestat] low and high boundaries for proper pairs: (1, 12947)
[M::mem_pestat] analyzing insert size distribution for orientation RR...
[M::mem_pestat] (25, 50, 75) percentile: (282, 504, 1193)
[M::mem_pestat] low and high boundaries for computing mean and std.dev: (1, 3015)
[M::mem_pestat] mean and std.dev: (756.28, 720.55)
[M::mem_pestat] low and high boundaries for proper pairs: (1, 3926)
[M::mem_pestat] skip orientation FF
[M::mem_pestat] skip orientation RF
[M::mem_pestat] skip orientation RR
[M::mem_process_seqs] Processed 1456436 reads in 439.809 CPU sec, 47.828 real sec
[M::process] read 1460704 sequences (200000274 bp)...
[M::mem_pestat] # candidate unique pairs for (FF, FR, RF, RR): (122, 555520, 107, 53)
[M::mem_pestat] analyzing insert size distribution for orientation FF...
[M::mem_pestat] (25, 50, 75) percentile: (315, 489, 747)
[M::mem_pestat] low and high boundaries for computing mean and std.dev: (1, 1611)
[M::mem_pestat] mean and std.dev: (504.50, 276.25)
[M::mem_pestat] low and high boundaries for proper pairs: (1, 2043)
[M::mem_pestat] analyzing insert size distribution for orientation FR...
[M::mem_pestat] (25, 50, 75) percentile: (264, 352, 450)
[M::mem_pestat] low and high boundaries for computing mean and std.dev: (1, 822)
[M::mem_pestat] mean and std.dev: (364.03, 137.13)
[M::mem_pestat] low and high boundaries for proper pairs: (1, 1008)
[M::mem_pestat] analyzing insert size distribution for orientation RF...
[M::mem_pestat] (25, 50, 75) percentile: (90, 330, 2825)
[M::mem_pestat] low and high boundaries for computing mean and std.dev: (1, 8295)
[M::mem_pestat] mean and std.dev: (1462.70, 1941.90)
[M::mem_pestat] low and high boundaries for proper pairs: (1, 11030)
[M::mem_pestat] analyzing insert size distribution for orientation RR...
[M::mem_pestat] (25, 50, 75) percentile: (308, 410, 933)
[M::mem_pestat] low and high boundaries for computing mean and std.dev: (1, 2183)
[M::mem_pestat] mean and std.dev: (495.43, 390.13)
[M::mem_pestat] low and high boundaries for proper pairs: (1, 2808)
[M::mem_pestat] skip orientation FF
[M::mem_pestat] skip orientation RF
[M::mem_pestat] skip orientation RR
[M::mem_process_seqs] Processed 1455732 reads in 443.545 CPU sec, 49.298 real sec
[M::mem_pestat] # candidate unique pairs for (FF, FR, RF, RR): (123, 556013, 115, 76)
[M::mem_pestat] analyzing insert size distribution for orientation FF...
[M::mem_pestat] (25, 50, 75) percentile: (288, 468, 732)
[M::mem_pestat] low and high boundaries for computing mean and std.dev: (1, 1620)
[M::mem_pestat] mean and std.dev: (513.69, 330.41)
[M::mem_pestat] low and high boundaries for proper pairs: (1, 2064)
[M::mem_pestat] analyzing insert size distribution for orientation FR...
[M::mem_pestat] (25, 50, 75) percentile: (262, 350, 446)
[M::mem_pestat] low and high boundaries for computing mean and std.dev: (1, 814)
[M::mem_pestat] mean and std.dev: (360.89, 134.95)
[M::mem_pestat] low and high boundaries for proper pairs: (1, 998)
[M::mem_pestat] analyzing insert size distribution for orientation RF...
[M::mem_pestat] (25, 50, 75) percentile: (55, 187, 1675)
[M::mem_pestat] low and high boundaries for computing mean and std.dev: (1, 4915)
[M::mem_pestat] mean and std.dev: (798.26, 1269.33)
[M::mem_pestat] low and high boundaries for proper pairs: (1, 6535)
[M::mem_pestat] analyzing insert size distribution for orientation RR...
[M::mem_pestat] (25, 50, 75) percentile: (177, 397, 1301)
[M::mem_pestat] low and high boundaries for computing mean and std.dev: (1, 3549)
[M::mem_pestat] mean and std.dev: (637.42, 768.60)
[M::mem_pestat] low and high boundaries for proper pairs: (1, 4673)
[M::mem_pestat] skip orientation FF
[M::mem_pestat] skip orientation RF
[M::mem_pestat] skip orientation RR
[M::process] read 1456728 sequences (200000205 bp)...
[M::mem_process_seqs] Processed 1460704 reads in 457.617 CPU sec, 51.253 real sec
[M::mem_pestat] # candidate unique pairs for (FF, FR, RF, RR): (119, 557692, 109, 57)
[M::mem_pestat] analyzing insert size distribution for orientation FF...
[M::mem_pestat] (25, 50, 75) percentile: (277, 429, 694)
[M::mem_pestat] low and high boundaries for computing mean and std.dev: (1, 1528)
[M::mem_pestat] mean and std.dev: (477.09, 313.17)
[M::mem_pestat] low and high boundaries for proper pairs: (1, 1945)
[M::mem_pestat] analyzing insert size distribution for orientation FR...
[M::mem_pestat] (25, 50, 75) percentile: (267, 355, 453)
[M::mem_pestat] low and high boundaries for computing mean and std.dev: (1, 825)
[M::mem_pestat] mean and std.dev: (366.59, 137.79)
[M::mem_pestat] low and high boundaries for proper pairs: (1, 1011)
[M::mem_pestat] analyzing insert size distribution for orientation RF...
[M::mem_pestat] (25, 50, 75) percentile: (68, 439, 3127)
[M::mem_pestat] low and high boundaries for computing mean and std.dev: (1, 9245)
[M::mem_pestat] mean and std.dev: (1724.81, 2316.86)
[M::mem_pestat] low and high boundaries for proper pairs: (1, 12304)
[M::mem_pestat] analyzing insert size distribution for orientation RR...
[M::mem_pestat] (25, 50, 75) percentile: (282, 582, 1337)
[M::mem_pestat] low and high boundaries for computing mean and std.dev: (1, 3447)
[M::mem_pestat] mean and std.dev: (755.42, 711.17)
[M::mem_pestat] low and high boundaries for proper pairs: (1, 4502)
[M::mem_pestat] skip orientation FF
[M::mem_pestat] skip orientation RF
[M::mem_pestat] skip orientation RR
[M::process] read 1456380 sequences (200000156 bp)...
[M::mem_process_seqs] Processed 1456728 reads in 442.448 CPU sec, 48.143 real sec
[M::mem_pestat] # candidate unique pairs for (FF, FR, RF, RR): (130, 557161, 114, 64)
[M::mem_pestat] analyzing insert size distribution for orientation FF...
[M::mem_pestat] (25, 50, 75) percentile: (276, 484, 1157)
[M::mem_pestat] low and high boundaries for computing mean and std.dev: (1, 2919)
[M::mem_pestat] mean and std.dev: (636.13, 553.02)
[M::mem_pestat] low and high boundaries for proper pairs: (1, 3800)
[M::mem_pestat] analyzing insert size distribution for orientation FR...
[M::mem_pestat] (25, 50, 75) percentile: (266, 355, 454)
[M::mem_pestat] low and high boundaries for computing mean and std.dev: (1, 830)
[M::mem_pestat] mean and std.dev: (367.22, 138.47)
[M::mem_pestat] low and high boundaries for proper pairs: (1, 1018)
[M::mem_pestat] analyzing insert size distribution for orientation RF...
[M::mem_pestat] (25, 50, 75) percentile: (91, 521, 2986)
[M::mem_pestat] low and high boundaries for computing mean and std.dev: (1, 8776)
[M::mem_pestat] mean and std.dev: (1719.75, 2229.95)
[M::mem_pestat] low and high boundaries for proper pairs: (1, 11671)
[M::mem_pestat] analyzing insert size distribution for orientation RR...
[M::mem_pestat] (25, 50, 75) percentile: (247, 413, 924)
[M::mem_pestat] low and high boundaries for computing mean and std.dev: (1, 2278)
[M::mem_pestat] mean and std.dev: (558.28, 507.34)
[M::mem_pestat] low and high boundaries for proper pairs: (1, 2955)
[M::mem_pestat] skip orientation FF
[M::mem_pestat] skip orientation RF
[M::mem_pestat] skip orientation RR
[M::process] read 1458072 sequences (200000004 bp)...
[M::mem_process_seqs] Processed 1456380 reads in 443.565 CPU sec, 48.098 real sec
[M::mem_pestat] # candidate unique pairs for (FF, FR, RF, RR): (147, 555593, 104, 68)
[M::mem_pestat] analyzing insert size distribution for orientation FF...
[M::mem_pestat] (25, 50, 75) percentile: (307, 445, 731)
[M::mem_pestat] low and high boundaries for computing mean and std.dev: (1, 1579)
[M::mem_pestat] mean and std.dev: (486.78, 311.25)
[M::mem_pestat] low and high boundaries for proper pairs: (1, 2003)
[M::mem_pestat] analyzing insert size distribution for orientation FR...
[M::mem_pestat] (25, 50, 75) percentile: (264, 352, 451)
[M::mem_pestat] low and high boundaries for computing mean and std.dev: (1, 825)
[M::mem_pestat] mean and std.dev: (364.65, 137.24)
[M::mem_pestat] low and high boundaries for proper pairs: (1, 1012)
[M::mem_pestat] analyzing insert size distribution for orientation RF...
[M::mem_pestat] (25, 50, 75) percentile: (65, 493, 3226)
[M::mem_pestat] low and high boundaries for computing mean and std.dev: (1, 9548)
[M::mem_pestat] mean and std.dev: (1745.65, 2378.95)
[M::mem_pestat] low and high boundaries for proper pairs: (1, 12709)
[M::mem_pestat] analyzing insert size distribution for orientation RR...
[M::mem_pestat] (25, 50, 75) percentile: (267, 599, 1581)
[M::mem_pestat] low and high boundaries for computing mean and std.dev: (1, 4209)
[M::mem_pestat] mean and std.dev: (817.43, 794.45)
[M::mem_pestat] low and high boundaries for proper pairs: (1, 5523)
[M::mem_pestat] skip orientation FF
[M::mem_pestat] skip orientation RF
[M::mem_pestat] skip orientation RR
[M::process] read 1461040 sequences (200000058 bp)...
[M::mem_process_seqs] Processed 1458072 reads in 445.757 CPU sec, 48.409 real sec
[M::mem_pestat] # candidate unique pairs for (FF, FR, RF, RR): (105, 556567, 124, 80)
[M::mem_pestat] analyzing insert size distribution for orientation FF...
[M::mem_pestat] (25, 50, 75) percentile: (320, 531, 959)
[M::mem_pestat] low and high boundaries for computing mean and std.dev: (1, 2237)
[M::mem_pestat] mean and std.dev: (572.91, 426.53)
[M::mem_pestat] low and high boundaries for proper pairs: (1, 2876)
[M::mem_pestat] analyzing insert size distribution for orientation FR...
[M::mem_pestat] (25, 50, 75) percentile: (263, 351, 448)
[M::mem_pestat] low and high boundaries for computing mean and std.dev: (1, 818)
[M::mem_pestat] mean and std.dev: (362.20, 135.33)
[M::mem_pestat] low and high boundaries for proper pairs: (1, 1003)
[M::mem_pestat] analyzing insert size distribution for orientation RF...
[M::mem_pestat] (25, 50, 75) percentile: (66, 524, 3221)
[M::mem_pestat] low and high boundaries for computing mean and std.dev: (1, 9531)
[M::mem_pestat] mean and std.dev: (2068.77, 2795.31)
[M::mem_pestat] low and high boundaries for proper pairs: (1, 13250)
[M::mem_pestat] analyzing insert size distribution for orientation RR...
[M::mem_pestat] (25, 50, 75) percentile: (187, 388, 1097)
[M::mem_pestat] low and high boundaries for computing mean and std.dev: (1, 2917)
[M::mem_pestat] mean and std.dev: (473.42, 517.66)
[M::mem_pestat] low and high boundaries for proper pairs: (1, 3827)
[M::mem_pestat] skip orientation FF
[M::mem_pestat] skip orientation RF
[M::mem_pestat] skip orientation RR
[M::process] read 1455958 sequences (200000128 bp)...
[M::mem_process_seqs] Processed 1461040 reads in 448.848 CPU sec, 48.624 real sec
[M::mem_pestat] # candidate unique pairs for (FF, FR, RF, RR): (110, 556772, 119, 67)
[M::mem_pestat] analyzing insert size distribution for orientation FF...
[M::mem_pestat] (25, 50, 75) percentile: (285, 472, 727)
[M::mem_pestat] low and high boundaries for computing mean and std.dev: (1, 1611)
[M::mem_pestat] mean and std.dev: (470.71, 269.36)
[M::mem_pestat] low and high boundaries for proper pairs: (1, 2053)
[M::mem_pestat] analyzing insert size distribution for orientation FR...
[M::mem_pestat] (25, 50, 75) percentile: (266, 355, 455)
[M::mem_pestat] low and high boundaries for computing mean and std.dev: (1, 833)
[M::mem_pestat] mean and std.dev: (367.33, 138.78)
[M::mem_pestat] low and high boundaries for proper pairs: (1, 1022)
[M::mem_pestat] analyzing insert size distribution for orientation RF...
[M::mem_pestat] (25, 50, 75) percentile: (90, 283, 3104)
[M::mem_pestat] low and high boundaries for computing mean and std.dev: (1, 9132)
[M::mem_pestat] mean and std.dev: (1773.87, 2440.24)
[M::mem_pestat] low and high boundaries for proper pairs: (1, 12146)
[M::mem_pestat] analyzing insert size distribution for orientation RR...
[M::mem_pestat] (25, 50, 75) percentile: (232, 547, 919)
[M::mem_pestat] low and high boundaries for computing mean and std.dev: (1, 2293)
[M::mem_pestat] mean and std.dev: (552.51, 420.78)
[M::mem_pestat] low and high boundaries for proper pairs: (1, 2980)
[M::mem_pestat] skip orientation FF
[M::mem_pestat] skip orientation RF
[M::mem_pestat] skip orientation RR
[M::process] read 1456276 sequences (200000000 bp)...
[M::mem_process_seqs] Processed 1455958 reads in 445.926 CPU sec, 48.309 real sec
[M::mem_pestat] # candidate unique pairs for (FF, FR, RF, RR): (123, 556276, 123, 59)
[M::mem_pestat] analyzing insert size distribution for orientation FF...
[M::mem_pestat] (25, 50, 75) percentile: (273, 421, 652)
[M::mem_pestat] low and high boundaries for computing mean and std.dev: (1, 1410)
[M::mem_pestat] mean and std.dev: (460.50, 258.86)
[M::mem_pestat] low and high boundaries for proper pairs: (1, 1789)
[M::mem_pestat] analyzing insert size distribution for orientation FR...
[M::mem_pestat] (25, 50, 75) percentile: (266, 354, 453)
[M::mem_pestat] low and high boundaries for computing mean and std.dev: (1, 827)
[M::mem_pestat] mean and std.dev: (366.53, 138.50)
[M::mem_pestat] low and high boundaries for proper pairs: (1, 1014)
[M::mem_pestat] analyzing insert size distribution for orientation RF...
[M::mem_pestat] (25, 50, 75) percentile: (136, 489, 3492)
[M::mem_pestat] low and high boundaries for computing mean and std.dev: (1, 10204)
[M::mem_pestat] mean and std.dev: (1956.67, 2522.73)
[M::mem_pestat] low and high boundaries for proper pairs: (1, 13560)
[M::mem_pestat] analyzing insert size distribution for orientation RR...
[M::mem_pestat] (25, 50, 75) percentile: (258, 391, 909)
[M::mem_pestat] low and high boundaries for computing mean and std.dev: (1, 2211)
[M::mem_pestat] mean and std.dev: (500.80, 367.94)
[M::mem_pestat] low and high boundaries for proper pairs: (1, 2862)
[M::mem_pestat] skip orientation FF
[M::mem_pestat] skip orientation RF
[M::mem_pestat] skip orientation RR
[M::process] read 1458994 sequences (200000054 bp)...
[M::mem_process_seqs] Processed 1456276 reads in 446.057 CPU sec, 48.283 real sec
[M::mem_pestat] # candidate unique pairs for (FF, FR, RF, RR): (103, 554681, 147, 54)
[M::mem_pestat] analyzing insert size distribution for orientation FF...
[M::mem_pestat] (25, 50, 75) percentile: (350, 482, 765)
[M::mem_pestat] low and high boundaries for computing mean and std.dev: (1, 1595)
[M::mem_pestat] mean and std.dev: (511.31, 291.49)
[M::mem_pestat] low and high boundaries for proper pairs: (1, 2010)
[M::mem_pestat] analyzing insert size distribution for orientation FR...
[M::mem_pestat] (25, 50, 75) percentile: (263, 351, 448)
[M::mem_pestat] low and high boundaries for computing mean and std.dev: (1, 818)
[M::mem_pestat] mean and std.dev: (362.60, 136.29)
[M::mem_pestat] low and high boundaries for proper pairs: (1, 1003)
[M::mem_pestat] analyzing insert size distribution for orientation RF...
[M::mem_pestat] (25, 50, 75) percentile: (96, 507, 2893)
[M::mem_pestat] low and high boundaries for computing mean and std.dev: (1, 8487)
[M::mem_pestat] mean and std.dev: (1525.59, 2034.40)
[M::mem_pestat] low and high boundaries for proper pairs: (1, 11284)
[M::mem_pestat] analyzing insert size distribution for orientation RR...
[M::mem_pestat] (25, 50, 75) percentile: (194, 427, 1051)
[M::mem_pestat] low and high boundaries for computing mean and std.dev: (1, 2765)
[M::mem_pestat] mean and std.dev: (514.66, 486.17)
[M::mem_pestat] low and high boundaries for proper pairs: (1, 3622)
[M::mem_pestat] skip orientation FF
[M::mem_pestat] skip orientation RF
[M::mem_pestat] skip orientation RR
[M::process] read 1460850 sequences (200000001 bp)...
[M::mem_process_seqs] Processed 1458994 reads in 450.549 CPU sec, 48.690 real sec
[M::process] read 1455930 sequences (200000023 bp)...
[M::mem_pestat] # candidate unique pairs for (FF, FR, RF, RR): (109, 557289, 137, 60)
[M::mem_pestat] analyzing insert size distribution for orientation FF...
[M::mem_pestat] (25, 50, 75) percentile: (284, 446, 704)
[M::mem_pestat] low and high boundaries for computing mean and std.dev: (1, 1544)
[M::mem_pestat] mean and std.dev: (466.98, 270.96)
[M::mem_pestat] low and high boundaries for proper pairs: (1, 1964)
[M::mem_pestat] analyzing insert size distribution for orientation FR...
[M::mem_pestat] (25, 50, 75) percentile: (263, 351, 447)
[M::mem_pestat] low and high boundaries for computing mean and std.dev: (1, 815)
[M::mem_pestat] mean and std.dev: (362.11, 135.43)
[M::mem_pestat] low and high boundaries for proper pairs: (1, 999)
[M::mem_pestat] analyzing insert size distribution for orientation RF...
[M::mem_pestat] (25, 50, 75) percentile: (49, 230, 1603)
[M::mem_pestat] low and high boundaries for computing mean and std.dev: (1, 4711)
[M::mem_pestat] mean and std.dev: (731.21, 1155.02)
[M::mem_pestat] low and high boundaries for proper pairs: (1, 6265)
[M::mem_pestat] analyzing insert size distribution for orientation RR...
[M::mem_pestat] (25, 50, 75) percentile: (296, 540, 1139)
[M::mem_pestat] low and high boundaries for computing mean and std.dev: (1, 2825)
[M::mem_pestat] mean and std.dev: (652.80, 577.00)
[M::mem_pestat] low and high boundaries for proper pairs: (1, 3668)
[M::mem_pestat] skip orientation FF
[M::mem_pestat] skip orientation RF
[M::mem_pestat] skip orientation RR
[M::mem_process_seqs] Processed 1460850 reads in 448.466 CPU sec, 48.820 real sec
[M::mem_pestat] # candidate unique pairs for (FF, FR, RF, RR): (120, 556809, 122, 69)
[M::mem_pestat] analyzing insert size distribution for orientation FF...
[M::mem_pestat] (25, 50, 75) percentile: (262, 380, 592)
[M::mem_pestat] low and high boundaries for computing mean and std.dev: (1, 1252)
[M::mem_pestat] mean and std.dev: (449.90, 275.04)
[M::mem_pestat] low and high boundaries for proper pairs: (1, 1582)
[M::mem_pestat] analyzing insert size distribution for orientation FR...
[M::mem_pestat] (25, 50, 75) percentile: (265, 353, 452)
[M::mem_pestat] low and high boundaries for computing mean and std.dev: (1, 826)
[M::mem_pestat] mean and std.dev: (365.70, 137.89)
[M::mem_pestat] low and high boundaries for proper pairs: (1, 1013)
[M::mem_pestat] analyzing insert size distribution for orientation RF...
[M::mem_pestat] (25, 50, 75) percentile: (44, 216, 2430)
[M::mem_pestat] low and high boundaries for computing mean and std.dev: (1, 7202)
[M::mem_pestat] mean and std.dev: (1236.72, 1843.23)
[M::mem_pestat] low and high boundaries for proper pairs: (1, 9588)
[M::mem_pestat] analyzing insert size distribution for orientation RR...
[M::mem_pestat] (25, 50, 75) percentile: (212, 359, 986)
[M::mem_pestat] low and high boundaries for computing mean and std.dev: (1, 2534)
[M::mem_pestat] mean and std.dev: (549.98, 476.53)
[M::mem_pestat] low and high boundaries for proper pairs: (1, 3308)
[M::mem_pestat] skip orientation FF
[M::mem_pestat] skip orientation RF
[M::mem_pestat] skip orientation RR
[M::process] read 1456426 sequences (200000138 bp)...
[M::mem_process_seqs] Processed 1455930 reads in 443.456 CPU sec, 47.992 real sec
[M::mem_pestat] # candidate unique pairs for (FF, FR, RF, RR): (126, 555787, 124, 61)
[M::mem_pestat] analyzing insert size distribution for orientation FF...
[M::mem_pestat] (25, 50, 75) percentile: (267, 403, 635)
[M::mem_pestat] low and high boundaries for computing mean and std.dev: (1, 1371)
[M::mem_pestat] mean and std.dev: (450.27, 256.54)
[M::mem_pestat] low and high boundaries for proper pairs: (1, 1739)
[M::mem_pestat] analyzing insert size distribution for orientation FR...
[M::mem_pestat] (25, 50, 75) percentile: (265, 353, 451)
[M::mem_pestat] low and high boundaries for computing mean and std.dev: (1, 823)
[M::mem_pestat] mean and std.dev: (365.12, 137.56)
[M::mem_pestat] low and high boundaries for proper pairs: (1, 1009)
[M::mem_pestat] analyzing insert size distribution for orientation RF...
[M::mem_pestat] (25, 50, 75) percentile: (82, 545, 4145)
[M::mem_pestat] low and high boundaries for computing mean and std.dev: (1, 12271)
[M::mem_pestat] mean and std.dev: (2185.01, 2875.79)
[M::mem_pestat] low and high boundaries for proper pairs: (1, 16334)
[M::mem_pestat] analyzing insert size distribution for orientation RR...
[M::mem_pestat] (25, 50, 75) percentile: (206, 471, 1552)
[M::mem_pestat] low and high boundaries for computing mean and std.dev: (1, 4244)
[M::mem_pestat] mean and std.dev: (792.44, 911.74)
[M::mem_pestat] low and high boundaries for proper pairs: (1, 5590)
[M::mem_pestat] skip orientation FF
[M::mem_pestat] skip orientation RF
[M::mem_pestat] skip orientation RR
[M::process] read 1461250 sequences (200000209 bp)...
[M::mem_process_seqs] Processed 1456426 reads in 447.903 CPU sec, 48.636 real sec
[M::mem_pestat] # candidate unique pairs for (FF, FR, RF, RR): (140, 555270, 103, 59)
[M::mem_pestat] analyzing insert size distribution for orientation FF...
[M::mem_pestat] (25, 50, 75) percentile: (275, 421, 661)
[M::mem_pestat] low and high boundaries for computing mean and std.dev: (1, 1433)
[M::mem_pestat] mean and std.dev: (449.02, 291.58)
[M::mem_pestat] low and high boundaries for proper pairs: (1, 1819)
[M::mem_pestat] analyzing insert size distribution for orientation FR...
[M::process] read 1461416 sequences (200000248 bp)...
[M::mem_pestat] (25, 50, 75) percentile: (261, 349, 445)
[M::mem_pestat] low and high boundaries for computing mean and std.dev: (1, 813)
[M::mem_pestat] mean and std.dev: (359.97, 134.59)
[M::mem_pestat] low and high boundaries for proper pairs: (1, 997)
[M::mem_pestat] analyzing insert size distribution for orientation RF...
[M::mem_pestat] (25, 50, 75) percentile: (120, 224, 2060)
[M::mem_pestat] low and high boundaries for computing mean and std.dev: (1, 5940)
[M::mem_pestat] mean and std.dev: (937.42, 1385.00)
[M::mem_pestat] low and high boundaries for proper pairs: (1, 7880)
[M::mem_pestat] analyzing insert size distribution for orientation RR...
[M::mem_pestat] (25, 50, 75) percentile: (194, 418, 1050)
[M::mem_pestat] low and high boundaries for computing mean and std.dev: (1, 2762)
[M::mem_pestat] mean and std.dev: (675.26, 635.04)
[M::mem_pestat] low and high boundaries for proper pairs: (1, 3618)
[M::mem_pestat] skip orientation FF
[M::mem_pestat] skip orientation RF
[M::mem_pestat] skip orientation RR
[M::mem_process_seqs] Processed 1461250 reads in 452.654 CPU sec, 49.075 real sec
[M::mem_pestat] # candidate unique pairs for (FF, FR, RF, RR): (134, 558498, 113, 55)
[M::mem_pestat] analyzing insert size distribution for orientation FF...
[M::mem_pestat] (25, 50, 75) percentile: (307, 442, 699)
[M::mem_pestat] low and high boundaries for computing mean and std.dev: (1, 1483)
[M::mem_pestat] mean and std.dev: (466.88, 283.74)
[M::mem_pestat] low and high boundaries for proper pairs: (1, 1875)
[M::mem_pestat] analyzing insert size distribution for orientation FR...
[M::mem_pestat] (25, 50, 75) percentile: (263, 350, 446)
[M::mem_pestat] low and high boundaries for computing mean and std.dev: (1, 812)
[M::mem_pestat] mean and std.dev: (361.38, 135.17)
[M::mem_pestat] low and high boundaries for proper pairs: (1, 995)
[M::mem_pestat] analyzing insert size distribution for orientation RF...
[M::mem_pestat] (25, 50, 75) percentile: (82, 598, 2289)
[M::mem_pestat] low and high boundaries for computing mean and std.dev: (1, 6703)
[M::mem_pestat] mean and std.dev: (1302.95, 1665.68)
[M::mem_pestat] low and high boundaries for proper pairs: (1, 8910)
[M::mem_pestat] analyzing insert size distribution for orientation RR...
[M::mem_pestat] (25, 50, 75) percentile: (198, 509, 832)
[M::mem_pestat] low and high boundaries for computing mean and std.dev: (1, 2100)
[M::mem_pestat] mean and std.dev: (483.98, 418.73)
[M::mem_pestat] low and high boundaries for proper pairs: (1, 2734)
[M::mem_pestat] skip orientation FF
[M::mem_pestat] skip orientation RF
[M::mem_pestat] skip orientation RR
[M::process] read 1458542 sequences (200000006 bp)...
[M::mem_process_seqs] Processed 1461416 reads in 445.686 CPU sec, 48.329 real sec
[M::mem_pestat] # candidate unique pairs for (FF, FR, RF, RR): (125, 556230, 91, 63)
[M::mem_pestat] analyzing insert size distribution for orientation FF...
[M::mem_pestat] (25, 50, 75) percentile: (297, 444, 792)
[M::mem_pestat] low and high boundaries for computing mean and std.dev: (1, 1782)
[M::mem_pestat] mean and std.dev: (524.61, 329.40)
[M::mem_pestat] low and high boundaries for proper pairs: (1, 2277)
[M::mem_pestat] analyzing insert size distribution for orientation FR...
[M::mem_pestat] (25, 50, 75) percentile: (265, 352, 450)
[M::mem_pestat] low and high boundaries for computing mean and std.dev: (1, 820)
[M::mem_pestat] mean and std.dev: (364.18, 136.69)
[M::mem_pestat] low and high boundaries for proper pairs: (1, 1005)
[M::mem_pestat] analyzing insert size distribution for orientation RF...
[M::mem_pestat] (25, 50, 75) percentile: (78, 307, 2799)
[M::mem_pestat] low and high boundaries for computing mean and std.dev: (1, 8241)
[M::mem_pestat] mean and std.dev: (1459.43, 2034.38)
[M::mem_pestat] low and high boundaries for proper pairs: (1, 10962)
[M::mem_pestat] analyzing insert size distribution for orientation RR...
[M::mem_pestat] (25, 50, 75) percentile: (258, 490, 1299)
[M::mem_pestat] low and high boundaries for computing mean and std.dev: (1, 3381)
[M::mem_pestat] mean and std.dev: (607.91, 606.61)
[M::mem_pestat] low and high boundaries for proper pairs: (1, 4422)
[M::mem_pestat] skip orientation FF
[M::mem_pestat] skip orientation RF
[M::mem_pestat] skip orientation RR
[M::process] read 1459186 sequences (200000223 bp)...
[M::mem_process_seqs] Processed 1458542 reads in 446.515 CPU sec, 48.315 real sec
[M::mem_pestat] # candidate unique pairs for (FF, FR, RF, RR): (125, 555785, 103, 67)
[M::mem_pestat] analyzing insert size distribution for orientation FF...
[M::mem_pestat] (25, 50, 75) percentile: (286, 421, 739)
[M::mem_pestat] low and high boundaries for computing mean and std.dev: (1, 1645)
[M::mem_pestat] mean and std.dev: (485.50, 305.22)
[M::mem_pestat] low and high boundaries for proper pairs: (1, 2098)
[M::mem_pestat] analyzing insert size distribution for orientation FR...
[M::mem_pestat] (25, 50, 75) percentile: (264, 352, 450)
[M::mem_pestat] low and high boundaries for computing mean and std.dev: (1, 822)
[M::mem_pestat] mean and std.dev: (363.91, 136.51)
[M::mem_pestat] low and high boundaries for proper pairs: (1, 1008)
[M::mem_pestat] analyzing insert size distribution for orientation RF...
[M::mem_pestat] (25, 50, 75) percentile: (150, 945, 3065)
[M::mem_pestat] low and high boundaries for computing mean and std.dev: (1, 8895)
[M::mem_pestat] mean and std.dev: (1761.45, 2111.76)
[M::mem_pestat] low and high boundaries for proper pairs: (1, 11810)
[M::mem_pestat] analyzing insert size distribution for orientation RR...
[M::mem_pestat] (25, 50, 75) percentile: (208, 442, 1215)
[M::mem_pestat] low and high boundaries for computing mean and std.dev: (1, 3229)
[M::mem_pestat] mean and std.dev: (658.74, 686.41)
[M::mem_pestat] low and high boundaries for proper pairs: (1, 4236)
[M::mem_pestat] skip orientation FF
[M::mem_pestat] skip orientation RF
[M::mem_pestat] skip orientation RR
[M::process] read 1466404 sequences (200000067 bp)...
[M::mem_process_seqs] Processed 1459186 reads in 448.851 CPU sec, 48.487 real sec
[M::mem_pestat] # candidate unique pairs for (FF, FR, RF, RR): (122, 556376, 119, 58)
[M::mem_pestat] analyzing insert size distribution for orientation FF...
[M::mem_pestat] (25, 50, 75) percentile: (304, 420, 612)
[M::mem_pestat] low and high boundaries for computing mean and std.dev: (1, 1228)
[M::mem_pestat] mean and std.dev: (442.12, 215.78)
[M::mem_pestat] low and high boundaries for proper pairs: (1, 1536)
[M::mem_pestat] analyzing insert size distribution for orientation FR...
[M::mem_pestat] (25, 50, 75) percentile: (260, 347, 442)
[M::mem_pestat] low and high boundaries for computing mean and std.dev: (1, 806)
[M::mem_pestat] mean and std.dev: (357.78, 133.12)
[M::mem_pestat] low and high boundaries for proper pairs: (1, 988)
[M::mem_pestat] analyzing insert size distribution for orientation RF...
[M::mem_pestat] (25, 50, 75) percentile: (80, 420, 2774)
[M::mem_pestat] low and high boundaries for computing mean and std.dev: (1, 8162)
[M::mem_pestat] mean and std.dev: (1321.25, 1916.51)
[M::mem_pestat] low and high boundaries for proper pairs: (1, 10856)
[M::mem_pestat] analyzing insert size distribution for orientation RR...
[M::mem_pestat] (25, 50, 75) percentile: (186, 498, 1023)
[M::mem_pestat] low and high boundaries for computing mean and std.dev: (1, 2697)
[M::mem_pestat] mean and std.dev: (575.80, 574.52)
[M::mem_pestat] low and high boundaries for proper pairs: (1, 3534)
[M::mem_pestat] skip orientation FF
[M::mem_pestat] skip orientation RF
[M::mem_pestat] skip orientation RR
[M::process] read 1462632 sequences (200000165 bp)...
[M::mem_process_seqs] Processed 1466404 reads in 455.186 CPU sec, 49.124 real sec
[M::mem_pestat] # candidate unique pairs for (FF, FR, RF, RR): (98, 559043, 125, 69)
[M::mem_pestat] analyzing insert size distribution for orientation FF...
[M::mem_pestat] (25, 50, 75) percentile: (315, 437, 692)
[M::mem_pestat] low and high boundaries for computing mean and std.dev: (1, 1446)
[M::mem_pestat] mean and std.dev: (467.87, 250.35)
[M::mem_pestat] low and high boundaries for proper pairs: (1, 1823)
[M::mem_pestat] analyzing insert size distribution for orientation FR...
[M::mem_pestat] (25, 50, 75) percentile: (259, 346, 441)
[M::mem_pestat] low and high boundaries for computing mean and std.dev: (1, 805)
[M::mem_pestat] mean and std.dev: (357.15, 133.51)
[M::mem_pestat] low and high boundaries for proper pairs: (1, 987)
[M::mem_pestat] analyzing insert size distribution for orientation RF...
[M::mem_pestat] (25, 50, 75) percentile: (53, 210, 1758)
[M::mem_pestat] low and high boundaries for computing mean and std.dev: (1, 5168)
[M::mem_pestat] mean and std.dev: (823.90, 1271.63)
[M::mem_pestat] low and high boundaries for proper pairs: (1, 6873)
[M::mem_pestat] analyzing insert size distribution for orientation RR...
[M::mem_pestat] (25, 50, 75) percentile: (216, 474, 1056)
[M::mem_pestat] low and high boundaries for computing mean and std.dev: (1, 2736)
[M::mem_pestat] mean and std.dev: (589.79, 522.35)
[M::mem_pestat] low and high boundaries for proper pairs: (1, 3576)
[M::mem_pestat] skip orientation FF
[M::mem_pestat] skip orientation RF
[M::mem_pestat] skip orientation RR
[M::process] read 1461250 sequences (200000067 bp)...
[M::mem_process_seqs] Processed 1462632 reads in 445.688 CPU sec, 48.249 real sec
[M::process] read 1462138 sequences (200000030 bp)...
[M::mem_pestat] # candidate unique pairs for (FF, FR, RF, RR): (117, 557366, 123, 69)
[M::mem_pestat] analyzing insert size distribution for orientation FF...
[M::mem_pestat] (25, 50, 75) percentile: (288, 435, 753)
[M::mem_pestat] low and high boundaries for computing mean and std.dev: (1, 1683)
[M::mem_pestat] mean and std.dev: (522.83, 348.98)
[M::mem_pestat] low and high boundaries for proper pairs: (1, 2148)
[M::mem_pestat] analyzing insert size distribution for orientation FR...
[M::mem_pestat] (25, 50, 75) percentile: (261, 348, 444)
[M::mem_pestat] low and high boundaries for computing mean and std.dev: (1, 810)
[M::mem_pestat] mean and std.dev: (359.61, 134.31)
[M::mem_pestat] low and high boundaries for proper pairs: (1, 993)
[M::mem_pestat] analyzing insert size distribution for orientation RF...
[M::mem_pestat] (25, 50, 75) percentile: (105, 324, 3449)
[M::mem_pestat] low and high boundaries for computing mean and std.dev: (1, 10137)
[M::mem_pestat] mean and std.dev: (2044.14, 2666.32)
[M::mem_pestat] low and high boundaries for proper pairs: (1, 13481)
[M::mem_pestat] analyzing insert size distribution for orientation RR...
[M::mem_pestat] (25, 50, 75) percentile: (214, 400, 728)
[M::mem_pestat] low and high boundaries for computing mean and std.dev: (1, 1756)
[M::mem_pestat] mean and std.dev: (428.82, 304.79)
[M::mem_pestat] low and high boundaries for proper pairs: (1, 2270)
[M::mem_pestat] skip orientation FF
[M::mem_pestat] skip orientation RF
[M::mem_pestat] skip orientation RR
[M::mem_process_seqs] Processed 1461250 reads in 445.894 CPU sec, 48.294 real sec
[M::mem_pestat] # candidate unique pairs for (FF, FR, RF, RR): (117, 555977, 114, 62)
[M::mem_pestat] analyzing insert size distribution for orientation FF...
[M::mem_pestat] (25, 50, 75) percentile: (329, 511, 768)
[M::mem_pestat] low and high boundaries for computing mean and std.dev: (1, 1646)
[M::mem_pestat] mean and std.dev: (536.81, 312.69)
[M::mem_pestat] low and high boundaries for proper pairs: (1, 2085)
[M::mem_pestat] analyzing insert size distribution for orientation FR...
[M::mem_pestat] (25, 50, 75) percentile: (262, 348, 444)
[M::mem_pestat] low and high boundaries for computing mean and std.dev: (1, 808)
[M::mem_pestat] mean and std.dev: (359.74, 133.88)
[M::mem_pestat] low and high boundaries for proper pairs: (1, 990)
[M::mem_pestat] analyzing insert size distribution for orientation RF...
[M::mem_pestat] (25, 50, 75) percentile: (42, 427, 3234)
[M::mem_pestat] low and high boundaries for computing mean and std.dev: (1, 9618)
[M::mem_pestat] mean and std.dev: (1831.07, 2589.21)
[M::mem_pestat] low and high boundaries for proper pairs: (1, 12810)
[M::mem_pestat] analyzing insert size distribution for orientation RR...
[M::mem_pestat] (25, 50, 75) percentile: (220, 581, 1237)
[M::mem_pestat] low and high boundaries for computing mean and std.dev: (1, 3271)
[M::mem_pestat] mean and std.dev: (853.02, 875.58)
[M::mem_pestat] low and high boundaries for proper pairs: (1, 4355)
[M::mem_pestat] skip orientation FF
[M::mem_pestat] skip orientation RF
[M::mem_pestat] skip orientation RR
[M::process] read 1467174 sequences (200000102 bp)...
[M::mem_process_seqs] Processed 1462138 reads in 451.807 CPU sec, 48.863 real sec
[M::mem_pestat] # candidate unique pairs for (FF, FR, RF, RR): (120, 558868, 108, 73)
[M::mem_pestat] analyzing insert size distribution for orientation FF...
[M::mem_pestat] (25, 50, 75) percentile: (253, 415, 629)
[M::mem_pestat] low and high boundaries for computing mean and std.dev: (1, 1381)
[M::mem_pestat] mean and std.dev: (439.58, 268.92)
[M::mem_pestat] low and high boundaries for proper pairs: (1, 1757)
[M::mem_pestat] analyzing insert size distribution for orientation FR...
[M::mem_pestat] (25, 50, 75) percentile: (262, 349, 445)
[M::mem_pestat] low and high boundaries for computing mean and std.dev: (1, 811)
[M::mem_pestat] mean and std.dev: (360.23, 134.17)
[M::mem_pestat] low and high boundaries for proper pairs: (1, 994)
[M::mem_pestat] analyzing insert size distribution for orientation RF...
[M::mem_pestat] (25, 50, 75) percentile: (70, 287, 2961)
[M::mem_pestat] low and high boundaries for computing mean and std.dev: (1, 8743)
[M::mem_pestat] mean and std.dev: (1424.72, 2013.23)
[M::mem_pestat] low and high boundaries for proper pairs: (1, 11634)
[M::mem_pestat] analyzing insert size distribution for orientation RR...
[M::mem_pestat] (25, 50, 75) percentile: (236, 440, 993)
[M::mem_pestat] low and high boundaries for computing mean and std.dev: (1, 2507)
[M::mem_pestat] mean and std.dev: (611.18, 532.14)
[M::mem_pestat] low and high boundaries for proper pairs: (1, 3264)
[M::mem_pestat] skip orientation FF
[M::mem_pestat] skip orientation RF
[M::mem_pestat] skip orientation RR
[M::process] read 1460022 sequences (200000103 bp)...
[M::mem_process_seqs] Processed 1467174 reads in 450.032 CPU sec, 48.644 real sec
[M::mem_pestat] # candidate unique pairs for (FF, FR, RF, RR): (108, 557673, 101, 65)
[M::mem_pestat] analyzing insert size distribution for orientation FF...
[M::mem_pestat] (25, 50, 75) percentile: (337, 495, 685)
[M::mem_pestat] low and high boundaries for computing mean and std.dev: (1, 1381)
[M::mem_pestat] mean and std.dev: (495.23, 274.95)
[M::mem_pestat] low and high boundaries for proper pairs: (1, 1729)
[M::mem_pestat] analyzing insert size distribution for orientation FR...
[M::mem_pestat] (25, 50, 75) percentile: (266, 355, 454)
[M::mem_pestat] low and high boundaries for computing mean and std.dev: (1, 830)
[M::mem_pestat] mean and std.dev: (366.79, 138.81)
[M::mem_pestat] low and high boundaries for proper pairs: (1, 1018)
[M::mem_pestat] analyzing insert size distribution for orientation RF...
[M::mem_pestat] (25, 50, 75) percentile: (57, 477, 3558)
[M::mem_pestat] low and high boundaries for computing mean and std.dev: (1, 10560)
[M::mem_pestat] mean and std.dev: (2076.79, 2770.06)
[M::mem_pestat] low and high boundaries for proper pairs: (1, 14061)
[M::mem_pestat] analyzing insert size distribution for orientation RR...
[M::mem_pestat] (25, 50, 75) percentile: (231, 418, 891)
[M::mem_pestat] low and high boundaries for computing mean and std.dev: (1, 2211)
[M::mem_pestat] mean and std.dev: (457.75, 310.96)
[M::mem_pestat] low and high boundaries for proper pairs: (1, 2871)
[M::mem_pestat] skip orientation FF
[M::mem_pestat] skip orientation RF
[M::mem_pestat] skip orientation RR
[M::process] read 1459214 sequences (200000286 bp)...
[M::mem_process_seqs] Processed 1460022 reads in 444.434 CPU sec, 48.152 real sec
[M::mem_pestat] # candidate unique pairs for (FF, FR, RF, RR): (124, 556328, 130, 62)
[M::mem_pestat] analyzing insert size distribution for orientation FF...
[M::mem_pestat] (25, 50, 75) percentile: (297, 454, 739)
[M::mem_pestat] low and high boundaries for computing mean and std.dev: (1, 1623)
[M::mem_pestat] mean and std.dev: (483.67, 319.68)
[M::mem_pestat] low and high boundaries for proper pairs: (1, 2065)
[M::mem_pestat] analyzing insert size distribution for orientation FR...
[M::mem_pestat] (25, 50, 75) percentile: (266, 355, 455)
[M::mem_pestat] low and high boundaries for computing mean and std.dev: (1, 833)
[M::mem_pestat] mean and std.dev: (367.50, 139.25)
[M::mem_pestat] low and high boundaries for proper pairs: (1, 1022)
[M::mem_pestat] analyzing insert size distribution for orientation RF...
[M::mem_pestat] (25, 50, 75) percentile: (126, 1214, 2999)
[M::mem_pestat] low and high boundaries for computing mean and std.dev: (1, 8745)
[M::mem_pestat] mean and std.dev: (1825.79, 2200.09)
[M::mem_pestat] low and high boundaries for proper pairs: (1, 11618)
[M::mem_pestat] analyzing insert size distribution for orientation RR...
[M::mem_pestat] (25, 50, 75) percentile: (267, 453, 779)
[M::mem_pestat] low and high boundaries for computing mean and std.dev: (1, 1803)
[M::mem_pestat] mean and std.dev: (475.22, 313.00)
[M::mem_pestat] low and high boundaries for proper pairs: (1, 2315)
[M::mem_pestat] skip orientation FF
[M::mem_pestat] skip orientation RF
[M::mem_pestat] skip orientation RR
[M::mem_process_seqs] Processed 1459214 reads in 460.067 CPU sec, 68.479 real sec
[M::process] read 1460108 sequences (200000196 bp)...
[M::process] read 1461718 sequences (200000162 bp)...
[M::mem_pestat] # candidate unique pairs for (FF, FR, RF, RR): (117, 554465, 89, 74)
[M::mem_pestat] analyzing insert size distribution for orientation FF...
[M::mem_pestat] (25, 50, 75) percentile: (294, 498, 852)
[M::mem_pestat] low and high boundaries for computing mean and std.dev: (1, 1968)
[M::mem_pestat] mean and std.dev: (564.28, 407.79)
[M::mem_pestat] low and high boundaries for proper pairs: (1, 2526)
[M::mem_pestat] analyzing insert size distribution for orientation FR...
[M::mem_pestat] (25, 50, 75) percentile: (264, 352, 451)
[M::mem_pestat] low and high boundaries for computing mean and std.dev: (1, 825)
[M::mem_pestat] mean and std.dev: (364.79, 138.38)
[M::mem_pestat] low and high boundaries for proper pairs: (1, 1012)
[M::mem_pestat] analyzing insert size distribution for orientation RF...
[M::mem_pestat] (25, 50, 75) percentile: (107, 537, 3261)
[M::mem_pestat] low and high boundaries for computing mean and std.dev: (1, 9569)
[M::mem_pestat] mean and std.dev: (1973.83, 2662.34)
[M::mem_pestat] low and high boundaries for proper pairs: (1, 12723)
[M::mem_pestat] analyzing insert size distribution for orientation RR...
[M::mem_pestat] (25, 50, 75) percentile: (218, 412, 928)
[M::mem_pestat] low and high boundaries for computing mean and std.dev: (1, 2348)
[M::mem_pestat] mean and std.dev: (507.84, 441.49)
[M::mem_pestat] low and high boundaries for proper pairs: (1, 3058)
[M::mem_pestat] skip orientation FF
[M::mem_pestat] skip orientation RF
[M::mem_pestat] skip orientation RR
[M::mem_process_seqs] Processed 1460108 reads in 448.718 CPU sec, 46.876 real sec
[M::mem_pestat] # candidate unique pairs for (FF, FR, RF, RR): (124, 557885, 124, 70)
[M::mem_pestat] analyzing insert size distribution for orientation FF...
[M::mem_pestat] (25, 50, 75) percentile: (290, 454, 687)
[M::mem_pestat] low and high boundaries for computing mean and std.dev: (1, 1481)
[M::mem_pestat] mean and std.dev: (500.44, 279.47)
[M::mem_pestat] low and high boundaries for proper pairs: (1, 1878)
[M::mem_pestat] analyzing insert size distribution for orientation FR...
[M::mem_pestat] (25, 50, 75) percentile: (267, 355, 454)
[M::mem_pestat] low and high boundaries for computing mean and std.dev: (1, 828)
[M::mem_pestat] mean and std.dev: (367.02, 138.30)
[M::mem_pestat] low and high boundaries for proper pairs: (1, 1015)
[M::mem_pestat] analyzing insert size distribution for orientation RF...
[M::mem_pestat] (25, 50, 75) percentile: (84, 359, 3514)
[M::mem_pestat] low and high boundaries for computing mean and std.dev: (1, 10374)
[M::mem_pestat] mean and std.dev: (1989.49, 2728.50)
[M::mem_pestat] low and high boundaries for proper pairs: (1, 13804)
[M::mem_pestat] analyzing insert size distribution for orientation RR...
[M::mem_pestat] (25, 50, 75) percentile: (334, 608, 1152)
[M::mem_pestat] low and high boundaries for computing mean and std.dev: (1, 2788)
[M::mem_pestat] mean and std.dev: (713.67, 566.76)
[M::mem_pestat] low and high boundaries for proper pairs: (1, 3606)
[M::mem_pestat] skip orientation FF
[M::mem_pestat] skip orientation RF
[M::mem_pestat] skip orientation RR
[M::process] read 1459814 sequences (200000274 bp)...
[M::mem_process_seqs] Processed 1461718 reads in 445.290 CPU sec, 48.154 real sec
[M::mem_pestat] # candidate unique pairs for (FF, FR, RF, RR): (110, 556735, 132, 58)
[M::mem_pestat] analyzing insert size distribution for orientation FF...
[M::mem_pestat] (25, 50, 75) percentile: (276, 447, 739)
[M::mem_pestat] low and high boundaries for computing mean and std.dev: (1, 1665)
[M::mem_pestat] mean and std.dev: (528.60, 351.61)
[M::mem_pestat] low and high boundaries for proper pairs: (1, 2128)
[M::mem_pestat] analyzing insert size distribution for orientation FR...
[M::mem_pestat] (25, 50, 75) percentile: (268, 357, 457)
[M::mem_pestat] low and high boundaries for computing mean and std.dev: (1, 835)
[M::mem_pestat] mean and std.dev: (369.32, 139.57)
[M::mem_pestat] low and high boundaries for proper pairs: (1, 1024)
[M::mem_pestat] analyzing insert size distribution for orientation RF...
[M::mem_pestat] (25, 50, 75) percentile: (63, 368, 2612)
[M::mem_pestat] low and high boundaries for computing mean and std.dev: (1, 7710)
[M::mem_pestat] mean and std.dev: (1342.43, 1831.01)
[M::mem_pestat] low and high boundaries for proper pairs: (1, 10259)
[M::mem_pestat] analyzing insert size distribution for orientation RR...
[M::mem_pestat] (25, 50, 75) percentile: (200, 414, 594)
[M::mem_pestat] low and high boundaries for computing mean and std.dev: (1, 1382)
[M::mem_pestat] mean and std.dev: (386.24, 298.48)
[M::mem_pestat] low and high boundaries for proper pairs: (1, 1776)
[M::mem_pestat] skip orientation FF
[M::mem_pestat] skip orientation RF
[M::mem_pestat] skip orientation RR
[M::process] read 1459814 sequences (200000230 bp)...
[M::mem_process_seqs] Processed 1459814 reads in 447.598 CPU sec, 48.444 real sec
[M::mem_pestat] # candidate unique pairs for (FF, FR, RF, RR): (122, 555735, 109, 57)
[M::mem_pestat] analyzing insert size distribution for orientation FF...
[M::mem_pestat] (25, 50, 75) percentile: (293, 457, 711)
[M::mem_pestat] low and high boundaries for computing mean and std.dev: (1, 1547)
[M::mem_pestat] mean and std.dev: (504.99, 305.76)
[M::mem_pestat] low and high boundaries for proper pairs: (1, 1965)
[M::mem_pestat] analyzing insert size distribution for orientation FR...
[M::mem_pestat] (25, 50, 75) percentile: (267, 356, 456)
[M::mem_pestat] low and high boundaries for computing mean and std.dev: (1, 834)
[M::mem_pestat] mean and std.dev: (368.58, 139.75)
[M::mem_pestat] low and high boundaries for proper pairs: (1, 1023)
[M::mem_pestat] analyzing insert size distribution for orientation RF...
[M::mem_pestat] (25, 50, 75) percentile: (85, 649, 2923)
[M::mem_pestat] low and high boundaries for computing mean and std.dev: (1, 8599)
[M::mem_pestat] mean and std.dev: (1590.48, 2031.02)
[M::mem_pestat] low and high boundaries for proper pairs: (1, 11437)
[M::mem_pestat] analyzing insert size distribution for orientation RR...
[M::mem_pestat] (25, 50, 75) percentile: (200, 332, 602)
[M::mem_pestat] low and high boundaries for computing mean and std.dev: (1, 1406)
[M::mem_pestat] mean and std.dev: (342.76, 198.03)
[M::mem_pestat] low and high boundaries for proper pairs: (1, 1808)
[M::mem_pestat] skip orientation FF
[M::mem_pestat] skip orientation RF
[M::mem_pestat] skip orientation RR
[M::mem_process_seqs] Processed 1459814 reads in 455.659 CPU sec, 90.354 real sec
[M::process] read 1462690 sequences (200000151 bp)...
[M::process] read 1460902 sequences (200000146 bp)...
[M::mem_pestat] # candidate unique pairs for (FF, FR, RF, RR): (126, 556711, 134, 76)
[M::mem_pestat] analyzing insert size distribution for orientation FF...
[M::mem_pestat] (25, 50, 75) percentile: (311, 546, 862)
[M::mem_pestat] low and high boundaries for computing mean and std.dev: (1, 1964)
[M::mem_pestat] mean and std.dev: (566.32, 379.41)
[M::mem_pestat] low and high boundaries for proper pairs: (1, 2515)
[M::mem_pestat] analyzing insert size distribution for orientation FR...
[M::mem_pestat] (25, 50, 75) percentile: (264, 353, 451)
[M::mem_pestat] low and high boundaries for computing mean and std.dev: (1, 825)
[M::mem_pestat] mean and std.dev: (364.93, 137.94)
[M::mem_pestat] low and high boundaries for proper pairs: (1, 1012)
[M::mem_pestat] analyzing insert size distribution for orientation RF...
[M::mem_pestat] (25, 50, 75) percentile: (89, 576, 4260)
[M::mem_pestat] low and high boundaries for computing mean and std.dev: (1, 12602)
[M::mem_pestat] mean and std.dev: (2261.09, 2904.00)
[M::mem_pestat] low and high boundaries for proper pairs: (1, 16773)
[M::mem_pestat] analyzing insert size distribution for orientation RR...
[M::mem_pestat] (25, 50, 75) percentile: (238, 337, 664)
[M::mem_pestat] low and high boundaries for computing mean and std.dev: (1, 1516)
[M::mem_pestat] mean and std.dev: (401.18, 284.81)
[M::mem_pestat] low and high boundaries for proper pairs: (1, 1942)
[M::mem_pestat] skip orientation FF
[M::mem_pestat] skip orientation RF
[M::mem_pestat] skip orientation RR
[M::mem_process_seqs] Processed 1462690 reads in 447.770 CPU sec, 45.259 real sec
[M::mem_pestat] # candidate unique pairs for (FF, FR, RF, RR): (123, 557102, 135, 61)
[M::mem_pestat] analyzing insert size distribution for orientation FF...
[M::mem_pestat] (25, 50, 75) percentile: (277, 436, 763)
[M::mem_pestat] low and high boundaries for computing mean and std.dev: (1, 1735)
[M::mem_pestat] mean and std.dev: (516.39, 347.39)
[M::mem_pestat] low and high boundaries for proper pairs: (1, 2221)
[M::mem_pestat] analyzing insert size distribution for orientation FR...
[M::mem_pestat] (25, 50, 75) percentile: (268, 357, 457)
[M::mem_pestat] low and high boundaries for computing mean and std.dev: (1, 835)
[M::mem_pestat] mean and std.dev: (368.94, 139.65)
[M::mem_pestat] low and high boundaries for proper pairs: (1, 1024)
[M::mem_pestat] analyzing insert size distribution for orientation RF...
[M::mem_pestat] (25, 50, 75) percentile: (58, 446, 3627)
[M::mem_pestat] low and high boundaries for computing mean and std.dev: (1, 10765)
[M::mem_pestat] mean and std.dev: (1957.56, 2558.74)
[M::mem_pestat] low and high boundaries for proper pairs: (1, 14334)
[M::mem_pestat] analyzing insert size distribution for orientation RR...
[M::mem_pestat] (25, 50, 75) percentile: (259, 420, 869)
[M::mem_pestat] low and high boundaries for computing mean and std.dev: (1, 2089)
[M::mem_pestat] mean and std.dev: (496.17, 419.75)
[M::mem_pestat] low and high boundaries for proper pairs: (1, 2699)
[M::mem_pestat] skip orientation FF
[M::mem_pestat] skip orientation RF
[M::mem_pestat] skip orientation RR
[M::process] read 1459544 sequences (200000196 bp)...
[M::mem_process_seqs] Processed 1460902 reads in 445.323 CPU sec, 48.172 real sec
[M::process] read 1457296 sequences (200000202 bp)...
[M::mem_pestat] # candidate unique pairs for (FF, FR, RF, RR): (128, 556962, 124, 53)
[M::mem_pestat] analyzing insert size distribution for orientation FF...
[M::mem_pestat] (25, 50, 75) percentile: (320, 463, 645)
[M::mem_pestat] low and high boundaries for computing mean and std.dev: (1, 1295)
[M::mem_pestat] mean and std.dev: (473.49, 245.56)
[M::mem_pestat] low and high boundaries for proper pairs: (1, 1620)
[M::mem_pestat] analyzing insert size distribution for orientation FR...
[M::mem_pestat] (25, 50, 75) percentile: (268, 357, 457)
[M::mem_pestat] low and high boundaries for computing mean and std.dev: (1, 835)
[M::mem_pestat] mean and std.dev: (369.33, 140.18)
[M::mem_pestat] low and high boundaries for proper pairs: (1, 1024)
[M::mem_pestat] analyzing insert size distribution for orientation RF...
[M::mem_pestat] (25, 50, 75) percentile: (79, 474, 1988)
[M::mem_pestat] low and high boundaries for computing mean and std.dev: (1, 5806)
[M::mem_pestat] mean and std.dev: (1029.81, 1472.39)
[M::mem_pestat] low and high boundaries for proper pairs: (1, 7715)
[M::mem_pestat] analyzing insert size distribution for orientation RR...
[M::mem_pestat] (25, 50, 75) percentile: (265, 476, 1136)
[M::mem_pestat] low and high boundaries for computing mean and std.dev: (1, 2878)
[M::mem_pestat] mean and std.dev: (671.15, 738.87)
[M::mem_pestat] low and high boundaries for proper pairs: (1, 3749)
[M::mem_pestat] skip orientation FF
[M::mem_pestat] skip orientation RF
[M::mem_pestat] skip orientation RR
[M::mem_process_seqs] Processed 1459544 reads in 446.790 CPU sec, 48.378 real sec
[M::mem_pestat] # candidate unique pairs for (FF, FR, RF, RR): (119, 554100, 101, 61)
[M::mem_pestat] analyzing insert size distribution for orientation FF...
[M::mem_pestat] (25, 50, 75) percentile: (311, 447, 784)
[M::mem_pestat] low and high boundaries for computing mean and std.dev: (1, 1730)
[M::mem_pestat] mean and std.dev: (500.34, 298.72)
[M::mem_pestat] low and high boundaries for proper pairs: (1, 2203)
[M::mem_pestat] analyzing insert size distribution for orientation FR...
[M::mem_pestat] (25, 50, 75) percentile: (266, 355, 455)
[M::mem_pestat] low and high boundaries for computing mean and std.dev: (1, 833)
[M::mem_pestat] mean and std.dev: (367.85, 139.86)
[M::mem_pestat] low and high boundaries for proper pairs: (1, 1022)
[M::mem_pestat] analyzing insert size distribution for orientation RF...
[M::mem_pestat] (25, 50, 75) percentile: (120, 543, 2976)
[M::mem_pestat] low and high boundaries for computing mean and std.dev: (1, 8688)
[M::mem_pestat] mean and std.dev: (1556.59, 2153.90)
[M::mem_pestat] low and high boundaries for proper pairs: (1, 11544)
[M::mem_pestat] analyzing insert size distribution for orientation RR...
[M::mem_pestat] (25, 50, 75) percentile: (234, 386, 1103)
[M::mem_pestat] low and high boundaries for computing mean and std.dev: (1, 2841)
[M::mem_pestat] mean and std.dev: (525.46, 516.38)
[M::mem_pestat] low and high boundaries for proper pairs: (1, 3710)
[M::mem_pestat] skip orientation FF
[M::mem_pestat] skip orientation RF
[M::mem_pestat] skip orientation RR
[M::process] read 1462098 sequences (200000062 bp)...
[M::mem_process_seqs] Processed 1457296 reads in 450.169 CPU sec, 48.661 real sec
[M::mem_pestat] # candidate unique pairs for (FF, FR, RF, RR): (125, 556457, 114, 73)
[M::mem_pestat] analyzing insert size distribution for orientation FF...
[M::mem_pestat] (25, 50, 75) percentile: (287, 423, 731)
[M::mem_pestat] low and high boundaries for computing mean and std.dev: (1, 1619)
[M::mem_pestat] mean and std.dev: (450.49, 285.48)
[M::mem_pestat] low and high boundaries for proper pairs: (1, 2063)
[M::mem_pestat] analyzing insert size distribution for orientation FR...
[M::mem_pestat] (25, 50, 75) percentile: (264, 352, 451)
[M::mem_pestat] low and high boundaries for computing mean and std.dev: (1, 825)
[M::mem_pestat] mean and std.dev: (364.69, 137.83)
[M::mem_pestat] low and high boundaries for proper pairs: (1, 1012)
[M::mem_pestat] analyzing insert size distribution for orientation RF...
[M::mem_pestat] (25, 50, 75) percentile: (81, 358, 1751)
[M::mem_pestat] low and high boundaries for computing mean and std.dev: (1, 5091)
[M::mem_pestat] mean and std.dev: (798.62, 1197.69)
[M::mem_pestat] low and high boundaries for proper pairs: (1, 6761)
[M::mem_pestat] analyzing insert size distribution for orientation RR...
[M::mem_pestat] (25, 50, 75) percentile: (278, 466, 1167)
[M::mem_pestat] low and high boundaries for computing mean and std.dev: (1, 2945)
[M::mem_pestat] mean and std.dev: (702.99, 663.06)
[M::mem_pestat] low and high boundaries for proper pairs: (1, 3834)
[M::mem_pestat] skip orientation FF
[M::mem_pestat] skip orientation RF
[M::mem_pestat] skip orientation RR
[M::process] read 1463196 sequences (200000092 bp)...
[M::mem_process_seqs] Processed 1462098 reads in 448.443 CPU sec, 48.443 real sec
[M::mem_pestat] # candidate unique pairs for (FF, FR, RF, RR): (122, 557377, 103, 60)
[M::mem_pestat] analyzing insert size distribution for orientation FF...
[M::mem_pestat] (25, 50, 75) percentile: (301, 437, 835)
[M::mem_pestat] low and high boundaries for computing mean and std.dev: (1, 1903)
[M::mem_pestat] mean and std.dev: (519.40, 350.89)
[M::mem_pestat] low and high boundaries for proper pairs: (1, 2437)
[M::mem_pestat] analyzing insert size distribution for orientation FR...
[M::mem_pestat] (25, 50, 75) percentile: (267, 355, 455)
[M::mem_pestat] low and high boundaries for computing mean and std.dev: (1, 831)
[M::mem_pestat] mean and std.dev: (367.73, 138.82)
[M::mem_pestat] low and high boundaries for proper pairs: (1, 1019)
[M::mem_pestat] analyzing insert size distribution for orientation RF...
[M::mem_pestat] (25, 50, 75) percentile: (86, 430, 3255)
[M::mem_pestat] low and high boundaries for computing mean and std.dev: (1, 9593)
[M::mem_pestat] mean and std.dev: (1668.62, 2094.90)
[M::mem_pestat] low and high boundaries for proper pairs: (1, 12762)
[M::mem_pestat] analyzing insert size distribution for orientation RR...
[M::mem_pestat] (25, 50, 75) percentile: (424, 683, 1744)
[M::mem_pestat] low and high boundaries for computing mean and std.dev: (1, 4384)
[M::mem_pestat] mean and std.dev: (1027.80, 1049.87)
[M::mem_pestat] low and high boundaries for proper pairs: (1, 5704)
[M::mem_pestat] skip orientation FF
[M::mem_pestat] skip orientation RF
[M::mem_pestat] skip orientation RR
[M::process] read 1460592 sequences (200000045 bp)...
[M::mem_process_seqs] Processed 1463196 reads in 448.069 CPU sec, 48.455 real sec
[M::mem_pestat] # candidate unique pairs for (FF, FR, RF, RR): (110, 556187, 100, 78)
[M::mem_pestat] analyzing insert size distribution for orientation FF...
[M::mem_pestat] (25, 50, 75) percentile: (303, 450, 915)
[M::mem_pestat] low and high boundaries for computing mean and std.dev: (1, 2139)
[M::mem_pestat] mean and std.dev: (554.62, 422.75)
[M::mem_pestat] low and high boundaries for proper pairs: (1, 2751)
[M::mem_pestat] analyzing insert size distribution for orientation FR...
[M::mem_pestat] (25, 50, 75) percentile: (267, 356, 455)
[M::mem_pestat] low and high boundaries for computing mean and std.dev: (1, 831)
[M::mem_pestat] mean and std.dev: (368.14, 139.81)
[M::mem_pestat] low and high boundaries for proper pairs: (1, 1019)
[M::mem_pestat] analyzing insert size distribution for orientation RF...
[M::mem_pestat] (25, 50, 75) percentile: (74, 427, 3261)
[M::mem_pestat] low and high boundaries for computing mean and std.dev: (1, 9635)
[M::mem_pestat] mean and std.dev: (1647.39, 2259.35)
[M::mem_pestat] low and high boundaries for proper pairs: (1, 12822)
[M::mem_pestat] analyzing insert size distribution for orientation RR...
[M::mem_pestat] (25, 50, 75) percentile: (217, 343, 767)
[M::mem_pestat] low and high boundaries for computing mean and std.dev: (1, 1867)
[M::mem_pestat] mean and std.dev: (455.14, 362.81)
[M::mem_pestat] low and high boundaries for proper pairs: (1, 2417)
[M::mem_pestat] skip orientation FF
[M::mem_pestat] skip orientation RF
[M::mem_pestat] skip orientation RR
[M::process] read 1460596 sequences (200000117 bp)...
[M::mem_process_seqs] Processed 1460592 reads in 448.129 CPU sec, 48.484 real sec
[M::mem_pestat] # candidate unique pairs for (FF, FR, RF, RR): (109, 555145, 108, 60)
[M::mem_pestat] analyzing insert size distribution for orientation FF...
[M::mem_pestat] (25, 50, 75) percentile: (316, 446, 634)
[M::mem_pestat] low and high boundaries for computing mean and std.dev: (1, 1270)
[M::mem_pestat] mean and std.dev: (454.08, 242.05)
[M::mem_pestat] low and high boundaries for proper pairs: (1, 1588)
[M::mem_pestat] analyzing insert size distribution for orientation FR...
[M::mem_pestat] (25, 50, 75) percentile: (265, 354, 453)
[M::mem_pestat] low and high boundaries for computing mean and std.dev: (1, 829)
[M::mem_pestat] mean and std.dev: (366.20, 138.61)
[M::mem_pestat] low and high boundaries for proper pairs: (1, 1017)
[M::mem_pestat] analyzing insert size distribution for orientation RF...
[M::mem_pestat] (25, 50, 75) percentile: (52, 411, 2921)
[M::mem_pestat] low and high boundaries for computing mean and std.dev: (1, 8659)
[M::mem_pestat] mean and std.dev: (1368.96, 1781.96)
[M::mem_pestat] low and high boundaries for proper pairs: (1, 11528)
[M::mem_pestat] analyzing insert size distribution for orientation RR...
[M::mem_pestat] (25, 50, 75) percentile: (257, 499, 1030)
[M::mem_pestat] low and high boundaries for computing mean and std.dev: (1, 2576)
[M::mem_pestat] mean and std.dev: (618.92, 575.29)
[M::mem_pestat] low and high boundaries for proper pairs: (1, 3349)
[M::mem_pestat] skip orientation FF
[M::mem_pestat] skip orientation RF
[M::mem_pestat] skip orientation RR
[M::process] read 1467598 sequences (200000187 bp)...
[M::mem_process_seqs] Processed 1460596 reads in 451.163 CPU sec, 48.744 real sec
[M::mem_pestat] # candidate unique pairs for (FF, FR, RF, RR): (112, 558285, 115, 69)
[M::mem_pestat] analyzing insert size distribution for orientation FF...
[M::mem_pestat] (25, 50, 75) percentile: (291, 430, 693)
[M::mem_pestat] low and high boundaries for computing mean and std.dev: (1, 1497)
[M::mem_pestat] mean and std.dev: (479.73, 288.92)
[M::mem_pestat] low and high boundaries for proper pairs: (1, 1899)
[M::mem_pestat] analyzing insert size distribution for orientation FR...
[M::mem_pestat] (25, 50, 75) percentile: (264, 351, 448)
[M::mem_pestat] low and high boundaries for computing mean and std.dev: (1, 816)
[M::mem_pestat] mean and std.dev: (362.73, 135.82)
[M::mem_pestat] low and high boundaries for proper pairs: (1, 1000)
[M::mem_pestat] analyzing insert size distribution for orientation RF...
[M::mem_pestat] (25, 50, 75) percentile: (109, 396, 1982)
[M::mem_pestat] low and high boundaries for computing mean and std.dev: (1, 5728)
[M::mem_pestat] mean and std.dev: (997.42, 1368.54)
[M::mem_pestat] low and high boundaries for proper pairs: (1, 7601)
[M::mem_pestat] analyzing insert size distribution for orientation RR...
[M::mem_pestat] (25, 50, 75) percentile: (353, 782, 1529)
[M::mem_pestat] low and high boundaries for computing mean and std.dev: (1, 3881)
[M::mem_pestat] mean and std.dev: (880.57, 761.28)
[M::mem_pestat] low and high boundaries for proper pairs: (1, 5057)
[M::mem_pestat] skip orientation FF
[M::mem_pestat] skip orientation RF
[M::mem_pestat] skip orientation RR
[M::process] read 1466652 sequences (200000138 bp)...
[M::mem_process_seqs] Processed 1467598 reads in 450.861 CPU sec, 48.712 real sec
[M::mem_pestat] # candidate unique pairs for (FF, FR, RF, RR): (115, 558409, 113, 68)
[M::mem_pestat] analyzing insert size distribution for orientation FF...
[M::mem_pestat] (25, 50, 75) percentile: (265, 518, 1020)
[M::mem_pestat] low and high boundaries for computing mean and std.dev: (1, 2530)
[M::mem_pestat] mean and std.dev: (618.96, 514.95)
[M::mem_pestat] low and high boundaries for proper pairs: (1, 3285)
[M::mem_pestat] analyzing insert size distribution for orientation FR...
[M::mem_pestat] (25, 50, 75) percentile: (266, 354, 453)
[M::mem_pestat] low and high boundaries for computing mean and std.dev: (1, 827)
[M::mem_pestat] mean and std.dev: (366.26, 137.89)
[M::mem_pestat] low and high boundaries for proper pairs: (1, 1014)
[M::mem_pestat] analyzing insert size distribution for orientation RF...
[M::mem_pestat] (25, 50, 75) percentile: (91, 437, 3144)
[M::mem_pestat] low and high boundaries for computing mean and std.dev: (1, 9250)
[M::mem_pestat] mean and std.dev: (1685.72, 2290.38)
[M::mem_pestat] low and high boundaries for proper pairs: (1, 12303)
[M::mem_pestat] analyzing insert size distribution for orientation RR...
[M::mem_pestat] (25, 50, 75) percentile: (241, 374, 1216)
[M::mem_pestat] low and high boundaries for computing mean and std.dev: (1, 3166)
[M::mem_pestat] mean and std.dev: (610.75, 577.03)
[M::mem_pestat] low and high boundaries for proper pairs: (1, 4141)
[M::mem_pestat] skip orientation FF
[M::mem_pestat] skip orientation RF
[M::mem_pestat] skip orientation RR
[M::process] read 1464174 sequences (200000231 bp)...
[M::mem_process_seqs] Processed 1466652 reads in 451.989 CPU sec, 48.939 real sec
[M::mem_pestat] # candidate unique pairs for (FF, FR, RF, RR): (124, 556446, 142, 76)
[M::mem_pestat] analyzing insert size distribution for orientation FF...
[M::mem_pestat] (25, 50, 75) percentile: (316, 411, 731)
[M::mem_pestat] low and high boundaries for computing mean and std.dev: (1, 1561)
[M::mem_pestat] mean and std.dev: (473.92, 269.34)
[M::mem_pestat] low and high boundaries for proper pairs: (1, 1976)
[M::mem_pestat] analyzing insert size distribution for orientation FR...
[M::mem_pestat] (25, 50, 75) percentile: (266, 354, 454)
[M::mem_pestat] low and high boundaries for computing mean and std.dev: (1, 830)
[M::mem_pestat] mean and std.dev: (366.96, 138.76)
[M::mem_pestat] low and high boundaries for proper pairs: (1, 1018)
[M::mem_pestat] analyzing insert size distribution for orientation RF...
[M::mem_pestat] (25, 50, 75) percentile: (160, 595, 2931)
[M::mem_pestat] low and high boundaries for computing mean and std.dev: (1, 8473)
[M::mem_pestat] mean and std.dev: (1542.70, 1937.26)
[M::mem_pestat] low and high boundaries for proper pairs: (1, 11244)
[M::mem_pestat] analyzing insert size distribution for orientation RR...
[M::mem_pestat] (25, 50, 75) percentile: (256, 502, 871)
[M::mem_pestat] low and high boundaries for computing mean and std.dev: (1, 2101)
[M::mem_pestat] mean and std.dev: (519.15, 390.51)
[M::mem_pestat] low and high boundaries for proper pairs: (1, 2716)
[M::mem_pestat] skip orientation FF
[M::mem_pestat] skip orientation RF
[M::mem_pestat] skip orientation RR
[M::mem_process_seqs] Processed 1464174 reads in 464.511 CPU sec, 69.762 real sec
[M::process] read 1464872 sequences (200000022 bp)...
[M::process] read 1475484 sequences (200000180 bp)...
[M::mem_pestat] # candidate unique pairs for (FF, FR, RF, RR): (98, 556157, 118, 68)
[M::mem_pestat] analyzing insert size distribution for orientation FF...
[M::mem_pestat] (25, 50, 75) percentile: (262, 431, 807)
[M::mem_pestat] low and high boundaries for computing mean and std.dev: (1, 1897)
[M::mem_pestat] mean and std.dev: (531.71, 403.65)
[M::mem_pestat] low and high boundaries for proper pairs: (1, 2442)
[M::mem_pestat] analyzing insert size distribution for orientation FR...
[M::mem_pestat] (25, 50, 75) percentile: (264, 352, 450)
[M::mem_pestat] low and high boundaries for computing mean and std.dev: (1, 822)
[M::mem_pestat] mean and std.dev: (364.21, 137.26)
[M::mem_pestat] low and high boundaries for proper pairs: (1, 1008)
[M::mem_pestat] analyzing insert size distribution for orientation RF...
[M::mem_pestat] (25, 50, 75) percentile: (135, 567, 2637)
[M::mem_pestat] low and high boundaries for computing mean and std.dev: (1, 7641)
[M::mem_pestat] mean and std.dev: (1219.65, 1516.63)
[M::mem_pestat] low and high boundaries for proper pairs: (1, 10143)
[M::mem_pestat] analyzing insert size distribution for orientation RR...
[M::mem_pestat] (25, 50, 75) percentile: (203, 406, 838)
[M::mem_pestat] low and high boundaries for computing mean and std.dev: (1, 2108)
[M::mem_pestat] mean and std.dev: (516.44, 434.51)
[M::mem_pestat] low and high boundaries for proper pairs: (1, 2743)
[M::mem_pestat] skip orientation FF
[M::mem_pestat] skip orientation RF
[M::mem_pestat] skip orientation RR
[M::mem_process_seqs] Processed 1464872 reads in 453.911 CPU sec, 48.063 real sec
[M::mem_pestat] # candidate unique pairs for (FF, FR, RF, RR): (116, 561633, 122, 81)
[M::mem_pestat] analyzing insert size distribution for orientation FF...
[M::mem_pestat] (25, 50, 75) percentile: (357, 485, 675)
[M::mem_pestat] low and high boundaries for computing mean and std.dev: (1, 1311)
[M::mem_pestat] mean and std.dev: (470.54, 190.91)
[M::mem_pestat] low and high boundaries for proper pairs: (1, 1629)
[M::mem_pestat] analyzing insert size distribution for orientation FR...
[M::mem_pestat] (25, 50, 75) percentile: (260, 347, 442)
[M::mem_pestat] low and high boundaries for computing mean and std.dev: (1, 806)
[M::mem_pestat] mean and std.dev: (357.94, 133.54)
[M::mem_pestat] low and high boundaries for proper pairs: (1, 988)
[M::mem_pestat] analyzing insert size distribution for orientation RF...
[M::mem_pestat] (25, 50, 75) percentile: (33, 239, 2929)
[M::mem_pestat] low and high boundaries for computing mean and std.dev: (1, 8721)
[M::mem_pestat] mean and std.dev: (1462.92, 2261.46)
[M::mem_pestat] low and high boundaries for proper pairs: (1, 11617)
[M::mem_pestat] analyzing insert size distribution for orientation RR...
[M::mem_pestat] (25, 50, 75) percentile: (261, 532, 1098)
[M::mem_pestat] low and high boundaries for computing mean and std.dev: (1, 2772)
[M::mem_pestat] mean and std.dev: (639.79, 536.05)
[M::mem_pestat] low and high boundaries for proper pairs: (1, 3609)
[M::mem_pestat] skip orientation FF
[M::mem_pestat] skip orientation RF
[M::mem_pestat] skip orientation RR
[M::process] read 1469462 sequences (200000096 bp)...
[M::mem_process_seqs] Processed 1475484 reads in 448.714 CPU sec, 48.567 real sec
[M::mem_pestat] # candidate unique pairs for (FF, FR, RF, RR): (132, 558969, 119, 79)
[M::mem_pestat] analyzing insert size distribution for orientation FF...
[M::mem_pestat] (25, 50, 75) percentile: (284, 535, 791)
[M::mem_pestat] low and high boundaries for computing mean and std.dev: (1, 1805)
[M::mem_pestat] mean and std.dev: (552.82, 364.15)
[M::mem_pestat] low and high boundaries for proper pairs: (1, 2312)
[M::mem_pestat] analyzing insert size distribution for orientation FR...
[M::mem_pestat] (25, 50, 75) percentile: (263, 351, 447)
[M::mem_pestat] low and high boundaries for computing mean and std.dev: (1, 815)
[M::mem_pestat] mean and std.dev: (362.18, 135.62)
[M::mem_pestat] low and high boundaries for proper pairs: (1, 999)
[M::mem_pestat] analyzing insert size distribution for orientation RF...
[M::mem_pestat] (25, 50, 75) percentile: (47, 250, 2713)
[M::mem_pestat] low and high boundaries for computing mean and std.dev: (1, 8045)
[M::mem_pestat] mean and std.dev: (1407.03, 2026.71)
[M::mem_pestat] low and high boundaries for proper pairs: (1, 10711)
[M::mem_pestat] analyzing insert size distribution for orientation RR...
[M::mem_pestat] (25, 50, 75) percentile: (210, 398, 865)
[M::mem_pestat] low and high boundaries for computing mean and std.dev: (1, 2175)
[M::mem_pestat] mean and std.dev: (526.14, 447.93)
[M::mem_pestat] low and high boundaries for proper pairs: (1, 2830)
[M::mem_pestat] skip orientation FF
[M::mem_pestat] skip orientation RF
[M::mem_pestat] skip orientation RR
[M::process] read 1464434 sequences (200000199 bp)...
[M::mem_process_seqs] Processed 1469462 reads in 451.447 CPU sec, 48.909 real sec
[M::mem_pestat] # candidate unique pairs for (FF, FR, RF, RR): (111, 557510, 124, 75)
[M::mem_pestat] analyzing insert size distribution for orientation FF...
[M::mem_pestat] (25, 50, 75) percentile: (282, 445, 681)
[M::mem_pestat] low and high boundaries for computing mean and std.dev: (1, 1479)
[M::mem_pestat] mean and std.dev: (473.25, 272.92)
[M::mem_pestat] low and high boundaries for proper pairs: (1, 1878)
[M::mem_pestat] analyzing insert size distribution for orientation FR...
[M::mem_pestat] (25, 50, 75) percentile: (264, 352, 450)
[M::mem_pestat] low and high boundaries for computing mean and std.dev: (1, 822)
[M::mem_pestat] mean and std.dev: (364.06, 136.99)
[M::mem_pestat] low and high boundaries for proper pairs: (1, 1008)
[M::mem_pestat] analyzing insert size distribution for orientation RF...
[M::mem_pestat] (25, 50, 75) percentile: (114, 946, 3871)
[M::mem_pestat] low and high boundaries for computing mean and std.dev: (1, 11385)
[M::mem_pestat] mean and std.dev: (2128.96, 2469.34)
[M::mem_pestat] low and high boundaries for proper pairs: (1, 15142)
[M::mem_pestat] analyzing insert size distribution for orientation RR...
[M::mem_pestat] (25, 50, 75) percentile: (267, 561, 1415)
[M::mem_pestat] low and high boundaries for computing mean and std.dev: (1, 3711)
[M::mem_pestat] mean and std.dev: (833.10, 856.46)
[M::mem_pestat] low and high boundaries for proper pairs: (1, 4859)
[M::mem_pestat] skip orientation FF
[M::mem_pestat] skip orientation RF
[M::mem_pestat] skip orientation RR
[M::process] read 825678 sequences (112560142 bp)...
[M::mem_process_seqs] Processed 1464434 reads in 448.392 CPU sec, 48.564 real sec
[M::mem_pestat] # candidate unique pairs for (FF, FR, RF, RR): (67, 313119, 60, 38)
[M::mem_pestat] analyzing insert size distribution for orientation FF...
[M::mem_pestat] (25, 50, 75) percentile: (285, 464, 886)
[M::mem_pestat] low and high boundaries for computing mean and std.dev: (1, 2088)
[M::mem_pestat] mean and std.dev: (514.38, 368.43)
[M::mem_pestat] low and high boundaries for proper pairs: (1, 2689)
[M::mem_pestat] analyzing insert size distribution for orientation FR...
[M::mem_pestat] (25, 50, 75) percentile: (264, 351, 448)
[M::mem_pestat] low and high boundaries for computing mean and std.dev: (1, 816)
[M::mem_pestat] mean and std.dev: (363.04, 136.02)
[M::mem_pestat] low and high boundaries for proper pairs: (1, 1000)
[M::mem_pestat] analyzing insert size distribution for orientation RF...
[M::mem_pestat] (25, 50, 75) percentile: (173, 1099, 5657)
[M::mem_pestat] low and high boundaries for computing mean and std.dev: (1, 16625)
[M::mem_pestat] mean and std.dev: (2833.88, 3110.13)
[M::mem_pestat] low and high boundaries for proper pairs: (1, 22109)
[M::mem_pestat] analyzing insert size distribution for orientation RR...
[M::mem_pestat] (25, 50, 75) percentile: (220, 488, 978)
[M::mem_pestat] low and high boundaries for computing mean and std.dev: (1, 2494)
[M::mem_pestat] mean and std.dev: (610.76, 552.28)
[M::mem_pestat] low and high boundaries for proper pairs: (1, 3252)
[M::mem_pestat] skip orientation FF
[M::mem_pestat] skip orientation RF
[M::mem_pestat] skip orientation RR
[M::mem_process_seqs] Processed 825678 reads in 258.463 CPU sec, 29.474 real sec
[main] Version: 0.7.17-r1188
[main] CMD: bwasamblaster: Marked 2646475 of 32556838 (8.13%) read ids as duplicates mem -t using 537244k memory in  201M -R17S @RG\tID:WK_LO_19T_022\tPL:ILLUMINA\tPU:HJMNCDSX7.2\tSM:WK_LO_19T_022\tCN:MCGILL\tBC:ATAGGTCTTA-NTGTGGTGAC(76.582S) /storage/scratch/iee/dj20y461/Stickleback/G_aculeatus/FITNESS//data/ref_A_X/stickleback_v5_assembly_A_X.fasta CPU seconds and  /storage/scratch/iee/dj20y461/Stickleback/G_aculeatus/FITNESS//data/trimmed/WK_LO_19T_022.R1.trimmed.fastq.gz38M /storage/scratch/iee/dj20y461/Stickleback/G_aculeatus/FITNESS//data/trimmed/WK_LO_19T_022.R2.trimmed.fastq.gz44S(2324S)
[main] Real time: 2324.383 sec; CPU: 20048.228 sec
 wall time.
[bam_sort_core] merging from 20 files and 20 in-memory blocks...
