samblaster: Version 0.1.24
samblaster: Inputting from stdin
samblaster: Outputting to stdout
[M::bwa_idx_load_from_disk] read 0 ALT contigs
[M::process] read 1462156 sequences (200000069 bp)...
[M::mem_pestat] # candidate unique pairs for (FF, FR, RF, RR): (101, 562983, 132, 53)
[M::mem_pestat] analyzing insert size distribution for orientation FF...
[M::mem_pestat] (25, 50, 75) percentile: (274, 479, 870)
[M::mem_pestat] low and high boundaries for computing mean and std.dev: (1, 2062)
[M::mem_pestat] mean and std.dev: (550.80, 367.40)
[M::mem_pestat] low and high boundaries for proper pairs: (1, 2658)
[M::mem_pestat] analyzing insert size distribution for orientation FR...
[M::mem_pestat] (25, 50, 75) percentile: (272, 358, 461)
[M::mem_pestat] low and high boundaries for computing mean and std.dev: (1, 839)
[M::mem_pestat] mean and std.dev: (374.40, 141.40)
[M::mem_pestat] low and high boundaries for proper pairs: (1, 1028)
[M::mem_pestat] analyzing insert size distribution for orientation RF...
[M::mem_pestat] (25, 50, 75) percentile: (51, 400, 1822)
[M::mem_pestat] low and high boundaries for computing mean and std.dev: (1, 5364)
[M::mem_pestat] mean and std.dev: (893.60, 1315.58)
[M::mem_pestat] low and high boundaries for proper pairs: (1, 7135)
[M::mem_pestat] analyzing insert size distribution for orientation RR...
[M::mem_pestat] (25, 50, 75) percentile: (249, 569, 1502)
[M::mem_pestat] low and high boundaries for computing mean and std.dev: (1, 4008)
[M::mem_pestat] mean and std.dev: (1056.13, 1097.91)
[M::mem_pestat] low and high boundaries for proper pairs: (1, 5448)
[M::mem_pestat] skip orientation FF
[M::mem_pestat] skip orientation RF
[M::mem_pestat] skip orientation RR
[M::mem_process_seqs] Processed 1462156 reads in 464.695 CPU sec, 112.215 real sec
samblaster: Loaded 23 header sequence entries.
[M::process] read 1459344 sequences (200000019 bp)...
[M::process] read 1462236 sequences (200000035 bp)...
[M::mem_pestat] # candidate unique pairs for (FF, FR, RF, RR): (88, 561204, 127, 46)
[M::mem_pestat] analyzing insert size distribution for orientation FF...
[M::mem_pestat] (25, 50, 75) percentile: (277, 529, 811)
[M::mem_pestat] low and high boundaries for computing mean and std.dev: (1, 1879)
[M::mem_pestat] mean and std.dev: (520.73, 339.17)
[M::mem_pestat] low and high boundaries for proper pairs: (1, 2413)
[M::mem_pestat] analyzing insert size distribution for orientation FR...
[M::mem_pestat] (25, 50, 75) percentile: (277, 364, 470)
[M::mem_pestat] low and high boundaries for computing mean and std.dev: (1, 856)
[M::mem_pestat] mean and std.dev: (381.07, 144.02)
[M::mem_pestat] low and high boundaries for proper pairs: (1, 1049)
[M::mem_pestat] analyzing insert size distribution for orientation RF...
[M::mem_pestat] (25, 50, 75) percentile: (102, 651, 3793)
[M::mem_pestat] low and high boundaries for computing mean and std.dev: (1, 11175)
[M::mem_pestat] mean and std.dev: (2121.52, 2776.85)
[M::mem_pestat] low and high boundaries for proper pairs: (1, 14866)
[M::mem_pestat] analyzing insert size distribution for orientation RR...
[M::mem_pestat] (25, 50, 75) percentile: (215, 420, 782)
[M::mem_pestat] low and high boundaries for computing mean and std.dev: (1, 1916)
[M::mem_pestat] mean and std.dev: (431.52, 325.92)
[M::mem_pestat] low and high boundaries for proper pairs: (1, 2483)
[M::mem_pestat] skip orientation FF
[M::mem_pestat] skip orientation RF
[M::mem_pestat] skip orientation RR
[M::mem_process_seqs] Processed 1459344 reads in 438.791 CPU sec, 48.737 real sec
[M::mem_pestat] # candidate unique pairs for (FF, FR, RF, RR): (85, 560983, 117, 44)
[M::mem_pestat] analyzing insert size distribution for orientation FF...
[M::mem_pestat] (25, 50, 75) percentile: (243, 392, 566)
[M::mem_pestat] low and high boundaries for computing mean and std.dev: (1, 1212)
[M::mem_pestat] mean and std.dev: (392.64, 210.00)
[M::mem_pestat] low and high boundaries for proper pairs: (1, 1535)
[M::mem_pestat] analyzing insert size distribution for orientation FR...
[M::mem_pestat] (25, 50, 75) percentile: (277, 363, 467)
[M::mem_pestat] low and high boundaries for computing mean and std.dev: (1, 847)
[M::mem_pestat] mean and std.dev: (379.12, 141.64)
[M::mem_pestat] low and high boundaries for proper pairs: (1, 1037)
[M::mem_pestat] analyzing insert size distribution for orientation RF...
[M::mem_pestat] (25, 50, 75) percentile: (55, 297, 1709)
[M::mem_pestat] low and high boundaries for computing mean and std.dev: (1, 5017)
[M::mem_pestat] mean and std.dev: (614.41, 984.46)
[M::mem_pestat] low and high boundaries for proper pairs: (1, 6671)
[M::mem_pestat] analyzing insert size distribution for orientation RR...
[M::mem_pestat] (25, 50, 75) percentile: (199, 391, 866)
[M::mem_pestat] low and high boundaries for computing mean and std.dev: (1, 2200)
[M::mem_pestat] mean and std.dev: (438.05, 335.31)
[M::mem_pestat] low and high boundaries for proper pairs: (1, 2867)
[M::mem_pestat] skip orientation FF
[M::mem_pestat] skip orientation RF
[M::mem_pestat] skip orientation RR
[M::process] read 1467532 sequences (200000045 bp)...
[M::mem_process_seqs] Processed 1462236 reads in 439.010 CPU sec, 48.641 real sec
[M::mem_pestat] # candidate unique pairs for (FF, FR, RF, RR): (92, 560547, 128, 39)
[M::mem_pestat] analyzing insert size distribution for orientation FF...
[M::mem_pestat] (25, 50, 75) percentile: (298, 438, 618)
[M::mem_pestat] low and high boundaries for computing mean and std.dev: (1, 1258)
[M::mem_pestat] mean and std.dev: (445.73, 239.36)
[M::mem_pestat] low and high boundaries for proper pairs: (1, 1578)
[M::mem_pestat] analyzing insert size distribution for orientation FR...
[M::mem_pestat] (25, 50, 75) percentile: (274, 358, 458)
[M::mem_pestat] low and high boundaries for computing mean and std.dev: (1, 826)
[M::mem_pestat] mean and std.dev: (372.47, 136.38)
[M::mem_pestat] low and high boundaries for proper pairs: (1, 1010)
[M::mem_pestat] analyzing insert size distribution for orientation RF...
[M::mem_pestat] (25, 50, 75) percentile: (116, 715, 4391)
[M::mem_pestat] low and high boundaries for computing mean and std.dev: (1, 12941)
[M::mem_pestat] mean and std.dev: (2168.38, 2748.48)
[M::mem_pestat] low and high boundaries for proper pairs: (1, 17216)
[M::mem_pestat] analyzing insert size distribution for orientation RR...
[M::mem_pestat] (25, 50, 75) percentile: (190, 285, 608)
[M::mem_pestat] low and high boundaries for computing mean and std.dev: (1, 1444)
[M::mem_pestat] mean and std.dev: (348.65, 285.11)
[M::mem_pestat] low and high boundaries for proper pairs: (1, 1862)
[M::mem_pestat] skip orientation FF
[M::mem_pestat] skip orientation RF
[M::mem_pestat] skip orientation RR
[M::process] read 1460746 sequences (200000235 bp)...
[M::mem_process_seqs] Processed 1467532 reads in 441.791 CPU sec, 48.772 real sec
[M::process] read 1462180 sequences (200000108 bp)...
[M::mem_pestat] # candidate unique pairs for (FF, FR, RF, RR): (101, 561424, 123, 46)
[M::mem_pestat] analyzing insert size distribution for orientation FF...
[M::mem_pestat] (25, 50, 75) percentile: (270, 431, 977)
[M::mem_pestat] low and high boundaries for computing mean and std.dev: (1, 2391)
[M::mem_pestat] mean and std.dev: (562.98, 418.51)
[M::mem_pestat] low and high boundaries for proper pairs: (1, 3098)
[M::mem_pestat] analyzing insert size distribution for orientation FR...
[M::mem_pestat] (25, 50, 75) percentile: (275, 362, 467)
[M::mem_pestat] low and high boundaries for computing mean and std.dev: (1, 851)
[M::mem_pestat] mean and std.dev: (378.56, 143.16)
[M::mem_pestat] low and high boundaries for proper pairs: (1, 1043)
[M::mem_pestat] analyzing insert size distribution for orientation RF...
[M::mem_pestat] (25, 50, 75) percentile: (95, 414, 2538)
[M::mem_pestat] low and high boundaries for computing mean and std.dev: (1, 7424)
[M::mem_pestat] mean and std.dev: (1240.61, 1878.32)
[M::mem_pestat] low and high boundaries for proper pairs: (1, 9867)
[M::mem_pestat] analyzing insert size distribution for orientation RR...
[M::mem_pestat] (25, 50, 75) percentile: (219, 401, 658)
[M::mem_pestat] low and high boundaries for computing mean and std.dev: (1, 1536)
[M::mem_pestat] mean and std.dev: (386.82, 259.42)
[M::mem_pestat] low and high boundaries for proper pairs: (1, 1975)
[M::mem_pestat] skip orientation FF
[M::mem_pestat] skip orientation RF
[M::mem_pestat] skip orientation RR
[M::mem_process_seqs] Processed 1460746 reads in 439.428 CPU sec, 49.740 real sec
[M::mem_pestat] # candidate unique pairs for (FF, FR, RF, RR): (96, 561450, 131, 46)
[M::mem_pestat] analyzing insert size distribution for orientation FF...
[M::mem_pestat] (25, 50, 75) percentile: (329, 477, 695)
[M::mem_pestat] low and high boundaries for computing mean and std.dev: (1, 1427)
[M::mem_pestat] mean and std.dev: (503.32, 282.56)
[M::mem_pestat] low and high boundaries for proper pairs: (1, 1793)
[M::mem_pestat] analyzing insert size distribution for orientation FR...
[M::mem_pestat] (25, 50, 75) percentile: (278, 365, 470)
[M::mem_pestat] low and high boundaries for computing mean and std.dev: (1, 854)
[M::mem_pestat] mean and std.dev: (381.66, 143.32)
[M::mem_pestat] low and high boundaries for proper pairs: (1, 1046)
[M::mem_pestat] analyzing insert size distribution for orientation RF...
[M::mem_pestat] (25, 50, 75) percentile: (110, 658, 2996)
[M::mem_pestat] low and high boundaries for computing mean and std.dev: (1, 8768)
[M::mem_pestat] mean and std.dev: (1596.16, 1935.21)
[M::mem_pestat] low and high boundaries for proper pairs: (1, 11654)
[M::mem_pestat] analyzing insert size distribution for orientation RR...
[M::mem_pestat] (25, 50, 75) percentile: (212, 394, 904)
[M::mem_pestat] low and high boundaries for computing mean and std.dev: (1, 2288)
[M::mem_pestat] mean and std.dev: (523.12, 455.22)
[M::mem_pestat] low and high boundaries for proper pairs: (1, 2980)
[M::mem_pestat] skip orientation FF
[M::mem_pestat] skip orientation RF
[M::mem_pestat] skip orientation RR
[M::mem_process_seqs] Processed 1462180 reads in 455.548 CPU sec, 74.801 real sec
[M::process] read 1465130 sequences (200000118 bp)...
[M::process] read 1469668 sequences (200000227 bp)...
[M::mem_pestat] # candidate unique pairs for (FF, FR, RF, RR): (96, 560404, 131, 55)
[M::mem_pestat] analyzing insert size distribution for orientation FF...
[M::mem_pestat] (25, 50, 75) percentile: (329, 535, 729)
[M::mem_pestat] low and high boundaries for computing mean and std.dev: (1, 1529)
[M::mem_pestat] mean and std.dev: (496.91, 256.03)
[M::mem_pestat] low and high boundaries for proper pairs: (1, 1929)
[M::mem_pestat] analyzing insert size distribution for orientation FR...
[M::mem_pestat] (25, 50, 75) percentile: (276, 362, 464)
[M::mem_pestat] low and high boundaries for computing mean and std.dev: (1, 840)
[M::mem_pestat] mean and std.dev: (377.58, 140.00)
[M::mem_pestat] low and high boundaries for proper pairs: (1, 1028)
[M::mem_pestat] analyzing insert size distribution for orientation RF...
[M::mem_pestat] (25, 50, 75) percentile: (53, 253, 2964)
[M::mem_pestat] low and high boundaries for computing mean and std.dev: (1, 8786)
[M::mem_pestat] mean and std.dev: (1593.12, 2445.34)
[M::mem_pestat] low and high boundaries for proper pairs: (1, 11697)
[M::mem_pestat] analyzing insert size distribution for orientation RR...
[M::mem_pestat] (25, 50, 75) percentile: (292, 471, 1243)
[M::mem_pestat] low and high boundaries for computing mean and std.dev: (1, 3145)
[M::mem_pestat] mean and std.dev: (628.24, 603.04)
[M::mem_pestat] low and high boundaries for proper pairs: (1, 4096)
[M::mem_pestat] skip orientation FF
[M::mem_pestat] skip orientation RF
[M::mem_pestat] skip orientation RR
[M::mem_process_seqs] Processed 1465130 reads in 442.379 CPU sec, 47.162 real sec
[M::mem_pestat] # candidate unique pairs for (FF, FR, RF, RR): (86, 560642, 132, 48)
[M::mem_pestat] analyzing insert size distribution for orientation FF...
[M::mem_pestat] (25, 50, 75) percentile: (310, 452, 645)
[M::mem_pestat] low and high boundaries for computing mean and std.dev: (1, 1315)
[M::mem_pestat] mean and std.dev: (446.91, 205.54)
[M::mem_pestat] low and high boundaries for proper pairs: (1, 1650)
[M::mem_pestat] analyzing insert size distribution for orientation FR...
[M::mem_pestat] (25, 50, 75) percentile: (273, 358, 457)
[M::mem_pestat] low and high boundaries for computing mean and std.dev: (1, 825)
[M::mem_pestat] mean and std.dev: (371.46, 135.64)
[M::mem_pestat] low and high boundaries for proper pairs: (1, 1009)
[M::mem_pestat] analyzing insert size distribution for orientation RF...
[M::mem_pestat] (25, 50, 75) percentile: (105, 430, 4410)
[M::mem_pestat] low and high boundaries for computing mean and std.dev: (1, 13020)
[M::mem_pestat] mean and std.dev: (2094.23, 2605.02)
[M::mem_pestat] low and high boundaries for proper pairs: (1, 17325)
[M::mem_pestat] analyzing insert size distribution for orientation RR...
[M::mem_pestat] (25, 50, 75) percentile: (203, 436, 714)
[M::mem_pestat] low and high boundaries for computing mean and std.dev: (1, 1736)
[M::mem_pestat] mean and std.dev: (455.50, 358.16)
[M::mem_pestat] low and high boundaries for proper pairs: (1, 2247)
[M::mem_pestat] skip orientation FF
[M::mem_pestat] skip orientation RF
[M::mem_pestat] skip orientation RR
[M::process] read 1457250 sequences (200000087 bp)...
[M::mem_process_seqs] Processed 1469668 reads in 444.358 CPU sec, 49.624 real sec
[M::mem_pestat] # candidate unique pairs for (FF, FR, RF, RR): (77, 560570, 137, 50)
[M::mem_pestat] analyzing insert size distribution for orientation FF...
[M::mem_pestat] (25, 50, 75) percentile: (339, 547, 875)
[M::mem_pestat] low and high boundaries for computing mean and std.dev: (1, 1947)
[M::mem_pestat] mean and std.dev: (588.62, 361.81)
[M::mem_pestat] low and high boundaries for proper pairs: (1, 2483)
[M::mem_pestat] analyzing insert size distribution for orientation FR...
[M::mem_pestat] (25, 50, 75) percentile: (278, 366, 472)
[M::mem_pestat] low and high boundaries for computing mean and std.dev: (1, 860)
[M::mem_pestat] mean and std.dev: (382.68, 145.78)
[M::mem_pestat] low and high boundaries for proper pairs: (1, 1054)
[M::mem_pestat] analyzing insert size distribution for orientation RF...
[M::mem_pestat] (25, 50, 75) percentile: (67, 534, 2898)
[M::mem_pestat] low and high boundaries for computing mean and std.dev: (1, 8560)
[M::mem_pestat] mean and std.dev: (1565.39, 2152.32)
[M::mem_pestat] low and high boundaries for proper pairs: (1, 11391)
[M::mem_pestat] analyzing insert size distribution for orientation RR...
[M::mem_pestat] (25, 50, 75) percentile: (185, 393, 977)
[M::mem_pestat] low and high boundaries for computing mean and std.dev: (1, 2561)
[M::mem_pestat] mean and std.dev: (611.67, 659.65)
[M::mem_pestat] low and high boundaries for proper pairs: (1, 3353)
[M::mem_pestat] skip orientation FF
[M::mem_pestat] skip orientation RF
[M::mem_pestat] skip orientation RR
[M::process] read 1459502 sequences (200000176 bp)...
[M::mem_process_seqs] Processed 1457250 reads in 440.277 CPU sec, 47.826 real sec
[M::mem_pestat] # candidate unique pairs for (FF, FR, RF, RR): (96, 560292, 144, 48)
[M::mem_pestat] analyzing insert size distribution for orientation FF...
[M::mem_pestat] (25, 50, 75) percentile: (301, 449, 787)
[M::mem_pestat] low and high boundaries for computing mean and std.dev: (1, 1759)
[M::mem_pestat] mean and std.dev: (524.23, 356.01)
[M::mem_pestat] low and high boundaries for proper pairs: (1, 2245)
[M::mem_pestat] analyzing insert size distribution for orientation FR...
[M::mem_pestat] (25, 50, 75) percentile: (279, 366, 473)
[M::mem_pestat] low and high boundaries for computing mean and std.dev: (1, 861)
[M::mem_pestat] mean and std.dev: (383.14, 144.92)
[M::mem_pestat] low and high boundaries for proper pairs: (1, 1055)
[M::mem_pestat] analyzing insert size distribution for orientation RF...
[M::mem_pestat] (25, 50, 75) percentile: (48, 446, 3092)
[M::mem_pestat] low and high boundaries for computing mean and std.dev: (1, 9180)
[M::mem_pestat] mean and std.dev: (1578.85, 2132.21)
[M::mem_pestat] low and high boundaries for proper pairs: (1, 12224)
[M::mem_pestat] analyzing insert size distribution for orientation RR...
[M::mem_pestat] (25, 50, 75) percentile: (237, 401, 940)
[M::mem_pestat] low and high boundaries for computing mean and std.dev: (1, 2346)
[M::mem_pestat] mean and std.dev: (534.45, 490.45)
[M::mem_pestat] low and high boundaries for proper pairs: (1, 3049)
[M::mem_pestat] skip orientation FF
[M::mem_pestat] skip orientation RF
[M::mem_pestat] skip orientation RR
[M::process] read 1463518 sequences (200000046 bp)...
[M::mem_process_seqs] Processed 1459502 reads in 441.562 CPU sec, 47.847 real sec
[M::mem_pestat] # candidate unique pairs for (FF, FR, RF, RR): (91, 560224, 139, 52)
[M::mem_pestat] analyzing insert size distribution for orientation FF...
[M::mem_pestat] (25, 50, 75) percentile: (271, 432, 734)
[M::mem_pestat] low and high boundaries for computing mean and std.dev: (1, 1660)
[M::mem_pestat] mean and std.dev: (461.86, 294.18)
[M::mem_pestat] low and high boundaries for proper pairs: (1, 2123)
[M::mem_pestat] analyzing insert size distribution for orientation FR...
[M::mem_pestat] (25, 50, 75) percentile: (277, 363, 467)
[M::mem_pestat] low and high boundaries for computing mean and std.dev: (1, 847)
[M::mem_pestat] mean and std.dev: (379.11, 141.00)
[M::mem_pestat] low and high boundaries for proper pairs: (1, 1037)
[M::mem_pestat] analyzing insert size distribution for orientation RF...
[M::mem_pestat] (25, 50, 75) percentile: (75, 349, 3474)
[M::mem_pestat] low and high boundaries for computing mean and std.dev: (1, 10272)
[M::mem_pestat] mean and std.dev: (1935.75, 2822.58)
[M::mem_pestat] low and high boundaries for proper pairs: (1, 13671)
[M::mem_pestat] analyzing insert size distribution for orientation RR...
[M::mem_pestat] (25, 50, 75) percentile: (194, 314, 674)
[M::mem_pestat] low and high boundaries for computing mean and std.dev: (1, 1634)
[M::mem_pestat] mean and std.dev: (399.81, 338.31)
[M::mem_pestat] low and high boundaries for proper pairs: (1, 2114)
[M::mem_pestat] skip orientation FF
[M::mem_pestat] skip orientation RF
[M::mem_pestat] skip orientation RR
[M::process] read 1468550 sequences (200000065 bp)...
[M::mem_process_seqs] Processed 1463518 reads in 445.105 CPU sec, 48.233 real sec
[M::mem_pestat] # candidate unique pairs for (FF, FR, RF, RR): (94, 560122, 136, 47)
[M::mem_pestat] analyzing insert size distribution for orientation FF...
[M::mem_pestat] (25, 50, 75) percentile: (246, 449, 680)
[M::mem_pestat] low and high boundaries for computing mean and std.dev: (1, 1548)
[M::mem_pestat] mean and std.dev: (466.49, 292.00)
[M::mem_pestat] low and high boundaries for proper pairs: (1, 1982)
[M::mem_pestat] analyzing insert size distribution for orientation FR...
[M::mem_pestat] (25, 50, 75) percentile: (273, 357, 457)
[M::mem_pestat] low and high boundaries for computing mean and std.dev: (1, 825)
[M::mem_pestat] mean and std.dev: (371.45, 136.27)
[M::mem_pestat] low and high boundaries for proper pairs: (1, 1009)
[M::mem_pestat] analyzing insert size distribution for orientation RF...
[M::mem_pestat] (25, 50, 75) percentile: (102, 397, 1679)
[M::mem_pestat] low and high boundaries for computing mean and std.dev: (1, 4833)
[M::mem_pestat] mean and std.dev: (699.36, 1041.19)
[M::mem_pestat] low and high boundaries for proper pairs: (1, 6410)
[M::mem_pestat] analyzing insert size distribution for orientation RR...
[M::mem_pestat] (25, 50, 75) percentile: (209, 405, 1041)
[M::mem_pestat] low and high boundaries for computing mean and std.dev: (1, 2705)
[M::mem_pestat] mean and std.dev: (449.82, 405.63)
[M::mem_pestat] low and high boundaries for proper pairs: (1, 3537)
[M::mem_pestat] skip orientation FF
[M::mem_pestat] skip orientation RF
[M::mem_pestat] skip orientation RR
[M::process] read 1457606 sequences (200000255 bp)...
[M::mem_process_seqs] Processed 1468550 reads in 445.650 CPU sec, 48.356 real sec
[M::mem_pestat] # candidate unique pairs for (FF, FR, RF, RR): (99, 561008, 168, 52)
[M::mem_pestat] analyzing insert size distribution for orientation FF...
[M::mem_pestat] (25, 50, 75) percentile: (363, 465, 728)
[M::mem_pestat] low and high boundaries for computing mean and std.dev: (1, 1458)
[M::mem_pestat] mean and std.dev: (498.10, 280.69)
[M::mem_pestat] low and high boundaries for proper pairs: (1, 1823)
[M::mem_pestat] analyzing insert size distribution for orientation FR...
[M::mem_pestat] (25, 50, 75) percentile: (278, 366, 472)
[M::mem_pestat] low and high boundaries for computing mean and std.dev: (1, 860)
[M::mem_pestat] mean and std.dev: (382.87, 145.37)
[M::mem_pestat] low and high boundaries for proper pairs: (1, 1054)
[M::mem_pestat] analyzing insert size distribution for orientation RF...
[M::mem_pestat] (25, 50, 75) percentile: (43, 437, 3146)
[M::mem_pestat] low and high boundaries for computing mean and std.dev: (1, 9352)
[M::mem_pestat] mean and std.dev: (1686.89, 2391.88)
[M::mem_pestat] low and high boundaries for proper pairs: (1, 12455)
[M::mem_pestat] analyzing insert size distribution for orientation RR...
[M::mem_pestat] (25, 50, 75) percentile: (312, 619, 1371)
[M::mem_pestat] low and high boundaries for computing mean and std.dev: (1, 3489)
[M::mem_pestat] mean and std.dev: (703.87, 625.06)
[M::mem_pestat] low and high boundaries for proper pairs: (1, 4548)
[M::mem_pestat] skip orientation FF
[M::mem_pestat] skip orientation RF
[M::mem_pestat] skip orientation RR
[M::mem_process_seqs] Processed 1457606 reads in 451.039 CPU sec, 71.855 real sec
[M::process] read 1459240 sequences (200000193 bp)...
[M::process] read 1462836 sequences (200000071 bp)...
[M::mem_pestat] # candidate unique pairs for (FF, FR, RF, RR): (92, 560516, 110, 47)
[M::mem_pestat] analyzing insert size distribution for orientation FF...
[M::mem_pestat] (25, 50, 75) percentile: (358, 534, 866)
[M::mem_pestat] low and high boundaries for computing mean and std.dev: (1, 1882)
[M::mem_pestat] mean and std.dev: (560.02, 306.11)
[M::mem_pestat] low and high boundaries for proper pairs: (1, 2390)
[M::mem_pestat] analyzing insert size distribution for orientation FR...
[M::mem_pestat] (25, 50, 75) percentile: (279, 366, 472)
[M::mem_pestat] low and high boundaries for computing mean and std.dev: (1, 858)
[M::mem_pestat] mean and std.dev: (382.85, 144.22)
[M::mem_pestat] low and high boundaries for proper pairs: (1, 1051)
[M::mem_pestat] analyzing insert size distribution for orientation RF...
[M::mem_pestat] (25, 50, 75) percentile: (74, 454, 1417)
[M::mem_pestat] low and high boundaries for computing mean and std.dev: (1, 4103)
[M::mem_pestat] mean and std.dev: (604.94, 745.10)
[M::mem_pestat] low and high boundaries for proper pairs: (1, 5446)
[M::mem_pestat] analyzing insert size distribution for orientation RR...
[M::mem_pestat] (25, 50, 75) percentile: (155, 330, 767)
[M::mem_pestat] low and high boundaries for computing mean and std.dev: (1, 1991)
[M::mem_pestat] mean and std.dev: (433.80, 396.54)
[M::mem_pestat] low and high boundaries for proper pairs: (1, 2603)
[M::mem_pestat] skip orientation FF
[M::mem_pestat] skip orientation RF
[M::mem_pestat] skip orientation RR
[M::mem_process_seqs] Processed 1459240 reads in 439.273 CPU sec, 46.093 real sec
[M::mem_pestat] # candidate unique pairs for (FF, FR, RF, RR): (87, 560003, 154, 52)
[M::mem_pestat] analyzing insert size distribution for orientation FF...
[M::mem_pestat] (25, 50, 75) percentile: (294, 395, 652)
[M::mem_pestat] low and high boundaries for computing mean and std.dev: (1, 1368)
[M::mem_pestat] mean and std.dev: (473.61, 269.36)
[M::mem_pestat] low and high boundaries for proper pairs: (1, 1726)
[M::mem_pestat] analyzing insert size distribution for orientation FR...
[M::mem_pestat] (25, 50, 75) percentile: (277, 363, 466)
[M::mem_pestat] low and high boundaries for computing mean and std.dev: (1, 844)
[M::mem_pestat] mean and std.dev: (378.44, 140.41)
[M::mem_pestat] low and high boundaries for proper pairs: (1, 1033)
[M::mem_pestat] analyzing insert size distribution for orientation RF...
[M::mem_pestat] (25, 50, 75) percentile: (79, 658, 3535)
[M::mem_pestat] low and high boundaries for computing mean and std.dev: (1, 10447)
[M::mem_pestat] mean and std.dev: (2067.78, 2656.20)
[M::mem_pestat] low and high boundaries for proper pairs: (1, 13903)
[M::mem_pestat] analyzing insert size distribution for orientation RR...
[M::mem_pestat] (25, 50, 75) percentile: (191, 417, 599)
[M::mem_pestat] low and high boundaries for computing mean and std.dev: (1, 1415)
[M::mem_pestat] mean and std.dev: (409.07, 329.72)
[M::mem_pestat] low and high boundaries for proper pairs: (1, 1823)
[M::mem_pestat] skip orientation FF
[M::mem_pestat] skip orientation RF
[M::mem_pestat] skip orientation RR
[M::process] read 1467814 sequences (200000272 bp)...
[M::mem_process_seqs] Processed 1462836 reads in 441.332 CPU sec, 48.030 real sec
[M::mem_pestat] # candidate unique pairs for (FF, FR, RF, RR): (82, 560691, 123, 45)
[M::mem_pestat] analyzing insert size distribution for orientation FF...
[M::mem_pestat] (25, 50, 75) percentile: (304, 467, 694)
[M::mem_pestat] low and high boundaries for computing mean and std.dev: (1, 1474)
[M::mem_pestat] mean and std.dev: (481.32, 296.78)
[M::mem_pestat] low and high boundaries for proper pairs: (1, 1864)
[M::mem_pestat] analyzing insert size distribution for orientation FR...
[M::mem_pestat] (25, 50, 75) percentile: (274, 359, 459)
[M::mem_pestat] low and high boundaries for computing mean and std.dev: (1, 829)
[M::mem_pestat] mean and std.dev: (372.94, 136.49)
[M::mem_pestat] low and high boundaries for proper pairs: (1, 1014)
[M::mem_pestat] analyzing insert size distribution for orientation RF...
[M::mem_pestat] (25, 50, 75) percentile: (60, 288, 1905)
[M::mem_pestat] low and high boundaries for computing mean and std.dev: (1, 5595)
[M::mem_pestat] mean and std.dev: (742.02, 1187.85)
[M::mem_pestat] low and high boundaries for proper pairs: (1, 7440)
[M::mem_pestat] analyzing insert size distribution for orientation RR...
[M::mem_pestat] (25, 50, 75) percentile: (302, 489, 1215)
[M::mem_pestat] low and high boundaries for computing mean and std.dev: (1, 3041)
[M::mem_pestat] mean and std.dev: (655.70, 537.15)
[M::mem_pestat] low and high boundaries for proper pairs: (1, 3954)
[M::mem_pestat] skip orientation FF
[M::mem_pestat] skip orientation RF
[M::mem_pestat] skip orientation RR
[M::process] read 1457438 sequences (200000094 bp)...
[M::mem_process_seqs] Processed 1467814 reads in 440.792 CPU sec, 47.871 real sec
[M::mem_pestat] # candidate unique pairs for (FF, FR, RF, RR): (95, 562166, 119, 49)
[M::mem_pestat] analyzing insert size distribution for orientation FF...
[M::mem_pestat] (25, 50, 75) percentile: (358, 483, 729)
[M::mem_pestat] low and high boundaries for computing mean and std.dev: (1, 1471)
[M::mem_pestat] mean and std.dev: (487.74, 255.12)
[M::mem_pestat] low and high boundaries for proper pairs: (1, 1842)
[M::mem_pestat] analyzing insert size distribution for orientation FR...
[M::mem_pestat] (25, 50, 75) percentile: (281, 368, 475)
[M::mem_pestat] low and high boundaries for computing mean and std.dev: (1, 863)
[M::mem_pestat] mean and std.dev: (385.25, 145.51)
[M::mem_pestat] low and high boundaries for proper pairs: (1, 1057)
[M::mem_pestat] analyzing insert size distribution for orientation RF...
[M::mem_pestat] (25, 50, 75) percentile: (54, 252, 1736)
[M::mem_pestat] low and high boundaries for computing mean and std.dev: (1, 5100)
[M::mem_pestat] mean and std.dev: (826.13, 1274.50)
[M::mem_pestat] low and high boundaries for proper pairs: (1, 6782)
[M::mem_pestat] analyzing insert size distribution for orientation RR...
[M::mem_pestat] (25, 50, 75) percentile: (198, 381, 643)
[M::mem_pestat] low and high boundaries for computing mean and std.dev: (1, 1533)
[M::mem_pestat] mean and std.dev: (417.30, 339.57)
[M::mem_pestat] low and high boundaries for proper pairs: (1, 1978)
[M::mem_pestat] skip orientation FF
[M::mem_pestat] skip orientation RF
[M::mem_pestat] skip orientation RR
[M::process] read 1459026 sequences (200000146 bp)...
[M::mem_process_seqs] Processed 1457438 reads in 435.675 CPU sec, 47.263 real sec
[M::mem_pestat] # candidate unique pairs for (FF, FR, RF, RR): (87, 561556, 127, 69)
[M::mem_pestat] analyzing insert size distribution for orientation FF...
[M::mem_pestat] (25, 50, 75) percentile: (315, 514, 820)
[M::mem_pestat] low and high boundaries for computing mean and std.dev: (1, 1830)
[M::mem_pestat] mean and std.dev: (535.92, 356.36)
[M::mem_pestat] low and high boundaries for proper pairs: (1, 2335)
[M::mem_pestat] analyzing insert size distribution for orientation FR...
[M::mem_pestat] (25, 50, 75) percentile: (280, 368, 473)
[M::mem_pestat] low and high boundaries for computing mean and std.dev: (1, 859)
[M::mem_pestat] mean and std.dev: (384.13, 143.83)
[M::mem_pestat] low and high boundaries for proper pairs: (1, 1052)
[M::mem_pestat] analyzing insert size distribution for orientation RF...
[M::mem_pestat] (25, 50, 75) percentile: (66, 687, 3482)
[M::mem_pestat] low and high boundaries for computing mean and std.dev: (1, 10314)
[M::mem_pestat] mean and std.dev: (2019.53, 2541.42)
[M::mem_pestat] low and high boundaries for proper pairs: (1, 13730)
[M::mem_pestat] analyzing insert size distribution for orientation RR...
[M::mem_pestat] (25, 50, 75) percentile: (227, 310, 543)
[M::mem_pestat] low and high boundaries for computing mean and std.dev: (1, 1175)
[M::mem_pestat] mean and std.dev: (365.31, 253.94)
[M::mem_pestat] low and high boundaries for proper pairs: (1, 1491)
[M::mem_pestat] skip orientation FF
[M::mem_pestat] skip orientation RF
[M::mem_pestat] skip orientation RR
[M::process] read 1463134 sequences (200000029 bp)...
[M::mem_process_seqs] Processed 1459026 reads in 437.029 CPU sec, 47.325 real sec
[M::mem_pestat] # candidate unique pairs for (FF, FR, RF, RR): (81, 560282, 155, 49)
[M::mem_pestat] analyzing insert size distribution for orientation FF...
[M::mem_pestat] (25, 50, 75) percentile: (317, 511, 1000)
[M::mem_pestat] low and high boundaries for computing mean and std.dev: (1, 2366)
[M::mem_pestat] mean and std.dev: (660.51, 525.83)
[M::mem_pestat] low and high boundaries for proper pairs: (1, 3049)
[M::mem_pestat] analyzing insert size distribution for orientation FR...
[M::mem_pestat] (25, 50, 75) percentile: (279, 365, 468)
[M::mem_pestat] low and high boundaries for computing mean and std.dev: (1, 846)
[M::mem_pestat] mean and std.dev: (380.43, 140.68)
[M::mem_pestat] low and high boundaries for proper pairs: (1, 1035)
[M::mem_pestat] analyzing insert size distribution for orientation RF...
[M::mem_pestat] (25, 50, 75) percentile: (88, 309, 2336)
[M::mem_pestat] low and high boundaries for computing mean and std.dev: (1, 6832)
[M::mem_pestat] mean and std.dev: (992.68, 1619.98)
[M::mem_pestat] low and high boundaries for proper pairs: (1, 9080)
[M::mem_pestat] analyzing insert size distribution for orientation RR...
[M::mem_pestat] (25, 50, 75) percentile: (232, 506, 1211)
[M::mem_pestat] low and high boundaries for computing mean and std.dev: (1, 3169)
[M::mem_pestat] mean and std.dev: (758.54, 746.45)
[M::mem_pestat] low and high boundaries for proper pairs: (1, 4148)
[M::mem_pestat] skip orientation FF
[M::mem_pestat] skip orientation RF
[M::mem_pestat] skip orientation RR
[M::process] read 1466908 sequences (200000203 bp)...
[M::mem_process_seqs] Processed 1463134 reads in 443.181 CPU sec, 48.231 real sec
[M::mem_pestat] # candidate unique pairs for (FF, FR, RF, RR): (84, 561907, 125, 46)
[M::mem_pestat] analyzing insert size distribution for orientation FF...
[M::mem_pestat] (25, 50, 75) percentile: (310, 510, 1002)
[M::mem_pestat] low and high boundaries for computing mean and std.dev: (1, 2386)
[M::mem_pestat] mean and std.dev: (574.29, 363.22)
[M::mem_pestat] low and high boundaries for proper pairs: (1, 3078)
[M::mem_pestat] analyzing insert size distribution for orientation FR...
[M::mem_pestat] (25, 50, 75) percentile: (277, 361, 461)
[M::mem_pestat] low and high boundaries for computing mean and std.dev: (1, 829)
[M::mem_pestat] mean and std.dev: (375.17, 136.80)
[M::mem_pestat] low and high boundaries for proper pairs: (1, 1013)
[M::mem_pestat] analyzing insert size distribution for orientation RF...
[M::mem_pestat] (25, 50, 75) percentile: (70, 338, 2574)
[M::mem_pestat] low and high boundaries for computing mean and std.dev: (1, 7582)
[M::mem_pestat] mean and std.dev: (1393.68, 2075.95)
[M::mem_pestat] low and high boundaries for proper pairs: (1, 10086)
[M::mem_pestat] analyzing insert size distribution for orientation RR...
[M::mem_pestat] (25, 50, 75) percentile: (244, 521, 814)
[M::mem_pestat] low and high boundaries for computing mean and std.dev: (1, 1954)
[M::mem_pestat] mean and std.dev: (564.76, 384.23)
[M::mem_pestat] low and high boundaries for proper pairs: (1, 2524)
[M::mem_pestat] skip orientation FF
[M::mem_pestat] skip orientation RF
[M::mem_pestat] skip orientation RR
[M::process] read 1457382 sequences (200000011 bp)...
[M::mem_process_seqs] Processed 1466908 reads in 441.356 CPU sec, 48.055 real sec
[M::mem_pestat] # candidate unique pairs for (FF, FR, RF, RR): (76, 562572, 156, 49)
[M::mem_pestat] analyzing insert size distribution for orientation FF...
[M::mem_pestat] (25, 50, 75) percentile: (319, 529, 790)
[M::mem_pestat] low and high boundaries for computing mean and std.dev: (1, 1732)
[M::mem_pestat] mean and std.dev: (511.33, 309.05)
[M::mem_pestat] low and high boundaries for proper pairs: (1, 2203)
[M::mem_pestat] analyzing insert size distribution for orientation FR...
[M::mem_pestat] (25, 50, 75) percentile: (279, 366, 470)
[M::mem_pestat] low and high boundaries for computing mean and std.dev: (1, 852)
[M::mem_pestat] mean and std.dev: (382.11, 143.10)
[M::mem_pestat] low and high boundaries for proper pairs: (1, 1043)
[M::mem_pestat] analyzing insert size distribution for orientation RF...
[M::mem_pestat] (25, 50, 75) percentile: (87, 422, 3432)
[M::mem_pestat] low and high boundaries for computing mean and std.dev: (1, 10122)
[M::mem_pestat] mean and std.dev: (1982.42, 2670.92)
[M::mem_pestat] low and high boundaries for proper pairs: (1, 13467)
[M::mem_pestat] analyzing insert size distribution for orientation RR...
[M::mem_pestat] (25, 50, 75) percentile: (327, 602, 976)
[M::mem_pestat] low and high boundaries for computing mean and std.dev: (1, 2274)
[M::mem_pestat] mean and std.dev: (621.41, 424.58)
[M::mem_pestat] low and high boundaries for proper pairs: (1, 2923)
[M::mem_pestat] skip orientation FF
[M::mem_pestat] skip orientation RF
[M::mem_pestat] skip orientation RR
[M::process] read 1459332 sequences (200000109 bp)...
[M::mem_process_seqs] Processed 1457382 reads in 436.220 CPU sec, 47.333 real sec
[M::mem_pestat] # candidate unique pairs for (FF, FR, RF, RR): (93, 562283, 156, 43)
[M::mem_pestat] analyzing insert size distribution for orientation FF...
[M::mem_pestat] (25, 50, 75) percentile: (256, 370, 620)
[M::mem_pestat] low and high boundaries for computing mean and std.dev: (1, 1348)
[M::mem_pestat] mean and std.dev: (392.04, 221.27)
[M::mem_pestat] low and high boundaries for proper pairs: (1, 1712)
[M::mem_pestat] analyzing insert size distribution for orientation FR...
[M::mem_pestat] (25, 50, 75) percentile: (279, 365, 469)
[M::mem_pestat] low and high boundaries for computing mean and std.dev: (1, 849)
[M::mem_pestat] mean and std.dev: (380.84, 141.98)
[M::mem_pestat] low and high boundaries for proper pairs: (1, 1039)
[M::mem_pestat] analyzing insert size distribution for orientation RF...
[M::mem_pestat] (25, 50, 75) percentile: (64, 461, 2516)
[M::mem_pestat] low and high boundaries for computing mean and std.dev: (1, 7420)
[M::mem_pestat] mean and std.dev: (1218.59, 1619.61)
[M::mem_pestat] low and high boundaries for proper pairs: (1, 9872)
[M::mem_pestat] analyzing insert size distribution for orientation RR...
[M::mem_pestat] (25, 50, 75) percentile: (288, 640, 1150)
[M::mem_pestat] low and high boundaries for computing mean and std.dev: (1, 2874)
[M::mem_pestat] mean and std.dev: (570.81, 393.49)
[M::mem_pestat] low and high boundaries for proper pairs: (1, 3736)
[M::mem_pestat] skip orientation FF
[M::mem_pestat] skip orientation RF
[M::mem_pestat] skip orientation RR
[M::process] read 1460880 sequences (200000211 bp)...
[M::mem_process_seqs] Processed 1459332 reads in 439.718 CPU sec, 47.627 real sec
[M::mem_pestat] # candidate unique pairs for (FF, FR, RF, RR): (77, 561052, 120, 49)
[M::mem_pestat] analyzing insert size distribution for orientation FF...
[M::mem_pestat] (25, 50, 75) percentile: (310, 440, 694)
[M::mem_pestat] low and high boundaries for computing mean and std.dev: (1, 1462)
[M::mem_pestat] mean and std.dev: (459.01, 225.52)
[M::mem_pestat] low and high boundaries for proper pairs: (1, 1846)
[M::mem_pestat] analyzing insert size distribution for orientation FR...
[M::mem_pestat] (25, 50, 75) percentile: (278, 365, 468)
[M::mem_pestat] low and high boundaries for computing mean and std.dev: (1, 848)
[M::mem_pestat] mean and std.dev: (380.19, 141.30)
[M::mem_pestat] low and high boundaries for proper pairs: (1, 1038)
[M::mem_pestat] analyzing insert size distribution for orientation RF...
[M::mem_pestat] (25, 50, 75) percentile: (43, 521, 3519)
[M::mem_pestat] low and high boundaries for computing mean and std.dev: (1, 10471)
[M::mem_pestat] mean and std.dev: (2079.16, 2805.28)
[M::mem_pestat] low and high boundaries for proper pairs: (1, 13947)
[M::mem_pestat] analyzing insert size distribution for orientation RR...
[M::mem_pestat] (25, 50, 75) percentile: (199, 519, 715)
[M::mem_pestat] low and high boundaries for computing mean and std.dev: (1, 1747)
[M::mem_pestat] mean and std.dev: (455.36, 300.02)
[M::mem_pestat] low and high boundaries for proper pairs: (1, 2263)
[M::mem_pestat] skip orientation FF
[M::mem_pestat] skip orientation RF
[M::mem_pestat] skip orientation RR
[M::process] read 1472406 sequences (200000057 bp)...
[M::mem_process_seqs] Processed 1460880 reads in 440.001 CPU sec, 47.702 real sec
[M::mem_pestat] # candidate unique pairs for (FF, FR, RF, RR): (85, 563171, 149, 47)
[M::mem_pestat] analyzing insert size distribution for orientation FF...
[M::mem_pestat] (25, 50, 75) percentile: (286, 391, 667)
[M::mem_pestat] low and high boundaries for computing mean and std.dev: (1, 1429)
[M::mem_pestat] mean and std.dev: (439.51, 261.93)
[M::mem_pestat] low and high boundaries for proper pairs: (1, 1810)
[M::mem_pestat] analyzing insert size distribution for orientation FR...
[M::mem_pestat] (25, 50, 75) percentile: (274, 360, 461)
[M::mem_pestat] low and high boundaries for computing mean and std.dev: (1, 835)
[M::mem_pestat] mean and std.dev: (374.33, 138.93)
[M::mem_pestat] low and high boundaries for proper pairs: (1, 1022)
[M::mem_pestat] analyzing insert size distribution for orientation RF...
[M::mem_pestat] (25, 50, 75) percentile: (65, 397, 2355)
[M::mem_pestat] low and high boundaries for computing mean and std.dev: (1, 6935)
[M::mem_pestat] mean and std.dev: (1255.94, 1824.55)
[M::mem_pestat] low and high boundaries for proper pairs: (1, 9225)
[M::mem_pestat] analyzing insert size distribution for orientation RR...
[M::mem_pestat] (25, 50, 75) percentile: (229, 488, 786)
[M::mem_pestat] low and high boundaries for computing mean and std.dev: (1, 1900)
[M::mem_pestat] mean and std.dev: (528.00, 431.11)
[M::mem_pestat] low and high boundaries for proper pairs: (1, 2457)
[M::mem_pestat] skip orientation FF
[M::mem_pestat] skip orientation RF
[M::mem_pestat] skip orientation RR
[M::process] read 1472662 sequences (200000178 bp)...
[M::mem_process_seqs] Processed 1472406 reads in 471.850 CPU sec, 50.877 real sec
[M::process] read 1476132 sequences (200000102 bp)...
[M::mem_pestat] # candidate unique pairs for (FF, FR, RF, RR): (93, 562390, 133, 58)
[M::mem_pestat] analyzing insert size distribution for orientation FF...
[M::mem_pestat] (25, 50, 75) percentile: (350, 525, 693)
[M::mem_pestat] low and high boundaries for computing mean and std.dev: (1, 1379)
[M::mem_pestat] mean and std.dev: (500.81, 248.14)
[M::mem_pestat] low and high boundaries for proper pairs: (1, 1722)
[M::mem_pestat] analyzing insert size distribution for orientation FR...
[M::mem_pestat] (25, 50, 75) percentile: (278, 365, 472)
[M::mem_pestat] low and high boundaries for computing mean and std.dev: (1, 860)
[M::mem_pestat] mean and std.dev: (382.56, 145.75)
[M::mem_pestat] low and high boundaries for proper pairs: (1, 1054)
[M::mem_pestat] analyzing insert size distribution for orientation RF...
[M::mem_pestat] (25, 50, 75) percentile: (58, 282, 2459)
[M::mem_pestat] low and high boundaries for computing mean and std.dev: (1, 7261)
[M::mem_pestat] mean and std.dev: (1193.17, 1657.96)
[M::mem_pestat] low and high boundaries for proper pairs: (1, 9662)
[M::mem_pestat] analyzing insert size distribution for orientation RR...
[M::mem_pestat] (25, 50, 75) percentile: (175, 307, 786)
[M::mem_pestat] low and high boundaries for computing mean and std.dev: (1, 2008)
[M::mem_pestat] mean and std.dev: (405.55, 407.37)
[M::mem_pestat] low and high boundaries for proper pairs: (1, 2619)
[M::mem_pestat] skip orientation FF
[M::mem_pestat] skip orientation RF
[M::mem_pestat] skip orientation RR
[M::mem_process_seqs] Processed 1472662 reads in 522.993 CPU sec, 58.162 real sec
[M::mem_pestat] # candidate unique pairs for (FF, FR, RF, RR): (96, 562989, 124, 44)
[M::mem_pestat] analyzing insert size distribution for orientation FF...
[M::mem_pestat] (25, 50, 75) percentile: (284, 406, 734)
[M::mem_pestat] low and high boundaries for computing mean and std.dev: (1, 1634)
[M::mem_pestat] mean and std.dev: (476.62, 296.62)
[M::mem_pestat] low and high boundaries for proper pairs: (1, 2084)
[M::mem_pestat] analyzing insert size distribution for orientation FR...
[M::mem_pestat] (25, 50, 75) percentile: (279, 366, 472)
[M::mem_pestat] low and high boundaries for computing mean and std.dev: (1, 858)
[M::mem_pestat] mean and std.dev: (383.16, 144.62)
[M::mem_pestat] low and high boundaries for proper pairs: (1, 1051)
[M::mem_pestat] analyzing insert size distribution for orientation RF...
[M::mem_pestat] (25, 50, 75) percentile: (57, 235, 2910)
[M::mem_pestat] low and high boundaries for computing mean and std.dev: (1, 8616)
[M::mem_pestat] mean and std.dev: (1264.41, 1808.23)
[M::mem_pestat] low and high boundaries for proper pairs: (1, 11469)
[M::mem_pestat] analyzing insert size distribution for orientation RR...
[M::mem_pestat] (25, 50, 75) percentile: (330, 588, 1361)
[M::mem_pestat] low and high boundaries for computing mean and std.dev: (1, 3423)
[M::mem_pestat] mean and std.dev: (797.77, 666.96)
[M::mem_pestat] low and high boundaries for proper pairs: (1, 4454)
[M::mem_pestat] skip orientation FF
[M::mem_pestat] skip orientation RF
[M::mem_pestat] skip orientation RR
[M::mem_process_seqs] Processed 1476132 reads in 471.886 CPU sec, 68.615 real sec
[M::process] read 1478002 sequences (200000060 bp)...
[M::process] read 1467760 sequences (200000060 bp)...
[M::mem_pestat] # candidate unique pairs for (FF, FR, RF, RR): (82, 562448, 129, 62)
[M::mem_pestat] analyzing insert size distribution for orientation FF...
[M::mem_pestat] (25, 50, 75) percentile: (310, 433, 718)
[M::mem_pestat] low and high boundaries for computing mean and std.dev: (1, 1534)
[M::mem_pestat] mean and std.dev: (473.56, 263.12)
[M::mem_pestat] low and high boundaries for proper pairs: (1, 1942)
[M::mem_pestat] analyzing insert size distribution for orientation FR...
[M::mem_pestat] (25, 50, 75) percentile: (277, 364, 467)
[M::mem_pestat] low and high boundaries for computing mean and std.dev: (1, 847)
[M::mem_pestat] mean and std.dev: (379.39, 141.42)
[M::mem_pestat] low and high boundaries for proper pairs: (1, 1037)
[M::mem_pestat] analyzing insert size distribution for orientation RF...
[M::mem_pestat] (25, 50, 75) percentile: (53, 532, 3199)
[M::mem_pestat] low and high boundaries for computing mean and std.dev: (1, 9491)
[M::mem_pestat] mean and std.dev: (1827.88, 2455.80)
[M::mem_pestat] low and high boundaries for proper pairs: (1, 12637)
[M::mem_pestat] analyzing insert size distribution for orientation RR...
[M::mem_pestat] (25, 50, 75) percentile: (208, 354, 686)
[M::mem_pestat] low and high boundaries for computing mean and std.dev: (1, 1642)
[M::mem_pestat] mean and std.dev: (431.64, 335.31)
[M::mem_pestat] low and high boundaries for proper pairs: (1, 2120)
[M::mem_pestat] skip orientation FF
[M::mem_pestat] skip orientation RF
[M::mem_pestat] skip orientation RR
[M::mem_process_seqs] Processed 1478002 reads in 449.688 CPU sec, 46.217 real sec
[M::mem_pestat] # candidate unique pairs for (FF, FR, RF, RR): (91, 561667, 139, 52)
[M::mem_pestat] analyzing insert size distribution for orientation FF...
[M::mem_pestat] (25, 50, 75) percentile: (265, 412, 816)
[M::mem_pestat] low and high boundaries for computing mean and std.dev: (1, 1918)
[M::mem_pestat] mean and std.dev: (515.06, 348.90)
[M::mem_pestat] low and high boundaries for proper pairs: (1, 2469)
[M::mem_pestat] analyzing insert size distribution for orientation FR...
[M::mem_pestat] (25, 50, 75) percentile: (276, 362, 467)
[M::mem_pestat] low and high boundaries for computing mean and std.dev: (1, 849)
[M::mem_pestat] mean and std.dev: (378.94, 143.31)
[M::mem_pestat] low and high boundaries for proper pairs: (1, 1040)
[M::mem_pestat] analyzing insert size distribution for orientation RF...
[M::mem_pestat] (25, 50, 75) percentile: (50, 226, 2496)
[M::mem_pestat] low and high boundaries for computing mean and std.dev: (1, 7388)
[M::mem_pestat] mean and std.dev: (1340.47, 2082.20)
[M::mem_pestat] low and high boundaries for proper pairs: (1, 9834)
[M::mem_pestat] analyzing insert size distribution for orientation RR...
[M::mem_pestat] (25, 50, 75) percentile: (259, 457, 1001)
[M::mem_pestat] low and high boundaries for computing mean and std.dev: (1, 2485)
[M::mem_pestat] mean and std.dev: (572.78, 459.43)
[M::mem_pestat] low and high boundaries for proper pairs: (1, 3227)
[M::mem_pestat] skip orientation FF
[M::mem_pestat] skip orientation RF
[M::mem_pestat] skip orientation RR
[M::process] read 1464210 sequences (200000240 bp)...
[M::mem_process_seqs] Processed 1467760 reads in 446.639 CPU sec, 48.440 real sec
[M::mem_pestat] # candidate unique pairs for (FF, FR, RF, RR): (87, 560877, 135, 49)
[M::mem_pestat] analyzing insert size distribution for orientation FF...
[M::mem_pestat] (25, 50, 75) percentile: (329, 474, 746)
[M::mem_pestat] low and high boundaries for computing mean and std.dev: (1, 1580)
[M::mem_pestat] mean and std.dev: (499.72, 272.75)
[M::mem_pestat] low and high boundaries for proper pairs: (1, 1997)
[M::mem_pestat] analyzing insert size distribution for orientation FR...
[M::mem_pestat] (25, 50, 75) percentile: (278, 366, 473)
[M::mem_pestat] low and high boundaries for computing mean and std.dev: (1, 863)
[M::mem_pestat] mean and std.dev: (383.75, 146.52)
[M::mem_pestat] low and high boundaries for proper pairs: (1, 1058)
[M::mem_pestat] analyzing insert size distribution for orientation RF...
[M::mem_pestat] (25, 50, 75) percentile: (80, 454, 2454)
[M::mem_pestat] low and high boundaries for computing mean and std.dev: (1, 7202)
[M::mem_pestat] mean and std.dev: (1173.67, 1568.63)
[M::mem_pestat] low and high boundaries for proper pairs: (1, 9576)
[M::mem_pestat] analyzing insert size distribution for orientation RR...
[M::mem_pestat] (25, 50, 75) percentile: (199, 368, 705)
[M::mem_pestat] low and high boundaries for computing mean and std.dev: (1, 1717)
[M::mem_pestat] mean and std.dev: (492.91, 410.02)
[M::mem_pestat] low and high boundaries for proper pairs: (1, 2223)
[M::mem_pestat] skip orientation FF
[M::mem_pestat] skip orientation RF
[M::mem_pestat] skip orientation RR
[M::mem_process_seqs] Processed 1464210 reads in 454.983 CPU sec, 75.898 real sec
[M::process] read 1472018 sequences (200000021 bp)...
[M::process] read 1475264 sequences (200000267 bp)...
[M::mem_pestat] # candidate unique pairs for (FF, FR, RF, RR): (77, 561580, 150, 47)
[M::mem_pestat] analyzing insert size distribution for orientation FF...
[M::mem_pestat] (25, 50, 75) percentile: (309, 464, 638)
[M::mem_pestat] low and high boundaries for computing mean and std.dev: (1, 1296)
[M::mem_pestat] mean and std.dev: (476.04, 246.44)
[M::mem_pestat] low and high boundaries for proper pairs: (1, 1625)
[M::mem_pestat] analyzing insert size distribution for orientation FR...
[M::mem_pestat] (25, 50, 75) percentile: (278, 366, 472)
[M::mem_pestat] low and high boundaries for computing mean and std.dev: (1, 860)
[M::mem_pestat] mean and std.dev: (382.86, 144.25)
[M::mem_pestat] low and high boundaries for proper pairs: (1, 1054)
[M::mem_pestat] analyzing insert size distribution for orientation RF...
[M::mem_pestat] (25, 50, 75) percentile: (60, 557, 3169)
[M::mem_pestat] low and high boundaries for computing mean and std.dev: (1, 9387)
[M::mem_pestat] mean and std.dev: (1672.22, 2305.27)
[M::mem_pestat] low and high boundaries for proper pairs: (1, 12496)
[M::mem_pestat] analyzing insert size distribution for orientation RR...
[M::mem_pestat] (25, 50, 75) percentile: (243, 406, 946)
[M::mem_pestat] low and high boundaries for computing mean and std.dev: (1, 2352)
[M::mem_pestat] mean and std.dev: (533.86, 476.80)
[M::mem_pestat] low and high boundaries for proper pairs: (1, 3055)
[M::mem_pestat] skip orientation FF
[M::mem_pestat] skip orientation RF
[M::mem_pestat] skip orientation RR
[M::mem_process_seqs] Processed 1472018 reads in 459.370 CPU sec, 46.795 real sec
[M::process] read 1462756 sequences (200000083 bp)...
[M::mem_pestat] # candidate unique pairs for (FF, FR, RF, RR): (94, 560773, 123, 65)
[M::mem_pestat] analyzing insert size distribution for orientation FF...
[M::mem_pestat] (25, 50, 75) percentile: (253, 428, 641)
[M::mem_pestat] low and high boundaries for computing mean and std.dev: (1, 1417)
[M::mem_pestat] mean and std.dev: (432.65, 260.36)
[M::mem_pestat] low and high boundaries for proper pairs: (1, 1805)
[M::mem_pestat] analyzing insert size distribution for orientation FR...
[M::mem_pestat] (25, 50, 75) percentile: (276, 362, 465)
[M::mem_pestat] low and high boundaries for computing mean and std.dev: (1, 843)
[M::mem_pestat] mean and std.dev: (377.70, 140.04)
[M::mem_pestat] low and high boundaries for proper pairs: (1, 1032)
[M::mem_pestat] analyzing insert size distribution for orientation RF...
[M::mem_pestat] (25, 50, 75) percentile: (96, 390, 2769)
[M::mem_pestat] low and high boundaries for computing mean and std.dev: (1, 8115)
[M::mem_pestat] mean and std.dev: (1394.81, 1968.33)
[M::mem_pestat] low and high boundaries for proper pairs: (1, 10788)
[M::mem_pestat] analyzing insert size distribution for orientation RR...
[M::mem_pestat] (25, 50, 75) percentile: (193, 343, 913)
[M::mem_pestat] low and high boundaries for computing mean and std.dev: (1, 2353)
[M::mem_pestat] mean and std.dev: (501.14, 474.48)
[M::mem_pestat] low and high boundaries for proper pairs: (1, 3073)
[M::mem_pestat] skip orientation FF
[M::mem_pestat] skip orientation RF
[M::mem_pestat] skip orientation RR
[M::mem_process_seqs] Processed 1475264 reads in 458.088 CPU sec, 49.640 real sec
[M::mem_pestat] # candidate unique pairs for (FF, FR, RF, RR): (97, 560514, 145, 47)
[M::mem_pestat] analyzing insert size distribution for orientation FF...
[M::mem_pestat] (25, 50, 75) percentile: (242, 403, 689)
[M::mem_pestat] low and high boundaries for computing mean and std.dev: (1, 1583)
[M::mem_pestat] mean and std.dev: (449.49, 282.36)
[M::mem_pestat] low and high boundaries for proper pairs: (1, 2030)
[M::mem_pestat] analyzing insert size distribution for orientation FR...
[M::mem_pestat] (25, 50, 75) percentile: (277, 365, 474)
[M::mem_pestat] low and high boundaries for computing mean and std.dev: (1, 868)
[M::mem_pestat] mean and std.dev: (383.15, 147.16)
[M::mem_pestat] low and high boundaries for proper pairs: (1, 1065)
[M::mem_pestat] analyzing insert size distribution for orientation RF...
[M::mem_pestat] (25, 50, 75) percentile: (52, 392, 3149)
[M::mem_pestat] low and high boundaries for computing mean and std.dev: (1, 9343)
[M::mem_pestat] mean and std.dev: (1639.21, 2450.51)
[M::mem_pestat] low and high boundaries for proper pairs: (1, 12440)
[M::mem_pestat] analyzing insert size distribution for orientation RR...
[M::mem_pestat] (25, 50, 75) percentile: (233, 443, 844)
[M::mem_pestat] low and high boundaries for computing mean and std.dev: (1, 2066)
[M::mem_pestat] mean and std.dev: (539.20, 413.44)
[M::mem_pestat] low and high boundaries for proper pairs: (1, 2677)
[M::mem_pestat] skip orientation FF
[M::mem_pestat] skip orientation RF
[M::mem_pestat] skip orientation RR
[M::process] read 1460788 sequences (200000088 bp)...
[M::mem_process_seqs] Processed 1462756 reads in 442.454 CPU sec, 48.026 real sec
[M::mem_pestat] # candidate unique pairs for (FF, FR, RF, RR): (80, 559592, 145, 52)
[M::mem_pestat] analyzing insert size distribution for orientation FF...
[M::mem_pestat] (25, 50, 75) percentile: (253, 493, 814)
[M::mem_pestat] low and high boundaries for computing mean and std.dev: (1, 1936)
[M::mem_pestat] mean and std.dev: (514.76, 358.91)
[M::mem_pestat] low and high boundaries for proper pairs: (1, 2497)
[M::mem_pestat] analyzing insert size distribution for orientation FR...
[M::mem_pestat] (25, 50, 75) percentile: (280, 369, 479)
[M::mem_pestat] low and high boundaries for computing mean and std.dev: (1, 877)
[M::mem_pestat] mean and std.dev: (387.74, 149.52)
[M::mem_pestat] low and high boundaries for proper pairs: (1, 1076)
[M::mem_pestat] analyzing insert size distribution for orientation RF...
[M::mem_pestat] (25, 50, 75) percentile: (47, 275, 2269)
[M::mem_pestat] low and high boundaries for computing mean and std.dev: (1, 6713)
[M::mem_pestat] mean and std.dev: (1226.41, 1796.40)
[M::mem_pestat] low and high boundaries for proper pairs: (1, 8935)
[M::mem_pestat] analyzing insert size distribution for orientation RR...
[M::mem_pestat] (25, 50, 75) percentile: (208, 323, 577)
[M::mem_pestat] low and high boundaries for computing mean and std.dev: (1, 1315)
[M::mem_pestat] mean and std.dev: (369.89, 301.21)
[M::mem_pestat] low and high boundaries for proper pairs: (1, 1684)
[M::mem_pestat] skip orientation FF
[M::mem_pestat] skip orientation RF
[M::mem_pestat] skip orientation RR
[M::process] read 1465692 sequences (200000159 bp)...
[M::mem_process_seqs] Processed 1460788 reads in 444.636 CPU sec, 48.174 real sec
[M::mem_pestat] # candidate unique pairs for (FF, FR, RF, RR): (81, 560197, 99, 62)
[M::mem_pestat] analyzing insert size distribution for orientation FF...
[M::mem_pestat] (25, 50, 75) percentile: (299, 446, 724)
[M::mem_pestat] low and high boundaries for computing mean and std.dev: (1, 1574)
[M::mem_pestat] mean and std.dev: (488.39, 284.21)
[M::mem_pestat] low and high boundaries for proper pairs: (1, 1999)
[M::mem_pestat] analyzing insert size distribution for orientation FR...
[M::mem_pestat] (25, 50, 75) percentile: (280, 368, 475)
[M::mem_pestat] low and high boundaries for computing mean and std.dev: (1, 865)
[M::mem_pestat] mean and std.dev: (385.48, 146.60)
[M::mem_pestat] low and high boundaries for proper pairs: (1, 1060)
[M::mem_pestat] analyzing insert size distribution for orientation RF...
[M::mem_pestat] (25, 50, 75) percentile: (113, 604, 3203)
[M::mem_pestat] low and high boundaries for computing mean and std.dev: (1, 9383)
[M::mem_pestat] mean and std.dev: (1534.86, 2082.95)
[M::mem_pestat] low and high boundaries for proper pairs: (1, 12473)
[M::mem_pestat] analyzing insert size distribution for orientation RR...
[M::mem_pestat] (25, 50, 75) percentile: (201, 405, 703)
[M::mem_pestat] low and high boundaries for computing mean and std.dev: (1, 1707)
[M::mem_pestat] mean and std.dev: (455.90, 351.36)
[M::mem_pestat] low and high boundaries for proper pairs: (1, 2209)
[M::mem_pestat] skip orientation FF
[M::mem_pestat] skip orientation RF
[M::mem_pestat] skip orientation RR
[M::process] read 1468822 sequences (200000171 bp)...
[M::mem_process_seqs] Processed 1465692 reads in 463.915 CPU sec, 50.110 real sec
[M::mem_pestat] # candidate unique pairs for (FF, FR, RF, RR): (86, 559319, 132, 49)
[M::mem_pestat] analyzing insert size distribution for orientation FF...
[M::mem_pestat] (25, 50, 75) percentile: (257, 457, 888)
[M::mem_pestat] low and high boundaries for computing mean and std.dev: (1, 2150)
[M::mem_pestat] mean and std.dev: (518.71, 365.67)
[M::mem_pestat] low and high boundaries for proper pairs: (1, 2781)
[M::mem_pestat] analyzing insert size distribution for orientation FR...
[M::mem_pestat] (25, 50, 75) percentile: (277, 364, 469)
[M::mem_pestat] low and high boundaries for computing mean and std.dev: (1, 853)
[M::mem_pestat] mean and std.dev: (380.22, 143.17)
[M::mem_pestat] low and high boundaries for proper pairs: (1, 1045)
[M::mem_pestat] analyzing insert size distribution for orientation RF...
[M::mem_pestat] (25, 50, 75) percentile: (103, 529, 2888)
[M::mem_pestat] low and high boundaries for computing mean and std.dev: (1, 8458)
[M::mem_pestat] mean and std.dev: (1464.40, 1948.35)
[M::mem_pestat] low and high boundaries for proper pairs: (1, 11243)
[M::mem_pestat] analyzing insert size distribution for orientation RR...
[M::mem_pestat] (25, 50, 75) percentile: (154, 267, 784)
[M::mem_pestat] low and high boundaries for computing mean and std.dev: (1, 2044)
[M::mem_pestat] mean and std.dev: (378.59, 354.68)
[M::mem_pestat] low and high boundaries for proper pairs: (1, 2674)
[M::mem_pestat] skip orientation FF
[M::mem_pestat] skip orientation RF
[M::mem_pestat] skip orientation RR
[M::process] read 1461190 sequences (200000174 bp)...
[M::mem_process_seqs] Processed 1468822 reads in 451.303 CPU sec, 48.882 real sec
[M::mem_pestat] # candidate unique pairs for (FF, FR, RF, RR): (82, 560477, 134, 53)
[M::mem_pestat] analyzing insert size distribution for orientation FF...
[M::mem_pestat] (25, 50, 75) percentile: (292, 470, 662)
[M::mem_pestat] low and high boundaries for computing mean and std.dev: (1, 1402)
[M::mem_pestat] mean and std.dev: (466.23, 251.54)
[M::mem_pestat] low and high boundaries for proper pairs: (1, 1772)
[M::mem_pestat] analyzing insert size distribution for orientation FR...
[M::mem_pestat] (25, 50, 75) percentile: (279, 367, 475)
[M::mem_pestat] low and high boundaries for computing mean and std.dev: (1, 867)
[M::mem_pestat] mean and std.dev: (384.94, 147.77)
[M::mem_pestat] low and high boundaries for proper pairs: (1, 1063)
[M::mem_pestat] analyzing insert size distribution for orientation RF...
[M::mem_pestat] (25, 50, 75) percentile: (48, 338, 2720)
[M::mem_pestat] low and high boundaries for computing mean and std.dev: (1, 8064)
[M::mem_pestat] mean and std.dev: (1193.38, 1836.49)
[M::mem_pestat] low and high boundaries for proper pairs: (1, 10736)
[M::mem_pestat] analyzing insert size distribution for orientation RR...
[M::mem_pestat] (25, 50, 75) percentile: (177, 307, 934)
[M::mem_pestat] low and high boundaries for computing mean and std.dev: (1, 2448)
[M::mem_pestat] mean and std.dev: (562.36, 536.67)
[M::mem_pestat] low and high boundaries for proper pairs: (1, 3205)
[M::mem_pestat] skip orientation FF
[M::mem_pestat] skip orientation RF
[M::mem_pestat] skip orientation RR
[M::process] read 1461244 sequences (200000270 bp)...
[M::mem_process_seqs] Processed 1461190 reads in 442.638 CPU sec, 47.975 real sec
[M::mem_pestat] # candidate unique pairs for (FF, FR, RF, RR): (79, 560923, 148, 55)
[M::mem_pestat] analyzing insert size distribution for orientation FF...
[M::mem_pestat] (25, 50, 75) percentile: (333, 447, 689)
[M::mem_pestat] low and high boundaries for computing mean and std.dev: (1, 1401)
[M::mem_pestat] mean and std.dev: (464.10, 253.21)
[M::mem_pestat] low and high boundaries for proper pairs: (1, 1757)
[M::mem_pestat] analyzing insert size distribution for orientation FR...
[M::mem_pestat] (25, 50, 75) percentile: (281, 369, 478)
[M::mem_pestat] low and high boundaries for computing mean and std.dev: (1, 872)
[M::mem_pestat] mean and std.dev: (387.24, 148.33)
[M::mem_pestat] low and high boundaries for proper pairs: (1, 1069)
[M::mem_pestat] analyzing insert size distribution for orientation RF...
[M::mem_pestat] (25, 50, 75) percentile: (84, 423, 3029)
[M::mem_pestat] low and high boundaries for computing mean and std.dev: (1, 8919)
[M::mem_pestat] mean and std.dev: (1812.13, 2548.21)
[M::mem_pestat] low and high boundaries for proper pairs: (1, 12005)
[M::mem_pestat] analyzing insert size distribution for orientation RR...
[M::mem_pestat] (25, 50, 75) percentile: (195, 452, 914)
[M::mem_pestat] low and high boundaries for computing mean and std.dev: (1, 2352)
[M::mem_pestat] mean and std.dev: (543.45, 484.89)
[M::mem_pestat] low and high boundaries for proper pairs: (1, 3071)
[M::mem_pestat] skip orientation FF
[M::mem_pestat] skip orientation RF
[M::mem_pestat] skip orientation RR
[M::process] read 1464188 sequences (200000261 bp)...
[M::mem_process_seqs] Processed 1461244 reads in 442.006 CPU sec, 47.864 real sec
[M::mem_pestat] # candidate unique pairs for (FF, FR, RF, RR): (93, 560939, 119, 42)
[M::mem_pestat] analyzing insert size distribution for orientation FF...
[M::mem_pestat] (25, 50, 75) percentile: (322, 454, 700)
[M::mem_pestat] low and high boundaries for computing mean and std.dev: (1, 1456)
[M::mem_pestat] mean and std.dev: (484.24, 258.79)
[M::mem_pestat] low and high boundaries for proper pairs: (1, 1834)
[M::mem_pestat] analyzing insert size distribution for orientation FR...
[M::mem_pestat] (25, 50, 75) percentile: (280, 368, 475)
[M::mem_pestat] low and high boundaries for computing mean and std.dev: (1, 865)
[M::mem_pestat] mean and std.dev: (385.23, 146.40)
[M::mem_pestat] low and high boundaries for proper pairs: (1, 1060)
[M::mem_pestat] analyzing insert size distribution for orientation RF...
[M::mem_pestat] (25, 50, 75) percentile: (50, 247, 2069)
[M::mem_pestat] low and high boundaries for computing mean and std.dev: (1, 6107)
[M::mem_pestat] mean and std.dev: (1157.46, 1775.81)
[M::mem_pestat] low and high boundaries for proper pairs: (1, 8261)
[M::mem_pestat] analyzing insert size distribution for orientation RR...
[M::mem_pestat] (25, 50, 75) percentile: (238, 587, 1124)
[M::mem_pestat] low and high boundaries for computing mean and std.dev: (1, 2896)
[M::mem_pestat] mean and std.dev: (704.79, 626.55)
[M::mem_pestat] low and high boundaries for proper pairs: (1, 3782)
[M::mem_pestat] skip orientation FF
[M::mem_pestat] skip orientation RF
[M::mem_pestat] skip orientation RR
[M::process] read 1469458 sequences (200000148 bp)...
[M::mem_process_seqs] Processed 1464188 reads in 446.413 CPU sec, 48.308 real sec
[M::mem_pestat] # candidate unique pairs for (FF, FR, RF, RR): (95, 560124, 133, 36)
[M::mem_pestat] analyzing insert size distribution for orientation FF...
[M::mem_pestat] (25, 50, 75) percentile: (326, 448, 740)
[M::mem_pestat] low and high boundaries for computing mean and std.dev: (1, 1568)
[M::mem_pestat] mean and std.dev: (511.72, 300.61)
[M::mem_pestat] low and high boundaries for proper pairs: (1, 1982)
[M::mem_pestat] analyzing insert size distribution for orientation FR...
[M::mem_pestat] (25, 50, 75) percentile: (277, 364, 468)
[M::mem_pestat] low and high boundaries for computing mean and std.dev: (1, 850)
[M::mem_pestat] mean and std.dev: (380.14, 142.30)
[M::mem_pestat] low and high boundaries for proper pairs: (1, 1041)
[M::mem_pestat] analyzing insert size distribution for orientation RF...
[M::mem_pestat] (25, 50, 75) percentile: (29, 364, 2233)
[M::mem_pestat] low and high boundaries for computing mean and std.dev: (1, 6641)
[M::mem_pestat] mean and std.dev: (1188.20, 1723.48)
[M::mem_pestat] low and high boundaries for proper pairs: (1, 8845)
[M::mem_pestat] analyzing insert size distribution for orientation RR...
[M::mem_pestat] (25, 50, 75) percentile: (138, 410, 860)
[M::mem_pestat] low and high boundaries for computing mean and std.dev: (1, 2304)
[M::mem_pestat] mean and std.dev: (596.89, 567.39)
[M::mem_pestat] low and high boundaries for proper pairs: (1, 3026)
[M::mem_pestat] skip orientation FF
[M::mem_pestat] skip orientation RF
[M::mem_pestat] skip orientation RR
[M::mem_process_seqs] Processed 1469458 reads in 464.838 CPU sec, 74.793 real sec
[M::process] read 1463186 sequences (200000087 bp)...
[M::process] read 1462220 sequences (200000136 bp)...
[M::mem_pestat] # candidate unique pairs for (FF, FR, RF, RR): (87, 562496, 152, 49)
[M::mem_pestat] analyzing insert size distribution for orientation FF...
[M::mem_pestat] (25, 50, 75) percentile: (300, 468, 741)
[M::mem_pestat] low and high boundaries for computing mean and std.dev: (1, 1623)
[M::mem_pestat] mean and std.dev: (498.35, 280.96)
[M::mem_pestat] low and high boundaries for proper pairs: (1, 2064)
[M::mem_pestat] analyzing insert size distribution for orientation FR...
[M::mem_pestat] (25, 50, 75) percentile: (283, 371, 480)
[M::mem_pestat] low and high boundaries for computing mean and std.dev: (1, 874)
[M::mem_pestat] mean and std.dev: (389.05, 148.26)
[M::mem_pestat] low and high boundaries for proper pairs: (1, 1071)
[M::mem_pestat] analyzing insert size distribution for orientation RF...
[M::mem_pestat] (25, 50, 75) percentile: (121, 728, 3005)
[M::mem_pestat] low and high boundaries for computing mean and std.dev: (1, 8773)
[M::mem_pestat] mean and std.dev: (1689.96, 2135.51)
[M::mem_pestat] low and high boundaries for proper pairs: (1, 11657)
[M::mem_pestat] analyzing insert size distribution for orientation RR...
[M::mem_pestat] (25, 50, 75) percentile: (251, 373, 680)
[M::mem_pestat] low and high boundaries for computing mean and std.dev: (1, 1538)
[M::mem_pestat] mean and std.dev: (409.17, 256.29)
[M::mem_pestat] low and high boundaries for proper pairs: (1, 1967)
[M::mem_pestat] skip orientation FF
[M::mem_pestat] skip orientation RF
[M::mem_pestat] skip orientation RR
[M::mem_process_seqs] Processed 1463186 reads in 450.777 CPU sec, 47.335 real sec
[M::mem_pestat] # candidate unique pairs for (FF, FR, RF, RR): (93, 560975, 135, 42)
[M::mem_pestat] analyzing insert size distribution for orientation FF...
[M::mem_pestat] (25, 50, 75) percentile: (345, 484, 822)
[M::mem_pestat] low and high boundaries for computing mean and std.dev: (1, 1776)
[M::mem_pestat] mean and std.dev: (583.87, 371.31)
[M::mem_pestat] low and high boundaries for proper pairs: (1, 2253)
[M::mem_pestat] analyzing insert size distribution for orientation FR...
[M::mem_pestat] (25, 50, 75) percentile: (283, 371, 480)
[M::mem_pestat] low and high boundaries for computing mean and std.dev: (1, 874)
[M::mem_pestat] mean and std.dev: (389.08, 147.89)
[M::mem_pestat] low and high boundaries for proper pairs: (1, 1071)
[M::mem_pestat] analyzing insert size distribution for orientation RF...
[M::mem_pestat] (25, 50, 75) percentile: (147, 516, 2338)
[M::mem_pestat] low and high boundaries for computing mean and std.dev: (1, 6720)
[M::mem_pestat] mean and std.dev: (1093.07, 1469.36)
[M::mem_pestat] low and high boundaries for proper pairs: (1, 8911)
[M::mem_pestat] analyzing insert size distribution for orientation RR...
[M::mem_pestat] (25, 50, 75) percentile: (250, 580, 1083)
[M::mem_pestat] low and high boundaries for computing mean and std.dev: (1, 2749)
[M::mem_pestat] mean and std.dev: (622.65, 491.48)
[M::mem_pestat] low and high boundaries for proper pairs: (1, 3582)
[M::mem_pestat] skip orientation FF
[M::mem_pestat] skip orientation RF
[M::mem_pestat] skip orientation RR
[M::process] read 1465446 sequences (200000127 bp)...
[M::mem_process_seqs] Processed 1462220 reads in 443.992 CPU sec, 48.072 real sec
[M::mem_pestat] # candidate unique pairs for (FF, FR, RF, RR): (99, 560070, 138, 49)
[M::mem_pestat] analyzing insert size distribution for orientation FF...
[M::mem_pestat] (25, 50, 75) percentile: (281, 439, 793)
[M::mem_pestat] low and high boundaries for computing mean and std.dev: (1, 1817)
[M::mem_pestat] mean and std.dev: (530.10, 397.09)
[M::mem_pestat] low and high boundaries for proper pairs: (1, 2329)
[M::mem_pestat] analyzing insert size distribution for orientation FR...
[M::mem_pestat] (25, 50, 75) percentile: (282, 370, 477)
[M::mem_pestat] low and high boundaries for computing mean and std.dev: (1, 867)
[M::mem_pestat] mean and std.dev: (386.90, 146.21)
[M::mem_pestat] low and high boundaries for proper pairs: (1, 1062)
[M::mem_pestat] analyzing insert size distribution for orientation RF...
[M::mem_pestat] (25, 50, 75) percentile: (61, 436, 2149)
[M::mem_pestat] low and high boundaries for computing mean and std.dev: (1, 6325)
[M::mem_pestat] mean and std.dev: (1114.50, 1542.61)
[M::mem_pestat] low and high boundaries for proper pairs: (1, 8413)
[M::mem_pestat] analyzing insert size distribution for orientation RR...
[M::mem_pestat] (25, 50, 75) percentile: (227, 527, 1096)
[M::mem_pestat] low and high boundaries for computing mean and std.dev: (1, 2834)
[M::mem_pestat] mean and std.dev: (584.47, 493.33)
[M::mem_pestat] low and high boundaries for proper pairs: (1, 3703)
[M::mem_pestat] skip orientation FF
[M::mem_pestat] skip orientation RF
[M::mem_pestat] skip orientation RR
[M::process] read 1472240 sequences (200000168 bp)...
[M::mem_process_seqs] Processed 1465446 reads in 449.338 CPU sec, 48.635 real sec
[M::mem_pestat] # candidate unique pairs for (FF, FR, RF, RR): (88, 562453, 134, 54)
[M::mem_pestat] analyzing insert size distribution for orientation FF...
[M::mem_pestat] (25, 50, 75) percentile: (278, 452, 704)
[M::mem_pestat] low and high boundaries for computing mean and std.dev: (1, 1556)
[M::mem_pestat] mean and std.dev: (475.80, 278.86)
[M::mem_pestat] low and high boundaries for proper pairs: (1, 1982)
[M::mem_pestat] analyzing insert size distribution for orientation FR...
[M::mem_pestat] (25, 50, 75) percentile: (278, 365, 469)
[M::mem_pestat] low and high boundaries for computing mean and std.dev: (1, 851)
[M::mem_pestat] mean and std.dev: (381.01, 142.14)
[M::mem_pestat] low and high boundaries for proper pairs: (1, 1042)
[M::mem_pestat] analyzing insert size distribution for orientation RF...
[M::mem_pestat] (25, 50, 75) percentile: (102, 464, 2785)
[M::mem_pestat] low and high boundaries for computing mean and std.dev: (1, 8151)
[M::mem_pestat] mean and std.dev: (1438.42, 1960.01)
[M::mem_pestat] low and high boundaries for proper pairs: (1, 10834)
[M::mem_pestat] analyzing insert size distribution for orientation RR...
[M::mem_pestat] (25, 50, 75) percentile: (157, 306, 486)
[M::mem_pestat] low and high boundaries for computing mean and std.dev: (1, 1144)
[M::mem_pestat] mean and std.dev: (335.43, 238.58)
[M::mem_pestat] low and high boundaries for proper pairs: (1, 1473)
[M::mem_pestat] skip orientation FF
[M::mem_pestat] skip orientation RF
[M::mem_pestat] skip orientation RR
[M::process] read 1478470 sequences (200000030 bp)...
[M::mem_process_seqs] Processed 1472240 reads in 475.639 CPU sec, 51.319 real sec
[M::process] read 1510150 sequences (200000060 bp)...
[M::mem_pestat] # candidate unique pairs for (FF, FR, RF, RR): (104, 568246, 135, 49)
[M::mem_pestat] analyzing insert size distribution for orientation FF...
[M::mem_pestat] (25, 50, 75) percentile: (347, 498, 819)
[M::mem_pestat] low and high boundaries for computing mean and std.dev: (1, 1763)
[M::mem_pestat] mean and std.dev: (556.24, 357.21)
[M::mem_pestat] low and high boundaries for proper pairs: (1, 2235)
[M::mem_pestat] analyzing insert size distribution for orientation FR...
[M::mem_pestat] (25, 50, 75) percentile: (281, 368, 475)
[M::mem_pestat] low and high boundaries for computing mean and std.dev: (1, 863)
[M::mem_pestat] mean and std.dev: (385.05, 145.43)
[M::mem_pestat] low and high boundaries for proper pairs: (1, 1057)
[M::mem_pestat] analyzing insert size distribution for orientation RF...
[M::mem_pestat] (25, 50, 75) percentile: (56, 447, 2311)
[M::mem_pestat] low and high boundaries for computing mean and std.dev: (1, 6821)
[M::mem_pestat] mean and std.dev: (1197.18, 1661.42)
[M::mem_pestat] low and high boundaries for proper pairs: (1, 9076)
[M::mem_pestat] analyzing insert size distribution for orientation RR...
[M::mem_pestat] (25, 50, 75) percentile: (353, 626, 1052)
[M::mem_pestat] low and high boundaries for computing mean and std.dev: (1, 2450)
[M::mem_pestat] mean and std.dev: (673.82, 481.86)
[M::mem_pestat] low and high boundaries for proper pairs: (1, 3149)
[M::mem_pestat] skip orientation FF
[M::mem_pestat] skip orientation RF
[M::mem_pestat] skip orientation RR
[M::mem_process_seqs] Processed 1478470 reads in 536.299 CPU sec, 57.545 real sec
[M::mem_pestat] # candidate unique pairs for (FF, FR, RF, RR): (109, 549554, 138, 66)
[M::mem_pestat] analyzing insert size distribution for orientation FF...
[M::mem_pestat] (25, 50, 75) percentile: (284, 457, 658)
[M::mem_pestat] low and high boundaries for computing mean and std.dev: (1, 1406)
[M::mem_pestat] mean and std.dev: (489.87, 282.77)
[M::mem_pestat] low and high boundaries for proper pairs: (1, 1780)
[M::mem_pestat] analyzing insert size distribution for orientation FR...
[M::mem_pestat] (25, 50, 75) percentile: (281, 369, 476)
[M::mem_pestat] low and high boundaries for computing mean and std.dev: (1, 866)
[M::mem_pestat] mean and std.dev: (385.92, 146.13)
[M::mem_pestat] low and high boundaries for proper pairs: (1, 1061)
[M::mem_pestat] analyzing insert size distribution for orientation RF...
[M::mem_pestat] (25, 50, 75) percentile: (43, 335, 3388)
[M::mem_pestat] low and high boundaries for computing mean and std.dev: (1, 10078)
[M::mem_pestat] mean and std.dev: (1715.97, 2412.48)
[M::mem_pestat] low and high boundaries for proper pairs: (1, 13423)
[M::mem_pestat] analyzing insert size distribution for orientation RR...
[M::mem_pestat] (25, 50, 75) percentile: (203, 327, 819)
[M::mem_pestat] low and high boundaries for computing mean and std.dev: (1, 2051)
[M::mem_pestat] mean and std.dev: (518.55, 484.93)
[M::mem_pestat] low and high boundaries for proper pairs: (1, 2667)
[M::mem_pestat] skip orientation FF
[M::mem_pestat] skip orientation RF
[M::mem_pestat] skip orientation RR
[M::process] read 1469686 sequences (200000267 bp)...
[M::mem_process_seqs] Processed 1510150 reads in 543.011 CPU sec, 58.116 real sec
[M::mem_pestat] # candidate unique pairs for (FF, FR, RF, RR): (84, 561812, 131, 51)
[M::mem_pestat] analyzing insert size distribution for orientation FF...
[M::mem_pestat] (25, 50, 75) percentile: (352, 469, 719)
[M::mem_pestat] low and high boundaries for computing mean and std.dev: (1, 1453)
[M::mem_pestat] mean and std.dev: (486.40, 231.78)
[M::mem_pestat] low and high boundaries for proper pairs: (1, 1820)
[M::mem_pestat] analyzing insert size distribution for orientation FR...
[M::mem_pestat] (25, 50, 75) percentile: (281, 369, 475)
[M::mem_pestat] low and high boundaries for computing mean and std.dev: (1, 863)
[M::mem_pestat] mean and std.dev: (385.77, 145.14)
[M::mem_pestat] low and high boundaries for proper pairs: (1, 1057)
[M::mem_pestat] analyzing insert size distribution for orientation RF...
[M::mem_pestat] (25, 50, 75) percentile: (47, 459, 2945)
[M::mem_pestat] low and high boundaries for computing mean and std.dev: (1, 8741)
[M::mem_pestat] mean and std.dev: (1527.66, 2135.44)
[M::mem_pestat] low and high boundaries for proper pairs: (1, 11639)
[M::mem_pestat] analyzing insert size distribution for orientation RR...
[M::mem_pestat] (25, 50, 75) percentile: (259, 447, 1490)
[M::mem_pestat] low and high boundaries for computing mean and std.dev: (1, 3952)
[M::mem_pestat] mean and std.dev: (765.52, 851.98)
[M::mem_pestat] low and high boundaries for proper pairs: (1, 5183)
[M::mem_pestat] skip orientation FF
[M::mem_pestat] skip orientation RF
[M::mem_pestat] skip orientation RR
[M::process] read 693784 sequences (94657469 bp)...
[M::mem_process_seqs] Processed 1469686 reads in 485.587 CPU sec, 52.373 real sec
[M::mem_pestat] # candidate unique pairs for (FF, FR, RF, RR): (52, 265472, 52, 36)
[M::mem_pestat] analyzing insert size distribution for orientation FF...
[M::mem_pestat] (25, 50, 75) percentile: (299, 509, 677)
[M::mem_pestat] low and high boundaries for computing mean and std.dev: (1, 1433)
[M::mem_pestat] mean and std.dev: (485.46, 262.29)
[M::mem_pestat] low and high boundaries for proper pairs: (1, 1811)
[M::mem_pestat] analyzing insert size distribution for orientation FR...
[M::mem_pestat] (25, 50, 75) percentile: (279, 366, 470)
[M::mem_pestat] low and high boundaries for computing mean and std.dev: (1, 852)
[M::mem_pestat] mean and std.dev: (381.49, 142.01)
[M::mem_pestat] low and high boundaries for proper pairs: (1, 1043)
[M::mem_pestat] analyzing insert size distribution for orientation RF...
[M::mem_pestat] (25, 50, 75) percentile: (43, 425, 2803)
[M::mem_pestat] low and high boundaries for computing mean and std.dev: (1, 8323)
[M::mem_pestat] mean and std.dev: (1487.98, 2077.13)
[M::mem_pestat] low and high boundaries for proper pairs: (1, 11083)
[M::mem_pestat] analyzing insert size distribution for orientation RR...
[M::mem_pestat] (25, 50, 75) percentile: (238, 536, 1236)
[M::mem_pestat] low and high boundaries for computing mean and std.dev: (1, 3232)
[M::mem_pestat] mean and std.dev: (700.34, 692.25)
[M::mem_pestat] low and high boundaries for proper pairs: (1, 4230)
[M::mem_pestat] skip orientation FF
[M::mem_pestat] skip orientation RF
[M::mem_pestat] skip orientation RR
[M::mem_process_seqs] Processed 693784 reads in 212.013 CPU sec, 23.780 real sec
[main] Version: 0.7.17-r1188
[main] CMD: bwasamblaster: Marked 3940041 of 34068591 (11.57%) read ids as duplicates mem -t using 541960k memory in  201M -R19S @RG\tID:LG_HL_19T_202\tPL:ILLUMINA\tPU:HJMFJDSX7.4\tSM:LG_HL_19T_202\tCN:MCGILL\tBC:AGGCAGCTCT-ACGTTAGCCG(79.005S) /storage/scratch/iee/dj20y461/Stickleback/G_aculeatus/FITNESS//data/ref_A_X/stickleback_v5_assembly_A_X.fasta CPU seconds and  /storage/scratch/iee/dj20y461/Stickleback/G_aculeatus/FITNESS//data/trimmed/LG_HL_19T_202.R1.trimmed.fastq.gz41M /storage/scratch/iee/dj20y461/Stickleback/G_aculeatus/FITNESS//data/trimmed/LG_HL_19T_202.R2.trimmed.fastq.gz32S
[main] Real time: 2491.923 sec; CPU: 21141.175 sec
(2492S) wall time.
[bam_sort_core] merging from 20 files and 20 in-memory blocks...
