samblaster: Version 0.1.24
samblaster: Inputting from stdin
samblaster: Outputting to stdout
[M::bwa_idx_load_from_disk] read 0 ALT contigs
[M::process] read 1469608 sequences (200000233 bp)...
[M::mem_pestat] # candidate unique pairs for (FF, FR, RF, RR): (89, 560221, 143, 45)
[M::mem_pestat] analyzing insert size distribution for orientation FF...
[M::mem_pestat] (25, 50, 75) percentile: (309, 462, 730)
[M::mem_pestat] low and high boundaries for computing mean and std.dev: (1, 1572)
[M::mem_pestat] mean and std.dev: (505.80, 302.72)
[M::mem_pestat] low and high boundaries for proper pairs: (1, 1993)
[M::mem_pestat] analyzing insert size distribution for orientation FR...
[M::mem_pestat] (25, 50, 75) percentile: (301, 400, 519)
[M::mem_pestat] low and high boundaries for computing mean and std.dev: (1, 955)
[M::mem_pestat] mean and std.dev: (417.91, 164.02)
[M::mem_pestat] low and high boundaries for proper pairs: (1, 1173)
[M::mem_pestat] analyzing insert size distribution for orientation RF...
[M::mem_pestat] (25, 50, 75) percentile: (135, 624, 3384)
[M::mem_pestat] low and high boundaries for computing mean and std.dev: (1, 9882)
[M::mem_pestat] mean and std.dev: (1936.90, 2529.42)
[M::mem_pestat] low and high boundaries for proper pairs: (1, 13131)
[M::mem_pestat] analyzing insert size distribution for orientation RR...
[M::mem_pestat] (25, 50, 75) percentile: (337, 654, 1019)
[M::mem_pestat] low and high boundaries for computing mean and std.dev: (1, 2383)
[M::mem_pestat] mean and std.dev: (645.62, 395.92)
[M::mem_pestat] low and high boundaries for proper pairs: (1, 3065)
[M::mem_pestat] skip orientation FF
[M::mem_pestat] skip orientation RF
[M::mem_pestat] skip orientation RR
[M::mem_process_seqs] Processed 1469608 reads in 479.758 CPU sec, 116.033 real sec
samblaster: Loaded 23 header sequence entries.
[M::process] read 1468324 sequences (200000095 bp)...
[M::process] read 1469698 sequences (200000258 bp)...
[M::mem_pestat] # candidate unique pairs for (FF, FR, RF, RR): (87, 559442, 156, 54)
[M::mem_pestat] analyzing insert size distribution for orientation FF...
[M::mem_pestat] (25, 50, 75) percentile: (327, 493, 832)
[M::mem_pestat] low and high boundaries for computing mean and std.dev: (1, 1842)
[M::mem_pestat] mean and std.dev: (575.10, 378.08)
[M::mem_pestat] low and high boundaries for proper pairs: (1, 2347)
[M::mem_pestat] analyzing insert size distribution for orientation FR...
[M::mem_pestat] (25, 50, 75) percentile: (302, 402, 524)
[M::mem_pestat] low and high boundaries for computing mean and std.dev: (1, 968)
[M::mem_pestat] mean and std.dev: (421.14, 166.20)
[M::mem_pestat] low and high boundaries for proper pairs: (1, 1190)
[M::mem_pestat] analyzing insert size distribution for orientation RF...
[M::mem_pestat] (25, 50, 75) percentile: (126, 646, 4278)
[M::mem_pestat] low and high boundaries for computing mean and std.dev: (1, 12582)
[M::mem_pestat] mean and std.dev: (2267.95, 2748.64)
[M::mem_pestat] low and high boundaries for proper pairs: (1, 16734)
[M::mem_pestat] analyzing insert size distribution for orientation RR...
[M::mem_pestat] (25, 50, 75) percentile: (232, 482, 1395)
[M::mem_pestat] low and high boundaries for computing mean and std.dev: (1, 3721)
[M::mem_pestat] mean and std.dev: (694.79, 726.22)
[M::mem_pestat] low and high boundaries for proper pairs: (1, 4884)
[M::mem_pestat] skip orientation FF
[M::mem_pestat] skip orientation RF
[M::mem_pestat] skip orientation RR
[M::mem_process_seqs] Processed 1468324 reads in 450.664 CPU sec, 49.647 real sec
[M::mem_pestat] # candidate unique pairs for (FF, FR, RF, RR): (79, 557181, 127, 54)
[M::mem_pestat] analyzing insert size distribution for orientation FF...
[M::mem_pestat] (25, 50, 75) percentile: (317, 497, 815)
[M::mem_pestat] low and high boundaries for computing mean and std.dev: (1, 1811)
[M::mem_pestat] mean and std.dev: (500.33, 310.80)
[M::mem_pestat] low and high boundaries for proper pairs: (1, 2309)
[M::mem_pestat] analyzing insert size distribution for orientation FR...
[M::mem_pestat] (25, 50, 75) percentile: (300, 400, 519)
[M::mem_pestat] low and high boundaries for computing mean and std.dev: (1, 957)
[M::mem_pestat] mean and std.dev: (417.64, 163.73)
[M::mem_pestat] low and high boundaries for proper pairs: (1, 1176)
[M::mem_pestat] analyzing insert size distribution for orientation RF...
[M::mem_pestat] (25, 50, 75) percentile: (125, 630, 3291)
[M::mem_pestat] low and high boundaries for computing mean and std.dev: (1, 9623)
[M::mem_pestat] mean and std.dev: (1820.52, 2315.64)
[M::mem_pestat] low and high boundaries for proper pairs: (1, 12789)
[M::mem_pestat] analyzing insert size distribution for orientation RR...
[M::mem_pestat] (25, 50, 75) percentile: (308, 552, 1234)
[M::mem_pestat] low and high boundaries for computing mean and std.dev: (1, 3086)
[M::mem_pestat] mean and std.dev: (731.66, 629.30)
[M::mem_pestat] low and high boundaries for proper pairs: (1, 4012)
[M::mem_pestat] skip orientation FF
[M::mem_pestat] skip orientation RF
[M::mem_pestat] skip orientation RR
[M::mem_process_seqs] Processed 1469698 reads in 467.579 CPU sec, 72.354 real sec
[M::process] read 1475628 sequences (200000195 bp)...
[M::process] read 1469048 sequences (200000044 bp)...
[M::mem_pestat] # candidate unique pairs for (FF, FR, RF, RR): (99, 557742, 151, 42)
[M::mem_pestat] analyzing insert size distribution for orientation FF...
[M::mem_pestat] (25, 50, 75) percentile: (334, 533, 1021)
[M::mem_pestat] low and high boundaries for computing mean and std.dev: (1, 2395)
[M::mem_pestat] mean and std.dev: (598.84, 396.26)
[M::mem_pestat] low and high boundaries for proper pairs: (1, 3082)
[M::mem_pestat] analyzing insert size distribution for orientation FR...
[M::mem_pestat] (25, 50, 75) percentile: (297, 397, 512)
[M::mem_pestat] low and high boundaries for computing mean and std.dev: (1, 942)
[M::mem_pestat] mean and std.dev: (412.34, 159.58)
[M::mem_pestat] low and high boundaries for proper pairs: (1, 1157)
[M::mem_pestat] analyzing insert size distribution for orientation RF...
[M::mem_pestat] (25, 50, 75) percentile: (133, 680, 3625)
[M::mem_pestat] low and high boundaries for computing mean and std.dev: (1, 10609)
[M::mem_pestat] mean and std.dev: (1977.99, 2616.76)
[M::mem_pestat] low and high boundaries for proper pairs: (1, 14101)
[M::mem_pestat] analyzing insert size distribution for orientation RR...
[M::mem_pestat] (25, 50, 75) percentile: (307, 855, 1382)
[M::mem_pestat] low and high boundaries for computing mean and std.dev: (1, 3532)
[M::mem_pestat] mean and std.dev: (868.43, 795.72)
[M::mem_pestat] low and high boundaries for proper pairs: (1, 4607)
[M::mem_pestat] skip orientation FF
[M::mem_pestat] skip orientation RF
[M::mem_pestat] skip orientation RR
[M::mem_process_seqs] Processed 1475628 reads in 466.125 CPU sec, 48.413 real sec
[M::mem_pestat] # candidate unique pairs for (FF, FR, RF, RR): (72, 559501, 127, 43)
[M::mem_pestat] analyzing insert size distribution for orientation FF...
[M::mem_pestat] (25, 50, 75) percentile: (307, 471, 687)
[M::mem_pestat] low and high boundaries for computing mean and std.dev: (1, 1447)
[M::mem_pestat] mean and std.dev: (467.78, 252.38)
[M::mem_pestat] low and high boundaries for proper pairs: (1, 1827)
[M::mem_pestat] analyzing insert size distribution for orientation FR...
[M::mem_pestat] (25, 50, 75) percentile: (305, 406, 528)
[M::mem_pestat] low and high boundaries for computing mean and std.dev: (1, 974)
[M::mem_pestat] mean and std.dev: (424.77, 167.55)
[M::mem_pestat] low and high boundaries for proper pairs: (1, 1197)
[M::mem_pestat] analyzing insert size distribution for orientation RF...
[M::mem_pestat] (25, 50, 75) percentile: (90, 604, 3239)
[M::mem_pestat] low and high boundaries for computing mean and std.dev: (1, 9537)
[M::mem_pestat] mean and std.dev: (1934.24, 2597.57)
[M::mem_pestat] low and high boundaries for proper pairs: (1, 12686)
[M::mem_pestat] analyzing insert size distribution for orientation RR...
[M::mem_pestat] (25, 50, 75) percentile: (286, 372, 1186)
[M::mem_pestat] low and high boundaries for computing mean and std.dev: (1, 2986)
[M::mem_pestat] mean and std.dev: (573.62, 517.10)
[M::mem_pestat] low and high boundaries for proper pairs: (1, 3886)
[M::mem_pestat] skip orientation FF
[M::mem_pestat] skip orientation RF
[M::mem_pestat] skip orientation RR
[M::process] read 1469736 sequences (200000042 bp)...
[M::mem_process_seqs] Processed 1469048 reads in 454.772 CPU sec, 49.222 real sec
[M::mem_pestat] # candidate unique pairs for (FF, FR, RF, RR): (83, 557923, 157, 56)
[M::mem_pestat] analyzing insert size distribution for orientation FF...
[M::mem_pestat] (25, 50, 75) percentile: (305, 442, 802)
[M::mem_pestat] low and high boundaries for computing mean and std.dev: (1, 1796)
[M::mem_pestat] mean and std.dev: (507.75, 343.92)
[M::mem_pestat] low and high boundaries for proper pairs: (1, 2293)
[M::mem_pestat] analyzing insert size distribution for orientation FR...
[M::mem_pestat] (25, 50, 75) percentile: (304, 404, 525)
[M::mem_pestat] low and high boundaries for computing mean and std.dev: (1, 967)
[M::mem_pestat] mean and std.dev: (422.96, 166.20)
[M::mem_pestat] low and high boundaries for proper pairs: (1, 1188)
[M::mem_pestat] analyzing insert size distribution for orientation RF...
[M::mem_pestat] (25, 50, 75) percentile: (103, 856, 3980)
[M::mem_pestat] low and high boundaries for computing mean and std.dev: (1, 11734)
[M::mem_pestat] mean and std.dev: (2240.11, 2630.83)
[M::mem_pestat] low and high boundaries for proper pairs: (1, 15611)
[M::mem_pestat] analyzing insert size distribution for orientation RR...
[M::mem_pestat] (25, 50, 75) percentile: (265, 399, 927)
[M::mem_pestat] low and high boundaries for computing mean and std.dev: (1, 2251)
[M::mem_pestat] mean and std.dev: (481.24, 352.80)
[M::mem_pestat] low and high boundaries for proper pairs: (1, 2913)
[M::mem_pestat] skip orientation FF
[M::mem_pestat] skip orientation RF
[M::mem_pestat] skip orientation RR
[M::process] read 1473954 sequences (200000138 bp)...
[M::mem_process_seqs] Processed 1469736 reads in 457.686 CPU sec, 49.582 real sec
[M::mem_pestat] # candidate unique pairs for (FF, FR, RF, RR): (73, 556067, 152, 49)
[M::mem_pestat] analyzing insert size distribution for orientation FF...
[M::mem_pestat] (25, 50, 75) percentile: (384, 511, 749)
[M::mem_pestat] low and high boundaries for computing mean and std.dev: (1, 1479)
[M::mem_pestat] mean and std.dev: (519.65, 229.05)
[M::mem_pestat] low and high boundaries for proper pairs: (1, 1844)
[M::mem_pestat] analyzing insert size distribution for orientation FR...
[M::mem_pestat] (25, 50, 75) percentile: (299, 398, 515)
[M::mem_pestat] low and high boundaries for computing mean and std.dev: (1, 947)
[M::mem_pestat] mean and std.dev: (414.64, 160.43)
[M::mem_pestat] low and high boundaries for proper pairs: (1, 1163)
[M::mem_pestat] analyzing insert size distribution for orientation RF...
[M::mem_pestat] (25, 50, 75) percentile: (84, 539, 2262)
[M::mem_pestat] low and high boundaries for computing mean and std.dev: (1, 6618)
[M::mem_pestat] mean and std.dev: (1179.96, 1685.15)
[M::mem_pestat] low and high boundaries for proper pairs: (1, 8796)
[M::mem_pestat] analyzing insert size distribution for orientation RR...
[M::mem_pestat] (25, 50, 75) percentile: (225, 438, 1337)
[M::mem_pestat] low and high boundaries for computing mean and std.dev: (1, 3561)
[M::mem_pestat] mean and std.dev: (676.52, 735.40)
[M::mem_pestat] low and high boundaries for proper pairs: (1, 4673)
[M::mem_pestat] skip orientation FF
[M::mem_pestat] skip orientation RF
[M::mem_pestat] skip orientation RR
[M::process] read 1474288 sequences (200000173 bp)...
[M::mem_process_seqs] Processed 1473954 reads in 464.884 CPU sec, 50.259 real sec
[M::mem_pestat] # candidate unique pairs for (FF, FR, RF, RR): (80, 559104, 130, 49)
[M::mem_pestat] analyzing insert size distribution for orientation FF...
[M::mem_pestat] (25, 50, 75) percentile: (265, 473, 890)
[M::mem_pestat] low and high boundaries for computing mean and std.dev: (1, 2140)
[M::mem_pestat] mean and std.dev: (533.74, 373.04)
[M::mem_pestat] low and high boundaries for proper pairs: (1, 2765)
[M::mem_pestat] analyzing insert size distribution for orientation FR...
[M::mem_pestat] (25, 50, 75) percentile: (300, 400, 518)
[M::mem_pestat] low and high boundaries for computing mean and std.dev: (1, 954)
[M::mem_pestat] mean and std.dev: (416.66, 162.41)
[M::mem_pestat] low and high boundaries for proper pairs: (1, 1172)
[M::mem_pestat] analyzing insert size distribution for orientation RF...
[M::mem_pestat] (25, 50, 75) percentile: (77, 665, 2919)
[M::mem_pestat] low and high boundaries for computing mean and std.dev: (1, 8603)
[M::mem_pestat] mean and std.dev: (1656.98, 2201.55)
[M::mem_pestat] low and high boundaries for proper pairs: (1, 11445)
[M::mem_pestat] analyzing insert size distribution for orientation RR...
[M::mem_pestat] (25, 50, 75) percentile: (304, 534, 1859)
[M::mem_pestat] low and high boundaries for computing mean and std.dev: (1, 4969)
[M::mem_pestat] mean and std.dev: (994.93, 1026.16)
[M::mem_pestat] low and high boundaries for proper pairs: (1, 6524)
[M::mem_pestat] skip orientation FF
[M::mem_pestat] skip orientation RF
[M::mem_pestat] skip orientation RR
[M::process] read 1468354 sequences (200000061 bp)...
[M::mem_process_seqs] Processed 1474288 reads in 458.970 CPU sec, 49.734 real sec
[M::mem_pestat] # candidate unique pairs for (FF, FR, RF, RR): (91, 558416, 136, 49)
[M::mem_pestat] analyzing insert size distribution for orientation FF...
[M::mem_pestat] (25, 50, 75) percentile: (362, 536, 799)
[M::mem_pestat] low and high boundaries for computing mean and std.dev: (1, 1673)
[M::mem_pestat] mean and std.dev: (599.31, 385.84)
[M::mem_pestat] low and high boundaries for proper pairs: (1, 2143)
[M::mem_pestat] analyzing insert size distribution for orientation FR...
[M::mem_pestat] (25, 50, 75) percentile: (304, 406, 528)
[M::mem_pestat] low and high boundaries for computing mean and std.dev: (1, 976)
[M::mem_pestat] mean and std.dev: (424.78, 168.37)
[M::mem_pestat] low and high boundaries for proper pairs: (1, 1200)
[M::mem_pestat] analyzing insert size distribution for orientation RF...
[M::mem_pestat] (25, 50, 75) percentile: (116, 658, 4078)
[M::mem_pestat] low and high boundaries for computing mean and std.dev: (1, 12002)
[M::mem_pestat] mean and std.dev: (2315.68, 2877.36)
[M::mem_pestat] low and high boundaries for proper pairs: (1, 15964)
[M::mem_pestat] analyzing insert size distribution for orientation RR...
[M::mem_pestat] (25, 50, 75) percentile: (253, 461, 1131)
[M::mem_pestat] low and high boundaries for computing mean and std.dev: (1, 2887)
[M::mem_pestat] mean and std.dev: (554.93, 438.82)
[M::mem_pestat] low and high boundaries for proper pairs: (1, 3765)
[M::mem_pestat] skip orientation FF
[M::mem_pestat] skip orientation RF
[M::mem_pestat] skip orientation RR
[M::process] read 1469808 sequences (200000205 bp)...
[M::mem_process_seqs] Processed 1468354 reads in 456.375 CPU sec, 49.438 real sec
[M::mem_pestat] # candidate unique pairs for (FF, FR, RF, RR): (76, 557931, 128, 49)
[M::mem_pestat] analyzing insert size distribution for orientation FF...
[M::mem_pestat] (25, 50, 75) percentile: (397, 630, 1179)
[M::mem_pestat] low and high boundaries for computing mean and std.dev: (1, 2743)
[M::mem_pestat] mean and std.dev: (724.06, 507.55)
[M::mem_pestat] low and high boundaries for proper pairs: (1, 3525)
[M::mem_pestat] analyzing insert size distribution for orientation FR...
[M::mem_pestat] (25, 50, 75) percentile: (302, 403, 523)
[M::mem_pestat] low and high boundaries for computing mean and std.dev: (1, 965)
[M::mem_pestat] mean and std.dev: (421.04, 165.81)
[M::mem_pestat] low and high boundaries for proper pairs: (1, 1186)
[M::mem_pestat] analyzing insert size distribution for orientation RF...
[M::mem_pestat] (25, 50, 75) percentile: (81, 412, 2431)
[M::mem_pestat] low and high boundaries for computing mean and std.dev: (1, 7131)
[M::mem_pestat] mean and std.dev: (1231.60, 1800.08)
[M::mem_pestat] low and high boundaries for proper pairs: (1, 9481)
[M::mem_pestat] analyzing insert size distribution for orientation RR...
[M::mem_pestat] (25, 50, 75) percentile: (320, 574, 1115)
[M::mem_pestat] low and high boundaries for computing mean and std.dev: (1, 2705)
[M::mem_pestat] mean and std.dev: (666.11, 564.40)
[M::mem_pestat] low and high boundaries for proper pairs: (1, 3500)
[M::mem_pestat] skip orientation FF
[M::mem_pestat] skip orientation RF
[M::mem_pestat] skip orientation RR
[M::process] read 1477336 sequences (200000111 bp)...
[M::mem_process_seqs] Processed 1469808 reads in 457.798 CPU sec, 49.496 real sec
[M::mem_pestat] # candidate unique pairs for (FF, FR, RF, RR): (87, 555795, 149, 51)
[M::mem_pestat] analyzing insert size distribution for orientation FF...
[M::mem_pestat] (25, 50, 75) percentile: (308, 446, 780)
[M::mem_pestat] low and high boundaries for computing mean and std.dev: (1, 1724)
[M::mem_pestat] mean and std.dev: (472.18, 253.03)
[M::mem_pestat] low and high boundaries for proper pairs: (1, 2196)
[M::mem_pestat] analyzing insert size distribution for orientation FR...
[M::mem_pestat] (25, 50, 75) percentile: (295, 394, 508)
[M::mem_pestat] low and high boundaries for computing mean and std.dev: (1, 934)
[M::mem_pestat] mean and std.dev: (408.75, 157.19)
[M::mem_pestat] low and high boundaries for proper pairs: (1, 1147)
[M::mem_pestat] analyzing insert size distribution for orientation RF...
[M::mem_pestat] (25, 50, 75) percentile: (143, 725, 3439)
[M::mem_pestat] low and high boundaries for computing mean and std.dev: (1, 10031)
[M::mem_pestat] mean and std.dev: (2081.50, 2686.24)
[M::mem_pestat] low and high boundaries for proper pairs: (1, 13327)
[M::mem_pestat] analyzing insert size distribution for orientation RR...
[M::mem_pestat] (25, 50, 75) percentile: (369, 564, 1216)
[M::mem_pestat] low and high boundaries for computing mean and std.dev: (1, 2910)
[M::mem_pestat] mean and std.dev: (738.30, 617.23)
[M::mem_pestat] low and high boundaries for proper pairs: (1, 3757)
[M::mem_pestat] skip orientation FF
[M::mem_pestat] skip orientation RF
[M::mem_pestat] skip orientation RR
[M::process] read 1469676 sequences (200000279 bp)...
[M::mem_process_seqs] Processed 1477336 reads in 470.772 CPU sec, 50.848 real sec
[M::mem_pestat] # candidate unique pairs for (FF, FR, RF, RR): (68, 559400, 128, 47)
[M::mem_pestat] analyzing insert size distribution for orientation FF...
[M::mem_pestat] (25, 50, 75) percentile: (301, 436, 701)
[M::mem_pestat] low and high boundaries for computing mean and std.dev: (1, 1501)
[M::mem_pestat] mean and std.dev: (475.23, 287.74)
[M::mem_pestat] low and high boundaries for proper pairs: (1, 1901)
[M::mem_pestat] analyzing insert size distribution for orientation FR...
[M::mem_pestat] (25, 50, 75) percentile: (302, 402, 524)
[M::mem_pestat] low and high boundaries for computing mean and std.dev: (1, 968)
[M::mem_pestat] mean and std.dev: (421.18, 166.45)
[M::mem_pestat] low and high boundaries for proper pairs: (1, 1190)
[M::mem_pestat] analyzing insert size distribution for orientation RF...
[M::mem_pestat] (25, 50, 75) percentile: (169, 735, 3908)
[M::mem_pestat] low and high boundaries for computing mean and std.dev: (1, 11386)
[M::mem_pestat] mean and std.dev: (2134.70, 2574.38)
[M::mem_pestat] low and high boundaries for proper pairs: (1, 15125)
[M::mem_pestat] analyzing insert size distribution for orientation RR...
[M::mem_pestat] (25, 50, 75) percentile: (257, 457, 1255)
[M::mem_pestat] low and high boundaries for computing mean and std.dev: (1, 3251)
[M::mem_pestat] mean and std.dev: (757.09, 714.34)
[M::mem_pestat] low and high boundaries for proper pairs: (1, 4249)
[M::mem_pestat] skip orientation FF
[M::mem_pestat] skip orientation RF
[M::mem_pestat] skip orientation RR
[M::mem_process_seqs] Processed 1469676 reads in 469.866 CPU sec, 78.146 real sec
[M::process] read 1469416 sequences (200000088 bp)...
[M::process] read 1471528 sequences (200000185 bp)...
[M::mem_pestat] # candidate unique pairs for (FF, FR, RF, RR): (78, 559059, 152, 61)
[M::mem_pestat] analyzing insert size distribution for orientation FF...
[M::mem_pestat] (25, 50, 75) percentile: (303, 514, 731)
[M::mem_pestat] low and high boundaries for computing mean and std.dev: (1, 1587)
[M::mem_pestat] mean and std.dev: (520.58, 336.93)
[M::mem_pestat] low and high boundaries for proper pairs: (1, 2015)
[M::mem_pestat] analyzing insert size distribution for orientation FR...
[M::mem_pestat] (25, 50, 75) percentile: (303, 403, 525)
[M::mem_pestat] low and high boundaries for computing mean and std.dev: (1, 969)
[M::mem_pestat] mean and std.dev: (422.34, 166.70)
[M::mem_pestat] low and high boundaries for proper pairs: (1, 1191)
[M::mem_pestat] analyzing insert size distribution for orientation RF...
[M::mem_pestat] (25, 50, 75) percentile: (185, 1224, 4417)
[M::mem_pestat] low and high boundaries for computing mean and std.dev: (1, 12881)
[M::mem_pestat] mean and std.dev: (2424.34, 2534.08)
[M::mem_pestat] low and high boundaries for proper pairs: (1, 17113)
[M::mem_pestat] analyzing insert size distribution for orientation RR...
[M::mem_pestat] (25, 50, 75) percentile: (230, 442, 1215)
[M::mem_pestat] low and high boundaries for computing mean and std.dev: (1, 3185)
[M::mem_pestat] mean and std.dev: (573.35, 476.68)
[M::mem_pestat] low and high boundaries for proper pairs: (1, 4170)
[M::mem_pestat] skip orientation FF
[M::mem_pestat] skip orientation RF
[M::mem_pestat] skip orientation RR
[M::mem_process_seqs] Processed 1469416 reads in 455.435 CPU sec, 48.432 real sec
[M::mem_pestat] # candidate unique pairs for (FF, FR, RF, RR): (98, 556449, 144, 51)
[M::mem_pestat] analyzing insert size distribution for orientation FF...
[M::mem_pestat] (25, 50, 75) percentile: (350, 508, 888)
[M::mem_pestat] low and high boundaries for computing mean and std.dev: (1, 1964)
[M::mem_pestat] mean and std.dev: (609.67, 399.08)
[M::mem_pestat] low and high boundaries for proper pairs: (1, 2502)
[M::mem_pestat] analyzing insert size distribution for orientation FR...
[M::mem_pestat] (25, 50, 75) percentile: (300, 400, 518)
[M::mem_pestat] low and high boundaries for computing mean and std.dev: (1, 954)
[M::mem_pestat] mean and std.dev: (416.87, 162.73)
[M::mem_pestat] low and high boundaries for proper pairs: (1, 1172)
[M::mem_pestat] analyzing insert size distribution for orientation RF...
[M::mem_pestat] (25, 50, 75) percentile: (75, 589, 2908)
[M::mem_pestat] low and high boundaries for computing mean and std.dev: (1, 8574)
[M::mem_pestat] mean and std.dev: (1478.19, 2020.31)
[M::mem_pestat] low and high boundaries for proper pairs: (1, 11407)
[M::mem_pestat] analyzing insert size distribution for orientation RR...
[M::mem_pestat] (25, 50, 75) percentile: (432, 710, 1355)
[M::mem_pestat] low and high boundaries for computing mean and std.dev: (1, 3201)
[M::mem_pestat] mean and std.dev: (773.32, 595.40)
[M::mem_pestat] low and high boundaries for proper pairs: (1, 4124)
[M::mem_pestat] skip orientation FF
[M::mem_pestat] skip orientation RF
[M::mem_pestat] skip orientation RR
[M::process] read 1477386 sequences (200000045 bp)...
[M::mem_process_seqs] Processed 1471528 reads in 462.441 CPU sec, 49.952 real sec
[M::mem_pestat] # candidate unique pairs for (FF, FR, RF, RR): (91, 558177, 123, 47)
[M::mem_pestat] analyzing insert size distribution for orientation FF...
[M::mem_pestat] (25, 50, 75) percentile: (333, 477, 957)
[M::mem_pestat] low and high boundaries for computing mean and std.dev: (1, 2205)
[M::mem_pestat] mean and std.dev: (564.33, 387.50)
[M::mem_pestat] low and high boundaries for proper pairs: (1, 2829)
[M::mem_pestat] analyzing insert size distribution for orientation FR...
[M::mem_pestat] (25, 50, 75) percentile: (295, 392, 505)
[M::mem_pestat] low and high boundaries for computing mean and std.dev: (1, 925)
[M::mem_pestat] mean and std.dev: (407.01, 155.90)
[M::mem_pestat] low and high boundaries for proper pairs: (1, 1135)
[M::mem_pestat] analyzing insert size distribution for orientation RF...
[M::mem_pestat] (25, 50, 75) percentile: (116, 757, 4060)
[M::mem_pestat] low and high boundaries for computing mean and std.dev: (1, 11948)
[M::mem_pestat] mean and std.dev: (2150.63, 2684.21)
[M::mem_pestat] low and high boundaries for proper pairs: (1, 15892)
[M::mem_pestat] analyzing insert size distribution for orientation RR...
[M::mem_pestat] (25, 50, 75) percentile: (283, 493, 1046)
[M::mem_pestat] low and high boundaries for computing mean and std.dev: (1, 2572)
[M::mem_pestat] mean and std.dev: (526.75, 391.89)
[M::mem_pestat] low and high boundaries for proper pairs: (1, 3335)
[M::mem_pestat] skip orientation FF
[M::mem_pestat] skip orientation RF
[M::mem_pestat] skip orientation RR
[M::process] read 1472130 sequences (200000168 bp)...
[M::mem_process_seqs] Processed 1477386 reads in 461.812 CPU sec, 49.999 real sec
[M::mem_pestat] # candidate unique pairs for (FF, FR, RF, RR): (103, 559702, 155, 53)
[M::mem_pestat] analyzing insert size distribution for orientation FF...
[M::mem_pestat] (25, 50, 75) percentile: (410, 605, 796)
[M::mem_pestat] low and high boundaries for computing mean and std.dev: (1, 1568)
[M::mem_pestat] mean and std.dev: (594.53, 273.53)
[M::mem_pestat] low and high boundaries for proper pairs: (1, 1954)
[M::mem_pestat] analyzing insert size distribution for orientation FR...
[M::mem_pestat] (25, 50, 75) percentile: (300, 399, 519)
[M::mem_pestat] low and high boundaries for computing mean and std.dev: (1, 957)
[M::mem_pestat] mean and std.dev: (417.87, 164.40)
[M::mem_pestat] low and high boundaries for proper pairs: (1, 1176)
[M::mem_pestat] analyzing insert size distribution for orientation RF...
[M::mem_pestat] (25, 50, 75) percentile: (47, 420, 2885)
[M::mem_pestat] low and high boundaries for computing mean and std.dev: (1, 8561)
[M::mem_pestat] mean and std.dev: (1338.46, 1926.73)
[M::mem_pestat] low and high boundaries for proper pairs: (1, 11399)
[M::mem_pestat] analyzing insert size distribution for orientation RR...
[M::mem_pestat] (25, 50, 75) percentile: (340, 518, 1114)
[M::mem_pestat] low and high boundaries for computing mean and std.dev: (1, 2662)
[M::mem_pestat] mean and std.dev: (677.92, 525.01)
[M::mem_pestat] low and high boundaries for proper pairs: (1, 3436)
[M::mem_pestat] skip orientation FF
[M::mem_pestat] skip orientation RF
[M::mem_pestat] skip orientation RR
[M::process] read 1471886 sequences (200000245 bp)...
[M::mem_process_seqs] Processed 1472130 reads in 456.289 CPU sec, 49.393 real sec
[M::mem_pestat] # candidate unique pairs for (FF, FR, RF, RR): (91, 557262, 147, 46)
[M::mem_pestat] analyzing insert size distribution for orientation FF...
[M::mem_pestat] (25, 50, 75) percentile: (313, 510, 727)
[M::mem_pestat] low and high boundaries for computing mean and std.dev: (1, 1555)
[M::mem_pestat] mean and std.dev: (484.18, 239.08)
[M::mem_pestat] low and high boundaries for proper pairs: (1, 1969)
[M::mem_pestat] analyzing insert size distribution for orientation FR...
[M::mem_pestat] (25, 50, 75) percentile: (301, 401, 520)
[M::mem_pestat] low and high boundaries for computing mean and std.dev: (1, 958)
[M::mem_pestat] mean and std.dev: (418.80, 164.23)
[M::mem_pestat] low and high boundaries for proper pairs: (1, 1177)
[M::mem_pestat] analyzing insert size distribution for orientation RF...
[M::mem_pestat] (25, 50, 75) percentile: (143, 667, 2962)
[M::mem_pestat] low and high boundaries for computing mean and std.dev: (1, 8600)
[M::mem_pestat] mean and std.dev: (1726.44, 2202.00)
[M::mem_pestat] low and high boundaries for proper pairs: (1, 11419)
[M::mem_pestat] analyzing insert size distribution for orientation RR...
[M::mem_pestat] (25, 50, 75) percentile: (260, 709, 2113)
[M::mem_pestat] low and high boundaries for computing mean and std.dev: (1, 5819)
[M::mem_pestat] mean and std.dev: (1178.49, 1396.27)
[M::mem_pestat] low and high boundaries for proper pairs: (1, 7672)
[M::mem_pestat] skip orientation FF
[M::mem_pestat] skip orientation RF
[M::mem_pestat] skip orientation RR
[M::process] read 1476694 sequences (200000149 bp)...
[M::mem_process_seqs] Processed 1471886 reads in 460.788 CPU sec, 49.918 real sec
[M::mem_pestat] # candidate unique pairs for (FF, FR, RF, RR): (81, 557066, 151, 41)
[M::mem_pestat] analyzing insert size distribution for orientation FF...
[M::mem_pestat] (25, 50, 75) percentile: (323, 448, 750)
[M::mem_pestat] low and high boundaries for computing mean and std.dev: (1, 1604)
[M::mem_pestat] mean and std.dev: (498.08, 294.33)
[M::mem_pestat] low and high boundaries for proper pairs: (1, 2031)
[M::mem_pestat] analyzing insert size distribution for orientation FR...
[M::mem_pestat] (25, 50, 75) percentile: (296, 395, 509)
[M::mem_pestat] low and high boundaries for computing mean and std.dev: (1, 935)
[M::mem_pestat] mean and std.dev: (410.43, 157.97)
[M::mem_pestat] low and high boundaries for proper pairs: (1, 1148)
[M::mem_pestat] analyzing insert size distribution for orientation RF...
[M::mem_pestat] (25, 50, 75) percentile: (128, 748, 3872)
[M::mem_pestat] low and high boundaries for computing mean and std.dev: (1, 11360)
[M::mem_pestat] mean and std.dev: (2096.23, 2662.42)
[M::mem_pestat] low and high boundaries for proper pairs: (1, 15104)
[M::mem_pestat] analyzing insert size distribution for orientation RR...
[M::mem_pestat] (25, 50, 75) percentile: (236, 431, 1258)
[M::mem_pestat] low and high boundaries for computing mean and std.dev: (1, 3302)
[M::mem_pestat] mean and std.dev: (589.94, 651.50)
[M::mem_pestat] low and high boundaries for proper pairs: (1, 4324)
[M::mem_pestat] skip orientation FF
[M::mem_pestat] skip orientation RF
[M::mem_pestat] skip orientation RR
[M::process] read 1478402 sequences (200000026 bp)...
[M::mem_process_seqs] Processed 1476694 reads in 465.678 CPU sec, 50.349 real sec
[M::mem_pestat] # candidate unique pairs for (FF, FR, RF, RR): (96, 559958, 149, 49)
[M::mem_pestat] analyzing insert size distribution for orientation FF...
[M::mem_pestat] (25, 50, 75) percentile: (335, 543, 855)
[M::mem_pestat] low and high boundaries for computing mean and std.dev: (1, 1895)
[M::mem_pestat] mean and std.dev: (568.58, 351.40)
[M::mem_pestat] low and high boundaries for proper pairs: (1, 2415)
[M::mem_pestat] analyzing insert size distribution for orientation FR...
[M::mem_pestat] (25, 50, 75) percentile: (293, 390, 503)
[M::mem_pestat] low and high boundaries for computing mean and std.dev: (1, 923)
[M::mem_pestat] mean and std.dev: (405.47, 156.42)
[M::mem_pestat] low and high boundaries for proper pairs: (1, 1133)
[M::mem_pestat] analyzing insert size distribution for orientation RF...
[M::mem_pestat] (25, 50, 75) percentile: (83, 536, 1756)
[M::mem_pestat] low and high boundaries for computing mean and std.dev: (1, 5102)
[M::mem_pestat] mean and std.dev: (828.45, 1101.72)
[M::mem_pestat] low and high boundaries for proper pairs: (1, 6775)
[M::mem_pestat] analyzing insert size distribution for orientation RR...
[M::mem_pestat] (25, 50, 75) percentile: (199, 544, 1324)
[M::mem_pestat] low and high boundaries for computing mean and std.dev: (1, 3574)
[M::mem_pestat] mean and std.dev: (654.50, 634.42)
[M::mem_pestat] low and high boundaries for proper pairs: (1, 4699)
[M::mem_pestat] skip orientation FF
[M::mem_pestat] skip orientation RF
[M::mem_pestat] skip orientation RR
[M::process] read 1473596 sequences (200000123 bp)...
[M::mem_process_seqs] Processed 1478402 reads in 459.230 CPU sec, 49.758 real sec
[M::mem_pestat] # candidate unique pairs for (FF, FR, RF, RR): (95, 559503, 161, 48)
[M::mem_pestat] analyzing insert size distribution for orientation FF...
[M::mem_pestat] (25, 50, 75) percentile: (387, 557, 785)
[M::mem_pestat] low and high boundaries for computing mean and std.dev: (1, 1581)
[M::mem_pestat] mean and std.dev: (585.57, 299.61)
[M::mem_pestat] low and high boundaries for proper pairs: (1, 1979)
[M::mem_pestat] analyzing insert size distribution for orientation FR...
[M::mem_pestat] (25, 50, 75) percentile: (296, 394, 510)
[M::mem_pestat] low and high boundaries for computing mean and std.dev: (1, 938)
[M::mem_pestat] mean and std.dev: (411.36, 160.30)
[M::mem_pestat] low and high boundaries for proper pairs: (1, 1152)
[M::mem_pestat] analyzing insert size distribution for orientation RF...
[M::mem_pestat] (25, 50, 75) percentile: (79, 583, 3931)
[M::mem_pestat] low and high boundaries for computing mean and std.dev: (1, 11635)
[M::mem_pestat] mean and std.dev: (1996.55, 2586.32)
[M::mem_pestat] low and high boundaries for proper pairs: (1, 15487)
[M::mem_pestat] analyzing insert size distribution for orientation RR...
[M::mem_pestat] (25, 50, 75) percentile: (330, 660, 1224)
[M::mem_pestat] low and high boundaries for computing mean and std.dev: (1, 3012)
[M::mem_pestat] mean and std.dev: (710.28, 544.90)
[M::mem_pestat] low and high boundaries for proper pairs: (1, 3906)
[M::mem_pestat] skip orientation FF
[M::mem_pestat] skip orientation RF
[M::mem_pestat] skip orientation RR
[M::mem_process_seqs] Processed 1473596 reads in 469.251 CPU sec, 77.302 real sec
[M::process] read 1475276 sequences (200000203 bp)...
[M::process] read 1482028 sequences (200000050 bp)...
[M::mem_pestat] # candidate unique pairs for (FF, FR, RF, RR): (67, 558427, 139, 46)
[M::mem_pestat] analyzing insert size distribution for orientation FF...
[M::mem_pestat] (25, 50, 75) percentile: (285, 460, 954)
[M::mem_pestat] low and high boundaries for computing mean and std.dev: (1, 2292)
[M::mem_pestat] mean and std.dev: (587.10, 499.77)
[M::mem_pestat] low and high boundaries for proper pairs: (1, 2961)
[M::mem_pestat] analyzing insert size distribution for orientation FR...
[M::mem_pestat] (25, 50, 75) percentile: (297, 395, 511)
[M::mem_pestat] low and high boundaries for computing mean and std.dev: (1, 939)
[M::mem_pestat] mean and std.dev: (411.86, 159.45)
[M::mem_pestat] low and high boundaries for proper pairs: (1, 1153)
[M::mem_pestat] analyzing insert size distribution for orientation RF...
[M::mem_pestat] (25, 50, 75) percentile: (83, 396, 2320)
[M::mem_pestat] low and high boundaries for computing mean and std.dev: (1, 6794)
[M::mem_pestat] mean and std.dev: (1154.47, 1662.64)
[M::mem_pestat] low and high boundaries for proper pairs: (1, 9031)
[M::mem_pestat] analyzing insert size distribution for orientation RR...
[M::mem_pestat] (25, 50, 75) percentile: (218, 414, 1352)
[M::mem_pestat] low and high boundaries for computing mean and std.dev: (1, 3620)
[M::mem_pestat] mean and std.dev: (748.93, 911.56)
[M::mem_pestat] low and high boundaries for proper pairs: (1, 4754)
[M::mem_pestat] skip orientation FF
[M::mem_pestat] skip orientation RF
[M::mem_pestat] skip orientation RR
[M::mem_process_seqs] Processed 1475276 reads in 461.055 CPU sec, 48.225 real sec
[M::mem_pestat] # candidate unique pairs for (FF, FR, RF, RR): (86, 559382, 132, 61)
[M::mem_pestat] analyzing insert size distribution for orientation FF...
[M::mem_pestat] (25, 50, 75) percentile: (320, 527, 848)
[M::mem_pestat] low and high boundaries for computing mean and std.dev: (1, 1904)
[M::mem_pestat] mean and std.dev: (553.83, 364.39)
[M::mem_pestat] low and high boundaries for proper pairs: (1, 2432)
[M::mem_pestat] analyzing insert size distribution for orientation FR...
[M::mem_pestat] (25, 50, 75) percentile: (295, 392, 505)
[M::mem_pestat] low and high boundaries for computing mean and std.dev: (1, 925)
[M::mem_pestat] mean and std.dev: (407.20, 155.75)
[M::mem_pestat] low and high boundaries for proper pairs: (1, 1135)
[M::mem_pestat] analyzing insert size distribution for orientation RF...
[M::mem_pestat] (25, 50, 75) percentile: (145, 559, 2852)
[M::mem_pestat] low and high boundaries for computing mean and std.dev: (1, 8266)
[M::mem_pestat] mean and std.dev: (1515.19, 2040.82)
[M::mem_pestat] low and high boundaries for proper pairs: (1, 10973)
[M::mem_pestat] analyzing insert size distribution for orientation RR...
[M::mem_pestat] (25, 50, 75) percentile: (236, 388, 1090)
[M::mem_pestat] low and high boundaries for computing mean and std.dev: (1, 2798)
[M::mem_pestat] mean and std.dev: (594.39, 489.83)
[M::mem_pestat] low and high boundaries for proper pairs: (1, 3652)
[M::mem_pestat] skip orientation FF
[M::mem_pestat] skip orientation RF
[M::mem_pestat] skip orientation RR
[M::process] read 1473192 sequences (200000176 bp)...
[M::mem_process_seqs] Processed 1482028 reads in 464.523 CPU sec, 50.228 real sec
[M::mem_pestat] # candidate unique pairs for (FF, FR, RF, RR): (99, 560125, 152, 48)
[M::mem_pestat] analyzing insert size distribution for orientation FF...
[M::mem_pestat] (25, 50, 75) percentile: (319, 505, 735)
[M::mem_pestat] low and high boundaries for computing mean and std.dev: (1, 1567)
[M::mem_pestat] mean and std.dev: (505.24, 298.62)
[M::mem_pestat] low and high boundaries for proper pairs: (1, 1983)
[M::mem_pestat] analyzing insert size distribution for orientation FR...
[M::mem_pestat] (25, 50, 75) percentile: (304, 405, 528)
[M::mem_pestat] low and high boundaries for computing mean and std.dev: (1, 976)
[M::mem_pestat] mean and std.dev: (424.49, 168.78)
[M::mem_pestat] low and high boundaries for proper pairs: (1, 1200)
[M::mem_pestat] analyzing insert size distribution for orientation RF...
[M::mem_pestat] (25, 50, 75) percentile: (72, 701, 3622)
[M::mem_pestat] low and high boundaries for computing mean and std.dev: (1, 10722)
[M::mem_pestat] mean and std.dev: (2075.58, 2733.88)
[M::mem_pestat] low and high boundaries for proper pairs: (1, 14272)
[M::mem_pestat] analyzing insert size distribution for orientation RR...
[M::mem_pestat] (25, 50, 75) percentile: (286, 453, 1111)
[M::mem_pestat] low and high boundaries for computing mean and std.dev: (1, 2761)
[M::mem_pestat] mean and std.dev: (602.16, 465.70)
[M::mem_pestat] low and high boundaries for proper pairs: (1, 3586)
[M::mem_pestat] skip orientation FF
[M::mem_pestat] skip orientation RF
[M::mem_pestat] skip orientation RR
[M::process] read 1472718 sequences (200000208 bp)...
[M::mem_process_seqs] Processed 1473192 reads in 457.506 CPU sec, 49.575 real sec
[M::mem_pestat] # candidate unique pairs for (FF, FR, RF, RR): (78, 558950, 133, 57)
[M::mem_pestat] analyzing insert size distribution for orientation FF...
[M::mem_pestat] (25, 50, 75) percentile: (314, 502, 712)
[M::mem_pestat] low and high boundaries for computing mean and std.dev: (1, 1508)
[M::mem_pestat] mean and std.dev: (509.94, 263.56)
[M::mem_pestat] low and high boundaries for proper pairs: (1, 1906)
[M::mem_pestat] analyzing insert size distribution for orientation FR...
[M::mem_pestat] (25, 50, 75) percentile: (305, 407, 531)
[M::mem_pestat] low and high boundaries for computing mean and std.dev: (1, 983)
[M::mem_pestat] mean and std.dev: (426.39, 170.48)
[M::mem_pestat] low and high boundaries for proper pairs: (1, 1209)
[M::mem_pestat] analyzing insert size distribution for orientation RF...
[M::mem_pestat] (25, 50, 75) percentile: (87, 589, 3183)
[M::mem_pestat] low and high boundaries for computing mean and std.dev: (1, 9375)
[M::mem_pestat] mean and std.dev: (1786.04, 2298.49)
[M::mem_pestat] low and high boundaries for proper pairs: (1, 12471)
[M::mem_pestat] analyzing insert size distribution for orientation RR...
[M::mem_pestat] (25, 50, 75) percentile: (374, 485, 1291)
[M::mem_pestat] low and high boundaries for computing mean and std.dev: (1, 3125)
[M::mem_pestat] mean and std.dev: (777.78, 641.86)
[M::mem_pestat] low and high boundaries for proper pairs: (1, 4042)
[M::mem_pestat] skip orientation FF
[M::mem_pestat] skip orientation RF
[M::mem_pestat] skip orientation RR
[M::mem_process_seqs] Processed 1472718 reads in 471.697 CPU sec, 74.134 real sec
[M::process] read 1473168 sequences (200000279 bp)...
[M::process] read 1476270 sequences (200000183 bp)...
[M::mem_pestat] # candidate unique pairs for (FF, FR, RF, RR): (85, 557598, 148, 39)
[M::mem_pestat] analyzing insert size distribution for orientation FF...
[M::mem_pestat] (25, 50, 75) percentile: (307, 498, 752)
[M::mem_pestat] low and high boundaries for computing mean and std.dev: (1, 1642)
[M::mem_pestat] mean and std.dev: (512.04, 265.48)
[M::mem_pestat] low and high boundaries for proper pairs: (1, 2087)
[M::mem_pestat] analyzing insert size distribution for orientation FR...
[M::mem_pestat] (25, 50, 75) percentile: (302, 404, 528)
[M::mem_pestat] low and high boundaries for computing mean and std.dev: (1, 980)
[M::mem_pestat] mean and std.dev: (423.66, 168.79)
[M::mem_pestat] low and high boundaries for proper pairs: (1, 1206)
[M::mem_pestat] analyzing insert size distribution for orientation RF...
[M::mem_pestat] (25, 50, 75) percentile: (96, 656, 2762)
[M::mem_pestat] low and high boundaries for computing mean and std.dev: (1, 8094)
[M::mem_pestat] mean and std.dev: (1606.18, 2147.23)
[M::mem_pestat] low and high boundaries for proper pairs: (1, 10760)
[M::mem_pestat] analyzing insert size distribution for orientation RR...
[M::mem_pestat] (25, 50, 75) percentile: (289, 633, 1598)
[M::mem_pestat] low and high boundaries for computing mean and std.dev: (1, 4216)
[M::mem_pestat] mean and std.dev: (982.19, 963.37)
[M::mem_pestat] low and high boundaries for proper pairs: (1, 5525)
[M::mem_pestat] skip orientation FF
[M::mem_pestat] skip orientation RF
[M::mem_pestat] skip orientation RR
[M::mem_process_seqs] Processed 1473168 reads in 460.875 CPU sec, 48.542 real sec
[M::mem_pestat] # candidate unique pairs for (FF, FR, RF, RR): (89, 559219, 140, 49)
[M::mem_pestat] analyzing insert size distribution for orientation FF...
[M::mem_pestat] (25, 50, 75) percentile: (326, 518, 738)
[M::mem_pestat] low and high boundaries for computing mean and std.dev: (1, 1562)
[M::mem_pestat] mean and std.dev: (525.37, 271.79)
[M::mem_pestat] low and high boundaries for proper pairs: (1, 1974)
[M::mem_pestat] analyzing insert size distribution for orientation FR...
[M::mem_pestat] (25, 50, 75) percentile: (303, 404, 525)
[M::mem_pestat] low and high boundaries for computing mean and std.dev: (1, 969)
[M::mem_pestat] mean and std.dev: (422.12, 166.61)
[M::mem_pestat] low and high boundaries for proper pairs: (1, 1191)
[M::mem_pestat] analyzing insert size distribution for orientation RF...
[M::mem_pestat] (25, 50, 75) percentile: (82, 681, 3244)
[M::mem_pestat] low and high boundaries for computing mean and std.dev: (1, 9568)
[M::mem_pestat] mean and std.dev: (1797.66, 2353.60)
[M::mem_pestat] low and high boundaries for proper pairs: (1, 12730)
[M::mem_pestat] analyzing insert size distribution for orientation RR...
[M::mem_pestat] (25, 50, 75) percentile: (307, 593, 1019)
[M::mem_pestat] low and high boundaries for computing mean and std.dev: (1, 2443)
[M::mem_pestat] mean and std.dev: (649.69, 513.95)
[M::mem_pestat] low and high boundaries for proper pairs: (1, 3155)
[M::mem_pestat] skip orientation FF
[M::mem_pestat] skip orientation RF
[M::mem_pestat] skip orientation RR
[M::process] read 1472448 sequences (200000036 bp)...
[M::mem_process_seqs] Processed 1476270 reads in 461.182 CPU sec, 49.944 real sec
[M::mem_pestat] # candidate unique pairs for (FF, FR, RF, RR): (92, 560083, 161, 33)
[M::mem_pestat] analyzing insert size distribution for orientation FF...
[M::mem_pestat] (25, 50, 75) percentile: (322, 534, 908)
[M::mem_pestat] low and high boundaries for computing mean and std.dev: (1, 2080)
[M::mem_pestat] mean and std.dev: (598.94, 442.49)
[M::mem_pestat] low and high boundaries for proper pairs: (1, 2666)
[M::mem_pestat] analyzing insert size distribution for orientation FR...
[M::mem_pestat] (25, 50, 75) percentile: (307, 409, 535)
[M::mem_pestat] low and high boundaries for computing mean and std.dev: (1, 991)
[M::mem_pestat] mean and std.dev: (429.41, 171.54)
[M::mem_pestat] low and high boundaries for proper pairs: (1, 1219)
[M::mem_pestat] analyzing insert size distribution for orientation RF...
[M::mem_pestat] (25, 50, 75) percentile: (121, 645, 2235)
[M::mem_pestat] low and high boundaries for computing mean and std.dev: (1, 6463)
[M::mem_pestat] mean and std.dev: (1264.24, 1637.45)
[M::mem_pestat] low and high boundaries for proper pairs: (1, 8577)
[M::mem_pestat] analyzing insert size distribution for orientation RR...
[M::mem_pestat] (25, 50, 75) percentile: (250, 393, 725)
[M::mem_pestat] low and high boundaries for computing mean and std.dev: (1, 1675)
[M::mem_pestat] mean and std.dev: (497.06, 355.63)
[M::mem_pestat] low and high boundaries for proper pairs: (1, 2150)
[M::mem_pestat] skip orientation FF
[M::mem_pestat] skip orientation RF
[M::mem_pestat] skip orientation RR
[M::process] read 1474874 sequences (200000101 bp)...
[M::mem_process_seqs] Processed 1472448 reads in 458.983 CPU sec, 49.718 real sec
[M::mem_pestat] # candidate unique pairs for (FF, FR, RF, RR): (75, 558951, 134, 49)
[M::mem_pestat] analyzing insert size distribution for orientation FF...
[M::mem_pestat] (25, 50, 75) percentile: (332, 565, 809)
[M::mem_pestat] low and high boundaries for computing mean and std.dev: (1, 1763)
[M::mem_pestat] mean and std.dev: (559.84, 295.27)
[M::mem_pestat] low and high boundaries for proper pairs: (1, 2240)
[M::mem_pestat] analyzing insert size distribution for orientation FR...
[M::mem_pestat] (25, 50, 75) percentile: (306, 408, 533)
[M::mem_pestat] low and high boundaries for computing mean and std.dev: (1, 987)
[M::mem_pestat] mean and std.dev: (428.09, 170.59)
[M::mem_pestat] low and high boundaries for proper pairs: (1, 1214)
[M::mem_pestat] analyzing insert size distribution for orientation RF...
[M::mem_pestat] (25, 50, 75) percentile: (168, 549, 1817)
[M::mem_pestat] low and high boundaries for computing mean and std.dev: (1, 5115)
[M::mem_pestat] mean and std.dev: (871.02, 1190.13)
[M::mem_pestat] low and high boundaries for proper pairs: (1, 6764)
[M::mem_pestat] analyzing insert size distribution for orientation RR...
[M::mem_pestat] (25, 50, 75) percentile: (315, 502, 1671)
[M::mem_pestat] low and high boundaries for computing mean and std.dev: (1, 4383)
[M::mem_pestat] mean and std.dev: (747.47, 839.09)
[M::mem_pestat] low and high boundaries for proper pairs: (1, 5739)
[M::mem_pestat] skip orientation FF
[M::mem_pestat] skip orientation RF
[M::mem_pestat] skip orientation RR
[M::process] read 1477828 sequences (200000019 bp)...
[M::mem_process_seqs] Processed 1474874 reads in 461.316 CPU sec, 49.968 real sec
[M::mem_pestat] # candidate unique pairs for (FF, FR, RF, RR): (103, 556581, 145, 51)
[M::mem_pestat] analyzing insert size distribution for orientation FF...
[M::mem_pestat] (25, 50, 75) percentile: (375, 551, 863)
[M::mem_pestat] low and high boundaries for computing mean and std.dev: (1, 1839)
[M::mem_pestat] mean and std.dev: (587.90, 348.01)
[M::mem_pestat] low and high boundaries for proper pairs: (1, 2327)
[M::mem_pestat] analyzing insert size distribution for orientation FR...
[M::mem_pestat] (25, 50, 75) percentile: (301, 402, 523)
[M::mem_pestat] low and high boundaries for computing mean and std.dev: (1, 967)
[M::mem_pestat] mean and std.dev: (420.25, 165.50)
[M::mem_pestat] low and high boundaries for proper pairs: (1, 1189)
[M::mem_pestat] analyzing insert size distribution for orientation RF...
[M::mem_pestat] (25, 50, 75) percentile: (47, 627, 4099)
[M::mem_pestat] low and high boundaries for computing mean and std.dev: (1, 12203)
[M::mem_pestat] mean and std.dev: (2044.43, 2678.97)
[M::mem_pestat] low and high boundaries for proper pairs: (1, 16255)
[M::mem_pestat] analyzing insert size distribution for orientation RR...
[M::mem_pestat] (25, 50, 75) percentile: (241, 405, 625)
[M::mem_pestat] low and high boundaries for computing mean and std.dev: (1, 1393)
[M::mem_pestat] mean and std.dev: (411.91, 275.33)
[M::mem_pestat] low and high boundaries for proper pairs: (1, 1777)
[M::mem_pestat] skip orientation FF
[M::mem_pestat] skip orientation RF
[M::mem_pestat] skip orientation RR
[M::mem_process_seqs] Processed 1477828 reads in 477.538 CPU sec, 91.252 real sec
[M::process] read 1472246 sequences (200000225 bp)...
[M::process] read 1473850 sequences (200000074 bp)...
[M::mem_pestat] # candidate unique pairs for (FF, FR, RF, RR): (104, 560764, 142, 58)
[M::mem_pestat] analyzing insert size distribution for orientation FF...
[M::mem_pestat] (25, 50, 75) percentile: (323, 520, 766)
[M::mem_pestat] low and high boundaries for computing mean and std.dev: (1, 1652)
[M::mem_pestat] mean and std.dev: (507.86, 301.64)
[M::mem_pestat] low and high boundaries for proper pairs: (1, 2095)
[M::mem_pestat] analyzing insert size distribution for orientation FR...
[M::mem_pestat] (25, 50, 75) percentile: (306, 408, 532)
[M::mem_pestat] low and high boundaries for computing mean and std.dev: (1, 984)
[M::mem_pestat] mean and std.dev: (427.71, 170.83)
[M::mem_pestat] low and high boundaries for proper pairs: (1, 1210)
[M::mem_pestat] analyzing insert size distribution for orientation RF...
[M::mem_pestat] (25, 50, 75) percentile: (170, 751, 3945)
[M::mem_pestat] low and high boundaries for computing mean and std.dev: (1, 11495)
[M::mem_pestat] mean and std.dev: (2181.06, 2638.94)
[M::mem_pestat] low and high boundaries for proper pairs: (1, 15270)
[M::mem_pestat] analyzing insert size distribution for orientation RR...
[M::mem_pestat] (25, 50, 75) percentile: (280, 566, 1522)
[M::mem_pestat] low and high boundaries for computing mean and std.dev: (1, 4006)
[M::mem_pestat] mean and std.dev: (960.50, 964.64)
[M::mem_pestat] low and high boundaries for proper pairs: (1, 5248)
[M::mem_pestat] skip orientation FF
[M::mem_pestat] skip orientation RF
[M::mem_pestat] skip orientation RR
[M::mem_process_seqs] Processed 1472246 reads in 453.618 CPU sec, 46.125 real sec
[M::mem_pestat] # candidate unique pairs for (FF, FR, RF, RR): (88, 558796, 122, 42)
[M::mem_pestat] analyzing insert size distribution for orientation FF...
[M::mem_pestat] (25, 50, 75) percentile: (383, 608, 1028)
[M::mem_pestat] low and high boundaries for computing mean and std.dev: (1, 2318)
[M::mem_pestat] mean and std.dev: (657.23, 433.40)
[M::mem_pestat] low and high boundaries for proper pairs: (1, 2963)
[M::mem_pestat] analyzing insert size distribution for orientation FR...
[M::mem_pestat] (25, 50, 75) percentile: (307, 410, 536)
[M::mem_pestat] low and high boundaries for computing mean and std.dev: (1, 994)
[M::mem_pestat] mean and std.dev: (429.92, 172.24)
[M::mem_pestat] low and high boundaries for proper pairs: (1, 1223)
[M::mem_pestat] analyzing insert size distribution for orientation RF...
[M::mem_pestat] (25, 50, 75) percentile: (80, 655, 2365)
[M::mem_pestat] low and high boundaries for computing mean and std.dev: (1, 6935)
[M::mem_pestat] mean and std.dev: (1239.70, 1549.44)
[M::mem_pestat] low and high boundaries for proper pairs: (1, 9220)
[M::mem_pestat] analyzing insert size distribution for orientation RR...
[M::mem_pestat] (25, 50, 75) percentile: (224, 502, 969)
[M::mem_pestat] low and high boundaries for computing mean and std.dev: (1, 2459)
[M::mem_pestat] mean and std.dev: (555.11, 461.30)
[M::mem_pestat] low and high boundaries for proper pairs: (1, 3204)
[M::mem_pestat] skip orientation FF
[M::mem_pestat] skip orientation RF
[M::mem_pestat] skip orientation RR
[M::process] read 1471840 sequences (200000003 bp)...
[M::mem_process_seqs] Processed 1473850 reads in 460.254 CPU sec, 49.810 real sec
[M::mem_pestat] # candidate unique pairs for (FF, FR, RF, RR): (82, 557001, 150, 61)
[M::mem_pestat] analyzing insert size distribution for orientation FF...
[M::mem_pestat] (25, 50, 75) percentile: (304, 707, 1123)
[M::mem_pestat] low and high boundaries for computing mean and std.dev: (1, 2761)
[M::mem_pestat] mean and std.dev: (738.38, 571.68)
[M::mem_pestat] low and high boundaries for proper pairs: (1, 3580)
[M::mem_pestat] analyzing insert size distribution for orientation FR...
[M::mem_pestat] (25, 50, 75) percentile: (304, 407, 533)
[M::mem_pestat] low and high boundaries for computing mean and std.dev: (1, 991)
[M::mem_pestat] mean and std.dev: (427.86, 171.78)
[M::mem_pestat] low and high boundaries for proper pairs: (1, 1220)
[M::mem_pestat] analyzing insert size distribution for orientation RF...
[M::mem_pestat] (25, 50, 75) percentile: (141, 741, 3526)
[M::mem_pestat] low and high boundaries for computing mean and std.dev: (1, 10296)
[M::mem_pestat] mean and std.dev: (2124.83, 2487.97)
[M::mem_pestat] low and high boundaries for proper pairs: (1, 13681)
[M::mem_pestat] analyzing insert size distribution for orientation RR...
[M::mem_pestat] (25, 50, 75) percentile: (279, 630, 1276)
[M::mem_pestat] low and high boundaries for computing mean and std.dev: (1, 3270)
[M::mem_pestat] mean and std.dev: (778.48, 643.53)
[M::mem_pestat] low and high boundaries for proper pairs: (1, 4267)
[M::mem_pestat] skip orientation FF
[M::mem_pestat] skip orientation RF
[M::mem_pestat] skip orientation RR
[M::process] read 1475068 sequences (200000106 bp)...
[M::mem_process_seqs] Processed 1471840 reads in 462.149 CPU sec, 50.016 real sec
[M::mem_pestat] # candidate unique pairs for (FF, FR, RF, RR): (88, 557802, 137, 51)
[M::mem_pestat] analyzing insert size distribution for orientation FF...
[M::mem_pestat] (25, 50, 75) percentile: (333, 459, 1010)
[M::mem_pestat] low and high boundaries for computing mean and std.dev: (1, 2364)
[M::mem_pestat] mean and std.dev: (645.35, 487.00)
[M::mem_pestat] low and high boundaries for proper pairs: (1, 3041)
[M::mem_pestat] analyzing insert size distribution for orientation FR...
[M::mem_pestat] (25, 50, 75) percentile: (300, 401, 522)
[M::mem_pestat] low and high boundaries for computing mean and std.dev: (1, 966)
[M::mem_pestat] mean and std.dev: (419.63, 165.61)
[M::mem_pestat] low and high boundaries for proper pairs: (1, 1188)
[M::mem_pestat] analyzing insert size distribution for orientation RF...
[M::mem_pestat] (25, 50, 75) percentile: (76, 440, 2255)
[M::mem_pestat] low and high boundaries for computing mean and std.dev: (1, 6613)
[M::mem_pestat] mean and std.dev: (1089.36, 1447.72)
[M::mem_pestat] low and high boundaries for proper pairs: (1, 8792)
[M::mem_pestat] analyzing insert size distribution for orientation RR...
[M::mem_pestat] (25, 50, 75) percentile: (274, 410, 919)
[M::mem_pestat] low and high boundaries for computing mean and std.dev: (1, 2209)
[M::mem_pestat] mean and std.dev: (504.26, 364.98)
[M::mem_pestat] low and high boundaries for proper pairs: (1, 2854)
[M::mem_pestat] skip orientation FF
[M::mem_pestat] skip orientation RF
[M::mem_pestat] skip orientation RR
[M::process] read 1475820 sequences (200000174 bp)...
[M::mem_process_seqs] Processed 1475068 reads in 460.152 CPU sec, 49.763 real sec
[M::mem_pestat] # candidate unique pairs for (FF, FR, RF, RR): (79, 559948, 139, 58)
[M::mem_pestat] analyzing insert size distribution for orientation FF...
[M::mem_pestat] (25, 50, 75) percentile: (290, 484, 862)
[M::mem_pestat] low and high boundaries for computing mean and std.dev: (1, 2006)
[M::mem_pestat] mean and std.dev: (511.06, 325.95)
[M::mem_pestat] low and high boundaries for proper pairs: (1, 2578)
[M::mem_pestat] analyzing insert size distribution for orientation FR...
[M::mem_pestat] (25, 50, 75) percentile: (305, 407, 530)
[M::mem_pestat] low and high boundaries for computing mean and std.dev: (1, 980)
[M::mem_pestat] mean and std.dev: (426.13, 169.22)
[M::mem_pestat] low and high boundaries for proper pairs: (1, 1205)
[M::mem_pestat] analyzing insert size distribution for orientation RF...
[M::mem_pestat] (25, 50, 75) percentile: (99, 522, 3541)
[M::mem_pestat] low and high boundaries for computing mean and std.dev: (1, 10425)
[M::mem_pestat] mean and std.dev: (2040.55, 2704.23)
[M::mem_pestat] low and high boundaries for proper pairs: (1, 13867)
[M::mem_pestat] analyzing insert size distribution for orientation RR...
[M::mem_pestat] (25, 50, 75) percentile: (316, 696, 1607)
[M::mem_pestat] low and high boundaries for computing mean and std.dev: (1, 4189)
[M::mem_pestat] mean and std.dev: (883.19, 822.06)
[M::mem_pestat] low and high boundaries for proper pairs: (1, 5480)
[M::mem_pestat] skip orientation FF
[M::mem_pestat] skip orientation RF
[M::mem_pestat] skip orientation RR
[M::process] read 1474924 sequences (200000060 bp)...
[M::mem_process_seqs] Processed 1475820 reads in 458.254 CPU sec, 49.647 real sec
[M::mem_pestat] # candidate unique pairs for (FF, FR, RF, RR): (80, 559036, 131, 46)
[M::mem_pestat] analyzing insert size distribution for orientation FF...
[M::mem_pestat] (25, 50, 75) percentile: (334, 524, 1101)
[M::mem_pestat] low and high boundaries for computing mean and std.dev: (1, 2635)
[M::mem_pestat] mean and std.dev: (677.67, 549.30)
[M::mem_pestat] low and high boundaries for proper pairs: (1, 3402)
[M::mem_pestat] analyzing insert size distribution for orientation FR...
[M::mem_pestat] (25, 50, 75) percentile: (305, 407, 531)
[M::mem_pestat] low and high boundaries for computing mean and std.dev: (1, 983)
[M::mem_pestat] mean and std.dev: (426.74, 169.99)
[M::mem_pestat] low and high boundaries for proper pairs: (1, 1209)
[M::mem_pestat] analyzing insert size distribution for orientation RF...
[M::mem_pestat] (25, 50, 75) percentile: (63, 720, 3456)
[M::mem_pestat] low and high boundaries for computing mean and std.dev: (1, 10242)
[M::mem_pestat] mean and std.dev: (2026.69, 2696.08)
[M::mem_pestat] low and high boundaries for proper pairs: (1, 13635)
[M::mem_pestat] analyzing insert size distribution for orientation RR...
[M::mem_pestat] (25, 50, 75) percentile: (257, 447, 1019)
[M::mem_pestat] low and high boundaries for computing mean and std.dev: (1, 2543)
[M::mem_pestat] mean and std.dev: (559.44, 510.65)
[M::mem_pestat] low and high boundaries for proper pairs: (1, 3305)
[M::mem_pestat] skip orientation FF
[M::mem_pestat] skip orientation RF
[M::mem_pestat] skip orientation RR
[M::process] read 1474520 sequences (200000040 bp)...
[M::mem_process_seqs] Processed 1474924 reads in 460.377 CPU sec, 49.854 real sec
[M::mem_pestat] # candidate unique pairs for (FF, FR, RF, RR): (87, 557133, 149, 59)
[M::mem_pestat] analyzing insert size distribution for orientation FF...
[M::mem_pestat] (25, 50, 75) percentile: (321, 485, 781)
[M::mem_pestat] low and high boundaries for computing mean and std.dev: (1, 1701)
[M::mem_pestat] mean and std.dev: (529.96, 326.22)
[M::mem_pestat] low and high boundaries for proper pairs: (1, 2161)
[M::mem_pestat] analyzing insert size distribution for orientation FR...
[M::mem_pestat] (25, 50, 75) percentile: (302, 403, 525)
[M::mem_pestat] low and high boundaries for computing mean and std.dev: (1, 971)
[M::mem_pestat] mean and std.dev: (422.27, 167.75)
[M::mem_pestat] low and high boundaries for proper pairs: (1, 1194)
[M::mem_pestat] analyzing insert size distribution for orientation RF...
[M::mem_pestat] (25, 50, 75) percentile: (93, 380, 2807)
[M::mem_pestat] low and high boundaries for computing mean and std.dev: (1, 8235)
[M::mem_pestat] mean and std.dev: (1432.64, 2045.17)
[M::mem_pestat] low and high boundaries for proper pairs: (1, 10949)
[M::mem_pestat] analyzing insert size distribution for orientation RR...
[M::mem_pestat] (25, 50, 75) percentile: (256, 486, 1472)
[M::mem_pestat] low and high boundaries for computing mean and std.dev: (1, 3904)
[M::mem_pestat] mean and std.dev: (738.81, 716.51)
[M::mem_pestat] low and high boundaries for proper pairs: (1, 5120)
[M::mem_pestat] skip orientation FF
[M::mem_pestat] skip orientation RF
[M::mem_pestat] skip orientation RR
[M::process] read 1480654 sequences (200000282 bp)...
[M::mem_process_seqs] Processed 1474520 reads in 463.861 CPU sec, 50.200 real sec
[M::mem_pestat] # candidate unique pairs for (FF, FR, RF, RR): (84, 560111, 143, 62)
[M::mem_pestat] analyzing insert size distribution for orientation FF...
[M::mem_pestat] (25, 50, 75) percentile: (386, 590, 1008)
[M::mem_pestat] low and high boundaries for computing mean and std.dev: (1, 2252)
[M::mem_pestat] mean and std.dev: (631.21, 378.08)
[M::mem_pestat] low and high boundaries for proper pairs: (1, 2874)
[M::mem_pestat] analyzing insert size distribution for orientation FR...
[M::mem_pestat] (25, 50, 75) percentile: (299, 399, 518)
[M::mem_pestat] low and high boundaries for computing mean and std.dev: (1, 956)
[M::mem_pestat] mean and std.dev: (416.67, 163.49)
[M::mem_pestat] low and high boundaries for proper pairs: (1, 1175)
[M::mem_pestat] analyzing insert size distribution for orientation RF...
[M::mem_pestat] (25, 50, 75) percentile: (75, 578, 3032)
[M::mem_pestat] low and high boundaries for computing mean and std.dev: (1, 8946)
[M::mem_pestat] mean and std.dev: (1810.58, 2364.09)
[M::mem_pestat] low and high boundaries for proper pairs: (1, 11903)
[M::mem_pestat] analyzing insert size distribution for orientation RR...
[M::mem_pestat] (25, 50, 75) percentile: (365, 612, 1639)
[M::mem_pestat] low and high boundaries for computing mean and std.dev: (1, 4187)
[M::mem_pestat] mean and std.dev: (862.61, 783.06)
[M::mem_pestat] low and high boundaries for proper pairs: (1, 5461)
[M::mem_pestat] skip orientation FF
[M::mem_pestat] skip orientation RF
[M::mem_pestat] skip orientation RR
[M::process] read 1481840 sequences (200000130 bp)...
[M::mem_process_seqs] Processed 1480654 reads in 464.536 CPU sec, 50.288 real sec
[M::mem_pestat] # candidate unique pairs for (FF, FR, RF, RR): (107, 561080, 140, 49)
[M::mem_pestat] analyzing insert size distribution for orientation FF...
[M::mem_pestat] (25, 50, 75) percentile: (330, 482, 818)
[M::mem_pestat] low and high boundaries for computing mean and std.dev: (1, 1794)
[M::mem_pestat] mean and std.dev: (525.46, 313.13)
[M::mem_pestat] low and high boundaries for proper pairs: (1, 2282)
[M::mem_pestat] analyzing insert size distribution for orientation FR...
[M::mem_pestat] (25, 50, 75) percentile: (304, 404, 525)
[M::mem_pestat] low and high boundaries for computing mean and std.dev: (1, 967)
[M::mem_pestat] mean and std.dev: (422.56, 166.35)
[M::mem_pestat] low and high boundaries for proper pairs: (1, 1188)
[M::mem_pestat] analyzing insert size distribution for orientation RF...
[M::mem_pestat] (25, 50, 75) percentile: (136, 738, 3077)
[M::mem_pestat] low and high boundaries for computing mean and std.dev: (1, 8959)
[M::mem_pestat] mean and std.dev: (1567.55, 1898.81)
[M::mem_pestat] low and high boundaries for proper pairs: (1, 11900)
[M::mem_pestat] analyzing insert size distribution for orientation RR...
[M::mem_pestat] (25, 50, 75) percentile: (177, 466, 966)
[M::mem_pestat] low and high boundaries for computing mean and std.dev: (1, 2544)
[M::mem_pestat] mean and std.dev: (483.47, 444.21)
[M::mem_pestat] low and high boundaries for proper pairs: (1, 3333)
[M::mem_pestat] skip orientation FF
[M::mem_pestat] skip orientation RF
[M::mem_pestat] skip orientation RR
[M::mem_process_seqs] Processed 1481840 reads in 477.610 CPU sec, 78.710 real sec
[M::process] read 1478814 sequences (200000046 bp)...
[M::process] read 1479914 sequences (200000094 bp)...
[M::mem_pestat] # candidate unique pairs for (FF, FR, RF, RR): (91, 559136, 154, 53)
[M::mem_pestat] analyzing insert size distribution for orientation FF...
[M::mem_pestat] (25, 50, 75) percentile: (331, 544, 829)
[M::mem_pestat] low and high boundaries for computing mean and std.dev: (1, 1825)
[M::mem_pestat] mean and std.dev: (559.95, 320.85)
[M::mem_pestat] low and high boundaries for proper pairs: (1, 2323)
[M::mem_pestat] analyzing insert size distribution for orientation FR...
[M::mem_pestat] (25, 50, 75) percentile: (303, 405, 528)
[M::mem_pestat] low and high boundaries for computing mean and std.dev: (1, 978)
[M::mem_pestat] mean and std.dev: (424.12, 168.20)
[M::mem_pestat] low and high boundaries for proper pairs: (1, 1203)
[M::mem_pestat] analyzing insert size distribution for orientation RF...
[M::mem_pestat] (25, 50, 75) percentile: (88, 616, 2971)
[M::mem_pestat] low and high boundaries for computing mean and std.dev: (1, 8737)
[M::mem_pestat] mean and std.dev: (1450.31, 2007.03)
[M::mem_pestat] low and high boundaries for proper pairs: (1, 11620)
[M::mem_pestat] analyzing insert size distribution for orientation RR...
[M::mem_pestat] (25, 50, 75) percentile: (195, 424, 889)
[M::mem_pestat] low and high boundaries for computing mean and std.dev: (1, 2277)
[M::mem_pestat] mean and std.dev: (579.00, 536.85)
[M::mem_pestat] low and high boundaries for proper pairs: (1, 2971)
[M::mem_pestat] skip orientation FF
[M::mem_pestat] skip orientation RF
[M::mem_pestat] skip orientation RR
[M::mem_process_seqs] Processed 1478814 reads in 464.719 CPU sec, 48.613 real sec
[M::mem_pestat] # candidate unique pairs for (FF, FR, RF, RR): (96, 557998, 138, 61)
[M::mem_pestat] analyzing insert size distribution for orientation FF...
[M::mem_pestat] (25, 50, 75) percentile: (332, 461, 744)
[M::mem_pestat] low and high boundaries for computing mean and std.dev: (1, 1568)
[M::mem_pestat] mean and std.dev: (519.92, 310.61)
[M::mem_pestat] low and high boundaries for proper pairs: (1, 1980)
[M::mem_pestat] analyzing insert size distribution for orientation FR...
[M::mem_pestat] (25, 50, 75) percentile: (299, 399, 518)
[M::mem_pestat] low and high boundaries for computing mean and std.dev: (1, 956)
[M::mem_pestat] mean and std.dev: (416.95, 163.31)
[M::mem_pestat] low and high boundaries for proper pairs: (1, 1175)
[M::mem_pestat] analyzing insert size distribution for orientation RF...
[M::mem_pestat] (25, 50, 75) percentile: (148, 663, 3981)
[M::mem_pestat] low and high boundaries for computing mean and std.dev: (1, 11647)
[M::mem_pestat] mean and std.dev: (2054.24, 2515.52)
[M::mem_pestat] low and high boundaries for proper pairs: (1, 15480)
[M::mem_pestat] analyzing insert size distribution for orientation RR...
[M::mem_pestat] (25, 50, 75) percentile: (214, 481, 1137)
[M::mem_pestat] low and high boundaries for computing mean and std.dev: (1, 2983)
[M::mem_pestat] mean and std.dev: (606.80, 586.77)
[M::mem_pestat] low and high boundaries for proper pairs: (1, 3906)
[M::mem_pestat] skip orientation FF
[M::mem_pestat] skip orientation RF
[M::mem_pestat] skip orientation RR
[M::process] read 1489598 sequences (200000178 bp)...
[M::mem_process_seqs] Processed 1479914 reads in 465.632 CPU sec, 50.382 real sec
[M::mem_pestat] # candidate unique pairs for (FF, FR, RF, RR): (92, 564483, 135, 60)
[M::mem_pestat] analyzing insert size distribution for orientation FF...
[M::mem_pestat] (25, 50, 75) percentile: (279, 494, 804)
[M::mem_pestat] low and high boundaries for computing mean and std.dev: (1, 1854)
[M::mem_pestat] mean and std.dev: (511.95, 313.49)
[M::mem_pestat] low and high boundaries for proper pairs: (1, 2379)
[M::mem_pestat] analyzing insert size distribution for orientation FR...
[M::mem_pestat] (25, 50, 75) percentile: (296, 394, 509)
[M::mem_pestat] low and high boundaries for computing mean and std.dev: (1, 935)
[M::mem_pestat] mean and std.dev: (410.23, 159.95)
[M::mem_pestat] low and high boundaries for proper pairs: (1, 1148)
[M::mem_pestat] analyzing insert size distribution for orientation RF...
[M::mem_pestat] (25, 50, 75) percentile: (172, 775, 3252)
[M::mem_pestat] low and high boundaries for computing mean and std.dev: (1, 9412)
[M::mem_pestat] mean and std.dev: (1981.78, 2378.26)
[M::mem_pestat] low and high boundaries for proper pairs: (1, 12492)
[M::mem_pestat] analyzing insert size distribution for orientation RR...
[M::mem_pestat] (25, 50, 75) percentile: (352, 611, 1399)
[M::mem_pestat] low and high boundaries for computing mean and std.dev: (1, 3493)
[M::mem_pestat] mean and std.dev: (777.57, 703.83)
[M::mem_pestat] low and high boundaries for proper pairs: (1, 4540)
[M::mem_pestat] skip orientation FF
[M::mem_pestat] skip orientation RF
[M::mem_pestat] skip orientation RR
[M::process] read 1484216 sequences (200000281 bp)...
[M::mem_process_seqs] Processed 1489598 reads in 459.720 CPU sec, 49.840 real sec
[M::mem_pestat] # candidate unique pairs for (FF, FR, RF, RR): (83, 561448, 140, 48)
[M::mem_pestat] analyzing insert size distribution for orientation FF...
[M::mem_pestat] (25, 50, 75) percentile: (308, 464, 796)
[M::mem_pestat] low and high boundaries for computing mean and std.dev: (1, 1772)
[M::mem_pestat] mean and std.dev: (478.50, 279.51)
[M::mem_pestat] low and high boundaries for proper pairs: (1, 2260)
[M::mem_pestat] analyzing insert size distribution for orientation FR...
[M::mem_pestat] (25, 50, 75) percentile: (299, 398, 517)
[M::mem_pestat] low and high boundaries for computing mean and std.dev: (1, 953)
[M::mem_pestat] mean and std.dev: (416.38, 163.26)
[M::mem_pestat] low and high boundaries for proper pairs: (1, 1171)
[M::mem_pestat] analyzing insert size distribution for orientation RF...
[M::mem_pestat] (25, 50, 75) percentile: (82, 626, 2728)
[M::mem_pestat] low and high boundaries for computing mean and std.dev: (1, 8020)
[M::mem_pestat] mean and std.dev: (1493.23, 2007.16)
[M::mem_pestat] low and high boundaries for proper pairs: (1, 10666)
[M::mem_pestat] analyzing insert size distribution for orientation RR...
[M::mem_pestat] (25, 50, 75) percentile: (221, 448, 1119)
[M::mem_pestat] low and high boundaries for computing mean and std.dev: (1, 2915)
[M::mem_pestat] mean and std.dev: (623.57, 569.17)
[M::mem_pestat] low and high boundaries for proper pairs: (1, 3813)
[M::mem_pestat] skip orientation FF
[M::mem_pestat] skip orientation RF
[M::mem_pestat] skip orientation RR
[M::process] read 1478182 sequences (200000043 bp)...
[M::mem_process_seqs] Processed 1484216 reads in 461.731 CPU sec, 50.134 real sec
[M::mem_pestat] # candidate unique pairs for (FF, FR, RF, RR): (82, 558687, 166, 57)
[M::mem_pestat] analyzing insert size distribution for orientation FF...
[M::mem_pestat] (25, 50, 75) percentile: (318, 532, 917)
[M::mem_pestat] low and high boundaries for computing mean and std.dev: (1, 2115)
[M::mem_pestat] mean and std.dev: (595.12, 430.07)
[M::mem_pestat] low and high boundaries for proper pairs: (1, 2714)
[M::mem_pestat] analyzing insert size distribution for orientation FR...
[M::mem_pestat] (25, 50, 75) percentile: (301, 402, 521)
[M::mem_pestat] low and high boundaries for computing mean and std.dev: (1, 961)
[M::mem_pestat] mean and std.dev: (419.61, 165.04)
[M::mem_pestat] low and high boundaries for proper pairs: (1, 1181)
[M::mem_pestat] analyzing insert size distribution for orientation RF...
[M::mem_pestat] (25, 50, 75) percentile: (104, 723, 3505)
[M::mem_pestat] low and high boundaries for computing mean and std.dev: (1, 10307)
[M::mem_pestat] mean and std.dev: (1853.63, 2440.77)
[M::mem_pestat] low and high boundaries for proper pairs: (1, 13708)
[M::mem_pestat] analyzing insert size distribution for orientation RR...
[M::mem_pestat] (25, 50, 75) percentile: (251, 514, 998)
[M::mem_pestat] low and high boundaries for computing mean and std.dev: (1, 2492)
[M::mem_pestat] mean and std.dev: (630.87, 565.68)
[M::mem_pestat] low and high boundaries for proper pairs: (1, 3239)
[M::mem_pestat] skip orientation FF
[M::mem_pestat] skip orientation RF
[M::mem_pestat] skip orientation RR
[M::process] read 729028 sequences (98270173 bp)...
[M::mem_process_seqs] Processed 1478182 reads in 460.883 CPU sec, 50.050 real sec
[M::mem_pestat] # candidate unique pairs for (FF, FR, RF, RR): (47, 274585, 82, 28)
[M::mem_pestat] analyzing insert size distribution for orientation FF...
[M::mem_pestat] (25, 50, 75) percentile: (317, 464, 737)
[M::mem_pestat] low and high boundaries for computing mean and std.dev: (1, 1577)
[M::mem_pestat] mean and std.dev: (473.73, 223.22)
[M::mem_pestat] low and high boundaries for proper pairs: (1, 1997)
[M::mem_pestat] analyzing insert size distribution for orientation FR...
[M::mem_pestat] (25, 50, 75) percentile: (299, 398, 515)
[M::mem_pestat] low and high boundaries for computing mean and std.dev: (1, 947)
[M::mem_pestat] mean and std.dev: (415.04, 160.98)
[M::mem_pestat] low and high boundaries for proper pairs: (1, 1163)
[M::mem_pestat] analyzing insert size distribution for orientation RF...
[M::mem_pestat] (25, 50, 75) percentile: (326, 760, 3442)
[M::mem_pestat] low and high boundaries for computing mean and std.dev: (1, 9674)
[M::mem_pestat] mean and std.dev: (2045.84, 2454.51)
[M::mem_pestat] low and high boundaries for proper pairs: (1, 12790)
[M::mem_pestat] analyzing insert size distribution for orientation RR...
[M::mem_pestat] (25, 50, 75) percentile: (309, 599, 976)
[M::mem_pestat] low and high boundaries for computing mean and std.dev: (1, 2310)
[M::mem_pestat] mean and std.dev: (529.71, 305.90)
[M::mem_pestat] low and high boundaries for proper pairs: (1, 2977)
[M::mem_pestat] skip orientation FF
[M::mem_pestat] skip orientation RF
[M::mem_pestat] skip orientation RR
[M::mem_process_seqs] Processed 729028 reads in 231.359 CPU sec, 26.054 real sec
[main] Version: 0.7.17-r1188
[main] CMD: bwasamblaster: Marked 2341089 of 32072406 (7.30%) read ids as duplicates mem -t using 536776k memory in  201M -R14S @RG\tID:LG_RL_19T_002\tPL:ILLUMINA\tPU:HJMNCDSX7.2\tSM:LG_RL_19T_002\tCN:MCGILL\tBC:GTAACAATCT-NTATACAGAG(74.248S) /storage/scratch/iee/dj20y461/Stickleback/G_aculeatus/FITNESS//data/ref_A_X/stickleback_v5_assembly_A_X.fasta CPU seconds and  /storage/scratch/iee/dj20y461/Stickleback/G_aculeatus/FITNESS//data/trimmed/LG_RL_19T_002.R1.trimmed.fastq.gz40M /storage/scratch/iee/dj20y461/Stickleback/G_aculeatus/FITNESS//data/trimmed/LG_RL_19T_002.R2.trimmed.fastq.gz28S(2428S)
[main] Real time: 2428.556 sec; CPU: 20154.389 sec
 wall time.
[bam_sort_core] merging from 20 files and 20 in-memory blocks...
