samblaster: Version 0.1.24
samblaster: Inputting from stdin
samblaster: Outputting to stdout
[M::bwa_idx_load_from_disk] read 0 ALT contigs
[M::process] read 1452122 sequences (200000018 bp)...
[M::mem_pestat] # candidate unique pairs for (FF, FR, RF, RR): (53, 554067, 103, 46)
[M::mem_pestat] analyzing insert size distribution for orientation FF...
[M::mem_pestat] (25, 50, 75) percentile: (211, 343, 550)
[M::mem_pestat] low and high boundaries for computing mean and std.dev: (1, 1228)
[M::mem_pestat] mean and std.dev: (385.63, 253.99)
[M::mem_pestat] low and high boundaries for proper pairs: (1, 1567)
[M::mem_pestat] analyzing insert size distribution for orientation FR...
[M::mem_pestat] (25, 50, 75) percentile: (228, 305, 390)
[M::mem_pestat] low and high boundaries for computing mean and std.dev: (1, 714)
[M::mem_pestat] mean and std.dev: (315.77, 116.52)
[M::mem_pestat] low and high boundaries for proper pairs: (1, 876)
[M::mem_pestat] analyzing insert size distribution for orientation RF...
[M::mem_pestat] (25, 50, 75) percentile: (100, 215, 2025)
[M::mem_pestat] low and high boundaries for computing mean and std.dev: (1, 5875)
[M::mem_pestat] mean and std.dev: (1127.30, 1645.84)
[M::mem_pestat] low and high boundaries for proper pairs: (1, 7800)
[M::mem_pestat] analyzing insert size distribution for orientation RR...
[M::mem_pestat] (25, 50, 75) percentile: (200, 327, 601)
[M::mem_pestat] low and high boundaries for computing mean and std.dev: (1, 1403)
[M::mem_pestat] mean and std.dev: (328.72, 262.59)
[M::mem_pestat] low and high boundaries for proper pairs: (1, 1804)
[M::mem_pestat] skip orientation FF
[M::mem_pestat] skip orientation RF
[M::mem_pestat] skip orientation RR
[M::mem_process_seqs] Processed 1452122 reads in 477.692 CPU sec, 113.955 real sec
samblaster: Loaded 23 header sequence entries.
[M::process] read 1451138 sequences (200000183 bp)...
[M::process] read 1450856 sequences (200000219 bp)...
[M::mem_pestat] # candidate unique pairs for (FF, FR, RF, RR): (67, 551283, 114, 42)
[M::mem_pestat] analyzing insert size distribution for orientation FF...
[M::mem_pestat] (25, 50, 75) percentile: (284, 446, 677)
[M::mem_pestat] low and high boundaries for computing mean and std.dev: (1, 1463)
[M::mem_pestat] mean and std.dev: (414.33, 217.46)
[M::mem_pestat] low and high boundaries for proper pairs: (1, 1856)
[M::mem_pestat] analyzing insert size distribution for orientation FR...
[M::mem_pestat] (25, 50, 75) percentile: (228, 305, 390)
[M::mem_pestat] low and high boundaries for computing mean and std.dev: (1, 714)
[M::mem_pestat] mean and std.dev: (316.14, 116.82)
[M::mem_pestat] low and high boundaries for proper pairs: (1, 876)
[M::mem_pestat] analyzing insert size distribution for orientation RF...
[M::mem_pestat] (25, 50, 75) percentile: (61, 488, 3026)
[M::mem_pestat] low and high boundaries for computing mean and std.dev: (1, 8956)
[M::mem_pestat] mean and std.dev: (1500.12, 1885.56)
[M::mem_pestat] low and high boundaries for proper pairs: (1, 11921)
[M::mem_pestat] analyzing insert size distribution for orientation RR...
[M::mem_pestat] (25, 50, 75) percentile: (187, 337, 544)
[M::mem_pestat] low and high boundaries for computing mean and std.dev: (1, 1258)
[M::mem_pestat] mean and std.dev: (326.16, 206.51)
[M::mem_pestat] low and high boundaries for proper pairs: (1, 1615)
[M::mem_pestat] skip orientation FF
[M::mem_pestat] skip orientation RF
[M::mem_pestat] skip orientation RR
[M::mem_process_seqs] Processed 1451138 reads in 457.147 CPU sec, 50.382 real sec
[M::mem_pestat] # candidate unique pairs for (FF, FR, RF, RR): (55, 552927, 93, 22)
[M::mem_pestat] analyzing insert size distribution for orientation FF...
[M::mem_pestat] (25, 50, 75) percentile: (259, 347, 667)
[M::mem_pestat] low and high boundaries for computing mean and std.dev: (1, 1483)
[M::mem_pestat] mean and std.dev: (390.31, 261.70)
[M::mem_pestat] low and high boundaries for proper pairs: (1, 1891)
[M::mem_pestat] analyzing insert size distribution for orientation FR...
[M::mem_pestat] (25, 50, 75) percentile: (229, 307, 393)
[M::mem_pestat] low and high boundaries for computing mean and std.dev: (1, 721)
[M::mem_pestat] mean and std.dev: (318.26, 117.57)
[M::mem_pestat] low and high boundaries for proper pairs: (1, 885)
[M::mem_pestat] analyzing insert size distribution for orientation RF...
[M::mem_pestat] (25, 50, 75) percentile: (118, 253, 1840)
[M::mem_pestat] low and high boundaries for computing mean and std.dev: (1, 5284)
[M::mem_pestat] mean and std.dev: (905.99, 1285.90)
[M::mem_pestat] low and high boundaries for proper pairs: (1, 7006)
[M::mem_pestat] analyzing insert size distribution for orientation RR...
[M::mem_pestat] (25, 50, 75) percentile: (164, 287, 421)
[M::mem_pestat] low and high boundaries for computing mean and std.dev: (1, 935)
[M::mem_pestat] mean and std.dev: (273.37, 151.57)
[M::mem_pestat] low and high boundaries for proper pairs: (1, 1192)
[M::mem_pestat] skip orientation FF
[M::mem_pestat] skip orientation RF
[M::mem_pestat] skip orientation RR
[M::process] read 1451586 sequences (200000185 bp)...
[M::mem_process_seqs] Processed 1450856 reads in 448.743 CPU sec, 49.383 real sec
[M::mem_pestat] # candidate unique pairs for (FF, FR, RF, RR): (65, 552017, 122, 43)
[M::mem_pestat] analyzing insert size distribution for orientation FF...
[M::mem_pestat] (25, 50, 75) percentile: (214, 351, 623)
[M::mem_pestat] low and high boundaries for computing mean and std.dev: (1, 1441)
[M::mem_pestat] mean and std.dev: (347.84, 225.86)
[M::mem_pestat] low and high boundaries for proper pairs: (1, 1850)
[M::mem_pestat] analyzing insert size distribution for orientation FR...
[M::mem_pestat] (25, 50, 75) percentile: (228, 306, 391)
[M::mem_pestat] low and high boundaries for computing mean and std.dev: (1, 717)
[M::mem_pestat] mean and std.dev: (316.84, 117.27)
[M::mem_pestat] low and high boundaries for proper pairs: (1, 880)
[M::mem_pestat] analyzing insert size distribution for orientation RF...
[M::mem_pestat] (25, 50, 75) percentile: (78, 245, 2566)
[M::mem_pestat] low and high boundaries for computing mean and std.dev: (1, 7542)
[M::mem_pestat] mean and std.dev: (1171.07, 1737.96)
[M::mem_pestat] low and high boundaries for proper pairs: (1, 10030)
[M::mem_pestat] analyzing insert size distribution for orientation RR...
[M::mem_pestat] (25, 50, 75) percentile: (236, 372, 1721)
[M::mem_pestat] low and high boundaries for computing mean and std.dev: (1, 4691)
[M::mem_pestat] mean and std.dev: (839.00, 911.80)
[M::mem_pestat] low and high boundaries for proper pairs: (1, 6176)
[M::mem_pestat] skip orientation FF
[M::mem_pestat] skip orientation RF
[M::mem_pestat] skip orientation RR
[M::process] read 1450422 sequences (200000223 bp)...
[M::mem_process_seqs] Processed 1451586 reads in 452.190 CPU sec, 50.377 real sec
[M::mem_pestat] # candidate unique pairs for (FF, FR, RF, RR): (45, 550875, 124, 39)
[M::mem_pestat] analyzing insert size distribution for orientation FF...
[M::mem_pestat] (25, 50, 75) percentile: (293, 463, 927)
[M::mem_pestat] low and high boundaries for computing mean and std.dev: (1, 2195)
[M::mem_pestat] mean and std.dev: (539.59, 406.40)
[M::mem_pestat] low and high boundaries for proper pairs: (1, 2829)
[M::mem_pestat] analyzing insert size distribution for orientation FR...
[M::mem_pestat] (25, 50, 75) percentile: (229, 307, 393)
[M::mem_pestat] low and high boundaries for computing mean and std.dev: (1, 721)
[M::mem_pestat] mean and std.dev: (318.17, 118.16)
[M::mem_pestat] low and high boundaries for proper pairs: (1, 885)
[M::mem_pestat] analyzing insert size distribution for orientation RF...
[M::mem_pestat] (25, 50, 75) percentile: (134, 319, 1977)
[M::mem_pestat] low and high boundaries for computing mean and std.dev: (1, 5663)
[M::mem_pestat] mean and std.dev: (977.44, 1387.37)
[M::mem_pestat] low and high boundaries for proper pairs: (1, 7506)
[M::mem_pestat] analyzing insert size distribution for orientation RR...
[M::mem_pestat] (25, 50, 75) percentile: (238, 352, 626)
[M::mem_pestat] low and high boundaries for computing mean and std.dev: (1, 1402)
[M::mem_pestat] mean and std.dev: (397.11, 281.00)
[M::mem_pestat] low and high boundaries for proper pairs: (1, 1790)
[M::mem_pestat] skip orientation FF
[M::mem_pestat] skip orientation RF
[M::mem_pestat] skip orientation RR
[M::process] read 1453536 sequences (200000235 bp)...
[M::mem_process_seqs] Processed 1450422 reads in 451.960 CPU sec, 49.293 real sec
[M::mem_pestat] # candidate unique pairs for (FF, FR, RF, RR): (62, 552276, 107, 52)
[M::mem_pestat] analyzing insert size distribution for orientation FF...
[M::mem_pestat] (25, 50, 75) percentile: (202, 316, 625)
[M::mem_pestat] low and high boundaries for computing mean and std.dev: (1, 1471)
[M::mem_pestat] mean and std.dev: (366.52, 281.88)
[M::mem_pestat] low and high boundaries for proper pairs: (1, 1894)
[M::mem_pestat] analyzing insert size distribution for orientation FR...
[M::mem_pestat] (25, 50, 75) percentile: (228, 305, 391)
[M::mem_pestat] low and high boundaries for computing mean and std.dev: (1, 717)
[M::mem_pestat] mean and std.dev: (316.79, 117.20)
[M::mem_pestat] low and high boundaries for proper pairs: (1, 880)
[M::mem_pestat] analyzing insert size distribution for orientation RF...
[M::mem_pestat] (25, 50, 75) percentile: (45, 311, 3264)
[M::mem_pestat] low and high boundaries for computing mean and std.dev: (1, 9702)
[M::mem_pestat] mean and std.dev: (1753.74, 2398.26)
[M::mem_pestat] low and high boundaries for proper pairs: (1, 12921)
[M::mem_pestat] analyzing insert size distribution for orientation RR...
[M::mem_pestat] (25, 50, 75) percentile: (182, 335, 923)
[M::mem_pestat] low and high boundaries for computing mean and std.dev: (1, 2405)
[M::mem_pestat] mean and std.dev: (522.67, 544.38)
[M::mem_pestat] low and high boundaries for proper pairs: (1, 3146)
[M::mem_pestat] skip orientation FF
[M::mem_pestat] skip orientation RF
[M::mem_pestat] skip orientation RR
[M::process] read 1450522 sequences (200000026 bp)...
[M::mem_process_seqs] Processed 1453536 reads in 455.553 CPU sec, 50.234 real sec
[M::mem_pestat] # candidate unique pairs for (FF, FR, RF, RR): (67, 551042, 107, 46)
[M::mem_pestat] analyzing insert size distribution for orientation FF...
[M::mem_pestat] (25, 50, 75) percentile: (189, 310, 480)
[M::mem_pestat] low and high boundaries for computing mean and std.dev: (1, 1062)
[M::mem_pestat] mean and std.dev: (316.85, 166.65)
[M::mem_pestat] low and high boundaries for proper pairs: (1, 1353)
[M::mem_pestat] analyzing insert size distribution for orientation FR...
[M::mem_pestat] (25, 50, 75) percentile: (228, 306, 392)
[M::mem_pestat] low and high boundaries for computing mean and std.dev: (1, 720)
[M::mem_pestat] mean and std.dev: (317.19, 117.35)
[M::mem_pestat] low and high boundaries for proper pairs: (1, 884)
[M::mem_pestat] analyzing insert size distribution for orientation RF...
[M::mem_pestat] (25, 50, 75) percentile: (75, 266, 1181)
[M::mem_pestat] low and high boundaries for computing mean and std.dev: (1, 3393)
[M::mem_pestat] mean and std.dev: (559.61, 804.36)
[M::mem_pestat] low and high boundaries for proper pairs: (1, 4499)
[M::mem_pestat] analyzing insert size distribution for orientation RR...
[M::mem_pestat] (25, 50, 75) percentile: (160, 380, 964)
[M::mem_pestat] low and high boundaries for computing mean and std.dev: (1, 2572)
[M::mem_pestat] mean and std.dev: (506.40, 477.32)
[M::mem_pestat] low and high boundaries for proper pairs: (1, 3376)
[M::mem_pestat] skip orientation FF
[M::mem_pestat] skip orientation RF
[M::mem_pestat] skip orientation RR
[M::process] read 1455536 sequences (200000094 bp)...
[M::mem_process_seqs] Processed 1450522 reads in 455.157 CPU sec, 49.397 real sec
[M::process] read 1454142 sequences (200000010 bp)...
[M::mem_pestat] # candidate unique pairs for (FF, FR, RF, RR): (43, 552886, 100, 52)
[M::mem_pestat] analyzing insert size distribution for orientation FF...
[M::mem_pestat] (25, 50, 75) percentile: (167, 312, 593)
[M::mem_pestat] low and high boundaries for computing mean and std.dev: (1, 1445)
[M::mem_pestat] mean and std.dev: (367.05, 268.76)
[M::mem_pestat] low and high boundaries for proper pairs: (1, 1871)
[M::mem_pestat] analyzing insert size distribution for orientation FR...
[M::mem_pestat] (25, 50, 75) percentile: (228, 304, 389)
[M::mem_pestat] low and high boundaries for computing mean and std.dev: (1, 711)
[M::mem_pestat] mean and std.dev: (315.28, 116.02)
[M::mem_pestat] low and high boundaries for proper pairs: (1, 872)
[M::mem_pestat] analyzing insert size distribution for orientation RF...
[M::mem_pestat] (25, 50, 75) percentile: (81, 272, 3074)
[M::mem_pestat] low and high boundaries for computing mean and std.dev: (1, 9060)
[M::mem_pestat] mean and std.dev: (1601.88, 2232.79)
[M::mem_pestat] low and high boundaries for proper pairs: (1, 12053)
[M::mem_pestat] analyzing insert size distribution for orientation RR...
[M::mem_pestat] (25, 50, 75) percentile: (169, 299, 997)
[M::mem_pestat] low and high boundaries for computing mean and std.dev: (1, 2653)
[M::mem_pestat] mean and std.dev: (417.73, 455.60)
[M::mem_pestat] low and high boundaries for proper pairs: (1, 3481)
[M::mem_pestat] skip orientation FF
[M::mem_pestat] skip orientation RF
[M::mem_pestat] skip orientation RR
[M::mem_process_seqs] Processed 1455536 reads in 453.296 CPU sec, 49.780 real sec
[M::mem_pestat] # candidate unique pairs for (FF, FR, RF, RR): (66, 552100, 123, 52)
[M::mem_pestat] analyzing insert size distribution for orientation FF...
[M::mem_pestat] (25, 50, 75) percentile: (191, 459, 649)
[M::mem_pestat] low and high boundaries for computing mean and std.dev: (1, 1565)
[M::mem_pestat] mean and std.dev: (460.07, 333.93)
[M::mem_pestat] low and high boundaries for proper pairs: (1, 2023)
[M::mem_pestat] analyzing insert size distribution for orientation FR...
[M::mem_pestat] (25, 50, 75) percentile: (227, 305, 390)
[M::mem_pestat] low and high boundaries for computing mean and std.dev: (1, 716)
[M::mem_pestat] mean and std.dev: (315.78, 116.75)
[M::mem_pestat] low and high boundaries for proper pairs: (1, 879)
[M::mem_pestat] analyzing insert size distribution for orientation RF...
[M::mem_pestat] (25, 50, 75) percentile: (115, 615, 3103)
[M::mem_pestat] low and high boundaries for computing mean and std.dev: (1, 9079)
[M::mem_pestat] mean and std.dev: (1672.50, 2226.46)
[M::mem_pestat] low and high boundaries for proper pairs: (1, 12067)
[M::mem_pestat] analyzing insert size distribution for orientation RR...
[M::mem_pestat] (25, 50, 75) percentile: (228, 335, 770)
[M::mem_pestat] low and high boundaries for computing mean and std.dev: (1, 1854)
[M::mem_pestat] mean and std.dev: (375.02, 300.29)
[M::mem_pestat] low and high boundaries for proper pairs: (1, 2396)
[M::mem_pestat] skip orientation FF
[M::mem_pestat] skip orientation RF
[M::mem_pestat] skip orientation RR
[M::process] read 1456766 sequences (200000001 bp)...
[M::mem_process_seqs] Processed 1454142 reads in 458.349 CPU sec, 49.641 real sec
[M::mem_pestat] # candidate unique pairs for (FF, FR, RF, RR): (52, 554406, 135, 40)
[M::mem_pestat] analyzing insert size distribution for orientation FF...
[M::mem_pestat] (25, 50, 75) percentile: (228, 314, 458)
[M::mem_pestat] low and high boundaries for computing mean and std.dev: (1, 918)
[M::mem_pestat] mean and std.dev: (315.65, 151.66)
[M::mem_pestat] low and high boundaries for proper pairs: (1, 1148)
[M::mem_pestat] analyzing insert size distribution for orientation FR...
[M::mem_pestat] (25, 50, 75) percentile: (226, 302, 386)
[M::mem_pestat] low and high boundaries for computing mean and std.dev: (1, 706)
[M::mem_pestat] mean and std.dev: (312.49, 114.67)
[M::mem_pestat] low and high boundaries for proper pairs: (1, 866)
[M::mem_pestat] analyzing insert size distribution for orientation RF...
[M::mem_pestat] (25, 50, 75) percentile: (79, 231, 3579)
[M::mem_pestat] low and high boundaries for computing mean and std.dev: (1, 10579)
[M::mem_pestat] mean and std.dev: (1887.13, 2685.05)
[M::mem_pestat] low and high boundaries for proper pairs: (1, 14079)
[M::mem_pestat] analyzing insert size distribution for orientation RR...
[M::mem_pestat] (25, 50, 75) percentile: (162, 267, 569)
[M::mem_pestat] low and high boundaries for computing mean and std.dev: (1, 1383)
[M::mem_pestat] mean and std.dev: (334.78, 245.52)
[M::mem_pestat] low and high boundaries for proper pairs: (1, 1790)
[M::mem_pestat] skip orientation FF
[M::mem_pestat] skip orientation RF
[M::mem_pestat] skip orientation RR
[M::process] read 1457662 sequences (200000087 bp)...
[M::mem_process_seqs] Processed 1456766 reads in 451.685 CPU sec, 49.012 real sec
[M::mem_pestat] # candidate unique pairs for (FF, FR, RF, RR): (64, 553396, 116, 40)
[M::mem_pestat] analyzing insert size distribution for orientation FF...
[M::mem_pestat] (25, 50, 75) percentile: (209, 334, 490)
[M::mem_pestat] low and high boundaries for computing mean and std.dev: (1, 1052)
[M::mem_pestat] mean and std.dev: (342.86, 165.67)
[M::mem_pestat] low and high boundaries for proper pairs: (1, 1333)
[M::mem_pestat] analyzing insert size distribution for orientation FR...
[M::mem_pestat] (25, 50, 75) percentile: (227, 304, 388)
[M::mem_pestat] low and high boundaries for computing mean and std.dev: (1, 710)
[M::mem_pestat] mean and std.dev: (314.73, 115.54)
[M::mem_pestat] low and high boundaries for proper pairs: (1, 871)
[M::mem_pestat] analyzing insert size distribution for orientation RF...
[M::mem_pestat] (25, 50, 75) percentile: (123, 480, 3514)
[M::mem_pestat] low and high boundaries for computing mean and std.dev: (1, 10296)
[M::mem_pestat] mean and std.dev: (1986.25, 2631.04)
[M::mem_pestat] low and high boundaries for proper pairs: (1, 13687)
[M::mem_pestat] analyzing insert size distribution for orientation RR...
[M::mem_pestat] (25, 50, 75) percentile: (187, 351, 1181)
[M::mem_pestat] low and high boundaries for computing mean and std.dev: (1, 3169)
[M::mem_pestat] mean and std.dev: (571.94, 647.02)
[M::mem_pestat] low and high boundaries for proper pairs: (1, 4163)
[M::mem_pestat] skip orientation FF
[M::mem_pestat] skip orientation RF
[M::mem_pestat] skip orientation RR
[M::process] read 1454260 sequences (200000008 bp)...
[M::mem_process_seqs] Processed 1457662 reads in 456.867 CPU sec, 49.426 real sec
[M::mem_pestat] # candidate unique pairs for (FF, FR, RF, RR): (58, 552683, 127, 48)
[M::mem_pestat] analyzing insert size distribution for orientation FF...
[M::mem_pestat] (25, 50, 75) percentile: (246, 369, 638)
[M::mem_pestat] low and high boundaries for computing mean and std.dev: (1, 1422)
[M::mem_pestat] mean and std.dev: (414.93, 246.80)
[M::mem_pestat] low and high boundaries for proper pairs: (1, 1814)
[M::mem_pestat] analyzing insert size distribution for orientation FR...
[M::mem_pestat] (25, 50, 75) percentile: (229, 307, 394)
[M::mem_pestat] low and high boundaries for computing mean and std.dev: (1, 724)
[M::mem_pestat] mean and std.dev: (318.50, 118.47)
[M::mem_pestat] low and high boundaries for proper pairs: (1, 889)
[M::mem_pestat] analyzing insert size distribution for orientation RF...
[M::mem_pestat] (25, 50, 75) percentile: (72, 550, 3094)
[M::mem_pestat] low and high boundaries for computing mean and std.dev: (1, 9138)
[M::mem_pestat] mean and std.dev: (1750.11, 2371.50)
[M::mem_pestat] low and high boundaries for proper pairs: (1, 12160)
[M::mem_pestat] analyzing insert size distribution for orientation RR...
[M::mem_pestat] (25, 50, 75) percentile: (169, 328, 997)
[M::mem_pestat] low and high boundaries for computing mean and std.dev: (1, 2653)
[M::mem_pestat] mean and std.dev: (546.00, 597.72)
[M::mem_pestat] low and high boundaries for proper pairs: (1, 3481)
[M::mem_pestat] skip orientation FF
[M::mem_pestat] skip orientation RF
[M::mem_pestat] skip orientation RR
[M::process] read 1455066 sequences (200000198 bp)...
[M::mem_process_seqs] Processed 1454260 reads in 454.749 CPU sec, 49.539 real sec
[M::mem_pestat] # candidate unique pairs for (FF, FR, RF, RR): (60, 552800, 110, 37)
[M::mem_pestat] analyzing insert size distribution for orientation FF...
[M::mem_pestat] (25, 50, 75) percentile: (181, 269, 496)
[M::mem_pestat] low and high boundaries for computing mean and std.dev: (1, 1126)
[M::mem_pestat] mean and std.dev: (304.27, 178.64)
[M::mem_pestat] low and high boundaries for proper pairs: (1, 1441)
[M::mem_pestat] analyzing insert size distribution for orientation FR...
[M::mem_pestat] (25, 50, 75) percentile: (229, 307, 394)
[M::mem_pestat] low and high boundaries for computing mean and std.dev: (1, 724)
[M::mem_pestat] mean and std.dev: (318.66, 118.35)
[M::mem_pestat] low and high boundaries for proper pairs: (1, 889)
[M::mem_pestat] analyzing insert size distribution for orientation RF...
[M::mem_pestat] (25, 50, 75) percentile: (108, 604, 3478)
[M::mem_pestat] low and high boundaries for computing mean and std.dev: (1, 10218)
[M::mem_pestat] mean and std.dev: (2047.35, 2575.58)
[M::mem_pestat] low and high boundaries for proper pairs: (1, 13588)
[M::mem_pestat] analyzing insert size distribution for orientation RR...
[M::mem_pestat] (25, 50, 75) percentile: (189, 354, 1387)
[M::mem_pestat] low and high boundaries for computing mean and std.dev: (1, 3783)
[M::mem_pestat] mean and std.dev: (596.73, 712.41)
[M::mem_pestat] low and high boundaries for proper pairs: (1, 4981)
[M::mem_pestat] skip orientation FF
[M::mem_pestat] skip orientation RF
[M::mem_pestat] skip orientation RR
[M::process] read 1453576 sequences (200000239 bp)...
[M::mem_process_seqs] Processed 1455066 reads in 457.011 CPU sec, 49.437 real sec
[M::mem_pestat] # candidate unique pairs for (FF, FR, RF, RR): (55, 551228, 113, 38)
[M::mem_pestat] analyzing insert size distribution for orientation FF...
[M::mem_pestat] (25, 50, 75) percentile: (226, 346, 735)
[M::mem_pestat] low and high boundaries for computing mean and std.dev: (1, 1753)
[M::mem_pestat] mean and std.dev: (457.34, 373.75)
[M::mem_pestat] low and high boundaries for proper pairs: (1, 2262)
[M::mem_pestat] analyzing insert size distribution for orientation FR...
[M::mem_pestat] (25, 50, 75) percentile: (230, 308, 395)
[M::mem_pestat] low and high boundaries for computing mean and std.dev: (1, 725)
[M::mem_pestat] mean and std.dev: (319.83, 118.95)
[M::mem_pestat] low and high boundaries for proper pairs: (1, 890)
[M::mem_pestat] analyzing insert size distribution for orientation RF...
[M::mem_pestat] (25, 50, 75) percentile: (122, 403, 3558)
[M::mem_pestat] low and high boundaries for computing mean and std.dev: (1, 10430)
[M::mem_pestat] mean and std.dev: (1941.07, 2494.09)
[M::mem_pestat] low and high boundaries for proper pairs: (1, 13866)
[M::mem_pestat] analyzing insert size distribution for orientation RR...
[M::mem_pestat] (25, 50, 75) percentile: (178, 344, 667)
[M::mem_pestat] low and high boundaries for computing mean and std.dev: (1, 1645)
[M::mem_pestat] mean and std.dev: (409.46, 307.79)
[M::mem_pestat] low and high boundaries for proper pairs: (1, 2134)
[M::mem_pestat] skip orientation FF
[M::mem_pestat] skip orientation RF
[M::mem_pestat] skip orientation RR
[M::process] read 1455542 sequences (200000232 bp)...
[M::mem_process_seqs] Processed 1453576 reads in 457.802 CPU sec, 49.683 real sec
[M::mem_pestat] # candidate unique pairs for (FF, FR, RF, RR): (60, 552442, 130, 37)
[M::mem_pestat] analyzing insert size distribution for orientation FF...
[M::mem_pestat] (25, 50, 75) percentile: (203, 315, 517)
[M::mem_pestat] low and high boundaries for computing mean and std.dev: (1, 1145)
[M::mem_pestat] mean and std.dev: (353.20, 230.91)
[M::mem_pestat] low and high boundaries for proper pairs: (1, 1459)
[M::mem_pestat] analyzing insert size distribution for orientation FR...
[M::mem_pestat] (25, 50, 75) percentile: (231, 308, 394)
[M::mem_pestat] low and high boundaries for computing mean and std.dev: (1, 720)
[M::mem_pestat] mean and std.dev: (319.23, 118.10)
[M::mem_pestat] low and high boundaries for proper pairs: (1, 883)
[M::mem_pestat] analyzing insert size distribution for orientation RF...
[M::mem_pestat] (25, 50, 75) percentile: (87, 305, 2471)
[M::mem_pestat] low and high boundaries for computing mean and std.dev: (1, 7239)
[M::mem_pestat] mean and std.dev: (1183.89, 1746.85)
[M::mem_pestat] low and high boundaries for proper pairs: (1, 9623)
[M::mem_pestat] analyzing insert size distribution for orientation RR...
[M::mem_pestat] (25, 50, 75) percentile: (181, 466, 864)
[M::mem_pestat] low and high boundaries for computing mean and std.dev: (1, 2230)
[M::mem_pestat] mean and std.dev: (470.88, 412.48)
[M::mem_pestat] low and high boundaries for proper pairs: (1, 2913)
[M::mem_pestat] skip orientation FF
[M::mem_pestat] skip orientation RF
[M::mem_pestat] skip orientation RR
[M::process] read 1452404 sequences (200000073 bp)...
[M::mem_process_seqs] Processed 1455542 reads in 456.013 CPU sec, 49.337 real sec
[M::mem_pestat] # candidate unique pairs for (FF, FR, RF, RR): (62, 550434, 131, 44)
[M::mem_pestat] analyzing insert size distribution for orientation FF...
[M::mem_pestat] (25, 50, 75) percentile: (202, 361, 551)
[M::mem_pestat] low and high boundaries for computing mean and std.dev: (1, 1249)
[M::mem_pestat] mean and std.dev: (379.95, 228.61)
[M::mem_pestat] low and high boundaries for proper pairs: (1, 1598)
[M::mem_pestat] analyzing insert size distribution for orientation FR...
[M::mem_pestat] (25, 50, 75) percentile: (230, 308, 394)
[M::mem_pestat] low and high boundaries for computing mean and std.dev: (1, 722)
[M::mem_pestat] mean and std.dev: (319.28, 118.77)
[M::mem_pestat] low and high boundaries for proper pairs: (1, 886)
[M::mem_pestat] analyzing insert size distribution for orientation RF...
[M::mem_pestat] (25, 50, 75) percentile: (60, 257, 3459)
[M::mem_pestat] low and high boundaries for computing mean and std.dev: (1, 10257)
[M::mem_pestat] mean and std.dev: (1987.50, 2820.89)
[M::mem_pestat] low and high boundaries for proper pairs: (1, 13656)
[M::mem_pestat] analyzing insert size distribution for orientation RR...
[M::mem_pestat] (25, 50, 75) percentile: (118, 303, 1181)
[M::mem_pestat] low and high boundaries for computing mean and std.dev: (1, 3307)
[M::mem_pestat] mean and std.dev: (437.92, 565.66)
[M::mem_pestat] low and high boundaries for proper pairs: (1, 4370)
[M::mem_pestat] skip orientation FF
[M::mem_pestat] skip orientation RF
[M::mem_pestat] skip orientation RR
[M::process] read 1456416 sequences (200000046 bp)...
[M::mem_process_seqs] Processed 1452404 reads in 457.576 CPU sec, 49.507 real sec
[M::mem_pestat] # candidate unique pairs for (FF, FR, RF, RR): (37, 551630, 100, 48)
[M::mem_pestat] analyzing insert size distribution for orientation FF...
[M::mem_pestat] (25, 50, 75) percentile: (206, 414, 1163)
[M::mem_pestat] low and high boundaries for computing mean and std.dev: (1, 3077)
[M::mem_pestat] mean and std.dev: (672.00, 729.39)
[M::mem_pestat] low and high boundaries for proper pairs: (1, 4034)
[M::mem_pestat] analyzing insert size distribution for orientation FR...
[M::mem_pestat] (25, 50, 75) percentile: (230, 308, 394)
[M::mem_pestat] low and high boundaries for computing mean and std.dev: (1, 722)
[M::mem_pestat] mean and std.dev: (318.95, 118.21)
[M::mem_pestat] low and high boundaries for proper pairs: (1, 886)
[M::mem_pestat] analyzing insert size distribution for orientation RF...
[M::mem_pestat] (25, 50, 75) percentile: (143, 730, 3072)
[M::mem_pestat] low and high boundaries for computing mean and std.dev: (1, 8930)
[M::mem_pestat] mean and std.dev: (1796.04, 2327.59)
[M::mem_pestat] low and high boundaries for proper pairs: (1, 11859)
[M::mem_pestat] analyzing insert size distribution for orientation RR...
[M::mem_pestat] (25, 50, 75) percentile: (225, 496, 1534)
[M::mem_pestat] low and high boundaries for computing mean and std.dev: (1, 4152)
[M::mem_pestat] mean and std.dev: (679.23, 703.48)
[M::mem_pestat] low and high boundaries for proper pairs: (1, 5461)
[M::mem_pestat] skip orientation FF
[M::mem_pestat] skip orientation RF
[M::mem_pestat] skip orientation RR
[M::process] read 1457152 sequences (200000005 bp)...
[M::mem_process_seqs] Processed 1456416 reads in 461.078 CPU sec, 49.800 real sec
[M::mem_pestat] # candidate unique pairs for (FF, FR, RF, RR): (64, 552468, 114, 41)
[M::mem_pestat] analyzing insert size distribution for orientation FF...
[M::mem_pestat] (25, 50, 75) percentile: (229, 361, 630)
[M::mem_pestat] low and high boundaries for computing mean and std.dev: (1, 1432)
[M::mem_pestat] mean and std.dev: (445.47, 312.39)
[M::mem_pestat] low and high boundaries for proper pairs: (1, 1833)
[M::mem_pestat] analyzing insert size distribution for orientation FR...
[M::mem_pestat] (25, 50, 75) percentile: (229, 306, 392)
[M::mem_pestat] low and high boundaries for computing mean and std.dev: (1, 718)
[M::mem_pestat] mean and std.dev: (317.49, 117.60)
[M::mem_pestat] low and high boundaries for proper pairs: (1, 881)
[M::mem_pestat] analyzing insert size distribution for orientation RF...
[M::mem_pestat] (25, 50, 75) percentile: (102, 325, 2489)
[M::mem_pestat] low and high boundaries for computing mean and std.dev: (1, 7263)
[M::mem_pestat] mean and std.dev: (1345.79, 2006.98)
[M::mem_pestat] low and high boundaries for proper pairs: (1, 9650)
[M::mem_pestat] analyzing insert size distribution for orientation RR...
[M::mem_pestat] (25, 50, 75) percentile: (172, 316, 1032)
[M::mem_pestat] low and high boundaries for computing mean and std.dev: (1, 2752)
[M::mem_pestat] mean and std.dev: (455.84, 449.80)
[M::mem_pestat] low and high boundaries for proper pairs: (1, 3612)
[M::mem_pestat] skip orientation FF
[M::mem_pestat] skip orientation RF
[M::mem_pestat] skip orientation RR
[M::process] read 1457704 sequences (200000011 bp)...
[M::mem_process_seqs] Processed 1457152 reads in 461.597 CPU sec, 50.127 real sec
[M::mem_pestat] # candidate unique pairs for (FF, FR, RF, RR): (72, 552426, 113, 45)
[M::mem_pestat] analyzing insert size distribution for orientation FF...
[M::mem_pestat] (25, 50, 75) percentile: (228, 302, 412)
[M::mem_pestat] low and high boundaries for computing mean and std.dev: (1, 780)
[M::mem_pestat] mean and std.dev: (302.05, 128.59)
[M::mem_pestat] low and high boundaries for proper pairs: (1, 964)
[M::mem_pestat] analyzing insert size distribution for orientation FR...
[M::mem_pestat] (25, 50, 75) percentile: (230, 307, 393)
[M::mem_pestat] low and high boundaries for computing mean and std.dev: (1, 719)
[M::mem_pestat] mean and std.dev: (318.43, 117.69)
[M::mem_pestat] low and high boundaries for proper pairs: (1, 882)
[M::mem_pestat] analyzing insert size distribution for orientation RF...
[M::mem_pestat] (25, 50, 75) percentile: (95, 348, 1463)
[M::mem_pestat] low and high boundaries for computing mean and std.dev: (1, 4199)
[M::mem_pestat] mean and std.dev: (588.47, 893.09)
[M::mem_pestat] low and high boundaries for proper pairs: (1, 5567)
[M::mem_pestat] analyzing insert size distribution for orientation RR...
[M::mem_pestat] (25, 50, 75) percentile: (195, 333, 1010)
[M::mem_pestat] low and high boundaries for computing mean and std.dev: (1, 2640)
[M::mem_pestat] mean and std.dev: (511.19, 528.05)
[M::mem_pestat] low and high boundaries for proper pairs: (1, 3455)
[M::mem_pestat] skip orientation FF
[M::mem_pestat] skip orientation RF
[M::mem_pestat] skip orientation RR
[M::process] read 1463362 sequences (200000127 bp)...
[M::mem_process_seqs] Processed 1457704 reads in 459.252 CPU sec, 49.719 real sec
[M::mem_pestat] # candidate unique pairs for (FF, FR, RF, RR): (55, 554725, 124, 38)
[M::mem_pestat] analyzing insert size distribution for orientation FF...
[M::mem_pestat] (25, 50, 75) percentile: (258, 379, 647)
[M::mem_pestat] low and high boundaries for computing mean and std.dev: (1, 1425)
[M::mem_pestat] mean and std.dev: (414.92, 239.90)
[M::mem_pestat] low and high boundaries for proper pairs: (1, 1814)
[M::mem_pestat] analyzing insert size distribution for orientation FR...
[M::mem_pestat] (25, 50, 75) percentile: (227, 304, 389)
[M::mem_pestat] low and high boundaries for computing mean and std.dev: (1, 713)
[M::mem_pestat] mean and std.dev: (314.82, 115.91)
[M::mem_pestat] low and high boundaries for proper pairs: (1, 875)
[M::mem_pestat] analyzing insert size distribution for orientation RF...
[M::mem_pestat] (25, 50, 75) percentile: (117, 496, 2894)
[M::mem_pestat] low and high boundaries for computing mean and std.dev: (1, 8448)
[M::mem_pestat] mean and std.dev: (1530.85, 1962.29)
[M::mem_pestat] low and high boundaries for proper pairs: (1, 11225)
[M::mem_pestat] analyzing insert size distribution for orientation RR...
[M::mem_pestat] (25, 50, 75) percentile: (165, 388, 666)
[M::mem_pestat] low and high boundaries for computing mean and std.dev: (1, 1668)
[M::mem_pestat] mean and std.dev: (415.35, 319.10)
[M::mem_pestat] low and high boundaries for proper pairs: (1, 2169)
[M::mem_pestat] skip orientation FF
[M::mem_pestat] skip orientation RF
[M::mem_pestat] skip orientation RR
[M::process] read 1459270 sequences (200000061 bp)...
[M::mem_process_seqs] Processed 1463362 reads in 457.322 CPU sec, 49.544 real sec
[M::process] read 76850 sequences (10515721 bp)...
[M::mem_pestat] # candidate unique pairs for (FF, FR, RF, RR): (48, 552499, 116, 32)
[M::mem_pestat] analyzing insert size distribution for orientation FF...
[M::mem_pestat] (25, 50, 75) percentile: (240, 355, 579)
[M::mem_pestat] low and high boundaries for computing mean and std.dev: (1, 1257)
[M::mem_pestat] mean and std.dev: (363.19, 196.81)
[M::mem_pestat] low and high boundaries for proper pairs: (1, 1596)
[M::mem_pestat] analyzing insert size distribution for orientation FR...
[M::mem_pestat] (25, 50, 75) percentile: (228, 305, 391)
[M::mem_pestat] low and high boundaries for computing mean and std.dev: (1, 717)
[M::mem_pestat] mean and std.dev: (316.46, 116.89)
[M::mem_pestat] low and high boundaries for proper pairs: (1, 880)
[M::mem_pestat] analyzing insert size distribution for orientation RF...
[M::mem_pestat] (25, 50, 75) percentile: (157, 687, 3187)
[M::mem_pestat] low and high boundaries for computing mean and std.dev: (1, 9247)
[M::mem_pestat] mean and std.dev: (1817.67, 2349.92)
[M::mem_pestat] low and high boundaries for proper pairs: (1, 12277)
[M::mem_pestat] analyzing insert size distribution for orientation RR...
[M::mem_pestat] (25, 50, 75) percentile: (152, 323, 819)
[M::mem_pestat] low and high boundaries for computing mean and std.dev: (1, 2153)
[M::mem_pestat] mean and std.dev: (520.37, 545.79)
[M::mem_pestat] low and high boundaries for proper pairs: (1, 2820)
[M::mem_pestat] skip orientation FF
[M::mem_pestat] skip orientation RF
[M::mem_pestat] skip orientation RR
[M::mem_process_seqs] Processed 1459270 reads in 457.067 CPU sec, 49.695 real sec
[M::mem_pestat] # candidate unique pairs for (FF, FR, RF, RR): (3, 29045, 3, 3)
[M::mem_pestat] skip orientation FF as there are not enough pairs
[M::mem_pestat] analyzing insert size distribution for orientation FR...
[M::mem_pestat] (25, 50, 75) percentile: (229, 305, 390)
[M::mem_pestat] low and high boundaries for computing mean and std.dev: (1, 712)
[M::mem_pestat] mean and std.dev: (315.87, 116.44)
[M::mem_pestat] low and high boundaries for proper pairs: (1, 873)
[M::mem_pestat] skip orientation RF as there are not enough pairs
[M::mem_pestat] skip orientation RR as there are not enough pairs
[M::mem_process_seqs] Processed 76850 reads in 25.127 CPU sec, 2.795 real sec
[main] Version: 0.7.17-r1188
[main] CMD:samblaster: Marked 1120561 of 15312945 (7.32%) read ids as duplicates bwa mem using 254584k memory in  -t35.510S 20 CPU seconds and  -R18M @RG\tID:WT_CC_19T_167\tPL:ILLUMINA\tPU:HJMNCDSX7.2\tSM:WT_CC_19T_167\tCN:MCGILL\tBC:TGACGGCCGT-NTGGTTGACT42S /storage/scratch/iee/dj20y461/Stickleback/G_aculeatus/FITNESS//data/ref_A_X/stickleback_v5_assembly_A_X.fasta(1122S) /storage/scratch/iee/dj20y461/Stickleback/G_aculeatus/FITNESS//data/trimmed/WT_CC_19T_167.R1.trimmed.fastq.gz wall time.
 /storage/scratch/iee/dj20y461/Stickleback/G_aculeatus/FITNESS//data/trimmed/WT_CC_19T_167.R2.trimmed.fastq.gz
[main] Real time: 1122.399 sec; CPU: 9630.821 sec
[bam_sort_core] merging from 0 files and 20 in-memory blocks...
