samblaster: Version 0.1.24
samblaster: Inputting from stdin
samblaster: Outputting to stdout
[M::bwa_idx_load_from_disk] read 0 ALT contigs
[M::process] read 1471314 sequences (200000130 bp)...
[M::mem_pestat] # candidate unique pairs for (FF, FR, RF, RR): (189, 563350, 129, 72)
[M::mem_pestat] analyzing insert size distribution for orientation FF...
[M::mem_pestat] (25, 50, 75) percentile: (304, 477, 731)
[M::mem_pestat] low and high boundaries for computing mean and std.dev: (1, 1585)
[M::mem_pestat] mean and std.dev: (502.92, 273.61)
[M::mem_pestat] low and high boundaries for proper pairs: (1, 2012)
[M::mem_pestat] analyzing insert size distribution for orientation FR...
[M::mem_pestat] (25, 50, 75) percentile: (296, 390, 507)
[M::mem_pestat] low and high boundaries for computing mean and std.dev: (1, 929)
[M::mem_pestat] mean and std.dev: (410.21, 158.79)
[M::mem_pestat] low and high boundaries for proper pairs: (1, 1140)
[M::mem_pestat] analyzing insert size distribution for orientation RF...
[M::mem_pestat] (25, 50, 75) percentile: (74, 492, 3098)
[M::mem_pestat] low and high boundaries for computing mean and std.dev: (1, 9146)
[M::mem_pestat] mean and std.dev: (1586.32, 2050.99)
[M::mem_pestat] low and high boundaries for proper pairs: (1, 12170)
[M::mem_pestat] analyzing insert size distribution for orientation RR...
[M::mem_pestat] (25, 50, 75) percentile: (210, 454, 924)
[M::mem_pestat] low and high boundaries for computing mean and std.dev: (1, 2352)
[M::mem_pestat] mean and std.dev: (519.83, 440.49)
[M::mem_pestat] low and high boundaries for proper pairs: (1, 3066)
[M::mem_pestat] skip orientation FF
[M::mem_pestat] skip orientation RF
[M::mem_pestat] skip orientation RR
[M::mem_process_seqs] Processed 1471314 reads in 480.570 CPU sec, 115.284 real sec
samblaster: Loaded 23 header sequence entries.
[M::process] read 1469136 sequences (200000061 bp)...
[M::process] read 1471478 sequences (200000194 bp)...
[M::mem_pestat] # candidate unique pairs for (FF, FR, RF, RR): (187, 562429, 125, 98)
[M::mem_pestat] analyzing insert size distribution for orientation FF...
[M::mem_pestat] (25, 50, 75) percentile: (295, 478, 732)
[M::mem_pestat] low and high boundaries for computing mean and std.dev: (1, 1606)
[M::mem_pestat] mean and std.dev: (519.12, 319.14)
[M::mem_pestat] low and high boundaries for proper pairs: (1, 2043)
[M::mem_pestat] analyzing insert size distribution for orientation FR...
[M::mem_pestat] (25, 50, 75) percentile: (302, 398, 518)
[M::mem_pestat] low and high boundaries for computing mean and std.dev: (1, 950)
[M::mem_pestat] mean and std.dev: (418.52, 161.69)
[M::mem_pestat] low and high boundaries for proper pairs: (1, 1166)
[M::mem_pestat] analyzing insert size distribution for orientation RF...
[M::mem_pestat] (25, 50, 75) percentile: (56, 256, 2085)
[M::mem_pestat] low and high boundaries for computing mean and std.dev: (1, 6143)
[M::mem_pestat] mean and std.dev: (1112.49, 1698.26)
[M::mem_pestat] low and high boundaries for proper pairs: (1, 8172)
[M::mem_pestat] analyzing insert size distribution for orientation RR...
[M::mem_pestat] (25, 50, 75) percentile: (227, 406, 856)
[M::mem_pestat] low and high boundaries for computing mean and std.dev: (1, 2114)
[M::mem_pestat] mean and std.dev: (519.91, 425.80)
[M::mem_pestat] low and high boundaries for proper pairs: (1, 2743)
[M::mem_pestat] skip orientation FF
[M::mem_pestat] skip orientation RF
[M::mem_pestat] skip orientation RR
[M::mem_process_seqs] Processed 1469136 reads in 450.758 CPU sec, 49.001 real sec
[M::process] read 1477156 sequences (200000128 bp)...
[M::mem_pestat] # candidate unique pairs for (FF, FR, RF, RR): (192, 561627, 137, 89)
[M::mem_pestat] analyzing insert size distribution for orientation FF...
[M::mem_pestat] (25, 50, 75) percentile: (352, 508, 694)
[M::mem_pestat] low and high boundaries for computing mean and std.dev: (1, 1378)
[M::mem_pestat] mean and std.dev: (506.40, 255.19)
[M::mem_pestat] low and high boundaries for proper pairs: (1, 1720)
[M::mem_pestat] analyzing insert size distribution for orientation FR...
[M::mem_pestat] (25, 50, 75) percentile: (301, 396, 514)
[M::mem_pestat] low and high boundaries for computing mean and std.dev: (1, 940)
[M::mem_pestat] mean and std.dev: (415.33, 158.41)
[M::mem_pestat] low and high boundaries for proper pairs: (1, 1153)
[M::mem_pestat] analyzing insert size distribution for orientation RF...
[M::mem_pestat] (25, 50, 75) percentile: (75, 485, 3897)
[M::mem_pestat] low and high boundaries for computing mean and std.dev: (1, 11541)
[M::mem_pestat] mean and std.dev: (2151.61, 2823.04)
[M::mem_pestat] low and high boundaries for proper pairs: (1, 15363)
[M::mem_pestat] analyzing insert size distribution for orientation RR...
[M::mem_pestat] (25, 50, 75) percentile: (223, 408, 896)
[M::mem_pestat] low and high boundaries for computing mean and std.dev: (1, 2242)
[M::mem_pestat] mean and std.dev: (508.24, 416.96)
[M::mem_pestat] low and high boundaries for proper pairs: (1, 2915)
[M::mem_pestat] skip orientation FF
[M::mem_pestat] skip orientation RF
[M::mem_pestat] skip orientation RR
[M::mem_process_seqs] Processed 1471478 reads in 453.435 CPU sec, 50.398 real sec
[M::mem_pestat] # candidate unique pairs for (FF, FR, RF, RR): (170, 560695, 158, 84)
[M::mem_pestat] analyzing insert size distribution for orientation FF...
[M::mem_pestat] (25, 50, 75) percentile: (309, 462, 665)
[M::mem_pestat] low and high boundaries for computing mean and std.dev: (1, 1377)
[M::mem_pestat] mean and std.dev: (483.33, 257.18)
[M::mem_pestat] low and high boundaries for proper pairs: (1, 1733)
[M::mem_pestat] analyzing insert size distribution for orientation FR...
[M::mem_pestat] (25, 50, 75) percentile: (297, 390, 501)
[M::mem_pestat] low and high boundaries for computing mean and std.dev: (1, 909)
[M::mem_pestat] mean and std.dev: (406.14, 150.80)
[M::mem_pestat] low and high boundaries for proper pairs: (1, 1113)
[M::mem_pestat] analyzing insert size distribution for orientation RF...
[M::mem_pestat] (25, 50, 75) percentile: (60, 638, 3245)
[M::mem_pestat] low and high boundaries for computing mean and std.dev: (1, 9615)
[M::mem_pestat] mean and std.dev: (1834.34, 2296.11)
[M::mem_pestat] low and high boundaries for proper pairs: (1, 12800)
[M::mem_pestat] analyzing insert size distribution for orientation RR...
[M::mem_pestat] (25, 50, 75) percentile: (195, 432, 919)
[M::mem_pestat] low and high boundaries for computing mean and std.dev: (1, 2367)
[M::mem_pestat] mean and std.dev: (553.46, 437.35)
[M::mem_pestat] low and high boundaries for proper pairs: (1, 3091)
[M::mem_pestat] skip orientation FF
[M::mem_pestat] skip orientation RF
[M::mem_pestat] skip orientation RR
[M::mem_process_seqs] Processed 1477156 reads in 471.234 CPU sec, 77.322 real sec
[M::process] read 1472072 sequences (200000029 bp)...
[M::process] read 1471482 sequences (200000050 bp)...
[M::mem_pestat] # candidate unique pairs for (FF, FR, RF, RR): (179, 563205, 124, 73)
[M::mem_pestat] analyzing insert size distribution for orientation FF...
[M::mem_pestat] (25, 50, 75) percentile: (292, 486, 773)
[M::mem_pestat] low and high boundaries for computing mean and std.dev: (1, 1735)
[M::mem_pestat] mean and std.dev: (518.77, 316.17)
[M::mem_pestat] low and high boundaries for proper pairs: (1, 2216)
[M::mem_pestat] analyzing insert size distribution for orientation FR...
[M::mem_pestat] (25, 50, 75) percentile: (297, 391, 507)
[M::mem_pestat] low and high boundaries for computing mean and std.dev: (1, 927)
[M::mem_pestat] mean and std.dev: (410.17, 156.89)
[M::mem_pestat] low and high boundaries for proper pairs: (1, 1137)
[M::mem_pestat] analyzing insert size distribution for orientation RF...
[M::mem_pestat] (25, 50, 75) percentile: (106, 653, 2466)
[M::mem_pestat] low and high boundaries for computing mean and std.dev: (1, 7186)
[M::mem_pestat] mean and std.dev: (1241.21, 1672.22)
[M::mem_pestat] low and high boundaries for proper pairs: (1, 9546)
[M::mem_pestat] analyzing insert size distribution for orientation RR...
[M::mem_pestat] (25, 50, 75) percentile: (214, 494, 1152)
[M::mem_pestat] low and high boundaries for computing mean and std.dev: (1, 3028)
[M::mem_pestat] mean and std.dev: (562.23, 539.05)
[M::mem_pestat] low and high boundaries for proper pairs: (1, 3966)
[M::mem_pestat] skip orientation FF
[M::mem_pestat] skip orientation RF
[M::mem_pestat] skip orientation RR
[M::mem_process_seqs] Processed 1472072 reads in 449.316 CPU sec, 47.110 real sec
[M::mem_pestat] # candidate unique pairs for (FF, FR, RF, RR): (196, 562398, 127, 73)
[M::mem_pestat] analyzing insert size distribution for orientation FF...
[M::mem_pestat] (25, 50, 75) percentile: (296, 477, 750)
[M::mem_pestat] low and high boundaries for computing mean and std.dev: (1, 1658)
[M::mem_pestat] mean and std.dev: (510.81, 308.19)
[M::mem_pestat] low and high boundaries for proper pairs: (1, 2112)
[M::mem_pestat] analyzing insert size distribution for orientation FR...
[M::mem_pestat] (25, 50, 75) percentile: (302, 397, 517)
[M::mem_pestat] low and high boundaries for computing mean and std.dev: (1, 947)
[M::mem_pestat] mean and std.dev: (417.52, 160.71)
[M::mem_pestat] low and high boundaries for proper pairs: (1, 1162)
[M::mem_pestat] analyzing insert size distribution for orientation RF...
[M::mem_pestat] (25, 50, 75) percentile: (157, 591, 3122)
[M::mem_pestat] low and high boundaries for computing mean and std.dev: (1, 9052)
[M::mem_pestat] mean and std.dev: (1646.45, 2257.19)
[M::mem_pestat] low and high boundaries for proper pairs: (1, 12017)
[M::mem_pestat] analyzing insert size distribution for orientation RR...
[M::mem_pestat] (25, 50, 75) percentile: (233, 426, 1136)
[M::mem_pestat] low and high boundaries for computing mean and std.dev: (1, 2942)
[M::mem_pestat] mean and std.dev: (679.90, 678.61)
[M::mem_pestat] low and high boundaries for proper pairs: (1, 3845)
[M::mem_pestat] skip orientation FF
[M::mem_pestat] skip orientation RF
[M::mem_pestat] skip orientation RR
[M::process] read 1474444 sequences (200000195 bp)...
[M::mem_process_seqs] Processed 1471482 reads in 451.953 CPU sec, 49.677 real sec
[M::mem_pestat] # candidate unique pairs for (FF, FR, RF, RR): (163, 560378, 143, 56)
[M::mem_pestat] analyzing insert size distribution for orientation FF...
[M::mem_pestat] (25, 50, 75) percentile: (306, 465, 724)
[M::mem_pestat] low and high boundaries for computing mean and std.dev: (1, 1560)
[M::mem_pestat] mean and std.dev: (499.13, 292.70)
[M::mem_pestat] low and high boundaries for proper pairs: (1, 1978)
[M::mem_pestat] analyzing insert size distribution for orientation FR...
[M::mem_pestat] (25, 50, 75) percentile: (301, 397, 514)
[M::mem_pestat] low and high boundaries for computing mean and std.dev: (1, 940)
[M::mem_pestat] mean and std.dev: (415.40, 157.90)
[M::mem_pestat] low and high boundaries for proper pairs: (1, 1153)
[M::mem_pestat] analyzing insert size distribution for orientation RF...
[M::mem_pestat] (25, 50, 75) percentile: (109, 602, 2555)
[M::mem_pestat] low and high boundaries for computing mean and std.dev: (1, 7447)
[M::mem_pestat] mean and std.dev: (1428.19, 1840.04)
[M::mem_pestat] low and high boundaries for proper pairs: (1, 9893)
[M::mem_pestat] analyzing insert size distribution for orientation RR...
[M::mem_pestat] (25, 50, 75) percentile: (212, 420, 1068)
[M::mem_pestat] low and high boundaries for computing mean and std.dev: (1, 2780)
[M::mem_pestat] mean and std.dev: (536.52, 529.22)
[M::mem_pestat] low and high boundaries for proper pairs: (1, 3636)
[M::mem_pestat] skip orientation FF
[M::mem_pestat] skip orientation RF
[M::mem_pestat] skip orientation RR
[M::mem_process_seqs] Processed 1474444 reads in 471.888 CPU sec, 77.034 real sec
[M::process] read 1481084 sequences (200000133 bp)...
[M::process] read 1472840 sequences (200000009 bp)...
[M::mem_pestat] # candidate unique pairs for (FF, FR, RF, RR): (195, 561591, 127, 67)
[M::mem_pestat] analyzing insert size distribution for orientation FF...
[M::mem_pestat] (25, 50, 75) percentile: (362, 501, 716)
[M::mem_pestat] low and high boundaries for computing mean and std.dev: (1, 1424)
[M::mem_pestat] mean and std.dev: (523.20, 274.51)
[M::mem_pestat] low and high boundaries for proper pairs: (1, 1778)
[M::mem_pestat] analyzing insert size distribution for orientation FR...
[M::mem_pestat] (25, 50, 75) percentile: (297, 389, 499)
[M::mem_pestat] low and high boundaries for computing mean and std.dev: (1, 903)
[M::mem_pestat] mean and std.dev: (404.47, 149.42)
[M::mem_pestat] low and high boundaries for proper pairs: (1, 1105)
[M::mem_pestat] analyzing insert size distribution for orientation RF...
[M::mem_pestat] (25, 50, 75) percentile: (119, 396, 2935)
[M::mem_pestat] low and high boundaries for computing mean and std.dev: (1, 8567)
[M::mem_pestat] mean and std.dev: (1567.67, 2204.60)
[M::mem_pestat] low and high boundaries for proper pairs: (1, 11383)
[M::mem_pestat] analyzing insert size distribution for orientation RR...
[M::mem_pestat] (25, 50, 75) percentile: (228, 412, 1031)
[M::mem_pestat] low and high boundaries for computing mean and std.dev: (1, 2637)
[M::mem_pestat] mean and std.dev: (559.90, 525.06)
[M::mem_pestat] low and high boundaries for proper pairs: (1, 3440)
[M::mem_pestat] skip orientation FF
[M::mem_pestat] skip orientation RF
[M::mem_pestat] skip orientation RR
[M::mem_process_seqs] Processed 1481084 reads in 454.892 CPU sec, 48.482 real sec
[M::mem_pestat] # candidate unique pairs for (FF, FR, RF, RR): (160, 561981, 187, 71)
[M::mem_pestat] analyzing insert size distribution for orientation FF...
[M::mem_pestat] (25, 50, 75) percentile: (319, 459, 688)
[M::mem_pestat] low and high boundaries for computing mean and std.dev: (1, 1426)
[M::mem_pestat] mean and std.dev: (505.79, 281.19)
[M::mem_pestat] low and high boundaries for proper pairs: (1, 1795)
[M::mem_pestat] analyzing insert size distribution for orientation FR...
[M::mem_pestat] (25, 50, 75) percentile: (298, 392, 508)
[M::mem_pestat] low and high boundaries for computing mean and std.dev: (1, 928)
[M::mem_pestat] mean and std.dev: (410.61, 156.62)
[M::mem_pestat] low and high boundaries for proper pairs: (1, 1138)
[M::mem_pestat] analyzing insert size distribution for orientation RF...
[M::mem_pestat] (25, 50, 75) percentile: (69, 320, 2547)
[M::mem_pestat] low and high boundaries for computing mean and std.dev: (1, 7503)
[M::mem_pestat] mean and std.dev: (1187.23, 1797.83)
[M::mem_pestat] low and high boundaries for proper pairs: (1, 9981)
[M::mem_pestat] analyzing insert size distribution for orientation RR...
[M::mem_pestat] (25, 50, 75) percentile: (224, 444, 1041)
[M::mem_pestat] low and high boundaries for computing mean and std.dev: (1, 2675)
[M::mem_pestat] mean and std.dev: (613.74, 549.09)
[M::mem_pestat] low and high boundaries for proper pairs: (1, 3492)
[M::mem_pestat] skip orientation FF
[M::mem_pestat] skip orientation RF
[M::mem_pestat] skip orientation RR
[M::process] read 1466442 sequences (200000246 bp)...
[M::mem_process_seqs] Processed 1472840 reads in 451.332 CPU sec, 48.907 real sec
[M::mem_pestat] # candidate unique pairs for (FF, FR, RF, RR): (166, 560953, 111, 74)
[M::mem_pestat] analyzing insert size distribution for orientation FF...
[M::mem_pestat] (25, 50, 75) percentile: (317, 497, 709)
[M::mem_pestat] low and high boundaries for computing mean and std.dev: (1, 1493)
[M::mem_pestat] mean and std.dev: (509.99, 266.46)
[M::mem_pestat] low and high boundaries for proper pairs: (1, 1885)
[M::mem_pestat] analyzing insert size distribution for orientation FR...
[M::mem_pestat] (25, 50, 75) percentile: (303, 400, 522)
[M::mem_pestat] low and high boundaries for computing mean and std.dev: (1, 960)
[M::mem_pestat] mean and std.dev: (421.55, 164.31)
[M::mem_pestat] low and high boundaries for proper pairs: (1, 1179)
[M::mem_pestat] analyzing insert size distribution for orientation RF...
[M::mem_pestat] (25, 50, 75) percentile: (81, 515, 3252)
[M::mem_pestat] low and high boundaries for computing mean and std.dev: (1, 9594)
[M::mem_pestat] mean and std.dev: (1782.22, 2366.79)
[M::mem_pestat] low and high boundaries for proper pairs: (1, 12765)
[M::mem_pestat] analyzing insert size distribution for orientation RR...
[M::mem_pestat] (25, 50, 75) percentile: (173, 350, 682)
[M::mem_pestat] low and high boundaries for computing mean and std.dev: (1, 1700)
[M::mem_pestat] mean and std.dev: (384.08, 318.61)
[M::mem_pestat] low and high boundaries for proper pairs: (1, 2209)
[M::mem_pestat] skip orientation FF
[M::mem_pestat] skip orientation RF
[M::mem_pestat] skip orientation RR
[M::process] read 1470368 sequences (200000155 bp)...
[M::mem_process_seqs] Processed 1466442 reads in 451.237 CPU sec, 48.883 real sec
[M::mem_pestat] # candidate unique pairs for (FF, FR, RF, RR): (173, 561469, 131, 79)
[M::mem_pestat] analyzing insert size distribution for orientation FF...
[M::mem_pestat] (25, 50, 75) percentile: (348, 525, 792)
[M::mem_pestat] low and high boundaries for computing mean and std.dev: (1, 1680)
[M::mem_pestat] mean and std.dev: (583.19, 334.26)
[M::mem_pestat] low and high boundaries for proper pairs: (1, 2124)
[M::mem_pestat] analyzing insert size distribution for orientation FR...
[M::mem_pestat] (25, 50, 75) percentile: (303, 399, 518)
[M::mem_pestat] low and high boundaries for computing mean and std.dev: (1, 948)
[M::mem_pestat] mean and std.dev: (418.97, 160.64)
[M::mem_pestat] low and high boundaries for proper pairs: (1, 1163)
[M::mem_pestat] analyzing insert size distribution for orientation RF...
[M::mem_pestat] (25, 50, 75) percentile: (113, 695, 3700)
[M::mem_pestat] low and high boundaries for computing mean and std.dev: (1, 10874)
[M::mem_pestat] mean and std.dev: (2099.53, 2658.45)
[M::mem_pestat] low and high boundaries for proper pairs: (1, 14461)
[M::mem_pestat] analyzing insert size distribution for orientation RR...
[M::mem_pestat] (25, 50, 75) percentile: (229, 505, 1322)
[M::mem_pestat] low and high boundaries for computing mean and std.dev: (1, 3508)
[M::mem_pestat] mean and std.dev: (622.81, 565.78)
[M::mem_pestat] low and high boundaries for proper pairs: (1, 4601)
[M::mem_pestat] skip orientation FF
[M::mem_pestat] skip orientation RF
[M::mem_pestat] skip orientation RR
[M::process] read 1476230 sequences (200000132 bp)...
[M::mem_process_seqs] Processed 1470368 reads in 452.954 CPU sec, 49.109 real sec
[M::mem_pestat] # candidate unique pairs for (FF, FR, RF, RR): (160, 561153, 129, 88)
[M::mem_pestat] analyzing insert size distribution for orientation FF...
[M::mem_pestat] (25, 50, 75) percentile: (330, 532, 769)
[M::mem_pestat] low and high boundaries for computing mean and std.dev: (1, 1647)
[M::mem_pestat] mean and std.dev: (550.72, 307.10)
[M::mem_pestat] low and high boundaries for proper pairs: (1, 2086)
[M::mem_pestat] analyzing insert size distribution for orientation FR...
[M::mem_pestat] (25, 50, 75) percentile: (299, 392, 506)
[M::mem_pestat] low and high boundaries for computing mean and std.dev: (1, 920)
[M::mem_pestat] mean and std.dev: (409.56, 153.08)
[M::mem_pestat] low and high boundaries for proper pairs: (1, 1127)
[M::mem_pestat] analyzing insert size distribution for orientation RF...
[M::mem_pestat] (25, 50, 75) percentile: (71, 342, 3939)
[M::mem_pestat] low and high boundaries for computing mean and std.dev: (1, 11675)
[M::mem_pestat] mean and std.dev: (1962.56, 2800.79)
[M::mem_pestat] low and high boundaries for proper pairs: (1, 15543)
[M::mem_pestat] analyzing insert size distribution for orientation RR...
[M::mem_pestat] (25, 50, 75) percentile: (265, 466, 1099)
[M::mem_pestat] low and high boundaries for computing mean and std.dev: (1, 2767)
[M::mem_pestat] mean and std.dev: (737.14, 673.06)
[M::mem_pestat] low and high boundaries for proper pairs: (1, 3601)
[M::mem_pestat] skip orientation FF
[M::mem_pestat] skip orientation RF
[M::mem_pestat] skip orientation RR
[M::mem_process_seqs] Processed 1476230 reads in 470.884 CPU sec, 75.981 real sec
[M::process] read 1477106 sequences (200000056 bp)...
[M::process] read 1466370 sequences (200000072 bp)...
[M::mem_pestat] # candidate unique pairs for (FF, FR, RF, RR): (184, 561931, 126, 92)
[M::mem_pestat] analyzing insert size distribution for orientation FF...
[M::mem_pestat] (25, 50, 75) percentile: (344, 502, 773)
[M::mem_pestat] low and high boundaries for computing mean and std.dev: (1, 1631)
[M::mem_pestat] mean and std.dev: (524.59, 290.41)
[M::mem_pestat] low and high boundaries for proper pairs: (1, 2060)
[M::mem_pestat] analyzing insert size distribution for orientation FR...
[M::mem_pestat] (25, 50, 75) percentile: (296, 389, 500)
[M::mem_pestat] low and high boundaries for computing mean and std.dev: (1, 908)
[M::mem_pestat] mean and std.dev: (405.18, 151.63)
[M::mem_pestat] low and high boundaries for proper pairs: (1, 1112)
[M::mem_pestat] analyzing insert size distribution for orientation RF...
[M::mem_pestat] (25, 50, 75) percentile: (58, 607, 2932)
[M::mem_pestat] low and high boundaries for computing mean and std.dev: (1, 8680)
[M::mem_pestat] mean and std.dev: (1728.48, 2225.99)
[M::mem_pestat] low and high boundaries for proper pairs: (1, 11554)
[M::mem_pestat] analyzing insert size distribution for orientation RR...
[M::mem_pestat] (25, 50, 75) percentile: (276, 570, 1797)
[M::mem_pestat] low and high boundaries for computing mean and std.dev: (1, 4839)
[M::mem_pestat] mean and std.dev: (956.61, 1000.03)
[M::mem_pestat] low and high boundaries for proper pairs: (1, 6360)
[M::mem_pestat] skip orientation FF
[M::mem_pestat] skip orientation RF
[M::mem_pestat] skip orientation RR
[M::mem_process_seqs] Processed 1477106 reads in 453.410 CPU sec, 47.842 real sec
[M::mem_pestat] # candidate unique pairs for (FF, FR, RF, RR): (166, 562876, 147, 73)
[M::mem_pestat] analyzing insert size distribution for orientation FF...
[M::mem_pestat] (25, 50, 75) percentile: (345, 519, 762)
[M::mem_pestat] low and high boundaries for computing mean and std.dev: (1, 1596)
[M::mem_pestat] mean and std.dev: (517.89, 265.93)
[M::mem_pestat] low and high boundaries for proper pairs: (1, 2013)
[M::mem_pestat] analyzing insert size distribution for orientation FR...
[M::mem_pestat] (25, 50, 75) percentile: (303, 399, 522)
[M::mem_pestat] low and high boundaries for computing mean and std.dev: (1, 960)
[M::mem_pestat] mean and std.dev: (421.14, 163.81)
[M::mem_pestat] low and high boundaries for proper pairs: (1, 1179)
[M::mem_pestat] analyzing insert size distribution for orientation RF...
[M::mem_pestat] (25, 50, 75) percentile: (157, 681, 4545)
[M::mem_pestat] low and high boundaries for computing mean and std.dev: (1, 13321)
[M::mem_pestat] mean and std.dev: (2344.97, 2889.10)
[M::mem_pestat] low and high boundaries for proper pairs: (1, 17709)
[M::mem_pestat] analyzing insert size distribution for orientation RR...
[M::mem_pestat] (25, 50, 75) percentile: (254, 417, 796)
[M::mem_pestat] low and high boundaries for computing mean and std.dev: (1, 1880)
[M::mem_pestat] mean and std.dev: (484.52, 368.52)
[M::mem_pestat] low and high boundaries for proper pairs: (1, 2422)
[M::mem_pestat] skip orientation FF
[M::mem_pestat] skip orientation RF
[M::mem_pestat] skip orientation RR
[M::process] read 1468890 sequences (200000025 bp)...
[M::mem_process_seqs] Processed 1466370 reads in 449.816 CPU sec, 49.565 real sec
[M::mem_pestat] # candidate unique pairs for (FF, FR, RF, RR): (173, 562432, 127, 66)
[M::mem_pestat] analyzing insert size distribution for orientation FF...
[M::mem_pestat] (25, 50, 75) percentile: (290, 438, 728)
[M::mem_pestat] low and high boundaries for computing mean and std.dev: (1, 1604)
[M::mem_pestat] mean and std.dev: (489.89, 299.02)
[M::mem_pestat] low and high boundaries for proper pairs: (1, 2042)
[M::mem_pestat] analyzing insert size distribution for orientation FR...
[M::mem_pestat] (25, 50, 75) percentile: (304, 399, 520)
[M::mem_pestat] low and high boundaries for computing mean and std.dev: (1, 952)
[M::mem_pestat] mean and std.dev: (420.12, 161.78)
[M::mem_pestat] low and high boundaries for proper pairs: (1, 1168)
[M::mem_pestat] analyzing insert size distribution for orientation RF...
[M::mem_pestat] (25, 50, 75) percentile: (192, 692, 3255)
[M::mem_pestat] low and high boundaries for computing mean and std.dev: (1, 9381)
[M::mem_pestat] mean and std.dev: (1823.70, 2360.54)
[M::mem_pestat] low and high boundaries for proper pairs: (1, 12444)
[M::mem_pestat] analyzing insert size distribution for orientation RR...
[M::mem_pestat] (25, 50, 75) percentile: (226, 471, 984)
[M::mem_pestat] low and high boundaries for computing mean and std.dev: (1, 2500)
[M::mem_pestat] mean and std.dev: (570.39, 500.78)
[M::mem_pestat] low and high boundaries for proper pairs: (1, 3258)
[M::mem_pestat] skip orientation FF
[M::mem_pestat] skip orientation RF
[M::mem_pestat] skip orientation RR
[M::process] read 1473498 sequences (200000075 bp)...
[M::mem_process_seqs] Processed 1468890 reads in 454.162 CPU sec, 49.166 real sec
[M::mem_pestat] # candidate unique pairs for (FF, FR, RF, RR): (175, 561335, 129, 84)
[M::mem_pestat] analyzing insert size distribution for orientation FF...
[M::mem_pestat] (25, 50, 75) percentile: (341, 519, 722)
[M::mem_pestat] low and high boundaries for computing mean and std.dev: (1, 1484)
[M::mem_pestat] mean and std.dev: (529.80, 275.63)
[M::mem_pestat] low and high boundaries for proper pairs: (1, 1865)
[M::mem_pestat] analyzing insert size distribution for orientation FR...
[M::mem_pestat] (25, 50, 75) percentile: (300, 394, 510)
[M::mem_pestat] low and high boundaries for computing mean and std.dev: (1, 930)
[M::mem_pestat] mean and std.dev: (412.64, 155.37)
[M::mem_pestat] low and high boundaries for proper pairs: (1, 1140)
[M::mem_pestat] analyzing insert size distribution for orientation RF...
[M::mem_pestat] (25, 50, 75) percentile: (72, 570, 3766)
[M::mem_pestat] low and high boundaries for computing mean and std.dev: (1, 11154)
[M::mem_pestat] mean and std.dev: (2157.22, 2947.92)
[M::mem_pestat] low and high boundaries for proper pairs: (1, 14848)
[M::mem_pestat] analyzing insert size distribution for orientation RR...
[M::mem_pestat] (25, 50, 75) percentile: (237, 406, 1059)
[M::mem_pestat] low and high boundaries for computing mean and std.dev: (1, 2703)
[M::mem_pestat] mean and std.dev: (543.82, 508.86)
[M::mem_pestat] low and high boundaries for proper pairs: (1, 3525)
[M::mem_pestat] skip orientation FF
[M::mem_pestat] skip orientation RF
[M::mem_pestat] skip orientation RR
[M::process] read 1479316 sequences (200000272 bp)...
[M::mem_process_seqs] Processed 1473498 reads in 453.985 CPU sec, 49.682 real sec
[M::mem_pestat] # candidate unique pairs for (FF, FR, RF, RR): (183, 562007, 131, 85)
[M::mem_pestat] analyzing insert size distribution for orientation FF...
[M::mem_pestat] (25, 50, 75) percentile: (342, 495, 705)
[M::mem_pestat] low and high boundaries for computing mean and std.dev: (1, 1431)
[M::mem_pestat] mean and std.dev: (480.45, 240.85)
[M::mem_pestat] low and high boundaries for proper pairs: (1, 1794)
[M::mem_pestat] analyzing insert size distribution for orientation FR...
[M::mem_pestat] (25, 50, 75) percentile: (296, 388, 499)
[M::mem_pestat] low and high boundaries for computing mean and std.dev: (1, 905)
[M::mem_pestat] mean and std.dev: (403.78, 149.32)
[M::mem_pestat] low and high boundaries for proper pairs: (1, 1108)
[M::mem_pestat] analyzing insert size distribution for orientation RF...
[M::mem_pestat] (25, 50, 75) percentile: (82, 608, 3998)
[M::mem_pestat] low and high boundaries for computing mean and std.dev: (1, 11830)
[M::mem_pestat] mean and std.dev: (2041.46, 2660.64)
[M::mem_pestat] low and high boundaries for proper pairs: (1, 15746)
[M::mem_pestat] analyzing insert size distribution for orientation RR...
[M::mem_pestat] (25, 50, 75) percentile: (289, 576, 1075)
[M::mem_pestat] low and high boundaries for computing mean and std.dev: (1, 2647)
[M::mem_pestat] mean and std.dev: (675.77, 595.86)
[M::mem_pestat] low and high boundaries for proper pairs: (1, 3433)
[M::mem_pestat] skip orientation FF
[M::mem_pestat] skip orientation RF
[M::mem_pestat] skip orientation RR
[M::process] read 1466560 sequences (200000011 bp)...
[M::mem_process_seqs] Processed 1479316 reads in 454.222 CPU sec, 49.228 real sec
[M::mem_pestat] # candidate unique pairs for (FF, FR, RF, RR): (175, 563316, 121, 65)
[M::mem_pestat] analyzing insert size distribution for orientation FF...
[M::mem_pestat] (25, 50, 75) percentile: (321, 503, 750)
[M::mem_pestat] low and high boundaries for computing mean and std.dev: (1, 1608)
[M::mem_pestat] mean and std.dev: (518.98, 278.63)
[M::mem_pestat] low and high boundaries for proper pairs: (1, 2037)
[M::mem_pestat] analyzing insert size distribution for orientation FR...
[M::mem_pestat] (25, 50, 75) percentile: (307, 403, 526)
[M::mem_pestat] low and high boundaries for computing mean and std.dev: (1, 964)
[M::mem_pestat] mean and std.dev: (424.66, 164.23)
[M::mem_pestat] low and high boundaries for proper pairs: (1, 1183)
[M::mem_pestat] analyzing insert size distribution for orientation RF...
[M::mem_pestat] (25, 50, 75) percentile: (77, 495, 2818)
[M::mem_pestat] low and high boundaries for computing mean and std.dev: (1, 8300)
[M::mem_pestat] mean and std.dev: (1335.19, 1842.52)
[M::mem_pestat] low and high boundaries for proper pairs: (1, 11041)
[M::mem_pestat] analyzing insert size distribution for orientation RR...
[M::mem_pestat] (25, 50, 75) percentile: (266, 490, 1346)
[M::mem_pestat] low and high boundaries for computing mean and std.dev: (1, 3506)
[M::mem_pestat] mean and std.dev: (747.87, 717.67)
[M::mem_pestat] low and high boundaries for proper pairs: (1, 4586)
[M::mem_pestat] skip orientation FF
[M::mem_pestat] skip orientation RF
[M::mem_pestat] skip orientation RR
[M::process] read 1467880 sequences (200000167 bp)...
[M::mem_process_seqs] Processed 1466560 reads in 448.105 CPU sec, 48.675 real sec
[M::mem_pestat] # candidate unique pairs for (FF, FR, RF, RR): (167, 562518, 149, 79)
[M::mem_pestat] analyzing insert size distribution for orientation FF...
[M::mem_pestat] (25, 50, 75) percentile: (311, 463, 681)
[M::mem_pestat] low and high boundaries for computing mean and std.dev: (1, 1421)
[M::mem_pestat] mean and std.dev: (496.57, 266.43)
[M::mem_pestat] low and high boundaries for proper pairs: (1, 1791)
[M::mem_pestat] analyzing insert size distribution for orientation FR...
[M::mem_pestat] (25, 50, 75) percentile: (306, 402, 522)
[M::mem_pestat] low and high boundaries for computing mean and std.dev: (1, 954)
[M::mem_pestat] mean and std.dev: (422.11, 161.48)
[M::mem_pestat] low and high boundaries for proper pairs: (1, 1170)
[M::mem_pestat] analyzing insert size distribution for orientation RF...
[M::mem_pestat] (25, 50, 75) percentile: (66, 303, 1699)
[M::mem_pestat] low and high boundaries for computing mean and std.dev: (1, 4965)
[M::mem_pestat] mean and std.dev: (790.79, 1188.50)
[M::mem_pestat] low and high boundaries for proper pairs: (1, 6598)
[M::mem_pestat] analyzing insert size distribution for orientation RR...
[M::mem_pestat] (25, 50, 75) percentile: (291, 460, 1009)
[M::mem_pestat] low and high boundaries for computing mean and std.dev: (1, 2445)
[M::mem_pestat] mean and std.dev: (531.27, 448.86)
[M::mem_pestat] low and high boundaries for proper pairs: (1, 3163)
[M::mem_pestat] skip orientation FF
[M::mem_pestat] skip orientation RF
[M::mem_pestat] skip orientation RR
[M::mem_process_seqs] Processed 1467880 reads in 468.246 CPU sec, 75.329 real sec
[M::process] read 1472250 sequences (200000011 bp)...
[M::process] read 1481194 sequences (200000149 bp)...
[M::mem_pestat] # candidate unique pairs for (FF, FR, RF, RR): (183, 562581, 159, 72)
[M::mem_pestat] analyzing insert size distribution for orientation FF...
[M::mem_pestat] (25, 50, 75) percentile: (300, 514, 695)
[M::mem_pestat] low and high boundaries for computing mean and std.dev: (1, 1485)
[M::mem_pestat] mean and std.dev: (521.85, 282.82)
[M::mem_pestat] low and high boundaries for proper pairs: (1, 1880)
[M::mem_pestat] analyzing insert size distribution for orientation FR...
[M::mem_pestat] (25, 50, 75) percentile: (304, 399, 516)
[M::mem_pestat] low and high boundaries for computing mean and std.dev: (1, 940)
[M::mem_pestat] mean and std.dev: (417.86, 157.56)
[M::mem_pestat] low and high boundaries for proper pairs: (1, 1152)
[M::mem_pestat] analyzing insert size distribution for orientation RF...
[M::mem_pestat] (25, 50, 75) percentile: (52, 394, 2980)
[M::mem_pestat] low and high boundaries for computing mean and std.dev: (1, 8836)
[M::mem_pestat] mean and std.dev: (1503.61, 2055.43)
[M::mem_pestat] low and high boundaries for proper pairs: (1, 11764)
[M::mem_pestat] analyzing insert size distribution for orientation RR...
[M::mem_pestat] (25, 50, 75) percentile: (227, 357, 899)
[M::mem_pestat] low and high boundaries for computing mean and std.dev: (1, 2243)
[M::mem_pestat] mean and std.dev: (464.62, 397.26)
[M::mem_pestat] low and high boundaries for proper pairs: (1, 2915)
[M::mem_pestat] skip orientation FF
[M::mem_pestat] skip orientation RF
[M::mem_pestat] skip orientation RR
[M::mem_process_seqs] Processed 1472250 reads in 452.427 CPU sec, 47.936 real sec
[M::mem_pestat] # candidate unique pairs for (FF, FR, RF, RR): (189, 562667, 140, 78)
[M::mem_pestat] analyzing insert size distribution for orientation FF...
[M::mem_pestat] (25, 50, 75) percentile: (306, 473, 730)
[M::mem_pestat] low and high boundaries for computing mean and std.dev: (1, 1578)
[M::mem_pestat] mean and std.dev: (505.11, 296.10)
[M::mem_pestat] low and high boundaries for proper pairs: (1, 2002)
[M::mem_pestat] analyzing insert size distribution for orientation FR...
[M::mem_pestat] (25, 50, 75) percentile: (298, 390, 500)
[M::mem_pestat] low and high boundaries for computing mean and std.dev: (1, 904)
[M::mem_pestat] mean and std.dev: (404.92, 147.89)
[M::mem_pestat] low and high boundaries for proper pairs: (1, 1106)
[M::mem_pestat] analyzing insert size distribution for orientation RF...
[M::mem_pestat] (25, 50, 75) percentile: (103, 553, 2974)
[M::mem_pestat] low and high boundaries for computing mean and std.dev: (1, 8716)
[M::mem_pestat] mean and std.dev: (1819.68, 2456.59)
[M::mem_pestat] low and high boundaries for proper pairs: (1, 11646)
[M::mem_pestat] analyzing insert size distribution for orientation RR...
[M::mem_pestat] (25, 50, 75) percentile: (201, 361, 874)
[M::mem_pestat] low and high boundaries for computing mean and std.dev: (1, 2220)
[M::mem_pestat] mean and std.dev: (477.97, 428.93)
[M::mem_pestat] low and high boundaries for proper pairs: (1, 2893)
[M::mem_pestat] skip orientation FF
[M::mem_pestat] skip orientation RF
[M::mem_pestat] skip orientation RR
[M::process] read 1465854 sequences (200000206 bp)...
[M::mem_process_seqs] Processed 1481194 reads in 454.153 CPU sec, 49.272 real sec
[M::mem_pestat] # candidate unique pairs for (FF, FR, RF, RR): (177, 564591, 124, 61)
[M::mem_pestat] analyzing insert size distribution for orientation FF...
[M::mem_pestat] (25, 50, 75) percentile: (305, 465, 718)
[M::mem_pestat] low and high boundaries for computing mean and std.dev: (1, 1544)
[M::mem_pestat] mean and std.dev: (484.65, 288.87)
[M::mem_pestat] low and high boundaries for proper pairs: (1, 1957)
[M::mem_pestat] analyzing insert size distribution for orientation FR...
[M::mem_pestat] (25, 50, 75) percentile: (305, 400, 520)
[M::mem_pestat] low and high boundaries for computing mean and std.dev: (1, 950)
[M::mem_pestat] mean and std.dev: (420.35, 161.39)
[M::mem_pestat] low and high boundaries for proper pairs: (1, 1165)
[M::mem_pestat] analyzing insert size distribution for orientation RF...
[M::mem_pestat] (25, 50, 75) percentile: (86, 384, 1838)
[M::mem_pestat] low and high boundaries for computing mean and std.dev: (1, 5342)
[M::mem_pestat] mean and std.dev: (860.39, 1218.85)
[M::mem_pestat] low and high boundaries for proper pairs: (1, 7094)
[M::mem_pestat] analyzing insert size distribution for orientation RR...
[M::mem_pestat] (25, 50, 75) percentile: (248, 587, 1150)
[M::mem_pestat] low and high boundaries for computing mean and std.dev: (1, 2954)
[M::mem_pestat] mean and std.dev: (680.50, 573.90)
[M::mem_pestat] low and high boundaries for proper pairs: (1, 3856)
[M::mem_pestat] skip orientation FF
[M::mem_pestat] skip orientation RF
[M::mem_pestat] skip orientation RR
[M::process] read 1466250 sequences (200000093 bp)...
[M::mem_process_seqs] Processed 1465854 reads in 443.453 CPU sec, 48.116 real sec
[M::mem_pestat] # candidate unique pairs for (FF, FR, RF, RR): (177, 564020, 129, 71)
[M::mem_pestat] analyzing insert size distribution for orientation FF...
[M::mem_pestat] (25, 50, 75) percentile: (283, 470, 717)
[M::mem_pestat] low and high boundaries for computing mean and std.dev: (1, 1585)
[M::mem_pestat] mean and std.dev: (501.71, 300.82)
[M::mem_pestat] low and high boundaries for proper pairs: (1, 2019)
[M::mem_pestat] analyzing insert size distribution for orientation FR...
[M::mem_pestat] (25, 50, 75) percentile: (305, 399, 518)
[M::mem_pestat] low and high boundaries for computing mean and std.dev: (1, 944)
[M::mem_pestat] mean and std.dev: (419.09, 159.89)
[M::mem_pestat] low and high boundaries for proper pairs: (1, 1157)
[M::mem_pestat] analyzing insert size distribution for orientation RF...
[M::mem_pestat] (25, 50, 75) percentile: (51, 621, 3849)
[M::mem_pestat] low and high boundaries for computing mean and std.dev: (1, 11445)
[M::mem_pestat] mean and std.dev: (1961.45, 2630.65)
[M::mem_pestat] low and high boundaries for proper pairs: (1, 15243)
[M::mem_pestat] analyzing insert size distribution for orientation RR...
[M::mem_pestat] (25, 50, 75) percentile: (234, 481, 1075)
[M::mem_pestat] low and high boundaries for computing mean and std.dev: (1, 2757)
[M::mem_pestat] mean and std.dev: (711.04, 686.89)
[M::mem_pestat] low and high boundaries for proper pairs: (1, 3598)
[M::mem_pestat] skip orientation FF
[M::mem_pestat] skip orientation RF
[M::mem_pestat] skip orientation RR
[M::process] read 1468964 sequences (200000222 bp)...
[M::mem_process_seqs] Processed 1466250 reads in 447.887 CPU sec, 48.533 real sec
[M::mem_pestat] # candidate unique pairs for (FF, FR, RF, RR): (167, 562999, 138, 72)
[M::mem_pestat] analyzing insert size distribution for orientation FF...
[M::mem_pestat] (25, 50, 75) percentile: (327, 499, 745)
[M::mem_pestat] low and high boundaries for computing mean and std.dev: (1, 1581)
[M::mem_pestat] mean and std.dev: (517.83, 282.81)
[M::mem_pestat] low and high boundaries for proper pairs: (1, 1999)
[M::mem_pestat] analyzing insert size distribution for orientation FR...
[M::mem_pestat] (25, 50, 75) percentile: (304, 398, 515)
[M::mem_pestat] low and high boundaries for computing mean and std.dev: (1, 937)
[M::mem_pestat] mean and std.dev: (417.29, 158.03)
[M::mem_pestat] low and high boundaries for proper pairs: (1, 1148)
[M::mem_pestat] analyzing insert size distribution for orientation RF...
[M::mem_pestat] (25, 50, 75) percentile: (82, 420, 1756)
[M::mem_pestat] low and high boundaries for computing mean and std.dev: (1, 5104)
[M::mem_pestat] mean and std.dev: (878.74, 1248.27)
[M::mem_pestat] low and high boundaries for proper pairs: (1, 6778)
[M::mem_pestat] analyzing insert size distribution for orientation RR...
[M::mem_pestat] (25, 50, 75) percentile: (304, 476, 1136)
[M::mem_pestat] low and high boundaries for computing mean and std.dev: (1, 2800)
[M::mem_pestat] mean and std.dev: (686.72, 573.21)
[M::mem_pestat] low and high boundaries for proper pairs: (1, 3632)
[M::mem_pestat] skip orientation FF
[M::mem_pestat] skip orientation RF
[M::mem_pestat] skip orientation RR
[M::process] read 1474438 sequences (200000131 bp)...
[M::mem_process_seqs] Processed 1468964 reads in 450.071 CPU sec, 48.702 real sec
[M::mem_pestat] # candidate unique pairs for (FF, FR, RF, RR): (176, 562177, 157, 70)
[M::mem_pestat] analyzing insert size distribution for orientation FF...
[M::mem_pestat] (25, 50, 75) percentile: (336, 510, 787)
[M::mem_pestat] low and high boundaries for computing mean and std.dev: (1, 1689)
[M::mem_pestat] mean and std.dev: (534.08, 287.51)
[M::mem_pestat] low and high boundaries for proper pairs: (1, 2140)
[M::mem_pestat] analyzing insert size distribution for orientation FR...
[M::mem_pestat] (25, 50, 75) percentile: (301, 395, 508)
[M::mem_pestat] low and high boundaries for computing mean and std.dev: (1, 922)
[M::mem_pestat] mean and std.dev: (411.56, 153.20)
[M::mem_pestat] low and high boundaries for proper pairs: (1, 1129)
[M::mem_pestat] analyzing insert size distribution for orientation RF...
[M::mem_pestat] (25, 50, 75) percentile: (30, 349, 2368)
[M::mem_pestat] low and high boundaries for computing mean and std.dev: (1, 7044)
[M::mem_pestat] mean and std.dev: (1232.19, 1907.06)
[M::mem_pestat] low and high boundaries for proper pairs: (1, 9382)
[M::mem_pestat] analyzing insert size distribution for orientation RR...
[M::mem_pestat] (25, 50, 75) percentile: (257, 527, 876)
[M::mem_pestat] low and high boundaries for computing mean and std.dev: (1, 2114)
[M::mem_pestat] mean and std.dev: (530.58, 396.08)
[M::mem_pestat] low and high boundaries for proper pairs: (1, 2733)
[M::mem_pestat] skip orientation FF
[M::mem_pestat] skip orientation RF
[M::mem_pestat] skip orientation RR
[M::mem_process_seqs] Processed 1474438 reads in 468.804 CPU sec, 77.266 real sec
[M::process] read 1484272 sequences (200000093 bp)...
[M::process] read 1483592 sequences (200000138 bp)...
[M::mem_pestat] # candidate unique pairs for (FF, FR, RF, RR): (184, 565692, 130, 89)
[M::mem_pestat] analyzing insert size distribution for orientation FF...
[M::mem_pestat] (25, 50, 75) percentile: (345, 489, 752)
[M::mem_pestat] low and high boundaries for computing mean and std.dev: (1, 1566)
[M::mem_pestat] mean and std.dev: (562.24, 314.78)
[M::mem_pestat] low and high boundaries for proper pairs: (1, 1973)
[M::mem_pestat] analyzing insert size distribution for orientation FR...
[M::mem_pestat] (25, 50, 75) percentile: (297, 392, 510)
[M::mem_pestat] low and high boundaries for computing mean and std.dev: (1, 936)
[M::mem_pestat] mean and std.dev: (411.74, 159.09)
[M::mem_pestat] low and high boundaries for proper pairs: (1, 1149)
[M::mem_pestat] analyzing insert size distribution for orientation RF...
[M::mem_pestat] (25, 50, 75) percentile: (93, 513, 2282)
[M::mem_pestat] low and high boundaries for computing mean and std.dev: (1, 6660)
[M::mem_pestat] mean and std.dev: (1293.02, 1808.84)
[M::mem_pestat] low and high boundaries for proper pairs: (1, 8849)
[M::mem_pestat] analyzing insert size distribution for orientation RR...
[M::mem_pestat] (25, 50, 75) percentile: (221, 494, 1144)
[M::mem_pestat] low and high boundaries for computing mean and std.dev: (1, 2990)
[M::mem_pestat] mean and std.dev: (614.13, 589.20)
[M::mem_pestat] low and high boundaries for proper pairs: (1, 3913)
[M::mem_pestat] skip orientation FF
[M::mem_pestat] skip orientation RF
[M::mem_pestat] skip orientation RR
[M::mem_process_seqs] Processed 1484272 reads in 500.205 CPU sec, 53.057 real sec
[M::process] read 1491726 sequences (200000061 bp)...
[M::mem_pestat] # candidate unique pairs for (FF, FR, RF, RR): (183, 565274, 145, 80)
[M::mem_pestat] analyzing insert size distribution for orientation FF...
[M::mem_pestat] (25, 50, 75) percentile: (291, 466, 726)
[M::mem_pestat] low and high boundaries for computing mean and std.dev: (1, 1596)
[M::mem_pestat] mean and std.dev: (489.87, 281.58)
[M::mem_pestat] low and high boundaries for proper pairs: (1, 2031)
[M::mem_pestat] analyzing insert size distribution for orientation FR...
[M::mem_pestat] (25, 50, 75) percentile: (304, 401, 525)
[M::mem_pestat] low and high boundaries for computing mean and std.dev: (1, 967)
[M::mem_pestat] mean and std.dev: (423.09, 165.74)
[M::mem_pestat] low and high boundaries for proper pairs: (1, 1188)
[M::mem_pestat] analyzing insert size distribution for orientation RF...
[M::mem_pestat] (25, 50, 75) percentile: (63, 771, 3314)
[M::mem_pestat] low and high boundaries for computing mean and std.dev: (1, 9816)
[M::mem_pestat] mean and std.dev: (2196.30, 2878.96)
[M::mem_pestat] low and high boundaries for proper pairs: (1, 13712)
[M::mem_pestat] analyzing insert size distribution for orientation RR...
[M::mem_pestat] (25, 50, 75) percentile: (230, 526, 1040)
[M::mem_pestat] low and high boundaries for computing mean and std.dev: (1, 2660)
[M::mem_pestat] mean and std.dev: (618.81, 506.65)
[M::mem_pestat] low and high boundaries for proper pairs: (1, 3470)
[M::mem_pestat] skip orientation FF
[M::mem_pestat] skip orientation RF
[M::mem_pestat] skip orientation RR
[M::mem_process_seqs] Processed 1483592 reads in 522.442 CPU sec, 57.083 real sec
[M::mem_pestat] # candidate unique pairs for (FF, FR, RF, RR): (176, 565509, 169, 91)
[M::mem_pestat] analyzing insert size distribution for orientation FF...
[M::mem_pestat] (25, 50, 75) percentile: (351, 516, 813)
[M::mem_pestat] low and high boundaries for computing mean and std.dev: (1, 1737)
[M::mem_pestat] mean and std.dev: (558.89, 298.19)
[M::mem_pestat] low and high boundaries for proper pairs: (1, 2199)
[M::mem_pestat] analyzing insert size distribution for orientation FR...
[M::mem_pestat] (25, 50, 75) percentile: (303, 399, 518)
[M::mem_pestat] low and high boundaries for computing mean and std.dev: (1, 948)
[M::mem_pestat] mean and std.dev: (418.19, 159.85)
[M::mem_pestat] low and high boundaries for proper pairs: (1, 1163)
[M::mem_pestat] analyzing insert size distribution for orientation RF...
[M::mem_pestat] (25, 50, 75) percentile: (119, 433, 3078)
[M::mem_pestat] low and high boundaries for computing mean and std.dev: (1, 8996)
[M::mem_pestat] mean and std.dev: (1594.63, 2123.79)
[M::mem_pestat] low and high boundaries for proper pairs: (1, 11955)
[M::mem_pestat] analyzing insert size distribution for orientation RR...
[M::mem_pestat] (25, 50, 75) percentile: (310, 569, 1457)
[M::mem_pestat] low and high boundaries for computing mean and std.dev: (1, 3751)
[M::mem_pestat] mean and std.dev: (903.46, 972.85)
[M::mem_pestat] low and high boundaries for proper pairs: (1, 4898)
[M::mem_pestat] skip orientation FF
[M::mem_pestat] skip orientation RF
[M::mem_pestat] skip orientation RR
[M::process] read 1492148 sequences (200000048 bp)...
[M::mem_process_seqs] Processed 1491726 reads in 466.633 CPU sec, 50.579 real sec
[M::mem_pestat] # candidate unique pairs for (FF, FR, RF, RR): (215, 564294, 136, 75)
[M::mem_pestat] analyzing insert size distribution for orientation FF...
[M::mem_pestat] (25, 50, 75) percentile: (320, 491, 717)
[M::mem_pestat] low and high boundaries for computing mean and std.dev: (1, 1511)
[M::mem_pestat] mean and std.dev: (502.86, 266.92)
[M::mem_pestat] low and high boundaries for proper pairs: (1, 1908)
[M::mem_pestat] analyzing insert size distribution for orientation FR...
[M::mem_pestat] (25, 50, 75) percentile: (300, 394, 510)
[M::mem_pestat] low and high boundaries for computing mean and std.dev: (1, 930)
[M::mem_pestat] mean and std.dev: (412.25, 155.23)
[M::mem_pestat] low and high boundaries for proper pairs: (1, 1140)
[M::mem_pestat] analyzing insert size distribution for orientation RF...
[M::mem_pestat] (25, 50, 75) percentile: (73, 299, 3275)
[M::mem_pestat] low and high boundaries for computing mean and std.dev: (1, 9679)
[M::mem_pestat] mean and std.dev: (1802.25, 2601.83)
[M::mem_pestat] low and high boundaries for proper pairs: (1, 12881)
[M::mem_pestat] analyzing insert size distribution for orientation RR...
[M::mem_pestat] (25, 50, 75) percentile: (207, 371, 739)
[M::mem_pestat] low and high boundaries for computing mean and std.dev: (1, 1803)
[M::mem_pestat] mean and std.dev: (434.30, 322.68)
[M::mem_pestat] low and high boundaries for proper pairs: (1, 2335)
[M::mem_pestat] skip orientation FF
[M::mem_pestat] skip orientation RF
[M::mem_pestat] skip orientation RR
[M::mem_process_seqs] Processed 1492148 reads in 471.208 CPU sec, 93.940 real sec
[M::process] read 1476840 sequences (200000035 bp)...
[M::process] read 1474172 sequences (200000100 bp)...
[M::mem_pestat] # candidate unique pairs for (FF, FR, RF, RR): (186, 564441, 152, 57)
[M::mem_pestat] analyzing insert size distribution for orientation FF...
[M::mem_pestat] (25, 50, 75) percentile: (313, 476, 747)
[M::mem_pestat] low and high boundaries for computing mean and std.dev: (1, 1615)
[M::mem_pestat] mean and std.dev: (502.83, 280.35)
[M::mem_pestat] low and high boundaries for proper pairs: (1, 2049)
[M::mem_pestat] analyzing insert size distribution for orientation FR...
[M::mem_pestat] (25, 50, 75) percentile: (300, 395, 515)
[M::mem_pestat] low and high boundaries for computing mean and std.dev: (1, 945)
[M::mem_pestat] mean and std.dev: (415.58, 161.37)
[M::mem_pestat] low and high boundaries for proper pairs: (1, 1160)
[M::mem_pestat] analyzing insert size distribution for orientation RF...
[M::mem_pestat] (25, 50, 75) percentile: (91, 417, 2219)
[M::mem_pestat] low and high boundaries for computing mean and std.dev: (1, 6475)
[M::mem_pestat] mean and std.dev: (1170.06, 1738.17)
[M::mem_pestat] low and high boundaries for proper pairs: (1, 8603)
[M::mem_pestat] analyzing insert size distribution for orientation RR...
[M::mem_pestat] (25, 50, 75) percentile: (278, 411, 883)
[M::mem_pestat] low and high boundaries for computing mean and std.dev: (1, 2093)
[M::mem_pestat] mean and std.dev: (508.19, 377.02)
[M::mem_pestat] low and high boundaries for proper pairs: (1, 2698)
[M::mem_pestat] skip orientation FF
[M::mem_pestat] skip orientation RF
[M::mem_pestat] skip orientation RR
[M::mem_process_seqs] Processed 1476840 reads in 455.683 CPU sec, 46.534 real sec
[M::mem_pestat] # candidate unique pairs for (FF, FR, RF, RR): (192, 562640, 149, 84)
[M::mem_pestat] analyzing insert size distribution for orientation FF...
[M::mem_pestat] (25, 50, 75) percentile: (338, 559, 841)
[M::mem_pestat] low and high boundaries for computing mean and std.dev: (1, 1847)
[M::mem_pestat] mean and std.dev: (579.12, 327.60)
[M::mem_pestat] low and high boundaries for proper pairs: (1, 2350)
[M::mem_pestat] analyzing insert size distribution for orientation FR...
[M::mem_pestat] (25, 50, 75) percentile: (304, 401, 525)
[M::mem_pestat] low and high boundaries for computing mean and std.dev: (1, 967)
[M::mem_pestat] mean and std.dev: (423.00, 166.00)
[M::mem_pestat] low and high boundaries for proper pairs: (1, 1188)
[M::mem_pestat] analyzing insert size distribution for orientation RF...
[M::mem_pestat] (25, 50, 75) percentile: (37, 599, 3118)
[M::mem_pestat] low and high boundaries for computing mean and std.dev: (1, 9280)
[M::mem_pestat] mean and std.dev: (1727.53, 2369.63)
[M::mem_pestat] low and high boundaries for proper pairs: (1, 12361)
[M::mem_pestat] analyzing insert size distribution for orientation RR...
[M::mem_pestat] (25, 50, 75) percentile: (253, 570, 1452)
[M::mem_pestat] low and high boundaries for computing mean and std.dev: (1, 3850)
[M::mem_pestat] mean and std.dev: (833.86, 855.35)
[M::mem_pestat] low and high boundaries for proper pairs: (1, 5049)
[M::mem_pestat] skip orientation FF
[M::mem_pestat] skip orientation RF
[M::mem_pestat] skip orientation RR
[M::process] read 1484256 sequences (200000198 bp)...
[M::mem_process_seqs] Processed 1474172 reads in 464.107 CPU sec, 50.133 real sec
[M::mem_pestat] # candidate unique pairs for (FF, FR, RF, RR): (204, 563920, 158, 88)
[M::mem_pestat] analyzing insert size distribution for orientation FF...
[M::mem_pestat] (25, 50, 75) percentile: (326, 497, 789)
[M::mem_pestat] low and high boundaries for computing mean and std.dev: (1, 1715)
[M::mem_pestat] mean and std.dev: (535.60, 309.24)
[M::mem_pestat] low and high boundaries for proper pairs: (1, 2178)
[M::mem_pestat] analyzing insert size distribution for orientation FR...
[M::mem_pestat] (25, 50, 75) percentile: (303, 399, 520)
[M::mem_pestat] low and high boundaries for computing mean and std.dev: (1, 954)
[M::mem_pestat] mean and std.dev: (419.76, 161.64)
[M::mem_pestat] low and high boundaries for proper pairs: (1, 1171)
[M::mem_pestat] analyzing insert size distribution for orientation RF...
[M::mem_pestat] (25, 50, 75) percentile: (87, 651, 2851)
[M::mem_pestat] low and high boundaries for computing mean and std.dev: (1, 8379)
[M::mem_pestat] mean and std.dev: (1581.62, 2165.58)
[M::mem_pestat] low and high boundaries for proper pairs: (1, 11143)
[M::mem_pestat] analyzing insert size distribution for orientation RR...
[M::mem_pestat] (25, 50, 75) percentile: (204, 421, 725)
[M::mem_pestat] low and high boundaries for computing mean and std.dev: (1, 1767)
[M::mem_pestat] mean and std.dev: (439.67, 310.26)
[M::mem_pestat] low and high boundaries for proper pairs: (1, 2288)
[M::mem_pestat] skip orientation FF
[M::mem_pestat] skip orientation RF
[M::mem_pestat] skip orientation RR
[M::process] read 1488518 sequences (200000023 bp)...
[M::mem_process_seqs] Processed 1484256 reads in 469.693 CPU sec, 50.748 real sec
[M::mem_pestat] # candidate unique pairs for (FF, FR, RF, RR): (168, 563412, 155, 80)
[M::mem_pestat] analyzing insert size distribution for orientation FF...
[M::mem_pestat] (25, 50, 75) percentile: (341, 479, 800)
[M::mem_pestat] low and high boundaries for computing mean and std.dev: (1, 1718)
[M::mem_pestat] mean and std.dev: (517.25, 294.93)
[M::mem_pestat] low and high boundaries for proper pairs: (1, 2177)
[M::mem_pestat] analyzing insert size distribution for orientation FR...
[M::mem_pestat] (25, 50, 75) percentile: (300, 394, 509)
[M::mem_pestat] low and high boundaries for computing mean and std.dev: (1, 927)
[M::mem_pestat] mean and std.dev: (411.85, 155.13)
[M::mem_pestat] low and high boundaries for proper pairs: (1, 1136)
[M::mem_pestat] analyzing insert size distribution for orientation RF...
[M::mem_pestat] (25, 50, 75) percentile: (94, 600, 2870)
[M::mem_pestat] low and high boundaries for computing mean and std.dev: (1, 8422)
[M::mem_pestat] mean and std.dev: (1517.60, 2068.90)
[M::mem_pestat] low and high boundaries for proper pairs: (1, 11198)
[M::mem_pestat] analyzing insert size distribution for orientation RR...
[M::mem_pestat] (25, 50, 75) percentile: (238, 404, 1701)
[M::mem_pestat] low and high boundaries for computing mean and std.dev: (1, 4627)
[M::mem_pestat] mean and std.dev: (848.61, 856.08)
[M::mem_pestat] low and high boundaries for proper pairs: (1, 6090)
[M::mem_pestat] skip orientation FF
[M::mem_pestat] skip orientation RF
[M::mem_pestat] skip orientation RR
[M::process] read 1476200 sequences (200000027 bp)...
[M::mem_process_seqs] Processed 1488518 reads in 471.489 CPU sec, 51.040 real sec
[M::mem_pestat] # candidate unique pairs for (FF, FR, RF, RR): (181, 562761, 139, 87)
[M::mem_pestat] analyzing insert size distribution for orientation FF...
[M::mem_pestat] (25, 50, 75) percentile: (349, 545, 790)
[M::mem_pestat] low and high boundaries for computing mean and std.dev: (1, 1672)
[M::mem_pestat] mean and std.dev: (606.04, 334.69)
[M::mem_pestat] low and high boundaries for proper pairs: (1, 2113)
[M::mem_pestat] analyzing insert size distribution for orientation FR...
[M::mem_pestat] (25, 50, 75) percentile: (300, 396, 517)
[M::mem_pestat] low and high boundaries for computing mean and std.dev: (1, 951)
[M::mem_pestat] mean and std.dev: (416.87, 162.50)
[M::mem_pestat] low and high boundaries for proper pairs: (1, 1168)
[M::mem_pestat] analyzing insert size distribution for orientation RF...
[M::mem_pestat] (25, 50, 75) percentile: (115, 544, 3401)
[M::mem_pestat] low and high boundaries for computing mean and std.dev: (1, 9973)
[M::mem_pestat] mean and std.dev: (2146.20, 2768.28)
[M::mem_pestat] low and high boundaries for proper pairs: (1, 13259)
[M::mem_pestat] analyzing insert size distribution for orientation RR...
[M::mem_pestat] (25, 50, 75) percentile: (291, 559, 926)
[M::mem_pestat] low and high boundaries for computing mean and std.dev: (1, 2196)
[M::mem_pestat] mean and std.dev: (557.50, 374.33)
[M::mem_pestat] low and high boundaries for proper pairs: (1, 2831)
[M::mem_pestat] skip orientation FF
[M::mem_pestat] skip orientation RF
[M::mem_pestat] skip orientation RR
[M::process] read 1469988 sequences (200000075 bp)...
[M::mem_process_seqs] Processed 1476200 reads in 455.892 CPU sec, 49.436 real sec
[M::mem_pestat] # candidate unique pairs for (FF, FR, RF, RR): (191, 561509, 144, 61)
[M::mem_pestat] analyzing insert size distribution for orientation FF...
[M::mem_pestat] (25, 50, 75) percentile: (303, 469, 777)
[M::mem_pestat] low and high boundaries for computing mean and std.dev: (1, 1725)
[M::mem_pestat] mean and std.dev: (531.86, 346.11)
[M::mem_pestat] low and high boundaries for proper pairs: (1, 2199)
[M::mem_pestat] analyzing insert size distribution for orientation FR...
[M::mem_pestat] (25, 50, 75) percentile: (306, 404, 531)
[M::mem_pestat] low and high boundaries for computing mean and std.dev: (1, 981)
[M::mem_pestat] mean and std.dev: (427.55, 169.88)
[M::mem_pestat] low and high boundaries for proper pairs: (1, 1206)
[M::mem_pestat] analyzing insert size distribution for orientation RF...
[M::mem_pestat] (25, 50, 75) percentile: (133, 719, 3344)
[M::mem_pestat] low and high boundaries for computing mean and std.dev: (1, 9766)
[M::mem_pestat] mean and std.dev: (2079.21, 2662.12)
[M::mem_pestat] low and high boundaries for proper pairs: (1, 12977)
[M::mem_pestat] analyzing insert size distribution for orientation RR...
[M::mem_pestat] (25, 50, 75) percentile: (286, 544, 978)
[M::mem_pestat] low and high boundaries for computing mean and std.dev: (1, 2362)
[M::mem_pestat] mean and std.dev: (602.77, 416.67)
[M::mem_pestat] low and high boundaries for proper pairs: (1, 3054)
[M::mem_pestat] skip orientation FF
[M::mem_pestat] skip orientation RF
[M::mem_pestat] skip orientation RR
[M::process] read 1475480 sequences (200000254 bp)...
[M::mem_process_seqs] Processed 1469988 reads in 456.130 CPU sec, 49.543 real sec
[M::mem_pestat] # candidate unique pairs for (FF, FR, RF, RR): (168, 561396, 139, 79)
[M::mem_pestat] analyzing insert size distribution for orientation FF...
[M::mem_pestat] (25, 50, 75) percentile: (348, 509, 803)
[M::mem_pestat] low and high boundaries for computing mean and std.dev: (1, 1713)
[M::mem_pestat] mean and std.dev: (555.73, 319.03)
[M::mem_pestat] low and high boundaries for proper pairs: (1, 2168)
[M::mem_pestat] analyzing insert size distribution for orientation FR...
[M::mem_pestat] (25, 50, 75) percentile: (306, 404, 528)
[M::mem_pestat] low and high boundaries for computing mean and std.dev: (1, 972)
[M::mem_pestat] mean and std.dev: (425.87, 166.55)
[M::mem_pestat] low and high boundaries for proper pairs: (1, 1194)
[M::mem_pestat] analyzing insert size distribution for orientation RF...
[M::mem_pestat] (25, 50, 75) percentile: (93, 595, 3213)
[M::mem_pestat] low and high boundaries for computing mean and std.dev: (1, 9453)
[M::mem_pestat] mean and std.dev: (1927.64, 2504.94)
[M::mem_pestat] low and high boundaries for proper pairs: (1, 12573)
[M::mem_pestat] analyzing insert size distribution for orientation RR...
[M::mem_pestat] (25, 50, 75) percentile: (237, 384, 774)
[M::mem_pestat] low and high boundaries for computing mean and std.dev: (1, 1848)
[M::mem_pestat] mean and std.dev: (430.31, 336.08)
[M::mem_pestat] low and high boundaries for proper pairs: (1, 2385)
[M::mem_pestat] skip orientation FF
[M::mem_pestat] skip orientation RF
[M::mem_pestat] skip orientation RR
[M::process] read 1478214 sequences (200000058 bp)...
[M::mem_process_seqs] Processed 1475480 reads in 468.988 CPU sec, 50.669 real sec
[M::mem_pestat] # candidate unique pairs for (FF, FR, RF, RR): (191, 560309, 164, 90)
[M::mem_pestat] analyzing insert size distribution for orientation FF...
[M::mem_pestat] (25, 50, 75) percentile: (342, 508, 724)
[M::mem_pestat] low and high boundaries for computing mean and std.dev: (1, 1488)
[M::mem_pestat] mean and std.dev: (526.21, 272.69)
[M::mem_pestat] low and high boundaries for proper pairs: (1, 1870)
[M::mem_pestat] analyzing insert size distribution for orientation FR...
[M::mem_pestat] (25, 50, 75) percentile: (302, 398, 519)
[M::mem_pestat] low and high boundaries for computing mean and std.dev: (1, 953)
[M::mem_pestat] mean and std.dev: (418.64, 161.22)
[M::mem_pestat] low and high boundaries for proper pairs: (1, 1170)
[M::mem_pestat] analyzing insert size distribution for orientation RF...
[M::mem_pestat] (25, 50, 75) percentile: (59, 400, 2928)
[M::mem_pestat] low and high boundaries for computing mean and std.dev: (1, 8666)
[M::mem_pestat] mean and std.dev: (1524.67, 2083.44)
[M::mem_pestat] low and high boundaries for proper pairs: (1, 11535)
[M::mem_pestat] analyzing insert size distribution for orientation RR...
[M::mem_pestat] (25, 50, 75) percentile: (238, 470, 1393)
[M::mem_pestat] low and high boundaries for computing mean and std.dev: (1, 3703)
[M::mem_pestat] mean and std.dev: (873.88, 924.51)
[M::mem_pestat] low and high boundaries for proper pairs: (1, 4858)
[M::mem_pestat] skip orientation FF
[M::mem_pestat] skip orientation RF
[M::mem_pestat] skip orientation RR
[M::mem_process_seqs] Processed 1478214 reads in 483.998 CPU sec, 78.264 real sec
[M::process] read 1476974 sequences (200000060 bp)...
[M::process] read 1469644 sequences (200000096 bp)...
[M::mem_pestat] # candidate unique pairs for (FF, FR, RF, RR): (162, 562837, 163, 89)
[M::mem_pestat] analyzing insert size distribution for orientation FF...
[M::mem_pestat] (25, 50, 75) percentile: (349, 494, 726)
[M::mem_pestat] low and high boundaries for computing mean and std.dev: (1, 1480)
[M::mem_pestat] mean and std.dev: (519.05, 275.42)
[M::mem_pestat] low and high boundaries for proper pairs: (1, 1857)
[M::mem_pestat] analyzing insert size distribution for orientation FR...
[M::mem_pestat] (25, 50, 75) percentile: (300, 395, 515)
[M::mem_pestat] low and high boundaries for computing mean and std.dev: (1, 945)
[M::mem_pestat] mean and std.dev: (415.75, 160.78)
[M::mem_pestat] low and high boundaries for proper pairs: (1, 1160)
[M::mem_pestat] analyzing insert size distribution for orientation RF...
[M::mem_pestat] (25, 50, 75) percentile: (94, 480, 2691)
[M::mem_pestat] low and high boundaries for computing mean and std.dev: (1, 7885)
[M::mem_pestat] mean and std.dev: (1347.60, 1828.88)
[M::mem_pestat] low and high boundaries for proper pairs: (1, 10482)
[M::mem_pestat] analyzing insert size distribution for orientation RR...
[M::mem_pestat] (25, 50, 75) percentile: (225, 439, 822)
[M::mem_pestat] low and high boundaries for computing mean and std.dev: (1, 2016)
[M::mem_pestat] mean and std.dev: (487.99, 364.95)
[M::mem_pestat] low and high boundaries for proper pairs: (1, 2613)
[M::mem_pestat] skip orientation FF
[M::mem_pestat] skip orientation RF
[M::mem_pestat] skip orientation RR
[M::mem_process_seqs] Processed 1476974 reads in 455.673 CPU sec, 47.798 real sec
[M::mem_pestat] # candidate unique pairs for (FF, FR, RF, RR): (166, 562457, 127, 88)
[M::mem_pestat] analyzing insert size distribution for orientation FF...
[M::mem_pestat] (25, 50, 75) percentile: (356, 482, 759)
[M::mem_pestat] low and high boundaries for computing mean and std.dev: (1, 1565)
[M::mem_pestat] mean and std.dev: (538.07, 291.41)
[M::mem_pestat] low and high boundaries for proper pairs: (1, 1968)
[M::mem_pestat] analyzing insert size distribution for orientation FR...
[M::mem_pestat] (25, 50, 75) percentile: (306, 404, 531)
[M::mem_pestat] low and high boundaries for computing mean and std.dev: (1, 981)
[M::mem_pestat] mean and std.dev: (427.56, 169.13)
[M::mem_pestat] low and high boundaries for proper pairs: (1, 1206)
[M::mem_pestat] analyzing insert size distribution for orientation RF...
[M::mem_pestat] (25, 50, 75) percentile: (147, 1046, 4296)
[M::mem_pestat] low and high boundaries for computing mean and std.dev: (1, 12594)
[M::mem_pestat] mean and std.dev: (2406.71, 2868.07)
[M::mem_pestat] low and high boundaries for proper pairs: (1, 16743)
[M::mem_pestat] analyzing insert size distribution for orientation RR...
[M::mem_pestat] (25, 50, 75) percentile: (254, 542, 1192)
[M::mem_pestat] low and high boundaries for computing mean and std.dev: (1, 3068)
[M::mem_pestat] mean and std.dev: (754.79, 666.01)
[M::mem_pestat] low and high boundaries for proper pairs: (1, 4006)
[M::mem_pestat] skip orientation FF
[M::mem_pestat] skip orientation RF
[M::mem_pestat] skip orientation RR
[M::process] read 1472684 sequences (200000069 bp)...
[M::mem_process_seqs] Processed 1469644 reads in 453.374 CPU sec, 49.135 real sec
[M::mem_pestat] # candidate unique pairs for (FF, FR, RF, RR): (161, 562882, 143, 89)
[M::mem_pestat] analyzing insert size distribution for orientation FF...
[M::mem_pestat] (25, 50, 75) percentile: (367, 533, 859)
[M::mem_pestat] low and high boundaries for computing mean and std.dev: (1, 1843)
[M::mem_pestat] mean and std.dev: (576.38, 329.34)
[M::mem_pestat] low and high boundaries for proper pairs: (1, 2335)
[M::mem_pestat] analyzing insert size distribution for orientation FR...
[M::mem_pestat] (25, 50, 75) percentile: (306, 405, 530)
[M::mem_pestat] low and high boundaries for computing mean and std.dev: (1, 978)
[M::mem_pestat] mean and std.dev: (427.02, 167.46)
[M::mem_pestat] low and high boundaries for proper pairs: (1, 1202)
[M::mem_pestat] analyzing insert size distribution for orientation RF...
[M::mem_pestat] (25, 50, 75) percentile: (97, 444, 3354)
[M::mem_pestat] low and high boundaries for computing mean and std.dev: (1, 9868)
[M::mem_pestat] mean and std.dev: (1741.88, 2419.55)
[M::mem_pestat] low and high boundaries for proper pairs: (1, 13125)
[M::mem_pestat] analyzing insert size distribution for orientation RR...
[M::mem_pestat] (25, 50, 75) percentile: (197, 425, 1102)
[M::mem_pestat] low and high boundaries for computing mean and std.dev: (1, 2912)
[M::mem_pestat] mean and std.dev: (544.38, 477.45)
[M::mem_pestat] low and high boundaries for proper pairs: (1, 3817)
[M::mem_pestat] skip orientation FF
[M::mem_pestat] skip orientation RF
[M::mem_pestat] skip orientation RR
[M::process] read 1476540 sequences (200000222 bp)...
[M::mem_process_seqs] Processed 1472684 reads in 455.897 CPU sec, 49.327 real sec
[M::mem_pestat] # candidate unique pairs for (FF, FR, RF, RR): (163, 561601, 134, 88)
[M::mem_pestat] analyzing insert size distribution for orientation FF...
[M::mem_pestat] (25, 50, 75) percentile: (328, 491, 751)
[M::mem_pestat] low and high boundaries for computing mean and std.dev: (1, 1597)
[M::mem_pestat] mean and std.dev: (551.58, 309.14)
[M::mem_pestat] low and high boundaries for proper pairs: (1, 2020)
[M::mem_pestat] analyzing insert size distribution for orientation FR...
[M::mem_pestat] (25, 50, 75) percentile: (304, 400, 521)
[M::mem_pestat] low and high boundaries for computing mean and std.dev: (1, 955)
[M::mem_pestat] mean and std.dev: (420.75, 162.30)
[M::mem_pestat] low and high boundaries for proper pairs: (1, 1172)
[M::mem_pestat] analyzing insert size distribution for orientation RF...
[M::mem_pestat] (25, 50, 75) percentile: (49, 716, 2601)
[M::mem_pestat] low and high boundaries for computing mean and std.dev: (1, 7705)
[M::mem_pestat] mean and std.dev: (1424.48, 1813.77)
[M::mem_pestat] low and high boundaries for proper pairs: (1, 10257)
[M::mem_pestat] analyzing insert size distribution for orientation RR...
[M::mem_pestat] (25, 50, 75) percentile: (259, 390, 938)
[M::mem_pestat] low and high boundaries for computing mean and std.dev: (1, 2296)
[M::mem_pestat] mean and std.dev: (542.56, 452.78)
[M::mem_pestat] low and high boundaries for proper pairs: (1, 2975)
[M::mem_pestat] skip orientation FF
[M::mem_pestat] skip orientation RF
[M::mem_pestat] skip orientation RR
[M::mem_process_seqs] Processed 1476540 reads in 474.983 CPU sec, 78.617 real sec
[M::process] read 1481486 sequences (200000017 bp)...
[M::process] read 1470766 sequences (200000184 bp)...
[M::mem_pestat] # candidate unique pairs for (FF, FR, RF, RR): (172, 563620, 124, 69)
[M::mem_pestat] analyzing insert size distribution for orientation FF...
[M::mem_pestat] (25, 50, 75) percentile: (340, 527, 874)
[M::mem_pestat] low and high boundaries for computing mean and std.dev: (1, 1942)
[M::mem_pestat] mean and std.dev: (603.18, 378.12)
[M::mem_pestat] low and high boundaries for proper pairs: (1, 2476)
[M::mem_pestat] analyzing insert size distribution for orientation FR...
[M::mem_pestat] (25, 50, 75) percentile: (302, 397, 516)
[M::mem_pestat] low and high boundaries for computing mean and std.dev: (1, 944)
[M::mem_pestat] mean and std.dev: (416.61, 158.98)
[M::mem_pestat] low and high boundaries for proper pairs: (1, 1158)
[M::mem_pestat] analyzing insert size distribution for orientation RF...
[M::mem_pestat] (25, 50, 75) percentile: (104, 640, 3123)
[M::mem_pestat] low and high boundaries for computing mean and std.dev: (1, 9161)
[M::mem_pestat] mean and std.dev: (1837.10, 2270.95)
[M::mem_pestat] low and high boundaries for proper pairs: (1, 12180)
[M::mem_pestat] analyzing insert size distribution for orientation RR...
[M::mem_pestat] (25, 50, 75) percentile: (246, 527, 956)
[M::mem_pestat] low and high boundaries for computing mean and std.dev: (1, 2376)
[M::mem_pestat] mean and std.dev: (635.77, 501.61)
[M::mem_pestat] low and high boundaries for proper pairs: (1, 3086)
[M::mem_pestat] skip orientation FF
[M::mem_pestat] skip orientation RF
[M::mem_pestat] skip orientation RR
[M::mem_process_seqs] Processed 1481486 reads in 466.542 CPU sec, 48.976 real sec
[M::mem_pestat] # candidate unique pairs for (FF, FR, RF, RR): (165, 563767, 136, 82)
[M::mem_pestat] analyzing insert size distribution for orientation FF...
[M::mem_pestat] (25, 50, 75) percentile: (340, 548, 742)
[M::mem_pestat] low and high boundaries for computing mean and std.dev: (1, 1546)
[M::mem_pestat] mean and std.dev: (553.64, 299.60)
[M::mem_pestat] low and high boundaries for proper pairs: (1, 1948)
[M::mem_pestat] analyzing insert size distribution for orientation FR...
[M::mem_pestat] (25, 50, 75) percentile: (309, 407, 534)
[M::mem_pestat] low and high boundaries for computing mean and std.dev: (1, 984)
[M::mem_pestat] mean and std.dev: (430.22, 169.17)
[M::mem_pestat] low and high boundaries for proper pairs: (1, 1209)
[M::mem_pestat] analyzing insert size distribution for orientation RF...
[M::mem_pestat] (25, 50, 75) percentile: (80, 490, 3842)
[M::mem_pestat] low and high boundaries for computing mean and std.dev: (1, 11366)
[M::mem_pestat] mean and std.dev: (1984.35, 2500.01)
[M::mem_pestat] low and high boundaries for proper pairs: (1, 15128)
[M::mem_pestat] analyzing insert size distribution for orientation RR...
[M::mem_pestat] (25, 50, 75) percentile: (267, 458, 1030)
[M::mem_pestat] low and high boundaries for computing mean and std.dev: (1, 2556)
[M::mem_pestat] mean and std.dev: (574.88, 465.10)
[M::mem_pestat] low and high boundaries for proper pairs: (1, 3319)
[M::mem_pestat] skip orientation FF
[M::mem_pestat] skip orientation RF
[M::mem_pestat] skip orientation RR
[M::process] read 1473064 sequences (200000101 bp)...
[M::mem_process_seqs] Processed 1470766 reads in 456.544 CPU sec, 49.446 real sec
[M::mem_pestat] # candidate unique pairs for (FF, FR, RF, RR): (163, 562292, 150, 75)
[M::mem_pestat] analyzing insert size distribution for orientation FF...
[M::mem_pestat] (25, 50, 75) percentile: (327, 479, 759)
[M::mem_pestat] low and high boundaries for computing mean and std.dev: (1, 1623)
[M::mem_pestat] mean and std.dev: (516.30, 291.05)
[M::mem_pestat] low and high boundaries for proper pairs: (1, 2055)
[M::mem_pestat] analyzing insert size distribution for orientation FR...
[M::mem_pestat] (25, 50, 75) percentile: (309, 407, 531)
[M::mem_pestat] low and high boundaries for computing mean and std.dev: (1, 975)
[M::mem_pestat] mean and std.dev: (428.52, 166.69)
[M::mem_pestat] low and high boundaries for proper pairs: (1, 1197)
[M::mem_pestat] analyzing insert size distribution for orientation RF...
[M::mem_pestat] (25, 50, 75) percentile: (92, 438, 1945)
[M::mem_pestat] low and high boundaries for computing mean and std.dev: (1, 5651)
[M::mem_pestat] mean and std.dev: (1081.09, 1417.58)
[M::mem_pestat] low and high boundaries for proper pairs: (1, 7504)
[M::mem_pestat] analyzing insert size distribution for orientation RR...
[M::mem_pestat] (25, 50, 75) percentile: (263, 578, 922)
[M::mem_pestat] low and high boundaries for computing mean and std.dev: (1, 2240)
[M::mem_pestat] mean and std.dev: (611.30, 474.58)
[M::mem_pestat] low and high boundaries for proper pairs: (1, 2899)
[M::mem_pestat] skip orientation FF
[M::mem_pestat] skip orientation RF
[M::mem_pestat] skip orientation RR
[M::process] read 1475854 sequences (200000029 bp)...
[M::mem_process_seqs] Processed 1473064 reads in 458.944 CPU sec, 49.682 real sec
[M::mem_pestat] # candidate unique pairs for (FF, FR, RF, RR): (159, 561993, 124, 70)
[M::mem_pestat] analyzing insert size distribution for orientation FF...
[M::mem_pestat] (25, 50, 75) percentile: (337, 499, 761)
[M::mem_pestat] low and high boundaries for computing mean and std.dev: (1, 1609)
[M::mem_pestat] mean and std.dev: (532.39, 299.50)
[M::mem_pestat] low and high boundaries for proper pairs: (1, 2033)
[M::mem_pestat] analyzing insert size distribution for orientation FR...
[M::mem_pestat] (25, 50, 75) percentile: (307, 404, 526)
[M::mem_pestat] low and high boundaries for computing mean and std.dev: (1, 964)
[M::mem_pestat] mean and std.dev: (424.38, 163.29)
[M::mem_pestat] low and high boundaries for proper pairs: (1, 1183)
[M::mem_pestat] analyzing insert size distribution for orientation RF...
[M::mem_pestat] (25, 50, 75) percentile: (73, 608, 3063)
[M::mem_pestat] low and high boundaries for computing mean and std.dev: (1, 9043)
[M::mem_pestat] mean and std.dev: (1589.61, 2215.91)
[M::mem_pestat] low and high boundaries for proper pairs: (1, 12033)
[M::mem_pestat] analyzing insert size distribution for orientation RR...
[M::mem_pestat] (25, 50, 75) percentile: (213, 380, 957)
[M::mem_pestat] low and high boundaries for computing mean and std.dev: (1, 2445)
[M::mem_pestat] mean and std.dev: (552.92, 513.04)
[M::mem_pestat] low and high boundaries for proper pairs: (1, 3189)
[M::mem_pestat] skip orientation FF
[M::mem_pestat] skip orientation RF
[M::mem_pestat] skip orientation RR
[M::process] read 1484018 sequences (200000123 bp)...
[M::mem_process_seqs] Processed 1475854 reads in 460.026 CPU sec, 49.812 real sec
[M::mem_pestat] # candidate unique pairs for (FF, FR, RF, RR): (155, 564153, 126, 103)
[M::mem_pestat] analyzing insert size distribution for orientation FF...
[M::mem_pestat] (25, 50, 75) percentile: (328, 499, 749)
[M::mem_pestat] low and high boundaries for computing mean and std.dev: (1, 1591)
[M::mem_pestat] mean and std.dev: (538.88, 328.61)
[M::mem_pestat] low and high boundaries for proper pairs: (1, 2012)
[M::mem_pestat] analyzing insert size distribution for orientation FR...
[M::mem_pestat] (25, 50, 75) percentile: (302, 397, 515)
[M::mem_pestat] low and high boundaries for computing mean and std.dev: (1, 941)
[M::mem_pestat] mean and std.dev: (415.68, 157.36)
[M::mem_pestat] low and high boundaries for proper pairs: (1, 1154)
[M::mem_pestat] analyzing insert size distribution for orientation RF...
[M::mem_pestat] (25, 50, 75) percentile: (59, 507, 3830)
[M::mem_pestat] low and high boundaries for computing mean and std.dev: (1, 11372)
[M::mem_pestat] mean and std.dev: (2215.05, 2962.48)
[M::mem_pestat] low and high boundaries for proper pairs: (1, 15143)
[M::mem_pestat] analyzing insert size distribution for orientation RR...
[M::mem_pestat] (25, 50, 75) percentile: (233, 398, 799)
[M::mem_pestat] low and high boundaries for computing mean and std.dev: (1, 1931)
[M::mem_pestat] mean and std.dev: (506.08, 391.97)
[M::mem_pestat] low and high boundaries for proper pairs: (1, 2497)
[M::mem_pestat] skip orientation FF
[M::mem_pestat] skip orientation RF
[M::mem_pestat] skip orientation RR
[M::process] read 1488688 sequences (200000065 bp)...
[M::mem_process_seqs] Processed 1484018 reads in 478.118 CPU sec, 52.108 real sec
[M::process] read 1487972 sequences (200000256 bp)...
[M::mem_pestat] # candidate unique pairs for (FF, FR, RF, RR): (173, 570338, 162, 74)
[M::mem_pestat] analyzing insert size distribution for orientation FF...
[M::mem_pestat] (25, 50, 75) percentile: (334, 458, 710)
[M::mem_pestat] low and high boundaries for computing mean and std.dev: (1, 1462)
[M::mem_pestat] mean and std.dev: (499.94, 272.45)
[M::mem_pestat] low and high boundaries for proper pairs: (1, 1838)
[M::mem_pestat] analyzing insert size distribution for orientation FR...
[M::mem_pestat] (25, 50, 75) percentile: (308, 405, 528)
[M::mem_pestat] low and high boundaries for computing mean and std.dev: (1, 968)
[M::mem_pestat] mean and std.dev: (426.32, 165.51)
[M::mem_pestat] low and high boundaries for proper pairs: (1, 1188)
[M::mem_pestat] analyzing insert size distribution for orientation RF...
[M::mem_pestat] (25, 50, 75) percentile: (92, 522, 3716)
[M::mem_pestat] low and high boundaries for computing mean and std.dev: (1, 10964)
[M::mem_pestat] mean and std.dev: (2123.16, 2836.03)
[M::mem_pestat] low and high boundaries for proper pairs: (1, 14588)
[M::mem_pestat] analyzing insert size distribution for orientation RR...
[M::mem_pestat] (25, 50, 75) percentile: (277, 676, 1424)
[M::mem_pestat] low and high boundaries for computing mean and std.dev: (1, 3718)
[M::mem_pestat] mean and std.dev: (795.93, 693.90)
[M::mem_pestat] low and high boundaries for proper pairs: (1, 4865)
[M::mem_pestat] skip orientation FF
[M::mem_pestat] skip orientation RF
[M::mem_pestat] skip orientation RR
[M::mem_process_seqs] Processed 1488688 reads in 543.185 CPU sec, 58.721 real sec
[M::mem_pestat] # candidate unique pairs for (FF, FR, RF, RR): (163, 568833, 143, 89)
[M::mem_pestat] analyzing insert size distribution for orientation FF...
[M::mem_pestat] (25, 50, 75) percentile: (381, 508, 787)
[M::mem_pestat] low and high boundaries for computing mean and std.dev: (1, 1599)
[M::mem_pestat] mean and std.dev: (547.67, 276.12)
[M::mem_pestat] low and high boundaries for proper pairs: (1, 2005)
[M::mem_pestat] analyzing insert size distribution for orientation FR...
[M::mem_pestat] (25, 50, 75) percentile: (307, 404, 526)
[M::mem_pestat] low and high boundaries for computing mean and std.dev: (1, 964)
[M::mem_pestat] mean and std.dev: (424.83, 164.06)
[M::mem_pestat] low and high boundaries for proper pairs: (1, 1183)
[M::mem_pestat] analyzing insert size distribution for orientation RF...
[M::mem_pestat] (25, 50, 75) percentile: (89, 511, 3145)
[M::mem_pestat] low and high boundaries for computing mean and std.dev: (1, 9257)
[M::mem_pestat] mean and std.dev: (1749.71, 2323.49)
[M::mem_pestat] low and high boundaries for proper pairs: (1, 12313)
[M::mem_pestat] analyzing insert size distribution for orientation RR...
[M::mem_pestat] (25, 50, 75) percentile: (274, 455, 1074)
[M::mem_pestat] low and high boundaries for computing mean and std.dev: (1, 2674)
[M::mem_pestat] mean and std.dev: (622.72, 542.24)
[M::mem_pestat] low and high boundaries for proper pairs: (1, 3474)
[M::mem_pestat] skip orientation FF
[M::mem_pestat] skip orientation RF
[M::mem_pestat] skip orientation RR
[M::process] read 1516800 sequences (200000202 bp)...
[M::mem_process_seqs] Processed 1487972 reads in 537.721 CPU sec, 57.674 real sec
[M::mem_pestat] # candidate unique pairs for (FF, FR, RF, RR): (186, 544759, 134, 81)
[M::mem_pestat] analyzing insert size distribution for orientation FF...
[M::mem_pestat] (25, 50, 75) percentile: (364, 512, 792)
[M::mem_pestat] low and high boundaries for computing mean and std.dev: (1, 1648)
[M::mem_pestat] mean and std.dev: (530.91, 276.67)
[M::mem_pestat] low and high boundaries for proper pairs: (1, 2076)
[M::mem_pestat] analyzing insert size distribution for orientation FR...
[M::mem_pestat] (25, 50, 75) percentile: (307, 403, 524)
[M::mem_pestat] low and high boundaries for computing mean and std.dev: (1, 958)
[M::mem_pestat] mean and std.dev: (423.53, 162.70)
[M::mem_pestat] low and high boundaries for proper pairs: (1, 1175)
[M::mem_pestat] analyzing insert size distribution for orientation RF...
[M::mem_pestat] (25, 50, 75) percentile: (90, 581, 3400)
[M::mem_pestat] low and high boundaries for computing mean and std.dev: (1, 10020)
[M::mem_pestat] mean and std.dev: (2016.81, 2800.16)
[M::mem_pestat] low and high boundaries for proper pairs: (1, 13330)
[M::mem_pestat] analyzing insert size distribution for orientation RR...
[M::mem_pestat] (25, 50, 75) percentile: (228, 399, 920)
[M::mem_pestat] low and high boundaries for computing mean and std.dev: (1, 2304)
[M::mem_pestat] mean and std.dev: (573.17, 468.96)
[M::mem_pestat] low and high boundaries for proper pairs: (1, 2996)
[M::mem_pestat] skip orientation FF
[M::mem_pestat] skip orientation RF
[M::mem_pestat] skip orientation RR
[M::process] read 1247572 sequences (169035168 bp)...
[M::mem_process_seqs] Processed 1516800 reads in 523.327 CPU sec, 56.225 real sec
[M::mem_pestat] # candidate unique pairs for (FF, FR, RF, RR): (179, 475587, 120, 79)
[M::mem_pestat] analyzing insert size distribution for orientation FF...
[M::mem_pestat] (25, 50, 75) percentile: (293, 493, 774)
[M::mem_pestat] low and high boundaries for computing mean and std.dev: (1, 1736)
[M::mem_pestat] mean and std.dev: (530.27, 316.87)
[M::mem_pestat] low and high boundaries for proper pairs: (1, 2217)
[M::mem_pestat] analyzing insert size distribution for orientation FR...
[M::mem_pestat] (25, 50, 75) percentile: (304, 400, 519)
[M::mem_pestat] low and high boundaries for computing mean and std.dev: (1, 949)
[M::mem_pestat] mean and std.dev: (419.30, 159.29)
[M::mem_pestat] low and high boundaries for proper pairs: (1, 1164)
[M::mem_pestat] analyzing insert size distribution for orientation RF...
[M::mem_pestat] (25, 50, 75) percentile: (131, 602, 3344)
[M::mem_pestat] low and high boundaries for computing mean and std.dev: (1, 9770)
[M::mem_pestat] mean and std.dev: (2051.75, 2670.71)
[M::mem_pestat] low and high boundaries for proper pairs: (1, 12983)
[M::mem_pestat] analyzing insert size distribution for orientation RR...
[M::mem_pestat] (25, 50, 75) percentile: (275, 518, 1428)
[M::mem_pestat] low and high boundaries for computing mean and std.dev: (1, 3734)
[M::mem_pestat] mean and std.dev: (767.99, 838.94)
[M::mem_pestat] low and high boundaries for proper pairs: (1, 4887)
[M::mem_pestat] skip orientation FF
[M::mem_pestat] skip orientation RF
[M::mem_pestat] skip orientation RR
[M::mem_process_seqs] Processed 1247572 reads in 386.760 CPU sec, 42.691 real sec
[main] Version: 0.7.17-r1188
[main] CMD: bwasamblaster: Marked 4073448 of 36800042 (11.07%) read ids as duplicates mem -t using 776144k memory in  201M -R26S @RG\tID:WT_GL_19T_021\tPL:ILLUMINA\tPU:HJMFJDSX7.4\tSM:WT_GL_19T_021\tCN:MCGILL\tBC:TAGAGAATAC-CGAATCTATA(85.578S) /storage/scratch/iee/dj20y461/Stickleback/G_aculeatus/FITNESS//data/ref_A_X/stickleback_v5_assembly_A_X.fasta CPU seconds and  /storage/scratch/iee/dj20y461/Stickleback/G_aculeatus/FITNESS//data/trimmed/WT_GL_19T_021.R1.trimmed.fastq.gz47M /storage/scratch/iee/dj20y461/Stickleback/G_aculeatus/FITNESS//data/trimmed/WT_GL_19T_021.R2.trimmed.fastq.gz12S(2832S)
[main] Real time: 2832.197 sec; CPU: 23279.867 sec
 wall time.
[bam_sort_core] merging from 20 files and 20 in-memory blocks...
