samblaster: Version 0.1.24
samblaster: Inputting from stdin
samblaster: Outputting to stdout
[M::bwa_idx_load_from_disk] read 0 ALT contigs
[M::process] read 1460116 sequences (200000238 bp)...
[M::mem_pestat] # candidate unique pairs for (FF, FR, RF, RR): (85, 559977, 142, 47)
[M::mem_pestat] analyzing insert size distribution for orientation FF...
[M::mem_pestat] (25, 50, 75) percentile: (334, 421, 774)
[M::mem_pestat] low and high boundaries for computing mean and std.dev: (1, 1654)
[M::mem_pestat] mean and std.dev: (502.38, 322.00)
[M::mem_pestat] low and high boundaries for proper pairs: (1, 2094)
[M::mem_pestat] analyzing insert size distribution for orientation FR...
[M::mem_pestat] (25, 50, 75) percentile: (269, 354, 460)
[M::mem_pestat] low and high boundaries for computing mean and std.dev: (1, 842)
[M::mem_pestat] mean and std.dev: (372.51, 143.20)
[M::mem_pestat] low and high boundaries for proper pairs: (1, 1033)
[M::mem_pestat] analyzing insert size distribution for orientation RF...
[M::mem_pestat] (25, 50, 75) percentile: (64, 637, 3073)
[M::mem_pestat] low and high boundaries for computing mean and std.dev: (1, 9091)
[M::mem_pestat] mean and std.dev: (1766.85, 2257.36)
[M::mem_pestat] low and high boundaries for proper pairs: (1, 12100)
[M::mem_pestat] analyzing insert size distribution for orientation RR...
[M::mem_pestat] (25, 50, 75) percentile: (209, 450, 962)
[M::mem_pestat] low and high boundaries for computing mean and std.dev: (1, 2468)
[M::mem_pestat] mean and std.dev: (606.09, 515.33)
[M::mem_pestat] low and high boundaries for proper pairs: (1, 3221)
[M::mem_pestat] skip orientation FF
[M::mem_pestat] skip orientation RF
[M::mem_pestat] skip orientation RR
[M::mem_process_seqs] Processed 1460116 reads in 461.993 CPU sec, 108.615 real sec
samblaster: Loaded 23 header sequence entries.
[M::process] read 1458188 sequences (200000243 bp)...
[M::process] read 1459444 sequences (200000024 bp)...
[M::mem_pestat] # candidate unique pairs for (FF, FR, RF, RR): (77, 557645, 120, 44)
[M::mem_pestat] analyzing insert size distribution for orientation FF...
[M::mem_pestat] (25, 50, 75) percentile: (262, 384, 741)
[M::mem_pestat] low and high boundaries for computing mean and std.dev: (1, 1699)
[M::mem_pestat] mean and std.dev: (490.97, 328.86)
[M::mem_pestat] low and high boundaries for proper pairs: (1, 2178)
[M::mem_pestat] analyzing insert size distribution for orientation FR...
[M::mem_pestat] (25, 50, 75) percentile: (273, 358, 466)
[M::mem_pestat] low and high boundaries for computing mean and std.dev: (1, 852)
[M::mem_pestat] mean and std.dev: (376.91, 145.09)
[M::mem_pestat] low and high boundaries for proper pairs: (1, 1045)
[M::mem_pestat] analyzing insert size distribution for orientation RF...
[M::mem_pestat] (25, 50, 75) percentile: (137, 775, 3866)
[M::mem_pestat] low and high boundaries for computing mean and std.dev: (1, 11324)
[M::mem_pestat] mean and std.dev: (2121.80, 2646.73)
[M::mem_pestat] low and high boundaries for proper pairs: (1, 15053)
[M::mem_pestat] analyzing insert size distribution for orientation RR...
[M::mem_pestat] (25, 50, 75) percentile: (273, 554, 1771)
[M::mem_pestat] low and high boundaries for computing mean and std.dev: (1, 4767)
[M::mem_pestat] mean and std.dev: (963.77, 1129.61)
[M::mem_pestat] low and high boundaries for proper pairs: (1, 6265)
[M::mem_pestat] skip orientation FF
[M::mem_pestat] skip orientation RF
[M::mem_pestat] skip orientation RR
[M::mem_process_seqs] Processed 1458188 reads in 435.964 CPU sec, 47.343 real sec
[M::mem_pestat] # candidate unique pairs for (FF, FR, RF, RR): (82, 557111, 116, 46)
[M::mem_pestat] analyzing insert size distribution for orientation FF...
[M::mem_pestat] (25, 50, 75) percentile: (331, 514, 725)
[M::mem_pestat] low and high boundaries for computing mean and std.dev: (1, 1513)
[M::mem_pestat] mean and std.dev: (547.15, 300.18)
[M::mem_pestat] low and high boundaries for proper pairs: (1, 1907)
[M::mem_pestat] analyzing insert size distribution for orientation FR...
[M::mem_pestat] (25, 50, 75) percentile: (272, 358, 465)
[M::mem_pestat] low and high boundaries for computing mean and std.dev: (1, 851)
[M::mem_pestat] mean and std.dev: (376.63, 144.44)
[M::mem_pestat] low and high boundaries for proper pairs: (1, 1044)
[M::mem_pestat] analyzing insert size distribution for orientation RF...
[M::mem_pestat] (25, 50, 75) percentile: (93, 674, 3596)
[M::mem_pestat] low and high boundaries for computing mean and std.dev: (1, 10602)
[M::mem_pestat] mean and std.dev: (2125.66, 2789.97)
[M::mem_pestat] low and high boundaries for proper pairs: (1, 14105)
[M::mem_pestat] analyzing insert size distribution for orientation RR...
[M::mem_pestat] (25, 50, 75) percentile: (260, 513, 975)
[M::mem_pestat] low and high boundaries for computing mean and std.dev: (1, 2405)
[M::mem_pestat] mean and std.dev: (517.82, 415.96)
[M::mem_pestat] low and high boundaries for proper pairs: (1, 3120)
[M::mem_pestat] skip orientation FF
[M::mem_pestat] skip orientation RF
[M::mem_pestat] skip orientation RR
[M::mem_process_seqs] Processed 1459444 reads in 450.091 CPU sec, 73.082 real sec
[M::process] read 1461486 sequences (200000248 bp)...
[M::process] read 1461534 sequences (200000083 bp)...
[M::mem_pestat] # candidate unique pairs for (FF, FR, RF, RR): (62, 557839, 114, 46)
[M::mem_pestat] analyzing insert size distribution for orientation FF...
[M::mem_pestat] (25, 50, 75) percentile: (300, 434, 658)
[M::mem_pestat] low and high boundaries for computing mean and std.dev: (1, 1374)
[M::mem_pestat] mean and std.dev: (426.96, 196.90)
[M::mem_pestat] low and high boundaries for proper pairs: (1, 1732)
[M::mem_pestat] analyzing insert size distribution for orientation FR...
[M::mem_pestat] (25, 50, 75) percentile: (270, 355, 461)
[M::mem_pestat] low and high boundaries for computing mean and std.dev: (1, 843)
[M::mem_pestat] mean and std.dev: (373.39, 142.63)
[M::mem_pestat] low and high boundaries for proper pairs: (1, 1034)
[M::mem_pestat] analyzing insert size distribution for orientation RF...
[M::mem_pestat] (25, 50, 75) percentile: (56, 430, 1614)
[M::mem_pestat] low and high boundaries for computing mean and std.dev: (1, 4730)
[M::mem_pestat] mean and std.dev: (759.79, 1126.18)
[M::mem_pestat] low and high boundaries for proper pairs: (1, 6288)
[M::mem_pestat] analyzing insert size distribution for orientation RR...
[M::mem_pestat] (25, 50, 75) percentile: (271, 412, 1030)
[M::mem_pestat] low and high boundaries for computing mean and std.dev: (1, 2548)
[M::mem_pestat] mean and std.dev: (616.81, 539.69)
[M::mem_pestat] low and high boundaries for proper pairs: (1, 3307)
[M::mem_pestat] skip orientation FF
[M::mem_pestat] skip orientation RF
[M::mem_pestat] skip orientation RR
[M::mem_process_seqs] Processed 1461486 reads in 437.095 CPU sec, 45.893 real sec
[M::mem_pestat] # candidate unique pairs for (FF, FR, RF, RR): (81, 559358, 115, 41)
[M::mem_pestat] analyzing insert size distribution for orientation FF...
[M::mem_pestat] (25, 50, 75) percentile: (317, 480, 907)
[M::mem_pestat] low and high boundaries for computing mean and std.dev: (1, 2087)
[M::mem_pestat] mean and std.dev: (573.05, 403.02)
[M::mem_pestat] low and high boundaries for proper pairs: (1, 2677)
[M::mem_pestat] analyzing insert size distribution for orientation FR...
[M::mem_pestat] (25, 50, 75) percentile: (273, 359, 468)
[M::mem_pestat] low and high boundaries for computing mean and std.dev: (1, 858)
[M::mem_pestat] mean and std.dev: (378.34, 146.35)
[M::mem_pestat] low and high boundaries for proper pairs: (1, 1053)
[M::mem_pestat] analyzing insert size distribution for orientation RF...
[M::mem_pestat] (25, 50, 75) percentile: (124, 657, 3265)
[M::mem_pestat] low and high boundaries for computing mean and std.dev: (1, 9547)
[M::mem_pestat] mean and std.dev: (2113.08, 2707.18)
[M::mem_pestat] low and high boundaries for proper pairs: (1, 12942)
[M::mem_pestat] analyzing insert size distribution for orientation RR...
[M::mem_pestat] (25, 50, 75) percentile: (239, 508, 1240)
[M::mem_pestat] low and high boundaries for computing mean and std.dev: (1, 3242)
[M::mem_pestat] mean and std.dev: (701.62, 682.72)
[M::mem_pestat] low and high boundaries for proper pairs: (1, 4243)
[M::mem_pestat] skip orientation FF
[M::mem_pestat] skip orientation RF
[M::mem_pestat] skip orientation RR
[M::process] read 1460226 sequences (200000169 bp)...
[M::mem_process_seqs] Processed 1461534 reads in 437.439 CPU sec, 47.621 real sec
[M::mem_pestat] # candidate unique pairs for (FF, FR, RF, RR): (82, 556643, 109, 51)
[M::mem_pestat] analyzing insert size distribution for orientation FF...
[M::mem_pestat] (25, 50, 75) percentile: (285, 568, 871)
[M::mem_pestat] low and high boundaries for computing mean and std.dev: (1, 2043)
[M::mem_pestat] mean and std.dev: (606.49, 418.83)
[M::mem_pestat] low and high boundaries for proper pairs: (1, 2629)
[M::mem_pestat] analyzing insert size distribution for orientation FR...
[M::mem_pestat] (25, 50, 75) percentile: (274, 360, 468)
[M::mem_pestat] low and high boundaries for computing mean and std.dev: (1, 856)
[M::mem_pestat] mean and std.dev: (379.22, 145.85)
[M::mem_pestat] low and high boundaries for proper pairs: (1, 1050)
[M::mem_pestat] analyzing insert size distribution for orientation RF...
[M::mem_pestat] (25, 50, 75) percentile: (138, 713, 3641)
[M::mem_pestat] low and high boundaries for computing mean and std.dev: (1, 10647)
[M::mem_pestat] mean and std.dev: (2178.45, 2753.89)
[M::mem_pestat] low and high boundaries for proper pairs: (1, 14150)
[M::mem_pestat] analyzing insert size distribution for orientation RR...
[M::mem_pestat] (25, 50, 75) percentile: (208, 537, 1523)
[M::mem_pestat] low and high boundaries for computing mean and std.dev: (1, 4153)
[M::mem_pestat] mean and std.dev: (972.20, 1047.88)
[M::mem_pestat] low and high boundaries for proper pairs: (1, 5468)
[M::mem_pestat] skip orientation FF
[M::mem_pestat] skip orientation RF
[M::mem_pestat] skip orientation RR
[M::mem_process_seqs] Processed 1460226 reads in 453.156 CPU sec, 72.393 real sec
[M::process] read 1463670 sequences (200000240 bp)...
[M::process] read 1461254 sequences (200000068 bp)...
[M::mem_pestat] # candidate unique pairs for (FF, FR, RF, RR): (85, 556375, 137, 36)
[M::mem_pestat] analyzing insert size distribution for orientation FF...
[M::mem_pestat] (25, 50, 75) percentile: (283, 473, 872)
[M::mem_pestat] low and high boundaries for computing mean and std.dev: (1, 2050)
[M::mem_pestat] mean and std.dev: (565.94, 402.40)
[M::mem_pestat] low and high boundaries for proper pairs: (1, 2639)
[M::mem_pestat] analyzing insert size distribution for orientation FR...
[M::mem_pestat] (25, 50, 75) percentile: (272, 357, 464)
[M::mem_pestat] low and high boundaries for computing mean and std.dev: (1, 848)
[M::mem_pestat] mean and std.dev: (376.18, 143.66)
[M::mem_pestat] low and high boundaries for proper pairs: (1, 1040)
[M::mem_pestat] analyzing insert size distribution for orientation RF...
[M::mem_pestat] (25, 50, 75) percentile: (98, 824, 4156)
[M::mem_pestat] low and high boundaries for computing mean and std.dev: (1, 12272)
[M::mem_pestat] mean and std.dev: (2283.76, 2856.79)
[M::mem_pestat] low and high boundaries for proper pairs: (1, 16330)
[M::mem_pestat] analyzing insert size distribution for orientation RR...
[M::mem_pestat] (25, 50, 75) percentile: (237, 347, 1234)
[M::mem_pestat] low and high boundaries for computing mean and std.dev: (1, 3228)
[M::mem_pestat] mean and std.dev: (664.60, 724.73)
[M::mem_pestat] low and high boundaries for proper pairs: (1, 4225)
[M::mem_pestat] skip orientation FF
[M::mem_pestat] skip orientation RF
[M::mem_pestat] skip orientation RR
[M::mem_process_seqs] Processed 1463670 reads in 441.559 CPU sec, 46.259 real sec
[M::process] read 1457878 sequences (200000192 bp)...
[M::mem_pestat] # candidate unique pairs for (FF, FR, RF, RR): (79, 559344, 105, 54)
[M::mem_pestat] analyzing insert size distribution for orientation FF...
[M::mem_pestat] (25, 50, 75) percentile: (370, 591, 908)
[M::mem_pestat] low and high boundaries for computing mean and std.dev: (1, 1984)
[M::mem_pestat] mean and std.dev: (579.61, 364.78)
[M::mem_pestat] low and high boundaries for proper pairs: (1, 2522)
[M::mem_pestat] analyzing insert size distribution for orientation FR...
[M::mem_pestat] (25, 50, 75) percentile: (271, 356, 464)
[M::mem_pestat] low and high boundaries for computing mean and std.dev: (1, 850)
[M::mem_pestat] mean and std.dev: (375.26, 144.38)
[M::mem_pestat] low and high boundaries for proper pairs: (1, 1043)
[M::mem_pestat] analyzing insert size distribution for orientation RF...
[M::mem_pestat] (25, 50, 75) percentile: (80, 522, 3241)
[M::mem_pestat] low and high boundaries for computing mean and std.dev: (1, 9563)
[M::mem_pestat] mean and std.dev: (1895.77, 2391.19)
[M::mem_pestat] low and high boundaries for proper pairs: (1, 12724)
[M::mem_pestat] analyzing insert size distribution for orientation RR...
[M::mem_pestat] (25, 50, 75) percentile: (232, 596, 1372)
[M::mem_pestat] low and high boundaries for computing mean and std.dev: (1, 3652)
[M::mem_pestat] mean and std.dev: (741.80, 706.42)
[M::mem_pestat] low and high boundaries for proper pairs: (1, 4792)
[M::mem_pestat] skip orientation FF
[M::mem_pestat] skip orientation RF
[M::mem_pestat] skip orientation RR
[M::mem_process_seqs] Processed 1461254 reads in 435.828 CPU sec, 47.203 real sec
[M::mem_pestat] # candidate unique pairs for (FF, FR, RF, RR): (71, 557931, 123, 42)
[M::mem_pestat] analyzing insert size distribution for orientation FF...
[M::mem_pestat] (25, 50, 75) percentile: (281, 434, 658)
[M::mem_pestat] low and high boundaries for computing mean and std.dev: (1, 1412)
[M::mem_pestat] mean and std.dev: (433.72, 235.33)
[M::mem_pestat] low and high boundaries for proper pairs: (1, 1789)
[M::mem_pestat] analyzing insert size distribution for orientation FR...
[M::mem_pestat] (25, 50, 75) percentile: (274, 360, 469)
[M::mem_pestat] low and high boundaries for computing mean and std.dev: (1, 859)
[M::mem_pestat] mean and std.dev: (379.13, 146.57)
[M::mem_pestat] low and high boundaries for proper pairs: (1, 1054)
[M::mem_pestat] analyzing insert size distribution for orientation RF...
[M::mem_pestat] (25, 50, 75) percentile: (254, 1057, 2941)
[M::mem_pestat] low and high boundaries for computing mean and std.dev: (1, 8315)
[M::mem_pestat] mean and std.dev: (1769.10, 1949.46)
[M::mem_pestat] low and high boundaries for proper pairs: (1, 11002)
[M::mem_pestat] analyzing insert size distribution for orientation RR...
[M::mem_pestat] (25, 50, 75) percentile: (185, 458, 1069)
[M::mem_pestat] low and high boundaries for computing mean and std.dev: (1, 2837)
[M::mem_pestat] mean and std.dev: (640.95, 663.49)
[M::mem_pestat] low and high boundaries for proper pairs: (1, 3721)
[M::mem_pestat] skip orientation FF
[M::mem_pestat] skip orientation RF
[M::mem_pestat] skip orientation RR
[M::process] read 1459624 sequences (200000029 bp)...
[M::mem_process_seqs] Processed 1457878 reads in 437.653 CPU sec, 47.463 real sec
[M::mem_pestat] # candidate unique pairs for (FF, FR, RF, RR): (75, 557181, 125, 39)
[M::mem_pestat] analyzing insert size distribution for orientation FF...
[M::mem_pestat] (25, 50, 75) percentile: (352, 514, 1001)
[M::mem_pestat] low and high boundaries for computing mean and std.dev: (1, 2299)
[M::mem_pestat] mean and std.dev: (662.36, 494.02)
[M::mem_pestat] low and high boundaries for proper pairs: (1, 2948)
[M::mem_pestat] analyzing insert size distribution for orientation FR...
[M::mem_pestat] (25, 50, 75) percentile: (273, 359, 467)
[M::mem_pestat] low and high boundaries for computing mean and std.dev: (1, 855)
[M::mem_pestat] mean and std.dev: (378.49, 145.94)
[M::mem_pestat] low and high boundaries for proper pairs: (1, 1049)
[M::mem_pestat] analyzing insert size distribution for orientation RF...
[M::mem_pestat] (25, 50, 75) percentile: (60, 248, 1309)
[M::mem_pestat] low and high boundaries for computing mean and std.dev: (1, 3807)
[M::mem_pestat] mean and std.dev: (552.71, 837.73)
[M::mem_pestat] low and high boundaries for proper pairs: (1, 5056)
[M::mem_pestat] analyzing insert size distribution for orientation RR...
[M::mem_pestat] (25, 50, 75) percentile: (290, 692, 1316)
[M::mem_pestat] low and high boundaries for computing mean and std.dev: (1, 3368)
[M::mem_pestat] mean and std.dev: (735.53, 533.89)
[M::mem_pestat] low and high boundaries for proper pairs: (1, 4394)
[M::mem_pestat] skip orientation FF
[M::mem_pestat] skip orientation RF
[M::mem_pestat] skip orientation RR
[M::process] read 1463424 sequences (200000222 bp)...
[M::mem_process_seqs] Processed 1459624 reads in 441.088 CPU sec, 48.188 real sec
[M::mem_pestat] # candidate unique pairs for (FF, FR, RF, RR): (74, 556236, 125, 46)
[M::mem_pestat] analyzing insert size distribution for orientation FF...
[M::mem_pestat] (25, 50, 75) percentile: (320, 492, 813)
[M::mem_pestat] low and high boundaries for computing mean and std.dev: (1, 1799)
[M::mem_pestat] mean and std.dev: (564.72, 364.50)
[M::mem_pestat] low and high boundaries for proper pairs: (1, 2292)
[M::mem_pestat] analyzing insert size distribution for orientation FR...
[M::mem_pestat] (25, 50, 75) percentile: (272, 356, 463)
[M::mem_pestat] low and high boundaries for computing mean and std.dev: (1, 845)
[M::mem_pestat] mean and std.dev: (374.68, 142.67)
[M::mem_pestat] low and high boundaries for proper pairs: (1, 1036)
[M::mem_pestat] analyzing insert size distribution for orientation RF...
[M::mem_pestat] (25, 50, 75) percentile: (56, 343, 2366)
[M::mem_pestat] low and high boundaries for computing mean and std.dev: (1, 6986)
[M::mem_pestat] mean and std.dev: (1131.70, 1696.56)
[M::mem_pestat] low and high boundaries for proper pairs: (1, 9296)
[M::mem_pestat] analyzing insert size distribution for orientation RR...
[M::mem_pestat] (25, 50, 75) percentile: (208, 387, 1324)
[M::mem_pestat] low and high boundaries for computing mean and std.dev: (1, 3556)
[M::mem_pestat] mean and std.dev: (608.12, 680.02)
[M::mem_pestat] low and high boundaries for proper pairs: (1, 4672)
[M::mem_pestat] skip orientation FF
[M::mem_pestat] skip orientation RF
[M::mem_pestat] skip orientation RR
[M::process] read 1456462 sequences (200000021 bp)...
[M::mem_process_seqs] Processed 1463424 reads in 443.576 CPU sec, 48.280 real sec
[M::mem_pestat] # candidate unique pairs for (FF, FR, RF, RR): (67, 558635, 127, 42)
[M::mem_pestat] analyzing insert size distribution for orientation FF...
[M::mem_pestat] (25, 50, 75) percentile: (308, 518, 932)
[M::mem_pestat] low and high boundaries for computing mean and std.dev: (1, 2180)
[M::mem_pestat] mean and std.dev: (577.25, 369.45)
[M::mem_pestat] low and high boundaries for proper pairs: (1, 2804)
[M::mem_pestat] analyzing insert size distribution for orientation FR...
[M::mem_pestat] (25, 50, 75) percentile: (274, 361, 471)
[M::mem_pestat] low and high boundaries for computing mean and std.dev: (1, 865)
[M::mem_pestat] mean and std.dev: (380.45, 148.27)
[M::mem_pestat] low and high boundaries for proper pairs: (1, 1062)
[M::mem_pestat] analyzing insert size distribution for orientation RF...
[M::mem_pestat] (25, 50, 75) percentile: (83, 431, 1690)
[M::mem_pestat] low and high boundaries for computing mean and std.dev: (1, 4904)
[M::mem_pestat] mean and std.dev: (819.71, 1165.04)
[M::mem_pestat] low and high boundaries for proper pairs: (1, 6511)
[M::mem_pestat] analyzing insert size distribution for orientation RR...
[M::mem_pestat] (25, 50, 75) percentile: (332, 817, 1212)
[M::mem_pestat] low and high boundaries for computing mean and std.dev: (1, 2972)
[M::mem_pestat] mean and std.dev: (809.54, 532.93)
[M::mem_pestat] low and high boundaries for proper pairs: (1, 3852)
[M::mem_pestat] skip orientation FF
[M::mem_pestat] skip orientation RF
[M::mem_pestat] skip orientation RR
[M::process] read 1457042 sequences (200000003 bp)...
[M::mem_process_seqs] Processed 1456462 reads in 436.455 CPU sec, 47.547 real sec
[M::mem_pestat] # candidate unique pairs for (FF, FR, RF, RR): (102, 557630, 126, 44)
[M::mem_pestat] analyzing insert size distribution for orientation FF...
[M::mem_pestat] (25, 50, 75) percentile: (394, 589, 874)
[M::mem_pestat] low and high boundaries for computing mean and std.dev: (1, 1834)
[M::mem_pestat] mean and std.dev: (624.54, 365.68)
[M::mem_pestat] low and high boundaries for proper pairs: (1, 2314)
[M::mem_pestat] analyzing insert size distribution for orientation FR...
[M::mem_pestat] (25, 50, 75) percentile: (275, 361, 472)
[M::mem_pestat] low and high boundaries for computing mean and std.dev: (1, 866)
[M::mem_pestat] mean and std.dev: (381.33, 147.80)
[M::mem_pestat] low and high boundaries for proper pairs: (1, 1063)
[M::mem_pestat] analyzing insert size distribution for orientation RF...
[M::mem_pestat] (25, 50, 75) percentile: (81, 344, 1786)
[M::mem_pestat] low and high boundaries for computing mean and std.dev: (1, 5196)
[M::mem_pestat] mean and std.dev: (758.04, 1195.74)
[M::mem_pestat] low and high boundaries for proper pairs: (1, 6901)
[M::mem_pestat] analyzing insert size distribution for orientation RR...
[M::mem_pestat] (25, 50, 75) percentile: (242, 526, 933)
[M::mem_pestat] low and high boundaries for computing mean and std.dev: (1, 2315)
[M::mem_pestat] mean and std.dev: (535.88, 403.15)
[M::mem_pestat] low and high boundaries for proper pairs: (1, 3006)
[M::mem_pestat] skip orientation FF
[M::mem_pestat] skip orientation RF
[M::mem_pestat] skip orientation RR
[M::process] read 1458728 sequences (200000244 bp)...
[M::mem_process_seqs] Processed 1457042 reads in 437.868 CPU sec, 47.618 real sec
[M::mem_pestat] # candidate unique pairs for (FF, FR, RF, RR): (76, 556127, 139, 62)
[M::mem_pestat] analyzing insert size distribution for orientation FF...
[M::mem_pestat] (25, 50, 75) percentile: (358, 631, 911)
[M::mem_pestat] low and high boundaries for computing mean and std.dev: (1, 2017)
[M::mem_pestat] mean and std.dev: (580.44, 347.99)
[M::mem_pestat] low and high boundaries for proper pairs: (1, 2570)
[M::mem_pestat] analyzing insert size distribution for orientation FR...
[M::mem_pestat] (25, 50, 75) percentile: (274, 360, 469)
[M::mem_pestat] low and high boundaries for computing mean and std.dev: (1, 859)
[M::mem_pestat] mean and std.dev: (379.86, 146.44)
[M::mem_pestat] low and high boundaries for proper pairs: (1, 1054)
[M::mem_pestat] analyzing insert size distribution for orientation RF...
[M::mem_pestat] (25, 50, 75) percentile: (80, 452, 2449)
[M::mem_pestat] low and high boundaries for computing mean and std.dev: (1, 7187)
[M::mem_pestat] mean and std.dev: (1365.90, 1946.69)
[M::mem_pestat] low and high boundaries for proper pairs: (1, 9556)
[M::mem_pestat] analyzing insert size distribution for orientation RR...
[M::mem_pestat] (25, 50, 75) percentile: (329, 542, 1393)
[M::mem_pestat] low and high boundaries for computing mean and std.dev: (1, 3521)
[M::mem_pestat] mean and std.dev: (806.68, 808.08)
[M::mem_pestat] low and high boundaries for proper pairs: (1, 4585)
[M::mem_pestat] skip orientation FF
[M::mem_pestat] skip orientation RF
[M::mem_pestat] skip orientation RR
[M::process] read 1461596 sequences (200000115 bp)...
[M::mem_process_seqs] Processed 1458728 reads in 442.400 CPU sec, 47.811 real sec
[M::mem_pestat] # candidate unique pairs for (FF, FR, RF, RR): (84, 557516, 123, 40)
[M::mem_pestat] analyzing insert size distribution for orientation FF...
[M::mem_pestat] (25, 50, 75) percentile: (300, 528, 989)
[M::mem_pestat] low and high boundaries for computing mean and std.dev: (1, 2367)
[M::mem_pestat] mean and std.dev: (622.81, 457.63)
[M::mem_pestat] low and high boundaries for proper pairs: (1, 3056)
[M::mem_pestat] analyzing insert size distribution for orientation FR...
[M::mem_pestat] (25, 50, 75) percentile: (273, 359, 467)
[M::mem_pestat] low and high boundaries for computing mean and std.dev: (1, 855)
[M::mem_pestat] mean and std.dev: (377.53, 144.94)
[M::mem_pestat] low and high boundaries for proper pairs: (1, 1049)
[M::mem_pestat] analyzing insert size distribution for orientation RF...
[M::mem_pestat] (25, 50, 75) percentile: (106, 375, 2429)
[M::mem_pestat] low and high boundaries for computing mean and std.dev: (1, 7075)
[M::mem_pestat] mean and std.dev: (1215.35, 1800.59)
[M::mem_pestat] low and high boundaries for proper pairs: (1, 9398)
[M::mem_pestat] analyzing insert size distribution for orientation RR...
[M::mem_pestat] (25, 50, 75) percentile: (247, 474, 997)
[M::mem_pestat] low and high boundaries for computing mean and std.dev: (1, 2497)
[M::mem_pestat] mean and std.dev: (666.85, 573.37)
[M::mem_pestat] low and high boundaries for proper pairs: (1, 3247)
[M::mem_pestat] skip orientation FF
[M::mem_pestat] skip orientation RF
[M::mem_pestat] skip orientation RR
[M::process] read 1456904 sequences (200000099 bp)...
[M::mem_process_seqs] Processed 1461596 reads in 442.102 CPU sec, 47.843 real sec
[M::mem_pestat] # candidate unique pairs for (FF, FR, RF, RR): (78, 556536, 127, 45)
[M::mem_pestat] analyzing insert size distribution for orientation FF...
[M::mem_pestat] (25, 50, 75) percentile: (337, 566, 961)
[M::mem_pestat] low and high boundaries for computing mean and std.dev: (1, 2209)
[M::mem_pestat] mean and std.dev: (603.06, 357.50)
[M::mem_pestat] low and high boundaries for proper pairs: (1, 2833)
[M::mem_pestat] analyzing insert size distribution for orientation FR...
[M::mem_pestat] (25, 50, 75) percentile: (276, 363, 474)
[M::mem_pestat] low and high boundaries for computing mean and std.dev: (1, 870)
[M::mem_pestat] mean and std.dev: (382.82, 149.14)
[M::mem_pestat] low and high boundaries for proper pairs: (1, 1068)
[M::mem_pestat] analyzing insert size distribution for orientation RF...
[M::mem_pestat] (25, 50, 75) percentile: (73, 471, 2853)
[M::mem_pestat] low and high boundaries for computing mean and std.dev: (1, 8413)
[M::mem_pestat] mean and std.dev: (1440.21, 2012.83)
[M::mem_pestat] low and high boundaries for proper pairs: (1, 11193)
[M::mem_pestat] analyzing insert size distribution for orientation RR...
[M::mem_pestat] (25, 50, 75) percentile: (306, 457, 1334)
[M::mem_pestat] low and high boundaries for computing mean and std.dev: (1, 3390)
[M::mem_pestat] mean and std.dev: (671.41, 656.88)
[M::mem_pestat] low and high boundaries for proper pairs: (1, 4418)
[M::mem_pestat] skip orientation FF
[M::mem_pestat] skip orientation RF
[M::mem_pestat] skip orientation RR
[M::process] read 1458030 sequences (200000178 bp)...
[M::mem_process_seqs] Processed 1456904 reads in 441.509 CPU sec, 47.739 real sec
[M::mem_pestat] # candidate unique pairs for (FF, FR, RF, RR): (76, 556007, 135, 49)
[M::mem_pestat] analyzing insert size distribution for orientation FF...
[M::mem_pestat] (25, 50, 75) percentile: (319, 557, 1085)
[M::mem_pestat] low and high boundaries for computing mean and std.dev: (1, 2617)
[M::mem_pestat] mean and std.dev: (636.96, 452.07)
[M::mem_pestat] low and high boundaries for proper pairs: (1, 3383)
[M::mem_pestat] analyzing insert size distribution for orientation FR...
[M::mem_pestat] (25, 50, 75) percentile: (275, 362, 473)
[M::mem_pestat] low and high boundaries for computing mean and std.dev: (1, 869)
[M::mem_pestat] mean and std.dev: (382.22, 148.43)
[M::mem_pestat] low and high boundaries for proper pairs: (1, 1067)
[M::mem_pestat] analyzing insert size distribution for orientation RF...
[M::mem_pestat] (25, 50, 75) percentile: (60, 423, 2401)
[M::mem_pestat] low and high boundaries for computing mean and std.dev: (1, 7083)
[M::mem_pestat] mean and std.dev: (1155.01, 1615.18)
[M::mem_pestat] low and high boundaries for proper pairs: (1, 9424)
[M::mem_pestat] analyzing insert size distribution for orientation RR...
[M::mem_pestat] (25, 50, 75) percentile: (264, 487, 1226)
[M::mem_pestat] low and high boundaries for computing mean and std.dev: (1, 3150)
[M::mem_pestat] mean and std.dev: (726.71, 576.86)
[M::mem_pestat] low and high boundaries for proper pairs: (1, 4112)
[M::mem_pestat] skip orientation FF
[M::mem_pestat] skip orientation RF
[M::mem_pestat] skip orientation RR
[M::process] read 1461810 sequences (200000022 bp)...
[M::mem_process_seqs] Processed 1458030 reads in 440.876 CPU sec, 47.651 real sec
[M::mem_pestat] # candidate unique pairs for (FF, FR, RF, RR): (83, 555561, 118, 51)
[M::mem_pestat] analyzing insert size distribution for orientation FF...
[M::mem_pestat] (25, 50, 75) percentile: (364, 531, 865)
[M::mem_pestat] low and high boundaries for computing mean and std.dev: (1, 1867)
[M::mem_pestat] mean and std.dev: (572.38, 349.04)
[M::mem_pestat] low and high boundaries for proper pairs: (1, 2368)
[M::mem_pestat] analyzing insert size distribution for orientation FR...
[M::mem_pestat] (25, 50, 75) percentile: (274, 360, 469)
[M::mem_pestat] low and high boundaries for computing mean and std.dev: (1, 859)
[M::mem_pestat] mean and std.dev: (379.66, 145.97)
[M::mem_pestat] low and high boundaries for proper pairs: (1, 1054)
[M::mem_pestat] analyzing insert size distribution for orientation RF...
[M::mem_pestat] (25, 50, 75) percentile: (70, 437, 3266)
[M::mem_pestat] low and high boundaries for computing mean and std.dev: (1, 9658)
[M::mem_pestat] mean and std.dev: (1906.99, 2514.42)
[M::mem_pestat] low and high boundaries for proper pairs: (1, 12854)
[M::mem_pestat] analyzing insert size distribution for orientation RR...
[M::mem_pestat] (25, 50, 75) percentile: (302, 564, 1187)
[M::mem_pestat] low and high boundaries for computing mean and std.dev: (1, 2957)
[M::mem_pestat] mean and std.dev: (714.72, 695.04)
[M::mem_pestat] low and high boundaries for proper pairs: (1, 3842)
[M::mem_pestat] skip orientation FF
[M::mem_pestat] skip orientation RF
[M::mem_pestat] skip orientation RR
[M::process] read 1458590 sequences (200000002 bp)...
[M::mem_process_seqs] Processed 1461810 reads in 445.827 CPU sec, 48.741 real sec
[M::mem_pestat] # candidate unique pairs for (FF, FR, RF, RR): (82, 558158, 118, 54)
[M::mem_pestat] analyzing insert size distribution for orientation FF...
[M::mem_pestat] (25, 50, 75) percentile: (335, 529, 896)
[M::mem_pestat] low and high boundaries for computing mean and std.dev: (1, 2018)
[M::mem_pestat] mean and std.dev: (564.57, 363.31)
[M::mem_pestat] low and high boundaries for proper pairs: (1, 2579)
[M::mem_pestat] analyzing insert size distribution for orientation FR...
[M::mem_pestat] (25, 50, 75) percentile: (275, 361, 472)
[M::mem_pestat] low and high boundaries for computing mean and std.dev: (1, 866)
[M::mem_pestat] mean and std.dev: (381.00, 147.66)
[M::mem_pestat] low and high boundaries for proper pairs: (1, 1063)
[M::mem_pestat] analyzing insert size distribution for orientation RF...
[M::mem_pestat] (25, 50, 75) percentile: (94, 433, 3149)
[M::mem_pestat] low and high boundaries for computing mean and std.dev: (1, 9259)
[M::mem_pestat] mean and std.dev: (1607.69, 2049.05)
[M::mem_pestat] low and high boundaries for proper pairs: (1, 12314)
[M::mem_pestat] analyzing insert size distribution for orientation RR...
[M::mem_pestat] (25, 50, 75) percentile: (278, 630, 1288)
[M::mem_pestat] low and high boundaries for computing mean and std.dev: (1, 3308)
[M::mem_pestat] mean and std.dev: (815.96, 753.09)
[M::mem_pestat] low and high boundaries for proper pairs: (1, 4318)
[M::mem_pestat] skip orientation FF
[M::mem_pestat] skip orientation RF
[M::mem_pestat] skip orientation RR
[M::process] read 1456806 sequences (200000186 bp)...
[M::mem_process_seqs] Processed 1458590 reads in 441.591 CPU sec, 47.777 real sec
[M::mem_pestat] # candidate unique pairs for (FF, FR, RF, RR): (63, 557106, 118, 63)
[M::mem_pestat] analyzing insert size distribution for orientation FF...
[M::mem_pestat] (25, 50, 75) percentile: (306, 408, 1166)
[M::mem_pestat] low and high boundaries for computing mean and std.dev: (1, 2886)
[M::mem_pestat] mean and std.dev: (641.00, 592.92)
[M::mem_pestat] low and high boundaries for proper pairs: (1, 3746)
[M::mem_pestat] analyzing insert size distribution for orientation FR...
[M::mem_pestat] (25, 50, 75) percentile: (276, 363, 474)
[M::mem_pestat] low and high boundaries for computing mean and std.dev: (1, 870)
[M::mem_pestat] mean and std.dev: (383.14, 148.63)
[M::mem_pestat] low and high boundaries for proper pairs: (1, 1068)
[M::mem_pestat] analyzing insert size distribution for orientation RF...
[M::mem_pestat] (25, 50, 75) percentile: (36, 388, 2337)
[M::mem_pestat] low and high boundaries for computing mean and std.dev: (1, 6939)
[M::mem_pestat] mean and std.dev: (1355.38, 1956.78)
[M::mem_pestat] low and high boundaries for proper pairs: (1, 9240)
[M::mem_pestat] analyzing insert size distribution for orientation RR...
[M::mem_pestat] (25, 50, 75) percentile: (303, 498, 1252)
[M::mem_pestat] low and high boundaries for computing mean and std.dev: (1, 3150)
[M::mem_pestat] mean and std.dev: (618.93, 610.34)
[M::mem_pestat] low and high boundaries for proper pairs: (1, 4099)
[M::mem_pestat] skip orientation FF
[M::mem_pestat] skip orientation RF
[M::mem_pestat] skip orientation RR
[M::process] read 1458096 sequences (200000201 bp)...
[M::mem_process_seqs] Processed 1456806 reads in 439.799 CPU sec, 47.584 real sec
[M::mem_pestat] # candidate unique pairs for (FF, FR, RF, RR): (84, 556441, 114, 54)
[M::mem_pestat] analyzing insert size distribution for orientation FF...
[M::mem_pestat] (25, 50, 75) percentile: (301, 537, 746)
[M::mem_pestat] low and high boundaries for computing mean and std.dev: (1, 1636)
[M::mem_pestat] mean and std.dev: (489.36, 273.52)
[M::mem_pestat] low and high boundaries for proper pairs: (1, 2081)
[M::mem_pestat] analyzing insert size distribution for orientation FR...
[M::mem_pestat] (25, 50, 75) percentile: (275, 362, 471)
[M::mem_pestat] low and high boundaries for computing mean and std.dev: (1, 863)
[M::mem_pestat] mean and std.dev: (381.21, 147.30)
[M::mem_pestat] low and high boundaries for proper pairs: (1, 1059)
[M::mem_pestat] analyzing insert size distribution for orientation RF...
[M::mem_pestat] (25, 50, 75) percentile: (79, 477, 2996)
[M::mem_pestat] low and high boundaries for computing mean and std.dev: (1, 8830)
[M::mem_pestat] mean and std.dev: (1655.62, 2230.28)
[M::mem_pestat] low and high boundaries for proper pairs: (1, 11747)
[M::mem_pestat] analyzing insert size distribution for orientation RR...
[M::mem_pestat] (25, 50, 75) percentile: (267, 640, 1241)
[M::mem_pestat] low and high boundaries for computing mean and std.dev: (1, 3189)
[M::mem_pestat] mean and std.dev: (750.00, 621.64)
[M::mem_pestat] low and high boundaries for proper pairs: (1, 4163)
[M::mem_pestat] skip orientation FF
[M::mem_pestat] skip orientation RF
[M::mem_pestat] skip orientation RR
[M::mem_process_seqs] Processed 1458096 reads in 447.026 CPU sec, 63.213 real sec
[M::process] read 1463242 sequences (200000019 bp)...
[M::process] read 1467870 sequences (200000229 bp)...
[M::mem_pestat] # candidate unique pairs for (FF, FR, RF, RR): (86, 556861, 139, 37)
[M::mem_pestat] analyzing insert size distribution for orientation FF...
[M::mem_pestat] (25, 50, 75) percentile: (322, 560, 870)
[M::mem_pestat] low and high boundaries for computing mean and std.dev: (1, 1966)
[M::mem_pestat] mean and std.dev: (598.46, 372.69)
[M::mem_pestat] low and high boundaries for proper pairs: (1, 2514)
[M::mem_pestat] analyzing insert size distribution for orientation FR...
[M::mem_pestat] (25, 50, 75) percentile: (272, 358, 465)
[M::mem_pestat] low and high boundaries for computing mean and std.dev: (1, 851)
[M::mem_pestat] mean and std.dev: (376.48, 144.25)
[M::mem_pestat] low and high boundaries for proper pairs: (1, 1044)
[M::mem_pestat] analyzing insert size distribution for orientation RF...
[M::mem_pestat] (25, 50, 75) percentile: (61, 220, 2921)
[M::mem_pestat] low and high boundaries for computing mean and std.dev: (1, 8641)
[M::mem_pestat] mean and std.dev: (1393.00, 2168.15)
[M::mem_pestat] low and high boundaries for proper pairs: (1, 11501)
[M::mem_pestat] analyzing insert size distribution for orientation RR...
[M::mem_pestat] (25, 50, 75) percentile: (133, 279, 653)
[M::mem_pestat] low and high boundaries for computing mean and std.dev: (1, 1693)
[M::mem_pestat] mean and std.dev: (365.00, 322.67)
[M::mem_pestat] low and high boundaries for proper pairs: (1, 2213)
[M::mem_pestat] skip orientation FF
[M::mem_pestat] skip orientation RF
[M::mem_pestat] skip orientation RR
[M::mem_process_seqs] Processed 1463242 reads in 441.885 CPU sec, 45.725 real sec
[M::mem_pestat] # candidate unique pairs for (FF, FR, RF, RR): (66, 560498, 127, 60)
[M::mem_pestat] analyzing insert size distribution for orientation FF...
[M::mem_pestat] (25, 50, 75) percentile: (351, 545, 1084)
[M::mem_pestat] low and high boundaries for computing mean and std.dev: (1, 2550)
[M::mem_pestat] mean and std.dev: (599.27, 358.95)
[M::mem_pestat] low and high boundaries for proper pairs: (1, 3283)
[M::mem_pestat] analyzing insert size distribution for orientation FR...
[M::mem_pestat] (25, 50, 75) percentile: (271, 356, 464)
[M::mem_pestat] low and high boundaries for computing mean and std.dev: (1, 850)
[M::mem_pestat] mean and std.dev: (374.73, 144.54)
[M::mem_pestat] low and high boundaries for proper pairs: (1, 1043)
[M::mem_pestat] analyzing insert size distribution for orientation RF...
[M::mem_pestat] (25, 50, 75) percentile: (66, 497, 4132)
[M::mem_pestat] low and high boundaries for computing mean and std.dev: (1, 12264)
[M::mem_pestat] mean and std.dev: (2431.27, 3207.31)
[M::mem_pestat] low and high boundaries for proper pairs: (1, 16330)
[M::mem_pestat] analyzing insert size distribution for orientation RR...
[M::mem_pestat] (25, 50, 75) percentile: (279, 889, 1710)
[M::mem_pestat] low and high boundaries for computing mean and std.dev: (1, 4572)
[M::mem_pestat] mean and std.dev: (1109.16, 1094.98)
[M::mem_pestat] low and high boundaries for proper pairs: (1, 6003)
[M::mem_pestat] skip orientation FF
[M::mem_pestat] skip orientation RF
[M::mem_pestat] skip orientation RR
[M::process] read 1463706 sequences (200000151 bp)...
[M::mem_process_seqs] Processed 1467870 reads in 441.078 CPU sec, 47.774 real sec
[M::mem_pestat] # candidate unique pairs for (FF, FR, RF, RR): (91, 558680, 121, 42)
[M::mem_pestat] analyzing insert size distribution for orientation FF...
[M::mem_pestat] (25, 50, 75) percentile: (286, 446, 800)
[M::mem_pestat] low and high boundaries for computing mean and std.dev: (1, 1828)
[M::mem_pestat] mean and std.dev: (529.43, 345.64)
[M::mem_pestat] low and high boundaries for proper pairs: (1, 2342)
[M::mem_pestat] analyzing insert size distribution for orientation FR...
[M::mem_pestat] (25, 50, 75) percentile: (275, 361, 471)
[M::mem_pestat] low and high boundaries for computing mean and std.dev: (1, 863)
[M::mem_pestat] mean and std.dev: (380.80, 147.73)
[M::mem_pestat] low and high boundaries for proper pairs: (1, 1059)
[M::mem_pestat] analyzing insert size distribution for orientation RF...
[M::mem_pestat] (25, 50, 75) percentile: (120, 692, 3332)
[M::mem_pestat] low and high boundaries for computing mean and std.dev: (1, 9756)
[M::mem_pestat] mean and std.dev: (1986.43, 2532.71)
[M::mem_pestat] low and high boundaries for proper pairs: (1, 12968)
[M::mem_pestat] analyzing insert size distribution for orientation RR...
[M::mem_pestat] (25, 50, 75) percentile: (267, 896, 1781)
[M::mem_pestat] low and high boundaries for computing mean and std.dev: (1, 4809)
[M::mem_pestat] mean and std.dev: (865.11, 791.26)
[M::mem_pestat] low and high boundaries for proper pairs: (1, 6323)
[M::mem_pestat] skip orientation FF
[M::mem_pestat] skip orientation RF
[M::mem_pestat] skip orientation RR
[M::process] read 1465060 sequences (200000022 bp)...
[M::mem_process_seqs] Processed 1463706 reads in 442.530 CPU sec, 48.147 real sec
[M::mem_pestat] # candidate unique pairs for (FF, FR, RF, RR): (86, 557322, 125, 53)
[M::mem_pestat] analyzing insert size distribution for orientation FF...
[M::mem_pestat] (25, 50, 75) percentile: (338, 549, 887)
[M::mem_pestat] low and high boundaries for computing mean and std.dev: (1, 1985)
[M::mem_pestat] mean and std.dev: (610.99, 396.39)
[M::mem_pestat] low and high boundaries for proper pairs: (1, 2534)
[M::mem_pestat] analyzing insert size distribution for orientation FR...
[M::mem_pestat] (25, 50, 75) percentile: (274, 360, 470)
[M::mem_pestat] low and high boundaries for computing mean and std.dev: (1, 862)
[M::mem_pestat] mean and std.dev: (379.86, 147.49)
[M::mem_pestat] low and high boundaries for proper pairs: (1, 1058)
[M::mem_pestat] analyzing insert size distribution for orientation RF...
[M::mem_pestat] (25, 50, 75) percentile: (111, 663, 2978)
[M::mem_pestat] low and high boundaries for computing mean and std.dev: (1, 8712)
[M::mem_pestat] mean and std.dev: (1621.08, 2115.49)
[M::mem_pestat] low and high boundaries for proper pairs: (1, 11579)
[M::mem_pestat] analyzing insert size distribution for orientation RR...
[M::mem_pestat] (25, 50, 75) percentile: (347, 919, 2086)
[M::mem_pestat] low and high boundaries for computing mean and std.dev: (1, 5564)
[M::mem_pestat] mean and std.dev: (1246.49, 1143.50)
[M::mem_pestat] low and high boundaries for proper pairs: (1, 7303)
[M::mem_pestat] skip orientation FF
[M::mem_pestat] skip orientation RF
[M::mem_pestat] skip orientation RR
[M::mem_process_seqs] Processed 1465060 reads in 457.838 CPU sec, 73.809 real sec
[M::process] read 1467140 sequences (200000137 bp)...
[M::process] read 1463292 sequences (200000223 bp)...
[M::mem_pestat] # candidate unique pairs for (FF, FR, RF, RR): (71, 558965, 126, 44)
[M::mem_pestat] analyzing insert size distribution for orientation FF...
[M::mem_pestat] (25, 50, 75) percentile: (331, 575, 846)
[M::mem_pestat] low and high boundaries for computing mean and std.dev: (1, 1876)
[M::mem_pestat] mean and std.dev: (566.39, 387.25)
[M::mem_pestat] low and high boundaries for proper pairs: (1, 2391)
[M::mem_pestat] analyzing insert size distribution for orientation FR...
[M::mem_pestat] (25, 50, 75) percentile: (272, 357, 466)
[M::mem_pestat] low and high boundaries for computing mean and std.dev: (1, 854)
[M::mem_pestat] mean and std.dev: (376.47, 145.66)
[M::mem_pestat] low and high boundaries for proper pairs: (1, 1048)
[M::mem_pestat] analyzing insert size distribution for orientation RF...
[M::mem_pestat] (25, 50, 75) percentile: (109, 770, 2676)
[M::mem_pestat] low and high boundaries for computing mean and std.dev: (1, 7810)
[M::mem_pestat] mean and std.dev: (1509.93, 1931.75)
[M::mem_pestat] low and high boundaries for proper pairs: (1, 10377)
[M::mem_pestat] analyzing insert size distribution for orientation RR...
[M::mem_pestat] (25, 50, 75) percentile: (259, 458, 1029)
[M::mem_pestat] low and high boundaries for computing mean and std.dev: (1, 2569)
[M::mem_pestat] mean and std.dev: (468.39, 411.62)
[M::mem_pestat] low and high boundaries for proper pairs: (1, 3339)
[M::mem_pestat] skip orientation FF
[M::mem_pestat] skip orientation RF
[M::mem_pestat] skip orientation RR
[M::mem_process_seqs] Processed 1467140 reads in 442.912 CPU sec, 46.926 real sec
[M::mem_pestat] # candidate unique pairs for (FF, FR, RF, RR): (69, 558098, 134, 60)
[M::mem_pestat] analyzing insert size distribution for orientation FF...
[M::mem_pestat] (25, 50, 75) percentile: (341, 541, 965)
[M::mem_pestat] low and high boundaries for computing mean and std.dev: (1, 2213)
[M::mem_pestat] mean and std.dev: (632.13, 442.73)
[M::mem_pestat] low and high boundaries for proper pairs: (1, 2837)
[M::mem_pestat] analyzing insert size distribution for orientation FR...
[M::mem_pestat] (25, 50, 75) percentile: (275, 362, 474)
[M::mem_pestat] low and high boundaries for computing mean and std.dev: (1, 872)
[M::mem_pestat] mean and std.dev: (382.12, 149.48)
[M::mem_pestat] low and high boundaries for proper pairs: (1, 1071)
[M::mem_pestat] analyzing insert size distribution for orientation RF...
[M::mem_pestat] (25, 50, 75) percentile: (54, 557, 2914)
[M::mem_pestat] low and high boundaries for computing mean and std.dev: (1, 8634)
[M::mem_pestat] mean and std.dev: (1696.75, 2413.43)
[M::mem_pestat] low and high boundaries for proper pairs: (1, 11494)
[M::mem_pestat] analyzing insert size distribution for orientation RR...
[M::mem_pestat] (25, 50, 75) percentile: (251, 440, 1106)
[M::mem_pestat] low and high boundaries for computing mean and std.dev: (1, 2816)
[M::mem_pestat] mean and std.dev: (605.86, 552.38)
[M::mem_pestat] low and high boundaries for proper pairs: (1, 3671)
[M::mem_pestat] skip orientation FF
[M::mem_pestat] skip orientation RF
[M::mem_pestat] skip orientation RR
[M::process] read 1463300 sequences (200000169 bp)...
[M::mem_process_seqs] Processed 1463292 reads in 442.051 CPU sec, 48.433 real sec
[M::mem_pestat] # candidate unique pairs for (FF, FR, RF, RR): (75, 557994, 124, 48)
[M::mem_pestat] analyzing insert size distribution for orientation FF...
[M::mem_pestat] (25, 50, 75) percentile: (349, 474, 879)
[M::mem_pestat] low and high boundaries for computing mean and std.dev: (1, 1939)
[M::mem_pestat] mean and std.dev: (574.73, 413.18)
[M::mem_pestat] low and high boundaries for proper pairs: (1, 2469)
[M::mem_pestat] analyzing insert size distribution for orientation FR...
[M::mem_pestat] (25, 50, 75) percentile: (276, 363, 474)
[M::mem_pestat] low and high boundaries for computing mean and std.dev: (1, 870)
[M::mem_pestat] mean and std.dev: (382.83, 149.17)
[M::mem_pestat] low and high boundaries for proper pairs: (1, 1068)
[M::mem_pestat] analyzing insert size distribution for orientation RF...
[M::mem_pestat] (25, 50, 75) percentile: (76, 220, 3214)
[M::mem_pestat] low and high boundaries for computing mean and std.dev: (1, 9490)
[M::mem_pestat] mean and std.dev: (1751.06, 2639.08)
[M::mem_pestat] low and high boundaries for proper pairs: (1, 12628)
[M::mem_pestat] analyzing insert size distribution for orientation RR...
[M::mem_pestat] (25, 50, 75) percentile: (340, 530, 1688)
[M::mem_pestat] low and high boundaries for computing mean and std.dev: (1, 4384)
[M::mem_pestat] mean and std.dev: (1059.46, 1025.93)
[M::mem_pestat] low and high boundaries for proper pairs: (1, 5732)
[M::mem_pestat] skip orientation FF
[M::mem_pestat] skip orientation RF
[M::mem_pestat] skip orientation RR
[M::process] read 1466380 sequences (200000142 bp)...
[M::mem_process_seqs] Processed 1463300 reads in 443.450 CPU sec, 48.034 real sec
[M::mem_pestat] # candidate unique pairs for (FF, FR, RF, RR): (69, 556887, 140, 46)
[M::mem_pestat] analyzing insert size distribution for orientation FF...
[M::mem_pestat] (25, 50, 75) percentile: (382, 625, 947)
[M::mem_pestat] low and high boundaries for computing mean and std.dev: (1, 2077)
[M::mem_pestat] mean and std.dev: (636.19, 391.54)
[M::mem_pestat] low and high boundaries for proper pairs: (1, 2642)
[M::mem_pestat] analyzing insert size distribution for orientation FR...
[M::mem_pestat] (25, 50, 75) percentile: (274, 361, 471)
[M::mem_pestat] low and high boundaries for computing mean and std.dev: (1, 865)
[M::mem_pestat] mean and std.dev: (380.65, 147.59)
[M::mem_pestat] low and high boundaries for proper pairs: (1, 1062)
[M::mem_pestat] analyzing insert size distribution for orientation RF...
[M::mem_pestat] (25, 50, 75) percentile: (66, 485, 2686)
[M::mem_pestat] low and high boundaries for computing mean and std.dev: (1, 7926)
[M::mem_pestat] mean and std.dev: (1459.30, 2003.78)
[M::mem_pestat] low and high boundaries for proper pairs: (1, 10546)
[M::mem_pestat] analyzing insert size distribution for orientation RR...
[M::mem_pestat] (25, 50, 75) percentile: (238, 555, 1105)
[M::mem_pestat] low and high boundaries for computing mean and std.dev: (1, 2839)
[M::mem_pestat] mean and std.dev: (680.37, 573.46)
[M::mem_pestat] low and high boundaries for proper pairs: (1, 3706)
[M::mem_pestat] skip orientation FF
[M::mem_pestat] skip orientation RF
[M::mem_pestat] skip orientation RR
[M::mem_process_seqs] Processed 1466380 reads in 451.031 CPU sec, 86.729 real sec
[M::process] read 1464396 sequences (200000025 bp)...
[M::process] read 1460470 sequences (200000061 bp)...
[M::mem_pestat] # candidate unique pairs for (FF, FR, RF, RR): (87, 559745, 109, 34)
[M::mem_pestat] analyzing insert size distribution for orientation FF...
[M::mem_pestat] (25, 50, 75) percentile: (348, 613, 1020)
[M::mem_pestat] low and high boundaries for computing mean and std.dev: (1, 2364)
[M::mem_pestat] mean and std.dev: (677.40, 419.49)
[M::mem_pestat] low and high boundaries for proper pairs: (1, 3036)
[M::mem_pestat] analyzing insert size distribution for orientation FR...
[M::mem_pestat] (25, 50, 75) percentile: (273, 360, 470)
[M::mem_pestat] low and high boundaries for computing mean and std.dev: (1, 864)
[M::mem_pestat] mean and std.dev: (379.11, 147.82)
[M::mem_pestat] low and high boundaries for proper pairs: (1, 1061)
[M::mem_pestat] analyzing insert size distribution for orientation RF...
[M::mem_pestat] (25, 50, 75) percentile: (101, 452, 2164)
[M::mem_pestat] low and high boundaries for computing mean and std.dev: (1, 6290)
[M::mem_pestat] mean and std.dev: (1009.10, 1397.73)
[M::mem_pestat] low and high boundaries for proper pairs: (1, 8353)
[M::mem_pestat] analyzing insert size distribution for orientation RR...
[M::mem_pestat] (25, 50, 75) percentile: (358, 638, 1741)
[M::mem_pestat] low and high boundaries for computing mean and std.dev: (1, 4507)
[M::mem_pestat] mean and std.dev: (1155.73, 1126.51)
[M::mem_pestat] low and high boundaries for proper pairs: (1, 5890)
[M::mem_pestat] skip orientation FF
[M::mem_pestat] skip orientation RF
[M::mem_pestat] skip orientation RR
[M::mem_process_seqs] Processed 1464396 reads in 437.882 CPU sec, 44.909 real sec
[M::mem_pestat] # candidate unique pairs for (FF, FR, RF, RR): (51, 557509, 137, 53)
[M::mem_pestat] analyzing insert size distribution for orientation FF...
[M::mem_pestat] (25, 50, 75) percentile: (431, 595, 1058)
[M::mem_pestat] low and high boundaries for computing mean and std.dev: (1, 2312)
[M::mem_pestat] mean and std.dev: (673.68, 465.73)
[M::mem_pestat] low and high boundaries for proper pairs: (1, 2939)
[M::mem_pestat] analyzing insert size distribution for orientation FR...
[M::mem_pestat] (25, 50, 75) percentile: (275, 362, 475)
[M::mem_pestat] low and high boundaries for computing mean and std.dev: (1, 875)
[M::mem_pestat] mean and std.dev: (382.87, 149.94)
[M::mem_pestat] low and high boundaries for proper pairs: (1, 1075)
[M::mem_pestat] analyzing insert size distribution for orientation RF...
[M::mem_pestat] (25, 50, 75) percentile: (75, 672, 4314)
[M::mem_pestat] low and high boundaries for computing mean and std.dev: (1, 12792)
[M::mem_pestat] mean and std.dev: (2357.34, 2957.50)
[M::mem_pestat] low and high boundaries for proper pairs: (1, 17031)
[M::mem_pestat] analyzing insert size distribution for orientation RR...
[M::mem_pestat] (25, 50, 75) percentile: (225, 441, 1356)
[M::mem_pestat] low and high boundaries for computing mean and std.dev: (1, 3618)
[M::mem_pestat] mean and std.dev: (664.54, 692.27)
[M::mem_pestat] low and high boundaries for proper pairs: (1, 4749)
[M::mem_pestat] skip orientation FF
[M::mem_pestat] skip orientation RF
[M::mem_pestat] skip orientation RR
[M::process] read 1461680 sequences (200000272 bp)...
[M::mem_process_seqs] Processed 1460470 reads in 440.727 CPU sec, 47.737 real sec
[M::mem_pestat] # candidate unique pairs for (FF, FR, RF, RR): (92, 557208, 136, 30)
[M::mem_pestat] analyzing insert size distribution for orientation FF...
[M::mem_pestat] (25, 50, 75) percentile: (333, 499, 882)
[M::mem_pestat] low and high boundaries for computing mean and std.dev: (1, 1980)
[M::mem_pestat] mean and std.dev: (563.52, 373.86)
[M::mem_pestat] low and high boundaries for proper pairs: (1, 2529)
[M::mem_pestat] analyzing insert size distribution for orientation FR...
[M::mem_pestat] (25, 50, 75) percentile: (275, 362, 474)
[M::mem_pestat] low and high boundaries for computing mean and std.dev: (1, 872)
[M::mem_pestat] mean and std.dev: (382.57, 149.54)
[M::mem_pestat] low and high boundaries for proper pairs: (1, 1071)
[M::mem_pestat] analyzing insert size distribution for orientation RF...
[M::mem_pestat] (25, 50, 75) percentile: (79, 493, 2191)
[M::mem_pestat] low and high boundaries for computing mean and std.dev: (1, 6415)
[M::mem_pestat] mean and std.dev: (1186.33, 1678.25)
[M::mem_pestat] low and high boundaries for proper pairs: (1, 8527)
[M::mem_pestat] analyzing insert size distribution for orientation RR...
[M::mem_pestat] (25, 50, 75) percentile: (268, 476, 720)
[M::mem_pestat] low and high boundaries for computing mean and std.dev: (1, 1624)
[M::mem_pestat] mean and std.dev: (429.96, 275.11)
[M::mem_pestat] low and high boundaries for proper pairs: (1, 2076)
[M::mem_pestat] skip orientation FF
[M::mem_pestat] skip orientation RF
[M::mem_pestat] skip orientation RR
[M::process] read 1465208 sequences (200000139 bp)...
[M::mem_process_seqs] Processed 1461680 reads in 442.333 CPU sec, 47.869 real sec
[M::mem_pestat] # candidate unique pairs for (FF, FR, RF, RR): (92, 557537, 126, 39)
[M::mem_pestat] analyzing insert size distribution for orientation FF...
[M::mem_pestat] (25, 50, 75) percentile: (398, 615, 817)
[M::mem_pestat] low and high boundaries for computing mean and std.dev: (1, 1655)
[M::mem_pestat] mean and std.dev: (590.70, 314.06)
[M::mem_pestat] low and high boundaries for proper pairs: (1, 2074)
[M::mem_pestat] analyzing insert size distribution for orientation FR...
[M::mem_pestat] (25, 50, 75) percentile: (274, 360, 470)
[M::mem_pestat] low and high boundaries for computing mean and std.dev: (1, 862)
[M::mem_pestat] mean and std.dev: (379.75, 147.33)
[M::mem_pestat] low and high boundaries for proper pairs: (1, 1058)
[M::mem_pestat] analyzing insert size distribution for orientation RF...
[M::mem_pestat] (25, 50, 75) percentile: (123, 597, 2434)
[M::mem_pestat] low and high boundaries for computing mean and std.dev: (1, 7056)
[M::mem_pestat] mean and std.dev: (1254.58, 1646.89)
[M::mem_pestat] low and high boundaries for proper pairs: (1, 9367)
[M::mem_pestat] analyzing insert size distribution for orientation RR...
[M::mem_pestat] (25, 50, 75) percentile: (239, 437, 1113)
[M::mem_pestat] low and high boundaries for computing mean and std.dev: (1, 2861)
[M::mem_pestat] mean and std.dev: (565.79, 536.47)
[M::mem_pestat] low and high boundaries for proper pairs: (1, 3735)
[M::mem_pestat] skip orientation FF
[M::mem_pestat] skip orientation RF
[M::mem_pestat] skip orientation RR
[M::process] read 1460766 sequences (200000097 bp)...
[M::mem_process_seqs] Processed 1465208 reads in 441.072 CPU sec, 47.789 real sec
[M::mem_pestat] # candidate unique pairs for (FF, FR, RF, RR): (82, 557999, 133, 48)
[M::mem_pestat] analyzing insert size distribution for orientation FF...
[M::mem_pestat] (25, 50, 75) percentile: (341, 580, 944)
[M::mem_pestat] low and high boundaries for computing mean and std.dev: (1, 2150)
[M::mem_pestat] mean and std.dev: (641.12, 438.43)
[M::mem_pestat] low and high boundaries for proper pairs: (1, 2753)
[M::mem_pestat] analyzing insert size distribution for orientation FR...
[M::mem_pestat] (25, 50, 75) percentile: (276, 363, 477)
[M::mem_pestat] low and high boundaries for computing mean and std.dev: (1, 879)
[M::mem_pestat] mean and std.dev: (383.79, 150.88)
[M::mem_pestat] low and high boundaries for proper pairs: (1, 1080)
[M::mem_pestat] analyzing insert size distribution for orientation RF...
[M::mem_pestat] (25, 50, 75) percentile: (59, 403, 2534)
[M::mem_pestat] low and high boundaries for computing mean and std.dev: (1, 7484)
[M::mem_pestat] mean and std.dev: (1468.22, 2041.05)
[M::mem_pestat] low and high boundaries for proper pairs: (1, 9959)
[M::mem_pestat] analyzing insert size distribution for orientation RR...
[M::mem_pestat] (25, 50, 75) percentile: (207, 311, 738)
[M::mem_pestat] low and high boundaries for computing mean and std.dev: (1, 1800)
[M::mem_pestat] mean and std.dev: (468.11, 423.19)
[M::mem_pestat] low and high boundaries for proper pairs: (1, 2331)
[M::mem_pestat] skip orientation FF
[M::mem_pestat] skip orientation RF
[M::mem_pestat] skip orientation RR
[M::mem_process_seqs] Processed 1460766 reads in 457.098 CPU sec, 73.137 real sec
[M::process] read 1461512 sequences (200000077 bp)...
[M::process] read 1461204 sequences (200000058 bp)...
[M::mem_pestat] # candidate unique pairs for (FF, FR, RF, RR): (92, 557291, 126, 43)
[M::mem_pestat] analyzing insert size distribution for orientation FF...
[M::mem_pestat] (25, 50, 75) percentile: (363, 594, 1042)
[M::mem_pestat] low and high boundaries for computing mean and std.dev: (1, 2400)
[M::mem_pestat] mean and std.dev: (668.68, 473.00)
[M::mem_pestat] low and high boundaries for proper pairs: (1, 3079)
[M::mem_pestat] analyzing insert size distribution for orientation FR...
[M::mem_pestat] (25, 50, 75) percentile: (276, 364, 477)
[M::mem_pestat] low and high boundaries for computing mean and std.dev: (1, 879)
[M::mem_pestat] mean and std.dev: (385.14, 151.29)
[M::mem_pestat] low and high boundaries for proper pairs: (1, 1080)
[M::mem_pestat] analyzing insert size distribution for orientation RF...
[M::mem_pestat] (25, 50, 75) percentile: (65, 347, 2872)
[M::mem_pestat] low and high boundaries for computing mean and std.dev: (1, 8486)
[M::mem_pestat] mean and std.dev: (1427.24, 2014.51)
[M::mem_pestat] low and high boundaries for proper pairs: (1, 11293)
[M::mem_pestat] analyzing insert size distribution for orientation RR...
[M::mem_pestat] (25, 50, 75) percentile: (247, 408, 806)
[M::mem_pestat] low and high boundaries for computing mean and std.dev: (1, 1924)
[M::mem_pestat] mean and std.dev: (471.72, 338.89)
[M::mem_pestat] low and high boundaries for proper pairs: (1, 2483)
[M::mem_pestat] skip orientation FF
[M::mem_pestat] skip orientation RF
[M::mem_pestat] skip orientation RR
[M::mem_process_seqs] Processed 1461512 reads in 441.124 CPU sec, 46.416 real sec
[M::mem_pestat] # candidate unique pairs for (FF, FR, RF, RR): (80, 556442, 125, 59)
[M::mem_pestat] analyzing insert size distribution for orientation FF...
[M::mem_pestat] (25, 50, 75) percentile: (359, 551, 867)
[M::mem_pestat] low and high boundaries for computing mean and std.dev: (1, 1883)
[M::mem_pestat] mean and std.dev: (606.82, 399.86)
[M::mem_pestat] low and high boundaries for proper pairs: (1, 2391)
[M::mem_pestat] analyzing insert size distribution for orientation FR...
[M::mem_pestat] (25, 50, 75) percentile: (276, 363, 475)
[M::mem_pestat] low and high boundaries for computing mean and std.dev: (1, 873)
[M::mem_pestat] mean and std.dev: (383.73, 150.14)
[M::mem_pestat] low and high boundaries for proper pairs: (1, 1072)
[M::mem_pestat] analyzing insert size distribution for orientation RF...
[M::mem_pestat] (25, 50, 75) percentile: (114, 379, 2780)
[M::mem_pestat] low and high boundaries for computing mean and std.dev: (1, 8112)
[M::mem_pestat] mean and std.dev: (1346.21, 1846.84)
[M::mem_pestat] low and high boundaries for proper pairs: (1, 10778)
[M::mem_pestat] analyzing insert size distribution for orientation RR...
[M::mem_pestat] (25, 50, 75) percentile: (322, 584, 1275)
[M::mem_pestat] low and high boundaries for computing mean and std.dev: (1, 3181)
[M::mem_pestat] mean and std.dev: (883.30, 788.98)
[M::mem_pestat] low and high boundaries for proper pairs: (1, 4134)
[M::mem_pestat] skip orientation FF
[M::mem_pestat] skip orientation RF
[M::mem_pestat] skip orientation RR
[M::process] read 1463630 sequences (200000009 bp)...
[M::mem_process_seqs] Processed 1461204 reads in 443.254 CPU sec, 48.007 real sec
[M::mem_pestat] # candidate unique pairs for (FF, FR, RF, RR): (70, 558331, 133, 41)
[M::mem_pestat] analyzing insert size distribution for orientation FF...
[M::mem_pestat] (25, 50, 75) percentile: (359, 715, 1233)
[M::mem_pestat] low and high boundaries for computing mean and std.dev: (1, 2981)
[M::mem_pestat] mean and std.dev: (830.99, 649.61)
[M::mem_pestat] low and high boundaries for proper pairs: (1, 3855)
[M::mem_pestat] analyzing insert size distribution for orientation FR...
[M::mem_pestat] (25, 50, 75) percentile: (275, 362, 474)
[M::mem_pestat] low and high boundaries for computing mean and std.dev: (1, 872)
[M::mem_pestat] mean and std.dev: (382.50, 149.52)
[M::mem_pestat] low and high boundaries for proper pairs: (1, 1071)
[M::mem_pestat] analyzing insert size distribution for orientation RF...
[M::mem_pestat] (25, 50, 75) percentile: (51, 292, 2932)
[M::mem_pestat] low and high boundaries for computing mean and std.dev: (1, 8694)
[M::mem_pestat] mean and std.dev: (1496.67, 2224.37)
[M::mem_pestat] low and high boundaries for proper pairs: (1, 11575)
[M::mem_pestat] analyzing insert size distribution for orientation RR...
[M::mem_pestat] (25, 50, 75) percentile: (253, 504, 1569)
[M::mem_pestat] low and high boundaries for computing mean and std.dev: (1, 4201)
[M::mem_pestat] mean and std.dev: (649.50, 685.78)
[M::mem_pestat] low and high boundaries for proper pairs: (1, 5517)
[M::mem_pestat] skip orientation FF
[M::mem_pestat] skip orientation RF
[M::mem_pestat] skip orientation RR
[M::process] read 1460988 sequences (200000202 bp)...
[M::mem_process_seqs] Processed 1463630 reads in 444.088 CPU sec, 48.287 real sec
[M::mem_pestat] # candidate unique pairs for (FF, FR, RF, RR): (81, 557758, 134, 53)
[M::mem_pestat] analyzing insert size distribution for orientation FF...
[M::mem_pestat] (25, 50, 75) percentile: (325, 539, 789)
[M::mem_pestat] low and high boundaries for computing mean and std.dev: (1, 1717)
[M::mem_pestat] mean and std.dev: (526.62, 296.61)
[M::mem_pestat] low and high boundaries for proper pairs: (1, 2181)
[M::mem_pestat] analyzing insert size distribution for orientation FR...
[M::mem_pestat] (25, 50, 75) percentile: (277, 365, 479)
[M::mem_pestat] low and high boundaries for computing mean and std.dev: (1, 883)
[M::mem_pestat] mean and std.dev: (385.97, 151.53)
[M::mem_pestat] low and high boundaries for proper pairs: (1, 1085)
[M::mem_pestat] analyzing insert size distribution for orientation RF...
[M::mem_pestat] (25, 50, 75) percentile: (64, 362, 2151)
[M::mem_pestat] low and high boundaries for computing mean and std.dev: (1, 6325)
[M::mem_pestat] mean and std.dev: (984.05, 1461.27)
[M::mem_pestat] low and high boundaries for proper pairs: (1, 8412)
[M::mem_pestat] analyzing insert size distribution for orientation RR...
[M::mem_pestat] (25, 50, 75) percentile: (271, 633, 1397)
[M::mem_pestat] low and high boundaries for computing mean and std.dev: (1, 3649)
[M::mem_pestat] mean and std.dev: (980.18, 988.06)
[M::mem_pestat] low and high boundaries for proper pairs: (1, 4932)
[M::mem_pestat] skip orientation FF
[M::mem_pestat] skip orientation RF
[M::mem_pestat] skip orientation RR
[M::process] read 1462104 sequences (200000283 bp)...
[M::mem_process_seqs] Processed 1460988 reads in 443.244 CPU sec, 48.088 real sec
[M::mem_pestat] # candidate unique pairs for (FF, FR, RF, RR): (76, 556373, 118, 35)
[M::mem_pestat] analyzing insert size distribution for orientation FF...
[M::mem_pestat] (25, 50, 75) percentile: (379, 600, 1059)
[M::mem_pestat] low and high boundaries for computing mean and std.dev: (1, 2419)
[M::mem_pestat] mean and std.dev: (682.76, 496.86)
[M::mem_pestat] low and high boundaries for proper pairs: (1, 3099)
[M::mem_pestat] analyzing insert size distribution for orientation FR...
[M::mem_pestat] (25, 50, 75) percentile: (277, 365, 478)
[M::mem_pestat] low and high boundaries for computing mean and std.dev: (1, 880)
[M::mem_pestat] mean and std.dev: (385.50, 151.33)
[M::mem_pestat] low and high boundaries for proper pairs: (1, 1081)
[M::mem_pestat] analyzing insert size distribution for orientation RF...
[M::mem_pestat] (25, 50, 75) percentile: (64, 468, 2382)
[M::mem_pestat] low and high boundaries for computing mean and std.dev: (1, 7018)
[M::mem_pestat] mean and std.dev: (1256.88, 1674.74)
[M::mem_pestat] low and high boundaries for proper pairs: (1, 9336)
[M::mem_pestat] analyzing insert size distribution for orientation RR...
[M::mem_pestat] (25, 50, 75) percentile: (270, 411, 724)
[M::mem_pestat] low and high boundaries for computing mean and std.dev: (1, 1632)
[M::mem_pestat] mean and std.dev: (462.79, 338.58)
[M::mem_pestat] low and high boundaries for proper pairs: (1, 2086)
[M::mem_pestat] skip orientation FF
[M::mem_pestat] skip orientation RF
[M::mem_pestat] skip orientation RR
[M::process] read 1464052 sequences (200000121 bp)...
[M::mem_process_seqs] Processed 1462104 reads in 443.916 CPU sec, 48.089 real sec
[M::mem_pestat] # candidate unique pairs for (FF, FR, RF, RR): (76, 556259, 113, 71)
[M::mem_pestat] analyzing insert size distribution for orientation FF...
[M::mem_pestat] (25, 50, 75) percentile: (330, 506, 700)
[M::mem_pestat] low and high boundaries for computing mean and std.dev: (1, 1440)
[M::mem_pestat] mean and std.dev: (469.58, 240.15)
[M::mem_pestat] low and high boundaries for proper pairs: (1, 1810)
[M::mem_pestat] analyzing insert size distribution for orientation FR...
[M::mem_pestat] (25, 50, 75) percentile: (276, 363, 475)
[M::mem_pestat] low and high boundaries for computing mean and std.dev: (1, 873)
[M::mem_pestat] mean and std.dev: (383.77, 149.48)
[M::mem_pestat] low and high boundaries for proper pairs: (1, 1072)
[M::mem_pestat] analyzing insert size distribution for orientation RF...
[M::mem_pestat] (25, 50, 75) percentile: (134, 457, 2248)
[M::mem_pestat] low and high boundaries for computing mean and std.dev: (1, 6476)
[M::mem_pestat] mean and std.dev: (1171.74, 1633.81)
[M::mem_pestat] low and high boundaries for proper pairs: (1, 8590)
[M::mem_pestat] analyzing insert size distribution for orientation RR...
[M::mem_pestat] (25, 50, 75) percentile: (257, 547, 959)
[M::mem_pestat] low and high boundaries for computing mean and std.dev: (1, 2363)
[M::mem_pestat] mean and std.dev: (556.90, 462.43)
[M::mem_pestat] low and high boundaries for proper pairs: (1, 3065)
[M::mem_pestat] skip orientation FF
[M::mem_pestat] skip orientation RF
[M::mem_pestat] skip orientation RR
[M::process] read 1464648 sequences (200000276 bp)...
[M::mem_process_seqs] Processed 1464052 reads in 444.230 CPU sec, 48.136 real sec
[M::mem_pestat] # candidate unique pairs for (FF, FR, RF, RR): (88, 558752, 118, 48)
[M::mem_pestat] analyzing insert size distribution for orientation FF...
[M::mem_pestat] (25, 50, 75) percentile: (389, 641, 934)
[M::mem_pestat] low and high boundaries for computing mean and std.dev: (1, 2024)
[M::mem_pestat] mean and std.dev: (632.00, 363.20)
[M::mem_pestat] low and high boundaries for proper pairs: (1, 2569)
[M::mem_pestat] analyzing insert size distribution for orientation FR...
[M::mem_pestat] (25, 50, 75) percentile: (276, 363, 477)
[M::mem_pestat] low and high boundaries for computing mean and std.dev: (1, 879)
[M::mem_pestat] mean and std.dev: (384.17, 150.61)
[M::mem_pestat] low and high boundaries for proper pairs: (1, 1080)
[M::mem_pestat] analyzing insert size distribution for orientation RF...
[M::mem_pestat] (25, 50, 75) percentile: (126, 739, 3616)
[M::mem_pestat] low and high boundaries for computing mean and std.dev: (1, 10596)
[M::mem_pestat] mean and std.dev: (2197.03, 2764.84)
[M::mem_pestat] low and high boundaries for proper pairs: (1, 14086)
[M::mem_pestat] analyzing insert size distribution for orientation RR...
[M::mem_pestat] (25, 50, 75) percentile: (271, 572, 1366)
[M::mem_pestat] low and high boundaries for computing mean and std.dev: (1, 3556)
[M::mem_pestat] mean and std.dev: (836.85, 742.80)
[M::mem_pestat] low and high boundaries for proper pairs: (1, 4651)
[M::mem_pestat] skip orientation FF
[M::mem_pestat] skip orientation RF
[M::mem_pestat] skip orientation RR
[M::mem_process_seqs] Processed 1464648 reads in 462.892 CPU sec, 76.558 real sec
[M::process] read 1463474 sequences (200000018 bp)...
[M::process] read 1462440 sequences (200000250 bp)...
[M::mem_pestat] # candidate unique pairs for (FF, FR, RF, RR): (94, 557467, 122, 50)
[M::mem_pestat] analyzing insert size distribution for orientation FF...
[M::mem_pestat] (25, 50, 75) percentile: (344, 536, 777)
[M::mem_pestat] low and high boundaries for computing mean and std.dev: (1, 1643)
[M::mem_pestat] mean and std.dev: (532.12, 300.11)
[M::mem_pestat] low and high boundaries for proper pairs: (1, 2076)
[M::mem_pestat] analyzing insert size distribution for orientation FR...
[M::mem_pestat] (25, 50, 75) percentile: (277, 365, 478)
[M::mem_pestat] low and high boundaries for computing mean and std.dev: (1, 880)
[M::mem_pestat] mean and std.dev: (385.66, 150.56)
[M::mem_pestat] low and high boundaries for proper pairs: (1, 1081)
[M::mem_pestat] analyzing insert size distribution for orientation RF...
[M::mem_pestat] (25, 50, 75) percentile: (58, 317, 3560)
[M::mem_pestat] low and high boundaries for computing mean and std.dev: (1, 10564)
[M::mem_pestat] mean and std.dev: (2140.25, 3103.05)
[M::mem_pestat] low and high boundaries for proper pairs: (1, 14552)
[M::mem_pestat] analyzing insert size distribution for orientation RR...
[M::mem_pestat] (25, 50, 75) percentile: (334, 657, 1398)
[M::mem_pestat] low and high boundaries for computing mean and std.dev: (1, 3526)
[M::mem_pestat] mean and std.dev: (789.71, 690.83)
[M::mem_pestat] low and high boundaries for proper pairs: (1, 4590)
[M::mem_pestat] skip orientation FF
[M::mem_pestat] skip orientation RF
[M::mem_pestat] skip orientation RR
[M::mem_process_seqs] Processed 1463474 reads in 444.910 CPU sec, 46.845 real sec
[M::mem_pestat] # candidate unique pairs for (FF, FR, RF, RR): (77, 556999, 121, 48)
[M::mem_pestat] analyzing insert size distribution for orientation FF...
[M::mem_pestat] (25, 50, 75) percentile: (363, 543, 883)
[M::mem_pestat] low and high boundaries for computing mean and std.dev: (1, 1923)
[M::mem_pestat] mean and std.dev: (638.59, 409.36)
[M::mem_pestat] low and high boundaries for proper pairs: (1, 2443)
[M::mem_pestat] analyzing insert size distribution for orientation FR...
[M::mem_pestat] (25, 50, 75) percentile: (276, 364, 478)
[M::mem_pestat] low and high boundaries for computing mean and std.dev: (1, 882)
[M::mem_pestat] mean and std.dev: (385.37, 151.27)
[M::mem_pestat] low and high boundaries for proper pairs: (1, 1084)
[M::mem_pestat] analyzing insert size distribution for orientation RF...
[M::mem_pestat] (25, 50, 75) percentile: (100, 479, 3015)
[M::mem_pestat] low and high boundaries for computing mean and std.dev: (1, 8845)
[M::mem_pestat] mean and std.dev: (1501.10, 1905.49)
[M::mem_pestat] low and high boundaries for proper pairs: (1, 11760)
[M::mem_pestat] analyzing insert size distribution for orientation RR...
[M::mem_pestat] (25, 50, 75) percentile: (293, 549, 1058)
[M::mem_pestat] low and high boundaries for computing mean and std.dev: (1, 2588)
[M::mem_pestat] mean and std.dev: (711.82, 626.75)
[M::mem_pestat] low and high boundaries for proper pairs: (1, 3353)
[M::mem_pestat] skip orientation FF
[M::mem_pestat] skip orientation RF
[M::mem_pestat] skip orientation RR
[M::process] read 1051306 sequences (143642394 bp)...
[M::mem_process_seqs] Processed 1462440 reads in 443.972 CPU sec, 48.097 real sec
[M::mem_pestat] # candidate unique pairs for (FF, FR, RF, RR): (43, 398530, 84, 28)
[M::mem_pestat] analyzing insert size distribution for orientation FF...
[M::mem_pestat] (25, 50, 75) percentile: (363, 560, 858)
[M::mem_pestat] low and high boundaries for computing mean and std.dev: (1, 1848)
[M::mem_pestat] mean and std.dev: (563.15, 342.82)
[M::mem_pestat] low and high boundaries for proper pairs: (1, 2343)
[M::mem_pestat] analyzing insert size distribution for orientation FR...
[M::mem_pestat] (25, 50, 75) percentile: (275, 363, 474)
[M::mem_pestat] low and high boundaries for computing mean and std.dev: (1, 872)
[M::mem_pestat] mean and std.dev: (383.26, 149.55)
[M::mem_pestat] low and high boundaries for proper pairs: (1, 1071)
[M::mem_pestat] analyzing insert size distribution for orientation RF...
[M::mem_pestat] (25, 50, 75) percentile: (43, 300, 4283)
[M::mem_pestat] low and high boundaries for computing mean and std.dev: (1, 12763)
[M::mem_pestat] mean and std.dev: (2142.81, 3007.67)
[M::mem_pestat] low and high boundaries for proper pairs: (1, 17003)
[M::mem_pestat] analyzing insert size distribution for orientation RR...
[M::mem_pestat] (25, 50, 75) percentile: (415, 629, 1318)
[M::mem_pestat] low and high boundaries for computing mean and std.dev: (1, 3124)
[M::mem_pestat] mean and std.dev: (610.78, 437.71)
[M::mem_pestat] low and high boundaries for proper pairs: (1, 4027)
[M::mem_pestat] skip orientation FF
[M::mem_pestat] skip orientation RF
[M::mem_pestat] skip orientation RR
[M::mem_process_seqs] Processed 1051306 reads in 320.107 CPU sec, 35.733 real sec
[main] Version: 0.7.17-r1188
[main] CMD:samblaster: Marked 3428552 of 31949388 (10.73%) read ids as duplicates bwa mem using 521940k memory in  -t1M 2014S -R(74.346S) @RG\tID:FG_CC_19T_060\tPL:ILLUMINA\tPU:HJMNCDSX7.4\tSM:FG_CC_19T_060\tCN:MCGILL\tBC:TCATAGATTG-NACCTTAATC CPU seconds and  /storage/scratch/iee/dj20y461/Stickleback/G_aculeatus/FITNESS//data/ref_A_X/stickleback_v5_assembly_A_X.fasta39M /storage/scratch/iee/dj20y461/Stickleback/G_aculeatus/FITNESS//data/trimmed/FG_CC_19T_060.R1.trimmed.fastq.gz17S /storage/scratch/iee/dj20y461/Stickleback/G_aculeatus/FITNESS//data/trimmed/FG_CC_19T_060.R2.trimmed.fastq.gz(2357S) wall time.

[main] Real time: 2356.763 sec; CPU: 19434.887 sec
[bam_sort_core] merging from 20 files and 20 in-memory blocks...
