samblaster: Version 0.1.24
samblaster: Inputting from stdin
samblaster: Outputting to stdout
[M::bwa_idx_load_from_disk] read 0 ALT contigs
[M::process] read 1461162 sequences (200000103 bp)...
[M::mem_pestat] # candidate unique pairs for (FF, FR, RF, RR): (32, 560503, 171, 49)
[M::mem_pestat] analyzing insert size distribution for orientation FF...
[M::mem_pestat] (25, 50, 75) percentile: (257, 577, 1803)
[M::mem_pestat] low and high boundaries for computing mean and std.dev: (1, 4895)
[M::mem_pestat] mean and std.dev: (985.77, 1164.28)
[M::mem_pestat] low and high boundaries for proper pairs: (1, 6441)
[M::mem_pestat] analyzing insert size distribution for orientation FR...
[M::mem_pestat] (25, 50, 75) percentile: (276, 362, 467)
[M::mem_pestat] low and high boundaries for computing mean and std.dev: (1, 849)
[M::mem_pestat] mean and std.dev: (378.83, 143.79)
[M::mem_pestat] low and high boundaries for proper pairs: (1, 1040)
[M::mem_pestat] analyzing insert size distribution for orientation RF...
[M::mem_pestat] (25, 50, 75) percentile: (116, 466, 2472)
[M::mem_pestat] low and high boundaries for computing mean and std.dev: (1, 7184)
[M::mem_pestat] mean and std.dev: (1344.59, 1837.05)
[M::mem_pestat] low and high boundaries for proper pairs: (1, 9540)
[M::mem_pestat] analyzing insert size distribution for orientation RR...
[M::mem_pestat] (25, 50, 75) percentile: (163, 418, 1112)
[M::mem_pestat] low and high boundaries for computing mean and std.dev: (1, 3010)
[M::mem_pestat] mean and std.dev: (578.82, 666.27)
[M::mem_pestat] low and high boundaries for proper pairs: (1, 3959)
[M::mem_pestat] skip orientation FF
[M::mem_pestat] skip orientation RF
[M::mem_pestat] skip orientation RR
[M::mem_process_seqs] Processed 1461162 reads in 464.180 CPU sec, 111.546 real sec
samblaster: Loaded 23 header sequence entries.
[M::process] read 1457564 sequences (200000079 bp)...
[M::process] read 1459068 sequences (200000153 bp)...
[M::mem_pestat] # candidate unique pairs for (FF, FR, RF, RR): (25, 559148, 153, 32)
[M::mem_pestat] analyzing insert size distribution for orientation FF...
[M::mem_pestat] (25, 50, 75) percentile: (283, 434, 1675)
[M::mem_pestat] low and high boundaries for computing mean and std.dev: (1, 4459)
[M::mem_pestat] mean and std.dev: (783.96, 745.77)
[M::mem_pestat] low and high boundaries for proper pairs: (1, 5851)
[M::mem_pestat] analyzing insert size distribution for orientation FR...
[M::mem_pestat] (25, 50, 75) percentile: (281, 369, 477)
[M::mem_pestat] low and high boundaries for computing mean and std.dev: (1, 869)
[M::mem_pestat] mean and std.dev: (386.32, 146.91)
[M::mem_pestat] low and high boundaries for proper pairs: (1, 1065)
[M::mem_pestat] analyzing insert size distribution for orientation RF...
[M::mem_pestat] (25, 50, 75) percentile: (124, 601, 3318)
[M::mem_pestat] low and high boundaries for computing mean and std.dev: (1, 9706)
[M::mem_pestat] mean and std.dev: (1779.29, 2355.12)
[M::mem_pestat] low and high boundaries for proper pairs: (1, 12900)
[M::mem_pestat] analyzing insert size distribution for orientation RR...
[M::mem_pestat] (25, 50, 75) percentile: (200, 358, 1126)
[M::mem_pestat] low and high boundaries for computing mean and std.dev: (1, 2978)
[M::mem_pestat] mean and std.dev: (368.96, 314.12)
[M::mem_pestat] low and high boundaries for proper pairs: (1, 3904)
[M::mem_pestat] skip orientation FF
[M::mem_pestat] skip orientation RF
[M::mem_pestat] skip orientation RR
[M::mem_process_seqs] Processed 1457564 reads in 438.382 CPU sec, 48.949 real sec
[M::process] read 1462302 sequences (200000084 bp)...
[M::mem_pestat] # candidate unique pairs for (FF, FR, RF, RR): (34, 558555, 129, 35)
[M::mem_pestat] analyzing insert size distribution for orientation FF...
[M::mem_pestat] (25, 50, 75) percentile: (270, 504, 717)
[M::mem_pestat] low and high boundaries for computing mean and std.dev: (1, 1611)
[M::mem_pestat] mean and std.dev: (416.32, 232.00)
[M::mem_pestat] low and high boundaries for proper pairs: (1, 2058)
[M::mem_pestat] analyzing insert size distribution for orientation FR...
[M::mem_pestat] (25, 50, 75) percentile: (280, 369, 475)
[M::mem_pestat] low and high boundaries for computing mean and std.dev: (1, 865)
[M::mem_pestat] mean and std.dev: (385.44, 145.68)
[M::mem_pestat] low and high boundaries for proper pairs: (1, 1060)
[M::mem_pestat] analyzing insert size distribution for orientation RF...
[M::mem_pestat] (25, 50, 75) percentile: (97, 322, 2120)
[M::mem_pestat] low and high boundaries for computing mean and std.dev: (1, 6166)
[M::mem_pestat] mean and std.dev: (1033.64, 1603.55)
[M::mem_pestat] low and high boundaries for proper pairs: (1, 8189)
[M::mem_pestat] analyzing insert size distribution for orientation RR...
[M::mem_pestat] (25, 50, 75) percentile: (148, 328, 523)
[M::mem_pestat] low and high boundaries for computing mean and std.dev: (1, 1273)
[M::mem_pestat] mean and std.dev: (287.83, 193.99)
[M::mem_pestat] low and high boundaries for proper pairs: (1, 1648)
[M::mem_pestat] skip orientation FF
[M::mem_pestat] skip orientation RF
[M::mem_pestat] skip orientation RR
[M::mem_process_seqs] Processed 1459068 reads in 441.642 CPU sec, 49.587 real sec
[M::process] read 1463500 sequences (200000165 bp)...
[M::mem_pestat] # candidate unique pairs for (FF, FR, RF, RR): (38, 557650, 117, 42)
[M::mem_pestat] analyzing insert size distribution for orientation FF...
[M::mem_pestat] (25, 50, 75) percentile: (264, 673, 1969)
[M::mem_pestat] low and high boundaries for computing mean and std.dev: (1, 5379)
[M::mem_pestat] mean and std.dev: (1252.57, 1402.83)
[M::mem_pestat] low and high boundaries for proper pairs: (1, 7084)
[M::mem_pestat] analyzing insert size distribution for orientation FR...
[M::mem_pestat] (25, 50, 75) percentile: (279, 366, 469)
[M::mem_pestat] low and high boundaries for computing mean and std.dev: (1, 849)
[M::mem_pestat] mean and std.dev: (381.13, 141.95)
[M::mem_pestat] low and high boundaries for proper pairs: (1, 1039)
[M::mem_pestat] analyzing insert size distribution for orientation RF...
[M::mem_pestat] (25, 50, 75) percentile: (169, 537, 3486)
[M::mem_pestat] low and high boundaries for computing mean and std.dev: (1, 10120)
[M::mem_pestat] mean and std.dev: (2162.04, 2736.93)
[M::mem_pestat] low and high boundaries for proper pairs: (1, 13437)
[M::mem_pestat] analyzing insert size distribution for orientation RR...
[M::mem_pestat] (25, 50, 75) percentile: (169, 342, 795)
[M::mem_pestat] low and high boundaries for computing mean and std.dev: (1, 2047)
[M::mem_pestat] mean and std.dev: (407.42, 417.43)
[M::mem_pestat] low and high boundaries for proper pairs: (1, 2673)
[M::mem_pestat] skip orientation FF
[M::mem_pestat] skip orientation RF
[M::mem_pestat] skip orientation RR
[M::mem_process_seqs] Processed 1462302 reads in 443.016 CPU sec, 50.040 real sec
[M::process] read 1458474 sequences (200000216 bp)...
[M::mem_pestat] # candidate unique pairs for (FF, FR, RF, RR): (34, 559148, 136, 39)
[M::mem_pestat] analyzing insert size distribution for orientation FF...
[M::mem_pestat] (25, 50, 75) percentile: (212, 434, 829)
[M::mem_pestat] low and high boundaries for computing mean and std.dev: (1, 2063)
[M::mem_pestat] mean and std.dev: (446.67, 327.19)
[M::mem_pestat] low and high boundaries for proper pairs: (1, 2680)
[M::mem_pestat] analyzing insert size distribution for orientation FR...
[M::mem_pestat] (25, 50, 75) percentile: (276, 363, 465)
[M::mem_pestat] low and high boundaries for computing mean and std.dev: (1, 843)
[M::mem_pestat] mean and std.dev: (377.85, 140.84)
[M::mem_pestat] low and high boundaries for proper pairs: (1, 1032)
[M::mem_pestat] analyzing insert size distribution for orientation RF...
[M::mem_pestat] (25, 50, 75) percentile: (145, 706, 3208)
[M::mem_pestat] low and high boundaries for computing mean and std.dev: (1, 9334)
[M::mem_pestat] mean and std.dev: (1857.30, 2330.59)
[M::mem_pestat] low and high boundaries for proper pairs: (1, 12397)
[M::mem_pestat] analyzing insert size distribution for orientation RR...
[M::mem_pestat] (25, 50, 75) percentile: (135, 287, 467)
[M::mem_pestat] low and high boundaries for computing mean and std.dev: (1, 1131)
[M::mem_pestat] mean and std.dev: (271.21, 190.01)
[M::mem_pestat] low and high boundaries for proper pairs: (1, 1463)
[M::mem_pestat] skip orientation FF
[M::mem_pestat] skip orientation RF
[M::mem_pestat] skip orientation RR
[M::mem_process_seqs] Processed 1463500 reads in 442.743 CPU sec, 49.320 real sec
[M::mem_pestat] # candidate unique pairs for (FF, FR, RF, RR): (39, 559032, 120, 38)
[M::mem_pestat] analyzing insert size distribution for orientation FF...
[M::mem_pestat] (25, 50, 75) percentile: (297, 387, 699)
[M::mem_pestat] low and high boundaries for computing mean and std.dev: (1, 1503)
[M::mem_pestat] mean and std.dev: (436.31, 261.64)
[M::mem_pestat] low and high boundaries for proper pairs: (1, 1905)
[M::mem_pestat] analyzing insert size distribution for orientation FR...
[M::mem_pestat] (25, 50, 75) percentile: (280, 368, 475)
[M::mem_pestat] low and high boundaries for computing mean and std.dev: (1, 865)
[M::mem_pestat] mean and std.dev: (385.28, 146.36)
[M::mem_pestat] low and high boundaries for proper pairs: (1, 1060)
[M::mem_pestat] analyzing insert size distribution for orientation RF...
[M::mem_pestat] (25, 50, 75) percentile: (125, 540, 3528)
[M::mem_pestat] low and high boundaries for computing mean and std.dev: (1, 10334)
[M::mem_pestat] mean and std.dev: (1871.38, 2569.27)
[M::mem_pestat] low and high boundaries for proper pairs: (1, 13737)
[M::mem_pestat] analyzing insert size distribution for orientation RR...
[M::mem_pestat] (25, 50, 75) percentile: (165, 352, 1081)
[M::mem_pestat] low and high boundaries for computing mean and std.dev: (1, 2913)
[M::mem_pestat] mean and std.dev: (519.82, 626.75)
[M::mem_pestat] low and high boundaries for proper pairs: (1, 3829)
[M::mem_pestat] skip orientation FF
[M::mem_pestat] skip orientation RF
[M::mem_pestat] skip orientation RR
[M::process] read 1460342 sequences (200000066 bp)...
[M::mem_process_seqs] Processed 1458474 reads in 439.688 CPU sec, 48.767 real sec
[M::mem_pestat] # candidate unique pairs for (FF, FR, RF, RR): (40, 559383, 148, 48)
[M::mem_pestat] analyzing insert size distribution for orientation FF...
[M::mem_pestat] (25, 50, 75) percentile: (209, 462, 708)
[M::mem_pestat] low and high boundaries for computing mean and std.dev: (1, 1706)
[M::mem_pestat] mean and std.dev: (387.12, 258.73)
[M::mem_pestat] low and high boundaries for proper pairs: (1, 2205)
[M::mem_pestat] analyzing insert size distribution for orientation FR...
[M::mem_pestat] (25, 50, 75) percentile: (281, 369, 476)
[M::mem_pestat] low and high boundaries for computing mean and std.dev: (1, 866)
[M::mem_pestat] mean and std.dev: (385.87, 145.42)
[M::mem_pestat] low and high boundaries for proper pairs: (1, 1061)
[M::mem_pestat] analyzing insert size distribution for orientation RF...
[M::mem_pestat] (25, 50, 75) percentile: (131, 1405, 4256)
[M::mem_pestat] low and high boundaries for computing mean and std.dev: (1, 12506)
[M::mem_pestat] mean and std.dev: (2395.99, 2681.53)
[M::mem_pestat] low and high boundaries for proper pairs: (1, 16631)
[M::mem_pestat] analyzing insert size distribution for orientation RR...
[M::mem_pestat] (25, 50, 75) percentile: (230, 360, 997)
[M::mem_pestat] low and high boundaries for computing mean and std.dev: (1, 2531)
[M::mem_pestat] mean and std.dev: (454.63, 473.94)
[M::mem_pestat] low and high boundaries for proper pairs: (1, 3298)
[M::mem_pestat] skip orientation FF
[M::mem_pestat] skip orientation RF
[M::mem_pestat] skip orientation RR
[M::process] read 1463254 sequences (200000177 bp)...
[M::mem_process_seqs] Processed 1460342 reads in 441.375 CPU sec, 48.413 real sec
[M::mem_pestat] # candidate unique pairs for (FF, FR, RF, RR): (23, 558126, 135, 44)
[M::mem_pestat] analyzing insert size distribution for orientation FF...
[M::mem_pestat] (25, 50, 75) percentile: (375, 708, 3683)
[M::mem_pestat] low and high boundaries for computing mean and std.dev: (1, 10299)
[M::mem_pestat] mean and std.dev: (1903.13, 1974.40)
[M::mem_pestat] low and high boundaries for proper pairs: (1, 13607)
[M::mem_pestat] analyzing insert size distribution for orientation FR...
[M::mem_pestat] (25, 50, 75) percentile: (279, 367, 471)
[M::mem_pestat] low and high boundaries for computing mean and std.dev: (1, 855)
[M::mem_pestat] mean and std.dev: (382.53, 142.93)
[M::mem_pestat] low and high boundaries for proper pairs: (1, 1047)
[M::mem_pestat] analyzing insert size distribution for orientation RF...
[M::mem_pestat] (25, 50, 75) percentile: (99, 490, 3199)
[M::mem_pestat] low and high boundaries for computing mean and std.dev: (1, 9399)
[M::mem_pestat] mean and std.dev: (1799.69, 2412.12)
[M::mem_pestat] low and high boundaries for proper pairs: (1, 12499)
[M::mem_pestat] analyzing insert size distribution for orientation RR...
[M::mem_pestat] (25, 50, 75) percentile: (122, 220, 502)
[M::mem_pestat] low and high boundaries for computing mean and std.dev: (1, 1262)
[M::mem_pestat] mean and std.dev: (270.54, 249.79)
[M::mem_pestat] low and high boundaries for proper pairs: (1, 1642)
[M::mem_pestat] skip orientation FF
[M::mem_pestat] skip orientation RF
[M::mem_pestat] skip orientation RR
[M::process] read 1468612 sequences (200000123 bp)...
[M::mem_process_seqs] Processed 1463254 reads in 446.355 CPU sec, 48.531 real sec
[M::mem_pestat] # candidate unique pairs for (FF, FR, RF, RR): (39, 558345, 141, 39)
[M::mem_pestat] analyzing insert size distribution for orientation FF...
[M::mem_pestat] (25, 50, 75) percentile: (377, 518, 2146)
[M::mem_pestat] low and high boundaries for computing mean and std.dev: (1, 5684)
[M::mem_pestat] mean and std.dev: (1211.35, 1417.52)
[M::mem_pestat] low and high boundaries for proper pairs: (1, 7453)
[M::mem_pestat] analyzing insert size distribution for orientation FR...
[M::mem_pestat] (25, 50, 75) percentile: (276, 361, 461)
[M::mem_pestat] low and high boundaries for computing mean and std.dev: (1, 831)
[M::mem_pestat] mean and std.dev: (374.72, 136.82)
[M::mem_pestat] low and high boundaries for proper pairs: (1, 1016)
[M::mem_pestat] analyzing insert size distribution for orientation RF...
[M::mem_pestat] (25, 50, 75) percentile: (104, 402, 2365)
[M::mem_pestat] low and high boundaries for computing mean and std.dev: (1, 6887)
[M::mem_pestat] mean and std.dev: (1180.44, 1577.83)
[M::mem_pestat] low and high boundaries for proper pairs: (1, 9148)
[M::mem_pestat] analyzing insert size distribution for orientation RR...
[M::mem_pestat] (25, 50, 75) percentile: (214, 327, 603)
[M::mem_pestat] low and high boundaries for computing mean and std.dev: (1, 1381)
[M::mem_pestat] mean and std.dev: (333.15, 263.06)
[M::mem_pestat] low and high boundaries for proper pairs: (1, 1770)
[M::mem_pestat] skip orientation FF
[M::mem_pestat] skip orientation RF
[M::mem_pestat] skip orientation RR
[M::process] read 1456228 sequences (200000126 bp)...
[M::mem_process_seqs] Processed 1468612 reads in 447.780 CPU sec, 49.860 real sec
[M::mem_pestat] # candidate unique pairs for (FF, FR, RF, RR): (37, 558083, 144, 35)
[M::mem_pestat] analyzing insert size distribution for orientation FF...
[M::mem_pestat] (25, 50, 75) percentile: (279, 617, 1316)
[M::mem_pestat] low and high boundaries for computing mean and std.dev: (1, 3390)
[M::mem_pestat] mean and std.dev: (909.83, 853.59)
[M::mem_pestat] low and high boundaries for proper pairs: (1, 4427)
[M::mem_pestat] analyzing insert size distribution for orientation FR...
[M::mem_pestat] (25, 50, 75) percentile: (280, 369, 477)
[M::mem_pestat] low and high boundaries for computing mean and std.dev: (1, 871)
[M::mem_pestat] mean and std.dev: (386.27, 148.14)
[M::mem_pestat] low and high boundaries for proper pairs: (1, 1068)
[M::mem_pestat] analyzing insert size distribution for orientation RF...
[M::mem_pestat] (25, 50, 75) percentile: (62, 739, 3877)
[M::mem_pestat] low and high boundaries for computing mean and std.dev: (1, 11507)
[M::mem_pestat] mean and std.dev: (2189.24, 2888.55)
[M::mem_pestat] low and high boundaries for proper pairs: (1, 15322)
[M::mem_pestat] analyzing insert size distribution for orientation RR...
[M::mem_pestat] (25, 50, 75) percentile: (135, 296, 1191)
[M::mem_pestat] low and high boundaries for computing mean and std.dev: (1, 3303)
[M::mem_pestat] mean and std.dev: (574.21, 652.42)
[M::mem_pestat] low and high boundaries for proper pairs: (1, 4359)
[M::mem_pestat] skip orientation FF
[M::mem_pestat] skip orientation RF
[M::mem_pestat] skip orientation RR
[M::process] read 1456924 sequences (200000157 bp)...
[M::mem_process_seqs] Processed 1456228 reads in 439.999 CPU sec, 47.842 real sec
[M::mem_pestat] # candidate unique pairs for (FF, FR, RF, RR): (31, 557830, 138, 42)
[M::mem_pestat] analyzing insert size distribution for orientation FF...
[M::mem_pestat] (25, 50, 75) percentile: (229, 324, 1397)
[M::mem_pestat] low and high boundaries for computing mean and std.dev: (1, 3733)
[M::mem_pestat] mean and std.dev: (657.29, 829.74)
[M::mem_pestat] low and high boundaries for proper pairs: (1, 4901)
[M::mem_pestat] analyzing insert size distribution for orientation FR...
[M::mem_pestat] (25, 50, 75) percentile: (282, 371, 479)
[M::mem_pestat] low and high boundaries for computing mean and std.dev: (1, 873)
[M::mem_pestat] mean and std.dev: (388.43, 148.00)
[M::mem_pestat] low and high boundaries for proper pairs: (1, 1070)
[M::mem_pestat] analyzing insert size distribution for orientation RF...
[M::mem_pestat] (25, 50, 75) percentile: (72, 604, 2468)
[M::mem_pestat] low and high boundaries for computing mean and std.dev: (1, 7260)
[M::mem_pestat] mean and std.dev: (1370.04, 1833.37)
[M::mem_pestat] low and high boundaries for proper pairs: (1, 9656)
[M::mem_pestat] analyzing insert size distribution for orientation RR...
[M::mem_pestat] (25, 50, 75) percentile: (111, 354, 1354)
[M::mem_pestat] low and high boundaries for computing mean and std.dev: (1, 3840)
[M::mem_pestat] mean and std.dev: (620.00, 835.62)
[M::mem_pestat] low and high boundaries for proper pairs: (1, 5083)
[M::mem_pestat] skip orientation FF
[M::mem_pestat] skip orientation RF
[M::mem_pestat] skip orientation RR
[M::process] read 1459504 sequences (200000006 bp)...
[M::mem_process_seqs] Processed 1456924 reads in 441.410 CPU sec, 47.786 real sec
[M::mem_pestat] # candidate unique pairs for (FF, FR, RF, RR): (41, 557486, 143, 36)
[M::mem_pestat] analyzing insert size distribution for orientation FF...
[M::mem_pestat] (25, 50, 75) percentile: (409, 653, 1383)
[M::mem_pestat] low and high boundaries for computing mean and std.dev: (1, 3331)
[M::mem_pestat] mean and std.dev: (808.72, 689.94)
[M::mem_pestat] low and high boundaries for proper pairs: (1, 4305)
[M::mem_pestat] analyzing insert size distribution for orientation FR...
[M::mem_pestat] (25, 50, 75) percentile: (281, 370, 477)
[M::mem_pestat] low and high boundaries for computing mean and std.dev: (1, 869)
[M::mem_pestat] mean and std.dev: (386.83, 146.26)
[M::mem_pestat] low and high boundaries for proper pairs: (1, 1065)
[M::mem_pestat] analyzing insert size distribution for orientation RF...
[M::mem_pestat] (25, 50, 75) percentile: (150, 498, 3146)
[M::mem_pestat] low and high boundaries for computing mean and std.dev: (1, 9138)
[M::mem_pestat] mean and std.dev: (1479.79, 2000.04)
[M::mem_pestat] low and high boundaries for proper pairs: (1, 12134)
[M::mem_pestat] analyzing insert size distribution for orientation RR...
[M::mem_pestat] (25, 50, 75) percentile: (213, 449, 927)
[M::mem_pestat] low and high boundaries for computing mean and std.dev: (1, 2355)
[M::mem_pestat] mean and std.dev: (419.21, 375.44)
[M::mem_pestat] low and high boundaries for proper pairs: (1, 3069)
[M::mem_pestat] skip orientation FF
[M::mem_pestat] skip orientation RF
[M::mem_pestat] skip orientation RR
[M::process] read 1464542 sequences (200000113 bp)...
[M::mem_process_seqs] Processed 1459504 reads in 445.262 CPU sec, 48.228 real sec
[M::mem_pestat] # candidate unique pairs for (FF, FR, RF, RR): (36, 557686, 137, 45)
[M::mem_pestat] analyzing insert size distribution for orientation FF...
[M::mem_pestat] (25, 50, 75) percentile: (280, 558, 1279)
[M::mem_pestat] low and high boundaries for computing mean and std.dev: (1, 3277)
[M::mem_pestat] mean and std.dev: (669.81, 623.58)
[M::mem_pestat] low and high boundaries for proper pairs: (1, 4276)
[M::mem_pestat] analyzing insert size distribution for orientation FR...
[M::mem_pestat] (25, 50, 75) percentile: (278, 365, 468)
[M::mem_pestat] low and high boundaries for computing mean and std.dev: (1, 848)
[M::mem_pestat] mean and std.dev: (380.04, 140.92)
[M::mem_pestat] low and high boundaries for proper pairs: (1, 1038)
[M::mem_pestat] analyzing insert size distribution for orientation RF...
[M::mem_pestat] (25, 50, 75) percentile: (103, 433, 2669)
[M::mem_pestat] low and high boundaries for computing mean and std.dev: (1, 7801)
[M::mem_pestat] mean and std.dev: (1506.96, 2024.31)
[M::mem_pestat] low and high boundaries for proper pairs: (1, 10367)
[M::mem_pestat] analyzing insert size distribution for orientation RR...
[M::mem_pestat] (25, 50, 75) percentile: (160, 279, 588)
[M::mem_pestat] low and high boundaries for computing mean and std.dev: (1, 1444)
[M::mem_pestat] mean and std.dev: (287.72, 218.61)
[M::mem_pestat] low and high boundaries for proper pairs: (1, 1872)
[M::mem_pestat] skip orientation FF
[M::mem_pestat] skip orientation RF
[M::mem_pestat] skip orientation RR
[M::process] read 1463006 sequences (200000145 bp)...
[M::mem_process_seqs] Processed 1464542 reads in 448.518 CPU sec, 48.617 real sec
[M::mem_pestat] # candidate unique pairs for (FF, FR, RF, RR): (36, 559907, 134, 39)
[M::mem_pestat] analyzing insert size distribution for orientation FF...
[M::mem_pestat] (25, 50, 75) percentile: (326, 451, 1069)
[M::mem_pestat] low and high boundaries for computing mean and std.dev: (1, 2555)
[M::mem_pestat] mean and std.dev: (467.10, 267.08)
[M::mem_pestat] low and high boundaries for proper pairs: (1, 3298)
[M::mem_pestat] analyzing insert size distribution for orientation FR...
[M::mem_pestat] (25, 50, 75) percentile: (276, 364, 467)
[M::mem_pestat] low and high boundaries for computing mean and std.dev: (1, 849)
[M::mem_pestat] mean and std.dev: (378.57, 141.20)
[M::mem_pestat] low and high boundaries for proper pairs: (1, 1040)
[M::mem_pestat] analyzing insert size distribution for orientation RF...
[M::mem_pestat] (25, 50, 75) percentile: (110, 352, 1756)
[M::mem_pestat] low and high boundaries for computing mean and std.dev: (1, 5048)
[M::mem_pestat] mean and std.dev: (756.85, 1072.97)
[M::mem_pestat] low and high boundaries for proper pairs: (1, 6694)
[M::mem_pestat] analyzing insert size distribution for orientation RR...
[M::mem_pestat] (25, 50, 75) percentile: (199, 296, 394)
[M::mem_pestat] low and high boundaries for computing mean and std.dev: (1, 784)
[M::mem_pestat] mean and std.dev: (247.79, 137.21)
[M::mem_pestat] low and high boundaries for proper pairs: (1, 979)
[M::mem_pestat] skip orientation FF
[M::mem_pestat] skip orientation RF
[M::mem_pestat] skip orientation RR
[M::process] read 1455926 sequences (200000016 bp)...
[M::mem_process_seqs] Processed 1463006 reads in 440.282 CPU sec, 47.935 real sec
[M::mem_pestat] # candidate unique pairs for (FF, FR, RF, RR): (38, 558913, 118, 32)
[M::mem_pestat] analyzing insert size distribution for orientation FF...
[M::mem_pestat] (25, 50, 75) percentile: (256, 466, 1003)
[M::mem_pestat] low and high boundaries for computing mean and std.dev: (1, 2497)
[M::mem_pestat] mean and std.dev: (437.63, 277.81)
[M::mem_pestat] low and high boundaries for proper pairs: (1, 3244)
[M::mem_pestat] analyzing insert size distribution for orientation FR...
[M::mem_pestat] (25, 50, 75) percentile: (282, 370, 479)
[M::mem_pestat] low and high boundaries for computing mean and std.dev: (1, 873)
[M::mem_pestat] mean and std.dev: (388.08, 148.07)
[M::mem_pestat] low and high boundaries for proper pairs: (1, 1070)
[M::mem_pestat] analyzing insert size distribution for orientation RF...
[M::mem_pestat] (25, 50, 75) percentile: (124, 704, 3683)
[M::mem_pestat] low and high boundaries for computing mean and std.dev: (1, 10801)
[M::mem_pestat] mean and std.dev: (2071.42, 2632.97)
[M::mem_pestat] low and high boundaries for proper pairs: (1, 14360)
[M::mem_pestat] analyzing insert size distribution for orientation RR...
[M::mem_pestat] (25, 50, 75) percentile: (212, 409, 1415)
[M::mem_pestat] low and high boundaries for computing mean and std.dev: (1, 3821)
[M::mem_pestat] mean and std.dev: (694.93, 770.51)
[M::mem_pestat] low and high boundaries for proper pairs: (1, 5024)
[M::mem_pestat] skip orientation FF
[M::mem_pestat] skip orientation RF
[M::mem_pestat] skip orientation RR
[M::process] read 1456946 sequences (200000068 bp)...
[M::mem_process_seqs] Processed 1455926 reads in 438.839 CPU sec, 47.643 real sec
[M::mem_pestat] # candidate unique pairs for (FF, FR, RF, RR): (37, 558602, 96, 42)
[M::mem_pestat] analyzing insert size distribution for orientation FF...
[M::mem_pestat] (25, 50, 75) percentile: (298, 567, 875)
[M::mem_pestat] low and high boundaries for computing mean and std.dev: (1, 2029)
[M::mem_pestat] mean and std.dev: (530.32, 272.72)
[M::mem_pestat] low and high boundaries for proper pairs: (1, 2606)
[M::mem_pestat] analyzing insert size distribution for orientation FR...
[M::mem_pestat] (25, 50, 75) percentile: (282, 371, 478)
[M::mem_pestat] low and high boundaries for computing mean and std.dev: (1, 870)
[M::mem_pestat] mean and std.dev: (387.84, 146.93)
[M::mem_pestat] low and high boundaries for proper pairs: (1, 1066)
[M::mem_pestat] analyzing insert size distribution for orientation RF...
[M::mem_pestat] (25, 50, 75) percentile: (141, 608, 2893)
[M::mem_pestat] low and high boundaries for computing mean and std.dev: (1, 8397)
[M::mem_pestat] mean and std.dev: (1768.20, 2249.52)
[M::mem_pestat] low and high boundaries for proper pairs: (1, 11149)
[M::mem_pestat] analyzing insert size distribution for orientation RR...
[M::mem_pestat] (25, 50, 75) percentile: (175, 353, 2317)
[M::mem_pestat] low and high boundaries for computing mean and std.dev: (1, 6601)
[M::mem_pestat] mean and std.dev: (939.62, 1338.70)
[M::mem_pestat] low and high boundaries for proper pairs: (1, 8743)
[M::mem_pestat] skip orientation FF
[M::mem_pestat] skip orientation RF
[M::mem_pestat] skip orientation RR
[M::process] read 1460694 sequences (200000220 bp)...
[M::mem_process_seqs] Processed 1456946 reads in 440.856 CPU sec, 47.825 real sec
[M::mem_pestat] # candidate unique pairs for (FF, FR, RF, RR): (34, 557461, 118, 38)
[M::mem_pestat] analyzing insert size distribution for orientation FF...
[M::mem_pestat] (25, 50, 75) percentile: (309, 404, 729)
[M::mem_pestat] low and high boundaries for computing mean and std.dev: (1, 1569)
[M::mem_pestat] mean and std.dev: (392.07, 210.70)
[M::mem_pestat] low and high boundaries for proper pairs: (1, 1989)
[M::mem_pestat] analyzing insert size distribution for orientation FR...
[M::mem_pestat] (25, 50, 75) percentile: (281, 369, 474)
[M::mem_pestat] low and high boundaries for computing mean and std.dev: (1, 860)
[M::mem_pestat] mean and std.dev: (384.85, 144.17)
[M::mem_pestat] low and high boundaries for proper pairs: (1, 1053)
[M::mem_pestat] analyzing insert size distribution for orientation RF...
[M::mem_pestat] (25, 50, 75) percentile: (56, 323, 2346)
[M::mem_pestat] low and high boundaries for computing mean and std.dev: (1, 6926)
[M::mem_pestat] mean and std.dev: (1216.81, 1781.57)
[M::mem_pestat] low and high boundaries for proper pairs: (1, 9216)
[M::mem_pestat] analyzing insert size distribution for orientation RR...
[M::mem_pestat] (25, 50, 75) percentile: (127, 339, 510)
[M::mem_pestat] low and high boundaries for computing mean and std.dev: (1, 1276)
[M::mem_pestat] mean and std.dev: (281.56, 245.02)
[M::mem_pestat] low and high boundaries for proper pairs: (1, 1659)
[M::mem_pestat] skip orientation FF
[M::mem_pestat] skip orientation RF
[M::mem_pestat] skip orientation RR
[M::process] read 1467854 sequences (200000104 bp)...
[M::mem_process_seqs] Processed 1460694 reads in 445.477 CPU sec, 48.244 real sec
[M::mem_pestat] # candidate unique pairs for (FF, FR, RF, RR): (33, 558448, 135, 31)
[M::mem_pestat] analyzing insert size distribution for orientation FF...
[M::mem_pestat] (25, 50, 75) percentile: (326, 516, 1249)
[M::mem_pestat] low and high boundaries for computing mean and std.dev: (1, 3095)
[M::mem_pestat] mean and std.dev: (704.88, 593.52)
[M::mem_pestat] low and high boundaries for proper pairs: (1, 4018)
[M::mem_pestat] analyzing insert size distribution for orientation FR...
[M::mem_pestat] (25, 50, 75) percentile: (276, 362, 461)
[M::mem_pestat] low and high boundaries for computing mean and std.dev: (1, 831)
[M::mem_pestat] mean and std.dev: (375.21, 136.81)
[M::mem_pestat] low and high boundaries for proper pairs: (1, 1016)
[M::mem_pestat] analyzing insert size distribution for orientation RF...
[M::mem_pestat] (25, 50, 75) percentile: (110, 352, 3114)
[M::mem_pestat] low and high boundaries for computing mean and std.dev: (1, 9122)
[M::mem_pestat] mean and std.dev: (1450.04, 2118.79)
[M::mem_pestat] low and high boundaries for proper pairs: (1, 12126)
[M::mem_pestat] analyzing insert size distribution for orientation RR...
[M::mem_pestat] (25, 50, 75) percentile: (136, 252, 641)
[M::mem_pestat] low and high boundaries for computing mean and std.dev: (1, 1651)
[M::mem_pestat] mean and std.dev: (336.61, 301.87)
[M::mem_pestat] low and high boundaries for proper pairs: (1, 2156)
[M::mem_pestat] skip orientation FF
[M::mem_pestat] skip orientation RF
[M::mem_pestat] skip orientation RR
[M::process] read 1456692 sequences (200000161 bp)...
[M::mem_process_seqs] Processed 1467854 reads in 445.101 CPU sec, 48.176 real sec
[M::mem_pestat] # candidate unique pairs for (FF, FR, RF, RR): (26, 559827, 130, 42)
[M::mem_pestat] analyzing insert size distribution for orientation FF...
[M::mem_pestat] (25, 50, 75) percentile: (151, 309, 895)
[M::mem_pestat] low and high boundaries for computing mean and std.dev: (1, 2383)
[M::mem_pestat] mean and std.dev: (336.43, 282.61)
[M::mem_pestat] low and high boundaries for proper pairs: (1, 3127)
[M::mem_pestat] analyzing insert size distribution for orientation FR...
[M::mem_pestat] (25, 50, 75) percentile: (284, 373, 481)
[M::mem_pestat] low and high boundaries for computing mean and std.dev: (1, 875)
[M::mem_pestat] mean and std.dev: (390.24, 148.14)
[M::mem_pestat] low and high boundaries for proper pairs: (1, 1072)
[M::mem_pestat] analyzing insert size distribution for orientation RF...
[M::mem_pestat] (25, 50, 75) percentile: (67, 717, 3029)
[M::mem_pestat] low and high boundaries for computing mean and std.dev: (1, 8953)
[M::mem_pestat] mean and std.dev: (1793.56, 2324.18)
[M::mem_pestat] low and high boundaries for proper pairs: (1, 11915)
[M::mem_pestat] analyzing insert size distribution for orientation RR...
[M::mem_pestat] (25, 50, 75) percentile: (202, 364, 546)
[M::mem_pestat] low and high boundaries for computing mean and std.dev: (1, 1234)
[M::mem_pestat] mean and std.dev: (372.05, 254.73)
[M::mem_pestat] low and high boundaries for proper pairs: (1, 1578)
[M::mem_pestat] skip orientation FF
[M::mem_pestat] skip orientation RF
[M::mem_pestat] skip orientation RR
[M::mem_process_seqs] Processed 1456692 reads in 453.261 CPU sec, 73.715 real sec
[M::process] read 1456954 sequences (200000018 bp)...
[M::process] read 1459246 sequences (200000174 bp)...
[M::mem_pestat] # candidate unique pairs for (FF, FR, RF, RR): (37, 558903, 117, 46)
[M::mem_pestat] analyzing insert size distribution for orientation FF...
[M::mem_pestat] (25, 50, 75) percentile: (243, 431, 758)
[M::mem_pestat] low and high boundaries for computing mean and std.dev: (1, 1788)
[M::mem_pestat] mean and std.dev: (461.81, 315.76)
[M::mem_pestat] low and high boundaries for proper pairs: (1, 2303)
[M::mem_pestat] analyzing insert size distribution for orientation FR...
[M::mem_pestat] (25, 50, 75) percentile: (285, 374, 481)
[M::mem_pestat] low and high boundaries for computing mean and std.dev: (1, 873)
[M::mem_pestat] mean and std.dev: (390.61, 147.15)
[M::mem_pestat] low and high boundaries for proper pairs: (1, 1069)
[M::mem_pestat] analyzing insert size distribution for orientation RF...
[M::mem_pestat] (25, 50, 75) percentile: (46, 385, 2855)
[M::mem_pestat] low and high boundaries for computing mean and std.dev: (1, 8473)
[M::mem_pestat] mean and std.dev: (1464.29, 2106.93)
[M::mem_pestat] low and high boundaries for proper pairs: (1, 11282)
[M::mem_pestat] analyzing insert size distribution for orientation RR...
[M::mem_pestat] (25, 50, 75) percentile: (208, 327, 666)
[M::mem_pestat] low and high boundaries for computing mean and std.dev: (1, 1582)
[M::mem_pestat] mean and std.dev: (320.36, 200.09)
[M::mem_pestat] low and high boundaries for proper pairs: (1, 2040)
[M::mem_pestat] skip orientation FF
[M::mem_pestat] skip orientation RF
[M::mem_pestat] skip orientation RR
[M::mem_process_seqs] Processed 1456954 reads in 439.122 CPU sec, 45.976 real sec
[M::mem_pestat] # candidate unique pairs for (FF, FR, RF, RR): (32, 558265, 150, 33)
[M::mem_pestat] analyzing insert size distribution for orientation FF...
[M::mem_pestat] (25, 50, 75) percentile: (313, 509, 1085)
[M::mem_pestat] low and high boundaries for computing mean and std.dev: (1, 2629)
[M::mem_pestat] mean and std.dev: (709.30, 600.70)
[M::mem_pestat] low and high boundaries for proper pairs: (1, 3401)
[M::mem_pestat] analyzing insert size distribution for orientation FR...
[M::mem_pestat] (25, 50, 75) percentile: (283, 372, 478)
[M::mem_pestat] low and high boundaries for computing mean and std.dev: (1, 868)
[M::mem_pestat] mean and std.dev: (388.03, 145.43)
[M::mem_pestat] low and high boundaries for proper pairs: (1, 1063)
[M::mem_pestat] analyzing insert size distribution for orientation RF...
[M::mem_pestat] (25, 50, 75) percentile: (74, 300, 3217)
[M::mem_pestat] low and high boundaries for computing mean and std.dev: (1, 9503)
[M::mem_pestat] mean and std.dev: (1694.81, 2474.45)
[M::mem_pestat] low and high boundaries for proper pairs: (1, 12646)
[M::mem_pestat] analyzing insert size distribution for orientation RR...
[M::mem_pestat] (25, 50, 75) percentile: (199, 548, 1044)
[M::mem_pestat] low and high boundaries for computing mean and std.dev: (1, 2734)
[M::mem_pestat] mean and std.dev: (458.93, 355.09)
[M::mem_pestat] low and high boundaries for proper pairs: (1, 3579)
[M::mem_pestat] skip orientation FF
[M::mem_pestat] skip orientation RF
[M::mem_pestat] skip orientation RR
[M::process] read 1463734 sequences (200000249 bp)...
[M::mem_process_seqs] Processed 1459246 reads in 443.741 CPU sec, 48.033 real sec
[M::mem_pestat] # candidate unique pairs for (FF, FR, RF, RR): (26, 557293, 162, 44)
[M::mem_pestat] analyzing insert size distribution for orientation FF...
[M::mem_pestat] (25, 50, 75) percentile: (282, 403, 755)
[M::mem_pestat] low and high boundaries for computing mean and std.dev: (1, 1701)
[M::mem_pestat] mean and std.dev: (471.35, 299.32)
[M::mem_pestat] low and high boundaries for proper pairs: (1, 2174)
[M::mem_pestat] analyzing insert size distribution for orientation FR...
[M::mem_pestat] (25, 50, 75) percentile: (280, 368, 471)
[M::mem_pestat] low and high boundaries for computing mean and std.dev: (1, 853)
[M::mem_pestat] mean and std.dev: (382.79, 141.48)
[M::mem_pestat] low and high boundaries for proper pairs: (1, 1044)
[M::mem_pestat] analyzing insert size distribution for orientation RF...
[M::mem_pestat] (25, 50, 75) percentile: (86, 615, 3293)
[M::mem_pestat] low and high boundaries for computing mean and std.dev: (1, 9707)
[M::mem_pestat] mean and std.dev: (1783.01, 2343.28)
[M::mem_pestat] low and high boundaries for proper pairs: (1, 12914)
[M::mem_pestat] analyzing insert size distribution for orientation RR...
[M::mem_pestat] (25, 50, 75) percentile: (87, 209, 695)
[M::mem_pestat] low and high boundaries for computing mean and std.dev: (1, 1911)
[M::mem_pestat] mean and std.dev: (360.88, 372.91)
[M::mem_pestat] low and high boundaries for proper pairs: (1, 2519)
[M::mem_pestat] skip orientation FF
[M::mem_pestat] skip orientation RF
[M::mem_pestat] skip orientation RR
[M::process] read 1463692 sequences (200000089 bp)...
[M::mem_process_seqs] Processed 1463734 reads in 448.021 CPU sec, 48.647 real sec
[M::mem_pestat] # candidate unique pairs for (FF, FR, RF, RR): (24, 560920, 110, 27)
[M::mem_pestat] analyzing insert size distribution for orientation FF...
[M::mem_pestat] (25, 50, 75) percentile: (332, 415, 679)
[M::mem_pestat] low and high boundaries for computing mean and std.dev: (1, 1373)
[M::mem_pestat] mean and std.dev: (512.08, 284.89)
[M::mem_pestat] low and high boundaries for proper pairs: (1, 1720)
[M::mem_pestat] analyzing insert size distribution for orientation FR...
[M::mem_pestat] (25, 50, 75) percentile: (280, 367, 470)
[M::mem_pestat] low and high boundaries for computing mean and std.dev: (1, 850)
[M::mem_pestat] mean and std.dev: (381.52, 140.87)
[M::mem_pestat] low and high boundaries for proper pairs: (1, 1040)
[M::mem_pestat] analyzing insert size distribution for orientation RF...
[M::mem_pestat] (25, 50, 75) percentile: (129, 555, 2764)
[M::mem_pestat] low and high boundaries for computing mean and std.dev: (1, 8034)
[M::mem_pestat] mean and std.dev: (1643.36, 2281.38)
[M::mem_pestat] low and high boundaries for proper pairs: (1, 10769)
[M::mem_pestat] analyzing insert size distribution for orientation RR...
[M::mem_pestat] (25, 50, 75) percentile: (210, 453, 1097)
[M::mem_pestat] low and high boundaries for computing mean and std.dev: (1, 2871)
[M::mem_pestat] mean and std.dev: (539.78, 590.80)
[M::mem_pestat] low and high boundaries for proper pairs: (1, 3758)
[M::mem_pestat] skip orientation FF
[M::mem_pestat] skip orientation RF
[M::mem_pestat] skip orientation RR
[M::process] read 1456652 sequences (200000215 bp)...
[M::mem_process_seqs] Processed 1463692 reads in 439.712 CPU sec, 47.684 real sec
[M::mem_pestat] # candidate unique pairs for (FF, FR, RF, RR): (28, 561358, 105, 26)
[M::mem_pestat] analyzing insert size distribution for orientation FF...
[M::mem_pestat] (25, 50, 75) percentile: (161, 292, 522)
[M::mem_pestat] low and high boundaries for computing mean and std.dev: (1, 1244)
[M::mem_pestat] mean and std.dev: (339.62, 252.14)
[M::mem_pestat] low and high boundaries for proper pairs: (1, 1605)
[M::mem_pestat] analyzing insert size distribution for orientation FR...
[M::mem_pestat] (25, 50, 75) percentile: (284, 372, 478)
[M::mem_pestat] low and high boundaries for computing mean and std.dev: (1, 866)
[M::mem_pestat] mean and std.dev: (388.22, 145.95)
[M::mem_pestat] low and high boundaries for proper pairs: (1, 1060)
[M::mem_pestat] analyzing insert size distribution for orientation RF...
[M::mem_pestat] (25, 50, 75) percentile: (152, 444, 2322)
[M::mem_pestat] low and high boundaries for computing mean and std.dev: (1, 6662)
[M::mem_pestat] mean and std.dev: (1041.86, 1401.37)
[M::mem_pestat] low and high boundaries for proper pairs: (1, 8832)
[M::mem_pestat] analyzing insert size distribution for orientation RR...
[M::mem_pestat] (25, 50, 75) percentile: (189, 306, 559)
[M::mem_pestat] low and high boundaries for computing mean and std.dev: (1, 1299)
[M::mem_pestat] mean and std.dev: (327.00, 211.02)
[M::mem_pestat] low and high boundaries for proper pairs: (1, 1669)
[M::mem_pestat] skip orientation FF
[M::mem_pestat] skip orientation RF
[M::mem_pestat] skip orientation RR
[M::mem_process_seqs] Processed 1456652 reads in 446.958 CPU sec, 69.302 real sec
[M::process] read 1458260 sequences (200000061 bp)...
[M::process] read 1458604 sequences (200000209 bp)...
[M::mem_pestat] # candidate unique pairs for (FF, FR, RF, RR): (40, 560557, 123, 34)
[M::mem_pestat] analyzing insert size distribution for orientation FF...
[M::mem_pestat] (25, 50, 75) percentile: (354, 543, 988)
[M::mem_pestat] low and high boundaries for computing mean and std.dev: (1, 2256)
[M::mem_pestat] mean and std.dev: (532.21, 344.71)
[M::mem_pestat] low and high boundaries for proper pairs: (1, 2890)
[M::mem_pestat] analyzing insert size distribution for orientation FR...
[M::mem_pestat] (25, 50, 75) percentile: (283, 371, 477)
[M::mem_pestat] low and high boundaries for computing mean and std.dev: (1, 865)
[M::mem_pestat] mean and std.dev: (387.06, 144.97)
[M::mem_pestat] low and high boundaries for proper pairs: (1, 1059)
[M::mem_pestat] analyzing insert size distribution for orientation RF...
[M::mem_pestat] (25, 50, 75) percentile: (74, 416, 3621)
[M::mem_pestat] low and high boundaries for computing mean and std.dev: (1, 10715)
[M::mem_pestat] mean and std.dev: (1888.09, 2628.38)
[M::mem_pestat] low and high boundaries for proper pairs: (1, 14262)
[M::mem_pestat] analyzing insert size distribution for orientation RR...
[M::mem_pestat] (25, 50, 75) percentile: (257, 664, 2375)
[M::mem_pestat] low and high boundaries for computing mean and std.dev: (1, 6611)
[M::mem_pestat] mean and std.dev: (1178.30, 1168.75)
[M::mem_pestat] low and high boundaries for proper pairs: (1, 8729)
[M::mem_pestat] skip orientation FF
[M::mem_pestat] skip orientation RF
[M::mem_pestat] skip orientation RR
[M::mem_process_seqs] Processed 1458260 reads in 438.860 CPU sec, 45.914 real sec
[M::mem_pestat] # candidate unique pairs for (FF, FR, RF, RR): (39, 558838, 135, 30)
[M::mem_pestat] analyzing insert size distribution for orientation FF...
[M::mem_pestat] (25, 50, 75) percentile: (266, 411, 933)
[M::mem_pestat] low and high boundaries for computing mean and std.dev: (1, 2267)
[M::mem_pestat] mean and std.dev: (415.38, 257.65)
[M::mem_pestat] low and high boundaries for proper pairs: (1, 2934)
[M::mem_pestat] analyzing insert size distribution for orientation FR...
[M::mem_pestat] (25, 50, 75) percentile: (283, 370, 475)
[M::mem_pestat] low and high boundaries for computing mean and std.dev: (1, 859)
[M::mem_pestat] mean and std.dev: (386.12, 144.01)
[M::mem_pestat] low and high boundaries for proper pairs: (1, 1051)
[M::mem_pestat] analyzing insert size distribution for orientation RF...
[M::mem_pestat] (25, 50, 75) percentile: (126, 451, 3235)
[M::mem_pestat] low and high boundaries for computing mean and std.dev: (1, 9453)
[M::mem_pestat] mean and std.dev: (1793.08, 2391.67)
[M::mem_pestat] low and high boundaries for proper pairs: (1, 12562)
[M::mem_pestat] analyzing insert size distribution for orientation RR...
[M::mem_pestat] (25, 50, 75) percentile: (125, 426, 2149)
[M::mem_pestat] low and high boundaries for computing mean and std.dev: (1, 6197)
[M::mem_pestat] mean and std.dev: (891.31, 1364.18)
[M::mem_pestat] low and high boundaries for proper pairs: (1, 8221)
[M::mem_pestat] skip orientation FF
[M::mem_pestat] skip orientation RF
[M::mem_pestat] skip orientation RR
[M::process] read 1465598 sequences (200000009 bp)...
[M::mem_process_seqs] Processed 1458604 reads in 441.634 CPU sec, 47.878 real sec
[M::mem_pestat] # candidate unique pairs for (FF, FR, RF, RR): (32, 559989, 150, 24)
[M::mem_pestat] analyzing insert size distribution for orientation FF...
[M::mem_pestat] (25, 50, 75) percentile: (252, 441, 765)
[M::mem_pestat] low and high boundaries for computing mean and std.dev: (1, 1791)
[M::mem_pestat] mean and std.dev: (432.38, 288.41)
[M::mem_pestat] low and high boundaries for proper pairs: (1, 2304)
[M::mem_pestat] analyzing insert size distribution for orientation FR...
[M::mem_pestat] (25, 50, 75) percentile: (278, 365, 467)
[M::mem_pestat] low and high boundaries for computing mean and std.dev: (1, 845)
[M::mem_pestat] mean and std.dev: (379.69, 140.22)
[M::mem_pestat] low and high boundaries for proper pairs: (1, 1034)
[M::mem_pestat] analyzing insert size distribution for orientation RF...
[M::mem_pestat] (25, 50, 75) percentile: (73, 401, 2449)
[M::mem_pestat] low and high boundaries for computing mean and std.dev: (1, 7201)
[M::mem_pestat] mean and std.dev: (1354.48, 1811.47)
[M::mem_pestat] low and high boundaries for proper pairs: (1, 9577)
[M::mem_pestat] analyzing insert size distribution for orientation RR...
[M::mem_pestat] (25, 50, 75) percentile: (155, 406, 2166)
[M::mem_pestat] low and high boundaries for computing mean and std.dev: (1, 6188)
[M::mem_pestat] mean and std.dev: (964.65, 1360.30)
[M::mem_pestat] low and high boundaries for proper pairs: (1, 8199)
[M::mem_pestat] skip orientation FF
[M::mem_pestat] skip orientation RF
[M::mem_pestat] skip orientation RR
[M::process] read 1473732 sequences (200000160 bp)...
[M::mem_process_seqs] Processed 1465598 reads in 446.921 CPU sec, 48.389 real sec
[M::process] read 1469780 sequences (200000130 bp)...
[M::mem_pestat] # candidate unique pairs for (FF, FR, RF, RR): (39, 561981, 146, 43)
[M::mem_pestat] analyzing insert size distribution for orientation FF...
[M::mem_pestat] (25, 50, 75) percentile: (394, 776, 1313)
[M::mem_pestat] low and high boundaries for computing mean and std.dev: (1, 3151)
[M::mem_pestat] mean and std.dev: (676.84, 505.15)
[M::mem_pestat] low and high boundaries for proper pairs: (1, 4070)
[M::mem_pestat] analyzing insert size distribution for orientation FR...
[M::mem_pestat] (25, 50, 75) percentile: (278, 367, 474)
[M::mem_pestat] low and high boundaries for computing mean and std.dev: (1, 866)
[M::mem_pestat] mean and std.dev: (383.73, 146.90)
[M::mem_pestat] low and high boundaries for proper pairs: (1, 1062)
[M::mem_pestat] analyzing insert size distribution for orientation RF...
[M::mem_pestat] (25, 50, 75) percentile: (137, 1076, 4075)
[M::mem_pestat] low and high boundaries for computing mean and std.dev: (1, 11951)
[M::mem_pestat] mean and std.dev: (2328.29, 2822.63)
[M::mem_pestat] low and high boundaries for proper pairs: (1, 15889)
[M::mem_pestat] analyzing insert size distribution for orientation RR...
[M::mem_pestat] (25, 50, 75) percentile: (175, 445, 1050)
[M::mem_pestat] low and high boundaries for computing mean and std.dev: (1, 2800)
[M::mem_pestat] mean and std.dev: (447.14, 467.06)
[M::mem_pestat] low and high boundaries for proper pairs: (1, 3675)
[M::mem_pestat] skip orientation FF
[M::mem_pestat] skip orientation RF
[M::mem_pestat] skip orientation RR
[M::mem_process_seqs] Processed 1473732 reads in 508.328 CPU sec, 56.206 real sec
[M::mem_pestat] # candidate unique pairs for (FF, FR, RF, RR): (44, 559583, 133, 41)
[M::mem_pestat] analyzing insert size distribution for orientation FF...
[M::mem_pestat] (25, 50, 75) percentile: (217, 432, 647)
[M::mem_pestat] low and high boundaries for computing mean and std.dev: (1, 1507)
[M::mem_pestat] mean and std.dev: (370.65, 231.45)
[M::mem_pestat] low and high boundaries for proper pairs: (1, 1937)
[M::mem_pestat] analyzing insert size distribution for orientation FR...
[M::mem_pestat] (25, 50, 75) percentile: (282, 371, 480)
[M::mem_pestat] low and high boundaries for computing mean and std.dev: (1, 876)
[M::mem_pestat] mean and std.dev: (388.68, 148.74)
[M::mem_pestat] low and high boundaries for proper pairs: (1, 1074)
[M::mem_pestat] analyzing insert size distribution for orientation RF...
[M::mem_pestat] (25, 50, 75) percentile: (132, 630, 3142)
[M::mem_pestat] low and high boundaries for computing mean and std.dev: (1, 9162)
[M::mem_pestat] mean and std.dev: (1865.09, 2456.54)
[M::mem_pestat] low and high boundaries for proper pairs: (1, 12172)
[M::mem_pestat] analyzing insert size distribution for orientation RR...
[M::mem_pestat] (25, 50, 75) percentile: (302, 460, 2088)
[M::mem_pestat] low and high boundaries for computing mean and std.dev: (1, 5660)
[M::mem_pestat] mean and std.dev: (1091.13, 1335.34)
[M::mem_pestat] low and high boundaries for proper pairs: (1, 7446)
[M::mem_pestat] skip orientation FF
[M::mem_pestat] skip orientation RF
[M::mem_pestat] skip orientation RR
[M::mem_process_seqs] Processed 1469780 reads in 507.122 CPU sec, 97.281 real sec
[M::process] read 1477010 sequences (200000035 bp)...
[M::process] read 1477050 sequences (200000243 bp)...
[M::mem_pestat] # candidate unique pairs for (FF, FR, RF, RR): (34, 561268, 122, 46)
[M::mem_pestat] analyzing insert size distribution for orientation FF...
[M::mem_pestat] (25, 50, 75) percentile: (216, 463, 740)
[M::mem_pestat] low and high boundaries for computing mean and std.dev: (1, 1788)
[M::mem_pestat] mean and std.dev: (460.27, 316.20)
[M::mem_pestat] low and high boundaries for proper pairs: (1, 2312)
[M::mem_pestat] analyzing insert size distribution for orientation FR...
[M::mem_pestat] (25, 50, 75) percentile: (281, 370, 477)
[M::mem_pestat] low and high boundaries for computing mean and std.dev: (1, 869)
[M::mem_pestat] mean and std.dev: (386.76, 146.27)
[M::mem_pestat] low and high boundaries for proper pairs: (1, 1065)
[M::mem_pestat] analyzing insert size distribution for orientation RF...
[M::mem_pestat] (25, 50, 75) percentile: (61, 472, 2011)
[M::mem_pestat] low and high boundaries for computing mean and std.dev: (1, 5911)
[M::mem_pestat] mean and std.dev: (1280.87, 1756.31)
[M::mem_pestat] low and high boundaries for proper pairs: (1, 8306)
[M::mem_pestat] analyzing insert size distribution for orientation RR...
[M::mem_pestat] (25, 50, 75) percentile: (127, 239, 1010)
[M::mem_pestat] low and high boundaries for computing mean and std.dev: (1, 2776)
[M::mem_pestat] mean and std.dev: (429.41, 495.94)
[M::mem_pestat] low and high boundaries for proper pairs: (1, 3659)
[M::mem_pestat] skip orientation FF
[M::mem_pestat] skip orientation RF
[M::mem_pestat] skip orientation RR
[M::mem_process_seqs] Processed 1477010 reads in 451.334 CPU sec, 45.671 real sec
[M::mem_pestat] # candidate unique pairs for (FF, FR, RF, RR): (34, 559624, 117, 47)
[M::mem_pestat] analyzing insert size distribution for orientation FF...
[M::mem_pestat] (25, 50, 75) percentile: (362, 441, 636)
[M::mem_pestat] low and high boundaries for computing mean and std.dev: (1, 1184)
[M::mem_pestat] mean and std.dev: (459.73, 203.25)
[M::mem_pestat] low and high boundaries for proper pairs: (1, 1458)
[M::mem_pestat] analyzing insert size distribution for orientation FR...
[M::mem_pestat] (25, 50, 75) percentile: (280, 368, 472)
[M::mem_pestat] low and high boundaries for computing mean and std.dev: (1, 856)
[M::mem_pestat] mean and std.dev: (383.35, 143.51)
[M::mem_pestat] low and high boundaries for proper pairs: (1, 1048)
[M::mem_pestat] analyzing insert size distribution for orientation RF...
[M::mem_pestat] (25, 50, 75) percentile: (74, 334, 2522)
[M::mem_pestat] low and high boundaries for computing mean and std.dev: (1, 7418)
[M::mem_pestat] mean and std.dev: (1382.24, 1971.16)
[M::mem_pestat] low and high boundaries for proper pairs: (1, 9866)
[M::mem_pestat] analyzing insert size distribution for orientation RR...
[M::mem_pestat] (25, 50, 75) percentile: (145, 250, 859)
[M::mem_pestat] low and high boundaries for computing mean and std.dev: (1, 2287)
[M::mem_pestat] mean and std.dev: (407.56, 412.43)
[M::mem_pestat] low and high boundaries for proper pairs: (1, 3001)
[M::mem_pestat] skip orientation FF
[M::mem_pestat] skip orientation RF
[M::mem_pestat] skip orientation RR
[M::process] read 1465336 sequences (200000151 bp)...
[M::mem_process_seqs] Processed 1477050 reads in 451.198 CPU sec, 48.987 real sec
[M::mem_pestat] # candidate unique pairs for (FF, FR, RF, RR): (37, 560645, 130, 36)
[M::mem_pestat] analyzing insert size distribution for orientation FF...
[M::mem_pestat] (25, 50, 75) percentile: (287, 421, 1106)
[M::mem_pestat] low and high boundaries for computing mean and std.dev: (1, 2744)
[M::mem_pestat] mean and std.dev: (579.94, 455.57)
[M::mem_pestat] low and high boundaries for proper pairs: (1, 3563)
[M::mem_pestat] analyzing insert size distribution for orientation FR...
[M::mem_pestat] (25, 50, 75) percentile: (278, 366, 473)
[M::mem_pestat] low and high boundaries for computing mean and std.dev: (1, 863)
[M::mem_pestat] mean and std.dev: (383.20, 146.09)
[M::mem_pestat] low and high boundaries for proper pairs: (1, 1058)
[M::mem_pestat] analyzing insert size distribution for orientation RF...
[M::mem_pestat] (25, 50, 75) percentile: (64, 409, 2541)
[M::mem_pestat] low and high boundaries for computing mean and std.dev: (1, 7495)
[M::mem_pestat] mean and std.dev: (1352.20, 1901.24)
[M::mem_pestat] low and high boundaries for proper pairs: (1, 9972)
[M::mem_pestat] analyzing insert size distribution for orientation RR...
[M::mem_pestat] (25, 50, 75) percentile: (218, 326, 2632)
[M::mem_pestat] low and high boundaries for computing mean and std.dev: (1, 7460)
[M::mem_pestat] mean and std.dev: (1299.56, 1698.89)
[M::mem_pestat] low and high boundaries for proper pairs: (1, 9874)
[M::mem_pestat] skip orientation FF
[M::mem_pestat] skip orientation RF
[M::mem_pestat] skip orientation RR
[M::process] read 1462478 sequences (200000009 bp)...
[M::mem_process_seqs] Processed 1465336 reads in 445.560 CPU sec, 48.320 real sec
[M::mem_pestat] # candidate unique pairs for (FF, FR, RF, RR): (26, 558589, 134, 48)
[M::mem_pestat] analyzing insert size distribution for orientation FF...
[M::mem_pestat] (25, 50, 75) percentile: (335, 413, 526)
[M::mem_pestat] low and high boundaries for computing mean and std.dev: (1, 908)
[M::mem_pestat] mean and std.dev: (385.36, 121.09)
[M::mem_pestat] low and high boundaries for proper pairs: (1, 1099)
[M::mem_pestat] analyzing insert size distribution for orientation FR...
[M::mem_pestat] (25, 50, 75) percentile: (282, 371, 481)
[M::mem_pestat] low and high boundaries for computing mean and std.dev: (1, 879)
[M::mem_pestat] mean and std.dev: (389.16, 149.43)
[M::mem_pestat] low and high boundaries for proper pairs: (1, 1078)
[M::mem_pestat] analyzing insert size distribution for orientation RF...
[M::mem_pestat] (25, 50, 75) percentile: (89, 518, 2657)
[M::mem_pestat] low and high boundaries for computing mean and std.dev: (1, 7793)
[M::mem_pestat] mean and std.dev: (1404.37, 1937.66)
[M::mem_pestat] low and high boundaries for proper pairs: (1, 10361)
[M::mem_pestat] analyzing insert size distribution for orientation RR...
[M::mem_pestat] (25, 50, 75) percentile: (153, 333, 898)
[M::mem_pestat] low and high boundaries for computing mean and std.dev: (1, 2388)
[M::mem_pestat] mean and std.dev: (441.93, 514.72)
[M::mem_pestat] low and high boundaries for proper pairs: (1, 3133)
[M::mem_pestat] skip orientation FF
[M::mem_pestat] skip orientation RF
[M::mem_pestat] skip orientation RR
[M::process] read 1468650 sequences (200000213 bp)...
[M::mem_process_seqs] Processed 1462478 reads in 451.475 CPU sec, 48.865 real sec
[M::mem_pestat] # candidate unique pairs for (FF, FR, RF, RR): (40, 559599, 130, 37)
[M::mem_pestat] analyzing insert size distribution for orientation FF...
[M::mem_pestat] (25, 50, 75) percentile: (343, 475, 737)
[M::mem_pestat] low and high boundaries for computing mean and std.dev: (1, 1525)
[M::mem_pestat] mean and std.dev: (534.81, 300.23)
[M::mem_pestat] low and high boundaries for proper pairs: (1, 1919)
[M::mem_pestat] analyzing insert size distribution for orientation FR...
[M::mem_pestat] (25, 50, 75) percentile: (282, 371, 480)
[M::mem_pestat] low and high boundaries for computing mean and std.dev: (1, 876)
[M::mem_pestat] mean and std.dev: (388.85, 148.23)
[M::mem_pestat] low and high boundaries for proper pairs: (1, 1074)
[M::mem_pestat] analyzing insert size distribution for orientation RF...
[M::mem_pestat] (25, 50, 75) percentile: (86, 452, 2060)
[M::mem_pestat] low and high boundaries for computing mean and std.dev: (1, 6008)
[M::mem_pestat] mean and std.dev: (998.73, 1352.50)
[M::mem_pestat] low and high boundaries for proper pairs: (1, 7982)
[M::mem_pestat] analyzing insert size distribution for orientation RR...
[M::mem_pestat] (25, 50, 75) percentile: (123, 244, 506)
[M::mem_pestat] low and high boundaries for computing mean and std.dev: (1, 1272)
[M::mem_pestat] mean and std.dev: (312.17, 262.58)
[M::mem_pestat] low and high boundaries for proper pairs: (1, 1655)
[M::mem_pestat] skip orientation FF
[M::mem_pestat] skip orientation RF
[M::mem_pestat] skip orientation RR
[M::process] read 1471952 sequences (200000088 bp)...
[M::mem_process_seqs] Processed 1468650 reads in 460.915 CPU sec, 49.779 real sec
[M::mem_pestat] # candidate unique pairs for (FF, FR, RF, RR): (45, 558116, 115, 35)
[M::mem_pestat] analyzing insert size distribution for orientation FF...
[M::mem_pestat] (25, 50, 75) percentile: (306, 414, 1006)
[M::mem_pestat] low and high boundaries for computing mean and std.dev: (1, 2406)
[M::mem_pestat] mean and std.dev: (534.74, 379.26)
[M::mem_pestat] low and high boundaries for proper pairs: (1, 3106)
[M::mem_pestat] analyzing insert size distribution for orientation FR...
[M::mem_pestat] (25, 50, 75) percentile: (281, 369, 474)
[M::mem_pestat] low and high boundaries for computing mean and std.dev: (1, 860)
[M::mem_pestat] mean and std.dev: (385.07, 144.78)
[M::mem_pestat] low and high boundaries for proper pairs: (1, 1053)
[M::mem_pestat] analyzing insert size distribution for orientation RF...
[M::mem_pestat] (25, 50, 75) percentile: (144, 627, 3132)
[M::mem_pestat] low and high boundaries for computing mean and std.dev: (1, 9108)
[M::mem_pestat] mean and std.dev: (1860.88, 2412.53)
[M::mem_pestat] low and high boundaries for proper pairs: (1, 12096)
[M::mem_pestat] analyzing insert size distribution for orientation RR...
[M::mem_pestat] (25, 50, 75) percentile: (211, 378, 987)
[M::mem_pestat] low and high boundaries for computing mean and std.dev: (1, 2539)
[M::mem_pestat] mean and std.dev: (535.33, 467.94)
[M::mem_pestat] low and high boundaries for proper pairs: (1, 3315)
[M::mem_pestat] skip orientation FF
[M::mem_pestat] skip orientation RF
[M::mem_pestat] skip orientation RR
[M::process] read 1469086 sequences (200000231 bp)...
[M::mem_process_seqs] Processed 1471952 reads in 461.927 CPU sec, 49.957 real sec
[M::mem_pestat] # candidate unique pairs for (FF, FR, RF, RR): (46, 559193, 121, 48)
[M::mem_pestat] analyzing insert size distribution for orientation FF...
[M::mem_pestat] (25, 50, 75) percentile: (495, 893, 3827)
[M::mem_pestat] low and high boundaries for computing mean and std.dev: (1, 10491)
[M::mem_pestat] mean and std.dev: (2133.57, 2314.59)
[M::mem_pestat] low and high boundaries for proper pairs: (1, 13823)
[M::mem_pestat] analyzing insert size distribution for orientation FR...
[M::mem_pestat] (25, 50, 75) percentile: (279, 366, 471)
[M::mem_pestat] low and high boundaries for computing mean and std.dev: (1, 855)
[M::mem_pestat] mean and std.dev: (381.75, 143.34)
[M::mem_pestat] low and high boundaries for proper pairs: (1, 1047)
[M::mem_pestat] analyzing insert size distribution for orientation RF...
[M::mem_pestat] (25, 50, 75) percentile: (145, 954, 3758)
[M::mem_pestat] low and high boundaries for computing mean and std.dev: (1, 10984)
[M::mem_pestat] mean and std.dev: (2100.60, 2516.45)
[M::mem_pestat] low and high boundaries for proper pairs: (1, 14597)
[M::mem_pestat] analyzing insert size distribution for orientation RR...
[M::mem_pestat] (25, 50, 75) percentile: (128, 310, 898)
[M::mem_pestat] low and high boundaries for computing mean and std.dev: (1, 2438)
[M::mem_pestat] mean and std.dev: (387.71, 417.19)
[M::mem_pestat] low and high boundaries for proper pairs: (1, 3208)
[M::mem_pestat] skip orientation FF
[M::mem_pestat] skip orientation RF
[M::mem_pestat] skip orientation RR
[M::process] read 1458978 sequences (200000228 bp)...
[M::mem_process_seqs] Processed 1469086 reads in 445.299 CPU sec, 48.327 real sec
[M::mem_pestat] # candidate unique pairs for (FF, FR, RF, RR): (29, 558150, 157, 51)
[M::mem_pestat] analyzing insert size distribution for orientation FF...
[M::mem_pestat] (25, 50, 75) percentile: (233, 493, 1336)
[M::mem_pestat] low and high boundaries for computing mean and std.dev: (1, 3542)
[M::mem_pestat] mean and std.dev: (734.96, 697.26)
[M::mem_pestat] low and high boundaries for proper pairs: (1, 4645)
[M::mem_pestat] analyzing insert size distribution for orientation FR...
[M::mem_pestat] (25, 50, 75) percentile: (282, 372, 484)
[M::mem_pestat] low and high boundaries for computing mean and std.dev: (1, 888)
[M::mem_pestat] mean and std.dev: (391.06, 151.81)
[M::mem_pestat] low and high boundaries for proper pairs: (1, 1090)
[M::mem_pestat] analyzing insert size distribution for orientation RF...
[M::mem_pestat] (25, 50, 75) percentile: (128, 662, 3187)
[M::mem_pestat] low and high boundaries for computing mean and std.dev: (1, 9305)
[M::mem_pestat] mean and std.dev: (1660.30, 2176.00)
[M::mem_pestat] low and high boundaries for proper pairs: (1, 12364)
[M::mem_pestat] analyzing insert size distribution for orientation RR...
[M::mem_pestat] (25, 50, 75) percentile: (179, 502, 1700)
[M::mem_pestat] low and high boundaries for computing mean and std.dev: (1, 4742)
[M::mem_pestat] mean and std.dev: (869.94, 964.31)
[M::mem_pestat] low and high boundaries for proper pairs: (1, 6263)
[M::mem_pestat] skip orientation FF
[M::mem_pestat] skip orientation RF
[M::mem_pestat] skip orientation RR
[M::mem_process_seqs] Processed 1458978 reads in 455.348 CPU sec, 72.320 real sec
[M::process] read 1460444 sequences (200000221 bp)...
[M::process] read 1464296 sequences (200000241 bp)...
[M::mem_pestat] # candidate unique pairs for (FF, FR, RF, RR): (23, 557813, 132, 46)
[M::mem_pestat] analyzing insert size distribution for orientation FF...
[M::mem_pestat] (25, 50, 75) percentile: (298, 473, 1073)
[M::mem_pestat] low and high boundaries for computing mean and std.dev: (1, 2623)
[M::mem_pestat] mean and std.dev: (613.20, 578.87)
[M::mem_pestat] low and high boundaries for proper pairs: (1, 3398)
[M::mem_pestat] analyzing insert size distribution for orientation FR...
[M::mem_pestat] (25, 50, 75) percentile: (284, 374, 486)
[M::mem_pestat] low and high boundaries for computing mean and std.dev: (1, 890)
[M::mem_pestat] mean and std.dev: (392.60, 151.97)
[M::mem_pestat] low and high boundaries for proper pairs: (1, 1092)
[M::mem_pestat] analyzing insert size distribution for orientation RF...
[M::mem_pestat] (25, 50, 75) percentile: (159, 553, 3957)
[M::mem_pestat] low and high boundaries for computing mean and std.dev: (1, 11553)
[M::mem_pestat] mean and std.dev: (2101.36, 2725.03)
[M::mem_pestat] low and high boundaries for proper pairs: (1, 15351)
[M::mem_pestat] analyzing insert size distribution for orientation RR...
[M::mem_pestat] (25, 50, 75) percentile: (126, 192, 868)
[M::mem_pestat] low and high boundaries for computing mean and std.dev: (1, 2352)
[M::mem_pestat] mean and std.dev: (374.18, 459.91)
[M::mem_pestat] low and high boundaries for proper pairs: (1, 3094)
[M::mem_pestat] skip orientation FF
[M::mem_pestat] skip orientation RF
[M::mem_pestat] skip orientation RR
[M::mem_process_seqs] Processed 1460444 reads in 444.494 CPU sec, 46.423 real sec
[M::mem_pestat] # candidate unique pairs for (FF, FR, RF, RR): (35, 557684, 146, 54)
[M::mem_pestat] analyzing insert size distribution for orientation FF...
[M::mem_pestat] (25, 50, 75) percentile: (271, 519, 1887)
[M::mem_pestat] low and high boundaries for computing mean and std.dev: (1, 5119)
[M::mem_pestat] mean and std.dev: (1021.20, 1041.83)
[M::mem_pestat] low and high boundaries for proper pairs: (1, 6735)
[M::mem_pestat] analyzing insert size distribution for orientation FR...
[M::mem_pestat] (25, 50, 75) percentile: (283, 372, 481)
[M::mem_pestat] low and high boundaries for computing mean and std.dev: (1, 877)
[M::mem_pestat] mean and std.dev: (389.66, 148.75)
[M::mem_pestat] low and high boundaries for proper pairs: (1, 1075)
[M::mem_pestat] analyzing insert size distribution for orientation RF...
[M::mem_pestat] (25, 50, 75) percentile: (73, 303, 3103)
[M::mem_pestat] low and high boundaries for computing mean and std.dev: (1, 9163)
[M::mem_pestat] mean and std.dev: (1483.44, 2186.85)
[M::mem_pestat] low and high boundaries for proper pairs: (1, 12193)
[M::mem_pestat] analyzing insert size distribution for orientation RR...
[M::mem_pestat] (25, 50, 75) percentile: (251, 433, 961)
[M::mem_pestat] low and high boundaries for computing mean and std.dev: (1, 2381)
[M::mem_pestat] mean and std.dev: (476.53, 412.78)
[M::mem_pestat] low and high boundaries for proper pairs: (1, 3091)
[M::mem_pestat] skip orientation FF
[M::mem_pestat] skip orientation RF
[M::mem_pestat] skip orientation RR
[M::process] read 1467886 sequences (200000221 bp)...
[M::mem_process_seqs] Processed 1464296 reads in 463.928 CPU sec, 50.062 real sec
[M::mem_pestat] # candidate unique pairs for (FF, FR, RF, RR): (37, 557565, 139, 50)
[M::mem_pestat] analyzing insert size distribution for orientation FF...
[M::mem_pestat] (25, 50, 75) percentile: (450, 538, 1360)
[M::mem_pestat] low and high boundaries for computing mean and std.dev: (1, 3180)
[M::mem_pestat] mean and std.dev: (775.65, 682.08)
[M::mem_pestat] low and high boundaries for proper pairs: (1, 4090)
[M::mem_pestat] analyzing insert size distribution for orientation FR...
[M::mem_pestat] (25, 50, 75) percentile: (279, 367, 473)
[M::mem_pestat] low and high boundaries for computing mean and std.dev: (1, 861)
[M::mem_pestat] mean and std.dev: (383.99, 144.51)
[M::mem_pestat] low and high boundaries for proper pairs: (1, 1055)
[M::mem_pestat] analyzing insert size distribution for orientation RF...
[M::mem_pestat] (25, 50, 75) percentile: (47, 290, 2969)
[M::mem_pestat] low and high boundaries for computing mean and std.dev: (1, 8813)
[M::mem_pestat] mean and std.dev: (1562.90, 2300.83)
[M::mem_pestat] low and high boundaries for proper pairs: (1, 11735)
[M::mem_pestat] analyzing insert size distribution for orientation RR...
[M::mem_pestat] (25, 50, 75) percentile: (145, 209, 416)
[M::mem_pestat] low and high boundaries for computing mean and std.dev: (1, 958)
[M::mem_pestat] mean and std.dev: (216.29, 118.99)
[M::mem_pestat] low and high boundaries for proper pairs: (1, 1229)
[M::mem_pestat] skip orientation FF
[M::mem_pestat] skip orientation RF
[M::mem_pestat] skip orientation RR
[M::process] read 1459600 sequences (200000138 bp)...
[M::mem_process_seqs] Processed 1467886 reads in 447.108 CPU sec, 48.461 real sec
[M::mem_pestat] # candidate unique pairs for (FF, FR, RF, RR): (19, 559679, 129, 44)
[M::mem_pestat] analyzing insert size distribution for orientation FF...
[M::mem_pestat] (25, 50, 75) percentile: (255, 327, 548)
[M::mem_pestat] low and high boundaries for computing mean and std.dev: (1, 1134)
[M::mem_pestat] mean and std.dev: (297.93, 121.28)
[M::mem_pestat] low and high boundaries for proper pairs: (1, 1427)
[M::mem_pestat] analyzing insert size distribution for orientation FR...
[M::mem_pestat] (25, 50, 75) percentile: (281, 370, 480)
[M::mem_pestat] low and high boundaries for computing mean and std.dev: (1, 878)
[M::mem_pestat] mean and std.dev: (388.34, 149.72)
[M::mem_pestat] low and high boundaries for proper pairs: (1, 1077)
[M::mem_pestat] analyzing insert size distribution for orientation RF...
[M::mem_pestat] (25, 50, 75) percentile: (81, 377, 2993)
[M::mem_pestat] low and high boundaries for computing mean and std.dev: (1, 8817)
[M::mem_pestat] mean and std.dev: (1542.04, 2262.51)
[M::mem_pestat] low and high boundaries for proper pairs: (1, 11729)
[M::mem_pestat] analyzing insert size distribution for orientation RR...
[M::mem_pestat] (25, 50, 75) percentile: (183, 313, 873)
[M::mem_pestat] low and high boundaries for computing mean and std.dev: (1, 2253)
[M::mem_pestat] mean and std.dev: (427.38, 385.72)
[M::mem_pestat] low and high boundaries for proper pairs: (1, 2943)
[M::mem_pestat] skip orientation FF
[M::mem_pestat] skip orientation RF
[M::mem_pestat] skip orientation RR
[M::process] read 1459190 sequences (200000140 bp)...
[M::mem_process_seqs] Processed 1459600 reads in 437.764 CPU sec, 47.553 real sec
[M::mem_pestat] # candidate unique pairs for (FF, FR, RF, RR): (49, 559021, 117, 36)
[M::mem_pestat] analyzing insert size distribution for orientation FF...
[M::mem_pestat] (25, 50, 75) percentile: (280, 618, 1595)
[M::mem_pestat] low and high boundaries for computing mean and std.dev: (1, 4225)
[M::mem_pestat] mean and std.dev: (834.98, 809.66)
[M::mem_pestat] low and high boundaries for proper pairs: (1, 5540)
[M::mem_pestat] analyzing insert size distribution for orientation FR...
[M::mem_pestat] (25, 50, 75) percentile: (284, 374, 486)
[M::mem_pestat] low and high boundaries for computing mean and std.dev: (1, 890)
[M::mem_pestat] mean and std.dev: (393.16, 151.90)
[M::mem_pestat] low and high boundaries for proper pairs: (1, 1092)
[M::mem_pestat] analyzing insert size distribution for orientation RF...
[M::mem_pestat] (25, 50, 75) percentile: (125, 417, 2464)
[M::mem_pestat] low and high boundaries for computing mean and std.dev: (1, 7142)
[M::mem_pestat] mean and std.dev: (1288.28, 1776.33)
[M::mem_pestat] low and high boundaries for proper pairs: (1, 9481)
[M::mem_pestat] analyzing insert size distribution for orientation RR...
[M::mem_pestat] (25, 50, 75) percentile: (174, 471, 1313)
[M::mem_pestat] low and high boundaries for computing mean and std.dev: (1, 3591)
[M::mem_pestat] mean and std.dev: (532.88, 576.16)
[M::mem_pestat] low and high boundaries for proper pairs: (1, 4730)
[M::mem_pestat] skip orientation FF
[M::mem_pestat] skip orientation RF
[M::mem_pestat] skip orientation RR
[M::mem_process_seqs] Processed 1459190 reads in 459.876 CPU sec, 74.703 real sec
[M::process] read 1462116 sequences (200000208 bp)...
[M::process] read 1463358 sequences (200000109 bp)...
[M::mem_pestat] # candidate unique pairs for (FF, FR, RF, RR): (39, 558833, 133, 38)
[M::mem_pestat] analyzing insert size distribution for orientation FF...
[M::mem_pestat] (25, 50, 75) percentile: (250, 394, 755)
[M::mem_pestat] low and high boundaries for computing mean and std.dev: (1, 1765)
[M::mem_pestat] mean and std.dev: (473.44, 352.03)
[M::mem_pestat] low and high boundaries for proper pairs: (1, 2270)
[M::mem_pestat] analyzing insert size distribution for orientation FR...
[M::mem_pestat] (25, 50, 75) percentile: (284, 374, 484)
[M::mem_pestat] low and high boundaries for computing mean and std.dev: (1, 884)
[M::mem_pestat] mean and std.dev: (392.08, 150.18)
[M::mem_pestat] low and high boundaries for proper pairs: (1, 1084)
[M::mem_pestat] analyzing insert size distribution for orientation RF...
[M::mem_pestat] (25, 50, 75) percentile: (61, 438, 3615)
[M::mem_pestat] low and high boundaries for computing mean and std.dev: (1, 10723)
[M::mem_pestat] mean and std.dev: (2012.94, 2752.44)
[M::mem_pestat] low and high boundaries for proper pairs: (1, 14277)
[M::mem_pestat] analyzing insert size distribution for orientation RR...
[M::mem_pestat] (25, 50, 75) percentile: (127, 340, 918)
[M::mem_pestat] low and high boundaries for computing mean and std.dev: (1, 2500)
[M::mem_pestat] mean and std.dev: (402.47, 481.09)
[M::mem_pestat] low and high boundaries for proper pairs: (1, 3291)
[M::mem_pestat] skip orientation FF
[M::mem_pestat] skip orientation RF
[M::mem_pestat] skip orientation RR
[M::mem_process_seqs] Processed 1462116 reads in 444.948 CPU sec, 46.843 real sec
[M::mem_pestat] # candidate unique pairs for (FF, FR, RF, RR): (42, 557572, 129, 39)
[M::mem_pestat] analyzing insert size distribution for orientation FF...
[M::mem_pestat] (25, 50, 75) percentile: (249, 399, 848)
[M::mem_pestat] low and high boundaries for computing mean and std.dev: (1, 2046)
[M::mem_pestat] mean and std.dev: (427.28, 259.51)
[M::mem_pestat] low and high boundaries for proper pairs: (1, 2645)
[M::mem_pestat] analyzing insert size distribution for orientation FR...
[M::mem_pestat] (25, 50, 75) percentile: (281, 370, 477)
[M::mem_pestat] low and high boundaries for computing mean and std.dev: (1, 869)
[M::mem_pestat] mean and std.dev: (386.75, 146.68)
[M::mem_pestat] low and high boundaries for proper pairs: (1, 1065)
[M::mem_pestat] analyzing insert size distribution for orientation RF...
[M::mem_pestat] (25, 50, 75) percentile: (151, 576, 3992)
[M::mem_pestat] low and high boundaries for computing mean and std.dev: (1, 11674)
[M::mem_pestat] mean and std.dev: (2070.02, 2584.82)
[M::mem_pestat] low and high boundaries for proper pairs: (1, 15515)
[M::mem_pestat] analyzing insert size distribution for orientation RR...
[M::mem_pestat] (25, 50, 75) percentile: (231, 553, 1670)
[M::mem_pestat] low and high boundaries for computing mean and std.dev: (1, 4548)
[M::mem_pestat] mean and std.dev: (759.94, 900.30)
[M::mem_pestat] low and high boundaries for proper pairs: (1, 5987)
[M::mem_pestat] skip orientation FF
[M::mem_pestat] skip orientation RF
[M::mem_pestat] skip orientation RR
[M::process] read 1468340 sequences (200000153 bp)...
[M::mem_process_seqs] Processed 1463358 reads in 446.436 CPU sec, 48.357 real sec
[M::mem_pestat] # candidate unique pairs for (FF, FR, RF, RR): (47, 561100, 122, 21)
[M::mem_pestat] analyzing insert size distribution for orientation FF...
[M::mem_pestat] (25, 50, 75) percentile: (262, 578, 1266)
[M::mem_pestat] low and high boundaries for computing mean and std.dev: (1, 3274)
[M::mem_pestat] mean and std.dev: (809.58, 784.66)
[M::mem_pestat] low and high boundaries for proper pairs: (1, 4278)
[M::mem_pestat] analyzing insert size distribution for orientation FR...
[M::mem_pestat] (25, 50, 75) percentile: (282, 371, 479)
[M::mem_pestat] low and high boundaries for computing mean and std.dev: (1, 873)
[M::mem_pestat] mean and std.dev: (387.69, 146.87)
[M::mem_pestat] low and high boundaries for proper pairs: (1, 1070)
[M::mem_pestat] analyzing insert size distribution for orientation RF...
[M::mem_pestat] (25, 50, 75) percentile: (112, 379, 3022)
[M::mem_pestat] low and high boundaries for computing mean and std.dev: (1, 8842)
[M::mem_pestat] mean and std.dev: (1535.48, 2205.36)
[M::mem_pestat] low and high boundaries for proper pairs: (1, 11752)
[M::mem_pestat] analyzing insert size distribution for orientation RR...
[M::mem_pestat] (25, 50, 75) percentile: (109, 632, 5144)
[M::mem_pestat] low and high boundaries for computing mean and std.dev: (1, 15214)
[M::mem_pestat] mean and std.dev: (1779.00, 2163.23)
[M::mem_pestat] low and high boundaries for proper pairs: (1, 20249)
[M::mem_pestat] skip orientation FF
[M::mem_pestat] skip orientation RF
[M::mem_pestat] skip orientation RR
[M::process] read 1460446 sequences (200000176 bp)...
[M::mem_process_seqs] Processed 1468340 reads in 455.675 CPU sec, 49.282 real sec
[M::mem_pestat] # candidate unique pairs for (FF, FR, RF, RR): (48, 559284, 145, 37)
[M::mem_pestat] analyzing insert size distribution for orientation FF...
[M::mem_pestat] (25, 50, 75) percentile: (284, 413, 1461)
[M::mem_pestat] low and high boundaries for computing mean and std.dev: (1, 3815)
[M::mem_pestat] mean and std.dev: (800.49, 872.01)
[M::mem_pestat] low and high boundaries for proper pairs: (1, 4992)
[M::mem_pestat] analyzing insert size distribution for orientation FR...
[M::mem_pestat] (25, 50, 75) percentile: (287, 377, 488)
[M::mem_pestat] low and high boundaries for computing mean and std.dev: (1, 890)
[M::mem_pestat] mean and std.dev: (394.96, 151.54)
[M::mem_pestat] low and high boundaries for proper pairs: (1, 1091)
[M::mem_pestat] analyzing insert size distribution for orientation RF...
[M::mem_pestat] (25, 50, 75) percentile: (115, 412, 2865)
[M::mem_pestat] low and high boundaries for computing mean and std.dev: (1, 8365)
[M::mem_pestat] mean and std.dev: (1459.30, 2148.73)
[M::mem_pestat] low and high boundaries for proper pairs: (1, 11115)
[M::mem_pestat] analyzing insert size distribution for orientation RR...
[M::mem_pestat] (25, 50, 75) percentile: (205, 281, 692)
[M::mem_pestat] low and high boundaries for computing mean and std.dev: (1, 1666)
[M::mem_pestat] mean and std.dev: (337.62, 327.01)
[M::mem_pestat] low and high boundaries for proper pairs: (1, 2153)
[M::mem_pestat] skip orientation FF
[M::mem_pestat] skip orientation RF
[M::mem_pestat] skip orientation RR
[M::mem_process_seqs] Processed 1460446 reads in 457.754 CPU sec, 70.251 real sec
[M::process] read 1462576 sequences (200000052 bp)...
[M::process] read 1463260 sequences (200000017 bp)...
[M::mem_pestat] # candidate unique pairs for (FF, FR, RF, RR): (36, 558848, 107, 44)
[M::mem_pestat] analyzing insert size distribution for orientation FF...
[M::mem_pestat] (25, 50, 75) percentile: (402, 589, 974)
[M::mem_pestat] low and high boundaries for computing mean and std.dev: (1, 2118)
[M::mem_pestat] mean and std.dev: (681.55, 468.54)
[M::mem_pestat] low and high boundaries for proper pairs: (1, 2690)
[M::mem_pestat] analyzing insert size distribution for orientation FR...
[M::mem_pestat] (25, 50, 75) percentile: (287, 376, 487)
[M::mem_pestat] low and high boundaries for computing mean and std.dev: (1, 887)
[M::mem_pestat] mean and std.dev: (394.25, 150.19)
[M::mem_pestat] low and high boundaries for proper pairs: (1, 1087)
[M::mem_pestat] analyzing insert size distribution for orientation RF...
[M::mem_pestat] (25, 50, 75) percentile: (70, 430, 1982)
[M::mem_pestat] low and high boundaries for computing mean and std.dev: (1, 5806)
[M::mem_pestat] mean and std.dev: (900.19, 1355.35)
[M::mem_pestat] low and high boundaries for proper pairs: (1, 7718)
[M::mem_pestat] analyzing insert size distribution for orientation RR...
[M::mem_pestat] (25, 50, 75) percentile: (229, 395, 998)
[M::mem_pestat] low and high boundaries for computing mean and std.dev: (1, 2536)
[M::mem_pestat] mean and std.dev: (448.05, 349.91)
[M::mem_pestat] low and high boundaries for proper pairs: (1, 3305)
[M::mem_pestat] skip orientation FF
[M::mem_pestat] skip orientation RF
[M::mem_pestat] skip orientation RR
[M::mem_process_seqs] Processed 1462576 reads in 448.511 CPU sec, 46.934 real sec
[M::mem_pestat] # candidate unique pairs for (FF, FR, RF, RR): (42, 557152, 130, 38)
[M::mem_pestat] analyzing insert size distribution for orientation FF...
[M::mem_pestat] (25, 50, 75) percentile: (346, 870, 2863)
[M::mem_pestat] low and high boundaries for computing mean and std.dev: (1, 7897)
[M::mem_pestat] mean and std.dev: (1553.35, 1683.31)
[M::mem_pestat] low and high boundaries for proper pairs: (1, 10414)
[M::mem_pestat] analyzing insert size distribution for orientation FR...
[M::mem_pestat] (25, 50, 75) percentile: (285, 374, 483)
[M::mem_pestat] low and high boundaries for computing mean and std.dev: (1, 879)
[M::mem_pestat] mean and std.dev: (391.30, 148.40)
[M::mem_pestat] low and high boundaries for proper pairs: (1, 1077)
[M::mem_pestat] analyzing insert size distribution for orientation RF...
[M::mem_pestat] (25, 50, 75) percentile: (133, 479, 2574)
[M::mem_pestat] low and high boundaries for computing mean and std.dev: (1, 7456)
[M::mem_pestat] mean and std.dev: (1368.72, 1982.62)
[M::mem_pestat] low and high boundaries for proper pairs: (1, 9897)
[M::mem_pestat] analyzing insert size distribution for orientation RR...
[M::mem_pestat] (25, 50, 75) percentile: (165, 336, 838)
[M::mem_pestat] low and high boundaries for computing mean and std.dev: (1, 2184)
[M::mem_pestat] mean and std.dev: (427.52, 425.92)
[M::mem_pestat] low and high boundaries for proper pairs: (1, 2857)
[M::mem_pestat] skip orientation FF
[M::mem_pestat] skip orientation RF
[M::mem_pestat] skip orientation RR
[M::process] read 1469690 sequences (200000191 bp)...
[M::mem_process_seqs] Processed 1463260 reads in 444.288 CPU sec, 48.104 real sec
[M::mem_pestat] # candidate unique pairs for (FF, FR, RF, RR): (42, 559259, 127, 38)
[M::mem_pestat] analyzing insert size distribution for orientation FF...
[M::mem_pestat] (25, 50, 75) percentile: (308, 515, 2106)
[M::mem_pestat] low and high boundaries for computing mean and std.dev: (1, 5702)
[M::mem_pestat] mean and std.dev: (1002.42, 1272.25)
[M::mem_pestat] low and high boundaries for proper pairs: (1, 7500)
[M::mem_pestat] analyzing insert size distribution for orientation FR...
[M::mem_pestat] (25, 50, 75) percentile: (282, 370, 476)
[M::mem_pestat] low and high boundaries for computing mean and std.dev: (1, 864)
[M::mem_pestat] mean and std.dev: (385.98, 144.45)
[M::mem_pestat] low and high boundaries for proper pairs: (1, 1058)
[M::mem_pestat] analyzing insert size distribution for orientation RF...
[M::mem_pestat] (25, 50, 75) percentile: (126, 475, 2915)
[M::mem_pestat] low and high boundaries for computing mean and std.dev: (1, 8493)
[M::mem_pestat] mean and std.dev: (1490.35, 2029.95)
[M::mem_pestat] low and high boundaries for proper pairs: (1, 11282)
[M::mem_pestat] analyzing insert size distribution for orientation RR...
[M::mem_pestat] (25, 50, 75) percentile: (90, 292, 640)
[M::mem_pestat] low and high boundaries for computing mean and std.dev: (1, 1740)
[M::mem_pestat] mean and std.dev: (349.21, 385.20)
[M::mem_pestat] low and high boundaries for proper pairs: (1, 2290)
[M::mem_pestat] skip orientation FF
[M::mem_pestat] skip orientation RF
[M::mem_pestat] skip orientation RR
[M::process] read 1478248 sequences (200000020 bp)...
[M::mem_process_seqs] Processed 1469690 reads in 461.158 CPU sec, 49.829 real sec
[M::process] read 1478402 sequences (200000204 bp)...
[M::mem_pestat] # candidate unique pairs for (FF, FR, RF, RR): (35, 566442, 138, 31)
[M::mem_pestat] analyzing insert size distribution for orientation FF...
[M::mem_pestat] (25, 50, 75) percentile: (249, 381, 828)
[M::mem_pestat] low and high boundaries for computing mean and std.dev: (1, 1986)
[M::mem_pestat] mean and std.dev: (520.03, 401.25)
[M::mem_pestat] low and high boundaries for proper pairs: (1, 2565)
[M::mem_pestat] analyzing insert size distribution for orientation FR...
[M::mem_pestat] (25, 50, 75) percentile: (285, 374, 483)
[M::mem_pestat] low and high boundaries for computing mean and std.dev: (1, 879)
[M::mem_pestat] mean and std.dev: (391.28, 148.59)
[M::mem_pestat] low and high boundaries for proper pairs: (1, 1077)
[M::mem_pestat] analyzing insert size distribution for orientation RF...
[M::mem_pestat] (25, 50, 75) percentile: (57, 435, 3173)
[M::mem_pestat] low and high boundaries for computing mean and std.dev: (1, 9405)
[M::mem_pestat] mean and std.dev: (1734.67, 2427.23)
[M::mem_pestat] low and high boundaries for proper pairs: (1, 12521)
[M::mem_pestat] analyzing insert size distribution for orientation RR...
[M::mem_pestat] (25, 50, 75) percentile: (192, 338, 2008)
[M::mem_pestat] low and high boundaries for computing mean and std.dev: (1, 5640)
[M::mem_pestat] mean and std.dev: (962.64, 1238.49)
[M::mem_pestat] low and high boundaries for proper pairs: (1, 7456)
[M::mem_pestat] skip orientation FF
[M::mem_pestat] skip orientation RF
[M::mem_pestat] skip orientation RR
[M::mem_process_seqs] Processed 1478248 reads in 527.695 CPU sec, 56.551 real sec
[M::mem_pestat] # candidate unique pairs for (FF, FR, RF, RR): (35, 566115, 142, 37)
[M::mem_pestat] analyzing insert size distribution for orientation FF...
[M::mem_pestat] (25, 50, 75) percentile: (249, 486, 744)
[M::mem_pestat] low and high boundaries for computing mean and std.dev: (1, 1734)
[M::mem_pestat] mean and std.dev: (481.88, 266.54)
[M::mem_pestat] low and high boundaries for proper pairs: (1, 2229)
[M::mem_pestat] analyzing insert size distribution for orientation FR...
[M::mem_pestat] (25, 50, 75) percentile: (286, 374, 483)
[M::mem_pestat] low and high boundaries for computing mean and std.dev: (1, 877)
[M::mem_pestat] mean and std.dev: (391.33, 148.07)
[M::mem_pestat] low and high boundaries for proper pairs: (1, 1074)
[M::mem_pestat] analyzing insert size distribution for orientation RF...
[M::mem_pestat] (25, 50, 75) percentile: (102, 253, 1326)
[M::mem_pestat] low and high boundaries for computing mean and std.dev: (1, 3774)
[M::mem_pestat] mean and std.dev: (460.57, 635.24)
[M::mem_pestat] low and high boundaries for proper pairs: (1, 4998)
[M::mem_pestat] analyzing insert size distribution for orientation RR...
[M::mem_pestat] (25, 50, 75) percentile: (238, 471, 978)
[M::mem_pestat] low and high boundaries for computing mean and std.dev: (1, 2458)
[M::mem_pestat] mean and std.dev: (578.47, 554.05)
[M::mem_pestat] low and high boundaries for proper pairs: (1, 3198)
[M::mem_pestat] skip orientation FF
[M::mem_pestat] skip orientation RF
[M::mem_pestat] skip orientation RR
[M::process] read 1505210 sequences (200000090 bp)...
[M::mem_process_seqs] Processed 1478402 reads in 535.194 CPU sec, 57.609 real sec
[M::mem_pestat] # candidate unique pairs for (FF, FR, RF, RR): (42, 540724, 135, 27)
[M::mem_pestat] analyzing insert size distribution for orientation FF...
[M::mem_pestat] (25, 50, 75) percentile: (287, 418, 930)
[M::mem_pestat] low and high boundaries for computing mean and std.dev: (1, 2216)
[M::mem_pestat] mean and std.dev: (511.46, 410.31)
[M::mem_pestat] low and high boundaries for proper pairs: (1, 2859)
[M::mem_pestat] analyzing insert size distribution for orientation FR...
[M::mem_pestat] (25, 50, 75) percentile: (285, 374, 482)
[M::mem_pestat] low and high boundaries for computing mean and std.dev: (1, 876)
[M::mem_pestat] mean and std.dev: (390.77, 147.48)
[M::mem_pestat] low and high boundaries for proper pairs: (1, 1073)
[M::mem_pestat] analyzing insert size distribution for orientation RF...
[M::mem_pestat] (25, 50, 75) percentile: (128, 466, 2778)
[M::mem_pestat] low and high boundaries for computing mean and std.dev: (1, 8078)
[M::mem_pestat] mean and std.dev: (1443.48, 1952.60)
[M::mem_pestat] low and high boundaries for proper pairs: (1, 10728)
[M::mem_pestat] analyzing insert size distribution for orientation RR...
[M::mem_pestat] (25, 50, 75) percentile: (187, 470, 2054)
[M::mem_pestat] low and high boundaries for computing mean and std.dev: (1, 5788)
[M::mem_pestat] mean and std.dev: (982.12, 1160.95)
[M::mem_pestat] low and high boundaries for proper pairs: (1, 7655)
[M::mem_pestat] skip orientation FF
[M::mem_pestat] skip orientation RF
[M::mem_pestat] skip orientation RR
[M::process] read 1465916 sequences (200000212 bp)...
[M::mem_process_seqs] Processed 1505210 reads in 515.700 CPU sec, 55.433 real sec
[M::process] read 219746 sequences (29939051 bp)...
[M::mem_pestat] # candidate unique pairs for (FF, FR, RF, RR): (42, 559784, 151, 50)
[M::mem_pestat] analyzing insert size distribution for orientation FF...
[M::mem_pestat] (25, 50, 75) percentile: (255, 488, 1017)
[M::mem_pestat] low and high boundaries for computing mean and std.dev: (1, 2541)
[M::mem_pestat] mean and std.dev: (607.24, 618.29)
[M::mem_pestat] low and high boundaries for proper pairs: (1, 3303)
[M::mem_pestat] analyzing insert size distribution for orientation FR...
[M::mem_pestat] (25, 50, 75) percentile: (284, 373, 480)
[M::mem_pestat] low and high boundaries for computing mean and std.dev: (1, 872)
[M::mem_pestat] mean and std.dev: (389.47, 147.07)
[M::mem_pestat] low and high boundaries for proper pairs: (1, 1068)
[M::mem_pestat] analyzing insert size distribution for orientation RF...
[M::mem_pestat] (25, 50, 75) percentile: (65, 402, 2630)
[M::mem_pestat] low and high boundaries for computing mean and std.dev: (1, 7760)
[M::mem_pestat] mean and std.dev: (1367.40, 1953.95)
[M::mem_pestat] low and high boundaries for proper pairs: (1, 10325)
[M::mem_pestat] analyzing insert size distribution for orientation RR...
[M::mem_pestat] (25, 50, 75) percentile: (149, 247, 504)
[M::mem_pestat] low and high boundaries for computing mean and std.dev: (1, 1214)
[M::mem_pestat] mean and std.dev: (213.38, 131.51)
[M::mem_pestat] low and high boundaries for proper pairs: (1, 1569)
[M::mem_pestat] skip orientation FF
[M::mem_pestat] skip orientation RF
[M::mem_pestat] skip orientation RR
[M::mem_process_seqs] Processed 1465916 reads in 459.478 CPU sec, 49.763 real sec
[M::mem_pestat] # candidate unique pairs for (FF, FR, RF, RR): (3, 83817, 28, 5)
[M::mem_pestat] skip orientation FF as there are not enough pairs
[M::mem_pestat] analyzing insert size distribution for orientation FR...
[M::mem_pestat] (25, 50, 75) percentile: (281, 370, 475)
[M::mem_pestat] low and high boundaries for computing mean and std.dev: (1, 863)
[M::mem_pestat] mean and std.dev: (385.91, 144.43)
[M::mem_pestat] low and high boundaries for proper pairs: (1, 1057)
[M::mem_pestat] analyzing insert size distribution for orientation RF...
[M::mem_pestat] (25, 50, 75) percentile: (84, 587, 1804)
[M::mem_pestat] low and high boundaries for computing mean and std.dev: (1, 5244)
[M::mem_pestat] mean and std.dev: (882.44, 1381.87)
[M::mem_pestat] low and high boundaries for proper pairs: (1, 6964)
[M::mem_pestat] skip orientation RR as there are not enough pairs
[M::mem_pestat] skip orientation RF
[M::mem_process_seqs] Processed 219746 reads in 65.552 CPU sec, 7.185 real sec
[main] Version: 0.7.17-r1188
[main] CMD:samblaster: Marked 4191235 of 38919055 (10.77%) read ids as duplicates bwa mem using 846876k memory in  -t1M 2034S -R(93.852S) @RG\tID:WT_LO_19T_004\tPL:ILLUMINA\tPU:HJMFJDSX7.4\tSM:WT_LO_19T_004\tCN:MCGILL\tBC:CTAATAACCG-CGATGCGGTT CPU seconds and  /storage/scratch/iee/dj20y461/Stickleback/G_aculeatus/FITNESS//data/ref_A_X/stickleback_v5_assembly_A_X.fasta47M /storage/scratch/iee/dj20y461/Stickleback/G_aculeatus/FITNESS//data/trimmed/WT_LO_19T_004.R1.trimmed.fastq.gz41S /storage/scratch/iee/dj20y461/Stickleback/G_aculeatus/FITNESS//data/trimmed/WT_LO_19T_004.R2.trimmed.fastq.gz(2861S) wall time.

[main] Real time: 2861.209 sec; CPU: 24171.982 sec
[bam_sort_core] merging from 20 files and 20 in-memory blocks...
