samblaster: Version 0.1.24
samblaster: Inputting from stdin
samblaster: Outputting to stdout
[M::bwa_idx_load_from_disk] read 0 ALT contigs
[M::process] read 1447878 sequences (200000167 bp)...
[M::mem_pestat] # candidate unique pairs for (FF, FR, RF, RR): (53, 476599, 102, 33)
[M::mem_pestat] analyzing insert size distribution for orientation FF...
[M::mem_pestat] (25, 50, 75) percentile: (304, 490, 871)
[M::mem_pestat] low and high boundaries for computing mean and std.dev: (1, 2005)
[M::mem_pestat] mean and std.dev: (531.82, 315.69)
[M::mem_pestat] low and high boundaries for proper pairs: (1, 2572)
[M::mem_pestat] analyzing insert size distribution for orientation FR...
[M::mem_pestat] (25, 50, 75) percentile: (248, 333, 437)
[M::mem_pestat] low and high boundaries for computing mean and std.dev: (1, 815)
[M::mem_pestat] mean and std.dev: (350.72, 137.79)
[M::mem_pestat] low and high boundaries for proper pairs: (1, 1004)
[M::mem_pestat] analyzing insert size distribution for orientation RF...
[M::mem_pestat] (25, 50, 75) percentile: (51, 245, 1822)
[M::mem_pestat] low and high boundaries for computing mean and std.dev: (1, 5364)
[M::mem_pestat] mean and std.dev: (813.99, 1257.08)
[M::mem_pestat] low and high boundaries for proper pairs: (1, 7135)
[M::mem_pestat] analyzing insert size distribution for orientation RR...
[M::mem_pestat] (25, 50, 75) percentile: (213, 542, 938)
[M::mem_pestat] low and high boundaries for computing mean and std.dev: (1, 2388)
[M::mem_pestat] mean and std.dev: (561.45, 476.87)
[M::mem_pestat] low and high boundaries for proper pairs: (1, 3113)
[M::mem_pestat] skip orientation FF
[M::mem_pestat] skip orientation RF
[M::mem_pestat] skip orientation RR
[M::mem_process_seqs] Processed 1447878 reads in 430.439 CPU sec, 100.496 real sec
samblaster: Loaded 23 header sequence entries.
[M::process] read 1448756 sequences (200000012 bp)...
[M::process] read 1447660 sequences (200000074 bp)...
[M::mem_pestat] # candidate unique pairs for (FF, FR, RF, RR): (57, 473605, 113, 54)
[M::mem_pestat] analyzing insert size distribution for orientation FF...
[M::mem_pestat] (25, 50, 75) percentile: (286, 421, 719)
[M::mem_pestat] low and high boundaries for computing mean and std.dev: (1, 1585)
[M::mem_pestat] mean and std.dev: (503.04, 323.63)
[M::mem_pestat] low and high boundaries for proper pairs: (1, 2018)
[M::mem_pestat] analyzing insert size distribution for orientation FR...
[M::mem_pestat] (25, 50, 75) percentile: (248, 333, 436)
[M::mem_pestat] low and high boundaries for computing mean and std.dev: (1, 812)
[M::mem_pestat] mean and std.dev: (350.79, 137.28)
[M::mem_pestat] low and high boundaries for proper pairs: (1, 1000)
[M::mem_pestat] analyzing insert size distribution for orientation RF...
[M::mem_pestat] (25, 50, 75) percentile: (100, 972, 3417)
[M::mem_pestat] low and high boundaries for computing mean and std.dev: (1, 10051)
[M::mem_pestat] mean and std.dev: (1902.52, 2299.72)
[M::mem_pestat] low and high boundaries for proper pairs: (1, 13368)
[M::mem_pestat] analyzing insert size distribution for orientation RR...
[M::mem_pestat] (25, 50, 75) percentile: (156, 291, 601)
[M::mem_pestat] low and high boundaries for computing mean and std.dev: (1, 1491)
[M::mem_pestat] mean and std.dev: (342.00, 270.98)
[M::mem_pestat] low and high boundaries for proper pairs: (1, 1936)
[M::mem_pestat] skip orientation FF
[M::mem_pestat] skip orientation RF
[M::mem_pestat] skip orientation RR
[M::mem_process_seqs] Processed 1448756 reads in 406.954 CPU sec, 44.419 real sec
[M::process] read 1451110 sequences (200000027 bp)...
[M::mem_pestat] # candidate unique pairs for (FF, FR, RF, RR): (65, 474648, 98, 45)
[M::mem_pestat] analyzing insert size distribution for orientation FF...
[M::mem_pestat] (25, 50, 75) percentile: (245, 401, 570)
[M::mem_pestat] low and high boundaries for computing mean and std.dev: (1, 1220)
[M::mem_pestat] mean and std.dev: (400.93, 209.83)
[M::mem_pestat] low and high boundaries for proper pairs: (1, 1545)
[M::mem_pestat] analyzing insert size distribution for orientation FR...
[M::mem_pestat] (25, 50, 75) percentile: (250, 335, 441)
[M::mem_pestat] low and high boundaries for computing mean and std.dev: (1, 823)
[M::mem_pestat] mean and std.dev: (353.85, 139.64)
[M::mem_pestat] low and high boundaries for proper pairs: (1, 1014)
[M::mem_pestat] analyzing insert size distribution for orientation RF...
[M::mem_pestat] (25, 50, 75) percentile: (41, 188, 1180)
[M::mem_pestat] low and high boundaries for computing mean and std.dev: (1, 3458)
[M::mem_pestat] mean and std.dev: (393.29, 633.36)
[M::mem_pestat] low and high boundaries for proper pairs: (1, 4597)
[M::mem_pestat] analyzing insert size distribution for orientation RR...
[M::mem_pestat] (25, 50, 75) percentile: (179, 253, 735)
[M::mem_pestat] low and high boundaries for computing mean and std.dev: (1, 1847)
[M::mem_pestat] mean and std.dev: (371.32, 332.90)
[M::mem_pestat] low and high boundaries for proper pairs: (1, 2403)
[M::mem_pestat] skip orientation FF
[M::mem_pestat] skip orientation RF
[M::mem_pestat] skip orientation RR
[M::mem_process_seqs] Processed 1447660 reads in 406.500 CPU sec, 45.095 real sec
[M::process] read 1446890 sequences (200000245 bp)...
[M::mem_pestat] # candidate unique pairs for (FF, FR, RF, RR): (62, 473613, 116, 47)
[M::mem_pestat] analyzing insert size distribution for orientation FF...
[M::mem_pestat] (25, 50, 75) percentile: (257, 419, 1019)
[M::mem_pestat] low and high boundaries for computing mean and std.dev: (1, 2543)
[M::mem_pestat] mean and std.dev: (668.58, 608.16)
[M::mem_pestat] low and high boundaries for proper pairs: (1, 3305)
[M::mem_pestat] analyzing insert size distribution for orientation FR...
[M::mem_pestat] (25, 50, 75) percentile: (249, 333, 437)
[M::mem_pestat] low and high boundaries for computing mean and std.dev: (1, 813)
[M::mem_pestat] mean and std.dev: (351.73, 137.37)
[M::mem_pestat] low and high boundaries for proper pairs: (1, 1001)
[M::mem_pestat] analyzing insert size distribution for orientation RF...
[M::mem_pestat] (25, 50, 75) percentile: (163, 716, 4183)
[M::mem_pestat] low and high boundaries for computing mean and std.dev: (1, 12223)
[M::mem_pestat] mean and std.dev: (2205.61, 2589.20)
[M::mem_pestat] low and high boundaries for proper pairs: (1, 16243)
[M::mem_pestat] analyzing insert size distribution for orientation RR...
[M::mem_pestat] (25, 50, 75) percentile: (175, 414, 1208)
[M::mem_pestat] low and high boundaries for computing mean and std.dev: (1, 3274)
[M::mem_pestat] mean and std.dev: (668.98, 683.84)
[M::mem_pestat] low and high boundaries for proper pairs: (1, 4307)
[M::mem_pestat] skip orientation FF
[M::mem_pestat] skip orientation RF
[M::mem_pestat] skip orientation RR
[M::mem_process_seqs] Processed 1451110 reads in 409.094 CPU sec, 45.319 real sec
[M::mem_pestat] # candidate unique pairs for (FF, FR, RF, RR): (55, 476097, 95, 40)
[M::mem_pestat] analyzing insert size distribution for orientation FF...
[M::mem_pestat] (25, 50, 75) percentile: (329, 533, 898)
[M::mem_pestat] low and high boundaries for computing mean and std.dev: (1, 2036)
[M::mem_pestat] mean and std.dev: (613.90, 462.19)
[M::mem_pestat] low and high boundaries for proper pairs: (1, 2605)
[M::mem_pestat] analyzing insert size distribution for orientation FR...
[M::mem_pestat] (25, 50, 75) percentile: (249, 334, 439)
[M::mem_pestat] low and high boundaries for computing mean and std.dev: (1, 819)
[M::mem_pestat] mean and std.dev: (352.63, 139.56)
[M::mem_pestat] low and high boundaries for proper pairs: (1, 1009)
[M::mem_pestat] analyzing insert size distribution for orientation RF...
[M::mem_pestat] (25, 50, 75) percentile: (92, 356, 2754)
[M::mem_pestat] low and high boundaries for computing mean and std.dev: (1, 8078)
[M::mem_pestat] mean and std.dev: (1374.40, 1972.35)
[M::mem_pestat] low and high boundaries for proper pairs: (1, 10740)
[M::mem_pestat] analyzing insert size distribution for orientation RR...
[M::mem_pestat] (25, 50, 75) percentile: (176, 365, 1277)
[M::mem_pestat] low and high boundaries for computing mean and std.dev: (1, 3479)
[M::mem_pestat] mean and std.dev: (635.08, 713.79)
[M::mem_pestat] low and high boundaries for proper pairs: (1, 4580)
[M::mem_pestat] skip orientation FF
[M::mem_pestat] skip orientation RF
[M::mem_pestat] skip orientation RR
[M::process] read 1448412 sequences (200000090 bp)...
[M::mem_process_seqs] Processed 1446890 reads in 405.884 CPU sec, 44.291 real sec
[M::mem_pestat] # candidate unique pairs for (FF, FR, RF, RR): (60, 473052, 97, 43)
[M::mem_pestat] analyzing insert size distribution for orientation FF...
[M::mem_pestat] (25, 50, 75) percentile: (284, 449, 687)
[M::mem_pestat] low and high boundaries for computing mean and std.dev: (1, 1493)
[M::mem_pestat] mean and std.dev: (512.93, 317.19)
[M::mem_pestat] low and high boundaries for proper pairs: (1, 1896)
[M::mem_pestat] analyzing insert size distribution for orientation FR...
[M::mem_pestat] (25, 50, 75) percentile: (248, 333, 437)
[M::mem_pestat] low and high boundaries for computing mean and std.dev: (1, 815)
[M::mem_pestat] mean and std.dev: (351.38, 137.87)
[M::mem_pestat] low and high boundaries for proper pairs: (1, 1004)
[M::mem_pestat] analyzing insert size distribution for orientation RF...
[M::mem_pestat] (25, 50, 75) percentile: (62, 239, 2735)
[M::mem_pestat] low and high boundaries for computing mean and std.dev: (1, 8081)
[M::mem_pestat] mean and std.dev: (1310.08, 1956.75)
[M::mem_pestat] low and high boundaries for proper pairs: (1, 10754)
[M::mem_pestat] analyzing insert size distribution for orientation RR...
[M::mem_pestat] (25, 50, 75) percentile: (171, 371, 1570)
[M::mem_pestat] low and high boundaries for computing mean and std.dev: (1, 4368)
[M::mem_pestat] mean and std.dev: (809.72, 1026.26)
[M::mem_pestat] low and high boundaries for proper pairs: (1, 5767)
[M::mem_pestat] skip orientation FF
[M::mem_pestat] skip orientation RF
[M::mem_pestat] skip orientation RR
[M::process] read 1448436 sequences (200000189 bp)...
[M::mem_process_seqs] Processed 1448412 reads in 407.372 CPU sec, 44.202 real sec
[M::mem_pestat] # candidate unique pairs for (FF, FR, RF, RR): (53, 476070, 118, 32)
[M::mem_pestat] analyzing insert size distribution for orientation FF...
[M::mem_pestat] (25, 50, 75) percentile: (283, 368, 741)
[M::mem_pestat] low and high boundaries for computing mean and std.dev: (1, 1657)
[M::mem_pestat] mean and std.dev: (453.58, 262.94)
[M::mem_pestat] low and high boundaries for proper pairs: (1, 2115)
[M::mem_pestat] analyzing insert size distribution for orientation FR...
[M::mem_pestat] (25, 50, 75) percentile: (248, 332, 436)
[M::mem_pestat] low and high boundaries for computing mean and std.dev: (1, 812)
[M::mem_pestat] mean and std.dev: (350.09, 137.74)
[M::mem_pestat] low and high boundaries for proper pairs: (1, 1000)
[M::mem_pestat] analyzing insert size distribution for orientation RF...
[M::mem_pestat] (25, 50, 75) percentile: (58, 332, 2628)
[M::mem_pestat] low and high boundaries for computing mean and std.dev: (1, 7768)
[M::mem_pestat] mean and std.dev: (1215.02, 1817.31)
[M::mem_pestat] low and high boundaries for proper pairs: (1, 10338)
[M::mem_pestat] analyzing insert size distribution for orientation RR...
[M::mem_pestat] (25, 50, 75) percentile: (299, 396, 743)
[M::mem_pestat] low and high boundaries for computing mean and std.dev: (1, 1631)
[M::mem_pestat] mean and std.dev: (410.75, 262.17)
[M::mem_pestat] low and high boundaries for proper pairs: (1, 2075)
[M::mem_pestat] skip orientation FF
[M::mem_pestat] skip orientation RF
[M::mem_pestat] skip orientation RR
[M::process] read 1447886 sequences (200000013 bp)...
[M::mem_process_seqs] Processed 1448436 reads in 406.214 CPU sec, 44.649 real sec
[M::mem_pestat] # candidate unique pairs for (FF, FR, RF, RR): (54, 474049, 95, 45)
[M::mem_pestat] analyzing insert size distribution for orientation FF...
[M::mem_pestat] (25, 50, 75) percentile: (286, 513, 766)
[M::mem_pestat] low and high boundaries for computing mean and std.dev: (1, 1726)
[M::mem_pestat] mean and std.dev: (486.38, 298.26)
[M::mem_pestat] low and high boundaries for proper pairs: (1, 2206)
[M::mem_pestat] analyzing insert size distribution for orientation FR...
[M::mem_pestat] (25, 50, 75) percentile: (248, 333, 436)
[M::mem_pestat] low and high boundaries for computing mean and std.dev: (1, 812)
[M::mem_pestat] mean and std.dev: (350.84, 137.57)
[M::mem_pestat] low and high boundaries for proper pairs: (1, 1000)
[M::mem_pestat] analyzing insert size distribution for orientation RF...
[M::mem_pestat] (25, 50, 75) percentile: (134, 472, 2969)
[M::mem_pestat] low and high boundaries for computing mean and std.dev: (1, 8639)
[M::mem_pestat] mean and std.dev: (1622.86, 2174.69)
[M::mem_pestat] low and high boundaries for proper pairs: (1, 11474)
[M::mem_pestat] analyzing insert size distribution for orientation RR...
[M::mem_pestat] (25, 50, 75) percentile: (174, 320, 635)
[M::mem_pestat] low and high boundaries for computing mean and std.dev: (1, 1557)
[M::mem_pestat] mean and std.dev: (353.30, 260.64)
[M::mem_pestat] low and high boundaries for proper pairs: (1, 2018)
[M::mem_pestat] skip orientation FF
[M::mem_pestat] skip orientation RF
[M::mem_pestat] skip orientation RR
[M::process] read 1449236 sequences (200000010 bp)...
[M::mem_process_seqs] Processed 1447886 reads in 407.112 CPU sec, 44.337 real sec
[M::mem_pestat] # candidate unique pairs for (FF, FR, RF, RR): (62, 476739, 95, 51)
[M::mem_pestat] analyzing insert size distribution for orientation FF...
[M::mem_pestat] (25, 50, 75) percentile: (279, 445, 658)
[M::mem_pestat] low and high boundaries for computing mean and std.dev: (1, 1416)
[M::mem_pestat] mean and std.dev: (471.67, 273.29)
[M::mem_pestat] low and high boundaries for proper pairs: (1, 1795)
[M::mem_pestat] analyzing insert size distribution for orientation FR...
[M::mem_pestat] (25, 50, 75) percentile: (248, 331, 435)
[M::mem_pestat] low and high boundaries for computing mean and std.dev: (1, 809)
[M::mem_pestat] mean and std.dev: (349.47, 136.81)
[M::mem_pestat] low and high boundaries for proper pairs: (1, 996)
[M::mem_pestat] analyzing insert size distribution for orientation RF...
[M::mem_pestat] (25, 50, 75) percentile: (66, 353, 1667)
[M::mem_pestat] low and high boundaries for computing mean and std.dev: (1, 4869)
[M::mem_pestat] mean and std.dev: (793.96, 1183.93)
[M::mem_pestat] low and high boundaries for proper pairs: (1, 6470)
[M::mem_pestat] analyzing insert size distribution for orientation RR...
[M::mem_pestat] (25, 50, 75) percentile: (243, 498, 1316)
[M::mem_pestat] low and high boundaries for computing mean and std.dev: (1, 3462)
[M::mem_pestat] mean and std.dev: (832.42, 837.72)
[M::mem_pestat] low and high boundaries for proper pairs: (1, 4535)
[M::mem_pestat] skip orientation FF
[M::mem_pestat] skip orientation RF
[M::mem_pestat] skip orientation RR
[M::process] read 1448148 sequences (200000092 bp)...
[M::mem_process_seqs] Processed 1449236 reads in 408.323 CPU sec, 44.437 real sec
[M::process] read 1452316 sequences (200000066 bp)...
[M::mem_pestat] # candidate unique pairs for (FF, FR, RF, RR): (51, 474060, 95, 33)
[M::mem_pestat] analyzing insert size distribution for orientation FF...
[M::mem_pestat] (25, 50, 75) percentile: (286, 386, 831)
[M::mem_pestat] low and high boundaries for computing mean and std.dev: (1, 1921)
[M::mem_pestat] mean and std.dev: (495.04, 398.13)
[M::mem_pestat] low and high boundaries for proper pairs: (1, 2466)
[M::mem_pestat] analyzing insert size distribution for orientation FR...
[M::mem_pestat] (25, 50, 75) percentile: (248, 332, 436)
[M::mem_pestat] low and high boundaries for computing mean and std.dev: (1, 812)
[M::mem_pestat] mean and std.dev: (350.83, 137.59)
[M::mem_pestat] low and high boundaries for proper pairs: (1, 1000)
[M::mem_pestat] analyzing insert size distribution for orientation RF...
[M::mem_pestat] (25, 50, 75) percentile: (144, 452, 2440)
[M::mem_pestat] low and high boundaries for computing mean and std.dev: (1, 7032)
[M::mem_pestat] mean and std.dev: (1284.00, 1653.42)
[M::mem_pestat] low and high boundaries for proper pairs: (1, 9328)
[M::mem_pestat] analyzing insert size distribution for orientation RR...
[M::mem_pestat] (25, 50, 75) percentile: (231, 327, 1419)
[M::mem_pestat] low and high boundaries for computing mean and std.dev: (1, 3795)
[M::mem_pestat] mean and std.dev: (790.65, 844.58)
[M::mem_pestat] low and high boundaries for proper pairs: (1, 4983)
[M::mem_pestat] skip orientation FF
[M::mem_pestat] skip orientation RF
[M::mem_pestat] skip orientation RR
[M::mem_process_seqs] Processed 1448148 reads in 409.422 CPU sec, 44.457 real sec
[M::mem_pestat] # candidate unique pairs for (FF, FR, RF, RR): (67, 480231, 118, 37)
[M::mem_pestat] analyzing insert size distribution for orientation FF...
[M::mem_pestat] (25, 50, 75) percentile: (294, 416, 1082)
[M::mem_pestat] low and high boundaries for computing mean and std.dev: (1, 2658)
[M::mem_pestat] mean and std.dev: (546.97, 484.35)
[M::mem_pestat] low and high boundaries for proper pairs: (1, 3446)
[M::mem_pestat] analyzing insert size distribution for orientation FR...
[M::mem_pestat] (25, 50, 75) percentile: (245, 327, 427)
[M::mem_pestat] low and high boundaries for computing mean and std.dev: (1, 791)
[M::mem_pestat] mean and std.dev: (344.22, 133.53)
[M::mem_pestat] low and high boundaries for proper pairs: (1, 973)
[M::mem_pestat] analyzing insert size distribution for orientation RF...
[M::mem_pestat] (25, 50, 75) percentile: (148, 657, 3426)
[M::mem_pestat] low and high boundaries for computing mean and std.dev: (1, 9982)
[M::mem_pestat] mean and std.dev: (2055.08, 2686.32)
[M::mem_pestat] low and high boundaries for proper pairs: (1, 13260)
[M::mem_pestat] analyzing insert size distribution for orientation RR...
[M::mem_pestat] (25, 50, 75) percentile: (189, 270, 558)
[M::mem_pestat] low and high boundaries for computing mean and std.dev: (1, 1296)
[M::mem_pestat] mean and std.dev: (340.59, 238.39)
[M::mem_pestat] low and high boundaries for proper pairs: (1, 1665)
[M::mem_pestat] skip orientation FF
[M::mem_pestat] skip orientation RF
[M::mem_pestat] skip orientation RR
[M::process] read 1448500 sequences (200000230 bp)...
[M::mem_process_seqs] Processed 1452316 reads in 406.129 CPU sec, 44.042 real sec
[M::mem_pestat] # candidate unique pairs for (FF, FR, RF, RR): (63, 475558, 89, 57)
[M::mem_pestat] analyzing insert size distribution for orientation FF...
[M::mem_pestat] (25, 50, 75) percentile: (254, 411, 848)
[M::mem_pestat] low and high boundaries for computing mean and std.dev: (1, 2036)
[M::mem_pestat] mean and std.dev: (489.53, 407.17)
[M::mem_pestat] low and high boundaries for proper pairs: (1, 2630)
[M::mem_pestat] analyzing insert size distribution for orientation FR...
[M::mem_pestat] (25, 50, 75) percentile: (247, 331, 433)
[M::mem_pestat] low and high boundaries for computing mean and std.dev: (1, 805)
[M::mem_pestat] mean and std.dev: (348.67, 136.46)
[M::mem_pestat] low and high boundaries for proper pairs: (1, 991)
[M::mem_pestat] analyzing insert size distribution for orientation RF...
[M::mem_pestat] (25, 50, 75) percentile: (43, 322, 1928)
[M::mem_pestat] low and high boundaries for computing mean and std.dev: (1, 5698)
[M::mem_pestat] mean and std.dev: (901.91, 1344.68)
[M::mem_pestat] low and high boundaries for proper pairs: (1, 7583)
[M::mem_pestat] analyzing insert size distribution for orientation RR...
[M::mem_pestat] (25, 50, 75) percentile: (236, 313, 792)
[M::mem_pestat] low and high boundaries for computing mean and std.dev: (1, 1904)
[M::mem_pestat] mean and std.dev: (391.27, 386.05)
[M::mem_pestat] low and high boundaries for proper pairs: (1, 2460)
[M::mem_pestat] skip orientation FF
[M::mem_pestat] skip orientation RF
[M::mem_pestat] skip orientation RR
[M::process] read 1484262 sequences (200000130 bp)...
[M::mem_process_seqs] Processed 1448500 reads in 410.147 CPU sec, 44.484 real sec
[M::process] read 1476574 sequences (200000034 bp)...
[M::mem_pestat] # candidate unique pairs for (FF, FR, RF, RR): (53, 471326, 92, 43)
[M::mem_pestat] analyzing insert size distribution for orientation FF...
[M::mem_pestat] (25, 50, 75) percentile: (333, 522, 967)
[M::mem_pestat] low and high boundaries for computing mean and std.dev: (1, 2235)
[M::mem_pestat] mean and std.dev: (587.04, 452.36)
[M::mem_pestat] low and high boundaries for proper pairs: (1, 2869)
[M::mem_pestat] analyzing insert size distribution for orientation FR...
[M::mem_pestat] (25, 50, 75) percentile: (249, 333, 436)
[M::mem_pestat] low and high boundaries for computing mean and std.dev: (1, 810)
[M::mem_pestat] mean and std.dev: (350.65, 137.28)
[M::mem_pestat] low and high boundaries for proper pairs: (1, 997)
[M::mem_pestat] analyzing insert size distribution for orientation RF...
[M::mem_pestat] (25, 50, 75) percentile: (110, 341, 2869)
[M::mem_pestat] low and high boundaries for computing mean and std.dev: (1, 8387)
[M::mem_pestat] mean and std.dev: (1338.69, 1847.53)
[M::mem_pestat] low and high boundaries for proper pairs: (1, 11146)
[M::mem_pestat] analyzing insert size distribution for orientation RR...
[M::mem_pestat] (25, 50, 75) percentile: (224, 567, 1957)
[M::mem_pestat] low and high boundaries for computing mean and std.dev: (1, 5423)
[M::mem_pestat] mean and std.dev: (1187.50, 1444.76)
[M::mem_pestat] low and high boundaries for proper pairs: (1, 7156)
[M::mem_pestat] skip orientation FF
[M::mem_pestat] skip orientation RF
[M::mem_pestat] skip orientation RR
[M::mem_process_seqs] Processed 1484262 reads in 500.392 CPU sec, 59.324 real sec
[M::mem_pestat] # candidate unique pairs for (FF, FR, RF, RR): (66, 477999, 95, 56)
[M::mem_pestat] analyzing insert size distribution for orientation FF...
[M::mem_pestat] (25, 50, 75) percentile: (325, 458, 649)
[M::mem_pestat] low and high boundaries for computing mean and std.dev: (1, 1297)
[M::mem_pestat] mean and std.dev: (453.58, 202.52)
[M::mem_pestat] low and high boundaries for proper pairs: (1, 1621)
[M::mem_pestat] analyzing insert size distribution for orientation FR...
[M::mem_pestat] (25, 50, 75) percentile: (250, 336, 441)
[M::mem_pestat] low and high boundaries for computing mean and std.dev: (1, 823)
[M::mem_pestat] mean and std.dev: (354.30, 140.19)
[M::mem_pestat] low and high boundaries for proper pairs: (1, 1014)
[M::mem_pestat] analyzing insert size distribution for orientation RF...
[M::mem_pestat] (25, 50, 75) percentile: (82, 261, 3417)
[M::mem_pestat] low and high boundaries for computing mean and std.dev: (1, 10087)
[M::mem_pestat] mean and std.dev: (1763.40, 2460.20)
[M::mem_pestat] low and high boundaries for proper pairs: (1, 13422)
[M::mem_pestat] analyzing insert size distribution for orientation RR...
[M::mem_pestat] (25, 50, 75) percentile: (159, 347, 762)
[M::mem_pestat] low and high boundaries for computing mean and std.dev: (1, 1968)
[M::mem_pestat] mean and std.dev: (433.29, 408.89)
[M::mem_pestat] low and high boundaries for proper pairs: (1, 2571)
[M::mem_pestat] skip orientation FF
[M::mem_pestat] skip orientation RF
[M::mem_pestat] skip orientation RR
[M::process] read 1452486 sequences (200000249 bp)...
[M::mem_process_seqs] Processed 1476574 reads in 453.997 CPU sec, 49.018 real sec
[M::mem_pestat] # candidate unique pairs for (FF, FR, RF, RR): (65, 475313, 116, 33)
[M::mem_pestat] analyzing insert size distribution for orientation FF...
[M::mem_pestat] (25, 50, 75) percentile: (281, 378, 549)
[M::mem_pestat] low and high boundaries for computing mean and std.dev: (1, 1085)
[M::mem_pestat] mean and std.dev: (424.27, 219.55)
[M::mem_pestat] low and high boundaries for proper pairs: (1, 1353)
[M::mem_pestat] analyzing insert size distribution for orientation FR...
[M::mem_pestat] (25, 50, 75) percentile: (252, 337, 444)
[M::mem_pestat] low and high boundaries for computing mean and std.dev: (1, 828)
[M::mem_pestat] mean and std.dev: (356.25, 141.39)
[M::mem_pestat] low and high boundaries for proper pairs: (1, 1020)
[M::mem_pestat] analyzing insert size distribution for orientation RF...
[M::mem_pestat] (25, 50, 75) percentile: (100, 383, 3589)
[M::mem_pestat] low and high boundaries for computing mean and std.dev: (1, 10567)
[M::mem_pestat] mean and std.dev: (1956.63, 2562.99)
[M::mem_pestat] low and high boundaries for proper pairs: (1, 14056)
[M::mem_pestat] analyzing insert size distribution for orientation RR...
[M::mem_pestat] (25, 50, 75) percentile: (282, 405, 775)
[M::mem_pestat] low and high boundaries for computing mean and std.dev: (1, 1761)
[M::mem_pestat] mean and std.dev: (466.69, 379.63)
[M::mem_pestat] low and high boundaries for proper pairs: (1, 2254)
[M::mem_pestat] skip orientation FF
[M::mem_pestat] skip orientation RF
[M::mem_pestat] skip orientation RR
[M::process] read 1455478 sequences (200000224 bp)...
[M::mem_process_seqs] Processed 1452486 reads in 425.697 CPU sec, 46.175 real sec
[M::mem_pestat] # candidate unique pairs for (FF, FR, RF, RR): (67, 473424, 112, 52)
[M::mem_pestat] analyzing insert size distribution for orientation FF...
[M::mem_pestat] (25, 50, 75) percentile: (283, 362, 684)
[M::mem_pestat] low and high boundaries for computing mean and std.dev: (1, 1486)
[M::mem_pestat] mean and std.dev: (463.49, 312.67)
[M::mem_pestat] low and high boundaries for proper pairs: (1, 1887)
[M::mem_pestat] analyzing insert size distribution for orientation FR...
[M::mem_pestat] (25, 50, 75) percentile: (251, 337, 443)
[M::mem_pestat] low and high boundaries for computing mean and std.dev: (1, 827)
[M::mem_pestat] mean and std.dev: (355.83, 141.13)
[M::mem_pestat] low and high boundaries for proper pairs: (1, 1019)
[M::mem_pestat] analyzing insert size distribution for orientation RF...
[M::mem_pestat] (25, 50, 75) percentile: (101, 437, 3089)
[M::mem_pestat] low and high boundaries for computing mean and std.dev: (1, 9065)
[M::mem_pestat] mean and std.dev: (1585.50, 2235.85)
[M::mem_pestat] low and high boundaries for proper pairs: (1, 12053)
[M::mem_pestat] analyzing insert size distribution for orientation RR...
[M::mem_pestat] (25, 50, 75) percentile: (176, 297, 829)
[M::mem_pestat] low and high boundaries for computing mean and std.dev: (1, 2135)
[M::mem_pestat] mean and std.dev: (384.04, 341.88)
[M::mem_pestat] low and high boundaries for proper pairs: (1, 2788)
[M::mem_pestat] skip orientation FF
[M::mem_pestat] skip orientation RF
[M::mem_pestat] skip orientation RR
[M::process] read 1451878 sequences (200000017 bp)...
[M::mem_process_seqs] Processed 1455478 reads in 432.340 CPU sec, 46.750 real sec
[M::mem_pestat] # candidate unique pairs for (FF, FR, RF, RR): (58, 474852, 95, 40)
[M::mem_pestat] analyzing insert size distribution for orientation FF...
[M::mem_pestat] (25, 50, 75) percentile: (275, 439, 824)
[M::mem_pestat] low and high boundaries for computing mean and std.dev: (1, 1922)
[M::mem_pestat] mean and std.dev: (553.61, 387.96)
[M::mem_pestat] low and high boundaries for proper pairs: (1, 2471)
[M::mem_pestat] analyzing insert size distribution for orientation FR...
[M::mem_pestat] (25, 50, 75) percentile: (251, 336, 442)
[M::mem_pestat] low and high boundaries for computing mean and std.dev: (1, 824)
[M::mem_pestat] mean and std.dev: (354.66, 140.69)
[M::mem_pestat] low and high boundaries for proper pairs: (1, 1015)
[M::mem_pestat] analyzing insert size distribution for orientation RF...
[M::mem_pestat] (25, 50, 75) percentile: (87, 419, 1490)
[M::mem_pestat] low and high boundaries for computing mean and std.dev: (1, 4296)
[M::mem_pestat] mean and std.dev: (624.85, 902.87)
[M::mem_pestat] low and high boundaries for proper pairs: (1, 5699)
[M::mem_pestat] analyzing insert size distribution for orientation RR...
[M::mem_pestat] (25, 50, 75) percentile: (109, 252, 649)
[M::mem_pestat] low and high boundaries for computing mean and std.dev: (1, 1729)
[M::mem_pestat] mean and std.dev: (303.03, 291.72)
[M::mem_pestat] low and high boundaries for proper pairs: (1, 2269)
[M::mem_pestat] skip orientation FF
[M::mem_pestat] skip orientation RF
[M::mem_pestat] skip orientation RR
[M::process] read 1452772 sequences (200000280 bp)...
[M::mem_process_seqs] Processed 1451878 reads in 415.295 CPU sec, 45.034 real sec
[M::mem_pestat] # candidate unique pairs for (FF, FR, RF, RR): (50, 472922, 88, 45)
[M::mem_pestat] analyzing insert size distribution for orientation FF...
[M::mem_pestat] (25, 50, 75) percentile: (314, 511, 704)
[M::mem_pestat] low and high boundaries for computing mean and std.dev: (1, 1484)
[M::mem_pestat] mean and std.dev: (427.22, 215.80)
[M::mem_pestat] low and high boundaries for proper pairs: (1, 1874)
[M::mem_pestat] analyzing insert size distribution for orientation FR...
[M::mem_pestat] (25, 50, 75) percentile: (250, 336, 442)
[M::mem_pestat] low and high boundaries for computing mean and std.dev: (1, 826)
[M::mem_pestat] mean and std.dev: (354.79, 141.20)
[M::mem_pestat] low and high boundaries for proper pairs: (1, 1018)
[M::mem_pestat] analyzing insert size distribution for orientation RF...
[M::mem_pestat] (25, 50, 75) percentile: (93, 497, 2206)
[M::mem_pestat] low and high boundaries for computing mean and std.dev: (1, 6432)
[M::mem_pestat] mean and std.dev: (1201.56, 1559.61)
[M::mem_pestat] low and high boundaries for proper pairs: (1, 8545)
[M::mem_pestat] analyzing insert size distribution for orientation RR...
[M::mem_pestat] (25, 50, 75) percentile: (197, 390, 1163)
[M::mem_pestat] low and high boundaries for computing mean and std.dev: (1, 3095)
[M::mem_pestat] mean and std.dev: (622.30, 582.66)
[M::mem_pestat] low and high boundaries for proper pairs: (1, 4061)
[M::mem_pestat] skip orientation FF
[M::mem_pestat] skip orientation RF
[M::mem_pestat] skip orientation RR
[M::process] read 1452726 sequences (200000106 bp)...
[M::mem_process_seqs] Processed 1452772 reads in 433.268 CPU sec, 46.842 real sec
[M::mem_pestat] # candidate unique pairs for (FF, FR, RF, RR): (56, 475653, 125, 35)
[M::mem_pestat] analyzing insert size distribution for orientation FF...
[M::mem_pestat] (25, 50, 75) percentile: (235, 382, 627)
[M::mem_pestat] low and high boundaries for computing mean and std.dev: (1, 1411)
[M::mem_pestat] mean and std.dev: (394.18, 244.95)
[M::mem_pestat] low and high boundaries for proper pairs: (1, 1803)
[M::mem_pestat] analyzing insert size distribution for orientation FR...
[M::mem_pestat] (25, 50, 75) percentile: (249, 334, 440)
[M::mem_pestat] low and high boundaries for computing mean and std.dev: (1, 822)
[M::mem_pestat] mean and std.dev: (353.33, 140.36)
[M::mem_pestat] low and high boundaries for proper pairs: (1, 1013)
[M::mem_pestat] analyzing insert size distribution for orientation RF...
[M::mem_pestat] (25, 50, 75) percentile: (66, 393, 2681)
[M::mem_pestat] low and high boundaries for computing mean and std.dev: (1, 7911)
[M::mem_pestat] mean and std.dev: (1165.22, 1727.72)
[M::mem_pestat] low and high boundaries for proper pairs: (1, 10526)
[M::mem_pestat] analyzing insert size distribution for orientation RR...
[M::mem_pestat] (25, 50, 75) percentile: (220, 514, 1476)
[M::mem_pestat] low and high boundaries for computing mean and std.dev: (1, 3988)
[M::mem_pestat] mean and std.dev: (701.53, 699.31)
[M::mem_pestat] low and high boundaries for proper pairs: (1, 5244)
[M::mem_pestat] skip orientation FF
[M::mem_pestat] skip orientation RF
[M::mem_pestat] skip orientation RR
[M::mem_process_seqs] Processed 1452726 reads in 422.265 CPU sec, 65.324 real sec
[M::process] read 1452538 sequences (200000133 bp)...
[M::process] read 1455176 sequences (200000096 bp)...
[M::mem_pestat] # candidate unique pairs for (FF, FR, RF, RR): (68, 473485, 104, 55)
[M::mem_pestat] analyzing insert size distribution for orientation FF...
[M::mem_pestat] (25, 50, 75) percentile: (275, 423, 742)
[M::mem_pestat] low and high boundaries for computing mean and std.dev: (1, 1676)
[M::mem_pestat] mean and std.dev: (461.15, 257.82)
[M::mem_pestat] low and high boundaries for proper pairs: (1, 2143)
[M::mem_pestat] analyzing insert size distribution for orientation FR...
[M::mem_pestat] (25, 50, 75) percentile: (250, 335, 441)
[M::mem_pestat] low and high boundaries for computing mean and std.dev: (1, 823)
[M::mem_pestat] mean and std.dev: (354.06, 140.52)
[M::mem_pestat] low and high boundaries for proper pairs: (1, 1014)
[M::mem_pestat] analyzing insert size distribution for orientation RF...
[M::mem_pestat] (25, 50, 75) percentile: (82, 236, 1558)
[M::mem_pestat] low and high boundaries for computing mean and std.dev: (1, 4510)
[M::mem_pestat] mean and std.dev: (677.94, 997.61)
[M::mem_pestat] low and high boundaries for proper pairs: (1, 5986)
[M::mem_pestat] analyzing insert size distribution for orientation RR...
[M::mem_pestat] (25, 50, 75) percentile: (204, 395, 1218)
[M::mem_pestat] low and high boundaries for computing mean and std.dev: (1, 3246)
[M::mem_pestat] mean and std.dev: (716.62, 790.61)
[M::mem_pestat] low and high boundaries for proper pairs: (1, 4260)
[M::mem_pestat] skip orientation FF
[M::mem_pestat] skip orientation RF
[M::mem_pestat] skip orientation RR
[M::mem_process_seqs] Processed 1452538 reads in 426.223 CPU sec, 44.243 real sec
[M::mem_pestat] # candidate unique pairs for (FF, FR, RF, RR): (42, 477475, 101, 53)
[M::mem_pestat] analyzing insert size distribution for orientation FF...
[M::mem_pestat] (25, 50, 75) percentile: (315, 481, 621)
[M::mem_pestat] low and high boundaries for computing mean and std.dev: (1, 1233)
[M::mem_pestat] mean and std.dev: (433.25, 202.91)
[M::mem_pestat] low and high boundaries for proper pairs: (1, 1539)
[M::mem_pestat] analyzing insert size distribution for orientation FR...
[M::mem_pestat] (25, 50, 75) percentile: (249, 334, 438)
[M::mem_pestat] low and high boundaries for computing mean and std.dev: (1, 816)
[M::mem_pestat] mean and std.dev: (351.94, 139.00)
[M::mem_pestat] low and high boundaries for proper pairs: (1, 1005)
[M::mem_pestat] analyzing insert size distribution for orientation RF...
[M::mem_pestat] (25, 50, 75) percentile: (78, 425, 2294)
[M::mem_pestat] low and high boundaries for computing mean and std.dev: (1, 6726)
[M::mem_pestat] mean and std.dev: (1104.57, 1549.12)
[M::mem_pestat] low and high boundaries for proper pairs: (1, 8942)
[M::mem_pestat] analyzing insert size distribution for orientation RR...
[M::mem_pestat] (25, 50, 75) percentile: (177, 444, 1114)
[M::mem_pestat] low and high boundaries for computing mean and std.dev: (1, 2988)
[M::mem_pestat] mean and std.dev: (548.60, 591.22)
[M::mem_pestat] low and high boundaries for proper pairs: (1, 3925)
[M::mem_pestat] skip orientation FF
[M::mem_pestat] skip orientation RF
[M::mem_pestat] skip orientation RR
[M::process] read 1458466 sequences (200000212 bp)...
[M::mem_process_seqs] Processed 1455176 reads in 412.319 CPU sec, 44.725 real sec
[M::mem_pestat] # candidate unique pairs for (FF, FR, RF, RR): (47, 475267, 95, 35)
[M::mem_pestat] analyzing insert size distribution for orientation FF...
[M::mem_pestat] (25, 50, 75) percentile: (277, 547, 1004)
[M::mem_pestat] low and high boundaries for computing mean and std.dev: (1, 2458)
[M::mem_pestat] mean and std.dev: (528.73, 356.02)
[M::mem_pestat] low and high boundaries for proper pairs: (1, 3185)
[M::mem_pestat] analyzing insert size distribution for orientation FR...
[M::mem_pestat] (25, 50, 75) percentile: (249, 334, 439)
[M::mem_pestat] low and high boundaries for computing mean and std.dev: (1, 819)
[M::mem_pestat] mean and std.dev: (352.58, 139.06)
[M::mem_pestat] low and high boundaries for proper pairs: (1, 1009)
[M::mem_pestat] analyzing insert size distribution for orientation RF...
[M::mem_pestat] (25, 50, 75) percentile: (75, 248, 2106)
[M::mem_pestat] low and high boundaries for computing mean and std.dev: (1, 6168)
[M::mem_pestat] mean and std.dev: (1116.27, 1629.70)
[M::mem_pestat] low and high boundaries for proper pairs: (1, 8199)
[M::mem_pestat] analyzing insert size distribution for orientation RR...
[M::mem_pestat] (25, 50, 75) percentile: (179, 469, 1723)
[M::mem_pestat] low and high boundaries for computing mean and std.dev: (1, 4811)
[M::mem_pestat] mean and std.dev: (819.55, 963.71)
[M::mem_pestat] low and high boundaries for proper pairs: (1, 6355)
[M::mem_pestat] skip orientation FF
[M::mem_pestat] skip orientation RF
[M::mem_pestat] skip orientation RR
[M::process] read 1463314 sequences (200000202 bp)...
[M::mem_process_seqs] Processed 1458466 reads in 423.979 CPU sec, 45.964 real sec
[M::mem_pestat] # candidate unique pairs for (FF, FR, RF, RR): (59, 480703, 114, 46)
[M::mem_pestat] analyzing insert size distribution for orientation FF...
[M::mem_pestat] (25, 50, 75) percentile: (283, 556, 906)
[M::mem_pestat] low and high boundaries for computing mean and std.dev: (1, 2152)
[M::mem_pestat] mean and std.dev: (527.00, 380.17)
[M::mem_pestat] low and high boundaries for proper pairs: (1, 2775)
[M::mem_pestat] analyzing insert size distribution for orientation FR...
[M::mem_pestat] (25, 50, 75) percentile: (246, 329, 431)
[M::mem_pestat] low and high boundaries for computing mean and std.dev: (1, 801)
[M::mem_pestat] mean and std.dev: (346.77, 135.63)
[M::mem_pestat] low and high boundaries for proper pairs: (1, 986)
[M::mem_pestat] analyzing insert size distribution for orientation RF...
[M::mem_pestat] (25, 50, 75) percentile: (80, 534, 4500)
[M::mem_pestat] low and high boundaries for computing mean and std.dev: (1, 13340)
[M::mem_pestat] mean and std.dev: (2306.46, 2907.74)
[M::mem_pestat] low and high boundaries for proper pairs: (1, 17760)
[M::mem_pestat] analyzing insert size distribution for orientation RR...
[M::mem_pestat] (25, 50, 75) percentile: (169, 323, 651)
[M::mem_pestat] low and high boundaries for computing mean and std.dev: (1, 1615)
[M::mem_pestat] mean and std.dev: (416.20, 336.63)
[M::mem_pestat] low and high boundaries for proper pairs: (1, 2097)
[M::mem_pestat] skip orientation FF
[M::mem_pestat] skip orientation RF
[M::mem_pestat] skip orientation RR
[M::process] read 1319650 sequences (180940736 bp)...
[M::mem_process_seqs] Processed 1463314 reads in 450.142 CPU sec, 48.577 real sec
[M::mem_pestat] # candidate unique pairs for (FF, FR, RF, RR): (57, 431454, 87, 34)
[M::mem_pestat] analyzing insert size distribution for orientation FF...
[M::mem_pestat] (25, 50, 75) percentile: (267, 396, 966)
[M::mem_pestat] low and high boundaries for computing mean and std.dev: (1, 2364)
[M::mem_pestat] mean and std.dev: (567.27, 491.44)
[M::mem_pestat] low and high boundaries for proper pairs: (1, 3063)
[M::mem_pestat] analyzing insert size distribution for orientation FR...
[M::mem_pestat] (25, 50, 75) percentile: (248, 332, 436)
[M::mem_pestat] low and high boundaries for computing mean and std.dev: (1, 812)
[M::mem_pestat] mean and std.dev: (350.33, 137.61)
[M::mem_pestat] low and high boundaries for proper pairs: (1, 1000)
[M::mem_pestat] analyzing insert size distribution for orientation RF...
[M::mem_pestat] (25, 50, 75) percentile: (160, 576, 3525)
[M::mem_pestat] low and high boundaries for computing mean and std.dev: (1, 10255)
[M::mem_pestat] mean and std.dev: (2012.98, 2680.00)
[M::mem_pestat] low and high boundaries for proper pairs: (1, 13620)
[M::mem_pestat] analyzing insert size distribution for orientation RR...
[M::mem_pestat] (25, 50, 75) percentile: (159, 459, 1450)
[M::mem_pestat] low and high boundaries for computing mean and std.dev: (1, 4032)
[M::mem_pestat] mean and std.dev: (704.97, 786.09)
[M::mem_pestat] low and high boundaries for proper pairs: (1, 5323)
[M::mem_pestat] skip orientation FF
[M::mem_pestat] skip orientation RF
[M::mem_pestat] skip orientation RR
[M::mem_process_seqs] Processed 1319650 reads in 382.499 CPU sec, 41.924 real sec
[main] Version: 0.7.17-r1188
[main] CMD:samblaster: Marked 1363162 of 17380274 (7.84%) read ids as duplicates bwa mem using 249392k memory in  -t38.327S 20 CPU seconds and  -R19M @RG\tID:WK_CL_19T_296\tPL:ILLUMINA\tPU:HJMFJDSX7.2\tSM:WK_CL_19T_296\tCN:MCGILL\tBC:TTGGAATTCC-GTATTGACGT48S /storage/scratch/iee/dj20y461/Stickleback/G_aculeatus/FITNESS//data/ref_A_X/stickleback_v5_assembly_A_X.fasta(1188S) /storage/scratch/iee/dj20y461/Stickleback/G_aculeatus/FITNESS//data/trimmed/WK_CL_19T_296.R1.trimmed.fastq.gz wall time.
 /storage/scratch/iee/dj20y461/Stickleback/G_aculeatus/FITNESS//data/trimmed/WK_CL_19T_296.R2.trimmed.fastq.gz
[main] Real time: 1187.676 sec; CPU: 10103.039 sec
[bam_sort_core] merging from 0 files and 20 in-memory blocks...
